<?xml version="1.0" encoding="UTF-8"?>
<testsuite xmlns:xsi="http://www.w3.org/2001/XMLSchema-instance" xsi:noNamespaceSchemaLocation="https://maven.apache.org/surefire/maven-surefire-plugin/xsd/surefire-test-report-3.0.xsd" version="3.0" name="org.apache.hadoop.hdfs.tools.DFSAdmin_ESTest" time="7.922" tests="120" errors="0" skipped="0" failures="0">
  <properties>
    <property name="awt.toolkit" value="sun.awt.X11.XToolkit"/>
    <property name="file.encoding.pkg" value="sun.io"/>
    <property name="java.specification.version" value="1.8"/>
    <property name="sun.cpu.isalist" value=""/>
    <property name="sun.jnu.encoding" value="UTF-8"/>
    <property name="java.class.path" value="/home/wtwhite/code/regression-test-generation-NON-SOURCE-EQUIV/find-diff-classes/compile/gaoss/org/apache/hadoop/hadoop-hdfs/3.4.0/target/test-classes:/home/wtwhite/code/regression-test-generation-NON-SOURCE-EQUIV/find-diff-classes/compile/gaoss/org/apache/hadoop/hadoop-hdfs/3.4.0/target/classes:/home/wtwhite/code/craw-redhat-oss/wget/crawl/google-aoss/org/apache/hadoop/hadoop-hdfs/3.4.0/hadoop-hdfs-3.4.0.jar:/home/wtwhite/code/regression-test-generation-NON-SOURCE-EQUIV/find-diff-classes/compile/gaoss/org/apache/hadoop/hadoop-hdfs/3.4.0/t/dependency/AppleJavaExtensions-1.4.jar:/home/wtwhite/code/regression-test-generation-NON-SOURCE-EQUIV/find-diff-classes/compile/gaoss/org/apache/hadoop/hadoop-hdfs/3.4.0/t/dependency/animal-sniffer-annotations-1.17.jar:/home/wtwhite/code/regression-test-generation-NON-SOURCE-EQUIV/find-diff-classes/compile/gaoss/org/apache/hadoop/hadoop-hdfs/3.4.0/t/dependency/apiguardian-api-1.1.2.jar:/home/wtwhite/code/regression-test-generation-NON-SOURCE-EQUIV/find-diff-classes/compile/gaoss/org/apache/hadoop/hadoop-hdfs/3.4.0/t/dependency/asm-5.0.4.jar:/home/wtwhite/code/regression-test-generation-NON-SOURCE-EQUIV/find-diff-classes/compile/gaoss/org/apache/hadoop/hadoop-hdfs/3.4.0/t/dependency/asm-commons-5.0.2.jar:/home/wtwhite/code/regression-test-generation-NON-SOURCE-EQUIV/find-diff-classes/compile/gaoss/org/apache/hadoop/hadoop-hdfs/3.4.0/t/dependency/asm-debug-all-5.0.2.jar:/home/wtwhite/code/regression-test-generation-NON-SOURCE-EQUIV/find-diff-classes/compile/gaoss/org/apache/hadoop/hadoop-hdfs/3.4.0/t/dependency/asm-tree-5.0.2.jar:/home/wtwhite/code/regression-test-generation-NON-SOURCE-EQUIV/find-diff-classes/compile/gaoss/org/apache/hadoop/hadoop-hdfs/3.4.0/t/dependency/assertj-core-3.12.2.jar:/home/wtwhite/code/regression-test-generation-NON-SOURCE-EQUIV/find-diff-classes/compile/gaoss/org/apache/hadoop/hadoop-hdfs/3.4.0/t/dependency/audience-annotations-0.12.0.jar:/home/wtwhite/code/regression-test-generation-NON-SOURCE-EQUIV/find-diff-classes/compile/gaoss/org/apache/hadoop/hadoop-hdfs/3.4.0/t/dependency/avro-1.9.2.jar:/home/wtwhite/code/regression-test-generation-NON-SOURCE-EQUIV/find-diff-classes/compile/gaoss/org/apache/hadoop/hadoop-hdfs/3.4.0/t/dependency/bcel-findbugs-6.0.jar:/home/wtwhite/code/regression-test-generation-NON-SOURCE-EQUIV/find-diff-classes/compile/gaoss/org/apache/hadoop/hadoop-hdfs/3.4.0/t/dependency/bcprov-jdk15on-1.70.jar:/home/wtwhite/code/regression-test-generation-NON-SOURCE-EQUIV/find-diff-classes/compile/gaoss/org/apache/hadoop/hadoop-hdfs/3.4.0/t/dependency/byte-buddy-1.9.10.jar:/home/wtwhite/code/regression-test-generation-NON-SOURCE-EQUIV/find-diff-classes/compile/gaoss/org/apache/hadoop/hadoop-hdfs/3.4.0/t/dependency/byte-buddy-agent-1.9.10.jar:/home/wtwhite/code/regression-test-generation-NON-SOURCE-EQUIV/find-diff-classes/compile/gaoss/org/apache/hadoop/hadoop-hdfs/3.4.0/t/dependency/checker-qual-2.5.2.jar:/home/wtwhite/code/regression-test-generation-NON-SOURCE-EQUIV/find-diff-classes/compile/gaoss/org/apache/hadoop/hadoop-hdfs/3.4.0/t/dependency/commons-beanutils-1.9.4.jar:/home/wtwhite/code/regression-test-generation-NON-SOURCE-EQUIV/find-diff-classes/compile/gaoss/org/apache/hadoop/hadoop-hdfs/3.4.0/t/dependency/commons-cli-1.5.0.jar:/home/wtwhite/code/regression-test-generation-NON-SOURCE-EQUIV/find-diff-classes/compile/gaoss/org/apache/hadoop/hadoop-hdfs/3.4.0/t/dependency/commons-codec-1.15.jar:/home/wtwhite/code/regression-test-generation-NON-SOURCE-EQUIV/find-diff-classes/compile/gaoss/org/apache/hadoop/hadoop-hdfs/3.4.0/t/dependency/commons-collections-3.2.2.jar:/home/wtwhite/code/regression-test-generation-NON-SOURCE-EQUIV/find-diff-classes/compile/gaoss/org/apache/hadoop/hadoop-hdfs/3.4.0/t/dependency/commons-compress-1.24.0.jar:/home/wtwhite/code/regression-test-generation-NON-SOURCE-EQUIV/find-diff-classes/compile/gaoss/org/apache/hadoop/hadoop-hdfs/3.4.0/t/dependency/commons-configuration2-2.8.0.jar:/home/wtwhite/code/regression-test-generation-NON-SOURCE-EQUIV/find-diff-classes/compile/gaoss/org/apache/hadoop/hadoop-hdfs/3.4.0/t/dependency/commons-daemon-1.0.13.jar:/home/wtwhite/code/regression-test-generation-NON-SOURCE-EQUIV/find-diff-classes/compile/gaoss/org/apache/hadoop/hadoop-hdfs/3.4.0/t/dependency/commons-io-2.14.0.jar:/home/wtwhite/code/regression-test-generation-NON-SOURCE-EQUIV/find-diff-classes/compile/gaoss/org/apache/hadoop/hadoop-hdfs/3.4.0/t/dependency/commons-lang-2.6.jar:/home/wtwhite/code/regression-test-generation-NON-SOURCE-EQUIV/find-diff-classes/compile/gaoss/org/apache/hadoop/hadoop-hdfs/3.4.0/t/dependency/commons-lang3-3.12.0.jar:/home/wtwhite/code/regression-test-generation-NON-SOURCE-EQUIV/find-diff-classes/compile/gaoss/org/apache/hadoop/hadoop-hdfs/3.4.0/t/dependency/commons-logging-1.2.jar:/home/wtwhite/code/regression-test-generation-NON-SOURCE-EQUIV/find-diff-classes/compile/gaoss/org/apache/hadoop/hadoop-hdfs/3.4.0/t/dependency/commons-math3-3.6.1.jar:/home/wtwhite/code/regression-test-generation-NON-SOURCE-EQUIV/find-diff-classes/compile/gaoss/org/apache/hadoop/hadoop-hdfs/3.4.0/t/dependency/commons-net-3.9.0.jar:/home/wtwhite/code/regression-test-generation-NON-SOURCE-EQUIV/find-diff-classes/compile/gaoss/org/apache/hadoop/hadoop-hdfs/3.4.0/t/dependency/commons-text-1.10.0.jar:/home/wtwhite/code/regression-test-generation-NON-SOURCE-EQUIV/find-diff-classes/compile/gaoss/org/apache/hadoop/hadoop-hdfs/3.4.0/t/dependency/curator-client-5.2.0.jar:/home/wtwhite/code/regression-test-generation-NON-SOURCE-EQUIV/find-diff-classes/compile/gaoss/org/apache/hadoop/hadoop-hdfs/3.4.0/t/dependency/curator-framework-5.2.0.jar:/home/wtwhite/code/regression-test-generation-NON-SOURCE-EQUIV/find-diff-classes/compile/gaoss/org/apache/hadoop/hadoop-hdfs/3.4.0/t/dependency/curator-recipes-5.2.0.jar:/home/wtwhite/code/regression-test-generation-NON-SOURCE-EQUIV/find-diff-classes/compile/gaoss/org/apache/hadoop/hadoop-hdfs/3.4.0/t/dependency/curator-test-5.2.0.jar:/home/wtwhite/code/regression-test-generation-NON-SOURCE-EQUIV/find-diff-classes/compile/gaoss/org/apache/hadoop/hadoop-hdfs/3.4.0/t/dependency/dnsjava-3.4.0.jar:/home/wtwhite/code/regression-test-generation-NON-SOURCE-EQUIV/find-diff-classes/compile/gaoss/org/apache/hadoop/hadoop-hdfs/3.4.0/t/dependency/dom4j-1.6.1.jar:/home/wtwhite/code/regression-test-generation-NON-SOURCE-EQUIV/find-diff-classes/compile/gaoss/org/apache/hadoop/hadoop-hdfs/3.4.0/t/dependency/failureaccess-1.0.jar:/home/wtwhite/code/regression-test-generation-NON-SOURCE-EQUIV/find-diff-classes/compile/gaoss/org/apache/hadoop/hadoop-hdfs/3.4.0/t/dependency/findbugs-3.0.1.jar:/home/wtwhite/code/regression-test-generation-NON-SOURCE-EQUIV/find-diff-classes/compile/gaoss/org/apache/hadoop/hadoop-hdfs/3.4.0/t/dependency/gson-2.9.0.jar:/home/wtwhite/code/regression-test-generation-NON-SOURCE-EQUIV/find-diff-classes/compile/gaoss/org/apache/hadoop/hadoop-hdfs/3.4.0/t/dependency/guava-27.0-jre.jar:/home/wtwhite/code/regression-test-generation-NON-SOURCE-EQUIV/find-diff-classes/compile/gaoss/org/apache/hadoop/hadoop-hdfs/3.4.0/t/dependency/hadoop-annotations-3.4.0.jar:/home/wtwhite/code/regression-test-generation-NON-SOURCE-EQUIV/find-diff-classes/compile/gaoss/org/apache/hadoop/hadoop-hdfs/3.4.0/t/dependency/hadoop-auth-3.4.0.jar:/home/wtwhite/code/regression-test-generation-NON-SOURCE-EQUIV/find-diff-classes/compile/gaoss/org/apache/hadoop/hadoop-hdfs/3.4.0/t/dependency/hadoop-common-3.4.0-tests.jar:/home/wtwhite/code/regression-test-generation-NON-SOURCE-EQUIV/find-diff-classes/compile/gaoss/org/apache/hadoop/hadoop-hdfs/3.4.0/t/dependency/hadoop-common-3.4.0.jar:/home/wtwhite/code/regression-test-generation-NON-SOURCE-EQUIV/find-diff-classes/compile/gaoss/org/apache/hadoop/hadoop-hdfs/3.4.0/t/dependency/hadoop-hdfs-client-3.4.0.jar:/home/wtwhite/code/regression-test-generation-NON-SOURCE-EQUIV/find-diff-classes/compile/gaoss/org/apache/hadoop/hadoop-hdfs/3.4.0/t/dependency/hadoop-kms-3.4.0-tests.jar:/home/wtwhite/code/regression-test-generation-NON-SOURCE-EQUIV/find-diff-classes/compile/gaoss/org/apache/hadoop/hadoop-hdfs/3.4.0/t/dependency/hadoop-kms-3.4.0.jar:/home/wtwhite/code/regression-test-generation-NON-SOURCE-EQUIV/find-diff-classes/compile/gaoss/org/apache/hadoop/hadoop-hdfs/3.4.0/t/dependency/hadoop-minikdc-3.4.0.jar:/home/wtwhite/code/regression-test-generation-NON-SOURCE-EQUIV/find-diff-classes/compile/gaoss/org/apache/hadoop/hadoop-hdfs/3.4.0/t/dependency/hadoop-shaded-guava-1.2.0.jar:/home/wtwhite/code/regression-test-generation-NON-SOURCE-EQUIV/find-diff-classes/compile/gaoss/org/apache/hadoop/hadoop-hdfs/3.4.0/t/dependency/hadoop-shaded-protobuf_3_21-1.2.0.jar:/home/wtwhite/code/regression-test-generation-NON-SOURCE-EQUIV/find-diff-classes/compile/gaoss/org/apache/hadoop/hadoop-hdfs/3.4.0/t/dependency/hamcrest-core-1.3.jar:/home/wtwhite/code/regression-test-generation-NON-SOURCE-EQUIV/find-diff-classes/compile/gaoss/org/apache/hadoop/hadoop-hdfs/3.4.0/t/dependency/httpclient-4.5.13.jar:/home/wtwhite/code/regression-test-generation-NON-SOURCE-EQUIV/find-diff-classes/compile/gaoss/org/apache/hadoop/hadoop-hdfs/3.4.0/t/dependency/httpcore-4.4.13.jar:/home/wtwhite/code/regression-test-generation-NON-SOURCE-EQUIV/find-diff-classes/compile/gaoss/org/apache/hadoop/hadoop-hdfs/3.4.0/t/dependency/j2objc-annotations-1.1.jar:/home/wtwhite/code/regression-test-generation-NON-SOURCE-EQUIV/find-diff-classes/compile/gaoss/org/apache/hadoop/hadoop-hdfs/3.4.0/t/dependency/jFormatString-2.0.1.jar:/home/wtwhite/code/regression-test-generation-NON-SOURCE-EQUIV/find-diff-classes/compile/gaoss/org/apache/hadoop/hadoop-hdfs/3.4.0/t/dependency/jackson-annotations-2.12.7.jar:/home/wtwhite/code/regression-test-generation-NON-SOURCE-EQUIV/find-diff-classes/compile/gaoss/org/apache/hadoop/hadoop-hdfs/3.4.0/t/dependency/jackson-core-2.12.7.jar:/home/wtwhite/code/regression-test-generation-NON-SOURCE-EQUIV/find-diff-classes/compile/gaoss/org/apache/hadoop/hadoop-hdfs/3.4.0/t/dependency/jackson-databind-2.12.7.1.jar:/home/wtwhite/code/regression-test-generation-NON-SOURCE-EQUIV/find-diff-classes/compile/gaoss/org/apache/hadoop/hadoop-hdfs/3.4.0/t/dependency/jakarta.activation-api-1.2.1.jar:/home/wtwhite/code/regression-test-generation-NON-SOURCE-EQUIV/find-diff-classes/compile/gaoss/org/apache/hadoop/hadoop-hdfs/3.4.0/t/dependency/javax.servlet-api-3.1.0.jar:/home/wtwhite/code/regression-test-generation-NON-SOURCE-EQUIV/find-diff-classes/compile/gaoss/org/apache/hadoop/hadoop-hdfs/3.4.0/t/dependency/jaxb-api-2.2.11.jar:/home/wtwhite/code/regression-test-generation-NON-SOURCE-EQUIV/find-diff-classes/compile/gaoss/org/apache/hadoop/hadoop-hdfs/3.4.0/t/dependency/jaxb-impl-2.2.3-1.jar:/home/wtwhite/code/regression-test-generation-NON-SOURCE-EQUIV/find-diff-classes/compile/gaoss/org/apache/hadoop/hadoop-hdfs/3.4.0/t/dependency/jaxen-1.1.6.jar:/home/wtwhite/code/regression-test-generation-NON-SOURCE-EQUIV/find-diff-classes/compile/gaoss/org/apache/hadoop/hadoop-hdfs/3.4.0/t/dependency/jcip-annotations-1.0-1.jar:/home/wtwhite/code/regression-test-generation-NON-SOURCE-EQUIV/find-diff-classes/compile/gaoss/org/apache/hadoop/hadoop-hdfs/3.4.0/t/dependency/jcip-annotations-1.0.jar:/home/wtwhite/code/regression-test-generation-NON-SOURCE-EQUIV/find-diff-classes/compile/gaoss/org/apache/hadoop/hadoop-hdfs/3.4.0/t/dependency/jdk.tools-1.8.jar:/home/wtwhite/code/regression-test-generation-NON-SOURCE-EQUIV/find-diff-classes/compile/gaoss/org/apache/hadoop/hadoop-hdfs/3.4.0/t/dependency/jersey-core-1.19.4.jar:/home/wtwhite/code/regression-test-generation-NON-SOURCE-EQUIV/find-diff-classes/compile/gaoss/org/apache/hadoop/hadoop-hdfs/3.4.0/t/dependency/jersey-json-1.20.jar:/home/wtwhite/code/regression-test-generation-NON-SOURCE-EQUIV/find-diff-classes/compile/gaoss/org/apache/hadoop/hadoop-hdfs/3.4.0/t/dependency/jersey-server-1.19.4.jar:/home/wtwhite/code/regression-test-generation-NON-SOURCE-EQUIV/find-diff-classes/compile/gaoss/org/apache/hadoop/hadoop-hdfs/3.4.0/t/dependency/jersey-servlet-1.19.4.jar:/home/wtwhite/code/regression-test-generation-NON-SOURCE-EQUIV/find-diff-classes/compile/gaoss/org/apache/hadoop/hadoop-hdfs/3.4.0/t/dependency/jettison-1.5.4.jar:/home/wtwhite/code/regression-test-generation-NON-SOURCE-EQUIV/find-diff-classes/compile/gaoss/org/apache/hadoop/hadoop-hdfs/3.4.0/t/dependency/jetty-http-9.4.53.v20231009.jar:/home/wtwhite/code/regression-test-generation-NON-SOURCE-EQUIV/find-diff-classes/compile/gaoss/org/apache/hadoop/hadoop-hdfs/3.4.0/t/dependency/jetty-io-9.4.53.v20231009.jar:/home/wtwhite/code/regression-test-generation-NON-SOURCE-EQUIV/find-diff-classes/compile/gaoss/org/apache/hadoop/hadoop-hdfs/3.4.0/t/dependency/jetty-security-9.4.53.v20231009.jar:/home/wtwhite/code/regression-test-generation-NON-SOURCE-EQUIV/find-diff-classes/compile/gaoss/org/apache/hadoop/hadoop-hdfs/3.4.0/t/dependency/jetty-server-9.4.53.v20231009.jar:/home/wtwhite/code/regression-test-generation-NON-SOURCE-EQUIV/find-diff-classes/compile/gaoss/org/apache/hadoop/hadoop-hdfs/3.4.0/t/dependency/jetty-servlet-9.4.53.v20231009.jar:/home/wtwhite/code/regression-test-generation-NON-SOURCE-EQUIV/find-diff-classes/compile/gaoss/org/apache/hadoop/hadoop-hdfs/3.4.0/t/dependency/jetty-util-9.4.53.v20231009.jar:/home/wtwhite/code/regression-test-generation-NON-SOURCE-EQUIV/find-diff-classes/compile/gaoss/org/apache/hadoop/hadoop-hdfs/3.4.0/t/dependency/jetty-util-ajax-9.4.53.v20231009.jar:/home/wtwhite/code/regression-test-generation-NON-SOURCE-EQUIV/find-diff-classes/compile/gaoss/org/apache/hadoop/hadoop-hdfs/3.4.0/t/dependency/jetty-webapp-9.4.53.v20231009.jar:/home/wtwhite/code/regression-test-generation-NON-SOURCE-EQUIV/find-diff-classes/compile/gaoss/org/apache/hadoop/hadoop-hdfs/3.4.0/t/dependency/jetty-xml-9.4.53.v20231009.jar:/home/wtwhite/code/regression-test-generation-NON-SOURCE-EQUIV/find-diff-classes/compile/gaoss/org/apache/hadoop/hadoop-hdfs/3.4.0/t/dependency/jline-3.9.0.jar:/home/wtwhite/code/regression-test-generation-NON-SOURCE-EQUIV/find-diff-classes/compile/gaoss/org/apache/hadoop/hadoop-hdfs/3.4.0/t/dependency/jsch-0.1.55.jar:/home/wtwhite/code/regression-test-generation-NON-SOURCE-EQUIV/find-diff-classes/compile/gaoss/org/apache/hadoop/hadoop-hdfs/3.4.0/t/dependency/jsp-api-2.1.jar:/home/wtwhite/code/regression-test-generation-NON-SOURCE-EQUIV/find-diff-classes/compile/gaoss/org/apache/hadoop/hadoop-hdfs/3.4.0/t/dependency/jsr305-3.0.2.jar:/home/wtwhite/code/regression-test-generation-NON-SOURCE-EQUIV/find-diff-classes/compile/gaoss/org/apache/hadoop/hadoop-hdfs/3.4.0/t/dependency/jsr311-api-1.1.1.jar:/home/wtwhite/code/regression-test-generation-NON-SOURCE-EQUIV/find-diff-classes/compile/gaoss/org/apache/hadoop/hadoop-hdfs/3.4.0/t/dependency/jul-to-slf4j-1.7.36.jar:/home/wtwhite/code/regression-test-generation-NON-SOURCE-EQUIV/find-diff-classes/compile/gaoss/org/apache/hadoop/hadoop-hdfs/3.4.0/t/dependency/junit-4.13.2.jar:/home/wtwhite/code/regression-test-generation-NON-SOURCE-EQUIV/find-diff-classes/compile/gaoss/org/apache/hadoop/hadoop-hdfs/3.4.0/t/dependency/junit-jupiter-api-5.8.2.jar:/home/wtwhite/code/regression-test-generation-NON-SOURCE-EQUIV/find-diff-classes/compile/gaoss/org/apache/hadoop/hadoop-hdfs/3.4.0/t/dependency/junit-platform-commons-1.8.2.jar:/home/wtwhite/code/regression-test-generation-NON-SOURCE-EQUIV/find-diff-classes/compile/gaoss/org/apache/hadoop/hadoop-hdfs/3.4.0/t/dependency/kerb-admin-2.0.3.jar:/home/wtwhite/code/regression-test-generation-NON-SOURCE-EQUIV/find-diff-classes/compile/gaoss/org/apache/hadoop/hadoop-hdfs/3.4.0/t/dependency/kerb-client-2.0.3.jar:/home/wtwhite/code/regression-test-generation-NON-SOURCE-EQUIV/find-diff-classes/compile/gaoss/org/apache/hadoop/hadoop-hdfs/3.4.0/t/dependency/kerb-common-2.0.3.jar:/home/wtwhite/code/regression-test-generation-NON-SOURCE-EQUIV/find-diff-classes/compile/gaoss/org/apache/hadoop/hadoop-hdfs/3.4.0/t/dependency/kerb-core-2.0.3.jar:/home/wtwhite/code/regression-test-generation-NON-SOURCE-EQUIV/find-diff-classes/compile/gaoss/org/apache/hadoop/hadoop-hdfs/3.4.0/t/dependency/kerb-crypto-2.0.3.jar:/home/wtwhite/code/regression-test-generation-NON-SOURCE-EQUIV/find-diff-classes/compile/gaoss/org/apache/hadoop/hadoop-hdfs/3.4.0/t/dependency/kerb-identity-2.0.3.jar:/home/wtwhite/code/regression-test-generation-NON-SOURCE-EQUIV/find-diff-classes/compile/gaoss/org/apache/hadoop/hadoop-hdfs/3.4.0/t/dependency/kerb-server-2.0.3.jar:/home/wtwhite/code/regression-test-generation-NON-SOURCE-EQUIV/find-diff-classes/compile/gaoss/org/apache/hadoop/hadoop-hdfs/3.4.0/t/dependency/kerb-simplekdc-2.0.3.jar:/home/wtwhite/code/regression-test-generation-NON-SOURCE-EQUIV/find-diff-classes/compile/gaoss/org/apache/hadoop/hadoop-hdfs/3.4.0/t/dependency/kerb-util-2.0.3.jar:/home/wtwhite/code/regression-test-generation-NON-SOURCE-EQUIV/find-diff-classes/compile/gaoss/org/apache/hadoop/hadoop-hdfs/3.4.0/t/dependency/kerby-asn1-2.0.3.jar:/home/wtwhite/code/regression-test-generation-NON-SOURCE-EQUIV/find-diff-classes/compile/gaoss/org/apache/hadoop/hadoop-hdfs/3.4.0/t/dependency/kerby-config-2.0.3.jar:/home/wtwhite/code/regression-test-generation-NON-SOURCE-EQUIV/find-diff-classes/compile/gaoss/org/apache/hadoop/hadoop-hdfs/3.4.0/t/dependency/kerby-pkix-2.0.3.jar:/home/wtwhite/code/regression-test-generation-NON-SOURCE-EQUIV/find-diff-classes/compile/gaoss/org/apache/hadoop/hadoop-hdfs/3.4.0/t/dependency/kerby-util-2.0.3.jar:/home/wtwhite/code/regression-test-generation-NON-SOURCE-EQUIV/find-diff-classes/compile/gaoss/org/apache/hadoop/hadoop-hdfs/3.4.0/t/dependency/kerby-xdr-2.0.3.jar:/home/wtwhite/code/regression-test-generation-NON-SOURCE-EQUIV/find-diff-classes/compile/gaoss/org/apache/hadoop/hadoop-hdfs/3.4.0/t/dependency/leveldbjni-all-1.8.jar:/home/wtwhite/code/regression-test-generation-NON-SOURCE-EQUIV/find-diff-classes/compile/gaoss/org/apache/hadoop/hadoop-hdfs/3.4.0/t/dependency/listenablefuture-9999.0-empty-to-avoid-conflict-with-guava.jar:/home/wtwhite/code/regression-test-generation-NON-SOURCE-EQUIV/find-diff-classes/compile/gaoss/org/apache/hadoop/hadoop-hdfs/3.4.0/t/dependency/lz4-java-1.7.1.jar:/home/wtwhite/code/regression-test-generation-NON-SOURCE-EQUIV/find-diff-classes/compile/gaoss/org/apache/hadoop/hadoop-hdfs/3.4.0/t/dependency/metrics-core-3.2.4.jar:/home/wtwhite/code/regression-test-generation-NON-SOURCE-EQUIV/find-diff-classes/compile/gaoss/org/apache/hadoop/hadoop-hdfs/3.4.0/t/dependency/mockito-core-2.28.2.jar:/home/wtwhite/code/regression-test-generation-NON-SOURCE-EQUIV/find-diff-classes/compile/gaoss/org/apache/hadoop/hadoop-hdfs/3.4.0/t/dependency/netty-all-4.1.100.Final.jar:/home/wtwhite/code/regression-test-generation-NON-SOURCE-EQUIV/find-diff-classes/compile/gaoss/org/apache/hadoop/hadoop-hdfs/3.4.0/t/dependency/netty-buffer-4.1.100.Final.jar:/home/wtwhite/code/regression-test-generation-NON-SOURCE-EQUIV/find-diff-classes/compile/gaoss/org/apache/hadoop/hadoop-hdfs/3.4.0/t/dependency/netty-codec-4.1.100.Final.jar:/home/wtwhite/code/regression-test-generation-NON-SOURCE-EQUIV/find-diff-classes/compile/gaoss/org/apache/hadoop/hadoop-hdfs/3.4.0/t/dependency/netty-codec-dns-4.1.100.Final.jar:/home/wtwhite/code/regression-test-generation-NON-SOURCE-EQUIV/find-diff-classes/compile/gaoss/org/apache/hadoop/hadoop-hdfs/3.4.0/t/dependency/netty-codec-haproxy-4.1.100.Final.jar:/home/wtwhite/code/regression-test-generation-NON-SOURCE-EQUIV/find-diff-classes/compile/gaoss/org/apache/hadoop/hadoop-hdfs/3.4.0/t/dependency/netty-codec-http-4.1.100.Final.jar:/home/wtwhite/code/regression-test-generation-NON-SOURCE-EQUIV/find-diff-classes/compile/gaoss/org/apache/hadoop/hadoop-hdfs/3.4.0/t/dependency/netty-codec-http2-4.1.100.Final.jar:/home/wtwhite/code/regression-test-generation-NON-SOURCE-EQUIV/find-diff-classes/compile/gaoss/org/apache/hadoop/hadoop-hdfs/3.4.0/t/dependency/netty-codec-memcache-4.1.100.Final.jar:/home/wtwhite/code/regression-test-generation-NON-SOURCE-EQUIV/find-diff-classes/compile/gaoss/org/apache/hadoop/hadoop-hdfs/3.4.0/t/dependency/netty-codec-mqtt-4.1.100.Final.jar:/home/wtwhite/code/regression-test-generation-NON-SOURCE-EQUIV/find-diff-classes/compile/gaoss/org/apache/hadoop/hadoop-hdfs/3.4.0/t/dependency/netty-codec-redis-4.1.100.Final.jar:/home/wtwhite/code/regression-test-generation-NON-SOURCE-EQUIV/find-diff-classes/compile/gaoss/org/apache/hadoop/hadoop-hdfs/3.4.0/t/dependency/netty-codec-smtp-4.1.100.Final.jar:/home/wtwhite/code/regression-test-generation-NON-SOURCE-EQUIV/find-diff-classes/compile/gaoss/org/apache/hadoop/hadoop-hdfs/3.4.0/t/dependency/netty-codec-socks-4.1.100.Final.jar:/home/wtwhite/code/regression-test-generation-NON-SOURCE-EQUIV/find-diff-classes/compile/gaoss/org/apache/hadoop/hadoop-hdfs/3.4.0/t/dependency/netty-codec-stomp-4.1.100.Final.jar:/home/wtwhite/code/regression-test-generation-NON-SOURCE-EQUIV/find-diff-classes/compile/gaoss/org/apache/hadoop/hadoop-hdfs/3.4.0/t/dependency/netty-codec-xml-4.1.100.Final.jar:/home/wtwhite/code/regression-test-generation-NON-SOURCE-EQUIV/find-diff-classes/compile/gaoss/org/apache/hadoop/hadoop-hdfs/3.4.0/t/dependency/netty-common-4.1.100.Final.jar:/home/wtwhite/code/regression-test-generation-NON-SOURCE-EQUIV/find-diff-classes/compile/gaoss/org/apache/hadoop/hadoop-hdfs/3.4.0/t/dependency/netty-handler-4.1.100.Final.jar:/home/wtwhite/code/regression-test-generation-NON-SOURCE-EQUIV/find-diff-classes/compile/gaoss/org/apache/hadoop/hadoop-hdfs/3.4.0/t/dependency/netty-handler-proxy-4.1.100.Final.jar:/home/wtwhite/code/regression-test-generation-NON-SOURCE-EQUIV/find-diff-classes/compile/gaoss/org/apache/hadoop/hadoop-hdfs/3.4.0/t/dependency/netty-handler-ssl-ocsp-4.1.100.Final.jar:/home/wtwhite/code/regression-test-generation-NON-SOURCE-EQUIV/find-diff-classes/compile/gaoss/org/apache/hadoop/hadoop-hdfs/3.4.0/t/dependency/netty-resolver-4.1.100.Final.jar:/home/wtwhite/code/regression-test-generation-NON-SOURCE-EQUIV/find-diff-classes/compile/gaoss/org/apache/hadoop/hadoop-hdfs/3.4.0/t/dependency/netty-resolver-dns-4.1.100.Final.jar:/home/wtwhite/code/regression-test-generation-NON-SOURCE-EQUIV/find-diff-classes/compile/gaoss/org/apache/hadoop/hadoop-hdfs/3.4.0/t/dependency/netty-resolver-dns-classes-macos-4.1.100.Final.jar:/home/wtwhite/code/regression-test-generation-NON-SOURCE-EQUIV/find-diff-classes/compile/gaoss/org/apache/hadoop/hadoop-hdfs/3.4.0/t/dependency/netty-resolver-dns-native-macos-4.1.100.Final-osx-aarch_64.jar:/home/wtwhite/code/regression-test-generation-NON-SOURCE-EQUIV/find-diff-classes/compile/gaoss/org/apache/hadoop/hadoop-hdfs/3.4.0/t/dependency/netty-resolver-dns-native-macos-4.1.100.Final-osx-x86_64.jar:/home/wtwhite/code/regression-test-generation-NON-SOURCE-EQUIV/find-diff-classes/compile/gaoss/org/apache/hadoop/hadoop-hdfs/3.4.0/t/dependency/netty-transport-4.1.100.Final.jar:/home/wtwhite/code/regression-test-generation-NON-SOURCE-EQUIV/find-diff-classes/compile/gaoss/org/apache/hadoop/hadoop-hdfs/3.4.0/t/dependency/netty-transport-classes-epoll-4.1.100.Final.jar:/home/wtwhite/code/regression-test-generation-NON-SOURCE-EQUIV/find-diff-classes/compile/gaoss/org/apache/hadoop/hadoop-hdfs/3.4.0/t/dependency/netty-transport-classes-kqueue-4.1.100.Final.jar:/home/wtwhite/code/regression-test-generation-NON-SOURCE-EQUIV/find-diff-classes/compile/gaoss/org/apache/hadoop/hadoop-hdfs/3.4.0/t/dependency/netty-transport-native-epoll-4.1.100.Final-linux-aarch_64.jar:/home/wtwhite/code/regression-test-generation-NON-SOURCE-EQUIV/find-diff-classes/compile/gaoss/org/apache/hadoop/hadoop-hdfs/3.4.0/t/dependency/netty-transport-native-epoll-4.1.100.Final-linux-x86_64.jar:/home/wtwhite/code/regression-test-generation-NON-SOURCE-EQUIV/find-diff-classes/compile/gaoss/org/apache/hadoop/hadoop-hdfs/3.4.0/t/dependency/netty-transport-native-epoll-4.1.100.Final.jar:/home/wtwhite/code/regression-test-generation-NON-SOURCE-EQUIV/find-diff-classes/compile/gaoss/org/apache/hadoop/hadoop-hdfs/3.4.0/t/dependency/netty-transport-native-kqueue-4.1.100.Final-osx-aarch_64.jar:/home/wtwhite/code/regression-test-generation-NON-SOURCE-EQUIV/find-diff-classes/compile/gaoss/org/apache/hadoop/hadoop-hdfs/3.4.0/t/dependency/netty-transport-native-kqueue-4.1.100.Final-osx-x86_64.jar:/home/wtwhite/code/regression-test-generation-NON-SOURCE-EQUIV/find-diff-classes/compile/gaoss/org/apache/hadoop/hadoop-hdfs/3.4.0/t/dependency/netty-transport-native-unix-common-4.1.100.Final.jar:/home/wtwhite/code/regression-test-generation-NON-SOURCE-EQUIV/find-diff-classes/compile/gaoss/org/apache/hadoop/hadoop-hdfs/3.4.0/t/dependency/netty-transport-rxtx-4.1.100.Final.jar:/home/wtwhite/code/regression-test-generation-NON-SOURCE-EQUIV/find-diff-classes/compile/gaoss/org/apache/hadoop/hadoop-hdfs/3.4.0/t/dependency/netty-transport-sctp-4.1.100.Final.jar:/home/wtwhite/code/regression-test-generation-NON-SOURCE-EQUIV/find-diff-classes/compile/gaoss/org/apache/hadoop/hadoop-hdfs/3.4.0/t/dependency/netty-transport-udt-4.1.100.Final.jar:/home/wtwhite/code/regression-test-generation-NON-SOURCE-EQUIV/find-diff-classes/compile/gaoss/org/apache/hadoop/hadoop-hdfs/3.4.0/t/dependency/nimbus-jose-jwt-9.31.jar:/home/wtwhite/code/regression-test-generation-NON-SOURCE-EQUIV/find-diff-classes/compile/gaoss/org/apache/hadoop/hadoop-hdfs/3.4.0/t/dependency/objenesis-2.6.jar:/home/wtwhite/code/regression-test-generation-NON-SOURCE-EQUIV/find-diff-classes/compile/gaoss/org/apache/hadoop/hadoop-hdfs/3.4.0/t/dependency/opentest4j-1.2.0.jar:/home/wtwhite/code/regression-test-generation-NON-SOURCE-EQUIV/find-diff-classes/compile/gaoss/org/apache/hadoop/hadoop-hdfs/3.4.0/t/dependency/protobuf-java-2.5.0.jar:/home/wtwhite/code/regression-test-generation-NON-SOURCE-EQUIV/find-diff-classes/compile/gaoss/org/apache/hadoop/hadoop-hdfs/3.4.0/t/dependency/re2j-1.1.jar:/home/wtwhite/code/regression-test-generation-NON-SOURCE-EQUIV/find-diff-classes/compile/gaoss/org/apache/hadoop/hadoop-hdfs/3.4.0/t/dependency/reload4j-1.2.22.jar:/home/wtwhite/code/regression-test-generation-NON-SOURCE-EQUIV/find-diff-classes/compile/gaoss/org/apache/hadoop/hadoop-hdfs/3.4.0/t/dependency/slf4j-api-1.7.36.jar:/home/wtwhite/code/regression-test-generation-NON-SOURCE-EQUIV/find-diff-classes/compile/gaoss/org/apache/hadoop/hadoop-hdfs/3.4.0/t/dependency/slf4j-reload4j-1.7.36.jar:/home/wtwhite/code/regression-test-generation-NON-SOURCE-EQUIV/find-diff-classes/compile/gaoss/org/apache/hadoop/hadoop-hdfs/3.4.0/t/dependency/snappy-java-1.1.10.4.jar:/home/wtwhite/code/regression-test-generation-NON-SOURCE-EQUIV/find-diff-classes/compile/gaoss/org/apache/hadoop/hadoop-hdfs/3.4.0/t/dependency/stax2-api-4.2.1.jar:/home/wtwhite/code/regression-test-generation-NON-SOURCE-EQUIV/find-diff-classes/compile/gaoss/org/apache/hadoop/hadoop-hdfs/3.4.0/t/dependency/token-provider-2.0.3.jar:/home/wtwhite/code/regression-test-generation-NON-SOURCE-EQUIV/find-diff-classes/compile/gaoss/org/apache/hadoop/hadoop-hdfs/3.4.0/t/dependency/woodstox-core-5.4.0.jar:/home/wtwhite/code/regression-test-generation-NON-SOURCE-EQUIV/find-diff-classes/compile/gaoss/org/apache/hadoop/hadoop-hdfs/3.4.0/t/dependency/zookeeper-3.8.3-tests.jar:/home/wtwhite/code/regression-test-generation-NON-SOURCE-EQUIV/find-diff-classes/compile/gaoss/org/apache/hadoop/hadoop-hdfs/3.4.0/t/dependency/zookeeper-3.8.3.jar:/home/wtwhite/code/regression-test-generation-NON-SOURCE-EQUIV/find-diff-classes/compile/gaoss/org/apache/hadoop/hadoop-hdfs/3.4.0/t/dependency/zookeeper-jute-3.8.3.jar:/home/wtwhite/code/regression-test-generation/evosuite/evosuite-standalone-runtime-1.2.0.jar:/home/wtwhite/.m2/repository/junit/junit/4.13.2/junit-4.13.2.jar:/home/wtwhite/.m2/repository/org/hamcrest/hamcrest-core/1.3/hamcrest-core-1.3.jar:"/>
    <property name="java.vm.vendor" value="Private Build"/>
    <property name="sun.arch.data.model" value="64"/>
    <property name="java.vendor.url" value="http://java.oracle.com/"/>
    <property name="user.timezone" value="Pacific/Auckland"/>
    <property name="java.vm.specification.version" value="1.8"/>
    <property name="os.name" value="Linux"/>
    <property name="RUNDIR" value="/home/wtwhite/code/regression-test-generation-NON-SOURCE-EQUIV/find-diff-classes/run-mvn"/>
    <property name="user.country" value="NZ"/>
    <property name="sun.java.launcher" value="SUN_STANDARD"/>
    <property name="sun.boot.library.path" value="/usr/lib/jvm/java-8-openjdk-amd64/jre/lib/amd64"/>
    <property name="sun.java.command" value="/home/wtwhite/code/regression-test-generation-NON-SOURCE-EQUIV/find-diff-classes/compile/gaoss/org/apache/hadoop/hadoop-hdfs/3.4.0/target/surefire/surefirebooter-20241112134217976_3.jar /home/wtwhite/code/regression-test-generation-NON-SOURCE-EQUIV/find-diff-classes/compile/gaoss/org/apache/hadoop/hadoop-hdfs/3.4.0/target/surefire 2024-11-12T13-42-17_849-jvmRun1 surefire-20241112134217976_1tmp surefire_0-20241112134217976_2tmp"/>
    <property name="surefire.test.class.path" value="/home/wtwhite/code/regression-test-generation-NON-SOURCE-EQUIV/find-diff-classes/compile/gaoss/org/apache/hadoop/hadoop-hdfs/3.4.0/target/test-classes:/home/wtwhite/code/regression-test-generation-NON-SOURCE-EQUIV/find-diff-classes/compile/gaoss/org/apache/hadoop/hadoop-hdfs/3.4.0/target/classes:/home/wtwhite/code/craw-redhat-oss/wget/crawl/google-aoss/org/apache/hadoop/hadoop-hdfs/3.4.0/hadoop-hdfs-3.4.0.jar:/home/wtwhite/code/regression-test-generation-NON-SOURCE-EQUIV/find-diff-classes/compile/gaoss/org/apache/hadoop/hadoop-hdfs/3.4.0/t/dependency/AppleJavaExtensions-1.4.jar:/home/wtwhite/code/regression-test-generation-NON-SOURCE-EQUIV/find-diff-classes/compile/gaoss/org/apache/hadoop/hadoop-hdfs/3.4.0/t/dependency/animal-sniffer-annotations-1.17.jar:/home/wtwhite/code/regression-test-generation-NON-SOURCE-EQUIV/find-diff-classes/compile/gaoss/org/apache/hadoop/hadoop-hdfs/3.4.0/t/dependency/apiguardian-api-1.1.2.jar:/home/wtwhite/code/regression-test-generation-NON-SOURCE-EQUIV/find-diff-classes/compile/gaoss/org/apache/hadoop/hadoop-hdfs/3.4.0/t/dependency/asm-5.0.4.jar:/home/wtwhite/code/regression-test-generation-NON-SOURCE-EQUIV/find-diff-classes/compile/gaoss/org/apache/hadoop/hadoop-hdfs/3.4.0/t/dependency/asm-commons-5.0.2.jar:/home/wtwhite/code/regression-test-generation-NON-SOURCE-EQUIV/find-diff-classes/compile/gaoss/org/apache/hadoop/hadoop-hdfs/3.4.0/t/dependency/asm-debug-all-5.0.2.jar:/home/wtwhite/code/regression-test-generation-NON-SOURCE-EQUIV/find-diff-classes/compile/gaoss/org/apache/hadoop/hadoop-hdfs/3.4.0/t/dependency/asm-tree-5.0.2.jar:/home/wtwhite/code/regression-test-generation-NON-SOURCE-EQUIV/find-diff-classes/compile/gaoss/org/apache/hadoop/hadoop-hdfs/3.4.0/t/dependency/assertj-core-3.12.2.jar:/home/wtwhite/code/regression-test-generation-NON-SOURCE-EQUIV/find-diff-classes/compile/gaoss/org/apache/hadoop/hadoop-hdfs/3.4.0/t/dependency/audience-annotations-0.12.0.jar:/home/wtwhite/code/regression-test-generation-NON-SOURCE-EQUIV/find-diff-classes/compile/gaoss/org/apache/hadoop/hadoop-hdfs/3.4.0/t/dependency/avro-1.9.2.jar:/home/wtwhite/code/regression-test-generation-NON-SOURCE-EQUIV/find-diff-classes/compile/gaoss/org/apache/hadoop/hadoop-hdfs/3.4.0/t/dependency/bcel-findbugs-6.0.jar:/home/wtwhite/code/regression-test-generation-NON-SOURCE-EQUIV/find-diff-classes/compile/gaoss/org/apache/hadoop/hadoop-hdfs/3.4.0/t/dependency/bcprov-jdk15on-1.70.jar:/home/wtwhite/code/regression-test-generation-NON-SOURCE-EQUIV/find-diff-classes/compile/gaoss/org/apache/hadoop/hadoop-hdfs/3.4.0/t/dependency/byte-buddy-1.9.10.jar:/home/wtwhite/code/regression-test-generation-NON-SOURCE-EQUIV/find-diff-classes/compile/gaoss/org/apache/hadoop/hadoop-hdfs/3.4.0/t/dependency/byte-buddy-agent-1.9.10.jar:/home/wtwhite/code/regression-test-generation-NON-SOURCE-EQUIV/find-diff-classes/compile/gaoss/org/apache/hadoop/hadoop-hdfs/3.4.0/t/dependency/checker-qual-2.5.2.jar:/home/wtwhite/code/regression-test-generation-NON-SOURCE-EQUIV/find-diff-classes/compile/gaoss/org/apache/hadoop/hadoop-hdfs/3.4.0/t/dependency/commons-beanutils-1.9.4.jar:/home/wtwhite/code/regression-test-generation-NON-SOURCE-EQUIV/find-diff-classes/compile/gaoss/org/apache/hadoop/hadoop-hdfs/3.4.0/t/dependency/commons-cli-1.5.0.jar:/home/wtwhite/code/regression-test-generation-NON-SOURCE-EQUIV/find-diff-classes/compile/gaoss/org/apache/hadoop/hadoop-hdfs/3.4.0/t/dependency/commons-codec-1.15.jar:/home/wtwhite/code/regression-test-generation-NON-SOURCE-EQUIV/find-diff-classes/compile/gaoss/org/apache/hadoop/hadoop-hdfs/3.4.0/t/dependency/commons-collections-3.2.2.jar:/home/wtwhite/code/regression-test-generation-NON-SOURCE-EQUIV/find-diff-classes/compile/gaoss/org/apache/hadoop/hadoop-hdfs/3.4.0/t/dependency/commons-compress-1.24.0.jar:/home/wtwhite/code/regression-test-generation-NON-SOURCE-EQUIV/find-diff-classes/compile/gaoss/org/apache/hadoop/hadoop-hdfs/3.4.0/t/dependency/commons-configuration2-2.8.0.jar:/home/wtwhite/code/regression-test-generation-NON-SOURCE-EQUIV/find-diff-classes/compile/gaoss/org/apache/hadoop/hadoop-hdfs/3.4.0/t/dependency/commons-daemon-1.0.13.jar:/home/wtwhite/code/regression-test-generation-NON-SOURCE-EQUIV/find-diff-classes/compile/gaoss/org/apache/hadoop/hadoop-hdfs/3.4.0/t/dependency/commons-io-2.14.0.jar:/home/wtwhite/code/regression-test-generation-NON-SOURCE-EQUIV/find-diff-classes/compile/gaoss/org/apache/hadoop/hadoop-hdfs/3.4.0/t/dependency/commons-lang-2.6.jar:/home/wtwhite/code/regression-test-generation-NON-SOURCE-EQUIV/find-diff-classes/compile/gaoss/org/apache/hadoop/hadoop-hdfs/3.4.0/t/dependency/commons-lang3-3.12.0.jar:/home/wtwhite/code/regression-test-generation-NON-SOURCE-EQUIV/find-diff-classes/compile/gaoss/org/apache/hadoop/hadoop-hdfs/3.4.0/t/dependency/commons-logging-1.2.jar:/home/wtwhite/code/regression-test-generation-NON-SOURCE-EQUIV/find-diff-classes/compile/gaoss/org/apache/hadoop/hadoop-hdfs/3.4.0/t/dependency/commons-math3-3.6.1.jar:/home/wtwhite/code/regression-test-generation-NON-SOURCE-EQUIV/find-diff-classes/compile/gaoss/org/apache/hadoop/hadoop-hdfs/3.4.0/t/dependency/commons-net-3.9.0.jar:/home/wtwhite/code/regression-test-generation-NON-SOURCE-EQUIV/find-diff-classes/compile/gaoss/org/apache/hadoop/hadoop-hdfs/3.4.0/t/dependency/commons-text-1.10.0.jar:/home/wtwhite/code/regression-test-generation-NON-SOURCE-EQUIV/find-diff-classes/compile/gaoss/org/apache/hadoop/hadoop-hdfs/3.4.0/t/dependency/curator-client-5.2.0.jar:/home/wtwhite/code/regression-test-generation-NON-SOURCE-EQUIV/find-diff-classes/compile/gaoss/org/apache/hadoop/hadoop-hdfs/3.4.0/t/dependency/curator-framework-5.2.0.jar:/home/wtwhite/code/regression-test-generation-NON-SOURCE-EQUIV/find-diff-classes/compile/gaoss/org/apache/hadoop/hadoop-hdfs/3.4.0/t/dependency/curator-recipes-5.2.0.jar:/home/wtwhite/code/regression-test-generation-NON-SOURCE-EQUIV/find-diff-classes/compile/gaoss/org/apache/hadoop/hadoop-hdfs/3.4.0/t/dependency/curator-test-5.2.0.jar:/home/wtwhite/code/regression-test-generation-NON-SOURCE-EQUIV/find-diff-classes/compile/gaoss/org/apache/hadoop/hadoop-hdfs/3.4.0/t/dependency/dnsjava-3.4.0.jar:/home/wtwhite/code/regression-test-generation-NON-SOURCE-EQUIV/find-diff-classes/compile/gaoss/org/apache/hadoop/hadoop-hdfs/3.4.0/t/dependency/dom4j-1.6.1.jar:/home/wtwhite/code/regression-test-generation-NON-SOURCE-EQUIV/find-diff-classes/compile/gaoss/org/apache/hadoop/hadoop-hdfs/3.4.0/t/dependency/failureaccess-1.0.jar:/home/wtwhite/code/regression-test-generation-NON-SOURCE-EQUIV/find-diff-classes/compile/gaoss/org/apache/hadoop/hadoop-hdfs/3.4.0/t/dependency/findbugs-3.0.1.jar:/home/wtwhite/code/regression-test-generation-NON-SOURCE-EQUIV/find-diff-classes/compile/gaoss/org/apache/hadoop/hadoop-hdfs/3.4.0/t/dependency/gson-2.9.0.jar:/home/wtwhite/code/regression-test-generation-NON-SOURCE-EQUIV/find-diff-classes/compile/gaoss/org/apache/hadoop/hadoop-hdfs/3.4.0/t/dependency/guava-27.0-jre.jar:/home/wtwhite/code/regression-test-generation-NON-SOURCE-EQUIV/find-diff-classes/compile/gaoss/org/apache/hadoop/hadoop-hdfs/3.4.0/t/dependency/hadoop-annotations-3.4.0.jar:/home/wtwhite/code/regression-test-generation-NON-SOURCE-EQUIV/find-diff-classes/compile/gaoss/org/apache/hadoop/hadoop-hdfs/3.4.0/t/dependency/hadoop-auth-3.4.0.jar:/home/wtwhite/code/regression-test-generation-NON-SOURCE-EQUIV/find-diff-classes/compile/gaoss/org/apache/hadoop/hadoop-hdfs/3.4.0/t/dependency/hadoop-common-3.4.0-tests.jar:/home/wtwhite/code/regression-test-generation-NON-SOURCE-EQUIV/find-diff-classes/compile/gaoss/org/apache/hadoop/hadoop-hdfs/3.4.0/t/dependency/hadoop-common-3.4.0.jar:/home/wtwhite/code/regression-test-generation-NON-SOURCE-EQUIV/find-diff-classes/compile/gaoss/org/apache/hadoop/hadoop-hdfs/3.4.0/t/dependency/hadoop-hdfs-client-3.4.0.jar:/home/wtwhite/code/regression-test-generation-NON-SOURCE-EQUIV/find-diff-classes/compile/gaoss/org/apache/hadoop/hadoop-hdfs/3.4.0/t/dependency/hadoop-kms-3.4.0-tests.jar:/home/wtwhite/code/regression-test-generation-NON-SOURCE-EQUIV/find-diff-classes/compile/gaoss/org/apache/hadoop/hadoop-hdfs/3.4.0/t/dependency/hadoop-kms-3.4.0.jar:/home/wtwhite/code/regression-test-generation-NON-SOURCE-EQUIV/find-diff-classes/compile/gaoss/org/apache/hadoop/hadoop-hdfs/3.4.0/t/dependency/hadoop-minikdc-3.4.0.jar:/home/wtwhite/code/regression-test-generation-NON-SOURCE-EQUIV/find-diff-classes/compile/gaoss/org/apache/hadoop/hadoop-hdfs/3.4.0/t/dependency/hadoop-shaded-guava-1.2.0.jar:/home/wtwhite/code/regression-test-generation-NON-SOURCE-EQUIV/find-diff-classes/compile/gaoss/org/apache/hadoop/hadoop-hdfs/3.4.0/t/dependency/hadoop-shaded-protobuf_3_21-1.2.0.jar:/home/wtwhite/code/regression-test-generation-NON-SOURCE-EQUIV/find-diff-classes/compile/gaoss/org/apache/hadoop/hadoop-hdfs/3.4.0/t/dependency/hamcrest-core-1.3.jar:/home/wtwhite/code/regression-test-generation-NON-SOURCE-EQUIV/find-diff-classes/compile/gaoss/org/apache/hadoop/hadoop-hdfs/3.4.0/t/dependency/httpclient-4.5.13.jar:/home/wtwhite/code/regression-test-generation-NON-SOURCE-EQUIV/find-diff-classes/compile/gaoss/org/apache/hadoop/hadoop-hdfs/3.4.0/t/dependency/httpcore-4.4.13.jar:/home/wtwhite/code/regression-test-generation-NON-SOURCE-EQUIV/find-diff-classes/compile/gaoss/org/apache/hadoop/hadoop-hdfs/3.4.0/t/dependency/j2objc-annotations-1.1.jar:/home/wtwhite/code/regression-test-generation-NON-SOURCE-EQUIV/find-diff-classes/compile/gaoss/org/apache/hadoop/hadoop-hdfs/3.4.0/t/dependency/jFormatString-2.0.1.jar:/home/wtwhite/code/regression-test-generation-NON-SOURCE-EQUIV/find-diff-classes/compile/gaoss/org/apache/hadoop/hadoop-hdfs/3.4.0/t/dependency/jackson-annotations-2.12.7.jar:/home/wtwhite/code/regression-test-generation-NON-SOURCE-EQUIV/find-diff-classes/compile/gaoss/org/apache/hadoop/hadoop-hdfs/3.4.0/t/dependency/jackson-core-2.12.7.jar:/home/wtwhite/code/regression-test-generation-NON-SOURCE-EQUIV/find-diff-classes/compile/gaoss/org/apache/hadoop/hadoop-hdfs/3.4.0/t/dependency/jackson-databind-2.12.7.1.jar:/home/wtwhite/code/regression-test-generation-NON-SOURCE-EQUIV/find-diff-classes/compile/gaoss/org/apache/hadoop/hadoop-hdfs/3.4.0/t/dependency/jakarta.activation-api-1.2.1.jar:/home/wtwhite/code/regression-test-generation-NON-SOURCE-EQUIV/find-diff-classes/compile/gaoss/org/apache/hadoop/hadoop-hdfs/3.4.0/t/dependency/javax.servlet-api-3.1.0.jar:/home/wtwhite/code/regression-test-generation-NON-SOURCE-EQUIV/find-diff-classes/compile/gaoss/org/apache/hadoop/hadoop-hdfs/3.4.0/t/dependency/jaxb-api-2.2.11.jar:/home/wtwhite/code/regression-test-generation-NON-SOURCE-EQUIV/find-diff-classes/compile/gaoss/org/apache/hadoop/hadoop-hdfs/3.4.0/t/dependency/jaxb-impl-2.2.3-1.jar:/home/wtwhite/code/regression-test-generation-NON-SOURCE-EQUIV/find-diff-classes/compile/gaoss/org/apache/hadoop/hadoop-hdfs/3.4.0/t/dependency/jaxen-1.1.6.jar:/home/wtwhite/code/regression-test-generation-NON-SOURCE-EQUIV/find-diff-classes/compile/gaoss/org/apache/hadoop/hadoop-hdfs/3.4.0/t/dependency/jcip-annotations-1.0-1.jar:/home/wtwhite/code/regression-test-generation-NON-SOURCE-EQUIV/find-diff-classes/compile/gaoss/org/apache/hadoop/hadoop-hdfs/3.4.0/t/dependency/jcip-annotations-1.0.jar:/home/wtwhite/code/regression-test-generation-NON-SOURCE-EQUIV/find-diff-classes/compile/gaoss/org/apache/hadoop/hadoop-hdfs/3.4.0/t/dependency/jdk.tools-1.8.jar:/home/wtwhite/code/regression-test-generation-NON-SOURCE-EQUIV/find-diff-classes/compile/gaoss/org/apache/hadoop/hadoop-hdfs/3.4.0/t/dependency/jersey-core-1.19.4.jar:/home/wtwhite/code/regression-test-generation-NON-SOURCE-EQUIV/find-diff-classes/compile/gaoss/org/apache/hadoop/hadoop-hdfs/3.4.0/t/dependency/jersey-json-1.20.jar:/home/wtwhite/code/regression-test-generation-NON-SOURCE-EQUIV/find-diff-classes/compile/gaoss/org/apache/hadoop/hadoop-hdfs/3.4.0/t/dependency/jersey-server-1.19.4.jar:/home/wtwhite/code/regression-test-generation-NON-SOURCE-EQUIV/find-diff-classes/compile/gaoss/org/apache/hadoop/hadoop-hdfs/3.4.0/t/dependency/jersey-servlet-1.19.4.jar:/home/wtwhite/code/regression-test-generation-NON-SOURCE-EQUIV/find-diff-classes/compile/gaoss/org/apache/hadoop/hadoop-hdfs/3.4.0/t/dependency/jettison-1.5.4.jar:/home/wtwhite/code/regression-test-generation-NON-SOURCE-EQUIV/find-diff-classes/compile/gaoss/org/apache/hadoop/hadoop-hdfs/3.4.0/t/dependency/jetty-http-9.4.53.v20231009.jar:/home/wtwhite/code/regression-test-generation-NON-SOURCE-EQUIV/find-diff-classes/compile/gaoss/org/apache/hadoop/hadoop-hdfs/3.4.0/t/dependency/jetty-io-9.4.53.v20231009.jar:/home/wtwhite/code/regression-test-generation-NON-SOURCE-EQUIV/find-diff-classes/compile/gaoss/org/apache/hadoop/hadoop-hdfs/3.4.0/t/dependency/jetty-security-9.4.53.v20231009.jar:/home/wtwhite/code/regression-test-generation-NON-SOURCE-EQUIV/find-diff-classes/compile/gaoss/org/apache/hadoop/hadoop-hdfs/3.4.0/t/dependency/jetty-server-9.4.53.v20231009.jar:/home/wtwhite/code/regression-test-generation-NON-SOURCE-EQUIV/find-diff-classes/compile/gaoss/org/apache/hadoop/hadoop-hdfs/3.4.0/t/dependency/jetty-servlet-9.4.53.v20231009.jar:/home/wtwhite/code/regression-test-generation-NON-SOURCE-EQUIV/find-diff-classes/compile/gaoss/org/apache/hadoop/hadoop-hdfs/3.4.0/t/dependency/jetty-util-9.4.53.v20231009.jar:/home/wtwhite/code/regression-test-generation-NON-SOURCE-EQUIV/find-diff-classes/compile/gaoss/org/apache/hadoop/hadoop-hdfs/3.4.0/t/dependency/jetty-util-ajax-9.4.53.v20231009.jar:/home/wtwhite/code/regression-test-generation-NON-SOURCE-EQUIV/find-diff-classes/compile/gaoss/org/apache/hadoop/hadoop-hdfs/3.4.0/t/dependency/jetty-webapp-9.4.53.v20231009.jar:/home/wtwhite/code/regression-test-generation-NON-SOURCE-EQUIV/find-diff-classes/compile/gaoss/org/apache/hadoop/hadoop-hdfs/3.4.0/t/dependency/jetty-xml-9.4.53.v20231009.jar:/home/wtwhite/code/regression-test-generation-NON-SOURCE-EQUIV/find-diff-classes/compile/gaoss/org/apache/hadoop/hadoop-hdfs/3.4.0/t/dependency/jline-3.9.0.jar:/home/wtwhite/code/regression-test-generation-NON-SOURCE-EQUIV/find-diff-classes/compile/gaoss/org/apache/hadoop/hadoop-hdfs/3.4.0/t/dependency/jsch-0.1.55.jar:/home/wtwhite/code/regression-test-generation-NON-SOURCE-EQUIV/find-diff-classes/compile/gaoss/org/apache/hadoop/hadoop-hdfs/3.4.0/t/dependency/jsp-api-2.1.jar:/home/wtwhite/code/regression-test-generation-NON-SOURCE-EQUIV/find-diff-classes/compile/gaoss/org/apache/hadoop/hadoop-hdfs/3.4.0/t/dependency/jsr305-3.0.2.jar:/home/wtwhite/code/regression-test-generation-NON-SOURCE-EQUIV/find-diff-classes/compile/gaoss/org/apache/hadoop/hadoop-hdfs/3.4.0/t/dependency/jsr311-api-1.1.1.jar:/home/wtwhite/code/regression-test-generation-NON-SOURCE-EQUIV/find-diff-classes/compile/gaoss/org/apache/hadoop/hadoop-hdfs/3.4.0/t/dependency/jul-to-slf4j-1.7.36.jar:/home/wtwhite/code/regression-test-generation-NON-SOURCE-EQUIV/find-diff-classes/compile/gaoss/org/apache/hadoop/hadoop-hdfs/3.4.0/t/dependency/junit-4.13.2.jar:/home/wtwhite/code/regression-test-generation-NON-SOURCE-EQUIV/find-diff-classes/compile/gaoss/org/apache/hadoop/hadoop-hdfs/3.4.0/t/dependency/junit-jupiter-api-5.8.2.jar:/home/wtwhite/code/regression-test-generation-NON-SOURCE-EQUIV/find-diff-classes/compile/gaoss/org/apache/hadoop/hadoop-hdfs/3.4.0/t/dependency/junit-platform-commons-1.8.2.jar:/home/wtwhite/code/regression-test-generation-NON-SOURCE-EQUIV/find-diff-classes/compile/gaoss/org/apache/hadoop/hadoop-hdfs/3.4.0/t/dependency/kerb-admin-2.0.3.jar:/home/wtwhite/code/regression-test-generation-NON-SOURCE-EQUIV/find-diff-classes/compile/gaoss/org/apache/hadoop/hadoop-hdfs/3.4.0/t/dependency/kerb-client-2.0.3.jar:/home/wtwhite/code/regression-test-generation-NON-SOURCE-EQUIV/find-diff-classes/compile/gaoss/org/apache/hadoop/hadoop-hdfs/3.4.0/t/dependency/kerb-common-2.0.3.jar:/home/wtwhite/code/regression-test-generation-NON-SOURCE-EQUIV/find-diff-classes/compile/gaoss/org/apache/hadoop/hadoop-hdfs/3.4.0/t/dependency/kerb-core-2.0.3.jar:/home/wtwhite/code/regression-test-generation-NON-SOURCE-EQUIV/find-diff-classes/compile/gaoss/org/apache/hadoop/hadoop-hdfs/3.4.0/t/dependency/kerb-crypto-2.0.3.jar:/home/wtwhite/code/regression-test-generation-NON-SOURCE-EQUIV/find-diff-classes/compile/gaoss/org/apache/hadoop/hadoop-hdfs/3.4.0/t/dependency/kerb-identity-2.0.3.jar:/home/wtwhite/code/regression-test-generation-NON-SOURCE-EQUIV/find-diff-classes/compile/gaoss/org/apache/hadoop/hadoop-hdfs/3.4.0/t/dependency/kerb-server-2.0.3.jar:/home/wtwhite/code/regression-test-generation-NON-SOURCE-EQUIV/find-diff-classes/compile/gaoss/org/apache/hadoop/hadoop-hdfs/3.4.0/t/dependency/kerb-simplekdc-2.0.3.jar:/home/wtwhite/code/regression-test-generation-NON-SOURCE-EQUIV/find-diff-classes/compile/gaoss/org/apache/hadoop/hadoop-hdfs/3.4.0/t/dependency/kerb-util-2.0.3.jar:/home/wtwhite/code/regression-test-generation-NON-SOURCE-EQUIV/find-diff-classes/compile/gaoss/org/apache/hadoop/hadoop-hdfs/3.4.0/t/dependency/kerby-asn1-2.0.3.jar:/home/wtwhite/code/regression-test-generation-NON-SOURCE-EQUIV/find-diff-classes/compile/gaoss/org/apache/hadoop/hadoop-hdfs/3.4.0/t/dependency/kerby-config-2.0.3.jar:/home/wtwhite/code/regression-test-generation-NON-SOURCE-EQUIV/find-diff-classes/compile/gaoss/org/apache/hadoop/hadoop-hdfs/3.4.0/t/dependency/kerby-pkix-2.0.3.jar:/home/wtwhite/code/regression-test-generation-NON-SOURCE-EQUIV/find-diff-classes/compile/gaoss/org/apache/hadoop/hadoop-hdfs/3.4.0/t/dependency/kerby-util-2.0.3.jar:/home/wtwhite/code/regression-test-generation-NON-SOURCE-EQUIV/find-diff-classes/compile/gaoss/org/apache/hadoop/hadoop-hdfs/3.4.0/t/dependency/kerby-xdr-2.0.3.jar:/home/wtwhite/code/regression-test-generation-NON-SOURCE-EQUIV/find-diff-classes/compile/gaoss/org/apache/hadoop/hadoop-hdfs/3.4.0/t/dependency/leveldbjni-all-1.8.jar:/home/wtwhite/code/regression-test-generation-NON-SOURCE-EQUIV/find-diff-classes/compile/gaoss/org/apache/hadoop/hadoop-hdfs/3.4.0/t/dependency/listenablefuture-9999.0-empty-to-avoid-conflict-with-guava.jar:/home/wtwhite/code/regression-test-generation-NON-SOURCE-EQUIV/find-diff-classes/compile/gaoss/org/apache/hadoop/hadoop-hdfs/3.4.0/t/dependency/lz4-java-1.7.1.jar:/home/wtwhite/code/regression-test-generation-NON-SOURCE-EQUIV/find-diff-classes/compile/gaoss/org/apache/hadoop/hadoop-hdfs/3.4.0/t/dependency/metrics-core-3.2.4.jar:/home/wtwhite/code/regression-test-generation-NON-SOURCE-EQUIV/find-diff-classes/compile/gaoss/org/apache/hadoop/hadoop-hdfs/3.4.0/t/dependency/mockito-core-2.28.2.jar:/home/wtwhite/code/regression-test-generation-NON-SOURCE-EQUIV/find-diff-classes/compile/gaoss/org/apache/hadoop/hadoop-hdfs/3.4.0/t/dependency/netty-all-4.1.100.Final.jar:/home/wtwhite/code/regression-test-generation-NON-SOURCE-EQUIV/find-diff-classes/compile/gaoss/org/apache/hadoop/hadoop-hdfs/3.4.0/t/dependency/netty-buffer-4.1.100.Final.jar:/home/wtwhite/code/regression-test-generation-NON-SOURCE-EQUIV/find-diff-classes/compile/gaoss/org/apache/hadoop/hadoop-hdfs/3.4.0/t/dependency/netty-codec-4.1.100.Final.jar:/home/wtwhite/code/regression-test-generation-NON-SOURCE-EQUIV/find-diff-classes/compile/gaoss/org/apache/hadoop/hadoop-hdfs/3.4.0/t/dependency/netty-codec-dns-4.1.100.Final.jar:/home/wtwhite/code/regression-test-generation-NON-SOURCE-EQUIV/find-diff-classes/compile/gaoss/org/apache/hadoop/hadoop-hdfs/3.4.0/t/dependency/netty-codec-haproxy-4.1.100.Final.jar:/home/wtwhite/code/regression-test-generation-NON-SOURCE-EQUIV/find-diff-classes/compile/gaoss/org/apache/hadoop/hadoop-hdfs/3.4.0/t/dependency/netty-codec-http-4.1.100.Final.jar:/home/wtwhite/code/regression-test-generation-NON-SOURCE-EQUIV/find-diff-classes/compile/gaoss/org/apache/hadoop/hadoop-hdfs/3.4.0/t/dependency/netty-codec-http2-4.1.100.Final.jar:/home/wtwhite/code/regression-test-generation-NON-SOURCE-EQUIV/find-diff-classes/compile/gaoss/org/apache/hadoop/hadoop-hdfs/3.4.0/t/dependency/netty-codec-memcache-4.1.100.Final.jar:/home/wtwhite/code/regression-test-generation-NON-SOURCE-EQUIV/find-diff-classes/compile/gaoss/org/apache/hadoop/hadoop-hdfs/3.4.0/t/dependency/netty-codec-mqtt-4.1.100.Final.jar:/home/wtwhite/code/regression-test-generation-NON-SOURCE-EQUIV/find-diff-classes/compile/gaoss/org/apache/hadoop/hadoop-hdfs/3.4.0/t/dependency/netty-codec-redis-4.1.100.Final.jar:/home/wtwhite/code/regression-test-generation-NON-SOURCE-EQUIV/find-diff-classes/compile/gaoss/org/apache/hadoop/hadoop-hdfs/3.4.0/t/dependency/netty-codec-smtp-4.1.100.Final.jar:/home/wtwhite/code/regression-test-generation-NON-SOURCE-EQUIV/find-diff-classes/compile/gaoss/org/apache/hadoop/hadoop-hdfs/3.4.0/t/dependency/netty-codec-socks-4.1.100.Final.jar:/home/wtwhite/code/regression-test-generation-NON-SOURCE-EQUIV/find-diff-classes/compile/gaoss/org/apache/hadoop/hadoop-hdfs/3.4.0/t/dependency/netty-codec-stomp-4.1.100.Final.jar:/home/wtwhite/code/regression-test-generation-NON-SOURCE-EQUIV/find-diff-classes/compile/gaoss/org/apache/hadoop/hadoop-hdfs/3.4.0/t/dependency/netty-codec-xml-4.1.100.Final.jar:/home/wtwhite/code/regression-test-generation-NON-SOURCE-EQUIV/find-diff-classes/compile/gaoss/org/apache/hadoop/hadoop-hdfs/3.4.0/t/dependency/netty-common-4.1.100.Final.jar:/home/wtwhite/code/regression-test-generation-NON-SOURCE-EQUIV/find-diff-classes/compile/gaoss/org/apache/hadoop/hadoop-hdfs/3.4.0/t/dependency/netty-handler-4.1.100.Final.jar:/home/wtwhite/code/regression-test-generation-NON-SOURCE-EQUIV/find-diff-classes/compile/gaoss/org/apache/hadoop/hadoop-hdfs/3.4.0/t/dependency/netty-handler-proxy-4.1.100.Final.jar:/home/wtwhite/code/regression-test-generation-NON-SOURCE-EQUIV/find-diff-classes/compile/gaoss/org/apache/hadoop/hadoop-hdfs/3.4.0/t/dependency/netty-handler-ssl-ocsp-4.1.100.Final.jar:/home/wtwhite/code/regression-test-generation-NON-SOURCE-EQUIV/find-diff-classes/compile/gaoss/org/apache/hadoop/hadoop-hdfs/3.4.0/t/dependency/netty-resolver-4.1.100.Final.jar:/home/wtwhite/code/regression-test-generation-NON-SOURCE-EQUIV/find-diff-classes/compile/gaoss/org/apache/hadoop/hadoop-hdfs/3.4.0/t/dependency/netty-resolver-dns-4.1.100.Final.jar:/home/wtwhite/code/regression-test-generation-NON-SOURCE-EQUIV/find-diff-classes/compile/gaoss/org/apache/hadoop/hadoop-hdfs/3.4.0/t/dependency/netty-resolver-dns-classes-macos-4.1.100.Final.jar:/home/wtwhite/code/regression-test-generation-NON-SOURCE-EQUIV/find-diff-classes/compile/gaoss/org/apache/hadoop/hadoop-hdfs/3.4.0/t/dependency/netty-resolver-dns-native-macos-4.1.100.Final-osx-aarch_64.jar:/home/wtwhite/code/regression-test-generation-NON-SOURCE-EQUIV/find-diff-classes/compile/gaoss/org/apache/hadoop/hadoop-hdfs/3.4.0/t/dependency/netty-resolver-dns-native-macos-4.1.100.Final-osx-x86_64.jar:/home/wtwhite/code/regression-test-generation-NON-SOURCE-EQUIV/find-diff-classes/compile/gaoss/org/apache/hadoop/hadoop-hdfs/3.4.0/t/dependency/netty-transport-4.1.100.Final.jar:/home/wtwhite/code/regression-test-generation-NON-SOURCE-EQUIV/find-diff-classes/compile/gaoss/org/apache/hadoop/hadoop-hdfs/3.4.0/t/dependency/netty-transport-classes-epoll-4.1.100.Final.jar:/home/wtwhite/code/regression-test-generation-NON-SOURCE-EQUIV/find-diff-classes/compile/gaoss/org/apache/hadoop/hadoop-hdfs/3.4.0/t/dependency/netty-transport-classes-kqueue-4.1.100.Final.jar:/home/wtwhite/code/regression-test-generation-NON-SOURCE-EQUIV/find-diff-classes/compile/gaoss/org/apache/hadoop/hadoop-hdfs/3.4.0/t/dependency/netty-transport-native-epoll-4.1.100.Final-linux-aarch_64.jar:/home/wtwhite/code/regression-test-generation-NON-SOURCE-EQUIV/find-diff-classes/compile/gaoss/org/apache/hadoop/hadoop-hdfs/3.4.0/t/dependency/netty-transport-native-epoll-4.1.100.Final-linux-x86_64.jar:/home/wtwhite/code/regression-test-generation-NON-SOURCE-EQUIV/find-diff-classes/compile/gaoss/org/apache/hadoop/hadoop-hdfs/3.4.0/t/dependency/netty-transport-native-epoll-4.1.100.Final.jar:/home/wtwhite/code/regression-test-generation-NON-SOURCE-EQUIV/find-diff-classes/compile/gaoss/org/apache/hadoop/hadoop-hdfs/3.4.0/t/dependency/netty-transport-native-kqueue-4.1.100.Final-osx-aarch_64.jar:/home/wtwhite/code/regression-test-generation-NON-SOURCE-EQUIV/find-diff-classes/compile/gaoss/org/apache/hadoop/hadoop-hdfs/3.4.0/t/dependency/netty-transport-native-kqueue-4.1.100.Final-osx-x86_64.jar:/home/wtwhite/code/regression-test-generation-NON-SOURCE-EQUIV/find-diff-classes/compile/gaoss/org/apache/hadoop/hadoop-hdfs/3.4.0/t/dependency/netty-transport-native-unix-common-4.1.100.Final.jar:/home/wtwhite/code/regression-test-generation-NON-SOURCE-EQUIV/find-diff-classes/compile/gaoss/org/apache/hadoop/hadoop-hdfs/3.4.0/t/dependency/netty-transport-rxtx-4.1.100.Final.jar:/home/wtwhite/code/regression-test-generation-NON-SOURCE-EQUIV/find-diff-classes/compile/gaoss/org/apache/hadoop/hadoop-hdfs/3.4.0/t/dependency/netty-transport-sctp-4.1.100.Final.jar:/home/wtwhite/code/regression-test-generation-NON-SOURCE-EQUIV/find-diff-classes/compile/gaoss/org/apache/hadoop/hadoop-hdfs/3.4.0/t/dependency/netty-transport-udt-4.1.100.Final.jar:/home/wtwhite/code/regression-test-generation-NON-SOURCE-EQUIV/find-diff-classes/compile/gaoss/org/apache/hadoop/hadoop-hdfs/3.4.0/t/dependency/nimbus-jose-jwt-9.31.jar:/home/wtwhite/code/regression-test-generation-NON-SOURCE-EQUIV/find-diff-classes/compile/gaoss/org/apache/hadoop/hadoop-hdfs/3.4.0/t/dependency/objenesis-2.6.jar:/home/wtwhite/code/regression-test-generation-NON-SOURCE-EQUIV/find-diff-classes/compile/gaoss/org/apache/hadoop/hadoop-hdfs/3.4.0/t/dependency/opentest4j-1.2.0.jar:/home/wtwhite/code/regression-test-generation-NON-SOURCE-EQUIV/find-diff-classes/compile/gaoss/org/apache/hadoop/hadoop-hdfs/3.4.0/t/dependency/protobuf-java-2.5.0.jar:/home/wtwhite/code/regression-test-generation-NON-SOURCE-EQUIV/find-diff-classes/compile/gaoss/org/apache/hadoop/hadoop-hdfs/3.4.0/t/dependency/re2j-1.1.jar:/home/wtwhite/code/regression-test-generation-NON-SOURCE-EQUIV/find-diff-classes/compile/gaoss/org/apache/hadoop/hadoop-hdfs/3.4.0/t/dependency/reload4j-1.2.22.jar:/home/wtwhite/code/regression-test-generation-NON-SOURCE-EQUIV/find-diff-classes/compile/gaoss/org/apache/hadoop/hadoop-hdfs/3.4.0/t/dependency/slf4j-api-1.7.36.jar:/home/wtwhite/code/regression-test-generation-NON-SOURCE-EQUIV/find-diff-classes/compile/gaoss/org/apache/hadoop/hadoop-hdfs/3.4.0/t/dependency/slf4j-reload4j-1.7.36.jar:/home/wtwhite/code/regression-test-generation-NON-SOURCE-EQUIV/find-diff-classes/compile/gaoss/org/apache/hadoop/hadoop-hdfs/3.4.0/t/dependency/snappy-java-1.1.10.4.jar:/home/wtwhite/code/regression-test-generation-NON-SOURCE-EQUIV/find-diff-classes/compile/gaoss/org/apache/hadoop/hadoop-hdfs/3.4.0/t/dependency/stax2-api-4.2.1.jar:/home/wtwhite/code/regression-test-generation-NON-SOURCE-EQUIV/find-diff-classes/compile/gaoss/org/apache/hadoop/hadoop-hdfs/3.4.0/t/dependency/token-provider-2.0.3.jar:/home/wtwhite/code/regression-test-generation-NON-SOURCE-EQUIV/find-diff-classes/compile/gaoss/org/apache/hadoop/hadoop-hdfs/3.4.0/t/dependency/woodstox-core-5.4.0.jar:/home/wtwhite/code/regression-test-generation-NON-SOURCE-EQUIV/find-diff-classes/compile/gaoss/org/apache/hadoop/hadoop-hdfs/3.4.0/t/dependency/zookeeper-3.8.3-tests.jar:/home/wtwhite/code/regression-test-generation-NON-SOURCE-EQUIV/find-diff-classes/compile/gaoss/org/apache/hadoop/hadoop-hdfs/3.4.0/t/dependency/zookeeper-3.8.3.jar:/home/wtwhite/code/regression-test-generation-NON-SOURCE-EQUIV/find-diff-classes/compile/gaoss/org/apache/hadoop/hadoop-hdfs/3.4.0/t/dependency/zookeeper-jute-3.8.3.jar:/home/wtwhite/code/regression-test-generation/evosuite/evosuite-standalone-runtime-1.2.0.jar:/home/wtwhite/.m2/repository/junit/junit/4.13.2/junit-4.13.2.jar:/home/wtwhite/.m2/repository/org/hamcrest/hamcrest-core/1.3/hamcrest-core-1.3.jar:"/>
    <property name="sun.cpu.endian" value="little"/>
    <property name="user.home" value="/home/wtwhite"/>
    <property name="user.language" value="en"/>
    <property name="java.specification.vendor" value="Oracle Corporation"/>
    <property name="java.home" value="/usr/lib/jvm/java-8-openjdk-amd64/jre"/>
    <property name="basedir" value="/home/wtwhite/code/regression-test-generation-NON-SOURCE-EQUIV/find-diff-classes/compile/gaoss/org/apache/hadoop/hadoop-hdfs/3.4.0"/>
    <property name="file.separator" value="/"/>
    <property name="line.separator" value="&#10;"/>
    <property name="java.vm.specification.vendor" value="Oracle Corporation"/>
    <property name="java.specification.name" value="Java Platform API Specification"/>
    <property name="java.awt.graphicsenv" value="sun.awt.X11GraphicsEnvironment"/>
    <property name="surefire.real.class.path" value="/home/wtwhite/code/regression-test-generation-NON-SOURCE-EQUIV/find-diff-classes/compile/gaoss/org/apache/hadoop/hadoop-hdfs/3.4.0/target/surefire/surefirebooter-20241112134217976_3.jar"/>
    <property name="sun.boot.class.path" value="/usr/lib/jvm/java-8-openjdk-amd64/jre/lib/resources.jar:/usr/lib/jvm/java-8-openjdk-amd64/jre/lib/rt.jar:/usr/lib/jvm/java-8-openjdk-amd64/jre/lib/sunrsasign.jar:/usr/lib/jvm/java-8-openjdk-amd64/jre/lib/jsse.jar:/usr/lib/jvm/java-8-openjdk-amd64/jre/lib/jce.jar:/usr/lib/jvm/java-8-openjdk-amd64/jre/lib/charsets.jar:/usr/lib/jvm/java-8-openjdk-amd64/jre/lib/jfr.jar:/usr/lib/jvm/java-8-openjdk-amd64/jre/classes"/>
    <property name="sun.management.compiler" value="HotSpot 64-Bit Tiered Compilers"/>
    <property name="java.runtime.version" value="1.8.0_382-8u382-ga-1~22.04.1-b05"/>
    <property name="user.name" value="wtwhite"/>
    <property name="path.separator" value=":"/>
    <property name="os.version" value="5.15.0-87-generic"/>
    <property name="java.endorsed.dirs" value="/usr/lib/jvm/java-8-openjdk-amd64/jre/lib/endorsed"/>
    <property name="java.runtime.name" value="OpenJDK Runtime Environment"/>
    <property name="file.encoding" value="UTF-8"/>
    <property name="java.vm.name" value="OpenJDK 64-Bit Server VM"/>
    <property name="localRepository" value="/home/wtwhite/.m2/repository"/>
    <property name="java.vendor.url.bug" value="http://bugreport.sun.com/bugreport/"/>
    <property name="java.io.tmpdir" value="/tmp"/>
    <property name="java.version" value="1.8.0_382"/>
    <property name="user.dir" value="/home/wtwhite/code/regression-test-generation-NON-SOURCE-EQUIV/find-diff-classes/compile/gaoss/org/apache/hadoop/hadoop-hdfs/3.4.0"/>
    <property name="os.arch" value="amd64"/>
    <property name="java.vm.specification.name" value="Java Virtual Machine Specification"/>
    <property name="java.awt.printerjob" value="sun.print.PSPrinterJob"/>
    <property name="sun.os.patch.level" value="unknown"/>
    <property name="java.library.path" value="/usr/java/packages/lib/amd64:/usr/lib/x86_64-linux-gnu/jni:/lib/x86_64-linux-gnu:/usr/lib/x86_64-linux-gnu:/usr/lib/jni:/lib:/usr/lib"/>
    <property name="java.vm.info" value="mixed mode"/>
    <property name="java.vendor" value="Private Build"/>
    <property name="java.vm.version" value="25.382-b05"/>
    <property name="java.specification.maintenance.version" value="5"/>
    <property name="java.ext.dirs" value="/usr/lib/jvm/java-8-openjdk-amd64/jre/lib/ext:/usr/java/packages/lib/ext"/>
    <property name="sun.io.unicode.encoding" value="UnicodeLittle"/>
    <property name="java.class.version" value="52.0"/>
  </properties>
  <testcase name="test049" classname="org.apache.hadoop.hdfs.tools.DFSAdmin_ESTest" time="2.107">
    <system-out><![CDATA[2024-11-12 13:43:05,459 INFO  EvoClassLoader - Seeing class for first time: org.apache.hadoop.hdfs.tools.DFSAdmin_ESTest
2024-11-12 13:43:05,459 INFO  EvoClassLoader - Instrumenting class 'org.apache.hadoop.hdfs.tools.DFSAdmin_ESTest'.
2024-11-12 13:43:05,460 INFO  EvoClassLoader - Seeing class for first time: org.apache.hadoop.hdfs.tools.DFSAdmin_ESTest_scaffolding
2024-11-12 13:43:05,460 INFO  EvoClassLoader - Instrumenting class 'org.apache.hadoop.hdfs.tools.DFSAdmin_ESTest_scaffolding'.
2024-11-12 13:43:05,462 INFO  EvoClassLoader - Keeping class: org.apache.hadoop.hdfs.tools.DFSAdmin_ESTest_scaffolding
2024-11-12 13:43:05,462 INFO  EvoClassLoader - Keeping class: org.apache.hadoop.hdfs.tools.DFSAdmin_ESTest
2024-11-12 13:43:05,462 INFO  EvoClassLoader - Seeing class for first time: org.apache.hadoop.thirdparty.protobuf.ByteString$Output
2024-11-12 13:43:05,462 INFO  EvoClassLoader - Instrumenting class 'org.apache.hadoop.thirdparty.protobuf.ByteString$Output'.
2024-11-12 13:43:05,463 INFO  MethodCallReplacementClassAdapter - Adding mock interface to class org/apache/hadoop/thirdparty/protobuf/ByteString$Output
2024-11-12 13:43:05,463 INFO  CreateClassResetClassAdapter - Found static initializer in class org/apache/hadoop/thirdparty/protobuf/ByteString$Output
2024-11-12 13:43:05,463 INFO  EvoClassLoader - Keeping class: org.apache.hadoop.thirdparty.protobuf.ByteString$Output
2024-11-12 13:43:05,467 INFO  EvoClassLoader - Seeing class for first time: org.apache.hadoop.util.Shell$OSType
2024-11-12 13:43:05,467 INFO  EvoClassLoader - Instrumenting class 'org.apache.hadoop.util.Shell$OSType'.
2024-11-12 13:43:05,468 INFO  MethodCallReplacementClassAdapter - Adding mock interface to class org/apache/hadoop/util/Shell$OSType
2024-11-12 13:43:05,468 INFO  CreateClassResetClassAdapter - Found static initializer in class org/apache/hadoop/util/Shell$OSType
2024-11-12 13:43:05,468 INFO  EvoClassLoader - Keeping class: org.apache.hadoop.util.Shell$OSType
2024-11-12 13:43:05,469 INFO  EvoClassLoader - Seeing class for first time: com.ctc.wstx.sr.CompactNsContext
2024-11-12 13:43:05,469 INFO  EvoClassLoader - Instrumenting class 'com.ctc.wstx.sr.CompactNsContext'.
2024-11-12 13:43:05,469 INFO  MethodCallReplacementClassAdapter - Adding mock interface to class com/ctc/wstx/sr/CompactNsContext
2024-11-12 13:43:05,469 INFO  CreateClassResetClassAdapter - Creating brand-new static initializer in class com/ctc/wstx/sr/CompactNsContext
2024-11-12 13:43:05,469 INFO  EvoClassLoader - Defined package (3): package com.ctc.wstx.sr, 1195124708
2024-11-12 13:43:05,469 INFO  EvoClassLoader - Seeing class for first time: com.ctc.wstx.util.BaseNsContext
2024-11-12 13:43:05,469 INFO  EvoClassLoader - Instrumenting class 'com.ctc.wstx.util.BaseNsContext'.
2024-11-12 13:43:05,470 INFO  MethodCallReplacementClassAdapter - Adding mock interface to class com/ctc/wstx/util/BaseNsContext
2024-11-12 13:43:05,470 INFO  CreateClassResetClassAdapter - Creating brand-new static initializer in class com/ctc/wstx/util/BaseNsContext
2024-11-12 13:43:05,470 INFO  CreateClassResetClassAdapter - Adding bytecode for initializing field UNDECLARED_NS_URI
2024-11-12 13:43:05,470 INFO  EvoClassLoader - Defined package (3): package com.ctc.wstx.util, 1758641223
2024-11-12 13:43:05,471 INFO  EvoClassLoader - Keeping class: com.ctc.wstx.util.BaseNsContext
2024-11-12 13:43:05,471 INFO  EvoClassLoader - Keeping class: com.ctc.wstx.sr.CompactNsContext
2024-11-12 13:43:05,471 INFO  EvoClassLoader - Seeing class for first time: org.apache.hadoop.fs.FileSystem
2024-11-12 13:43:05,471 INFO  EvoClassLoader - Instrumenting class 'org.apache.hadoop.fs.FileSystem'.
2024-11-12 13:43:05,472 INFO  MethodCallReplacementClassAdapter - Adding mock interface to class org/apache/hadoop/fs/FileSystem
2024-11-12 13:43:05,478 INFO  CreateClassResetClassAdapter - Found static initializer in class org/apache/hadoop/fs/FileSystem
2024-11-12 13:43:05,478 INFO  EvoClassLoader - Defined package (3): package org.apache.hadoop.fs, -40118176
2024-11-12 13:43:05,480 INFO  EvoClassLoader - Seeing class for first time: org.apache.hadoop.security.token.DelegationTokenIssuer
2024-11-12 13:43:05,480 INFO  EvoClassLoader - Instrumenting class 'org.apache.hadoop.security.token.DelegationTokenIssuer'.
2024-11-12 13:43:05,481 INFO  EvoClassLoader - Defined package (3): package org.apache.hadoop.security.token, -540953378
2024-11-12 13:43:05,481 INFO  EvoClassLoader - Keeping class: org.apache.hadoop.security.token.DelegationTokenIssuer
2024-11-12 13:43:05,481 INFO  EvoClassLoader - Seeing class for first time: org.apache.hadoop.fs.PathCapabilities
2024-11-12 13:43:05,481 INFO  EvoClassLoader - Instrumenting class 'org.apache.hadoop.fs.PathCapabilities'.
2024-11-12 13:43:05,481 INFO  EvoClassLoader - Keeping class: org.apache.hadoop.fs.PathCapabilities
2024-11-12 13:43:05,482 INFO  EvoClassLoader - Seeing class for first time: org.apache.hadoop.conf.Configured
2024-11-12 13:43:05,482 INFO  EvoClassLoader - Instrumenting class 'org.apache.hadoop.conf.Configured'.
2024-11-12 13:43:05,482 INFO  MethodCallReplacementClassAdapter - Adding mock interface to class org/apache/hadoop/conf/Configured
2024-11-12 13:43:05,482 INFO  CreateClassResetClassAdapter - Creating brand-new static initializer in class org/apache/hadoop/conf/Configured
2024-11-12 13:43:05,482 INFO  EvoClassLoader - Defined package (3): package org.apache.hadoop.conf, 101048823
2024-11-12 13:43:05,482 INFO  EvoClassLoader - Seeing class for first time: org.apache.hadoop.conf.Configurable
2024-11-12 13:43:05,482 INFO  EvoClassLoader - Instrumenting class 'org.apache.hadoop.conf.Configurable'.
2024-11-12 13:43:05,483 INFO  EvoClassLoader - Keeping class: org.apache.hadoop.conf.Configurable
2024-11-12 13:43:05,483 INFO  EvoClassLoader - Keeping class: org.apache.hadoop.conf.Configured
2024-11-12 13:43:05,483 INFO  EvoClassLoader - Keeping class: org.apache.hadoop.fs.FileSystem
2024-11-12 13:43:05,483 INFO  EvoClassLoader - Seeing class for first time: org.apache.hadoop.fs.PathFilter
2024-11-12 13:43:05,483 INFO  EvoClassLoader - Instrumenting class 'org.apache.hadoop.fs.PathFilter'.
2024-11-12 13:43:05,483 INFO  EvoClassLoader - Keeping class: org.apache.hadoop.fs.PathFilter
2024-11-12 13:43:05,483 INFO  EvoClassLoader - Seeing class for first time: org.apache.hadoop.fs.GlobalStorageStatistics$StorageStatisticsProvider
2024-11-12 13:43:05,483 INFO  EvoClassLoader - Instrumenting class 'org.apache.hadoop.fs.GlobalStorageStatistics$StorageStatisticsProvider'.
2024-11-12 13:43:05,484 INFO  EvoClassLoader - Keeping class: org.apache.hadoop.fs.GlobalStorageStatistics$StorageStatisticsProvider
2024-11-12 13:43:05,484 INFO  EvoClassLoader - Seeing class for first time: org.apache.hadoop.fs.ParentNotDirectoryException
2024-11-12 13:43:05,484 INFO  EvoClassLoader - Instrumenting class 'org.apache.hadoop.fs.ParentNotDirectoryException'.
2024-11-12 13:43:05,485 INFO  MethodCallReplacementClassAdapter - Adding mock interface to class org/apache/hadoop/fs/ParentNotDirectoryException
2024-11-12 13:43:05,485 INFO  CreateClassResetClassAdapter - Creating brand-new static initializer in class org/apache/hadoop/fs/ParentNotDirectoryException
2024-11-12 13:43:05,485 INFO  EvoClassLoader - Keeping class: org.apache.hadoop.fs.ParentNotDirectoryException
2024-11-12 13:43:05,485 INFO  EvoClassLoader - Seeing class for first time: org.apache.hadoop.fs.CreateFlag
2024-11-12 13:43:05,485 INFO  EvoClassLoader - Instrumenting class 'org.apache.hadoop.fs.CreateFlag'.
2024-11-12 13:43:05,485 INFO  MethodCallReplacementClassAdapter - Adding mock interface to class org/apache/hadoop/fs/CreateFlag
2024-11-12 13:43:05,486 INFO  CreateClassResetClassAdapter - Found static initializer in class org/apache/hadoop/fs/CreateFlag
2024-11-12 13:43:05,486 INFO  EvoClassLoader - Keeping class: org.apache.hadoop.fs.CreateFlag
2024-11-12 13:43:05,486 INFO  EvoClassLoader - Seeing class for first time: org.apache.hadoop.fs.QuotaUsage
2024-11-12 13:43:05,486 INFO  EvoClassLoader - Instrumenting class 'org.apache.hadoop.fs.QuotaUsage'.
2024-11-12 13:43:05,487 INFO  MethodCallReplacementClassAdapter - Adding mock interface to class org/apache/hadoop/fs/QuotaUsage
2024-11-12 13:43:05,487 INFO  CreateClassResetClassAdapter - Found static initializer in class org/apache/hadoop/fs/QuotaUsage
2024-11-12 13:43:05,487 INFO  EvoClassLoader - Keeping class: org.apache.hadoop.fs.QuotaUsage
2024-11-12 13:43:05,487 INFO  EvoClassLoader - Seeing class for first time: org.apache.hadoop.fs.ContentSummary
2024-11-12 13:43:05,487 INFO  EvoClassLoader - Instrumenting class 'org.apache.hadoop.fs.ContentSummary'.
2024-11-12 13:43:05,488 INFO  MethodCallReplacementClassAdapter - Adding mock interface to class org/apache/hadoop/fs/ContentSummary
2024-11-12 13:43:05,488 INFO  CreateClassResetClassAdapter - Found static initializer in class org/apache/hadoop/fs/ContentSummary
2024-11-12 13:43:05,488 INFO  EvoClassLoader - Seeing class for first time: org.apache.hadoop.io.Writable
2024-11-12 13:43:05,488 INFO  EvoClassLoader - Instrumenting class 'org.apache.hadoop.io.Writable'.
2024-11-12 13:43:05,489 INFO  EvoClassLoader - Defined package (3): package org.apache.hadoop.io, -40118087
2024-11-12 13:43:05,489 INFO  EvoClassLoader - Keeping class: org.apache.hadoop.io.Writable
2024-11-12 13:43:05,489 INFO  EvoClassLoader - Keeping class: org.apache.hadoop.fs.ContentSummary
2024-11-12 13:43:05,489 INFO  EvoClassLoader - Seeing class for first time: org.apache.hadoop.fs.RemoteIterator
2024-11-12 13:43:05,489 INFO  EvoClassLoader - Instrumenting class 'org.apache.hadoop.fs.RemoteIterator'.
2024-11-12 13:43:05,489 INFO  EvoClassLoader - Keeping class: org.apache.hadoop.fs.RemoteIterator
2024-11-12 13:43:05,489 INFO  EvoClassLoader - Seeing class for first time: org.apache.hadoop.fs.LocalFileSystem
2024-11-12 13:43:05,489 INFO  EvoClassLoader - Instrumenting class 'org.apache.hadoop.fs.LocalFileSystem'.
2024-11-12 13:43:05,489 INFO  MethodCallReplacementClassAdapter - Adding mock interface to class org/apache/hadoop/fs/LocalFileSystem
2024-11-12 13:43:05,491 INFO  CreateClassResetClassAdapter - Found static initializer in class org/apache/hadoop/fs/LocalFileSystem
2024-11-12 13:43:05,492 INFO  EvoClassLoader - Seeing class for first time: org.apache.hadoop.fs.ChecksumFileSystem
2024-11-12 13:43:05,492 INFO  EvoClassLoader - Instrumenting class 'org.apache.hadoop.fs.ChecksumFileSystem'.
2024-11-12 13:43:05,492 INFO  MethodCallReplacementClassAdapter - Adding mock interface to class org/apache/hadoop/fs/ChecksumFileSystem
2024-11-12 13:43:05,496 INFO  CreateClassResetClassAdapter - Found static initializer in class org/apache/hadoop/fs/ChecksumFileSystem
2024-11-12 13:43:05,497 INFO  EvoClassLoader - Seeing class for first time: org.apache.hadoop.fs.FilterFileSystem
2024-11-12 13:43:05,497 INFO  EvoClassLoader - Instrumenting class 'org.apache.hadoop.fs.FilterFileSystem'.
2024-11-12 13:43:05,498 INFO  MethodCallReplacementClassAdapter - Adding mock interface to class org/apache/hadoop/fs/FilterFileSystem
2024-11-12 13:43:05,499 INFO  CreateClassResetClassAdapter - Creating brand-new static initializer in class org/apache/hadoop/fs/FilterFileSystem
2024-11-12 13:43:05,500 INFO  EvoClassLoader - Keeping class: org.apache.hadoop.fs.FilterFileSystem
2024-11-12 13:43:05,500 INFO  EvoClassLoader - Keeping class: org.apache.hadoop.fs.ChecksumFileSystem
2024-11-12 13:43:05,500 INFO  EvoClassLoader - Keeping class: org.apache.hadoop.fs.LocalFileSystem
2024-11-12 13:43:05,500 INFO  EvoClassLoader - Seeing class for first time: org.apache.hadoop.security.AccessControlException
2024-11-12 13:43:05,500 INFO  EvoClassLoader - Instrumenting class 'org.apache.hadoop.security.AccessControlException'.
2024-11-12 13:43:05,501 INFO  MethodCallReplacementClassAdapter - Adding mock interface to class org/apache/hadoop/security/AccessControlException
2024-11-12 13:43:05,501 INFO  CreateClassResetClassAdapter - Creating brand-new static initializer in class org/apache/hadoop/security/AccessControlException
2024-11-12 13:43:05,501 INFO  EvoClassLoader - Defined package (3): package org.apache.hadoop.security, 1193150611
2024-11-12 13:43:05,501 INFO  EvoClassLoader - Keeping class: org.apache.hadoop.security.AccessControlException
2024-11-12 13:43:05,501 INFO  EvoClassLoader - Seeing class for first time: org.apache.hadoop.fs.XAttrSetFlag
2024-11-12 13:43:05,501 INFO  EvoClassLoader - Instrumenting class 'org.apache.hadoop.fs.XAttrSetFlag'.
2024-11-12 13:43:05,502 INFO  MethodCallReplacementClassAdapter - Adding mock interface to class org/apache/hadoop/fs/XAttrSetFlag
2024-11-12 13:43:05,502 INFO  CreateClassResetClassAdapter - Found static initializer in class org/apache/hadoop/fs/XAttrSetFlag
2024-11-12 13:43:05,503 INFO  EvoClassLoader - Keeping class: org.apache.hadoop.fs.XAttrSetFlag
2024-11-12 13:43:05,503 INFO  EvoClassLoader - Seeing class for first time: org.apache.hadoop.fs.UnsupportedFileSystemException
2024-11-12 13:43:05,503 INFO  EvoClassLoader - Instrumenting class 'org.apache.hadoop.fs.UnsupportedFileSystemException'.
2024-11-12 13:43:05,504 INFO  MethodCallReplacementClassAdapter - Adding mock interface to class org/apache/hadoop/fs/UnsupportedFileSystemException
2024-11-12 13:43:05,504 INFO  CreateClassResetClassAdapter - Creating brand-new static initializer in class org/apache/hadoop/fs/UnsupportedFileSystemException
2024-11-12 13:43:05,504 INFO  EvoClassLoader - Keeping class: org.apache.hadoop.fs.UnsupportedFileSystemException
2024-11-12 13:43:05,504 INFO  EvoClassLoader - Seeing class for first time: org.apache.hadoop.fs.StorageStatistics
2024-11-12 13:43:05,504 INFO  EvoClassLoader - Instrumenting class 'org.apache.hadoop.fs.StorageStatistics'.
2024-11-12 13:43:05,504 INFO  MethodCallReplacementClassAdapter - Adding mock interface to class org/apache/hadoop/fs/StorageStatistics
2024-11-12 13:43:05,504 INFO  CreateClassResetClassAdapter - Creating brand-new static initializer in class org/apache/hadoop/fs/StorageStatistics
2024-11-12 13:43:05,504 INFO  EvoClassLoader - Keeping class: org.apache.hadoop.fs.StorageStatistics
2024-11-12 13:43:05,505 INFO  EvoClassLoader - Seeing class for first time: org.apache.hadoop.fs.EmptyStorageStatistics
2024-11-12 13:43:05,505 INFO  EvoClassLoader - Instrumenting class 'org.apache.hadoop.fs.EmptyStorageStatistics'.
2024-11-12 13:43:05,505 INFO  MethodCallReplacementClassAdapter - Adding mock interface to class org/apache/hadoop/fs/EmptyStorageStatistics
2024-11-12 13:43:05,505 INFO  CreateClassResetClassAdapter - Creating brand-new static initializer in class org/apache/hadoop/fs/EmptyStorageStatistics
2024-11-12 13:43:05,505 INFO  EvoClassLoader - Keeping class: org.apache.hadoop.fs.EmptyStorageStatistics
2024-11-12 13:43:05,505 INFO  EvoClassLoader - Seeing class for first time: org.apache.hadoop.fs.FSDataOutputStreamBuilder
2024-11-12 13:43:05,505 INFO  EvoClassLoader - Instrumenting class 'org.apache.hadoop.fs.FSDataOutputStreamBuilder'.
2024-11-12 13:43:05,505 INFO  MethodCallReplacementClassAdapter - Adding mock interface to class org/apache/hadoop/fs/FSDataOutputStreamBuilder
2024-11-12 13:43:05,506 INFO  CreateClassResetClassAdapter - Creating brand-new static initializer in class org/apache/hadoop/fs/FSDataOutputStreamBuilder
2024-11-12 13:43:05,506 INFO  EvoClassLoader - Seeing class for first time: org.apache.hadoop.fs.impl.AbstractFSBuilderImpl
2024-11-12 13:43:05,506 INFO  EvoClassLoader - Instrumenting class 'org.apache.hadoop.fs.impl.AbstractFSBuilderImpl'.
2024-11-12 13:43:05,506 INFO  MethodCallReplacementClassAdapter - Adding mock interface to class org/apache/hadoop/fs/impl/AbstractFSBuilderImpl
2024-11-12 13:43:05,507 INFO  CreateClassResetClassAdapter - Creating brand-new static initializer in class org/apache/hadoop/fs/impl/AbstractFSBuilderImpl
2024-11-12 13:43:05,507 INFO  CreateClassResetClassAdapter - Adding bytecode for initializing field UNKNOWN_MANDATORY_KEY
2024-11-12 13:43:05,507 INFO  CreateClassResetClassAdapter - Adding bytecode for initializing field E_BOTH_A_PATH_AND_A_PATH_HANDLE
2024-11-12 13:43:05,507 INFO  EvoClassLoader - Defined package (3): package org.apache.hadoop.fs.impl, -2003435794
2024-11-12 13:43:05,507 INFO  EvoClassLoader - Seeing class for first time: org.apache.hadoop.fs.FSBuilder
2024-11-12 13:43:05,507 INFO  EvoClassLoader - Instrumenting class 'org.apache.hadoop.fs.FSBuilder'.
2024-11-12 13:43:05,508 INFO  EvoClassLoader - Keeping class: org.apache.hadoop.fs.FSBuilder
2024-11-12 13:43:05,508 INFO  EvoClassLoader - Keeping class: org.apache.hadoop.fs.impl.AbstractFSBuilderImpl
2024-11-12 13:43:05,508 INFO  EvoClassLoader - Keeping class: org.apache.hadoop.fs.FSDataOutputStreamBuilder
2024-11-12 13:43:05,508 INFO  EvoClassLoader - Seeing class for first time: org.apache.hadoop.fs.FileSystem$FileSystemDataOutputStreamBuilder
2024-11-12 13:43:05,508 INFO  EvoClassLoader - Instrumenting class 'org.apache.hadoop.fs.FileSystem$FileSystemDataOutputStreamBuilder'.
2024-11-12 13:43:05,508 INFO  MethodCallReplacementClassAdapter - Adding mock interface to class org/apache/hadoop/fs/FileSystem$FileSystemDataOutputStreamBuilder
2024-11-12 13:43:05,509 INFO  CreateClassResetClassAdapter - Creating brand-new static initializer in class org/apache/hadoop/fs/FileSystem$FileSystemDataOutputStreamBuilder
2024-11-12 13:43:05,509 INFO  EvoClassLoader - Keeping class: org.apache.hadoop.fs.FileSystem$FileSystemDataOutputStreamBuilder
2024-11-12 13:43:05,509 INFO  EvoClassLoader - Seeing class for first time: org.apache.hadoop.fs.FileAlreadyExistsException
2024-11-12 13:43:05,509 INFO  EvoClassLoader - Instrumenting class 'org.apache.hadoop.fs.FileAlreadyExistsException'.
2024-11-12 13:43:05,509 INFO  MethodCallReplacementClassAdapter - Adding mock interface to class org/apache/hadoop/fs/FileAlreadyExistsException
2024-11-12 13:43:05,510 INFO  CreateClassResetClassAdapter - Creating brand-new static initializer in class org/apache/hadoop/fs/FileAlreadyExistsException
2024-11-12 13:43:05,510 INFO  EvoClassLoader - Keeping class: org.apache.hadoop.fs.FileAlreadyExistsException
2024-11-12 13:43:05,510 INFO  EvoClassLoader - Seeing class for first time: org.apache.hadoop.fs.FileSystem$Cache
2024-11-12 13:43:05,510 INFO  EvoClassLoader - Instrumenting class 'org.apache.hadoop.fs.FileSystem$Cache'.
2024-11-12 13:43:05,510 INFO  MethodCallReplacementClassAdapter - Adding mock interface to class org/apache/hadoop/fs/FileSystem$Cache
2024-11-12 13:43:05,512 INFO  CreateClassResetClassAdapter - Found static initializer in class org/apache/hadoop/fs/FileSystem$Cache
2024-11-12 13:43:05,512 INFO  EvoClassLoader - Keeping class: org.apache.hadoop.fs.FileSystem$Cache
2024-11-12 13:43:05,513 INFO  EvoClassLoader - Seeing class for first time: org.apache.hadoop.conf.Configuration
2024-11-12 13:43:05,513 INFO  EvoClassLoader - Instrumenting class 'org.apache.hadoop.conf.Configuration'.
2024-11-12 13:43:05,514 INFO  MethodCallReplacementClassAdapter - Adding mock interface to class org/apache/hadoop/conf/Configuration
2024-11-12 13:43:05,520 INFO  CreateClassResetClassAdapter - Found static initializer in class org/apache/hadoop/conf/Configuration
2024-11-12 13:43:05,522 INFO  EvoClassLoader - Keeping class: org.apache.hadoop.conf.Configuration
2024-11-12 13:43:05,525 INFO  EvoClassLoader - Seeing class for first time: com.ctc.wstx.io.InputBootstrapper
2024-11-12 13:43:05,525 INFO  EvoClassLoader - Instrumenting class 'com.ctc.wstx.io.InputBootstrapper'.
2024-11-12 13:43:05,526 INFO  MethodCallReplacementClassAdapter - Adding mock interface to class com/ctc/wstx/io/InputBootstrapper
2024-11-12 13:43:05,526 INFO  CreateClassResetClassAdapter - Creating brand-new static initializer in class com/ctc/wstx/io/InputBootstrapper
2024-11-12 13:43:05,526 INFO  CreateClassResetClassAdapter - Adding bytecode for initializing field ERR_XMLDECL_KW_VERSION
2024-11-12 13:43:05,526 INFO  CreateClassResetClassAdapter - Adding bytecode for initializing field ERR_XMLDECL_KW_ENCODING
2024-11-12 13:43:05,526 INFO  CreateClassResetClassAdapter - Adding bytecode for initializing field ERR_XMLDECL_KW_STANDALONE
2024-11-12 13:43:05,526 INFO  CreateClassResetClassAdapter - Adding bytecode for initializing field ERR_XMLDECL_END_MARKER
2024-11-12 13:43:05,526 INFO  CreateClassResetClassAdapter - Adding bytecode for initializing field ERR_XMLDECL_EXP_SPACE
2024-11-12 13:43:05,526 INFO  CreateClassResetClassAdapter - Adding bytecode for initializing field ERR_XMLDECL_EXP_EQ
2024-11-12 13:43:05,526 INFO  CreateClassResetClassAdapter - Adding bytecode for initializing field ERR_XMLDECL_EXP_ATTRVAL
2024-11-12 13:43:05,526 INFO  CreateClassResetClassAdapter - Adding bytecode for initializing field CHAR_NULL
2024-11-12 13:43:05,526 INFO  CreateClassResetClassAdapter - Adding bytecode for initializing field CHAR_SPACE
2024-11-12 13:43:05,526 INFO  CreateClassResetClassAdapter - Adding bytecode for initializing field CHAR_NEL
2024-11-12 13:43:05,526 INFO  CreateClassResetClassAdapter - Adding bytecode for initializing field CHAR_CR
2024-11-12 13:43:05,526 INFO  CreateClassResetClassAdapter - Adding bytecode for initializing field CHAR_LF
2024-11-12 13:43:05,526 INFO  CreateClassResetClassAdapter - Adding bytecode for initializing field BYTE_NULL
2024-11-12 13:43:05,526 INFO  CreateClassResetClassAdapter - Adding bytecode for initializing field BYTE_CR
2024-11-12 13:43:05,526 INFO  CreateClassResetClassAdapter - Adding bytecode for initializing field BYTE_LF
2024-11-12 13:43:05,526 INFO  EvoClassLoader - Defined package (3): package com.ctc.wstx.io, 1195124395
2024-11-12 13:43:05,527 INFO  EvoClassLoader - Keeping class: com.ctc.wstx.io.InputBootstrapper
2024-11-12 13:43:05,527 INFO  EvoClassLoader - Seeing class for first time: com.ctc.wstx.io.StreamBootstrapper
2024-11-12 13:43:05,527 INFO  EvoClassLoader - Instrumenting class 'com.ctc.wstx.io.StreamBootstrapper'.
2024-11-12 13:43:05,527 INFO  MethodCallReplacementClassAdapter - Adding mock interface to class com/ctc/wstx/io/StreamBootstrapper
2024-11-12 13:43:05,532 INFO  CreateClassResetClassAdapter - Creating brand-new static initializer in class com/ctc/wstx/io/StreamBootstrapper
2024-11-12 13:43:05,532 INFO  CreateClassResetClassAdapter - Adding bytecode for initializing field MIN_BUF_SIZE
2024-11-12 13:43:05,532 INFO  EvoClassLoader - Keeping class: com.ctc.wstx.io.StreamBootstrapper
2024-11-12 13:43:05,533 INFO  EvoClassLoader - Seeing class for first time: org.apache.hadoop.conf.Configuration$NegativeCacheSentinel
2024-11-12 13:43:05,533 INFO  EvoClassLoader - Instrumenting class 'org.apache.hadoop.conf.Configuration$NegativeCacheSentinel'.
2024-11-12 13:43:05,534 INFO  MethodCallReplacementClassAdapter - Adding mock interface to class org/apache/hadoop/conf/Configuration$NegativeCacheSentinel
2024-11-12 13:43:05,534 INFO  CreateClassResetClassAdapter - Creating brand-new static initializer in class org/apache/hadoop/conf/Configuration$NegativeCacheSentinel
2024-11-12 13:43:05,534 INFO  EvoClassLoader - Keeping class: org.apache.hadoop.conf.Configuration$NegativeCacheSentinel
2024-11-12 13:43:05,534 INFO  EvoClassLoader - Seeing class for first time: com.ctc.wstx.stax.WstxInputFactory
2024-11-12 13:43:05,534 INFO  EvoClassLoader - Instrumenting class 'com.ctc.wstx.stax.WstxInputFactory'.
2024-11-12 13:43:05,535 INFO  MethodCallReplacementClassAdapter - Adding mock interface to class com/ctc/wstx/stax/WstxInputFactory
2024-11-12 13:43:05,539 INFO  CreateClassResetClassAdapter - Found static initializer in class com/ctc/wstx/stax/WstxInputFactory
2024-11-12 13:43:05,540 INFO  EvoClassLoader - Defined package (3): package com.ctc.wstx.stax, 1758581405
2024-11-12 13:43:05,540 INFO  EvoClassLoader - Seeing class for first time: com.ctc.wstx.sr.ReaderCreator
2024-11-12 13:43:05,540 INFO  EvoClassLoader - Instrumenting class 'com.ctc.wstx.sr.ReaderCreator'.
2024-11-12 13:43:05,541 INFO  EvoClassLoader - Keeping class: com.ctc.wstx.sr.ReaderCreator
2024-11-12 13:43:05,541 INFO  EvoClassLoader - Seeing class for first time: com.ctc.wstx.cfg.InputConfigFlags
2024-11-12 13:43:05,541 INFO  EvoClassLoader - Instrumenting class 'com.ctc.wstx.cfg.InputConfigFlags'.
2024-11-12 13:43:05,541 INFO  EvoClassLoader - Defined package (3): package com.ctc.wstx.cfg, -1605855361
2024-11-12 13:43:05,541 INFO  EvoClassLoader - Keeping class: com.ctc.wstx.cfg.InputConfigFlags
2024-11-12 13:43:05,541 INFO  EvoClassLoader - Seeing class for first time: org.codehaus.stax2.XMLInputFactory2
2024-11-12 13:43:05,541 INFO  EvoClassLoader - Instrumenting class 'org.codehaus.stax2.XMLInputFactory2'.
2024-11-12 13:43:05,541 INFO  MethodCallReplacementClassAdapter - Adding mock interface to class org/codehaus/stax2/XMLInputFactory2
2024-11-12 13:43:05,542 INFO  CreateClassResetClassAdapter - Creating brand-new static initializer in class org/codehaus/stax2/XMLInputFactory2
2024-11-12 13:43:05,542 INFO  CreateClassResetClassAdapter - Adding bytecode for initializing field P_REPORT_PROLOG_WHITESPACE
2024-11-12 13:43:05,542 INFO  CreateClassResetClassAdapter - Adding bytecode for initializing field P_REPORT_CDATA
2024-11-12 13:43:05,542 INFO  CreateClassResetClassAdapter - Adding bytecode for initializing field P_LAZY_PARSING
2024-11-12 13:43:05,542 INFO  CreateClassResetClassAdapter - Adding bytecode for initializing field P_INTERN_NAMES
2024-11-12 13:43:05,542 INFO  CreateClassResetClassAdapter - Adding bytecode for initializing field P_INTERN_NS_URIS
2024-11-12 13:43:05,542 INFO  CreateClassResetClassAdapter - Adding bytecode for initializing field P_PRESERVE_LOCATION
2024-11-12 13:43:05,542 INFO  CreateClassResetClassAdapter - Adding bytecode for initializing field P_AUTO_CLOSE_INPUT
2024-11-12 13:43:05,542 INFO  CreateClassResetClassAdapter - Adding bytecode for initializing field P_DTD_OVERRIDE
2024-11-12 13:43:05,542 INFO  EvoClassLoader - Defined package (3): package org.codehaus.stax2, -1889860742
2024-11-12 13:43:05,542 INFO  EvoClassLoader - Seeing class for first time: org.codehaus.stax2.XMLStreamProperties
2024-11-12 13:43:05,542 INFO  EvoClassLoader - Instrumenting class 'org.codehaus.stax2.XMLStreamProperties'.
2024-11-12 13:43:05,542 INFO  EvoClassLoader - Keeping class: org.codehaus.stax2.XMLStreamProperties
2024-11-12 13:43:05,542 INFO  EvoClassLoader - Keeping class: org.codehaus.stax2.XMLInputFactory2
2024-11-12 13:43:05,542 INFO  EvoClassLoader - Keeping class: com.ctc.wstx.stax.WstxInputFactory
2024-11-12 13:43:05,542 INFO  EvoClassLoader - Seeing class for first time: org.codehaus.stax2.XMLEventReader2
2024-11-12 13:43:05,542 INFO  EvoClassLoader - Instrumenting class 'org.codehaus.stax2.XMLEventReader2'.
2024-11-12 13:43:05,543 INFO  EvoClassLoader - Keeping class: org.codehaus.stax2.XMLEventReader2
2024-11-12 13:43:05,543 INFO  EvoClassLoader - Seeing class for first time: com.ctc.wstx.exc.WstxIOException
2024-11-12 13:43:05,543 INFO  EvoClassLoader - Instrumenting class 'com.ctc.wstx.exc.WstxIOException'.
2024-11-12 13:43:05,543 INFO  MethodCallReplacementClassAdapter - Adding mock interface to class com/ctc/wstx/exc/WstxIOException
2024-11-12 13:43:05,543 INFO  CreateClassResetClassAdapter - Creating brand-new static initializer in class com/ctc/wstx/exc/WstxIOException
2024-11-12 13:43:05,543 INFO  EvoClassLoader - Defined package (3): package com.ctc.wstx.exc, -1605852885
2024-11-12 13:43:05,543 INFO  EvoClassLoader - Seeing class for first time: com.ctc.wstx.exc.WstxException
2024-11-12 13:43:05,543 INFO  EvoClassLoader - Instrumenting class 'com.ctc.wstx.exc.WstxException'.
2024-11-12 13:43:05,543 INFO  MethodCallReplacementClassAdapter - Adding mock interface to class com/ctc/wstx/exc/WstxException
2024-11-12 13:43:05,543 INFO  CreateClassResetClassAdapter - Creating brand-new static initializer in class com/ctc/wstx/exc/WstxException
2024-11-12 13:43:05,543 INFO  EvoClassLoader - Keeping class: com.ctc.wstx.exc.WstxException
2024-11-12 13:43:05,543 INFO  EvoClassLoader - Keeping class: com.ctc.wstx.exc.WstxIOException
2024-11-12 13:43:05,543 INFO  EvoClassLoader - Seeing class for first time: org.codehaus.stax2.XMLStreamReader2
2024-11-12 13:43:05,543 INFO  EvoClassLoader - Instrumenting class 'org.codehaus.stax2.XMLStreamReader2'.
2024-11-12 13:43:05,544 INFO  EvoClassLoader - Seeing class for first time: org.codehaus.stax2.typed.TypedXMLStreamReader
2024-11-12 13:43:05,544 INFO  EvoClassLoader - Instrumenting class 'org.codehaus.stax2.typed.TypedXMLStreamReader'.
2024-11-12 13:43:05,544 INFO  EvoClassLoader - Defined package (3): package org.codehaus.stax2.typed, -1667283722
2024-11-12 13:43:05,544 INFO  EvoClassLoader - Keeping class: org.codehaus.stax2.typed.TypedXMLStreamReader
2024-11-12 13:43:05,544 INFO  EvoClassLoader - Seeing class for first time: org.codehaus.stax2.validation.Validatable
2024-11-12 13:43:05,544 INFO  EvoClassLoader - Instrumenting class 'org.codehaus.stax2.validation.Validatable'.
2024-11-12 13:43:05,544 INFO  EvoClassLoader - Defined package (3): package org.codehaus.stax2.validation, 1474122605
2024-11-12 13:43:05,544 INFO  EvoClassLoader - Keeping class: org.codehaus.stax2.validation.Validatable
2024-11-12 13:43:05,544 INFO  EvoClassLoader - Keeping class: org.codehaus.stax2.XMLStreamReader2
2024-11-12 13:43:05,544 INFO  EvoClassLoader - Seeing class for first time: com.ctc.wstx.io.ReaderBootstrapper
2024-11-12 13:43:05,544 INFO  EvoClassLoader - Instrumenting class 'com.ctc.wstx.io.ReaderBootstrapper'.
2024-11-12 13:43:05,544 INFO  MethodCallReplacementClassAdapter - Adding mock interface to class com/ctc/wstx/io/ReaderBootstrapper
2024-11-12 13:43:05,545 INFO  CreateClassResetClassAdapter - Creating brand-new static initializer in class com/ctc/wstx/io/ReaderBootstrapper
2024-11-12 13:43:05,545 INFO  CreateClassResetClassAdapter - Adding bytecode for initializing field CHAR_BOM_MARKER
2024-11-12 13:43:05,545 INFO  EvoClassLoader - Keeping class: com.ctc.wstx.io.ReaderBootstrapper
2024-11-12 13:43:05,545 INFO  EvoClassLoader - Seeing class for first time: com.ctc.wstx.util.DefaultXmlSymbolTable
2024-11-12 13:43:05,545 INFO  EvoClassLoader - Instrumenting class 'com.ctc.wstx.util.DefaultXmlSymbolTable'.
2024-11-12 13:43:05,545 INFO  MethodCallReplacementClassAdapter - Adding mock interface to class com/ctc/wstx/util/DefaultXmlSymbolTable
2024-11-12 13:43:05,545 INFO  CreateClassResetClassAdapter - Found static initializer in class com/ctc/wstx/util/DefaultXmlSymbolTable
2024-11-12 13:43:05,546 INFO  EvoClassLoader - Keeping class: com.ctc.wstx.util.DefaultXmlSymbolTable
2024-11-12 13:43:05,546 INFO  EvoClassLoader - Seeing class for first time: com.ctc.wstx.util.SymbolTable
2024-11-12 13:43:05,546 INFO  EvoClassLoader - Instrumenting class 'com.ctc.wstx.util.SymbolTable'.
2024-11-12 13:43:05,546 INFO  MethodCallReplacementClassAdapter - Adding mock interface to class com/ctc/wstx/util/SymbolTable
2024-11-12 13:43:05,547 INFO  CreateClassResetClassAdapter - Creating brand-new static initializer in class com/ctc/wstx/util/SymbolTable
2024-11-12 13:43:05,547 INFO  CreateClassResetClassAdapter - Adding bytecode for initializing field DEFAULT_TABLE_SIZE
2024-11-12 13:43:05,547 INFO  CreateClassResetClassAdapter - Adding bytecode for initializing field DEFAULT_FILL_FACTOR
2024-11-12 13:43:05,547 INFO  CreateClassResetClassAdapter - Adding bytecode for initializing field EMPTY_STRING
2024-11-12 13:43:05,547 INFO  EvoClassLoader - Keeping class: com.ctc.wstx.util.SymbolTable
2024-11-12 13:43:05,547 INFO  EvoClassLoader - Seeing class for first time: com.ctc.wstx.util.SymbolTable$Bucket
2024-11-12 13:43:05,547 INFO  EvoClassLoader - Instrumenting class 'com.ctc.wstx.util.SymbolTable$Bucket'.
2024-11-12 13:43:05,548 INFO  MethodCallReplacementClassAdapter - Adding mock interface to class com/ctc/wstx/util/SymbolTable$Bucket
2024-11-12 13:43:05,548 INFO  CreateClassResetClassAdapter - Creating brand-new static initializer in class com/ctc/wstx/util/SymbolTable$Bucket
2024-11-12 13:43:05,548 INFO  EvoClassLoader - Keeping class: com.ctc.wstx.util.SymbolTable$Bucket
2024-11-12 13:43:05,548 INFO  EvoClassLoader - Seeing class for first time: com.ctc.wstx.api.ReaderConfig
2024-11-12 13:43:05,548 INFO  EvoClassLoader - Instrumenting class 'com.ctc.wstx.api.ReaderConfig'.
2024-11-12 13:43:05,549 INFO  MethodCallReplacementClassAdapter - Adding mock interface to class com/ctc/wstx/api/ReaderConfig
2024-11-12 13:43:05,550 INFO  CreateClassResetClassAdapter - Found static initializer in class com/ctc/wstx/api/ReaderConfig
2024-11-12 13:43:05,551 INFO  EvoClassLoader - Defined package (3): package com.ctc.wstx.api, -1605856971
2024-11-12 13:43:05,551 INFO  EvoClassLoader - Seeing class for first time: com.ctc.wstx.api.CommonConfig
2024-11-12 13:43:05,551 INFO  EvoClassLoader - Instrumenting class 'com.ctc.wstx.api.CommonConfig'.
2024-11-12 13:43:05,552 INFO  MethodCallReplacementClassAdapter - Adding mock interface to class com/ctc/wstx/api/CommonConfig
2024-11-12 13:43:05,553 INFO  CreateClassResetClassAdapter - Found static initializer in class com/ctc/wstx/api/CommonConfig
2024-11-12 13:43:05,553 INFO  EvoClassLoader - Keeping class: com.ctc.wstx.api.CommonConfig
2024-11-12 13:43:05,553 INFO  EvoClassLoader - Keeping class: com.ctc.wstx.api.ReaderConfig
2024-11-12 13:43:05,554 INFO  EvoClassLoader - Seeing class for first time: com.ctc.wstx.api.WstxInputProperties
2024-11-12 13:43:05,554 INFO  EvoClassLoader - Instrumenting class 'com.ctc.wstx.api.WstxInputProperties'.
2024-11-12 13:43:05,554 INFO  MethodCallReplacementClassAdapter - Adding mock interface to class com/ctc/wstx/api/WstxInputProperties
2024-11-12 13:43:05,554 INFO  CreateClassResetClassAdapter - Found static initializer in class com/ctc/wstx/api/WstxInputProperties
2024-11-12 13:43:05,555 INFO  EvoClassLoader - Keeping class: com.ctc.wstx.api.WstxInputProperties
2024-11-12 13:43:05,555 INFO  EvoClassLoader - Seeing class for first time: com.ctc.wstx.api.WstxInputProperties$ParsingMode
2024-11-12 13:43:05,555 INFO  EvoClassLoader - Instrumenting class 'com.ctc.wstx.api.WstxInputProperties$ParsingMode'.
2024-11-12 13:43:05,555 INFO  MethodCallReplacementClassAdapter - Adding mock interface to class com/ctc/wstx/api/WstxInputProperties$ParsingMode
2024-11-12 13:43:05,555 INFO  CreateClassResetClassAdapter - Creating brand-new static initializer in class com/ctc/wstx/api/WstxInputProperties$ParsingMode
2024-11-12 13:43:05,555 INFO  EvoClassLoader - Keeping class: com.ctc.wstx.api.WstxInputProperties$ParsingMode
2024-11-12 13:43:05,555 INFO  EvoClassLoader - Seeing class for first time: org.apache.hadoop.conf.Configuration$DeprecationDelta
2024-11-12 13:43:05,555 INFO  EvoClassLoader - Instrumenting class 'org.apache.hadoop.conf.Configuration$DeprecationDelta'.
2024-11-12 13:43:05,555 INFO  MethodCallReplacementClassAdapter - Adding mock interface to class org/apache/hadoop/conf/Configuration$DeprecationDelta
2024-11-12 13:43:05,555 INFO  CreateClassResetClassAdapter - Creating brand-new static initializer in class org/apache/hadoop/conf/Configuration$DeprecationDelta
2024-11-12 13:43:05,555 INFO  EvoClassLoader - Keeping class: org.apache.hadoop.conf.Configuration$DeprecationDelta
2024-11-12 13:43:05,555 INFO  EvoClassLoader - Seeing class for first time: org.apache.hadoop.util.Preconditions
2024-11-12 13:43:05,555 INFO  EvoClassLoader - Instrumenting class 'org.apache.hadoop.util.Preconditions'.
2024-11-12 13:43:05,556 INFO  MethodCallReplacementClassAdapter - Adding mock interface to class org/apache/hadoop/util/Preconditions
2024-11-12 13:43:05,556 INFO  CreateClassResetClassAdapter - Found static initializer in class org/apache/hadoop/util/Preconditions
2024-11-12 13:43:05,557 INFO  EvoClassLoader - Keeping class: org.apache.hadoop.util.Preconditions
2024-11-12 13:43:05,557 INFO  EvoClassLoader - Seeing class for first time: org.apache.hadoop.conf.Configuration$DeprecationContext
2024-11-12 13:43:05,557 INFO  EvoClassLoader - Instrumenting class 'org.apache.hadoop.conf.Configuration$DeprecationContext'.
2024-11-12 13:43:05,557 INFO  MethodCallReplacementClassAdapter - Adding mock interface to class org/apache/hadoop/conf/Configuration$DeprecationContext
2024-11-12 13:43:05,557 INFO  CreateClassResetClassAdapter - Creating brand-new static initializer in class org/apache/hadoop/conf/Configuration$DeprecationContext
2024-11-12 13:43:05,558 INFO  EvoClassLoader - Keeping class: org.apache.hadoop.conf.Configuration$DeprecationContext
2024-11-12 13:43:05,558 INFO  EvoClassLoader - Seeing class for first time: org.apache.hadoop.conf.Configuration$DeprecatedKeyInfo
2024-11-12 13:43:05,558 INFO  EvoClassLoader - Instrumenting class 'org.apache.hadoop.conf.Configuration$DeprecatedKeyInfo'.
2024-11-12 13:43:05,558 INFO  MethodCallReplacementClassAdapter - Adding mock interface to class org/apache/hadoop/conf/Configuration$DeprecatedKeyInfo
2024-11-12 13:43:05,558 INFO  CreateClassResetClassAdapter - Creating brand-new static initializer in class org/apache/hadoop/conf/Configuration$DeprecatedKeyInfo
2024-11-12 13:43:05,558 INFO  EvoClassLoader - Keeping class: org.apache.hadoop.conf.Configuration$DeprecatedKeyInfo
2024-11-12 13:43:05,558 INFO  EvoClassLoader - Seeing class for first time: org.apache.commons.collections.map.UnmodifiableMap
2024-11-12 13:43:05,558 INFO  EvoClassLoader - Instrumenting class 'org.apache.commons.collections.map.UnmodifiableMap'.
2024-11-12 13:43:05,558 INFO  MethodCallReplacementClassAdapter - Adding mock interface to class org/apache/commons/collections/map/UnmodifiableMap
2024-11-12 13:43:05,558 INFO  CreateClassResetClassAdapter - Creating brand-new static initializer in class org/apache/commons/collections/map/UnmodifiableMap
2024-11-12 13:43:05,558 INFO  EvoClassLoader - Defined package (3): package org.apache.commons.collections.map, -1340437721
2024-11-12 13:43:05,559 INFO  EvoClassLoader - Seeing class for first time: org.apache.commons.collections.IterableMap
2024-11-12 13:43:05,559 INFO  EvoClassLoader - Instrumenting class 'org.apache.commons.collections.IterableMap'.
2024-11-12 13:43:05,559 INFO  EvoClassLoader - Defined package (3): package org.apache.commons.collections, -177651399
2024-11-12 13:43:05,559 INFO  EvoClassLoader - Keeping class: org.apache.commons.collections.IterableMap
2024-11-12 13:43:05,559 INFO  EvoClassLoader - Seeing class for first time: org.apache.commons.collections.Unmodifiable
2024-11-12 13:43:05,559 INFO  EvoClassLoader - Instrumenting class 'org.apache.commons.collections.Unmodifiable'.
2024-11-12 13:43:05,559 INFO  EvoClassLoader - Keeping class: org.apache.commons.collections.Unmodifiable
2024-11-12 13:43:05,559 INFO  EvoClassLoader - Seeing class for first time: org.apache.commons.collections.map.AbstractMapDecorator
2024-11-12 13:43:05,559 INFO  EvoClassLoader - Instrumenting class 'org.apache.commons.collections.map.AbstractMapDecorator'.
2024-11-12 13:43:05,559 INFO  MethodCallReplacementClassAdapter - Adding mock interface to class org/apache/commons/collections/map/AbstractMapDecorator
2024-11-12 13:43:05,559 INFO  CreateClassResetClassAdapter - Creating brand-new static initializer in class org/apache/commons/collections/map/AbstractMapDecorator
2024-11-12 13:43:05,560 INFO  EvoClassLoader - Keeping class: org.apache.commons.collections.map.AbstractMapDecorator
2024-11-12 13:43:05,560 INFO  EvoClassLoader - Keeping class: org.apache.commons.collections.map.UnmodifiableMap
2024-11-12 13:43:05,560 INFO  EvoClassLoader - Seeing class for first time: org.apache.commons.collections.MapIterator
2024-11-12 13:43:05,560 INFO  EvoClassLoader - Instrumenting class 'org.apache.commons.collections.MapIterator'.
2024-11-12 13:43:05,560 INFO  EvoClassLoader - Keeping class: org.apache.commons.collections.MapIterator
2024-11-12 13:43:05,561 INFO  EvoClassLoader - Seeing class for first time: org.apache.hadoop.fs.FileSystem$Cache$ClientFinalizer
2024-11-12 13:43:05,561 INFO  EvoClassLoader - Instrumenting class 'org.apache.hadoop.fs.FileSystem$Cache$ClientFinalizer'.
2024-11-12 13:43:05,561 INFO  MethodCallReplacementClassAdapter - Adding mock interface to class org/apache/hadoop/fs/FileSystem$Cache$ClientFinalizer
2024-11-12 13:43:05,561 INFO  CreateClassResetClassAdapter - Creating brand-new static initializer in class org/apache/hadoop/fs/FileSystem$Cache$ClientFinalizer
2024-11-12 13:43:05,561 INFO  EvoClassLoader - Keeping class: org.apache.hadoop.fs.FileSystem$Cache$ClientFinalizer
2024-11-12 13:43:05,561 INFO  EvoClassLoader - Seeing class for first time: org.apache.hadoop.conf.Configuration$Resource
2024-11-12 13:43:05,561 INFO  EvoClassLoader - Instrumenting class 'org.apache.hadoop.conf.Configuration$Resource'.
2024-11-12 13:43:05,562 INFO  MethodCallReplacementClassAdapter - Adding mock interface to class org/apache/hadoop/conf/Configuration$Resource
2024-11-12 13:43:05,562 INFO  CreateClassResetClassAdapter - Creating brand-new static initializer in class org/apache/hadoop/conf/Configuration$Resource
2024-11-12 13:43:05,562 INFO  EvoClassLoader - Keeping class: org.apache.hadoop.conf.Configuration$Resource
2024-11-12 13:43:05,563 INFO  EvoClassLoader - Seeing class for first time: com.ctc.wstx.io.SystemId
2024-11-12 13:43:05,563 INFO  EvoClassLoader - Instrumenting class 'com.ctc.wstx.io.SystemId'.
2024-11-12 13:43:05,563 INFO  MethodCallReplacementClassAdapter - Adding mock interface to class com/ctc/wstx/io/SystemId
2024-11-12 13:43:05,563 INFO  CreateClassResetClassAdapter - Creating brand-new static initializer in class com/ctc/wstx/io/SystemId
2024-11-12 13:43:05,564 INFO  EvoClassLoader - Keeping class: com.ctc.wstx.io.SystemId
2024-11-12 13:43:05,564 INFO  EvoClassLoader - Seeing class for first time: com.ctc.wstx.exc.WstxParsingException
2024-11-12 13:43:05,564 INFO  EvoClassLoader - Instrumenting class 'com.ctc.wstx.exc.WstxParsingException'.
2024-11-12 13:43:05,564 INFO  MethodCallReplacementClassAdapter - Adding mock interface to class com/ctc/wstx/exc/WstxParsingException
2024-11-12 13:43:05,564 INFO  CreateClassResetClassAdapter - Creating brand-new static initializer in class com/ctc/wstx/exc/WstxParsingException
2024-11-12 13:43:05,564 INFO  EvoClassLoader - Keeping class: com.ctc.wstx.exc.WstxParsingException
2024-11-12 13:43:05,565 INFO  EvoClassLoader - Seeing class for first time: com.ctc.wstx.exc.WstxUnexpectedCharException
2024-11-12 13:43:05,565 INFO  EvoClassLoader - Instrumenting class 'com.ctc.wstx.exc.WstxUnexpectedCharException'.
2024-11-12 13:43:05,565 INFO  MethodCallReplacementClassAdapter - Adding mock interface to class com/ctc/wstx/exc/WstxUnexpectedCharException
2024-11-12 13:43:05,565 INFO  CreateClassResetClassAdapter - Creating brand-new static initializer in class com/ctc/wstx/exc/WstxUnexpectedCharException
2024-11-12 13:43:05,565 INFO  EvoClassLoader - Keeping class: com.ctc.wstx.exc.WstxUnexpectedCharException
2024-11-12 13:43:05,566 INFO  EvoClassLoader - Seeing class for first time: com.ctc.wstx.exc.WstxEOFException
2024-11-12 13:43:05,566 INFO  EvoClassLoader - Instrumenting class 'com.ctc.wstx.exc.WstxEOFException'.
2024-11-12 13:43:05,566 INFO  MethodCallReplacementClassAdapter - Adding mock interface to class com/ctc/wstx/exc/WstxEOFException
2024-11-12 13:43:05,566 INFO  CreateClassResetClassAdapter - Creating brand-new static initializer in class com/ctc/wstx/exc/WstxEOFException
2024-11-12 13:43:05,566 INFO  EvoClassLoader - Keeping class: com.ctc.wstx.exc.WstxEOFException
2024-11-12 13:43:05,567 INFO  EvoClassLoader - Seeing class for first time: com.ctc.wstx.io.BaseReader
2024-11-12 13:43:05,567 INFO  EvoClassLoader - Instrumenting class 'com.ctc.wstx.io.BaseReader'.
2024-11-12 13:43:05,567 INFO  MethodCallReplacementClassAdapter - Adding mock interface to class com/ctc/wstx/io/BaseReader
2024-11-12 13:43:05,568 INFO  CreateClassResetClassAdapter - Creating brand-new static initializer in class com/ctc/wstx/io/BaseReader
2024-11-12 13:43:05,568 INFO  CreateClassResetClassAdapter - Adding bytecode for initializing field NULL_CHAR
2024-11-12 13:43:05,568 INFO  CreateClassResetClassAdapter - Adding bytecode for initializing field NULL_BYTE
2024-11-12 13:43:05,568 INFO  CreateClassResetClassAdapter - Adding bytecode for initializing field CONVERT_NEL_TO
2024-11-12 13:43:05,568 INFO  CreateClassResetClassAdapter - Adding bytecode for initializing field CONVERT_LSEP_TO
2024-11-12 13:43:05,569 INFO  CreateClassResetClassAdapter - Adding bytecode for initializing field CHAR_DEL
2024-11-12 13:43:05,569 INFO  EvoClassLoader - Keeping class: com.ctc.wstx.io.BaseReader
2024-11-12 13:43:05,569 INFO  EvoClassLoader - Seeing class for first time: com.ctc.wstx.io.UTF8Reader
2024-11-12 13:43:05,569 INFO  EvoClassLoader - Instrumenting class 'com.ctc.wstx.io.UTF8Reader'.
2024-11-12 13:43:05,569 INFO  MethodCallReplacementClassAdapter - Adding mock interface to class com/ctc/wstx/io/UTF8Reader
2024-11-12 13:43:05,570 INFO  CreateClassResetClassAdapter - Creating brand-new static initializer in class com/ctc/wstx/io/UTF8Reader
2024-11-12 13:43:05,570 INFO  EvoClassLoader - Keeping class: com.ctc.wstx.io.UTF8Reader
2024-11-12 13:43:05,570 INFO  EvoClassLoader - Seeing class for first time: com.ctc.wstx.io.ISOLatinReader
2024-11-12 13:43:05,570 INFO  EvoClassLoader - Instrumenting class 'com.ctc.wstx.io.ISOLatinReader'.
2024-11-12 13:43:05,570 INFO  MethodCallReplacementClassAdapter - Adding mock interface to class com/ctc/wstx/io/ISOLatinReader
2024-11-12 13:43:05,570 INFO  CreateClassResetClassAdapter - Creating brand-new static initializer in class com/ctc/wstx/io/ISOLatinReader
2024-11-12 13:43:05,570 INFO  EvoClassLoader - Keeping class: com.ctc.wstx.io.ISOLatinReader
2024-11-12 13:43:05,570 INFO  EvoClassLoader - Seeing class for first time: com.ctc.wstx.io.AsciiReader
2024-11-12 13:43:05,570 INFO  EvoClassLoader - Instrumenting class 'com.ctc.wstx.io.AsciiReader'.
2024-11-12 13:43:05,571 INFO  MethodCallReplacementClassAdapter - Adding mock interface to class com/ctc/wstx/io/AsciiReader
2024-11-12 13:43:05,571 INFO  CreateClassResetClassAdapter - Creating brand-new static initializer in class com/ctc/wstx/io/AsciiReader
2024-11-12 13:43:05,571 INFO  EvoClassLoader - Keeping class: com.ctc.wstx.io.AsciiReader
2024-11-12 13:43:05,571 INFO  EvoClassLoader - Seeing class for first time: com.ctc.wstx.io.UTF32Reader
2024-11-12 13:43:05,571 INFO  EvoClassLoader - Instrumenting class 'com.ctc.wstx.io.UTF32Reader'.
2024-11-12 13:43:05,571 INFO  MethodCallReplacementClassAdapter - Adding mock interface to class com/ctc/wstx/io/UTF32Reader
2024-11-12 13:43:05,571 INFO  CreateClassResetClassAdapter - Creating brand-new static initializer in class com/ctc/wstx/io/UTF32Reader
2024-11-12 13:43:05,572 INFO  EvoClassLoader - Keeping class: com.ctc.wstx.io.UTF32Reader
2024-11-12 13:43:05,572 INFO  EvoClassLoader - Seeing class for first time: com.ctc.wstx.io.MergedStream
2024-11-12 13:43:05,572 INFO  EvoClassLoader - Instrumenting class 'com.ctc.wstx.io.MergedStream'.
2024-11-12 13:43:05,572 INFO  MethodCallReplacementClassAdapter - Adding mock interface to class com/ctc/wstx/io/MergedStream
2024-11-12 13:43:05,572 INFO  CreateClassResetClassAdapter - Creating brand-new static initializer in class com/ctc/wstx/io/MergedStream
2024-11-12 13:43:05,572 INFO  EvoClassLoader - Keeping class: com.ctc.wstx.io.MergedStream
2024-11-12 13:43:05,573 INFO  EvoClassLoader - Seeing class for first time: com.ctc.wstx.io.InputSourceFactory
2024-11-12 13:43:05,573 INFO  EvoClassLoader - Instrumenting class 'com.ctc.wstx.io.InputSourceFactory'.
2024-11-12 13:43:05,574 INFO  MethodCallReplacementClassAdapter - Adding mock interface to class com/ctc/wstx/io/InputSourceFactory
2024-11-12 13:43:05,574 INFO  CreateClassResetClassAdapter - Creating brand-new static initializer in class com/ctc/wstx/io/InputSourceFactory
2024-11-12 13:43:05,574 INFO  EvoClassLoader - Keeping class: com.ctc.wstx.io.InputSourceFactory
2024-11-12 13:43:05,574 INFO  EvoClassLoader - Seeing class for first time: com.ctc.wstx.io.WstxInputSource
2024-11-12 13:43:05,574 INFO  EvoClassLoader - Instrumenting class 'com.ctc.wstx.io.WstxInputSource'.
2024-11-12 13:43:05,574 INFO  MethodCallReplacementClassAdapter - Adding mock interface to class com/ctc/wstx/io/WstxInputSource
2024-11-12 13:43:05,575 INFO  CreateClassResetClassAdapter - Creating brand-new static initializer in class com/ctc/wstx/io/WstxInputSource
2024-11-12 13:43:05,575 INFO  EvoClassLoader - Keeping class: com.ctc.wstx.io.WstxInputSource
2024-11-12 13:43:05,575 INFO  EvoClassLoader - Seeing class for first time: com.ctc.wstx.io.CharArraySource
2024-11-12 13:43:05,575 INFO  EvoClassLoader - Instrumenting class 'com.ctc.wstx.io.CharArraySource'.
2024-11-12 13:43:05,575 INFO  MethodCallReplacementClassAdapter - Adding mock interface to class com/ctc/wstx/io/CharArraySource
2024-11-12 13:43:05,576 INFO  CreateClassResetClassAdapter - Creating brand-new static initializer in class com/ctc/wstx/io/CharArraySource
2024-11-12 13:43:05,576 INFO  EvoClassLoader - Seeing class for first time: com.ctc.wstx.io.BaseInputSource
2024-11-12 13:43:05,576 INFO  EvoClassLoader - Instrumenting class 'com.ctc.wstx.io.BaseInputSource'.
2024-11-12 13:43:05,576 INFO  MethodCallReplacementClassAdapter - Adding mock interface to class com/ctc/wstx/io/BaseInputSource
2024-11-12 13:43:05,576 INFO  CreateClassResetClassAdapter - Creating brand-new static initializer in class com/ctc/wstx/io/BaseInputSource
2024-11-12 13:43:05,576 INFO  EvoClassLoader - Keeping class: com.ctc.wstx.io.BaseInputSource
2024-11-12 13:43:05,576 INFO  EvoClassLoader - Keeping class: com.ctc.wstx.io.CharArraySource
2024-11-12 13:43:05,576 INFO  EvoClassLoader - Seeing class for first time: com.ctc.wstx.io.BranchingReaderSource
2024-11-12 13:43:05,576 INFO  EvoClassLoader - Instrumenting class 'com.ctc.wstx.io.BranchingReaderSource'.
2024-11-12 13:43:05,577 INFO  MethodCallReplacementClassAdapter - Adding mock interface to class com/ctc/wstx/io/BranchingReaderSource
2024-11-12 13:43:05,577 INFO  CreateClassResetClassAdapter - Creating brand-new static initializer in class com/ctc/wstx/io/BranchingReaderSource
2024-11-12 13:43:05,577 INFO  EvoClassLoader - Seeing class for first time: com.ctc.wstx.io.ReaderSource
2024-11-12 13:43:05,577 INFO  EvoClassLoader - Instrumenting class 'com.ctc.wstx.io.ReaderSource'.
2024-11-12 13:43:05,577 INFO  MethodCallReplacementClassAdapter - Adding mock interface to class com/ctc/wstx/io/ReaderSource
2024-11-12 13:43:05,577 INFO  CreateClassResetClassAdapter - Creating brand-new static initializer in class com/ctc/wstx/io/ReaderSource
2024-11-12 13:43:05,577 INFO  EvoClassLoader - Keeping class: com.ctc.wstx.io.ReaderSource
2024-11-12 13:43:05,577 INFO  EvoClassLoader - Keeping class: com.ctc.wstx.io.BranchingReaderSource
2024-11-12 13:43:05,577 INFO  EvoClassLoader - Seeing class for first time: com.ctc.wstx.sr.ValidatingStreamReader
2024-11-12 13:43:05,577 INFO  EvoClassLoader - Instrumenting class 'com.ctc.wstx.sr.ValidatingStreamReader'.
2024-11-12 13:43:05,578 INFO  MethodCallReplacementClassAdapter - Adding mock interface to class com/ctc/wstx/sr/ValidatingStreamReader
2024-11-12 13:43:05,580 INFO  CreateClassResetClassAdapter - Creating brand-new static initializer in class com/ctc/wstx/sr/ValidatingStreamReader
2024-11-12 13:43:05,581 INFO  CreateClassResetClassAdapter - Adding bytecode for initializing field STAX_PROP_ENTITIES
2024-11-12 13:43:05,581 INFO  CreateClassResetClassAdapter - Adding bytecode for initializing field STAX_PROP_NOTATIONS
2024-11-12 13:43:05,581 INFO  EvoClassLoader - Seeing class for first time: com.ctc.wstx.sr.TypedStreamReader
2024-11-12 13:43:05,581 INFO  EvoClassLoader - Instrumenting class 'com.ctc.wstx.sr.TypedStreamReader'.
2024-11-12 13:43:05,582 INFO  MethodCallReplacementClassAdapter - Adding mock interface to class com/ctc/wstx/sr/TypedStreamReader
2024-11-12 13:43:05,583 INFO  CreateClassResetClassAdapter - Creating brand-new static initializer in class com/ctc/wstx/sr/TypedStreamReader
2024-11-12 13:43:05,583 INFO  CreateClassResetClassAdapter - Adding bytecode for initializing field MASK_TYPED_ACCESS_ARRAY
2024-11-12 13:43:05,583 INFO  CreateClassResetClassAdapter - Adding bytecode for initializing field MASK_TYPED_ACCESS_BINARY
2024-11-12 13:43:05,583 INFO  CreateClassResetClassAdapter - Adding bytecode for initializing field MIN_BINARY_CHUNK
2024-11-12 13:43:05,584 INFO  EvoClassLoader - Seeing class for first time: com.ctc.wstx.sr.BasicStreamReader
2024-11-12 13:43:05,584 INFO  EvoClassLoader - Instrumenting class 'com.ctc.wstx.sr.BasicStreamReader'.
2024-11-12 13:43:05,585 INFO  MethodCallReplacementClassAdapter - Adding mock interface to class com/ctc/wstx/sr/BasicStreamReader
2024-11-12 13:43:05,590 INFO  CreateClassResetClassAdapter - Found static initializer in class com/ctc/wstx/sr/BasicStreamReader
2024-11-12 13:43:05,592 INFO  EvoClassLoader - Seeing class for first time: com.ctc.wstx.sr.StreamReaderImpl
2024-11-12 13:43:05,592 INFO  EvoClassLoader - Instrumenting class 'com.ctc.wstx.sr.StreamReaderImpl'.
2024-11-12 13:43:05,593 INFO  EvoClassLoader - Keeping class: com.ctc.wstx.sr.StreamReaderImpl
2024-11-12 13:43:05,593 INFO  EvoClassLoader - Seeing class for first time: org.codehaus.stax2.DTDInfo
2024-11-12 13:43:05,593 INFO  EvoClassLoader - Instrumenting class 'org.codehaus.stax2.DTDInfo'.
2024-11-12 13:43:05,593 INFO  EvoClassLoader - Keeping class: org.codehaus.stax2.DTDInfo
2024-11-12 13:43:05,593 INFO  EvoClassLoader - Seeing class for first time: org.codehaus.stax2.LocationInfo
2024-11-12 13:43:05,593 INFO  EvoClassLoader - Instrumenting class 'org.codehaus.stax2.LocationInfo'.
2024-11-12 13:43:05,593 INFO  EvoClassLoader - Keeping class: org.codehaus.stax2.LocationInfo
2024-11-12 13:43:05,593 INFO  EvoClassLoader - Seeing class for first time: com.ctc.wstx.sr.StreamScanner
2024-11-12 13:43:05,593 INFO  EvoClassLoader - Instrumenting class 'com.ctc.wstx.sr.StreamScanner'.
2024-11-12 13:43:05,594 INFO  MethodCallReplacementClassAdapter - Adding mock interface to class com/ctc/wstx/sr/StreamScanner
2024-11-12 13:43:05,596 INFO  CreateClassResetClassAdapter - Found static initializer in class com/ctc/wstx/sr/StreamScanner
2024-11-12 13:43:05,597 INFO  EvoClassLoader - Seeing class for first time: com.ctc.wstx.sr.InputProblemReporter
2024-11-12 13:43:05,597 INFO  EvoClassLoader - Instrumenting class 'com.ctc.wstx.sr.InputProblemReporter'.
2024-11-12 13:43:05,597 INFO  EvoClassLoader - Keeping class: com.ctc.wstx.sr.InputProblemReporter
2024-11-12 13:43:05,597 INFO  EvoClassLoader - Seeing class for first time: com.ctc.wstx.cfg.ParsingErrorMsgs
2024-11-12 13:43:05,597 INFO  EvoClassLoader - Instrumenting class 'com.ctc.wstx.cfg.ParsingErrorMsgs'.
2024-11-12 13:43:05,597 INFO  EvoClassLoader - Keeping class: com.ctc.wstx.cfg.ParsingErrorMsgs
2024-11-12 13:43:05,598 INFO  EvoClassLoader - Seeing class for first time: com.ctc.wstx.io.WstxInputData
2024-11-12 13:43:05,598 INFO  EvoClassLoader - Instrumenting class 'com.ctc.wstx.io.WstxInputData'.
2024-11-12 13:43:05,598 INFO  MethodCallReplacementClassAdapter - Adding mock interface to class com/ctc/wstx/io/WstxInputData
2024-11-12 13:43:05,598 INFO  CreateClassResetClassAdapter - Found static initializer in class com/ctc/wstx/io/WstxInputData
2024-11-12 13:43:05,598 INFO  EvoClassLoader - Keeping class: com.ctc.wstx.io.WstxInputData
2024-11-12 13:43:05,598 INFO  EvoClassLoader - Keeping class: com.ctc.wstx.sr.StreamScanner
2024-11-12 13:43:05,598 INFO  EvoClassLoader - Keeping class: com.ctc.wstx.sr.BasicStreamReader
2024-11-12 13:43:05,598 INFO  EvoClassLoader - Keeping class: com.ctc.wstx.sr.TypedStreamReader
2024-11-12 13:43:05,598 INFO  EvoClassLoader - Keeping class: com.ctc.wstx.sr.ValidatingStreamReader
2024-11-12 13:43:05,599 INFO  EvoClassLoader - Seeing class for first time: com.ctc.wstx.exc.WstxValidationException
2024-11-12 13:43:05,599 INFO  EvoClassLoader - Instrumenting class 'com.ctc.wstx.exc.WstxValidationException'.
2024-11-12 13:43:05,599 INFO  MethodCallReplacementClassAdapter - Adding mock interface to class com/ctc/wstx/exc/WstxValidationException
2024-11-12 13:43:05,599 INFO  CreateClassResetClassAdapter - Creating brand-new static initializer in class com/ctc/wstx/exc/WstxValidationException
2024-11-12 13:43:05,599 INFO  EvoClassLoader - Seeing class for first time: org.codehaus.stax2.validation.XMLValidationException
2024-11-12 13:43:05,599 INFO  EvoClassLoader - Instrumenting class 'org.codehaus.stax2.validation.XMLValidationException'.
2024-11-12 13:43:05,600 INFO  MethodCallReplacementClassAdapter - Adding mock interface to class org/codehaus/stax2/validation/XMLValidationException
2024-11-12 13:43:05,600 INFO  CreateClassResetClassAdapter - Creating brand-new static initializer in class org/codehaus/stax2/validation/XMLValidationException
2024-11-12 13:43:05,600 INFO  EvoClassLoader - Keeping class: org.codehaus.stax2.validation.XMLValidationException
2024-11-12 13:43:05,600 INFO  EvoClassLoader - Keeping class: com.ctc.wstx.exc.WstxValidationException
2024-11-12 13:43:05,600 INFO  EvoClassLoader - Seeing class for first time: org.codehaus.stax2.XMLStreamLocation2
2024-11-12 13:43:05,600 INFO  EvoClassLoader - Instrumenting class 'org.codehaus.stax2.XMLStreamLocation2'.
2024-11-12 13:43:05,601 INFO  EvoClassLoader - Keeping class: org.codehaus.stax2.XMLStreamLocation2
2024-11-12 13:43:05,601 INFO  EvoClassLoader - Seeing class for first time: com.ctc.wstx.ent.EntityDecl
2024-11-12 13:43:05,601 INFO  EvoClassLoader - Instrumenting class 'com.ctc.wstx.ent.EntityDecl'.
2024-11-12 13:43:05,601 INFO  MethodCallReplacementClassAdapter - Adding mock interface to class com/ctc/wstx/ent/EntityDecl
2024-11-12 13:43:05,601 INFO  CreateClassResetClassAdapter - Creating brand-new static initializer in class com/ctc/wstx/ent/EntityDecl
2024-11-12 13:43:05,602 INFO  EvoClassLoader - Defined package (3): package com.ctc.wstx.ent, -1605853178
2024-11-12 13:43:05,602 INFO  EvoClassLoader - Seeing class for first time: com.ctc.wstx.evt.WEntityDeclaration
2024-11-12 13:43:05,602 INFO  EvoClassLoader - Instrumenting class 'com.ctc.wstx.evt.WEntityDeclaration'.
2024-11-12 13:43:05,602 INFO  MethodCallReplacementClassAdapter - Adding mock interface to class com/ctc/wstx/evt/WEntityDeclaration
2024-11-12 13:43:05,602 INFO  CreateClassResetClassAdapter - Creating brand-new static initializer in class com/ctc/wstx/evt/WEntityDeclaration
2024-11-12 13:43:05,602 INFO  EvoClassLoader - Defined package (3): package com.ctc.wstx.evt, -1605852930
2024-11-12 13:43:05,602 INFO  EvoClassLoader - Seeing class for first time: org.codehaus.stax2.ri.evt.BaseEventImpl
2024-11-12 13:43:05,602 INFO  EvoClassLoader - Instrumenting class 'org.codehaus.stax2.ri.evt.BaseEventImpl'.
2024-11-12 13:43:05,603 INFO  MethodCallReplacementClassAdapter - Adding mock interface to class org/codehaus/stax2/ri/evt/BaseEventImpl
2024-11-12 13:43:05,603 INFO  CreateClassResetClassAdapter - Creating brand-new static initializer in class org/codehaus/stax2/ri/evt/BaseEventImpl
2024-11-12 13:43:05,603 INFO  EvoClassLoader - Defined package (3): package org.codehaus.stax2.ri.evt, -220188000
2024-11-12 13:43:05,603 INFO  EvoClassLoader - Seeing class for first time: org.codehaus.stax2.evt.XMLEvent2
2024-11-12 13:43:05,603 INFO  EvoClassLoader - Instrumenting class 'org.codehaus.stax2.evt.XMLEvent2'.
2024-11-12 13:43:05,604 INFO  EvoClassLoader - Defined package (3): package org.codehaus.stax2.evt, -1695602321
2024-11-12 13:43:05,604 INFO  EvoClassLoader - Keeping class: org.codehaus.stax2.evt.XMLEvent2
2024-11-12 13:43:05,604 INFO  EvoClassLoader - Keeping class: org.codehaus.stax2.ri.evt.BaseEventImpl
2024-11-12 13:43:05,604 INFO  EvoClassLoader - Keeping class: com.ctc.wstx.evt.WEntityDeclaration
2024-11-12 13:43:05,604 INFO  EvoClassLoader - Keeping class: com.ctc.wstx.ent.EntityDecl
2024-11-12 13:43:05,604 INFO  EvoClassLoader - Seeing class for first time: com.ctc.wstx.ent.IntEntity
2024-11-12 13:43:05,604 INFO  EvoClassLoader - Instrumenting class 'com.ctc.wstx.ent.IntEntity'.
2024-11-12 13:43:05,604 INFO  MethodCallReplacementClassAdapter - Adding mock interface to class com/ctc/wstx/ent/IntEntity
2024-11-12 13:43:05,604 INFO  CreateClassResetClassAdapter - Creating brand-new static initializer in class com/ctc/wstx/ent/IntEntity
2024-11-12 13:43:05,605 INFO  EvoClassLoader - Keeping class: com.ctc.wstx.ent.IntEntity
2024-11-12 13:43:05,606 INFO  EvoClassLoader - Seeing class for first time: org.codehaus.stax2.AttributeInfo
2024-11-12 13:43:05,606 INFO  EvoClassLoader - Instrumenting class 'org.codehaus.stax2.AttributeInfo'.
2024-11-12 13:43:05,607 INFO  EvoClassLoader - Keeping class: org.codehaus.stax2.AttributeInfo
2024-11-12 13:43:05,607 INFO  EvoClassLoader - Seeing class for first time: org.codehaus.stax2.typed.TypedXMLStreamException
2024-11-12 13:43:05,607 INFO  EvoClassLoader - Instrumenting class 'org.codehaus.stax2.typed.TypedXMLStreamException'.
2024-11-12 13:43:05,608 INFO  MethodCallReplacementClassAdapter - Adding mock interface to class org/codehaus/stax2/typed/TypedXMLStreamException
2024-11-12 13:43:05,608 INFO  CreateClassResetClassAdapter - Creating brand-new static initializer in class org/codehaus/stax2/typed/TypedXMLStreamException
2024-11-12 13:43:05,608 INFO  EvoClassLoader - Keeping class: org.codehaus.stax2.typed.TypedXMLStreamException
2024-11-12 13:43:05,610 INFO  EvoClassLoader - Seeing class for first time: org.codehaus.stax2.typed.TypedValueDecoder
2024-11-12 13:43:05,610 INFO  EvoClassLoader - Instrumenting class 'org.codehaus.stax2.typed.TypedValueDecoder'.
2024-11-12 13:43:05,610 INFO  MethodCallReplacementClassAdapter - Adding mock interface to class org/codehaus/stax2/typed/TypedValueDecoder
2024-11-12 13:43:05,610 INFO  CreateClassResetClassAdapter - Creating brand-new static initializer in class org/codehaus/stax2/typed/TypedValueDecoder
2024-11-12 13:43:05,610 INFO  EvoClassLoader - Keeping class: org.codehaus.stax2.typed.TypedValueDecoder
2024-11-12 13:43:05,610 INFO  EvoClassLoader - Seeing class for first time: org.codehaus.stax2.ri.typed.ValueDecoderFactory$IntDecoder
2024-11-12 13:43:05,610 INFO  EvoClassLoader - Instrumenting class 'org.codehaus.stax2.ri.typed.ValueDecoderFactory$IntDecoder'.
2024-11-12 13:43:05,611 INFO  MethodCallReplacementClassAdapter - Adding mock interface to class org/codehaus/stax2/ri/typed/ValueDecoderFactory$IntDecoder
2024-11-12 13:43:05,611 INFO  CreateClassResetClassAdapter - Creating brand-new static initializer in class org/codehaus/stax2/ri/typed/ValueDecoderFactory$IntDecoder
2024-11-12 13:43:05,611 INFO  EvoClassLoader - Defined package (3): package org.codehaus.stax2.ri.typed, -1133328921
2024-11-12 13:43:05,611 INFO  EvoClassLoader - Seeing class for first time: org.codehaus.stax2.ri.typed.ValueDecoderFactory$DecoderBase
2024-11-12 13:43:05,611 INFO  EvoClassLoader - Instrumenting class 'org.codehaus.stax2.ri.typed.ValueDecoderFactory$DecoderBase'.
2024-11-12 13:43:05,611 INFO  MethodCallReplacementClassAdapter - Adding mock interface to class org/codehaus/stax2/ri/typed/ValueDecoderFactory$DecoderBase
2024-11-12 13:43:05,612 INFO  CreateClassResetClassAdapter - Found static initializer in class org/codehaus/stax2/ri/typed/ValueDecoderFactory$DecoderBase
2024-11-12 13:43:05,612 INFO  EvoClassLoader - Keeping class: org.codehaus.stax2.ri.typed.ValueDecoderFactory$DecoderBase
2024-11-12 13:43:05,612 INFO  EvoClassLoader - Keeping class: org.codehaus.stax2.ri.typed.ValueDecoderFactory$IntDecoder
2024-11-12 13:43:05,612 INFO  EvoClassLoader - Seeing class for first time: org.codehaus.stax2.ri.typed.ValueDecoderFactory$BooleanDecoder
2024-11-12 13:43:05,612 INFO  EvoClassLoader - Instrumenting class 'org.codehaus.stax2.ri.typed.ValueDecoderFactory$BooleanDecoder'.
2024-11-12 13:43:05,613 INFO  MethodCallReplacementClassAdapter - Adding mock interface to class org/codehaus/stax2/ri/typed/ValueDecoderFactory$BooleanDecoder
2024-11-12 13:43:05,613 INFO  CreateClassResetClassAdapter - Creating brand-new static initializer in class org/codehaus/stax2/ri/typed/ValueDecoderFactory$BooleanDecoder
2024-11-12 13:43:05,613 INFO  EvoClassLoader - Keeping class: org.codehaus.stax2.ri.typed.ValueDecoderFactory$BooleanDecoder
2024-11-12 13:43:05,613 INFO  EvoClassLoader - Seeing class for first time: org.codehaus.stax2.ri.typed.ValueDecoderFactory$LongDecoder
2024-11-12 13:43:05,613 INFO  EvoClassLoader - Instrumenting class 'org.codehaus.stax2.ri.typed.ValueDecoderFactory$LongDecoder'.
2024-11-12 13:43:05,613 INFO  MethodCallReplacementClassAdapter - Adding mock interface to class org/codehaus/stax2/ri/typed/ValueDecoderFactory$LongDecoder
2024-11-12 13:43:05,613 INFO  CreateClassResetClassAdapter - Creating brand-new static initializer in class org/codehaus/stax2/ri/typed/ValueDecoderFactory$LongDecoder
2024-11-12 13:43:05,613 INFO  EvoClassLoader - Keeping class: org.codehaus.stax2.ri.typed.ValueDecoderFactory$LongDecoder
2024-11-12 13:43:05,613 INFO  EvoClassLoader - Seeing class for first time: org.codehaus.stax2.ri.typed.ValueDecoderFactory$FloatDecoder
2024-11-12 13:43:05,613 INFO  EvoClassLoader - Instrumenting class 'org.codehaus.stax2.ri.typed.ValueDecoderFactory$FloatDecoder'.
2024-11-12 13:43:05,614 INFO  MethodCallReplacementClassAdapter - Adding mock interface to class org/codehaus/stax2/ri/typed/ValueDecoderFactory$FloatDecoder
2024-11-12 13:43:05,614 INFO  CreateClassResetClassAdapter - Creating brand-new static initializer in class org/codehaus/stax2/ri/typed/ValueDecoderFactory$FloatDecoder
2024-11-12 13:43:05,614 INFO  EvoClassLoader - Keeping class: org.codehaus.stax2.ri.typed.ValueDecoderFactory$FloatDecoder
2024-11-12 13:43:05,614 INFO  EvoClassLoader - Seeing class for first time: org.codehaus.stax2.ri.typed.ValueDecoderFactory$DoubleDecoder
2024-11-12 13:43:05,614 INFO  EvoClassLoader - Instrumenting class 'org.codehaus.stax2.ri.typed.ValueDecoderFactory$DoubleDecoder'.
2024-11-12 13:43:05,614 INFO  MethodCallReplacementClassAdapter - Adding mock interface to class org/codehaus/stax2/ri/typed/ValueDecoderFactory$DoubleDecoder
2024-11-12 13:43:05,614 INFO  CreateClassResetClassAdapter - Creating brand-new static initializer in class org/codehaus/stax2/ri/typed/ValueDecoderFactory$DoubleDecoder
2024-11-12 13:43:05,615 INFO  EvoClassLoader - Keeping class: org.codehaus.stax2.ri.typed.ValueDecoderFactory$DoubleDecoder
2024-11-12 13:43:05,615 INFO  EvoClassLoader - Seeing class for first time: org.codehaus.stax2.ri.typed.ValueDecoderFactory$IntegerDecoder
2024-11-12 13:43:05,615 INFO  EvoClassLoader - Instrumenting class 'org.codehaus.stax2.ri.typed.ValueDecoderFactory$IntegerDecoder'.
2024-11-12 13:43:05,615 INFO  MethodCallReplacementClassAdapter - Adding mock interface to class org/codehaus/stax2/ri/typed/ValueDecoderFactory$IntegerDecoder
2024-11-12 13:43:05,615 INFO  CreateClassResetClassAdapter - Creating brand-new static initializer in class org/codehaus/stax2/ri/typed/ValueDecoderFactory$IntegerDecoder
2024-11-12 13:43:05,615 INFO  EvoClassLoader - Keeping class: org.codehaus.stax2.ri.typed.ValueDecoderFactory$IntegerDecoder
2024-11-12 13:43:05,615 INFO  EvoClassLoader - Seeing class for first time: org.codehaus.stax2.ri.typed.ValueDecoderFactory$DecimalDecoder
2024-11-12 13:43:05,615 INFO  EvoClassLoader - Instrumenting class 'org.codehaus.stax2.ri.typed.ValueDecoderFactory$DecimalDecoder'.
2024-11-12 13:43:05,615 INFO  MethodCallReplacementClassAdapter - Adding mock interface to class org/codehaus/stax2/ri/typed/ValueDecoderFactory$DecimalDecoder
2024-11-12 13:43:05,615 INFO  CreateClassResetClassAdapter - Creating brand-new static initializer in class org/codehaus/stax2/ri/typed/ValueDecoderFactory$DecimalDecoder
2024-11-12 13:43:05,615 INFO  EvoClassLoader - Keeping class: org.codehaus.stax2.ri.typed.ValueDecoderFactory$DecimalDecoder
2024-11-12 13:43:05,615 INFO  EvoClassLoader - Seeing class for first time: org.codehaus.stax2.ri.typed.ValueDecoderFactory$QNameDecoder
2024-11-12 13:43:05,615 INFO  EvoClassLoader - Instrumenting class 'org.codehaus.stax2.ri.typed.ValueDecoderFactory$QNameDecoder'.
2024-11-12 13:43:05,615 INFO  MethodCallReplacementClassAdapter - Adding mock interface to class org/codehaus/stax2/ri/typed/ValueDecoderFactory$QNameDecoder
2024-11-12 13:43:05,616 INFO  CreateClassResetClassAdapter - Creating brand-new static initializer in class org/codehaus/stax2/ri/typed/ValueDecoderFactory$QNameDecoder
2024-11-12 13:43:05,616 INFO  EvoClassLoader - Keeping class: org.codehaus.stax2.ri.typed.ValueDecoderFactory$QNameDecoder
2024-11-12 13:43:05,616 INFO  EvoClassLoader - Seeing class for first time: org.codehaus.stax2.typed.TypedArrayDecoder
2024-11-12 13:43:05,616 INFO  EvoClassLoader - Instrumenting class 'org.codehaus.stax2.typed.TypedArrayDecoder'.
2024-11-12 13:43:05,617 INFO  MethodCallReplacementClassAdapter - Adding mock interface to class org/codehaus/stax2/typed/TypedArrayDecoder
2024-11-12 13:43:05,617 INFO  CreateClassResetClassAdapter - Creating brand-new static initializer in class org/codehaus/stax2/typed/TypedArrayDecoder
2024-11-12 13:43:05,617 INFO  EvoClassLoader - Keeping class: org.codehaus.stax2.typed.TypedArrayDecoder
2024-11-12 13:43:05,617 INFO  EvoClassLoader - Seeing class for first time: org.codehaus.stax2.ri.typed.ValueDecoderFactory$IntArrayDecoder
2024-11-12 13:43:05,617 INFO  EvoClassLoader - Instrumenting class 'org.codehaus.stax2.ri.typed.ValueDecoderFactory$IntArrayDecoder'.
2024-11-12 13:43:05,617 INFO  MethodCallReplacementClassAdapter - Adding mock interface to class org/codehaus/stax2/ri/typed/ValueDecoderFactory$IntArrayDecoder
2024-11-12 13:43:05,617 INFO  CreateClassResetClassAdapter - Creating brand-new static initializer in class org/codehaus/stax2/ri/typed/ValueDecoderFactory$IntArrayDecoder
2024-11-12 13:43:05,617 INFO  EvoClassLoader - Seeing class for first time: org.codehaus.stax2.ri.typed.ValueDecoderFactory$BaseArrayDecoder
2024-11-12 13:43:05,617 INFO  EvoClassLoader - Instrumenting class 'org.codehaus.stax2.ri.typed.ValueDecoderFactory$BaseArrayDecoder'.
2024-11-12 13:43:05,617 INFO  MethodCallReplacementClassAdapter - Adding mock interface to class org/codehaus/stax2/ri/typed/ValueDecoderFactory$BaseArrayDecoder
2024-11-12 13:43:05,618 INFO  CreateClassResetClassAdapter - Creating brand-new static initializer in class org/codehaus/stax2/ri/typed/ValueDecoderFactory$BaseArrayDecoder
2024-11-12 13:43:05,618 INFO  CreateClassResetClassAdapter - Adding bytecode for initializing field INITIAL_RESULT_BUFFER_SIZE
2024-11-12 13:43:05,618 INFO  CreateClassResetClassAdapter - Adding bytecode for initializing field SMALL_RESULT_BUFFER_SIZE
2024-11-12 13:43:05,618 INFO  EvoClassLoader - Keeping class: org.codehaus.stax2.ri.typed.ValueDecoderFactory$BaseArrayDecoder
2024-11-12 13:43:05,618 INFO  EvoClassLoader - Keeping class: org.codehaus.stax2.ri.typed.ValueDecoderFactory$IntArrayDecoder
2024-11-12 13:43:05,618 INFO  EvoClassLoader - Seeing class for first time: org.codehaus.stax2.ri.typed.ValueDecoderFactory$LongArrayDecoder
2024-11-12 13:43:05,618 INFO  EvoClassLoader - Instrumenting class 'org.codehaus.stax2.ri.typed.ValueDecoderFactory$LongArrayDecoder'.
2024-11-12 13:43:05,618 INFO  MethodCallReplacementClassAdapter - Adding mock interface to class org/codehaus/stax2/ri/typed/ValueDecoderFactory$LongArrayDecoder
2024-11-12 13:43:05,618 INFO  CreateClassResetClassAdapter - Creating brand-new static initializer in class org/codehaus/stax2/ri/typed/ValueDecoderFactory$LongArrayDecoder
2024-11-12 13:43:05,618 INFO  EvoClassLoader - Keeping class: org.codehaus.stax2.ri.typed.ValueDecoderFactory$LongArrayDecoder
2024-11-12 13:43:05,618 INFO  EvoClassLoader - Seeing class for first time: org.codehaus.stax2.ri.typed.ValueDecoderFactory$FloatArrayDecoder
2024-11-12 13:43:05,618 INFO  EvoClassLoader - Instrumenting class 'org.codehaus.stax2.ri.typed.ValueDecoderFactory$FloatArrayDecoder'.
2024-11-12 13:43:05,619 INFO  MethodCallReplacementClassAdapter - Adding mock interface to class org/codehaus/stax2/ri/typed/ValueDecoderFactory$FloatArrayDecoder
2024-11-12 13:43:05,619 INFO  CreateClassResetClassAdapter - Creating brand-new static initializer in class org/codehaus/stax2/ri/typed/ValueDecoderFactory$FloatArrayDecoder
2024-11-12 13:43:05,619 INFO  EvoClassLoader - Keeping class: org.codehaus.stax2.ri.typed.ValueDecoderFactory$FloatArrayDecoder
2024-11-12 13:43:05,619 INFO  EvoClassLoader - Seeing class for first time: org.codehaus.stax2.ri.typed.ValueDecoderFactory$DoubleArrayDecoder
2024-11-12 13:43:05,619 INFO  EvoClassLoader - Instrumenting class 'org.codehaus.stax2.ri.typed.ValueDecoderFactory$DoubleArrayDecoder'.
2024-11-12 13:43:05,619 INFO  MethodCallReplacementClassAdapter - Adding mock interface to class org/codehaus/stax2/ri/typed/ValueDecoderFactory$DoubleArrayDecoder
2024-11-12 13:43:05,620 INFO  CreateClassResetClassAdapter - Creating brand-new static initializer in class org/codehaus/stax2/ri/typed/ValueDecoderFactory$DoubleArrayDecoder
2024-11-12 13:43:05,620 INFO  EvoClassLoader - Keeping class: org.codehaus.stax2.ri.typed.ValueDecoderFactory$DoubleArrayDecoder
2024-11-12 13:43:05,620 INFO  EvoClassLoader - Seeing class for first time: org.codehaus.stax2.validation.DTDValidationSchema
2024-11-12 13:43:05,620 INFO  EvoClassLoader - Instrumenting class 'org.codehaus.stax2.validation.DTDValidationSchema'.
2024-11-12 13:43:05,620 INFO  EvoClassLoader - Seeing class for first time: org.codehaus.stax2.validation.XMLValidationSchema
2024-11-12 13:43:05,620 INFO  EvoClassLoader - Instrumenting class 'org.codehaus.stax2.validation.XMLValidationSchema'.
2024-11-12 13:43:05,621 INFO  EvoClassLoader - Keeping class: org.codehaus.stax2.validation.XMLValidationSchema
2024-11-12 13:43:05,621 INFO  EvoClassLoader - Keeping class: org.codehaus.stax2.validation.DTDValidationSchema
2024-11-12 13:43:05,621 INFO  EvoClassLoader - Seeing class for first time: org.codehaus.stax2.validation.ValidationContext
2024-11-12 13:43:05,621 INFO  EvoClassLoader - Instrumenting class 'org.codehaus.stax2.validation.ValidationContext'.
2024-11-12 13:43:05,621 INFO  EvoClassLoader - Keeping class: org.codehaus.stax2.validation.ValidationContext
2024-11-12 13:43:05,621 INFO  EvoClassLoader - Seeing class for first time: com.ctc.wstx.sr.NsDefaultProvider
2024-11-12 13:43:05,621 INFO  EvoClassLoader - Instrumenting class 'com.ctc.wstx.sr.NsDefaultProvider'.
2024-11-12 13:43:05,621 INFO  EvoClassLoader - Keeping class: com.ctc.wstx.sr.NsDefaultProvider
2024-11-12 13:43:05,622 INFO  EvoClassLoader - Seeing class for first time: com.ctc.wstx.sr.InputElementStack
2024-11-12 13:43:05,622 INFO  EvoClassLoader - Instrumenting class 'com.ctc.wstx.sr.InputElementStack'.
2024-11-12 13:43:05,622 INFO  MethodCallReplacementClassAdapter - Adding mock interface to class com/ctc/wstx/sr/InputElementStack
2024-11-12 13:43:05,623 INFO  CreateClassResetClassAdapter - Creating brand-new static initializer in class com/ctc/wstx/sr/InputElementStack
2024-11-12 13:43:05,623 INFO  CreateClassResetClassAdapter - Adding bytecode for initializing field ID_ATTR_NONE
2024-11-12 13:43:05,624 INFO  EvoClassLoader - Keeping class: com.ctc.wstx.sr.InputElementStack
2024-11-12 13:43:05,624 INFO  EvoClassLoader - Seeing class for first time: com.ctc.wstx.util.EmptyNamespaceContext
2024-11-12 13:43:05,624 INFO  EvoClassLoader - Instrumenting class 'com.ctc.wstx.util.EmptyNamespaceContext'.
2024-11-12 13:43:05,624 INFO  MethodCallReplacementClassAdapter - Adding mock interface to class com/ctc/wstx/util/EmptyNamespaceContext
2024-11-12 13:43:05,624 INFO  CreateClassResetClassAdapter - Found static initializer in class com/ctc/wstx/util/EmptyNamespaceContext
2024-11-12 13:43:05,624 INFO  EvoClassLoader - Keeping class: com.ctc.wstx.util.EmptyNamespaceContext
2024-11-12 13:43:05,624 INFO  EvoClassLoader - Seeing class for first time: org.codehaus.stax2.validation.XMLValidator
2024-11-12 13:43:05,624 INFO  EvoClassLoader - Instrumenting class 'org.codehaus.stax2.validation.XMLValidator'.
2024-11-12 13:43:05,624 INFO  MethodCallReplacementClassAdapter - Adding mock interface to class org/codehaus/stax2/validation/XMLValidator
2024-11-12 13:43:05,625 INFO  CreateClassResetClassAdapter - Creating brand-new static initializer in class org/codehaus/stax2/validation/XMLValidator
2024-11-12 13:43:05,625 INFO  CreateClassResetClassAdapter - Adding bytecode for initializing field CONTENT_ALLOW_NONE
2024-11-12 13:43:05,625 INFO  CreateClassResetClassAdapter - Adding bytecode for initializing field CONTENT_ALLOW_WS
2024-11-12 13:43:05,625 INFO  CreateClassResetClassAdapter - Adding bytecode for initializing field CONTENT_ALLOW_WS_NONSTRICT
2024-11-12 13:43:05,625 INFO  CreateClassResetClassAdapter - Adding bytecode for initializing field CONTENT_ALLOW_VALIDATABLE_TEXT
2024-11-12 13:43:05,625 INFO  CreateClassResetClassAdapter - Adding bytecode for initializing field CONTENT_ALLOW_ANY_TEXT
2024-11-12 13:43:05,625 INFO  CreateClassResetClassAdapter - Adding bytecode for initializing field CONTENT_ALLOW_UNDEFINED
2024-11-12 13:43:05,625 INFO  EvoClassLoader - Keeping class: org.codehaus.stax2.validation.XMLValidator
2024-11-12 13:43:05,625 INFO  EvoClassLoader - Seeing class for first time: org.codehaus.stax2.validation.ValidatorPair
2024-11-12 13:43:05,625 INFO  EvoClassLoader - Instrumenting class 'org.codehaus.stax2.validation.ValidatorPair'.
2024-11-12 13:43:05,625 INFO  MethodCallReplacementClassAdapter - Adding mock interface to class org/codehaus/stax2/validation/ValidatorPair
2024-11-12 13:43:05,625 INFO  CreateClassResetClassAdapter - Creating brand-new static initializer in class org/codehaus/stax2/validation/ValidatorPair
2024-11-12 13:43:05,625 INFO  CreateClassResetClassAdapter - Adding bytecode for initializing field ATTR_TYPE_DEFAULT
2024-11-12 13:43:05,625 INFO  EvoClassLoader - Keeping class: org.codehaus.stax2.validation.ValidatorPair
2024-11-12 13:43:05,625 INFO  EvoClassLoader - Seeing class for first time: com.ctc.wstx.util.StringVector
2024-11-12 13:43:05,625 INFO  EvoClassLoader - Instrumenting class 'com.ctc.wstx.util.StringVector'.
2024-11-12 13:43:05,626 INFO  MethodCallReplacementClassAdapter - Adding mock interface to class com/ctc/wstx/util/StringVector
2024-11-12 13:43:05,626 INFO  CreateClassResetClassAdapter - Creating brand-new static initializer in class com/ctc/wstx/util/StringVector
2024-11-12 13:43:05,627 INFO  EvoClassLoader - Keeping class: com.ctc.wstx.util.StringVector
2024-11-12 13:43:05,627 INFO  EvoClassLoader - Seeing class for first time: com.ctc.wstx.sr.AttributeCollector
2024-11-12 13:43:05,627 INFO  EvoClassLoader - Instrumenting class 'com.ctc.wstx.sr.AttributeCollector'.
2024-11-12 13:43:05,627 INFO  MethodCallReplacementClassAdapter - Adding mock interface to class com/ctc/wstx/sr/AttributeCollector
2024-11-12 13:43:05,628 INFO  CreateClassResetClassAdapter - Found static initializer in class com/ctc/wstx/sr/AttributeCollector
2024-11-12 13:43:05,628 INFO  EvoClassLoader - Keeping class: com.ctc.wstx.sr.AttributeCollector
2024-11-12 13:43:05,629 INFO  EvoClassLoader - Seeing class for first time: com.ctc.wstx.util.InternCache
2024-11-12 13:43:05,629 INFO  EvoClassLoader - Instrumenting class 'com.ctc.wstx.util.InternCache'.
2024-11-12 13:43:05,629 INFO  MethodCallReplacementClassAdapter - Adding mock interface to class com/ctc/wstx/util/InternCache
2024-11-12 13:43:05,629 INFO  CreateClassResetClassAdapter - Found static initializer in class com/ctc/wstx/util/InternCache
2024-11-12 13:43:05,629 INFO  EvoClassLoader - Keeping class: com.ctc.wstx.util.InternCache
2024-11-12 13:43:05,629 INFO  EvoClassLoader - Seeing class for first time: com.ctc.wstx.util.TextBuilder
2024-11-12 13:43:05,629 INFO  EvoClassLoader - Instrumenting class 'com.ctc.wstx.util.TextBuilder'.
2024-11-12 13:43:05,629 INFO  MethodCallReplacementClassAdapter - Adding mock interface to class com/ctc/wstx/util/TextBuilder
2024-11-12 13:43:05,630 INFO  CreateClassResetClassAdapter - Creating brand-new static initializer in class com/ctc/wstx/util/TextBuilder
2024-11-12 13:43:05,630 INFO  CreateClassResetClassAdapter - Adding bytecode for initializing field MIN_LEN
2024-11-12 13:43:05,630 INFO  CreateClassResetClassAdapter - Adding bytecode for initializing field MAX_LEN
2024-11-12 13:43:05,630 INFO  EvoClassLoader - Keeping class: com.ctc.wstx.util.TextBuilder
2024-11-12 13:43:05,630 INFO  EvoClassLoader - Seeing class for first time: com.ctc.wstx.util.TextBuffer
2024-11-12 13:43:05,630 INFO  EvoClassLoader - Instrumenting class 'com.ctc.wstx.util.TextBuffer'.
2024-11-12 13:43:05,630 INFO  MethodCallReplacementClassAdapter - Adding mock interface to class com/ctc/wstx/util/TextBuffer
2024-11-12 13:43:05,631 INFO  CreateClassResetClassAdapter - Found static initializer in class com/ctc/wstx/util/TextBuffer
2024-11-12 13:43:05,632 INFO  EvoClassLoader - Keeping class: com.ctc.wstx.util.TextBuffer
2024-11-12 13:43:05,632 INFO  EvoClassLoader - Seeing class for first time: com.ctc.wstx.util.TextBuffer$BufferReader
2024-11-12 13:43:05,632 INFO  EvoClassLoader - Instrumenting class 'com.ctc.wstx.util.TextBuffer$BufferReader'.
2024-11-12 13:43:05,633 INFO  MethodCallReplacementClassAdapter - Adding mock interface to class com/ctc/wstx/util/TextBuffer$BufferReader
2024-11-12 13:43:05,634 INFO  CreateClassResetClassAdapter - Creating brand-new static initializer in class com/ctc/wstx/util/TextBuffer$BufferReader
2024-11-12 13:43:05,634 INFO  EvoClassLoader - Keeping class: com.ctc.wstx.util.TextBuffer$BufferReader
2024-11-12 13:43:05,635 INFO  EvoClassLoader - Seeing class for first time: org.apache.hadoop.conf.Configuration$Parser
2024-11-12 13:43:05,635 INFO  EvoClassLoader - Instrumenting class 'org.apache.hadoop.conf.Configuration$Parser'.
2024-11-12 13:43:05,635 INFO  MethodCallReplacementClassAdapter - Adding mock interface to class org/apache/hadoop/conf/Configuration$Parser
2024-11-12 13:43:05,640 INFO  CreateClassResetClassAdapter - Creating brand-new static initializer in class org/apache/hadoop/conf/Configuration$Parser
2024-11-12 13:43:05,641 INFO  EvoClassLoader - Keeping class: org.apache.hadoop.conf.Configuration$Parser
2024-11-12 13:43:05,643 INFO  EvoClassLoader - Seeing class for first time: com.ctc.wstx.sr.Element
2024-11-12 13:43:05,643 INFO  EvoClassLoader - Instrumenting class 'com.ctc.wstx.sr.Element'.
2024-11-12 13:43:05,643 INFO  MethodCallReplacementClassAdapter - Adding mock interface to class com/ctc/wstx/sr/Element
2024-11-12 13:43:05,644 INFO  CreateClassResetClassAdapter - Creating brand-new static initializer in class com/ctc/wstx/sr/Element
2024-11-12 13:43:05,644 INFO  EvoClassLoader - Keeping class: com.ctc.wstx.sr.Element
2024-11-12 13:43:05,644 INFO  EvoClassLoader - Seeing class for first time: org.apache.hadoop.util.StringInterner
2024-11-12 13:43:05,644 INFO  EvoClassLoader - Instrumenting class 'org.apache.hadoop.util.StringInterner'.
2024-11-12 13:43:05,644 INFO  MethodCallReplacementClassAdapter - Adding mock interface to class org/apache/hadoop/util/StringInterner
2024-11-12 13:43:05,644 INFO  CreateClassResetClassAdapter - Found static initializer in class org/apache/hadoop/util/StringInterner
2024-11-12 13:43:05,644 INFO  EvoClassLoader - Keeping class: org.apache.hadoop.util.StringInterner
2024-11-12 13:43:05,644 INFO  EvoClassLoader - Seeing class for first time: org.apache.hadoop.thirdparty.com.google.common.collect.Interners
2024-11-12 13:43:05,644 INFO  EvoClassLoader - Instrumenting class 'org.apache.hadoop.thirdparty.com.google.common.collect.Interners'.
2024-11-12 13:43:05,645 INFO  MethodCallReplacementClassAdapter - Adding mock interface to class org/apache/hadoop/thirdparty/com/google/common/collect/Interners
2024-11-12 13:43:05,645 INFO  CreateClassResetClassAdapter - Creating brand-new static initializer in class org/apache/hadoop/thirdparty/com/google/common/collect/Interners
2024-11-12 13:43:05,645 INFO  EvoClassLoader - Defined package (3): package org.apache.hadoop.thirdparty.com.google.common.collect, -347820205
2024-11-12 13:43:05,645 INFO  EvoClassLoader - Keeping class: org.apache.hadoop.thirdparty.com.google.common.collect.Interners
2024-11-12 13:43:05,645 INFO  EvoClassLoader - Seeing class for first time: org.apache.hadoop.thirdparty.com.google.common.base.Function
2024-11-12 13:43:05,645 INFO  EvoClassLoader - Instrumenting class 'org.apache.hadoop.thirdparty.com.google.common.base.Function'.
2024-11-12 13:43:05,645 INFO  EvoClassLoader - Defined package (3): package org.apache.hadoop.thirdparty.com.google.common.base, -2047700664
2024-11-12 13:43:05,645 INFO  EvoClassLoader - Keeping class: org.apache.hadoop.thirdparty.com.google.common.base.Function
2024-11-12 13:43:05,645 INFO  EvoClassLoader - Seeing class for first time: org.apache.hadoop.thirdparty.com.google.common.collect.Interners$InternerBuilder
2024-11-12 13:43:05,645 INFO  EvoClassLoader - Instrumenting class 'org.apache.hadoop.thirdparty.com.google.common.collect.Interners$InternerBuilder'.
2024-11-12 13:43:05,645 INFO  MethodCallReplacementClassAdapter - Adding mock interface to class org/apache/hadoop/thirdparty/com/google/common/collect/Interners$InternerBuilder
2024-11-12 13:43:05,645 INFO  CreateClassResetClassAdapter - Creating brand-new static initializer in class org/apache/hadoop/thirdparty/com/google/common/collect/Interners$InternerBuilder
2024-11-12 13:43:05,645 INFO  EvoClassLoader - Keeping class: org.apache.hadoop.thirdparty.com.google.common.collect.Interners$InternerBuilder
2024-11-12 13:43:05,645 INFO  EvoClassLoader - Seeing class for first time: org.apache.hadoop.thirdparty.com.google.common.collect.Interner
2024-11-12 13:43:05,645 INFO  EvoClassLoader - Instrumenting class 'org.apache.hadoop.thirdparty.com.google.common.collect.Interner'.
2024-11-12 13:43:05,646 INFO  EvoClassLoader - Keeping class: org.apache.hadoop.thirdparty.com.google.common.collect.Interner
2024-11-12 13:43:05,646 INFO  EvoClassLoader - Seeing class for first time: org.apache.hadoop.thirdparty.com.google.common.collect.MapMaker
2024-11-12 13:43:05,646 INFO  EvoClassLoader - Instrumenting class 'org.apache.hadoop.thirdparty.com.google.common.collect.MapMaker'.
2024-11-12 13:43:05,646 INFO  MethodCallReplacementClassAdapter - Adding mock interface to class org/apache/hadoop/thirdparty/com/google/common/collect/MapMaker
2024-11-12 13:43:05,646 INFO  CreateClassResetClassAdapter - Creating brand-new static initializer in class org/apache/hadoop/thirdparty/com/google/common/collect/MapMaker
2024-11-12 13:43:05,646 INFO  CreateClassResetClassAdapter - Adding bytecode for initializing field DEFAULT_INITIAL_CAPACITY
2024-11-12 13:43:05,646 INFO  CreateClassResetClassAdapter - Adding bytecode for initializing field DEFAULT_CONCURRENCY_LEVEL
2024-11-12 13:43:05,646 INFO  CreateClassResetClassAdapter - Adding bytecode for initializing field UNSET_INT
2024-11-12 13:43:05,646 INFO  EvoClassLoader - Keeping class: org.apache.hadoop.thirdparty.com.google.common.collect.MapMaker
2024-11-12 13:43:05,647 INFO  EvoClassLoader - Seeing class for first time: org.apache.hadoop.thirdparty.com.google.common.collect.Interners$InternerImpl
2024-11-12 13:43:05,647 INFO  EvoClassLoader - Instrumenting class 'org.apache.hadoop.thirdparty.com.google.common.collect.Interners$InternerImpl'.
2024-11-12 13:43:05,647 INFO  MethodCallReplacementClassAdapter - Adding mock interface to class org/apache/hadoop/thirdparty/com/google/common/collect/Interners$InternerImpl
2024-11-12 13:43:05,647 INFO  CreateClassResetClassAdapter - Creating brand-new static initializer in class org/apache/hadoop/thirdparty/com/google/common/collect/Interners$InternerImpl
2024-11-12 13:43:05,647 INFO  EvoClassLoader - Keeping class: org.apache.hadoop.thirdparty.com.google.common.collect.Interners$InternerImpl
2024-11-12 13:43:05,647 INFO  EvoClassLoader - Seeing class for first time: org.apache.hadoop.thirdparty.com.google.common.base.Equivalence
2024-11-12 13:43:05,647 INFO  EvoClassLoader - Instrumenting class 'org.apache.hadoop.thirdparty.com.google.common.base.Equivalence'.
2024-11-12 13:43:05,647 INFO  MethodCallReplacementClassAdapter - Adding mock interface to class org/apache/hadoop/thirdparty/com/google/common/base/Equivalence
2024-11-12 13:43:05,648 INFO  CreateClassResetClassAdapter - Creating brand-new static initializer in class org/apache/hadoop/thirdparty/com/google/common/base/Equivalence
2024-11-12 13:43:05,648 INFO  EvoClassLoader - Keeping class: org.apache.hadoop.thirdparty.com.google.common.base.Equivalence
2024-11-12 13:43:05,648 INFO  EvoClassLoader - Seeing class for first time: org.apache.hadoop.thirdparty.com.google.common.base.PairwiseEquivalence
2024-11-12 13:43:05,648 INFO  EvoClassLoader - Instrumenting class 'org.apache.hadoop.thirdparty.com.google.common.base.PairwiseEquivalence'.
2024-11-12 13:43:05,648 INFO  MethodCallReplacementClassAdapter - Adding mock interface to class org/apache/hadoop/thirdparty/com/google/common/base/PairwiseEquivalence
2024-11-12 13:43:05,648 INFO  CreateClassResetClassAdapter - Creating brand-new static initializer in class org/apache/hadoop/thirdparty/com/google/common/base/PairwiseEquivalence
2024-11-12 13:43:05,649 INFO  EvoClassLoader - Keeping class: org.apache.hadoop.thirdparty.com.google.common.base.PairwiseEquivalence
2024-11-12 13:43:05,649 INFO  EvoClassLoader - Seeing class for first time: org.apache.hadoop.thirdparty.com.google.common.base.Predicate
2024-11-12 13:43:05,649 INFO  EvoClassLoader - Instrumenting class 'org.apache.hadoop.thirdparty.com.google.common.base.Predicate'.
2024-11-12 13:43:05,649 INFO  EvoClassLoader - Keeping class: org.apache.hadoop.thirdparty.com.google.common.base.Predicate
2024-11-12 13:43:05,649 INFO  EvoClassLoader - Seeing class for first time: org.apache.hadoop.thirdparty.com.google.common.base.FunctionalEquivalence
2024-11-12 13:43:05,649 INFO  EvoClassLoader - Instrumenting class 'org.apache.hadoop.thirdparty.com.google.common.base.FunctionalEquivalence'.
2024-11-12 13:43:05,650 INFO  MethodCallReplacementClassAdapter - Adding mock interface to class org/apache/hadoop/thirdparty/com/google/common/base/FunctionalEquivalence
2024-11-12 13:43:05,650 INFO  CreateClassResetClassAdapter - Creating brand-new static initializer in class org/apache/hadoop/thirdparty/com/google/common/base/FunctionalEquivalence
2024-11-12 13:43:05,650 INFO  EvoClassLoader - Keeping class: org.apache.hadoop.thirdparty.com.google.common.base.FunctionalEquivalence
2024-11-12 13:43:05,650 INFO  EvoClassLoader - Seeing class for first time: org.apache.hadoop.thirdparty.com.google.common.base.Equivalence$Equals
2024-11-12 13:43:05,650 INFO  EvoClassLoader - Instrumenting class 'org.apache.hadoop.thirdparty.com.google.common.base.Equivalence$Equals'.
2024-11-12 13:43:05,650 INFO  MethodCallReplacementClassAdapter - Adding mock interface to class org/apache/hadoop/thirdparty/com/google/common/base/Equivalence$Equals
2024-11-12 13:43:05,651 INFO  CreateClassResetClassAdapter - Found static initializer in class org/apache/hadoop/thirdparty/com/google/common/base/Equivalence$Equals
2024-11-12 13:43:05,651 INFO  EvoClassLoader - Keeping class: org.apache.hadoop.thirdparty.com.google.common.base.Equivalence$Equals
2024-11-12 13:43:05,651 INFO  EvoClassLoader - Seeing class for first time: org.apache.hadoop.thirdparty.com.google.common.base.Equivalence$Identity
2024-11-12 13:43:05,651 INFO  EvoClassLoader - Instrumenting class 'org.apache.hadoop.thirdparty.com.google.common.base.Equivalence$Identity'.
2024-11-12 13:43:05,651 INFO  MethodCallReplacementClassAdapter - Adding mock interface to class org/apache/hadoop/thirdparty/com/google/common/base/Equivalence$Identity
2024-11-12 13:43:05,651 INFO  CreateClassResetClassAdapter - Found static initializer in class org/apache/hadoop/thirdparty/com/google/common/base/Equivalence$Identity
2024-11-12 13:43:05,651 INFO  EvoClassLoader - Keeping class: org.apache.hadoop.thirdparty.com.google.common.base.Equivalence$Identity
2024-11-12 13:43:05,651 INFO  EvoClassLoader - Seeing class for first time: org.apache.hadoop.thirdparty.com.google.common.base.Preconditions
2024-11-12 13:43:05,651 INFO  EvoClassLoader - Instrumenting class 'org.apache.hadoop.thirdparty.com.google.common.base.Preconditions'.
2024-11-12 13:43:05,652 INFO  MethodCallReplacementClassAdapter - Adding mock interface to class org/apache/hadoop/thirdparty/com/google/common/base/Preconditions
2024-11-12 13:43:05,653 INFO  CreateClassResetClassAdapter - Creating brand-new static initializer in class org/apache/hadoop/thirdparty/com/google/common/base/Preconditions
2024-11-12 13:43:05,653 INFO  EvoClassLoader - Keeping class: org.apache.hadoop.thirdparty.com.google.common.base.Preconditions
2024-11-12 13:43:05,654 INFO  EvoClassLoader - Seeing class for first time: org.apache.hadoop.thirdparty.com.google.common.collect.MapMakerInternalMap
2024-11-12 13:43:05,654 INFO  EvoClassLoader - Instrumenting class 'org.apache.hadoop.thirdparty.com.google.common.collect.MapMakerInternalMap'.
2024-11-12 13:43:05,654 INFO  MethodCallReplacementClassAdapter - Adding mock interface to class org/apache/hadoop/thirdparty/com/google/common/collect/MapMakerInternalMap
2024-11-12 13:43:05,656 INFO  CreateClassResetClassAdapter - Found static initializer in class org/apache/hadoop/thirdparty/com/google/common/collect/MapMakerInternalMap
2024-11-12 13:43:05,657 INFO  EvoClassLoader - Keeping class: org.apache.hadoop.thirdparty.com.google.common.collect.MapMakerInternalMap
2024-11-12 13:43:05,657 INFO  EvoClassLoader - Seeing class for first time: org.apache.hadoop.thirdparty.com.google.common.collect.MapMakerInternalMap$WeakValueReference
2024-11-12 13:43:05,657 INFO  EvoClassLoader - Instrumenting class 'org.apache.hadoop.thirdparty.com.google.common.collect.MapMakerInternalMap$WeakValueReference'.
2024-11-12 13:43:05,658 INFO  EvoClassLoader - Keeping class: org.apache.hadoop.thirdparty.com.google.common.collect.MapMakerInternalMap$WeakValueReference
2024-11-12 13:43:05,658 INFO  EvoClassLoader - Seeing class for first time: org.apache.hadoop.thirdparty.com.google.common.collect.MapMakerInternalMap$InternalEntryHelper
2024-11-12 13:43:05,658 INFO  EvoClassLoader - Instrumenting class 'org.apache.hadoop.thirdparty.com.google.common.collect.MapMakerInternalMap$InternalEntryHelper'.
2024-11-12 13:43:05,658 INFO  EvoClassLoader - Keeping class: org.apache.hadoop.thirdparty.com.google.common.collect.MapMakerInternalMap$InternalEntryHelper
2024-11-12 13:43:05,659 INFO  EvoClassLoader - Seeing class for first time: org.apache.hadoop.thirdparty.com.google.common.collect.MapMakerInternalMap$1
2024-11-12 13:43:05,659 INFO  EvoClassLoader - Instrumenting class 'org.apache.hadoop.thirdparty.com.google.common.collect.MapMakerInternalMap$1'.
2024-11-12 13:43:05,659 INFO  MethodCallReplacementClassAdapter - Adding mock interface to class org/apache/hadoop/thirdparty/com/google/common/collect/MapMakerInternalMap$1
2024-11-12 13:43:05,660 INFO  EvoClassLoader - Keeping class: org.apache.hadoop.thirdparty.com.google.common.collect.MapMakerInternalMap$1
2024-11-12 13:43:05,660 INFO  EvoClassLoader - Seeing class for first time: org.apache.hadoop.thirdparty.com.google.common.collect.MapMakerInternalMap$InternalEntry
2024-11-12 13:43:05,660 INFO  EvoClassLoader - Instrumenting class 'org.apache.hadoop.thirdparty.com.google.common.collect.MapMakerInternalMap$InternalEntry'.
2024-11-12 13:43:05,661 INFO  EvoClassLoader - Keeping class: org.apache.hadoop.thirdparty.com.google.common.collect.MapMakerInternalMap$InternalEntry
2024-11-12 13:43:05,661 INFO  EvoClassLoader - Seeing class for first time: org.apache.hadoop.thirdparty.com.google.common.collect.MapMakerInternalMap$Strength
2024-11-12 13:43:05,661 INFO  EvoClassLoader - Instrumenting class 'org.apache.hadoop.thirdparty.com.google.common.collect.MapMakerInternalMap$Strength'.
2024-11-12 13:43:05,661 INFO  MethodCallReplacementClassAdapter - Adding mock interface to class org/apache/hadoop/thirdparty/com/google/common/collect/MapMakerInternalMap$Strength
2024-11-12 13:43:05,661 INFO  CreateClassResetClassAdapter - Found static initializer in class org/apache/hadoop/thirdparty/com/google/common/collect/MapMakerInternalMap$Strength
2024-11-12 13:43:05,661 INFO  EvoClassLoader - Keeping class: org.apache.hadoop.thirdparty.com.google.common.collect.MapMakerInternalMap$Strength
2024-11-12 13:43:05,662 INFO  EvoClassLoader - Seeing class for first time: org.apache.hadoop.thirdparty.com.google.common.collect.MapMakerInternalMap$Strength$1
2024-11-12 13:43:05,662 INFO  EvoClassLoader - Instrumenting class 'org.apache.hadoop.thirdparty.com.google.common.collect.MapMakerInternalMap$Strength$1'.
2024-11-12 13:43:05,662 INFO  MethodCallReplacementClassAdapter - Adding mock interface to class org/apache/hadoop/thirdparty/com/google/common/collect/MapMakerInternalMap$Strength$1
2024-11-12 13:43:05,662 INFO  EvoClassLoader - Keeping class: org.apache.hadoop.thirdparty.com.google.common.collect.MapMakerInternalMap$Strength$1
2024-11-12 13:43:05,662 INFO  EvoClassLoader - Seeing class for first time: org.apache.hadoop.thirdparty.com.google.common.collect.MapMakerInternalMap$Strength$2
2024-11-12 13:43:05,662 INFO  EvoClassLoader - Instrumenting class 'org.apache.hadoop.thirdparty.com.google.common.collect.MapMakerInternalMap$Strength$2'.
2024-11-12 13:43:05,662 INFO  MethodCallReplacementClassAdapter - Adding mock interface to class org/apache/hadoop/thirdparty/com/google/common/collect/MapMakerInternalMap$Strength$2
2024-11-12 13:43:05,663 INFO  EvoClassLoader - Keeping class: org.apache.hadoop.thirdparty.com.google.common.collect.MapMakerInternalMap$Strength$2
2024-11-12 13:43:05,663 INFO  EvoClassLoader - Seeing class for first time: org.apache.hadoop.thirdparty.com.google.common.base.MoreObjects
2024-11-12 13:43:05,663 INFO  EvoClassLoader - Instrumenting class 'org.apache.hadoop.thirdparty.com.google.common.base.MoreObjects'.
2024-11-12 13:43:05,663 INFO  MethodCallReplacementClassAdapter - Adding mock interface to class org/apache/hadoop/thirdparty/com/google/common/base/MoreObjects
2024-11-12 13:43:05,664 INFO  CreateClassResetClassAdapter - Creating brand-new static initializer in class org/apache/hadoop/thirdparty/com/google/common/base/MoreObjects
2024-11-12 13:43:05,664 INFO  EvoClassLoader - Keeping class: org.apache.hadoop.thirdparty.com.google.common.base.MoreObjects
2024-11-12 13:43:05,664 INFO  EvoClassLoader - Seeing class for first time: org.apache.hadoop.thirdparty.com.google.common.collect.MapMakerInternalMap$StrongKeyDummyValueEntry$Helper
2024-11-12 13:43:05,664 INFO  EvoClassLoader - Instrumenting class 'org.apache.hadoop.thirdparty.com.google.common.collect.MapMakerInternalMap$StrongKeyDummyValueEntry$Helper'.
2024-11-12 13:43:05,665 INFO  MethodCallReplacementClassAdapter - Adding mock interface to class org/apache/hadoop/thirdparty/com/google/common/collect/MapMakerInternalMap$StrongKeyDummyValueEntry$Helper
2024-11-12 13:43:05,667 INFO  CreateClassResetClassAdapter - Found static initializer in class org/apache/hadoop/thirdparty/com/google/common/collect/MapMakerInternalMap$StrongKeyDummyValueEntry$Helper
2024-11-12 13:43:05,667 INFO  EvoClassLoader - Keeping class: org.apache.hadoop.thirdparty.com.google.common.collect.MapMakerInternalMap$StrongKeyDummyValueEntry$Helper
2024-11-12 13:43:05,667 INFO  EvoClassLoader - Seeing class for first time: org.apache.hadoop.thirdparty.com.google.common.collect.MapMakerInternalMap$StrongKeyDummyValueEntry
2024-11-12 13:43:05,667 INFO  EvoClassLoader - Instrumenting class 'org.apache.hadoop.thirdparty.com.google.common.collect.MapMakerInternalMap$StrongKeyDummyValueEntry'.
2024-11-12 13:43:05,668 INFO  MethodCallReplacementClassAdapter - Adding mock interface to class org/apache/hadoop/thirdparty/com/google/common/collect/MapMakerInternalMap$StrongKeyDummyValueEntry
2024-11-12 13:43:05,668 INFO  CreateClassResetClassAdapter - Creating brand-new static initializer in class org/apache/hadoop/thirdparty/com/google/common/collect/MapMakerInternalMap$StrongKeyDummyValueEntry
2024-11-12 13:43:05,668 INFO  EvoClassLoader - Seeing class for first time: org.apache.hadoop.thirdparty.com.google.common.collect.MapMakerInternalMap$StrongValueEntry
2024-11-12 13:43:05,668 INFO  EvoClassLoader - Instrumenting class 'org.apache.hadoop.thirdparty.com.google.common.collect.MapMakerInternalMap$StrongValueEntry'.
2024-11-12 13:43:05,668 INFO  EvoClassLoader - Keeping class: org.apache.hadoop.thirdparty.com.google.common.collect.MapMakerInternalMap$StrongValueEntry
2024-11-12 13:43:05,668 INFO  EvoClassLoader - Seeing class for first time: org.apache.hadoop.thirdparty.com.google.common.collect.MapMakerInternalMap$AbstractStrongKeyEntry
2024-11-12 13:43:05,668 INFO  EvoClassLoader - Instrumenting class 'org.apache.hadoop.thirdparty.com.google.common.collect.MapMakerInternalMap$AbstractStrongKeyEntry'.
2024-11-12 13:43:05,669 INFO  MethodCallReplacementClassAdapter - Adding mock interface to class org/apache/hadoop/thirdparty/com/google/common/collect/MapMakerInternalMap$AbstractStrongKeyEntry
2024-11-12 13:43:05,669 INFO  CreateClassResetClassAdapter - Creating brand-new static initializer in class org/apache/hadoop/thirdparty/com/google/common/collect/MapMakerInternalMap$AbstractStrongKeyEntry
2024-11-12 13:43:05,669 INFO  EvoClassLoader - Keeping class: org.apache.hadoop.thirdparty.com.google.common.collect.MapMakerInternalMap$AbstractStrongKeyEntry
2024-11-12 13:43:05,669 INFO  EvoClassLoader - Keeping class: org.apache.hadoop.thirdparty.com.google.common.collect.MapMakerInternalMap$StrongKeyDummyValueEntry
2024-11-12 13:43:05,669 INFO  EvoClassLoader - Seeing class for first time: org.apache.hadoop.thirdparty.com.google.common.collect.MapMakerInternalMap$StrongKeyDummyValueEntry$LinkedStrongKeyDummyValueEntry
2024-11-12 13:43:05,669 INFO  EvoClassLoader - Instrumenting class 'org.apache.hadoop.thirdparty.com.google.common.collect.MapMakerInternalMap$StrongKeyDummyValueEntry$LinkedStrongKeyDummyValueEntry'.
2024-11-12 13:43:05,669 INFO  MethodCallReplacementClassAdapter - Adding mock interface to class org/apache/hadoop/thirdparty/com/google/common/collect/MapMakerInternalMap$StrongKeyDummyValueEntry$LinkedStrongKeyDummyValueEntry
2024-11-12 13:43:05,669 INFO  CreateClassResetClassAdapter - Creating brand-new static initializer in class org/apache/hadoop/thirdparty/com/google/common/collect/MapMakerInternalMap$StrongKeyDummyValueEntry$LinkedStrongKeyDummyValueEntry
2024-11-12 13:43:05,669 INFO  EvoClassLoader - Keeping class: org.apache.hadoop.thirdparty.com.google.common.collect.MapMakerInternalMap$StrongKeyDummyValueEntry$LinkedStrongKeyDummyValueEntry
2024-11-12 13:43:05,669 INFO  EvoClassLoader - Seeing class for first time: org.apache.hadoop.thirdparty.com.google.common.collect.MapMakerInternalMap$Segment
2024-11-12 13:43:05,669 INFO  EvoClassLoader - Instrumenting class 'org.apache.hadoop.thirdparty.com.google.common.collect.MapMakerInternalMap$Segment'.
2024-11-12 13:43:05,670 INFO  MethodCallReplacementClassAdapter - Adding mock interface to class org/apache/hadoop/thirdparty/com/google/common/collect/MapMakerInternalMap$Segment
2024-11-12 13:43:05,671 INFO  CreateClassResetClassAdapter - Creating brand-new static initializer in class org/apache/hadoop/thirdparty/com/google/common/collect/MapMakerInternalMap$Segment
2024-11-12 13:43:05,672 INFO  EvoClassLoader - Keeping class: org.apache.hadoop.thirdparty.com.google.common.collect.MapMakerInternalMap$Segment
2024-11-12 13:43:05,672 INFO  EvoClassLoader - Seeing class for first time: org.apache.hadoop.thirdparty.com.google.common.collect.MapMakerInternalMap$StrongKeyDummyValueSegment
2024-11-12 13:43:05,672 INFO  EvoClassLoader - Instrumenting class 'org.apache.hadoop.thirdparty.com.google.common.collect.MapMakerInternalMap$StrongKeyDummyValueSegment'.
2024-11-12 13:43:05,673 INFO  MethodCallReplacementClassAdapter - Adding mock interface to class org/apache/hadoop/thirdparty/com/google/common/collect/MapMakerInternalMap$StrongKeyDummyValueSegment
2024-11-12 13:43:05,673 INFO  CreateClassResetClassAdapter - Creating brand-new static initializer in class org/apache/hadoop/thirdparty/com/google/common/collect/MapMakerInternalMap$StrongKeyDummyValueSegment
2024-11-12 13:43:05,673 INFO  EvoClassLoader - Keeping class: org.apache.hadoop.thirdparty.com.google.common.collect.MapMakerInternalMap$StrongKeyDummyValueSegment
2024-11-12 13:43:05,675 INFO  EvoClassLoader - Seeing class for first time: org.apache.hadoop.conf.Configuration$ParsedItem
2024-11-12 13:43:05,675 INFO  EvoClassLoader - Instrumenting class 'org.apache.hadoop.conf.Configuration$ParsedItem'.
2024-11-12 13:43:05,675 INFO  MethodCallReplacementClassAdapter - Adding mock interface to class org/apache/hadoop/conf/Configuration$ParsedItem
2024-11-12 13:43:05,675 INFO  CreateClassResetClassAdapter - Creating brand-new static initializer in class org/apache/hadoop/conf/Configuration$ParsedItem
2024-11-12 13:43:05,675 INFO  EvoClassLoader - Keeping class: org.apache.hadoop.conf.Configuration$ParsedItem
2024-11-12 13:43:05,743 INFO  EvoClassLoader - Seeing class for first time: com.ctc.wstx.io.BufferRecycler
2024-11-12 13:43:05,743 INFO  EvoClassLoader - Instrumenting class 'com.ctc.wstx.io.BufferRecycler'.
2024-11-12 13:43:05,743 INFO  MethodCallReplacementClassAdapter - Adding mock interface to class com/ctc/wstx/io/BufferRecycler
2024-11-12 13:43:05,743 INFO  CreateClassResetClassAdapter - Creating brand-new static initializer in class com/ctc/wstx/io/BufferRecycler
2024-11-12 13:43:05,743 INFO  EvoClassLoader - Keeping class: com.ctc.wstx.io.BufferRecycler
2024-11-12 13:43:05,745 INFO  EvoClassLoader - Seeing class for first time: org.apache.hadoop.fs.FileSystem$3
2024-11-12 13:43:05,745 INFO  EvoClassLoader - Instrumenting class 'org.apache.hadoop.fs.FileSystem$3'.
2024-11-12 13:43:05,745 INFO  MethodCallReplacementClassAdapter - Adding mock interface to class org/apache/hadoop/fs/FileSystem$3
2024-11-12 13:43:05,745 INFO  EvoClassLoader - Keeping class: org.apache.hadoop.fs.FileSystem$3
2024-11-12 13:43:05,745 INFO  EvoClassLoader - Seeing class for first time: org.apache.hadoop.security.KerberosAuthException
2024-11-12 13:43:05,745 INFO  EvoClassLoader - Instrumenting class 'org.apache.hadoop.security.KerberosAuthException'.
2024-11-12 13:43:05,745 INFO  MethodCallReplacementClassAdapter - Adding mock interface to class org/apache/hadoop/security/KerberosAuthException
2024-11-12 13:43:05,745 INFO  CreateClassResetClassAdapter - Creating brand-new static initializer in class org/apache/hadoop/security/KerberosAuthException
2024-11-12 13:43:05,746 INFO  EvoClassLoader - Keeping class: org.apache.hadoop.security.KerberosAuthException
2024-11-12 13:43:05,746 INFO  EvoClassLoader - Seeing class for first time: org.apache.hadoop.metrics2.lib.MutableQuantiles
2024-11-12 13:43:05,746 INFO  EvoClassLoader - Instrumenting class 'org.apache.hadoop.metrics2.lib.MutableQuantiles'.
2024-11-12 13:43:05,746 INFO  MethodCallReplacementClassAdapter - Adding mock interface to class org/apache/hadoop/metrics2/lib/MutableQuantiles
2024-11-12 13:43:05,746 INFO  CreateClassResetClassAdapter - Found static initializer in class org/apache/hadoop/metrics2/lib/MutableQuantiles
2024-11-12 13:43:05,746 INFO  EvoClassLoader - Defined package (3): package org.apache.hadoop.metrics2.lib, 1694766009
2024-11-12 13:43:05,747 INFO  EvoClassLoader - Seeing class for first time: org.apache.hadoop.metrics2.lib.MutableMetric
2024-11-12 13:43:05,747 INFO  EvoClassLoader - Instrumenting class 'org.apache.hadoop.metrics2.lib.MutableMetric'.
2024-11-12 13:43:05,747 INFO  MethodCallReplacementClassAdapter - Adding mock interface to class org/apache/hadoop/metrics2/lib/MutableMetric
2024-11-12 13:43:05,747 INFO  CreateClassResetClassAdapter - Creating brand-new static initializer in class org/apache/hadoop/metrics2/lib/MutableMetric
2024-11-12 13:43:05,747 INFO  EvoClassLoader - Keeping class: org.apache.hadoop.metrics2.lib.MutableMetric
2024-11-12 13:43:05,747 INFO  EvoClassLoader - Keeping class: org.apache.hadoop.metrics2.lib.MutableQuantiles
2024-11-12 13:43:05,747 INFO  EvoClassLoader - Seeing class for first time: org.apache.hadoop.metrics2.util.QuantileEstimator
2024-11-12 13:43:05,747 INFO  EvoClassLoader - Instrumenting class 'org.apache.hadoop.metrics2.util.QuantileEstimator'.
2024-11-12 13:43:05,747 INFO  EvoClassLoader - Defined package (3): package org.apache.hadoop.metrics2.util, 998417742
2024-11-12 13:43:05,747 INFO  EvoClassLoader - Keeping class: org.apache.hadoop.metrics2.util.QuantileEstimator
2024-11-12 13:43:05,747 INFO  EvoClassLoader - Seeing class for first time: org.apache.hadoop.metrics2.util.Quantile
2024-11-12 13:43:05,747 INFO  EvoClassLoader - Instrumenting class 'org.apache.hadoop.metrics2.util.Quantile'.
2024-11-12 13:43:05,747 INFO  MethodCallReplacementClassAdapter - Adding mock interface to class org/apache/hadoop/metrics2/util/Quantile
2024-11-12 13:43:05,748 INFO  CreateClassResetClassAdapter - Creating brand-new static initializer in class org/apache/hadoop/metrics2/util/Quantile
2024-11-12 13:43:05,749 INFO  EvoClassLoader - Keeping class: org.apache.hadoop.metrics2.util.Quantile
2024-11-12 13:43:05,749 INFO  EvoClassLoader - Seeing class for first time: org.apache.hadoop.thirdparty.com.google.common.util.concurrent.ThreadFactoryBuilder
2024-11-12 13:43:05,749 INFO  EvoClassLoader - Instrumenting class 'org.apache.hadoop.thirdparty.com.google.common.util.concurrent.ThreadFactoryBuilder'.
2024-11-12 13:43:05,750 INFO  MethodCallReplacementClassAdapter - Adding mock interface to class org/apache/hadoop/thirdparty/com/google/common/util/concurrent/ThreadFactoryBuilder
2024-11-12 13:43:05,750 INFO  CreateClassResetClassAdapter - Creating brand-new static initializer in class org/apache/hadoop/thirdparty/com/google/common/util/concurrent/ThreadFactoryBuilder
2024-11-12 13:43:05,750 INFO  EvoClassLoader - Defined package (3): package org.apache.hadoop.thirdparty.com.google.common.util.concurrent, 872641612
2024-11-12 13:43:05,751 INFO  EvoClassLoader - Keeping class: org.apache.hadoop.thirdparty.com.google.common.util.concurrent.ThreadFactoryBuilder
2024-11-12 13:43:05,752 INFO  EvoClassLoader - Seeing class for first time: org.apache.hadoop.thirdparty.com.google.common.util.concurrent.ThreadFactoryBuilder$1
2024-11-12 13:43:05,752 INFO  EvoClassLoader - Instrumenting class 'org.apache.hadoop.thirdparty.com.google.common.util.concurrent.ThreadFactoryBuilder$1'.
2024-11-12 13:43:05,753 INFO  MethodCallReplacementClassAdapter - Adding mock interface to class org/apache/hadoop/thirdparty/com/google/common/util/concurrent/ThreadFactoryBuilder$1
2024-11-12 13:43:05,753 INFO  EvoClassLoader - Keeping class: org.apache.hadoop.thirdparty.com.google.common.util.concurrent.ThreadFactoryBuilder$1
2024-11-12 13:43:05,753 INFO  EvoClassLoader - Seeing class for first time: org.apache.hadoop.fs.permission.FsPermission$ImmutableFsPermission
2024-11-12 13:43:05,753 INFO  EvoClassLoader - Instrumenting class 'org.apache.hadoop.fs.permission.FsPermission$ImmutableFsPermission'.
2024-11-12 13:43:05,754 INFO  MethodCallReplacementClassAdapter - Adding mock interface to class org/apache/hadoop/fs/permission/FsPermission$ImmutableFsPermission
2024-11-12 13:43:05,754 INFO  CreateClassResetClassAdapter - Creating brand-new static initializer in class org/apache/hadoop/fs/permission/FsPermission$ImmutableFsPermission
2024-11-12 13:43:05,754 INFO  EvoClassLoader - Defined package (3): package org.apache.hadoop.fs.permission, 1810436125
2024-11-12 13:43:05,754 INFO  EvoClassLoader - Seeing class for first time: org.apache.hadoop.fs.permission.FsPermission
2024-11-12 13:43:05,754 INFO  EvoClassLoader - Instrumenting class 'org.apache.hadoop.fs.permission.FsPermission'.
2024-11-12 13:43:05,754 INFO  MethodCallReplacementClassAdapter - Adding mock interface to class org/apache/hadoop/fs/permission/FsPermission
2024-11-12 13:43:05,755 INFO  CreateClassResetClassAdapter - Found static initializer in class org/apache/hadoop/fs/permission/FsPermission
2024-11-12 13:43:05,756 INFO  EvoClassLoader - Keeping class: org.apache.hadoop.fs.permission.FsPermission
2024-11-12 13:43:05,756 INFO  EvoClassLoader - Keeping class: org.apache.hadoop.fs.permission.FsPermission$ImmutableFsPermission
2024-11-12 13:43:05,756 INFO  EvoClassLoader - Seeing class for first time: org.apache.hadoop.io.WritableFactory
2024-11-12 13:43:05,756 INFO  EvoClassLoader - Instrumenting class 'org.apache.hadoop.io.WritableFactory'.
2024-11-12 13:43:05,757 INFO  EvoClassLoader - Keeping class: org.apache.hadoop.io.WritableFactory
2024-11-12 13:43:05,757 INFO  EvoClassLoader - Seeing class for first time: org.apache.hadoop.fs.permission.FsPermission$1
2024-11-12 13:43:05,757 INFO  EvoClassLoader - Instrumenting class 'org.apache.hadoop.fs.permission.FsPermission$1'.
2024-11-12 13:43:05,758 INFO  MethodCallReplacementClassAdapter - Adding mock interface to class org/apache/hadoop/fs/permission/FsPermission$1
2024-11-12 13:43:05,758 INFO  EvoClassLoader - Keeping class: org.apache.hadoop.fs.permission.FsPermission$1
2024-11-12 13:43:05,758 INFO  EvoClassLoader - Seeing class for first time: org.apache.hadoop.io.WritableFactories
2024-11-12 13:43:05,758 INFO  EvoClassLoader - Instrumenting class 'org.apache.hadoop.io.WritableFactories'.
2024-11-12 13:43:05,758 INFO  MethodCallReplacementClassAdapter - Adding mock interface to class org/apache/hadoop/io/WritableFactories
2024-11-12 13:43:05,758 INFO  CreateClassResetClassAdapter - Found static initializer in class org/apache/hadoop/io/WritableFactories
2024-11-12 13:43:05,758 INFO  EvoClassLoader - Keeping class: org.apache.hadoop.io.WritableFactories
2024-11-12 13:43:05,759 INFO  EvoClassLoader - Seeing class for first time: org.apache.hadoop.fs.permission.FsAction
2024-11-12 13:43:05,759 INFO  EvoClassLoader - Instrumenting class 'org.apache.hadoop.fs.permission.FsAction'.
2024-11-12 13:43:05,759 INFO  MethodCallReplacementClassAdapter - Adding mock interface to class org/apache/hadoop/fs/permission/FsAction
2024-11-12 13:43:05,759 INFO  CreateClassResetClassAdapter - Found static initializer in class org/apache/hadoop/fs/permission/FsAction
2024-11-12 13:43:05,759 INFO  EvoClassLoader - Keeping class: org.apache.hadoop.fs.permission.FsAction
2024-11-12 13:43:05,760 INFO  EvoClassLoader - Seeing class for first time: org.apache.commons.lang3.StringUtils
2024-11-12 13:43:05,760 INFO  EvoClassLoader - Instrumenting class 'org.apache.commons.lang3.StringUtils'.
2024-11-12 13:43:05,761 INFO  MethodCallReplacementClassAdapter - Adding mock interface to class org/apache/commons/lang3/StringUtils
2024-11-12 13:43:05,766 INFO  CreateClassResetClassAdapter - Found static initializer in class org/apache/commons/lang3/StringUtils
2024-11-12 13:43:05,766 INFO  EvoClassLoader - Defined package (3): package org.apache.commons.lang3, -899722583
2024-11-12 13:43:05,767 INFO  EvoClassLoader - Keeping class: org.apache.commons.lang3.StringUtils
2024-11-12 13:43:05,770 INFO  EvoClassLoader - Seeing class for first time: org.apache.hadoop.thirdparty.com.google.common.cache.LocalCache$AbstractCacheSet
2024-11-12 13:43:05,770 INFO  EvoClassLoader - Instrumenting class 'org.apache.hadoop.thirdparty.com.google.common.cache.LocalCache$AbstractCacheSet'.
2024-11-12 13:43:05,771 INFO  MethodCallReplacementClassAdapter - Adding mock interface to class org/apache/hadoop/thirdparty/com/google/common/cache/LocalCache$AbstractCacheSet
2024-11-12 13:43:05,771 INFO  CreateClassResetClassAdapter - Creating brand-new static initializer in class org/apache/hadoop/thirdparty/com/google/common/cache/LocalCache$AbstractCacheSet
2024-11-12 13:43:05,771 INFO  EvoClassLoader - Defined package (3): package org.apache.hadoop.thirdparty.com.google.common.cache, 946697195
2024-11-12 13:43:05,771 INFO  EvoClassLoader - Keeping class: org.apache.hadoop.thirdparty.com.google.common.cache.LocalCache$AbstractCacheSet
2024-11-12 13:43:05,772 INFO  EvoClassLoader - Seeing class for first time: org.apache.hadoop.ipc.CallerContext
2024-11-12 13:43:05,772 INFO  EvoClassLoader - Instrumenting class 'org.apache.hadoop.ipc.CallerContext'.
2024-11-12 13:43:05,772 INFO  MethodCallReplacementClassAdapter - Adding mock interface to class org/apache/hadoop/ipc/CallerContext
2024-11-12 13:43:05,772 INFO  CreateClassResetClassAdapter - Found static initializer in class org/apache/hadoop/ipc/CallerContext
2024-11-12 13:43:05,772 INFO  EvoClassLoader - Defined package (3): package org.apache.hadoop.ipc, -1243660567
2024-11-12 13:43:05,773 INFO  EvoClassLoader - Keeping class: org.apache.hadoop.ipc.CallerContext
2024-11-12 13:43:05,773 INFO  EvoClassLoader - Seeing class for first time: org.apache.hadoop.thirdparty.com.google.common.collect.SortedMapDifference
2024-11-12 13:43:05,773 INFO  EvoClassLoader - Instrumenting class 'org.apache.hadoop.thirdparty.com.google.common.collect.SortedMapDifference'.
2024-11-12 13:43:05,773 INFO  EvoClassLoader - Seeing class for first time: org.apache.hadoop.thirdparty.com.google.common.collect.MapDifference
2024-11-12 13:43:05,773 INFO  EvoClassLoader - Instrumenting class 'org.apache.hadoop.thirdparty.com.google.common.collect.MapDifference'.
2024-11-12 13:43:05,774 INFO  EvoClassLoader - Keeping class: org.apache.hadoop.thirdparty.com.google.common.collect.MapDifference
2024-11-12 13:43:05,774 INFO  EvoClassLoader - Keeping class: org.apache.hadoop.thirdparty.com.google.common.collect.SortedMapDifference
2024-11-12 13:43:05,774 INFO  EvoClassLoader - Seeing class for first time: org.apache.hadoop.fs.LeaseRecoverable
2024-11-12 13:43:05,774 INFO  EvoClassLoader - Instrumenting class 'org.apache.hadoop.fs.LeaseRecoverable'.
2024-11-12 13:43:05,774 INFO  EvoClassLoader - Keeping class: org.apache.hadoop.fs.LeaseRecoverable
2024-11-12 13:43:05,775 INFO  EvoClassLoader - Seeing class for first time: org.apache.hadoop.net.DomainNameResolverFactory
2024-11-12 13:43:05,775 INFO  EvoClassLoader - Instrumenting class 'org.apache.hadoop.net.DomainNameResolverFactory'.
2024-11-12 13:43:05,775 INFO  MethodCallReplacementClassAdapter - Adding mock interface to class org/apache/hadoop/net/DomainNameResolverFactory
2024-11-12 13:43:05,775 INFO  CreateClassResetClassAdapter - Creating brand-new static initializer in class org/apache/hadoop/net/DomainNameResolverFactory
2024-11-12 13:43:05,775 INFO  EvoClassLoader - Defined package (3): package org.apache.hadoop.net, -1243656086
2024-11-12 13:43:05,775 INFO  EvoClassLoader - Keeping class: org.apache.hadoop.net.DomainNameResolverFactory
2024-11-12 13:43:05,775 INFO  EvoClassLoader - Seeing class for first time: org.apache.hadoop.thirdparty.protobuf.CodedInputStream
2024-11-12 13:43:05,775 INFO  EvoClassLoader - Instrumenting class 'org.apache.hadoop.thirdparty.protobuf.CodedInputStream'.
2024-11-12 13:43:05,776 INFO  MethodCallReplacementClassAdapter - Adding mock interface to class org/apache/hadoop/thirdparty/protobuf/CodedInputStream
2024-11-12 13:43:05,776 INFO  CreateClassResetClassAdapter - Found static initializer in class org/apache/hadoop/thirdparty/protobuf/CodedInputStream
2024-11-12 13:43:05,776 INFO  EvoClassLoader - Keeping class: org.apache.hadoop.thirdparty.protobuf.CodedInputStream
2024-11-12 13:43:05,777 INFO  EvoClassLoader - Seeing class for first time: org.apache.hadoop.thirdparty.protobuf.InvalidProtocolBufferException
2024-11-12 13:43:05,777 INFO  EvoClassLoader - Instrumenting class 'org.apache.hadoop.thirdparty.protobuf.InvalidProtocolBufferException'.
2024-11-12 13:43:05,777 INFO  MethodCallReplacementClassAdapter - Adding mock interface to class org/apache/hadoop/thirdparty/protobuf/InvalidProtocolBufferException
2024-11-12 13:43:05,777 INFO  CreateClassResetClassAdapter - Creating brand-new static initializer in class org/apache/hadoop/thirdparty/protobuf/InvalidProtocolBufferException
2024-11-12 13:43:05,777 INFO  EvoClassLoader - Keeping class: org.apache.hadoop.thirdparty.protobuf.InvalidProtocolBufferException
2024-11-12 13:43:05,777 INFO  EvoClassLoader - Seeing class for first time: org.apache.hadoop.thirdparty.protobuf.IterableByteBufferInputStream
2024-11-12 13:43:05,777 INFO  EvoClassLoader - Instrumenting class 'org.apache.hadoop.thirdparty.protobuf.IterableByteBufferInputStream'.
2024-11-12 13:43:05,777 INFO  MethodCallReplacementClassAdapter - Adding mock interface to class org/apache/hadoop/thirdparty/protobuf/IterableByteBufferInputStream
2024-11-12 13:43:05,777 INFO  CreateClassResetClassAdapter - Creating brand-new static initializer in class org/apache/hadoop/thirdparty/protobuf/IterableByteBufferInputStream
2024-11-12 13:43:05,778 INFO  EvoClassLoader - Keeping class: org.apache.hadoop.thirdparty.protobuf.IterableByteBufferInputStream
2024-11-12 13:43:05,778 INFO  EvoClassLoader - Seeing class for first time: org.apache.hadoop.thirdparty.protobuf.CodedInputStream$IterableDirectByteBufferDecoder
2024-11-12 13:43:05,778 INFO  EvoClassLoader - Instrumenting class 'org.apache.hadoop.thirdparty.protobuf.CodedInputStream$IterableDirectByteBufferDecoder'.
2024-11-12 13:43:05,778 INFO  MethodCallReplacementClassAdapter - Adding mock interface to class org/apache/hadoop/thirdparty/protobuf/CodedInputStream$IterableDirectByteBufferDecoder
2024-11-12 13:43:05,779 INFO  CreateClassResetClassAdapter - Creating brand-new static initializer in class org/apache/hadoop/thirdparty/protobuf/CodedInputStream$IterableDirectByteBufferDecoder
2024-11-12 13:43:05,779 INFO  EvoClassLoader - Keeping class: org.apache.hadoop.thirdparty.protobuf.CodedInputStream$IterableDirectByteBufferDecoder
2024-11-12 13:43:05,779 INFO  EvoClassLoader - Seeing class for first time: org.apache.hadoop.thirdparty.protobuf.CodedInputStream$StreamDecoder
2024-11-12 13:43:05,779 INFO  EvoClassLoader - Instrumenting class 'org.apache.hadoop.thirdparty.protobuf.CodedInputStream$StreamDecoder'.
2024-11-12 13:43:05,779 INFO  MethodCallReplacementClassAdapter - Adding mock interface to class org/apache/hadoop/thirdparty/protobuf/CodedInputStream$StreamDecoder
2024-11-12 13:43:05,780 INFO  CreateClassResetClassAdapter - Creating brand-new static initializer in class org/apache/hadoop/thirdparty/protobuf/CodedInputStream$StreamDecoder
2024-11-12 13:43:05,781 INFO  EvoClassLoader - Keeping class: org.apache.hadoop.thirdparty.protobuf.CodedInputStream$StreamDecoder
2024-11-12 13:43:05,781 INFO  EvoClassLoader - Seeing class for first time: org.apache.hadoop.thirdparty.protobuf.CodedInputStream$UnsafeDirectNioDecoder
2024-11-12 13:43:05,781 INFO  EvoClassLoader - Instrumenting class 'org.apache.hadoop.thirdparty.protobuf.CodedInputStream$UnsafeDirectNioDecoder'.
2024-11-12 13:43:05,781 INFO  MethodCallReplacementClassAdapter - Adding mock interface to class org/apache/hadoop/thirdparty/protobuf/CodedInputStream$UnsafeDirectNioDecoder
2024-11-12 13:43:05,782 INFO  CreateClassResetClassAdapter - Creating brand-new static initializer in class org/apache/hadoop/thirdparty/protobuf/CodedInputStream$UnsafeDirectNioDecoder
2024-11-12 13:43:05,782 INFO  EvoClassLoader - Keeping class: org.apache.hadoop.thirdparty.protobuf.CodedInputStream$UnsafeDirectNioDecoder
2024-11-12 13:43:05,782 INFO  EvoClassLoader - Seeing class for first time: org.apache.hadoop.thirdparty.protobuf.CodedInputStream$ArrayDecoder
2024-11-12 13:43:05,782 INFO  EvoClassLoader - Instrumenting class 'org.apache.hadoop.thirdparty.protobuf.CodedInputStream$ArrayDecoder'.
2024-11-12 13:43:05,783 INFO  MethodCallReplacementClassAdapter - Adding mock interface to class org/apache/hadoop/thirdparty/protobuf/CodedInputStream$ArrayDecoder
2024-11-12 13:43:05,783 INFO  CreateClassResetClassAdapter - Creating brand-new static initializer in class org/apache/hadoop/thirdparty/protobuf/CodedInputStream$ArrayDecoder
2024-11-12 13:43:05,784 INFO  EvoClassLoader - Keeping class: org.apache.hadoop.thirdparty.protobuf.CodedInputStream$ArrayDecoder
2024-11-12 13:43:05,784 INFO  EvoClassLoader - Seeing class for first time: org.apache.hadoop.security.Credentials
2024-11-12 13:43:05,784 INFO  EvoClassLoader - Instrumenting class 'org.apache.hadoop.security.Credentials'.
2024-11-12 13:43:05,785 INFO  MethodCallReplacementClassAdapter - Adding mock interface to class org/apache/hadoop/security/Credentials
2024-11-12 13:43:05,786 INFO  CreateClassResetClassAdapter - Found static initializer in class org/apache/hadoop/security/Credentials
2024-11-12 13:43:05,787 INFO  EvoClassLoader - Keeping class: org.apache.hadoop.security.Credentials
2024-11-12 13:43:05,787 INFO  EvoClassLoader - Seeing class for first time: org.apache.hadoop.fs.FSDataOutputStream
2024-11-12 13:43:05,787 INFO  EvoClassLoader - Instrumenting class 'org.apache.hadoop.fs.FSDataOutputStream'.
2024-11-12 13:43:05,788 INFO  MethodCallReplacementClassAdapter - Adding mock interface to class org/apache/hadoop/fs/FSDataOutputStream
2024-11-12 13:43:05,788 INFO  CreateClassResetClassAdapter - Creating brand-new static initializer in class org/apache/hadoop/fs/FSDataOutputStream
2024-11-12 13:43:05,788 INFO  EvoClassLoader - Seeing class for first time: org.apache.hadoop.fs.Syncable
2024-11-12 13:43:05,788 INFO  EvoClassLoader - Instrumenting class 'org.apache.hadoop.fs.Syncable'.
2024-11-12 13:43:05,788 INFO  EvoClassLoader - Keeping class: org.apache.hadoop.fs.Syncable
2024-11-12 13:43:05,788 INFO  EvoClassLoader - Seeing class for first time: org.apache.hadoop.fs.CanSetDropBehind
2024-11-12 13:43:05,788 INFO  EvoClassLoader - Instrumenting class 'org.apache.hadoop.fs.CanSetDropBehind'.
2024-11-12 13:43:05,789 INFO  EvoClassLoader - Keeping class: org.apache.hadoop.fs.CanSetDropBehind
2024-11-12 13:43:05,789 INFO  EvoClassLoader - Seeing class for first time: org.apache.hadoop.fs.StreamCapabilities
2024-11-12 13:43:05,789 INFO  EvoClassLoader - Instrumenting class 'org.apache.hadoop.fs.StreamCapabilities'.
2024-11-12 13:43:05,789 INFO  EvoClassLoader - Keeping class: org.apache.hadoop.fs.StreamCapabilities
2024-11-12 13:43:05,789 INFO  EvoClassLoader - Seeing class for first time: org.apache.hadoop.fs.statistics.IOStatisticsSource
2024-11-12 13:43:05,789 INFO  EvoClassLoader - Instrumenting class 'org.apache.hadoop.fs.statistics.IOStatisticsSource'.
2024-11-12 13:43:05,789 INFO  EvoClassLoader - Defined package (3): package org.apache.hadoop.fs.statistics, -2061501583
2024-11-12 13:43:05,789 INFO  EvoClassLoader - Keeping class: org.apache.hadoop.fs.statistics.IOStatisticsSource
2024-11-12 13:43:05,789 INFO  EvoClassLoader - Seeing class for first time: org.apache.hadoop.fs.Abortable
2024-11-12 13:43:05,789 INFO  EvoClassLoader - Instrumenting class 'org.apache.hadoop.fs.Abortable'.
2024-11-12 13:43:05,790 INFO  EvoClassLoader - Keeping class: org.apache.hadoop.fs.Abortable
2024-11-12 13:43:05,790 INFO  EvoClassLoader - Keeping class: org.apache.hadoop.fs.FSDataOutputStream
2024-11-12 13:43:05,790 INFO  EvoClassLoader - Seeing class for first time: org.apache.hadoop.fs.FSDataInputStream
2024-11-12 13:43:05,790 INFO  EvoClassLoader - Instrumenting class 'org.apache.hadoop.fs.FSDataInputStream'.
2024-11-12 13:43:05,790 INFO  MethodCallReplacementClassAdapter - Adding mock interface to class org/apache/hadoop/fs/FSDataInputStream
2024-11-12 13:43:05,791 INFO  CreateClassResetClassAdapter - Found static initializer in class org/apache/hadoop/fs/FSDataInputStream
2024-11-12 13:43:05,791 INFO  EvoClassLoader - Seeing class for first time: org.apache.hadoop.fs.Seekable
2024-11-12 13:43:05,791 INFO  EvoClassLoader - Instrumenting class 'org.apache.hadoop.fs.Seekable'.
2024-11-12 13:43:05,793 INFO  EvoClassLoader - Keeping class: org.apache.hadoop.fs.Seekable
2024-11-12 13:43:05,793 INFO  EvoClassLoader - Seeing class for first time: org.apache.hadoop.fs.PositionedReadable
2024-11-12 13:43:05,793 INFO  EvoClassLoader - Instrumenting class 'org.apache.hadoop.fs.PositionedReadable'.
2024-11-12 13:43:05,793 INFO  EvoClassLoader - Keeping class: org.apache.hadoop.fs.PositionedReadable
2024-11-12 13:43:05,793 INFO  EvoClassLoader - Seeing class for first time: org.apache.hadoop.fs.ByteBufferReadable
2024-11-12 13:43:05,793 INFO  EvoClassLoader - Instrumenting class 'org.apache.hadoop.fs.ByteBufferReadable'.
2024-11-12 13:43:05,794 INFO  EvoClassLoader - Keeping class: org.apache.hadoop.fs.ByteBufferReadable
2024-11-12 13:43:05,794 INFO  EvoClassLoader - Seeing class for first time: org.apache.hadoop.fs.HasFileDescriptor
2024-11-12 13:43:05,794 INFO  EvoClassLoader - Instrumenting class 'org.apache.hadoop.fs.HasFileDescriptor'.
2024-11-12 13:43:05,794 INFO  EvoClassLoader - Keeping class: org.apache.hadoop.fs.HasFileDescriptor
2024-11-12 13:43:05,794 INFO  EvoClassLoader - Seeing class for first time: org.apache.hadoop.fs.CanSetReadahead
2024-11-12 13:43:05,794 INFO  EvoClassLoader - Instrumenting class 'org.apache.hadoop.fs.CanSetReadahead'.
2024-11-12 13:43:05,795 INFO  EvoClassLoader - Keeping class: org.apache.hadoop.fs.CanSetReadahead
2024-11-12 13:43:05,795 INFO  EvoClassLoader - Seeing class for first time: org.apache.hadoop.fs.HasEnhancedByteBufferAccess
2024-11-12 13:43:05,795 INFO  EvoClassLoader - Instrumenting class 'org.apache.hadoop.fs.HasEnhancedByteBufferAccess'.
2024-11-12 13:43:05,795 INFO  EvoClassLoader - Keeping class: org.apache.hadoop.fs.HasEnhancedByteBufferAccess
2024-11-12 13:43:05,795 INFO  EvoClassLoader - Seeing class for first time: org.apache.hadoop.fs.CanUnbuffer
2024-11-12 13:43:05,795 INFO  EvoClassLoader - Instrumenting class 'org.apache.hadoop.fs.CanUnbuffer'.
2024-11-12 13:43:05,795 INFO  EvoClassLoader - Keeping class: org.apache.hadoop.fs.CanUnbuffer
2024-11-12 13:43:05,795 INFO  EvoClassLoader - Seeing class for first time: org.apache.hadoop.fs.ByteBufferPositionedReadable
2024-11-12 13:43:05,795 INFO  EvoClassLoader - Instrumenting class 'org.apache.hadoop.fs.ByteBufferPositionedReadable'.
2024-11-12 13:43:05,795 INFO  EvoClassLoader - Keeping class: org.apache.hadoop.fs.ByteBufferPositionedReadable
2024-11-12 13:43:05,795 INFO  EvoClassLoader - Keeping class: org.apache.hadoop.fs.FSDataInputStream
2024-11-12 13:43:05,796 INFO  EvoClassLoader - Seeing class for first time: org.apache.hadoop.classification.InterfaceStability$Stable
2024-11-12 13:43:05,796 INFO  EvoClassLoader - Instrumenting class 'org.apache.hadoop.classification.InterfaceStability$Stable'.
2024-11-12 13:43:05,796 INFO  EvoClassLoader - Defined package (3): package org.apache.hadoop.classification, 1598700281
2024-11-12 13:43:05,796 INFO  EvoClassLoader - Keeping class: org.apache.hadoop.classification.InterfaceStability$Stable
2024-11-12 13:43:05,796 INFO  EvoClassLoader - Seeing class for first time: org.apache.hadoop.metrics2.lib.Interns$Info
2024-11-12 13:43:05,796 INFO  EvoClassLoader - Instrumenting class 'org.apache.hadoop.metrics2.lib.Interns$Info'.
2024-11-12 13:43:05,796 INFO  MethodCallReplacementClassAdapter - Adding mock interface to class org/apache/hadoop/metrics2/lib/Interns$Info
2024-11-12 13:43:05,796 INFO  CreateClassResetClassAdapter - Found static initializer in class org/apache/hadoop/metrics2/lib/Interns$Info
2024-11-12 13:43:05,796 INFO  EvoClassLoader - Keeping class: org.apache.hadoop.metrics2.lib.Interns$Info
2024-11-12 13:43:05,796 INFO  EvoClassLoader - Seeing class for first time: org.apache.hadoop.metrics2.lib.Interns$CacheWith2Keys
2024-11-12 13:43:05,796 INFO  EvoClassLoader - Instrumenting class 'org.apache.hadoop.metrics2.lib.Interns$CacheWith2Keys'.
2024-11-12 13:43:05,796 INFO  MethodCallReplacementClassAdapter - Adding mock interface to class org/apache/hadoop/metrics2/lib/Interns$CacheWith2Keys
2024-11-12 13:43:05,797 INFO  CreateClassResetClassAdapter - Creating brand-new static initializer in class org/apache/hadoop/metrics2/lib/Interns$CacheWith2Keys
2024-11-12 13:43:05,797 INFO  EvoClassLoader - Keeping class: org.apache.hadoop.metrics2.lib.Interns$CacheWith2Keys
2024-11-12 13:43:05,797 INFO  EvoClassLoader - Seeing class for first time: org.apache.hadoop.metrics2.lib.Interns$Info$1
2024-11-12 13:43:05,797 INFO  EvoClassLoader - Instrumenting class 'org.apache.hadoop.metrics2.lib.Interns$Info$1'.
2024-11-12 13:43:05,797 INFO  MethodCallReplacementClassAdapter - Adding mock interface to class org/apache/hadoop/metrics2/lib/Interns$Info$1
2024-11-12 13:43:05,797 INFO  EvoClassLoader - Keeping class: org.apache.hadoop.metrics2.lib.Interns$Info$1
2024-11-12 13:43:05,797 INFO  EvoClassLoader - Seeing class for first time: org.apache.hadoop.metrics2.MetricsInfo
2024-11-12 13:43:05,797 INFO  EvoClassLoader - Instrumenting class 'org.apache.hadoop.metrics2.MetricsInfo'.
2024-11-12 13:43:05,797 INFO  EvoClassLoader - Defined package (3): package org.apache.hadoop.metrics2, -190125790
2024-11-12 13:43:05,797 INFO  EvoClassLoader - Keeping class: org.apache.hadoop.metrics2.MetricsInfo
2024-11-12 13:43:05,797 INFO  EvoClassLoader - Seeing class for first time: org.apache.hadoop.metrics2.lib.Interns$CacheWith2Keys$1
2024-11-12 13:43:05,797 INFO  EvoClassLoader - Instrumenting class 'org.apache.hadoop.metrics2.lib.Interns$CacheWith2Keys$1'.
2024-11-12 13:43:05,797 INFO  MethodCallReplacementClassAdapter - Adding mock interface to class org/apache/hadoop/metrics2/lib/Interns$CacheWith2Keys$1
2024-11-12 13:43:05,798 INFO  EvoClassLoader - Keeping class: org.apache.hadoop.metrics2.lib.Interns$CacheWith2Keys$1
2024-11-12 13:43:05,798 INFO  EvoClassLoader - Seeing class for first time: org.apache.hadoop.thirdparty.com.google.common.cache.LoadingCache
2024-11-12 13:43:05,798 INFO  EvoClassLoader - Instrumenting class 'org.apache.hadoop.thirdparty.com.google.common.cache.LoadingCache'.
2024-11-12 13:43:05,798 INFO  EvoClassLoader - Seeing class for first time: org.apache.hadoop.thirdparty.com.google.common.cache.Cache
2024-11-12 13:43:05,798 INFO  EvoClassLoader - Instrumenting class 'org.apache.hadoop.thirdparty.com.google.common.cache.Cache'.
2024-11-12 13:43:05,798 INFO  EvoClassLoader - Keeping class: org.apache.hadoop.thirdparty.com.google.common.cache.Cache
2024-11-12 13:43:05,799 INFO  EvoClassLoader - Keeping class: org.apache.hadoop.thirdparty.com.google.common.cache.LoadingCache
2024-11-12 13:43:05,799 INFO  EvoClassLoader - Seeing class for first time: org.apache.commons.cli.UnrecognizedOptionException
2024-11-12 13:43:05,799 INFO  EvoClassLoader - Instrumenting class 'org.apache.commons.cli.UnrecognizedOptionException'.
2024-11-12 13:43:05,799 INFO  MethodCallReplacementClassAdapter - Adding mock interface to class org/apache/commons/cli/UnrecognizedOptionException
2024-11-12 13:43:05,799 INFO  CreateClassResetClassAdapter - Creating brand-new static initializer in class org/apache/commons/cli/UnrecognizedOptionException
2024-11-12 13:43:05,799 INFO  EvoClassLoader - Defined package (3): package org.apache.commons.cli, -528318268
2024-11-12 13:43:05,799 INFO  EvoClassLoader - Seeing class for first time: org.apache.commons.cli.ParseException
2024-11-12 13:43:05,799 INFO  EvoClassLoader - Instrumenting class 'org.apache.commons.cli.ParseException'.
2024-11-12 13:43:05,799 INFO  MethodCallReplacementClassAdapter - Adding mock interface to class org/apache/commons/cli/ParseException
2024-11-12 13:43:05,799 INFO  CreateClassResetClassAdapter - Creating brand-new static initializer in class org/apache/commons/cli/ParseException
2024-11-12 13:43:05,799 INFO  EvoClassLoader - Keeping class: org.apache.commons.cli.ParseException
2024-11-12 13:43:05,799 INFO  EvoClassLoader - Keeping class: org.apache.commons.cli.UnrecognizedOptionException
2024-11-12 13:43:05,799 INFO  EvoClassLoader - Seeing class for first time: org.apache.hadoop.metrics2.lib.UniqueNames$Count
2024-11-12 13:43:05,799 INFO  EvoClassLoader - Instrumenting class 'org.apache.hadoop.metrics2.lib.UniqueNames$Count'.
2024-11-12 13:43:05,799 INFO  MethodCallReplacementClassAdapter - Adding mock interface to class org/apache/hadoop/metrics2/lib/UniqueNames$Count
2024-11-12 13:43:05,800 INFO  CreateClassResetClassAdapter - Creating brand-new static initializer in class org/apache/hadoop/metrics2/lib/UniqueNames$Count
2024-11-12 13:43:05,800 INFO  EvoClassLoader - Keeping class: org.apache.hadoop.metrics2.lib.UniqueNames$Count
2024-11-12 13:43:05,800 INFO  EvoClassLoader - Seeing class for first time: org.apache.commons.collections.map.UnmodifiableEntrySet$UnmodifiableEntrySetIterator
2024-11-12 13:43:05,800 INFO  EvoClassLoader - Instrumenting class 'org.apache.commons.collections.map.UnmodifiableEntrySet$UnmodifiableEntrySetIterator'.
2024-11-12 13:43:05,800 INFO  MethodCallReplacementClassAdapter - Adding mock interface to class org/apache/commons/collections/map/UnmodifiableEntrySet$UnmodifiableEntrySetIterator
2024-11-12 13:43:05,800 INFO  CreateClassResetClassAdapter - Creating brand-new static initializer in class org/apache/commons/collections/map/UnmodifiableEntrySet$UnmodifiableEntrySetIterator
2024-11-12 13:43:05,800 INFO  EvoClassLoader - Seeing class for first time: org.apache.commons.collections.iterators.AbstractIteratorDecorator
2024-11-12 13:43:05,800 INFO  EvoClassLoader - Instrumenting class 'org.apache.commons.collections.iterators.AbstractIteratorDecorator'.
2024-11-12 13:43:05,800 INFO  MethodCallReplacementClassAdapter - Adding mock interface to class org/apache/commons/collections/iterators/AbstractIteratorDecorator
2024-11-12 13:43:05,800 INFO  CreateClassResetClassAdapter - Creating brand-new static initializer in class org/apache/commons/collections/iterators/AbstractIteratorDecorator
2024-11-12 13:43:05,800 INFO  EvoClassLoader - Defined package (3): package org.apache.commons.collections.iterators, -1397807280
2024-11-12 13:43:05,800 INFO  EvoClassLoader - Keeping class: org.apache.commons.collections.iterators.AbstractIteratorDecorator
2024-11-12 13:43:05,800 INFO  EvoClassLoader - Keeping class: org.apache.commons.collections.map.UnmodifiableEntrySet$UnmodifiableEntrySetIterator
2024-11-12 13:43:05,801 INFO  EvoClassLoader - Seeing class for first time: org.apache.hadoop.thirdparty.com.google.common.cache.LocalCache$Strength$1
2024-11-12 13:43:05,801 INFO  EvoClassLoader - Instrumenting class 'org.apache.hadoop.thirdparty.com.google.common.cache.LocalCache$Strength$1'.
2024-11-12 13:43:05,801 INFO  MethodCallReplacementClassAdapter - Adding mock interface to class org/apache/hadoop/thirdparty/com/google/common/cache/LocalCache$Strength$1
2024-11-12 13:43:05,801 INFO  EvoClassLoader - Seeing class for first time: org.apache.hadoop.thirdparty.com.google.common.cache.LocalCache$Strength
2024-11-12 13:43:05,801 INFO  EvoClassLoader - Instrumenting class 'org.apache.hadoop.thirdparty.com.google.common.cache.LocalCache$Strength'.
2024-11-12 13:43:05,802 INFO  MethodCallReplacementClassAdapter - Adding mock interface to class org/apache/hadoop/thirdparty/com/google/common/cache/LocalCache$Strength
2024-11-12 13:43:05,802 INFO  CreateClassResetClassAdapter - Found static initializer in class org/apache/hadoop/thirdparty/com/google/common/cache/LocalCache$Strength
2024-11-12 13:43:05,802 INFO  EvoClassLoader - Keeping class: org.apache.hadoop.thirdparty.com.google.common.cache.LocalCache$Strength
2024-11-12 13:43:05,802 INFO  EvoClassLoader - Keeping class: org.apache.hadoop.thirdparty.com.google.common.cache.LocalCache$Strength$1
2024-11-12 13:43:05,802 INFO  EvoClassLoader - Seeing class for first time: org.apache.hadoop.thirdparty.com.google.common.cache.LocalCache$Strength$2
2024-11-12 13:43:05,802 INFO  EvoClassLoader - Instrumenting class 'org.apache.hadoop.thirdparty.com.google.common.cache.LocalCache$Strength$2'.
2024-11-12 13:43:05,802 INFO  MethodCallReplacementClassAdapter - Adding mock interface to class org/apache/hadoop/thirdparty/com/google/common/cache/LocalCache$Strength$2
2024-11-12 13:43:05,803 INFO  EvoClassLoader - Keeping class: org.apache.hadoop.thirdparty.com.google.common.cache.LocalCache$Strength$2
2024-11-12 13:43:05,803 INFO  EvoClassLoader - Seeing class for first time: org.apache.hadoop.thirdparty.com.google.common.cache.LocalCache$Strength$3
2024-11-12 13:43:05,803 INFO  EvoClassLoader - Instrumenting class 'org.apache.hadoop.thirdparty.com.google.common.cache.LocalCache$Strength$3'.
2024-11-12 13:43:05,803 INFO  MethodCallReplacementClassAdapter - Adding mock interface to class org/apache/hadoop/thirdparty/com/google/common/cache/LocalCache$Strength$3
2024-11-12 13:43:05,803 INFO  EvoClassLoader - Keeping class: org.apache.hadoop.thirdparty.com.google.common.cache.LocalCache$Strength$3
2024-11-12 13:43:05,803 INFO  EvoClassLoader - Seeing class for first time: org.apache.hadoop.thirdparty.com.google.common.cache.LocalCache$StrongValueReference
2024-11-12 13:43:05,803 INFO  EvoClassLoader - Instrumenting class 'org.apache.hadoop.thirdparty.com.google.common.cache.LocalCache$StrongValueReference'.
2024-11-12 13:43:05,804 INFO  MethodCallReplacementClassAdapter - Adding mock interface to class org/apache/hadoop/thirdparty/com/google/common/cache/LocalCache$StrongValueReference
2024-11-12 13:43:05,804 INFO  CreateClassResetClassAdapter - Creating brand-new static initializer in class org/apache/hadoop/thirdparty/com/google/common/cache/LocalCache$StrongValueReference
2024-11-12 13:43:05,804 INFO  EvoClassLoader - Seeing class for first time: org.apache.hadoop.thirdparty.com.google.common.cache.LocalCache$ValueReference
2024-11-12 13:43:05,804 INFO  EvoClassLoader - Instrumenting class 'org.apache.hadoop.thirdparty.com.google.common.cache.LocalCache$ValueReference'.
2024-11-12 13:43:05,804 INFO  EvoClassLoader - Keeping class: org.apache.hadoop.thirdparty.com.google.common.cache.LocalCache$ValueReference
2024-11-12 13:43:05,804 INFO  EvoClassLoader - Keeping class: org.apache.hadoop.thirdparty.com.google.common.cache.LocalCache$StrongValueReference
2024-11-12 13:43:05,804 INFO  EvoClassLoader - Seeing class for first time: org.apache.hadoop.thirdparty.com.google.common.cache.LocalCache$WeightedStrongValueReference
2024-11-12 13:43:05,804 INFO  EvoClassLoader - Instrumenting class 'org.apache.hadoop.thirdparty.com.google.common.cache.LocalCache$WeightedStrongValueReference'.
2024-11-12 13:43:05,804 INFO  MethodCallReplacementClassAdapter - Adding mock interface to class org/apache/hadoop/thirdparty/com/google/common/cache/LocalCache$WeightedStrongValueReference
2024-11-12 13:43:05,804 INFO  CreateClassResetClassAdapter - Creating brand-new static initializer in class org/apache/hadoop/thirdparty/com/google/common/cache/LocalCache$WeightedStrongValueReference
2024-11-12 13:43:05,804 INFO  EvoClassLoader - Keeping class: org.apache.hadoop.thirdparty.com.google.common.cache.LocalCache$WeightedStrongValueReference
2024-11-12 13:43:05,804 INFO  EvoClassLoader - Seeing class for first time: org.apache.hadoop.thirdparty.com.google.common.cache.LocalCache$SoftValueReference
2024-11-12 13:43:05,804 INFO  EvoClassLoader - Instrumenting class 'org.apache.hadoop.thirdparty.com.google.common.cache.LocalCache$SoftValueReference'.
2024-11-12 13:43:05,804 INFO  MethodCallReplacementClassAdapter - Adding mock interface to class org/apache/hadoop/thirdparty/com/google/common/cache/LocalCache$SoftValueReference
2024-11-12 13:43:05,804 INFO  CreateClassResetClassAdapter - Creating brand-new static initializer in class org/apache/hadoop/thirdparty/com/google/common/cache/LocalCache$SoftValueReference
2024-11-12 13:43:05,805 INFO  EvoClassLoader - Keeping class: org.apache.hadoop.thirdparty.com.google.common.cache.LocalCache$SoftValueReference
2024-11-12 13:43:05,805 INFO  EvoClassLoader - Seeing class for first time: org.apache.hadoop.thirdparty.com.google.common.cache.LocalCache$WeightedSoftValueReference
2024-11-12 13:43:05,805 INFO  EvoClassLoader - Instrumenting class 'org.apache.hadoop.thirdparty.com.google.common.cache.LocalCache$WeightedSoftValueReference'.
2024-11-12 13:43:05,805 INFO  MethodCallReplacementClassAdapter - Adding mock interface to class org/apache/hadoop/thirdparty/com/google/common/cache/LocalCache$WeightedSoftValueReference
2024-11-12 13:43:05,805 INFO  CreateClassResetClassAdapter - Creating brand-new static initializer in class org/apache/hadoop/thirdparty/com/google/common/cache/LocalCache$WeightedSoftValueReference
2024-11-12 13:43:05,805 INFO  EvoClassLoader - Keeping class: org.apache.hadoop.thirdparty.com.google.common.cache.LocalCache$WeightedSoftValueReference
2024-11-12 13:43:05,805 INFO  EvoClassLoader - Seeing class for first time: org.apache.hadoop.thirdparty.com.google.common.cache.LocalCache$WeakValueReference
2024-11-12 13:43:05,805 INFO  EvoClassLoader - Instrumenting class 'org.apache.hadoop.thirdparty.com.google.common.cache.LocalCache$WeakValueReference'.
2024-11-12 13:43:05,805 INFO  MethodCallReplacementClassAdapter - Adding mock interface to class org/apache/hadoop/thirdparty/com/google/common/cache/LocalCache$WeakValueReference
2024-11-12 13:43:05,805 INFO  CreateClassResetClassAdapter - Creating brand-new static initializer in class org/apache/hadoop/thirdparty/com/google/common/cache/LocalCache$WeakValueReference
2024-11-12 13:43:05,805 INFO  EvoClassLoader - Keeping class: org.apache.hadoop.thirdparty.com.google.common.cache.LocalCache$WeakValueReference
2024-11-12 13:43:05,805 INFO  EvoClassLoader - Seeing class for first time: org.apache.hadoop.thirdparty.com.google.common.cache.LocalCache$WeightedWeakValueReference
2024-11-12 13:43:05,805 INFO  EvoClassLoader - Instrumenting class 'org.apache.hadoop.thirdparty.com.google.common.cache.LocalCache$WeightedWeakValueReference'.
2024-11-12 13:43:05,805 INFO  MethodCallReplacementClassAdapter - Adding mock interface to class org/apache/hadoop/thirdparty/com/google/common/cache/LocalCache$WeightedWeakValueReference
2024-11-12 13:43:05,805 INFO  CreateClassResetClassAdapter - Creating brand-new static initializer in class org/apache/hadoop/thirdparty/com/google/common/cache/LocalCache$WeightedWeakValueReference
2024-11-12 13:43:05,805 INFO  EvoClassLoader - Keeping class: org.apache.hadoop.thirdparty.com.google.common.cache.LocalCache$WeightedWeakValueReference
2024-11-12 13:43:05,805 INFO  EvoClassLoader - Seeing class for first time: org.apache.hadoop.metrics2.impl.MetricsConfigException
2024-11-12 13:43:05,805 INFO  EvoClassLoader - Instrumenting class 'org.apache.hadoop.metrics2.impl.MetricsConfigException'.
2024-11-12 13:43:05,806 INFO  MethodCallReplacementClassAdapter - Adding mock interface to class org/apache/hadoop/metrics2/impl/MetricsConfigException
2024-11-12 13:43:05,806 INFO  CreateClassResetClassAdapter - Creating brand-new static initializer in class org/apache/hadoop/metrics2/impl/MetricsConfigException
2024-11-12 13:43:05,806 INFO  EvoClassLoader - Defined package (3): package org.apache.hadoop.metrics2.impl, 998053740
2024-11-12 13:43:05,806 INFO  EvoClassLoader - Seeing class for first time: org.apache.hadoop.metrics2.MetricsException
2024-11-12 13:43:05,806 INFO  EvoClassLoader - Instrumenting class 'org.apache.hadoop.metrics2.MetricsException'.
2024-11-12 13:43:05,806 INFO  MethodCallReplacementClassAdapter - Adding mock interface to class org/apache/hadoop/metrics2/MetricsException
2024-11-12 13:43:05,806 INFO  CreateClassResetClassAdapter - Creating brand-new static initializer in class org/apache/hadoop/metrics2/MetricsException
2024-11-12 13:43:05,806 INFO  EvoClassLoader - Keeping class: org.apache.hadoop.metrics2.MetricsException
2024-11-12 13:43:05,806 INFO  EvoClassLoader - Keeping class: org.apache.hadoop.metrics2.impl.MetricsConfigException
2024-11-12 13:43:05,806 INFO  EvoClassLoader - Seeing class for first time: org.apache.hadoop.metrics2.lib.UniqueNames
2024-11-12 13:43:05,806 INFO  EvoClassLoader - Instrumenting class 'org.apache.hadoop.metrics2.lib.UniqueNames'.
2024-11-12 13:43:05,806 INFO  MethodCallReplacementClassAdapter - Adding mock interface to class org/apache/hadoop/metrics2/lib/UniqueNames
2024-11-12 13:43:05,806 INFO  CreateClassResetClassAdapter - Found static initializer in class org/apache/hadoop/metrics2/lib/UniqueNames
2024-11-12 13:43:05,806 INFO  EvoClassLoader - Keeping class: org.apache.hadoop.metrics2.lib.UniqueNames
2024-11-12 13:43:05,806 INFO  EvoClassLoader - Seeing class for first time: org.apache.hadoop.thirdparty.com.google.common.base.Joiner
2024-11-12 13:43:05,806 INFO  EvoClassLoader - Instrumenting class 'org.apache.hadoop.thirdparty.com.google.common.base.Joiner'.
2024-11-12 13:43:05,807 INFO  MethodCallReplacementClassAdapter - Adding mock interface to class org/apache/hadoop/thirdparty/com/google/common/base/Joiner
2024-11-12 13:43:05,807 INFO  CreateClassResetClassAdapter - Creating brand-new static initializer in class org/apache/hadoop/thirdparty/com/google/common/base/Joiner
2024-11-12 13:43:05,807 INFO  EvoClassLoader - Keeping class: org.apache.hadoop.thirdparty.com.google.common.base.Joiner
2024-11-12 13:43:05,807 INFO  EvoClassLoader - Seeing class for first time: org.apache.hadoop.thirdparty.com.google.common.base.Joiner$2
2024-11-12 13:43:05,807 INFO  EvoClassLoader - Instrumenting class 'org.apache.hadoop.thirdparty.com.google.common.base.Joiner$2'.
2024-11-12 13:43:05,807 INFO  MethodCallReplacementClassAdapter - Adding mock interface to class org/apache/hadoop/thirdparty/com/google/common/base/Joiner$2
2024-11-12 13:43:05,808 INFO  EvoClassLoader - Keeping class: org.apache.hadoop.thirdparty.com.google.common.base.Joiner$2
2024-11-12 13:43:05,808 INFO  EvoClassLoader - Seeing class for first time: org.apache.hadoop.thirdparty.com.google.common.base.Joiner$1
2024-11-12 13:43:05,808 INFO  EvoClassLoader - Instrumenting class 'org.apache.hadoop.thirdparty.com.google.common.base.Joiner$1'.
2024-11-12 13:43:05,808 INFO  MethodCallReplacementClassAdapter - Adding mock interface to class org/apache/hadoop/thirdparty/com/google/common/base/Joiner$1
2024-11-12 13:43:05,808 INFO  EvoClassLoader - Keeping class: org.apache.hadoop.thirdparty.com.google.common.base.Joiner$1
2024-11-12 13:43:05,808 INFO  EvoClassLoader - Seeing class for first time: org.apache.hadoop.thirdparty.com.google.common.collect.Maps$EntryTransformer
2024-11-12 13:43:05,808 INFO  EvoClassLoader - Instrumenting class 'org.apache.hadoop.thirdparty.com.google.common.collect.Maps$EntryTransformer'.
2024-11-12 13:43:05,809 INFO  EvoClassLoader - Keeping class: org.apache.hadoop.thirdparty.com.google.common.collect.Maps$EntryTransformer
2024-11-12 13:43:05,809 INFO  EvoClassLoader - Seeing class for first time: org.apache.hadoop.thirdparty.com.google.common.cache.CacheLoader$UnsupportedLoadingOperationException
2024-11-12 13:43:05,809 INFO  EvoClassLoader - Instrumenting class 'org.apache.hadoop.thirdparty.com.google.common.cache.CacheLoader$UnsupportedLoadingOperationException'.
2024-11-12 13:43:05,809 INFO  MethodCallReplacementClassAdapter - Adding mock interface to class org/apache/hadoop/thirdparty/com/google/common/cache/CacheLoader$UnsupportedLoadingOperationException
2024-11-12 13:43:05,809 INFO  CreateClassResetClassAdapter - Creating brand-new static initializer in class org/apache/hadoop/thirdparty/com/google/common/cache/CacheLoader$UnsupportedLoadingOperationException
2024-11-12 13:43:05,809 INFO  EvoClassLoader - Keeping class: org.apache.hadoop.thirdparty.com.google.common.cache.CacheLoader$UnsupportedLoadingOperationException
2024-11-12 13:43:05,809 INFO  EvoClassLoader - Seeing class for first time: org.apache.hadoop.security.authentication.util.KerberosName
2024-11-12 13:43:05,809 INFO  EvoClassLoader - Instrumenting class 'org.apache.hadoop.security.authentication.util.KerberosName'.
2024-11-12 13:43:05,809 INFO  MethodCallReplacementClassAdapter - Adding mock interface to class org/apache/hadoop/security/authentication/util/KerberosName
2024-11-12 13:43:05,810 INFO  CreateClassResetClassAdapter - Found static initializer in class org/apache/hadoop/security/authentication/util/KerberosName
2024-11-12 13:43:05,810 INFO  EvoClassLoader - Defined package (3): package org.apache.hadoop.security.authentication.util, 2083362781
2024-11-12 13:43:05,810 INFO  EvoClassLoader - Keeping class: org.apache.hadoop.security.authentication.util.KerberosName
2024-11-12 13:43:05,810 INFO  EvoClassLoader - Seeing class for first time: org.apache.hadoop.security.authentication.util.KerberosName$NoMatchingRule
2024-11-12 13:43:05,810 INFO  EvoClassLoader - Instrumenting class 'org.apache.hadoop.security.authentication.util.KerberosName$NoMatchingRule'.
2024-11-12 13:43:05,810 INFO  MethodCallReplacementClassAdapter - Adding mock interface to class org/apache/hadoop/security/authentication/util/KerberosName$NoMatchingRule
2024-11-12 13:43:05,810 INFO  CreateClassResetClassAdapter - Creating brand-new static initializer in class org/apache/hadoop/security/authentication/util/KerberosName$NoMatchingRule
2024-11-12 13:43:05,811 INFO  EvoClassLoader - Keeping class: org.apache.hadoop.security.authentication.util.KerberosName$NoMatchingRule
2024-11-12 13:43:05,811 INFO  EvoClassLoader - Seeing class for first time: org.apache.hadoop.io.DataInputBuffer
2024-11-12 13:43:05,811 INFO  EvoClassLoader - Instrumenting class 'org.apache.hadoop.io.DataInputBuffer'.
2024-11-12 13:43:05,811 INFO  MethodCallReplacementClassAdapter - Adding mock interface to class org/apache/hadoop/io/DataInputBuffer
2024-11-12 13:43:05,811 INFO  CreateClassResetClassAdapter - Creating brand-new static initializer in class org/apache/hadoop/io/DataInputBuffer
2024-11-12 13:43:05,811 INFO  EvoClassLoader - Keeping class: org.apache.hadoop.io.DataInputBuffer
2024-11-12 13:43:05,811 INFO  EvoClassLoader - Seeing class for first time: org.apache.hadoop.io.DataInputBuffer$Buffer
2024-11-12 13:43:05,811 INFO  EvoClassLoader - Instrumenting class 'org.apache.hadoop.io.DataInputBuffer$Buffer'.
2024-11-12 13:43:05,811 INFO  MethodCallReplacementClassAdapter - Adding mock interface to class org/apache/hadoop/io/DataInputBuffer$Buffer
2024-11-12 13:43:05,812 INFO  CreateClassResetClassAdapter - Creating brand-new static initializer in class org/apache/hadoop/io/DataInputBuffer$Buffer
2024-11-12 13:43:05,813 INFO  EvoClassLoader - Keeping class: org.apache.hadoop.io.DataInputBuffer$Buffer
2024-11-12 13:43:05,813 INFO  EvoClassLoader - Seeing class for first time: org.apache.hadoop.fs.shell.FsCommand
2024-11-12 13:43:05,813 INFO  EvoClassLoader - Instrumenting class 'org.apache.hadoop.fs.shell.FsCommand'.
2024-11-12 13:43:05,813 INFO  MethodCallReplacementClassAdapter - Adding mock interface to class org/apache/hadoop/fs/shell/FsCommand
2024-11-12 13:43:05,813 INFO  CreateClassResetClassAdapter - Creating brand-new static initializer in class org/apache/hadoop/fs/shell/FsCommand
2024-11-12 13:43:05,813 INFO  EvoClassLoader - Defined package (3): package org.apache.hadoop.fs.shell, -1967891678
2024-11-12 13:43:05,814 INFO  EvoClassLoader - Seeing class for first time: org.apache.hadoop.fs.shell.Command
2024-11-12 13:43:05,814 INFO  EvoClassLoader - Instrumenting class 'org.apache.hadoop.fs.shell.Command'.
2024-11-12 13:43:05,814 INFO  MethodCallReplacementClassAdapter - Adding mock interface to class org/apache/hadoop/fs/shell/Command
2024-11-12 13:43:05,814 INFO  CreateClassResetClassAdapter - Found static initializer in class org/apache/hadoop/fs/shell/Command
2024-11-12 13:43:05,815 INFO  EvoClassLoader - Keeping class: org.apache.hadoop.fs.shell.Command
2024-11-12 13:43:05,815 INFO  EvoClassLoader - Keeping class: org.apache.hadoop.fs.shell.FsCommand
2024-11-12 13:43:05,815 INFO  EvoClassLoader - Seeing class for first time: org.apache.hadoop.fs.shell.Command$CommandInterruptException
2024-11-12 13:43:05,815 INFO  EvoClassLoader - Instrumenting class 'org.apache.hadoop.fs.shell.Command$CommandInterruptException'.
2024-11-12 13:43:05,815 INFO  MethodCallReplacementClassAdapter - Adding mock interface to class org/apache/hadoop/fs/shell/Command$CommandInterruptException
2024-11-12 13:43:05,815 INFO  CreateClassResetClassAdapter - Creating brand-new static initializer in class org/apache/hadoop/fs/shell/Command$CommandInterruptException
2024-11-12 13:43:05,815 INFO  EvoClassLoader - Keeping class: org.apache.hadoop.fs.shell.Command$CommandInterruptException
2024-11-12 13:43:05,815 INFO  EvoClassLoader - Seeing class for first time: org.apache.hadoop.fs.PathNotFoundException
2024-11-12 13:43:05,815 INFO  EvoClassLoader - Instrumenting class 'org.apache.hadoop.fs.PathNotFoundException'.
2024-11-12 13:43:05,816 INFO  MethodCallReplacementClassAdapter - Adding mock interface to class org/apache/hadoop/fs/PathNotFoundException
2024-11-12 13:43:05,816 INFO  CreateClassResetClassAdapter - Creating brand-new static initializer in class org/apache/hadoop/fs/PathNotFoundException
2024-11-12 13:43:05,816 INFO  EvoClassLoader - Seeing class for first time: org.apache.hadoop.fs.PathIOException
2024-11-12 13:43:05,816 INFO  EvoClassLoader - Instrumenting class 'org.apache.hadoop.fs.PathIOException'.
2024-11-12 13:43:05,816 INFO  MethodCallReplacementClassAdapter - Adding mock interface to class org/apache/hadoop/fs/PathIOException
2024-11-12 13:43:05,816 INFO  CreateClassResetClassAdapter - Creating brand-new static initializer in class org/apache/hadoop/fs/PathIOException
2024-11-12 13:43:05,816 INFO  CreateClassResetClassAdapter - Adding bytecode for initializing field EIO
2024-11-12 13:43:05,816 INFO  EvoClassLoader - Keeping class: org.apache.hadoop.fs.PathIOException
2024-11-12 13:43:05,816 INFO  EvoClassLoader - Keeping class: org.apache.hadoop.fs.PathNotFoundException
2024-11-12 13:43:05,816 INFO  EvoClassLoader - Seeing class for first time: org.apache.hadoop.security.ShellBasedUnixGroupsMapping$PartialGroupNameException
2024-11-12 13:43:05,816 INFO  EvoClassLoader - Instrumenting class 'org.apache.hadoop.security.ShellBasedUnixGroupsMapping$PartialGroupNameException'.
2024-11-12 13:43:05,817 INFO  MethodCallReplacementClassAdapter - Adding mock interface to class org/apache/hadoop/security/ShellBasedUnixGroupsMapping$PartialGroupNameException
2024-11-12 13:43:05,817 INFO  CreateClassResetClassAdapter - Creating brand-new static initializer in class org/apache/hadoop/security/ShellBasedUnixGroupsMapping$PartialGroupNameException
2024-11-12 13:43:05,817 INFO  EvoClassLoader - Keeping class: org.apache.hadoop.security.ShellBasedUnixGroupsMapping$PartialGroupNameException
2024-11-12 13:43:05,817 INFO  EvoClassLoader - Seeing class for first time: org.apache.hadoop.security.HadoopKerberosName
2024-11-12 13:43:05,817 INFO  EvoClassLoader - Instrumenting class 'org.apache.hadoop.security.HadoopKerberosName'.
2024-11-12 13:43:05,817 INFO  MethodCallReplacementClassAdapter - Adding mock interface to class org/apache/hadoop/security/HadoopKerberosName
2024-11-12 13:43:05,817 INFO  CreateClassResetClassAdapter - Found static initializer in class org/apache/hadoop/security/HadoopKerberosName
2024-11-12 13:43:05,817 INFO  EvoClassLoader - Keeping class: org.apache.hadoop.security.HadoopKerberosName
2024-11-12 13:43:05,818 INFO  EvoClassLoader - Seeing class for first time: org.apache.commons.configuration2.Configuration
2024-11-12 13:43:05,818 INFO  EvoClassLoader - Instrumenting class 'org.apache.commons.configuration2.Configuration'.
2024-11-12 13:43:05,818 INFO  EvoClassLoader - Defined package (3): package org.apache.commons.configuration2, -1539130408
2024-11-12 13:43:05,818 INFO  EvoClassLoader - Seeing class for first time: org.apache.commons.configuration2.ImmutableConfiguration
2024-11-12 13:43:05,818 INFO  EvoClassLoader - Instrumenting class 'org.apache.commons.configuration2.ImmutableConfiguration'.
2024-11-12 13:43:05,819 INFO  EvoClassLoader - Keeping class: org.apache.commons.configuration2.ImmutableConfiguration
2024-11-12 13:43:05,819 INFO  EvoClassLoader - Seeing class for first time: org.apache.commons.configuration2.sync.SynchronizerSupport
2024-11-12 13:43:05,819 INFO  EvoClassLoader - Instrumenting class 'org.apache.commons.configuration2.sync.SynchronizerSupport'.
2024-11-12 13:43:05,819 INFO  EvoClassLoader - Defined package (3): package org.apache.commons.configuration2.sync, 1116684017
2024-11-12 13:43:05,819 INFO  EvoClassLoader - Keeping class: org.apache.commons.configuration2.sync.SynchronizerSupport
2024-11-12 13:43:05,820 INFO  EvoClassLoader - Keeping class: org.apache.commons.configuration2.Configuration
2024-11-12 13:43:05,820 INFO  EvoClassLoader - Seeing class for first time: org.apache.commons.configuration2.ex.ConversionException
2024-11-12 13:43:05,820 INFO  EvoClassLoader - Instrumenting class 'org.apache.commons.configuration2.ex.ConversionException'.
2024-11-12 13:43:05,820 INFO  MethodCallReplacementClassAdapter - Adding mock interface to class org/apache/commons/configuration2/ex/ConversionException
2024-11-12 13:43:05,820 INFO  CreateClassResetClassAdapter - Creating brand-new static initializer in class org/apache/commons/configuration2/ex/ConversionException
2024-11-12 13:43:05,820 INFO  EvoClassLoader - Defined package (3): package org.apache.commons.configuration2.ex, 836914825
2024-11-12 13:43:05,820 INFO  EvoClassLoader - Seeing class for first time: org.apache.commons.configuration2.ex.ConfigurationRuntimeException
2024-11-12 13:43:05,820 INFO  EvoClassLoader - Instrumenting class 'org.apache.commons.configuration2.ex.ConfigurationRuntimeException'.
2024-11-12 13:43:05,821 INFO  MethodCallReplacementClassAdapter - Adding mock interface to class org/apache/commons/configuration2/ex/ConfigurationRuntimeException
2024-11-12 13:43:05,821 INFO  CreateClassResetClassAdapter - Creating brand-new static initializer in class org/apache/commons/configuration2/ex/ConfigurationRuntimeException
2024-11-12 13:43:05,821 INFO  EvoClassLoader - Keeping class: org.apache.commons.configuration2.ex.ConfigurationRuntimeException
2024-11-12 13:43:05,821 INFO  EvoClassLoader - Keeping class: org.apache.commons.configuration2.ex.ConversionException
2024-11-12 13:43:05,821 INFO  EvoClassLoader - Seeing class for first time: org.apache.hadoop.util.ZKUtil$BadAuthFormatException
2024-11-12 13:43:05,821 INFO  EvoClassLoader - Instrumenting class 'org.apache.hadoop.util.ZKUtil$BadAuthFormatException'.
2024-11-12 13:43:05,821 INFO  MethodCallReplacementClassAdapter - Adding mock interface to class org/apache/hadoop/util/ZKUtil$BadAuthFormatException
2024-11-12 13:43:05,821 INFO  CreateClassResetClassAdapter - Creating brand-new static initializer in class org/apache/hadoop/util/ZKUtil$BadAuthFormatException
2024-11-12 13:43:05,822 INFO  EvoClassLoader - Seeing class for first time: org.apache.hadoop.HadoopIllegalArgumentException
2024-11-12 13:43:05,822 INFO  EvoClassLoader - Instrumenting class 'org.apache.hadoop.HadoopIllegalArgumentException'.
2024-11-12 13:43:05,822 INFO  MethodCallReplacementClassAdapter - Adding mock interface to class org/apache/hadoop/HadoopIllegalArgumentException
2024-11-12 13:43:05,822 INFO  CreateClassResetClassAdapter - Creating brand-new static initializer in class org/apache/hadoop/HadoopIllegalArgumentException
2024-11-12 13:43:05,822 INFO  EvoClassLoader - Defined package (3): package org.apache.hadoop, 975885115
2024-11-12 13:43:05,822 INFO  EvoClassLoader - Keeping class: org.apache.hadoop.HadoopIllegalArgumentException
2024-11-12 13:43:05,822 INFO  EvoClassLoader - Keeping class: org.apache.hadoop.util.ZKUtil$BadAuthFormatException
2024-11-12 13:43:05,823 INFO  EvoClassLoader - Seeing class for first time: org.apache.hadoop.security.Groups
2024-11-12 13:43:05,823 INFO  EvoClassLoader - Instrumenting class 'org.apache.hadoop.security.Groups'.
2024-11-12 13:43:05,823 INFO  MethodCallReplacementClassAdapter - Adding mock interface to class org/apache/hadoop/security/Groups
2024-11-12 13:43:05,824 INFO  CreateClassResetClassAdapter - Found static initializer in class org/apache/hadoop/security/Groups
2024-11-12 13:43:05,825 INFO  EvoClassLoader - Keeping class: org.apache.hadoop.security.Groups
2024-11-12 13:43:05,825 INFO  EvoClassLoader - Seeing class for first time: org.apache.hadoop.thirdparty.com.google.common.base.Ticker
2024-11-12 13:43:05,825 INFO  EvoClassLoader - Instrumenting class 'org.apache.hadoop.thirdparty.com.google.common.base.Ticker'.
2024-11-12 13:43:05,826 INFO  MethodCallReplacementClassAdapter - Adding mock interface to class org/apache/hadoop/thirdparty/com/google/common/base/Ticker
2024-11-12 13:43:05,826 INFO  CreateClassResetClassAdapter - Found static initializer in class org/apache/hadoop/thirdparty/com/google/common/base/Ticker
2024-11-12 13:43:05,826 INFO  EvoClassLoader - Keeping class: org.apache.hadoop.thirdparty.com.google.common.base.Ticker
2024-11-12 13:43:05,826 INFO  EvoClassLoader - Seeing class for first time: org.apache.hadoop.security.Groups$TimerToTickerAdapter
2024-11-12 13:43:05,826 INFO  EvoClassLoader - Instrumenting class 'org.apache.hadoop.security.Groups$TimerToTickerAdapter'.
2024-11-12 13:43:05,827 INFO  MethodCallReplacementClassAdapter - Adding mock interface to class org/apache/hadoop/security/Groups$TimerToTickerAdapter
2024-11-12 13:43:05,827 INFO  CreateClassResetClassAdapter - Creating brand-new static initializer in class org/apache/hadoop/security/Groups$TimerToTickerAdapter
2024-11-12 13:43:05,827 INFO  EvoClassLoader - Keeping class: org.apache.hadoop.security.Groups$TimerToTickerAdapter
2024-11-12 13:43:05,827 INFO  EvoClassLoader - Seeing class for first time: org.apache.hadoop.thirdparty.com.google.common.cache.CacheLoader
2024-11-12 13:43:05,827 INFO  EvoClassLoader - Instrumenting class 'org.apache.hadoop.thirdparty.com.google.common.cache.CacheLoader'.
2024-11-12 13:43:05,828 INFO  MethodCallReplacementClassAdapter - Adding mock interface to class org/apache/hadoop/thirdparty/com/google/common/cache/CacheLoader
2024-11-12 13:43:05,828 INFO  CreateClassResetClassAdapter - Creating brand-new static initializer in class org/apache/hadoop/thirdparty/com/google/common/cache/CacheLoader
2024-11-12 13:43:05,828 INFO  EvoClassLoader - Keeping class: org.apache.hadoop.thirdparty.com.google.common.cache.CacheLoader
2024-11-12 13:43:05,828 INFO  EvoClassLoader - Seeing class for first time: org.apache.hadoop.security.Groups$GroupCacheLoader
2024-11-12 13:43:05,828 INFO  EvoClassLoader - Instrumenting class 'org.apache.hadoop.security.Groups$GroupCacheLoader'.
2024-11-12 13:43:05,829 INFO  MethodCallReplacementClassAdapter - Adding mock interface to class org/apache/hadoop/security/Groups$GroupCacheLoader
2024-11-12 13:43:05,829 INFO  CreateClassResetClassAdapter - Creating brand-new static initializer in class org/apache/hadoop/security/Groups$GroupCacheLoader
2024-11-12 13:43:05,829 INFO  EvoClassLoader - Keeping class: org.apache.hadoop.security.Groups$GroupCacheLoader
2024-11-12 13:43:05,830 INFO  EvoClassLoader - Seeing class for first time: org.apache.hadoop.net.SocketInputStream
2024-11-12 13:43:05,830 INFO  EvoClassLoader - Instrumenting class 'org.apache.hadoop.net.SocketInputStream'.
2024-11-12 13:43:05,830 INFO  MethodCallReplacementClassAdapter - Adding mock interface to class org/apache/hadoop/net/SocketInputStream
2024-11-12 13:43:05,831 INFO  CreateClassResetClassAdapter - Creating brand-new static initializer in class org/apache/hadoop/net/SocketInputStream
2024-11-12 13:43:05,831 INFO  EvoClassLoader - Keeping class: org.apache.hadoop.net.SocketInputStream
2024-11-12 13:43:05,831 INFO  EvoClassLoader - Seeing class for first time: org.apache.hadoop.metrics2.MetricsSystem$Callback
2024-11-12 13:43:05,831 INFO  EvoClassLoader - Instrumenting class 'org.apache.hadoop.metrics2.MetricsSystem$Callback'.
2024-11-12 13:43:05,831 INFO  EvoClassLoader - Keeping class: org.apache.hadoop.metrics2.MetricsSystem$Callback
2024-11-12 13:43:05,832 INFO  EvoClassLoader - Seeing class for first time: org.apache.hadoop.thirdparty.com.google.common.cache.RemovalListener
2024-11-12 13:43:05,832 INFO  EvoClassLoader - Instrumenting class 'org.apache.hadoop.thirdparty.com.google.common.cache.RemovalListener'.
2024-11-12 13:43:05,832 INFO  EvoClassLoader - Keeping class: org.apache.hadoop.thirdparty.com.google.common.cache.RemovalListener
2024-11-12 13:43:05,832 INFO  EvoClassLoader - Seeing class for first time: org.apache.hadoop.thirdparty.com.google.common.cache.LocalCache$AccessQueue
2024-11-12 13:43:05,832 INFO  EvoClassLoader - Instrumenting class 'org.apache.hadoop.thirdparty.com.google.common.cache.LocalCache$AccessQueue'.
2024-11-12 13:43:05,833 INFO  MethodCallReplacementClassAdapter - Adding mock interface to class org/apache/hadoop/thirdparty/com/google/common/cache/LocalCache$AccessQueue
2024-11-12 13:43:05,833 INFO  CreateClassResetClassAdapter - Creating brand-new static initializer in class org/apache/hadoop/thirdparty/com/google/common/cache/LocalCache$AccessQueue
2024-11-12 13:43:05,833 INFO  EvoClassLoader - Keeping class: org.apache.hadoop.thirdparty.com.google.common.cache.LocalCache$AccessQueue
2024-11-12 13:43:05,833 INFO  EvoClassLoader - Seeing class for first time: org.apache.hadoop.thirdparty.com.google.common.cache.ReferenceEntry
2024-11-12 13:43:05,833 INFO  EvoClassLoader - Instrumenting class 'org.apache.hadoop.thirdparty.com.google.common.cache.ReferenceEntry'.
2024-11-12 13:43:05,833 INFO  EvoClassLoader - Keeping class: org.apache.hadoop.thirdparty.com.google.common.cache.ReferenceEntry
2024-11-12 13:43:05,834 INFO  EvoClassLoader - Seeing class for first time: org.apache.hadoop.util.Timer
2024-11-12 13:43:05,834 INFO  EvoClassLoader - Instrumenting class 'org.apache.hadoop.util.Timer'.
2024-11-12 13:43:05,834 INFO  MethodCallReplacementClassAdapter - Adding mock interface to class org/apache/hadoop/util/Timer
2024-11-12 13:43:05,834 INFO  CreateClassResetClassAdapter - Creating brand-new static initializer in class org/apache/hadoop/util/Timer
2024-11-12 13:43:05,834 INFO  EvoClassLoader - Keeping class: org.apache.hadoop.util.Timer
2024-11-12 13:43:05,834 INFO  EvoClassLoader - Seeing class for first time: org.apache.hadoop.thirdparty.protobuf.Android
2024-11-12 13:43:05,834 INFO  EvoClassLoader - Instrumenting class 'org.apache.hadoop.thirdparty.protobuf.Android'.
2024-11-12 13:43:05,834 INFO  MethodCallReplacementClassAdapter - Adding mock interface to class org/apache/hadoop/thirdparty/protobuf/Android
2024-11-12 13:43:05,834 INFO  CreateClassResetClassAdapter - Found static initializer in class org/apache/hadoop/thirdparty/protobuf/Android
2024-11-12 13:43:05,834 INFO  EvoClassLoader - Keeping class: org.apache.hadoop.thirdparty.protobuf.Android
2024-11-12 13:43:05,834 INFO  EvoClassLoader - Seeing class for first time: libcore.io.Memory
2024-11-12 13:43:05,834 INFO  EvoClassLoader - Instrumenting class 'libcore.io.Memory'.
2024-11-12 13:43:05,835 INFO  EvoClassLoader - Error while loading class: java.lang.ClassNotFoundException: Class 'libcore/io/Memory.class' should be in target project, but could not be found!
2024-11-12 13:43:05,835 INFO  EvoClassLoader - Seeing class for first time: org.robolectric.Robolectric
2024-11-12 13:43:05,835 INFO  EvoClassLoader - Instrumenting class 'org.robolectric.Robolectric'.
2024-11-12 13:43:05,835 INFO  EvoClassLoader - Error while loading class: java.lang.ClassNotFoundException: Class 'org/robolectric/Robolectric.class' should be in target project, but could not be found!
2024-11-12 13:43:05,835 INFO  EvoClassLoader - Seeing class for first time: org.apache.hadoop.security.SecurityUtil$StandardHostResolver
2024-11-12 13:43:05,835 INFO  EvoClassLoader - Instrumenting class 'org.apache.hadoop.security.SecurityUtil$StandardHostResolver'.
2024-11-12 13:43:05,835 INFO  MethodCallReplacementClassAdapter - Adding mock interface to class org/apache/hadoop/security/SecurityUtil$StandardHostResolver
2024-11-12 13:43:05,835 INFO  CreateClassResetClassAdapter - Creating brand-new static initializer in class org/apache/hadoop/security/SecurityUtil$StandardHostResolver
2024-11-12 13:43:05,835 INFO  EvoClassLoader - Seeing class for first time: org.apache.hadoop.security.SecurityUtil$HostResolver
2024-11-12 13:43:05,835 INFO  EvoClassLoader - Instrumenting class 'org.apache.hadoop.security.SecurityUtil$HostResolver'.
2024-11-12 13:43:05,835 INFO  EvoClassLoader - Keeping class: org.apache.hadoop.security.SecurityUtil$HostResolver
2024-11-12 13:43:05,835 INFO  EvoClassLoader - Keeping class: org.apache.hadoop.security.SecurityUtil$StandardHostResolver
2024-11-12 13:43:05,836 INFO  EvoClassLoader - Seeing class for first time: org.apache.hadoop.io.retry.RetryPolicy
2024-11-12 13:43:05,836 INFO  EvoClassLoader - Instrumenting class 'org.apache.hadoop.io.retry.RetryPolicy'.
2024-11-12 13:43:05,836 INFO  EvoClassLoader - Defined package (3): package org.apache.hadoop.io.retry, -290473677
2024-11-12 13:43:05,836 INFO  EvoClassLoader - Keeping class: org.apache.hadoop.io.retry.RetryPolicy
2024-11-12 13:43:05,836 INFO  EvoClassLoader - Seeing class for first time: org.apache.hadoop.fs.BatchListingOperations
2024-11-12 13:43:05,836 INFO  EvoClassLoader - Instrumenting class 'org.apache.hadoop.fs.BatchListingOperations'.
2024-11-12 13:43:05,836 INFO  EvoClassLoader - Keeping class: org.apache.hadoop.fs.BatchListingOperations
2024-11-12 13:43:05,836 INFO  EvoClassLoader - Seeing class for first time: org.apache.hadoop.util.Shell$1
2024-11-12 13:43:05,836 INFO  EvoClassLoader - Instrumenting class 'org.apache.hadoop.util.Shell$1'.
2024-11-12 13:43:05,836 INFO  MethodCallReplacementClassAdapter - Adding mock interface to class org/apache/hadoop/util/Shell$1
2024-11-12 13:43:05,836 INFO  EvoClassLoader - Keeping class: org.apache.hadoop.util.Shell$1
2024-11-12 13:43:05,837 INFO  EvoClassLoader - Seeing class for first time: org.apache.hadoop.thirdparty.com.google.common.base.Converter
2024-11-12 13:43:05,837 INFO  EvoClassLoader - Instrumenting class 'org.apache.hadoop.thirdparty.com.google.common.base.Converter'.
2024-11-12 13:43:05,837 INFO  MethodCallReplacementClassAdapter - Adding mock interface to class org/apache/hadoop/thirdparty/com/google/common/base/Converter
2024-11-12 13:43:05,838 INFO  CreateClassResetClassAdapter - Creating brand-new static initializer in class org/apache/hadoop/thirdparty/com/google/common/base/Converter
2024-11-12 13:43:05,838 INFO  EvoClassLoader - Keeping class: org.apache.hadoop.thirdparty.com.google.common.base.Converter
2024-11-12 13:43:05,838 INFO  EvoClassLoader - Seeing class for first time: org.apache.hadoop.thirdparty.com.google.common.base.Converter$FunctionBasedConverter
2024-11-12 13:43:05,838 INFO  EvoClassLoader - Instrumenting class 'org.apache.hadoop.thirdparty.com.google.common.base.Converter$FunctionBasedConverter'.
2024-11-12 13:43:05,839 INFO  MethodCallReplacementClassAdapter - Adding mock interface to class org/apache/hadoop/thirdparty/com/google/common/base/Converter$FunctionBasedConverter
2024-11-12 13:43:05,839 INFO  CreateClassResetClassAdapter - Creating brand-new static initializer in class org/apache/hadoop/thirdparty/com/google/common/base/Converter$FunctionBasedConverter
2024-11-12 13:43:05,839 INFO  EvoClassLoader - Keeping class: org.apache.hadoop.thirdparty.com.google.common.base.Converter$FunctionBasedConverter
2024-11-12 13:43:05,839 INFO  EvoClassLoader - Seeing class for first time: org.apache.hadoop.thirdparty.com.google.common.base.Converter$ConverterComposition
2024-11-12 13:43:05,839 INFO  EvoClassLoader - Instrumenting class 'org.apache.hadoop.thirdparty.com.google.common.base.Converter$ConverterComposition'.
2024-11-12 13:43:05,839 INFO  MethodCallReplacementClassAdapter - Adding mock interface to class org/apache/hadoop/thirdparty/com/google/common/base/Converter$ConverterComposition
2024-11-12 13:43:05,840 INFO  CreateClassResetClassAdapter - Creating brand-new static initializer in class org/apache/hadoop/thirdparty/com/google/common/base/Converter$ConverterComposition
2024-11-12 13:43:05,840 INFO  EvoClassLoader - Keeping class: org.apache.hadoop.thirdparty.com.google.common.base.Converter$ConverterComposition
2024-11-12 13:43:05,840 INFO  EvoClassLoader - Seeing class for first time: org.apache.hadoop.thirdparty.com.google.common.base.Converter$IdentityConverter
2024-11-12 13:43:05,840 INFO  EvoClassLoader - Instrumenting class 'org.apache.hadoop.thirdparty.com.google.common.base.Converter$IdentityConverter'.
2024-11-12 13:43:05,840 INFO  MethodCallReplacementClassAdapter - Adding mock interface to class org/apache/hadoop/thirdparty/com/google/common/base/Converter$IdentityConverter
2024-11-12 13:43:05,840 INFO  CreateClassResetClassAdapter - Found static initializer in class org/apache/hadoop/thirdparty/com/google/common/base/Converter$IdentityConverter
2024-11-12 13:43:05,841 INFO  EvoClassLoader - Keeping class: org.apache.hadoop.thirdparty.com.google.common.base.Converter$IdentityConverter
2024-11-12 13:43:05,841 INFO  EvoClassLoader - Seeing class for first time: org.apache.hadoop.thirdparty.com.google.common.base.Converter$ReverseConverter
2024-11-12 13:43:05,841 INFO  EvoClassLoader - Instrumenting class 'org.apache.hadoop.thirdparty.com.google.common.base.Converter$ReverseConverter'.
2024-11-12 13:43:05,841 INFO  MethodCallReplacementClassAdapter - Adding mock interface to class org/apache/hadoop/thirdparty/com/google/common/base/Converter$ReverseConverter
2024-11-12 13:43:05,841 INFO  CreateClassResetClassAdapter - Creating brand-new static initializer in class org/apache/hadoop/thirdparty/com/google/common/base/Converter$ReverseConverter
2024-11-12 13:43:05,841 INFO  EvoClassLoader - Keeping class: org.apache.hadoop.thirdparty.com.google.common.base.Converter$ReverseConverter
2024-11-12 13:43:05,841 INFO  EvoClassLoader - Seeing class for first time: org.apache.hadoop.hdfs.protocol.ClientDatanodeProtocol
2024-11-12 13:43:05,841 INFO  EvoClassLoader - Instrumenting class 'org.apache.hadoop.hdfs.protocol.ClientDatanodeProtocol'.
2024-11-12 13:43:05,842 INFO  EvoClassLoader - Defined package (3): package org.apache.hadoop.hdfs.protocol, -1396960598
2024-11-12 13:43:05,842 INFO  EvoClassLoader - Keeping class: org.apache.hadoop.hdfs.protocol.ClientDatanodeProtocol
2024-11-12 13:43:05,842 INFO  EvoClassLoader - Seeing class for first time: org.apache.hadoop.hdfs.protocol.SnapshotException
2024-11-12 13:43:05,842 INFO  EvoClassLoader - Instrumenting class 'org.apache.hadoop.hdfs.protocol.SnapshotException'.
2024-11-12 13:43:05,842 INFO  MethodCallReplacementClassAdapter - Adding mock interface to class org/apache/hadoop/hdfs/protocol/SnapshotException
2024-11-12 13:43:05,842 INFO  CreateClassResetClassAdapter - Creating brand-new static initializer in class org/apache/hadoop/hdfs/protocol/SnapshotException
2024-11-12 13:43:05,843 INFO  EvoClassLoader - Keeping class: org.apache.hadoop.hdfs.protocol.SnapshotException
2024-11-12 13:43:05,843 INFO  EvoClassLoader - Seeing class for first time: org.apache.zookeeper.common.ClientX509Util
2024-11-12 13:43:05,843 INFO  EvoClassLoader - Instrumenting class 'org.apache.zookeeper.common.ClientX509Util'.
2024-11-12 13:43:05,843 INFO  MethodCallReplacementClassAdapter - Adding mock interface to class org/apache/zookeeper/common/ClientX509Util
2024-11-12 13:43:05,843 INFO  CreateClassResetClassAdapter - Creating brand-new static initializer in class org/apache/zookeeper/common/ClientX509Util
2024-11-12 13:43:05,843 INFO  EvoClassLoader - Defined package (3): package org.apache.zookeeper.common, -1112396189
2024-11-12 13:43:05,843 INFO  EvoClassLoader - Seeing class for first time: org.apache.zookeeper.common.X509Util
2024-11-12 13:43:05,843 INFO  EvoClassLoader - Instrumenting class 'org.apache.zookeeper.common.X509Util'.
2024-11-12 13:43:05,844 INFO  MethodCallReplacementClassAdapter - Adding mock interface to class org/apache/zookeeper/common/X509Util
2024-11-12 13:43:05,846 INFO  CreateClassResetClassAdapter - Found static initializer in class org/apache/zookeeper/common/X509Util
2024-11-12 13:43:05,847 INFO  EvoClassLoader - Keeping class: org.apache.zookeeper.common.X509Util
2024-11-12 13:43:05,847 INFO  EvoClassLoader - Keeping class: org.apache.zookeeper.common.ClientX509Util
2024-11-12 13:43:05,847 INFO  EvoClassLoader - Seeing class for first time: org.apache.zookeeper.common.X509Exception$SSLContextException
2024-11-12 13:43:05,847 INFO  EvoClassLoader - Instrumenting class 'org.apache.zookeeper.common.X509Exception$SSLContextException'.
2024-11-12 13:43:05,848 INFO  MethodCallReplacementClassAdapter - Adding mock interface to class org/apache/zookeeper/common/X509Exception$SSLContextException
2024-11-12 13:43:05,848 INFO  CreateClassResetClassAdapter - Creating brand-new static initializer in class org/apache/zookeeper/common/X509Exception$SSLContextException
2024-11-12 13:43:05,848 INFO  EvoClassLoader - Seeing class for first time: org.apache.zookeeper.common.X509Exception
2024-11-12 13:43:05,848 INFO  EvoClassLoader - Instrumenting class 'org.apache.zookeeper.common.X509Exception'.
2024-11-12 13:43:05,848 INFO  MethodCallReplacementClassAdapter - Adding mock interface to class org/apache/zookeeper/common/X509Exception
2024-11-12 13:43:05,848 INFO  CreateClassResetClassAdapter - Creating brand-new static initializer in class org/apache/zookeeper/common/X509Exception
2024-11-12 13:43:05,848 INFO  EvoClassLoader - Keeping class: org.apache.zookeeper.common.X509Exception
2024-11-12 13:43:05,848 INFO  EvoClassLoader - Keeping class: org.apache.zookeeper.common.X509Exception$SSLContextException
2024-11-12 13:43:05,848 INFO  EvoClassLoader - Seeing class for first time: org.apache.zookeeper.common.X509Exception$KeyManagerException
2024-11-12 13:43:05,848 INFO  EvoClassLoader - Instrumenting class 'org.apache.zookeeper.common.X509Exception$KeyManagerException'.
2024-11-12 13:43:05,849 INFO  MethodCallReplacementClassAdapter - Adding mock interface to class org/apache/zookeeper/common/X509Exception$KeyManagerException
2024-11-12 13:43:05,849 INFO  CreateClassResetClassAdapter - Creating brand-new static initializer in class org/apache/zookeeper/common/X509Exception$KeyManagerException
2024-11-12 13:43:05,849 INFO  EvoClassLoader - Keeping class: org.apache.zookeeper.common.X509Exception$KeyManagerException
2024-11-12 13:43:05,849 INFO  EvoClassLoader - Seeing class for first time: org.apache.zookeeper.common.X509Exception$TrustManagerException
2024-11-12 13:43:05,849 INFO  EvoClassLoader - Instrumenting class 'org.apache.zookeeper.common.X509Exception$TrustManagerException'.
2024-11-12 13:43:05,849 INFO  MethodCallReplacementClassAdapter - Adding mock interface to class org/apache/zookeeper/common/X509Exception$TrustManagerException
2024-11-12 13:43:05,849 INFO  CreateClassResetClassAdapter - Creating brand-new static initializer in class org/apache/zookeeper/common/X509Exception$TrustManagerException
2024-11-12 13:43:05,849 INFO  EvoClassLoader - Keeping class: org.apache.zookeeper.common.X509Exception$TrustManagerException
2024-11-12 13:43:05,850 INFO  X509Util - Setting -D jdk.tls.rejectClientInitiatedRenegotiation=true to disable client-initiated TLS renegotiation
2024-11-12 13:43:05,850 INFO  EvoClassLoader - Seeing class for first time: org.apache.hadoop.thirdparty.com.google.common.util.concurrent.FutureCallback
2024-11-12 13:43:05,850 INFO  EvoClassLoader - Instrumenting class 'org.apache.hadoop.thirdparty.com.google.common.util.concurrent.FutureCallback'.
2024-11-12 13:43:05,851 INFO  EvoClassLoader - Keeping class: org.apache.hadoop.thirdparty.com.google.common.util.concurrent.FutureCallback
2024-11-12 13:43:05,851 INFO  EvoClassLoader - Seeing class for first time: org.apache.hadoop.util.Shell$ExitCodeException
2024-11-12 13:43:05,851 INFO  EvoClassLoader - Instrumenting class 'org.apache.hadoop.util.Shell$ExitCodeException'.
2024-11-12 13:43:05,851 INFO  MethodCallReplacementClassAdapter - Adding mock interface to class org/apache/hadoop/util/Shell$ExitCodeException
2024-11-12 13:43:05,851 INFO  CreateClassResetClassAdapter - Creating brand-new static initializer in class org/apache/hadoop/util/Shell$ExitCodeException
2024-11-12 13:43:05,851 INFO  EvoClassLoader - Keeping class: org.apache.hadoop.util.Shell$ExitCodeException
2024-11-12 13:43:05,851 INFO  EvoClassLoader - Seeing class for first time: org.apache.hadoop.conf.StorageUnit
2024-11-12 13:43:05,851 INFO  EvoClassLoader - Instrumenting class 'org.apache.hadoop.conf.StorageUnit'.
2024-11-12 13:43:05,851 INFO  MethodCallReplacementClassAdapter - Adding mock interface to class org/apache/hadoop/conf/StorageUnit
2024-11-12 13:43:05,852 INFO  CreateClassResetClassAdapter - Found static initializer in class org/apache/hadoop/conf/StorageUnit
2024-11-12 13:43:05,852 INFO  EvoClassLoader - Keeping class: org.apache.hadoop.conf.StorageUnit
2024-11-12 13:43:05,852 INFO  EvoClassLoader - Seeing class for first time: org.apache.hadoop.conf.StorageUnit$1
2024-11-12 13:43:05,852 INFO  EvoClassLoader - Instrumenting class 'org.apache.hadoop.conf.StorageUnit$1'.
2024-11-12 13:43:05,852 INFO  MethodCallReplacementClassAdapter - Adding mock interface to class org/apache/hadoop/conf/StorageUnit$1
2024-11-12 13:43:05,852 INFO  EvoClassLoader - Keeping class: org.apache.hadoop.conf.StorageUnit$1
2024-11-12 13:43:05,852 INFO  EvoClassLoader - Seeing class for first time: org.apache.hadoop.conf.StorageUnit$2
2024-11-12 13:43:05,852 INFO  EvoClassLoader - Instrumenting class 'org.apache.hadoop.conf.StorageUnit$2'.
2024-11-12 13:43:05,853 INFO  MethodCallReplacementClassAdapter - Adding mock interface to class org/apache/hadoop/conf/StorageUnit$2
2024-11-12 13:43:05,853 INFO  EvoClassLoader - Keeping class: org.apache.hadoop.conf.StorageUnit$2
2024-11-12 13:43:05,853 INFO  EvoClassLoader - Seeing class for first time: org.apache.hadoop.conf.StorageUnit$3
2024-11-12 13:43:05,853 INFO  EvoClassLoader - Instrumenting class 'org.apache.hadoop.conf.StorageUnit$3'.
2024-11-12 13:43:05,853 INFO  MethodCallReplacementClassAdapter - Adding mock interface to class org/apache/hadoop/conf/StorageUnit$3
2024-11-12 13:43:05,853 INFO  EvoClassLoader - Keeping class: org.apache.hadoop.conf.StorageUnit$3
2024-11-12 13:43:05,853 INFO  EvoClassLoader - Seeing class for first time: org.apache.hadoop.conf.StorageUnit$4
2024-11-12 13:43:05,853 INFO  EvoClassLoader - Instrumenting class 'org.apache.hadoop.conf.StorageUnit$4'.
2024-11-12 13:43:05,854 INFO  MethodCallReplacementClassAdapter - Adding mock interface to class org/apache/hadoop/conf/StorageUnit$4
2024-11-12 13:43:05,854 INFO  EvoClassLoader - Keeping class: org.apache.hadoop.conf.StorageUnit$4
2024-11-12 13:43:05,854 INFO  EvoClassLoader - Seeing class for first time: org.apache.hadoop.conf.StorageUnit$5
2024-11-12 13:43:05,854 INFO  EvoClassLoader - Instrumenting class 'org.apache.hadoop.conf.StorageUnit$5'.
2024-11-12 13:43:05,854 INFO  MethodCallReplacementClassAdapter - Adding mock interface to class org/apache/hadoop/conf/StorageUnit$5
2024-11-12 13:43:05,854 INFO  EvoClassLoader - Keeping class: org.apache.hadoop.conf.StorageUnit$5
2024-11-12 13:43:05,854 INFO  EvoClassLoader - Seeing class for first time: org.apache.hadoop.conf.StorageUnit$6
2024-11-12 13:43:05,854 INFO  EvoClassLoader - Instrumenting class 'org.apache.hadoop.conf.StorageUnit$6'.
2024-11-12 13:43:05,855 INFO  MethodCallReplacementClassAdapter - Adding mock interface to class org/apache/hadoop/conf/StorageUnit$6
2024-11-12 13:43:05,855 INFO  EvoClassLoader - Keeping class: org.apache.hadoop.conf.StorageUnit$6
2024-11-12 13:43:05,855 INFO  EvoClassLoader - Seeing class for first time: org.apache.hadoop.conf.StorageUnit$7
2024-11-12 13:43:05,855 INFO  EvoClassLoader - Instrumenting class 'org.apache.hadoop.conf.StorageUnit$7'.
2024-11-12 13:43:05,855 INFO  MethodCallReplacementClassAdapter - Adding mock interface to class org/apache/hadoop/conf/StorageUnit$7
2024-11-12 13:43:05,855 INFO  EvoClassLoader - Keeping class: org.apache.hadoop.conf.StorageUnit$7
2024-11-12 13:43:05,856 INFO  EvoClassLoader - Seeing class for first time: org.apache.hadoop.thirdparty.com.google.common.base.Ticker$1
2024-11-12 13:43:05,856 INFO  EvoClassLoader - Instrumenting class 'org.apache.hadoop.thirdparty.com.google.common.base.Ticker$1'.
2024-11-12 13:43:05,856 INFO  MethodCallReplacementClassAdapter - Adding mock interface to class org/apache/hadoop/thirdparty/com/google/common/base/Ticker$1
2024-11-12 13:43:05,856 INFO  EvoClassLoader - Keeping class: org.apache.hadoop.thirdparty.com.google.common.base.Ticker$1
2024-11-12 13:43:05,857 INFO  EvoClassLoader - Seeing class for first time: org.apache.hadoop.util.Tool
2024-11-12 13:43:05,857 INFO  EvoClassLoader - Instrumenting class 'org.apache.hadoop.util.Tool'.
2024-11-12 13:43:05,857 INFO  EvoClassLoader - Keeping class: org.apache.hadoop.util.Tool
2024-11-12 13:43:05,857 INFO  EvoClassLoader - Seeing class for first time: org.apache.hadoop.fs.audit.CommonAuditContext
2024-11-12 13:43:05,857 INFO  EvoClassLoader - Instrumenting class 'org.apache.hadoop.fs.audit.CommonAuditContext'.
2024-11-12 13:43:05,858 INFO  MethodCallReplacementClassAdapter - Adding mock interface to class org/apache/hadoop/fs/audit/CommonAuditContext
2024-11-12 13:43:05,859 INFO  CreateClassResetClassAdapter - Found static initializer in class org/apache/hadoop/fs/audit/CommonAuditContext
2024-11-12 13:43:05,859 INFO  EvoClassLoader - Defined package (3): package org.apache.hadoop.fs.audit, -1984128819
2024-11-12 13:43:05,860 INFO  EvoClassLoader - Keeping class: org.apache.hadoop.fs.audit.CommonAuditContext
2024-11-12 13:43:05,861 INFO  EvoClassLoader - Seeing class for first time: org.apache.hadoop.io.DataOutputBuffer
2024-11-12 13:43:05,861 INFO  EvoClassLoader - Instrumenting class 'org.apache.hadoop.io.DataOutputBuffer'.
2024-11-12 13:43:05,861 INFO  MethodCallReplacementClassAdapter - Adding mock interface to class org/apache/hadoop/io/DataOutputBuffer
2024-11-12 13:43:05,862 INFO  CreateClassResetClassAdapter - Creating brand-new static initializer in class org/apache/hadoop/io/DataOutputBuffer
2024-11-12 13:43:05,862 INFO  EvoClassLoader - Keeping class: org.apache.hadoop.io.DataOutputBuffer
2024-11-12 13:43:05,862 INFO  EvoClassLoader - Seeing class for first time: org.apache.hadoop.io.DataOutputBuffer$Buffer
2024-11-12 13:43:05,862 INFO  EvoClassLoader - Instrumenting class 'org.apache.hadoop.io.DataOutputBuffer$Buffer'.
2024-11-12 13:43:05,862 INFO  MethodCallReplacementClassAdapter - Adding mock interface to class org/apache/hadoop/io/DataOutputBuffer$Buffer
2024-11-12 13:43:05,862 INFO  CreateClassResetClassAdapter - Creating brand-new static initializer in class org/apache/hadoop/io/DataOutputBuffer$Buffer
2024-11-12 13:43:05,862 INFO  EvoClassLoader - Keeping class: org.apache.hadoop.io.DataOutputBuffer$Buffer
2024-11-12 13:43:05,863 INFO  EvoClassLoader - Seeing class for first time: org.apache.hadoop.thirdparty.com.google.common.cache.CacheBuilder$OneWeigher
2024-11-12 13:43:05,863 INFO  EvoClassLoader - Instrumenting class 'org.apache.hadoop.thirdparty.com.google.common.cache.CacheBuilder$OneWeigher'.
2024-11-12 13:43:05,863 INFO  MethodCallReplacementClassAdapter - Adding mock interface to class org/apache/hadoop/thirdparty/com/google/common/cache/CacheBuilder$OneWeigher
2024-11-12 13:43:05,863 INFO  CreateClassResetClassAdapter - Found static initializer in class org/apache/hadoop/thirdparty/com/google/common/cache/CacheBuilder$OneWeigher
2024-11-12 13:43:05,863 INFO  EvoClassLoader - Seeing class for first time: org.apache.hadoop.thirdparty.com.google.common.cache.Weigher
2024-11-12 13:43:05,863 INFO  EvoClassLoader - Instrumenting class 'org.apache.hadoop.thirdparty.com.google.common.cache.Weigher'.
2024-11-12 13:43:05,864 INFO  EvoClassLoader - Keeping class: org.apache.hadoop.thirdparty.com.google.common.cache.Weigher
2024-11-12 13:43:05,864 INFO  EvoClassLoader - Keeping class: org.apache.hadoop.thirdparty.com.google.common.cache.CacheBuilder$OneWeigher
2024-11-12 13:43:05,864 INFO  EvoClassLoader - Seeing class for first time: org.apache.hadoop.metrics2.util.SampleStat
2024-11-12 13:43:05,864 INFO  EvoClassLoader - Instrumenting class 'org.apache.hadoop.metrics2.util.SampleStat'.
2024-11-12 13:43:05,864 INFO  MethodCallReplacementClassAdapter - Adding mock interface to class org/apache/hadoop/metrics2/util/SampleStat
2024-11-12 13:43:05,864 INFO  CreateClassResetClassAdapter - Creating brand-new static initializer in class org/apache/hadoop/metrics2/util/SampleStat
2024-11-12 13:43:05,864 INFO  EvoClassLoader - Keeping class: org.apache.hadoop.metrics2.util.SampleStat
2024-11-12 13:43:05,865 INFO  EvoClassLoader - Seeing class for first time: org.apache.hadoop.metrics2.lib.MutableRate
2024-11-12 13:43:05,865 INFO  EvoClassLoader - Instrumenting class 'org.apache.hadoop.metrics2.lib.MutableRate'.
2024-11-12 13:43:05,865 INFO  MethodCallReplacementClassAdapter - Adding mock interface to class org/apache/hadoop/metrics2/lib/MutableRate
2024-11-12 13:43:05,865 INFO  CreateClassResetClassAdapter - Creating brand-new static initializer in class org/apache/hadoop/metrics2/lib/MutableRate
2024-11-12 13:43:05,865 INFO  EvoClassLoader - Seeing class for first time: org.apache.hadoop.metrics2.lib.MutableStat
2024-11-12 13:43:05,865 INFO  EvoClassLoader - Instrumenting class 'org.apache.hadoop.metrics2.lib.MutableStat'.
2024-11-12 13:43:05,865 INFO  MethodCallReplacementClassAdapter - Adding mock interface to class org/apache/hadoop/metrics2/lib/MutableStat
2024-11-12 13:43:05,865 INFO  CreateClassResetClassAdapter - Creating brand-new static initializer in class org/apache/hadoop/metrics2/lib/MutableStat
2024-11-12 13:43:05,865 INFO  EvoClassLoader - Keeping class: org.apache.hadoop.metrics2.lib.MutableStat
2024-11-12 13:43:05,865 INFO  EvoClassLoader - Keeping class: org.apache.hadoop.metrics2.lib.MutableRate
2024-11-12 13:43:05,866 INFO  EvoClassLoader - Seeing class for first time: org.apache.hadoop.hdfs.tools.DFSAdmin$ClearQuotaCommand
2024-11-12 13:43:05,866 INFO  EvoClassLoader - Instrumenting class 'org.apache.hadoop.hdfs.tools.DFSAdmin$ClearQuotaCommand'.
2024-11-12 13:43:05,866 INFO  MethodCallReplacementClassAdapter - Adding mock interface to class org/apache/hadoop/hdfs/tools/DFSAdmin$ClearQuotaCommand
2024-11-12 13:43:05,866 INFO  CreateClassResetClassAdapter - Creating brand-new static initializer in class org/apache/hadoop/hdfs/tools/DFSAdmin$ClearQuotaCommand
2024-11-12 13:43:05,866 INFO  CreateClassResetClassAdapter - Adding bytecode for initializing field NAME
2024-11-12 13:43:05,866 INFO  CreateClassResetClassAdapter - Adding bytecode for initializing field USAGE
2024-11-12 13:43:05,866 INFO  CreateClassResetClassAdapter - Adding bytecode for initializing field DESCRIPTION
2024-11-12 13:43:05,866 INFO  EvoClassLoader - Seeing class for first time: org.apache.hadoop.hdfs.tools.DFSAdmin$DFSAdminCommand
2024-11-12 13:43:05,866 INFO  EvoClassLoader - Instrumenting class 'org.apache.hadoop.hdfs.tools.DFSAdmin$DFSAdminCommand'.
2024-11-12 13:43:05,866 INFO  MethodCallReplacementClassAdapter - Adding mock interface to class org/apache/hadoop/hdfs/tools/DFSAdmin$DFSAdminCommand
2024-11-12 13:43:05,866 INFO  CreateClassResetClassAdapter - Creating brand-new static initializer in class org/apache/hadoop/hdfs/tools/DFSAdmin$DFSAdminCommand
2024-11-12 13:43:05,867 INFO  EvoClassLoader - Keeping class: org.apache.hadoop.hdfs.tools.DFSAdmin$DFSAdminCommand
2024-11-12 13:43:05,867 INFO  EvoClassLoader - Keeping class: org.apache.hadoop.hdfs.tools.DFSAdmin$ClearQuotaCommand
2024-11-12 13:43:05,867 INFO  EvoClassLoader - Seeing class for first time: org.apache.hadoop.metrics2.lib.DefaultMetricsFactory
2024-11-12 13:43:05,867 INFO  EvoClassLoader - Instrumenting class 'org.apache.hadoop.metrics2.lib.DefaultMetricsFactory'.
2024-11-12 13:43:05,867 INFO  MethodCallReplacementClassAdapter - Adding mock interface to class org/apache/hadoop/metrics2/lib/DefaultMetricsFactory
2024-11-12 13:43:05,867 INFO  CreateClassResetClassAdapter - Found static initializer in class org/apache/hadoop/metrics2/lib/DefaultMetricsFactory
2024-11-12 13:43:05,867 INFO  EvoClassLoader - Keeping class: org.apache.hadoop.metrics2.lib.DefaultMetricsFactory
2024-11-12 13:43:05,868 INFO  EvoClassLoader - Seeing class for first time: org.apache.hadoop.hdfs.tools.DFSAdmin$SetSpaceQuotaCommand
2024-11-12 13:43:05,868 INFO  EvoClassLoader - Instrumenting class 'org.apache.hadoop.hdfs.tools.DFSAdmin$SetSpaceQuotaCommand'.
2024-11-12 13:43:05,868 INFO  MethodCallReplacementClassAdapter - Adding mock interface to class org/apache/hadoop/hdfs/tools/DFSAdmin$SetSpaceQuotaCommand
2024-11-12 13:43:05,869 INFO  CreateClassResetClassAdapter - Creating brand-new static initializer in class org/apache/hadoop/hdfs/tools/DFSAdmin$SetSpaceQuotaCommand
2024-11-12 13:43:05,869 INFO  CreateClassResetClassAdapter - Adding bytecode for initializing field NAME
2024-11-12 13:43:05,869 INFO  CreateClassResetClassAdapter - Adding bytecode for initializing field USAGE
2024-11-12 13:43:05,869 INFO  CreateClassResetClassAdapter - Adding bytecode for initializing field DESCRIPTION
2024-11-12 13:43:05,869 INFO  EvoClassLoader - Keeping class: org.apache.hadoop.hdfs.tools.DFSAdmin$SetSpaceQuotaCommand
2024-11-12 13:43:05,870 INFO  EvoClassLoader - Seeing class for first time: org.apache.hadoop.util.StringUtils
2024-11-12 13:43:05,870 INFO  EvoClassLoader - Instrumenting class 'org.apache.hadoop.util.StringUtils'.
2024-11-12 13:43:05,870 INFO  MethodCallReplacementClassAdapter - Adding mock interface to class org/apache/hadoop/util/StringUtils
2024-11-12 13:43:05,873 INFO  CreateClassResetClassAdapter - Found static initializer in class org/apache/hadoop/util/StringUtils
2024-11-12 13:43:05,874 INFO  EvoClassLoader - Keeping class: org.apache.hadoop.util.StringUtils
2024-11-12 13:43:05,875 INFO  EvoClassLoader - Seeing class for first time: org.apache.hadoop.util.Shell
2024-11-12 13:43:05,875 INFO  EvoClassLoader - Instrumenting class 'org.apache.hadoop.util.Shell'.
2024-11-12 13:43:05,875 INFO  MethodCallReplacementClassAdapter - Adding mock interface to class org/apache/hadoop/util/Shell
2024-11-12 13:43:05,878 INFO  CreateClassResetClassAdapter - Found static initializer in class org/apache/hadoop/util/Shell
2024-11-12 13:43:05,879 INFO  EvoClassLoader - Keeping class: org.apache.hadoop.util.Shell
2024-11-12 13:43:05,879 INFO  EvoClassLoader - Seeing class for first time: org.apache.hadoop.util.Shell$ShellTimeoutTimerTask
2024-11-12 13:43:05,879 INFO  EvoClassLoader - Instrumenting class 'org.apache.hadoop.util.Shell$ShellTimeoutTimerTask'.
2024-11-12 13:43:05,880 INFO  MethodCallReplacementClassAdapter - Adding mock interface to class org/apache/hadoop/util/Shell$ShellTimeoutTimerTask
2024-11-12 13:43:05,880 INFO  CreateClassResetClassAdapter - Creating brand-new static initializer in class org/apache/hadoop/util/Shell$ShellTimeoutTimerTask
2024-11-12 13:43:05,881 INFO  EvoClassLoader - Keeping class: org.apache.hadoop.util.Shell$ShellTimeoutTimerTask
2024-11-12 13:43:05,882 INFO  EvoClassLoader - Seeing class for first time: org.apache.hadoop.util.Shell$ShellCommandExecutor
2024-11-12 13:43:05,882 INFO  EvoClassLoader - Instrumenting class 'org.apache.hadoop.util.Shell$ShellCommandExecutor'.
2024-11-12 13:43:05,882 INFO  MethodCallReplacementClassAdapter - Adding mock interface to class org/apache/hadoop/util/Shell$ShellCommandExecutor
2024-11-12 13:43:05,884 INFO  CreateClassResetClassAdapter - Creating brand-new static initializer in class org/apache/hadoop/util/Shell$ShellCommandExecutor
2024-11-12 13:43:05,884 INFO  EvoClassLoader - Seeing class for first time: org.apache.hadoop.util.Shell$CommandExecutor
2024-11-12 13:43:05,884 INFO  EvoClassLoader - Instrumenting class 'org.apache.hadoop.util.Shell$CommandExecutor'.
2024-11-12 13:43:05,885 INFO  EvoClassLoader - Keeping class: org.apache.hadoop.util.Shell$CommandExecutor
2024-11-12 13:43:05,885 INFO  EvoClassLoader - Keeping class: org.apache.hadoop.util.Shell$ShellCommandExecutor
2024-11-12 13:43:05,885 INFO  EvoClassLoader - Seeing class for first time: org.apache.hadoop.util.Time
2024-11-12 13:43:05,885 INFO  EvoClassLoader - Instrumenting class 'org.apache.hadoop.util.Time'.
2024-11-12 13:43:05,886 INFO  MethodCallReplacementClassAdapter - Adding mock interface to class org/apache/hadoop/util/Time
2024-11-12 13:43:05,886 INFO  CreateClassResetClassAdapter - Found static initializer in class org/apache/hadoop/util/Time
2024-11-12 13:43:05,886 INFO  EvoClassLoader - Keeping class: org.apache.hadoop.util.Time
2024-11-12 13:43:05,886 INFO  EvoClassLoader - Seeing class for first time: org.apache.hadoop.util.Time$1
2024-11-12 13:43:05,886 INFO  EvoClassLoader - Instrumenting class 'org.apache.hadoop.util.Time$1'.
2024-11-12 13:43:05,886 INFO  MethodCallReplacementClassAdapter - Adding mock interface to class org/apache/hadoop/util/Time$1
2024-11-12 13:43:05,888 INFO  EvoClassLoader - Keeping class: org.apache.hadoop.util.Time$1
2024-11-12 13:43:05,889 INFO  EvoClassLoader - Seeing class for first time: org.apache.commons.cli.CommandLine
2024-11-12 13:43:05,889 INFO  EvoClassLoader - Instrumenting class 'org.apache.commons.cli.CommandLine'.
2024-11-12 13:43:05,889 INFO  MethodCallReplacementClassAdapter - Adding mock interface to class org/apache/commons/cli/CommandLine
2024-11-12 13:43:05,889 INFO  CreateClassResetClassAdapter - Creating brand-new static initializer in class org/apache/commons/cli/CommandLine
2024-11-12 13:43:05,890 INFO  EvoClassLoader - Keeping class: org.apache.commons.cli.CommandLine
2024-11-12 13:43:05,890 INFO  EvoClassLoader - Seeing class for first time: org.apache.hadoop.security.JniBasedUnixGroupsMappingWithFallback
2024-11-12 13:43:05,890 INFO  EvoClassLoader - Instrumenting class 'org.apache.hadoop.security.JniBasedUnixGroupsMappingWithFallback'.
2024-11-12 13:43:05,891 INFO  MethodCallReplacementClassAdapter - Adding mock interface to class org/apache/hadoop/security/JniBasedUnixGroupsMappingWithFallback
2024-11-12 13:43:05,891 INFO  CreateClassResetClassAdapter - Found static initializer in class org/apache/hadoop/security/JniBasedUnixGroupsMappingWithFallback
2024-11-12 13:43:05,891 INFO  EvoClassLoader - Seeing class for first time: org.apache.hadoop.security.GroupMappingServiceProvider
2024-11-12 13:43:05,891 INFO  EvoClassLoader - Instrumenting class 'org.apache.hadoop.security.GroupMappingServiceProvider'.
2024-11-12 13:43:05,891 INFO  EvoClassLoader - Keeping class: org.apache.hadoop.security.GroupMappingServiceProvider
2024-11-12 13:43:05,891 INFO  EvoClassLoader - Keeping class: org.apache.hadoop.security.JniBasedUnixGroupsMappingWithFallback
2024-11-12 13:43:05,892 INFO  EvoClassLoader - Seeing class for first time: org.apache.hadoop.hdfs.protocol.ClientProtocol
2024-11-12 13:43:05,892 INFO  EvoClassLoader - Instrumenting class 'org.apache.hadoop.hdfs.protocol.ClientProtocol'.
2024-11-12 13:43:05,893 INFO  EvoClassLoader - Keeping class: org.apache.hadoop.hdfs.protocol.ClientProtocol
2024-11-12 13:43:05,893 INFO  EvoClassLoader - Seeing class for first time: org.apache.hadoop.hdfs.DistributedFileSystem
2024-11-12 13:43:05,893 INFO  EvoClassLoader - Instrumenting class 'org.apache.hadoop.hdfs.DistributedFileSystem'.
2024-11-12 13:43:05,894 INFO  MethodCallReplacementClassAdapter - Adding mock interface to class org/apache/hadoop/hdfs/DistributedFileSystem
2024-11-12 13:43:05,901 INFO  CreateClassResetClassAdapter - Found static initializer in class org/apache/hadoop/hdfs/DistributedFileSystem
2024-11-12 13:43:05,901 INFO  EvoClassLoader - Defined package (3): package org.apache.hadoop.hdfs, 101186972
2024-11-12 13:43:05,902 INFO  EvoClassLoader - Seeing class for first time: org.apache.hadoop.crypto.key.KeyProviderTokenIssuer
2024-11-12 13:43:05,902 INFO  EvoClassLoader - Instrumenting class 'org.apache.hadoop.crypto.key.KeyProviderTokenIssuer'.
2024-11-12 13:43:05,903 INFO  EvoClassLoader - Defined package (3): package org.apache.hadoop.crypto.key, 588888133
2024-11-12 13:43:05,903 INFO  EvoClassLoader - Keeping class: org.apache.hadoop.crypto.key.KeyProviderTokenIssuer
2024-11-12 13:43:05,903 INFO  EvoClassLoader - Seeing class for first time: org.apache.hadoop.fs.SafeMode
2024-11-12 13:43:05,903 INFO  EvoClassLoader - Instrumenting class 'org.apache.hadoop.fs.SafeMode'.
2024-11-12 13:43:05,903 INFO  EvoClassLoader - Keeping class: org.apache.hadoop.fs.SafeMode
2024-11-12 13:43:05,904 INFO  EvoClassLoader - Keeping class: org.apache.hadoop.hdfs.DistributedFileSystem
2024-11-12 13:43:05,904 INFO  EvoClassLoader - Seeing class for first time: org.apache.hadoop.hdfs.DistributedFileSystem$HdfsDataOutputStreamBuilder
2024-11-12 13:43:05,904 INFO  EvoClassLoader - Instrumenting class 'org.apache.hadoop.hdfs.DistributedFileSystem$HdfsDataOutputStreamBuilder'.
2024-11-12 13:43:05,904 INFO  MethodCallReplacementClassAdapter - Adding mock interface to class org/apache/hadoop/hdfs/DistributedFileSystem$HdfsDataOutputStreamBuilder
2024-11-12 13:43:05,904 INFO  CreateClassResetClassAdapter - Creating brand-new static initializer in class org/apache/hadoop/hdfs/DistributedFileSystem$HdfsDataOutputStreamBuilder
2024-11-12 13:43:05,904 INFO  EvoClassLoader - Keeping class: org.apache.hadoop.hdfs.DistributedFileSystem$HdfsDataOutputStreamBuilder
2024-11-12 13:43:05,904 INFO  EvoClassLoader - Seeing class for first time: org.apache.hadoop.fs.PathHandle
2024-11-12 13:43:05,904 INFO  EvoClassLoader - Instrumenting class 'org.apache.hadoop.fs.PathHandle'.
2024-11-12 13:43:05,905 INFO  EvoClassLoader - Keeping class: org.apache.hadoop.fs.PathHandle
2024-11-12 13:43:05,905 INFO  EvoClassLoader - Seeing class for first time: org.apache.hadoop.hdfs.client.HdfsDataOutputStream
2024-11-12 13:43:05,905 INFO  EvoClassLoader - Instrumenting class 'org.apache.hadoop.hdfs.client.HdfsDataOutputStream'.
2024-11-12 13:43:05,905 INFO  MethodCallReplacementClassAdapter - Adding mock interface to class org/apache/hadoop/hdfs/client/HdfsDataOutputStream
2024-11-12 13:43:05,905 INFO  CreateClassResetClassAdapter - Creating brand-new static initializer in class org/apache/hadoop/hdfs/client/HdfsDataOutputStream
2024-11-12 13:43:05,905 INFO  EvoClassLoader - Defined package (3): package org.apache.hadoop.hdfs.client, 2065323101
2024-11-12 13:43:05,906 INFO  EvoClassLoader - Keeping class: org.apache.hadoop.hdfs.client.HdfsDataOutputStream
2024-11-12 13:43:05,906 INFO  EvoClassLoader - Seeing class for first time: org.apache.hadoop.fs.MultipartUploaderBuilder
2024-11-12 13:43:05,906 INFO  EvoClassLoader - Instrumenting class 'org.apache.hadoop.fs.MultipartUploaderBuilder'.
2024-11-12 13:43:05,908 INFO  EvoClassLoader - Keeping class: org.apache.hadoop.fs.MultipartUploaderBuilder
2024-11-12 13:43:05,908 INFO  EvoClassLoader - Seeing class for first time: org.apache.hadoop.fs.UnresolvedLinkException
2024-11-12 13:43:05,908 INFO  EvoClassLoader - Instrumenting class 'org.apache.hadoop.fs.UnresolvedLinkException'.
2024-11-12 13:43:05,909 INFO  MethodCallReplacementClassAdapter - Adding mock interface to class org/apache/hadoop/fs/UnresolvedLinkException
2024-11-12 13:43:05,909 INFO  CreateClassResetClassAdapter - Creating brand-new static initializer in class org/apache/hadoop/fs/UnresolvedLinkException
2024-11-12 13:43:05,909 INFO  EvoClassLoader - Keeping class: org.apache.hadoop.fs.UnresolvedLinkException
2024-11-12 13:43:05,909 INFO  EvoClassLoader - Seeing class for first time: org.apache.hadoop.hdfs.client.HdfsDataInputStream
2024-11-12 13:43:05,909 INFO  EvoClassLoader - Instrumenting class 'org.apache.hadoop.hdfs.client.HdfsDataInputStream'.
2024-11-12 13:43:05,909 INFO  MethodCallReplacementClassAdapter - Adding mock interface to class org/apache/hadoop/hdfs/client/HdfsDataInputStream
2024-11-12 13:43:05,909 INFO  CreateClassResetClassAdapter - Creating brand-new static initializer in class org/apache/hadoop/hdfs/client/HdfsDataInputStream
2024-11-12 13:43:05,909 INFO  EvoClassLoader - Keeping class: org.apache.hadoop.hdfs.client.HdfsDataInputStream
2024-11-12 13:43:05,910 INFO  EvoClassLoader - Seeing class for first time: org.apache.hadoop.hdfs.HdfsConfiguration
2024-11-12 13:43:05,910 INFO  EvoClassLoader - Instrumenting class 'org.apache.hadoop.hdfs.HdfsConfiguration'.
2024-11-12 13:43:05,910 INFO  MethodCallReplacementClassAdapter - Adding mock interface to class org/apache/hadoop/hdfs/HdfsConfiguration
2024-11-12 13:43:05,910 INFO  CreateClassResetClassAdapter - Found static initializer in class org/apache/hadoop/hdfs/HdfsConfiguration
2024-11-12 13:43:05,910 INFO  EvoClassLoader - Keeping class: org.apache.hadoop.hdfs.HdfsConfiguration
2024-11-12 13:43:05,911 INFO  EvoClassLoader - Seeing class for first time: org.apache.commons.collections.map.UnmodifiableEntrySet
2024-11-12 13:43:05,911 INFO  EvoClassLoader - Instrumenting class 'org.apache.commons.collections.map.UnmodifiableEntrySet'.
2024-11-12 13:43:05,911 INFO  MethodCallReplacementClassAdapter - Adding mock interface to class org/apache/commons/collections/map/UnmodifiableEntrySet
2024-11-12 13:43:05,911 INFO  CreateClassResetClassAdapter - Creating brand-new static initializer in class org/apache/commons/collections/map/UnmodifiableEntrySet
2024-11-12 13:43:05,911 INFO  EvoClassLoader - Seeing class for first time: org.apache.commons.collections.set.AbstractSetDecorator
2024-11-12 13:43:05,911 INFO  EvoClassLoader - Instrumenting class 'org.apache.commons.collections.set.AbstractSetDecorator'.
2024-11-12 13:43:05,912 INFO  MethodCallReplacementClassAdapter - Adding mock interface to class org/apache/commons/collections/set/AbstractSetDecorator
2024-11-12 13:43:05,912 INFO  CreateClassResetClassAdapter - Creating brand-new static initializer in class org/apache/commons/collections/set/AbstractSetDecorator
2024-11-12 13:43:05,912 INFO  EvoClassLoader - Defined package (3): package org.apache.commons.collections.set, -1340431827
2024-11-12 13:43:05,912 INFO  EvoClassLoader - Seeing class for first time: org.apache.commons.collections.collection.AbstractCollectionDecorator
2024-11-12 13:43:05,912 INFO  EvoClassLoader - Instrumenting class 'org.apache.commons.collections.collection.AbstractCollectionDecorator'.
2024-11-12 13:43:05,912 INFO  MethodCallReplacementClassAdapter - Adding mock interface to class org/apache/commons/collections/collection/AbstractCollectionDecorator
2024-11-12 13:43:05,913 INFO  CreateClassResetClassAdapter - Creating brand-new static initializer in class org/apache/commons/collections/collection/AbstractCollectionDecorator
2024-11-12 13:43:05,913 INFO  EvoClassLoader - Defined package (3): package org.apache.commons.collections.collection, -372261261
2024-11-12 13:43:05,914 INFO  EvoClassLoader - Keeping class: org.apache.commons.collections.collection.AbstractCollectionDecorator
2024-11-12 13:43:05,914 INFO  EvoClassLoader - Keeping class: org.apache.commons.collections.set.AbstractSetDecorator
2024-11-12 13:43:05,914 INFO  EvoClassLoader - Keeping class: org.apache.commons.collections.map.UnmodifiableEntrySet
2024-11-12 13:43:05,915 INFO  EvoClassLoader - Seeing class for first time: org.apache.commons.collections.map.UnmodifiableEntrySet$UnmodifiableEntry
2024-11-12 13:43:05,915 INFO  EvoClassLoader - Instrumenting class 'org.apache.commons.collections.map.UnmodifiableEntrySet$UnmodifiableEntry'.
2024-11-12 13:43:05,915 INFO  MethodCallReplacementClassAdapter - Adding mock interface to class org/apache/commons/collections/map/UnmodifiableEntrySet$UnmodifiableEntry
2024-11-12 13:43:05,916 INFO  CreateClassResetClassAdapter - Creating brand-new static initializer in class org/apache/commons/collections/map/UnmodifiableEntrySet$UnmodifiableEntry
2024-11-12 13:43:05,916 INFO  EvoClassLoader - Seeing class for first time: org.apache.commons.collections.keyvalue.AbstractMapEntryDecorator
2024-11-12 13:43:05,916 INFO  EvoClassLoader - Instrumenting class 'org.apache.commons.collections.keyvalue.AbstractMapEntryDecorator'.
2024-11-12 13:43:05,916 INFO  MethodCallReplacementClassAdapter - Adding mock interface to class org/apache/commons/collections/keyvalue/AbstractMapEntryDecorator
2024-11-12 13:43:05,917 INFO  CreateClassResetClassAdapter - Creating brand-new static initializer in class org/apache/commons/collections/keyvalue/AbstractMapEntryDecorator
2024-11-12 13:43:05,917 INFO  EvoClassLoader - Defined package (3): package org.apache.commons.collections.keyvalue, -567273593
2024-11-12 13:43:05,917 INFO  EvoClassLoader - Seeing class for first time: org.apache.commons.collections.KeyValue
2024-11-12 13:43:05,917 INFO  EvoClassLoader - Instrumenting class 'org.apache.commons.collections.KeyValue'.
2024-11-12 13:43:05,917 INFO  EvoClassLoader - Keeping class: org.apache.commons.collections.KeyValue
2024-11-12 13:43:05,918 INFO  EvoClassLoader - Keeping class: org.apache.commons.collections.keyvalue.AbstractMapEntryDecorator
2024-11-12 13:43:05,918 INFO  EvoClassLoader - Keeping class: org.apache.commons.collections.map.UnmodifiableEntrySet$UnmodifiableEntry
2024-11-12 13:43:05,918 INFO  EvoClassLoader - Seeing class for first time: org.apache.hadoop.hdfs.DistributedFileSystem$PartialListingIterator
2024-11-12 13:43:05,918 INFO  EvoClassLoader - Instrumenting class 'org.apache.hadoop.hdfs.DistributedFileSystem$PartialListingIterator'.
2024-11-12 13:43:05,919 INFO  MethodCallReplacementClassAdapter - Adding mock interface to class org/apache/hadoop/hdfs/DistributedFileSystem$PartialListingIterator
2024-11-12 13:43:05,919 INFO  CreateClassResetClassAdapter - Creating brand-new static initializer in class org/apache/hadoop/hdfs/DistributedFileSystem$PartialListingIterator
2024-11-12 13:43:05,919 INFO  EvoClassLoader - Keeping class: org.apache.hadoop.hdfs.DistributedFileSystem$PartialListingIterator
2024-11-12 13:43:05,920 INFO  EvoClassLoader - Seeing class for first time: org.apache.commons.cli.Option$Builder
2024-11-12 13:43:05,920 INFO  EvoClassLoader - Instrumenting class 'org.apache.commons.cli.Option$Builder'.
2024-11-12 13:43:05,920 INFO  MethodCallReplacementClassAdapter - Adding mock interface to class org/apache/commons/cli/Option$Builder
2024-11-12 13:43:05,921 INFO  CreateClassResetClassAdapter - Creating brand-new static initializer in class org/apache/commons/cli/Option$Builder
2024-11-12 13:43:05,921 INFO  EvoClassLoader - Keeping class: org.apache.commons.cli.Option$Builder
2024-11-12 13:43:05,922 INFO  EvoClassLoader - Seeing class for first time: org.apache.hadoop.metrics2.MetricsSource
2024-11-12 13:43:05,922 INFO  EvoClassLoader - Instrumenting class 'org.apache.hadoop.metrics2.MetricsSource'.
2024-11-12 13:43:05,922 INFO  EvoClassLoader - Keeping class: org.apache.hadoop.metrics2.MetricsSource
2024-11-12 13:43:05,922 INFO  EvoClassLoader - Seeing class for first time: org.apache.hadoop.security.authentication.util.KerberosName$Rule
2024-11-12 13:43:05,922 INFO  EvoClassLoader - Instrumenting class 'org.apache.hadoop.security.authentication.util.KerberosName$Rule'.
2024-11-12 13:43:05,922 INFO  MethodCallReplacementClassAdapter - Adding mock interface to class org/apache/hadoop/security/authentication/util/KerberosName$Rule
2024-11-12 13:43:05,923 INFO  CreateClassResetClassAdapter - Creating brand-new static initializer in class org/apache/hadoop/security/authentication/util/KerberosName$Rule
2024-11-12 13:43:05,923 INFO  EvoClassLoader - Keeping class: org.apache.hadoop.security.authentication.util.KerberosName$Rule
2024-11-12 13:43:05,923 INFO  EvoClassLoader - Seeing class for first time: org.apache.hadoop.security.authentication.util.KerberosName$BadFormatString
2024-11-12 13:43:05,923 INFO  EvoClassLoader - Instrumenting class 'org.apache.hadoop.security.authentication.util.KerberosName$BadFormatString'.
2024-11-12 13:43:05,923 INFO  MethodCallReplacementClassAdapter - Adding mock interface to class org/apache/hadoop/security/authentication/util/KerberosName$BadFormatString
2024-11-12 13:43:05,923 INFO  CreateClassResetClassAdapter - Creating brand-new static initializer in class org/apache/hadoop/security/authentication/util/KerberosName$BadFormatString
2024-11-12 13:43:05,923 INFO  EvoClassLoader - Keeping class: org.apache.hadoop.security.authentication.util.KerberosName$BadFormatString
2024-11-12 13:43:05,924 INFO  EvoClassLoader - Seeing class for first time: org.apache.hadoop.thirdparty.protobuf.InvalidProtocolBufferException$InvalidWireTypeException
2024-11-12 13:43:05,924 INFO  EvoClassLoader - Instrumenting class 'org.apache.hadoop.thirdparty.protobuf.InvalidProtocolBufferException$InvalidWireTypeException'.
2024-11-12 13:43:05,924 INFO  MethodCallReplacementClassAdapter - Adding mock interface to class org/apache/hadoop/thirdparty/protobuf/InvalidProtocolBufferException$InvalidWireTypeException
2024-11-12 13:43:05,924 INFO  CreateClassResetClassAdapter - Creating brand-new static initializer in class org/apache/hadoop/thirdparty/protobuf/InvalidProtocolBufferException$InvalidWireTypeException
2024-11-12 13:43:05,924 INFO  EvoClassLoader - Keeping class: org.apache.hadoop.thirdparty.protobuf.InvalidProtocolBufferException$InvalidWireTypeException
2024-11-12 13:43:05,924 INFO  EvoClassLoader - Seeing class for first time: org.apache.hadoop.fs.shell.CommandFactory
2024-11-12 13:43:05,924 INFO  EvoClassLoader - Instrumenting class 'org.apache.hadoop.fs.shell.CommandFactory'.
2024-11-12 13:43:05,924 INFO  MethodCallReplacementClassAdapter - Adding mock interface to class org/apache/hadoop/fs/shell/CommandFactory
2024-11-12 13:43:05,925 INFO  CreateClassResetClassAdapter - Creating brand-new static initializer in class org/apache/hadoop/fs/shell/CommandFactory
2024-11-12 13:43:05,925 INFO  EvoClassLoader - Keeping class: org.apache.hadoop.fs.shell.CommandFactory
2024-11-12 13:43:05,925 INFO  EvoClassLoader - Seeing class for first time: org.apache.hadoop.io.Text
2024-11-12 13:43:05,925 INFO  EvoClassLoader - Instrumenting class 'org.apache.hadoop.io.Text'.
2024-11-12 13:43:05,925 INFO  MethodCallReplacementClassAdapter - Adding mock interface to class org/apache/hadoop/io/Text
2024-11-12 13:43:05,926 INFO  CreateClassResetClassAdapter - Found static initializer in class org/apache/hadoop/io/Text
2024-11-12 13:43:05,927 INFO  EvoClassLoader - Seeing class for first time: org.apache.hadoop.io.WritableComparable
2024-11-12 13:43:05,927 INFO  EvoClassLoader - Instrumenting class 'org.apache.hadoop.io.WritableComparable'.
2024-11-12 13:43:05,927 INFO  EvoClassLoader - Keeping class: org.apache.hadoop.io.WritableComparable
2024-11-12 13:43:05,927 INFO  EvoClassLoader - Seeing class for first time: org.apache.hadoop.io.BinaryComparable
2024-11-12 13:43:05,927 INFO  EvoClassLoader - Instrumenting class 'org.apache.hadoop.io.BinaryComparable'.
2024-11-12 13:43:05,927 INFO  MethodCallReplacementClassAdapter - Adding mock interface to class org/apache/hadoop/io/BinaryComparable
2024-11-12 13:43:05,927 INFO  CreateClassResetClassAdapter - Creating brand-new static initializer in class org/apache/hadoop/io/BinaryComparable
2024-11-12 13:43:05,927 INFO  EvoClassLoader - Keeping class: org.apache.hadoop.io.BinaryComparable
2024-11-12 13:43:05,927 INFO  EvoClassLoader - Keeping class: org.apache.hadoop.io.Text
2024-11-12 13:43:05,928 INFO  EvoClassLoader - Seeing class for first time: org.apache.hadoop.io.Text$1
2024-11-12 13:43:05,928 INFO  EvoClassLoader - Instrumenting class 'org.apache.hadoop.io.Text$1'.
2024-11-12 13:43:05,928 INFO  MethodCallReplacementClassAdapter - Adding mock interface to class org/apache/hadoop/io/Text$1
2024-11-12 13:43:05,928 INFO  EvoClassLoader - Keeping class: org.apache.hadoop.io.Text$1
2024-11-12 13:43:05,928 INFO  EvoClassLoader - Seeing class for first time: org.apache.hadoop.io.Text$2
2024-11-12 13:43:05,928 INFO  EvoClassLoader - Instrumenting class 'org.apache.hadoop.io.Text$2'.
2024-11-12 13:43:05,928 INFO  MethodCallReplacementClassAdapter - Adding mock interface to class org/apache/hadoop/io/Text$2
2024-11-12 13:43:05,928 INFO  EvoClassLoader - Keeping class: org.apache.hadoop.io.Text$2
2024-11-12 13:43:05,928 INFO  EvoClassLoader - Seeing class for first time: org.apache.hadoop.io.WritableComparator
2024-11-12 13:43:05,928 INFO  EvoClassLoader - Instrumenting class 'org.apache.hadoop.io.WritableComparator'.
2024-11-12 13:43:05,928 INFO  MethodCallReplacementClassAdapter - Adding mock interface to class org/apache/hadoop/io/WritableComparator
2024-11-12 13:43:05,929 INFO  CreateClassResetClassAdapter - Found static initializer in class org/apache/hadoop/io/WritableComparator
2024-11-12 13:43:05,930 INFO  EvoClassLoader - Seeing class for first time: org.apache.hadoop.io.RawComparator
2024-11-12 13:43:05,930 INFO  EvoClassLoader - Instrumenting class 'org.apache.hadoop.io.RawComparator'.
2024-11-12 13:43:05,930 INFO  EvoClassLoader - Keeping class: org.apache.hadoop.io.RawComparator
2024-11-12 13:43:05,930 INFO  EvoClassLoader - Keeping class: org.apache.hadoop.io.WritableComparator
2024-11-12 13:43:05,930 INFO  EvoClassLoader - Seeing class for first time: org.apache.hadoop.io.Text$Comparator
2024-11-12 13:43:05,930 INFO  EvoClassLoader - Instrumenting class 'org.apache.hadoop.io.Text$Comparator'.
2024-11-12 13:43:05,930 INFO  MethodCallReplacementClassAdapter - Adding mock interface to class org/apache/hadoop/io/Text$Comparator
2024-11-12 13:43:05,930 INFO  CreateClassResetClassAdapter - Creating brand-new static initializer in class org/apache/hadoop/io/Text$Comparator
2024-11-12 13:43:05,930 INFO  EvoClassLoader - Keeping class: org.apache.hadoop.io.Text$Comparator
2024-11-12 13:43:05,931 INFO  EvoClassLoader - Seeing class for first time: org.apache.hadoop.fs.Trash
2024-11-12 13:43:05,931 INFO  EvoClassLoader - Instrumenting class 'org.apache.hadoop.fs.Trash'.
2024-11-12 13:43:05,931 INFO  MethodCallReplacementClassAdapter - Adding mock interface to class org/apache/hadoop/fs/Trash
2024-11-12 13:43:05,931 INFO  CreateClassResetClassAdapter - Found static initializer in class org/apache/hadoop/fs/Trash
2024-11-12 13:43:05,931 INFO  EvoClassLoader - Keeping class: org.apache.hadoop.fs.Trash
2024-11-12 13:43:05,932 INFO  EvoClassLoader - Seeing class for first time: org.apache.hadoop.security.UserGroupInformation$AutoRenewalForUserCredsRunnable
2024-11-12 13:43:05,932 INFO  EvoClassLoader - Instrumenting class 'org.apache.hadoop.security.UserGroupInformation$AutoRenewalForUserCredsRunnable'.
2024-11-12 13:43:05,932 INFO  MethodCallReplacementClassAdapter - Adding mock interface to class org/apache/hadoop/security/UserGroupInformation$AutoRenewalForUserCredsRunnable
2024-11-12 13:43:05,933 INFO  CreateClassResetClassAdapter - Creating brand-new static initializer in class org/apache/hadoop/security/UserGroupInformation$AutoRenewalForUserCredsRunnable
2024-11-12 13:43:05,933 INFO  EvoClassLoader - Keeping class: org.apache.hadoop.security.UserGroupInformation$AutoRenewalForUserCredsRunnable
2024-11-12 13:43:05,934 INFO  EvoClassLoader - Seeing class for first time: org.apache.hadoop.metrics2.lib.MutableGaugeInt
2024-11-12 13:43:05,934 INFO  EvoClassLoader - Instrumenting class 'org.apache.hadoop.metrics2.lib.MutableGaugeInt'.
2024-11-12 13:43:05,934 INFO  MethodCallReplacementClassAdapter - Adding mock interface to class org/apache/hadoop/metrics2/lib/MutableGaugeInt
2024-11-12 13:43:05,934 INFO  CreateClassResetClassAdapter - Creating brand-new static initializer in class org/apache/hadoop/metrics2/lib/MutableGaugeInt
2024-11-12 13:43:05,934 INFO  EvoClassLoader - Seeing class for first time: org.apache.hadoop.metrics2.lib.MutableGauge
2024-11-12 13:43:05,934 INFO  EvoClassLoader - Instrumenting class 'org.apache.hadoop.metrics2.lib.MutableGauge'.
2024-11-12 13:43:05,934 INFO  MethodCallReplacementClassAdapter - Adding mock interface to class org/apache/hadoop/metrics2/lib/MutableGauge
2024-11-12 13:43:05,934 INFO  CreateClassResetClassAdapter - Creating brand-new static initializer in class org/apache/hadoop/metrics2/lib/MutableGauge
2024-11-12 13:43:05,934 INFO  EvoClassLoader - Keeping class: org.apache.hadoop.metrics2.lib.MutableGauge
2024-11-12 13:43:05,934 INFO  EvoClassLoader - Keeping class: org.apache.hadoop.metrics2.lib.MutableGaugeInt
2024-11-12 13:43:05,935 INFO  EvoClassLoader - Seeing class for first time: org.apache.hadoop.security.ShellBasedUnixGroupsMapping
2024-11-12 13:43:05,935 INFO  EvoClassLoader - Instrumenting class 'org.apache.hadoop.security.ShellBasedUnixGroupsMapping'.
2024-11-12 13:43:05,935 INFO  MethodCallReplacementClassAdapter - Adding mock interface to class org/apache/hadoop/security/ShellBasedUnixGroupsMapping
2024-11-12 13:43:05,935 INFO  CreateClassResetClassAdapter - Found static initializer in class org/apache/hadoop/security/ShellBasedUnixGroupsMapping
2024-11-12 13:43:05,935 INFO  EvoClassLoader - Keeping class: org.apache.hadoop.security.ShellBasedUnixGroupsMapping
2024-11-12 13:43:05,936 INFO  EvoClassLoader - Seeing class for first time: org.apache.hadoop.metrics2.util.SampleStat$MinMax
2024-11-12 13:43:05,936 INFO  EvoClassLoader - Instrumenting class 'org.apache.hadoop.metrics2.util.SampleStat$MinMax'.
2024-11-12 13:43:05,936 INFO  MethodCallReplacementClassAdapter - Adding mock interface to class org/apache/hadoop/metrics2/util/SampleStat$MinMax
2024-11-12 13:43:05,936 INFO  CreateClassResetClassAdapter - Creating brand-new static initializer in class org/apache/hadoop/metrics2/util/SampleStat$MinMax
2024-11-12 13:43:05,936 INFO  CreateClassResetClassAdapter - Adding bytecode for initializing field DEFAULT_MIN_VALUE
2024-11-12 13:43:05,936 INFO  CreateClassResetClassAdapter - Adding bytecode for initializing field DEFAULT_MAX_VALUE
2024-11-12 13:43:05,936 INFO  EvoClassLoader - Keeping class: org.apache.hadoop.metrics2.util.SampleStat$MinMax
2024-11-12 13:43:05,936 INFO  EvoClassLoader - Seeing class for first time: com.ctc.wstx.io.MergedReader
2024-11-12 13:43:05,936 INFO  EvoClassLoader - Instrumenting class 'com.ctc.wstx.io.MergedReader'.
2024-11-12 13:43:05,937 INFO  MethodCallReplacementClassAdapter - Adding mock interface to class com/ctc/wstx/io/MergedReader
2024-11-12 13:43:05,937 INFO  CreateClassResetClassAdapter - Creating brand-new static initializer in class com/ctc/wstx/io/MergedReader
2024-11-12 13:43:05,937 INFO  EvoClassLoader - Keeping class: com.ctc.wstx.io.MergedReader
2024-11-12 13:43:05,937 INFO  EvoClassLoader - Seeing class for first time: org.apache.hadoop.thirdparty.com.google.common.cache.LocalCache$EntryFactory$1
2024-11-12 13:43:05,937 INFO  EvoClassLoader - Instrumenting class 'org.apache.hadoop.thirdparty.com.google.common.cache.LocalCache$EntryFactory$1'.
2024-11-12 13:43:05,938 INFO  MethodCallReplacementClassAdapter - Adding mock interface to class org/apache/hadoop/thirdparty/com/google/common/cache/LocalCache$EntryFactory$1
2024-11-12 13:43:05,938 INFO  EvoClassLoader - Seeing class for first time: org.apache.hadoop.thirdparty.com.google.common.cache.LocalCache$EntryFactory
2024-11-12 13:43:05,938 INFO  EvoClassLoader - Instrumenting class 'org.apache.hadoop.thirdparty.com.google.common.cache.LocalCache$EntryFactory'.
2024-11-12 13:43:05,938 INFO  MethodCallReplacementClassAdapter - Adding mock interface to class org/apache/hadoop/thirdparty/com/google/common/cache/LocalCache$EntryFactory
2024-11-12 13:43:05,938 INFO  CreateClassResetClassAdapter - Found static initializer in class org/apache/hadoop/thirdparty/com/google/common/cache/LocalCache$EntryFactory
2024-11-12 13:43:05,938 INFO  EvoClassLoader - Keeping class: org.apache.hadoop.thirdparty.com.google.common.cache.LocalCache$EntryFactory
2024-11-12 13:43:05,938 INFO  EvoClassLoader - Keeping class: org.apache.hadoop.thirdparty.com.google.common.cache.LocalCache$EntryFactory$1
2024-11-12 13:43:05,938 INFO  EvoClassLoader - Seeing class for first time: org.apache.hadoop.thirdparty.com.google.common.cache.LocalCache$EntryFactory$2
2024-11-12 13:43:05,938 INFO  EvoClassLoader - Instrumenting class 'org.apache.hadoop.thirdparty.com.google.common.cache.LocalCache$EntryFactory$2'.
2024-11-12 13:43:05,939 INFO  MethodCallReplacementClassAdapter - Adding mock interface to class org/apache/hadoop/thirdparty/com/google/common/cache/LocalCache$EntryFactory$2
2024-11-12 13:43:05,939 INFO  EvoClassLoader - Keeping class: org.apache.hadoop.thirdparty.com.google.common.cache.LocalCache$EntryFactory$2
2024-11-12 13:43:05,939 INFO  EvoClassLoader - Seeing class for first time: org.apache.hadoop.thirdparty.com.google.common.cache.LocalCache$EntryFactory$3
2024-11-12 13:43:05,939 INFO  EvoClassLoader - Instrumenting class 'org.apache.hadoop.thirdparty.com.google.common.cache.LocalCache$EntryFactory$3'.
2024-11-12 13:43:05,939 INFO  MethodCallReplacementClassAdapter - Adding mock interface to class org/apache/hadoop/thirdparty/com/google/common/cache/LocalCache$EntryFactory$3
2024-11-12 13:43:05,939 INFO  EvoClassLoader - Keeping class: org.apache.hadoop.thirdparty.com.google.common.cache.LocalCache$EntryFactory$3
2024-11-12 13:43:05,939 INFO  EvoClassLoader - Seeing class for first time: org.apache.hadoop.thirdparty.com.google.common.cache.LocalCache$EntryFactory$4
2024-11-12 13:43:05,939 INFO  EvoClassLoader - Instrumenting class 'org.apache.hadoop.thirdparty.com.google.common.cache.LocalCache$EntryFactory$4'.
2024-11-12 13:43:05,939 INFO  MethodCallReplacementClassAdapter - Adding mock interface to class org/apache/hadoop/thirdparty/com/google/common/cache/LocalCache$EntryFactory$4
2024-11-12 13:43:05,939 INFO  EvoClassLoader - Keeping class: org.apache.hadoop.thirdparty.com.google.common.cache.LocalCache$EntryFactory$4
2024-11-12 13:43:05,939 INFO  EvoClassLoader - Seeing class for first time: org.apache.hadoop.thirdparty.com.google.common.cache.LocalCache$EntryFactory$5
2024-11-12 13:43:05,939 INFO  EvoClassLoader - Instrumenting class 'org.apache.hadoop.thirdparty.com.google.common.cache.LocalCache$EntryFactory$5'.
2024-11-12 13:43:05,940 INFO  MethodCallReplacementClassAdapter - Adding mock interface to class org/apache/hadoop/thirdparty/com/google/common/cache/LocalCache$EntryFactory$5
2024-11-12 13:43:05,940 INFO  EvoClassLoader - Keeping class: org.apache.hadoop.thirdparty.com.google.common.cache.LocalCache$EntryFactory$5
2024-11-12 13:43:05,940 INFO  EvoClassLoader - Seeing class for first time: org.apache.hadoop.thirdparty.com.google.common.cache.LocalCache$EntryFactory$6
2024-11-12 13:43:05,940 INFO  EvoClassLoader - Instrumenting class 'org.apache.hadoop.thirdparty.com.google.common.cache.LocalCache$EntryFactory$6'.
2024-11-12 13:43:05,940 INFO  MethodCallReplacementClassAdapter - Adding mock interface to class org/apache/hadoop/thirdparty/com/google/common/cache/LocalCache$EntryFactory$6
2024-11-12 13:43:05,940 INFO  EvoClassLoader - Keeping class: org.apache.hadoop.thirdparty.com.google.common.cache.LocalCache$EntryFactory$6
2024-11-12 13:43:05,940 INFO  EvoClassLoader - Seeing class for first time: org.apache.hadoop.thirdparty.com.google.common.cache.LocalCache$EntryFactory$7
2024-11-12 13:43:05,940 INFO  EvoClassLoader - Instrumenting class 'org.apache.hadoop.thirdparty.com.google.common.cache.LocalCache$EntryFactory$7'.
2024-11-12 13:43:05,940 INFO  MethodCallReplacementClassAdapter - Adding mock interface to class org/apache/hadoop/thirdparty/com/google/common/cache/LocalCache$EntryFactory$7
2024-11-12 13:43:05,940 INFO  EvoClassLoader - Keeping class: org.apache.hadoop.thirdparty.com.google.common.cache.LocalCache$EntryFactory$7
2024-11-12 13:43:05,940 INFO  EvoClassLoader - Seeing class for first time: org.apache.hadoop.thirdparty.com.google.common.cache.LocalCache$EntryFactory$8
2024-11-12 13:43:05,940 INFO  EvoClassLoader - Instrumenting class 'org.apache.hadoop.thirdparty.com.google.common.cache.LocalCache$EntryFactory$8'.
2024-11-12 13:43:05,941 INFO  MethodCallReplacementClassAdapter - Adding mock interface to class org/apache/hadoop/thirdparty/com/google/common/cache/LocalCache$EntryFactory$8
2024-11-12 13:43:05,941 INFO  EvoClassLoader - Keeping class: org.apache.hadoop.thirdparty.com.google.common.cache.LocalCache$EntryFactory$8
2024-11-12 13:43:05,942 INFO  EvoClassLoader - Seeing class for first time: org.apache.hadoop.fs.impl.FutureDataInputStreamBuilderImpl
2024-11-12 13:43:05,942 INFO  EvoClassLoader - Instrumenting class 'org.apache.hadoop.fs.impl.FutureDataInputStreamBuilderImpl'.
2024-11-12 13:43:05,942 INFO  MethodCallReplacementClassAdapter - Adding mock interface to class org/apache/hadoop/fs/impl/FutureDataInputStreamBuilderImpl
2024-11-12 13:43:05,942 INFO  CreateClassResetClassAdapter - Creating brand-new static initializer in class org/apache/hadoop/fs/impl/FutureDataInputStreamBuilderImpl
2024-11-12 13:43:05,942 INFO  EvoClassLoader - Seeing class for first time: org.apache.hadoop.fs.FutureDataInputStreamBuilder
2024-11-12 13:43:05,942 INFO  EvoClassLoader - Instrumenting class 'org.apache.hadoop.fs.FutureDataInputStreamBuilder'.
2024-11-12 13:43:05,942 INFO  EvoClassLoader - Keeping class: org.apache.hadoop.fs.FutureDataInputStreamBuilder
2024-11-12 13:43:05,942 INFO  EvoClassLoader - Keeping class: org.apache.hadoop.fs.impl.FutureDataInputStreamBuilderImpl
2024-11-12 13:43:05,942 INFO  EvoClassLoader - Seeing class for first time: org.apache.hadoop.fs.FileSystem$FSDataInputStreamBuilder
2024-11-12 13:43:05,942 INFO  EvoClassLoader - Instrumenting class 'org.apache.hadoop.fs.FileSystem$FSDataInputStreamBuilder'.
2024-11-12 13:43:05,943 INFO  MethodCallReplacementClassAdapter - Adding mock interface to class org/apache/hadoop/fs/FileSystem$FSDataInputStreamBuilder
2024-11-12 13:43:05,943 INFO  CreateClassResetClassAdapter - Creating brand-new static initializer in class org/apache/hadoop/fs/FileSystem$FSDataInputStreamBuilder
2024-11-12 13:43:05,943 INFO  EvoClassLoader - Keeping class: org.apache.hadoop.fs.FileSystem$FSDataInputStreamBuilder
2024-11-12 13:43:05,943 INFO  EvoClassLoader - Seeing class for first time: org.apache.hadoop.fs.ChecksumFileSystem$ChecksumFSOutputSummer
2024-11-12 13:43:05,943 INFO  EvoClassLoader - Instrumenting class 'org.apache.hadoop.fs.ChecksumFileSystem$ChecksumFSOutputSummer'.
2024-11-12 13:43:05,943 INFO  MethodCallReplacementClassAdapter - Adding mock interface to class org/apache/hadoop/fs/ChecksumFileSystem$ChecksumFSOutputSummer
2024-11-12 13:43:05,943 INFO  CreateClassResetClassAdapter - Creating brand-new static initializer in class org/apache/hadoop/fs/ChecksumFileSystem$ChecksumFSOutputSummer
2024-11-12 13:43:05,943 INFO  CreateClassResetClassAdapter - Adding bytecode for initializing field CHKSUM_AS_FRACTION
2024-11-12 13:43:05,944 INFO  EvoClassLoader - Seeing class for first time: org.apache.hadoop.fs.FSOutputSummer
2024-11-12 13:43:05,944 INFO  EvoClassLoader - Instrumenting class 'org.apache.hadoop.fs.FSOutputSummer'.
2024-11-12 13:43:05,944 INFO  MethodCallReplacementClassAdapter - Adding mock interface to class org/apache/hadoop/fs/FSOutputSummer
2024-11-12 13:43:05,945 INFO  CreateClassResetClassAdapter - Creating brand-new static initializer in class org/apache/hadoop/fs/FSOutputSummer
2024-11-12 13:43:05,945 INFO  CreateClassResetClassAdapter - Adding bytecode for initializing field BUFFER_NUM_CHUNKS
2024-11-12 13:43:05,945 INFO  EvoClassLoader - Keeping class: org.apache.hadoop.fs.FSOutputSummer
2024-11-12 13:43:05,945 INFO  EvoClassLoader - Keeping class: org.apache.hadoop.fs.ChecksumFileSystem$ChecksumFSOutputSummer
2024-11-12 13:43:05,945 INFO  EvoClassLoader - Seeing class for first time: org.apache.hadoop.fs.ChecksumFileSystem$ChecksumFSInputChecker
2024-11-12 13:43:05,945 INFO  EvoClassLoader - Instrumenting class 'org.apache.hadoop.fs.ChecksumFileSystem$ChecksumFSInputChecker'.
2024-11-12 13:43:05,945 INFO  MethodCallReplacementClassAdapter - Adding mock interface to class org/apache/hadoop/fs/ChecksumFileSystem$ChecksumFSInputChecker
2024-11-12 13:43:05,946 INFO  CreateClassResetClassAdapter - Found static initializer in class org/apache/hadoop/fs/ChecksumFileSystem$ChecksumFSInputChecker
2024-11-12 13:43:05,947 INFO  EvoClassLoader - Seeing class for first time: org.apache.hadoop.fs.FSInputChecker
2024-11-12 13:43:05,947 INFO  EvoClassLoader - Instrumenting class 'org.apache.hadoop.fs.FSInputChecker'.
2024-11-12 13:43:05,947 INFO  MethodCallReplacementClassAdapter - Adding mock interface to class org/apache/hadoop/fs/FSInputChecker
2024-11-12 13:43:05,948 INFO  CreateClassResetClassAdapter - Found static initializer in class org/apache/hadoop/fs/FSInputChecker
2024-11-12 13:43:05,949 INFO  EvoClassLoader - Seeing class for first time: org.apache.hadoop.fs.FSInputStream
2024-11-12 13:43:05,949 INFO  EvoClassLoader - Instrumenting class 'org.apache.hadoop.fs.FSInputStream'.
2024-11-12 13:43:05,949 INFO  MethodCallReplacementClassAdapter - Adding mock interface to class org/apache/hadoop/fs/FSInputStream
2024-11-12 13:43:05,949 INFO  CreateClassResetClassAdapter - Found static initializer in class org/apache/hadoop/fs/FSInputStream
2024-11-12 13:43:05,949 INFO  EvoClassLoader - Keeping class: org.apache.hadoop.fs.FSInputStream
2024-11-12 13:43:05,949 INFO  EvoClassLoader - Keeping class: org.apache.hadoop.fs.FSInputChecker
2024-11-12 13:43:05,949 INFO  EvoClassLoader - Keeping class: org.apache.hadoop.fs.ChecksumFileSystem$ChecksumFSInputChecker
2024-11-12 13:43:05,949 INFO  EvoClassLoader - Seeing class for first time: org.apache.hadoop.fs.ChecksumFileSystem$FSDataBoundedInputStream
2024-11-12 13:43:05,949 INFO  EvoClassLoader - Instrumenting class 'org.apache.hadoop.fs.ChecksumFileSystem$FSDataBoundedInputStream'.
2024-11-12 13:43:05,949 INFO  MethodCallReplacementClassAdapter - Adding mock interface to class org/apache/hadoop/fs/ChecksumFileSystem$FSDataBoundedInputStream
2024-11-12 13:43:05,950 INFO  CreateClassResetClassAdapter - Creating brand-new static initializer in class org/apache/hadoop/fs/ChecksumFileSystem$FSDataBoundedInputStream
2024-11-12 13:43:05,950 INFO  EvoClassLoader - Keeping class: org.apache.hadoop.fs.ChecksumFileSystem$FSDataBoundedInputStream
2024-11-12 13:43:05,950 INFO  EvoClassLoader - Seeing class for first time: org.apache.hadoop.fs.ChecksumFileSystem$9
2024-11-12 13:43:05,950 INFO  EvoClassLoader - Instrumenting class 'org.apache.hadoop.fs.ChecksumFileSystem$9'.
2024-11-12 13:43:05,950 INFO  MethodCallReplacementClassAdapter - Adding mock interface to class org/apache/hadoop/fs/ChecksumFileSystem$9
2024-11-12 13:43:05,950 INFO  EvoClassLoader - Keeping class: org.apache.hadoop.fs.ChecksumFileSystem$9
2024-11-12 13:43:05,950 INFO  EvoClassLoader - Seeing class for first time: org.apache.hadoop.util.ReflectionUtils$2
2024-11-12 13:43:05,950 INFO  EvoClassLoader - Instrumenting class 'org.apache.hadoop.util.ReflectionUtils$2'.
2024-11-12 13:43:05,950 INFO  MethodCallReplacementClassAdapter - Adding mock interface to class org/apache/hadoop/util/ReflectionUtils$2
2024-11-12 13:43:05,951 INFO  EvoClassLoader - Keeping class: org.apache.hadoop.util.ReflectionUtils$2
2024-11-12 13:43:05,951 INFO  EvoClassLoader - Seeing class for first time: org.apache.hadoop.util.ReflectionUtils$1
2024-11-12 13:43:05,951 INFO  EvoClassLoader - Instrumenting class 'org.apache.hadoop.util.ReflectionUtils$1'.
2024-11-12 13:43:05,951 INFO  MethodCallReplacementClassAdapter - Adding mock interface to class org/apache/hadoop/util/ReflectionUtils$1
2024-11-12 13:43:05,951 INFO  EvoClassLoader - Keeping class: org.apache.hadoop.util.ReflectionUtils$1
2024-11-12 13:43:05,951 INFO  EvoClassLoader - Seeing class for first time: org.apache.commons.cli.Util
2024-11-12 13:43:05,951 INFO  EvoClassLoader - Instrumenting class 'org.apache.commons.cli.Util'.
2024-11-12 13:43:05,951 INFO  MethodCallReplacementClassAdapter - Adding mock interface to class org/apache/commons/cli/Util
2024-11-12 13:43:05,951 INFO  CreateClassResetClassAdapter - Found static initializer in class org/apache/commons/cli/Util
2024-11-12 13:43:05,951 INFO  EvoClassLoader - Keeping class: org.apache.commons.cli.Util
2024-11-12 13:43:05,952 INFO  EvoClassLoader - Seeing class for first time: org.apache.hadoop.metrics2.lib.MutableCounter
2024-11-12 13:43:05,952 INFO  EvoClassLoader - Instrumenting class 'org.apache.hadoop.metrics2.lib.MutableCounter'.
2024-11-12 13:43:05,952 INFO  MethodCallReplacementClassAdapter - Adding mock interface to class org/apache/hadoop/metrics2/lib/MutableCounter
2024-11-12 13:43:05,952 INFO  CreateClassResetClassAdapter - Creating brand-new static initializer in class org/apache/hadoop/metrics2/lib/MutableCounter
2024-11-12 13:43:05,952 INFO  EvoClassLoader - Keeping class: org.apache.hadoop.metrics2.lib.MutableCounter
2024-11-12 13:43:05,952 INFO  EvoClassLoader - Seeing class for first time: org.apache.hadoop.hdfs.protocol.HdfsConstants$DatanodeReportType
2024-11-12 13:43:05,952 INFO  EvoClassLoader - Instrumenting class 'org.apache.hadoop.hdfs.protocol.HdfsConstants$DatanodeReportType'.
2024-11-12 13:43:05,952 INFO  MethodCallReplacementClassAdapter - Adding mock interface to class org/apache/hadoop/hdfs/protocol/HdfsConstants$DatanodeReportType
2024-11-12 13:43:05,952 INFO  CreateClassResetClassAdapter - Found static initializer in class org/apache/hadoop/hdfs/protocol/HdfsConstants$DatanodeReportType
2024-11-12 13:43:05,952 INFO  EvoClassLoader - Keeping class: org.apache.hadoop.hdfs.protocol.HdfsConstants$DatanodeReportType
2024-11-12 13:43:05,952 INFO  EvoClassLoader - Seeing class for first time: org.apache.hadoop.thirdparty.com.google.common.collect.ImmutableEnumMap
2024-11-12 13:43:05,952 INFO  EvoClassLoader - Instrumenting class 'org.apache.hadoop.thirdparty.com.google.common.collect.ImmutableEnumMap'.
2024-11-12 13:43:05,953 INFO  MethodCallReplacementClassAdapter - Adding mock interface to class org/apache/hadoop/thirdparty/com/google/common/collect/ImmutableEnumMap
2024-11-12 13:43:05,953 INFO  CreateClassResetClassAdapter - Creating brand-new static initializer in class org/apache/hadoop/thirdparty/com/google/common/collect/ImmutableEnumMap
2024-11-12 13:43:05,953 INFO  EvoClassLoader - Seeing class for first time: org.apache.hadoop.thirdparty.com.google.common.collect.ImmutableMap$IteratorBasedImmutableMap
2024-11-12 13:43:05,953 INFO  EvoClassLoader - Instrumenting class 'org.apache.hadoop.thirdparty.com.google.common.collect.ImmutableMap$IteratorBasedImmutableMap'.
2024-11-12 13:43:05,953 INFO  MethodCallReplacementClassAdapter - Adding mock interface to class org/apache/hadoop/thirdparty/com/google/common/collect/ImmutableMap$IteratorBasedImmutableMap
2024-11-12 13:43:05,953 INFO  CreateClassResetClassAdapter - Creating brand-new static initializer in class org/apache/hadoop/thirdparty/com/google/common/collect/ImmutableMap$IteratorBasedImmutableMap
2024-11-12 13:43:05,954 INFO  EvoClassLoader - Seeing class for first time: org.apache.hadoop.thirdparty.com.google.common.collect.ImmutableMap
2024-11-12 13:43:05,954 INFO  EvoClassLoader - Instrumenting class 'org.apache.hadoop.thirdparty.com.google.common.collect.ImmutableMap'.
2024-11-12 13:43:05,954 INFO  MethodCallReplacementClassAdapter - Adding mock interface to class org/apache/hadoop/thirdparty/com/google/common/collect/ImmutableMap
2024-11-12 13:43:05,955 INFO  CreateClassResetClassAdapter - Found static initializer in class org/apache/hadoop/thirdparty/com/google/common/collect/ImmutableMap
2024-11-12 13:43:05,955 INFO  EvoClassLoader - Keeping class: org.apache.hadoop.thirdparty.com.google.common.collect.ImmutableMap
2024-11-12 13:43:05,955 INFO  EvoClassLoader - Keeping class: org.apache.hadoop.thirdparty.com.google.common.collect.ImmutableMap$IteratorBasedImmutableMap
2024-11-12 13:43:05,955 INFO  EvoClassLoader - Keeping class: org.apache.hadoop.thirdparty.com.google.common.collect.ImmutableEnumMap
2024-11-12 13:43:05,955 INFO  EvoClassLoader - Seeing class for first time: org.apache.hadoop.thirdparty.com.google.common.collect.UnmodifiableIterator
2024-11-12 13:43:05,955 INFO  EvoClassLoader - Instrumenting class 'org.apache.hadoop.thirdparty.com.google.common.collect.UnmodifiableIterator'.
2024-11-12 13:43:05,956 INFO  MethodCallReplacementClassAdapter - Adding mock interface to class org/apache/hadoop/thirdparty/com/google/common/collect/UnmodifiableIterator
2024-11-12 13:43:05,956 INFO  CreateClassResetClassAdapter - Creating brand-new static initializer in class org/apache/hadoop/thirdparty/com/google/common/collect/UnmodifiableIterator
2024-11-12 13:43:05,956 INFO  EvoClassLoader - Keeping class: org.apache.hadoop.thirdparty.com.google.common.collect.UnmodifiableIterator
2024-11-12 13:43:05,956 INFO  EvoClassLoader - Seeing class for first time: org.apache.hadoop.thirdparty.com.google.common.collect.ImmutableMap$1
2024-11-12 13:43:05,956 INFO  EvoClassLoader - Instrumenting class 'org.apache.hadoop.thirdparty.com.google.common.collect.ImmutableMap$1'.
2024-11-12 13:43:05,956 INFO  MethodCallReplacementClassAdapter - Adding mock interface to class org/apache/hadoop/thirdparty/com/google/common/collect/ImmutableMap$1
2024-11-12 13:43:05,956 INFO  EvoClassLoader - Keeping class: org.apache.hadoop.thirdparty.com.google.common.collect.ImmutableMap$1
2024-11-12 13:43:05,956 INFO  EvoClassLoader - Seeing class for first time: org.apache.hadoop.thirdparty.com.google.common.collect.ImmutableMap$MapViewOfValuesAsSingletonSets
2024-11-12 13:43:05,956 INFO  EvoClassLoader - Instrumenting class 'org.apache.hadoop.thirdparty.com.google.common.collect.ImmutableMap$MapViewOfValuesAsSingletonSets'.
2024-11-12 13:43:05,956 INFO  MethodCallReplacementClassAdapter - Adding mock interface to class org/apache/hadoop/thirdparty/com/google/common/collect/ImmutableMap$MapViewOfValuesAsSingletonSets
2024-11-12 13:43:05,956 INFO  CreateClassResetClassAdapter - Creating brand-new static initializer in class org/apache/hadoop/thirdparty/com/google/common/collect/ImmutableMap$MapViewOfValuesAsSingletonSets
2024-11-12 13:43:05,957 INFO  EvoClassLoader - Keeping class: org.apache.hadoop.thirdparty.com.google.common.collect.ImmutableMap$MapViewOfValuesAsSingletonSets
2024-11-12 13:43:05,957 INFO  EvoClassLoader - Seeing class for first time: org.apache.hadoop.thirdparty.com.google.common.collect.ImmutableBiMap
2024-11-12 13:43:05,957 INFO  EvoClassLoader - Instrumenting class 'org.apache.hadoop.thirdparty.com.google.common.collect.ImmutableBiMap'.
2024-11-12 13:43:05,957 INFO  MethodCallReplacementClassAdapter - Adding mock interface to class org/apache/hadoop/thirdparty/com/google/common/collect/ImmutableBiMap
2024-11-12 13:43:05,957 INFO  CreateClassResetClassAdapter - Creating brand-new static initializer in class org/apache/hadoop/thirdparty/com/google/common/collect/ImmutableBiMap
2024-11-12 13:43:05,957 INFO  EvoClassLoader - Seeing class for first time: org.apache.hadoop.thirdparty.com.google.common.collect.BiMap
2024-11-12 13:43:05,957 INFO  EvoClassLoader - Instrumenting class 'org.apache.hadoop.thirdparty.com.google.common.collect.BiMap'.
2024-11-12 13:43:05,958 INFO  EvoClassLoader - Keeping class: org.apache.hadoop.thirdparty.com.google.common.collect.BiMap
2024-11-12 13:43:05,958 INFO  EvoClassLoader - Seeing class for first time: org.apache.hadoop.thirdparty.com.google.common.collect.ImmutableBiMapFauxverideShim
2024-11-12 13:43:05,958 INFO  EvoClassLoader - Instrumenting class 'org.apache.hadoop.thirdparty.com.google.common.collect.ImmutableBiMapFauxverideShim'.
2024-11-12 13:43:05,958 INFO  MethodCallReplacementClassAdapter - Adding mock interface to class org/apache/hadoop/thirdparty/com/google/common/collect/ImmutableBiMapFauxverideShim
2024-11-12 13:43:05,958 INFO  CreateClassResetClassAdapter - Creating brand-new static initializer in class org/apache/hadoop/thirdparty/com/google/common/collect/ImmutableBiMapFauxverideShim
2024-11-12 13:43:05,958 INFO  EvoClassLoader - Keeping class: org.apache.hadoop.thirdparty.com.google.common.collect.ImmutableBiMapFauxverideShim
2024-11-12 13:43:05,958 INFO  EvoClassLoader - Keeping class: org.apache.hadoop.thirdparty.com.google.common.collect.ImmutableBiMap
2024-11-12 13:43:05,959 INFO  EvoClassLoader - Seeing class for first time: org.apache.hadoop.thirdparty.com.google.common.collect.ImmutableSet
2024-11-12 13:43:05,959 INFO  EvoClassLoader - Instrumenting class 'org.apache.hadoop.thirdparty.com.google.common.collect.ImmutableSet'.
2024-11-12 13:43:05,959 INFO  MethodCallReplacementClassAdapter - Adding mock interface to class org/apache/hadoop/thirdparty/com/google/common/collect/ImmutableSet
2024-11-12 13:43:05,960 INFO  CreateClassResetClassAdapter - Creating brand-new static initializer in class org/apache/hadoop/thirdparty/com/google/common/collect/ImmutableSet
2024-11-12 13:43:05,960 INFO  CreateClassResetClassAdapter - Adding bytecode for initializing field SPLITERATOR_CHARACTERISTICS
2024-11-12 13:43:05,960 INFO  CreateClassResetClassAdapter - Adding bytecode for initializing field MAX_TABLE_SIZE
2024-11-12 13:43:05,960 INFO  CreateClassResetClassAdapter - Adding bytecode for initializing field DESIRED_LOAD_FACTOR
2024-11-12 13:43:05,960 INFO  CreateClassResetClassAdapter - Adding bytecode for initializing field CUTOFF
2024-11-12 13:43:05,961 INFO  EvoClassLoader - Seeing class for first time: org.apache.hadoop.thirdparty.com.google.common.collect.ImmutableCollection
2024-11-12 13:43:05,961 INFO  EvoClassLoader - Instrumenting class 'org.apache.hadoop.thirdparty.com.google.common.collect.ImmutableCollection'.
2024-11-12 13:43:05,961 INFO  MethodCallReplacementClassAdapter - Adding mock interface to class org/apache/hadoop/thirdparty/com/google/common/collect/ImmutableCollection
2024-11-12 13:43:05,961 INFO  CreateClassResetClassAdapter - Found static initializer in class org/apache/hadoop/thirdparty/com/google/common/collect/ImmutableCollection
2024-11-12 13:43:05,962 INFO  EvoClassLoader - Keeping class: org.apache.hadoop.thirdparty.com.google.common.collect.ImmutableCollection
2024-11-12 13:43:05,962 INFO  EvoClassLoader - Keeping class: org.apache.hadoop.thirdparty.com.google.common.collect.ImmutableSet
2024-11-12 13:43:05,962 INFO  EvoClassLoader - Seeing class for first time: org.apache.hadoop.thirdparty.com.google.common.collect.ImmutableMap$IteratorBasedImmutableMap$1EntrySetImpl
2024-11-12 13:43:05,962 INFO  EvoClassLoader - Instrumenting class 'org.apache.hadoop.thirdparty.com.google.common.collect.ImmutableMap$IteratorBasedImmutableMap$1EntrySetImpl'.
2024-11-12 13:43:05,962 INFO  MethodCallReplacementClassAdapter - Adding mock interface to class org/apache/hadoop/thirdparty/com/google/common/collect/ImmutableMap$IteratorBasedImmutableMap$1EntrySetImpl
2024-11-12 13:43:05,962 INFO  EvoClassLoader - Seeing class for first time: org.apache.hadoop.thirdparty.com.google.common.collect.ImmutableMapEntrySet
2024-11-12 13:43:05,962 INFO  EvoClassLoader - Instrumenting class 'org.apache.hadoop.thirdparty.com.google.common.collect.ImmutableMapEntrySet'.
2024-11-12 13:43:05,963 INFO  MethodCallReplacementClassAdapter - Adding mock interface to class org/apache/hadoop/thirdparty/com/google/common/collect/ImmutableMapEntrySet
2024-11-12 13:43:05,963 INFO  CreateClassResetClassAdapter - Creating brand-new static initializer in class org/apache/hadoop/thirdparty/com/google/common/collect/ImmutableMapEntrySet
2024-11-12 13:43:05,963 INFO  EvoClassLoader - Seeing class for first time: org.apache.hadoop.thirdparty.com.google.common.collect.ImmutableSet$CachingAsList
2024-11-12 13:43:05,963 INFO  EvoClassLoader - Instrumenting class 'org.apache.hadoop.thirdparty.com.google.common.collect.ImmutableSet$CachingAsList'.
2024-11-12 13:43:05,963 INFO  MethodCallReplacementClassAdapter - Adding mock interface to class org/apache/hadoop/thirdparty/com/google/common/collect/ImmutableSet$CachingAsList
2024-11-12 13:43:05,963 INFO  CreateClassResetClassAdapter - Creating brand-new static initializer in class org/apache/hadoop/thirdparty/com/google/common/collect/ImmutableSet$CachingAsList
2024-11-12 13:43:05,963 INFO  EvoClassLoader - Keeping class: org.apache.hadoop.thirdparty.com.google.common.collect.ImmutableSet$CachingAsList
2024-11-12 13:43:05,963 INFO  EvoClassLoader - Keeping class: org.apache.hadoop.thirdparty.com.google.common.collect.ImmutableMapEntrySet
2024-11-12 13:43:05,964 INFO  EvoClassLoader - Keeping class: org.apache.hadoop.thirdparty.com.google.common.collect.ImmutableMap$IteratorBasedImmutableMap$1EntrySetImpl
2024-11-12 13:43:05,964 INFO  EvoClassLoader - Seeing class for first time: org.apache.hadoop.thirdparty.com.google.common.collect.ImmutableMapKeySet
2024-11-12 13:43:05,964 INFO  EvoClassLoader - Instrumenting class 'org.apache.hadoop.thirdparty.com.google.common.collect.ImmutableMapKeySet'.
2024-11-12 13:43:05,964 INFO  MethodCallReplacementClassAdapter - Adding mock interface to class org/apache/hadoop/thirdparty/com/google/common/collect/ImmutableMapKeySet
2024-11-12 13:43:05,964 INFO  CreateClassResetClassAdapter - Creating brand-new static initializer in class org/apache/hadoop/thirdparty/com/google/common/collect/ImmutableMapKeySet
2024-11-12 13:43:05,965 INFO  EvoClassLoader - Seeing class for first time: org.apache.hadoop.thirdparty.com.google.common.collect.IndexedImmutableSet
2024-11-12 13:43:05,965 INFO  EvoClassLoader - Instrumenting class 'org.apache.hadoop.thirdparty.com.google.common.collect.IndexedImmutableSet'.
2024-11-12 13:43:05,965 INFO  MethodCallReplacementClassAdapter - Adding mock interface to class org/apache/hadoop/thirdparty/com/google/common/collect/IndexedImmutableSet
2024-11-12 13:43:05,965 INFO  CreateClassResetClassAdapter - Creating brand-new static initializer in class org/apache/hadoop/thirdparty/com/google/common/collect/IndexedImmutableSet
2024-11-12 13:43:05,965 INFO  EvoClassLoader - Keeping class: org.apache.hadoop.thirdparty.com.google.common.collect.IndexedImmutableSet
2024-11-12 13:43:05,966 INFO  EvoClassLoader - Keeping class: org.apache.hadoop.thirdparty.com.google.common.collect.ImmutableMapKeySet
2024-11-12 13:43:05,966 INFO  EvoClassLoader - Seeing class for first time: org.apache.hadoop.thirdparty.com.google.common.collect.ImmutableMapValues
2024-11-12 13:43:05,966 INFO  EvoClassLoader - Instrumenting class 'org.apache.hadoop.thirdparty.com.google.common.collect.ImmutableMapValues'.
2024-11-12 13:43:05,966 INFO  MethodCallReplacementClassAdapter - Adding mock interface to class org/apache/hadoop/thirdparty/com/google/common/collect/ImmutableMapValues
2024-11-12 13:43:05,966 INFO  CreateClassResetClassAdapter - Creating brand-new static initializer in class org/apache/hadoop/thirdparty/com/google/common/collect/ImmutableMapValues
2024-11-12 13:43:05,967 INFO  EvoClassLoader - Keeping class: org.apache.hadoop.thirdparty.com.google.common.collect.ImmutableMapValues
2024-11-12 13:43:05,967 INFO  EvoClassLoader - Seeing class for first time: org.apache.hadoop.classification.InterfaceStability$Evolving
2024-11-12 13:43:05,967 INFO  EvoClassLoader - Instrumenting class 'org.apache.hadoop.classification.InterfaceStability$Evolving'.
2024-11-12 13:43:05,968 INFO  EvoClassLoader - Keeping class: org.apache.hadoop.classification.InterfaceStability$Evolving
2024-11-12 13:43:05,968 INFO  EvoClassLoader - Seeing class for first time: org.apache.hadoop.metrics2.lib.Interns$Tags$1
2024-11-12 13:43:05,968 INFO  EvoClassLoader - Instrumenting class 'org.apache.hadoop.metrics2.lib.Interns$Tags$1'.
2024-11-12 13:43:05,968 INFO  MethodCallReplacementClassAdapter - Adding mock interface to class org/apache/hadoop/metrics2/lib/Interns$Tags$1
2024-11-12 13:43:05,968 INFO  EvoClassLoader - Keeping class: org.apache.hadoop.metrics2.lib.Interns$Tags$1
2024-11-12 13:43:05,969 INFO  EvoClassLoader - Seeing class for first time: org.apache.hadoop.thirdparty.com.google.common.cache.LocalCache$LoadingValueReference
2024-11-12 13:43:05,969 INFO  EvoClassLoader - Instrumenting class 'org.apache.hadoop.thirdparty.com.google.common.cache.LocalCache$LoadingValueReference'.
2024-11-12 13:43:05,969 INFO  MethodCallReplacementClassAdapter - Adding mock interface to class org/apache/hadoop/thirdparty/com/google/common/cache/LocalCache$LoadingValueReference
2024-11-12 13:43:05,971 INFO  CreateClassResetClassAdapter - Creating brand-new static initializer in class org/apache/hadoop/thirdparty/com/google/common/cache/LocalCache$LoadingValueReference
2024-11-12 13:43:05,971 INFO  EvoClassLoader - Keeping class: org.apache.hadoop.thirdparty.com.google.common.cache.LocalCache$LoadingValueReference
2024-11-12 13:43:05,971 INFO  EvoClassLoader - Seeing class for first time: org.apache.hadoop.thirdparty.com.google.common.util.concurrent.ListenableFuture
2024-11-12 13:43:05,971 INFO  EvoClassLoader - Instrumenting class 'org.apache.hadoop.thirdparty.com.google.common.util.concurrent.ListenableFuture'.
2024-11-12 13:43:05,972 INFO  EvoClassLoader - Keeping class: org.apache.hadoop.thirdparty.com.google.common.util.concurrent.ListenableFuture
2024-11-12 13:43:05,972 INFO  EvoClassLoader - Seeing class for first time: org.apache.hadoop.security.token.TokenIdentifier
2024-11-12 13:43:05,972 INFO  EvoClassLoader - Instrumenting class 'org.apache.hadoop.security.token.TokenIdentifier'.
2024-11-12 13:43:05,972 INFO  MethodCallReplacementClassAdapter - Adding mock interface to class org/apache/hadoop/security/token/TokenIdentifier
2024-11-12 13:43:05,973 INFO  CreateClassResetClassAdapter - Creating brand-new static initializer in class org/apache/hadoop/security/token/TokenIdentifier
2024-11-12 13:43:05,973 INFO  EvoClassLoader - Keeping class: org.apache.hadoop.security.token.TokenIdentifier
2024-11-12 13:43:05,973 INFO  EvoClassLoader - Seeing class for first time: org.apache.hadoop.metrics2.lib.Interns$CacheWith2Keys$2
2024-11-12 13:43:05,973 INFO  EvoClassLoader - Instrumenting class 'org.apache.hadoop.metrics2.lib.Interns$CacheWith2Keys$2'.
2024-11-12 13:43:05,973 INFO  MethodCallReplacementClassAdapter - Adding mock interface to class org/apache/hadoop/metrics2/lib/Interns$CacheWith2Keys$2
2024-11-12 13:43:05,974 INFO  EvoClassLoader - Keeping class: org.apache.hadoop.metrics2.lib.Interns$CacheWith2Keys$2
2024-11-12 13:43:05,974 INFO  EvoClassLoader - Seeing class for first time: org.apache.hadoop.security.UserGroupInformation$KeytabRenewalRunnable
2024-11-12 13:43:05,974 INFO  EvoClassLoader - Instrumenting class 'org.apache.hadoop.security.UserGroupInformation$KeytabRenewalRunnable'.
2024-11-12 13:43:05,974 INFO  MethodCallReplacementClassAdapter - Adding mock interface to class org/apache/hadoop/security/UserGroupInformation$KeytabRenewalRunnable
2024-11-12 13:43:05,974 INFO  CreateClassResetClassAdapter - Creating brand-new static initializer in class org/apache/hadoop/security/UserGroupInformation$KeytabRenewalRunnable
2024-11-12 13:43:05,974 INFO  EvoClassLoader - Keeping class: org.apache.hadoop.security.UserGroupInformation$KeytabRenewalRunnable
2024-11-12 13:43:05,975 INFO  EvoClassLoader - Seeing class for first time: org.apache.hadoop.conf.Configuration$IntegerRanges
2024-11-12 13:43:05,975 INFO  EvoClassLoader - Instrumenting class 'org.apache.hadoop.conf.Configuration$IntegerRanges'.
2024-11-12 13:43:05,975 INFO  MethodCallReplacementClassAdapter - Adding mock interface to class org/apache/hadoop/conf/Configuration$IntegerRanges
2024-11-12 13:43:05,976 INFO  CreateClassResetClassAdapter - Creating brand-new static initializer in class org/apache/hadoop/conf/Configuration$IntegerRanges
2024-11-12 13:43:05,977 INFO  EvoClassLoader - Keeping class: org.apache.hadoop.conf.Configuration$IntegerRanges
2024-11-12 13:43:05,977 INFO  EvoClassLoader - Seeing class for first time: org.apache.hadoop.metrics2.lib.MutableInverseQuantiles
2024-11-12 13:43:05,977 INFO  EvoClassLoader - Instrumenting class 'org.apache.hadoop.metrics2.lib.MutableInverseQuantiles'.
2024-11-12 13:43:05,977 INFO  MethodCallReplacementClassAdapter - Adding mock interface to class org/apache/hadoop/metrics2/lib/MutableInverseQuantiles
2024-11-12 13:43:05,978 INFO  CreateClassResetClassAdapter - Found static initializer in class org/apache/hadoop/metrics2/lib/MutableInverseQuantiles
2024-11-12 13:43:05,978 INFO  EvoClassLoader - Keeping class: org.apache.hadoop.metrics2.lib.MutableInverseQuantiles
2024-11-12 13:43:05,978 INFO  EvoClassLoader - Seeing class for first time: org.apache.hadoop.metrics2.lib.MutableInverseQuantiles$InversePercentile
2024-11-12 13:43:05,978 INFO  EvoClassLoader - Instrumenting class 'org.apache.hadoop.metrics2.lib.MutableInverseQuantiles$InversePercentile'.
2024-11-12 13:43:05,978 INFO  MethodCallReplacementClassAdapter - Adding mock interface to class org/apache/hadoop/metrics2/lib/MutableInverseQuantiles$InversePercentile
2024-11-12 13:43:05,979 INFO  CreateClassResetClassAdapter - Creating brand-new static initializer in class org/apache/hadoop/metrics2/lib/MutableInverseQuantiles$InversePercentile
2024-11-12 13:43:05,979 INFO  EvoClassLoader - Keeping class: org.apache.hadoop.metrics2.lib.MutableInverseQuantiles$InversePercentile
2024-11-12 13:43:05,979 INFO  EvoClassLoader - Seeing class for first time: org.apache.hadoop.thirdparty.com.google.common.cache.CacheBuilder
2024-11-12 13:43:05,979 INFO  EvoClassLoader - Instrumenting class 'org.apache.hadoop.thirdparty.com.google.common.cache.CacheBuilder'.
2024-11-12 13:43:05,979 INFO  MethodCallReplacementClassAdapter - Adding mock interface to class org/apache/hadoop/thirdparty/com/google/common/cache/CacheBuilder
2024-11-12 13:43:05,981 INFO  CreateClassResetClassAdapter - Found static initializer in class org/apache/hadoop/thirdparty/com/google/common/cache/CacheBuilder
2024-11-12 13:43:05,982 INFO  EvoClassLoader - Keeping class: org.apache.hadoop.thirdparty.com.google.common.cache.CacheBuilder
2024-11-12 13:43:05,982 INFO  EvoClassLoader - Seeing class for first time: org.apache.hadoop.thirdparty.com.google.common.cache.AbstractCache$StatsCounter
2024-11-12 13:43:05,982 INFO  EvoClassLoader - Instrumenting class 'org.apache.hadoop.thirdparty.com.google.common.cache.AbstractCache$StatsCounter'.
2024-11-12 13:43:05,983 INFO  EvoClassLoader - Keeping class: org.apache.hadoop.thirdparty.com.google.common.cache.AbstractCache$StatsCounter
2024-11-12 13:43:05,983 INFO  EvoClassLoader - Seeing class for first time: org.apache.hadoop.thirdparty.com.google.common.cache.CacheBuilder$2
2024-11-12 13:43:05,983 INFO  EvoClassLoader - Instrumenting class 'org.apache.hadoop.thirdparty.com.google.common.cache.CacheBuilder$2'.
2024-11-12 13:43:05,984 INFO  MethodCallReplacementClassAdapter - Adding mock interface to class org/apache/hadoop/thirdparty/com/google/common/cache/CacheBuilder$2
2024-11-12 13:43:05,984 INFO  EvoClassLoader - Keeping class: org.apache.hadoop.thirdparty.com.google.common.cache.CacheBuilder$2
2024-11-12 13:43:05,984 INFO  EvoClassLoader - Seeing class for first time: org.apache.hadoop.thirdparty.com.google.common.cache.CacheBuilder$1
2024-11-12 13:43:05,984 INFO  EvoClassLoader - Instrumenting class 'org.apache.hadoop.thirdparty.com.google.common.cache.CacheBuilder$1'.
2024-11-12 13:43:05,985 INFO  MethodCallReplacementClassAdapter - Adding mock interface to class org/apache/hadoop/thirdparty/com/google/common/cache/CacheBuilder$1
2024-11-12 13:43:05,985 INFO  EvoClassLoader - Keeping class: org.apache.hadoop.thirdparty.com.google.common.cache.CacheBuilder$1
2024-11-12 13:43:05,985 INFO  EvoClassLoader - Seeing class for first time: org.apache.hadoop.thirdparty.com.google.common.base.Suppliers
2024-11-12 13:43:05,985 INFO  EvoClassLoader - Instrumenting class 'org.apache.hadoop.thirdparty.com.google.common.base.Suppliers'.
2024-11-12 13:43:05,986 INFO  MethodCallReplacementClassAdapter - Adding mock interface to class org/apache/hadoop/thirdparty/com/google/common/base/Suppliers
2024-11-12 13:43:05,986 INFO  CreateClassResetClassAdapter - Creating brand-new static initializer in class org/apache/hadoop/thirdparty/com/google/common/base/Suppliers
2024-11-12 13:43:05,987 INFO  EvoClassLoader - Keeping class: org.apache.hadoop.thirdparty.com.google.common.base.Suppliers
2024-11-12 13:43:05,987 INFO  EvoClassLoader - Seeing class for first time: org.apache.hadoop.thirdparty.com.google.common.base.Supplier
2024-11-12 13:43:05,987 INFO  EvoClassLoader - Instrumenting class 'org.apache.hadoop.thirdparty.com.google.common.base.Supplier'.
2024-11-12 13:43:05,988 INFO  EvoClassLoader - Keeping class: org.apache.hadoop.thirdparty.com.google.common.base.Supplier
2024-11-12 13:43:05,988 INFO  EvoClassLoader - Seeing class for first time: org.apache.hadoop.thirdparty.com.google.common.base.Suppliers$SupplierOfInstance
2024-11-12 13:43:05,988 INFO  EvoClassLoader - Instrumenting class 'org.apache.hadoop.thirdparty.com.google.common.base.Suppliers$SupplierOfInstance'.
2024-11-12 13:43:05,988 INFO  MethodCallReplacementClassAdapter - Adding mock interface to class org/apache/hadoop/thirdparty/com/google/common/base/Suppliers$SupplierOfInstance
2024-11-12 13:43:05,989 INFO  CreateClassResetClassAdapter - Creating brand-new static initializer in class org/apache/hadoop/thirdparty/com/google/common/base/Suppliers$SupplierOfInstance
2024-11-12 13:43:05,989 INFO  EvoClassLoader - Keeping class: org.apache.hadoop.thirdparty.com.google.common.base.Suppliers$SupplierOfInstance
2024-11-12 13:43:05,989 INFO  EvoClassLoader - Seeing class for first time: org.apache.hadoop.thirdparty.com.google.common.cache.CacheStats
2024-11-12 13:43:05,989 INFO  EvoClassLoader - Instrumenting class 'org.apache.hadoop.thirdparty.com.google.common.cache.CacheStats'.
2024-11-12 13:43:05,990 INFO  MethodCallReplacementClassAdapter - Adding mock interface to class org/apache/hadoop/thirdparty/com/google/common/cache/CacheStats
2024-11-12 13:43:05,990 INFO  CreateClassResetClassAdapter - Creating brand-new static initializer in class org/apache/hadoop/thirdparty/com/google/common/cache/CacheStats
2024-11-12 13:43:05,990 INFO  EvoClassLoader - Keeping class: org.apache.hadoop.thirdparty.com.google.common.cache.CacheStats
2024-11-12 13:43:05,993 INFO  EvoClassLoader - Seeing class for first time: org.apache.commons.cli.MissingOptionException
2024-11-12 13:43:05,993 INFO  EvoClassLoader - Instrumenting class 'org.apache.commons.cli.MissingOptionException'.
2024-11-12 13:43:05,993 INFO  MethodCallReplacementClassAdapter - Adding mock interface to class org/apache/commons/cli/MissingOptionException
2024-11-12 13:43:05,993 INFO  CreateClassResetClassAdapter - Creating brand-new static initializer in class org/apache/commons/cli/MissingOptionException
2024-11-12 13:43:05,994 INFO  EvoClassLoader - Keeping class: org.apache.commons.cli.MissingOptionException
2024-11-12 13:43:05,994 INFO  EvoClassLoader - Seeing class for first time: org.apache.hadoop.net.NetUtils
2024-11-12 13:43:05,994 INFO  EvoClassLoader - Instrumenting class 'org.apache.hadoop.net.NetUtils'.
2024-11-12 13:43:05,995 INFO  MethodCallReplacementClassAdapter - Adding mock interface to class org/apache/hadoop/net/NetUtils
2024-11-12 13:43:06,001 INFO  CreateClassResetClassAdapter - Found static initializer in class org/apache/hadoop/net/NetUtils
2024-11-12 13:43:06,002 INFO  EvoClassLoader - Keeping class: org.apache.hadoop.net.NetUtils
2024-11-12 13:43:06,002 INFO  EvoClassLoader - Seeing class for first time: org.apache.hadoop.net.SocketOutputStream
2024-11-12 13:43:06,002 INFO  EvoClassLoader - Instrumenting class 'org.apache.hadoop.net.SocketOutputStream'.
2024-11-12 13:43:06,003 INFO  MethodCallReplacementClassAdapter - Adding mock interface to class org/apache/hadoop/net/SocketOutputStream
2024-11-12 13:43:06,004 INFO  CreateClassResetClassAdapter - Creating brand-new static initializer in class org/apache/hadoop/net/SocketOutputStream
2024-11-12 13:43:06,004 INFO  EvoClassLoader - Keeping class: org.apache.hadoop.net.SocketOutputStream
2024-11-12 13:43:06,005 INFO  EvoClassLoader - Seeing class for first time: org.apache.hadoop.net.ConnectTimeoutException
2024-11-12 13:43:06,005 INFO  EvoClassLoader - Instrumenting class 'org.apache.hadoop.net.ConnectTimeoutException'.
2024-11-12 13:43:06,005 INFO  MethodCallReplacementClassAdapter - Adding mock interface to class org/apache/hadoop/net/ConnectTimeoutException
2024-11-12 13:43:06,006 INFO  CreateClassResetClassAdapter - Creating brand-new static initializer in class org/apache/hadoop/net/ConnectTimeoutException
2024-11-12 13:43:06,006 INFO  EvoClassLoader - Keeping class: org.apache.hadoop.net.ConnectTimeoutException
2024-11-12 13:43:06,006 INFO  EvoClassLoader - Seeing class for first time: org.apache.hadoop.thirdparty.com.google.common.cache.LocalCache$LocalManualCache
2024-11-12 13:43:06,006 INFO  EvoClassLoader - Instrumenting class 'org.apache.hadoop.thirdparty.com.google.common.cache.LocalCache$LocalManualCache'.
2024-11-12 13:43:06,006 INFO  MethodCallReplacementClassAdapter - Adding mock interface to class org/apache/hadoop/thirdparty/com/google/common/cache/LocalCache$LocalManualCache
2024-11-12 13:43:06,006 INFO  CreateClassResetClassAdapter - Creating brand-new static initializer in class org/apache/hadoop/thirdparty/com/google/common/cache/LocalCache$LocalManualCache
2024-11-12 13:43:06,007 INFO  EvoClassLoader - Keeping class: org.apache.hadoop.thirdparty.com.google.common.cache.LocalCache$LocalManualCache
2024-11-12 13:43:06,007 INFO  EvoClassLoader - Seeing class for first time: org.apache.hadoop.thirdparty.com.google.common.cache.LocalCache$LocalManualCache$1
2024-11-12 13:43:06,007 INFO  EvoClassLoader - Instrumenting class 'org.apache.hadoop.thirdparty.com.google.common.cache.LocalCache$LocalManualCache$1'.
2024-11-12 13:43:06,007 INFO  MethodCallReplacementClassAdapter - Adding mock interface to class org/apache/hadoop/thirdparty/com/google/common/cache/LocalCache$LocalManualCache$1
2024-11-12 13:43:06,007 INFO  EvoClassLoader - Keeping class: org.apache.hadoop.thirdparty.com.google.common.cache.LocalCache$LocalManualCache$1
2024-11-12 13:43:06,007 INFO  EvoClassLoader - Seeing class for first time: org.apache.hadoop.thirdparty.com.google.common.cache.LocalCache
2024-11-12 13:43:06,007 INFO  EvoClassLoader - Instrumenting class 'org.apache.hadoop.thirdparty.com.google.common.cache.LocalCache'.
2024-11-12 13:43:06,008 INFO  MethodCallReplacementClassAdapter - Adding mock interface to class org/apache/hadoop/thirdparty/com/google/common/cache/LocalCache
2024-11-12 13:43:06,010 INFO  CreateClassResetClassAdapter - Found static initializer in class org/apache/hadoop/thirdparty/com/google/common/cache/LocalCache
2024-11-12 13:43:06,011 INFO  EvoClassLoader - Keeping class: org.apache.hadoop.thirdparty.com.google.common.cache.LocalCache
2024-11-12 13:43:06,012 INFO  EvoClassLoader - Seeing class for first time: org.apache.hadoop.thirdparty.com.google.common.cache.CacheLoader$InvalidCacheLoadException
2024-11-12 13:43:06,012 INFO  EvoClassLoader - Instrumenting class 'org.apache.hadoop.thirdparty.com.google.common.cache.CacheLoader$InvalidCacheLoadException'.
2024-11-12 13:43:06,012 INFO  MethodCallReplacementClassAdapter - Adding mock interface to class org/apache/hadoop/thirdparty/com/google/common/cache/CacheLoader$InvalidCacheLoadException
2024-11-12 13:43:06,012 INFO  CreateClassResetClassAdapter - Creating brand-new static initializer in class org/apache/hadoop/thirdparty/com/google/common/cache/CacheLoader$InvalidCacheLoadException
2024-11-12 13:43:06,013 INFO  EvoClassLoader - Keeping class: org.apache.hadoop.thirdparty.com.google.common.cache.CacheLoader$InvalidCacheLoadException
2024-11-12 13:43:06,013 INFO  EvoClassLoader - Seeing class for first time: org.apache.hadoop.thirdparty.com.google.common.util.concurrent.UncheckedExecutionException
2024-11-12 13:43:06,013 INFO  EvoClassLoader - Instrumenting class 'org.apache.hadoop.thirdparty.com.google.common.util.concurrent.UncheckedExecutionException'.
2024-11-12 13:43:06,014 INFO  MethodCallReplacementClassAdapter - Adding mock interface to class org/apache/hadoop/thirdparty/com/google/common/util/concurrent/UncheckedExecutionException
2024-11-12 13:43:06,014 INFO  CreateClassResetClassAdapter - Creating brand-new static initializer in class org/apache/hadoop/thirdparty/com/google/common/util/concurrent/UncheckedExecutionException
2024-11-12 13:43:06,014 INFO  EvoClassLoader - Keeping class: org.apache.hadoop.thirdparty.com.google.common.util.concurrent.UncheckedExecutionException
2024-11-12 13:43:06,014 INFO  EvoClassLoader - Seeing class for first time: org.apache.hadoop.thirdparty.com.google.common.util.concurrent.ExecutionError
2024-11-12 13:43:06,014 INFO  EvoClassLoader - Instrumenting class 'org.apache.hadoop.thirdparty.com.google.common.util.concurrent.ExecutionError'.
2024-11-12 13:43:06,014 INFO  MethodCallReplacementClassAdapter - Adding mock interface to class org/apache/hadoop/thirdparty/com/google/common/util/concurrent/ExecutionError
2024-11-12 13:43:06,015 INFO  CreateClassResetClassAdapter - Creating brand-new static initializer in class org/apache/hadoop/thirdparty/com/google/common/util/concurrent/ExecutionError
2024-11-12 13:43:06,015 INFO  EvoClassLoader - Keeping class: org.apache.hadoop.thirdparty.com.google.common.util.concurrent.ExecutionError
2024-11-12 13:43:06,017 INFO  EvoClassLoader - Seeing class for first time: org.apache.hadoop.thirdparty.com.google.common.cache.LocalCache$1
2024-11-12 13:43:06,017 INFO  EvoClassLoader - Instrumenting class 'org.apache.hadoop.thirdparty.com.google.common.cache.LocalCache$1'.
2024-11-12 13:43:06,017 INFO  MethodCallReplacementClassAdapter - Adding mock interface to class org/apache/hadoop/thirdparty/com/google/common/cache/LocalCache$1
2024-11-12 13:43:06,017 INFO  EvoClassLoader - Keeping class: org.apache.hadoop.thirdparty.com.google.common.cache.LocalCache$1
2024-11-12 13:43:06,017 INFO  EvoClassLoader - Seeing class for first time: org.apache.hadoop.thirdparty.com.google.common.cache.LocalCache$2
2024-11-12 13:43:06,017 INFO  EvoClassLoader - Instrumenting class 'org.apache.hadoop.thirdparty.com.google.common.cache.LocalCache$2'.
2024-11-12 13:43:06,018 INFO  MethodCallReplacementClassAdapter - Adding mock interface to class org/apache/hadoop/thirdparty/com/google/common/cache/LocalCache$2
2024-11-12 13:43:06,018 INFO  EvoClassLoader - Keeping class: org.apache.hadoop.thirdparty.com.google.common.cache.LocalCache$2
2024-11-12 13:43:06,018 INFO  EvoClassLoader - Seeing class for first time: org.apache.hadoop.thirdparty.com.google.common.cache.CacheBuilder$NullListener
2024-11-12 13:43:06,018 INFO  EvoClassLoader - Instrumenting class 'org.apache.hadoop.thirdparty.com.google.common.cache.CacheBuilder$NullListener'.
2024-11-12 13:43:06,019 INFO  MethodCallReplacementClassAdapter - Adding mock interface to class org/apache/hadoop/thirdparty/com/google/common/cache/CacheBuilder$NullListener
2024-11-12 13:43:06,019 INFO  CreateClassResetClassAdapter - Found static initializer in class org/apache/hadoop/thirdparty/com/google/common/cache/CacheBuilder$NullListener
2024-11-12 13:43:06,019 INFO  EvoClassLoader - Keeping class: org.apache.hadoop.thirdparty.com.google.common.cache.CacheBuilder$NullListener
2024-11-12 13:43:06,019 INFO  EvoClassLoader - Seeing class for first time: org.apache.hadoop.thirdparty.com.google.common.cache.LocalCache$Segment
2024-11-12 13:43:06,019 INFO  EvoClassLoader - Instrumenting class 'org.apache.hadoop.thirdparty.com.google.common.cache.LocalCache$Segment'.
2024-11-12 13:43:06,020 INFO  MethodCallReplacementClassAdapter - Adding mock interface to class org/apache/hadoop/thirdparty/com/google/common/cache/LocalCache$Segment
2024-11-12 13:43:06,024 INFO  CreateClassResetClassAdapter - Creating brand-new static initializer in class org/apache/hadoop/thirdparty/com/google/common/cache/LocalCache$Segment
2024-11-12 13:43:06,026 INFO  EvoClassLoader - Keeping class: org.apache.hadoop.thirdparty.com.google.common.cache.LocalCache$Segment
2024-11-12 13:43:06,028 INFO  EvoClassLoader - Seeing class for first time: org.apache.hadoop.thirdparty.com.google.common.cache.LocalCache$ComputingValueReference
2024-11-12 13:43:06,028 INFO  EvoClassLoader - Instrumenting class 'org.apache.hadoop.thirdparty.com.google.common.cache.LocalCache$ComputingValueReference'.
2024-11-12 13:43:06,029 INFO  MethodCallReplacementClassAdapter - Adding mock interface to class org/apache/hadoop/thirdparty/com/google/common/cache/LocalCache$ComputingValueReference
2024-11-12 13:43:06,029 INFO  CreateClassResetClassAdapter - Creating brand-new static initializer in class org/apache/hadoop/thirdparty/com/google/common/cache/LocalCache$ComputingValueReference
2024-11-12 13:43:06,029 INFO  EvoClassLoader - Keeping class: org.apache.hadoop.thirdparty.com.google.common.cache.LocalCache$ComputingValueReference
2024-11-12 13:43:06,029 INFO  EvoClassLoader - Seeing class for first time: org.apache.hadoop.thirdparty.com.google.common.cache.LocalCache$WriteQueue
2024-11-12 13:43:06,029 INFO  EvoClassLoader - Instrumenting class 'org.apache.hadoop.thirdparty.com.google.common.cache.LocalCache$WriteQueue'.
2024-11-12 13:43:06,030 INFO  MethodCallReplacementClassAdapter - Adding mock interface to class org/apache/hadoop/thirdparty/com/google/common/cache/LocalCache$WriteQueue
2024-11-12 13:43:06,030 INFO  CreateClassResetClassAdapter - Creating brand-new static initializer in class org/apache/hadoop/thirdparty/com/google/common/cache/LocalCache$WriteQueue
2024-11-12 13:43:06,030 INFO  EvoClassLoader - Keeping class: org.apache.hadoop.thirdparty.com.google.common.cache.LocalCache$WriteQueue
2024-11-12 13:43:06,030 INFO  EvoClassLoader - Seeing class for first time: org.apache.hadoop.thirdparty.com.google.common.cache.LocalCache$WriteQueue$1
2024-11-12 13:43:06,030 INFO  EvoClassLoader - Instrumenting class 'org.apache.hadoop.thirdparty.com.google.common.cache.LocalCache$WriteQueue$1'.
2024-11-12 13:43:06,031 INFO  MethodCallReplacementClassAdapter - Adding mock interface to class org/apache/hadoop/thirdparty/com/google/common/cache/LocalCache$WriteQueue$1
2024-11-12 13:43:06,031 INFO  EvoClassLoader - Seeing class for first time: org.apache.hadoop.thirdparty.com.google.common.cache.LocalCache$AbstractReferenceEntry
2024-11-12 13:43:06,031 INFO  EvoClassLoader - Instrumenting class 'org.apache.hadoop.thirdparty.com.google.common.cache.LocalCache$AbstractReferenceEntry'.
2024-11-12 13:43:06,032 INFO  MethodCallReplacementClassAdapter - Adding mock interface to class org/apache/hadoop/thirdparty/com/google/common/cache/LocalCache$AbstractReferenceEntry
2024-11-12 13:43:06,032 INFO  CreateClassResetClassAdapter - Creating brand-new static initializer in class org/apache/hadoop/thirdparty/com/google/common/cache/LocalCache$AbstractReferenceEntry
2024-11-12 13:43:06,032 INFO  EvoClassLoader - Keeping class: org.apache.hadoop.thirdparty.com.google.common.cache.LocalCache$AbstractReferenceEntry
2024-11-12 13:43:06,032 INFO  EvoClassLoader - Keeping class: org.apache.hadoop.thirdparty.com.google.common.cache.LocalCache$WriteQueue$1
2024-11-12 13:43:06,032 INFO  EvoClassLoader - Seeing class for first time: org.apache.hadoop.thirdparty.com.google.common.cache.LocalCache$AccessQueue$1
2024-11-12 13:43:06,032 INFO  EvoClassLoader - Instrumenting class 'org.apache.hadoop.thirdparty.com.google.common.cache.LocalCache$AccessQueue$1'.
2024-11-12 13:43:06,033 INFO  MethodCallReplacementClassAdapter - Adding mock interface to class org/apache/hadoop/thirdparty/com/google/common/cache/LocalCache$AccessQueue$1
2024-11-12 13:43:06,033 INFO  EvoClassLoader - Keeping class: org.apache.hadoop.thirdparty.com.google.common.cache.LocalCache$AccessQueue$1
2024-11-12 13:43:06,033 INFO  EvoClassLoader - Seeing class for first time: org.apache.hadoop.thirdparty.protobuf.ByteString$ByteIterator
2024-11-12 13:43:06,033 INFO  EvoClassLoader - Instrumenting class 'org.apache.hadoop.thirdparty.protobuf.ByteString$ByteIterator'.
2024-11-12 13:43:06,034 INFO  EvoClassLoader - Keeping class: org.apache.hadoop.thirdparty.protobuf.ByteString$ByteIterator
2024-11-12 13:43:06,034 INFO  EvoClassLoader - Seeing class for first time: org.apache.hadoop.tools.TableListing
2024-11-12 13:43:06,034 INFO  EvoClassLoader - Instrumenting class 'org.apache.hadoop.tools.TableListing'.
2024-11-12 13:43:06,034 INFO  MethodCallReplacementClassAdapter - Adding mock interface to class org/apache/hadoop/tools/TableListing
2024-11-12 13:43:06,035 INFO  CreateClassResetClassAdapter - Creating brand-new static initializer in class org/apache/hadoop/tools/TableListing
2024-11-12 13:43:06,035 INFO  EvoClassLoader - Defined package (3): package org.apache.hadoop.tools, -1146752664
2024-11-12 13:43:06,036 INFO  EvoClassLoader - Keeping class: org.apache.hadoop.tools.TableListing
2024-11-12 13:43:06,036 INFO  EvoClassLoader - Seeing class for first time: org.apache.hadoop.metrics2.lib.MutableRatesWithAggregation
2024-11-12 13:43:06,036 INFO  EvoClassLoader - Instrumenting class 'org.apache.hadoop.metrics2.lib.MutableRatesWithAggregation'.
2024-11-12 13:43:06,037 INFO  MethodCallReplacementClassAdapter - Adding mock interface to class org/apache/hadoop/metrics2/lib/MutableRatesWithAggregation
2024-11-12 13:43:06,037 INFO  CreateClassResetClassAdapter - Found static initializer in class org/apache/hadoop/metrics2/lib/MutableRatesWithAggregation
2024-11-12 13:43:06,038 INFO  EvoClassLoader - Keeping class: org.apache.hadoop.metrics2.lib.MutableRatesWithAggregation
2024-11-12 13:43:06,038 INFO  EvoClassLoader - Seeing class for first time: org.apache.hadoop.metrics2.annotation.Metric
2024-11-12 13:43:06,038 INFO  EvoClassLoader - Instrumenting class 'org.apache.hadoop.metrics2.annotation.Metric'.
2024-11-12 13:43:06,038 INFO  EvoClassLoader - Defined package (3): package org.apache.hadoop.metrics2.annotation, 1989769083
2024-11-12 13:43:06,038 INFO  EvoClassLoader - Keeping class: org.apache.hadoop.metrics2.annotation.Metric
2024-11-12 13:43:06,038 INFO  EvoClassLoader - Seeing class for first time: org.apache.hadoop.hdfs.protocol.DatanodeID
2024-11-12 13:43:06,038 INFO  EvoClassLoader - Instrumenting class 'org.apache.hadoop.hdfs.protocol.DatanodeID'.
2024-11-12 13:43:06,039 INFO  MethodCallReplacementClassAdapter - Adding mock interface to class org/apache/hadoop/hdfs/protocol/DatanodeID
2024-11-12 13:43:06,039 INFO  CreateClassResetClassAdapter - Found static initializer in class org/apache/hadoop/hdfs/protocol/DatanodeID
2024-11-12 13:43:06,039 INFO  EvoClassLoader - Keeping class: org.apache.hadoop.hdfs.protocol.DatanodeID
2024-11-12 13:43:06,040 INFO  EvoClassLoader - Seeing class for first time: org.apache.hadoop.thirdparty.protobuf.ByteString
2024-11-12 13:43:06,040 INFO  EvoClassLoader - Instrumenting class 'org.apache.hadoop.thirdparty.protobuf.ByteString'.
2024-11-12 13:43:06,040 INFO  MethodCallReplacementClassAdapter - Adding mock interface to class org/apache/hadoop/thirdparty/protobuf/ByteString
2024-11-12 13:43:06,041 INFO  CreateClassResetClassAdapter - Found static initializer in class org/apache/hadoop/thirdparty/protobuf/ByteString
2024-11-12 13:43:06,042 INFO  EvoClassLoader - Keeping class: org.apache.hadoop.thirdparty.protobuf.ByteString
2024-11-12 13:43:06,042 INFO  EvoClassLoader - Seeing class for first time: org.apache.hadoop.thirdparty.protobuf.ByteString$LiteralByteString
2024-11-12 13:43:06,042 INFO  EvoClassLoader - Instrumenting class 'org.apache.hadoop.thirdparty.protobuf.ByteString$LiteralByteString'.
2024-11-12 13:43:06,042 INFO  MethodCallReplacementClassAdapter - Adding mock interface to class org/apache/hadoop/thirdparty/protobuf/ByteString$LiteralByteString
2024-11-12 13:43:06,043 INFO  CreateClassResetClassAdapter - Creating brand-new static initializer in class org/apache/hadoop/thirdparty/protobuf/ByteString$LiteralByteString
2024-11-12 13:43:06,043 INFO  EvoClassLoader - Seeing class for first time: org.apache.hadoop.thirdparty.protobuf.ByteString$LeafByteString
2024-11-12 13:43:06,043 INFO  EvoClassLoader - Instrumenting class 'org.apache.hadoop.thirdparty.protobuf.ByteString$LeafByteString'.
2024-11-12 13:43:06,044 INFO  MethodCallReplacementClassAdapter - Adding mock interface to class org/apache/hadoop/thirdparty/protobuf/ByteString$LeafByteString
2024-11-12 13:43:06,044 INFO  CreateClassResetClassAdapter - Creating brand-new static initializer in class org/apache/hadoop/thirdparty/protobuf/ByteString$LeafByteString
2024-11-12 13:43:06,044 INFO  EvoClassLoader - Keeping class: org.apache.hadoop.thirdparty.protobuf.ByteString$LeafByteString
2024-11-12 13:43:06,044 INFO  EvoClassLoader - Keeping class: org.apache.hadoop.thirdparty.protobuf.ByteString$LiteralByteString
2024-11-12 13:43:06,044 INFO  EvoClassLoader - Seeing class for first time: org.apache.hadoop.thirdparty.protobuf.ByteString$ByteArrayCopier
2024-11-12 13:43:06,044 INFO  EvoClassLoader - Instrumenting class 'org.apache.hadoop.thirdparty.protobuf.ByteString$ByteArrayCopier'.
2024-11-12 13:43:06,044 INFO  EvoClassLoader - Keeping class: org.apache.hadoop.thirdparty.protobuf.ByteString$ByteArrayCopier
2024-11-12 13:43:06,045 INFO  EvoClassLoader - Seeing class for first time: org.apache.hadoop.thirdparty.protobuf.NioByteString
2024-11-12 13:43:06,045 INFO  EvoClassLoader - Instrumenting class 'org.apache.hadoop.thirdparty.protobuf.NioByteString'.
2024-11-12 13:43:06,045 INFO  MethodCallReplacementClassAdapter - Adding mock interface to class org/apache/hadoop/thirdparty/protobuf/NioByteString
2024-11-12 13:43:06,047 INFO  CreateClassResetClassAdapter - Creating brand-new static initializer in class org/apache/hadoop/thirdparty/protobuf/NioByteString
2024-11-12 13:43:06,048 INFO  EvoClassLoader - Keeping class: org.apache.hadoop.thirdparty.protobuf.NioByteString
2024-11-12 13:43:06,048 INFO  EvoClassLoader - Seeing class for first time: org.apache.hadoop.thirdparty.protobuf.ByteString$BoundedByteString
2024-11-12 13:43:06,048 INFO  EvoClassLoader - Instrumenting class 'org.apache.hadoop.thirdparty.protobuf.ByteString$BoundedByteString'.
2024-11-12 13:43:06,048 INFO  MethodCallReplacementClassAdapter - Adding mock interface to class org/apache/hadoop/thirdparty/protobuf/ByteString$BoundedByteString
2024-11-12 13:43:06,049 INFO  CreateClassResetClassAdapter - Creating brand-new static initializer in class org/apache/hadoop/thirdparty/protobuf/ByteString$BoundedByteString
2024-11-12 13:43:06,049 INFO  EvoClassLoader - Keeping class: org.apache.hadoop.thirdparty.protobuf.ByteString$BoundedByteString
2024-11-12 13:43:06,049 INFO  EvoClassLoader - Seeing class for first time: org.apache.hadoop.thirdparty.protobuf.Internal
2024-11-12 13:43:06,049 INFO  EvoClassLoader - Instrumenting class 'org.apache.hadoop.thirdparty.protobuf.Internal'.
2024-11-12 13:43:06,050 INFO  MethodCallReplacementClassAdapter - Adding mock interface to class org/apache/hadoop/thirdparty/protobuf/Internal
2024-11-12 13:43:06,052 INFO  CreateClassResetClassAdapter - Found static initializer in class org/apache/hadoop/thirdparty/protobuf/Internal
2024-11-12 13:43:06,052 INFO  EvoClassLoader - Keeping class: org.apache.hadoop.thirdparty.protobuf.Internal
2024-11-12 13:43:06,053 INFO  EvoClassLoader - Seeing class for first time: org.apache.hadoop.thirdparty.protobuf.ByteString$ArraysByteArrayCopier
2024-11-12 13:43:06,053 INFO  EvoClassLoader - Instrumenting class 'org.apache.hadoop.thirdparty.protobuf.ByteString$ArraysByteArrayCopier'.
2024-11-12 13:43:06,054 INFO  MethodCallReplacementClassAdapter - Adding mock interface to class org/apache/hadoop/thirdparty/protobuf/ByteString$ArraysByteArrayCopier
2024-11-12 13:43:06,054 INFO  CreateClassResetClassAdapter - Creating brand-new static initializer in class org/apache/hadoop/thirdparty/protobuf/ByteString$ArraysByteArrayCopier
2024-11-12 13:43:06,054 INFO  EvoClassLoader - Keeping class: org.apache.hadoop.thirdparty.protobuf.ByteString$ArraysByteArrayCopier
2024-11-12 13:43:06,054 INFO  EvoClassLoader - Seeing class for first time: org.apache.hadoop.thirdparty.protobuf.ByteString$2
2024-11-12 13:43:06,054 INFO  EvoClassLoader - Instrumenting class 'org.apache.hadoop.thirdparty.protobuf.ByteString$2'.
2024-11-12 13:43:06,054 INFO  MethodCallReplacementClassAdapter - Adding mock interface to class org/apache/hadoop/thirdparty/protobuf/ByteString$2
2024-11-12 13:43:06,055 INFO  EvoClassLoader - Keeping class: org.apache.hadoop.thirdparty.protobuf.ByteString$2
2024-11-12 13:43:06,055 INFO  EvoClassLoader - Seeing class for first time: org.apache.hadoop.metrics2.MetricsTag
2024-11-12 13:43:06,055 INFO  EvoClassLoader - Instrumenting class 'org.apache.hadoop.metrics2.MetricsTag'.
2024-11-12 13:43:06,056 INFO  MethodCallReplacementClassAdapter - Adding mock interface to class org/apache/hadoop/metrics2/MetricsTag
2024-11-12 13:43:06,056 INFO  CreateClassResetClassAdapter - Creating brand-new static initializer in class org/apache/hadoop/metrics2/MetricsTag
2024-11-12 13:43:06,056 INFO  EvoClassLoader - Keeping class: org.apache.hadoop.metrics2.MetricsTag
2024-11-12 13:43:06,056 INFO  EvoClassLoader - Seeing class for first time: org.apache.hadoop.metrics2.annotation.Metrics
2024-11-12 13:43:06,056 INFO  EvoClassLoader - Instrumenting class 'org.apache.hadoop.metrics2.annotation.Metrics'.
2024-11-12 13:43:06,057 INFO  EvoClassLoader - Keeping class: org.apache.hadoop.metrics2.annotation.Metrics
2024-11-12 13:43:06,057 INFO  EvoClassLoader - Seeing class for first time: org.apache.hadoop.fs.Path
2024-11-12 13:43:06,057 INFO  EvoClassLoader - Instrumenting class 'org.apache.hadoop.fs.Path'.
2024-11-12 13:43:06,057 INFO  MethodCallReplacementClassAdapter - Adding mock interface to class org/apache/hadoop/fs/Path
2024-11-12 13:43:06,058 INFO  CreateClassResetClassAdapter - Found static initializer in class org/apache/hadoop/fs/Path
2024-11-12 13:43:06,059 INFO  EvoClassLoader - Keeping class: org.apache.hadoop.fs.Path
2024-11-12 13:43:06,059 INFO  EvoClassLoader - Seeing class for first time: org.apache.hadoop.classification.InterfaceAudience$Public
2024-11-12 13:43:06,059 INFO  EvoClassLoader - Instrumenting class 'org.apache.hadoop.classification.InterfaceAudience$Public'.
2024-11-12 13:43:06,060 INFO  EvoClassLoader - Keeping class: org.apache.hadoop.classification.InterfaceAudience$Public
2024-11-12 13:43:06,060 INFO  EvoClassLoader - Seeing class for first time: org.apache.hadoop.metrics2.lib.MetricsSourceBuilder$1
2024-11-12 13:43:06,060 INFO  EvoClassLoader - Instrumenting class 'org.apache.hadoop.metrics2.lib.MetricsSourceBuilder$1'.
2024-11-12 13:43:06,060 INFO  MethodCallReplacementClassAdapter - Adding mock interface to class org/apache/hadoop/metrics2/lib/MetricsSourceBuilder$1
2024-11-12 13:43:06,060 INFO  EvoClassLoader - Keeping class: org.apache.hadoop.metrics2.lib.MetricsSourceBuilder$1
2024-11-12 13:43:06,060 INFO  EvoClassLoader - Seeing class for first time: org.apache.hadoop.metrics2.MetricsSystemMXBean
2024-11-12 13:43:06,060 INFO  EvoClassLoader - Instrumenting class 'org.apache.hadoop.metrics2.MetricsSystemMXBean'.
2024-11-12 13:43:06,061 INFO  EvoClassLoader - Keeping class: org.apache.hadoop.metrics2.MetricsSystemMXBean
2024-11-12 13:43:06,061 INFO  EvoClassLoader - Seeing class for first time: org.apache.hadoop.metrics2.impl.MetricsRecordBuilderImpl
2024-11-12 13:43:06,061 INFO  EvoClassLoader - Instrumenting class 'org.apache.hadoop.metrics2.impl.MetricsRecordBuilderImpl'.
2024-11-12 13:43:06,061 INFO  MethodCallReplacementClassAdapter - Adding mock interface to class org/apache/hadoop/metrics2/impl/MetricsRecordBuilderImpl
2024-11-12 13:43:06,062 INFO  CreateClassResetClassAdapter - Creating brand-new static initializer in class org/apache/hadoop/metrics2/impl/MetricsRecordBuilderImpl
2024-11-12 13:43:06,062 INFO  EvoClassLoader - Seeing class for first time: org.apache.hadoop.metrics2.MetricsRecordBuilder
2024-11-12 13:43:06,062 INFO  EvoClassLoader - Instrumenting class 'org.apache.hadoop.metrics2.MetricsRecordBuilder'.
2024-11-12 13:43:06,062 INFO  MethodCallReplacementClassAdapter - Adding mock interface to class org/apache/hadoop/metrics2/MetricsRecordBuilder
2024-11-12 13:43:06,062 INFO  CreateClassResetClassAdapter - Creating brand-new static initializer in class org/apache/hadoop/metrics2/MetricsRecordBuilder
2024-11-12 13:43:06,063 INFO  EvoClassLoader - Keeping class: org.apache.hadoop.metrics2.MetricsRecordBuilder
2024-11-12 13:43:06,063 INFO  EvoClassLoader - Keeping class: org.apache.hadoop.metrics2.impl.MetricsRecordBuilderImpl
2024-11-12 13:43:06,063 INFO  EvoClassLoader - Seeing class for first time: org.apache.hadoop.util.PlatformName
2024-11-12 13:43:06,063 INFO  EvoClassLoader - Instrumenting class 'org.apache.hadoop.util.PlatformName'.
2024-11-12 13:43:06,063 INFO  MethodCallReplacementClassAdapter - Adding mock interface to class org/apache/hadoop/util/PlatformName
2024-11-12 13:43:06,063 INFO  CreateClassResetClassAdapter - Found static initializer in class org/apache/hadoop/util/PlatformName
2024-11-12 13:43:06,064 INFO  EvoClassLoader - Keeping class: org.apache.hadoop.util.PlatformName
2024-11-12 13:43:06,064 INFO  EvoClassLoader - Seeing class for first time: org.apache.hadoop.util.NativeCodeLoader
2024-11-12 13:43:06,064 INFO  EvoClassLoader - Instrumenting class 'org.apache.hadoop.util.NativeCodeLoader'.
2024-11-12 13:43:06,064 INFO  MethodCallReplacementClassAdapter - Adding mock interface to class org/apache/hadoop/util/NativeCodeLoader
2024-11-12 13:43:06,065 INFO  CreateClassResetClassAdapter - Found static initializer in class org/apache/hadoop/util/NativeCodeLoader
2024-11-12 13:43:06,065 INFO  EvoClassLoader - Keeping class: org.apache.hadoop.util.NativeCodeLoader
2024-11-12 13:43:06,065 INFO  EvoClassLoader - Seeing class for first time: org.apache.hadoop.util.GenericOptionsParser
2024-11-12 13:43:06,065 INFO  EvoClassLoader - Instrumenting class 'org.apache.hadoop.util.GenericOptionsParser'.
2024-11-12 13:43:06,066 INFO  MethodCallReplacementClassAdapter - Adding mock interface to class org/apache/hadoop/util/GenericOptionsParser
2024-11-12 13:43:06,068 INFO  CreateClassResetClassAdapter - Found static initializer in class org/apache/hadoop/util/GenericOptionsParser
2024-11-12 13:43:06,068 INFO  EvoClassLoader - Keeping class: org.apache.hadoop.util.GenericOptionsParser
2024-11-12 13:43:06,068 INFO  EvoClassLoader - Seeing class for first time: org.apache.commons.cli.CommandLineParser
2024-11-12 13:43:06,068 INFO  EvoClassLoader - Instrumenting class 'org.apache.commons.cli.CommandLineParser'.
2024-11-12 13:43:06,069 INFO  EvoClassLoader - Keeping class: org.apache.commons.cli.CommandLineParser
2024-11-12 13:43:06,069 INFO  EvoClassLoader - Seeing class for first time: org.apache.hadoop.metrics2.impl.MetricsSystemImpl
2024-11-12 13:43:06,069 INFO  EvoClassLoader - Instrumenting class 'org.apache.hadoop.metrics2.impl.MetricsSystemImpl'.
2024-11-12 13:43:06,069 INFO  MethodCallReplacementClassAdapter - Adding mock interface to class org/apache/hadoop/metrics2/impl/MetricsSystemImpl
2024-11-12 13:43:06,071 INFO  CreateClassResetClassAdapter - Found static initializer in class org/apache/hadoop/metrics2/impl/MetricsSystemImpl
2024-11-12 13:43:06,072 INFO  EvoClassLoader - Seeing class for first time: org.apache.hadoop.metrics2.MetricsSystem
2024-11-12 13:43:06,072 INFO  EvoClassLoader - Instrumenting class 'org.apache.hadoop.metrics2.MetricsSystem'.
2024-11-12 13:43:06,072 INFO  MethodCallReplacementClassAdapter - Adding mock interface to class org/apache/hadoop/metrics2/MetricsSystem
2024-11-12 13:43:06,072 INFO  CreateClassResetClassAdapter - Creating brand-new static initializer in class org/apache/hadoop/metrics2/MetricsSystem
2024-11-12 13:43:06,072 INFO  EvoClassLoader - Keeping class: org.apache.hadoop.metrics2.MetricsSystem
2024-11-12 13:43:06,072 INFO  EvoClassLoader - Keeping class: org.apache.hadoop.metrics2.impl.MetricsSystemImpl
2024-11-12 13:43:06,072 INFO  EvoClassLoader - Seeing class for first time: org.apache.hadoop.metrics2.impl.MetricsSystemImpl$4
2024-11-12 13:43:06,072 INFO  EvoClassLoader - Instrumenting class 'org.apache.hadoop.metrics2.impl.MetricsSystemImpl$4'.
2024-11-12 13:43:06,073 INFO  MethodCallReplacementClassAdapter - Adding mock interface to class org/apache/hadoop/metrics2/impl/MetricsSystemImpl$4
2024-11-12 13:43:06,073 INFO  EvoClassLoader - Keeping class: org.apache.hadoop.metrics2.impl.MetricsSystemImpl$4
2024-11-12 13:43:06,073 INFO  EvoClassLoader - Seeing class for first time: org.apache.commons.cli.GnuParser
2024-11-12 13:43:06,073 INFO  EvoClassLoader - Instrumenting class 'org.apache.commons.cli.GnuParser'.
2024-11-12 13:43:06,073 INFO  MethodCallReplacementClassAdapter - Adding mock interface to class org/apache/commons/cli/GnuParser
2024-11-12 13:43:06,073 INFO  CreateClassResetClassAdapter - Creating brand-new static initializer in class org/apache/commons/cli/GnuParser
2024-11-12 13:43:06,074 INFO  EvoClassLoader - Seeing class for first time: org.apache.commons.cli.Parser
2024-11-12 13:43:06,074 INFO  EvoClassLoader - Instrumenting class 'org.apache.commons.cli.Parser'.
2024-11-12 13:43:06,074 INFO  MethodCallReplacementClassAdapter - Adding mock interface to class org/apache/commons/cli/Parser
2024-11-12 13:43:06,074 INFO  CreateClassResetClassAdapter - Creating brand-new static initializer in class org/apache/commons/cli/Parser
2024-11-12 13:43:06,074 INFO  EvoClassLoader - Keeping class: org.apache.commons.cli.Parser
2024-11-12 13:43:06,074 INFO  EvoClassLoader - Keeping class: org.apache.commons.cli.GnuParser
2024-11-12 13:43:06,074 INFO  EvoClassLoader - Seeing class for first time: org.apache.commons.cli.MissingArgumentException
2024-11-12 13:43:06,074 INFO  EvoClassLoader - Instrumenting class 'org.apache.commons.cli.MissingArgumentException'.
2024-11-12 13:43:06,075 INFO  MethodCallReplacementClassAdapter - Adding mock interface to class org/apache/commons/cli/MissingArgumentException
2024-11-12 13:43:06,075 INFO  CreateClassResetClassAdapter - Creating brand-new static initializer in class org/apache/commons/cli/MissingArgumentException
2024-11-12 13:43:06,075 INFO  EvoClassLoader - Keeping class: org.apache.commons.cli.MissingArgumentException
2024-11-12 13:43:06,075 INFO  EvoClassLoader - Seeing class for first time: org.apache.commons.cli.OptionValidator
2024-11-12 13:43:06,075 INFO  EvoClassLoader - Instrumenting class 'org.apache.commons.cli.OptionValidator'.
2024-11-12 13:43:06,075 INFO  MethodCallReplacementClassAdapter - Adding mock interface to class org/apache/commons/cli/OptionValidator
2024-11-12 13:43:06,076 INFO  CreateClassResetClassAdapter - Creating brand-new static initializer in class org/apache/commons/cli/OptionValidator
2024-11-12 13:43:06,076 INFO  EvoClassLoader - Keeping class: org.apache.commons.cli.OptionValidator
2024-11-12 13:43:06,076 INFO  EvoClassLoader - Seeing class for first time: org.apache.hadoop.fs.FsShell
2024-11-12 13:43:06,076 INFO  EvoClassLoader - Instrumenting class 'org.apache.hadoop.fs.FsShell'.
2024-11-12 13:43:06,077 INFO  MethodCallReplacementClassAdapter - Adding mock interface to class org/apache/hadoop/fs/FsShell
2024-11-12 13:43:06,079 INFO  CreateClassResetClassAdapter - Found static initializer in class org/apache/hadoop/fs/FsShell
2024-11-12 13:43:06,080 INFO  EvoClassLoader - Keeping class: org.apache.hadoop.fs.FsShell
2024-11-12 13:43:06,080 INFO  EvoClassLoader - Seeing class for first time: org.apache.hadoop.fs.FsShell$UnknownCommandException
2024-11-12 13:43:06,080 INFO  EvoClassLoader - Instrumenting class 'org.apache.hadoop.fs.FsShell$UnknownCommandException'.
2024-11-12 13:43:06,080 INFO  MethodCallReplacementClassAdapter - Adding mock interface to class org/apache/hadoop/fs/FsShell$UnknownCommandException
2024-11-12 13:43:06,080 INFO  CreateClassResetClassAdapter - Creating brand-new static initializer in class org/apache/hadoop/fs/FsShell$UnknownCommandException
2024-11-12 13:43:06,081 INFO  EvoClassLoader - Keeping class: org.apache.hadoop.fs.FsShell$UnknownCommandException
2024-11-12 13:43:06,081 INFO  EvoClassLoader - Seeing class for first time: org.apache.hadoop.fs.FsShell$Help
2024-11-12 13:43:06,081 INFO  EvoClassLoader - Instrumenting class 'org.apache.hadoop.fs.FsShell$Help'.
2024-11-12 13:43:06,081 INFO  MethodCallReplacementClassAdapter - Adding mock interface to class org/apache/hadoop/fs/FsShell$Help
2024-11-12 13:43:06,081 INFO  CreateClassResetClassAdapter - Creating brand-new static initializer in class org/apache/hadoop/fs/FsShell$Help
2024-11-12 13:43:06,081 INFO  CreateClassResetClassAdapter - Adding bytecode for initializing field NAME
2024-11-12 13:43:06,081 INFO  CreateClassResetClassAdapter - Adding bytecode for initializing field USAGE
2024-11-12 13:43:06,081 INFO  CreateClassResetClassAdapter - Adding bytecode for initializing field DESCRIPTION
2024-11-12 13:43:06,081 INFO  EvoClassLoader - Keeping class: org.apache.hadoop.fs.FsShell$Help
2024-11-12 13:43:06,081 INFO  EvoClassLoader - Seeing class for first time: org.apache.hadoop.fs.FsShell$Usage
2024-11-12 13:43:06,081 INFO  EvoClassLoader - Instrumenting class 'org.apache.hadoop.fs.FsShell$Usage'.
2024-11-12 13:43:06,081 INFO  MethodCallReplacementClassAdapter - Adding mock interface to class org/apache/hadoop/fs/FsShell$Usage
2024-11-12 13:43:06,081 INFO  CreateClassResetClassAdapter - Creating brand-new static initializer in class org/apache/hadoop/fs/FsShell$Usage
2024-11-12 13:43:06,081 INFO  CreateClassResetClassAdapter - Adding bytecode for initializing field NAME
2024-11-12 13:43:06,081 INFO  CreateClassResetClassAdapter - Adding bytecode for initializing field USAGE
2024-11-12 13:43:06,081 INFO  CreateClassResetClassAdapter - Adding bytecode for initializing field DESCRIPTION
2024-11-12 13:43:06,082 INFO  EvoClassLoader - Keeping class: org.apache.hadoop.fs.FsShell$Usage
2024-11-12 13:43:06,082 INFO  EvoClassLoader - Seeing class for first time: org.apache.hadoop.hdfs.protocol.DatanodeInfo
2024-11-12 13:43:06,082 INFO  EvoClassLoader - Instrumenting class 'org.apache.hadoop.hdfs.protocol.DatanodeInfo'.
2024-11-12 13:43:06,082 INFO  MethodCallReplacementClassAdapter - Adding mock interface to class org/apache/hadoop/hdfs/protocol/DatanodeInfo
2024-11-12 13:43:06,083 INFO  CreateClassResetClassAdapter - Found static initializer in class org/apache/hadoop/hdfs/protocol/DatanodeInfo
2024-11-12 13:43:06,084 INFO  EvoClassLoader - Seeing class for first time: org.apache.hadoop.net.Node
2024-11-12 13:43:06,084 INFO  EvoClassLoader - Instrumenting class 'org.apache.hadoop.net.Node'.
2024-11-12 13:43:06,084 INFO  EvoClassLoader - Keeping class: org.apache.hadoop.net.Node
2024-11-12 13:43:06,084 INFO  EvoClassLoader - Keeping class: org.apache.hadoop.hdfs.protocol.DatanodeInfo
2024-11-12 13:43:06,085 INFO  EvoClassLoader - Seeing class for first time: org.apache.hadoop.thirdparty.com.google.common.cache.CacheLoader$SupplierToCacheLoader
2024-11-12 13:43:06,085 INFO  EvoClassLoader - Instrumenting class 'org.apache.hadoop.thirdparty.com.google.common.cache.CacheLoader$SupplierToCacheLoader'.
2024-11-12 13:43:06,085 INFO  MethodCallReplacementClassAdapter - Adding mock interface to class org/apache/hadoop/thirdparty/com/google/common/cache/CacheLoader$SupplierToCacheLoader
2024-11-12 13:43:06,085 INFO  CreateClassResetClassAdapter - Creating brand-new static initializer in class org/apache/hadoop/thirdparty/com/google/common/cache/CacheLoader$SupplierToCacheLoader
2024-11-12 13:43:06,085 INFO  EvoClassLoader - Keeping class: org.apache.hadoop.thirdparty.com.google.common.cache.CacheLoader$SupplierToCacheLoader
2024-11-12 13:43:06,085 INFO  EvoClassLoader - Seeing class for first time: org.apache.hadoop.thirdparty.com.google.common.cache.CacheLoader$FunctionToCacheLoader
2024-11-12 13:43:06,085 INFO  EvoClassLoader - Instrumenting class 'org.apache.hadoop.thirdparty.com.google.common.cache.CacheLoader$FunctionToCacheLoader'.
2024-11-12 13:43:06,086 INFO  MethodCallReplacementClassAdapter - Adding mock interface to class org/apache/hadoop/thirdparty/com/google/common/cache/CacheLoader$FunctionToCacheLoader
2024-11-12 13:43:06,086 INFO  CreateClassResetClassAdapter - Creating brand-new static initializer in class org/apache/hadoop/thirdparty/com/google/common/cache/CacheLoader$FunctionToCacheLoader
2024-11-12 13:43:06,086 INFO  EvoClassLoader - Keeping class: org.apache.hadoop.thirdparty.com.google.common.cache.CacheLoader$FunctionToCacheLoader
2024-11-12 13:43:06,086 INFO  EvoClassLoader - Seeing class for first time: org.apache.hadoop.thirdparty.com.google.common.cache.CacheLoader$1
2024-11-12 13:43:06,086 INFO  EvoClassLoader - Instrumenting class 'org.apache.hadoop.thirdparty.com.google.common.cache.CacheLoader$1'.
2024-11-12 13:43:06,086 INFO  MethodCallReplacementClassAdapter - Adding mock interface to class org/apache/hadoop/thirdparty/com/google/common/cache/CacheLoader$1
2024-11-12 13:43:06,086 INFO  EvoClassLoader - Keeping class: org.apache.hadoop.thirdparty.com.google.common.cache.CacheLoader$1
2024-11-12 13:43:06,086 INFO  EvoClassLoader - Seeing class for first time: org.apache.hadoop.security.UserGroupInformation$HadoopLoginContext
2024-11-12 13:43:06,086 INFO  EvoClassLoader - Instrumenting class 'org.apache.hadoop.security.UserGroupInformation$HadoopLoginContext'.
2024-11-12 13:43:06,086 INFO  MethodCallReplacementClassAdapter - Adding mock interface to class org/apache/hadoop/security/UserGroupInformation$HadoopLoginContext
2024-11-12 13:43:06,087 INFO  CreateClassResetClassAdapter - Creating brand-new static initializer in class org/apache/hadoop/security/UserGroupInformation$HadoopLoginContext
2024-11-12 13:43:06,087 INFO  EvoClassLoader - Keeping class: org.apache.hadoop.security.UserGroupInformation$HadoopLoginContext
2024-11-12 13:43:06,087 INFO  EvoClassLoader - Seeing class for first time: org.apache.hadoop.security.UserGroupInformation$HadoopConfiguration
2024-11-12 13:43:06,087 INFO  EvoClassLoader - Instrumenting class 'org.apache.hadoop.security.UserGroupInformation$HadoopConfiguration'.
2024-11-12 13:43:06,087 INFO  MethodCallReplacementClassAdapter - Adding mock interface to class org/apache/hadoop/security/UserGroupInformation$HadoopConfiguration
2024-11-12 13:43:06,087 INFO  CreateClassResetClassAdapter - Found static initializer in class org/apache/hadoop/security/UserGroupInformation$HadoopConfiguration
2024-11-12 13:43:06,088 INFO  EvoClassLoader - Keeping class: org.apache.hadoop.security.UserGroupInformation$HadoopConfiguration
2024-11-12 13:43:06,088 INFO  EvoClassLoader - Seeing class for first time: org.apache.hadoop.hdfs.client.HdfsAdmin
2024-11-12 13:43:06,088 INFO  EvoClassLoader - Instrumenting class 'org.apache.hadoop.hdfs.client.HdfsAdmin'.
2024-11-12 13:43:06,088 INFO  MethodCallReplacementClassAdapter - Adding mock interface to class org/apache/hadoop/hdfs/client/HdfsAdmin
2024-11-12 13:43:06,088 INFO  CreateClassResetClassAdapter - Found static initializer in class org/apache/hadoop/hdfs/client/HdfsAdmin
2024-11-12 13:43:06,089 INFO  EvoClassLoader - Keeping class: org.apache.hadoop.hdfs.client.HdfsAdmin
2024-11-12 13:43:06,089 INFO  EvoClassLoader - Seeing class for first time: org.apache.hadoop.security.UserGroupInformation$HadoopLoginModule
2024-11-12 13:43:06,089 INFO  EvoClassLoader - Instrumenting class 'org.apache.hadoop.security.UserGroupInformation$HadoopLoginModule'.
2024-11-12 13:43:06,090 INFO  MethodCallReplacementClassAdapter - Adding mock interface to class org/apache/hadoop/security/UserGroupInformation$HadoopLoginModule
2024-11-12 13:43:06,090 INFO  CreateClassResetClassAdapter - Creating brand-new static initializer in class org/apache/hadoop/security/UserGroupInformation$HadoopLoginModule
2024-11-12 13:43:06,090 INFO  EvoClassLoader - Keeping class: org.apache.hadoop.security.UserGroupInformation$HadoopLoginModule
2024-11-12 13:43:06,091 INFO  EvoClassLoader - Seeing class for first time: org.apache.hadoop.hdfs.tools.DFSAdmin$SetQuotaCommand
2024-11-12 13:43:06,091 INFO  EvoClassLoader - Instrumenting class 'org.apache.hadoop.hdfs.tools.DFSAdmin$SetQuotaCommand'.
2024-11-12 13:43:06,091 INFO  MethodCallReplacementClassAdapter - Adding mock interface to class org/apache/hadoop/hdfs/tools/DFSAdmin$SetQuotaCommand
2024-11-12 13:43:06,091 INFO  CreateClassResetClassAdapter - Creating brand-new static initializer in class org/apache/hadoop/hdfs/tools/DFSAdmin$SetQuotaCommand
2024-11-12 13:43:06,091 INFO  CreateClassResetClassAdapter - Adding bytecode for initializing field NAME
2024-11-12 13:43:06,091 INFO  CreateClassResetClassAdapter - Adding bytecode for initializing field USAGE
2024-11-12 13:43:06,091 INFO  CreateClassResetClassAdapter - Adding bytecode for initializing field DESCRIPTION
2024-11-12 13:43:06,091 INFO  EvoClassLoader - Keeping class: org.apache.hadoop.hdfs.tools.DFSAdmin$SetQuotaCommand
2024-11-12 13:43:06,092 INFO  EvoClassLoader - Seeing class for first time: org.apache.hadoop.security.KerberosInfo
2024-11-12 13:43:06,092 INFO  EvoClassLoader - Instrumenting class 'org.apache.hadoop.security.KerberosInfo'.
2024-11-12 13:43:06,092 INFO  EvoClassLoader - Keeping class: org.apache.hadoop.security.KerberosInfo
2024-11-12 13:43:06,093 INFO  EvoClassLoader - Seeing class for first time: org.apache.hadoop.hdfs.tools.DFSAdmin$2
2024-11-12 13:43:06,093 INFO  EvoClassLoader - Instrumenting class 'org.apache.hadoop.hdfs.tools.DFSAdmin$2'.
2024-11-12 13:43:06,093 INFO  MethodCallReplacementClassAdapter - Adding mock interface to class org/apache/hadoop/hdfs/tools/DFSAdmin$2
2024-11-12 13:43:06,093 INFO  EvoClassLoader - Keeping class: org.apache.hadoop.hdfs.tools.DFSAdmin$2
2024-11-12 13:43:06,093 INFO  EvoClassLoader - Seeing class for first time: org.apache.hadoop.hdfs.protocol.HdfsConstants$UpgradeAction
2024-11-12 13:43:06,093 INFO  EvoClassLoader - Instrumenting class 'org.apache.hadoop.hdfs.protocol.HdfsConstants$UpgradeAction'.
2024-11-12 13:43:06,093 INFO  MethodCallReplacementClassAdapter - Adding mock interface to class org/apache/hadoop/hdfs/protocol/HdfsConstants$UpgradeAction
2024-11-12 13:43:06,093 INFO  CreateClassResetClassAdapter - Found static initializer in class org/apache/hadoop/hdfs/protocol/HdfsConstants$UpgradeAction
2024-11-12 13:43:06,093 INFO  EvoClassLoader - Keeping class: org.apache.hadoop.hdfs.protocol.HdfsConstants$UpgradeAction
2024-11-12 13:43:06,093 INFO  EvoClassLoader - Seeing class for first time: org.apache.hadoop.hdfs.protocol.HdfsConstants$RollingUpgradeAction
2024-11-12 13:43:06,093 INFO  EvoClassLoader - Instrumenting class 'org.apache.hadoop.hdfs.protocol.HdfsConstants$RollingUpgradeAction'.
2024-11-12 13:43:06,094 INFO  MethodCallReplacementClassAdapter - Adding mock interface to class org/apache/hadoop/hdfs/protocol/HdfsConstants$RollingUpgradeAction
2024-11-12 13:43:06,094 INFO  CreateClassResetClassAdapter - Found static initializer in class org/apache/hadoop/hdfs/protocol/HdfsConstants$RollingUpgradeAction
2024-11-12 13:43:06,094 INFO  EvoClassLoader - Keeping class: org.apache.hadoop.hdfs.protocol.HdfsConstants$RollingUpgradeAction
2024-11-12 13:43:06,094 INFO  EvoClassLoader - Seeing class for first time: org.apache.hadoop.classification.InterfaceAudience$Private
2024-11-12 13:43:06,094 INFO  EvoClassLoader - Instrumenting class 'org.apache.hadoop.classification.InterfaceAudience$Private'.
2024-11-12 13:43:06,094 INFO  EvoClassLoader - Keeping class: org.apache.hadoop.classification.InterfaceAudience$Private
2024-11-12 13:43:06,095 INFO  EvoClassLoader - Seeing class for first time: org.apache.hadoop.thirdparty.protobuf.CheckReturnValue
2024-11-12 13:43:06,095 INFO  EvoClassLoader - Instrumenting class 'org.apache.hadoop.thirdparty.protobuf.CheckReturnValue'.
2024-11-12 13:43:06,095 INFO  EvoClassLoader - Keeping class: org.apache.hadoop.thirdparty.protobuf.CheckReturnValue
2024-11-12 13:43:06,095 INFO  EvoClassLoader - Seeing class for first time: org.apache.hadoop.thirdparty.com.google.common.cache.LocalCache$LocalLoadingCache
2024-11-12 13:43:06,095 INFO  EvoClassLoader - Instrumenting class 'org.apache.hadoop.thirdparty.com.google.common.cache.LocalCache$LocalLoadingCache'.
2024-11-12 13:43:06,095 INFO  MethodCallReplacementClassAdapter - Adding mock interface to class org/apache/hadoop/thirdparty/com/google/common/cache/LocalCache$LocalLoadingCache
2024-11-12 13:43:06,095 INFO  CreateClassResetClassAdapter - Creating brand-new static initializer in class org/apache/hadoop/thirdparty/com/google/common/cache/LocalCache$LocalLoadingCache
2024-11-12 13:43:06,096 INFO  EvoClassLoader - Keeping class: org.apache.hadoop.thirdparty.com.google.common.cache.LocalCache$LocalLoadingCache
2024-11-12 13:43:06,096 INFO  EvoClassLoader - Seeing class for first time: org.apache.hadoop.thirdparty.protobuf.ByteOutput
2024-11-12 13:43:06,096 INFO  EvoClassLoader - Instrumenting class 'org.apache.hadoop.thirdparty.protobuf.ByteOutput'.
2024-11-12 13:43:06,096 INFO  MethodCallReplacementClassAdapter - Adding mock interface to class org/apache/hadoop/thirdparty/protobuf/ByteOutput
2024-11-12 13:43:06,096 INFO  CreateClassResetClassAdapter - Creating brand-new static initializer in class org/apache/hadoop/thirdparty/protobuf/ByteOutput
2024-11-12 13:43:06,096 INFO  EvoClassLoader - Keeping class: org.apache.hadoop.thirdparty.protobuf.ByteOutput
2024-11-12 13:43:06,096 INFO  EvoClassLoader - Seeing class for first time: org.apache.hadoop.security.UserGroupInformation$AuthenticationMethod
2024-11-12 13:43:06,096 INFO  EvoClassLoader - Instrumenting class 'org.apache.hadoop.security.UserGroupInformation$AuthenticationMethod'.
2024-11-12 13:43:06,097 INFO  MethodCallReplacementClassAdapter - Adding mock interface to class org/apache/hadoop/security/UserGroupInformation$AuthenticationMethod
2024-11-12 13:43:06,097 INFO  CreateClassResetClassAdapter - Found static initializer in class org/apache/hadoop/security/UserGroupInformation$AuthenticationMethod
2024-11-12 13:43:06,098 INFO  EvoClassLoader - Keeping class: org.apache.hadoop.security.UserGroupInformation$AuthenticationMethod
2024-11-12 13:43:06,098 INFO  EvoClassLoader - Seeing class for first time: org.apache.hadoop.security.SaslRpcServer$AuthMethod
2024-11-12 13:43:06,098 INFO  EvoClassLoader - Instrumenting class 'org.apache.hadoop.security.SaslRpcServer$AuthMethod'.
2024-11-12 13:43:06,098 INFO  MethodCallReplacementClassAdapter - Adding mock interface to class org/apache/hadoop/security/SaslRpcServer$AuthMethod
2024-11-12 13:43:06,098 INFO  CreateClassResetClassAdapter - Found static initializer in class org/apache/hadoop/security/SaslRpcServer$AuthMethod
2024-11-12 13:43:06,099 INFO  EvoClassLoader - Keeping class: org.apache.hadoop.security.SaslRpcServer$AuthMethod
2024-11-12 13:43:06,099 INFO  EvoClassLoader - Seeing class for first time: org.apache.hadoop.metrics2.impl.MetricsSystemImpl$3
2024-11-12 13:43:06,099 INFO  EvoClassLoader - Instrumenting class 'org.apache.hadoop.metrics2.impl.MetricsSystemImpl$3'.
2024-11-12 13:43:06,099 INFO  MethodCallReplacementClassAdapter - Adding mock interface to class org/apache/hadoop/metrics2/impl/MetricsSystemImpl$3
2024-11-12 13:43:06,100 INFO  EvoClassLoader - Keeping class: org.apache.hadoop.metrics2.impl.MetricsSystemImpl$3
2024-11-12 13:43:06,100 INFO  EvoClassLoader - Seeing class for first time: org.apache.hadoop.conf.ReconfigurationTaskStatus
2024-11-12 13:43:06,100 INFO  EvoClassLoader - Instrumenting class 'org.apache.hadoop.conf.ReconfigurationTaskStatus'.
2024-11-12 13:43:06,100 INFO  MethodCallReplacementClassAdapter - Adding mock interface to class org/apache/hadoop/conf/ReconfigurationTaskStatus
2024-11-12 13:43:06,101 INFO  CreateClassResetClassAdapter - Creating brand-new static initializer in class org/apache/hadoop/conf/ReconfigurationTaskStatus
2024-11-12 13:43:06,101 INFO  EvoClassLoader - Keeping class: org.apache.hadoop.conf.ReconfigurationTaskStatus
2024-11-12 13:43:06,101 INFO  EvoClassLoader - Seeing class for first time: org.apache.hadoop.metrics2.impl.MetricsSystemImpl$1
2024-11-12 13:43:06,101 INFO  EvoClassLoader - Instrumenting class 'org.apache.hadoop.metrics2.impl.MetricsSystemImpl$1'.
2024-11-12 13:43:06,101 INFO  MethodCallReplacementClassAdapter - Adding mock interface to class org/apache/hadoop/metrics2/impl/MetricsSystemImpl$1
2024-11-12 13:43:06,102 INFO  EvoClassLoader - Seeing class for first time: org.apache.hadoop.metrics2.MetricsSystem$AbstractCallback
2024-11-12 13:43:06,102 INFO  EvoClassLoader - Instrumenting class 'org.apache.hadoop.metrics2.MetricsSystem$AbstractCallback'.
2024-11-12 13:43:06,102 INFO  MethodCallReplacementClassAdapter - Adding mock interface to class org/apache/hadoop/metrics2/MetricsSystem$AbstractCallback
2024-11-12 13:43:06,102 INFO  CreateClassResetClassAdapter - Creating brand-new static initializer in class org/apache/hadoop/metrics2/MetricsSystem$AbstractCallback
2024-11-12 13:43:06,102 INFO  EvoClassLoader - Keeping class: org.apache.hadoop.metrics2.MetricsSystem$AbstractCallback
2024-11-12 13:43:06,102 INFO  EvoClassLoader - Keeping class: org.apache.hadoop.metrics2.impl.MetricsSystemImpl$1
2024-11-12 13:43:06,102 INFO  EvoClassLoader - Seeing class for first time: org.apache.zookeeper.common.ZKConfig
2024-11-12 13:43:06,102 INFO  EvoClassLoader - Instrumenting class 'org.apache.zookeeper.common.ZKConfig'.
2024-11-12 13:43:06,103 INFO  MethodCallReplacementClassAdapter - Adding mock interface to class org/apache/zookeeper/common/ZKConfig
2024-11-12 13:43:06,105 INFO  CreateClassResetClassAdapter - Found static initializer in class org/apache/zookeeper/common/ZKConfig
2024-11-12 13:43:06,105 INFO  EvoClassLoader - Keeping class: org.apache.zookeeper.common.ZKConfig
2024-11-12 13:43:06,105 INFO  EvoClassLoader - Seeing class for first time: org.apache.zookeeper.common.QuorumX509Util
2024-11-12 13:43:06,105 INFO  EvoClassLoader - Instrumenting class 'org.apache.zookeeper.common.QuorumX509Util'.
2024-11-12 13:43:06,105 INFO  MethodCallReplacementClassAdapter - Adding mock interface to class org/apache/zookeeper/common/QuorumX509Util
2024-11-12 13:43:06,105 INFO  CreateClassResetClassAdapter - Creating brand-new static initializer in class org/apache/zookeeper/common/QuorumX509Util
2024-11-12 13:43:06,106 INFO  EvoClassLoader - Keeping class: org.apache.zookeeper.common.QuorumX509Util
2024-11-12 13:43:06,106 INFO  EvoClassLoader - Seeing class for first time: org.apache.zookeeper.server.quorum.QuorumPeerConfig$ConfigException
2024-11-12 13:43:06,106 INFO  EvoClassLoader - Instrumenting class 'org.apache.zookeeper.server.quorum.QuorumPeerConfig$ConfigException'.
2024-11-12 13:43:06,106 INFO  MethodCallReplacementClassAdapter - Adding mock interface to class org/apache/zookeeper/server/quorum/QuorumPeerConfig$ConfigException
2024-11-12 13:43:06,106 INFO  CreateClassResetClassAdapter - Creating brand-new static initializer in class org/apache/zookeeper/server/quorum/QuorumPeerConfig$ConfigException
2024-11-12 13:43:06,106 INFO  EvoClassLoader - Defined package (3): package org.apache.zookeeper.server.quorum, -1339136654
2024-11-12 13:43:06,106 INFO  EvoClassLoader - Keeping class: org.apache.zookeeper.server.quorum.QuorumPeerConfig$ConfigException
2024-11-12 13:43:06,106 INFO  EvoClassLoader - Seeing class for first time: org.apache.hadoop.hdfs.protocol.OpenFilesIterator$OpenFilesType
2024-11-12 13:43:06,106 INFO  EvoClassLoader - Instrumenting class 'org.apache.hadoop.hdfs.protocol.OpenFilesIterator$OpenFilesType'.
2024-11-12 13:43:06,106 INFO  MethodCallReplacementClassAdapter - Adding mock interface to class org/apache/hadoop/hdfs/protocol/OpenFilesIterator$OpenFilesType
2024-11-12 13:43:06,106 INFO  CreateClassResetClassAdapter - Found static initializer in class org/apache/hadoop/hdfs/protocol/OpenFilesIterator$OpenFilesType
2024-11-12 13:43:06,106 INFO  EvoClassLoader - Keeping class: org.apache.hadoop.hdfs.protocol.OpenFilesIterator$OpenFilesType
2024-11-12 13:43:06,107 INFO  EvoClassLoader - Seeing class for first time: org.apache.hadoop.thirdparty.protobuf.ByteString$CodedBuilder
2024-11-12 13:43:06,107 INFO  EvoClassLoader - Instrumenting class 'org.apache.hadoop.thirdparty.protobuf.ByteString$CodedBuilder'.
2024-11-12 13:43:06,107 INFO  MethodCallReplacementClassAdapter - Adding mock interface to class org/apache/hadoop/thirdparty/protobuf/ByteString$CodedBuilder
2024-11-12 13:43:06,107 INFO  CreateClassResetClassAdapter - Creating brand-new static initializer in class org/apache/hadoop/thirdparty/protobuf/ByteString$CodedBuilder
2024-11-12 13:43:06,107 INFO  EvoClassLoader - Keeping class: org.apache.hadoop.thirdparty.protobuf.ByteString$CodedBuilder
2024-11-12 13:43:06,107 INFO  EvoClassLoader - Seeing class for first time: org.apache.hadoop.util.StringUtils$TraditionalBinaryPrefix
2024-11-12 13:43:06,107 INFO  EvoClassLoader - Instrumenting class 'org.apache.hadoop.util.StringUtils$TraditionalBinaryPrefix'.
2024-11-12 13:43:06,107 INFO  MethodCallReplacementClassAdapter - Adding mock interface to class org/apache/hadoop/util/StringUtils$TraditionalBinaryPrefix
2024-11-12 13:43:06,108 INFO  CreateClassResetClassAdapter - Found static initializer in class org/apache/hadoop/util/StringUtils$TraditionalBinaryPrefix
2024-11-12 13:43:06,108 INFO  EvoClassLoader - Keeping class: org.apache.hadoop.util.StringUtils$TraditionalBinaryPrefix
2024-11-12 13:43:06,108 INFO  EvoClassLoader - Seeing class for first time: org.apache.hadoop.metrics2.lib.MetricsSourceBuilder
2024-11-12 13:43:06,108 INFO  EvoClassLoader - Instrumenting class 'org.apache.hadoop.metrics2.lib.MetricsSourceBuilder'.
2024-11-12 13:43:06,109 INFO  MethodCallReplacementClassAdapter - Adding mock interface to class org/apache/hadoop/metrics2/lib/MetricsSourceBuilder
2024-11-12 13:43:06,109 INFO  CreateClassResetClassAdapter - Found static initializer in class org/apache/hadoop/metrics2/lib/MetricsSourceBuilder
2024-11-12 13:43:06,109 INFO  EvoClassLoader - Keeping class: org.apache.hadoop.metrics2.lib.MetricsSourceBuilder
2024-11-12 13:43:06,109 INFO  EvoClassLoader - Seeing class for first time: org.apache.hadoop.ipc.CallerContext$Builder
2024-11-12 13:43:06,109 INFO  EvoClassLoader - Instrumenting class 'org.apache.hadoop.ipc.CallerContext$Builder'.
2024-11-12 13:43:06,109 INFO  MethodCallReplacementClassAdapter - Adding mock interface to class org/apache/hadoop/ipc/CallerContext$Builder
2024-11-12 13:43:06,110 INFO  CreateClassResetClassAdapter - Found static initializer in class org/apache/hadoop/ipc/CallerContext$Builder
2024-11-12 13:43:06,110 INFO  EvoClassLoader - Keeping class: org.apache.hadoop.ipc.CallerContext$Builder
2024-11-12 13:43:06,110 INFO  EvoClassLoader - Seeing class for first time: org.apache.hadoop.security.UserGroupInformation$TestingGroups
2024-11-12 13:43:06,110 INFO  EvoClassLoader - Instrumenting class 'org.apache.hadoop.security.UserGroupInformation$TestingGroups'.
2024-11-12 13:43:06,110 INFO  MethodCallReplacementClassAdapter - Adding mock interface to class org/apache/hadoop/security/UserGroupInformation$TestingGroups
2024-11-12 13:43:06,111 INFO  CreateClassResetClassAdapter - Creating brand-new static initializer in class org/apache/hadoop/security/UserGroupInformation$TestingGroups
2024-11-12 13:43:06,111 INFO  EvoClassLoader - Keeping class: org.apache.hadoop.security.UserGroupInformation$TestingGroups
2024-11-12 13:43:06,111 INFO  EvoClassLoader - Seeing class for first time: org.apache.hadoop.security.UserGroupInformation
2024-11-12 13:43:06,111 INFO  EvoClassLoader - Instrumenting class 'org.apache.hadoop.security.UserGroupInformation'.
2024-11-12 13:43:06,112 INFO  MethodCallReplacementClassAdapter - Adding mock interface to class org/apache/hadoop/security/UserGroupInformation
2024-11-12 13:43:06,115 INFO  CreateClassResetClassAdapter - Found static initializer in class org/apache/hadoop/security/UserGroupInformation
2024-11-12 13:43:06,117 INFO  EvoClassLoader - Keeping class: org.apache.hadoop.security.UserGroupInformation
2024-11-12 13:43:06,117 INFO  EvoClassLoader - Seeing class for first time: org.apache.hadoop.security.UserGroupInformation$TicketCacheRenewalRunnable
2024-11-12 13:43:06,117 INFO  EvoClassLoader - Instrumenting class 'org.apache.hadoop.security.UserGroupInformation$TicketCacheRenewalRunnable'.
2024-11-12 13:43:06,118 INFO  MethodCallReplacementClassAdapter - Adding mock interface to class org/apache/hadoop/security/UserGroupInformation$TicketCacheRenewalRunnable
2024-11-12 13:43:06,118 INFO  CreateClassResetClassAdapter - Creating brand-new static initializer in class org/apache/hadoop/security/UserGroupInformation$TicketCacheRenewalRunnable
2024-11-12 13:43:06,118 INFO  EvoClassLoader - Keeping class: org.apache.hadoop.security.UserGroupInformation$TicketCacheRenewalRunnable
2024-11-12 13:43:06,119 INFO  EvoClassLoader - Seeing class for first time: org.apache.hadoop.security.UserGroupInformation$UgiMetrics
2024-11-12 13:43:06,119 INFO  EvoClassLoader - Instrumenting class 'org.apache.hadoop.security.UserGroupInformation$UgiMetrics'.
2024-11-12 13:43:06,119 INFO  MethodCallReplacementClassAdapter - Adding mock interface to class org/apache/hadoop/security/UserGroupInformation$UgiMetrics
2024-11-12 13:43:06,120 INFO  CreateClassResetClassAdapter - Creating brand-new static initializer in class org/apache/hadoop/security/UserGroupInformation$UgiMetrics
2024-11-12 13:43:06,120 INFO  EvoClassLoader - Keeping class: org.apache.hadoop.security.UserGroupInformation$UgiMetrics
2024-11-12 13:43:06,120 INFO  EvoClassLoader - Seeing class for first time: org.apache.hadoop.metrics2.lib.DefaultMetricsSystem
2024-11-12 13:43:06,120 INFO  EvoClassLoader - Instrumenting class 'org.apache.hadoop.metrics2.lib.DefaultMetricsSystem'.
2024-11-12 13:43:06,120 INFO  MethodCallReplacementClassAdapter - Adding mock interface to class org/apache/hadoop/metrics2/lib/DefaultMetricsSystem
2024-11-12 13:43:06,120 INFO  CreateClassResetClassAdapter - Found static initializer in class org/apache/hadoop/metrics2/lib/DefaultMetricsSystem
2024-11-12 13:43:06,121 INFO  EvoClassLoader - Keeping class: org.apache.hadoop.metrics2.lib.DefaultMetricsSystem
2024-11-12 13:43:06,121 INFO  EvoClassLoader - Seeing class for first time: org.apache.hadoop.metrics2.lib.MetricsRegistry
2024-11-12 13:43:06,121 INFO  EvoClassLoader - Instrumenting class 'org.apache.hadoop.metrics2.lib.MetricsRegistry'.
2024-11-12 13:43:06,121 INFO  MethodCallReplacementClassAdapter - Adding mock interface to class org/apache/hadoop/metrics2/lib/MetricsRegistry
2024-11-12 13:43:06,122 INFO  CreateClassResetClassAdapter - Creating brand-new static initializer in class org/apache/hadoop/metrics2/lib/MetricsRegistry
2024-11-12 13:43:06,122 INFO  EvoClassLoader - Keeping class: org.apache.hadoop.metrics2.lib.MetricsRegistry
2024-11-12 13:43:06,123 INFO  EvoClassLoader - Seeing class for first time: org.apache.hadoop.thirdparty.com.google.common.collect.Maps
2024-11-12 13:43:06,123 INFO  EvoClassLoader - Instrumenting class 'org.apache.hadoop.thirdparty.com.google.common.collect.Maps'.
2024-11-12 13:43:06,123 INFO  MethodCallReplacementClassAdapter - Adding mock interface to class org/apache/hadoop/thirdparty/com/google/common/collect/Maps
2024-11-12 13:43:06,126 INFO  CreateClassResetClassAdapter - Creating brand-new static initializer in class org/apache/hadoop/thirdparty/com/google/common/collect/Maps
2024-11-12 13:43:06,127 INFO  EvoClassLoader - Keeping class: org.apache.hadoop.thirdparty.com.google.common.collect.Maps
2024-11-12 13:43:06,127 INFO  EvoClassLoader - Seeing class for first time: org.apache.hadoop.thirdparty.com.google.common.collect.Maps$8
2024-11-12 13:43:06,127 INFO  EvoClassLoader - Instrumenting class 'org.apache.hadoop.thirdparty.com.google.common.collect.Maps$8'.
2024-11-12 13:43:06,128 INFO  MethodCallReplacementClassAdapter - Adding mock interface to class org/apache/hadoop/thirdparty/com/google/common/collect/Maps$8
2024-11-12 13:43:06,128 INFO  EvoClassLoader - Keeping class: org.apache.hadoop.thirdparty.com.google.common.collect.Maps$8
2024-11-12 13:43:06,128 INFO  EvoClassLoader - Seeing class for first time: org.apache.hadoop.thirdparty.com.google.common.collect.Maps$BiMapConverter
2024-11-12 13:43:06,128 INFO  EvoClassLoader - Instrumenting class 'org.apache.hadoop.thirdparty.com.google.common.collect.Maps$BiMapConverter'.
2024-11-12 13:43:06,128 INFO  MethodCallReplacementClassAdapter - Adding mock interface to class org/apache/hadoop/thirdparty/com/google/common/collect/Maps$BiMapConverter
2024-11-12 13:43:06,128 INFO  CreateClassResetClassAdapter - Creating brand-new static initializer in class org/apache/hadoop/thirdparty/com/google/common/collect/Maps$BiMapConverter
2024-11-12 13:43:06,128 INFO  EvoClassLoader - Keeping class: org.apache.hadoop.thirdparty.com.google.common.collect.Maps$BiMapConverter
2024-11-12 13:43:06,129 INFO  EvoClassLoader - Seeing class for first time: org.apache.hadoop.metrics2.lib.Interns
2024-11-12 13:43:06,129 INFO  EvoClassLoader - Instrumenting class 'org.apache.hadoop.metrics2.lib.Interns'.
2024-11-12 13:43:06,129 INFO  MethodCallReplacementClassAdapter - Adding mock interface to class org/apache/hadoop/metrics2/lib/Interns
2024-11-12 13:43:06,129 INFO  CreateClassResetClassAdapter - Found static initializer in class org/apache/hadoop/metrics2/lib/Interns
2024-11-12 13:43:06,129 INFO  EvoClassLoader - Keeping class: org.apache.hadoop.metrics2.lib.Interns
2024-11-12 13:43:06,129 INFO  EvoClassLoader - Seeing class for first time: org.apache.hadoop.metrics2.lib.MetricsInfoImpl
2024-11-12 13:43:06,129 INFO  EvoClassLoader - Instrumenting class 'org.apache.hadoop.metrics2.lib.MetricsInfoImpl'.
2024-11-12 13:43:06,129 INFO  MethodCallReplacementClassAdapter - Adding mock interface to class org/apache/hadoop/metrics2/lib/MetricsInfoImpl
2024-11-12 13:43:06,129 INFO  CreateClassResetClassAdapter - Creating brand-new static initializer in class org/apache/hadoop/metrics2/lib/MetricsInfoImpl
2024-11-12 13:43:06,130 INFO  EvoClassLoader - Keeping class: org.apache.hadoop.metrics2.lib.MetricsInfoImpl
2024-11-12 13:43:06,130 INFO  EvoClassLoader - Seeing class for first time: org.apache.hadoop.util.Lists
2024-11-12 13:43:06,130 INFO  EvoClassLoader - Instrumenting class 'org.apache.hadoop.util.Lists'.
2024-11-12 13:43:06,130 INFO  MethodCallReplacementClassAdapter - Adding mock interface to class org/apache/hadoop/util/Lists
2024-11-12 13:43:06,131 INFO  CreateClassResetClassAdapter - Creating brand-new static initializer in class org/apache/hadoop/util/Lists
2024-11-12 13:43:06,131 INFO  EvoClassLoader - Keeping class: org.apache.hadoop.util.Lists
2024-11-12 13:43:06,131 INFO  EvoClassLoader - Seeing class for first time: org.apache.hadoop.metrics2.impl.MetricsCollectorImpl
2024-11-12 13:43:06,131 INFO  EvoClassLoader - Instrumenting class 'org.apache.hadoop.metrics2.impl.MetricsCollectorImpl'.
2024-11-12 13:43:06,132 INFO  MethodCallReplacementClassAdapter - Adding mock interface to class org/apache/hadoop/metrics2/impl/MetricsCollectorImpl
2024-11-12 13:43:06,132 INFO  CreateClassResetClassAdapter - Creating brand-new static initializer in class org/apache/hadoop/metrics2/impl/MetricsCollectorImpl
2024-11-12 13:43:06,132 INFO  EvoClassLoader - Seeing class for first time: org.apache.hadoop.metrics2.MetricsCollector
2024-11-12 13:43:06,132 INFO  EvoClassLoader - Instrumenting class 'org.apache.hadoop.metrics2.MetricsCollector'.
2024-11-12 13:43:06,132 INFO  EvoClassLoader - Keeping class: org.apache.hadoop.metrics2.MetricsCollector
2024-11-12 13:43:06,132 INFO  EvoClassLoader - Keeping class: org.apache.hadoop.metrics2.impl.MetricsCollectorImpl
2024-11-12 13:43:06,133 INFO  EvoClassLoader - Seeing class for first time: org.apache.hadoop.metrics2.lib.MetricsAnnotations
2024-11-12 13:43:06,133 INFO  EvoClassLoader - Instrumenting class 'org.apache.hadoop.metrics2.lib.MetricsAnnotations'.
2024-11-12 13:43:06,133 INFO  MethodCallReplacementClassAdapter - Adding mock interface to class org/apache/hadoop/metrics2/lib/MetricsAnnotations
2024-11-12 13:43:06,133 INFO  CreateClassResetClassAdapter - Creating brand-new static initializer in class org/apache/hadoop/metrics2/lib/MetricsAnnotations
2024-11-12 13:43:06,133 INFO  EvoClassLoader - Keeping class: org.apache.hadoop.metrics2.lib.MetricsAnnotations
2024-11-12 13:43:06,133 INFO  EvoClassLoader - Seeing class for first time: org.apache.hadoop.metrics2.lib.MutableMetricsFactory
2024-11-12 13:43:06,133 INFO  EvoClassLoader - Instrumenting class 'org.apache.hadoop.metrics2.lib.MutableMetricsFactory'.
2024-11-12 13:43:06,134 INFO  MethodCallReplacementClassAdapter - Adding mock interface to class org/apache/hadoop/metrics2/lib/MutableMetricsFactory
2024-11-12 13:43:06,135 INFO  CreateClassResetClassAdapter - Found static initializer in class org/apache/hadoop/metrics2/lib/MutableMetricsFactory
2024-11-12 13:43:06,136 INFO  EvoClassLoader - Keeping class: org.apache.hadoop.metrics2.lib.MutableMetricsFactory
2024-11-12 13:43:06,136 INFO  EvoClassLoader - Seeing class for first time: org.apache.hadoop.metrics2.lib.MutableCounterInt
2024-11-12 13:43:06,136 INFO  EvoClassLoader - Instrumenting class 'org.apache.hadoop.metrics2.lib.MutableCounterInt'.
2024-11-12 13:43:06,136 INFO  MethodCallReplacementClassAdapter - Adding mock interface to class org/apache/hadoop/metrics2/lib/MutableCounterInt
2024-11-12 13:43:06,136 INFO  CreateClassResetClassAdapter - Creating brand-new static initializer in class org/apache/hadoop/metrics2/lib/MutableCounterInt
2024-11-12 13:43:06,137 INFO  EvoClassLoader - Keeping class: org.apache.hadoop.metrics2.lib.MutableCounterInt
2024-11-12 13:43:06,137 INFO  EvoClassLoader - Seeing class for first time: org.apache.hadoop.metrics2.lib.MutableCounterLong
2024-11-12 13:43:06,137 INFO  EvoClassLoader - Instrumenting class 'org.apache.hadoop.metrics2.lib.MutableCounterLong'.
2024-11-12 13:43:06,137 INFO  MethodCallReplacementClassAdapter - Adding mock interface to class org/apache/hadoop/metrics2/lib/MutableCounterLong
2024-11-12 13:43:06,137 INFO  CreateClassResetClassAdapter - Creating brand-new static initializer in class org/apache/hadoop/metrics2/lib/MutableCounterLong
2024-11-12 13:43:06,137 INFO  EvoClassLoader - Keeping class: org.apache.hadoop.metrics2.lib.MutableCounterLong
2024-11-12 13:43:06,137 INFO  EvoClassLoader - Seeing class for first time: org.apache.hadoop.metrics2.lib.MutableGaugeLong
2024-11-12 13:43:06,137 INFO  EvoClassLoader - Instrumenting class 'org.apache.hadoop.metrics2.lib.MutableGaugeLong'.
2024-11-12 13:43:06,138 INFO  MethodCallReplacementClassAdapter - Adding mock interface to class org/apache/hadoop/metrics2/lib/MutableGaugeLong
2024-11-12 13:43:06,138 INFO  CreateClassResetClassAdapter - Creating brand-new static initializer in class org/apache/hadoop/metrics2/lib/MutableGaugeLong
2024-11-12 13:43:06,138 INFO  EvoClassLoader - Keeping class: org.apache.hadoop.metrics2.lib.MutableGaugeLong
2024-11-12 13:43:06,138 INFO  EvoClassLoader - Seeing class for first time: org.apache.hadoop.metrics2.lib.MutableGaugeFloat
2024-11-12 13:43:06,138 INFO  EvoClassLoader - Instrumenting class 'org.apache.hadoop.metrics2.lib.MutableGaugeFloat'.
2024-11-12 13:43:06,138 INFO  MethodCallReplacementClassAdapter - Adding mock interface to class org/apache/hadoop/metrics2/lib/MutableGaugeFloat
2024-11-12 13:43:06,138 INFO  CreateClassResetClassAdapter - Creating brand-new static initializer in class org/apache/hadoop/metrics2/lib/MutableGaugeFloat
2024-11-12 13:43:06,139 INFO  EvoClassLoader - Keeping class: org.apache.hadoop.metrics2.lib.MutableGaugeFloat
2024-11-12 13:43:06,139 INFO  EvoClassLoader - Seeing class for first time: org.apache.hadoop.metrics2.lib.MutableRates
2024-11-12 13:43:06,139 INFO  EvoClassLoader - Instrumenting class 'org.apache.hadoop.metrics2.lib.MutableRates'.
2024-11-12 13:43:06,139 INFO  MethodCallReplacementClassAdapter - Adding mock interface to class org/apache/hadoop/metrics2/lib/MutableRates
2024-11-12 13:43:06,139 INFO  CreateClassResetClassAdapter - Found static initializer in class org/apache/hadoop/metrics2/lib/MutableRates
2024-11-12 13:43:06,140 INFO  EvoClassLoader - Keeping class: org.apache.hadoop.metrics2.lib.MutableRates
2024-11-12 13:43:06,140 INFO  EvoClassLoader - Seeing class for first time: org.apache.hadoop.metrics2.lib.MutableRollingAverages
2024-11-12 13:43:06,140 INFO  EvoClassLoader - Instrumenting class 'org.apache.hadoop.metrics2.lib.MutableRollingAverages'.
2024-11-12 13:43:06,140 INFO  MethodCallReplacementClassAdapter - Adding mock interface to class org/apache/hadoop/metrics2/lib/MutableRollingAverages
2024-11-12 13:43:06,141 INFO  CreateClassResetClassAdapter - Found static initializer in class org/apache/hadoop/metrics2/lib/MutableRollingAverages
2024-11-12 13:43:06,141 INFO  EvoClassLoader - Keeping class: org.apache.hadoop.metrics2.lib.MutableRollingAverages
2024-11-12 13:43:06,141 INFO  EvoClassLoader - Seeing class for first time: org.apache.hadoop.metrics2.lib.MethodMetric
2024-11-12 13:43:06,141 INFO  EvoClassLoader - Instrumenting class 'org.apache.hadoop.metrics2.lib.MethodMetric'.
2024-11-12 13:43:06,142 INFO  MethodCallReplacementClassAdapter - Adding mock interface to class org/apache/hadoop/metrics2/lib/MethodMetric
2024-11-12 13:43:06,142 INFO  CreateClassResetClassAdapter - Found static initializer in class org/apache/hadoop/metrics2/lib/MethodMetric
2024-11-12 13:43:06,142 INFO  EvoClassLoader - Keeping class: org.apache.hadoop.metrics2.lib.MethodMetric
2024-11-12 13:43:06,143 INFO  EvoClassLoader - Seeing class for first time: org.apache.hadoop.util.ReflectionUtils
2024-11-12 13:43:06,143 INFO  EvoClassLoader - Instrumenting class 'org.apache.hadoop.util.ReflectionUtils'.
2024-11-12 13:43:06,143 INFO  MethodCallReplacementClassAdapter - Adding mock interface to class org/apache/hadoop/util/ReflectionUtils
2024-11-12 13:43:06,146 INFO  CreateClassResetClassAdapter - Found static initializer in class org/apache/hadoop/util/ReflectionUtils
2024-11-12 13:43:06,147 INFO  EvoClassLoader - Keeping class: org.apache.hadoop.util.ReflectionUtils
2024-11-12 13:43:06,150 INFO  EvoClassLoader - Seeing class for first time: org.apache.hadoop.security.UserGroupInformation$LoginParams
2024-11-12 13:43:06,150 INFO  EvoClassLoader - Instrumenting class 'org.apache.hadoop.security.UserGroupInformation$LoginParams'.
2024-11-12 13:43:06,150 INFO  MethodCallReplacementClassAdapter - Adding mock interface to class org/apache/hadoop/security/UserGroupInformation$LoginParams
2024-11-12 13:43:06,150 INFO  CreateClassResetClassAdapter - Creating brand-new static initializer in class org/apache/hadoop/security/UserGroupInformation$LoginParams
2024-11-12 13:43:06,151 INFO  EvoClassLoader - Keeping class: org.apache.hadoop.security.UserGroupInformation$LoginParams
2024-11-12 13:43:06,151 INFO  EvoClassLoader - Seeing class for first time: org.apache.hadoop.security.UserGroupInformation$LoginParam
2024-11-12 13:43:06,151 INFO  EvoClassLoader - Instrumenting class 'org.apache.hadoop.security.UserGroupInformation$LoginParam'.
2024-11-12 13:43:06,151 INFO  MethodCallReplacementClassAdapter - Adding mock interface to class org/apache/hadoop/security/UserGroupInformation$LoginParam
2024-11-12 13:43:06,151 INFO  CreateClassResetClassAdapter - Found static initializer in class org/apache/hadoop/security/UserGroupInformation$LoginParam
2024-11-12 13:43:06,151 INFO  EvoClassLoader - Keeping class: org.apache.hadoop.security.UserGroupInformation$LoginParam
2024-11-12 13:43:06,151 INFO  EvoClassLoader - Seeing class for first time: org.apache.hadoop.security.UserGroupInformation$RealUser
2024-11-12 13:43:06,151 INFO  EvoClassLoader - Instrumenting class 'org.apache.hadoop.security.UserGroupInformation$RealUser'.
2024-11-12 13:43:06,152 INFO  MethodCallReplacementClassAdapter - Adding mock interface to class org/apache/hadoop/security/UserGroupInformation$RealUser
2024-11-12 13:43:06,152 INFO  CreateClassResetClassAdapter - Creating brand-new static initializer in class org/apache/hadoop/security/UserGroupInformation$RealUser
2024-11-12 13:43:06,152 INFO  EvoClassLoader - Keeping class: org.apache.hadoop.security.UserGroupInformation$RealUser
2024-11-12 13:43:06,152 INFO  EvoClassLoader - Seeing class for first time: org.apache.hadoop.metrics2.impl.MsInfo
2024-11-12 13:43:06,152 INFO  EvoClassLoader - Instrumenting class 'org.apache.hadoop.metrics2.impl.MsInfo'.
2024-11-12 13:43:06,152 INFO  MethodCallReplacementClassAdapter - Adding mock interface to class org/apache/hadoop/metrics2/impl/MsInfo
2024-11-12 13:43:06,152 INFO  CreateClassResetClassAdapter - Found static initializer in class org/apache/hadoop/metrics2/impl/MsInfo
2024-11-12 13:43:06,152 INFO  EvoClassLoader - Keeping class: org.apache.hadoop.metrics2.impl.MsInfo
2024-11-12 13:43:06,152 INFO  EvoClassLoader - Seeing class for first time: org.apache.hadoop.metrics2.lib.Interns$Tags
2024-11-12 13:43:06,152 INFO  EvoClassLoader - Instrumenting class 'org.apache.hadoop.metrics2.lib.Interns$Tags'.
2024-11-12 13:43:06,153 INFO  MethodCallReplacementClassAdapter - Adding mock interface to class org/apache/hadoop/metrics2/lib/Interns$Tags
2024-11-12 13:43:06,153 INFO  CreateClassResetClassAdapter - Found static initializer in class org/apache/hadoop/metrics2/lib/Interns$Tags
2024-11-12 13:43:06,153 INFO  EvoClassLoader - Keeping class: org.apache.hadoop.metrics2.lib.Interns$Tags
2024-11-12 13:43:06,153 INFO  EvoClassLoader - Seeing class for first time: org.apache.hadoop.metrics2.annotation.Metric$Type
2024-11-12 13:43:06,153 INFO  EvoClassLoader - Instrumenting class 'org.apache.hadoop.metrics2.annotation.Metric$Type'.
2024-11-12 13:43:06,153 INFO  MethodCallReplacementClassAdapter - Adding mock interface to class org/apache/hadoop/metrics2/annotation/Metric$Type
2024-11-12 13:43:06,153 INFO  CreateClassResetClassAdapter - Found static initializer in class org/apache/hadoop/metrics2/annotation/Metric$Type
2024-11-12 13:43:06,153 INFO  EvoClassLoader - Keeping class: org.apache.hadoop.metrics2.annotation.Metric$Type
2024-11-12 13:43:06,156 INFO  EvoClassLoader - Seeing class for first time: org.apache.commons.cli.Option
2024-11-12 13:43:06,156 INFO  EvoClassLoader - Instrumenting class 'org.apache.commons.cli.Option'.
2024-11-12 13:43:06,156 INFO  MethodCallReplacementClassAdapter - Adding mock interface to class org/apache/commons/cli/Option
2024-11-12 13:43:06,156 INFO  CreateClassResetClassAdapter - Creating brand-new static initializer in class org/apache/commons/cli/Option
2024-11-12 13:43:06,156 INFO  CreateClassResetClassAdapter - Adding bytecode for initializing field UNINITIALIZED
2024-11-12 13:43:06,156 INFO  CreateClassResetClassAdapter - Adding bytecode for initializing field UNLIMITED_VALUES
2024-11-12 13:43:06,157 INFO  EvoClassLoader - Keeping class: org.apache.commons.cli.Option
2024-11-12 13:43:06,157 INFO  EvoClassLoader - Seeing class for first time: org.apache.hadoop.net.DomainNameResolver
2024-11-12 13:43:06,157 INFO  EvoClassLoader - Instrumenting class 'org.apache.hadoop.net.DomainNameResolver'.
2024-11-12 13:43:06,157 INFO  EvoClassLoader - Keeping class: org.apache.hadoop.net.DomainNameResolver
2024-11-12 13:43:06,158 INFO  EvoClassLoader - Seeing class for first time: org.apache.hadoop.fs.FileSystem$Cache$Key
2024-11-12 13:43:06,158 INFO  EvoClassLoader - Instrumenting class 'org.apache.hadoop.fs.FileSystem$Cache$Key'.
2024-11-12 13:43:06,158 INFO  MethodCallReplacementClassAdapter - Adding mock interface to class org/apache/hadoop/fs/FileSystem$Cache$Key
2024-11-12 13:43:06,158 INFO  CreateClassResetClassAdapter - Creating brand-new static initializer in class org/apache/hadoop/fs/FileSystem$Cache$Key
2024-11-12 13:43:06,158 INFO  EvoClassLoader - Keeping class: org.apache.hadoop.fs.FileSystem$Cache$Key
2024-11-12 13:43:06,158 INFO  EvoClassLoader - Seeing class for first time: org.apache.hadoop.security.SecurityInfo
2024-11-12 13:43:06,158 INFO  EvoClassLoader - Instrumenting class 'org.apache.hadoop.security.SecurityInfo'.
2024-11-12 13:43:06,158 INFO  MethodCallReplacementClassAdapter - Adding mock interface to class org/apache/hadoop/security/SecurityInfo
2024-11-12 13:43:06,158 INFO  CreateClassResetClassAdapter - Creating brand-new static initializer in class org/apache/hadoop/security/SecurityInfo
2024-11-12 13:43:06,158 INFO  EvoClassLoader - Keeping class: org.apache.hadoop.security.SecurityInfo
2024-11-12 13:43:06,159 INFO  EvoClassLoader - Seeing class for first time: org.apache.hadoop.security.token.TokenInfo
2024-11-12 13:43:06,159 INFO  EvoClassLoader - Instrumenting class 'org.apache.hadoop.security.token.TokenInfo'.
2024-11-12 13:43:06,159 INFO  EvoClassLoader - Keeping class: org.apache.hadoop.security.token.TokenInfo
2024-11-12 13:43:06,160 INFO  EvoClassLoader - Seeing class for first time: org.apache.hadoop.hdfs.tools.DFSAdmin$RollingUpgradeCommand
2024-11-12 13:43:06,160 INFO  EvoClassLoader - Instrumenting class 'org.apache.hadoop.hdfs.tools.DFSAdmin$RollingUpgradeCommand'.
2024-11-12 13:43:06,160 INFO  MethodCallReplacementClassAdapter - Adding mock interface to class org/apache/hadoop/hdfs/tools/DFSAdmin$RollingUpgradeCommand
2024-11-12 13:43:06,160 INFO  CreateClassResetClassAdapter - Creating brand-new static initializer in class org/apache/hadoop/hdfs/tools/DFSAdmin$RollingUpgradeCommand
2024-11-12 13:43:06,160 INFO  CreateClassResetClassAdapter - Adding bytecode for initializing field NAME
2024-11-12 13:43:06,160 INFO  CreateClassResetClassAdapter - Adding bytecode for initializing field USAGE
2024-11-12 13:43:06,160 INFO  CreateClassResetClassAdapter - Adding bytecode for initializing field DESCRIPTION
2024-11-12 13:43:06,160 INFO  EvoClassLoader - Keeping class: org.apache.hadoop.hdfs.tools.DFSAdmin$RollingUpgradeCommand
2024-11-12 13:43:06,161 INFO  EvoClassLoader - Seeing class for first time: org.apache.commons.cli.Options
2024-11-12 13:43:06,161 INFO  EvoClassLoader - Instrumenting class 'org.apache.commons.cli.Options'.
2024-11-12 13:43:06,161 INFO  MethodCallReplacementClassAdapter - Adding mock interface to class org/apache/commons/cli/Options
2024-11-12 13:43:06,161 INFO  CreateClassResetClassAdapter - Creating brand-new static initializer in class org/apache/commons/cli/Options
2024-11-12 13:43:06,161 INFO  EvoClassLoader - Keeping class: org.apache.commons.cli.Options
2024-11-12 13:43:06,162 INFO  EvoClassLoader - Seeing class for first time: org.apache.hadoop.util.PerformanceAdvisory
2024-11-12 13:43:06,162 INFO  EvoClassLoader - Instrumenting class 'org.apache.hadoop.util.PerformanceAdvisory'.
2024-11-12 13:43:06,162 INFO  MethodCallReplacementClassAdapter - Adding mock interface to class org/apache/hadoop/util/PerformanceAdvisory
2024-11-12 13:43:06,163 INFO  CreateClassResetClassAdapter - Found static initializer in class org/apache/hadoop/util/PerformanceAdvisory
2024-11-12 13:43:06,163 INFO  EvoClassLoader - Keeping class: org.apache.hadoop.util.PerformanceAdvisory
2024-11-12 13:43:06,163 INFO  EvoClassLoader - Seeing class for first time: org.apache.hadoop.util.ToolRunner
2024-11-12 13:43:06,163 INFO  EvoClassLoader - Instrumenting class 'org.apache.hadoop.util.ToolRunner'.
2024-11-12 13:43:06,163 INFO  MethodCallReplacementClassAdapter - Adding mock interface to class org/apache/hadoop/util/ToolRunner
2024-11-12 13:43:06,163 INFO  CreateClassResetClassAdapter - Creating brand-new static initializer in class org/apache/hadoop/util/ToolRunner
2024-11-12 13:43:06,163 INFO  EvoClassLoader - Keeping class: org.apache.hadoop.util.ToolRunner
2024-11-12 13:43:06,164 INFO  EvoClassLoader - Seeing class for first time: org.apache.hadoop.ipc.RemoteException
2024-11-12 13:43:06,164 INFO  EvoClassLoader - Instrumenting class 'org.apache.hadoop.ipc.RemoteException'.
2024-11-12 13:43:06,164 INFO  MethodCallReplacementClassAdapter - Adding mock interface to class org/apache/hadoop/ipc/RemoteException
2024-11-12 13:43:06,164 INFO  CreateClassResetClassAdapter - Creating brand-new static initializer in class org/apache/hadoop/ipc/RemoteException
2024-11-12 13:43:06,164 INFO  CreateClassResetClassAdapter - Adding bytecode for initializing field UNSPECIFIED_ERROR
2024-11-12 13:43:06,164 INFO  EvoClassLoader - Keeping class: org.apache.hadoop.ipc.RemoteException
2024-11-12 13:43:06,164 INFO  EvoClassLoader - Seeing class for first time: org.apache.hadoop.security.authentication.util.KerberosUtil
2024-11-12 13:43:06,164 INFO  EvoClassLoader - Instrumenting class 'org.apache.hadoop.security.authentication.util.KerberosUtil'.
2024-11-12 13:43:06,165 INFO  MethodCallReplacementClassAdapter - Adding mock interface to class org/apache/hadoop/security/authentication/util/KerberosUtil
2024-11-12 13:43:06,166 INFO  CreateClassResetClassAdapter - Found static initializer in class org/apache/hadoop/security/authentication/util/KerberosUtil
2024-11-12 13:43:06,167 INFO  EvoClassLoader - Keeping class: org.apache.hadoop.security.authentication.util.KerberosUtil
2024-11-12 13:43:06,167 INFO  EvoClassLoader - Seeing class for first time: org.ietf.jgss.GSSException
2024-11-12 13:43:06,167 INFO  EvoClassLoader - Instrumenting class 'org.ietf.jgss.GSSException'.
2024-11-12 13:43:06,167 INFO  MethodCallReplacementClassAdapter - Adding mock interface to class org/ietf/jgss/GSSException
2024-11-12 13:43:06,167 INFO  CreateClassResetClassAdapter - Found static initializer in class org/ietf/jgss/GSSException
2024-11-12 13:43:06,167 INFO  EvoClassLoader - Defined package (3): package org.ietf.jgss, 438637363
2024-11-12 13:43:06,167 INFO  EvoClassLoader - Keeping class: org.ietf.jgss.GSSException
2024-11-12 13:43:06,168 INFO  EvoClassLoader - Seeing class for first time: org.ietf.jgss.Oid
2024-11-12 13:43:06,168 INFO  EvoClassLoader - Instrumenting class 'org.ietf.jgss.Oid'.
2024-11-12 13:43:06,168 INFO  MethodCallReplacementClassAdapter - Adding mock interface to class org/ietf/jgss/Oid
2024-11-12 13:43:06,168 INFO  CreateClassResetClassAdapter - Creating brand-new static initializer in class org/ietf/jgss/Oid
2024-11-12 13:43:06,168 INFO  EvoClassLoader - Keeping class: org.ietf.jgss.Oid
2024-11-12 13:43:06,169 INFO  EvoClassLoader - Seeing class for first time: org.apache.hadoop.security.SecurityUtil$TruststoreKeystore
2024-11-12 13:43:06,169 INFO  EvoClassLoader - Instrumenting class 'org.apache.hadoop.security.SecurityUtil$TruststoreKeystore'.
2024-11-12 13:43:06,169 INFO  MethodCallReplacementClassAdapter - Adding mock interface to class org/apache/hadoop/security/SecurityUtil$TruststoreKeystore
2024-11-12 13:43:06,169 INFO  CreateClassResetClassAdapter - Creating brand-new static initializer in class org/apache/hadoop/security/SecurityUtil$TruststoreKeystore
2024-11-12 13:43:06,170 INFO  EvoClassLoader - Keeping class: org.apache.hadoop.security.SecurityUtil$TruststoreKeystore
2024-11-12 13:43:06,170 INFO  EvoClassLoader - Seeing class for first time: org.apache.hadoop.security.SecurityUtil
2024-11-12 13:43:06,170 INFO  EvoClassLoader - Instrumenting class 'org.apache.hadoop.security.SecurityUtil'.
2024-11-12 13:43:06,170 INFO  MethodCallReplacementClassAdapter - Adding mock interface to class org/apache/hadoop/security/SecurityUtil
2024-11-12 13:43:06,172 INFO  CreateClassResetClassAdapter - Found static initializer in class org/apache/hadoop/security/SecurityUtil
2024-11-12 13:43:06,173 INFO  EvoClassLoader - Keeping class: org.apache.hadoop.security.SecurityUtil
2024-11-12 13:43:06,269 INFO  EvoClassLoader - Seeing class for first time: org.apache.hadoop.net.DNSDomainNameResolver
2024-11-12 13:43:06,269 INFO  EvoClassLoader - Instrumenting class 'org.apache.hadoop.net.DNSDomainNameResolver'.
2024-11-12 13:43:06,269 INFO  MethodCallReplacementClassAdapter - Adding mock interface to class org/apache/hadoop/net/DNSDomainNameResolver
2024-11-12 13:43:06,269 INFO  CreateClassResetClassAdapter - Found static initializer in class org/apache/hadoop/net/DNSDomainNameResolver
2024-11-12 13:43:06,269 INFO  EvoClassLoader - Keeping class: org.apache.hadoop.net.DNSDomainNameResolver
2024-11-12 13:43:06,270 INFO  EvoClassLoader - Seeing class for first time: org.apache.hadoop.mapred.JobConf
2024-11-12 13:43:06,270 INFO  EvoClassLoader - Instrumenting class 'org.apache.hadoop.mapred.JobConf'.
2024-11-12 13:43:06,271 INFO  EvoClassLoader - Error while loading class: java.lang.ClassNotFoundException: Class 'org/apache/hadoop/mapred/JobConf.class' should be in target project, but could not be found!
2024-11-12 13:43:06,271 INFO  EvoClassLoader - Seeing class for first time: org.apache.hadoop.hdfs.tools.DFSAdmin$ClearSpaceQuotaCommand
2024-11-12 13:43:06,271 INFO  EvoClassLoader - Instrumenting class 'org.apache.hadoop.hdfs.tools.DFSAdmin$ClearSpaceQuotaCommand'.
2024-11-12 13:43:06,271 INFO  MethodCallReplacementClassAdapter - Adding mock interface to class org/apache/hadoop/hdfs/tools/DFSAdmin$ClearSpaceQuotaCommand
2024-11-12 13:43:06,272 INFO  CreateClassResetClassAdapter - Creating brand-new static initializer in class org/apache/hadoop/hdfs/tools/DFSAdmin$ClearSpaceQuotaCommand
2024-11-12 13:43:06,272 INFO  CreateClassResetClassAdapter - Adding bytecode for initializing field NAME
2024-11-12 13:43:06,272 INFO  CreateClassResetClassAdapter - Adding bytecode for initializing field USAGE
2024-11-12 13:43:06,272 INFO  CreateClassResetClassAdapter - Adding bytecode for initializing field DESCRIPTION
2024-11-12 13:43:06,272 INFO  EvoClassLoader - Keeping class: org.apache.hadoop.hdfs.tools.DFSAdmin$ClearSpaceQuotaCommand
2024-11-12 13:43:06,273 INFO  EvoClassLoader - Seeing class for first time: org.apache.hadoop.hdfs.protocol.HdfsConstants$SafeModeAction
2024-11-12 13:43:06,273 INFO  EvoClassLoader - Instrumenting class 'org.apache.hadoop.hdfs.protocol.HdfsConstants$SafeModeAction'.
2024-11-12 13:43:06,273 INFO  MethodCallReplacementClassAdapter - Adding mock interface to class org/apache/hadoop/hdfs/protocol/HdfsConstants$SafeModeAction
2024-11-12 13:43:06,274 INFO  CreateClassResetClassAdapter - Found static initializer in class org/apache/hadoop/hdfs/protocol/HdfsConstants$SafeModeAction
2024-11-12 13:43:06,274 INFO  EvoClassLoader - Keeping class: org.apache.hadoop.hdfs.protocol.HdfsConstants$SafeModeAction
2024-11-12 13:43:06,274 INFO  EvoClassLoader - Seeing class for first time: org.apache.hadoop.thirdparty.com.google.common.cache.LocalCache$KeySet
2024-11-12 13:43:06,274 INFO  EvoClassLoader - Instrumenting class 'org.apache.hadoop.thirdparty.com.google.common.cache.LocalCache$KeySet'.
2024-11-12 13:43:06,274 INFO  MethodCallReplacementClassAdapter - Adding mock interface to class org/apache/hadoop/thirdparty/com/google/common/cache/LocalCache$KeySet
2024-11-12 13:43:06,275 INFO  CreateClassResetClassAdapter - Creating brand-new static initializer in class org/apache/hadoop/thirdparty/com/google/common/cache/LocalCache$KeySet
2024-11-12 13:43:06,275 INFO  EvoClassLoader - Keeping class: org.apache.hadoop.thirdparty.com.google.common.cache.LocalCache$KeySet
2024-11-12 13:43:06,275 INFO  EvoClassLoader - Seeing class for first time: org.apache.hadoop.fs.QuotaUsage$Builder
2024-11-12 13:43:06,275 INFO  EvoClassLoader - Instrumenting class 'org.apache.hadoop.fs.QuotaUsage$Builder'.
2024-11-12 13:43:06,276 INFO  MethodCallReplacementClassAdapter - Adding mock interface to class org/apache/hadoop/fs/QuotaUsage$Builder
2024-11-12 13:43:06,276 INFO  CreateClassResetClassAdapter - Creating brand-new static initializer in class org/apache/hadoop/fs/QuotaUsage$Builder
2024-11-12 13:43:06,276 INFO  EvoClassLoader - Keeping class: org.apache.hadoop.fs.QuotaUsage$Builder
2024-11-12 13:43:06,276 INFO  EvoClassLoader - Seeing class for first time: org.apache.hadoop.fs.ContentSummary$Builder
2024-11-12 13:43:06,276 INFO  EvoClassLoader - Instrumenting class 'org.apache.hadoop.fs.ContentSummary$Builder'.
2024-11-12 13:43:06,276 INFO  MethodCallReplacementClassAdapter - Adding mock interface to class org/apache/hadoop/fs/ContentSummary$Builder
2024-11-12 13:43:06,277 INFO  CreateClassResetClassAdapter - Creating brand-new static initializer in class org/apache/hadoop/fs/ContentSummary$Builder
2024-11-12 13:43:06,277 INFO  EvoClassLoader - Keeping class: org.apache.hadoop.fs.ContentSummary$Builder
2024-11-12 13:43:06,277 INFO  EvoClassLoader - Seeing class for first time: org.apache.zookeeper.client.ZKClientConfig
2024-11-12 13:43:06,277 INFO  EvoClassLoader - Instrumenting class 'org.apache.zookeeper.client.ZKClientConfig'.
2024-11-12 13:43:06,278 INFO  MethodCallReplacementClassAdapter - Adding mock interface to class org/apache/zookeeper/client/ZKClientConfig
2024-11-12 13:43:06,278 INFO  CreateClassResetClassAdapter - Creating brand-new static initializer in class org/apache/zookeeper/client/ZKClientConfig
2024-11-12 13:43:06,278 INFO  CreateClassResetClassAdapter - Adding bytecode for initializing field ZK_SASL_CLIENT_USERNAME
2024-11-12 13:43:06,278 INFO  CreateClassResetClassAdapter - Adding bytecode for initializing field ZK_SASL_CLIENT_USERNAME_DEFAULT
2024-11-12 13:43:06,278 INFO  CreateClassResetClassAdapter - Adding bytecode for initializing field ZK_SASL_CLIENT_CANONICALIZE_HOSTNAME
2024-11-12 13:43:06,278 INFO  CreateClassResetClassAdapter - Adding bytecode for initializing field ZK_SASL_CLIENT_CANONICALIZE_HOSTNAME_DEFAULT
2024-11-12 13:43:06,278 INFO  CreateClassResetClassAdapter - Adding bytecode for initializing field LOGIN_CONTEXT_NAME_KEY
2024-11-12 13:43:06,278 INFO  CreateClassResetClassAdapter - Adding bytecode for initializing field LOGIN_CONTEXT_NAME_KEY_DEFAULT
2024-11-12 13:43:06,278 INFO  CreateClassResetClassAdapter - Adding bytecode for initializing field ENABLE_CLIENT_SASL_KEY
2024-11-12 13:43:06,278 INFO  CreateClassResetClassAdapter - Adding bytecode for initializing field ENABLE_CLIENT_SASL_DEFAULT
2024-11-12 13:43:06,278 INFO  CreateClassResetClassAdapter - Adding bytecode for initializing field ZOOKEEPER_SERVER_REALM
2024-11-12 13:43:06,278 INFO  CreateClassResetClassAdapter - Adding bytecode for initializing field DISABLE_AUTO_WATCH_RESET
2024-11-12 13:43:06,278 INFO  CreateClassResetClassAdapter - Adding bytecode for initializing field ZOOKEEPER_CLIENT_CNXN_SOCKET
2024-11-12 13:43:06,278 INFO  CreateClassResetClassAdapter - Adding bytecode for initializing field SECURE_CLIENT
2024-11-12 13:43:06,278 INFO  CreateClassResetClassAdapter - Adding bytecode for initializing field CLIENT_MAX_PACKET_LENGTH_DEFAULT
2024-11-12 13:43:06,278 INFO  CreateClassResetClassAdapter - Adding bytecode for initializing field ZOOKEEPER_REQUEST_TIMEOUT
2024-11-12 13:43:06,278 INFO  CreateClassResetClassAdapter - Adding bytecode for initializing field ZOOKEEPER_SERVER_PRINCIPAL
2024-11-12 13:43:06,278 INFO  CreateClassResetClassAdapter - Adding bytecode for initializing field ZOOKEEPER_REQUEST_TIMEOUT_DEFAULT
2024-11-12 13:43:06,278 INFO  EvoClassLoader - Defined package (3): package org.apache.zookeeper.client, -1115293629
2024-11-12 13:43:06,278 INFO  EvoClassLoader - Keeping class: org.apache.zookeeper.client.ZKClientConfig
2024-11-12 13:43:06,279 INFO  EvoClassLoader - Seeing class for first time: org.apache.hadoop.security.token.Token
2024-11-12 13:43:06,279 INFO  EvoClassLoader - Instrumenting class 'org.apache.hadoop.security.token.Token'.
2024-11-12 13:43:06,279 INFO  MethodCallReplacementClassAdapter - Adding mock interface to class org/apache/hadoop/security/token/Token
2024-11-12 13:43:06,281 INFO  CreateClassResetClassAdapter - Found static initializer in class org/apache/hadoop/security/token/Token
2024-11-12 13:43:06,282 INFO  EvoClassLoader - Keeping class: org.apache.hadoop.security.token.Token
2024-11-12 13:43:06,282 INFO  EvoClassLoader - Seeing class for first time: org.apache.hadoop.security.token.TokenRenewer
2024-11-12 13:43:06,282 INFO  EvoClassLoader - Instrumenting class 'org.apache.hadoop.security.token.TokenRenewer'.
2024-11-12 13:43:06,282 INFO  MethodCallReplacementClassAdapter - Adding mock interface to class org/apache/hadoop/security/token/TokenRenewer
2024-11-12 13:43:06,282 INFO  CreateClassResetClassAdapter - Creating brand-new static initializer in class org/apache/hadoop/security/token/TokenRenewer
2024-11-12 13:43:06,282 INFO  EvoClassLoader - Keeping class: org.apache.hadoop.security.token.TokenRenewer
2024-11-12 13:43:06,282 INFO  EvoClassLoader - Seeing class for first time: org.apache.hadoop.security.token.Token$TrivialRenewer
2024-11-12 13:43:06,282 INFO  EvoClassLoader - Instrumenting class 'org.apache.hadoop.security.token.Token$TrivialRenewer'.
2024-11-12 13:43:06,283 INFO  MethodCallReplacementClassAdapter - Adding mock interface to class org/apache/hadoop/security/token/Token$TrivialRenewer
2024-11-12 13:43:06,283 INFO  CreateClassResetClassAdapter - Creating brand-new static initializer in class org/apache/hadoop/security/token/Token$TrivialRenewer
2024-11-12 13:43:06,283 INFO  EvoClassLoader - Keeping class: org.apache.hadoop.security.token.Token$TrivialRenewer
2024-11-12 13:43:06,283 INFO  EvoClassLoader - Seeing class for first time: org.apache.hadoop.security.token.Token$PrivateToken
2024-11-12 13:43:06,283 INFO  EvoClassLoader - Instrumenting class 'org.apache.hadoop.security.token.Token$PrivateToken'.
2024-11-12 13:43:06,283 INFO  MethodCallReplacementClassAdapter - Adding mock interface to class org/apache/hadoop/security/token/Token$PrivateToken
2024-11-12 13:43:06,283 INFO  CreateClassResetClassAdapter - Found static initializer in class org/apache/hadoop/security/token/Token$PrivateToken
2024-11-12 13:43:06,283 INFO  EvoClassLoader - Keeping class: org.apache.hadoop.security.token.Token$PrivateToken
2024-11-12 13:43:06,284 INFO  EvoClassLoader - Seeing class for first time: org.apache.hadoop.ipc.CallerContext$CurrentCallerContextHolder
2024-11-12 13:43:06,284 INFO  EvoClassLoader - Instrumenting class 'org.apache.hadoop.ipc.CallerContext$CurrentCallerContextHolder'.
2024-11-12 13:43:06,284 INFO  MethodCallReplacementClassAdapter - Adding mock interface to class org/apache/hadoop/ipc/CallerContext$CurrentCallerContextHolder
2024-11-12 13:43:06,284 INFO  CreateClassResetClassAdapter - Found static initializer in class org/apache/hadoop/ipc/CallerContext$CurrentCallerContextHolder
2024-11-12 13:43:06,284 INFO  EvoClassLoader - Keeping class: org.apache.hadoop.ipc.CallerContext$CurrentCallerContextHolder
2024-11-12 13:43:06,284 INFO  EvoClassLoader - Seeing class for first time: org.apache.hadoop.thirdparty.protobuf.NioByteString$1
2024-11-12 13:43:06,284 INFO  EvoClassLoader - Instrumenting class 'org.apache.hadoop.thirdparty.protobuf.NioByteString$1'.
2024-11-12 13:43:06,284 INFO  MethodCallReplacementClassAdapter - Adding mock interface to class org/apache/hadoop/thirdparty/protobuf/NioByteString$1
2024-11-12 13:43:06,286 INFO  EvoClassLoader - Keeping class: org.apache.hadoop.thirdparty.protobuf.NioByteString$1
2024-11-12 13:43:06,286 INFO  EvoClassLoader - Seeing class for first time: org.apache.hadoop.classification.InterfaceAudience$LimitedPrivate
2024-11-12 13:43:06,286 INFO  EvoClassLoader - Instrumenting class 'org.apache.hadoop.classification.InterfaceAudience$LimitedPrivate'.
2024-11-12 13:43:06,287 INFO  EvoClassLoader - Keeping class: org.apache.hadoop.classification.InterfaceAudience$LimitedPrivate
2024-11-12 13:43:06,288 INFO  EvoClassLoader - Seeing class for first time: org.apache.hadoop.metrics2.lib.MethodMetric$3
2024-11-12 13:43:06,288 INFO  EvoClassLoader - Instrumenting class 'org.apache.hadoop.metrics2.lib.MethodMetric$3'.
2024-11-12 13:43:06,289 INFO  MethodCallReplacementClassAdapter - Adding mock interface to class org/apache/hadoop/metrics2/lib/MethodMetric$3
2024-11-12 13:43:06,289 INFO  EvoClassLoader - Keeping class: org.apache.hadoop.metrics2.lib.MethodMetric$3
2024-11-12 13:43:06,289 INFO  EvoClassLoader - Seeing class for first time: org.apache.hadoop.metrics2.lib.MethodMetric$1
2024-11-12 13:43:06,289 INFO  EvoClassLoader - Instrumenting class 'org.apache.hadoop.metrics2.lib.MethodMetric$1'.
2024-11-12 13:43:06,290 INFO  MethodCallReplacementClassAdapter - Adding mock interface to class org/apache/hadoop/metrics2/lib/MethodMetric$1
2024-11-12 13:43:06,290 INFO  EvoClassLoader - Keeping class: org.apache.hadoop.metrics2.lib.MethodMetric$1
2024-11-12 13:43:06,290 INFO  EvoClassLoader - Seeing class for first time: org.apache.hadoop.metrics2.lib.MethodMetric$2
2024-11-12 13:43:06,290 INFO  EvoClassLoader - Instrumenting class 'org.apache.hadoop.metrics2.lib.MethodMetric$2'.
2024-11-12 13:43:06,291 INFO  MethodCallReplacementClassAdapter - Adding mock interface to class org/apache/hadoop/metrics2/lib/MethodMetric$2
2024-11-12 13:43:06,291 INFO  EvoClassLoader - Keeping class: org.apache.hadoop.metrics2.lib.MethodMetric$2
2024-11-12 13:43:06,292 INFO  EvoClassLoader - Seeing class for first time: org.apache.hadoop.security.HadoopKerberosName$1
2024-11-12 13:43:06,292 INFO  EvoClassLoader - Instrumenting class 'org.apache.hadoop.security.HadoopKerberosName$1'.
2024-11-12 13:43:06,292 INFO  MethodCallReplacementClassAdapter - Adding mock interface to class org/apache/hadoop/security/HadoopKerberosName$1
2024-11-12 13:43:06,292 INFO  EvoClassLoader - Keeping class: org.apache.hadoop.security.HadoopKerberosName$1
2024-11-12 13:43:06,293 INFO  EvoClassLoader - Seeing class for first time: org.apache.hadoop.hdfs.protocol.ReconfigurationProtocol
2024-11-12 13:43:06,293 INFO  EvoClassLoader - Instrumenting class 'org.apache.hadoop.hdfs.protocol.ReconfigurationProtocol'.
2024-11-12 13:43:06,293 INFO  EvoClassLoader - Keeping class: org.apache.hadoop.hdfs.protocol.ReconfigurationProtocol
2024-11-12 13:43:06,294 INFO  EvoClassLoader - Seeing class for first time: org.codehaus.stax2.XMLStreamLocation2$1
2024-11-12 13:43:06,294 INFO  EvoClassLoader - Instrumenting class 'org.codehaus.stax2.XMLStreamLocation2$1'.
2024-11-12 13:43:06,295 INFO  MethodCallReplacementClassAdapter - Adding mock interface to class org/codehaus/stax2/XMLStreamLocation2$1
2024-11-12 13:43:06,295 INFO  EvoClassLoader - Keeping class: org.codehaus.stax2.XMLStreamLocation2$1
2024-11-12 13:43:06,295 INFO  EvoClassLoader - Seeing class for first time: org.apache.hadoop.classification.InterfaceStability$Unstable
2024-11-12 13:43:06,295 INFO  EvoClassLoader - Instrumenting class 'org.apache.hadoop.classification.InterfaceStability$Unstable'.
2024-11-12 13:43:06,295 INFO  EvoClassLoader - Keeping class: org.apache.hadoop.classification.InterfaceStability$Unstable
2024-11-12 13:43:06,296 INFO  EvoClassLoader - Seeing class for first time: org.apache.hadoop.hdfs.tools.DFSAdmin
2024-11-12 13:43:06,296 INFO  EvoClassLoader - Instrumenting class 'org.apache.hadoop.hdfs.tools.DFSAdmin'.
2024-11-12 13:43:06,298 INFO  MethodCallReplacementClassAdapter - Adding mock interface to class org/apache/hadoop/hdfs/tools/DFSAdmin
2024-11-12 13:43:06,305 INFO  CreateClassResetClassAdapter - Found static initializer in class org/apache/hadoop/hdfs/tools/DFSAdmin
2024-11-12 13:43:06,306 INFO  EvoClassLoader - Keeping class: org.apache.hadoop.hdfs.tools.DFSAdmin
2024-11-12 13:43:06,309 INFO  EvoClassLoader - Seeing class for first time: org.apache.hadoop.fs.RawLocalFileSystem
2024-11-12 13:43:06,309 INFO  EvoClassLoader - Instrumenting class 'org.apache.hadoop.fs.RawLocalFileSystem'.
2024-11-12 13:43:06,309 INFO  MethodCallReplacementClassAdapter - Adding mock interface to class org/apache/hadoop/fs/RawLocalFileSystem
2024-11-12 13:43:06,312 INFO  CreateClassResetClassAdapter - Found static initializer in class org/apache/hadoop/fs/RawLocalFileSystem
2024-11-12 13:43:06,313 INFO  EvoClassLoader - Keeping class: org.apache.hadoop.fs.RawLocalFileSystem
2024-11-12 13:43:06,313 INFO  EvoClassLoader - Seeing class for first time: org.apache.hadoop.fs.FileSystem$Statistics
2024-11-12 13:43:06,313 INFO  EvoClassLoader - Instrumenting class 'org.apache.hadoop.fs.FileSystem$Statistics'.
2024-11-12 13:43:06,314 INFO  MethodCallReplacementClassAdapter - Adding mock interface to class org/apache/hadoop/fs/FileSystem$Statistics
2024-11-12 13:43:06,314 INFO  CreateClassResetClassAdapter - Found static initializer in class org/apache/hadoop/fs/FileSystem$Statistics
2024-11-12 13:43:06,315 INFO  EvoClassLoader - Keeping class: org.apache.hadoop.fs.FileSystem$Statistics
2024-11-12 13:43:06,315 INFO  EvoClassLoader - Seeing class for first time: org.apache.hadoop.fs.FileStatus
2024-11-12 13:43:06,315 INFO  EvoClassLoader - Instrumenting class 'org.apache.hadoop.fs.FileStatus'.
2024-11-12 13:43:06,315 INFO  MethodCallReplacementClassAdapter - Adding mock interface to class org/apache/hadoop/fs/FileStatus
2024-11-12 13:43:06,316 INFO  CreateClassResetClassAdapter - Found static initializer in class org/apache/hadoop/fs/FileStatus
2024-11-12 13:43:06,317 INFO  EvoClassLoader - Keeping class: org.apache.hadoop.fs.FileStatus
2024-11-12 13:43:06,317 INFO  EvoClassLoader - Seeing class for first time: org.apache.hadoop.fs.BlockLocation
2024-11-12 13:43:06,317 INFO  EvoClassLoader - Instrumenting class 'org.apache.hadoop.fs.BlockLocation'.
2024-11-12 13:43:06,317 INFO  MethodCallReplacementClassAdapter - Adding mock interface to class org/apache/hadoop/fs/BlockLocation
2024-11-12 13:43:06,317 INFO  CreateClassResetClassAdapter - Found static initializer in class org/apache/hadoop/fs/BlockLocation
2024-11-12 13:43:06,317 INFO  EvoClassLoader - Keeping class: org.apache.hadoop.fs.BlockLocation
2024-11-12 13:43:06,317 INFO  EvoClassLoader - Seeing class for first time: org.apache.hadoop.fs.FsServerDefaults
2024-11-12 13:43:06,317 INFO  EvoClassLoader - Instrumenting class 'org.apache.hadoop.fs.FsServerDefaults'.
2024-11-12 13:43:06,318 INFO  MethodCallReplacementClassAdapter - Adding mock interface to class org/apache/hadoop/fs/FsServerDefaults
2024-11-12 13:43:06,318 INFO  CreateClassResetClassAdapter - Found static initializer in class org/apache/hadoop/fs/FsServerDefaults
2024-11-12 13:43:06,318 INFO  EvoClassLoader - Keeping class: org.apache.hadoop.fs.FsServerDefaults
2024-11-12 13:43:06,318 INFO  EvoClassLoader - Seeing class for first time: org.apache.hadoop.fs.Options$HandleOpt
2024-11-12 13:43:06,318 INFO  EvoClassLoader - Instrumenting class 'org.apache.hadoop.fs.Options$HandleOpt'.
2024-11-12 13:43:06,318 INFO  MethodCallReplacementClassAdapter - Adding mock interface to class org/apache/hadoop/fs/Options$HandleOpt
2024-11-12 13:43:06,318 INFO  CreateClassResetClassAdapter - Creating brand-new static initializer in class org/apache/hadoop/fs/Options$HandleOpt
2024-11-12 13:43:06,319 INFO  EvoClassLoader - Keeping class: org.apache.hadoop.fs.Options$HandleOpt
2024-11-12 13:43:06,319 INFO  EvoClassLoader - Seeing class for first time: org.apache.hadoop.util.Progressable
2024-11-12 13:43:06,319 INFO  EvoClassLoader - Instrumenting class 'org.apache.hadoop.util.Progressable'.
2024-11-12 13:43:06,319 INFO  EvoClassLoader - Keeping class: org.apache.hadoop.util.Progressable
2024-11-12 13:43:06,319 INFO  EvoClassLoader - Seeing class for first time: org.apache.hadoop.fs.Options$ChecksumOpt
2024-11-12 13:43:06,319 INFO  EvoClassLoader - Instrumenting class 'org.apache.hadoop.fs.Options$ChecksumOpt'.
2024-11-12 13:43:06,319 INFO  MethodCallReplacementClassAdapter - Adding mock interface to class org/apache/hadoop/fs/Options$ChecksumOpt
2024-11-12 13:43:06,319 INFO  CreateClassResetClassAdapter - Creating brand-new static initializer in class org/apache/hadoop/fs/Options$ChecksumOpt
2024-11-12 13:43:06,319 INFO  EvoClassLoader - Keeping class: org.apache.hadoop.fs.Options$ChecksumOpt
2024-11-12 13:43:06,319 INFO  EvoClassLoader - Seeing class for first time: org.apache.hadoop.fs.StorageType
2024-11-12 13:43:06,319 INFO  EvoClassLoader - Instrumenting class 'org.apache.hadoop.fs.StorageType'.
2024-11-12 13:43:06,320 INFO  MethodCallReplacementClassAdapter - Adding mock interface to class org/apache/hadoop/fs/StorageType
2024-11-12 13:43:06,320 INFO  CreateClassResetClassAdapter - Found static initializer in class org/apache/hadoop/fs/StorageType
2024-11-12 13:43:06,320 INFO  EvoClassLoader - Keeping class: org.apache.hadoop.fs.StorageType
2024-11-12 13:43:06,320 INFO  EvoClassLoader - Seeing class for first time: org.apache.hadoop.fs.FileSystem$DirectoryEntries
2024-11-12 13:43:06,320 INFO  EvoClassLoader - Instrumenting class 'org.apache.hadoop.fs.FileSystem$DirectoryEntries'.
2024-11-12 13:43:06,320 INFO  MethodCallReplacementClassAdapter - Adding mock interface to class org/apache/hadoop/fs/FileSystem$DirectoryEntries
2024-11-12 13:43:06,320 INFO  CreateClassResetClassAdapter - Creating brand-new static initializer in class org/apache/hadoop/fs/FileSystem$DirectoryEntries
2024-11-12 13:43:06,320 INFO  EvoClassLoader - Keeping class: org.apache.hadoop.fs.FileSystem$DirectoryEntries
2024-11-12 13:43:06,320 INFO  EvoClassLoader - Seeing class for first time: org.apache.hadoop.fs.FileChecksum
2024-11-12 13:43:06,320 INFO  EvoClassLoader - Instrumenting class 'org.apache.hadoop.fs.FileChecksum'.
2024-11-12 13:43:06,320 INFO  MethodCallReplacementClassAdapter - Adding mock interface to class org/apache/hadoop/fs/FileChecksum
2024-11-12 13:43:06,321 INFO  CreateClassResetClassAdapter - Creating brand-new static initializer in class org/apache/hadoop/fs/FileChecksum
2024-11-12 13:43:06,321 INFO  EvoClassLoader - Keeping class: org.apache.hadoop.fs.FileChecksum
2024-11-12 13:43:06,321 INFO  EvoClassLoader - Seeing class for first time: org.apache.hadoop.fs.FsStatus
2024-11-12 13:43:06,321 INFO  EvoClassLoader - Instrumenting class 'org.apache.hadoop.fs.FsStatus'.
2024-11-12 13:43:06,321 INFO  MethodCallReplacementClassAdapter - Adding mock interface to class org/apache/hadoop/fs/FsStatus
2024-11-12 13:43:06,321 INFO  CreateClassResetClassAdapter - Creating brand-new static initializer in class org/apache/hadoop/fs/FsStatus
2024-11-12 13:43:06,321 INFO  EvoClassLoader - Keeping class: org.apache.hadoop.fs.FsStatus
2024-11-12 13:43:06,321 INFO  EvoClassLoader - Seeing class for first time: org.apache.hadoop.fs.permission.AclStatus
2024-11-12 13:43:06,321 INFO  EvoClassLoader - Instrumenting class 'org.apache.hadoop.fs.permission.AclStatus'.
2024-11-12 13:43:06,321 INFO  MethodCallReplacementClassAdapter - Adding mock interface to class org/apache/hadoop/fs/permission/AclStatus
2024-11-12 13:43:06,321 INFO  CreateClassResetClassAdapter - Creating brand-new static initializer in class org/apache/hadoop/fs/permission/AclStatus
2024-11-12 13:43:06,321 INFO  EvoClassLoader - Keeping class: org.apache.hadoop.fs.permission.AclStatus
2024-11-12 13:43:06,321 INFO  EvoClassLoader - Seeing class for first time: org.apache.hadoop.fs.BlockStoragePolicySpi
2024-11-12 13:43:06,321 INFO  EvoClassLoader - Instrumenting class 'org.apache.hadoop.fs.BlockStoragePolicySpi'.
2024-11-12 13:43:06,322 INFO  EvoClassLoader - Keeping class: org.apache.hadoop.fs.BlockStoragePolicySpi
2024-11-12 13:43:06,322 INFO  EvoClassLoader - Seeing class for first time: org.apache.hadoop.fs.GlobalStorageStatistics
2024-11-12 13:43:06,322 INFO  EvoClassLoader - Instrumenting class 'org.apache.hadoop.fs.GlobalStorageStatistics'.
2024-11-12 13:43:06,322 INFO  MethodCallReplacementClassAdapter - Adding mock interface to class org/apache/hadoop/fs/GlobalStorageStatistics
2024-11-12 13:43:06,323 INFO  CreateClassResetClassAdapter - Found static initializer in class org/apache/hadoop/fs/GlobalStorageStatistics
2024-11-12 13:43:06,323 INFO  EvoClassLoader - Keeping class: org.apache.hadoop.fs.GlobalStorageStatistics
2024-11-12 13:43:06,323 INFO  EvoClassLoader - Seeing class for first time: org.apache.hadoop.fs.impl.OpenFileParameters
2024-11-12 13:43:06,323 INFO  EvoClassLoader - Instrumenting class 'org.apache.hadoop.fs.impl.OpenFileParameters'.
2024-11-12 13:43:06,323 INFO  MethodCallReplacementClassAdapter - Adding mock interface to class org/apache/hadoop/fs/impl/OpenFileParameters
2024-11-12 13:43:06,323 INFO  CreateClassResetClassAdapter - Creating brand-new static initializer in class org/apache/hadoop/fs/impl/OpenFileParameters
2024-11-12 13:43:06,323 INFO  EvoClassLoader - Keeping class: org.apache.hadoop.fs.impl.OpenFileParameters
2024-11-12 13:43:06,324 INFO  EvoClassLoader - Seeing class for first time: org.apache.hadoop.fs.Options$Rename
2024-11-12 13:43:06,324 INFO  EvoClassLoader - Instrumenting class 'org.apache.hadoop.fs.Options$Rename'.
2024-11-12 13:43:06,324 INFO  MethodCallReplacementClassAdapter - Adding mock interface to class org/apache/hadoop/fs/Options$Rename
2024-11-12 13:43:06,324 INFO  CreateClassResetClassAdapter - Found static initializer in class org/apache/hadoop/fs/Options$Rename
2024-11-12 13:43:06,324 INFO  EvoClassLoader - Keeping class: org.apache.hadoop.fs.Options$Rename
2024-11-12 13:43:06,324 INFO  EvoClassLoader - Seeing class for first time: org.apache.commons.lang3.function.ToBooleanBiFunction
2024-11-12 13:43:06,324 INFO  EvoClassLoader - Instrumenting class 'org.apache.commons.lang3.function.ToBooleanBiFunction'.
2024-11-12 13:43:06,324 INFO  EvoClassLoader - Defined package (3): package org.apache.commons.lang3.function, 835977597
2024-11-12 13:43:06,325 INFO  EvoClassLoader - Keeping class: org.apache.commons.lang3.function.ToBooleanBiFunction
2024-11-12 13:43:06,325 INFO  EvoClassLoader - Seeing class for first time: org.apache.hadoop.security.alias.CredentialProvider
2024-11-12 13:43:06,325 INFO  EvoClassLoader - Instrumenting class 'org.apache.hadoop.security.alias.CredentialProvider'.
2024-11-12 13:43:06,325 INFO  MethodCallReplacementClassAdapter - Adding mock interface to class org/apache/hadoop/security/alias/CredentialProvider
2024-11-12 13:43:06,325 INFO  CreateClassResetClassAdapter - Creating brand-new static initializer in class org/apache/hadoop/security/alias/CredentialProvider
2024-11-12 13:43:06,325 INFO  CreateClassResetClassAdapter - Adding bytecode for initializing field CLEAR_TEXT_FALLBACK
2024-11-12 13:43:06,325 INFO  EvoClassLoader - Defined package (3): package org.apache.hadoop.security.alias, -558591691
2024-11-12 13:43:06,325 INFO  EvoClassLoader - Keeping class: org.apache.hadoop.security.alias.CredentialProvider
2024-11-12 13:43:06,325 INFO  EvoClassLoader - Seeing class for first time: org.apache.hadoop.security.alias.CredentialProvider$CredentialEntry
2024-11-12 13:43:06,325 INFO  EvoClassLoader - Instrumenting class 'org.apache.hadoop.security.alias.CredentialProvider$CredentialEntry'.
2024-11-12 13:43:06,325 INFO  MethodCallReplacementClassAdapter - Adding mock interface to class org/apache/hadoop/security/alias/CredentialProvider$CredentialEntry
2024-11-12 13:43:06,325 INFO  CreateClassResetClassAdapter - Creating brand-new static initializer in class org/apache/hadoop/security/alias/CredentialProvider$CredentialEntry
2024-11-12 13:43:06,326 INFO  EvoClassLoader - Keeping class: org.apache.hadoop.security.alias.CredentialProvider$CredentialEntry
2024-11-12 13:43:06,326 INFO  EvoClassLoader - Seeing class for first time: org.apache.hadoop.conf.ConfigRedactor
2024-11-12 13:43:06,326 INFO  EvoClassLoader - Instrumenting class 'org.apache.hadoop.conf.ConfigRedactor'.
2024-11-12 13:43:06,326 INFO  MethodCallReplacementClassAdapter - Adding mock interface to class org/apache/hadoop/conf/ConfigRedactor
2024-11-12 13:43:06,326 INFO  CreateClassResetClassAdapter - Creating brand-new static initializer in class org/apache/hadoop/conf/ConfigRedactor
2024-11-12 13:43:06,326 INFO  CreateClassResetClassAdapter - Adding bytecode for initializing field REDACTED_TEXT
2024-11-12 13:43:06,326 INFO  CreateClassResetClassAdapter - Adding bytecode for initializing field REDACTED_XML
2024-11-12 13:43:06,326 INFO  EvoClassLoader - Keeping class: org.apache.hadoop.conf.ConfigRedactor
2024-11-12 13:43:06,326 INFO  EvoClassLoader - Seeing class for first time: com.fasterxml.jackson.core.JsonGenerator
2024-11-12 13:43:06,326 INFO  EvoClassLoader - Instrumenting class 'com.fasterxml.jackson.core.JsonGenerator'.
2024-11-12 13:43:06,326 INFO  MethodCallReplacementClassAdapter - Adding mock interface to class com/fasterxml/jackson/core/JsonGenerator
2024-11-12 13:43:06,328 INFO  CreateClassResetClassAdapter - Found static initializer in class com/fasterxml/jackson/core/JsonGenerator
2024-11-12 13:43:06,328 INFO  EvoClassLoader - Defined package (3): package com.fasterxml.jackson.core, 1215208167
2024-11-12 13:43:06,328 INFO  EvoClassLoader - Seeing class for first time: com.fasterxml.jackson.core.Versioned
2024-11-12 13:43:06,328 INFO  EvoClassLoader - Instrumenting class 'com.fasterxml.jackson.core.Versioned'.
2024-11-12 13:43:06,329 INFO  EvoClassLoader - Keeping class: com.fasterxml.jackson.core.Versioned
2024-11-12 13:43:06,329 INFO  EvoClassLoader - Keeping class: com.fasterxml.jackson.core.JsonGenerator
2024-11-12 13:43:06,329 INFO  EvoClassLoader - Seeing class for first time: org.apache.hadoop.thirdparty.protobuf.CodedOutputStream
2024-11-12 13:43:06,329 INFO  EvoClassLoader - Instrumenting class 'org.apache.hadoop.thirdparty.protobuf.CodedOutputStream'.
2024-11-12 13:43:06,330 INFO  MethodCallReplacementClassAdapter - Adding mock interface to class org/apache/hadoop/thirdparty/protobuf/CodedOutputStream
2024-11-12 13:43:06,331 INFO  CreateClassResetClassAdapter - Found static initializer in class org/apache/hadoop/thirdparty/protobuf/CodedOutputStream
2024-11-12 13:43:06,332 INFO  EvoClassLoader - Keeping class: org.apache.hadoop.thirdparty.protobuf.CodedOutputStream
2024-11-12 13:43:06,332 INFO  EvoClassLoader - Seeing class for first time: org.apache.hadoop.thirdparty.protobuf.MessageLite$Builder
2024-11-12 13:43:06,332 INFO  EvoClassLoader - Instrumenting class 'org.apache.hadoop.thirdparty.protobuf.MessageLite$Builder'.
2024-11-12 13:43:06,333 INFO  EvoClassLoader - Seeing class for first time: org.apache.hadoop.thirdparty.protobuf.MessageLiteOrBuilder
2024-11-12 13:43:06,333 INFO  EvoClassLoader - Instrumenting class 'org.apache.hadoop.thirdparty.protobuf.MessageLiteOrBuilder'.
2024-11-12 13:43:06,333 INFO  EvoClassLoader - Keeping class: org.apache.hadoop.thirdparty.protobuf.MessageLiteOrBuilder
2024-11-12 13:43:06,333 INFO  EvoClassLoader - Keeping class: org.apache.hadoop.thirdparty.protobuf.MessageLite$Builder
2024-11-12 13:43:06,333 INFO  EvoClassLoader - Seeing class for first time: org.apache.hadoop.thirdparty.protobuf.ExtensionRegistryLite
2024-11-12 13:43:06,333 INFO  EvoClassLoader - Instrumenting class 'org.apache.hadoop.thirdparty.protobuf.ExtensionRegistryLite'.
2024-11-12 13:43:06,333 INFO  MethodCallReplacementClassAdapter - Adding mock interface to class org/apache/hadoop/thirdparty/protobuf/ExtensionRegistryLite
2024-11-12 13:43:06,334 INFO  CreateClassResetClassAdapter - Found static initializer in class org/apache/hadoop/thirdparty/protobuf/ExtensionRegistryLite
2024-11-12 13:43:06,334 INFO  EvoClassLoader - Keeping class: org.apache.hadoop.thirdparty.protobuf.ExtensionRegistryLite
2024-11-12 13:43:06,334 INFO  EvoClassLoader - Seeing class for first time: org.apache.hadoop.thirdparty.protobuf.Parser
2024-11-12 13:43:06,334 INFO  EvoClassLoader - Instrumenting class 'org.apache.hadoop.thirdparty.protobuf.Parser'.
2024-11-12 13:43:06,334 INFO  EvoClassLoader - Keeping class: org.apache.hadoop.thirdparty.protobuf.Parser
2024-11-12 13:43:06,334 INFO  EvoClassLoader - Seeing class for first time: org.apache.hadoop.thirdparty.protobuf.MessageLite
2024-11-12 13:43:06,334 INFO  EvoClassLoader - Instrumenting class 'org.apache.hadoop.thirdparty.protobuf.MessageLite'.
2024-11-12 13:43:06,335 INFO  EvoClassLoader - Keeping class: org.apache.hadoop.thirdparty.protobuf.MessageLite
2024-11-12 13:43:06,335 INFO  EvoClassLoader - Seeing class for first time: org.apache.hadoop.security.Credentials$SerializedFormat
2024-11-12 13:43:06,335 INFO  EvoClassLoader - Instrumenting class 'org.apache.hadoop.security.Credentials$SerializedFormat'.
2024-11-12 13:43:06,335 INFO  MethodCallReplacementClassAdapter - Adding mock interface to class org/apache/hadoop/security/Credentials$SerializedFormat
2024-11-12 13:43:06,335 INFO  CreateClassResetClassAdapter - Found static initializer in class org/apache/hadoop/security/Credentials$SerializedFormat
2024-11-12 13:43:06,335 INFO  EvoClassLoader - Keeping class: org.apache.hadoop.security.Credentials$SerializedFormat
2024-11-12 13:43:06,335 INFO  EvoClassLoader - Seeing class for first time: org.codehaus.stax2.typed.Base64Variant
2024-11-12 13:43:06,335 INFO  EvoClassLoader - Instrumenting class 'org.codehaus.stax2.typed.Base64Variant'.
2024-11-12 13:43:06,336 INFO  MethodCallReplacementClassAdapter - Adding mock interface to class org/codehaus/stax2/typed/Base64Variant
2024-11-12 13:43:06,336 INFO  CreateClassResetClassAdapter - Creating brand-new static initializer in class org/codehaus/stax2/typed/Base64Variant
2024-11-12 13:43:06,336 INFO  CreateClassResetClassAdapter - Adding bytecode for initializing field PADDING_CHAR_NONE
2024-11-12 13:43:06,336 INFO  CreateClassResetClassAdapter - Adding bytecode for initializing field BASE64_VALUE_INVALID
2024-11-12 13:43:06,336 INFO  CreateClassResetClassAdapter - Adding bytecode for initializing field BASE64_VALUE_PADDING
2024-11-12 13:43:06,336 INFO  EvoClassLoader - Keeping class: org.codehaus.stax2.typed.Base64Variant
2024-11-12 13:43:06,336 INFO  EvoClassLoader - Seeing class for first time: org.codehaus.stax2.ri.typed.ValueDecoderFactory
2024-11-12 13:43:06,336 INFO  EvoClassLoader - Instrumenting class 'org.codehaus.stax2.ri.typed.ValueDecoderFactory'.
2024-11-12 13:43:06,337 INFO  MethodCallReplacementClassAdapter - Adding mock interface to class org/codehaus/stax2/ri/typed/ValueDecoderFactory
2024-11-12 13:43:06,337 INFO  CreateClassResetClassAdapter - Creating brand-new static initializer in class org/codehaus/stax2/ri/typed/ValueDecoderFactory
2024-11-12 13:43:06,337 INFO  EvoClassLoader - Keeping class: org.codehaus.stax2.ri.typed.ValueDecoderFactory
2024-11-12 13:43:06,337 INFO  EvoClassLoader - Seeing class for first time: org.codehaus.stax2.ri.typed.CharArrayBase64Decoder
2024-11-12 13:43:06,337 INFO  EvoClassLoader - Instrumenting class 'org.codehaus.stax2.ri.typed.CharArrayBase64Decoder'.
2024-11-12 13:43:06,337 INFO  MethodCallReplacementClassAdapter - Adding mock interface to class org/codehaus/stax2/ri/typed/CharArrayBase64Decoder
2024-11-12 13:43:06,338 INFO  CreateClassResetClassAdapter - Creating brand-new static initializer in class org/codehaus/stax2/ri/typed/CharArrayBase64Decoder
2024-11-12 13:43:06,338 INFO  EvoClassLoader - Seeing class for first time: org.codehaus.stax2.ri.typed.Base64DecoderBase
2024-11-12 13:43:06,338 INFO  EvoClassLoader - Instrumenting class 'org.codehaus.stax2.ri.typed.Base64DecoderBase'.
2024-11-12 13:43:06,338 INFO  MethodCallReplacementClassAdapter - Adding mock interface to class org/codehaus/stax2/ri/typed/Base64DecoderBase
2024-11-12 13:43:06,339 INFO  CreateClassResetClassAdapter - Creating brand-new static initializer in class org/codehaus/stax2/ri/typed/Base64DecoderBase
2024-11-12 13:43:06,339 INFO  CreateClassResetClassAdapter - Adding bytecode for initializing field STATE_INITIAL
2024-11-12 13:43:06,339 INFO  CreateClassResetClassAdapter - Adding bytecode for initializing field STATE_VALID_1
2024-11-12 13:43:06,339 INFO  CreateClassResetClassAdapter - Adding bytecode for initializing field STATE_VALID_2
2024-11-12 13:43:06,339 INFO  CreateClassResetClassAdapter - Adding bytecode for initializing field STATE_VALID_3
2024-11-12 13:43:06,339 INFO  CreateClassResetClassAdapter - Adding bytecode for initializing field STATE_OUTPUT_3
2024-11-12 13:43:06,339 INFO  CreateClassResetClassAdapter - Adding bytecode for initializing field STATE_OUTPUT_2
2024-11-12 13:43:06,339 INFO  CreateClassResetClassAdapter - Adding bytecode for initializing field STATE_OUTPUT_1
2024-11-12 13:43:06,339 INFO  CreateClassResetClassAdapter - Adding bytecode for initializing field STATE_VALID_2_AND_PADDING
2024-11-12 13:43:06,339 INFO  CreateClassResetClassAdapter - Adding bytecode for initializing field INT_SPACE
2024-11-12 13:43:06,339 INFO  EvoClassLoader - Keeping class: org.codehaus.stax2.ri.typed.Base64DecoderBase
2024-11-12 13:43:06,339 INFO  EvoClassLoader - Keeping class: org.codehaus.stax2.ri.typed.CharArrayBase64Decoder
2024-11-12 13:43:06,339 INFO  EvoClassLoader - Seeing class for first time: org.codehaus.stax2.validation.XMLValidationProblem
2024-11-12 13:43:06,339 INFO  EvoClassLoader - Instrumenting class 'org.codehaus.stax2.validation.XMLValidationProblem'.
2024-11-12 13:43:06,340 INFO  MethodCallReplacementClassAdapter - Adding mock interface to class org/codehaus/stax2/validation/XMLValidationProblem
2024-11-12 13:43:06,340 INFO  CreateClassResetClassAdapter - Creating brand-new static initializer in class org/codehaus/stax2/validation/XMLValidationProblem
2024-11-12 13:43:06,340 INFO  CreateClassResetClassAdapter - Adding bytecode for initializing field SEVERITY_WARNING
2024-11-12 13:43:06,340 INFO  CreateClassResetClassAdapter - Adding bytecode for initializing field SEVERITY_ERROR
2024-11-12 13:43:06,340 INFO  CreateClassResetClassAdapter - Adding bytecode for initializing field SEVERITY_FATAL
2024-11-12 13:43:06,340 INFO  EvoClassLoader - Keeping class: org.codehaus.stax2.validation.XMLValidationProblem
2024-11-12 13:43:06,340 INFO  EvoClassLoader - Seeing class for first time: org.apache.commons.configuration2.interpol.ConfigurationInterpolator
2024-11-12 13:43:06,340 INFO  EvoClassLoader - Instrumenting class 'org.apache.commons.configuration2.interpol.ConfigurationInterpolator'.
2024-11-12 13:43:06,340 INFO  MethodCallReplacementClassAdapter - Adding mock interface to class org/apache/commons/configuration2/interpol/ConfigurationInterpolator
2024-11-12 13:43:06,341 INFO  CreateClassResetClassAdapter - Found static initializer in class org/apache/commons/configuration2/interpol/ConfigurationInterpolator
2024-11-12 13:43:06,341 INFO  EvoClassLoader - Defined package (3): package org.apache.commons.configuration2.interpol, -1880958649
2024-11-12 13:43:06,342 INFO  EvoClassLoader - Keeping class: org.apache.commons.configuration2.interpol.ConfigurationInterpolator
2024-11-12 13:43:06,342 INFO  EvoClassLoader - Seeing class for first time: org.apache.hadoop.thirdparty.com.google.common.base.Joiner$MapJoiner
2024-11-12 13:43:06,342 INFO  EvoClassLoader - Instrumenting class 'org.apache.hadoop.thirdparty.com.google.common.base.Joiner$MapJoiner'.
2024-11-12 13:43:06,342 INFO  MethodCallReplacementClassAdapter - Adding mock interface to class org/apache/hadoop/thirdparty/com/google/common/base/Joiner$MapJoiner
2024-11-12 13:43:06,342 INFO  CreateClassResetClassAdapter - Creating brand-new static initializer in class org/apache/hadoop/thirdparty/com/google/common/base/Joiner$MapJoiner
2024-11-12 13:43:06,343 INFO  EvoClassLoader - Keeping class: org.apache.hadoop.thirdparty.com.google.common.base.Joiner$MapJoiner
2024-11-12 13:43:06,343 INFO  EvoClassLoader - Seeing class for first time: org.apache.hadoop.thirdparty.com.google.common.cache.RemovalNotification
2024-11-12 13:43:06,343 INFO  EvoClassLoader - Instrumenting class 'org.apache.hadoop.thirdparty.com.google.common.cache.RemovalNotification'.
2024-11-12 13:43:06,343 INFO  MethodCallReplacementClassAdapter - Adding mock interface to class org/apache/hadoop/thirdparty/com/google/common/cache/RemovalNotification
2024-11-12 13:43:06,343 INFO  CreateClassResetClassAdapter - Creating brand-new static initializer in class org/apache/hadoop/thirdparty/com/google/common/cache/RemovalNotification
2024-11-12 13:43:06,343 INFO  EvoClassLoader - Keeping class: org.apache.hadoop.thirdparty.com.google.common.cache.RemovalNotification
2024-11-12 13:43:06,343 INFO  EvoClassLoader - Seeing class for first time: org.apache.hadoop.io.retry.RetryPolicy$RetryAction
2024-11-12 13:43:06,343 INFO  EvoClassLoader - Instrumenting class 'org.apache.hadoop.io.retry.RetryPolicy$RetryAction'.
2024-11-12 13:43:06,343 INFO  MethodCallReplacementClassAdapter - Adding mock interface to class org/apache/hadoop/io/retry/RetryPolicy$RetryAction
2024-11-12 13:43:06,344 INFO  CreateClassResetClassAdapter - Found static initializer in class org/apache/hadoop/io/retry/RetryPolicy$RetryAction
2024-11-12 13:43:06,344 INFO  EvoClassLoader - Keeping class: org.apache.hadoop.io.retry.RetryPolicy$RetryAction
2024-11-12 13:43:06,344 INFO  EvoClassLoader - Seeing class for first time: org.apache.hadoop.hdfs.protocol.ExtendedBlock
2024-11-12 13:43:06,344 INFO  EvoClassLoader - Instrumenting class 'org.apache.hadoop.hdfs.protocol.ExtendedBlock'.
2024-11-12 13:43:06,344 INFO  MethodCallReplacementClassAdapter - Adding mock interface to class org/apache/hadoop/hdfs/protocol/ExtendedBlock
2024-11-12 13:43:06,344 INFO  CreateClassResetClassAdapter - Creating brand-new static initializer in class org/apache/hadoop/hdfs/protocol/ExtendedBlock
2024-11-12 13:43:06,344 INFO  EvoClassLoader - Keeping class: org.apache.hadoop.hdfs.protocol.ExtendedBlock
2024-11-12 13:43:06,344 INFO  EvoClassLoader - Seeing class for first time: org.apache.hadoop.hdfs.protocol.BlockLocalPathInfo
2024-11-12 13:43:06,344 INFO  EvoClassLoader - Instrumenting class 'org.apache.hadoop.hdfs.protocol.BlockLocalPathInfo'.
2024-11-12 13:43:06,345 INFO  MethodCallReplacementClassAdapter - Adding mock interface to class org/apache/hadoop/hdfs/protocol/BlockLocalPathInfo
2024-11-12 13:43:06,345 INFO  CreateClassResetClassAdapter - Creating brand-new static initializer in class org/apache/hadoop/hdfs/protocol/BlockLocalPathInfo
2024-11-12 13:43:06,345 INFO  EvoClassLoader - Keeping class: org.apache.hadoop.hdfs.protocol.BlockLocalPathInfo
2024-11-12 13:43:06,345 INFO  EvoClassLoader - Seeing class for first time: org.apache.hadoop.hdfs.server.datanode.DiskBalancerWorkStatus
2024-11-12 13:43:06,345 INFO  EvoClassLoader - Instrumenting class 'org.apache.hadoop.hdfs.server.datanode.DiskBalancerWorkStatus'.
2024-11-12 13:43:06,345 INFO  MethodCallReplacementClassAdapter - Adding mock interface to class org/apache/hadoop/hdfs/server/datanode/DiskBalancerWorkStatus
2024-11-12 13:43:06,345 INFO  CreateClassResetClassAdapter - Found static initializer in class org/apache/hadoop/hdfs/server/datanode/DiskBalancerWorkStatus
2024-11-12 13:43:06,345 INFO  EvoClassLoader - Defined package (3): package org.apache.hadoop.hdfs.server.datanode, 2052922021
2024-11-12 13:43:06,345 INFO  EvoClassLoader - Keeping class: org.apache.hadoop.hdfs.server.datanode.DiskBalancerWorkStatus
2024-11-12 13:43:06,345 INFO  EvoClassLoader - Seeing class for first time: org.apache.hadoop.hdfs.client.BlockReportOptions
2024-11-12 13:43:06,345 INFO  EvoClassLoader - Instrumenting class 'org.apache.hadoop.hdfs.client.BlockReportOptions'.
2024-11-12 13:43:06,345 INFO  MethodCallReplacementClassAdapter - Adding mock interface to class org/apache/hadoop/hdfs/client/BlockReportOptions
2024-11-12 13:43:06,345 INFO  CreateClassResetClassAdapter - Creating brand-new static initializer in class org/apache/hadoop/hdfs/client/BlockReportOptions
2024-11-12 13:43:06,345 INFO  EvoClassLoader - Keeping class: org.apache.hadoop.hdfs.client.BlockReportOptions
2024-11-12 13:43:06,345 INFO  EvoClassLoader - Seeing class for first time: org.apache.hadoop.hdfs.protocol.DatanodeLocalInfo
2024-11-12 13:43:06,345 INFO  EvoClassLoader - Instrumenting class 'org.apache.hadoop.hdfs.protocol.DatanodeLocalInfo'.
2024-11-12 13:43:06,346 INFO  MethodCallReplacementClassAdapter - Adding mock interface to class org/apache/hadoop/hdfs/protocol/DatanodeLocalInfo
2024-11-12 13:43:06,346 INFO  CreateClassResetClassAdapter - Creating brand-new static initializer in class org/apache/hadoop/hdfs/protocol/DatanodeLocalInfo
2024-11-12 13:43:06,346 INFO  EvoClassLoader - Keeping class: org.apache.hadoop.hdfs.protocol.DatanodeLocalInfo
2024-11-12 13:43:06,346 INFO  EvoClassLoader - Seeing class for first time: org.codehaus.stax2.XMLStreamWriter2
2024-11-12 13:43:06,346 INFO  EvoClassLoader - Instrumenting class 'org.codehaus.stax2.XMLStreamWriter2'.
2024-11-12 13:43:06,346 INFO  EvoClassLoader - Seeing class for first time: org.codehaus.stax2.typed.TypedXMLStreamWriter
2024-11-12 13:43:06,346 INFO  EvoClassLoader - Instrumenting class 'org.codehaus.stax2.typed.TypedXMLStreamWriter'.
2024-11-12 13:43:06,347 INFO  EvoClassLoader - Keeping class: org.codehaus.stax2.typed.TypedXMLStreamWriter
2024-11-12 13:43:06,347 INFO  EvoClassLoader - Keeping class: org.codehaus.stax2.XMLStreamWriter2
2024-11-12 13:43:06,347 INFO  EvoClassLoader - Seeing class for first time: org.apache.commons.lang3.time.FastDateFormat
2024-11-12 13:43:06,347 INFO  EvoClassLoader - Instrumenting class 'org.apache.commons.lang3.time.FastDateFormat'.
2024-11-12 13:43:06,347 INFO  MethodCallReplacementClassAdapter - Adding mock interface to class org/apache/commons/lang3/time/FastDateFormat
2024-11-12 13:43:06,347 INFO  CreateClassResetClassAdapter - Found static initializer in class org/apache/commons/lang3/time/FastDateFormat
2024-11-12 13:43:06,348 INFO  EvoClassLoader - Defined package (3): package org.apache.commons.lang3.time, -377128206
2024-11-12 13:43:06,348 INFO  EvoClassLoader - Seeing class for first time: org.apache.commons.lang3.time.DateParser
2024-11-12 13:43:06,348 INFO  EvoClassLoader - Instrumenting class 'org.apache.commons.lang3.time.DateParser'.
2024-11-12 13:43:06,348 INFO  EvoClassLoader - Keeping class: org.apache.commons.lang3.time.DateParser
2024-11-12 13:43:06,348 INFO  EvoClassLoader - Seeing class for first time: org.apache.commons.lang3.time.DatePrinter
2024-11-12 13:43:06,348 INFO  EvoClassLoader - Instrumenting class 'org.apache.commons.lang3.time.DatePrinter'.
2024-11-12 13:43:06,348 INFO  EvoClassLoader - Keeping class: org.apache.commons.lang3.time.DatePrinter
2024-11-12 13:43:06,348 INFO  EvoClassLoader - Keeping class: org.apache.commons.lang3.time.FastDateFormat
2024-11-12 13:43:06,349 INFO  EvoClassLoader - Seeing class for first time: org.apache.hadoop.fs.BatchedRemoteIterator$BatchedEntries
2024-11-12 13:43:06,349 INFO  EvoClassLoader - Instrumenting class 'org.apache.hadoop.fs.BatchedRemoteIterator$BatchedEntries'.
2024-11-12 13:43:06,349 INFO  EvoClassLoader - Keeping class: org.apache.hadoop.fs.BatchedRemoteIterator$BatchedEntries
2024-11-12 13:43:06,349 INFO  EvoClassLoader - Seeing class for first time: org.apache.hadoop.hdfs.protocol.ErasureCodingPolicy
2024-11-12 13:43:06,349 INFO  EvoClassLoader - Instrumenting class 'org.apache.hadoop.hdfs.protocol.ErasureCodingPolicy'.
2024-11-12 13:43:06,349 INFO  MethodCallReplacementClassAdapter - Adding mock interface to class org/apache/hadoop/hdfs/protocol/ErasureCodingPolicy
2024-11-12 13:43:06,349 INFO  CreateClassResetClassAdapter - Creating brand-new static initializer in class org/apache/hadoop/hdfs/protocol/ErasureCodingPolicy
2024-11-12 13:43:06,350 INFO  EvoClassLoader - Keeping class: org.apache.hadoop.hdfs.protocol.ErasureCodingPolicy
2024-11-12 13:43:06,350 INFO  EvoClassLoader - Seeing class for first time: org.apache.hadoop.hdfs.protocol.CorruptFileBlocks
2024-11-12 13:43:06,350 INFO  EvoClassLoader - Instrumenting class 'org.apache.hadoop.hdfs.protocol.CorruptFileBlocks'.
2024-11-12 13:43:06,350 INFO  MethodCallReplacementClassAdapter - Adding mock interface to class org/apache/hadoop/hdfs/protocol/CorruptFileBlocks
2024-11-12 13:43:06,350 INFO  CreateClassResetClassAdapter - Creating brand-new static initializer in class org/apache/hadoop/hdfs/protocol/CorruptFileBlocks
2024-11-12 13:43:06,350 INFO  CreateClassResetClassAdapter - Adding bytecode for initializing field PRIME
2024-11-12 13:43:06,350 INFO  EvoClassLoader - Keeping class: org.apache.hadoop.hdfs.protocol.CorruptFileBlocks
2024-11-12 13:43:06,350 INFO  EvoClassLoader - Seeing class for first time: org.apache.hadoop.fs.XAttr
2024-11-12 13:43:06,350 INFO  EvoClassLoader - Instrumenting class 'org.apache.hadoop.fs.XAttr'.
2024-11-12 13:43:06,350 INFO  MethodCallReplacementClassAdapter - Adding mock interface to class org/apache/hadoop/fs/XAttr
2024-11-12 13:43:06,350 INFO  CreateClassResetClassAdapter - Creating brand-new static initializer in class org/apache/hadoop/fs/XAttr
2024-11-12 13:43:06,350 INFO  EvoClassLoader - Keeping class: org.apache.hadoop.fs.XAttr
2024-11-12 13:43:06,350 INFO  EvoClassLoader - Seeing class for first time: org.apache.hadoop.hdfs.protocol.BlockStoragePolicy
2024-11-12 13:43:06,350 INFO  EvoClassLoader - Instrumenting class 'org.apache.hadoop.hdfs.protocol.BlockStoragePolicy'.
2024-11-12 13:43:06,351 INFO  MethodCallReplacementClassAdapter - Adding mock interface to class org/apache/hadoop/hdfs/protocol/BlockStoragePolicy
2024-11-12 13:43:06,351 INFO  CreateClassResetClassAdapter - Found static initializer in class org/apache/hadoop/hdfs/protocol/BlockStoragePolicy
2024-11-12 13:43:06,351 INFO  EvoClassLoader - Keeping class: org.apache.hadoop.hdfs.protocol.BlockStoragePolicy
2024-11-12 13:43:06,351 INFO  EvoClassLoader - Seeing class for first time: org.apache.hadoop.hdfs.server.protocol.DatanodeStorageReport
2024-11-12 13:43:06,351 INFO  EvoClassLoader - Instrumenting class 'org.apache.hadoop.hdfs.server.protocol.DatanodeStorageReport'.
2024-11-12 13:43:06,351 INFO  MethodCallReplacementClassAdapter - Adding mock interface to class org/apache/hadoop/hdfs/server/protocol/DatanodeStorageReport
2024-11-12 13:43:06,351 INFO  CreateClassResetClassAdapter - Creating brand-new static initializer in class org/apache/hadoop/hdfs/server/protocol/DatanodeStorageReport
2024-11-12 13:43:06,351 INFO  EvoClassLoader - Defined package (3): package org.apache.hadoop.hdfs.server.protocol, -726077295
2024-11-12 13:43:06,352 INFO  EvoClassLoader - Keeping class: org.apache.hadoop.hdfs.server.protocol.DatanodeStorageReport
2024-11-12 13:43:06,352 INFO  EvoClassLoader - Seeing class for first time: org.apache.hadoop.ha.HAServiceProtocol$HAServiceState
2024-11-12 13:43:06,352 INFO  EvoClassLoader - Instrumenting class 'org.apache.hadoop.ha.HAServiceProtocol$HAServiceState'.
2024-11-12 13:43:06,352 INFO  MethodCallReplacementClassAdapter - Adding mock interface to class org/apache/hadoop/ha/HAServiceProtocol$HAServiceState
2024-11-12 13:43:06,352 INFO  CreateClassResetClassAdapter - Found static initializer in class org/apache/hadoop/ha/HAServiceProtocol$HAServiceState
2024-11-12 13:43:06,352 INFO  EvoClassLoader - Defined package (3): package org.apache.hadoop.ha, -40118132
2024-11-12 13:43:06,352 INFO  EvoClassLoader - Keeping class: org.apache.hadoop.ha.HAServiceProtocol$HAServiceState
2024-11-12 13:43:06,352 INFO  EvoClassLoader - Seeing class for first time: org.apache.hadoop.hdfs.protocol.RollingUpgradeInfo
2024-11-12 13:43:06,352 INFO  EvoClassLoader - Instrumenting class 'org.apache.hadoop.hdfs.protocol.RollingUpgradeInfo'.
2024-11-12 13:43:06,352 INFO  MethodCallReplacementClassAdapter - Adding mock interface to class org/apache/hadoop/hdfs/protocol/RollingUpgradeInfo
2024-11-12 13:43:06,352 INFO  CreateClassResetClassAdapter - Creating brand-new static initializer in class org/apache/hadoop/hdfs/protocol/RollingUpgradeInfo
2024-11-12 13:43:06,353 INFO  EvoClassLoader - Seeing class for first time: org.apache.hadoop.hdfs.protocol.RollingUpgradeStatus
2024-11-12 13:43:06,353 INFO  EvoClassLoader - Instrumenting class 'org.apache.hadoop.hdfs.protocol.RollingUpgradeStatus'.
2024-11-12 13:43:06,353 INFO  MethodCallReplacementClassAdapter - Adding mock interface to class org/apache/hadoop/hdfs/protocol/RollingUpgradeStatus
2024-11-12 13:43:06,353 INFO  CreateClassResetClassAdapter - Creating brand-new static initializer in class org/apache/hadoop/hdfs/protocol/RollingUpgradeStatus
2024-11-12 13:43:06,353 INFO  EvoClassLoader - Keeping class: org.apache.hadoop.hdfs.protocol.RollingUpgradeStatus
2024-11-12 13:43:06,353 INFO  EvoClassLoader - Keeping class: org.apache.hadoop.hdfs.protocol.RollingUpgradeInfo
2024-11-12 13:43:06,353 INFO  EvoClassLoader - Seeing class for first time: org.apache.hadoop.hdfs.protocol.SnapshottableDirectoryStatus
2024-11-12 13:43:06,353 INFO  EvoClassLoader - Instrumenting class 'org.apache.hadoop.hdfs.protocol.SnapshottableDirectoryStatus'.
2024-11-12 13:43:06,353 INFO  MethodCallReplacementClassAdapter - Adding mock interface to class org/apache/hadoop/hdfs/protocol/SnapshottableDirectoryStatus
2024-11-12 13:43:06,354 INFO  CreateClassResetClassAdapter - Found static initializer in class org/apache/hadoop/hdfs/protocol/SnapshottableDirectoryStatus
2024-11-12 13:43:06,355 INFO  EvoClassLoader - Keeping class: org.apache.hadoop.hdfs.protocol.SnapshottableDirectoryStatus
2024-11-12 13:43:06,355 INFO  EvoClassLoader - Seeing class for first time: org.apache.hadoop.hdfs.protocol.SnapshotStatus
2024-11-12 13:43:06,355 INFO  EvoClassLoader - Instrumenting class 'org.apache.hadoop.hdfs.protocol.SnapshotStatus'.
2024-11-12 13:43:06,355 INFO  MethodCallReplacementClassAdapter - Adding mock interface to class org/apache/hadoop/hdfs/protocol/SnapshotStatus
2024-11-12 13:43:06,355 INFO  CreateClassResetClassAdapter - Creating brand-new static initializer in class org/apache/hadoop/hdfs/protocol/SnapshotStatus
2024-11-12 13:43:06,356 INFO  EvoClassLoader - Keeping class: org.apache.hadoop.hdfs.protocol.SnapshotStatus
2024-11-12 13:43:06,356 INFO  EvoClassLoader - Seeing class for first time: org.apache.hadoop.hdfs.protocol.SnapshotDiffReport
2024-11-12 13:43:06,356 INFO  EvoClassLoader - Instrumenting class 'org.apache.hadoop.hdfs.protocol.SnapshotDiffReport'.
2024-11-12 13:43:06,356 INFO  MethodCallReplacementClassAdapter - Adding mock interface to class org/apache/hadoop/hdfs/protocol/SnapshotDiffReport
2024-11-12 13:43:06,356 INFO  CreateClassResetClassAdapter - Found static initializer in class org/apache/hadoop/hdfs/protocol/SnapshotDiffReport
2024-11-12 13:43:06,356 INFO  EvoClassLoader - Keeping class: org.apache.hadoop.hdfs.protocol.SnapshotDiffReport
2024-11-12 13:43:06,356 INFO  EvoClassLoader - Seeing class for first time: org.apache.hadoop.hdfs.protocol.SnapshotDiffReportListing
2024-11-12 13:43:06,356 INFO  EvoClassLoader - Instrumenting class 'org.apache.hadoop.hdfs.protocol.SnapshotDiffReportListing'.
2024-11-12 13:43:06,356 INFO  MethodCallReplacementClassAdapter - Adding mock interface to class org/apache/hadoop/hdfs/protocol/SnapshotDiffReportListing
2024-11-12 13:43:06,356 INFO  CreateClassResetClassAdapter - Creating brand-new static initializer in class org/apache/hadoop/hdfs/protocol/SnapshotDiffReportListing
2024-11-12 13:43:06,357 INFO  EvoClassLoader - Keeping class: org.apache.hadoop.hdfs.protocol.SnapshotDiffReportListing
2024-11-12 13:43:06,357 INFO  EvoClassLoader - Seeing class for first time: org.apache.hadoop.hdfs.protocol.CacheDirectiveInfo
2024-11-12 13:43:06,357 INFO  EvoClassLoader - Instrumenting class 'org.apache.hadoop.hdfs.protocol.CacheDirectiveInfo'.
2024-11-12 13:43:06,357 INFO  MethodCallReplacementClassAdapter - Adding mock interface to class org/apache/hadoop/hdfs/protocol/CacheDirectiveInfo
2024-11-12 13:43:06,357 INFO  CreateClassResetClassAdapter - Creating brand-new static initializer in class org/apache/hadoop/hdfs/protocol/CacheDirectiveInfo
2024-11-12 13:43:06,357 INFO  EvoClassLoader - Keeping class: org.apache.hadoop.hdfs.protocol.CacheDirectiveInfo
2024-11-12 13:43:06,357 INFO  EvoClassLoader - Seeing class for first time: org.apache.hadoop.hdfs.protocol.CachePoolInfo
2024-11-12 13:43:06,357 INFO  EvoClassLoader - Instrumenting class 'org.apache.hadoop.hdfs.protocol.CachePoolInfo'.
2024-11-12 13:43:06,357 INFO  MethodCallReplacementClassAdapter - Adding mock interface to class org/apache/hadoop/hdfs/protocol/CachePoolInfo
2024-11-12 13:43:06,358 INFO  CreateClassResetClassAdapter - Creating brand-new static initializer in class org/apache/hadoop/hdfs/protocol/CachePoolInfo
2024-11-12 13:43:06,358 INFO  CreateClassResetClassAdapter - Adding bytecode for initializing field RELATIVE_EXPIRY_NEVER
2024-11-12 13:43:06,358 INFO  CreateClassResetClassAdapter - Adding bytecode for initializing field DEFAULT_MAX_RELATIVE_EXPIRY
2024-11-12 13:43:06,358 INFO  CreateClassResetClassAdapter - Adding bytecode for initializing field LIMIT_UNLIMITED
2024-11-12 13:43:06,358 INFO  CreateClassResetClassAdapter - Adding bytecode for initializing field DEFAULT_LIMIT
2024-11-12 13:43:06,358 INFO  CreateClassResetClassAdapter - Adding bytecode for initializing field DEFAULT_REPLICATION_NUM
2024-11-12 13:43:06,358 INFO  EvoClassLoader - Keeping class: org.apache.hadoop.hdfs.protocol.CachePoolInfo
2024-11-12 13:43:06,358 INFO  EvoClassLoader - Seeing class for first time: org.apache.hadoop.hdfs.protocol.EncryptionZone
2024-11-12 13:43:06,358 INFO  EvoClassLoader - Instrumenting class 'org.apache.hadoop.hdfs.protocol.EncryptionZone'.
2024-11-12 13:43:06,358 INFO  MethodCallReplacementClassAdapter - Adding mock interface to class org/apache/hadoop/hdfs/protocol/EncryptionZone
2024-11-12 13:43:06,358 INFO  CreateClassResetClassAdapter - Creating brand-new static initializer in class org/apache/hadoop/hdfs/protocol/EncryptionZone
2024-11-12 13:43:06,358 INFO  EvoClassLoader - Keeping class: org.apache.hadoop.hdfs.protocol.EncryptionZone
2024-11-12 13:43:06,358 INFO  EvoClassLoader - Seeing class for first time: org.apache.hadoop.hdfs.protocol.HdfsConstants$ReencryptAction
2024-11-12 13:43:06,358 INFO  EvoClassLoader - Instrumenting class 'org.apache.hadoop.hdfs.protocol.HdfsConstants$ReencryptAction'.
2024-11-12 13:43:06,358 INFO  MethodCallReplacementClassAdapter - Adding mock interface to class org/apache/hadoop/hdfs/protocol/HdfsConstants$ReencryptAction
2024-11-12 13:43:06,358 INFO  CreateClassResetClassAdapter - Found static initializer in class org/apache/hadoop/hdfs/protocol/HdfsConstants$ReencryptAction
2024-11-12 13:43:06,358 INFO  EvoClassLoader - Keeping class: org.apache.hadoop.hdfs.protocol.HdfsConstants$ReencryptAction
2024-11-12 13:43:06,358 INFO  EvoClassLoader - Seeing class for first time: org.apache.hadoop.hdfs.protocol.ErasureCodingPolicyInfo
2024-11-12 13:43:06,358 INFO  EvoClassLoader - Instrumenting class 'org.apache.hadoop.hdfs.protocol.ErasureCodingPolicyInfo'.
2024-11-12 13:43:06,359 INFO  MethodCallReplacementClassAdapter - Adding mock interface to class org/apache/hadoop/hdfs/protocol/ErasureCodingPolicyInfo
2024-11-12 13:43:06,359 INFO  CreateClassResetClassAdapter - Creating brand-new static initializer in class org/apache/hadoop/hdfs/protocol/ErasureCodingPolicyInfo
2024-11-12 13:43:06,359 INFO  EvoClassLoader - Keeping class: org.apache.hadoop.hdfs.protocol.ErasureCodingPolicyInfo
2024-11-12 13:43:06,359 INFO  EvoClassLoader - Seeing class for first time: org.apache.hadoop.hdfs.protocol.AddErasureCodingPolicyResponse
2024-11-12 13:43:06,359 INFO  EvoClassLoader - Instrumenting class 'org.apache.hadoop.hdfs.protocol.AddErasureCodingPolicyResponse'.
2024-11-12 13:43:06,359 INFO  MethodCallReplacementClassAdapter - Adding mock interface to class org/apache/hadoop/hdfs/protocol/AddErasureCodingPolicyResponse
2024-11-12 13:43:06,359 INFO  CreateClassResetClassAdapter - Creating brand-new static initializer in class org/apache/hadoop/hdfs/protocol/AddErasureCodingPolicyResponse
2024-11-12 13:43:06,359 INFO  EvoClassLoader - Keeping class: org.apache.hadoop.hdfs.protocol.AddErasureCodingPolicyResponse
2024-11-12 13:43:06,359 INFO  EvoClassLoader - Seeing class for first time: org.apache.hadoop.hdfs.protocol.ECTopologyVerifierResult
2024-11-12 13:43:06,359 INFO  EvoClassLoader - Instrumenting class 'org.apache.hadoop.hdfs.protocol.ECTopologyVerifierResult'.
2024-11-12 13:43:06,359 INFO  MethodCallReplacementClassAdapter - Adding mock interface to class org/apache/hadoop/hdfs/protocol/ECTopologyVerifierResult
2024-11-12 13:43:06,359 INFO  CreateClassResetClassAdapter - Creating brand-new static initializer in class org/apache/hadoop/hdfs/protocol/ECTopologyVerifierResult
2024-11-12 13:43:06,359 INFO  EvoClassLoader - Keeping class: org.apache.hadoop.hdfs.protocol.ECTopologyVerifierResult
2024-11-12 13:43:06,359 INFO  EvoClassLoader - Seeing class for first time: org.apache.hadoop.hdfs.protocol.LocatedBlock
2024-11-12 13:43:06,359 INFO  EvoClassLoader - Instrumenting class 'org.apache.hadoop.hdfs.protocol.LocatedBlock'.
2024-11-12 13:43:06,360 INFO  MethodCallReplacementClassAdapter - Adding mock interface to class org/apache/hadoop/hdfs/protocol/LocatedBlock
2024-11-12 13:43:06,360 INFO  CreateClassResetClassAdapter - Found static initializer in class org/apache/hadoop/hdfs/protocol/LocatedBlock
2024-11-12 13:43:06,361 INFO  EvoClassLoader - Keeping class: org.apache.hadoop.hdfs.protocol.LocatedBlock
2024-11-12 13:43:06,361 INFO  EvoClassLoader - Seeing class for first time: org.apache.hadoop.hdfs.protocol.DirectoryListing
2024-11-12 13:43:06,361 INFO  EvoClassLoader - Instrumenting class 'org.apache.hadoop.hdfs.protocol.DirectoryListing'.
2024-11-12 13:43:06,361 INFO  MethodCallReplacementClassAdapter - Adding mock interface to class org/apache/hadoop/hdfs/protocol/DirectoryListing
2024-11-12 13:43:06,361 INFO  CreateClassResetClassAdapter - Creating brand-new static initializer in class org/apache/hadoop/hdfs/protocol/DirectoryListing
2024-11-12 13:43:06,361 INFO  EvoClassLoader - Keeping class: org.apache.hadoop.hdfs.protocol.DirectoryListing
2024-11-12 13:43:06,361 INFO  EvoClassLoader - Seeing class for first time: org.apache.hadoop.hdfs.protocol.BatchedDirectoryListing
2024-11-12 13:43:06,361 INFO  EvoClassLoader - Instrumenting class 'org.apache.hadoop.hdfs.protocol.BatchedDirectoryListing'.
2024-11-12 13:43:06,361 INFO  MethodCallReplacementClassAdapter - Adding mock interface to class org/apache/hadoop/hdfs/protocol/BatchedDirectoryListing
2024-11-12 13:43:06,362 INFO  CreateClassResetClassAdapter - Creating brand-new static initializer in class org/apache/hadoop/hdfs/protocol/BatchedDirectoryListing
2024-11-12 13:43:06,362 INFO  EvoClassLoader - Keeping class: org.apache.hadoop.hdfs.protocol.BatchedDirectoryListing
2024-11-12 13:43:06,362 INFO  EvoClassLoader - Seeing class for first time: org.apache.hadoop.hdfs.protocol.ReplicatedBlockStats
2024-11-12 13:43:06,362 INFO  EvoClassLoader - Instrumenting class 'org.apache.hadoop.hdfs.protocol.ReplicatedBlockStats'.
2024-11-12 13:43:06,362 INFO  MethodCallReplacementClassAdapter - Adding mock interface to class org/apache/hadoop/hdfs/protocol/ReplicatedBlockStats
2024-11-12 13:43:06,362 INFO  CreateClassResetClassAdapter - Creating brand-new static initializer in class org/apache/hadoop/hdfs/protocol/ReplicatedBlockStats
2024-11-12 13:43:06,362 INFO  EvoClassLoader - Keeping class: org.apache.hadoop.hdfs.protocol.ReplicatedBlockStats
2024-11-12 13:43:06,362 INFO  EvoClassLoader - Seeing class for first time: org.apache.hadoop.hdfs.protocol.ECBlockGroupStats
2024-11-12 13:43:06,362 INFO  EvoClassLoader - Instrumenting class 'org.apache.hadoop.hdfs.protocol.ECBlockGroupStats'.
2024-11-12 13:43:06,362 INFO  MethodCallReplacementClassAdapter - Adding mock interface to class org/apache/hadoop/hdfs/protocol/ECBlockGroupStats
2024-11-12 13:43:06,362 INFO  CreateClassResetClassAdapter - Creating brand-new static initializer in class org/apache/hadoop/hdfs/protocol/ECBlockGroupStats
2024-11-12 13:43:06,363 INFO  EvoClassLoader - Keeping class: org.apache.hadoop.hdfs.protocol.ECBlockGroupStats
2024-11-12 13:43:06,363 INFO  EvoClassLoader - Seeing class for first time: org.apache.hadoop.hdfs.protocol.HdfsFileStatus
2024-11-12 13:43:06,363 INFO  EvoClassLoader - Instrumenting class 'org.apache.hadoop.hdfs.protocol.HdfsFileStatus'.
2024-11-12 13:43:06,363 INFO  EvoClassLoader - Keeping class: org.apache.hadoop.hdfs.protocol.HdfsFileStatus
2024-11-12 13:43:06,363 INFO  EvoClassLoader - Seeing class for first time: org.apache.hadoop.hdfs.protocol.HdfsLocatedFileStatus
2024-11-12 13:43:06,363 INFO  EvoClassLoader - Instrumenting class 'org.apache.hadoop.hdfs.protocol.HdfsLocatedFileStatus'.
2024-11-12 13:43:06,363 INFO  MethodCallReplacementClassAdapter - Adding mock interface to class org/apache/hadoop/hdfs/protocol/HdfsLocatedFileStatus
2024-11-12 13:43:06,364 INFO  CreateClassResetClassAdapter - Creating brand-new static initializer in class org/apache/hadoop/hdfs/protocol/HdfsLocatedFileStatus
2024-11-12 13:43:06,364 INFO  EvoClassLoader - Seeing class for first time: org.apache.hadoop.fs.LocatedFileStatus
2024-11-12 13:43:06,364 INFO  EvoClassLoader - Instrumenting class 'org.apache.hadoop.fs.LocatedFileStatus'.
2024-11-12 13:43:06,364 INFO  MethodCallReplacementClassAdapter - Adding mock interface to class org/apache/hadoop/fs/LocatedFileStatus
2024-11-12 13:43:06,365 INFO  CreateClassResetClassAdapter - Creating brand-new static initializer in class org/apache/hadoop/fs/LocatedFileStatus
2024-11-12 13:43:06,365 INFO  EvoClassLoader - Keeping class: org.apache.hadoop.fs.LocatedFileStatus
2024-11-12 13:43:06,365 INFO  EvoClassLoader - Keeping class: org.apache.hadoop.hdfs.protocol.HdfsLocatedFileStatus
2024-11-12 13:43:06,365 INFO  EvoClassLoader - Seeing class for first time: org.apache.hadoop.hdfs.protocol.LocatedBlocks
2024-11-12 13:43:06,365 INFO  EvoClassLoader - Instrumenting class 'org.apache.hadoop.hdfs.protocol.LocatedBlocks'.
2024-11-12 13:43:06,365 INFO  MethodCallReplacementClassAdapter - Adding mock interface to class org/apache/hadoop/hdfs/protocol/LocatedBlocks
2024-11-12 13:43:06,365 INFO  CreateClassResetClassAdapter - Found static initializer in class org/apache/hadoop/hdfs/protocol/LocatedBlocks
2024-11-12 13:43:06,365 INFO  EvoClassLoader - Keeping class: org.apache.hadoop.hdfs.protocol.LocatedBlocks
2024-11-12 13:43:06,365 INFO  EvoClassLoader - Seeing class for first time: org.apache.hadoop.hdfs.security.token.block.DataEncryptionKey
2024-11-12 13:43:06,365 INFO  EvoClassLoader - Instrumenting class 'org.apache.hadoop.hdfs.security.token.block.DataEncryptionKey'.
2024-11-12 13:43:06,366 INFO  MethodCallReplacementClassAdapter - Adding mock interface to class org/apache/hadoop/hdfs/security/token/block/DataEncryptionKey
2024-11-12 13:43:06,366 INFO  CreateClassResetClassAdapter - Creating brand-new static initializer in class org/apache/hadoop/hdfs/security/token/block/DataEncryptionKey
2024-11-12 13:43:06,366 INFO  EvoClassLoader - Defined package (3): package org.apache.hadoop.hdfs.security.token.block, 2046137276
2024-11-12 13:43:06,366 INFO  EvoClassLoader - Keeping class: org.apache.hadoop.hdfs.security.token.block.DataEncryptionKey
2024-11-12 13:43:06,366 INFO  EvoClassLoader - Seeing class for first time: org.apache.hadoop.hdfs.inotify.EventBatchList
2024-11-12 13:43:06,366 INFO  EvoClassLoader - Instrumenting class 'org.apache.hadoop.hdfs.inotify.EventBatchList'.
2024-11-12 13:43:06,366 INFO  MethodCallReplacementClassAdapter - Adding mock interface to class org/apache/hadoop/hdfs/inotify/EventBatchList
2024-11-12 13:43:06,366 INFO  CreateClassResetClassAdapter - Creating brand-new static initializer in class org/apache/hadoop/hdfs/inotify/EventBatchList
2024-11-12 13:43:06,366 INFO  EvoClassLoader - Defined package (3): package org.apache.hadoop.hdfs.inotify, 693802656
2024-11-12 13:43:06,366 INFO  EvoClassLoader - Keeping class: org.apache.hadoop.hdfs.inotify.EventBatchList
2024-11-12 13:43:06,366 INFO  EvoClassLoader - Seeing class for first time: org.apache.hadoop.io.EnumSetWritable
2024-11-12 13:43:06,366 INFO  EvoClassLoader - Instrumenting class 'org.apache.hadoop.io.EnumSetWritable'.
2024-11-12 13:43:06,366 INFO  MethodCallReplacementClassAdapter - Adding mock interface to class org/apache/hadoop/io/EnumSetWritable
2024-11-12 13:43:06,367 INFO  CreateClassResetClassAdapter - Found static initializer in class org/apache/hadoop/io/EnumSetWritable
2024-11-12 13:43:06,367 INFO  EvoClassLoader - Keeping class: org.apache.hadoop.io.EnumSetWritable
2024-11-12 13:43:06,367 INFO  EvoClassLoader - Seeing class for first time: org.apache.hadoop.hdfs.protocol.LastBlockWithStatus
2024-11-12 13:43:06,367 INFO  EvoClassLoader - Instrumenting class 'org.apache.hadoop.hdfs.protocol.LastBlockWithStatus'.
2024-11-12 13:43:06,367 INFO  MethodCallReplacementClassAdapter - Adding mock interface to class org/apache/hadoop/hdfs/protocol/LastBlockWithStatus
2024-11-12 13:43:06,367 INFO  CreateClassResetClassAdapter - Creating brand-new static initializer in class org/apache/hadoop/hdfs/protocol/LastBlockWithStatus
2024-11-12 13:43:06,368 INFO  EvoClassLoader - Keeping class: org.apache.hadoop.hdfs.protocol.LastBlockWithStatus
2024-11-12 13:43:06,368 INFO  EvoClassLoader - Seeing class for first time: org.apache.hadoop.crypto.CryptoProtocolVersion
2024-11-12 13:43:06,368 INFO  EvoClassLoader - Instrumenting class 'org.apache.hadoop.crypto.CryptoProtocolVersion'.
2024-11-12 13:43:06,368 INFO  MethodCallReplacementClassAdapter - Adding mock interface to class org/apache/hadoop/crypto/CryptoProtocolVersion
2024-11-12 13:43:06,368 INFO  CreateClassResetClassAdapter - Found static initializer in class org/apache/hadoop/crypto/CryptoProtocolVersion
2024-11-12 13:43:06,368 INFO  EvoClassLoader - Defined package (3): package org.apache.hadoop.crypto, -1673217324
2024-11-12 13:43:06,368 INFO  EvoClassLoader - Keeping class: org.apache.hadoop.crypto.CryptoProtocolVersion
2024-11-12 13:43:06,368 INFO  EvoClassLoader - Seeing class for first time: org.apache.hadoop.hdfs.DFSOpsCountStatistics
2024-11-12 13:43:06,368 INFO  EvoClassLoader - Instrumenting class 'org.apache.hadoop.hdfs.DFSOpsCountStatistics'.
2024-11-12 13:43:06,368 INFO  MethodCallReplacementClassAdapter - Adding mock interface to class org/apache/hadoop/hdfs/DFSOpsCountStatistics
2024-11-12 13:43:06,368 INFO  CreateClassResetClassAdapter - Creating brand-new static initializer in class org/apache/hadoop/hdfs/DFSOpsCountStatistics
2024-11-12 13:43:06,368 INFO  CreateClassResetClassAdapter - Adding bytecode for initializing field NAME
2024-11-12 13:43:06,369 INFO  EvoClassLoader - Keeping class: org.apache.hadoop.hdfs.DFSOpsCountStatistics
2024-11-12 13:43:06,369 INFO  EvoClassLoader - Seeing class for first time: org.apache.hadoop.fs.SafeModeAction
2024-11-12 13:43:06,369 INFO  EvoClassLoader - Instrumenting class 'org.apache.hadoop.fs.SafeModeAction'.
2024-11-12 13:43:06,369 INFO  MethodCallReplacementClassAdapter - Adding mock interface to class org/apache/hadoop/fs/SafeModeAction
2024-11-12 13:43:06,369 INFO  CreateClassResetClassAdapter - Found static initializer in class org/apache/hadoop/fs/SafeModeAction
2024-11-12 13:43:06,369 INFO  EvoClassLoader - Keeping class: org.apache.hadoop.fs.SafeModeAction
2024-11-12 13:43:06,369 INFO  EvoClassLoader - Seeing class for first time: org.apache.hadoop.hdfs.protocol.HdfsPathHandle
2024-11-12 13:43:06,369 INFO  EvoClassLoader - Instrumenting class 'org.apache.hadoop.hdfs.protocol.HdfsPathHandle'.
2024-11-12 13:43:06,369 INFO  MethodCallReplacementClassAdapter - Adding mock interface to class org/apache/hadoop/hdfs/protocol/HdfsPathHandle
2024-11-12 13:43:06,369 INFO  CreateClassResetClassAdapter - Creating brand-new static initializer in class org/apache/hadoop/hdfs/protocol/HdfsPathHandle
2024-11-12 13:43:06,370 INFO  EvoClassLoader - Keeping class: org.apache.hadoop.hdfs.protocol.HdfsPathHandle
2024-11-12 13:43:06,370 INFO  EvoClassLoader - Seeing class for first time: org.apache.hadoop.crypto.key.KeyProvider
2024-11-12 13:43:06,370 INFO  EvoClassLoader - Instrumenting class 'org.apache.hadoop.crypto.key.KeyProvider'.
2024-11-12 13:43:06,370 INFO  MethodCallReplacementClassAdapter - Adding mock interface to class org/apache/hadoop/crypto/key/KeyProvider
2024-11-12 13:43:06,370 INFO  CreateClassResetClassAdapter - Creating brand-new static initializer in class org/apache/hadoop/crypto/key/KeyProvider
2024-11-12 13:43:06,370 INFO  CreateClassResetClassAdapter - Adding bytecode for initializing field DEFAULT_CIPHER_NAME
2024-11-12 13:43:06,370 INFO  CreateClassResetClassAdapter - Adding bytecode for initializing field DEFAULT_CIPHER
2024-11-12 13:43:06,370 INFO  CreateClassResetClassAdapter - Adding bytecode for initializing field DEFAULT_BITLENGTH_NAME
2024-11-12 13:43:06,370 INFO  CreateClassResetClassAdapter - Adding bytecode for initializing field DEFAULT_BITLENGTH
2024-11-12 13:43:06,370 INFO  CreateClassResetClassAdapter - Adding bytecode for initializing field JCEKS_KEY_SERIALFILTER_DEFAULT
2024-11-12 13:43:06,370 INFO  CreateClassResetClassAdapter - Adding bytecode for initializing field JCEKS_KEY_SERIAL_FILTER
2024-11-12 13:43:06,371 INFO  EvoClassLoader - Keeping class: org.apache.hadoop.crypto.key.KeyProvider
2024-11-12 13:43:06,371 INFO  EvoClassLoader - Seeing class for first time: org.apache.hadoop.hdfs.DFSHedgedReadMetrics
2024-11-12 13:43:06,371 INFO  EvoClassLoader - Instrumenting class 'org.apache.hadoop.hdfs.DFSHedgedReadMetrics'.
2024-11-12 13:43:06,371 INFO  MethodCallReplacementClassAdapter - Adding mock interface to class org/apache/hadoop/hdfs/DFSHedgedReadMetrics
2024-11-12 13:43:06,371 INFO  CreateClassResetClassAdapter - Creating brand-new static initializer in class org/apache/hadoop/hdfs/DFSHedgedReadMetrics
2024-11-12 13:43:06,371 INFO  EvoClassLoader - Keeping class: org.apache.hadoop.hdfs.DFSHedgedReadMetrics
2024-11-12 13:43:06,371 INFO  EvoClassLoader - Seeing class for first time: org.apache.hadoop.hdfs.DFSOutputStream
2024-11-12 13:43:06,371 INFO  EvoClassLoader - Instrumenting class 'org.apache.hadoop.hdfs.DFSOutputStream'.
2024-11-12 13:43:06,372 INFO  MethodCallReplacementClassAdapter - Adding mock interface to class org/apache/hadoop/hdfs/DFSOutputStream
2024-11-12 13:43:06,375 INFO  CreateClassResetClassAdapter - Found static initializer in class org/apache/hadoop/hdfs/DFSOutputStream
2024-11-12 13:43:06,376 INFO  EvoClassLoader - Keeping class: org.apache.hadoop.hdfs.DFSOutputStream
2024-11-12 13:43:06,376 INFO  EvoClassLoader - Seeing class for first time: org.apache.hadoop.hdfs.DFSClient
2024-11-12 13:43:06,376 INFO  EvoClassLoader - Instrumenting class 'org.apache.hadoop.hdfs.DFSClient'.
2024-11-12 13:43:06,377 INFO  MethodCallReplacementClassAdapter - Adding mock interface to class org/apache/hadoop/hdfs/DFSClient
2024-11-12 13:43:06,385 INFO  CreateClassResetClassAdapter - Found static initializer in class org/apache/hadoop/hdfs/DFSClient
2024-11-12 13:43:06,388 INFO  EvoClassLoader - Seeing class for first time: org.apache.hadoop.hdfs.RemotePeerFactory
2024-11-12 13:43:06,388 INFO  EvoClassLoader - Instrumenting class 'org.apache.hadoop.hdfs.RemotePeerFactory'.
2024-11-12 13:43:06,388 INFO  EvoClassLoader - Keeping class: org.apache.hadoop.hdfs.RemotePeerFactory
2024-11-12 13:43:06,388 INFO  EvoClassLoader - Seeing class for first time: org.apache.hadoop.hdfs.protocol.datatransfer.sasl.DataEncryptionKeyFactory
2024-11-12 13:43:06,388 INFO  EvoClassLoader - Instrumenting class 'org.apache.hadoop.hdfs.protocol.datatransfer.sasl.DataEncryptionKeyFactory'.
2024-11-12 13:43:06,388 INFO  EvoClassLoader - Defined package (3): package org.apache.hadoop.hdfs.protocol.datatransfer.sasl, 575598492
2024-11-12 13:43:06,388 INFO  EvoClassLoader - Keeping class: org.apache.hadoop.hdfs.protocol.datatransfer.sasl.DataEncryptionKeyFactory
2024-11-12 13:43:06,389 INFO  EvoClassLoader - Keeping class: org.apache.hadoop.hdfs.DFSClient
2024-11-12 13:43:06,389 INFO  EvoClassLoader - Seeing class for first time: org.apache.hadoop.fs.FileEncryptionInfo
2024-11-12 13:43:06,389 INFO  EvoClassLoader - Instrumenting class 'org.apache.hadoop.fs.FileEncryptionInfo'.
2024-11-12 13:43:06,389 INFO  MethodCallReplacementClassAdapter - Adding mock interface to class org/apache/hadoop/fs/FileEncryptionInfo
2024-11-12 13:43:06,389 INFO  CreateClassResetClassAdapter - Creating brand-new static initializer in class org/apache/hadoop/fs/FileEncryptionInfo
2024-11-12 13:43:06,389 INFO  EvoClassLoader - Keeping class: org.apache.hadoop.fs.FileEncryptionInfo
2024-11-12 13:43:06,389 INFO  EvoClassLoader - Seeing class for first time: org.apache.hadoop.hdfs.DFSInotifyEventInputStream
2024-11-12 13:43:06,389 INFO  EvoClassLoader - Instrumenting class 'org.apache.hadoop.hdfs.DFSInotifyEventInputStream'.
2024-11-12 13:43:06,390 INFO  MethodCallReplacementClassAdapter - Adding mock interface to class org/apache/hadoop/hdfs/DFSInotifyEventInputStream
2024-11-12 13:43:06,390 INFO  CreateClassResetClassAdapter - Found static initializer in class org/apache/hadoop/hdfs/DFSInotifyEventInputStream
2024-11-12 13:43:06,391 INFO  EvoClassLoader - Keeping class: org.apache.hadoop.hdfs.DFSInotifyEventInputStream
2024-11-12 13:43:06,391 INFO  EvoClassLoader - Seeing class for first time: org.apache.hadoop.fs.TrashPolicy
2024-11-12 13:43:06,391 INFO  EvoClassLoader - Instrumenting class 'org.apache.hadoop.fs.TrashPolicy'.
2024-11-12 13:43:06,391 INFO  MethodCallReplacementClassAdapter - Adding mock interface to class org/apache/hadoop/fs/TrashPolicy
2024-11-12 13:43:06,391 INFO  CreateClassResetClassAdapter - Creating brand-new static initializer in class org/apache/hadoop/fs/TrashPolicy
2024-11-12 13:43:06,391 INFO  EvoClassLoader - Keeping class: org.apache.hadoop.fs.TrashPolicy
2024-11-12 13:43:06,392 INFO  EvoClassLoader - Seeing class for first time: org.apache.hadoop.util.ReflectionUtils$CopyInCopyOutBuffer
2024-11-12 13:43:06,392 INFO  EvoClassLoader - Instrumenting class 'org.apache.hadoop.util.ReflectionUtils$CopyInCopyOutBuffer'.
2024-11-12 13:43:06,392 INFO  MethodCallReplacementClassAdapter - Adding mock interface to class org/apache/hadoop/util/ReflectionUtils$CopyInCopyOutBuffer
2024-11-12 13:43:06,392 INFO  CreateClassResetClassAdapter - Creating brand-new static initializer in class org/apache/hadoop/util/ReflectionUtils$CopyInCopyOutBuffer
2024-11-12 13:43:06,392 INFO  EvoClassLoader - Keeping class: org.apache.hadoop.util.ReflectionUtils$CopyInCopyOutBuffer
2024-11-12 13:43:06,392 INFO  EvoClassLoader - Seeing class for first time: org.apache.commons.configuration2.sync.LockMode
2024-11-12 13:43:06,392 INFO  EvoClassLoader - Instrumenting class 'org.apache.commons.configuration2.sync.LockMode'.
2024-11-12 13:43:06,392 INFO  MethodCallReplacementClassAdapter - Adding mock interface to class org/apache/commons/configuration2/sync/LockMode
2024-11-12 13:43:06,392 INFO  CreateClassResetClassAdapter - Found static initializer in class org/apache/commons/configuration2/sync/LockMode
2024-11-12 13:43:06,392 INFO  EvoClassLoader - Keeping class: org.apache.commons.configuration2.sync.LockMode
2024-11-12 13:43:06,393 INFO  EvoClassLoader - Seeing class for first time: org.apache.commons.configuration2.sync.Synchronizer
2024-11-12 13:43:06,393 INFO  EvoClassLoader - Instrumenting class 'org.apache.commons.configuration2.sync.Synchronizer'.
2024-11-12 13:43:06,393 INFO  EvoClassLoader - Keeping class: org.apache.commons.configuration2.sync.Synchronizer
2024-11-12 13:43:06,393 INFO  EvoClassLoader - Seeing class for first time: org.apache.hadoop.thirdparty.com.google.common.collect.MapMakerInternalMap$DummyInternalEntry
2024-11-12 13:43:06,393 INFO  EvoClassLoader - Instrumenting class 'org.apache.hadoop.thirdparty.com.google.common.collect.MapMakerInternalMap$DummyInternalEntry'.
2024-11-12 13:43:06,393 INFO  MethodCallReplacementClassAdapter - Adding mock interface to class org/apache/hadoop/thirdparty/com/google/common/collect/MapMakerInternalMap$DummyInternalEntry
2024-11-12 13:43:06,393 INFO  CreateClassResetClassAdapter - Creating brand-new static initializer in class org/apache/hadoop/thirdparty/com/google/common/collect/MapMakerInternalMap$DummyInternalEntry
2024-11-12 13:43:06,393 INFO  EvoClassLoader - Keeping class: org.apache.hadoop.thirdparty.com.google.common.collect.MapMakerInternalMap$DummyInternalEntry
2024-11-12 13:43:06,393 INFO  EvoClassLoader - Seeing class for first time: org.apache.hadoop.thirdparty.com.google.common.cache.CacheBuilderSpec
2024-11-12 13:43:06,393 INFO  EvoClassLoader - Instrumenting class 'org.apache.hadoop.thirdparty.com.google.common.cache.CacheBuilderSpec'.
2024-11-12 13:43:06,394 INFO  MethodCallReplacementClassAdapter - Adding mock interface to class org/apache/hadoop/thirdparty/com/google/common/cache/CacheBuilderSpec
2024-11-12 13:43:06,394 INFO  CreateClassResetClassAdapter - Found static initializer in class org/apache/hadoop/thirdparty/com/google/common/cache/CacheBuilderSpec
2024-11-12 13:43:06,394 INFO  EvoClassLoader - Keeping class: org.apache.hadoop.thirdparty.com.google.common.cache.CacheBuilderSpec
2024-11-12 13:43:06,394 INFO  EvoClassLoader - Seeing class for first time: org.apache.hadoop.ipc.Server
2024-11-12 13:43:06,394 INFO  EvoClassLoader - Instrumenting class 'org.apache.hadoop.ipc.Server'.
2024-11-12 13:43:06,395 INFO  MethodCallReplacementClassAdapter - Adding mock interface to class org/apache/hadoop/ipc/Server
2024-11-12 13:43:06,399 INFO  CreateClassResetClassAdapter - Found static initializer in class org/apache/hadoop/ipc/Server
2024-11-12 13:43:06,402 INFO  EvoClassLoader - Keeping class: org.apache.hadoop.ipc.Server
2024-11-12 13:43:06,402 INFO  EvoClassLoader - Seeing class for first time: org.apache.commons.net.util.SubnetUtils$SubnetInfo
2024-11-12 13:43:06,402 INFO  EvoClassLoader - Instrumenting class 'org.apache.commons.net.util.SubnetUtils$SubnetInfo'.
2024-11-12 13:43:06,402 INFO  MethodCallReplacementClassAdapter - Adding mock interface to class org/apache/commons/net/util/SubnetUtils$SubnetInfo
2024-11-12 13:43:06,403 INFO  CreateClassResetClassAdapter - Creating brand-new static initializer in class org/apache/commons/net/util/SubnetUtils$SubnetInfo
2024-11-12 13:43:06,403 INFO  CreateClassResetClassAdapter - Adding bytecode for initializing field UNSIGNED_INT_MASK
2024-11-12 13:43:06,403 INFO  EvoClassLoader - Defined package (3): package org.apache.commons.net.util, -177659761
2024-11-12 13:43:06,403 INFO  EvoClassLoader - Keeping class: org.apache.commons.net.util.SubnetUtils$SubnetInfo
2024-11-12 13:43:06,403 INFO  EvoClassLoader - Seeing class for first time: org.apache.hadoop.net.SocketInputWrapper
2024-11-12 13:43:06,403 INFO  EvoClassLoader - Instrumenting class 'org.apache.hadoop.net.SocketInputWrapper'.
2024-11-12 13:43:06,403 INFO  MethodCallReplacementClassAdapter - Adding mock interface to class org/apache/hadoop/net/SocketInputWrapper
2024-11-12 13:43:06,403 INFO  CreateClassResetClassAdapter - Creating brand-new static initializer in class org/apache/hadoop/net/SocketInputWrapper
2024-11-12 13:43:06,404 INFO  EvoClassLoader - Keeping class: org.apache.hadoop.net.SocketInputWrapper
2024-11-12 13:43:06,404 INFO  EvoClassLoader - Seeing class for first time: com.ctc.wstx.sr.Attribute
2024-11-12 13:43:06,404 INFO  EvoClassLoader - Instrumenting class 'com.ctc.wstx.sr.Attribute'.
2024-11-12 13:43:06,404 INFO  MethodCallReplacementClassAdapter - Adding mock interface to class com/ctc/wstx/sr/Attribute
2024-11-12 13:43:06,404 INFO  CreateClassResetClassAdapter - Creating brand-new static initializer in class com/ctc/wstx/sr/Attribute
2024-11-12 13:43:06,405 INFO  EvoClassLoader - Keeping class: com.ctc.wstx.sr.Attribute
2024-11-12 13:43:06,405 INFO  EvoClassLoader - Seeing class for first time: com.ctc.wstx.sw.XmlWriter
2024-11-12 13:43:06,405 INFO  EvoClassLoader - Instrumenting class 'com.ctc.wstx.sw.XmlWriter'.
2024-11-12 13:43:06,405 INFO  MethodCallReplacementClassAdapter - Adding mock interface to class com/ctc/wstx/sw/XmlWriter
2024-11-12 13:43:06,405 INFO  CreateClassResetClassAdapter - Creating brand-new static initializer in class com/ctc/wstx/sw/XmlWriter
2024-11-12 13:43:06,405 INFO  CreateClassResetClassAdapter - Adding bytecode for initializing field SURR1_FIRST
2024-11-12 13:43:06,405 INFO  CreateClassResetClassAdapter - Adding bytecode for initializing field SURR1_LAST
2024-11-12 13:43:06,405 INFO  CreateClassResetClassAdapter - Adding bytecode for initializing field SURR2_FIRST
2024-11-12 13:43:06,405 INFO  CreateClassResetClassAdapter - Adding bytecode for initializing field SURR2_LAST
2024-11-12 13:43:06,405 INFO  CreateClassResetClassAdapter - Adding bytecode for initializing field DEFAULT_QUOTE_CHAR
2024-11-12 13:43:06,405 INFO  EvoClassLoader - Defined package (3): package com.ctc.wstx.sw, 1195124713
2024-11-12 13:43:06,406 INFO  EvoClassLoader - Keeping class: com.ctc.wstx.sw.XmlWriter
2024-11-12 13:43:06,406 INFO  EvoClassLoader - Seeing class for first time: com.ctc.wstx.sr.ElemAttrs
2024-11-12 13:43:06,406 INFO  EvoClassLoader - Instrumenting class 'com.ctc.wstx.sr.ElemAttrs'.
2024-11-12 13:43:06,406 INFO  MethodCallReplacementClassAdapter - Adding mock interface to class com/ctc/wstx/sr/ElemAttrs
2024-11-12 13:43:06,406 INFO  CreateClassResetClassAdapter - Creating brand-new static initializer in class com/ctc/wstx/sr/ElemAttrs
2024-11-12 13:43:06,406 INFO  CreateClassResetClassAdapter - Adding bytecode for initializing field OFFSET_NS_URI
2024-11-12 13:43:06,406 INFO  EvoClassLoader - Keeping class: com.ctc.wstx.sr.ElemAttrs
2024-11-12 13:43:06,406 INFO  EvoClassLoader - Seeing class for first time: org.apache.hadoop.metrics2.impl.MetricsRecordImpl
2024-11-12 13:43:06,406 INFO  EvoClassLoader - Instrumenting class 'org.apache.hadoop.metrics2.impl.MetricsRecordImpl'.
2024-11-12 13:43:06,407 INFO  MethodCallReplacementClassAdapter - Adding mock interface to class org/apache/hadoop/metrics2/impl/MetricsRecordImpl
2024-11-12 13:43:06,407 INFO  CreateClassResetClassAdapter - Creating brand-new static initializer in class org/apache/hadoop/metrics2/impl/MetricsRecordImpl
2024-11-12 13:43:06,407 INFO  CreateClassResetClassAdapter - Adding bytecode for initializing field DEFAULT_CONTEXT
2024-11-12 13:43:06,407 INFO  EvoClassLoader - Seeing class for first time: org.apache.hadoop.metrics2.impl.AbstractMetricsRecord
2024-11-12 13:43:06,407 INFO  EvoClassLoader - Instrumenting class 'org.apache.hadoop.metrics2.impl.AbstractMetricsRecord'.
2024-11-12 13:43:06,407 INFO  MethodCallReplacementClassAdapter - Adding mock interface to class org/apache/hadoop/metrics2/impl/AbstractMetricsRecord
2024-11-12 13:43:06,407 INFO  CreateClassResetClassAdapter - Creating brand-new static initializer in class org/apache/hadoop/metrics2/impl/AbstractMetricsRecord
2024-11-12 13:43:06,407 INFO  EvoClassLoader - Seeing class for first time: org.apache.hadoop.metrics2.MetricsRecord
2024-11-12 13:43:06,407 INFO  EvoClassLoader - Instrumenting class 'org.apache.hadoop.metrics2.MetricsRecord'.
2024-11-12 13:43:06,407 INFO  EvoClassLoader - Keeping class: org.apache.hadoop.metrics2.MetricsRecord
2024-11-12 13:43:06,407 INFO  EvoClassLoader - Keeping class: org.apache.hadoop.metrics2.impl.AbstractMetricsRecord
2024-11-12 13:43:06,407 INFO  EvoClassLoader - Keeping class: org.apache.hadoop.metrics2.impl.MetricsRecordImpl
2024-11-12 13:43:06,407 INFO  EvoClassLoader - Seeing class for first time: org.apache.hadoop.metrics2.AbstractMetric
2024-11-12 13:43:06,407 INFO  EvoClassLoader - Instrumenting class 'org.apache.hadoop.metrics2.AbstractMetric'.
2024-11-12 13:43:06,408 INFO  MethodCallReplacementClassAdapter - Adding mock interface to class org/apache/hadoop/metrics2/AbstractMetric
2024-11-12 13:43:06,408 INFO  CreateClassResetClassAdapter - Creating brand-new static initializer in class org/apache/hadoop/metrics2/AbstractMetric
2024-11-12 13:43:06,408 INFO  EvoClassLoader - Keeping class: org.apache.hadoop.metrics2.AbstractMetric
2024-11-12 13:43:06,408 INFO  EvoClassLoader - Seeing class for first time: com.ctc.wstx.io.WstxInputLocation
2024-11-12 13:43:06,408 INFO  EvoClassLoader - Instrumenting class 'com.ctc.wstx.io.WstxInputLocation'.
2024-11-12 13:43:06,408 INFO  MethodCallReplacementClassAdapter - Adding mock interface to class com/ctc/wstx/io/WstxInputLocation
2024-11-12 13:43:06,408 INFO  CreateClassResetClassAdapter - Found static initializer in class com/ctc/wstx/io/WstxInputLocation
2024-11-12 13:43:06,408 INFO  EvoClassLoader - Keeping class: com.ctc.wstx.io.WstxInputLocation
2024-11-12 13:43:06,409 INFO  EvoClassLoader - Seeing class for first time: org.apache.hadoop.fs.shell.PathData
2024-11-12 13:43:06,409 INFO  EvoClassLoader - Instrumenting class 'org.apache.hadoop.fs.shell.PathData'.
2024-11-12 13:43:06,409 INFO  MethodCallReplacementClassAdapter - Adding mock interface to class org/apache/hadoop/fs/shell/PathData
2024-11-12 13:43:06,410 INFO  CreateClassResetClassAdapter - Found static initializer in class org/apache/hadoop/fs/shell/PathData
2024-11-12 13:43:06,411 INFO  EvoClassLoader - Keeping class: org.apache.hadoop.fs.shell.PathData
2024-11-12 13:43:06,411 INFO  EvoClassLoader - Seeing class for first time: org.apache.hadoop.metrics2.impl.MetricsSystemImpl$InitMode
2024-11-12 13:43:06,411 INFO  EvoClassLoader - Instrumenting class 'org.apache.hadoop.metrics2.impl.MetricsSystemImpl$InitMode'.
2024-11-12 13:43:06,411 INFO  MethodCallReplacementClassAdapter - Adding mock interface to class org/apache/hadoop/metrics2/impl/MetricsSystemImpl$InitMode
2024-11-12 13:43:06,411 INFO  CreateClassResetClassAdapter - Found static initializer in class org/apache/hadoop/metrics2/impl/MetricsSystemImpl$InitMode
2024-11-12 13:43:06,411 INFO  EvoClassLoader - Keeping class: org.apache.hadoop.metrics2.impl.MetricsSystemImpl$InitMode
2024-11-12 13:43:06,411 INFO  EvoClassLoader - Seeing class for first time: org.apache.hadoop.metrics2.MetricsSink
2024-11-12 13:43:06,411 INFO  EvoClassLoader - Instrumenting class 'org.apache.hadoop.metrics2.MetricsSink'.
2024-11-12 13:43:06,411 INFO  EvoClassLoader - Seeing class for first time: org.apache.hadoop.metrics2.MetricsPlugin
2024-11-12 13:43:06,411 INFO  EvoClassLoader - Instrumenting class 'org.apache.hadoop.metrics2.MetricsPlugin'.
2024-11-12 13:43:06,412 INFO  EvoClassLoader - Keeping class: org.apache.hadoop.metrics2.MetricsPlugin
2024-11-12 13:43:06,412 INFO  EvoClassLoader - Keeping class: org.apache.hadoop.metrics2.MetricsSink
2024-11-12 13:43:06,412 INFO  EvoClassLoader - Seeing class for first time: org.apache.hadoop.metrics2.impl.MetricsConfig
2024-11-12 13:43:06,412 INFO  EvoClassLoader - Instrumenting class 'org.apache.hadoop.metrics2.impl.MetricsConfig'.
2024-11-12 13:43:06,412 INFO  MethodCallReplacementClassAdapter - Adding mock interface to class org/apache/hadoop/metrics2/impl/MetricsConfig
2024-11-12 13:43:06,412 INFO  CreateClassResetClassAdapter - Found static initializer in class org/apache/hadoop/metrics2/impl/MetricsConfig
2024-11-12 13:43:06,413 INFO  EvoClassLoader - Seeing class for first time: org.apache.commons.configuration2.SubsetConfiguration
2024-11-12 13:43:06,413 INFO  EvoClassLoader - Instrumenting class 'org.apache.commons.configuration2.SubsetConfiguration'.
2024-11-12 13:43:06,413 INFO  MethodCallReplacementClassAdapter - Adding mock interface to class org/apache/commons/configuration2/SubsetConfiguration
2024-11-12 13:43:06,414 INFO  CreateClassResetClassAdapter - Creating brand-new static initializer in class org/apache/commons/configuration2/SubsetConfiguration
2024-11-12 13:43:06,414 INFO  EvoClassLoader - Seeing class for first time: org.apache.commons.configuration2.AbstractConfiguration
2024-11-12 13:43:06,414 INFO  EvoClassLoader - Instrumenting class 'org.apache.commons.configuration2.AbstractConfiguration'.
2024-11-12 13:43:06,414 INFO  MethodCallReplacementClassAdapter - Adding mock interface to class org/apache/commons/configuration2/AbstractConfiguration
2024-11-12 13:43:06,417 INFO  CreateClassResetClassAdapter - Creating brand-new static initializer in class org/apache/commons/configuration2/AbstractConfiguration
2024-11-12 13:43:06,419 INFO  EvoClassLoader - Seeing class for first time: org.apache.commons.configuration2.event.BaseEventSource
2024-11-12 13:43:06,419 INFO  EvoClassLoader - Instrumenting class 'org.apache.commons.configuration2.event.BaseEventSource'.
2024-11-12 13:43:06,419 INFO  MethodCallReplacementClassAdapter - Adding mock interface to class org/apache/commons/configuration2/event/BaseEventSource
2024-11-12 13:43:06,420 INFO  CreateClassResetClassAdapter - Creating brand-new static initializer in class org/apache/commons/configuration2/event/BaseEventSource
2024-11-12 13:43:06,420 INFO  EvoClassLoader - Defined package (3): package org.apache.commons.configuration2.event, 244439300
2024-11-12 13:43:06,420 INFO  EvoClassLoader - Seeing class for first time: org.apache.commons.configuration2.event.EventSource
2024-11-12 13:43:06,420 INFO  EvoClassLoader - Instrumenting class 'org.apache.commons.configuration2.event.EventSource'.
2024-11-12 13:43:06,421 INFO  EvoClassLoader - Keeping class: org.apache.commons.configuration2.event.EventSource
2024-11-12 13:43:06,421 INFO  EvoClassLoader - Keeping class: org.apache.commons.configuration2.event.BaseEventSource
2024-11-12 13:43:06,421 INFO  EvoClassLoader - Keeping class: org.apache.commons.configuration2.AbstractConfiguration
2024-11-12 13:43:06,421 INFO  EvoClassLoader - Keeping class: org.apache.commons.configuration2.SubsetConfiguration
2024-11-12 13:43:06,421 INFO  EvoClassLoader - Keeping class: org.apache.hadoop.metrics2.impl.MetricsConfig
2024-11-12 13:43:06,421 INFO  EvoClassLoader - Seeing class for first time: org.apache.hadoop.metrics2.impl.MetricsSinkAdapter
2024-11-12 13:43:06,421 INFO  EvoClassLoader - Instrumenting class 'org.apache.hadoop.metrics2.impl.MetricsSinkAdapter'.
2024-11-12 13:43:06,421 INFO  MethodCallReplacementClassAdapter - Adding mock interface to class org/apache/hadoop/metrics2/impl/MetricsSinkAdapter
2024-11-12 13:43:06,422 INFO  CreateClassResetClassAdapter - Found static initializer in class org/apache/hadoop/metrics2/impl/MetricsSinkAdapter
2024-11-12 13:43:06,423 INFO  EvoClassLoader - Seeing class for first time: org.apache.hadoop.metrics2.impl.SinkQueue$Consumer
2024-11-12 13:43:06,423 INFO  EvoClassLoader - Instrumenting class 'org.apache.hadoop.metrics2.impl.SinkQueue$Consumer'.
2024-11-12 13:43:06,423 INFO  EvoClassLoader - Keeping class: org.apache.hadoop.metrics2.impl.SinkQueue$Consumer
2024-11-12 13:43:06,424 INFO  EvoClassLoader - Keeping class: org.apache.hadoop.metrics2.impl.MetricsSinkAdapter
2024-11-12 13:43:06,424 INFO  EvoClassLoader - Seeing class for first time: org.apache.hadoop.metrics2.impl.MetricsBuffer
2024-11-12 13:43:06,424 INFO  EvoClassLoader - Instrumenting class 'org.apache.hadoop.metrics2.impl.MetricsBuffer'.
2024-11-12 13:43:06,424 INFO  MethodCallReplacementClassAdapter - Adding mock interface to class org/apache/hadoop/metrics2/impl/MetricsBuffer
2024-11-12 13:43:06,424 INFO  CreateClassResetClassAdapter - Creating brand-new static initializer in class org/apache/hadoop/metrics2/impl/MetricsBuffer
2024-11-12 13:43:06,424 INFO  EvoClassLoader - Keeping class: org.apache.hadoop.metrics2.impl.MetricsBuffer
2024-11-12 13:43:06,424 INFO  EvoClassLoader - Seeing class for first time: org.apache.hadoop.metrics2.impl.MetricsSourceAdapter
2024-11-12 13:43:06,424 INFO  EvoClassLoader - Instrumenting class 'org.apache.hadoop.metrics2.impl.MetricsSourceAdapter'.
2024-11-12 13:43:06,424 INFO  MethodCallReplacementClassAdapter - Adding mock interface to class org/apache/hadoop/metrics2/impl/MetricsSourceAdapter
2024-11-12 13:43:06,425 INFO  CreateClassResetClassAdapter - Found static initializer in class org/apache/hadoop/metrics2/impl/MetricsSourceAdapter
2024-11-12 13:43:06,425 INFO  EvoClassLoader - Keeping class: org.apache.hadoop.metrics2.impl.MetricsSourceAdapter
2024-11-12 13:43:06,426 INFO  EvoClassLoader - Seeing class for first time: org.apache.hadoop.metrics2.impl.MetricsBufferBuilder
2024-11-12 13:43:06,426 INFO  EvoClassLoader - Instrumenting class 'org.apache.hadoop.metrics2.impl.MetricsBufferBuilder'.
2024-11-12 13:43:06,426 INFO  MethodCallReplacementClassAdapter - Adding mock interface to class org/apache/hadoop/metrics2/impl/MetricsBufferBuilder
2024-11-12 13:43:06,426 INFO  CreateClassResetClassAdapter - Creating brand-new static initializer in class org/apache/hadoop/metrics2/impl/MetricsBufferBuilder
2024-11-12 13:43:06,426 INFO  EvoClassLoader - Keeping class: org.apache.hadoop.metrics2.impl.MetricsBufferBuilder
2024-11-12 13:43:06,426 INFO  EvoClassLoader - Seeing class for first time: com.ctc.wstx.dtd.DTDId
2024-11-12 13:43:06,426 INFO  EvoClassLoader - Instrumenting class 'com.ctc.wstx.dtd.DTDId'.
2024-11-12 13:43:06,427 INFO  MethodCallReplacementClassAdapter - Adding mock interface to class com/ctc/wstx/dtd/DTDId
2024-11-12 13:43:06,427 INFO  CreateClassResetClassAdapter - Creating brand-new static initializer in class com/ctc/wstx/dtd/DTDId
2024-11-12 13:43:06,427 INFO  EvoClassLoader - Defined package (3): package com.ctc.wstx.dtd, -1605853969
2024-11-12 13:43:06,428 INFO  EvoClassLoader - Keeping class: com.ctc.wstx.dtd.DTDId
2024-11-12 13:43:06,428 INFO  EvoClassLoader - Seeing class for first time: com.ctc.wstx.dtd.DTDSubset
2024-11-12 13:43:06,428 INFO  EvoClassLoader - Instrumenting class 'com.ctc.wstx.dtd.DTDSubset'.
2024-11-12 13:43:06,428 INFO  MethodCallReplacementClassAdapter - Adding mock interface to class com/ctc/wstx/dtd/DTDSubset
2024-11-12 13:43:06,428 INFO  CreateClassResetClassAdapter - Creating brand-new static initializer in class com/ctc/wstx/dtd/DTDSubset
2024-11-12 13:43:06,428 INFO  EvoClassLoader - Keeping class: com.ctc.wstx.dtd.DTDSubset
2024-11-12 13:43:06,428 INFO  EvoClassLoader - Seeing class for first time: org.apache.hadoop.hdfs.protocol.DatanodeInfo$AdminStates
2024-11-12 13:43:06,428 INFO  EvoClassLoader - Instrumenting class 'org.apache.hadoop.hdfs.protocol.DatanodeInfo$AdminStates'.
2024-11-12 13:43:06,428 INFO  MethodCallReplacementClassAdapter - Adding mock interface to class org/apache/hadoop/hdfs/protocol/DatanodeInfo$AdminStates
2024-11-12 13:43:06,428 INFO  CreateClassResetClassAdapter - Found static initializer in class org/apache/hadoop/hdfs/protocol/DatanodeInfo$AdminStates
2024-11-12 13:43:06,428 INFO  EvoClassLoader - Keeping class: org.apache.hadoop.hdfs.protocol.DatanodeInfo$AdminStates
2024-11-12 13:43:06,429 INFO  EvoClassLoader - Seeing class for first time: org.apache.hadoop.thirdparty.com.google.common.collect.ImmutableMap$Builder
2024-11-12 13:43:06,429 INFO  EvoClassLoader - Instrumenting class 'org.apache.hadoop.thirdparty.com.google.common.collect.ImmutableMap$Builder'.
2024-11-12 13:43:06,429 INFO  MethodCallReplacementClassAdapter - Adding mock interface to class org/apache/hadoop/thirdparty/com/google/common/collect/ImmutableMap$Builder
2024-11-12 13:43:06,429 INFO  CreateClassResetClassAdapter - Creating brand-new static initializer in class org/apache/hadoop/thirdparty/com/google/common/collect/ImmutableMap$Builder
2024-11-12 13:43:06,430 INFO  EvoClassLoader - Keeping class: org.apache.hadoop.thirdparty.com.google.common.collect.ImmutableMap$Builder
2024-11-12 13:43:06,430 INFO  EvoClassLoader - Seeing class for first time: org.apache.hadoop.thirdparty.com.google.common.collect.ImmutableSetMultimap
2024-11-12 13:43:06,430 INFO  EvoClassLoader - Instrumenting class 'org.apache.hadoop.thirdparty.com.google.common.collect.ImmutableSetMultimap'.
2024-11-12 13:43:06,430 INFO  MethodCallReplacementClassAdapter - Adding mock interface to class org/apache/hadoop/thirdparty/com/google/common/collect/ImmutableSetMultimap
2024-11-12 13:43:06,438 INFO  CreateClassResetClassAdapter - Creating brand-new static initializer in class org/apache/hadoop/thirdparty/com/google/common/collect/ImmutableSetMultimap
2024-11-12 13:43:06,439 INFO  EvoClassLoader - Seeing class for first time: org.apache.hadoop.thirdparty.com.google.common.collect.SetMultimap
2024-11-12 13:43:06,439 INFO  EvoClassLoader - Instrumenting class 'org.apache.hadoop.thirdparty.com.google.common.collect.SetMultimap'.
2024-11-12 13:43:06,440 INFO  EvoClassLoader - Seeing class for first time: org.apache.hadoop.thirdparty.com.google.common.collect.Multimap
2024-11-12 13:43:06,440 INFO  EvoClassLoader - Instrumenting class 'org.apache.hadoop.thirdparty.com.google.common.collect.Multimap'.
2024-11-12 13:43:06,441 INFO  EvoClassLoader - Keeping class: org.apache.hadoop.thirdparty.com.google.common.collect.Multimap
2024-11-12 13:43:06,441 INFO  EvoClassLoader - Keeping class: org.apache.hadoop.thirdparty.com.google.common.collect.SetMultimap
2024-11-12 13:43:06,441 INFO  EvoClassLoader - Seeing class for first time: org.apache.hadoop.thirdparty.com.google.common.collect.ImmutableMultimap
2024-11-12 13:43:06,441 INFO  EvoClassLoader - Instrumenting class 'org.apache.hadoop.thirdparty.com.google.common.collect.ImmutableMultimap'.
2024-11-12 13:43:06,441 INFO  MethodCallReplacementClassAdapter - Adding mock interface to class org/apache/hadoop/thirdparty/com/google/common/collect/ImmutableMultimap
2024-11-12 13:43:06,441 INFO  CreateClassResetClassAdapter - Creating brand-new static initializer in class org/apache/hadoop/thirdparty/com/google/common/collect/ImmutableMultimap
2024-11-12 13:43:06,442 INFO  EvoClassLoader - Seeing class for first time: org.apache.hadoop.thirdparty.com.google.common.collect.BaseImmutableMultimap
2024-11-12 13:43:06,442 INFO  EvoClassLoader - Instrumenting class 'org.apache.hadoop.thirdparty.com.google.common.collect.BaseImmutableMultimap'.
2024-11-12 13:43:06,442 INFO  MethodCallReplacementClassAdapter - Adding mock interface to class org/apache/hadoop/thirdparty/com/google/common/collect/BaseImmutableMultimap
2024-11-12 13:43:06,442 INFO  CreateClassResetClassAdapter - Creating brand-new static initializer in class org/apache/hadoop/thirdparty/com/google/common/collect/BaseImmutableMultimap
2024-11-12 13:43:06,442 INFO  EvoClassLoader - Seeing class for first time: org.apache.hadoop.thirdparty.com.google.common.collect.AbstractMultimap
2024-11-12 13:43:06,442 INFO  EvoClassLoader - Instrumenting class 'org.apache.hadoop.thirdparty.com.google.common.collect.AbstractMultimap'.
2024-11-12 13:43:06,442 INFO  MethodCallReplacementClassAdapter - Adding mock interface to class org/apache/hadoop/thirdparty/com/google/common/collect/AbstractMultimap
2024-11-12 13:43:06,443 INFO  CreateClassResetClassAdapter - Creating brand-new static initializer in class org/apache/hadoop/thirdparty/com/google/common/collect/AbstractMultimap
2024-11-12 13:43:06,443 INFO  EvoClassLoader - Keeping class: org.apache.hadoop.thirdparty.com.google.common.collect.AbstractMultimap
2024-11-12 13:43:06,443 INFO  EvoClassLoader - Keeping class: org.apache.hadoop.thirdparty.com.google.common.collect.BaseImmutableMultimap
2024-11-12 13:43:06,443 INFO  EvoClassLoader - Keeping class: org.apache.hadoop.thirdparty.com.google.common.collect.ImmutableMultimap
2024-11-12 13:43:06,443 INFO  EvoClassLoader - Keeping class: org.apache.hadoop.thirdparty.com.google.common.collect.ImmutableSetMultimap
2024-11-12 13:43:06,444 INFO  EvoClassLoader - Seeing class for first time: org.apache.hadoop.thirdparty.com.google.common.collect.MapMaker$Dummy
2024-11-12 13:43:06,444 INFO  EvoClassLoader - Instrumenting class 'org.apache.hadoop.thirdparty.com.google.common.collect.MapMaker$Dummy'.
2024-11-12 13:43:06,445 INFO  MethodCallReplacementClassAdapter - Adding mock interface to class org/apache/hadoop/thirdparty/com/google/common/collect/MapMaker$Dummy
2024-11-12 13:43:06,445 INFO  CreateClassResetClassAdapter - Found static initializer in class org/apache/hadoop/thirdparty/com/google/common/collect/MapMaker$Dummy
2024-11-12 13:43:06,445 INFO  EvoClassLoader - Keeping class: org.apache.hadoop.thirdparty.com.google.common.collect.MapMaker$Dummy
2024-11-12 13:43:06,445 INFO  EvoClassLoader - Seeing class for first time: org.apache.zookeeper.common.SSLContextAndOptions
2024-11-12 13:43:06,445 INFO  EvoClassLoader - Instrumenting class 'org.apache.zookeeper.common.SSLContextAndOptions'.
2024-11-12 13:43:06,446 INFO  MethodCallReplacementClassAdapter - Adding mock interface to class org/apache/zookeeper/common/SSLContextAndOptions
2024-11-12 13:43:06,446 INFO  CreateClassResetClassAdapter - Found static initializer in class org/apache/zookeeper/common/SSLContextAndOptions
2024-11-12 13:43:06,447 INFO  EvoClassLoader - Keeping class: org.apache.zookeeper.common.SSLContextAndOptions
2024-11-12 13:43:06,447 INFO  EvoClassLoader - Seeing class for first time: org.apache.zookeeper.common.FileChangeWatcher
2024-11-12 13:43:06,447 INFO  EvoClassLoader - Instrumenting class 'org.apache.zookeeper.common.FileChangeWatcher'.
2024-11-12 13:43:06,447 INFO  MethodCallReplacementClassAdapter - Adding mock interface to class org/apache/zookeeper/common/FileChangeWatcher
2024-11-12 13:43:06,447 INFO  CreateClassResetClassAdapter - Found static initializer in class org/apache/zookeeper/common/FileChangeWatcher
2024-11-12 13:43:06,448 INFO  EvoClassLoader - Keeping class: org.apache.zookeeper.common.FileChangeWatcher
2024-11-12 13:43:06,448 INFO  EvoClassLoader - Seeing class for first time: org.apache.hadoop.io.LongWritable
2024-11-12 13:43:06,448 INFO  EvoClassLoader - Instrumenting class 'org.apache.hadoop.io.LongWritable'.
2024-11-12 13:43:06,448 INFO  MethodCallReplacementClassAdapter - Adding mock interface to class org/apache/hadoop/io/LongWritable
2024-11-12 13:43:06,448 INFO  CreateClassResetClassAdapter - Found static initializer in class org/apache/hadoop/io/LongWritable
2024-11-12 13:43:06,449 INFO  EvoClassLoader - Keeping class: org.apache.hadoop.io.LongWritable
2024-11-12 13:43:06,450 INFO  EvoClassLoader - Seeing class for first time: org.apache.hadoop.io.serializer.SerializationFactory
2024-11-12 13:43:06,450 INFO  EvoClassLoader - Instrumenting class 'org.apache.hadoop.io.serializer.SerializationFactory'.
2024-11-12 13:43:06,450 INFO  MethodCallReplacementClassAdapter - Adding mock interface to class org/apache/hadoop/io/serializer/SerializationFactory
2024-11-12 13:43:06,451 INFO  CreateClassResetClassAdapter - Found static initializer in class org/apache/hadoop/io/serializer/SerializationFactory
2024-11-12 13:43:06,451 INFO  EvoClassLoader - Defined package (3): package org.apache.hadoop.io.serializer, 333528551
2024-11-12 13:43:06,451 INFO  EvoClassLoader - Keeping class: org.apache.hadoop.io.serializer.SerializationFactory
2024-11-12 13:43:06,452 INFO  EvoClassLoader - Seeing class for first time: org.apache.hadoop.thirdparty.protobuf.Internal$EnumLite
2024-11-12 13:43:06,452 INFO  EvoClassLoader - Instrumenting class 'org.apache.hadoop.thirdparty.protobuf.Internal$EnumLite'.
2024-11-12 13:43:06,452 INFO  EvoClassLoader - Keeping class: org.apache.hadoop.thirdparty.protobuf.Internal$EnumLite
2024-11-12 13:43:06,452 INFO  EvoClassLoader - Seeing class for first time: org.apache.commons.cli.OptionGroup
2024-11-12 13:43:06,452 INFO  EvoClassLoader - Instrumenting class 'org.apache.commons.cli.OptionGroup'.
2024-11-12 13:43:06,452 INFO  MethodCallReplacementClassAdapter - Adding mock interface to class org/apache/commons/cli/OptionGroup
2024-11-12 13:43:06,453 INFO  CreateClassResetClassAdapter - Creating brand-new static initializer in class org/apache/commons/cli/OptionGroup
2024-11-12 13:43:06,453 INFO  EvoClassLoader - Keeping class: org.apache.commons.cli.OptionGroup
2024-11-12 13:43:06,453 INFO  EvoClassLoader - Seeing class for first time: org.apache.commons.configuration2.ConfigurationDecoder
2024-11-12 13:43:06,453 INFO  EvoClassLoader - Instrumenting class 'org.apache.commons.configuration2.ConfigurationDecoder'.
2024-11-12 13:43:06,453 INFO  EvoClassLoader - Keeping class: org.apache.commons.configuration2.ConfigurationDecoder
2024-11-12 13:43:06,454 INFO  EvoClassLoader - Seeing class for first time: org.apache.hadoop.ipc.protobuf.RpcHeaderProtos$RpcResponseHeaderProto$RpcErrorCodeProto
2024-11-12 13:43:06,454 INFO  EvoClassLoader - Instrumenting class 'org.apache.hadoop.ipc.protobuf.RpcHeaderProtos$RpcResponseHeaderProto$RpcErrorCodeProto'.
2024-11-12 13:43:06,454 INFO  MethodCallReplacementClassAdapter - Adding mock interface to class org/apache/hadoop/ipc/protobuf/RpcHeaderProtos$RpcResponseHeaderProto$RpcErrorCodeProto
2024-11-12 13:43:06,455 INFO  CreateClassResetClassAdapter - Found static initializer in class org/apache/hadoop/ipc/protobuf/RpcHeaderProtos$RpcResponseHeaderProto$RpcErrorCodeProto
2024-11-12 13:43:06,455 INFO  EvoClassLoader - Defined package (3): package org.apache.hadoop.ipc.protobuf, -23792400
2024-11-12 13:43:06,455 INFO  EvoClassLoader - Seeing class for first time: org.apache.hadoop.thirdparty.protobuf.ProtocolMessageEnum
2024-11-12 13:43:06,455 INFO  EvoClassLoader - Instrumenting class 'org.apache.hadoop.thirdparty.protobuf.ProtocolMessageEnum'.
2024-11-12 13:43:06,455 INFO  EvoClassLoader - Keeping class: org.apache.hadoop.thirdparty.protobuf.ProtocolMessageEnum
2024-11-12 13:43:06,455 INFO  EvoClassLoader - Keeping class: org.apache.hadoop.ipc.protobuf.RpcHeaderProtos$RpcResponseHeaderProto$RpcErrorCodeProto
2024-11-12 13:43:06,455 INFO  EvoClassLoader - Seeing class for first time: com.ctc.wstx.dtd.DTDEventListener
2024-11-12 13:43:06,455 INFO  EvoClassLoader - Instrumenting class 'com.ctc.wstx.dtd.DTDEventListener'.
2024-11-12 13:43:06,456 INFO  EvoClassLoader - Keeping class: com.ctc.wstx.dtd.DTDEventListener
2024-11-12 13:43:06,456 INFO  EvoClassLoader - Seeing class for first time: org.codehaus.stax2.validation.ValidationProblemHandler
2024-11-12 13:43:06,456 INFO  EvoClassLoader - Instrumenting class 'org.codehaus.stax2.validation.ValidationProblemHandler'.
2024-11-12 13:43:06,456 INFO  EvoClassLoader - Keeping class: org.codehaus.stax2.validation.ValidationProblemHandler
2024-11-12 13:43:06,457 INFO  EvoClassLoader - Seeing class for first time: org.apache.hadoop.thirdparty.com.google.common.cache.RemovalCause
2024-11-12 13:43:06,457 INFO  EvoClassLoader - Instrumenting class 'org.apache.hadoop.thirdparty.com.google.common.cache.RemovalCause'.
2024-11-12 13:43:06,457 INFO  MethodCallReplacementClassAdapter - Adding mock interface to class org/apache/hadoop/thirdparty/com/google/common/cache/RemovalCause
2024-11-12 13:43:06,457 INFO  CreateClassResetClassAdapter - Found static initializer in class org/apache/hadoop/thirdparty/com/google/common/cache/RemovalCause
2024-11-12 13:43:06,457 INFO  EvoClassLoader - Keeping class: org.apache.hadoop.thirdparty.com.google.common.cache.RemovalCause
2024-11-12 13:43:06,458 INFO  EvoClassLoader - Seeing class for first time: com.ctc.wstx.sr.ElemCallback
2024-11-12 13:43:06,458 INFO  EvoClassLoader - Instrumenting class 'com.ctc.wstx.sr.ElemCallback'.
2024-11-12 13:43:06,458 INFO  MethodCallReplacementClassAdapter - Adding mock interface to class com/ctc/wstx/sr/ElemCallback
2024-11-12 13:43:06,458 INFO  CreateClassResetClassAdapter - Creating brand-new static initializer in class com/ctc/wstx/sr/ElemCallback
2024-11-12 13:43:06,458 INFO  EvoClassLoader - Keeping class: com.ctc.wstx.sr.ElemCallback
2024-11-12 13:43:06,459 INFO  EvoClassLoader - Seeing class for first time: org.apache.hadoop.thirdparty.com.google.common.base.MoreObjects$ToStringHelper
2024-11-12 13:43:06,459 INFO  EvoClassLoader - Instrumenting class 'org.apache.hadoop.thirdparty.com.google.common.base.MoreObjects$ToStringHelper'.
2024-11-12 13:43:06,459 INFO  MethodCallReplacementClassAdapter - Adding mock interface to class org/apache/hadoop/thirdparty/com/google/common/base/MoreObjects$ToStringHelper
2024-11-12 13:43:06,459 INFO  CreateClassResetClassAdapter - Creating brand-new static initializer in class org/apache/hadoop/thirdparty/com/google/common/base/MoreObjects$ToStringHelper
2024-11-12 13:43:06,460 INFO  EvoClassLoader - Keeping class: org.apache.hadoop.thirdparty.com.google.common.base.MoreObjects$ToStringHelper
2024-11-12 13:43:06,460 INFO  EvoClassLoader - Seeing class for first time: org.apache.hadoop.thirdparty.com.google.common.base.Equivalence$Wrapper
2024-11-12 13:43:06,460 INFO  EvoClassLoader - Instrumenting class 'org.apache.hadoop.thirdparty.com.google.common.base.Equivalence$Wrapper'.
2024-11-12 13:43:06,460 INFO  MethodCallReplacementClassAdapter - Adding mock interface to class org/apache/hadoop/thirdparty/com/google/common/base/Equivalence$Wrapper
2024-11-12 13:43:06,460 INFO  CreateClassResetClassAdapter - Creating brand-new static initializer in class org/apache/hadoop/thirdparty/com/google/common/base/Equivalence$Wrapper
2024-11-12 13:43:06,460 INFO  EvoClassLoader - Keeping class: org.apache.hadoop.thirdparty.com.google.common.base.Equivalence$Wrapper
2024-11-12 13:43:06,468 INFO  EvoClassLoader - Seeing class for first time: org.apache.hadoop.metrics2.MetricsFilter
2024-11-12 13:43:06,468 INFO  EvoClassLoader - Instrumenting class 'org.apache.hadoop.metrics2.MetricsFilter'.
2024-11-12 13:43:06,472 INFO  MethodCallReplacementClassAdapter - Adding mock interface to class org/apache/hadoop/metrics2/MetricsFilter
2024-11-12 13:43:06,472 INFO  CreateClassResetClassAdapter - Creating brand-new static initializer in class org/apache/hadoop/metrics2/MetricsFilter
2024-11-12 13:43:06,473 INFO  EvoClassLoader - Keeping class: org.apache.hadoop.metrics2.MetricsFilter
2024-11-12 13:43:06,481 INFO  EvoClassLoader - Seeing class for first time: org.apache.hadoop.thirdparty.com.google.common.collect.Range
2024-11-12 13:43:06,481 INFO  EvoClassLoader - Instrumenting class 'org.apache.hadoop.thirdparty.com.google.common.collect.Range'.
2024-11-12 13:43:06,481 INFO  MethodCallReplacementClassAdapter - Adding mock interface to class org/apache/hadoop/thirdparty/com/google/common/collect/Range
2024-11-12 13:43:06,482 INFO  CreateClassResetClassAdapter - Found static initializer in class org/apache/hadoop/thirdparty/com/google/common/collect/Range
2024-11-12 13:43:06,483 INFO  EvoClassLoader - Seeing class for first time: org.apache.hadoop.thirdparty.com.google.common.collect.RangeGwtSerializationDependencies
2024-11-12 13:43:06,483 INFO  EvoClassLoader - Instrumenting class 'org.apache.hadoop.thirdparty.com.google.common.collect.RangeGwtSerializationDependencies'.
2024-11-12 13:43:06,483 INFO  MethodCallReplacementClassAdapter - Adding mock interface to class org/apache/hadoop/thirdparty/com/google/common/collect/RangeGwtSerializationDependencies
2024-11-12 13:43:06,483 INFO  CreateClassResetClassAdapter - Creating brand-new static initializer in class org/apache/hadoop/thirdparty/com/google/common/collect/RangeGwtSerializationDependencies
2024-11-12 13:43:06,484 INFO  EvoClassLoader - Keeping class: org.apache.hadoop.thirdparty.com.google.common.collect.RangeGwtSerializationDependencies
2024-11-12 13:43:06,484 INFO  EvoClassLoader - Keeping class: org.apache.hadoop.thirdparty.com.google.common.collect.Range
2024-11-12 13:43:06,484 INFO  EvoClassLoader - Seeing class for first time: org.apache.hadoop.thirdparty.com.google.common.collect.Maps$FilteredEntryBiMap
2024-11-12 13:43:06,484 INFO  EvoClassLoader - Instrumenting class 'org.apache.hadoop.thirdparty.com.google.common.collect.Maps$FilteredEntryBiMap'.
2024-11-12 13:43:06,484 INFO  MethodCallReplacementClassAdapter - Adding mock interface to class org/apache/hadoop/thirdparty/com/google/common/collect/Maps$FilteredEntryBiMap
2024-11-12 13:43:06,484 INFO  CreateClassResetClassAdapter - Creating brand-new static initializer in class org/apache/hadoop/thirdparty/com/google/common/collect/Maps$FilteredEntryBiMap
2024-11-12 13:43:06,484 INFO  EvoClassLoader - Seeing class for first time: org.apache.hadoop.thirdparty.com.google.common.collect.Maps$FilteredEntryMap
2024-11-12 13:43:06,484 INFO  EvoClassLoader - Instrumenting class 'org.apache.hadoop.thirdparty.com.google.common.collect.Maps$FilteredEntryMap'.
2024-11-12 13:43:06,485 INFO  MethodCallReplacementClassAdapter - Adding mock interface to class org/apache/hadoop/thirdparty/com/google/common/collect/Maps$FilteredEntryMap
2024-11-12 13:43:06,485 INFO  CreateClassResetClassAdapter - Creating brand-new static initializer in class org/apache/hadoop/thirdparty/com/google/common/collect/Maps$FilteredEntryMap
2024-11-12 13:43:06,485 INFO  EvoClassLoader - Seeing class for first time: org.apache.hadoop.thirdparty.com.google.common.collect.Maps$AbstractFilteredMap
2024-11-12 13:43:06,485 INFO  EvoClassLoader - Instrumenting class 'org.apache.hadoop.thirdparty.com.google.common.collect.Maps$AbstractFilteredMap'.
2024-11-12 13:43:06,485 INFO  MethodCallReplacementClassAdapter - Adding mock interface to class org/apache/hadoop/thirdparty/com/google/common/collect/Maps$AbstractFilteredMap
2024-11-12 13:43:06,485 INFO  CreateClassResetClassAdapter - Creating brand-new static initializer in class org/apache/hadoop/thirdparty/com/google/common/collect/Maps$AbstractFilteredMap
2024-11-12 13:43:06,485 INFO  EvoClassLoader - Seeing class for first time: org.apache.hadoop.thirdparty.com.google.common.collect.Maps$ViewCachingAbstractMap
2024-11-12 13:43:06,485 INFO  EvoClassLoader - Instrumenting class 'org.apache.hadoop.thirdparty.com.google.common.collect.Maps$ViewCachingAbstractMap'.
2024-11-12 13:43:06,486 INFO  MethodCallReplacementClassAdapter - Adding mock interface to class org/apache/hadoop/thirdparty/com/google/common/collect/Maps$ViewCachingAbstractMap
2024-11-12 13:43:06,486 INFO  CreateClassResetClassAdapter - Creating brand-new static initializer in class org/apache/hadoop/thirdparty/com/google/common/collect/Maps$ViewCachingAbstractMap
2024-11-12 13:43:06,486 INFO  EvoClassLoader - Keeping class: org.apache.hadoop.thirdparty.com.google.common.collect.Maps$ViewCachingAbstractMap
2024-11-12 13:43:06,486 INFO  EvoClassLoader - Keeping class: org.apache.hadoop.thirdparty.com.google.common.collect.Maps$AbstractFilteredMap
2024-11-12 13:43:06,486 INFO  EvoClassLoader - Keeping class: org.apache.hadoop.thirdparty.com.google.common.collect.Maps$FilteredEntryMap
2024-11-12 13:43:06,486 INFO  EvoClassLoader - Keeping class: org.apache.hadoop.thirdparty.com.google.common.collect.Maps$FilteredEntryBiMap
2024-11-12 13:43:06,486 INFO  EvoClassLoader - Seeing class for first time: org.apache.hadoop.thirdparty.com.google.common.collect.Maps$FilteredEntrySortedMap
2024-11-12 13:43:06,486 INFO  EvoClassLoader - Instrumenting class 'org.apache.hadoop.thirdparty.com.google.common.collect.Maps$FilteredEntrySortedMap'.
2024-11-12 13:43:06,486 INFO  MethodCallReplacementClassAdapter - Adding mock interface to class org/apache/hadoop/thirdparty/com/google/common/collect/Maps$FilteredEntrySortedMap
2024-11-12 13:43:06,486 INFO  CreateClassResetClassAdapter - Creating brand-new static initializer in class org/apache/hadoop/thirdparty/com/google/common/collect/Maps$FilteredEntrySortedMap
2024-11-12 13:43:06,487 INFO  EvoClassLoader - Keeping class: org.apache.hadoop.thirdparty.com.google.common.collect.Maps$FilteredEntrySortedMap
2024-11-12 13:43:06,487 INFO  EvoClassLoader - Seeing class for first time: org.apache.hadoop.thirdparty.com.google.common.collect.Maps$FilteredEntryNavigableMap
2024-11-12 13:43:06,487 INFO  EvoClassLoader - Instrumenting class 'org.apache.hadoop.thirdparty.com.google.common.collect.Maps$FilteredEntryNavigableMap'.
2024-11-12 13:43:06,487 INFO  MethodCallReplacementClassAdapter - Adding mock interface to class org/apache/hadoop/thirdparty/com/google/common/collect/Maps$FilteredEntryNavigableMap
2024-11-12 13:43:06,487 INFO  CreateClassResetClassAdapter - Creating brand-new static initializer in class org/apache/hadoop/thirdparty/com/google/common/collect/Maps$FilteredEntryNavigableMap
2024-11-12 13:43:06,487 INFO  EvoClassLoader - Seeing class for first time: org.apache.hadoop.thirdparty.com.google.common.collect.AbstractNavigableMap
2024-11-12 13:43:06,487 INFO  EvoClassLoader - Instrumenting class 'org.apache.hadoop.thirdparty.com.google.common.collect.AbstractNavigableMap'.
2024-11-12 13:43:06,488 INFO  MethodCallReplacementClassAdapter - Adding mock interface to class org/apache/hadoop/thirdparty/com/google/common/collect/AbstractNavigableMap
2024-11-12 13:43:06,488 INFO  CreateClassResetClassAdapter - Creating brand-new static initializer in class org/apache/hadoop/thirdparty/com/google/common/collect/AbstractNavigableMap
2024-11-12 13:43:06,488 INFO  EvoClassLoader - Seeing class for first time: org.apache.hadoop.thirdparty.com.google.common.collect.Maps$IteratorBasedAbstractMap
2024-11-12 13:43:06,488 INFO  EvoClassLoader - Instrumenting class 'org.apache.hadoop.thirdparty.com.google.common.collect.Maps$IteratorBasedAbstractMap'.
2024-11-12 13:43:06,488 INFO  MethodCallReplacementClassAdapter - Adding mock interface to class org/apache/hadoop/thirdparty/com/google/common/collect/Maps$IteratorBasedAbstractMap
2024-11-12 13:43:06,488 INFO  CreateClassResetClassAdapter - Creating brand-new static initializer in class org/apache/hadoop/thirdparty/com/google/common/collect/Maps$IteratorBasedAbstractMap
2024-11-12 13:43:06,488 INFO  EvoClassLoader - Keeping class: org.apache.hadoop.thirdparty.com.google.common.collect.Maps$IteratorBasedAbstractMap
2024-11-12 13:43:06,488 INFO  EvoClassLoader - Keeping class: org.apache.hadoop.thirdparty.com.google.common.collect.AbstractNavigableMap
2024-11-12 13:43:06,488 INFO  EvoClassLoader - Keeping class: org.apache.hadoop.thirdparty.com.google.common.collect.Maps$FilteredEntryNavigableMap
2024-11-12 13:43:06,495 INFO  EvoClassLoader - Seeing class for first time: org.apache.hadoop.conf.Configuration$ParsedTimeDuration
2024-11-12 13:43:06,495 INFO  EvoClassLoader - Instrumenting class 'org.apache.hadoop.conf.Configuration$ParsedTimeDuration'.
2024-11-12 13:43:06,496 INFO  MethodCallReplacementClassAdapter - Adding mock interface to class org/apache/hadoop/conf/Configuration$ParsedTimeDuration
2024-11-12 13:43:06,496 INFO  CreateClassResetClassAdapter - Found static initializer in class org/apache/hadoop/conf/Configuration$ParsedTimeDuration
2024-11-12 13:43:06,497 INFO  EvoClassLoader - Keeping class: org.apache.hadoop.conf.Configuration$ParsedTimeDuration
2024-11-12 13:43:06,498 INFO  EvoClassLoader - Seeing class for first time: org.apache.hadoop.hdfs.tools.DFSAdmin$1
2024-11-12 13:43:06,498 INFO  EvoClassLoader - Instrumenting class 'org.apache.hadoop.hdfs.tools.DFSAdmin$1'.
2024-11-12 13:43:06,498 INFO  MethodCallReplacementClassAdapter - Adding mock interface to class org/apache/hadoop/hdfs/tools/DFSAdmin$1
2024-11-12 13:43:06,501 INFO  EvoClassLoader - Keeping class: org.apache.hadoop.hdfs.tools.DFSAdmin$1
2024-11-12 13:43:06,502 INFO  EvoClassLoader - Seeing class for first time: org.apache.hadoop.thirdparty.com.google.common.collect.Interners$InternerFunction
2024-11-12 13:43:06,502 INFO  EvoClassLoader - Instrumenting class 'org.apache.hadoop.thirdparty.com.google.common.collect.Interners$InternerFunction'.
2024-11-12 13:43:06,502 INFO  MethodCallReplacementClassAdapter - Adding mock interface to class org/apache/hadoop/thirdparty/com/google/common/collect/Interners$InternerFunction
2024-11-12 13:43:06,502 INFO  CreateClassResetClassAdapter - Creating brand-new static initializer in class org/apache/hadoop/thirdparty/com/google/common/collect/Interners$InternerFunction
2024-11-12 13:43:06,503 INFO  EvoClassLoader - Keeping class: org.apache.hadoop.thirdparty.com.google.common.collect.Interners$InternerFunction
2024-11-12 13:43:06,503 INFO  EvoClassLoader - Seeing class for first time: org.apache.hadoop.thirdparty.com.google.common.collect.MapMakerInternalMap$SerializationProxy
2024-11-12 13:43:06,503 INFO  EvoClassLoader - Instrumenting class 'org.apache.hadoop.thirdparty.com.google.common.collect.MapMakerInternalMap$SerializationProxy'.
2024-11-12 13:43:06,503 INFO  MethodCallReplacementClassAdapter - Adding mock interface to class org/apache/hadoop/thirdparty/com/google/common/collect/MapMakerInternalMap$SerializationProxy
2024-11-12 13:43:06,504 INFO  CreateClassResetClassAdapter - Creating brand-new static initializer in class org/apache/hadoop/thirdparty/com/google/common/collect/MapMakerInternalMap$SerializationProxy
2024-11-12 13:43:06,504 INFO  EvoClassLoader - Seeing class for first time: org.apache.hadoop.thirdparty.com.google.common.collect.MapMakerInternalMap$AbstractSerializationProxy
2024-11-12 13:43:06,504 INFO  EvoClassLoader - Instrumenting class 'org.apache.hadoop.thirdparty.com.google.common.collect.MapMakerInternalMap$AbstractSerializationProxy'.
2024-11-12 13:43:06,504 INFO  MethodCallReplacementClassAdapter - Adding mock interface to class org/apache/hadoop/thirdparty/com/google/common/collect/MapMakerInternalMap$AbstractSerializationProxy
2024-11-12 13:43:06,504 INFO  CreateClassResetClassAdapter - Creating brand-new static initializer in class org/apache/hadoop/thirdparty/com/google/common/collect/MapMakerInternalMap$AbstractSerializationProxy
2024-11-12 13:43:06,504 INFO  EvoClassLoader - Seeing class for first time: org.apache.hadoop.thirdparty.com.google.common.collect.ForwardingConcurrentMap
2024-11-12 13:43:06,504 INFO  EvoClassLoader - Instrumenting class 'org.apache.hadoop.thirdparty.com.google.common.collect.ForwardingConcurrentMap'.
2024-11-12 13:43:06,505 INFO  MethodCallReplacementClassAdapter - Adding mock interface to class org/apache/hadoop/thirdparty/com/google/common/collect/ForwardingConcurrentMap
2024-11-12 13:43:06,505 INFO  CreateClassResetClassAdapter - Creating brand-new static initializer in class org/apache/hadoop/thirdparty/com/google/common/collect/ForwardingConcurrentMap
2024-11-12 13:43:06,505 INFO  EvoClassLoader - Seeing class for first time: org.apache.hadoop.thirdparty.com.google.common.collect.ForwardingMap
2024-11-12 13:43:06,505 INFO  EvoClassLoader - Instrumenting class 'org.apache.hadoop.thirdparty.com.google.common.collect.ForwardingMap'.
2024-11-12 13:43:06,505 INFO  MethodCallReplacementClassAdapter - Adding mock interface to class org/apache/hadoop/thirdparty/com/google/common/collect/ForwardingMap
2024-11-12 13:43:06,505 INFO  CreateClassResetClassAdapter - Creating brand-new static initializer in class org/apache/hadoop/thirdparty/com/google/common/collect/ForwardingMap
2024-11-12 13:43:06,505 INFO  EvoClassLoader - Seeing class for first time: org.apache.hadoop.thirdparty.com.google.common.collect.ForwardingObject
2024-11-12 13:43:06,505 INFO  EvoClassLoader - Instrumenting class 'org.apache.hadoop.thirdparty.com.google.common.collect.ForwardingObject'.
2024-11-12 13:43:06,505 INFO  MethodCallReplacementClassAdapter - Adding mock interface to class org/apache/hadoop/thirdparty/com/google/common/collect/ForwardingObject
2024-11-12 13:43:06,506 INFO  CreateClassResetClassAdapter - Creating brand-new static initializer in class org/apache/hadoop/thirdparty/com/google/common/collect/ForwardingObject
2024-11-12 13:43:06,506 INFO  EvoClassLoader - Keeping class: org.apache.hadoop.thirdparty.com.google.common.collect.ForwardingObject
2024-11-12 13:43:06,506 INFO  EvoClassLoader - Keeping class: org.apache.hadoop.thirdparty.com.google.common.collect.ForwardingMap
2024-11-12 13:43:06,506 INFO  EvoClassLoader - Keeping class: org.apache.hadoop.thirdparty.com.google.common.collect.ForwardingConcurrentMap
2024-11-12 13:43:06,506 INFO  EvoClassLoader - Keeping class: org.apache.hadoop.thirdparty.com.google.common.collect.MapMakerInternalMap$AbstractSerializationProxy
2024-11-12 13:43:06,506 INFO  EvoClassLoader - Keeping class: org.apache.hadoop.thirdparty.com.google.common.collect.MapMakerInternalMap$SerializationProxy
2024-11-12 13:43:06,506 INFO  EvoClassLoader - Seeing class for first time: org.apache.hadoop.thirdparty.com.google.common.collect.MapMakerInternalMap$SafeToArraySet
2024-11-12 13:43:06,506 INFO  EvoClassLoader - Instrumenting class 'org.apache.hadoop.thirdparty.com.google.common.collect.MapMakerInternalMap$SafeToArraySet'.
2024-11-12 13:43:06,506 INFO  MethodCallReplacementClassAdapter - Adding mock interface to class org/apache/hadoop/thirdparty/com/google/common/collect/MapMakerInternalMap$SafeToArraySet
2024-11-12 13:43:06,506 INFO  CreateClassResetClassAdapter - Creating brand-new static initializer in class org/apache/hadoop/thirdparty/com/google/common/collect/MapMakerInternalMap$SafeToArraySet
2024-11-12 13:43:06,506 INFO  EvoClassLoader - Keeping class: org.apache.hadoop.thirdparty.com.google.common.collect.MapMakerInternalMap$SafeToArraySet
2024-11-12 13:43:06,506 INFO  EvoClassLoader - Seeing class for first time: org.apache.hadoop.thirdparty.com.google.common.collect.MapMakerInternalMap$EntrySet
2024-11-12 13:43:06,506 INFO  EvoClassLoader - Instrumenting class 'org.apache.hadoop.thirdparty.com.google.common.collect.MapMakerInternalMap$EntrySet'.
2024-11-12 13:43:06,506 INFO  MethodCallReplacementClassAdapter - Adding mock interface to class org/apache/hadoop/thirdparty/com/google/common/collect/MapMakerInternalMap$EntrySet
2024-11-12 13:43:06,506 INFO  CreateClassResetClassAdapter - Creating brand-new static initializer in class org/apache/hadoop/thirdparty/com/google/common/collect/MapMakerInternalMap$EntrySet
2024-11-12 13:43:06,506 INFO  EvoClassLoader - Keeping class: org.apache.hadoop.thirdparty.com.google.common.collect.MapMakerInternalMap$EntrySet
2024-11-12 13:43:06,506 INFO  EvoClassLoader - Seeing class for first time: org.apache.hadoop.thirdparty.com.google.common.collect.MapMakerInternalMap$Values
2024-11-12 13:43:06,506 INFO  EvoClassLoader - Instrumenting class 'org.apache.hadoop.thirdparty.com.google.common.collect.MapMakerInternalMap$Values'.
2024-11-12 13:43:06,507 INFO  MethodCallReplacementClassAdapter - Adding mock interface to class org/apache/hadoop/thirdparty/com/google/common/collect/MapMakerInternalMap$Values
2024-11-12 13:43:06,507 INFO  CreateClassResetClassAdapter - Creating brand-new static initializer in class org/apache/hadoop/thirdparty/com/google/common/collect/MapMakerInternalMap$Values
2024-11-12 13:43:06,507 INFO  EvoClassLoader - Keeping class: org.apache.hadoop.thirdparty.com.google.common.collect.MapMakerInternalMap$Values
2024-11-12 13:43:06,507 INFO  EvoClassLoader - Seeing class for first time: org.apache.hadoop.thirdparty.com.google.common.collect.MapMakerInternalMap$KeySet
2024-11-12 13:43:06,507 INFO  EvoClassLoader - Instrumenting class 'org.apache.hadoop.thirdparty.com.google.common.collect.MapMakerInternalMap$KeySet'.
2024-11-12 13:43:06,507 INFO  MethodCallReplacementClassAdapter - Adding mock interface to class org/apache/hadoop/thirdparty/com/google/common/collect/MapMakerInternalMap$KeySet
2024-11-12 13:43:06,507 INFO  CreateClassResetClassAdapter - Creating brand-new static initializer in class org/apache/hadoop/thirdparty/com/google/common/collect/MapMakerInternalMap$KeySet
2024-11-12 13:43:06,507 INFO  EvoClassLoader - Keeping class: org.apache.hadoop.thirdparty.com.google.common.collect.MapMakerInternalMap$KeySet
2024-11-12 13:43:06,507 INFO  EvoClassLoader - Seeing class for first time: org.apache.hadoop.thirdparty.com.google.common.collect.MapMakerInternalMap$EntryIterator
2024-11-12 13:43:06,507 INFO  EvoClassLoader - Instrumenting class 'org.apache.hadoop.thirdparty.com.google.common.collect.MapMakerInternalMap$EntryIterator'.
2024-11-12 13:43:06,508 INFO  MethodCallReplacementClassAdapter - Adding mock interface to class org/apache/hadoop/thirdparty/com/google/common/collect/MapMakerInternalMap$EntryIterator
2024-11-12 13:43:06,508 INFO  CreateClassResetClassAdapter - Creating brand-new static initializer in class org/apache/hadoop/thirdparty/com/google/common/collect/MapMakerInternalMap$EntryIterator
2024-11-12 13:43:06,508 INFO  EvoClassLoader - Seeing class for first time: org.apache.hadoop.thirdparty.com.google.common.collect.MapMakerInternalMap$HashIterator
2024-11-12 13:43:06,508 INFO  EvoClassLoader - Instrumenting class 'org.apache.hadoop.thirdparty.com.google.common.collect.MapMakerInternalMap$HashIterator'.
2024-11-12 13:43:06,508 INFO  MethodCallReplacementClassAdapter - Adding mock interface to class org/apache/hadoop/thirdparty/com/google/common/collect/MapMakerInternalMap$HashIterator
2024-11-12 13:43:06,508 INFO  CreateClassResetClassAdapter - Creating brand-new static initializer in class org/apache/hadoop/thirdparty/com/google/common/collect/MapMakerInternalMap$HashIterator
2024-11-12 13:43:06,509 INFO  EvoClassLoader - Keeping class: org.apache.hadoop.thirdparty.com.google.common.collect.MapMakerInternalMap$HashIterator
2024-11-12 13:43:06,509 INFO  EvoClassLoader - Keeping class: org.apache.hadoop.thirdparty.com.google.common.collect.MapMakerInternalMap$EntryIterator
2024-11-12 13:43:06,509 INFO  EvoClassLoader - Seeing class for first time: org.apache.hadoop.thirdparty.com.google.common.collect.MapMakerInternalMap$WriteThroughEntry
2024-11-12 13:43:06,509 INFO  EvoClassLoader - Instrumenting class 'org.apache.hadoop.thirdparty.com.google.common.collect.MapMakerInternalMap$WriteThroughEntry'.
2024-11-12 13:43:06,509 INFO  MethodCallReplacementClassAdapter - Adding mock interface to class org/apache/hadoop/thirdparty/com/google/common/collect/MapMakerInternalMap$WriteThroughEntry
2024-11-12 13:43:06,509 INFO  CreateClassResetClassAdapter - Creating brand-new static initializer in class org/apache/hadoop/thirdparty/com/google/common/collect/MapMakerInternalMap$WriteThroughEntry
2024-11-12 13:43:06,509 INFO  EvoClassLoader - Seeing class for first time: org.apache.hadoop.thirdparty.com.google.common.collect.AbstractMapEntry
2024-11-12 13:43:06,509 INFO  EvoClassLoader - Instrumenting class 'org.apache.hadoop.thirdparty.com.google.common.collect.AbstractMapEntry'.
2024-11-12 13:43:06,510 INFO  MethodCallReplacementClassAdapter - Adding mock interface to class org/apache/hadoop/thirdparty/com/google/common/collect/AbstractMapEntry
2024-11-12 13:43:06,510 INFO  CreateClassResetClassAdapter - Creating brand-new static initializer in class org/apache/hadoop/thirdparty/com/google/common/collect/AbstractMapEntry
2024-11-12 13:43:06,510 INFO  EvoClassLoader - Keeping class: org.apache.hadoop.thirdparty.com.google.common.collect.AbstractMapEntry
2024-11-12 13:43:06,510 INFO  EvoClassLoader - Keeping class: org.apache.hadoop.thirdparty.com.google.common.collect.MapMakerInternalMap$WriteThroughEntry
2024-11-12 13:43:06,510 INFO  EvoClassLoader - Seeing class for first time: org.apache.hadoop.thirdparty.com.google.common.collect.MapMakerInternalMap$ValueIterator
2024-11-12 13:43:06,510 INFO  EvoClassLoader - Instrumenting class 'org.apache.hadoop.thirdparty.com.google.common.collect.MapMakerInternalMap$ValueIterator'.
2024-11-12 13:43:06,511 INFO  MethodCallReplacementClassAdapter - Adding mock interface to class org/apache/hadoop/thirdparty/com/google/common/collect/MapMakerInternalMap$ValueIterator
2024-11-12 13:43:06,511 INFO  CreateClassResetClassAdapter - Creating brand-new static initializer in class org/apache/hadoop/thirdparty/com/google/common/collect/MapMakerInternalMap$ValueIterator
2024-11-12 13:43:06,511 INFO  EvoClassLoader - Keeping class: org.apache.hadoop.thirdparty.com.google.common.collect.MapMakerInternalMap$ValueIterator
2024-11-12 13:43:06,511 INFO  EvoClassLoader - Seeing class for first time: org.apache.hadoop.thirdparty.com.google.common.collect.MapMakerInternalMap$KeyIterator
2024-11-12 13:43:06,511 INFO  EvoClassLoader - Instrumenting class 'org.apache.hadoop.thirdparty.com.google.common.collect.MapMakerInternalMap$KeyIterator'.
2024-11-12 13:43:06,511 INFO  MethodCallReplacementClassAdapter - Adding mock interface to class org/apache/hadoop/thirdparty/com/google/common/collect/MapMakerInternalMap$KeyIterator
2024-11-12 13:43:06,511 INFO  CreateClassResetClassAdapter - Creating brand-new static initializer in class org/apache/hadoop/thirdparty/com/google/common/collect/MapMakerInternalMap$KeyIterator
2024-11-12 13:43:06,511 INFO  EvoClassLoader - Keeping class: org.apache.hadoop.thirdparty.com.google.common.collect.MapMakerInternalMap$KeyIterator
2024-11-12 13:43:06,511 INFO  EvoClassLoader - Seeing class for first time: org.apache.hadoop.thirdparty.com.google.common.collect.MapMakerInternalMap$CleanupMapTask
2024-11-12 13:43:06,511 INFO  EvoClassLoader - Instrumenting class 'org.apache.hadoop.thirdparty.com.google.common.collect.MapMakerInternalMap$CleanupMapTask'.
2024-11-12 13:43:06,512 INFO  MethodCallReplacementClassAdapter - Adding mock interface to class org/apache/hadoop/thirdparty/com/google/common/collect/MapMakerInternalMap$CleanupMapTask
2024-11-12 13:43:06,512 INFO  CreateClassResetClassAdapter - Creating brand-new static initializer in class org/apache/hadoop/thirdparty/com/google/common/collect/MapMakerInternalMap$CleanupMapTask
2024-11-12 13:43:06,512 INFO  EvoClassLoader - Keeping class: org.apache.hadoop.thirdparty.com.google.common.collect.MapMakerInternalMap$CleanupMapTask
2024-11-12 13:43:06,512 INFO  EvoClassLoader - Seeing class for first time: org.apache.hadoop.thirdparty.com.google.common.collect.MapMakerInternalMap$WeakKeyDummyValueSegment
2024-11-12 13:43:06,512 INFO  EvoClassLoader - Instrumenting class 'org.apache.hadoop.thirdparty.com.google.common.collect.MapMakerInternalMap$WeakKeyDummyValueSegment'.
2024-11-12 13:43:06,513 INFO  MethodCallReplacementClassAdapter - Adding mock interface to class org/apache/hadoop/thirdparty/com/google/common/collect/MapMakerInternalMap$WeakKeyDummyValueSegment
2024-11-12 13:43:06,513 INFO  CreateClassResetClassAdapter - Creating brand-new static initializer in class org/apache/hadoop/thirdparty/com/google/common/collect/MapMakerInternalMap$WeakKeyDummyValueSegment
2024-11-12 13:43:06,513 INFO  EvoClassLoader - Keeping class: org.apache.hadoop.thirdparty.com.google.common.collect.MapMakerInternalMap$WeakKeyDummyValueSegment
2024-11-12 13:43:06,513 INFO  EvoClassLoader - Seeing class for first time: org.apache.hadoop.thirdparty.com.google.common.collect.MapMakerInternalMap$WeakKeyWeakValueSegment
2024-11-12 13:43:06,513 INFO  EvoClassLoader - Instrumenting class 'org.apache.hadoop.thirdparty.com.google.common.collect.MapMakerInternalMap$WeakKeyWeakValueSegment'.
2024-11-12 13:43:06,513 INFO  MethodCallReplacementClassAdapter - Adding mock interface to class org/apache/hadoop/thirdparty/com/google/common/collect/MapMakerInternalMap$WeakKeyWeakValueSegment
2024-11-12 13:43:06,514 INFO  CreateClassResetClassAdapter - Creating brand-new static initializer in class org/apache/hadoop/thirdparty/com/google/common/collect/MapMakerInternalMap$WeakKeyWeakValueSegment
2024-11-12 13:43:06,514 INFO  EvoClassLoader - Keeping class: org.apache.hadoop.thirdparty.com.google.common.collect.MapMakerInternalMap$WeakKeyWeakValueSegment
2024-11-12 13:43:06,514 INFO  EvoClassLoader - Seeing class for first time: org.apache.hadoop.thirdparty.com.google.common.collect.MapMakerInternalMap$WeakKeyStrongValueSegment
2024-11-12 13:43:06,514 INFO  EvoClassLoader - Instrumenting class 'org.apache.hadoop.thirdparty.com.google.common.collect.MapMakerInternalMap$WeakKeyStrongValueSegment'.
2024-11-12 13:43:06,514 INFO  MethodCallReplacementClassAdapter - Adding mock interface to class org/apache/hadoop/thirdparty/com/google/common/collect/MapMakerInternalMap$WeakKeyStrongValueSegment
2024-11-12 13:43:06,514 INFO  CreateClassResetClassAdapter - Creating brand-new static initializer in class org/apache/hadoop/thirdparty/com/google/common/collect/MapMakerInternalMap$WeakKeyStrongValueSegment
2024-11-12 13:43:06,514 INFO  EvoClassLoader - Keeping class: org.apache.hadoop.thirdparty.com.google.common.collect.MapMakerInternalMap$WeakKeyStrongValueSegment
2024-11-12 13:43:06,514 INFO  EvoClassLoader - Seeing class for first time: org.apache.hadoop.thirdparty.com.google.common.collect.MapMakerInternalMap$StrongKeyWeakValueSegment
2024-11-12 13:43:06,514 INFO  EvoClassLoader - Instrumenting class 'org.apache.hadoop.thirdparty.com.google.common.collect.MapMakerInternalMap$StrongKeyWeakValueSegment'.
2024-11-12 13:43:06,514 INFO  MethodCallReplacementClassAdapter - Adding mock interface to class org/apache/hadoop/thirdparty/com/google/common/collect/MapMakerInternalMap$StrongKeyWeakValueSegment
2024-11-12 13:43:06,514 INFO  CreateClassResetClassAdapter - Creating brand-new static initializer in class org/apache/hadoop/thirdparty/com/google/common/collect/MapMakerInternalMap$StrongKeyWeakValueSegment
2024-11-12 13:43:06,515 INFO  EvoClassLoader - Keeping class: org.apache.hadoop.thirdparty.com.google.common.collect.MapMakerInternalMap$StrongKeyWeakValueSegment
2024-11-12 13:43:06,515 INFO  EvoClassLoader - Seeing class for first time: org.apache.hadoop.thirdparty.com.google.common.collect.MapMakerInternalMap$StrongKeyStrongValueSegment
2024-11-12 13:43:06,515 INFO  EvoClassLoader - Instrumenting class 'org.apache.hadoop.thirdparty.com.google.common.collect.MapMakerInternalMap$StrongKeyStrongValueSegment'.
2024-11-12 13:43:06,515 INFO  MethodCallReplacementClassAdapter - Adding mock interface to class org/apache/hadoop/thirdparty/com/google/common/collect/MapMakerInternalMap$StrongKeyStrongValueSegment
2024-11-12 13:43:06,515 INFO  CreateClassResetClassAdapter - Creating brand-new static initializer in class org/apache/hadoop/thirdparty/com/google/common/collect/MapMakerInternalMap$StrongKeyStrongValueSegment
2024-11-12 13:43:06,515 INFO  EvoClassLoader - Keeping class: org.apache.hadoop.thirdparty.com.google.common.collect.MapMakerInternalMap$StrongKeyStrongValueSegment
2024-11-12 13:43:06,515 INFO  EvoClassLoader - Seeing class for first time: org.apache.hadoop.thirdparty.com.google.common.collect.MapMakerInternalMap$WeakValueReferenceImpl
2024-11-12 13:43:06,515 INFO  EvoClassLoader - Instrumenting class 'org.apache.hadoop.thirdparty.com.google.common.collect.MapMakerInternalMap$WeakValueReferenceImpl'.
2024-11-12 13:43:06,515 INFO  MethodCallReplacementClassAdapter - Adding mock interface to class org/apache/hadoop/thirdparty/com/google/common/collect/MapMakerInternalMap$WeakValueReferenceImpl
2024-11-12 13:43:06,515 INFO  CreateClassResetClassAdapter - Creating brand-new static initializer in class org/apache/hadoop/thirdparty/com/google/common/collect/MapMakerInternalMap$WeakValueReferenceImpl
2024-11-12 13:43:06,516 INFO  EvoClassLoader - Keeping class: org.apache.hadoop.thirdparty.com.google.common.collect.MapMakerInternalMap$WeakValueReferenceImpl
2024-11-12 13:43:06,516 INFO  EvoClassLoader - Seeing class for first time: org.apache.hadoop.thirdparty.com.google.common.collect.MapMakerInternalMap$WeakKeyWeakValueEntry
2024-11-12 13:43:06,516 INFO  EvoClassLoader - Instrumenting class 'org.apache.hadoop.thirdparty.com.google.common.collect.MapMakerInternalMap$WeakKeyWeakValueEntry'.
2024-11-12 13:43:06,516 INFO  MethodCallReplacementClassAdapter - Adding mock interface to class org/apache/hadoop/thirdparty/com/google/common/collect/MapMakerInternalMap$WeakKeyWeakValueEntry
2024-11-12 13:43:06,516 INFO  CreateClassResetClassAdapter - Creating brand-new static initializer in class org/apache/hadoop/thirdparty/com/google/common/collect/MapMakerInternalMap$WeakKeyWeakValueEntry
2024-11-12 13:43:06,516 INFO  EvoClassLoader - Seeing class for first time: org.apache.hadoop.thirdparty.com.google.common.collect.MapMakerInternalMap$WeakValueEntry
2024-11-12 13:43:06,516 INFO  EvoClassLoader - Instrumenting class 'org.apache.hadoop.thirdparty.com.google.common.collect.MapMakerInternalMap$WeakValueEntry'.
2024-11-12 13:43:06,516 INFO  EvoClassLoader - Keeping class: org.apache.hadoop.thirdparty.com.google.common.collect.MapMakerInternalMap$WeakValueEntry
2024-11-12 13:43:06,516 INFO  EvoClassLoader - Seeing class for first time: org.apache.hadoop.thirdparty.com.google.common.collect.MapMakerInternalMap$AbstractWeakKeyEntry
2024-11-12 13:43:06,516 INFO  EvoClassLoader - Instrumenting class 'org.apache.hadoop.thirdparty.com.google.common.collect.MapMakerInternalMap$AbstractWeakKeyEntry'.
2024-11-12 13:43:06,516 INFO  MethodCallReplacementClassAdapter - Adding mock interface to class org/apache/hadoop/thirdparty/com/google/common/collect/MapMakerInternalMap$AbstractWeakKeyEntry
2024-11-12 13:43:06,516 INFO  CreateClassResetClassAdapter - Creating brand-new static initializer in class org/apache/hadoop/thirdparty/com/google/common/collect/MapMakerInternalMap$AbstractWeakKeyEntry
2024-11-12 13:43:06,517 INFO  EvoClassLoader - Keeping class: org.apache.hadoop.thirdparty.com.google.common.collect.MapMakerInternalMap$AbstractWeakKeyEntry
2024-11-12 13:43:06,517 INFO  EvoClassLoader - Keeping class: org.apache.hadoop.thirdparty.com.google.common.collect.MapMakerInternalMap$WeakKeyWeakValueEntry
2024-11-12 13:43:06,517 INFO  EvoClassLoader - Seeing class for first time: org.apache.hadoop.thirdparty.com.google.common.collect.MapMakerInternalMap$WeakKeyStrongValueEntry
2024-11-12 13:43:06,517 INFO  EvoClassLoader - Instrumenting class 'org.apache.hadoop.thirdparty.com.google.common.collect.MapMakerInternalMap$WeakKeyStrongValueEntry'.
2024-11-12 13:43:06,517 INFO  MethodCallReplacementClassAdapter - Adding mock interface to class org/apache/hadoop/thirdparty/com/google/common/collect/MapMakerInternalMap$WeakKeyStrongValueEntry
2024-11-12 13:43:06,517 INFO  CreateClassResetClassAdapter - Creating brand-new static initializer in class org/apache/hadoop/thirdparty/com/google/common/collect/MapMakerInternalMap$WeakKeyStrongValueEntry
2024-11-12 13:43:06,517 INFO  EvoClassLoader - Keeping class: org.apache.hadoop.thirdparty.com.google.common.collect.MapMakerInternalMap$WeakKeyStrongValueEntry
2024-11-12 13:43:06,517 INFO  EvoClassLoader - Seeing class for first time: org.apache.hadoop.thirdparty.com.google.common.collect.MapMakerInternalMap$WeakKeyDummyValueEntry
2024-11-12 13:43:06,517 INFO  EvoClassLoader - Instrumenting class 'org.apache.hadoop.thirdparty.com.google.common.collect.MapMakerInternalMap$WeakKeyDummyValueEntry'.
2024-11-12 13:43:06,517 INFO  MethodCallReplacementClassAdapter - Adding mock interface to class org/apache/hadoop/thirdparty/com/google/common/collect/MapMakerInternalMap$WeakKeyDummyValueEntry
2024-11-12 13:43:06,517 INFO  CreateClassResetClassAdapter - Creating brand-new static initializer in class org/apache/hadoop/thirdparty/com/google/common/collect/MapMakerInternalMap$WeakKeyDummyValueEntry
2024-11-12 13:43:06,517 INFO  EvoClassLoader - Keeping class: org.apache.hadoop.thirdparty.com.google.common.collect.MapMakerInternalMap$WeakKeyDummyValueEntry
2024-11-12 13:43:06,517 INFO  EvoClassLoader - Seeing class for first time: org.apache.hadoop.thirdparty.com.google.common.collect.MapMakerInternalMap$StrongKeyWeakValueEntry
2024-11-12 13:43:06,517 INFO  EvoClassLoader - Instrumenting class 'org.apache.hadoop.thirdparty.com.google.common.collect.MapMakerInternalMap$StrongKeyWeakValueEntry'.
2024-11-12 13:43:06,518 INFO  MethodCallReplacementClassAdapter - Adding mock interface to class org/apache/hadoop/thirdparty/com/google/common/collect/MapMakerInternalMap$StrongKeyWeakValueEntry
2024-11-12 13:43:06,518 INFO  CreateClassResetClassAdapter - Creating brand-new static initializer in class org/apache/hadoop/thirdparty/com/google/common/collect/MapMakerInternalMap$StrongKeyWeakValueEntry
2024-11-12 13:43:06,518 INFO  EvoClassLoader - Keeping class: org.apache.hadoop.thirdparty.com.google.common.collect.MapMakerInternalMap$StrongKeyWeakValueEntry
2024-11-12 13:43:06,518 INFO  EvoClassLoader - Seeing class for first time: org.apache.hadoop.thirdparty.com.google.common.collect.MapMakerInternalMap$StrongKeyStrongValueEntry
2024-11-12 13:43:06,518 INFO  EvoClassLoader - Instrumenting class 'org.apache.hadoop.thirdparty.com.google.common.collect.MapMakerInternalMap$StrongKeyStrongValueEntry'.
2024-11-12 13:43:06,518 INFO  MethodCallReplacementClassAdapter - Adding mock interface to class org/apache/hadoop/thirdparty/com/google/common/collect/MapMakerInternalMap$StrongKeyStrongValueEntry
2024-11-12 13:43:06,518 INFO  CreateClassResetClassAdapter - Creating brand-new static initializer in class org/apache/hadoop/thirdparty/com/google/common/collect/MapMakerInternalMap$StrongKeyStrongValueEntry
2024-11-12 13:43:06,518 INFO  EvoClassLoader - Keeping class: org.apache.hadoop.thirdparty.com.google.common.collect.MapMakerInternalMap$StrongKeyStrongValueEntry
2024-11-12 13:43:06,557 INFO  EvoClassLoader - Seeing class for first time: org.apache.hadoop.hdfs.protocol.HdfsConstants
2024-11-12 13:43:06,557 INFO  EvoClassLoader - Instrumenting class 'org.apache.hadoop.hdfs.protocol.HdfsConstants'.
2024-11-12 13:43:06,557 INFO  MethodCallReplacementClassAdapter - Adding mock interface to class org/apache/hadoop/hdfs/protocol/HdfsConstants
2024-11-12 13:43:06,557 INFO  CreateClassResetClassAdapter - Creating brand-new static initializer in class org/apache/hadoop/hdfs/protocol/HdfsConstants
2024-11-12 13:43:06,557 INFO  CreateClassResetClassAdapter - Adding bytecode for initializing field QUOTA_DONT_SET
2024-11-12 13:43:06,557 INFO  CreateClassResetClassAdapter - Adding bytecode for initializing field QUOTA_RESET
2024-11-12 13:43:06,557 INFO  CreateClassResetClassAdapter - Adding bytecode for initializing field BYTES_IN_INTEGER
2024-11-12 13:43:06,557 INFO  CreateClassResetClassAdapter - Adding bytecode for initializing field HDFS_URI_SCHEME
2024-11-12 13:43:06,557 INFO  CreateClassResetClassAdapter - Adding bytecode for initializing field MEMORY_STORAGE_POLICY_ID
2024-11-12 13:43:06,557 INFO  CreateClassResetClassAdapter - Adding bytecode for initializing field MEMORY_STORAGE_POLICY_NAME
2024-11-12 13:43:06,557 INFO  CreateClassResetClassAdapter - Adding bytecode for initializing field ALLNVDIMM_STORAGE_POLICY_ID
2024-11-12 13:43:06,557 INFO  CreateClassResetClassAdapter - Adding bytecode for initializing field ALLNVDIMM_STORAGE_POLICY_NAME
2024-11-12 13:43:06,557 INFO  CreateClassResetClassAdapter - Adding bytecode for initializing field ALLSSD_STORAGE_POLICY_ID
2024-11-12 13:43:06,557 INFO  CreateClassResetClassAdapter - Adding bytecode for initializing field ALLSSD_STORAGE_POLICY_NAME
2024-11-12 13:43:06,557 INFO  CreateClassResetClassAdapter - Adding bytecode for initializing field ONESSD_STORAGE_POLICY_ID
2024-11-12 13:43:06,557 INFO  CreateClassResetClassAdapter - Adding bytecode for initializing field ONESSD_STORAGE_POLICY_NAME
2024-11-12 13:43:06,557 INFO  CreateClassResetClassAdapter - Adding bytecode for initializing field HOT_STORAGE_POLICY_ID
2024-11-12 13:43:06,557 INFO  CreateClassResetClassAdapter - Adding bytecode for initializing field HOT_STORAGE_POLICY_NAME
2024-11-12 13:43:06,557 INFO  CreateClassResetClassAdapter - Adding bytecode for initializing field WARM_STORAGE_POLICY_ID
2024-11-12 13:43:06,557 INFO  CreateClassResetClassAdapter - Adding bytecode for initializing field WARM_STORAGE_POLICY_NAME
2024-11-12 13:43:06,557 INFO  CreateClassResetClassAdapter - Adding bytecode for initializing field COLD_STORAGE_POLICY_ID
2024-11-12 13:43:06,557 INFO  CreateClassResetClassAdapter - Adding bytecode for initializing field COLD_STORAGE_POLICY_NAME
2024-11-12 13:43:06,557 INFO  CreateClassResetClassAdapter - Adding bytecode for initializing field PROVIDED_STORAGE_POLICY_ID
2024-11-12 13:43:06,557 INFO  CreateClassResetClassAdapter - Adding bytecode for initializing field PROVIDED_STORAGE_POLICY_NAME
2024-11-12 13:43:06,557 INFO  CreateClassResetClassAdapter - Adding bytecode for initializing field DEFAULT_DATA_SOCKET_SIZE
2024-11-12 13:43:06,557 INFO  CreateClassResetClassAdapter - Adding bytecode for initializing field DOT_SNAPSHOT_DIR
2024-11-12 13:43:06,557 INFO  CreateClassResetClassAdapter - Adding bytecode for initializing field SEPARATOR_DOT_SNAPSHOT_DIR
2024-11-12 13:43:06,557 INFO  CreateClassResetClassAdapter - Adding bytecode for initializing field DOT_SNAPSHOT_DIR_SEPARATOR
2024-11-12 13:43:06,557 INFO  CreateClassResetClassAdapter - Adding bytecode for initializing field SEPARATOR_DOT_SNAPSHOT_DIR_SEPARATOR
2024-11-12 13:43:06,557 INFO  CreateClassResetClassAdapter - Adding bytecode for initializing field DOT_RESERVED_STRING
2024-11-12 13:43:06,557 INFO  CreateClassResetClassAdapter - Adding bytecode for initializing field DOT_RESERVED_PATH_PREFIX
2024-11-12 13:43:06,557 INFO  CreateClassResetClassAdapter - Adding bytecode for initializing field DOT_INODES_STRING
2024-11-12 13:43:06,557 INFO  CreateClassResetClassAdapter - Adding bytecode for initializing field GRANDFATHER_GENERATION_STAMP
2024-11-12 13:43:06,557 INFO  CreateClassResetClassAdapter - Adding bytecode for initializing field GRANDFATHER_INODE_ID
2024-11-12 13:43:06,557 INFO  CreateClassResetClassAdapter - Adding bytecode for initializing field BLOCK_STORAGE_POLICY_ID_UNSPECIFIED
2024-11-12 13:43:06,557 INFO  CreateClassResetClassAdapter - Adding bytecode for initializing field HA_DT_SERVICE_PREFIX
2024-11-12 13:43:06,557 INFO  CreateClassResetClassAdapter - Adding bytecode for initializing field SAFEMODE_EXCEPTION_CLASS_NAME
2024-11-12 13:43:06,557 INFO  CreateClassResetClassAdapter - Adding bytecode for initializing field CLIENT_NAMENODE_PROTOCOL_NAME
2024-11-12 13:43:06,557 INFO  CreateClassResetClassAdapter - Adding bytecode for initializing field ROUTER_ADMIN_PROTOCOL_NAME
2024-11-12 13:43:06,557 INFO  CreateClassResetClassAdapter - Adding bytecode for initializing field READ_TIMEOUT
2024-11-12 13:43:06,557 INFO  CreateClassResetClassAdapter - Adding bytecode for initializing field READ_TIMEOUT_EXTENSION
2024-11-12 13:43:06,557 INFO  CreateClassResetClassAdapter - Adding bytecode for initializing field WRITE_TIMEOUT
2024-11-12 13:43:06,557 INFO  CreateClassResetClassAdapter - Adding bytecode for initializing field WRITE_TIMEOUT_EXTENSION
2024-11-12 13:43:06,557 INFO  CreateClassResetClassAdapter - Adding bytecode for initializing field LEASE_SOFTLIMIT_PERIOD
2024-11-12 13:43:06,562 INFO  EvoClassLoader - Keeping class: org.apache.hadoop.hdfs.protocol.HdfsConstants
2024-11-12 13:43:06,562 INFO  EvoClassLoader - Seeing class for first time: org.apache.hadoop.hdfs.protocol.HdfsConstants$StoragePolicySatisfierMode
2024-11-12 13:43:06,562 INFO  EvoClassLoader - Instrumenting class 'org.apache.hadoop.hdfs.protocol.HdfsConstants$StoragePolicySatisfierMode'.
2024-11-12 13:43:06,563 INFO  MethodCallReplacementClassAdapter - Adding mock interface to class org/apache/hadoop/hdfs/protocol/HdfsConstants$StoragePolicySatisfierMode
2024-11-12 13:43:06,563 INFO  CreateClassResetClassAdapter - Found static initializer in class org/apache/hadoop/hdfs/protocol/HdfsConstants$StoragePolicySatisfierMode
2024-11-12 13:43:06,563 INFO  EvoClassLoader - Keeping class: org.apache.hadoop.hdfs.protocol.HdfsConstants$StoragePolicySatisfierMode
2024-11-12 13:43:06,564 INFO  EvoClassLoader - Seeing class for first time: org.apache.hadoop.hdfs.DFSUtil$1
2024-11-12 13:43:06,564 INFO  EvoClassLoader - Instrumenting class 'org.apache.hadoop.hdfs.DFSUtil$1'.
2024-11-12 13:43:06,564 INFO  MethodCallReplacementClassAdapter - Adding mock interface to class org/apache/hadoop/hdfs/DFSUtil$1
2024-11-12 13:43:06,565 INFO  EvoClassLoader - Keeping class: org.apache.hadoop.hdfs.DFSUtil$1
2024-11-12 13:43:06,565 INFO  EvoClassLoader - Seeing class for first time: org.apache.hadoop.hdfs.DFSUtil
2024-11-12 13:43:06,565 INFO  EvoClassLoader - Instrumenting class 'org.apache.hadoop.hdfs.DFSUtil'.
2024-11-12 13:43:06,566 INFO  MethodCallReplacementClassAdapter - Adding mock interface to class org/apache/hadoop/hdfs/DFSUtil
2024-11-12 13:43:06,569 INFO  CreateClassResetClassAdapter - Found static initializer in class org/apache/hadoop/hdfs/DFSUtil
2024-11-12 13:43:06,571 INFO  EvoClassLoader - Keeping class: org.apache.hadoop.hdfs.DFSUtil
2024-11-12 13:43:06,571 INFO  EvoClassLoader - Seeing class for first time: org.apache.hadoop.hdfs.DFSUtil$2
2024-11-12 13:43:06,571 INFO  EvoClassLoader - Instrumenting class 'org.apache.hadoop.hdfs.DFSUtil$2'.
2024-11-12 13:43:06,571 INFO  MethodCallReplacementClassAdapter - Adding mock interface to class org/apache/hadoop/hdfs/DFSUtil$2
2024-11-12 13:43:06,572 INFO  EvoClassLoader - Seeing class for first time: org.apache.hadoop.hdfs.DFSUtil$AddressMatcher
2024-11-12 13:43:06,572 INFO  EvoClassLoader - Instrumenting class 'org.apache.hadoop.hdfs.DFSUtil$AddressMatcher'.
2024-11-12 13:43:06,573 INFO  EvoClassLoader - Keeping class: org.apache.hadoop.hdfs.DFSUtil$AddressMatcher
2024-11-12 13:43:06,573 INFO  EvoClassLoader - Keeping class: org.apache.hadoop.hdfs.DFSUtil$2
2024-11-12 13:43:06,575 INFO  EvoClassLoader - Seeing class for first time: org.apache.hadoop.http.HttpConfig$Policy
2024-11-12 13:43:06,575 INFO  EvoClassLoader - Instrumenting class 'org.apache.hadoop.http.HttpConfig$Policy'.
2024-11-12 13:43:06,575 INFO  MethodCallReplacementClassAdapter - Adding mock interface to class org/apache/hadoop/http/HttpConfig$Policy
2024-11-12 13:43:06,575 INFO  CreateClassResetClassAdapter - Found static initializer in class org/apache/hadoop/http/HttpConfig$Policy
2024-11-12 13:43:06,575 INFO  EvoClassLoader - Defined package (3): package org.apache.hadoop.http, 101202779
2024-11-12 13:43:06,576 INFO  EvoClassLoader - Keeping class: org.apache.hadoop.http.HttpConfig$Policy
2024-11-12 13:43:06,576 INFO  EvoClassLoader - Seeing class for first time: org.apache.hadoop.thirdparty.protobuf.BlockingService
2024-11-12 13:43:06,576 INFO  EvoClassLoader - Instrumenting class 'org.apache.hadoop.thirdparty.protobuf.BlockingService'.
2024-11-12 13:43:06,577 INFO  EvoClassLoader - Keeping class: org.apache.hadoop.thirdparty.protobuf.BlockingService
2024-11-12 13:43:06,577 INFO  EvoClassLoader - Seeing class for first time: org.apache.hadoop.ipc.RPC$Server
2024-11-12 13:43:06,577 INFO  EvoClassLoader - Instrumenting class 'org.apache.hadoop.ipc.RPC$Server'.
2024-11-12 13:43:06,577 INFO  MethodCallReplacementClassAdapter - Adding mock interface to class org/apache/hadoop/ipc/RPC$Server
2024-11-12 13:43:06,578 INFO  CreateClassResetClassAdapter - Found static initializer in class org/apache/hadoop/ipc/RPC$Server
2024-11-12 13:43:06,578 INFO  EvoClassLoader - Keeping class: org.apache.hadoop.ipc.RPC$Server
2024-11-12 13:43:06,578 INFO  EvoClassLoader - Seeing class for first time: com.google.protobuf.BlockingService
2024-11-12 13:43:06,578 INFO  EvoClassLoader - Instrumenting class 'com.google.protobuf.BlockingService'.
2024-11-12 13:43:06,579 INFO  EvoClassLoader - Defined package (3): package com.google.protobuf, -650818253
2024-11-12 13:43:06,579 INFO  EvoClassLoader - Keeping class: com.google.protobuf.BlockingService
2024-11-12 13:43:06,579 INFO  EvoClassLoader - Seeing class for first time: org.apache.hadoop.http.HttpServer2$Builder
2024-11-12 13:43:06,579 INFO  EvoClassLoader - Instrumenting class 'org.apache.hadoop.http.HttpServer2$Builder'.
2024-11-12 13:43:06,580 INFO  MethodCallReplacementClassAdapter - Adding mock interface to class org/apache/hadoop/http/HttpServer2$Builder
2024-11-12 13:43:06,581 INFO  CreateClassResetClassAdapter - Creating brand-new static initializer in class org/apache/hadoop/http/HttpServer2$Builder
2024-11-12 13:43:06,583 INFO  EvoClassLoader - Keeping class: org.apache.hadoop.http.HttpServer2$Builder
2024-11-12 13:43:06,583 INFO  EvoClassLoader - Seeing class for first time: org.apache.hadoop.crypto.key.KeyProviderCryptoExtension
2024-11-12 13:43:06,583 INFO  EvoClassLoader - Instrumenting class 'org.apache.hadoop.crypto.key.KeyProviderCryptoExtension'.
2024-11-12 13:43:06,584 INFO  MethodCallReplacementClassAdapter - Adding mock interface to class org/apache/hadoop/crypto/key/KeyProviderCryptoExtension
2024-11-12 13:43:06,584 INFO  CreateClassResetClassAdapter - Creating brand-new static initializer in class org/apache/hadoop/crypto/key/KeyProviderCryptoExtension
2024-11-12 13:43:06,584 INFO  CreateClassResetClassAdapter - Adding bytecode for initializing field EEK
2024-11-12 13:43:06,584 INFO  CreateClassResetClassAdapter - Adding bytecode for initializing field EK
2024-11-12 13:43:06,584 INFO  EvoClassLoader - Seeing class for first time: org.apache.hadoop.crypto.key.KeyProviderExtension
2024-11-12 13:43:06,584 INFO  EvoClassLoader - Instrumenting class 'org.apache.hadoop.crypto.key.KeyProviderExtension'.
2024-11-12 13:43:06,585 INFO  MethodCallReplacementClassAdapter - Adding mock interface to class org/apache/hadoop/crypto/key/KeyProviderExtension
2024-11-12 13:43:06,585 INFO  CreateClassResetClassAdapter - Creating brand-new static initializer in class org/apache/hadoop/crypto/key/KeyProviderExtension
2024-11-12 13:43:06,585 INFO  EvoClassLoader - Keeping class: org.apache.hadoop.crypto.key.KeyProviderExtension
2024-11-12 13:43:06,585 INFO  EvoClassLoader - Keeping class: org.apache.hadoop.crypto.key.KeyProviderCryptoExtension
2024-11-12 13:43:06,585 INFO  EvoClassLoader - Seeing class for first time: org.apache.hadoop.hdfs.security.token.delegation.DelegationTokenIdentifier
2024-11-12 13:43:06,585 INFO  EvoClassLoader - Instrumenting class 'org.apache.hadoop.hdfs.security.token.delegation.DelegationTokenIdentifier'.
2024-11-12 13:43:06,585 INFO  MethodCallReplacementClassAdapter - Adding mock interface to class org/apache/hadoop/hdfs/security/token/delegation/DelegationTokenIdentifier
2024-11-12 13:43:06,585 INFO  CreateClassResetClassAdapter - Found static initializer in class org/apache/hadoop/hdfs/security/token/delegation/DelegationTokenIdentifier
2024-11-12 13:43:06,585 INFO  EvoClassLoader - Defined package (3): package org.apache.hadoop.hdfs.security.token.delegation, -1678507175
2024-11-12 13:43:06,586 INFO  EvoClassLoader - Seeing class for first time: org.apache.hadoop.security.token.delegation.AbstractDelegationTokenIdentifier
2024-11-12 13:43:06,586 INFO  EvoClassLoader - Instrumenting class 'org.apache.hadoop.security.token.delegation.AbstractDelegationTokenIdentifier'.
2024-11-12 13:43:06,586 INFO  MethodCallReplacementClassAdapter - Adding mock interface to class org/apache/hadoop/security/token/delegation/AbstractDelegationTokenIdentifier
2024-11-12 13:43:06,587 INFO  CreateClassResetClassAdapter - Creating brand-new static initializer in class org/apache/hadoop/security/token/delegation/AbstractDelegationTokenIdentifier
2024-11-12 13:43:06,587 INFO  CreateClassResetClassAdapter - Adding bytecode for initializing field VERSION
2024-11-12 13:43:06,587 INFO  EvoClassLoader - Defined package (3): package org.apache.hadoop.security.token.delegation, 367001656
2024-11-12 13:43:06,587 INFO  EvoClassLoader - Keeping class: org.apache.hadoop.security.token.delegation.AbstractDelegationTokenIdentifier
2024-11-12 13:43:06,587 INFO  EvoClassLoader - Keeping class: org.apache.hadoop.hdfs.security.token.delegation.DelegationTokenIdentifier
2024-11-12 13:43:06,587 INFO  EvoClassLoader - Seeing class for first time: org.apache.hadoop.hdfs.server.namenode.FSDirectory
2024-11-12 13:43:06,587 INFO  EvoClassLoader - Instrumenting class 'org.apache.hadoop.hdfs.server.namenode.FSDirectory'.
2024-11-12 13:43:06,588 INFO  MethodCallReplacementClassAdapter - Adding mock interface to class org/apache/hadoop/hdfs/server/namenode/FSDirectory
2024-11-12 13:43:06,591 INFO  CreateClassResetClassAdapter - Found static initializer in class org/apache/hadoop/hdfs/server/namenode/FSDirectory
2024-11-12 13:43:06,593 INFO  EvoClassLoader - Keeping class: org.apache.hadoop.hdfs.server.namenode.FSDirectory
2024-11-12 13:43:06,593 INFO  EvoClassLoader - Seeing class for first time: org.apache.hadoop.hdfs.server.namenode.INodesInPath
2024-11-12 13:43:06,593 INFO  EvoClassLoader - Instrumenting class 'org.apache.hadoop.hdfs.server.namenode.INodesInPath'.
2024-11-12 13:43:06,593 INFO  MethodCallReplacementClassAdapter - Adding mock interface to class org/apache/hadoop/hdfs/server/namenode/INodesInPath
2024-11-12 13:43:06,595 INFO  CreateClassResetClassAdapter - Found static initializer in class org/apache/hadoop/hdfs/server/namenode/INodesInPath
2024-11-12 13:43:06,596 INFO  EvoClassLoader - Keeping class: org.apache.hadoop.hdfs.server.namenode.INodesInPath
2024-11-12 13:43:06,596 INFO  EvoClassLoader - Seeing class for first time: org.apache.hadoop.hdfs.server.datanode.metrics.DataNodeMetrics
2024-11-12 13:43:06,596 INFO  EvoClassLoader - Instrumenting class 'org.apache.hadoop.hdfs.server.datanode.metrics.DataNodeMetrics'.
2024-11-12 13:43:06,596 INFO  MethodCallReplacementClassAdapter - Adding mock interface to class org/apache/hadoop/hdfs/server/datanode/metrics/DataNodeMetrics
2024-11-12 13:43:06,596 INFO  CreateClassResetClassAdapter - Creating brand-new static initializer in class org/apache/hadoop/hdfs/server/datanode/metrics/DataNodeMetrics
2024-11-12 13:43:06,596 INFO  EvoClassLoader - Defined package (3): package org.apache.hadoop.hdfs.server.datanode.metrics, 875394682
2024-11-12 13:43:06,597 INFO  EvoClassLoader - Keeping class: org.apache.hadoop.hdfs.server.datanode.metrics.DataNodeMetrics
2024-11-12 13:43:06,597 INFO  EvoClassLoader - Seeing class for first time: org.apache.hadoop.hdfs.DFSUtilClient
2024-11-12 13:43:06,597 INFO  EvoClassLoader - Instrumenting class 'org.apache.hadoop.hdfs.DFSUtilClient'.
2024-11-12 13:43:06,598 INFO  MethodCallReplacementClassAdapter - Adding mock interface to class org/apache/hadoop/hdfs/DFSUtilClient
2024-11-12 13:43:06,604 INFO  CreateClassResetClassAdapter - Found static initializer in class org/apache/hadoop/hdfs/DFSUtilClient
2024-11-12 13:43:06,606 INFO  EvoClassLoader - Keeping class: org.apache.hadoop.hdfs.DFSUtilClient
2024-11-12 13:43:06,606 INFO  EvoClassLoader - Seeing class for first time: org.apache.hadoop.hdfs.net.Peer
2024-11-12 13:43:06,606 INFO  EvoClassLoader - Instrumenting class 'org.apache.hadoop.hdfs.net.Peer'.
2024-11-12 13:43:06,607 INFO  EvoClassLoader - Defined package (3): package org.apache.hadoop.hdfs.net, -1603378613
2024-11-12 13:43:06,607 INFO  EvoClassLoader - Keeping class: org.apache.hadoop.hdfs.net.Peer
2024-11-12 13:43:06,607 INFO  EvoClassLoader - Seeing class for first time: org.apache.hadoop.hdfs.protocol.DatanodeInfoWithStorage
2024-11-12 13:43:06,607 INFO  EvoClassLoader - Instrumenting class 'org.apache.hadoop.hdfs.protocol.DatanodeInfoWithStorage'.
2024-11-12 13:43:06,607 INFO  MethodCallReplacementClassAdapter - Adding mock interface to class org/apache/hadoop/hdfs/protocol/DatanodeInfoWithStorage
2024-11-12 13:43:06,607 INFO  CreateClassResetClassAdapter - Creating brand-new static initializer in class org/apache/hadoop/hdfs/protocol/DatanodeInfoWithStorage
2024-11-12 13:43:06,608 INFO  EvoClassLoader - Keeping class: org.apache.hadoop.hdfs.protocol.DatanodeInfoWithStorage
2024-11-12 13:43:06,608 INFO  EvoClassLoader - Seeing class for first time: org.apache.hadoop.ipc.RpcNoSuchMethodException
2024-11-12 13:43:06,608 INFO  EvoClassLoader - Instrumenting class 'org.apache.hadoop.ipc.RpcNoSuchMethodException'.
2024-11-12 13:43:06,608 INFO  MethodCallReplacementClassAdapter - Adding mock interface to class org/apache/hadoop/ipc/RpcNoSuchMethodException
2024-11-12 13:43:06,608 INFO  CreateClassResetClassAdapter - Creating brand-new static initializer in class org/apache/hadoop/ipc/RpcNoSuchMethodException
2024-11-12 13:43:06,608 INFO  EvoClassLoader - Seeing class for first time: org.apache.hadoop.ipc.RpcServerException
2024-11-12 13:43:06,608 INFO  EvoClassLoader - Instrumenting class 'org.apache.hadoop.ipc.RpcServerException'.
2024-11-12 13:43:06,608 INFO  MethodCallReplacementClassAdapter - Adding mock interface to class org/apache/hadoop/ipc/RpcServerException
2024-11-12 13:43:06,608 INFO  CreateClassResetClassAdapter - Creating brand-new static initializer in class org/apache/hadoop/ipc/RpcServerException
2024-11-12 13:43:06,608 INFO  EvoClassLoader - Seeing class for first time: org.apache.hadoop.ipc.RpcException
2024-11-12 13:43:06,608 INFO  EvoClassLoader - Instrumenting class 'org.apache.hadoop.ipc.RpcException'.
2024-11-12 13:43:06,609 INFO  MethodCallReplacementClassAdapter - Adding mock interface to class org/apache/hadoop/ipc/RpcException
2024-11-12 13:43:06,609 INFO  CreateClassResetClassAdapter - Creating brand-new static initializer in class org/apache/hadoop/ipc/RpcException
2024-11-12 13:43:06,609 INFO  EvoClassLoader - Keeping class: org.apache.hadoop.ipc.RpcException
2024-11-12 13:43:06,609 INFO  EvoClassLoader - Keeping class: org.apache.hadoop.ipc.RpcServerException
2024-11-12 13:43:06,609 INFO  EvoClassLoader - Keeping class: org.apache.hadoop.ipc.RpcNoSuchMethodException
2024-11-12 13:43:06,609 INFO  EvoClassLoader - Seeing class for first time: org.apache.hadoop.hdfs.protocol.datatransfer.sasl.SaslDataTransferClient
2024-11-12 13:43:06,609 INFO  EvoClassLoader - Instrumenting class 'org.apache.hadoop.hdfs.protocol.datatransfer.sasl.SaslDataTransferClient'.
2024-11-12 13:43:06,609 INFO  MethodCallReplacementClassAdapter - Adding mock interface to class org/apache/hadoop/hdfs/protocol/datatransfer/sasl/SaslDataTransferClient
2024-11-12 13:43:06,610 INFO  CreateClassResetClassAdapter - Found static initializer in class org/apache/hadoop/hdfs/protocol/datatransfer/sasl/SaslDataTransferClient
2024-11-12 13:43:06,611 INFO  EvoClassLoader - Keeping class: org.apache.hadoop.hdfs.protocol.datatransfer.sasl.SaslDataTransferClient
2024-11-12 13:43:06,611 INFO  EvoClassLoader - Seeing class for first time: org.apache.hadoop.hdfs.protocol.datatransfer.IOStreamPair
2024-11-12 13:43:06,611 INFO  EvoClassLoader - Instrumenting class 'org.apache.hadoop.hdfs.protocol.datatransfer.IOStreamPair'.
2024-11-12 13:43:06,611 INFO  MethodCallReplacementClassAdapter - Adding mock interface to class org/apache/hadoop/hdfs/protocol/datatransfer/IOStreamPair
2024-11-12 13:43:06,611 INFO  CreateClassResetClassAdapter - Creating brand-new static initializer in class org/apache/hadoop/hdfs/protocol/datatransfer/IOStreamPair
2024-11-12 13:43:06,611 INFO  EvoClassLoader - Defined package (3): package org.apache.hadoop.hdfs.protocol.datatransfer, -312567207
2024-11-12 13:43:06,611 INFO  EvoClassLoader - Keeping class: org.apache.hadoop.hdfs.protocol.datatransfer.IOStreamPair
2024-11-12 13:43:06,611 INFO  EvoClassLoader - Seeing class for first time: org.apache.hadoop.hdfs.DFSUtilClient$SnapshotDiffReportFunction
2024-11-12 13:43:06,611 INFO  EvoClassLoader - Instrumenting class 'org.apache.hadoop.hdfs.DFSUtilClient$SnapshotDiffReportFunction'.
2024-11-12 13:43:06,612 INFO  EvoClassLoader - Keeping class: org.apache.hadoop.hdfs.DFSUtilClient$SnapshotDiffReportFunction
2024-11-12 13:43:06,612 INFO  EvoClassLoader - Seeing class for first time: org.apache.hadoop.hdfs.DFSUtilClient$SnapshotDiffReportListingFunction
2024-11-12 13:43:06,612 INFO  EvoClassLoader - Instrumenting class 'org.apache.hadoop.hdfs.DFSUtilClient$SnapshotDiffReportListingFunction'.
2024-11-12 13:43:06,612 INFO  EvoClassLoader - Keeping class: org.apache.hadoop.hdfs.DFSUtilClient$SnapshotDiffReportListingFunction
2024-11-12 13:43:06,612 INFO  EvoClassLoader - Seeing class for first time: org.apache.hadoop.thirdparty.com.google.common.base.Suppliers$SupplierFunctionImpl
2024-11-12 13:43:06,612 INFO  EvoClassLoader - Instrumenting class 'org.apache.hadoop.thirdparty.com.google.common.base.Suppliers$SupplierFunctionImpl'.
2024-11-12 13:43:06,613 INFO  MethodCallReplacementClassAdapter - Adding mock interface to class org/apache/hadoop/thirdparty/com/google/common/base/Suppliers$SupplierFunctionImpl
2024-11-12 13:43:06,613 INFO  CreateClassResetClassAdapter - Found static initializer in class org/apache/hadoop/thirdparty/com/google/common/base/Suppliers$SupplierFunctionImpl
2024-11-12 13:43:06,613 INFO  EvoClassLoader - Seeing class for first time: org.apache.hadoop.thirdparty.com.google.common.base.Suppliers$SupplierFunction
2024-11-12 13:43:06,613 INFO  EvoClassLoader - Instrumenting class 'org.apache.hadoop.thirdparty.com.google.common.base.Suppliers$SupplierFunction'.
2024-11-12 13:43:06,613 INFO  EvoClassLoader - Keeping class: org.apache.hadoop.thirdparty.com.google.common.base.Suppliers$SupplierFunction
2024-11-12 13:43:06,613 INFO  EvoClassLoader - Keeping class: org.apache.hadoop.thirdparty.com.google.common.base.Suppliers$SupplierFunctionImpl
2024-11-12 13:43:06,613 INFO  EvoClassLoader - Seeing class for first time: org.apache.hadoop.thirdparty.com.google.common.base.Suppliers$ThreadSafeSupplier
2024-11-12 13:43:06,613 INFO  EvoClassLoader - Instrumenting class 'org.apache.hadoop.thirdparty.com.google.common.base.Suppliers$ThreadSafeSupplier'.
2024-11-12 13:43:06,613 INFO  MethodCallReplacementClassAdapter - Adding mock interface to class org/apache/hadoop/thirdparty/com/google/common/base/Suppliers$ThreadSafeSupplier
2024-11-12 13:43:06,613 INFO  CreateClassResetClassAdapter - Creating brand-new static initializer in class org/apache/hadoop/thirdparty/com/google/common/base/Suppliers$ThreadSafeSupplier
2024-11-12 13:43:06,614 INFO  EvoClassLoader - Keeping class: org.apache.hadoop.thirdparty.com.google.common.base.Suppliers$ThreadSafeSupplier
2024-11-12 13:43:06,614 INFO  EvoClassLoader - Seeing class for first time: org.apache.hadoop.thirdparty.com.google.common.cache.LocalCache$LoadingSerializationProxy
2024-11-12 13:43:06,614 INFO  EvoClassLoader - Instrumenting class 'org.apache.hadoop.thirdparty.com.google.common.cache.LocalCache$LoadingSerializationProxy'.
2024-11-12 13:43:06,614 INFO  MethodCallReplacementClassAdapter - Adding mock interface to class org/apache/hadoop/thirdparty/com/google/common/cache/LocalCache$LoadingSerializationProxy
2024-11-12 13:43:06,614 INFO  CreateClassResetClassAdapter - Creating brand-new static initializer in class org/apache/hadoop/thirdparty/com/google/common/cache/LocalCache$LoadingSerializationProxy
2024-11-12 13:43:06,614 INFO  EvoClassLoader - Seeing class for first time: org.apache.hadoop.thirdparty.com.google.common.cache.LocalCache$ManualSerializationProxy
2024-11-12 13:43:06,614 INFO  EvoClassLoader - Instrumenting class 'org.apache.hadoop.thirdparty.com.google.common.cache.LocalCache$ManualSerializationProxy'.
2024-11-12 13:43:06,615 INFO  MethodCallReplacementClassAdapter - Adding mock interface to class org/apache/hadoop/thirdparty/com/google/common/cache/LocalCache$ManualSerializationProxy
2024-11-12 13:43:06,615 INFO  CreateClassResetClassAdapter - Creating brand-new static initializer in class org/apache/hadoop/thirdparty/com/google/common/cache/LocalCache$ManualSerializationProxy
2024-11-12 13:43:06,615 INFO  EvoClassLoader - Seeing class for first time: org.apache.hadoop.thirdparty.com.google.common.cache.ForwardingCache
2024-11-12 13:43:06,615 INFO  EvoClassLoader - Instrumenting class 'org.apache.hadoop.thirdparty.com.google.common.cache.ForwardingCache'.
2024-11-12 13:43:06,615 INFO  MethodCallReplacementClassAdapter - Adding mock interface to class org/apache/hadoop/thirdparty/com/google/common/cache/ForwardingCache
2024-11-12 13:43:06,616 INFO  CreateClassResetClassAdapter - Creating brand-new static initializer in class org/apache/hadoop/thirdparty/com/google/common/cache/ForwardingCache
2024-11-12 13:43:06,616 INFO  EvoClassLoader - Keeping class: org.apache.hadoop.thirdparty.com.google.common.cache.ForwardingCache
2024-11-12 13:43:06,616 INFO  EvoClassLoader - Keeping class: org.apache.hadoop.thirdparty.com.google.common.cache.LocalCache$ManualSerializationProxy
2024-11-12 13:43:06,616 INFO  EvoClassLoader - Keeping class: org.apache.hadoop.thirdparty.com.google.common.cache.LocalCache$LoadingSerializationProxy
2024-11-12 13:43:06,616 INFO  EvoClassLoader - Seeing class for first time: org.apache.hadoop.thirdparty.com.google.common.cache.LocalCache$EntrySet
2024-11-12 13:43:06,616 INFO  EvoClassLoader - Instrumenting class 'org.apache.hadoop.thirdparty.com.google.common.cache.LocalCache$EntrySet'.
2024-11-12 13:43:06,616 INFO  MethodCallReplacementClassAdapter - Adding mock interface to class org/apache/hadoop/thirdparty/com/google/common/cache/LocalCache$EntrySet
2024-11-12 13:43:06,617 INFO  CreateClassResetClassAdapter - Creating brand-new static initializer in class org/apache/hadoop/thirdparty/com/google/common/cache/LocalCache$EntrySet
2024-11-12 13:43:06,617 INFO  EvoClassLoader - Keeping class: org.apache.hadoop.thirdparty.com.google.common.cache.LocalCache$EntrySet
2024-11-12 13:43:06,617 INFO  EvoClassLoader - Seeing class for first time: org.apache.hadoop.thirdparty.com.google.common.cache.LocalCache$Values
2024-11-12 13:43:06,617 INFO  EvoClassLoader - Instrumenting class 'org.apache.hadoop.thirdparty.com.google.common.cache.LocalCache$Values'.
2024-11-12 13:43:06,617 INFO  MethodCallReplacementClassAdapter - Adding mock interface to class org/apache/hadoop/thirdparty/com/google/common/cache/LocalCache$Values
2024-11-12 13:43:06,617 INFO  CreateClassResetClassAdapter - Creating brand-new static initializer in class org/apache/hadoop/thirdparty/com/google/common/cache/LocalCache$Values
2024-11-12 13:43:06,618 INFO  EvoClassLoader - Keeping class: org.apache.hadoop.thirdparty.com.google.common.cache.LocalCache$Values
2024-11-12 13:43:06,618 INFO  EvoClassLoader - Seeing class for first time: org.apache.hadoop.thirdparty.com.google.common.cache.LocalCache$EntryIterator
2024-11-12 13:43:06,618 INFO  EvoClassLoader - Instrumenting class 'org.apache.hadoop.thirdparty.com.google.common.cache.LocalCache$EntryIterator'.
2024-11-12 13:43:06,618 INFO  MethodCallReplacementClassAdapter - Adding mock interface to class org/apache/hadoop/thirdparty/com/google/common/cache/LocalCache$EntryIterator
2024-11-12 13:43:06,618 INFO  CreateClassResetClassAdapter - Creating brand-new static initializer in class org/apache/hadoop/thirdparty/com/google/common/cache/LocalCache$EntryIterator
2024-11-12 13:43:06,618 INFO  EvoClassLoader - Seeing class for first time: org.apache.hadoop.thirdparty.com.google.common.cache.LocalCache$HashIterator
2024-11-12 13:43:06,618 INFO  EvoClassLoader - Instrumenting class 'org.apache.hadoop.thirdparty.com.google.common.cache.LocalCache$HashIterator'.
2024-11-12 13:43:06,619 INFO  MethodCallReplacementClassAdapter - Adding mock interface to class org/apache/hadoop/thirdparty/com/google/common/cache/LocalCache$HashIterator
2024-11-12 13:43:06,619 INFO  CreateClassResetClassAdapter - Creating brand-new static initializer in class org/apache/hadoop/thirdparty/com/google/common/cache/LocalCache$HashIterator
2024-11-12 13:43:06,619 INFO  EvoClassLoader - Keeping class: org.apache.hadoop.thirdparty.com.google.common.cache.LocalCache$HashIterator
2024-11-12 13:43:06,619 INFO  EvoClassLoader - Keeping class: org.apache.hadoop.thirdparty.com.google.common.cache.LocalCache$EntryIterator
2024-11-12 13:43:06,619 INFO  EvoClassLoader - Seeing class for first time: org.apache.hadoop.thirdparty.com.google.common.cache.LocalCache$WriteThroughEntry
2024-11-12 13:43:06,619 INFO  EvoClassLoader - Instrumenting class 'org.apache.hadoop.thirdparty.com.google.common.cache.LocalCache$WriteThroughEntry'.
2024-11-12 13:43:06,620 INFO  MethodCallReplacementClassAdapter - Adding mock interface to class org/apache/hadoop/thirdparty/com/google/common/cache/LocalCache$WriteThroughEntry
2024-11-12 13:43:06,620 INFO  CreateClassResetClassAdapter - Creating brand-new static initializer in class org/apache/hadoop/thirdparty/com/google/common/cache/LocalCache$WriteThroughEntry
2024-11-12 13:43:06,620 INFO  EvoClassLoader - Keeping class: org.apache.hadoop.thirdparty.com.google.common.cache.LocalCache$WriteThroughEntry
2024-11-12 13:43:06,620 INFO  EvoClassLoader - Seeing class for first time: org.apache.hadoop.thirdparty.com.google.common.cache.LocalCache$ValueIterator
2024-11-12 13:43:06,620 INFO  EvoClassLoader - Instrumenting class 'org.apache.hadoop.thirdparty.com.google.common.cache.LocalCache$ValueIterator'.
2024-11-12 13:43:06,620 INFO  MethodCallReplacementClassAdapter - Adding mock interface to class org/apache/hadoop/thirdparty/com/google/common/cache/LocalCache$ValueIterator
2024-11-12 13:43:06,620 INFO  CreateClassResetClassAdapter - Creating brand-new static initializer in class org/apache/hadoop/thirdparty/com/google/common/cache/LocalCache$ValueIterator
2024-11-12 13:43:06,620 INFO  EvoClassLoader - Keeping class: org.apache.hadoop.thirdparty.com.google.common.cache.LocalCache$ValueIterator
2024-11-12 13:43:06,620 INFO  EvoClassLoader - Seeing class for first time: org.apache.hadoop.thirdparty.com.google.common.cache.LocalCache$KeyIterator
2024-11-12 13:43:06,620 INFO  EvoClassLoader - Instrumenting class 'org.apache.hadoop.thirdparty.com.google.common.cache.LocalCache$KeyIterator'.
2024-11-12 13:43:06,620 INFO  MethodCallReplacementClassAdapter - Adding mock interface to class org/apache/hadoop/thirdparty/com/google/common/cache/LocalCache$KeyIterator
2024-11-12 13:43:06,620 INFO  CreateClassResetClassAdapter - Creating brand-new static initializer in class org/apache/hadoop/thirdparty/com/google/common/cache/LocalCache$KeyIterator
2024-11-12 13:43:06,620 INFO  EvoClassLoader - Keeping class: org.apache.hadoop.thirdparty.com.google.common.cache.LocalCache$KeyIterator
2024-11-12 13:43:06,620 INFO  EvoClassLoader - Seeing class for first time: org.apache.hadoop.thirdparty.com.google.common.cache.LocalCache$WeakAccessWriteEntry
2024-11-12 13:43:06,620 INFO  EvoClassLoader - Instrumenting class 'org.apache.hadoop.thirdparty.com.google.common.cache.LocalCache$WeakAccessWriteEntry'.
2024-11-12 13:43:06,621 INFO  MethodCallReplacementClassAdapter - Adding mock interface to class org/apache/hadoop/thirdparty/com/google/common/cache/LocalCache$WeakAccessWriteEntry
2024-11-12 13:43:06,621 INFO  CreateClassResetClassAdapter - Creating brand-new static initializer in class org/apache/hadoop/thirdparty/com/google/common/cache/LocalCache$WeakAccessWriteEntry
2024-11-12 13:43:06,621 INFO  EvoClassLoader - Seeing class for first time: org.apache.hadoop.thirdparty.com.google.common.cache.LocalCache$WeakEntry
2024-11-12 13:43:06,621 INFO  EvoClassLoader - Instrumenting class 'org.apache.hadoop.thirdparty.com.google.common.cache.LocalCache$WeakEntry'.
2024-11-12 13:43:06,621 INFO  MethodCallReplacementClassAdapter - Adding mock interface to class org/apache/hadoop/thirdparty/com/google/common/cache/LocalCache$WeakEntry
2024-11-12 13:43:06,621 INFO  CreateClassResetClassAdapter - Creating brand-new static initializer in class org/apache/hadoop/thirdparty/com/google/common/cache/LocalCache$WeakEntry
2024-11-12 13:43:06,621 INFO  EvoClassLoader - Keeping class: org.apache.hadoop.thirdparty.com.google.common.cache.LocalCache$WeakEntry
2024-11-12 13:43:06,621 INFO  EvoClassLoader - Keeping class: org.apache.hadoop.thirdparty.com.google.common.cache.LocalCache$WeakAccessWriteEntry
2024-11-12 13:43:06,621 INFO  EvoClassLoader - Seeing class for first time: org.apache.hadoop.thirdparty.com.google.common.cache.LocalCache$WeakWriteEntry
2024-11-12 13:43:06,621 INFO  EvoClassLoader - Instrumenting class 'org.apache.hadoop.thirdparty.com.google.common.cache.LocalCache$WeakWriteEntry'.
2024-11-12 13:43:06,621 INFO  MethodCallReplacementClassAdapter - Adding mock interface to class org/apache/hadoop/thirdparty/com/google/common/cache/LocalCache$WeakWriteEntry
2024-11-12 13:43:06,621 INFO  CreateClassResetClassAdapter - Creating brand-new static initializer in class org/apache/hadoop/thirdparty/com/google/common/cache/LocalCache$WeakWriteEntry
2024-11-12 13:43:06,622 INFO  EvoClassLoader - Keeping class: org.apache.hadoop.thirdparty.com.google.common.cache.LocalCache$WeakWriteEntry
2024-11-12 13:43:06,622 INFO  EvoClassLoader - Seeing class for first time: org.apache.hadoop.thirdparty.com.google.common.cache.LocalCache$WeakAccessEntry
2024-11-12 13:43:06,622 INFO  EvoClassLoader - Instrumenting class 'org.apache.hadoop.thirdparty.com.google.common.cache.LocalCache$WeakAccessEntry'.
2024-11-12 13:43:06,622 INFO  MethodCallReplacementClassAdapter - Adding mock interface to class org/apache/hadoop/thirdparty/com/google/common/cache/LocalCache$WeakAccessEntry
2024-11-12 13:43:06,622 INFO  CreateClassResetClassAdapter - Creating brand-new static initializer in class org/apache/hadoop/thirdparty/com/google/common/cache/LocalCache$WeakAccessEntry
2024-11-12 13:43:06,622 INFO  EvoClassLoader - Keeping class: org.apache.hadoop.thirdparty.com.google.common.cache.LocalCache$WeakAccessEntry
2024-11-12 13:43:06,622 INFO  EvoClassLoader - Seeing class for first time: org.apache.hadoop.thirdparty.com.google.common.cache.LocalCache$StrongAccessWriteEntry
2024-11-12 13:43:06,622 INFO  EvoClassLoader - Instrumenting class 'org.apache.hadoop.thirdparty.com.google.common.cache.LocalCache$StrongAccessWriteEntry'.
2024-11-12 13:43:06,622 INFO  MethodCallReplacementClassAdapter - Adding mock interface to class org/apache/hadoop/thirdparty/com/google/common/cache/LocalCache$StrongAccessWriteEntry
2024-11-12 13:43:06,622 INFO  CreateClassResetClassAdapter - Creating brand-new static initializer in class org/apache/hadoop/thirdparty/com/google/common/cache/LocalCache$StrongAccessWriteEntry
2024-11-12 13:43:06,622 INFO  EvoClassLoader - Seeing class for first time: org.apache.hadoop.thirdparty.com.google.common.cache.LocalCache$StrongEntry
2024-11-12 13:43:06,622 INFO  EvoClassLoader - Instrumenting class 'org.apache.hadoop.thirdparty.com.google.common.cache.LocalCache$StrongEntry'.
2024-11-12 13:43:06,623 INFO  MethodCallReplacementClassAdapter - Adding mock interface to class org/apache/hadoop/thirdparty/com/google/common/cache/LocalCache$StrongEntry
2024-11-12 13:43:06,623 INFO  CreateClassResetClassAdapter - Creating brand-new static initializer in class org/apache/hadoop/thirdparty/com/google/common/cache/LocalCache$StrongEntry
2024-11-12 13:43:06,623 INFO  EvoClassLoader - Keeping class: org.apache.hadoop.thirdparty.com.google.common.cache.LocalCache$StrongEntry
2024-11-12 13:43:06,623 INFO  EvoClassLoader - Keeping class: org.apache.hadoop.thirdparty.com.google.common.cache.LocalCache$StrongAccessWriteEntry
2024-11-12 13:43:06,623 INFO  EvoClassLoader - Seeing class for first time: org.apache.hadoop.thirdparty.com.google.common.cache.LocalCache$StrongWriteEntry
2024-11-12 13:43:06,623 INFO  EvoClassLoader - Instrumenting class 'org.apache.hadoop.thirdparty.com.google.common.cache.LocalCache$StrongWriteEntry'.
2024-11-12 13:43:06,623 INFO  MethodCallReplacementClassAdapter - Adding mock interface to class org/apache/hadoop/thirdparty/com/google/common/cache/LocalCache$StrongWriteEntry
2024-11-12 13:43:06,624 INFO  CreateClassResetClassAdapter - Creating brand-new static initializer in class org/apache/hadoop/thirdparty/com/google/common/cache/LocalCache$StrongWriteEntry
2024-11-12 13:43:06,624 INFO  EvoClassLoader - Keeping class: org.apache.hadoop.thirdparty.com.google.common.cache.LocalCache$StrongWriteEntry
2024-11-12 13:43:06,624 INFO  EvoClassLoader - Seeing class for first time: org.apache.hadoop.thirdparty.com.google.common.cache.LocalCache$StrongAccessEntry
2024-11-12 13:43:06,624 INFO  EvoClassLoader - Instrumenting class 'org.apache.hadoop.thirdparty.com.google.common.cache.LocalCache$StrongAccessEntry'.
2024-11-12 13:43:06,624 INFO  MethodCallReplacementClassAdapter - Adding mock interface to class org/apache/hadoop/thirdparty/com/google/common/cache/LocalCache$StrongAccessEntry
2024-11-12 13:43:06,624 INFO  CreateClassResetClassAdapter - Creating brand-new static initializer in class org/apache/hadoop/thirdparty/com/google/common/cache/LocalCache$StrongAccessEntry
2024-11-12 13:43:06,624 INFO  EvoClassLoader - Keeping class: org.apache.hadoop.thirdparty.com.google.common.cache.LocalCache$StrongAccessEntry
2024-11-12 13:43:06,624 INFO  EvoClassLoader - Seeing class for first time: org.apache.hadoop.thirdparty.com.google.common.cache.LocalCache$NullEntry
2024-11-12 13:43:06,624 INFO  EvoClassLoader - Instrumenting class 'org.apache.hadoop.thirdparty.com.google.common.cache.LocalCache$NullEntry'.
2024-11-12 13:43:06,625 INFO  MethodCallReplacementClassAdapter - Adding mock interface to class org/apache/hadoop/thirdparty/com/google/common/cache/LocalCache$NullEntry
2024-11-12 13:43:06,625 INFO  CreateClassResetClassAdapter - Found static initializer in class org/apache/hadoop/thirdparty/com/google/common/cache/LocalCache$NullEntry
2024-11-12 13:43:06,625 INFO  EvoClassLoader - Keeping class: org.apache.hadoop.thirdparty.com.google.common.cache.LocalCache$NullEntry
2024-11-12 13:43:06,626 INFO  EvoClassLoader - Seeing class for first time: org.apache.hadoop.security.SecurityUtil$QualifiedHostResolver
2024-11-12 13:43:06,626 INFO  EvoClassLoader - Instrumenting class 'org.apache.hadoop.security.SecurityUtil$QualifiedHostResolver'.
2024-11-12 13:43:06,626 INFO  MethodCallReplacementClassAdapter - Adding mock interface to class org/apache/hadoop/security/SecurityUtil$QualifiedHostResolver
2024-11-12 13:43:06,626 INFO  CreateClassResetClassAdapter - Creating brand-new static initializer in class org/apache/hadoop/security/SecurityUtil$QualifiedHostResolver
2024-11-12 13:43:06,626 INFO  EvoClassLoader - Keeping class: org.apache.hadoop.security.SecurityUtil$QualifiedHostResolver
2024-11-12 13:43:06,643 INFO  EvoClassLoader - Seeing class for first time: org.apache.hadoop.mapred.JobConf
2024-11-12 13:43:06,643 INFO  EvoClassLoader - Instrumenting class 'org.apache.hadoop.mapred.JobConf'.
2024-11-12 13:43:06,643 INFO  EvoClassLoader - Error while loading class: java.lang.ClassNotFoundException: Class 'org/apache/hadoop/mapred/JobConf.class' should be in target project, but could not be found!
2024-11-12 13:43:06,644 INFO  EvoClassLoader - Seeing class for first time: org.apache.hadoop.security.SaslRpcServer
2024-11-12 13:43:06,644 INFO  EvoClassLoader - Instrumenting class 'org.apache.hadoop.security.SaslRpcServer'.
2024-11-12 13:43:06,644 INFO  MethodCallReplacementClassAdapter - Adding mock interface to class org/apache/hadoop/security/SaslRpcServer
2024-11-12 13:43:06,645 INFO  CreateClassResetClassAdapter - Found static initializer in class org/apache/hadoop/security/SaslRpcServer
2024-11-12 13:43:06,645 INFO  EvoClassLoader - Keeping class: org.apache.hadoop.security.SaslRpcServer
2024-11-12 13:43:06,645 INFO  EvoClassLoader - Seeing class for first time: org.apache.hadoop.security.SaslRpcServer$SaslGssCallbackHandler
2024-11-12 13:43:06,645 INFO  EvoClassLoader - Instrumenting class 'org.apache.hadoop.security.SaslRpcServer$SaslGssCallbackHandler'.
2024-11-12 13:43:06,646 INFO  MethodCallReplacementClassAdapter - Adding mock interface to class org/apache/hadoop/security/SaslRpcServer$SaslGssCallbackHandler
2024-11-12 13:43:06,646 INFO  CreateClassResetClassAdapter - Creating brand-new static initializer in class org/apache/hadoop/security/SaslRpcServer$SaslGssCallbackHandler
2024-11-12 13:43:06,646 INFO  EvoClassLoader - Keeping class: org.apache.hadoop.security.SaslRpcServer$SaslGssCallbackHandler
2024-11-12 13:43:06,646 INFO  EvoClassLoader - Seeing class for first time: org.apache.hadoop.security.SaslRpcServer$SaslDigestCallbackHandler
2024-11-12 13:43:06,646 INFO  EvoClassLoader - Instrumenting class 'org.apache.hadoop.security.SaslRpcServer$SaslDigestCallbackHandler'.
2024-11-12 13:43:06,647 INFO  MethodCallReplacementClassAdapter - Adding mock interface to class org/apache/hadoop/security/SaslRpcServer$SaslDigestCallbackHandler
2024-11-12 13:43:06,647 INFO  CreateClassResetClassAdapter - Creating brand-new static initializer in class org/apache/hadoop/security/SaslRpcServer$SaslDigestCallbackHandler
2024-11-12 13:43:06,648 INFO  EvoClassLoader - Keeping class: org.apache.hadoop.security.SaslRpcServer$SaslDigestCallbackHandler
2024-11-12 13:43:06,648 INFO  EvoClassLoader - Seeing class for first time: org.apache.hadoop.io.retry.RetryPolicies$TryOnceThenFail
2024-11-12 13:43:06,648 INFO  EvoClassLoader - Instrumenting class 'org.apache.hadoop.io.retry.RetryPolicies$TryOnceThenFail'.
2024-11-12 13:43:06,649 INFO  MethodCallReplacementClassAdapter - Adding mock interface to class org/apache/hadoop/io/retry/RetryPolicies$TryOnceThenFail
2024-11-12 13:43:06,649 INFO  CreateClassResetClassAdapter - Creating brand-new static initializer in class org/apache/hadoop/io/retry/RetryPolicies$TryOnceThenFail
2024-11-12 13:43:06,649 INFO  EvoClassLoader - Keeping class: org.apache.hadoop.io.retry.RetryPolicies$TryOnceThenFail
2024-11-12 13:43:06,649 INFO  EvoClassLoader - Seeing class for first time: org.apache.hadoop.io.retry.RetryPolicies
2024-11-12 13:43:06,649 INFO  EvoClassLoader - Instrumenting class 'org.apache.hadoop.io.retry.RetryPolicies'.
2024-11-12 13:43:06,650 INFO  MethodCallReplacementClassAdapter - Adding mock interface to class org/apache/hadoop/io/retry/RetryPolicies
2024-11-12 13:43:06,650 INFO  CreateClassResetClassAdapter - Found static initializer in class org/apache/hadoop/io/retry/RetryPolicies
2024-11-12 13:43:06,651 INFO  EvoClassLoader - Keeping class: org.apache.hadoop.io.retry.RetryPolicies
2024-11-12 13:43:06,651 INFO  EvoClassLoader - Seeing class for first time: org.apache.hadoop.io.retry.RetryPolicies$FailoverOnNetworkExceptionRetry
2024-11-12 13:43:06,651 INFO  EvoClassLoader - Instrumenting class 'org.apache.hadoop.io.retry.RetryPolicies$FailoverOnNetworkExceptionRetry'.
2024-11-12 13:43:06,652 INFO  MethodCallReplacementClassAdapter - Adding mock interface to class org/apache/hadoop/io/retry/RetryPolicies$FailoverOnNetworkExceptionRetry
2024-11-12 13:43:06,652 INFO  CreateClassResetClassAdapter - Creating brand-new static initializer in class org/apache/hadoop/io/retry/RetryPolicies$FailoverOnNetworkExceptionRetry
2024-11-12 13:43:06,652 INFO  EvoClassLoader - Keeping class: org.apache.hadoop.io.retry.RetryPolicies$FailoverOnNetworkExceptionRetry
2024-11-12 13:43:06,652 INFO  EvoClassLoader - Seeing class for first time: org.apache.hadoop.io.retry.RetryPolicies$ExponentialBackoffRetry
2024-11-12 13:43:06,652 INFO  EvoClassLoader - Instrumenting class 'org.apache.hadoop.io.retry.RetryPolicies$ExponentialBackoffRetry'.
2024-11-12 13:43:06,653 INFO  MethodCallReplacementClassAdapter - Adding mock interface to class org/apache/hadoop/io/retry/RetryPolicies$ExponentialBackoffRetry
2024-11-12 13:43:06,653 INFO  CreateClassResetClassAdapter - Creating brand-new static initializer in class org/apache/hadoop/io/retry/RetryPolicies$ExponentialBackoffRetry
2024-11-12 13:43:06,653 INFO  EvoClassLoader - Seeing class for first time: org.apache.hadoop.io.retry.RetryPolicies$RetryLimited
2024-11-12 13:43:06,653 INFO  EvoClassLoader - Instrumenting class 'org.apache.hadoop.io.retry.RetryPolicies$RetryLimited'.
2024-11-12 13:43:06,654 INFO  MethodCallReplacementClassAdapter - Adding mock interface to class org/apache/hadoop/io/retry/RetryPolicies$RetryLimited
2024-11-12 13:43:06,654 INFO  CreateClassResetClassAdapter - Creating brand-new static initializer in class org/apache/hadoop/io/retry/RetryPolicies$RetryLimited
2024-11-12 13:43:06,654 INFO  EvoClassLoader - Keeping class: org.apache.hadoop.io.retry.RetryPolicies$RetryLimited
2024-11-12 13:43:06,654 INFO  EvoClassLoader - Keeping class: org.apache.hadoop.io.retry.RetryPolicies$ExponentialBackoffRetry
2024-11-12 13:43:06,654 INFO  EvoClassLoader - Seeing class for first time: org.apache.hadoop.io.retry.RetryPolicies$OtherThanRemoteAndSaslExceptionDependentRetry
2024-11-12 13:43:06,654 INFO  EvoClassLoader - Instrumenting class 'org.apache.hadoop.io.retry.RetryPolicies$OtherThanRemoteAndSaslExceptionDependentRetry'.
2024-11-12 13:43:06,654 INFO  MethodCallReplacementClassAdapter - Adding mock interface to class org/apache/hadoop/io/retry/RetryPolicies$OtherThanRemoteAndSaslExceptionDependentRetry
2024-11-12 13:43:06,654 INFO  CreateClassResetClassAdapter - Creating brand-new static initializer in class org/apache/hadoop/io/retry/RetryPolicies$OtherThanRemoteAndSaslExceptionDependentRetry
2024-11-12 13:43:06,655 INFO  EvoClassLoader - Keeping class: org.apache.hadoop.io.retry.RetryPolicies$OtherThanRemoteAndSaslExceptionDependentRetry
2024-11-12 13:43:06,655 INFO  EvoClassLoader - Seeing class for first time: org.apache.hadoop.io.retry.RetryPolicies$RemoteExceptionDependentRetry
2024-11-12 13:43:06,655 INFO  EvoClassLoader - Instrumenting class 'org.apache.hadoop.io.retry.RetryPolicies$RemoteExceptionDependentRetry'.
2024-11-12 13:43:06,655 INFO  MethodCallReplacementClassAdapter - Adding mock interface to class org/apache/hadoop/io/retry/RetryPolicies$RemoteExceptionDependentRetry
2024-11-12 13:43:06,655 INFO  CreateClassResetClassAdapter - Creating brand-new static initializer in class org/apache/hadoop/io/retry/RetryPolicies$RemoteExceptionDependentRetry
2024-11-12 13:43:06,655 INFO  EvoClassLoader - Keeping class: org.apache.hadoop.io.retry.RetryPolicies$RemoteExceptionDependentRetry
2024-11-12 13:43:06,655 INFO  EvoClassLoader - Seeing class for first time: org.apache.hadoop.io.retry.RetryPolicies$ExceptionDependentRetry
2024-11-12 13:43:06,655 INFO  EvoClassLoader - Instrumenting class 'org.apache.hadoop.io.retry.RetryPolicies$ExceptionDependentRetry'.
2024-11-12 13:43:06,655 INFO  MethodCallReplacementClassAdapter - Adding mock interface to class org/apache/hadoop/io/retry/RetryPolicies$ExceptionDependentRetry
2024-11-12 13:43:06,655 INFO  CreateClassResetClassAdapter - Creating brand-new static initializer in class org/apache/hadoop/io/retry/RetryPolicies$ExceptionDependentRetry
2024-11-12 13:43:06,655 INFO  EvoClassLoader - Keeping class: org.apache.hadoop.io.retry.RetryPolicies$ExceptionDependentRetry
2024-11-12 13:43:06,655 INFO  EvoClassLoader - Seeing class for first time: org.apache.hadoop.io.retry.RetryPolicies$MultipleLinearRandomRetry
2024-11-12 13:43:06,655 INFO  EvoClassLoader - Instrumenting class 'org.apache.hadoop.io.retry.RetryPolicies$MultipleLinearRandomRetry'.
2024-11-12 13:43:06,656 INFO  MethodCallReplacementClassAdapter - Adding mock interface to class org/apache/hadoop/io/retry/RetryPolicies$MultipleLinearRandomRetry
2024-11-12 13:43:06,657 INFO  CreateClassResetClassAdapter - Creating brand-new static initializer in class org/apache/hadoop/io/retry/RetryPolicies$MultipleLinearRandomRetry
2024-11-12 13:43:06,657 INFO  EvoClassLoader - Keeping class: org.apache.hadoop.io.retry.RetryPolicies$MultipleLinearRandomRetry
2024-11-12 13:43:06,657 INFO  EvoClassLoader - Seeing class for first time: org.apache.hadoop.io.retry.RetryPolicies$RetryUpToMaximumCountWithProportionalSleep
2024-11-12 13:43:06,657 INFO  EvoClassLoader - Instrumenting class 'org.apache.hadoop.io.retry.RetryPolicies$RetryUpToMaximumCountWithProportionalSleep'.
2024-11-12 13:43:06,657 INFO  MethodCallReplacementClassAdapter - Adding mock interface to class org/apache/hadoop/io/retry/RetryPolicies$RetryUpToMaximumCountWithProportionalSleep
2024-11-12 13:43:06,657 INFO  CreateClassResetClassAdapter - Creating brand-new static initializer in class org/apache/hadoop/io/retry/RetryPolicies$RetryUpToMaximumCountWithProportionalSleep
2024-11-12 13:43:06,657 INFO  EvoClassLoader - Keeping class: org.apache.hadoop.io.retry.RetryPolicies$RetryUpToMaximumCountWithProportionalSleep
2024-11-12 13:43:06,657 INFO  EvoClassLoader - Seeing class for first time: org.apache.hadoop.io.retry.RetryPolicies$RetryUpToMaximumTimeWithFixedSleep
2024-11-12 13:43:06,657 INFO  EvoClassLoader - Instrumenting class 'org.apache.hadoop.io.retry.RetryPolicies$RetryUpToMaximumTimeWithFixedSleep'.
2024-11-12 13:43:06,657 INFO  MethodCallReplacementClassAdapter - Adding mock interface to class org/apache/hadoop/io/retry/RetryPolicies$RetryUpToMaximumTimeWithFixedSleep
2024-11-12 13:43:06,657 INFO  CreateClassResetClassAdapter - Creating brand-new static initializer in class org/apache/hadoop/io/retry/RetryPolicies$RetryUpToMaximumTimeWithFixedSleep
2024-11-12 13:43:06,658 INFO  EvoClassLoader - Seeing class for first time: org.apache.hadoop.io.retry.RetryPolicies$RetryUpToMaximumCountWithFixedSleep
2024-11-12 13:43:06,658 INFO  EvoClassLoader - Instrumenting class 'org.apache.hadoop.io.retry.RetryPolicies$RetryUpToMaximumCountWithFixedSleep'.
2024-11-12 13:43:06,658 INFO  MethodCallReplacementClassAdapter - Adding mock interface to class org/apache/hadoop/io/retry/RetryPolicies$RetryUpToMaximumCountWithFixedSleep
2024-11-12 13:43:06,658 INFO  CreateClassResetClassAdapter - Creating brand-new static initializer in class org/apache/hadoop/io/retry/RetryPolicies$RetryUpToMaximumCountWithFixedSleep
2024-11-12 13:43:06,658 INFO  EvoClassLoader - Keeping class: org.apache.hadoop.io.retry.RetryPolicies$RetryUpToMaximumCountWithFixedSleep
2024-11-12 13:43:06,658 INFO  EvoClassLoader - Keeping class: org.apache.hadoop.io.retry.RetryPolicies$RetryUpToMaximumTimeWithFixedSleep
2024-11-12 13:43:06,658 INFO  EvoClassLoader - Seeing class for first time: org.apache.hadoop.io.retry.RetryPolicies$RetryForever
2024-11-12 13:43:06,658 INFO  EvoClassLoader - Instrumenting class 'org.apache.hadoop.io.retry.RetryPolicies$RetryForever'.
2024-11-12 13:43:06,658 INFO  MethodCallReplacementClassAdapter - Adding mock interface to class org/apache/hadoop/io/retry/RetryPolicies$RetryForever
2024-11-12 13:43:06,658 INFO  CreateClassResetClassAdapter - Creating brand-new static initializer in class org/apache/hadoop/io/retry/RetryPolicies$RetryForever
2024-11-12 13:43:06,658 INFO  EvoClassLoader - Keeping class: org.apache.hadoop.io.retry.RetryPolicies$RetryForever
2024-11-12 13:43:06,658 INFO  EvoClassLoader - Seeing class for first time: org.apache.hadoop.ipc.RetriableException
2024-11-12 13:43:06,658 INFO  EvoClassLoader - Instrumenting class 'org.apache.hadoop.ipc.RetriableException'.
2024-11-12 13:43:06,658 INFO  MethodCallReplacementClassAdapter - Adding mock interface to class org/apache/hadoop/ipc/RetriableException
2024-11-12 13:43:06,658 INFO  CreateClassResetClassAdapter - Creating brand-new static initializer in class org/apache/hadoop/ipc/RetriableException
2024-11-12 13:43:06,659 INFO  EvoClassLoader - Keeping class: org.apache.hadoop.ipc.RetriableException
2024-11-12 13:43:06,659 INFO  EvoClassLoader - Seeing class for first time: org.apache.hadoop.io.retry.RetryUtils
2024-11-12 13:43:06,659 INFO  EvoClassLoader - Instrumenting class 'org.apache.hadoop.io.retry.RetryUtils'.
2024-11-12 13:43:06,659 INFO  MethodCallReplacementClassAdapter - Adding mock interface to class org/apache/hadoop/io/retry/RetryUtils
2024-11-12 13:43:06,659 INFO  CreateClassResetClassAdapter - Found static initializer in class org/apache/hadoop/io/retry/RetryUtils
2024-11-12 13:43:06,660 INFO  EvoClassLoader - Keeping class: org.apache.hadoop.io.retry.RetryUtils
2024-11-12 13:43:06,660 INFO  EvoClassLoader - Seeing class for first time: org.apache.hadoop.security.token.SecretManager$InvalidToken
2024-11-12 13:43:06,660 INFO  EvoClassLoader - Instrumenting class 'org.apache.hadoop.security.token.SecretManager$InvalidToken'.
2024-11-12 13:43:06,661 INFO  MethodCallReplacementClassAdapter - Adding mock interface to class org/apache/hadoop/security/token/SecretManager$InvalidToken
2024-11-12 13:43:06,661 INFO  CreateClassResetClassAdapter - Creating brand-new static initializer in class org/apache/hadoop/security/token/SecretManager$InvalidToken
2024-11-12 13:43:06,661 INFO  EvoClassLoader - Keeping class: org.apache.hadoop.security.token.SecretManager$InvalidToken
2024-11-12 13:43:06,661 INFO  EvoClassLoader - Seeing class for first time: org.apache.hadoop.security.SaslPlainServer$SecurityProvider
2024-11-12 13:43:06,661 INFO  EvoClassLoader - Instrumenting class 'org.apache.hadoop.security.SaslPlainServer$SecurityProvider'.
2024-11-12 13:43:06,661 INFO  MethodCallReplacementClassAdapter - Adding mock interface to class org/apache/hadoop/security/SaslPlainServer$SecurityProvider
2024-11-12 13:43:06,661 INFO  CreateClassResetClassAdapter - Creating brand-new static initializer in class org/apache/hadoop/security/SaslPlainServer$SecurityProvider
2024-11-12 13:43:06,661 INFO  EvoClassLoader - Keeping class: org.apache.hadoop.security.SaslPlainServer$SecurityProvider
2024-11-12 13:43:06,661 INFO  EvoClassLoader - Seeing class for first time: org.apache.hadoop.security.token.SecretManager
2024-11-12 13:43:06,661 INFO  EvoClassLoader - Instrumenting class 'org.apache.hadoop.security.token.SecretManager'.
2024-11-12 13:43:06,662 INFO  MethodCallReplacementClassAdapter - Adding mock interface to class org/apache/hadoop/security/token/SecretManager
2024-11-12 13:43:06,662 INFO  CreateClassResetClassAdapter - Found static initializer in class org/apache/hadoop/security/token/SecretManager
2024-11-12 13:43:06,663 INFO  EvoClassLoader - Keeping class: org.apache.hadoop.security.token.SecretManager
2024-11-12 13:43:06,663 INFO  EvoClassLoader - Seeing class for first time: org.apache.hadoop.ipc.Server$Connection
2024-11-12 13:43:06,663 INFO  EvoClassLoader - Instrumenting class 'org.apache.hadoop.ipc.Server$Connection'.
2024-11-12 13:43:06,664 INFO  MethodCallReplacementClassAdapter - Adding mock interface to class org/apache/hadoop/ipc/Server$Connection
2024-11-12 13:43:06,667 INFO  CreateClassResetClassAdapter - Creating brand-new static initializer in class org/apache/hadoop/ipc/Server$Connection
2024-11-12 13:43:06,669 INFO  EvoClassLoader - Keeping class: org.apache.hadoop.ipc.Server$Connection
2024-11-12 13:43:06,669 INFO  EvoClassLoader - Seeing class for first time: org.apache.hadoop.ipc.RPC
2024-11-12 13:43:06,669 INFO  EvoClassLoader - Instrumenting class 'org.apache.hadoop.ipc.RPC'.
2024-11-12 13:43:06,669 INFO  MethodCallReplacementClassAdapter - Adding mock interface to class org/apache/hadoop/ipc/RPC
2024-11-12 13:43:06,671 INFO  CreateClassResetClassAdapter - Found static initializer in class org/apache/hadoop/ipc/RPC
2024-11-12 13:43:06,672 INFO  EvoClassLoader - Keeping class: org.apache.hadoop.ipc.RPC
2024-11-12 13:43:06,673 INFO  EvoClassLoader - Seeing class for first time: org.apache.hadoop.ipc.ProtocolProxy
2024-11-12 13:43:06,673 INFO  EvoClassLoader - Instrumenting class 'org.apache.hadoop.ipc.ProtocolProxy'.
2024-11-12 13:43:06,673 INFO  MethodCallReplacementClassAdapter - Adding mock interface to class org/apache/hadoop/ipc/ProtocolProxy
2024-11-12 13:43:06,674 INFO  CreateClassResetClassAdapter - Creating brand-new static initializer in class org/apache/hadoop/ipc/ProtocolProxy
2024-11-12 13:43:06,675 INFO  EvoClassLoader - Keeping class: org.apache.hadoop.ipc.ProtocolProxy
2024-11-12 13:43:06,675 INFO  EvoClassLoader - Seeing class for first time: org.apache.hadoop.ipc.Client$ConnectionId
2024-11-12 13:43:06,675 INFO  EvoClassLoader - Instrumenting class 'org.apache.hadoop.ipc.Client$ConnectionId'.
2024-11-12 13:43:06,675 INFO  MethodCallReplacementClassAdapter - Adding mock interface to class org/apache/hadoop/ipc/Client$ConnectionId
2024-11-12 13:43:06,676 INFO  CreateClassResetClassAdapter - Creating brand-new static initializer in class org/apache/hadoop/ipc/Client$ConnectionId
2024-11-12 13:43:06,676 INFO  CreateClassResetClassAdapter - Adding bytecode for initializing field PRIME
2024-11-12 13:43:06,677 INFO  EvoClassLoader - Keeping class: org.apache.hadoop.ipc.Client$ConnectionId
2024-11-12 13:43:06,677 INFO  EvoClassLoader - Seeing class for first time: org.apache.hadoop.ipc.AlignmentContext
2024-11-12 13:43:06,677 INFO  EvoClassLoader - Instrumenting class 'org.apache.hadoop.ipc.AlignmentContext'.
2024-11-12 13:43:06,677 INFO  EvoClassLoader - Keeping class: org.apache.hadoop.ipc.AlignmentContext
2024-11-12 13:43:06,677 INFO  EvoClassLoader - Seeing class for first time: org.apache.hadoop.ipc.RpcEngine
2024-11-12 13:43:06,677 INFO  EvoClassLoader - Instrumenting class 'org.apache.hadoop.ipc.RpcEngine'.
2024-11-12 13:43:06,678 INFO  EvoClassLoader - Keeping class: org.apache.hadoop.ipc.RpcEngine
2024-11-12 13:43:06,678 INFO  EvoClassLoader - Seeing class for first time: org.apache.hadoop.hdfs.NameNodeProxies
2024-11-12 13:43:06,678 INFO  EvoClassLoader - Instrumenting class 'org.apache.hadoop.hdfs.NameNodeProxies'.
2024-11-12 13:43:06,678 INFO  MethodCallReplacementClassAdapter - Adding mock interface to class org/apache/hadoop/hdfs/NameNodeProxies
2024-11-12 13:43:06,680 INFO  CreateClassResetClassAdapter - Found static initializer in class org/apache/hadoop/hdfs/NameNodeProxies
2024-11-12 13:43:06,681 INFO  EvoClassLoader - Keeping class: org.apache.hadoop.hdfs.NameNodeProxies
2024-11-12 13:43:06,681 INFO  EvoClassLoader - Seeing class for first time: org.apache.hadoop.hdfs.server.namenode.ha.HAProxyFactory
2024-11-12 13:43:06,681 INFO  EvoClassLoader - Instrumenting class 'org.apache.hadoop.hdfs.server.namenode.ha.HAProxyFactory'.
2024-11-12 13:43:06,682 INFO  EvoClassLoader - Defined package (3): package org.apache.hadoop.hdfs.server.namenode.ha, -80410911
2024-11-12 13:43:06,682 INFO  EvoClassLoader - Keeping class: org.apache.hadoop.hdfs.server.namenode.ha.HAProxyFactory
2024-11-12 13:43:06,682 INFO  EvoClassLoader - Seeing class for first time: org.apache.hadoop.hdfs.server.protocol.JournalProtocol
2024-11-12 13:43:06,682 INFO  EvoClassLoader - Instrumenting class 'org.apache.hadoop.hdfs.server.protocol.JournalProtocol'.
2024-11-12 13:43:06,682 INFO  EvoClassLoader - Keeping class: org.apache.hadoop.hdfs.server.protocol.JournalProtocol
2024-11-12 13:43:06,682 INFO  EvoClassLoader - Seeing class for first time: org.apache.hadoop.hdfs.server.protocol.NamenodeProtocol
2024-11-12 13:43:06,682 INFO  EvoClassLoader - Instrumenting class 'org.apache.hadoop.hdfs.server.protocol.NamenodeProtocol'.
2024-11-12 13:43:06,682 INFO  EvoClassLoader - Keeping class: org.apache.hadoop.hdfs.server.protocol.NamenodeProtocol
2024-11-12 13:43:06,682 INFO  EvoClassLoader - Seeing class for first time: org.apache.hadoop.tools.GetUserMappingsProtocol
2024-11-12 13:43:06,682 INFO  EvoClassLoader - Instrumenting class 'org.apache.hadoop.tools.GetUserMappingsProtocol'.
2024-11-12 13:43:06,683 INFO  EvoClassLoader - Keeping class: org.apache.hadoop.tools.GetUserMappingsProtocol
2024-11-12 13:43:06,683 INFO  EvoClassLoader - Seeing class for first time: org.apache.hadoop.security.RefreshUserMappingsProtocol
2024-11-12 13:43:06,683 INFO  EvoClassLoader - Instrumenting class 'org.apache.hadoop.security.RefreshUserMappingsProtocol'.
2024-11-12 13:43:06,683 INFO  EvoClassLoader - Keeping class: org.apache.hadoop.security.RefreshUserMappingsProtocol
2024-11-12 13:43:06,683 INFO  EvoClassLoader - Seeing class for first time: org.apache.hadoop.security.authorize.RefreshAuthorizationPolicyProtocol
2024-11-12 13:43:06,683 INFO  EvoClassLoader - Instrumenting class 'org.apache.hadoop.security.authorize.RefreshAuthorizationPolicyProtocol'.
2024-11-12 13:43:06,683 INFO  EvoClassLoader - Defined package (3): package org.apache.hadoop.security.authorize, 1538066510
2024-11-12 13:43:06,683 INFO  EvoClassLoader - Keeping class: org.apache.hadoop.security.authorize.RefreshAuthorizationPolicyProtocol
2024-11-12 13:43:06,683 INFO  EvoClassLoader - Seeing class for first time: org.apache.hadoop.ipc.RefreshCallQueueProtocol
2024-11-12 13:43:06,683 INFO  EvoClassLoader - Instrumenting class 'org.apache.hadoop.ipc.RefreshCallQueueProtocol'.
2024-11-12 13:43:06,684 INFO  EvoClassLoader - Keeping class: org.apache.hadoop.ipc.RefreshCallQueueProtocol
2024-11-12 13:43:06,684 INFO  EvoClassLoader - Seeing class for first time: org.apache.hadoop.hdfs.server.aliasmap.InMemoryAliasMapProtocol
2024-11-12 13:43:06,684 INFO  EvoClassLoader - Instrumenting class 'org.apache.hadoop.hdfs.server.aliasmap.InMemoryAliasMapProtocol'.
2024-11-12 13:43:06,684 INFO  EvoClassLoader - Defined package (3): package org.apache.hadoop.hdfs.server.aliasmap, 1977290501
2024-11-12 13:43:06,684 INFO  EvoClassLoader - Keeping class: org.apache.hadoop.hdfs.server.aliasmap.InMemoryAliasMapProtocol
2024-11-12 13:43:06,684 INFO  EvoClassLoader - Seeing class for first time: org.apache.hadoop.hdfs.NameNodeProxiesClient$ProxyAndInfo
2024-11-12 13:43:06,684 INFO  EvoClassLoader - Instrumenting class 'org.apache.hadoop.hdfs.NameNodeProxiesClient$ProxyAndInfo'.
2024-11-12 13:43:06,684 INFO  MethodCallReplacementClassAdapter - Adding mock interface to class org/apache/hadoop/hdfs/NameNodeProxiesClient$ProxyAndInfo
2024-11-12 13:43:06,684 INFO  CreateClassResetClassAdapter - Creating brand-new static initializer in class org/apache/hadoop/hdfs/NameNodeProxiesClient$ProxyAndInfo
2024-11-12 13:43:06,684 INFO  EvoClassLoader - Keeping class: org.apache.hadoop.hdfs.NameNodeProxiesClient$ProxyAndInfo
2024-11-12 13:43:06,684 INFO  EvoClassLoader - Seeing class for first time: org.apache.hadoop.hdfs.server.protocol.BalancerProtocols
2024-11-12 13:43:06,684 INFO  EvoClassLoader - Instrumenting class 'org.apache.hadoop.hdfs.server.protocol.BalancerProtocols'.
2024-11-12 13:43:06,684 INFO  EvoClassLoader - Keeping class: org.apache.hadoop.hdfs.server.protocol.BalancerProtocols
2024-11-12 13:43:06,685 INFO  EvoClassLoader - Seeing class for first time: org.apache.hadoop.hdfs.protocol.OpenFilesIterator
2024-11-12 13:43:06,685 INFO  EvoClassLoader - Instrumenting class 'org.apache.hadoop.hdfs.protocol.OpenFilesIterator'.
2024-11-12 13:43:06,685 INFO  MethodCallReplacementClassAdapter - Adding mock interface to class org/apache/hadoop/hdfs/protocol/OpenFilesIterator
2024-11-12 13:43:06,685 INFO  CreateClassResetClassAdapter - Creating brand-new static initializer in class org/apache/hadoop/hdfs/protocol/OpenFilesIterator
2024-11-12 13:43:06,685 INFO  CreateClassResetClassAdapter - Adding bytecode for initializing field FILTER_PATH_DEFAULT
2024-11-12 13:43:06,685 INFO  EvoClassLoader - Seeing class for first time: org.apache.hadoop.fs.BatchedRemoteIterator
2024-11-12 13:43:06,685 INFO  EvoClassLoader - Instrumenting class 'org.apache.hadoop.fs.BatchedRemoteIterator'.
2024-11-12 13:43:06,685 INFO  MethodCallReplacementClassAdapter - Adding mock interface to class org/apache/hadoop/fs/BatchedRemoteIterator
2024-11-12 13:43:06,685 INFO  CreateClassResetClassAdapter - Creating brand-new static initializer in class org/apache/hadoop/fs/BatchedRemoteIterator
2024-11-12 13:43:06,685 INFO  EvoClassLoader - Keeping class: org.apache.hadoop.fs.BatchedRemoteIterator
2024-11-12 13:43:06,685 INFO  EvoClassLoader - Keeping class: org.apache.hadoop.hdfs.protocol.OpenFilesIterator
2024-11-12 13:43:06,685 INFO  EvoClassLoader - Seeing class for first time: org.apache.hadoop.ha.HAServiceProtocol
2024-11-12 13:43:06,685 INFO  EvoClassLoader - Instrumenting class 'org.apache.hadoop.ha.HAServiceProtocol'.
2024-11-12 13:43:06,686 INFO  EvoClassLoader - Keeping class: org.apache.hadoop.ha.HAServiceProtocol
2024-11-12 13:43:06,686 INFO  EvoClassLoader - Seeing class for first time: org.apache.hadoop.ha.HAServiceProtocol$StateChangeRequestInfo
2024-11-12 13:43:06,686 INFO  EvoClassLoader - Instrumenting class 'org.apache.hadoop.ha.HAServiceProtocol$StateChangeRequestInfo'.
2024-11-12 13:43:06,686 INFO  MethodCallReplacementClassAdapter - Adding mock interface to class org/apache/hadoop/ha/HAServiceProtocol$StateChangeRequestInfo
2024-11-12 13:43:06,686 INFO  CreateClassResetClassAdapter - Creating brand-new static initializer in class org/apache/hadoop/ha/HAServiceProtocol$StateChangeRequestInfo
2024-11-12 13:43:06,686 INFO  EvoClassLoader - Keeping class: org.apache.hadoop.ha.HAServiceProtocol$StateChangeRequestInfo
2024-11-12 13:43:06,686 INFO  EvoClassLoader - Seeing class for first time: org.apache.hadoop.ha.HAServiceProtocol$RequestSource
2024-11-12 13:43:06,686 INFO  EvoClassLoader - Instrumenting class 'org.apache.hadoop.ha.HAServiceProtocol$RequestSource'.
2024-11-12 13:43:06,686 INFO  MethodCallReplacementClassAdapter - Adding mock interface to class org/apache/hadoop/ha/HAServiceProtocol$RequestSource
2024-11-12 13:43:06,686 INFO  CreateClassResetClassAdapter - Found static initializer in class org/apache/hadoop/ha/HAServiceProtocol$RequestSource
2024-11-12 13:43:06,686 INFO  EvoClassLoader - Keeping class: org.apache.hadoop.ha.HAServiceProtocol$RequestSource
2024-11-12 13:43:06,686 INFO  EvoClassLoader - Seeing class for first time: org.apache.hadoop.hdfs.HAUtil
2024-11-12 13:43:06,686 INFO  EvoClassLoader - Instrumenting class 'org.apache.hadoop.hdfs.HAUtil'.
2024-11-12 13:43:06,687 INFO  MethodCallReplacementClassAdapter - Adding mock interface to class org/apache/hadoop/hdfs/HAUtil
2024-11-12 13:43:06,689 INFO  CreateClassResetClassAdapter - Found static initializer in class org/apache/hadoop/hdfs/HAUtil
2024-11-12 13:43:06,690 INFO  EvoClassLoader - Keeping class: org.apache.hadoop.hdfs.HAUtil
2024-11-12 13:43:06,690 INFO  EvoClassLoader - Seeing class for first time: org.apache.hadoop.hdfs.protocol.HdfsConstants$StoragePolicy
2024-11-12 13:43:06,690 INFO  EvoClassLoader - Instrumenting class 'org.apache.hadoop.hdfs.protocol.HdfsConstants$StoragePolicy'.
2024-11-12 13:43:06,690 INFO  MethodCallReplacementClassAdapter - Adding mock interface to class org/apache/hadoop/hdfs/protocol/HdfsConstants$StoragePolicy
2024-11-12 13:43:06,690 INFO  CreateClassResetClassAdapter - Found static initializer in class org/apache/hadoop/hdfs/protocol/HdfsConstants$StoragePolicy
2024-11-12 13:43:06,691 INFO  EvoClassLoader - Keeping class: org.apache.hadoop.hdfs.protocol.HdfsConstants$StoragePolicy
2024-11-12 13:43:06,691 INFO  EvoClassLoader - Seeing class for first time: org.apache.hadoop.http.HttpConfig
2024-11-12 13:43:06,691 INFO  EvoClassLoader - Instrumenting class 'org.apache.hadoop.http.HttpConfig'.
2024-11-12 13:43:06,691 INFO  MethodCallReplacementClassAdapter - Adding mock interface to class org/apache/hadoop/http/HttpConfig
2024-11-12 13:43:06,691 INFO  CreateClassResetClassAdapter - Creating brand-new static initializer in class org/apache/hadoop/http/HttpConfig
2024-11-12 13:43:06,691 INFO  EvoClassLoader - Keeping class: org.apache.hadoop.http.HttpConfig
2024-11-12 13:43:06,691 INFO  EvoClassLoader - Seeing class for first time: org.apache.hadoop.hdfs.client.HdfsClientConfigKeys$Read$ShortCircuit
2024-11-12 13:43:06,691 INFO  EvoClassLoader - Instrumenting class 'org.apache.hadoop.hdfs.client.HdfsClientConfigKeys$Read$ShortCircuit'.
2024-11-12 13:43:06,691 INFO  EvoClassLoader - Keeping class: org.apache.hadoop.hdfs.client.HdfsClientConfigKeys$Read$ShortCircuit
2024-11-12 13:43:06,691 INFO  EvoClassLoader - Seeing class for first time: org.apache.hadoop.hdfs.client.HdfsClientConfigKeys
2024-11-12 13:43:06,691 INFO  EvoClassLoader - Instrumenting class 'org.apache.hadoop.hdfs.client.HdfsClientConfigKeys'.
2024-11-12 13:43:06,693 INFO  EvoClassLoader - Keeping class: org.apache.hadoop.hdfs.client.HdfsClientConfigKeys
2024-11-12 13:43:06,693 INFO  EvoClassLoader - Seeing class for first time: org.apache.hadoop.crypto.CipherSuite
2024-11-12 13:43:06,693 INFO  EvoClassLoader - Instrumenting class 'org.apache.hadoop.crypto.CipherSuite'.
2024-11-12 13:43:06,693 INFO  MethodCallReplacementClassAdapter - Adding mock interface to class org/apache/hadoop/crypto/CipherSuite
2024-11-12 13:43:06,694 INFO  CreateClassResetClassAdapter - Found static initializer in class org/apache/hadoop/crypto/CipherSuite
2024-11-12 13:43:06,694 INFO  EvoClassLoader - Keeping class: org.apache.hadoop.crypto.CipherSuite
2024-11-12 13:43:06,695 INFO  EvoClassLoader - Seeing class for first time: org.apache.hadoop.fs.CommonConfigurationKeysPublic
2024-11-12 13:43:06,695 INFO  EvoClassLoader - Instrumenting class 'org.apache.hadoop.fs.CommonConfigurationKeysPublic'.
2024-11-12 13:43:06,695 INFO  MethodCallReplacementClassAdapter - Adding mock interface to class org/apache/hadoop/fs/CommonConfigurationKeysPublic
2024-11-12 13:43:06,695 INFO  CreateClassResetClassAdapter - Found static initializer in class org/apache/hadoop/fs/CommonConfigurationKeysPublic
2024-11-12 13:43:06,697 INFO  EvoClassLoader - Keeping class: org.apache.hadoop.fs.CommonConfigurationKeysPublic
2024-11-12 13:43:06,698 INFO  EvoClassLoader - Seeing class for first time: org.apache.hadoop.crypto.OpensslAesCtrCryptoCodec
2024-11-12 13:43:06,698 INFO  EvoClassLoader - Instrumenting class 'org.apache.hadoop.crypto.OpensslAesCtrCryptoCodec'.
2024-11-12 13:43:06,698 INFO  MethodCallReplacementClassAdapter - Adding mock interface to class org/apache/hadoop/crypto/OpensslAesCtrCryptoCodec
2024-11-12 13:43:06,700 INFO  CreateClassResetClassAdapter - Found static initializer in class org/apache/hadoop/crypto/OpensslAesCtrCryptoCodec
2024-11-12 13:43:06,700 INFO  EvoClassLoader - Seeing class for first time: org.apache.hadoop.crypto.OpensslCtrCryptoCodec
2024-11-12 13:43:06,700 INFO  EvoClassLoader - Instrumenting class 'org.apache.hadoop.crypto.OpensslCtrCryptoCodec'.
2024-11-12 13:43:06,700 INFO  MethodCallReplacementClassAdapter - Adding mock interface to class org/apache/hadoop/crypto/OpensslCtrCryptoCodec
2024-11-12 13:43:06,701 INFO  CreateClassResetClassAdapter - Creating brand-new static initializer in class org/apache/hadoop/crypto/OpensslCtrCryptoCodec
2024-11-12 13:43:06,701 INFO  EvoClassLoader - Seeing class for first time: org.apache.hadoop.crypto.CryptoCodec
2024-11-12 13:43:06,701 INFO  EvoClassLoader - Instrumenting class 'org.apache.hadoop.crypto.CryptoCodec'.
2024-11-12 13:43:06,701 INFO  MethodCallReplacementClassAdapter - Adding mock interface to class org/apache/hadoop/crypto/CryptoCodec
2024-11-12 13:43:06,702 INFO  CreateClassResetClassAdapter - Found static initializer in class org/apache/hadoop/crypto/CryptoCodec
2024-11-12 13:43:06,703 INFO  EvoClassLoader - Keeping class: org.apache.hadoop.crypto.CryptoCodec
2024-11-12 13:43:06,703 INFO  EvoClassLoader - Keeping class: org.apache.hadoop.crypto.OpensslCtrCryptoCodec
2024-11-12 13:43:06,703 INFO  EvoClassLoader - Keeping class: org.apache.hadoop.crypto.OpensslAesCtrCryptoCodec
2024-11-12 13:43:06,703 INFO  EvoClassLoader - Seeing class for first time: org.apache.hadoop.crypto.JceAesCtrCryptoCodec
2024-11-12 13:43:06,703 INFO  EvoClassLoader - Instrumenting class 'org.apache.hadoop.crypto.JceAesCtrCryptoCodec'.
2024-11-12 13:43:06,703 INFO  MethodCallReplacementClassAdapter - Adding mock interface to class org/apache/hadoop/crypto/JceAesCtrCryptoCodec
2024-11-12 13:43:06,703 INFO  CreateClassResetClassAdapter - Found static initializer in class org/apache/hadoop/crypto/JceAesCtrCryptoCodec
2024-11-12 13:43:06,703 INFO  EvoClassLoader - Seeing class for first time: org.apache.hadoop.crypto.JceCtrCryptoCodec
2024-11-12 13:43:06,703 INFO  EvoClassLoader - Instrumenting class 'org.apache.hadoop.crypto.JceCtrCryptoCodec'.
2024-11-12 13:43:06,704 INFO  MethodCallReplacementClassAdapter - Adding mock interface to class org/apache/hadoop/crypto/JceCtrCryptoCodec
2024-11-12 13:43:06,704 INFO  CreateClassResetClassAdapter - Creating brand-new static initializer in class org/apache/hadoop/crypto/JceCtrCryptoCodec
2024-11-12 13:43:06,705 INFO  EvoClassLoader - Keeping class: org.apache.hadoop.crypto.JceCtrCryptoCodec
2024-11-12 13:43:06,705 INFO  EvoClassLoader - Keeping class: org.apache.hadoop.crypto.JceAesCtrCryptoCodec
2024-11-12 13:43:06,705 INFO  EvoClassLoader - Seeing class for first time: org.apache.hadoop.crypto.OpensslSm4CtrCryptoCodec
2024-11-12 13:43:06,705 INFO  EvoClassLoader - Instrumenting class 'org.apache.hadoop.crypto.OpensslSm4CtrCryptoCodec'.
2024-11-12 13:43:06,705 INFO  MethodCallReplacementClassAdapter - Adding mock interface to class org/apache/hadoop/crypto/OpensslSm4CtrCryptoCodec
2024-11-12 13:43:06,705 INFO  CreateClassResetClassAdapter - Found static initializer in class org/apache/hadoop/crypto/OpensslSm4CtrCryptoCodec
2024-11-12 13:43:06,706 INFO  EvoClassLoader - Keeping class: org.apache.hadoop.crypto.OpensslSm4CtrCryptoCodec
2024-11-12 13:43:06,706 INFO  EvoClassLoader - Seeing class for first time: org.apache.hadoop.crypto.JceSm4CtrCryptoCodec
2024-11-12 13:43:06,706 INFO  EvoClassLoader - Instrumenting class 'org.apache.hadoop.crypto.JceSm4CtrCryptoCodec'.
2024-11-12 13:43:06,706 INFO  MethodCallReplacementClassAdapter - Adding mock interface to class org/apache/hadoop/crypto/JceSm4CtrCryptoCodec
2024-11-12 13:43:06,706 INFO  CreateClassResetClassAdapter - Found static initializer in class org/apache/hadoop/crypto/JceSm4CtrCryptoCodec
2024-11-12 13:43:06,706 INFO  EvoClassLoader - Keeping class: org.apache.hadoop.crypto.JceSm4CtrCryptoCodec
2024-11-12 13:43:06,707 INFO  EvoClassLoader - Seeing class for first time: org.apache.hadoop.fs.CommonConfigurationKeys
2024-11-12 13:43:06,707 INFO  EvoClassLoader - Instrumenting class 'org.apache.hadoop.fs.CommonConfigurationKeys'.
2024-11-12 13:43:06,707 INFO  MethodCallReplacementClassAdapter - Adding mock interface to class org/apache/hadoop/fs/CommonConfigurationKeys
2024-11-12 13:43:06,707 INFO  CreateClassResetClassAdapter - Found static initializer in class org/apache/hadoop/fs/CommonConfigurationKeys
2024-11-12 13:43:06,709 INFO  EvoClassLoader - Keeping class: org.apache.hadoop.fs.CommonConfigurationKeys
2024-11-12 13:43:06,709 INFO  EvoClassLoader - Seeing class for first time: org.apache.hadoop.hdfs.DFSConfigKeys
2024-11-12 13:43:06,709 INFO  EvoClassLoader - Instrumenting class 'org.apache.hadoop.hdfs.DFSConfigKeys'.
2024-11-12 13:43:06,710 INFO  MethodCallReplacementClassAdapter - Adding mock interface to class org/apache/hadoop/hdfs/DFSConfigKeys
2024-11-12 13:43:06,710 INFO  CreateClassResetClassAdapter - Found static initializer in class org/apache/hadoop/hdfs/DFSConfigKeys
2024-11-12 13:43:06,718 INFO  EvoClassLoader - Keeping class: org.apache.hadoop.hdfs.DFSConfigKeys
2024-11-12 13:43:06,722 INFO  EvoClassLoader - Seeing class for first time: org.apache.hadoop.hdfs.server.datanode.fsdataset.impl.RamDiskReplicaLruTracker
2024-11-12 13:43:06,722 INFO  EvoClassLoader - Instrumenting class 'org.apache.hadoop.hdfs.server.datanode.fsdataset.impl.RamDiskReplicaLruTracker'.
2024-11-12 13:43:06,722 INFO  MethodCallReplacementClassAdapter - Adding mock interface to class org/apache/hadoop/hdfs/server/datanode/fsdataset/impl/RamDiskReplicaLruTracker
2024-11-12 13:43:06,723 INFO  CreateClassResetClassAdapter - Creating brand-new static initializer in class org/apache/hadoop/hdfs/server/datanode/fsdataset/impl/RamDiskReplicaLruTracker
2024-11-12 13:43:06,723 INFO  EvoClassLoader - Defined package (3): package org.apache.hadoop.hdfs.server.datanode.fsdataset.impl, -115281524
2024-11-12 13:43:06,724 INFO  EvoClassLoader - Seeing class for first time: org.apache.hadoop.hdfs.server.datanode.fsdataset.impl.RamDiskReplicaTracker
2024-11-12 13:43:06,724 INFO  EvoClassLoader - Instrumenting class 'org.apache.hadoop.hdfs.server.datanode.fsdataset.impl.RamDiskReplicaTracker'.
2024-11-12 13:43:06,724 INFO  MethodCallReplacementClassAdapter - Adding mock interface to class org/apache/hadoop/hdfs/server/datanode/fsdataset/impl/RamDiskReplicaTracker
2024-11-12 13:43:06,724 INFO  CreateClassResetClassAdapter - Found static initializer in class org/apache/hadoop/hdfs/server/datanode/fsdataset/impl/RamDiskReplicaTracker
2024-11-12 13:43:06,724 INFO  EvoClassLoader - Keeping class: org.apache.hadoop.hdfs.server.datanode.fsdataset.impl.RamDiskReplicaTracker
2024-11-12 13:43:06,724 INFO  EvoClassLoader - Keeping class: org.apache.hadoop.hdfs.server.datanode.fsdataset.impl.RamDiskReplicaLruTracker
2024-11-12 13:43:06,725 INFO  EvoClassLoader - Seeing class for first time: org.apache.hadoop.hdfs.server.datanode.fsdataset.impl.ReservedSpaceCalculator$ReservedSpaceCalculatorAbsolute
2024-11-12 13:43:06,725 INFO  EvoClassLoader - Instrumenting class 'org.apache.hadoop.hdfs.server.datanode.fsdataset.impl.ReservedSpaceCalculator$ReservedSpaceCalculatorAbsolute'.
2024-11-12 13:43:06,725 INFO  MethodCallReplacementClassAdapter - Adding mock interface to class org/apache/hadoop/hdfs/server/datanode/fsdataset/impl/ReservedSpaceCalculator$ReservedSpaceCalculatorAbsolute
2024-11-12 13:43:06,725 INFO  CreateClassResetClassAdapter - Creating brand-new static initializer in class org/apache/hadoop/hdfs/server/datanode/fsdataset/impl/ReservedSpaceCalculator$ReservedSpaceCalculatorAbsolute
2024-11-12 13:43:06,725 INFO  EvoClassLoader - Seeing class for first time: org.apache.hadoop.hdfs.server.datanode.fsdataset.impl.ReservedSpaceCalculator
2024-11-12 13:43:06,725 INFO  EvoClassLoader - Instrumenting class 'org.apache.hadoop.hdfs.server.datanode.fsdataset.impl.ReservedSpaceCalculator'.
2024-11-12 13:43:06,725 INFO  MethodCallReplacementClassAdapter - Adding mock interface to class org/apache/hadoop/hdfs/server/datanode/fsdataset/impl/ReservedSpaceCalculator
2024-11-12 13:43:06,726 INFO  CreateClassResetClassAdapter - Creating brand-new static initializer in class org/apache/hadoop/hdfs/server/datanode/fsdataset/impl/ReservedSpaceCalculator
2024-11-12 13:43:06,726 INFO  EvoClassLoader - Keeping class: org.apache.hadoop.hdfs.server.datanode.fsdataset.impl.ReservedSpaceCalculator
2024-11-12 13:43:06,726 INFO  EvoClassLoader - Keeping class: org.apache.hadoop.hdfs.server.datanode.fsdataset.impl.ReservedSpaceCalculator$ReservedSpaceCalculatorAbsolute
2024-11-12 13:43:06,726 INFO  EvoClassLoader - Seeing class for first time: org.apache.hadoop.hdfs.server.blockmanagement.BlockPlacementPolicyDefault
2024-11-12 13:43:06,726 INFO  EvoClassLoader - Instrumenting class 'org.apache.hadoop.hdfs.server.blockmanagement.BlockPlacementPolicyDefault'.
2024-11-12 13:43:06,727 INFO  MethodCallReplacementClassAdapter - Adding mock interface to class org/apache/hadoop/hdfs/server/blockmanagement/BlockPlacementPolicyDefault
2024-11-12 13:43:06,733 INFO  CreateClassResetClassAdapter - Found static initializer in class org/apache/hadoop/hdfs/server/blockmanagement/BlockPlacementPolicyDefault
2024-11-12 13:43:06,733 INFO  EvoClassLoader - Defined package (3): package org.apache.hadoop.hdfs.server.blockmanagement, -789130121
2024-11-12 13:43:06,734 INFO  EvoClassLoader - Seeing class for first time: org.apache.hadoop.hdfs.server.blockmanagement.BlockPlacementPolicy
2024-11-12 13:43:06,734 INFO  EvoClassLoader - Instrumenting class 'org.apache.hadoop.hdfs.server.blockmanagement.BlockPlacementPolicy'.
2024-11-12 13:43:06,734 INFO  MethodCallReplacementClassAdapter - Adding mock interface to class org/apache/hadoop/hdfs/server/blockmanagement/BlockPlacementPolicy
2024-11-12 13:43:06,734 INFO  CreateClassResetClassAdapter - Found static initializer in class org/apache/hadoop/hdfs/server/blockmanagement/BlockPlacementPolicy
2024-11-12 13:43:06,735 INFO  EvoClassLoader - Keeping class: org.apache.hadoop.hdfs.server.blockmanagement.BlockPlacementPolicy
2024-11-12 13:43:06,735 INFO  EvoClassLoader - Keeping class: org.apache.hadoop.hdfs.server.blockmanagement.BlockPlacementPolicyDefault
2024-11-12 13:43:06,735 INFO  EvoClassLoader - Seeing class for first time: org.apache.hadoop.hdfs.server.blockmanagement.BlockPlacementPolicyRackFaultTolerant
2024-11-12 13:43:06,735 INFO  EvoClassLoader - Instrumenting class 'org.apache.hadoop.hdfs.server.blockmanagement.BlockPlacementPolicyRackFaultTolerant'.
2024-11-12 13:43:06,735 INFO  MethodCallReplacementClassAdapter - Adding mock interface to class org/apache/hadoop/hdfs/server/blockmanagement/BlockPlacementPolicyRackFaultTolerant
2024-11-12 13:43:06,736 INFO  CreateClassResetClassAdapter - Found static initializer in class org/apache/hadoop/hdfs/server/blockmanagement/BlockPlacementPolicyRackFaultTolerant
2024-11-12 13:43:06,737 INFO  EvoClassLoader - Keeping class: org.apache.hadoop.hdfs.server.blockmanagement.BlockPlacementPolicyRackFaultTolerant
2024-11-12 13:43:06,737 INFO  EvoClassLoader - Seeing class for first time: org.apache.hadoop.hdfs.net.DFSNetworkTopology
2024-11-12 13:43:06,737 INFO  EvoClassLoader - Instrumenting class 'org.apache.hadoop.hdfs.net.DFSNetworkTopology'.
2024-11-12 13:43:06,737 INFO  MethodCallReplacementClassAdapter - Adding mock interface to class org/apache/hadoop/hdfs/net/DFSNetworkTopology
2024-11-12 13:43:06,737 INFO  CreateClassResetClassAdapter - Found static initializer in class org/apache/hadoop/hdfs/net/DFSNetworkTopology
2024-11-12 13:43:06,738 INFO  EvoClassLoader - Seeing class for first time: org.apache.hadoop.net.NetworkTopology
2024-11-12 13:43:06,738 INFO  EvoClassLoader - Instrumenting class 'org.apache.hadoop.net.NetworkTopology'.
2024-11-12 13:43:06,738 INFO  MethodCallReplacementClassAdapter - Adding mock interface to class org/apache/hadoop/net/NetworkTopology
2024-11-12 13:43:06,740 INFO  CreateClassResetClassAdapter - Found static initializer in class org/apache/hadoop/net/NetworkTopology
2024-11-12 13:43:06,742 INFO  EvoClassLoader - Keeping class: org.apache.hadoop.net.NetworkTopology
2024-11-12 13:43:06,742 INFO  EvoClassLoader - Keeping class: org.apache.hadoop.hdfs.net.DFSNetworkTopology
2024-11-12 13:43:06,752 INFO  EvoClassLoader - Seeing class for first time: org.apache.hadoop.hdfs.NameNodeProxiesClient
2024-11-12 13:43:06,752 INFO  EvoClassLoader - Instrumenting class 'org.apache.hadoop.hdfs.NameNodeProxiesClient'.
2024-11-12 13:43:06,752 INFO  MethodCallReplacementClassAdapter - Adding mock interface to class org/apache/hadoop/hdfs/NameNodeProxiesClient
2024-11-12 13:43:06,754 INFO  CreateClassResetClassAdapter - Found static initializer in class org/apache/hadoop/hdfs/NameNodeProxiesClient
2024-11-12 13:43:06,754 INFO  EvoClassLoader - Keeping class: org.apache.hadoop.hdfs.NameNodeProxiesClient
2024-11-12 13:43:06,754 INFO  EvoClassLoader - Seeing class for first time: org.apache.hadoop.hdfs.server.namenode.ha.AbstractNNFailoverProxyProvider
2024-11-12 13:43:06,754 INFO  EvoClassLoader - Instrumenting class 'org.apache.hadoop.hdfs.server.namenode.ha.AbstractNNFailoverProxyProvider'.
2024-11-12 13:43:06,755 INFO  MethodCallReplacementClassAdapter - Adding mock interface to class org/apache/hadoop/hdfs/server/namenode/ha/AbstractNNFailoverProxyProvider
2024-11-12 13:43:06,756 INFO  CreateClassResetClassAdapter - Found static initializer in class org/apache/hadoop/hdfs/server/namenode/ha/AbstractNNFailoverProxyProvider
2024-11-12 13:43:06,756 INFO  EvoClassLoader - Seeing class for first time: org.apache.hadoop.io.retry.FailoverProxyProvider
2024-11-12 13:43:06,756 INFO  EvoClassLoader - Instrumenting class 'org.apache.hadoop.io.retry.FailoverProxyProvider'.
2024-11-12 13:43:06,757 INFO  EvoClassLoader - Keeping class: org.apache.hadoop.io.retry.FailoverProxyProvider
2024-11-12 13:43:06,757 INFO  EvoClassLoader - Keeping class: org.apache.hadoop.hdfs.server.namenode.ha.AbstractNNFailoverProxyProvider
2024-11-12 13:43:06,757 INFO  EvoClassLoader - Seeing class for first time: org.apache.hadoop.hdfs.server.namenode.ha.WrappedFailoverProxyProvider
2024-11-12 13:43:06,757 INFO  EvoClassLoader - Instrumenting class 'org.apache.hadoop.hdfs.server.namenode.ha.WrappedFailoverProxyProvider'.
2024-11-12 13:43:06,757 INFO  MethodCallReplacementClassAdapter - Adding mock interface to class org/apache/hadoop/hdfs/server/namenode/ha/WrappedFailoverProxyProvider
2024-11-12 13:43:06,757 INFO  CreateClassResetClassAdapter - Creating brand-new static initializer in class org/apache/hadoop/hdfs/server/namenode/ha/WrappedFailoverProxyProvider
2024-11-12 13:43:06,757 INFO  EvoClassLoader - Keeping class: org.apache.hadoop.hdfs.server.namenode.ha.WrappedFailoverProxyProvider
2024-11-12 13:43:06,758 INFO  EvoClassLoader - Seeing class for first time: net.bytebuddy.build.HashCodeAndEqualsPlugin$Enhance$InvokeSuper
2024-11-12 13:43:06,758 INFO  EvoClassLoader - Instrumenting class 'net.bytebuddy.build.HashCodeAndEqualsPlugin$Enhance$InvokeSuper'.
2024-11-12 13:43:06,759 INFO  MethodCallReplacementClassAdapter - Adding mock interface to class net/bytebuddy/build/HashCodeAndEqualsPlugin$Enhance$InvokeSuper
2024-11-12 13:43:06,759 INFO  CreateClassResetClassAdapter - Found static initializer in class net/bytebuddy/build/HashCodeAndEqualsPlugin$Enhance$InvokeSuper
2024-11-12 13:43:06,759 INFO  EvoClassLoader - Defined package (3): package net.bytebuddy.build, -1091202835
2024-11-12 13:43:06,759 INFO  EvoClassLoader - Keeping class: net.bytebuddy.build.HashCodeAndEqualsPlugin$Enhance$InvokeSuper
2024-11-12 13:43:06,759 INFO  EvoClassLoader - Seeing class for first time: net.bytebuddy.build.HashCodeAndEqualsPlugin$Enhance
2024-11-12 13:43:06,759 INFO  EvoClassLoader - Instrumenting class 'net.bytebuddy.build.HashCodeAndEqualsPlugin$Enhance'.
2024-11-12 13:43:06,759 INFO  EvoClassLoader - Keeping class: net.bytebuddy.build.HashCodeAndEqualsPlugin$Enhance
2024-11-12 13:43:06,759 INFO  EvoClassLoader - Seeing class for first time: net.bytebuddy.build.HashCodeAndEqualsPlugin
2024-11-12 13:43:06,759 INFO  EvoClassLoader - Instrumenting class 'net.bytebuddy.build.HashCodeAndEqualsPlugin'.
2024-11-12 13:43:06,760 INFO  MethodCallReplacementClassAdapter - Adding mock interface to class net/bytebuddy/build/HashCodeAndEqualsPlugin
2024-11-12 13:43:06,760 INFO  CreateClassResetClassAdapter - Creating brand-new static initializer in class net/bytebuddy/build/HashCodeAndEqualsPlugin
2024-11-12 13:43:06,761 INFO  EvoClassLoader - Seeing class for first time: net.bytebuddy.build.Plugin
2024-11-12 13:43:06,761 INFO  EvoClassLoader - Instrumenting class 'net.bytebuddy.build.Plugin'.
2024-11-12 13:43:06,761 INFO  EvoClassLoader - Seeing class for first time: net.bytebuddy.matcher.ElementMatcher
2024-11-12 13:43:06,761 INFO  EvoClassLoader - Instrumenting class 'net.bytebuddy.matcher.ElementMatcher'.
2024-11-12 13:43:06,761 INFO  EvoClassLoader - Defined package (3): package net.bytebuddy.matcher, -63983631
2024-11-12 13:43:06,761 INFO  EvoClassLoader - Keeping class: net.bytebuddy.matcher.ElementMatcher
2024-11-12 13:43:06,761 INFO  EvoClassLoader - Keeping class: net.bytebuddy.build.Plugin
2024-11-12 13:43:06,761 INFO  EvoClassLoader - Seeing class for first time: net.bytebuddy.build.Plugin$Factory
2024-11-12 13:43:06,761 INFO  EvoClassLoader - Instrumenting class 'net.bytebuddy.build.Plugin$Factory'.
2024-11-12 13:43:06,761 INFO  EvoClassLoader - Keeping class: net.bytebuddy.build.Plugin$Factory
2024-11-12 13:43:06,761 INFO  EvoClassLoader - Keeping class: net.bytebuddy.build.HashCodeAndEqualsPlugin
2024-11-12 13:43:06,761 INFO  EvoClassLoader - Seeing class for first time: net.bytebuddy.build.HashCodeAndEqualsPlugin$Enhance$InvokeSuper$1
2024-11-12 13:43:06,761 INFO  EvoClassLoader - Instrumenting class 'net.bytebuddy.build.HashCodeAndEqualsPlugin$Enhance$InvokeSuper$1'.
2024-11-12 13:43:06,761 INFO  MethodCallReplacementClassAdapter - Adding mock interface to class net/bytebuddy/build/HashCodeAndEqualsPlugin$Enhance$InvokeSuper$1
2024-11-12 13:43:06,764 INFO  EvoClassLoader - Keeping class: net.bytebuddy.build.HashCodeAndEqualsPlugin$Enhance$InvokeSuper$1
2024-11-12 13:43:06,764 INFO  EvoClassLoader - Seeing class for first time: net.bytebuddy.build.HashCodeAndEqualsPlugin$Enhance$InvokeSuper$2
2024-11-12 13:43:06,764 INFO  EvoClassLoader - Instrumenting class 'net.bytebuddy.build.HashCodeAndEqualsPlugin$Enhance$InvokeSuper$2'.
2024-11-12 13:43:06,764 INFO  MethodCallReplacementClassAdapter - Adding mock interface to class net/bytebuddy/build/HashCodeAndEqualsPlugin$Enhance$InvokeSuper$2
2024-11-12 13:43:06,765 INFO  EvoClassLoader - Keeping class: net.bytebuddy.build.HashCodeAndEqualsPlugin$Enhance$InvokeSuper$2
2024-11-12 13:43:06,765 INFO  EvoClassLoader - Seeing class for first time: net.bytebuddy.build.HashCodeAndEqualsPlugin$Enhance$InvokeSuper$3
2024-11-12 13:43:06,765 INFO  EvoClassLoader - Instrumenting class 'net.bytebuddy.build.HashCodeAndEqualsPlugin$Enhance$InvokeSuper$3'.
2024-11-12 13:43:06,765 INFO  MethodCallReplacementClassAdapter - Adding mock interface to class net/bytebuddy/build/HashCodeAndEqualsPlugin$Enhance$InvokeSuper$3
2024-11-12 13:43:06,765 INFO  EvoClassLoader - Keeping class: net.bytebuddy.build.HashCodeAndEqualsPlugin$Enhance$InvokeSuper$3
2024-11-12 13:43:06,765 INFO  EvoClassLoader - Seeing class for first time: net.bytebuddy.build.HashCodeAndEqualsPlugin$Enhance$InvokeSuper$4
2024-11-12 13:43:06,765 INFO  EvoClassLoader - Instrumenting class 'net.bytebuddy.build.HashCodeAndEqualsPlugin$Enhance$InvokeSuper$4'.
2024-11-12 13:43:06,765 INFO  MethodCallReplacementClassAdapter - Adding mock interface to class net/bytebuddy/build/HashCodeAndEqualsPlugin$Enhance$InvokeSuper$4
2024-11-12 13:43:06,765 INFO  EvoClassLoader - Keeping class: net.bytebuddy.build.HashCodeAndEqualsPlugin$Enhance$InvokeSuper$4
2024-11-12 13:43:06,765 INFO  EvoClassLoader - Seeing class for first time: net.bytebuddy.description.type.TypeDescription
2024-11-12 13:43:06,765 INFO  EvoClassLoader - Instrumenting class 'net.bytebuddy.description.type.TypeDescription'.
2024-11-12 13:43:06,765 INFO  EvoClassLoader - Defined package (3): package net.bytebuddy.description.type, 1043161613
2024-11-12 13:43:06,766 INFO  EvoClassLoader - Seeing class for first time: net.bytebuddy.description.type.TypeDefinition
2024-11-12 13:43:06,766 INFO  EvoClassLoader - Instrumenting class 'net.bytebuddy.description.type.TypeDefinition'.
2024-11-12 13:43:06,766 INFO  EvoClassLoader - Seeing class for first time: net.bytebuddy.description.NamedElement
2024-11-12 13:43:06,766 INFO  EvoClassLoader - Instrumenting class 'net.bytebuddy.description.NamedElement'.
2024-11-12 13:43:06,766 INFO  EvoClassLoader - Defined package (3): package net.bytebuddy.description, 348599099
2024-11-12 13:43:06,766 INFO  EvoClassLoader - Keeping class: net.bytebuddy.description.NamedElement
2024-11-12 13:43:06,766 INFO  EvoClassLoader - Seeing class for first time: net.bytebuddy.description.ModifierReviewable$ForTypeDefinition
2024-11-12 13:43:06,766 INFO  EvoClassLoader - Instrumenting class 'net.bytebuddy.description.ModifierReviewable$ForTypeDefinition'.
2024-11-12 13:43:06,766 INFO  EvoClassLoader - Seeing class for first time: net.bytebuddy.description.ModifierReviewable$OfAbstraction
2024-11-12 13:43:06,766 INFO  EvoClassLoader - Instrumenting class 'net.bytebuddy.description.ModifierReviewable$OfAbstraction'.
2024-11-12 13:43:06,767 INFO  EvoClassLoader - Seeing class for first time: net.bytebuddy.description.ModifierReviewable$OfByteCodeElement
2024-11-12 13:43:06,767 INFO  EvoClassLoader - Instrumenting class 'net.bytebuddy.description.ModifierReviewable$OfByteCodeElement'.
2024-11-12 13:43:06,767 INFO  EvoClassLoader - Seeing class for first time: net.bytebuddy.description.ModifierReviewable
2024-11-12 13:43:06,767 INFO  EvoClassLoader - Instrumenting class 'net.bytebuddy.description.ModifierReviewable'.
2024-11-12 13:43:06,767 INFO  EvoClassLoader - Keeping class: net.bytebuddy.description.ModifierReviewable
2024-11-12 13:43:06,767 INFO  EvoClassLoader - Keeping class: net.bytebuddy.description.ModifierReviewable$OfByteCodeElement
2024-11-12 13:43:06,767 INFO  EvoClassLoader - Keeping class: net.bytebuddy.description.ModifierReviewable$OfAbstraction
2024-11-12 13:43:06,767 INFO  EvoClassLoader - Seeing class for first time: net.bytebuddy.description.ModifierReviewable$OfEnumeration
2024-11-12 13:43:06,767 INFO  EvoClassLoader - Instrumenting class 'net.bytebuddy.description.ModifierReviewable$OfEnumeration'.
2024-11-12 13:43:06,767 INFO  EvoClassLoader - Keeping class: net.bytebuddy.description.ModifierReviewable$OfEnumeration
2024-11-12 13:43:06,767 INFO  EvoClassLoader - Keeping class: net.bytebuddy.description.ModifierReviewable$ForTypeDefinition
2024-11-12 13:43:06,767 INFO  EvoClassLoader - Keeping class: net.bytebuddy.description.type.TypeDefinition
2024-11-12 13:43:06,767 INFO  EvoClassLoader - Seeing class for first time: net.bytebuddy.description.ByteCodeElement
2024-11-12 13:43:06,767 INFO  EvoClassLoader - Instrumenting class 'net.bytebuddy.description.ByteCodeElement'.
2024-11-12 13:43:06,767 INFO  EvoClassLoader - Seeing class for first time: net.bytebuddy.description.NamedElement$WithRuntimeName
2024-11-12 13:43:06,767 INFO  EvoClassLoader - Instrumenting class 'net.bytebuddy.description.NamedElement$WithRuntimeName'.
2024-11-12 13:43:06,767 INFO  EvoClassLoader - Keeping class: net.bytebuddy.description.NamedElement$WithRuntimeName
2024-11-12 13:43:06,767 INFO  EvoClassLoader - Seeing class for first time: net.bytebuddy.description.DeclaredByType
2024-11-12 13:43:06,767 INFO  EvoClassLoader - Instrumenting class 'net.bytebuddy.description.DeclaredByType'.
2024-11-12 13:43:06,767 INFO  EvoClassLoader - Keeping class: net.bytebuddy.description.DeclaredByType
2024-11-12 13:43:06,767 INFO  EvoClassLoader - Seeing class for first time: net.bytebuddy.description.annotation.AnnotationSource
2024-11-12 13:43:06,767 INFO  EvoClassLoader - Instrumenting class 'net.bytebuddy.description.annotation.AnnotationSource'.
2024-11-12 13:43:06,767 INFO  EvoClassLoader - Defined package (3): package net.bytebuddy.description.annotation, -2027678782
2024-11-12 13:43:06,767 INFO  EvoClassLoader - Keeping class: net.bytebuddy.description.annotation.AnnotationSource
2024-11-12 13:43:06,767 INFO  EvoClassLoader - Keeping class: net.bytebuddy.description.ByteCodeElement
2024-11-12 13:43:06,767 INFO  EvoClassLoader - Seeing class for first time: net.bytebuddy.description.TypeVariableSource
2024-11-12 13:43:06,767 INFO  EvoClassLoader - Instrumenting class 'net.bytebuddy.description.TypeVariableSource'.
2024-11-12 13:43:06,768 INFO  EvoClassLoader - Keeping class: net.bytebuddy.description.TypeVariableSource
2024-11-12 13:43:06,768 INFO  EvoClassLoader - Keeping class: net.bytebuddy.description.type.TypeDescription
2024-11-12 13:43:06,768 INFO  EvoClassLoader - Seeing class for first time: net.bytebuddy.implementation.HashCodeMethod
2024-11-12 13:43:06,768 INFO  EvoClassLoader - Instrumenting class 'net.bytebuddy.implementation.HashCodeMethod'.
2024-11-12 13:43:06,768 INFO  MethodCallReplacementClassAdapter - Adding mock interface to class net/bytebuddy/implementation/HashCodeMethod
2024-11-12 13:43:06,769 INFO  CreateClassResetClassAdapter - Found static initializer in class net/bytebuddy/implementation/HashCodeMethod
2024-11-12 13:43:06,769 INFO  EvoClassLoader - Defined package (3): package net.bytebuddy.implementation, 1120813075
2024-11-12 13:43:06,769 INFO  EvoClassLoader - Seeing class for first time: net.bytebuddy.implementation.Implementation
2024-11-12 13:43:06,769 INFO  EvoClassLoader - Instrumenting class 'net.bytebuddy.implementation.Implementation'.
2024-11-12 13:43:06,769 INFO  EvoClassLoader - Seeing class for first time: net.bytebuddy.dynamic.scaffold.InstrumentedType$Prepareable
2024-11-12 13:43:06,769 INFO  EvoClassLoader - Instrumenting class 'net.bytebuddy.dynamic.scaffold.InstrumentedType$Prepareable'.
2024-11-12 13:43:06,769 INFO  EvoClassLoader - Defined package (3): package net.bytebuddy.dynamic.scaffold, 1693317350
2024-11-12 13:43:06,769 INFO  EvoClassLoader - Keeping class: net.bytebuddy.dynamic.scaffold.InstrumentedType$Prepareable
2024-11-12 13:43:06,769 INFO  EvoClassLoader - Keeping class: net.bytebuddy.implementation.Implementation
2024-11-12 13:43:06,769 INFO  EvoClassLoader - Keeping class: net.bytebuddy.implementation.HashCodeMethod
2024-11-12 13:43:06,769 INFO  EvoClassLoader - Seeing class for first time: net.bytebuddy.implementation.EqualsMethod
2024-11-12 13:43:06,769 INFO  EvoClassLoader - Instrumenting class 'net.bytebuddy.implementation.EqualsMethod'.
2024-11-12 13:43:06,770 INFO  MethodCallReplacementClassAdapter - Adding mock interface to class net/bytebuddy/implementation/EqualsMethod
2024-11-12 13:43:06,770 INFO  CreateClassResetClassAdapter - Found static initializer in class net/bytebuddy/implementation/EqualsMethod
2024-11-12 13:43:06,770 INFO  EvoClassLoader - Keeping class: net.bytebuddy.implementation.EqualsMethod
2024-11-12 13:43:06,771 INFO  EvoClassLoader - Seeing class for first time: net.bytebuddy.description.type.TypeDescription$Generic
2024-11-12 13:43:06,771 INFO  EvoClassLoader - Instrumenting class 'net.bytebuddy.description.type.TypeDescription$Generic'.
2024-11-12 13:43:06,771 INFO  EvoClassLoader - Keeping class: net.bytebuddy.description.type.TypeDescription$Generic
2024-11-12 13:43:06,771 INFO  EvoClassLoader - Seeing class for first time: org.assertj.core.internal.bytebuddy.build.HashCodeAndEqualsPlugin$Enhance$InvokeSuper
2024-11-12 13:43:06,771 INFO  EvoClassLoader - Instrumenting class 'org.assertj.core.internal.bytebuddy.build.HashCodeAndEqualsPlugin$Enhance$InvokeSuper'.
2024-11-12 13:43:06,771 INFO  MethodCallReplacementClassAdapter - Adding mock interface to class org/assertj/core/internal/bytebuddy/build/HashCodeAndEqualsPlugin$Enhance$InvokeSuper
2024-11-12 13:43:06,771 INFO  CreateClassResetClassAdapter - Found static initializer in class org/assertj/core/internal/bytebuddy/build/HashCodeAndEqualsPlugin$Enhance$InvokeSuper
2024-11-12 13:43:06,771 INFO  EvoClassLoader - Defined package (3): package org.assertj.core.internal.bytebuddy.build, -2103311512
2024-11-12 13:43:06,772 INFO  EvoClassLoader - Keeping class: org.assertj.core.internal.bytebuddy.build.HashCodeAndEqualsPlugin$Enhance$InvokeSuper
2024-11-12 13:43:06,772 INFO  EvoClassLoader - Seeing class for first time: org.assertj.core.internal.bytebuddy.build.HashCodeAndEqualsPlugin$Enhance
2024-11-12 13:43:06,772 INFO  EvoClassLoader - Instrumenting class 'org.assertj.core.internal.bytebuddy.build.HashCodeAndEqualsPlugin$Enhance'.
2024-11-12 13:43:06,772 INFO  EvoClassLoader - Keeping class: org.assertj.core.internal.bytebuddy.build.HashCodeAndEqualsPlugin$Enhance
2024-11-12 13:43:06,772 INFO  EvoClassLoader - Seeing class for first time: org.assertj.core.internal.bytebuddy.build.HashCodeAndEqualsPlugin
2024-11-12 13:43:06,772 INFO  EvoClassLoader - Instrumenting class 'org.assertj.core.internal.bytebuddy.build.HashCodeAndEqualsPlugin'.
2024-11-12 13:43:06,772 INFO  MethodCallReplacementClassAdapter - Adding mock interface to class org/assertj/core/internal/bytebuddy/build/HashCodeAndEqualsPlugin
2024-11-12 13:43:06,773 INFO  CreateClassResetClassAdapter - Creating brand-new static initializer in class org/assertj/core/internal/bytebuddy/build/HashCodeAndEqualsPlugin
2024-11-12 13:43:06,774 INFO  EvoClassLoader - Seeing class for first time: org.assertj.core.internal.bytebuddy.build.Plugin
2024-11-12 13:43:06,774 INFO  EvoClassLoader - Instrumenting class 'org.assertj.core.internal.bytebuddy.build.Plugin'.
2024-11-12 13:43:06,774 INFO  EvoClassLoader - Seeing class for first time: org.assertj.core.internal.bytebuddy.matcher.ElementMatcher
2024-11-12 13:43:06,774 INFO  EvoClassLoader - Instrumenting class 'org.assertj.core.internal.bytebuddy.matcher.ElementMatcher'.
2024-11-12 13:43:06,774 INFO  EvoClassLoader - Defined package (3): package org.assertj.core.internal.bytebuddy.matcher, -2037813332
2024-11-12 13:43:06,774 INFO  EvoClassLoader - Keeping class: org.assertj.core.internal.bytebuddy.matcher.ElementMatcher
2024-11-12 13:43:06,774 INFO  EvoClassLoader - Keeping class: org.assertj.core.internal.bytebuddy.build.Plugin
2024-11-12 13:43:06,774 INFO  EvoClassLoader - Seeing class for first time: org.assertj.core.internal.bytebuddy.build.Plugin$Factory
2024-11-12 13:43:06,774 INFO  EvoClassLoader - Instrumenting class 'org.assertj.core.internal.bytebuddy.build.Plugin$Factory'.
2024-11-12 13:43:06,774 INFO  EvoClassLoader - Keeping class: org.assertj.core.internal.bytebuddy.build.Plugin$Factory
2024-11-12 13:43:06,774 INFO  EvoClassLoader - Keeping class: org.assertj.core.internal.bytebuddy.build.HashCodeAndEqualsPlugin
2024-11-12 13:43:06,774 INFO  EvoClassLoader - Seeing class for first time: org.assertj.core.internal.bytebuddy.build.HashCodeAndEqualsPlugin$Enhance$InvokeSuper$1
2024-11-12 13:43:06,774 INFO  EvoClassLoader - Instrumenting class 'org.assertj.core.internal.bytebuddy.build.HashCodeAndEqualsPlugin$Enhance$InvokeSuper$1'.
2024-11-12 13:43:06,775 INFO  MethodCallReplacementClassAdapter - Adding mock interface to class org/assertj/core/internal/bytebuddy/build/HashCodeAndEqualsPlugin$Enhance$InvokeSuper$1
2024-11-12 13:43:06,778 INFO  EvoClassLoader - Keeping class: org.assertj.core.internal.bytebuddy.build.HashCodeAndEqualsPlugin$Enhance$InvokeSuper$1
2024-11-12 13:43:06,778 INFO  EvoClassLoader - Seeing class for first time: org.assertj.core.internal.bytebuddy.build.HashCodeAndEqualsPlugin$Enhance$InvokeSuper$2
2024-11-12 13:43:06,778 INFO  EvoClassLoader - Instrumenting class 'org.assertj.core.internal.bytebuddy.build.HashCodeAndEqualsPlugin$Enhance$InvokeSuper$2'.
2024-11-12 13:43:06,778 INFO  MethodCallReplacementClassAdapter - Adding mock interface to class org/assertj/core/internal/bytebuddy/build/HashCodeAndEqualsPlugin$Enhance$InvokeSuper$2
2024-11-12 13:43:06,779 INFO  EvoClassLoader - Keeping class: org.assertj.core.internal.bytebuddy.build.HashCodeAndEqualsPlugin$Enhance$InvokeSuper$2
2024-11-12 13:43:06,779 INFO  EvoClassLoader - Seeing class for first time: org.assertj.core.internal.bytebuddy.build.HashCodeAndEqualsPlugin$Enhance$InvokeSuper$3
2024-11-12 13:43:06,779 INFO  EvoClassLoader - Instrumenting class 'org.assertj.core.internal.bytebuddy.build.HashCodeAndEqualsPlugin$Enhance$InvokeSuper$3'.
2024-11-12 13:43:06,779 INFO  MethodCallReplacementClassAdapter - Adding mock interface to class org/assertj/core/internal/bytebuddy/build/HashCodeAndEqualsPlugin$Enhance$InvokeSuper$3
2024-11-12 13:43:06,779 INFO  EvoClassLoader - Keeping class: org.assertj.core.internal.bytebuddy.build.HashCodeAndEqualsPlugin$Enhance$InvokeSuper$3
2024-11-12 13:43:06,779 INFO  EvoClassLoader - Seeing class for first time: org.assertj.core.internal.bytebuddy.build.HashCodeAndEqualsPlugin$Enhance$InvokeSuper$4
2024-11-12 13:43:06,779 INFO  EvoClassLoader - Instrumenting class 'org.assertj.core.internal.bytebuddy.build.HashCodeAndEqualsPlugin$Enhance$InvokeSuper$4'.
2024-11-12 13:43:06,779 INFO  MethodCallReplacementClassAdapter - Adding mock interface to class org/assertj/core/internal/bytebuddy/build/HashCodeAndEqualsPlugin$Enhance$InvokeSuper$4
2024-11-12 13:43:06,779 INFO  EvoClassLoader - Keeping class: org.assertj.core.internal.bytebuddy.build.HashCodeAndEqualsPlugin$Enhance$InvokeSuper$4
2024-11-12 13:43:06,780 INFO  EvoClassLoader - Seeing class for first time: org.assertj.core.internal.bytebuddy.description.type.TypeDescription
2024-11-12 13:43:06,780 INFO  EvoClassLoader - Instrumenting class 'org.assertj.core.internal.bytebuddy.description.type.TypeDescription'.
2024-11-12 13:43:06,780 INFO  EvoClassLoader - Defined package (3): package org.assertj.core.internal.bytebuddy.description.type, -2063588174
2024-11-12 13:43:06,780 INFO  EvoClassLoader - Seeing class for first time: org.assertj.core.internal.bytebuddy.description.type.TypeDefinition
2024-11-12 13:43:06,780 INFO  EvoClassLoader - Instrumenting class 'org.assertj.core.internal.bytebuddy.description.type.TypeDefinition'.
2024-11-12 13:43:06,780 INFO  EvoClassLoader - Seeing class for first time: org.assertj.core.internal.bytebuddy.description.NamedElement
2024-11-12 13:43:06,780 INFO  EvoClassLoader - Instrumenting class 'org.assertj.core.internal.bytebuddy.description.NamedElement'.
2024-11-12 13:43:06,780 INFO  EvoClassLoader - Defined package (3): package org.assertj.core.internal.bytebuddy.description, 1484037494
2024-11-12 13:43:06,780 INFO  EvoClassLoader - Keeping class: org.assertj.core.internal.bytebuddy.description.NamedElement
2024-11-12 13:43:06,780 INFO  EvoClassLoader - Seeing class for first time: org.assertj.core.internal.bytebuddy.description.ModifierReviewable$ForTypeDefinition
2024-11-12 13:43:06,780 INFO  EvoClassLoader - Instrumenting class 'org.assertj.core.internal.bytebuddy.description.ModifierReviewable$ForTypeDefinition'.
2024-11-12 13:43:06,780 INFO  EvoClassLoader - Seeing class for first time: org.assertj.core.internal.bytebuddy.description.ModifierReviewable$OfAbstraction
2024-11-12 13:43:06,780 INFO  EvoClassLoader - Instrumenting class 'org.assertj.core.internal.bytebuddy.description.ModifierReviewable$OfAbstraction'.
2024-11-12 13:43:06,780 INFO  EvoClassLoader - Seeing class for first time: org.assertj.core.internal.bytebuddy.description.ModifierReviewable$OfByteCodeElement
2024-11-12 13:43:06,780 INFO  EvoClassLoader - Instrumenting class 'org.assertj.core.internal.bytebuddy.description.ModifierReviewable$OfByteCodeElement'.
2024-11-12 13:43:06,781 INFO  EvoClassLoader - Seeing class for first time: org.assertj.core.internal.bytebuddy.description.ModifierReviewable
2024-11-12 13:43:06,781 INFO  EvoClassLoader - Instrumenting class 'org.assertj.core.internal.bytebuddy.description.ModifierReviewable'.
2024-11-12 13:43:06,781 INFO  EvoClassLoader - Keeping class: org.assertj.core.internal.bytebuddy.description.ModifierReviewable
2024-11-12 13:43:06,781 INFO  EvoClassLoader - Keeping class: org.assertj.core.internal.bytebuddy.description.ModifierReviewable$OfByteCodeElement
2024-11-12 13:43:06,781 INFO  EvoClassLoader - Keeping class: org.assertj.core.internal.bytebuddy.description.ModifierReviewable$OfAbstraction
2024-11-12 13:43:06,781 INFO  EvoClassLoader - Seeing class for first time: org.assertj.core.internal.bytebuddy.description.ModifierReviewable$OfEnumeration
2024-11-12 13:43:06,781 INFO  EvoClassLoader - Instrumenting class 'org.assertj.core.internal.bytebuddy.description.ModifierReviewable$OfEnumeration'.
2024-11-12 13:43:06,781 INFO  EvoClassLoader - Keeping class: org.assertj.core.internal.bytebuddy.description.ModifierReviewable$OfEnumeration
2024-11-12 13:43:06,781 INFO  EvoClassLoader - Keeping class: org.assertj.core.internal.bytebuddy.description.ModifierReviewable$ForTypeDefinition
2024-11-12 13:43:06,781 INFO  EvoClassLoader - Keeping class: org.assertj.core.internal.bytebuddy.description.type.TypeDefinition
2024-11-12 13:43:06,781 INFO  EvoClassLoader - Seeing class for first time: org.assertj.core.internal.bytebuddy.description.ByteCodeElement
2024-11-12 13:43:06,781 INFO  EvoClassLoader - Instrumenting class 'org.assertj.core.internal.bytebuddy.description.ByteCodeElement'.
2024-11-12 13:43:06,781 INFO  EvoClassLoader - Seeing class for first time: org.assertj.core.internal.bytebuddy.description.NamedElement$WithRuntimeName
2024-11-12 13:43:06,781 INFO  EvoClassLoader - Instrumenting class 'org.assertj.core.internal.bytebuddy.description.NamedElement$WithRuntimeName'.
2024-11-12 13:43:06,781 INFO  EvoClassLoader - Keeping class: org.assertj.core.internal.bytebuddy.description.NamedElement$WithRuntimeName
2024-11-12 13:43:06,781 INFO  EvoClassLoader - Seeing class for first time: org.assertj.core.internal.bytebuddy.description.DeclaredByType
2024-11-12 13:43:06,781 INFO  EvoClassLoader - Instrumenting class 'org.assertj.core.internal.bytebuddy.description.DeclaredByType'.
2024-11-12 13:43:06,781 INFO  EvoClassLoader - Keeping class: org.assertj.core.internal.bytebuddy.description.DeclaredByType
2024-11-12 13:43:06,781 INFO  EvoClassLoader - Seeing class for first time: org.assertj.core.internal.bytebuddy.description.annotation.AnnotationSource
2024-11-12 13:43:06,781 INFO  EvoClassLoader - Instrumenting class 'org.assertj.core.internal.bytebuddy.description.annotation.AnnotationSource'.
2024-11-12 13:43:06,781 INFO  EvoClassLoader - Defined package (3): package org.assertj.core.internal.bytebuddy.description.annotation, 2042726055
2024-11-12 13:43:06,781 INFO  EvoClassLoader - Keeping class: org.assertj.core.internal.bytebuddy.description.annotation.AnnotationSource
2024-11-12 13:43:06,781 INFO  EvoClassLoader - Keeping class: org.assertj.core.internal.bytebuddy.description.ByteCodeElement
2024-11-12 13:43:06,781 INFO  EvoClassLoader - Seeing class for first time: org.assertj.core.internal.bytebuddy.description.TypeVariableSource
2024-11-12 13:43:06,781 INFO  EvoClassLoader - Instrumenting class 'org.assertj.core.internal.bytebuddy.description.TypeVariableSource'.
2024-11-12 13:43:06,782 INFO  EvoClassLoader - Keeping class: org.assertj.core.internal.bytebuddy.description.TypeVariableSource
2024-11-12 13:43:06,782 INFO  EvoClassLoader - Keeping class: org.assertj.core.internal.bytebuddy.description.type.TypeDescription
2024-11-12 13:43:06,782 INFO  EvoClassLoader - Seeing class for first time: org.assertj.core.internal.bytebuddy.implementation.HashCodeMethod
2024-11-12 13:43:06,782 INFO  EvoClassLoader - Instrumenting class 'org.assertj.core.internal.bytebuddy.implementation.HashCodeMethod'.
2024-11-12 13:43:06,783 INFO  MethodCallReplacementClassAdapter - Adding mock interface to class org/assertj/core/internal/bytebuddy/implementation/HashCodeMethod
2024-11-12 13:43:06,785 INFO  CreateClassResetClassAdapter - Found static initializer in class org/assertj/core/internal/bytebuddy/implementation/HashCodeMethod
2024-11-12 13:43:06,785 INFO  EvoClassLoader - Defined package (3): package org.assertj.core.internal.bytebuddy.implementation, -196384776
2024-11-12 13:43:06,785 INFO  EvoClassLoader - Seeing class for first time: org.assertj.core.internal.bytebuddy.implementation.Implementation
2024-11-12 13:43:06,785 INFO  EvoClassLoader - Instrumenting class 'org.assertj.core.internal.bytebuddy.implementation.Implementation'.
2024-11-12 13:43:06,786 INFO  EvoClassLoader - Seeing class for first time: org.assertj.core.internal.bytebuddy.dynamic.scaffold.InstrumentedType$Prepareable
2024-11-12 13:43:06,786 INFO  EvoClassLoader - Instrumenting class 'org.assertj.core.internal.bytebuddy.dynamic.scaffold.InstrumentedType$Prepareable'.
2024-11-12 13:43:06,786 INFO  EvoClassLoader - Defined package (3): package org.assertj.core.internal.bytebuddy.dynamic.scaffold, -1413432437
2024-11-12 13:43:06,786 INFO  EvoClassLoader - Keeping class: org.assertj.core.internal.bytebuddy.dynamic.scaffold.InstrumentedType$Prepareable
2024-11-12 13:43:06,786 INFO  EvoClassLoader - Keeping class: org.assertj.core.internal.bytebuddy.implementation.Implementation
2024-11-12 13:43:06,786 INFO  EvoClassLoader - Keeping class: org.assertj.core.internal.bytebuddy.implementation.HashCodeMethod
2024-11-12 13:43:06,786 INFO  EvoClassLoader - Seeing class for first time: org.assertj.core.internal.bytebuddy.implementation.EqualsMethod
2024-11-12 13:43:06,786 INFO  EvoClassLoader - Instrumenting class 'org.assertj.core.internal.bytebuddy.implementation.EqualsMethod'.
2024-11-12 13:43:06,787 INFO  MethodCallReplacementClassAdapter - Adding mock interface to class org/assertj/core/internal/bytebuddy/implementation/EqualsMethod
2024-11-12 13:43:06,788 INFO  CreateClassResetClassAdapter - Found static initializer in class org/assertj/core/internal/bytebuddy/implementation/EqualsMethod
2024-11-12 13:43:06,788 INFO  EvoClassLoader - Keeping class: org.assertj.core.internal.bytebuddy.implementation.EqualsMethod
2024-11-12 13:43:06,789 INFO  EvoClassLoader - Seeing class for first time: org.assertj.core.internal.bytebuddy.description.type.TypeDescription$Generic
2024-11-12 13:43:06,789 INFO  EvoClassLoader - Instrumenting class 'org.assertj.core.internal.bytebuddy.description.type.TypeDescription$Generic'.
2024-11-12 13:43:06,789 INFO  EvoClassLoader - Keeping class: org.assertj.core.internal.bytebuddy.description.type.TypeDescription$Generic
2024-11-12 13:43:06,790 INFO  EvoClassLoader - Seeing class for first time: org.apache.hadoop.io.TestGenericWritable$Bar
2024-11-12 13:43:06,790 INFO  EvoClassLoader - Instrumenting class 'org.apache.hadoop.io.TestGenericWritable$Bar'.
2024-11-12 13:43:06,790 INFO  MethodCallReplacementClassAdapter - Adding mock interface to class org/apache/hadoop/io/TestGenericWritable$Bar
2024-11-12 13:43:06,790 INFO  CreateClassResetClassAdapter - Creating brand-new static initializer in class org/apache/hadoop/io/TestGenericWritable$Bar
2024-11-12 13:43:06,791 INFO  EvoClassLoader - Keeping class: org.apache.hadoop.io.TestGenericWritable$Bar
2024-11-12 13:43:06,791 INFO  EvoClassLoader - Seeing class for first time: org.apache.hadoop.io.TestGenericWritable
2024-11-12 13:43:06,791 INFO  EvoClassLoader - Instrumenting class 'org.apache.hadoop.io.TestGenericWritable'.
2024-11-12 13:43:06,791 INFO  MethodCallReplacementClassAdapter - Adding mock interface to class org/apache/hadoop/io/TestGenericWritable
2024-11-12 13:43:06,791 INFO  CreateClassResetClassAdapter - Creating brand-new static initializer in class org/apache/hadoop/io/TestGenericWritable
2024-11-12 13:43:06,791 INFO  CreateClassResetClassAdapter - Adding bytecode for initializing field CONF_TEST_KEY
2024-11-12 13:43:06,791 INFO  CreateClassResetClassAdapter - Adding bytecode for initializing field CONF_TEST_VALUE
2024-11-12 13:43:06,792 INFO  EvoClassLoader - Keeping class: org.apache.hadoop.io.TestGenericWritable
2024-11-12 13:43:06,792 INFO  EvoClassLoader - Seeing class for first time: org.apache.hadoop.io.TestGenericWritable$FooGenericWritable
2024-11-12 13:43:06,792 INFO  EvoClassLoader - Instrumenting class 'org.apache.hadoop.io.TestGenericWritable$FooGenericWritable'.
2024-11-12 13:43:06,792 INFO  MethodCallReplacementClassAdapter - Adding mock interface to class org/apache/hadoop/io/TestGenericWritable$FooGenericWritable
2024-11-12 13:43:06,792 INFO  CreateClassResetClassAdapter - Creating brand-new static initializer in class org/apache/hadoop/io/TestGenericWritable$FooGenericWritable
2024-11-12 13:43:06,793 INFO  EvoClassLoader - Seeing class for first time: org.apache.hadoop.io.GenericWritable
2024-11-12 13:43:06,793 INFO  EvoClassLoader - Instrumenting class 'org.apache.hadoop.io.GenericWritable'.
2024-11-12 13:43:06,793 INFO  MethodCallReplacementClassAdapter - Adding mock interface to class org/apache/hadoop/io/GenericWritable
2024-11-12 13:43:06,795 INFO  CreateClassResetClassAdapter - Creating brand-new static initializer in class org/apache/hadoop/io/GenericWritable
2024-11-12 13:43:06,795 INFO  CreateClassResetClassAdapter - Adding bytecode for initializing field NOT_SET
2024-11-12 13:43:06,796 INFO  EvoClassLoader - Keeping class: org.apache.hadoop.io.GenericWritable
2024-11-12 13:43:06,796 INFO  EvoClassLoader - Keeping class: org.apache.hadoop.io.TestGenericWritable$FooGenericWritable
2024-11-12 13:43:06,796 INFO  EvoClassLoader - Seeing class for first time: org.apache.hadoop.io.TestGenericWritable$Baz
2024-11-12 13:43:06,796 INFO  EvoClassLoader - Instrumenting class 'org.apache.hadoop.io.TestGenericWritable$Baz'.
2024-11-12 13:43:06,796 INFO  MethodCallReplacementClassAdapter - Adding mock interface to class org/apache/hadoop/io/TestGenericWritable$Baz
2024-11-12 13:43:06,796 INFO  CreateClassResetClassAdapter - Creating brand-new static initializer in class org/apache/hadoop/io/TestGenericWritable$Baz
2024-11-12 13:43:06,797 INFO  EvoClassLoader - Keeping class: org.apache.hadoop.io.TestGenericWritable$Baz
2024-11-12 13:43:06,797 INFO  EvoClassLoader - Seeing class for first time: org.apache.hadoop.io.ObjectWritable
2024-11-12 13:43:06,797 INFO  EvoClassLoader - Instrumenting class 'org.apache.hadoop.io.ObjectWritable'.
2024-11-12 13:43:06,798 INFO  MethodCallReplacementClassAdapter - Adding mock interface to class org/apache/hadoop/io/ObjectWritable
2024-11-12 13:43:06,803 INFO  CreateClassResetClassAdapter - Found static initializer in class org/apache/hadoop/io/ObjectWritable
2024-11-12 13:43:06,804 INFO  EvoClassLoader - Keeping class: org.apache.hadoop.io.ObjectWritable
2024-11-12 13:43:06,805 INFO  EvoClassLoader - Seeing class for first time: org.apache.hadoop.thirdparty.protobuf.Message
2024-11-12 13:43:06,805 INFO  EvoClassLoader - Instrumenting class 'org.apache.hadoop.thirdparty.protobuf.Message'.
2024-11-12 13:43:06,805 INFO  EvoClassLoader - Seeing class for first time: org.apache.hadoop.thirdparty.protobuf.MessageOrBuilder
2024-11-12 13:43:06,805 INFO  EvoClassLoader - Instrumenting class 'org.apache.hadoop.thirdparty.protobuf.MessageOrBuilder'.
2024-11-12 13:43:06,805 INFO  EvoClassLoader - Keeping class: org.apache.hadoop.thirdparty.protobuf.MessageOrBuilder
2024-11-12 13:43:06,805 INFO  EvoClassLoader - Keeping class: org.apache.hadoop.thirdparty.protobuf.Message
2024-11-12 13:43:06,806 INFO  EvoClassLoader - Seeing class for first time: org.apache.hadoop.io.AbstractMapWritable
2024-11-12 13:43:06,806 INFO  EvoClassLoader - Instrumenting class 'org.apache.hadoop.io.AbstractMapWritable'.
2024-11-12 13:43:06,806 INFO  MethodCallReplacementClassAdapter - Adding mock interface to class org/apache/hadoop/io/AbstractMapWritable
2024-11-12 13:43:06,807 INFO  CreateClassResetClassAdapter - Creating brand-new static initializer in class org/apache/hadoop/io/AbstractMapWritable
2024-11-12 13:43:06,808 INFO  EvoClassLoader - Keeping class: org.apache.hadoop.io.AbstractMapWritable
2024-11-12 13:43:06,808 INFO  EvoClassLoader - Seeing class for first time: org.apache.hadoop.io.MapWritable
2024-11-12 13:43:06,808 INFO  EvoClassLoader - Instrumenting class 'org.apache.hadoop.io.MapWritable'.
2024-11-12 13:43:06,809 INFO  MethodCallReplacementClassAdapter - Adding mock interface to class org/apache/hadoop/io/MapWritable
2024-11-12 13:43:06,809 INFO  CreateClassResetClassAdapter - Creating brand-new static initializer in class org/apache/hadoop/io/MapWritable
2024-11-12 13:43:06,809 INFO  EvoClassLoader - Keeping class: org.apache.hadoop.io.MapWritable
2024-11-12 13:43:06,810 INFO  EvoClassLoader - Seeing class for first time: org.apache.hadoop.io.EnumSetWritable$1
2024-11-12 13:43:06,810 INFO  EvoClassLoader - Instrumenting class 'org.apache.hadoop.io.EnumSetWritable$1'.
2024-11-12 13:43:06,810 INFO  MethodCallReplacementClassAdapter - Adding mock interface to class org/apache/hadoop/io/EnumSetWritable$1
2024-11-12 13:43:06,810 INFO  EvoClassLoader - Keeping class: org.apache.hadoop.io.EnumSetWritable$1
2024-11-12 13:43:06,810 INFO  EvoClassLoader - Seeing class for first time: org.apache.hadoop.hdfs.protocol.Block$1
2024-11-12 13:43:06,810 INFO  EvoClassLoader - Instrumenting class 'org.apache.hadoop.hdfs.protocol.Block$1'.
2024-11-12 13:43:06,811 INFO  MethodCallReplacementClassAdapter - Adding mock interface to class org/apache/hadoop/hdfs/protocol/Block$1
2024-11-12 13:43:06,811 INFO  EvoClassLoader - Keeping class: org.apache.hadoop.hdfs.protocol.Block$1
2024-11-12 13:43:06,811 INFO  EvoClassLoader - Seeing class for first time: org.apache.hadoop.hdfs.protocol.Block
2024-11-12 13:43:06,811 INFO  EvoClassLoader - Instrumenting class 'org.apache.hadoop.hdfs.protocol.Block'.
2024-11-12 13:43:06,811 INFO  MethodCallReplacementClassAdapter - Adding mock interface to class org/apache/hadoop/hdfs/protocol/Block
2024-11-12 13:43:06,813 INFO  CreateClassResetClassAdapter - Found static initializer in class org/apache/hadoop/hdfs/protocol/Block
2024-11-12 13:43:06,813 INFO  EvoClassLoader - Keeping class: org.apache.hadoop.hdfs.protocol.Block
2024-11-12 13:43:06,814 INFO  EvoClassLoader - Seeing class for first time: org.apache.hadoop.io.TestWritable$SimpleWritable
2024-11-12 13:43:06,814 INFO  EvoClassLoader - Instrumenting class 'org.apache.hadoop.io.TestWritable$SimpleWritable'.
2024-11-12 13:43:06,814 INFO  MethodCallReplacementClassAdapter - Adding mock interface to class org/apache/hadoop/io/TestWritable$SimpleWritable
2024-11-12 13:43:06,814 INFO  CreateClassResetClassAdapter - Found static initializer in class org/apache/hadoop/io/TestWritable$SimpleWritable
2024-11-12 13:43:06,814 INFO  EvoClassLoader - Keeping class: org.apache.hadoop.io.TestWritable$SimpleWritable
2024-11-12 13:43:06,814 INFO  EvoClassLoader - Seeing class for first time: org.apache.hadoop.io.TestWritable
2024-11-12 13:43:06,814 INFO  EvoClassLoader - Instrumenting class 'org.apache.hadoop.io.TestWritable'.
2024-11-12 13:43:06,815 INFO  MethodCallReplacementClassAdapter - Adding mock interface to class org/apache/hadoop/io/TestWritable
2024-11-12 13:43:06,815 INFO  CreateClassResetClassAdapter - Found static initializer in class org/apache/hadoop/io/TestWritable
2024-11-12 13:43:06,815 INFO  EvoClassLoader - Keeping class: org.apache.hadoop.io.TestWritable
2024-11-12 13:43:06,815 INFO  EvoClassLoader - Seeing class for first time: org.apache.hadoop.io.TestWritable$Frob
2024-11-12 13:43:06,815 INFO  EvoClassLoader - Instrumenting class 'org.apache.hadoop.io.TestWritable$Frob'.
2024-11-12 13:43:06,816 INFO  MethodCallReplacementClassAdapter - Adding mock interface to class org/apache/hadoop/io/TestWritable$Frob
2024-11-12 13:43:06,816 INFO  CreateClassResetClassAdapter - Found static initializer in class org/apache/hadoop/io/TestWritable$Frob
2024-11-12 13:43:06,816 INFO  EvoClassLoader - Keeping class: org.apache.hadoop.io.TestWritable$Frob
2024-11-12 13:43:06,816 INFO  EvoClassLoader - Seeing class for first time: org.apache.hadoop.io.TestWritable$FrobComparator
2024-11-12 13:43:06,816 INFO  EvoClassLoader - Instrumenting class 'org.apache.hadoop.io.TestWritable$FrobComparator'.
2024-11-12 13:43:06,816 INFO  MethodCallReplacementClassAdapter - Adding mock interface to class org/apache/hadoop/io/TestWritable$FrobComparator
2024-11-12 13:43:06,816 INFO  CreateClassResetClassAdapter - Creating brand-new static initializer in class org/apache/hadoop/io/TestWritable$FrobComparator
2024-11-12 13:43:06,816 INFO  EvoClassLoader - Keeping class: org.apache.hadoop.io.TestWritable$FrobComparator
2024-11-12 13:43:06,817 INFO  EvoClassLoader - Seeing class for first time: org.apache.hadoop.io.TestWritable$SimpleWritableComparable
2024-11-12 13:43:06,817 INFO  EvoClassLoader - Instrumenting class 'org.apache.hadoop.io.TestWritable$SimpleWritableComparable'.
2024-11-12 13:43:06,817 INFO  MethodCallReplacementClassAdapter - Adding mock interface to class org/apache/hadoop/io/TestWritable$SimpleWritableComparable
2024-11-12 13:43:06,817 INFO  CreateClassResetClassAdapter - Creating brand-new static initializer in class org/apache/hadoop/io/TestWritable$SimpleWritableComparable
2024-11-12 13:43:06,817 INFO  EvoClassLoader - Keeping class: org.apache.hadoop.io.TestWritable$SimpleWritableComparable
2024-11-12 13:43:06,817 INFO  EvoClassLoader - Seeing class for first time: org.apache.hadoop.security.SaslPlainServer
2024-11-12 13:43:06,817 INFO  EvoClassLoader - Instrumenting class 'org.apache.hadoop.security.SaslPlainServer'.
2024-11-12 13:43:06,817 INFO  MethodCallReplacementClassAdapter - Adding mock interface to class org/apache/hadoop/security/SaslPlainServer
2024-11-12 13:43:06,818 INFO  CreateClassResetClassAdapter - Creating brand-new static initializer in class org/apache/hadoop/security/SaslPlainServer
2024-11-12 13:43:06,819 INFO  EvoClassLoader - Keeping class: org.apache.hadoop.security.SaslPlainServer
2024-11-12 13:43:06,819 INFO  EvoClassLoader - Seeing class for first time: org.apache.hadoop.security.SaslPlainServer$SaslPlainServerFactory
2024-11-12 13:43:06,819 INFO  EvoClassLoader - Instrumenting class 'org.apache.hadoop.security.SaslPlainServer$SaslPlainServerFactory'.
2024-11-12 13:43:06,819 INFO  MethodCallReplacementClassAdapter - Adding mock interface to class org/apache/hadoop/security/SaslPlainServer$SaslPlainServerFactory
2024-11-12 13:43:06,819 INFO  CreateClassResetClassAdapter - Creating brand-new static initializer in class org/apache/hadoop/security/SaslPlainServer$SaslPlainServerFactory
2024-11-12 13:43:06,820 INFO  EvoClassLoader - Keeping class: org.apache.hadoop.security.SaslPlainServer$SaslPlainServerFactory
2024-11-12 13:43:06,820 INFO  EvoClassLoader - Seeing class for first time: libcore.io.Memory
2024-11-12 13:43:06,820 INFO  EvoClassLoader - Instrumenting class 'libcore.io.Memory'.
2024-11-12 13:43:06,820 INFO  EvoClassLoader - Error while loading class: java.lang.ClassNotFoundException: Class 'libcore/io/Memory.class' should be in target project, but could not be found!
2024-11-12 13:43:06,820 INFO  EvoClassLoader - Seeing class for first time: org.robolectric.Robolectric
2024-11-12 13:43:06,821 INFO  EvoClassLoader - Instrumenting class 'org.robolectric.Robolectric'.
2024-11-12 13:43:06,821 INFO  EvoClassLoader - Error while loading class: java.lang.ClassNotFoundException: Class 'org/robolectric/Robolectric.class' should be in target project, but could not be found!
2024-11-12 13:43:06,821 INFO  EvoClassLoader - Seeing class for first time: org.apache.hadoop.thirdparty.protobuf.ByteString$AbstractByteIterator
2024-11-12 13:43:06,821 INFO  EvoClassLoader - Instrumenting class 'org.apache.hadoop.thirdparty.protobuf.ByteString$AbstractByteIterator'.
2024-11-12 13:43:06,821 INFO  MethodCallReplacementClassAdapter - Adding mock interface to class org/apache/hadoop/thirdparty/protobuf/ByteString$AbstractByteIterator
2024-11-12 13:43:06,821 INFO  CreateClassResetClassAdapter - Creating brand-new static initializer in class org/apache/hadoop/thirdparty/protobuf/ByteString$AbstractByteIterator
2024-11-12 13:43:06,822 INFO  EvoClassLoader - Keeping class: org.apache.hadoop.thirdparty.protobuf.ByteString$AbstractByteIterator
2024-11-12 13:43:06,822 INFO  EvoClassLoader - Seeing class for first time: org.apache.hadoop.thirdparty.protobuf.AbstractMessageLite
2024-11-12 13:43:06,822 INFO  EvoClassLoader - Instrumenting class 'org.apache.hadoop.thirdparty.protobuf.AbstractMessageLite'.
2024-11-12 13:43:06,822 INFO  MethodCallReplacementClassAdapter - Adding mock interface to class org/apache/hadoop/thirdparty/protobuf/AbstractMessageLite
2024-11-12 13:43:06,824 INFO  CreateClassResetClassAdapter - Creating brand-new static initializer in class org/apache/hadoop/thirdparty/protobuf/AbstractMessageLite
2024-11-12 13:43:06,824 INFO  EvoClassLoader - Keeping class: org.apache.hadoop.thirdparty.protobuf.AbstractMessageLite
2024-11-12 13:43:06,825 INFO  EvoClassLoader - Seeing class for first time: org.apache.hadoop.thirdparty.protobuf.UninitializedMessageException
2024-11-12 13:43:06,825 INFO  EvoClassLoader - Instrumenting class 'org.apache.hadoop.thirdparty.protobuf.UninitializedMessageException'.
2024-11-12 13:43:06,825 INFO  MethodCallReplacementClassAdapter - Adding mock interface to class org/apache/hadoop/thirdparty/protobuf/UninitializedMessageException
2024-11-12 13:43:06,825 INFO  CreateClassResetClassAdapter - Creating brand-new static initializer in class org/apache/hadoop/thirdparty/protobuf/UninitializedMessageException
2024-11-12 13:43:06,826 INFO  EvoClassLoader - Keeping class: org.apache.hadoop.thirdparty.protobuf.UninitializedMessageException
2024-11-12 13:43:06,826 INFO  EvoClassLoader - Seeing class for first time: org.apache.hadoop.thirdparty.protobuf.Schema
2024-11-12 13:43:06,826 INFO  EvoClassLoader - Instrumenting class 'org.apache.hadoop.thirdparty.protobuf.Schema'.
2024-11-12 13:43:06,826 INFO  EvoClassLoader - Keeping class: org.apache.hadoop.thirdparty.protobuf.Schema
2024-11-12 13:43:06,826 INFO  EvoClassLoader - Seeing class for first time: org.apache.hadoop.thirdparty.protobuf.AbstractMessage
2024-11-12 13:43:06,826 INFO  EvoClassLoader - Instrumenting class 'org.apache.hadoop.thirdparty.protobuf.AbstractMessage'.
2024-11-12 13:43:06,827 INFO  MethodCallReplacementClassAdapter - Adding mock interface to class org/apache/hadoop/thirdparty/protobuf/AbstractMessage
2024-11-12 13:43:06,827 INFO  CreateClassResetClassAdapter - Creating brand-new static initializer in class org/apache/hadoop/thirdparty/protobuf/AbstractMessage
2024-11-12 13:43:06,828 INFO  EvoClassLoader - Keeping class: org.apache.hadoop.thirdparty.protobuf.AbstractMessage
2024-11-12 13:43:06,829 INFO  EvoClassLoader - Seeing class for first time: org.apache.hadoop.thirdparty.protobuf.Descriptors$OneofDescriptor
2024-11-12 13:43:06,829 INFO  EvoClassLoader - Instrumenting class 'org.apache.hadoop.thirdparty.protobuf.Descriptors$OneofDescriptor'.
2024-11-12 13:43:06,829 INFO  MethodCallReplacementClassAdapter - Adding mock interface to class org/apache/hadoop/thirdparty/protobuf/Descriptors$OneofDescriptor
2024-11-12 13:43:06,830 INFO  CreateClassResetClassAdapter - Creating brand-new static initializer in class org/apache/hadoop/thirdparty/protobuf/Descriptors$OneofDescriptor
2024-11-12 13:43:06,830 INFO  EvoClassLoader - Seeing class for first time: org.apache.hadoop.thirdparty.protobuf.Descriptors$GenericDescriptor
2024-11-12 13:43:06,830 INFO  EvoClassLoader - Instrumenting class 'org.apache.hadoop.thirdparty.protobuf.Descriptors$GenericDescriptor'.
2024-11-12 13:43:06,830 INFO  MethodCallReplacementClassAdapter - Adding mock interface to class org/apache/hadoop/thirdparty/protobuf/Descriptors$GenericDescriptor
2024-11-12 13:43:06,830 INFO  CreateClassResetClassAdapter - Creating brand-new static initializer in class org/apache/hadoop/thirdparty/protobuf/Descriptors$GenericDescriptor
2024-11-12 13:43:06,831 INFO  EvoClassLoader - Keeping class: org.apache.hadoop.thirdparty.protobuf.Descriptors$GenericDescriptor
2024-11-12 13:43:06,831 INFO  EvoClassLoader - Keeping class: org.apache.hadoop.thirdparty.protobuf.Descriptors$OneofDescriptor
2024-11-12 13:43:06,831 INFO  EvoClassLoader - Seeing class for first time: org.apache.hadoop.thirdparty.protobuf.Descriptors$FieldDescriptor
2024-11-12 13:43:06,831 INFO  EvoClassLoader - Instrumenting class 'org.apache.hadoop.thirdparty.protobuf.Descriptors$FieldDescriptor'.
2024-11-12 13:43:06,831 INFO  MethodCallReplacementClassAdapter - Adding mock interface to class org/apache/hadoop/thirdparty/protobuf/Descriptors$FieldDescriptor
2024-11-12 13:43:06,833 INFO  CreateClassResetClassAdapter - Found static initializer in class org/apache/hadoop/thirdparty/protobuf/Descriptors$FieldDescriptor
2024-11-12 13:43:06,835 INFO  EvoClassLoader - Seeing class for first time: org.apache.hadoop.thirdparty.protobuf.FieldSet$FieldDescriptorLite
2024-11-12 13:43:06,835 INFO  EvoClassLoader - Instrumenting class 'org.apache.hadoop.thirdparty.protobuf.FieldSet$FieldDescriptorLite'.
2024-11-12 13:43:06,836 INFO  EvoClassLoader - Keeping class: org.apache.hadoop.thirdparty.protobuf.FieldSet$FieldDescriptorLite
2024-11-12 13:43:06,836 INFO  EvoClassLoader - Keeping class: org.apache.hadoop.thirdparty.protobuf.Descriptors$FieldDescriptor
2024-11-12 13:43:06,836 INFO  EvoClassLoader - Seeing class for first time: org.apache.hadoop.thirdparty.protobuf.AbstractMessage$BuilderParent
2024-11-12 13:43:06,836 INFO  EvoClassLoader - Instrumenting class 'org.apache.hadoop.thirdparty.protobuf.AbstractMessage$BuilderParent'.
2024-11-12 13:43:06,836 INFO  EvoClassLoader - Keeping class: org.apache.hadoop.thirdparty.protobuf.AbstractMessage$BuilderParent
2024-11-12 13:43:06,836 INFO  EvoClassLoader - Seeing class for first time: org.apache.hadoop.thirdparty.protobuf.Message$Builder
2024-11-12 13:43:06,836 INFO  EvoClassLoader - Instrumenting class 'org.apache.hadoop.thirdparty.protobuf.Message$Builder'.
2024-11-12 13:43:06,837 INFO  EvoClassLoader - Keeping class: org.apache.hadoop.thirdparty.protobuf.Message$Builder
2024-11-12 13:43:06,837 INFO  EvoClassLoader - Seeing class for first time: org.apache.hadoop.thirdparty.protobuf.GeneratedMessageV3
2024-11-12 13:43:06,837 INFO  EvoClassLoader - Instrumenting class 'org.apache.hadoop.thirdparty.protobuf.GeneratedMessageV3'.
2024-11-12 13:43:06,838 INFO  MethodCallReplacementClassAdapter - Adding mock interface to class org/apache/hadoop/thirdparty/protobuf/GeneratedMessageV3
2024-11-12 13:43:06,840 INFO  CreateClassResetClassAdapter - Found static initializer in class org/apache/hadoop/thirdparty/protobuf/GeneratedMessageV3
2024-11-12 13:43:06,841 INFO  EvoClassLoader - Keeping class: org.apache.hadoop.thirdparty.protobuf.GeneratedMessageV3
2024-11-12 13:43:06,841 INFO  EvoClassLoader - Seeing class for first time: org.apache.hadoop.thirdparty.protobuf.Internal$IntList
2024-11-12 13:43:06,841 INFO  EvoClassLoader - Instrumenting class 'org.apache.hadoop.thirdparty.protobuf.Internal$IntList'.
2024-11-12 13:43:06,842 INFO  EvoClassLoader - Seeing class for first time: org.apache.hadoop.thirdparty.protobuf.Internal$ProtobufList
2024-11-12 13:43:06,842 INFO  EvoClassLoader - Instrumenting class 'org.apache.hadoop.thirdparty.protobuf.Internal$ProtobufList'.
2024-11-12 13:43:06,842 INFO  EvoClassLoader - Keeping class: org.apache.hadoop.thirdparty.protobuf.Internal$ProtobufList
2024-11-12 13:43:06,842 INFO  EvoClassLoader - Keeping class: org.apache.hadoop.thirdparty.protobuf.Internal$IntList
2024-11-12 13:43:06,842 INFO  EvoClassLoader - Seeing class for first time: org.apache.hadoop.thirdparty.protobuf.Internal$LongList
2024-11-12 13:43:06,842 INFO  EvoClassLoader - Instrumenting class 'org.apache.hadoop.thirdparty.protobuf.Internal$LongList'.
2024-11-12 13:43:06,842 INFO  EvoClassLoader - Keeping class: org.apache.hadoop.thirdparty.protobuf.Internal$LongList
2024-11-12 13:43:06,842 INFO  EvoClassLoader - Seeing class for first time: org.apache.hadoop.thirdparty.protobuf.Reader
2024-11-12 13:43:06,843 INFO  EvoClassLoader - Instrumenting class 'org.apache.hadoop.thirdparty.protobuf.Reader'.
2024-11-12 13:43:06,843 INFO  EvoClassLoader - Keeping class: org.apache.hadoop.thirdparty.protobuf.Reader
2024-11-12 13:43:06,843 INFO  EvoClassLoader - Seeing class for first time: org.apache.hadoop.thirdparty.protobuf.Internal$FloatList
2024-11-12 13:43:06,843 INFO  EvoClassLoader - Instrumenting class 'org.apache.hadoop.thirdparty.protobuf.Internal$FloatList'.
2024-11-12 13:43:06,843 INFO  EvoClassLoader - Keeping class: org.apache.hadoop.thirdparty.protobuf.Internal$FloatList
2024-11-12 13:43:06,843 INFO  EvoClassLoader - Seeing class for first time: org.apache.hadoop.thirdparty.protobuf.Internal$DoubleList
2024-11-12 13:43:06,843 INFO  EvoClassLoader - Instrumenting class 'org.apache.hadoop.thirdparty.protobuf.Internal$DoubleList'.
2024-11-12 13:43:06,844 INFO  EvoClassLoader - Keeping class: org.apache.hadoop.thirdparty.protobuf.Internal$DoubleList
2024-11-12 13:43:06,844 INFO  EvoClassLoader - Seeing class for first time: org.apache.hadoop.thirdparty.protobuf.Internal$BooleanList
2024-11-12 13:43:06,844 INFO  EvoClassLoader - Instrumenting class 'org.apache.hadoop.thirdparty.protobuf.Internal$BooleanList'.
2024-11-12 13:43:06,844 INFO  EvoClassLoader - Keeping class: org.apache.hadoop.thirdparty.protobuf.Internal$BooleanList
2024-11-12 13:43:06,844 INFO  EvoClassLoader - Seeing class for first time: org.apache.hadoop.thirdparty.protobuf.GeneratedMessageV3$BuilderParent
2024-11-12 13:43:06,844 INFO  EvoClassLoader - Instrumenting class 'org.apache.hadoop.thirdparty.protobuf.GeneratedMessageV3$BuilderParent'.
2024-11-12 13:43:06,844 INFO  EvoClassLoader - Keeping class: org.apache.hadoop.thirdparty.protobuf.GeneratedMessageV3$BuilderParent
2024-11-12 13:43:06,845 INFO  EvoClassLoader - Seeing class for first time: org.apache.hadoop.thirdparty.protobuf.UnknownFieldSet$Builder
2024-11-12 13:43:06,845 INFO  EvoClassLoader - Instrumenting class 'org.apache.hadoop.thirdparty.protobuf.UnknownFieldSet$Builder'.
2024-11-12 13:43:06,845 INFO  MethodCallReplacementClassAdapter - Adding mock interface to class org/apache/hadoop/thirdparty/protobuf/UnknownFieldSet$Builder
2024-11-12 13:43:06,846 INFO  CreateClassResetClassAdapter - Creating brand-new static initializer in class org/apache/hadoop/thirdparty/protobuf/UnknownFieldSet$Builder
2024-11-12 13:43:06,847 INFO  EvoClassLoader - Keeping class: org.apache.hadoop.thirdparty.protobuf.UnknownFieldSet$Builder
2024-11-12 13:43:06,847 INFO  EvoClassLoader - Seeing class for first time: org.apache.hadoop.thirdparty.protobuf.MapField
2024-11-12 13:43:06,847 INFO  EvoClassLoader - Instrumenting class 'org.apache.hadoop.thirdparty.protobuf.MapField'.
2024-11-12 13:43:06,847 INFO  MethodCallReplacementClassAdapter - Adding mock interface to class org/apache/hadoop/thirdparty/protobuf/MapField
2024-11-12 13:43:06,848 INFO  CreateClassResetClassAdapter - Creating brand-new static initializer in class org/apache/hadoop/thirdparty/protobuf/MapField
2024-11-12 13:43:06,848 INFO  EvoClassLoader - Seeing class for first time: org.apache.hadoop.thirdparty.protobuf.MutabilityOracle
2024-11-12 13:43:06,848 INFO  EvoClassLoader - Instrumenting class 'org.apache.hadoop.thirdparty.protobuf.MutabilityOracle'.
2024-11-12 13:43:06,848 INFO  EvoClassLoader - Keeping class: org.apache.hadoop.thirdparty.protobuf.MutabilityOracle
2024-11-12 13:43:06,848 INFO  EvoClassLoader - Keeping class: org.apache.hadoop.thirdparty.protobuf.MapField
2024-11-12 13:43:06,848 INFO  EvoClassLoader - Seeing class for first time: org.apache.hadoop.thirdparty.protobuf.ExtensionLite
2024-11-12 13:43:06,848 INFO  EvoClassLoader - Instrumenting class 'org.apache.hadoop.thirdparty.protobuf.ExtensionLite'.
2024-11-12 13:43:06,849 INFO  MethodCallReplacementClassAdapter - Adding mock interface to class org/apache/hadoop/thirdparty/protobuf/ExtensionLite
2024-11-12 13:43:06,849 INFO  CreateClassResetClassAdapter - Creating brand-new static initializer in class org/apache/hadoop/thirdparty/protobuf/ExtensionLite
2024-11-12 13:43:06,849 INFO  EvoClassLoader - Keeping class: org.apache.hadoop.thirdparty.protobuf.ExtensionLite
2024-11-12 13:43:06,849 INFO  EvoClassLoader - Seeing class for first time: org.apache.hadoop.thirdparty.protobuf.Extension
2024-11-12 13:43:06,849 INFO  EvoClassLoader - Instrumenting class 'org.apache.hadoop.thirdparty.protobuf.Extension'.
2024-11-12 13:43:06,849 INFO  MethodCallReplacementClassAdapter - Adding mock interface to class org/apache/hadoop/thirdparty/protobuf/Extension
2024-11-12 13:43:06,849 INFO  CreateClassResetClassAdapter - Creating brand-new static initializer in class org/apache/hadoop/thirdparty/protobuf/Extension
2024-11-12 13:43:06,849 INFO  EvoClassLoader - Keeping class: org.apache.hadoop.thirdparty.protobuf.Extension
2024-11-12 13:43:06,849 INFO  EvoClassLoader - Seeing class for first time: org.apache.hadoop.thirdparty.protobuf.MapEntry
2024-11-12 13:43:06,849 INFO  EvoClassLoader - Instrumenting class 'org.apache.hadoop.thirdparty.protobuf.MapEntry'.
2024-11-12 13:43:06,850 INFO  MethodCallReplacementClassAdapter - Adding mock interface to class org/apache/hadoop/thirdparty/protobuf/MapEntry
2024-11-12 13:43:06,850 INFO  CreateClassResetClassAdapter - Creating brand-new static initializer in class org/apache/hadoop/thirdparty/protobuf/MapEntry
2024-11-12 13:43:06,851 INFO  EvoClassLoader - Keeping class: org.apache.hadoop.thirdparty.protobuf.MapEntry
2024-11-12 13:43:06,851 INFO  EvoClassLoader - Seeing class for first time: org.apache.hadoop.thirdparty.protobuf.UnknownFieldSet
2024-11-12 13:43:06,851 INFO  EvoClassLoader - Instrumenting class 'org.apache.hadoop.thirdparty.protobuf.UnknownFieldSet'.
2024-11-12 13:43:06,851 INFO  MethodCallReplacementClassAdapter - Adding mock interface to class org/apache/hadoop/thirdparty/protobuf/UnknownFieldSet
2024-11-12 13:43:06,852 INFO  CreateClassResetClassAdapter - Found static initializer in class org/apache/hadoop/thirdparty/protobuf/UnknownFieldSet
2024-11-12 13:43:06,852 INFO  EvoClassLoader - Keeping class: org.apache.hadoop.thirdparty.protobuf.UnknownFieldSet
2024-11-12 13:43:06,852 INFO  EvoClassLoader - Seeing class for first time: org.apache.hadoop.thirdparty.protobuf.Descriptors$Descriptor
2024-11-12 13:43:06,852 INFO  EvoClassLoader - Instrumenting class 'org.apache.hadoop.thirdparty.protobuf.Descriptors$Descriptor'.
2024-11-12 13:43:06,853 INFO  MethodCallReplacementClassAdapter - Adding mock interface to class org/apache/hadoop/thirdparty/protobuf/Descriptors$Descriptor
2024-11-12 13:43:06,853 INFO  CreateClassResetClassAdapter - Creating brand-new static initializer in class org/apache/hadoop/thirdparty/protobuf/Descriptors$Descriptor
2024-11-12 13:43:06,854 INFO  EvoClassLoader - Keeping class: org.apache.hadoop.thirdparty.protobuf.Descriptors$Descriptor
2024-11-12 13:43:06,854 INFO  EvoClassLoader - Seeing class for first time: org.apache.hadoop.thirdparty.protobuf.GeneratedMessageV3$FieldAccessorTable
2024-11-12 13:43:06,854 INFO  EvoClassLoader - Instrumenting class 'org.apache.hadoop.thirdparty.protobuf.GeneratedMessageV3$FieldAccessorTable'.
2024-11-12 13:43:06,854 INFO  MethodCallReplacementClassAdapter - Adding mock interface to class org/apache/hadoop/thirdparty/protobuf/GeneratedMessageV3$FieldAccessorTable
2024-11-12 13:43:06,856 INFO  CreateClassResetClassAdapter - Creating brand-new static initializer in class org/apache/hadoop/thirdparty/protobuf/GeneratedMessageV3$FieldAccessorTable
2024-11-12 13:43:06,856 INFO  EvoClassLoader - Keeping class: org.apache.hadoop.thirdparty.protobuf.GeneratedMessageV3$FieldAccessorTable
2024-11-12 13:43:06,856 INFO  EvoClassLoader - Seeing class for first time: org.apache.hadoop.thirdparty.protobuf.GeneratedMessageV3$UnusedPrivateParameter
2024-11-12 13:43:06,856 INFO  EvoClassLoader - Instrumenting class 'org.apache.hadoop.thirdparty.protobuf.GeneratedMessageV3$UnusedPrivateParameter'.
2024-11-12 13:43:06,856 INFO  MethodCallReplacementClassAdapter - Adding mock interface to class org/apache/hadoop/thirdparty/protobuf/GeneratedMessageV3$UnusedPrivateParameter
2024-11-12 13:43:06,857 INFO  CreateClassResetClassAdapter - Found static initializer in class org/apache/hadoop/thirdparty/protobuf/GeneratedMessageV3$UnusedPrivateParameter
2024-11-12 13:43:06,857 INFO  EvoClassLoader - Keeping class: org.apache.hadoop.thirdparty.protobuf.GeneratedMessageV3$UnusedPrivateParameter
2024-11-12 13:43:06,857 INFO  EvoClassLoader - Seeing class for first time: org.apache.hadoop.thirdparty.protobuf.GeneratedMessageLite$GeneratedExtension
2024-11-12 13:43:06,857 INFO  EvoClassLoader - Instrumenting class 'org.apache.hadoop.thirdparty.protobuf.GeneratedMessageLite$GeneratedExtension'.
2024-11-12 13:43:06,857 INFO  MethodCallReplacementClassAdapter - Adding mock interface to class org/apache/hadoop/thirdparty/protobuf/GeneratedMessageLite$GeneratedExtension
2024-11-12 13:43:06,858 INFO  CreateClassResetClassAdapter - Creating brand-new static initializer in class org/apache/hadoop/thirdparty/protobuf/GeneratedMessageLite$GeneratedExtension
2024-11-12 13:43:06,858 INFO  EvoClassLoader - Keeping class: org.apache.hadoop.thirdparty.protobuf.GeneratedMessageLite$GeneratedExtension
2024-11-12 13:43:06,858 INFO  EvoClassLoader - Seeing class for first time: org.apache.hadoop.thirdparty.protobuf.ExtensionRegistry
2024-11-12 13:43:06,858 INFO  EvoClassLoader - Instrumenting class 'org.apache.hadoop.thirdparty.protobuf.ExtensionRegistry'.
2024-11-12 13:43:06,859 INFO  MethodCallReplacementClassAdapter - Adding mock interface to class org/apache/hadoop/thirdparty/protobuf/ExtensionRegistry
2024-11-12 13:43:06,860 INFO  CreateClassResetClassAdapter - Found static initializer in class org/apache/hadoop/thirdparty/protobuf/ExtensionRegistry
2024-11-12 13:43:06,860 INFO  EvoClassLoader - Keeping class: org.apache.hadoop.thirdparty.protobuf.ExtensionRegistry
2024-11-12 13:43:06,860 INFO  EvoClassLoader - Seeing class for first time: org.apache.hadoop.thirdparty.protobuf.GeneratedMessage$GeneratedExtension
2024-11-12 13:43:06,860 INFO  EvoClassLoader - Instrumenting class 'org.apache.hadoop.thirdparty.protobuf.GeneratedMessage$GeneratedExtension'.
2024-11-12 13:43:06,861 INFO  MethodCallReplacementClassAdapter - Adding mock interface to class org/apache/hadoop/thirdparty/protobuf/GeneratedMessage$GeneratedExtension
2024-11-12 13:43:06,862 INFO  CreateClassResetClassAdapter - Creating brand-new static initializer in class org/apache/hadoop/thirdparty/protobuf/GeneratedMessage$GeneratedExtension
2024-11-12 13:43:06,863 INFO  EvoClassLoader - Keeping class: org.apache.hadoop.thirdparty.protobuf.GeneratedMessage$GeneratedExtension
2024-11-12 13:43:06,863 INFO  EvoClassLoader - Seeing class for first time: org.apache.hadoop.thirdparty.protobuf.ExtensionRegistry$ExtensionInfo
2024-11-12 13:43:06,863 INFO  EvoClassLoader - Instrumenting class 'org.apache.hadoop.thirdparty.protobuf.ExtensionRegistry$ExtensionInfo'.
2024-11-12 13:43:06,864 INFO  MethodCallReplacementClassAdapter - Adding mock interface to class org/apache/hadoop/thirdparty/protobuf/ExtensionRegistry$ExtensionInfo
2024-11-12 13:43:06,864 INFO  CreateClassResetClassAdapter - Creating brand-new static initializer in class org/apache/hadoop/thirdparty/protobuf/ExtensionRegistry$ExtensionInfo
2024-11-12 13:43:06,864 INFO  EvoClassLoader - Keeping class: org.apache.hadoop.thirdparty.protobuf.ExtensionRegistry$ExtensionInfo
2024-11-12 13:43:06,864 INFO  EvoClassLoader - Seeing class for first time: org.apache.hadoop.thirdparty.protobuf.Extension$ExtensionType
2024-11-12 13:43:06,864 INFO  EvoClassLoader - Instrumenting class 'org.apache.hadoop.thirdparty.protobuf.Extension$ExtensionType'.
2024-11-12 13:43:06,865 INFO  MethodCallReplacementClassAdapter - Adding mock interface to class org/apache/hadoop/thirdparty/protobuf/Extension$ExtensionType
2024-11-12 13:43:06,865 INFO  CreateClassResetClassAdapter - Found static initializer in class org/apache/hadoop/thirdparty/protobuf/Extension$ExtensionType
2024-11-12 13:43:06,865 INFO  EvoClassLoader - Keeping class: org.apache.hadoop.thirdparty.protobuf.Extension$ExtensionType
2024-11-12 13:43:06,865 INFO  EvoClassLoader - Seeing class for first time: org.apache.hadoop.thirdparty.protobuf.ExtensionRegistryFactory
2024-11-12 13:43:06,865 INFO  EvoClassLoader - Instrumenting class 'org.apache.hadoop.thirdparty.protobuf.ExtensionRegistryFactory'.
2024-11-12 13:43:06,866 INFO  MethodCallReplacementClassAdapter - Adding mock interface to class org/apache/hadoop/thirdparty/protobuf/ExtensionRegistryFactory
2024-11-12 13:43:06,866 INFO  CreateClassResetClassAdapter - Found static initializer in class org/apache/hadoop/thirdparty/protobuf/ExtensionRegistryFactory
2024-11-12 13:43:06,866 INFO  EvoClassLoader - Keeping class: org.apache.hadoop.thirdparty.protobuf.ExtensionRegistryFactory
2024-11-12 13:43:06,867 INFO  EvoClassLoader - Seeing class for first time: org.apache.hadoop.thirdparty.protobuf.AbstractParser
2024-11-12 13:43:06,867 INFO  EvoClassLoader - Instrumenting class 'org.apache.hadoop.thirdparty.protobuf.AbstractParser'.
2024-11-12 13:43:06,867 INFO  MethodCallReplacementClassAdapter - Adding mock interface to class org/apache/hadoop/thirdparty/protobuf/AbstractParser
2024-11-12 13:43:06,868 INFO  CreateClassResetClassAdapter - Found static initializer in class org/apache/hadoop/thirdparty/protobuf/AbstractParser
2024-11-12 13:43:06,868 INFO  EvoClassLoader - Keeping class: org.apache.hadoop.thirdparty.protobuf.AbstractParser
2024-11-12 13:43:06,869 INFO  EvoClassLoader - Seeing class for first time: org.apache.hadoop.thirdparty.protobuf.AbstractMessageLite$Builder$LimitedInputStream
2024-11-12 13:43:06,869 INFO  EvoClassLoader - Instrumenting class 'org.apache.hadoop.thirdparty.protobuf.AbstractMessageLite$Builder$LimitedInputStream'.
2024-11-12 13:43:06,869 INFO  MethodCallReplacementClassAdapter - Adding mock interface to class org/apache/hadoop/thirdparty/protobuf/AbstractMessageLite$Builder$LimitedInputStream
2024-11-12 13:43:06,869 INFO  CreateClassResetClassAdapter - Creating brand-new static initializer in class org/apache/hadoop/thirdparty/protobuf/AbstractMessageLite$Builder$LimitedInputStream
2024-11-12 13:43:06,869 INFO  EvoClassLoader - Keeping class: org.apache.hadoop.thirdparty.protobuf.AbstractMessageLite$Builder$LimitedInputStream
2024-11-12 13:43:06,870 INFO  EvoClassLoader - Seeing class for first time: org.apache.hadoop.thirdparty.protobuf.UnknownFieldSet$Parser
2024-11-12 13:43:06,870 INFO  EvoClassLoader - Instrumenting class 'org.apache.hadoop.thirdparty.protobuf.UnknownFieldSet$Parser'.
2024-11-12 13:43:06,870 INFO  MethodCallReplacementClassAdapter - Adding mock interface to class org/apache/hadoop/thirdparty/protobuf/UnknownFieldSet$Parser
2024-11-12 13:43:06,870 INFO  CreateClassResetClassAdapter - Creating brand-new static initializer in class org/apache/hadoop/thirdparty/protobuf/UnknownFieldSet$Parser
2024-11-12 13:43:06,871 INFO  EvoClassLoader - Keeping class: org.apache.hadoop.thirdparty.protobuf.UnknownFieldSet$Parser
2024-11-12 13:43:06,871 INFO  EvoClassLoader - Seeing class for first time: org.apache.hadoop.thirdparty.protobuf.Writer
2024-11-12 13:43:06,871 INFO  EvoClassLoader - Instrumenting class 'org.apache.hadoop.thirdparty.protobuf.Writer'.
2024-11-12 13:43:06,872 INFO  EvoClassLoader - Keeping class: org.apache.hadoop.thirdparty.protobuf.Writer
2024-11-12 13:43:06,872 INFO  EvoClassLoader - Seeing class for first time: org.apache.hadoop.thirdparty.protobuf.UnknownFieldSet$Field
2024-11-12 13:43:06,872 INFO  EvoClassLoader - Instrumenting class 'org.apache.hadoop.thirdparty.protobuf.UnknownFieldSet$Field'.
2024-11-12 13:43:06,873 INFO  MethodCallReplacementClassAdapter - Adding mock interface to class org/apache/hadoop/thirdparty/protobuf/UnknownFieldSet$Field
2024-11-12 13:43:06,874 INFO  CreateClassResetClassAdapter - Found static initializer in class org/apache/hadoop/thirdparty/protobuf/UnknownFieldSet$Field
2024-11-12 13:43:06,875 INFO  EvoClassLoader - Keeping class: org.apache.hadoop.thirdparty.protobuf.UnknownFieldSet$Field
2024-11-12 13:43:06,875 INFO  EvoClassLoader - Seeing class for first time: org.apache.hadoop.hdfs.protocol.proto.ClientNamenodeProtocolProtos$DeleteSnapshotResponseProto$1
2024-11-12 13:43:06,875 INFO  EvoClassLoader - Instrumenting class 'org.apache.hadoop.hdfs.protocol.proto.ClientNamenodeProtocolProtos$DeleteSnapshotResponseProto$1'.
2024-11-12 13:43:06,876 INFO  MethodCallReplacementClassAdapter - Adding mock interface to class org/apache/hadoop/hdfs/protocol/proto/ClientNamenodeProtocolProtos$DeleteSnapshotResponseProto$1
2024-11-12 13:43:06,876 INFO  EvoClassLoader - Keeping class: org.apache.hadoop.hdfs.protocol.proto.ClientNamenodeProtocolProtos$DeleteSnapshotResponseProto$1
2024-11-12 13:43:06,876 INFO  EvoClassLoader - Seeing class for first time: org.apache.hadoop.hdfs.protocol.proto.ClientNamenodeProtocolProtos$DeleteSnapshotResponseProto
2024-11-12 13:43:06,876 INFO  EvoClassLoader - Instrumenting class 'org.apache.hadoop.hdfs.protocol.proto.ClientNamenodeProtocolProtos$DeleteSnapshotResponseProto'.
2024-11-12 13:43:06,876 INFO  MethodCallReplacementClassAdapter - Adding mock interface to class org/apache/hadoop/hdfs/protocol/proto/ClientNamenodeProtocolProtos$DeleteSnapshotResponseProto
2024-11-12 13:43:06,877 INFO  CreateClassResetClassAdapter - Found static initializer in class org/apache/hadoop/hdfs/protocol/proto/ClientNamenodeProtocolProtos$DeleteSnapshotResponseProto
2024-11-12 13:43:06,877 INFO  EvoClassLoader - Seeing class for first time: org.apache.hadoop.hdfs.protocol.proto.ClientNamenodeProtocolProtos$DeleteSnapshotResponseProtoOrBuilder
2024-11-12 13:43:06,877 INFO  EvoClassLoader - Instrumenting class 'org.apache.hadoop.hdfs.protocol.proto.ClientNamenodeProtocolProtos$DeleteSnapshotResponseProtoOrBuilder'.
2024-11-12 13:43:06,877 INFO  EvoClassLoader - Keeping class: org.apache.hadoop.hdfs.protocol.proto.ClientNamenodeProtocolProtos$DeleteSnapshotResponseProtoOrBuilder
2024-11-12 13:43:06,877 INFO  EvoClassLoader - Keeping class: org.apache.hadoop.hdfs.protocol.proto.ClientNamenodeProtocolProtos$DeleteSnapshotResponseProto
2024-11-12 13:43:06,877 INFO  EvoClassLoader - Seeing class for first time: org.apache.hadoop.hdfs.protocol.proto.ClientNamenodeProtocolProtos
2024-11-12 13:43:06,877 INFO  EvoClassLoader - Instrumenting class 'org.apache.hadoop.hdfs.protocol.proto.ClientNamenodeProtocolProtos'.
2024-11-12 13:43:06,878 INFO  MethodCallReplacementClassAdapter - Adding mock interface to class org/apache/hadoop/hdfs/protocol/proto/ClientNamenodeProtocolProtos
2024-11-12 13:43:06,879 INFO  CreateClassResetClassAdapter - Found static initializer in class org/apache/hadoop/hdfs/protocol/proto/ClientNamenodeProtocolProtos
2024-11-12 13:43:06,885 INFO  EvoClassLoader - Keeping class: org.apache.hadoop.hdfs.protocol.proto.ClientNamenodeProtocolProtos
2024-11-12 13:43:06,885 INFO  EvoClassLoader - Seeing class for first time: org.apache.hadoop.hdfs.protocol.proto.ClientNamenodeProtocolProtos$ClientNamenodeProtocol
2024-11-12 13:43:06,885 INFO  EvoClassLoader - Instrumenting class 'org.apache.hadoop.hdfs.protocol.proto.ClientNamenodeProtocolProtos$ClientNamenodeProtocol'.
2024-11-12 13:43:06,886 INFO  MethodCallReplacementClassAdapter - Adding mock interface to class org/apache/hadoop/hdfs/protocol/proto/ClientNamenodeProtocolProtos$ClientNamenodeProtocol
2024-11-12 13:43:06,887 INFO  CreateClassResetClassAdapter - Creating brand-new static initializer in class org/apache/hadoop/hdfs/protocol/proto/ClientNamenodeProtocolProtos$ClientNamenodeProtocol
2024-11-12 13:43:06,889 INFO  EvoClassLoader - Seeing class for first time: org.apache.hadoop.thirdparty.protobuf.Service
2024-11-12 13:43:06,889 INFO  EvoClassLoader - Instrumenting class 'org.apache.hadoop.thirdparty.protobuf.Service'.
2024-11-12 13:43:06,889 INFO  EvoClassLoader - Keeping class: org.apache.hadoop.thirdparty.protobuf.Service
2024-11-12 13:43:06,889 INFO  EvoClassLoader - Keeping class: org.apache.hadoop.hdfs.protocol.proto.ClientNamenodeProtocolProtos$ClientNamenodeProtocol
2024-11-12 13:43:06,889 INFO  EvoClassLoader - Seeing class for first time: org.apache.hadoop.hdfs.protocol.proto.ClientNamenodeProtocolProtos$HAServiceStateResponseProto
2024-11-12 13:43:06,889 INFO  EvoClassLoader - Instrumenting class 'org.apache.hadoop.hdfs.protocol.proto.ClientNamenodeProtocolProtos$HAServiceStateResponseProto'.
2024-11-12 13:43:06,889 INFO  MethodCallReplacementClassAdapter - Adding mock interface to class org/apache/hadoop/hdfs/protocol/proto/ClientNamenodeProtocolProtos$HAServiceStateResponseProto
2024-11-12 13:43:06,890 INFO  CreateClassResetClassAdapter - Found static initializer in class org/apache/hadoop/hdfs/protocol/proto/ClientNamenodeProtocolProtos$HAServiceStateResponseProto
2024-11-12 13:43:06,890 INFO  EvoClassLoader - Seeing class for first time: org.apache.hadoop.hdfs.protocol.proto.ClientNamenodeProtocolProtos$HAServiceStateResponseProtoOrBuilder
2024-11-12 13:43:06,890 INFO  EvoClassLoader - Instrumenting class 'org.apache.hadoop.hdfs.protocol.proto.ClientNamenodeProtocolProtos$HAServiceStateResponseProtoOrBuilder'.
2024-11-12 13:43:06,890 INFO  EvoClassLoader - Keeping class: org.apache.hadoop.hdfs.protocol.proto.ClientNamenodeProtocolProtos$HAServiceStateResponseProtoOrBuilder
2024-11-12 13:43:06,890 INFO  EvoClassLoader - Keeping class: org.apache.hadoop.hdfs.protocol.proto.ClientNamenodeProtocolProtos$HAServiceStateResponseProto
2024-11-12 13:43:06,890 INFO  EvoClassLoader - Seeing class for first time: org.apache.hadoop.hdfs.protocol.proto.ClientNamenodeProtocolProtos$HAServiceStateRequestProto
2024-11-12 13:43:06,890 INFO  EvoClassLoader - Instrumenting class 'org.apache.hadoop.hdfs.protocol.proto.ClientNamenodeProtocolProtos$HAServiceStateRequestProto'.
2024-11-12 13:43:06,891 INFO  MethodCallReplacementClassAdapter - Adding mock interface to class org/apache/hadoop/hdfs/protocol/proto/ClientNamenodeProtocolProtos$HAServiceStateRequestProto
2024-11-12 13:43:06,891 INFO  CreateClassResetClassAdapter - Found static initializer in class org/apache/hadoop/hdfs/protocol/proto/ClientNamenodeProtocolProtos$HAServiceStateRequestProto
2024-11-12 13:43:06,891 INFO  EvoClassLoader - Seeing class for first time: org.apache.hadoop.hdfs.protocol.proto.ClientNamenodeProtocolProtos$HAServiceStateRequestProtoOrBuilder
2024-11-12 13:43:06,891 INFO  EvoClassLoader - Instrumenting class 'org.apache.hadoop.hdfs.protocol.proto.ClientNamenodeProtocolProtos$HAServiceStateRequestProtoOrBuilder'.
2024-11-12 13:43:06,891 INFO  EvoClassLoader - Keeping class: org.apache.hadoop.hdfs.protocol.proto.ClientNamenodeProtocolProtos$HAServiceStateRequestProtoOrBuilder
2024-11-12 13:43:06,892 INFO  EvoClassLoader - Keeping class: org.apache.hadoop.hdfs.protocol.proto.ClientNamenodeProtocolProtos$HAServiceStateRequestProto
2024-11-12 13:43:06,892 INFO  EvoClassLoader - Seeing class for first time: org.apache.hadoop.hdfs.protocol.proto.ClientNamenodeProtocolProtos$SatisfyStoragePolicyResponseProto
2024-11-12 13:43:06,892 INFO  EvoClassLoader - Instrumenting class 'org.apache.hadoop.hdfs.protocol.proto.ClientNamenodeProtocolProtos$SatisfyStoragePolicyResponseProto'.
2024-11-12 13:43:06,892 INFO  MethodCallReplacementClassAdapter - Adding mock interface to class org/apache/hadoop/hdfs/protocol/proto/ClientNamenodeProtocolProtos$SatisfyStoragePolicyResponseProto
2024-11-12 13:43:06,892 INFO  CreateClassResetClassAdapter - Found static initializer in class org/apache/hadoop/hdfs/protocol/proto/ClientNamenodeProtocolProtos$SatisfyStoragePolicyResponseProto
2024-11-12 13:43:06,892 INFO  EvoClassLoader - Seeing class for first time: org.apache.hadoop.hdfs.protocol.proto.ClientNamenodeProtocolProtos$SatisfyStoragePolicyResponseProtoOrBuilder
2024-11-12 13:43:06,892 INFO  EvoClassLoader - Instrumenting class 'org.apache.hadoop.hdfs.protocol.proto.ClientNamenodeProtocolProtos$SatisfyStoragePolicyResponseProtoOrBuilder'.
2024-11-12 13:43:06,892 INFO  EvoClassLoader - Keeping class: org.apache.hadoop.hdfs.protocol.proto.ClientNamenodeProtocolProtos$SatisfyStoragePolicyResponseProtoOrBuilder
2024-11-12 13:43:06,893 INFO  EvoClassLoader - Keeping class: org.apache.hadoop.hdfs.protocol.proto.ClientNamenodeProtocolProtos$SatisfyStoragePolicyResponseProto
2024-11-12 13:43:06,893 INFO  EvoClassLoader - Seeing class for first time: org.apache.hadoop.hdfs.protocol.proto.ClientNamenodeProtocolProtos$SatisfyStoragePolicyRequestProto
2024-11-12 13:43:06,893 INFO  EvoClassLoader - Instrumenting class 'org.apache.hadoop.hdfs.protocol.proto.ClientNamenodeProtocolProtos$SatisfyStoragePolicyRequestProto'.
2024-11-12 13:43:06,893 INFO  MethodCallReplacementClassAdapter - Adding mock interface to class org/apache/hadoop/hdfs/protocol/proto/ClientNamenodeProtocolProtos$SatisfyStoragePolicyRequestProto
2024-11-12 13:43:06,893 INFO  CreateClassResetClassAdapter - Found static initializer in class org/apache/hadoop/hdfs/protocol/proto/ClientNamenodeProtocolProtos$SatisfyStoragePolicyRequestProto
2024-11-12 13:43:06,893 INFO  EvoClassLoader - Seeing class for first time: org.apache.hadoop.hdfs.protocol.proto.ClientNamenodeProtocolProtos$SatisfyStoragePolicyRequestProtoOrBuilder
2024-11-12 13:43:06,893 INFO  EvoClassLoader - Instrumenting class 'org.apache.hadoop.hdfs.protocol.proto.ClientNamenodeProtocolProtos$SatisfyStoragePolicyRequestProtoOrBuilder'.
2024-11-12 13:43:06,894 INFO  EvoClassLoader - Keeping class: org.apache.hadoop.hdfs.protocol.proto.ClientNamenodeProtocolProtos$SatisfyStoragePolicyRequestProtoOrBuilder
2024-11-12 13:43:06,894 INFO  EvoClassLoader - Keeping class: org.apache.hadoop.hdfs.protocol.proto.ClientNamenodeProtocolProtos$SatisfyStoragePolicyRequestProto
2024-11-12 13:43:06,894 INFO  EvoClassLoader - Seeing class for first time: org.apache.hadoop.hdfs.protocol.proto.ClientNamenodeProtocolProtos$MsyncResponseProto
2024-11-12 13:43:06,894 INFO  EvoClassLoader - Instrumenting class 'org.apache.hadoop.hdfs.protocol.proto.ClientNamenodeProtocolProtos$MsyncResponseProto'.
2024-11-12 13:43:06,894 INFO  MethodCallReplacementClassAdapter - Adding mock interface to class org/apache/hadoop/hdfs/protocol/proto/ClientNamenodeProtocolProtos$MsyncResponseProto
2024-11-12 13:43:06,894 INFO  CreateClassResetClassAdapter - Found static initializer in class org/apache/hadoop/hdfs/protocol/proto/ClientNamenodeProtocolProtos$MsyncResponseProto
2024-11-12 13:43:06,894 INFO  EvoClassLoader - Seeing class for first time: org.apache.hadoop.hdfs.protocol.proto.ClientNamenodeProtocolProtos$MsyncResponseProtoOrBuilder
2024-11-12 13:43:06,894 INFO  EvoClassLoader - Instrumenting class 'org.apache.hadoop.hdfs.protocol.proto.ClientNamenodeProtocolProtos$MsyncResponseProtoOrBuilder'.
2024-11-12 13:43:06,895 INFO  EvoClassLoader - Keeping class: org.apache.hadoop.hdfs.protocol.proto.ClientNamenodeProtocolProtos$MsyncResponseProtoOrBuilder
2024-11-12 13:43:06,895 INFO  EvoClassLoader - Keeping class: org.apache.hadoop.hdfs.protocol.proto.ClientNamenodeProtocolProtos$MsyncResponseProto
2024-11-12 13:43:06,895 INFO  EvoClassLoader - Seeing class for first time: org.apache.hadoop.hdfs.protocol.proto.ClientNamenodeProtocolProtos$MsyncRequestProto
2024-11-12 13:43:06,895 INFO  EvoClassLoader - Instrumenting class 'org.apache.hadoop.hdfs.protocol.proto.ClientNamenodeProtocolProtos$MsyncRequestProto'.
2024-11-12 13:43:06,895 INFO  MethodCallReplacementClassAdapter - Adding mock interface to class org/apache/hadoop/hdfs/protocol/proto/ClientNamenodeProtocolProtos$MsyncRequestProto
2024-11-12 13:43:06,895 INFO  CreateClassResetClassAdapter - Found static initializer in class org/apache/hadoop/hdfs/protocol/proto/ClientNamenodeProtocolProtos$MsyncRequestProto
2024-11-12 13:43:06,895 INFO  EvoClassLoader - Seeing class for first time: org.apache.hadoop.hdfs.protocol.proto.ClientNamenodeProtocolProtos$MsyncRequestProtoOrBuilder
2024-11-12 13:43:06,895 INFO  EvoClassLoader - Instrumenting class 'org.apache.hadoop.hdfs.protocol.proto.ClientNamenodeProtocolProtos$MsyncRequestProtoOrBuilder'.
2024-11-12 13:43:06,896 INFO  EvoClassLoader - Keeping class: org.apache.hadoop.hdfs.protocol.proto.ClientNamenodeProtocolProtos$MsyncRequestProtoOrBuilder
2024-11-12 13:43:06,896 INFO  EvoClassLoader - Keeping class: org.apache.hadoop.hdfs.protocol.proto.ClientNamenodeProtocolProtos$MsyncRequestProto
2024-11-12 13:43:06,896 INFO  EvoClassLoader - Seeing class for first time: org.apache.hadoop.hdfs.protocol.proto.ClientNamenodeProtocolProtos$ListOpenFilesResponseProto
2024-11-12 13:43:06,896 INFO  EvoClassLoader - Instrumenting class 'org.apache.hadoop.hdfs.protocol.proto.ClientNamenodeProtocolProtos$ListOpenFilesResponseProto'.
2024-11-12 13:43:06,896 INFO  MethodCallReplacementClassAdapter - Adding mock interface to class org/apache/hadoop/hdfs/protocol/proto/ClientNamenodeProtocolProtos$ListOpenFilesResponseProto
2024-11-12 13:43:06,896 INFO  CreateClassResetClassAdapter - Found static initializer in class org/apache/hadoop/hdfs/protocol/proto/ClientNamenodeProtocolProtos$ListOpenFilesResponseProto
2024-11-12 13:43:06,897 INFO  EvoClassLoader - Seeing class for first time: org.apache.hadoop.hdfs.protocol.proto.ClientNamenodeProtocolProtos$ListOpenFilesResponseProtoOrBuilder
2024-11-12 13:43:06,897 INFO  EvoClassLoader - Instrumenting class 'org.apache.hadoop.hdfs.protocol.proto.ClientNamenodeProtocolProtos$ListOpenFilesResponseProtoOrBuilder'.
2024-11-12 13:43:06,897 INFO  EvoClassLoader - Keeping class: org.apache.hadoop.hdfs.protocol.proto.ClientNamenodeProtocolProtos$ListOpenFilesResponseProtoOrBuilder
2024-11-12 13:43:06,897 INFO  EvoClassLoader - Keeping class: org.apache.hadoop.hdfs.protocol.proto.ClientNamenodeProtocolProtos$ListOpenFilesResponseProto
2024-11-12 13:43:06,897 INFO  EvoClassLoader - Seeing class for first time: org.apache.hadoop.hdfs.protocol.proto.ClientNamenodeProtocolProtos$OpenFilesBatchResponseProto
2024-11-12 13:43:06,897 INFO  EvoClassLoader - Instrumenting class 'org.apache.hadoop.hdfs.protocol.proto.ClientNamenodeProtocolProtos$OpenFilesBatchResponseProto'.
2024-11-12 13:43:06,897 INFO  MethodCallReplacementClassAdapter - Adding mock interface to class org/apache/hadoop/hdfs/protocol/proto/ClientNamenodeProtocolProtos$OpenFilesBatchResponseProto
2024-11-12 13:43:06,898 INFO  CreateClassResetClassAdapter - Found static initializer in class org/apache/hadoop/hdfs/protocol/proto/ClientNamenodeProtocolProtos$OpenFilesBatchResponseProto
2024-11-12 13:43:06,898 INFO  EvoClassLoader - Seeing class for first time: org.apache.hadoop.hdfs.protocol.proto.ClientNamenodeProtocolProtos$OpenFilesBatchResponseProtoOrBuilder
2024-11-12 13:43:06,898 INFO  EvoClassLoader - Instrumenting class 'org.apache.hadoop.hdfs.protocol.proto.ClientNamenodeProtocolProtos$OpenFilesBatchResponseProtoOrBuilder'.
2024-11-12 13:43:06,898 INFO  EvoClassLoader - Keeping class: org.apache.hadoop.hdfs.protocol.proto.ClientNamenodeProtocolProtos$OpenFilesBatchResponseProtoOrBuilder
2024-11-12 13:43:06,899 INFO  EvoClassLoader - Keeping class: org.apache.hadoop.hdfs.protocol.proto.ClientNamenodeProtocolProtos$OpenFilesBatchResponseProto
2024-11-12 13:43:06,899 INFO  EvoClassLoader - Seeing class for first time: org.apache.hadoop.hdfs.protocol.proto.ClientNamenodeProtocolProtos$ListOpenFilesRequestProto
2024-11-12 13:43:06,899 INFO  EvoClassLoader - Instrumenting class 'org.apache.hadoop.hdfs.protocol.proto.ClientNamenodeProtocolProtos$ListOpenFilesRequestProto'.
2024-11-12 13:43:06,899 INFO  MethodCallReplacementClassAdapter - Adding mock interface to class org/apache/hadoop/hdfs/protocol/proto/ClientNamenodeProtocolProtos$ListOpenFilesRequestProto
2024-11-12 13:43:06,899 INFO  CreateClassResetClassAdapter - Found static initializer in class org/apache/hadoop/hdfs/protocol/proto/ClientNamenodeProtocolProtos$ListOpenFilesRequestProto
2024-11-12 13:43:06,901 INFO  EvoClassLoader - Seeing class for first time: org.apache.hadoop.hdfs.protocol.proto.ClientNamenodeProtocolProtos$ListOpenFilesRequestProtoOrBuilder
2024-11-12 13:43:06,901 INFO  EvoClassLoader - Instrumenting class 'org.apache.hadoop.hdfs.protocol.proto.ClientNamenodeProtocolProtos$ListOpenFilesRequestProtoOrBuilder'.
2024-11-12 13:43:06,901 INFO  EvoClassLoader - Keeping class: org.apache.hadoop.hdfs.protocol.proto.ClientNamenodeProtocolProtos$ListOpenFilesRequestProtoOrBuilder
2024-11-12 13:43:06,902 INFO  EvoClassLoader - Keeping class: org.apache.hadoop.hdfs.protocol.proto.ClientNamenodeProtocolProtos$ListOpenFilesRequestProto
2024-11-12 13:43:06,902 INFO  EvoClassLoader - Seeing class for first time: org.apache.hadoop.hdfs.protocol.proto.ClientNamenodeProtocolProtos$GetEditsFromTxidResponseProto
2024-11-12 13:43:06,902 INFO  EvoClassLoader - Instrumenting class 'org.apache.hadoop.hdfs.protocol.proto.ClientNamenodeProtocolProtos$GetEditsFromTxidResponseProto'.
2024-11-12 13:43:06,902 INFO  MethodCallReplacementClassAdapter - Adding mock interface to class org/apache/hadoop/hdfs/protocol/proto/ClientNamenodeProtocolProtos$GetEditsFromTxidResponseProto
2024-11-12 13:43:06,902 INFO  CreateClassResetClassAdapter - Found static initializer in class org/apache/hadoop/hdfs/protocol/proto/ClientNamenodeProtocolProtos$GetEditsFromTxidResponseProto
2024-11-12 13:43:06,903 INFO  EvoClassLoader - Seeing class for first time: org.apache.hadoop.hdfs.protocol.proto.ClientNamenodeProtocolProtos$GetEditsFromTxidResponseProtoOrBuilder
2024-11-12 13:43:06,903 INFO  EvoClassLoader - Instrumenting class 'org.apache.hadoop.hdfs.protocol.proto.ClientNamenodeProtocolProtos$GetEditsFromTxidResponseProtoOrBuilder'.
2024-11-12 13:43:06,903 INFO  EvoClassLoader - Keeping class: org.apache.hadoop.hdfs.protocol.proto.ClientNamenodeProtocolProtos$GetEditsFromTxidResponseProtoOrBuilder
2024-11-12 13:43:06,904 INFO  EvoClassLoader - Keeping class: org.apache.hadoop.hdfs.protocol.proto.ClientNamenodeProtocolProtos$GetEditsFromTxidResponseProto
2024-11-12 13:43:06,904 INFO  EvoClassLoader - Seeing class for first time: org.apache.hadoop.hdfs.protocol.proto.ClientNamenodeProtocolProtos$GetEditsFromTxidRequestProto
2024-11-12 13:43:06,904 INFO  EvoClassLoader - Instrumenting class 'org.apache.hadoop.hdfs.protocol.proto.ClientNamenodeProtocolProtos$GetEditsFromTxidRequestProto'.
2024-11-12 13:43:06,904 INFO  MethodCallReplacementClassAdapter - Adding mock interface to class org/apache/hadoop/hdfs/protocol/proto/ClientNamenodeProtocolProtos$GetEditsFromTxidRequestProto
2024-11-12 13:43:06,904 INFO  CreateClassResetClassAdapter - Found static initializer in class org/apache/hadoop/hdfs/protocol/proto/ClientNamenodeProtocolProtos$GetEditsFromTxidRequestProto
2024-11-12 13:43:06,905 INFO  EvoClassLoader - Seeing class for first time: org.apache.hadoop.hdfs.protocol.proto.ClientNamenodeProtocolProtos$GetEditsFromTxidRequestProtoOrBuilder
2024-11-12 13:43:06,905 INFO  EvoClassLoader - Instrumenting class 'org.apache.hadoop.hdfs.protocol.proto.ClientNamenodeProtocolProtos$GetEditsFromTxidRequestProtoOrBuilder'.
2024-11-12 13:43:06,905 INFO  EvoClassLoader - Keeping class: org.apache.hadoop.hdfs.protocol.proto.ClientNamenodeProtocolProtos$GetEditsFromTxidRequestProtoOrBuilder
2024-11-12 13:43:06,905 INFO  EvoClassLoader - Keeping class: org.apache.hadoop.hdfs.protocol.proto.ClientNamenodeProtocolProtos$GetEditsFromTxidRequestProto
2024-11-12 13:43:06,905 INFO  EvoClassLoader - Seeing class for first time: org.apache.hadoop.hdfs.protocol.proto.ClientNamenodeProtocolProtos$GetCurrentEditLogTxidResponseProto
2024-11-12 13:43:06,905 INFO  EvoClassLoader - Instrumenting class 'org.apache.hadoop.hdfs.protocol.proto.ClientNamenodeProtocolProtos$GetCurrentEditLogTxidResponseProto'.
2024-11-12 13:43:06,905 INFO  MethodCallReplacementClassAdapter - Adding mock interface to class org/apache/hadoop/hdfs/protocol/proto/ClientNamenodeProtocolProtos$GetCurrentEditLogTxidResponseProto
2024-11-12 13:43:06,905 INFO  CreateClassResetClassAdapter - Found static initializer in class org/apache/hadoop/hdfs/protocol/proto/ClientNamenodeProtocolProtos$GetCurrentEditLogTxidResponseProto
2024-11-12 13:43:06,906 INFO  EvoClassLoader - Seeing class for first time: org.apache.hadoop.hdfs.protocol.proto.ClientNamenodeProtocolProtos$GetCurrentEditLogTxidResponseProtoOrBuilder
2024-11-12 13:43:06,906 INFO  EvoClassLoader - Instrumenting class 'org.apache.hadoop.hdfs.protocol.proto.ClientNamenodeProtocolProtos$GetCurrentEditLogTxidResponseProtoOrBuilder'.
2024-11-12 13:43:06,906 INFO  EvoClassLoader - Keeping class: org.apache.hadoop.hdfs.protocol.proto.ClientNamenodeProtocolProtos$GetCurrentEditLogTxidResponseProtoOrBuilder
2024-11-12 13:43:06,906 INFO  EvoClassLoader - Keeping class: org.apache.hadoop.hdfs.protocol.proto.ClientNamenodeProtocolProtos$GetCurrentEditLogTxidResponseProto
2024-11-12 13:43:06,906 INFO  EvoClassLoader - Seeing class for first time: org.apache.hadoop.hdfs.protocol.proto.ClientNamenodeProtocolProtos$GetCurrentEditLogTxidRequestProto
2024-11-12 13:43:06,906 INFO  EvoClassLoader - Instrumenting class 'org.apache.hadoop.hdfs.protocol.proto.ClientNamenodeProtocolProtos$GetCurrentEditLogTxidRequestProto'.
2024-11-12 13:43:06,906 INFO  MethodCallReplacementClassAdapter - Adding mock interface to class org/apache/hadoop/hdfs/protocol/proto/ClientNamenodeProtocolProtos$GetCurrentEditLogTxidRequestProto
2024-11-12 13:43:06,906 INFO  CreateClassResetClassAdapter - Found static initializer in class org/apache/hadoop/hdfs/protocol/proto/ClientNamenodeProtocolProtos$GetCurrentEditLogTxidRequestProto
2024-11-12 13:43:06,907 INFO  EvoClassLoader - Seeing class for first time: org.apache.hadoop.hdfs.protocol.proto.ClientNamenodeProtocolProtos$GetCurrentEditLogTxidRequestProtoOrBuilder
2024-11-12 13:43:06,907 INFO  EvoClassLoader - Instrumenting class 'org.apache.hadoop.hdfs.protocol.proto.ClientNamenodeProtocolProtos$GetCurrentEditLogTxidRequestProtoOrBuilder'.
2024-11-12 13:43:06,907 INFO  EvoClassLoader - Keeping class: org.apache.hadoop.hdfs.protocol.proto.ClientNamenodeProtocolProtos$GetCurrentEditLogTxidRequestProtoOrBuilder
2024-11-12 13:43:06,907 INFO  EvoClassLoader - Keeping class: org.apache.hadoop.hdfs.protocol.proto.ClientNamenodeProtocolProtos$GetCurrentEditLogTxidRequestProto
2024-11-12 13:43:06,907 INFO  EvoClassLoader - Seeing class for first time: org.apache.hadoop.hdfs.protocol.proto.ClientNamenodeProtocolProtos$CheckAccessResponseProto
2024-11-12 13:43:06,907 INFO  EvoClassLoader - Instrumenting class 'org.apache.hadoop.hdfs.protocol.proto.ClientNamenodeProtocolProtos$CheckAccessResponseProto'.
2024-11-12 13:43:06,907 INFO  MethodCallReplacementClassAdapter - Adding mock interface to class org/apache/hadoop/hdfs/protocol/proto/ClientNamenodeProtocolProtos$CheckAccessResponseProto
2024-11-12 13:43:06,907 INFO  CreateClassResetClassAdapter - Found static initializer in class org/apache/hadoop/hdfs/protocol/proto/ClientNamenodeProtocolProtos$CheckAccessResponseProto
2024-11-12 13:43:06,908 INFO  EvoClassLoader - Seeing class for first time: org.apache.hadoop.hdfs.protocol.proto.ClientNamenodeProtocolProtos$CheckAccessResponseProtoOrBuilder
2024-11-12 13:43:06,908 INFO  EvoClassLoader - Instrumenting class 'org.apache.hadoop.hdfs.protocol.proto.ClientNamenodeProtocolProtos$CheckAccessResponseProtoOrBuilder'.
2024-11-12 13:43:06,908 INFO  EvoClassLoader - Keeping class: org.apache.hadoop.hdfs.protocol.proto.ClientNamenodeProtocolProtos$CheckAccessResponseProtoOrBuilder
2024-11-12 13:43:06,908 INFO  EvoClassLoader - Keeping class: org.apache.hadoop.hdfs.protocol.proto.ClientNamenodeProtocolProtos$CheckAccessResponseProto
2024-11-12 13:43:06,908 INFO  EvoClassLoader - Seeing class for first time: org.apache.hadoop.hdfs.protocol.proto.ClientNamenodeProtocolProtos$CheckAccessRequestProto
2024-11-12 13:43:06,908 INFO  EvoClassLoader - Instrumenting class 'org.apache.hadoop.hdfs.protocol.proto.ClientNamenodeProtocolProtos$CheckAccessRequestProto'.
2024-11-12 13:43:06,909 INFO  MethodCallReplacementClassAdapter - Adding mock interface to class org/apache/hadoop/hdfs/protocol/proto/ClientNamenodeProtocolProtos$CheckAccessRequestProto
2024-11-12 13:43:06,909 INFO  CreateClassResetClassAdapter - Found static initializer in class org/apache/hadoop/hdfs/protocol/proto/ClientNamenodeProtocolProtos$CheckAccessRequestProto
2024-11-12 13:43:06,910 INFO  EvoClassLoader - Seeing class for first time: org.apache.hadoop.hdfs.protocol.proto.ClientNamenodeProtocolProtos$CheckAccessRequestProtoOrBuilder
2024-11-12 13:43:06,910 INFO  EvoClassLoader - Instrumenting class 'org.apache.hadoop.hdfs.protocol.proto.ClientNamenodeProtocolProtos$CheckAccessRequestProtoOrBuilder'.
2024-11-12 13:43:06,910 INFO  EvoClassLoader - Keeping class: org.apache.hadoop.hdfs.protocol.proto.ClientNamenodeProtocolProtos$CheckAccessRequestProtoOrBuilder
2024-11-12 13:43:06,911 INFO  EvoClassLoader - Keeping class: org.apache.hadoop.hdfs.protocol.proto.ClientNamenodeProtocolProtos$CheckAccessRequestProto
2024-11-12 13:43:06,911 INFO  EvoClassLoader - Seeing class for first time: org.apache.hadoop.hdfs.protocol.proto.ClientNamenodeProtocolProtos$DeleteSnapshotResponseProto$Builder
2024-11-12 13:43:06,911 INFO  EvoClassLoader - Instrumenting class 'org.apache.hadoop.hdfs.protocol.proto.ClientNamenodeProtocolProtos$DeleteSnapshotResponseProto$Builder'.
2024-11-12 13:43:06,911 INFO  MethodCallReplacementClassAdapter - Adding mock interface to class org/apache/hadoop/hdfs/protocol/proto/ClientNamenodeProtocolProtos$DeleteSnapshotResponseProto$Builder
2024-11-12 13:43:06,912 INFO  CreateClassResetClassAdapter - Creating brand-new static initializer in class org/apache/hadoop/hdfs/protocol/proto/ClientNamenodeProtocolProtos$DeleteSnapshotResponseProto$Builder
2024-11-12 13:43:06,912 INFO  EvoClassLoader - Seeing class for first time: org.apache.hadoop.thirdparty.protobuf.GeneratedMessageV3$Builder
2024-11-12 13:43:06,912 INFO  EvoClassLoader - Instrumenting class 'org.apache.hadoop.thirdparty.protobuf.GeneratedMessageV3$Builder'.
2024-11-12 13:43:06,913 INFO  MethodCallReplacementClassAdapter - Adding mock interface to class org/apache/hadoop/thirdparty/protobuf/GeneratedMessageV3$Builder
2024-11-12 13:43:06,913 INFO  CreateClassResetClassAdapter - Creating brand-new static initializer in class org/apache/hadoop/thirdparty/protobuf/GeneratedMessageV3$Builder
2024-11-12 13:43:06,914 INFO  EvoClassLoader - Seeing class for first time: org.apache.hadoop.thirdparty.protobuf.AbstractMessage$Builder
2024-11-12 13:43:06,914 INFO  EvoClassLoader - Instrumenting class 'org.apache.hadoop.thirdparty.protobuf.AbstractMessage$Builder'.
2024-11-12 13:43:06,914 INFO  MethodCallReplacementClassAdapter - Adding mock interface to class org/apache/hadoop/thirdparty/protobuf/AbstractMessage$Builder
2024-11-12 13:43:06,915 INFO  CreateClassResetClassAdapter - Creating brand-new static initializer in class org/apache/hadoop/thirdparty/protobuf/AbstractMessage$Builder
2024-11-12 13:43:06,916 INFO  EvoClassLoader - Seeing class for first time: org.apache.hadoop.thirdparty.protobuf.AbstractMessageLite$Builder
2024-11-12 13:43:06,916 INFO  EvoClassLoader - Instrumenting class 'org.apache.hadoop.thirdparty.protobuf.AbstractMessageLite$Builder'.
2024-11-12 13:43:06,916 INFO  MethodCallReplacementClassAdapter - Adding mock interface to class org/apache/hadoop/thirdparty/protobuf/AbstractMessageLite$Builder
2024-11-12 13:43:06,918 INFO  CreateClassResetClassAdapter - Creating brand-new static initializer in class org/apache/hadoop/thirdparty/protobuf/AbstractMessageLite$Builder
2024-11-12 13:43:06,918 INFO  EvoClassLoader - Keeping class: org.apache.hadoop.thirdparty.protobuf.AbstractMessageLite$Builder
2024-11-12 13:43:06,918 INFO  EvoClassLoader - Keeping class: org.apache.hadoop.thirdparty.protobuf.AbstractMessage$Builder
2024-11-12 13:43:06,918 INFO  EvoClassLoader - Keeping class: org.apache.hadoop.thirdparty.protobuf.GeneratedMessageV3$Builder
2024-11-12 13:43:06,918 INFO  EvoClassLoader - Keeping class: org.apache.hadoop.hdfs.protocol.proto.ClientNamenodeProtocolProtos$DeleteSnapshotResponseProto$Builder
2024-11-12 13:43:06,919 INFO  EvoClassLoader - Seeing class for first time: org.apache.hadoop.thirdparty.protobuf.GeneratedMessageV3$ExtensionDescriptorRetriever
2024-11-12 13:43:06,919 INFO  EvoClassLoader - Instrumenting class 'org.apache.hadoop.thirdparty.protobuf.GeneratedMessageV3$ExtensionDescriptorRetriever'.
2024-11-12 13:43:06,920 INFO  EvoClassLoader - Keeping class: org.apache.hadoop.thirdparty.protobuf.GeneratedMessageV3$ExtensionDescriptorRetriever
2024-11-12 13:43:06,920 INFO  EvoClassLoader - Seeing class for first time: org.apache.hadoop.thirdparty.protobuf.GeneratedMessageV3$ExtendableBuilder
2024-11-12 13:43:06,920 INFO  EvoClassLoader - Instrumenting class 'org.apache.hadoop.thirdparty.protobuf.GeneratedMessageV3$ExtendableBuilder'.
2024-11-12 13:43:06,920 INFO  MethodCallReplacementClassAdapter - Adding mock interface to class org/apache/hadoop/thirdparty/protobuf/GeneratedMessageV3$ExtendableBuilder
2024-11-12 13:43:06,921 INFO  CreateClassResetClassAdapter - Creating brand-new static initializer in class org/apache/hadoop/thirdparty/protobuf/GeneratedMessageV3$ExtendableBuilder
2024-11-12 13:43:06,921 INFO  EvoClassLoader - Seeing class for first time: org.apache.hadoop.thirdparty.protobuf.GeneratedMessageV3$ExtendableMessageOrBuilder
2024-11-12 13:43:06,921 INFO  EvoClassLoader - Instrumenting class 'org.apache.hadoop.thirdparty.protobuf.GeneratedMessageV3$ExtendableMessageOrBuilder'.
2024-11-12 13:43:06,922 INFO  EvoClassLoader - Keeping class: org.apache.hadoop.thirdparty.protobuf.GeneratedMessageV3$ExtendableMessageOrBuilder
2024-11-12 13:43:06,922 INFO  EvoClassLoader - Keeping class: org.apache.hadoop.thirdparty.protobuf.GeneratedMessageV3$ExtendableBuilder
2024-11-12 13:43:06,922 INFO  EvoClassLoader - Seeing class for first time: org.apache.hadoop.thirdparty.protobuf.GeneratedMessageV3$ExtendableMessage
2024-11-12 13:43:06,922 INFO  EvoClassLoader - Instrumenting class 'org.apache.hadoop.thirdparty.protobuf.GeneratedMessageV3$ExtendableMessage'.
2024-11-12 13:43:06,922 INFO  MethodCallReplacementClassAdapter - Adding mock interface to class org/apache/hadoop/thirdparty/protobuf/GeneratedMessageV3$ExtendableMessage
2024-11-12 13:43:06,923 INFO  CreateClassResetClassAdapter - Creating brand-new static initializer in class org/apache/hadoop/thirdparty/protobuf/GeneratedMessageV3$ExtendableMessage
2024-11-12 13:43:06,923 INFO  EvoClassLoader - Keeping class: org.apache.hadoop.thirdparty.protobuf.GeneratedMessageV3$ExtendableMessage
2024-11-12 13:43:06,924 INFO  EvoClassLoader - Seeing class for first time: org.apache.hadoop.hdfs.protocol.proto.ClientNamenodeProtocolProtos$RenameSnapshotResponseProto$1
2024-11-12 13:43:06,924 INFO  EvoClassLoader - Instrumenting class 'org.apache.hadoop.hdfs.protocol.proto.ClientNamenodeProtocolProtos$RenameSnapshotResponseProto$1'.
2024-11-12 13:43:06,924 INFO  MethodCallReplacementClassAdapter - Adding mock interface to class org/apache/hadoop/hdfs/protocol/proto/ClientNamenodeProtocolProtos$RenameSnapshotResponseProto$1
2024-11-12 13:43:06,925 INFO  EvoClassLoader - Keeping class: org.apache.hadoop.hdfs.protocol.proto.ClientNamenodeProtocolProtos$RenameSnapshotResponseProto$1
2024-11-12 13:43:06,925 INFO  EvoClassLoader - Seeing class for first time: org.apache.hadoop.hdfs.protocol.proto.ClientNamenodeProtocolProtos$RenameSnapshotResponseProto
2024-11-12 13:43:06,925 INFO  EvoClassLoader - Instrumenting class 'org.apache.hadoop.hdfs.protocol.proto.ClientNamenodeProtocolProtos$RenameSnapshotResponseProto'.
2024-11-12 13:43:06,925 INFO  MethodCallReplacementClassAdapter - Adding mock interface to class org/apache/hadoop/hdfs/protocol/proto/ClientNamenodeProtocolProtos$RenameSnapshotResponseProto
2024-11-12 13:43:06,925 INFO  CreateClassResetClassAdapter - Found static initializer in class org/apache/hadoop/hdfs/protocol/proto/ClientNamenodeProtocolProtos$RenameSnapshotResponseProto
2024-11-12 13:43:06,925 INFO  EvoClassLoader - Seeing class for first time: org.apache.hadoop.hdfs.protocol.proto.ClientNamenodeProtocolProtos$RenameSnapshotResponseProtoOrBuilder
2024-11-12 13:43:06,925 INFO  EvoClassLoader - Instrumenting class 'org.apache.hadoop.hdfs.protocol.proto.ClientNamenodeProtocolProtos$RenameSnapshotResponseProtoOrBuilder'.
2024-11-12 13:43:06,926 INFO  EvoClassLoader - Keeping class: org.apache.hadoop.hdfs.protocol.proto.ClientNamenodeProtocolProtos$RenameSnapshotResponseProtoOrBuilder
2024-11-12 13:43:06,926 INFO  EvoClassLoader - Keeping class: org.apache.hadoop.hdfs.protocol.proto.ClientNamenodeProtocolProtos$RenameSnapshotResponseProto
2024-11-12 13:43:06,926 INFO  EvoClassLoader - Seeing class for first time: org.apache.hadoop.hdfs.protocol.proto.ClientNamenodeProtocolProtos$DeleteSnapshotRequestProto
2024-11-12 13:43:06,926 INFO  EvoClassLoader - Instrumenting class 'org.apache.hadoop.hdfs.protocol.proto.ClientNamenodeProtocolProtos$DeleteSnapshotRequestProto'.
2024-11-12 13:43:06,926 INFO  MethodCallReplacementClassAdapter - Adding mock interface to class org/apache/hadoop/hdfs/protocol/proto/ClientNamenodeProtocolProtos$DeleteSnapshotRequestProto
2024-11-12 13:43:06,926 INFO  CreateClassResetClassAdapter - Found static initializer in class org/apache/hadoop/hdfs/protocol/proto/ClientNamenodeProtocolProtos$DeleteSnapshotRequestProto
2024-11-12 13:43:06,927 INFO  EvoClassLoader - Seeing class for first time: org.apache.hadoop.hdfs.protocol.proto.ClientNamenodeProtocolProtos$DeleteSnapshotRequestProtoOrBuilder
2024-11-12 13:43:06,927 INFO  EvoClassLoader - Instrumenting class 'org.apache.hadoop.hdfs.protocol.proto.ClientNamenodeProtocolProtos$DeleteSnapshotRequestProtoOrBuilder'.
2024-11-12 13:43:06,927 INFO  EvoClassLoader - Keeping class: org.apache.hadoop.hdfs.protocol.proto.ClientNamenodeProtocolProtos$DeleteSnapshotRequestProtoOrBuilder
2024-11-12 13:43:06,927 INFO  EvoClassLoader - Keeping class: org.apache.hadoop.hdfs.protocol.proto.ClientNamenodeProtocolProtos$DeleteSnapshotRequestProto
2024-11-12 13:43:06,927 INFO  EvoClassLoader - Seeing class for first time: org.apache.hadoop.hdfs.protocol.proto.ClientNamenodeProtocolProtos$DisallowSnapshotResponseProto
2024-11-12 13:43:06,927 INFO  EvoClassLoader - Instrumenting class 'org.apache.hadoop.hdfs.protocol.proto.ClientNamenodeProtocolProtos$DisallowSnapshotResponseProto'.
2024-11-12 13:43:06,927 INFO  MethodCallReplacementClassAdapter - Adding mock interface to class org/apache/hadoop/hdfs/protocol/proto/ClientNamenodeProtocolProtos$DisallowSnapshotResponseProto
2024-11-12 13:43:06,928 INFO  CreateClassResetClassAdapter - Found static initializer in class org/apache/hadoop/hdfs/protocol/proto/ClientNamenodeProtocolProtos$DisallowSnapshotResponseProto
2024-11-12 13:43:06,928 INFO  EvoClassLoader - Seeing class for first time: org.apache.hadoop.hdfs.protocol.proto.ClientNamenodeProtocolProtos$DisallowSnapshotResponseProtoOrBuilder
2024-11-12 13:43:06,928 INFO  EvoClassLoader - Instrumenting class 'org.apache.hadoop.hdfs.protocol.proto.ClientNamenodeProtocolProtos$DisallowSnapshotResponseProtoOrBuilder'.
2024-11-12 13:43:06,928 INFO  EvoClassLoader - Keeping class: org.apache.hadoop.hdfs.protocol.proto.ClientNamenodeProtocolProtos$DisallowSnapshotResponseProtoOrBuilder
2024-11-12 13:43:06,928 INFO  EvoClassLoader - Keeping class: org.apache.hadoop.hdfs.protocol.proto.ClientNamenodeProtocolProtos$DisallowSnapshotResponseProto
2024-11-12 13:43:06,928 INFO  EvoClassLoader - Seeing class for first time: org.apache.hadoop.hdfs.protocol.proto.ClientNamenodeProtocolProtos$DisallowSnapshotRequestProto
2024-11-12 13:43:06,928 INFO  EvoClassLoader - Instrumenting class 'org.apache.hadoop.hdfs.protocol.proto.ClientNamenodeProtocolProtos$DisallowSnapshotRequestProto'.
2024-11-12 13:43:06,928 INFO  MethodCallReplacementClassAdapter - Adding mock interface to class org/apache/hadoop/hdfs/protocol/proto/ClientNamenodeProtocolProtos$DisallowSnapshotRequestProto
2024-11-12 13:43:06,929 INFO  CreateClassResetClassAdapter - Found static initializer in class org/apache/hadoop/hdfs/protocol/proto/ClientNamenodeProtocolProtos$DisallowSnapshotRequestProto
2024-11-12 13:43:06,930 INFO  EvoClassLoader - Seeing class for first time: org.apache.hadoop.hdfs.protocol.proto.ClientNamenodeProtocolProtos$DisallowSnapshotRequestProtoOrBuilder
2024-11-12 13:43:06,930 INFO  EvoClassLoader - Instrumenting class 'org.apache.hadoop.hdfs.protocol.proto.ClientNamenodeProtocolProtos$DisallowSnapshotRequestProtoOrBuilder'.
2024-11-12 13:43:06,930 INFO  EvoClassLoader - Keeping class: org.apache.hadoop.hdfs.protocol.proto.ClientNamenodeProtocolProtos$DisallowSnapshotRequestProtoOrBuilder
2024-11-12 13:43:06,930 INFO  EvoClassLoader - Keeping class: org.apache.hadoop.hdfs.protocol.proto.ClientNamenodeProtocolProtos$DisallowSnapshotRequestProto
2024-11-12 13:43:06,930 INFO  EvoClassLoader - Seeing class for first time: org.apache.hadoop.hdfs.protocol.proto.ClientNamenodeProtocolProtos$AllowSnapshotResponseProto
2024-11-12 13:43:06,930 INFO  EvoClassLoader - Instrumenting class 'org.apache.hadoop.hdfs.protocol.proto.ClientNamenodeProtocolProtos$AllowSnapshotResponseProto'.
2024-11-12 13:43:06,930 INFO  MethodCallReplacementClassAdapter - Adding mock interface to class org/apache/hadoop/hdfs/protocol/proto/ClientNamenodeProtocolProtos$AllowSnapshotResponseProto
2024-11-12 13:43:06,931 INFO  CreateClassResetClassAdapter - Found static initializer in class org/apache/hadoop/hdfs/protocol/proto/ClientNamenodeProtocolProtos$AllowSnapshotResponseProto
2024-11-12 13:43:06,931 INFO  EvoClassLoader - Seeing class for first time: org.apache.hadoop.hdfs.protocol.proto.ClientNamenodeProtocolProtos$AllowSnapshotResponseProtoOrBuilder
2024-11-12 13:43:06,931 INFO  EvoClassLoader - Instrumenting class 'org.apache.hadoop.hdfs.protocol.proto.ClientNamenodeProtocolProtos$AllowSnapshotResponseProtoOrBuilder'.
2024-11-12 13:43:06,931 INFO  EvoClassLoader - Keeping class: org.apache.hadoop.hdfs.protocol.proto.ClientNamenodeProtocolProtos$AllowSnapshotResponseProtoOrBuilder
2024-11-12 13:43:06,931 INFO  EvoClassLoader - Keeping class: org.apache.hadoop.hdfs.protocol.proto.ClientNamenodeProtocolProtos$AllowSnapshotResponseProto
2024-11-12 13:43:06,932 INFO  EvoClassLoader - Seeing class for first time: org.apache.hadoop.hdfs.protocol.proto.ClientNamenodeProtocolProtos$AllowSnapshotRequestProto
2024-11-12 13:43:06,932 INFO  EvoClassLoader - Instrumenting class 'org.apache.hadoop.hdfs.protocol.proto.ClientNamenodeProtocolProtos$AllowSnapshotRequestProto'.
2024-11-12 13:43:06,932 INFO  MethodCallReplacementClassAdapter - Adding mock interface to class org/apache/hadoop/hdfs/protocol/proto/ClientNamenodeProtocolProtos$AllowSnapshotRequestProto
2024-11-12 13:43:06,933 INFO  CreateClassResetClassAdapter - Found static initializer in class org/apache/hadoop/hdfs/protocol/proto/ClientNamenodeProtocolProtos$AllowSnapshotRequestProto
2024-11-12 13:43:06,933 INFO  EvoClassLoader - Seeing class for first time: org.apache.hadoop.hdfs.protocol.proto.ClientNamenodeProtocolProtos$AllowSnapshotRequestProtoOrBuilder
2024-11-12 13:43:06,933 INFO  EvoClassLoader - Instrumenting class 'org.apache.hadoop.hdfs.protocol.proto.ClientNamenodeProtocolProtos$AllowSnapshotRequestProtoOrBuilder'.
2024-11-12 13:43:06,934 INFO  EvoClassLoader - Keeping class: org.apache.hadoop.hdfs.protocol.proto.ClientNamenodeProtocolProtos$AllowSnapshotRequestProtoOrBuilder
2024-11-12 13:43:06,934 INFO  EvoClassLoader - Keeping class: org.apache.hadoop.hdfs.protocol.proto.ClientNamenodeProtocolProtos$AllowSnapshotRequestProto
2024-11-12 13:43:06,934 INFO  EvoClassLoader - Seeing class for first time: org.apache.hadoop.hdfs.protocol.proto.ClientNamenodeProtocolProtos$RenameSnapshotResponseProto$Builder
2024-11-12 13:43:06,934 INFO  EvoClassLoader - Instrumenting class 'org.apache.hadoop.hdfs.protocol.proto.ClientNamenodeProtocolProtos$RenameSnapshotResponseProto$Builder'.
2024-11-12 13:43:06,934 INFO  MethodCallReplacementClassAdapter - Adding mock interface to class org/apache/hadoop/hdfs/protocol/proto/ClientNamenodeProtocolProtos$RenameSnapshotResponseProto$Builder
2024-11-12 13:43:06,935 INFO  CreateClassResetClassAdapter - Creating brand-new static initializer in class org/apache/hadoop/hdfs/protocol/proto/ClientNamenodeProtocolProtos$RenameSnapshotResponseProto$Builder
2024-11-12 13:43:06,935 INFO  EvoClassLoader - Keeping class: org.apache.hadoop.hdfs.protocol.proto.ClientNamenodeProtocolProtos$RenameSnapshotResponseProto$Builder
2024-11-12 13:43:06,941 INFO  EvoClassLoader - Seeing class for first time: org.apache.hadoop.hdfs.protocol.proto.ClientNamenodeProtocolProtos$AllowSnapshotResponseProto$1
2024-11-12 13:43:06,941 INFO  EvoClassLoader - Instrumenting class 'org.apache.hadoop.hdfs.protocol.proto.ClientNamenodeProtocolProtos$AllowSnapshotResponseProto$1'.
2024-11-12 13:43:06,942 INFO  MethodCallReplacementClassAdapter - Adding mock interface to class org/apache/hadoop/hdfs/protocol/proto/ClientNamenodeProtocolProtos$AllowSnapshotResponseProto$1
2024-11-12 13:43:06,948 INFO  EvoClassLoader - Keeping class: org.apache.hadoop.hdfs.protocol.proto.ClientNamenodeProtocolProtos$AllowSnapshotResponseProto$1
2024-11-12 13:43:06,949 INFO  EvoClassLoader - Seeing class for first time: org.apache.hadoop.hdfs.protocol.proto.ClientNamenodeProtocolProtos$AllowSnapshotResponseProto$Builder
2024-11-12 13:43:06,949 INFO  EvoClassLoader - Instrumenting class 'org.apache.hadoop.hdfs.protocol.proto.ClientNamenodeProtocolProtos$AllowSnapshotResponseProto$Builder'.
2024-11-12 13:43:06,949 INFO  MethodCallReplacementClassAdapter - Adding mock interface to class org/apache/hadoop/hdfs/protocol/proto/ClientNamenodeProtocolProtos$AllowSnapshotResponseProto$Builder
2024-11-12 13:43:06,951 INFO  CreateClassResetClassAdapter - Creating brand-new static initializer in class org/apache/hadoop/hdfs/protocol/proto/ClientNamenodeProtocolProtos$AllowSnapshotResponseProto$Builder
2024-11-12 13:43:06,951 INFO  EvoClassLoader - Keeping class: org.apache.hadoop.hdfs.protocol.proto.ClientNamenodeProtocolProtos$AllowSnapshotResponseProto$Builder
2024-11-12 13:43:06,952 INFO  EvoClassLoader - Seeing class for first time: org.apache.hadoop.hdfs.protocol.proto.ClientNamenodeProtocolProtos$DisallowSnapshotResponseProto$1
2024-11-12 13:43:06,952 INFO  EvoClassLoader - Instrumenting class 'org.apache.hadoop.hdfs.protocol.proto.ClientNamenodeProtocolProtos$DisallowSnapshotResponseProto$1'.
2024-11-12 13:43:06,952 INFO  MethodCallReplacementClassAdapter - Adding mock interface to class org/apache/hadoop/hdfs/protocol/proto/ClientNamenodeProtocolProtos$DisallowSnapshotResponseProto$1
2024-11-12 13:43:06,953 INFO  EvoClassLoader - Keeping class: org.apache.hadoop.hdfs.protocol.proto.ClientNamenodeProtocolProtos$DisallowSnapshotResponseProto$1
2024-11-12 13:43:06,953 INFO  EvoClassLoader - Seeing class for first time: org.apache.hadoop.hdfs.protocol.proto.ClientNamenodeProtocolProtos$DisallowSnapshotResponseProto$Builder
2024-11-12 13:43:06,953 INFO  EvoClassLoader - Instrumenting class 'org.apache.hadoop.hdfs.protocol.proto.ClientNamenodeProtocolProtos$DisallowSnapshotResponseProto$Builder'.
2024-11-12 13:43:06,954 INFO  MethodCallReplacementClassAdapter - Adding mock interface to class org/apache/hadoop/hdfs/protocol/proto/ClientNamenodeProtocolProtos$DisallowSnapshotResponseProto$Builder
2024-11-12 13:43:06,955 INFO  CreateClassResetClassAdapter - Creating brand-new static initializer in class org/apache/hadoop/hdfs/protocol/proto/ClientNamenodeProtocolProtos$DisallowSnapshotResponseProto$Builder
2024-11-12 13:43:06,956 INFO  EvoClassLoader - Keeping class: org.apache.hadoop.hdfs.protocol.proto.ClientNamenodeProtocolProtos$DisallowSnapshotResponseProto$Builder
2024-11-12 13:43:06,956 INFO  EvoClassLoader - Seeing class for first time: org.apache.hadoop.hdfs.protocol.proto.ClientNamenodeProtocolProtos$GetSnapshottableDirListingResponseProto$1
2024-11-12 13:43:06,956 INFO  EvoClassLoader - Instrumenting class 'org.apache.hadoop.hdfs.protocol.proto.ClientNamenodeProtocolProtos$GetSnapshottableDirListingResponseProto$1'.
2024-11-12 13:43:06,957 INFO  MethodCallReplacementClassAdapter - Adding mock interface to class org/apache/hadoop/hdfs/protocol/proto/ClientNamenodeProtocolProtos$GetSnapshottableDirListingResponseProto$1
2024-11-12 13:43:06,957 INFO  EvoClassLoader - Keeping class: org.apache.hadoop.hdfs.protocol.proto.ClientNamenodeProtocolProtos$GetSnapshottableDirListingResponseProto$1
2024-11-12 13:43:06,957 INFO  EvoClassLoader - Seeing class for first time: org.apache.hadoop.hdfs.protocol.proto.ClientNamenodeProtocolProtos$GetSnapshottableDirListingResponseProto
2024-11-12 13:43:06,957 INFO  EvoClassLoader - Instrumenting class 'org.apache.hadoop.hdfs.protocol.proto.ClientNamenodeProtocolProtos$GetSnapshottableDirListingResponseProto'.
2024-11-12 13:43:06,958 INFO  MethodCallReplacementClassAdapter - Adding mock interface to class org/apache/hadoop/hdfs/protocol/proto/ClientNamenodeProtocolProtos$GetSnapshottableDirListingResponseProto
2024-11-12 13:43:06,958 INFO  CreateClassResetClassAdapter - Found static initializer in class org/apache/hadoop/hdfs/protocol/proto/ClientNamenodeProtocolProtos$GetSnapshottableDirListingResponseProto
2024-11-12 13:43:06,959 INFO  EvoClassLoader - Seeing class for first time: org.apache.hadoop.hdfs.protocol.proto.ClientNamenodeProtocolProtos$GetSnapshottableDirListingResponseProtoOrBuilder
2024-11-12 13:43:06,959 INFO  EvoClassLoader - Instrumenting class 'org.apache.hadoop.hdfs.protocol.proto.ClientNamenodeProtocolProtos$GetSnapshottableDirListingResponseProtoOrBuilder'.
2024-11-12 13:43:06,960 INFO  EvoClassLoader - Keeping class: org.apache.hadoop.hdfs.protocol.proto.ClientNamenodeProtocolProtos$GetSnapshottableDirListingResponseProtoOrBuilder
2024-11-12 13:43:06,960 INFO  EvoClassLoader - Keeping class: org.apache.hadoop.hdfs.protocol.proto.ClientNamenodeProtocolProtos$GetSnapshottableDirListingResponseProto
2024-11-12 13:43:06,960 INFO  EvoClassLoader - Seeing class for first time: org.apache.hadoop.hdfs.protocol.proto.ClientNamenodeProtocolProtos$RenameSnapshotRequestProto
2024-11-12 13:43:06,960 INFO  EvoClassLoader - Instrumenting class 'org.apache.hadoop.hdfs.protocol.proto.ClientNamenodeProtocolProtos$RenameSnapshotRequestProto'.
2024-11-12 13:43:06,961 INFO  MethodCallReplacementClassAdapter - Adding mock interface to class org/apache/hadoop/hdfs/protocol/proto/ClientNamenodeProtocolProtos$RenameSnapshotRequestProto
2024-11-12 13:43:06,961 INFO  CreateClassResetClassAdapter - Found static initializer in class org/apache/hadoop/hdfs/protocol/proto/ClientNamenodeProtocolProtos$RenameSnapshotRequestProto
2024-11-12 13:43:06,962 INFO  EvoClassLoader - Seeing class for first time: org.apache.hadoop.hdfs.protocol.proto.ClientNamenodeProtocolProtos$RenameSnapshotRequestProtoOrBuilder
2024-11-12 13:43:06,962 INFO  EvoClassLoader - Instrumenting class 'org.apache.hadoop.hdfs.protocol.proto.ClientNamenodeProtocolProtos$RenameSnapshotRequestProtoOrBuilder'.
2024-11-12 13:43:06,962 INFO  EvoClassLoader - Keeping class: org.apache.hadoop.hdfs.protocol.proto.ClientNamenodeProtocolProtos$RenameSnapshotRequestProtoOrBuilder
2024-11-12 13:43:06,963 INFO  EvoClassLoader - Keeping class: org.apache.hadoop.hdfs.protocol.proto.ClientNamenodeProtocolProtos$RenameSnapshotRequestProto
2024-11-12 13:43:06,963 INFO  EvoClassLoader - Seeing class for first time: org.apache.hadoop.hdfs.protocol.proto.ClientNamenodeProtocolProtos$CreateSnapshotResponseProto
2024-11-12 13:43:06,963 INFO  EvoClassLoader - Instrumenting class 'org.apache.hadoop.hdfs.protocol.proto.ClientNamenodeProtocolProtos$CreateSnapshotResponseProto'.
2024-11-12 13:43:06,963 INFO  MethodCallReplacementClassAdapter - Adding mock interface to class org/apache/hadoop/hdfs/protocol/proto/ClientNamenodeProtocolProtos$CreateSnapshotResponseProto
2024-11-12 13:43:06,964 INFO  CreateClassResetClassAdapter - Found static initializer in class org/apache/hadoop/hdfs/protocol/proto/ClientNamenodeProtocolProtos$CreateSnapshotResponseProto
2024-11-12 13:43:06,964 INFO  EvoClassLoader - Seeing class for first time: org.apache.hadoop.hdfs.protocol.proto.ClientNamenodeProtocolProtos$CreateSnapshotResponseProtoOrBuilder
2024-11-12 13:43:06,964 INFO  EvoClassLoader - Instrumenting class 'org.apache.hadoop.hdfs.protocol.proto.ClientNamenodeProtocolProtos$CreateSnapshotResponseProtoOrBuilder'.
2024-11-12 13:43:06,965 INFO  EvoClassLoader - Keeping class: org.apache.hadoop.hdfs.protocol.proto.ClientNamenodeProtocolProtos$CreateSnapshotResponseProtoOrBuilder
2024-11-12 13:43:06,965 INFO  EvoClassLoader - Keeping class: org.apache.hadoop.hdfs.protocol.proto.ClientNamenodeProtocolProtos$CreateSnapshotResponseProto
2024-11-12 13:43:06,965 INFO  EvoClassLoader - Seeing class for first time: org.apache.hadoop.hdfs.protocol.proto.ClientNamenodeProtocolProtos$CreateSnapshotRequestProto
2024-11-12 13:43:06,965 INFO  EvoClassLoader - Instrumenting class 'org.apache.hadoop.hdfs.protocol.proto.ClientNamenodeProtocolProtos$CreateSnapshotRequestProto'.
2024-11-12 13:43:06,966 INFO  MethodCallReplacementClassAdapter - Adding mock interface to class org/apache/hadoop/hdfs/protocol/proto/ClientNamenodeProtocolProtos$CreateSnapshotRequestProto
2024-11-12 13:43:06,966 INFO  CreateClassResetClassAdapter - Found static initializer in class org/apache/hadoop/hdfs/protocol/proto/ClientNamenodeProtocolProtos$CreateSnapshotRequestProto
2024-11-12 13:43:06,967 INFO  EvoClassLoader - Seeing class for first time: org.apache.hadoop.hdfs.protocol.proto.ClientNamenodeProtocolProtos$CreateSnapshotRequestProtoOrBuilder
2024-11-12 13:43:06,967 INFO  EvoClassLoader - Instrumenting class 'org.apache.hadoop.hdfs.protocol.proto.ClientNamenodeProtocolProtos$CreateSnapshotRequestProtoOrBuilder'.
2024-11-12 13:43:06,967 INFO  EvoClassLoader - Keeping class: org.apache.hadoop.hdfs.protocol.proto.ClientNamenodeProtocolProtos$CreateSnapshotRequestProtoOrBuilder
2024-11-12 13:43:06,967 INFO  EvoClassLoader - Keeping class: org.apache.hadoop.hdfs.protocol.proto.ClientNamenodeProtocolProtos$CreateSnapshotRequestProto
2024-11-12 13:43:06,967 INFO  EvoClassLoader - Seeing class for first time: org.apache.hadoop.hdfs.protocol.proto.ClientNamenodeProtocolProtos$GetDataEncryptionKeyResponseProto
2024-11-12 13:43:06,967 INFO  EvoClassLoader - Instrumenting class 'org.apache.hadoop.hdfs.protocol.proto.ClientNamenodeProtocolProtos$GetDataEncryptionKeyResponseProto'.
2024-11-12 13:43:06,968 INFO  MethodCallReplacementClassAdapter - Adding mock interface to class org/apache/hadoop/hdfs/protocol/proto/ClientNamenodeProtocolProtos$GetDataEncryptionKeyResponseProto
2024-11-12 13:43:06,968 INFO  CreateClassResetClassAdapter - Found static initializer in class org/apache/hadoop/hdfs/protocol/proto/ClientNamenodeProtocolProtos$GetDataEncryptionKeyResponseProto
2024-11-12 13:43:06,968 INFO  EvoClassLoader - Seeing class for first time: org.apache.hadoop.hdfs.protocol.proto.ClientNamenodeProtocolProtos$GetDataEncryptionKeyResponseProtoOrBuilder
2024-11-12 13:43:06,968 INFO  EvoClassLoader - Instrumenting class 'org.apache.hadoop.hdfs.protocol.proto.ClientNamenodeProtocolProtos$GetDataEncryptionKeyResponseProtoOrBuilder'.
2024-11-12 13:43:06,969 INFO  EvoClassLoader - Keeping class: org.apache.hadoop.hdfs.protocol.proto.ClientNamenodeProtocolProtos$GetDataEncryptionKeyResponseProtoOrBuilder
2024-11-12 13:43:06,969 INFO  EvoClassLoader - Keeping class: org.apache.hadoop.hdfs.protocol.proto.ClientNamenodeProtocolProtos$GetDataEncryptionKeyResponseProto
2024-11-12 13:43:06,969 INFO  EvoClassLoader - Seeing class for first time: org.apache.hadoop.hdfs.protocol.proto.ClientNamenodeProtocolProtos$GetDataEncryptionKeyRequestProto
2024-11-12 13:43:06,969 INFO  EvoClassLoader - Instrumenting class 'org.apache.hadoop.hdfs.protocol.proto.ClientNamenodeProtocolProtos$GetDataEncryptionKeyRequestProto'.
2024-11-12 13:43:06,969 INFO  MethodCallReplacementClassAdapter - Adding mock interface to class org/apache/hadoop/hdfs/protocol/proto/ClientNamenodeProtocolProtos$GetDataEncryptionKeyRequestProto
2024-11-12 13:43:06,969 INFO  CreateClassResetClassAdapter - Found static initializer in class org/apache/hadoop/hdfs/protocol/proto/ClientNamenodeProtocolProtos$GetDataEncryptionKeyRequestProto
2024-11-12 13:43:06,970 INFO  EvoClassLoader - Seeing class for first time: org.apache.hadoop.hdfs.protocol.proto.ClientNamenodeProtocolProtos$GetDataEncryptionKeyRequestProtoOrBuilder
2024-11-12 13:43:06,970 INFO  EvoClassLoader - Instrumenting class 'org.apache.hadoop.hdfs.protocol.proto.ClientNamenodeProtocolProtos$GetDataEncryptionKeyRequestProtoOrBuilder'.
2024-11-12 13:43:06,970 INFO  EvoClassLoader - Keeping class: org.apache.hadoop.hdfs.protocol.proto.ClientNamenodeProtocolProtos$GetDataEncryptionKeyRequestProtoOrBuilder
2024-11-12 13:43:06,970 INFO  EvoClassLoader - Keeping class: org.apache.hadoop.hdfs.protocol.proto.ClientNamenodeProtocolProtos$GetDataEncryptionKeyRequestProto
2024-11-12 13:43:06,970 INFO  EvoClassLoader - Seeing class for first time: org.apache.hadoop.hdfs.protocol.proto.ClientNamenodeProtocolProtos$SetBalancerBandwidthResponseProto
2024-11-12 13:43:06,970 INFO  EvoClassLoader - Instrumenting class 'org.apache.hadoop.hdfs.protocol.proto.ClientNamenodeProtocolProtos$SetBalancerBandwidthResponseProto'.
2024-11-12 13:43:06,970 INFO  MethodCallReplacementClassAdapter - Adding mock interface to class org/apache/hadoop/hdfs/protocol/proto/ClientNamenodeProtocolProtos$SetBalancerBandwidthResponseProto
2024-11-12 13:43:06,970 INFO  CreateClassResetClassAdapter - Found static initializer in class org/apache/hadoop/hdfs/protocol/proto/ClientNamenodeProtocolProtos$SetBalancerBandwidthResponseProto
2024-11-12 13:43:06,970 INFO  EvoClassLoader - Seeing class for first time: org.apache.hadoop.hdfs.protocol.proto.ClientNamenodeProtocolProtos$SetBalancerBandwidthResponseProtoOrBuilder
2024-11-12 13:43:06,970 INFO  EvoClassLoader - Instrumenting class 'org.apache.hadoop.hdfs.protocol.proto.ClientNamenodeProtocolProtos$SetBalancerBandwidthResponseProtoOrBuilder'.
2024-11-12 13:43:06,971 INFO  EvoClassLoader - Keeping class: org.apache.hadoop.hdfs.protocol.proto.ClientNamenodeProtocolProtos$SetBalancerBandwidthResponseProtoOrBuilder
2024-11-12 13:43:06,971 INFO  EvoClassLoader - Keeping class: org.apache.hadoop.hdfs.protocol.proto.ClientNamenodeProtocolProtos$SetBalancerBandwidthResponseProto
2024-11-12 13:43:06,971 INFO  EvoClassLoader - Seeing class for first time: org.apache.hadoop.hdfs.protocol.proto.ClientNamenodeProtocolProtos$SetBalancerBandwidthRequestProto
2024-11-12 13:43:06,971 INFO  EvoClassLoader - Instrumenting class 'org.apache.hadoop.hdfs.protocol.proto.ClientNamenodeProtocolProtos$SetBalancerBandwidthRequestProto'.
2024-11-12 13:43:06,971 INFO  MethodCallReplacementClassAdapter - Adding mock interface to class org/apache/hadoop/hdfs/protocol/proto/ClientNamenodeProtocolProtos$SetBalancerBandwidthRequestProto
2024-11-12 13:43:06,971 INFO  CreateClassResetClassAdapter - Found static initializer in class org/apache/hadoop/hdfs/protocol/proto/ClientNamenodeProtocolProtos$SetBalancerBandwidthRequestProto
2024-11-12 13:43:06,972 INFO  EvoClassLoader - Seeing class for first time: org.apache.hadoop.hdfs.protocol.proto.ClientNamenodeProtocolProtos$SetBalancerBandwidthRequestProtoOrBuilder
2024-11-12 13:43:06,972 INFO  EvoClassLoader - Instrumenting class 'org.apache.hadoop.hdfs.protocol.proto.ClientNamenodeProtocolProtos$SetBalancerBandwidthRequestProtoOrBuilder'.
2024-11-12 13:43:06,972 INFO  EvoClassLoader - Keeping class: org.apache.hadoop.hdfs.protocol.proto.ClientNamenodeProtocolProtos$SetBalancerBandwidthRequestProtoOrBuilder
2024-11-12 13:43:06,972 INFO  EvoClassLoader - Keeping class: org.apache.hadoop.hdfs.protocol.proto.ClientNamenodeProtocolProtos$SetBalancerBandwidthRequestProto
2024-11-12 13:43:06,972 INFO  EvoClassLoader - Seeing class for first time: org.apache.hadoop.hdfs.protocol.proto.ClientNamenodeProtocolProtos$UpdatePipelineResponseProto
2024-11-12 13:43:06,972 INFO  EvoClassLoader - Instrumenting class 'org.apache.hadoop.hdfs.protocol.proto.ClientNamenodeProtocolProtos$UpdatePipelineResponseProto'.
2024-11-12 13:43:06,972 INFO  MethodCallReplacementClassAdapter - Adding mock interface to class org/apache/hadoop/hdfs/protocol/proto/ClientNamenodeProtocolProtos$UpdatePipelineResponseProto
2024-11-12 13:43:06,972 INFO  CreateClassResetClassAdapter - Found static initializer in class org/apache/hadoop/hdfs/protocol/proto/ClientNamenodeProtocolProtos$UpdatePipelineResponseProto
2024-11-12 13:43:06,972 INFO  EvoClassLoader - Seeing class for first time: org.apache.hadoop.hdfs.protocol.proto.ClientNamenodeProtocolProtos$UpdatePipelineResponseProtoOrBuilder
2024-11-12 13:43:06,972 INFO  EvoClassLoader - Instrumenting class 'org.apache.hadoop.hdfs.protocol.proto.ClientNamenodeProtocolProtos$UpdatePipelineResponseProtoOrBuilder'.
2024-11-12 13:43:06,973 INFO  EvoClassLoader - Keeping class: org.apache.hadoop.hdfs.protocol.proto.ClientNamenodeProtocolProtos$UpdatePipelineResponseProtoOrBuilder
2024-11-12 13:43:06,973 INFO  EvoClassLoader - Keeping class: org.apache.hadoop.hdfs.protocol.proto.ClientNamenodeProtocolProtos$UpdatePipelineResponseProto
2024-11-12 13:43:06,973 INFO  EvoClassLoader - Seeing class for first time: org.apache.hadoop.hdfs.protocol.proto.ClientNamenodeProtocolProtos$UpdatePipelineRequestProto
2024-11-12 13:43:06,973 INFO  EvoClassLoader - Instrumenting class 'org.apache.hadoop.hdfs.protocol.proto.ClientNamenodeProtocolProtos$UpdatePipelineRequestProto'.
2024-11-12 13:43:06,973 INFO  MethodCallReplacementClassAdapter - Adding mock interface to class org/apache/hadoop/hdfs/protocol/proto/ClientNamenodeProtocolProtos$UpdatePipelineRequestProto
2024-11-12 13:43:06,973 INFO  CreateClassResetClassAdapter - Found static initializer in class org/apache/hadoop/hdfs/protocol/proto/ClientNamenodeProtocolProtos$UpdatePipelineRequestProto
2024-11-12 13:43:06,974 INFO  EvoClassLoader - Seeing class for first time: org.apache.hadoop.hdfs.protocol.proto.ClientNamenodeProtocolProtos$UpdatePipelineRequestProtoOrBuilder
2024-11-12 13:43:06,974 INFO  EvoClassLoader - Instrumenting class 'org.apache.hadoop.hdfs.protocol.proto.ClientNamenodeProtocolProtos$UpdatePipelineRequestProtoOrBuilder'.
2024-11-12 13:43:06,974 INFO  EvoClassLoader - Keeping class: org.apache.hadoop.hdfs.protocol.proto.ClientNamenodeProtocolProtos$UpdatePipelineRequestProtoOrBuilder
2024-11-12 13:43:06,974 INFO  EvoClassLoader - Keeping class: org.apache.hadoop.hdfs.protocol.proto.ClientNamenodeProtocolProtos$UpdatePipelineRequestProto
2024-11-12 13:43:06,974 INFO  EvoClassLoader - Seeing class for first time: org.apache.hadoop.hdfs.protocol.proto.ClientNamenodeProtocolProtos$UpdateBlockForPipelineResponseProto
2024-11-12 13:43:06,974 INFO  EvoClassLoader - Instrumenting class 'org.apache.hadoop.hdfs.protocol.proto.ClientNamenodeProtocolProtos$UpdateBlockForPipelineResponseProto'.
2024-11-12 13:43:06,974 INFO  MethodCallReplacementClassAdapter - Adding mock interface to class org/apache/hadoop/hdfs/protocol/proto/ClientNamenodeProtocolProtos$UpdateBlockForPipelineResponseProto
2024-11-12 13:43:06,975 INFO  CreateClassResetClassAdapter - Found static initializer in class org/apache/hadoop/hdfs/protocol/proto/ClientNamenodeProtocolProtos$UpdateBlockForPipelineResponseProto
2024-11-12 13:43:06,975 INFO  EvoClassLoader - Seeing class for first time: org.apache.hadoop.hdfs.protocol.proto.ClientNamenodeProtocolProtos$UpdateBlockForPipelineResponseProtoOrBuilder
2024-11-12 13:43:06,975 INFO  EvoClassLoader - Instrumenting class 'org.apache.hadoop.hdfs.protocol.proto.ClientNamenodeProtocolProtos$UpdateBlockForPipelineResponseProtoOrBuilder'.
2024-11-12 13:43:06,975 INFO  EvoClassLoader - Keeping class: org.apache.hadoop.hdfs.protocol.proto.ClientNamenodeProtocolProtos$UpdateBlockForPipelineResponseProtoOrBuilder
2024-11-12 13:43:06,975 INFO  EvoClassLoader - Keeping class: org.apache.hadoop.hdfs.protocol.proto.ClientNamenodeProtocolProtos$UpdateBlockForPipelineResponseProto
2024-11-12 13:43:06,975 INFO  EvoClassLoader - Seeing class for first time: org.apache.hadoop.hdfs.protocol.proto.ClientNamenodeProtocolProtos$UpdateBlockForPipelineRequestProto
2024-11-12 13:43:06,975 INFO  EvoClassLoader - Instrumenting class 'org.apache.hadoop.hdfs.protocol.proto.ClientNamenodeProtocolProtos$UpdateBlockForPipelineRequestProto'.
2024-11-12 13:43:06,975 INFO  MethodCallReplacementClassAdapter - Adding mock interface to class org/apache/hadoop/hdfs/protocol/proto/ClientNamenodeProtocolProtos$UpdateBlockForPipelineRequestProto
2024-11-12 13:43:06,976 INFO  CreateClassResetClassAdapter - Found static initializer in class org/apache/hadoop/hdfs/protocol/proto/ClientNamenodeProtocolProtos$UpdateBlockForPipelineRequestProto
2024-11-12 13:43:06,976 INFO  EvoClassLoader - Seeing class for first time: org.apache.hadoop.hdfs.protocol.proto.ClientNamenodeProtocolProtos$UpdateBlockForPipelineRequestProtoOrBuilder
2024-11-12 13:43:06,976 INFO  EvoClassLoader - Instrumenting class 'org.apache.hadoop.hdfs.protocol.proto.ClientNamenodeProtocolProtos$UpdateBlockForPipelineRequestProtoOrBuilder'.
2024-11-12 13:43:06,976 INFO  EvoClassLoader - Keeping class: org.apache.hadoop.hdfs.protocol.proto.ClientNamenodeProtocolProtos$UpdateBlockForPipelineRequestProtoOrBuilder
2024-11-12 13:43:06,976 INFO  EvoClassLoader - Keeping class: org.apache.hadoop.hdfs.protocol.proto.ClientNamenodeProtocolProtos$UpdateBlockForPipelineRequestProto
2024-11-12 13:43:06,976 INFO  EvoClassLoader - Seeing class for first time: org.apache.hadoop.hdfs.protocol.proto.ClientNamenodeProtocolProtos$GetLinkTargetResponseProto
2024-11-12 13:43:06,976 INFO  EvoClassLoader - Instrumenting class 'org.apache.hadoop.hdfs.protocol.proto.ClientNamenodeProtocolProtos$GetLinkTargetResponseProto'.
2024-11-12 13:43:06,977 INFO  MethodCallReplacementClassAdapter - Adding mock interface to class org/apache/hadoop/hdfs/protocol/proto/ClientNamenodeProtocolProtos$GetLinkTargetResponseProto
2024-11-12 13:43:06,977 INFO  CreateClassResetClassAdapter - Found static initializer in class org/apache/hadoop/hdfs/protocol/proto/ClientNamenodeProtocolProtos$GetLinkTargetResponseProto
2024-11-12 13:43:06,977 INFO  EvoClassLoader - Seeing class for first time: org.apache.hadoop.hdfs.protocol.proto.ClientNamenodeProtocolProtos$GetLinkTargetResponseProtoOrBuilder
2024-11-12 13:43:06,977 INFO  EvoClassLoader - Instrumenting class 'org.apache.hadoop.hdfs.protocol.proto.ClientNamenodeProtocolProtos$GetLinkTargetResponseProtoOrBuilder'.
2024-11-12 13:43:06,977 INFO  EvoClassLoader - Keeping class: org.apache.hadoop.hdfs.protocol.proto.ClientNamenodeProtocolProtos$GetLinkTargetResponseProtoOrBuilder
2024-11-12 13:43:06,977 INFO  EvoClassLoader - Keeping class: org.apache.hadoop.hdfs.protocol.proto.ClientNamenodeProtocolProtos$GetLinkTargetResponseProto
2024-11-12 13:43:06,977 INFO  EvoClassLoader - Seeing class for first time: org.apache.hadoop.hdfs.protocol.proto.ClientNamenodeProtocolProtos$GetLinkTargetRequestProto
2024-11-12 13:43:06,977 INFO  EvoClassLoader - Instrumenting class 'org.apache.hadoop.hdfs.protocol.proto.ClientNamenodeProtocolProtos$GetLinkTargetRequestProto'.
2024-11-12 13:43:06,977 INFO  MethodCallReplacementClassAdapter - Adding mock interface to class org/apache/hadoop/hdfs/protocol/proto/ClientNamenodeProtocolProtos$GetLinkTargetRequestProto
2024-11-12 13:43:06,978 INFO  CreateClassResetClassAdapter - Found static initializer in class org/apache/hadoop/hdfs/protocol/proto/ClientNamenodeProtocolProtos$GetLinkTargetRequestProto
2024-11-12 13:43:06,978 INFO  EvoClassLoader - Seeing class for first time: org.apache.hadoop.hdfs.protocol.proto.ClientNamenodeProtocolProtos$GetLinkTargetRequestProtoOrBuilder
2024-11-12 13:43:06,978 INFO  EvoClassLoader - Instrumenting class 'org.apache.hadoop.hdfs.protocol.proto.ClientNamenodeProtocolProtos$GetLinkTargetRequestProtoOrBuilder'.
2024-11-12 13:43:06,978 INFO  EvoClassLoader - Keeping class: org.apache.hadoop.hdfs.protocol.proto.ClientNamenodeProtocolProtos$GetLinkTargetRequestProtoOrBuilder
2024-11-12 13:43:06,978 INFO  EvoClassLoader - Keeping class: org.apache.hadoop.hdfs.protocol.proto.ClientNamenodeProtocolProtos$GetLinkTargetRequestProto
2024-11-12 13:43:06,978 INFO  EvoClassLoader - Seeing class for first time: org.apache.hadoop.hdfs.protocol.proto.ClientNamenodeProtocolProtos$CreateSymlinkResponseProto
2024-11-12 13:43:06,978 INFO  EvoClassLoader - Instrumenting class 'org.apache.hadoop.hdfs.protocol.proto.ClientNamenodeProtocolProtos$CreateSymlinkResponseProto'.
2024-11-12 13:43:06,978 INFO  MethodCallReplacementClassAdapter - Adding mock interface to class org/apache/hadoop/hdfs/protocol/proto/ClientNamenodeProtocolProtos$CreateSymlinkResponseProto
2024-11-12 13:43:06,978 INFO  CreateClassResetClassAdapter - Found static initializer in class org/apache/hadoop/hdfs/protocol/proto/ClientNamenodeProtocolProtos$CreateSymlinkResponseProto
2024-11-12 13:43:06,979 INFO  EvoClassLoader - Seeing class for first time: org.apache.hadoop.hdfs.protocol.proto.ClientNamenodeProtocolProtos$CreateSymlinkResponseProtoOrBuilder
2024-11-12 13:43:06,979 INFO  EvoClassLoader - Instrumenting class 'org.apache.hadoop.hdfs.protocol.proto.ClientNamenodeProtocolProtos$CreateSymlinkResponseProtoOrBuilder'.
2024-11-12 13:43:06,979 INFO  EvoClassLoader - Keeping class: org.apache.hadoop.hdfs.protocol.proto.ClientNamenodeProtocolProtos$CreateSymlinkResponseProtoOrBuilder
2024-11-12 13:43:06,979 INFO  EvoClassLoader - Keeping class: org.apache.hadoop.hdfs.protocol.proto.ClientNamenodeProtocolProtos$CreateSymlinkResponseProto
2024-11-12 13:43:06,979 INFO  EvoClassLoader - Seeing class for first time: org.apache.hadoop.hdfs.protocol.proto.ClientNamenodeProtocolProtos$CreateSymlinkRequestProto
2024-11-12 13:43:06,979 INFO  EvoClassLoader - Instrumenting class 'org.apache.hadoop.hdfs.protocol.proto.ClientNamenodeProtocolProtos$CreateSymlinkRequestProto'.
2024-11-12 13:43:06,979 INFO  MethodCallReplacementClassAdapter - Adding mock interface to class org/apache/hadoop/hdfs/protocol/proto/ClientNamenodeProtocolProtos$CreateSymlinkRequestProto
2024-11-12 13:43:06,980 INFO  CreateClassResetClassAdapter - Found static initializer in class org/apache/hadoop/hdfs/protocol/proto/ClientNamenodeProtocolProtos$CreateSymlinkRequestProto
2024-11-12 13:43:06,980 INFO  EvoClassLoader - Seeing class for first time: org.apache.hadoop.hdfs.protocol.proto.ClientNamenodeProtocolProtos$CreateSymlinkRequestProtoOrBuilder
2024-11-12 13:43:06,980 INFO  EvoClassLoader - Instrumenting class 'org.apache.hadoop.hdfs.protocol.proto.ClientNamenodeProtocolProtos$CreateSymlinkRequestProtoOrBuilder'.
2024-11-12 13:43:06,980 INFO  EvoClassLoader - Keeping class: org.apache.hadoop.hdfs.protocol.proto.ClientNamenodeProtocolProtos$CreateSymlinkRequestProtoOrBuilder
2024-11-12 13:43:06,980 INFO  EvoClassLoader - Keeping class: org.apache.hadoop.hdfs.protocol.proto.ClientNamenodeProtocolProtos$CreateSymlinkRequestProto
2024-11-12 13:43:06,980 INFO  EvoClassLoader - Seeing class for first time: org.apache.hadoop.hdfs.protocol.proto.ClientNamenodeProtocolProtos$SetTimesResponseProto
2024-11-12 13:43:06,980 INFO  EvoClassLoader - Instrumenting class 'org.apache.hadoop.hdfs.protocol.proto.ClientNamenodeProtocolProtos$SetTimesResponseProto'.
2024-11-12 13:43:06,980 INFO  MethodCallReplacementClassAdapter - Adding mock interface to class org/apache/hadoop/hdfs/protocol/proto/ClientNamenodeProtocolProtos$SetTimesResponseProto
2024-11-12 13:43:06,981 INFO  CreateClassResetClassAdapter - Found static initializer in class org/apache/hadoop/hdfs/protocol/proto/ClientNamenodeProtocolProtos$SetTimesResponseProto
2024-11-12 13:43:06,981 INFO  EvoClassLoader - Seeing class for first time: org.apache.hadoop.hdfs.protocol.proto.ClientNamenodeProtocolProtos$SetTimesResponseProtoOrBuilder
2024-11-12 13:43:06,981 INFO  EvoClassLoader - Instrumenting class 'org.apache.hadoop.hdfs.protocol.proto.ClientNamenodeProtocolProtos$SetTimesResponseProtoOrBuilder'.
2024-11-12 13:43:06,981 INFO  EvoClassLoader - Keeping class: org.apache.hadoop.hdfs.protocol.proto.ClientNamenodeProtocolProtos$SetTimesResponseProtoOrBuilder
2024-11-12 13:43:06,981 INFO  EvoClassLoader - Keeping class: org.apache.hadoop.hdfs.protocol.proto.ClientNamenodeProtocolProtos$SetTimesResponseProto
2024-11-12 13:43:06,981 INFO  EvoClassLoader - Seeing class for first time: org.apache.hadoop.hdfs.protocol.proto.ClientNamenodeProtocolProtos$SetTimesRequestProto
2024-11-12 13:43:06,981 INFO  EvoClassLoader - Instrumenting class 'org.apache.hadoop.hdfs.protocol.proto.ClientNamenodeProtocolProtos$SetTimesRequestProto'.
2024-11-12 13:43:06,981 INFO  MethodCallReplacementClassAdapter - Adding mock interface to class org/apache/hadoop/hdfs/protocol/proto/ClientNamenodeProtocolProtos$SetTimesRequestProto
2024-11-12 13:43:06,982 INFO  CreateClassResetClassAdapter - Found static initializer in class org/apache/hadoop/hdfs/protocol/proto/ClientNamenodeProtocolProtos$SetTimesRequestProto
2024-11-12 13:43:06,982 INFO  EvoClassLoader - Seeing class for first time: org.apache.hadoop.hdfs.protocol.proto.ClientNamenodeProtocolProtos$SetTimesRequestProtoOrBuilder
2024-11-12 13:43:06,982 INFO  EvoClassLoader - Instrumenting class 'org.apache.hadoop.hdfs.protocol.proto.ClientNamenodeProtocolProtos$SetTimesRequestProtoOrBuilder'.
2024-11-12 13:43:06,983 INFO  EvoClassLoader - Keeping class: org.apache.hadoop.hdfs.protocol.proto.ClientNamenodeProtocolProtos$SetTimesRequestProtoOrBuilder
2024-11-12 13:43:06,983 INFO  EvoClassLoader - Keeping class: org.apache.hadoop.hdfs.protocol.proto.ClientNamenodeProtocolProtos$SetTimesRequestProto
2024-11-12 13:43:06,983 INFO  EvoClassLoader - Seeing class for first time: org.apache.hadoop.hdfs.protocol.proto.ClientNamenodeProtocolProtos$FsyncResponseProto
2024-11-12 13:43:06,983 INFO  EvoClassLoader - Instrumenting class 'org.apache.hadoop.hdfs.protocol.proto.ClientNamenodeProtocolProtos$FsyncResponseProto'.
2024-11-12 13:43:06,983 INFO  MethodCallReplacementClassAdapter - Adding mock interface to class org/apache/hadoop/hdfs/protocol/proto/ClientNamenodeProtocolProtos$FsyncResponseProto
2024-11-12 13:43:06,984 INFO  CreateClassResetClassAdapter - Found static initializer in class org/apache/hadoop/hdfs/protocol/proto/ClientNamenodeProtocolProtos$FsyncResponseProto
2024-11-12 13:43:06,984 INFO  EvoClassLoader - Seeing class for first time: org.apache.hadoop.hdfs.protocol.proto.ClientNamenodeProtocolProtos$FsyncResponseProtoOrBuilder
2024-11-12 13:43:06,984 INFO  EvoClassLoader - Instrumenting class 'org.apache.hadoop.hdfs.protocol.proto.ClientNamenodeProtocolProtos$FsyncResponseProtoOrBuilder'.
2024-11-12 13:43:06,984 INFO  EvoClassLoader - Keeping class: org.apache.hadoop.hdfs.protocol.proto.ClientNamenodeProtocolProtos$FsyncResponseProtoOrBuilder
2024-11-12 13:43:06,984 INFO  EvoClassLoader - Keeping class: org.apache.hadoop.hdfs.protocol.proto.ClientNamenodeProtocolProtos$FsyncResponseProto
2024-11-12 13:43:06,985 INFO  EvoClassLoader - Seeing class for first time: org.apache.hadoop.hdfs.protocol.proto.ClientNamenodeProtocolProtos$FsyncRequestProto
2024-11-12 13:43:06,985 INFO  EvoClassLoader - Instrumenting class 'org.apache.hadoop.hdfs.protocol.proto.ClientNamenodeProtocolProtos$FsyncRequestProto'.
2024-11-12 13:43:06,985 INFO  MethodCallReplacementClassAdapter - Adding mock interface to class org/apache/hadoop/hdfs/protocol/proto/ClientNamenodeProtocolProtos$FsyncRequestProto
2024-11-12 13:43:06,985 INFO  CreateClassResetClassAdapter - Found static initializer in class org/apache/hadoop/hdfs/protocol/proto/ClientNamenodeProtocolProtos$FsyncRequestProto
2024-11-12 13:43:06,986 INFO  EvoClassLoader - Seeing class for first time: org.apache.hadoop.hdfs.protocol.proto.ClientNamenodeProtocolProtos$FsyncRequestProtoOrBuilder
2024-11-12 13:43:06,986 INFO  EvoClassLoader - Instrumenting class 'org.apache.hadoop.hdfs.protocol.proto.ClientNamenodeProtocolProtos$FsyncRequestProtoOrBuilder'.
2024-11-12 13:43:06,986 INFO  EvoClassLoader - Keeping class: org.apache.hadoop.hdfs.protocol.proto.ClientNamenodeProtocolProtos$FsyncRequestProtoOrBuilder
2024-11-12 13:43:06,987 INFO  EvoClassLoader - Keeping class: org.apache.hadoop.hdfs.protocol.proto.ClientNamenodeProtocolProtos$FsyncRequestProto
2024-11-12 13:43:06,987 INFO  EvoClassLoader - Seeing class for first time: org.apache.hadoop.hdfs.protocol.proto.ClientNamenodeProtocolProtos$SetQuotaResponseProto
2024-11-12 13:43:06,987 INFO  EvoClassLoader - Instrumenting class 'org.apache.hadoop.hdfs.protocol.proto.ClientNamenodeProtocolProtos$SetQuotaResponseProto'.
2024-11-12 13:43:06,987 INFO  MethodCallReplacementClassAdapter - Adding mock interface to class org/apache/hadoop/hdfs/protocol/proto/ClientNamenodeProtocolProtos$SetQuotaResponseProto
2024-11-12 13:43:06,987 INFO  CreateClassResetClassAdapter - Found static initializer in class org/apache/hadoop/hdfs/protocol/proto/ClientNamenodeProtocolProtos$SetQuotaResponseProto
2024-11-12 13:43:06,987 INFO  EvoClassLoader - Seeing class for first time: org.apache.hadoop.hdfs.protocol.proto.ClientNamenodeProtocolProtos$SetQuotaResponseProtoOrBuilder
2024-11-12 13:43:06,987 INFO  EvoClassLoader - Instrumenting class 'org.apache.hadoop.hdfs.protocol.proto.ClientNamenodeProtocolProtos$SetQuotaResponseProtoOrBuilder'.
2024-11-12 13:43:06,988 INFO  EvoClassLoader - Keeping class: org.apache.hadoop.hdfs.protocol.proto.ClientNamenodeProtocolProtos$SetQuotaResponseProtoOrBuilder
2024-11-12 13:43:06,988 INFO  EvoClassLoader - Keeping class: org.apache.hadoop.hdfs.protocol.proto.ClientNamenodeProtocolProtos$SetQuotaResponseProto
2024-11-12 13:43:06,988 INFO  EvoClassLoader - Seeing class for first time: org.apache.hadoop.hdfs.protocol.proto.ClientNamenodeProtocolProtos$SetQuotaRequestProto
2024-11-12 13:43:06,988 INFO  EvoClassLoader - Instrumenting class 'org.apache.hadoop.hdfs.protocol.proto.ClientNamenodeProtocolProtos$SetQuotaRequestProto'.
2024-11-12 13:43:06,988 INFO  MethodCallReplacementClassAdapter - Adding mock interface to class org/apache/hadoop/hdfs/protocol/proto/ClientNamenodeProtocolProtos$SetQuotaRequestProto
2024-11-12 13:43:06,988 INFO  CreateClassResetClassAdapter - Found static initializer in class org/apache/hadoop/hdfs/protocol/proto/ClientNamenodeProtocolProtos$SetQuotaRequestProto
2024-11-12 13:43:06,989 INFO  EvoClassLoader - Seeing class for first time: org.apache.hadoop.hdfs.protocol.proto.ClientNamenodeProtocolProtos$SetQuotaRequestProtoOrBuilder
2024-11-12 13:43:06,989 INFO  EvoClassLoader - Instrumenting class 'org.apache.hadoop.hdfs.protocol.proto.ClientNamenodeProtocolProtos$SetQuotaRequestProtoOrBuilder'.
2024-11-12 13:43:06,989 INFO  EvoClassLoader - Keeping class: org.apache.hadoop.hdfs.protocol.proto.ClientNamenodeProtocolProtos$SetQuotaRequestProtoOrBuilder
2024-11-12 13:43:06,989 INFO  EvoClassLoader - Keeping class: org.apache.hadoop.hdfs.protocol.proto.ClientNamenodeProtocolProtos$SetQuotaRequestProto
2024-11-12 13:43:06,989 INFO  EvoClassLoader - Seeing class for first time: org.apache.hadoop.hdfs.protocol.proto.ClientNamenodeProtocolProtos$GetQuotaUsageResponseProto
2024-11-12 13:43:06,989 INFO  EvoClassLoader - Instrumenting class 'org.apache.hadoop.hdfs.protocol.proto.ClientNamenodeProtocolProtos$GetQuotaUsageResponseProto'.
2024-11-12 13:43:06,989 INFO  MethodCallReplacementClassAdapter - Adding mock interface to class org/apache/hadoop/hdfs/protocol/proto/ClientNamenodeProtocolProtos$GetQuotaUsageResponseProto
2024-11-12 13:43:06,989 INFO  CreateClassResetClassAdapter - Found static initializer in class org/apache/hadoop/hdfs/protocol/proto/ClientNamenodeProtocolProtos$GetQuotaUsageResponseProto
2024-11-12 13:43:06,990 INFO  EvoClassLoader - Seeing class for first time: org.apache.hadoop.hdfs.protocol.proto.ClientNamenodeProtocolProtos$GetQuotaUsageResponseProtoOrBuilder
2024-11-12 13:43:06,990 INFO  EvoClassLoader - Instrumenting class 'org.apache.hadoop.hdfs.protocol.proto.ClientNamenodeProtocolProtos$GetQuotaUsageResponseProtoOrBuilder'.
2024-11-12 13:43:06,990 INFO  EvoClassLoader - Keeping class: org.apache.hadoop.hdfs.protocol.proto.ClientNamenodeProtocolProtos$GetQuotaUsageResponseProtoOrBuilder
2024-11-12 13:43:06,990 INFO  EvoClassLoader - Keeping class: org.apache.hadoop.hdfs.protocol.proto.ClientNamenodeProtocolProtos$GetQuotaUsageResponseProto
2024-11-12 13:43:06,990 INFO  EvoClassLoader - Seeing class for first time: org.apache.hadoop.hdfs.protocol.proto.ClientNamenodeProtocolProtos$GetQuotaUsageRequestProto
2024-11-12 13:43:06,990 INFO  EvoClassLoader - Instrumenting class 'org.apache.hadoop.hdfs.protocol.proto.ClientNamenodeProtocolProtos$GetQuotaUsageRequestProto'.
2024-11-12 13:43:06,990 INFO  MethodCallReplacementClassAdapter - Adding mock interface to class org/apache/hadoop/hdfs/protocol/proto/ClientNamenodeProtocolProtos$GetQuotaUsageRequestProto
2024-11-12 13:43:06,991 INFO  CreateClassResetClassAdapter - Found static initializer in class org/apache/hadoop/hdfs/protocol/proto/ClientNamenodeProtocolProtos$GetQuotaUsageRequestProto
2024-11-12 13:43:06,991 INFO  EvoClassLoader - Seeing class for first time: org.apache.hadoop.hdfs.protocol.proto.ClientNamenodeProtocolProtos$GetQuotaUsageRequestProtoOrBuilder
2024-11-12 13:43:06,991 INFO  EvoClassLoader - Instrumenting class 'org.apache.hadoop.hdfs.protocol.proto.ClientNamenodeProtocolProtos$GetQuotaUsageRequestProtoOrBuilder'.
2024-11-12 13:43:06,991 INFO  EvoClassLoader - Keeping class: org.apache.hadoop.hdfs.protocol.proto.ClientNamenodeProtocolProtos$GetQuotaUsageRequestProtoOrBuilder
2024-11-12 13:43:06,991 INFO  EvoClassLoader - Keeping class: org.apache.hadoop.hdfs.protocol.proto.ClientNamenodeProtocolProtos$GetQuotaUsageRequestProto
2024-11-12 13:43:06,991 INFO  EvoClassLoader - Seeing class for first time: org.apache.hadoop.hdfs.protocol.proto.ClientNamenodeProtocolProtos$GetContentSummaryResponseProto
2024-11-12 13:43:06,991 INFO  EvoClassLoader - Instrumenting class 'org.apache.hadoop.hdfs.protocol.proto.ClientNamenodeProtocolProtos$GetContentSummaryResponseProto'.
2024-11-12 13:43:06,992 INFO  MethodCallReplacementClassAdapter - Adding mock interface to class org/apache/hadoop/hdfs/protocol/proto/ClientNamenodeProtocolProtos$GetContentSummaryResponseProto
2024-11-12 13:43:06,992 INFO  CreateClassResetClassAdapter - Found static initializer in class org/apache/hadoop/hdfs/protocol/proto/ClientNamenodeProtocolProtos$GetContentSummaryResponseProto
2024-11-12 13:43:06,992 INFO  EvoClassLoader - Seeing class for first time: org.apache.hadoop.hdfs.protocol.proto.ClientNamenodeProtocolProtos$GetContentSummaryResponseProtoOrBuilder
2024-11-12 13:43:06,992 INFO  EvoClassLoader - Instrumenting class 'org.apache.hadoop.hdfs.protocol.proto.ClientNamenodeProtocolProtos$GetContentSummaryResponseProtoOrBuilder'.
2024-11-12 13:43:06,992 INFO  EvoClassLoader - Keeping class: org.apache.hadoop.hdfs.protocol.proto.ClientNamenodeProtocolProtos$GetContentSummaryResponseProtoOrBuilder
2024-11-12 13:43:06,993 INFO  EvoClassLoader - Keeping class: org.apache.hadoop.hdfs.protocol.proto.ClientNamenodeProtocolProtos$GetContentSummaryResponseProto
2024-11-12 13:43:06,993 INFO  EvoClassLoader - Seeing class for first time: org.apache.hadoop.hdfs.protocol.proto.ClientNamenodeProtocolProtos$GetContentSummaryRequestProto
2024-11-12 13:43:06,993 INFO  EvoClassLoader - Instrumenting class 'org.apache.hadoop.hdfs.protocol.proto.ClientNamenodeProtocolProtos$GetContentSummaryRequestProto'.
2024-11-12 13:43:06,993 INFO  MethodCallReplacementClassAdapter - Adding mock interface to class org/apache/hadoop/hdfs/protocol/proto/ClientNamenodeProtocolProtos$GetContentSummaryRequestProto
2024-11-12 13:43:06,993 INFO  CreateClassResetClassAdapter - Found static initializer in class org/apache/hadoop/hdfs/protocol/proto/ClientNamenodeProtocolProtos$GetContentSummaryRequestProto
2024-11-12 13:43:06,993 INFO  EvoClassLoader - Seeing class for first time: org.apache.hadoop.hdfs.protocol.proto.ClientNamenodeProtocolProtos$GetContentSummaryRequestProtoOrBuilder
2024-11-12 13:43:06,993 INFO  EvoClassLoader - Instrumenting class 'org.apache.hadoop.hdfs.protocol.proto.ClientNamenodeProtocolProtos$GetContentSummaryRequestProtoOrBuilder'.
2024-11-12 13:43:06,994 INFO  EvoClassLoader - Keeping class: org.apache.hadoop.hdfs.protocol.proto.ClientNamenodeProtocolProtos$GetContentSummaryRequestProtoOrBuilder
2024-11-12 13:43:06,994 INFO  EvoClassLoader - Keeping class: org.apache.hadoop.hdfs.protocol.proto.ClientNamenodeProtocolProtos$GetContentSummaryRequestProto
2024-11-12 13:43:06,994 INFO  EvoClassLoader - Seeing class for first time: org.apache.hadoop.hdfs.protocol.proto.ClientNamenodeProtocolProtos$GetFileLinkInfoResponseProto
2024-11-12 13:43:06,994 INFO  EvoClassLoader - Instrumenting class 'org.apache.hadoop.hdfs.protocol.proto.ClientNamenodeProtocolProtos$GetFileLinkInfoResponseProto'.
2024-11-12 13:43:06,994 INFO  MethodCallReplacementClassAdapter - Adding mock interface to class org/apache/hadoop/hdfs/protocol/proto/ClientNamenodeProtocolProtos$GetFileLinkInfoResponseProto
2024-11-12 13:43:06,994 INFO  CreateClassResetClassAdapter - Found static initializer in class org/apache/hadoop/hdfs/protocol/proto/ClientNamenodeProtocolProtos$GetFileLinkInfoResponseProto
2024-11-12 13:43:06,995 INFO  EvoClassLoader - Seeing class for first time: org.apache.hadoop.hdfs.protocol.proto.ClientNamenodeProtocolProtos$GetFileLinkInfoResponseProtoOrBuilder
2024-11-12 13:43:06,995 INFO  EvoClassLoader - Instrumenting class 'org.apache.hadoop.hdfs.protocol.proto.ClientNamenodeProtocolProtos$GetFileLinkInfoResponseProtoOrBuilder'.
2024-11-12 13:43:06,995 INFO  EvoClassLoader - Keeping class: org.apache.hadoop.hdfs.protocol.proto.ClientNamenodeProtocolProtos$GetFileLinkInfoResponseProtoOrBuilder
2024-11-12 13:43:06,995 INFO  EvoClassLoader - Keeping class: org.apache.hadoop.hdfs.protocol.proto.ClientNamenodeProtocolProtos$GetFileLinkInfoResponseProto
2024-11-12 13:43:06,995 INFO  EvoClassLoader - Seeing class for first time: org.apache.hadoop.hdfs.protocol.proto.ClientNamenodeProtocolProtos$GetFileLinkInfoRequestProto
2024-11-12 13:43:06,995 INFO  EvoClassLoader - Instrumenting class 'org.apache.hadoop.hdfs.protocol.proto.ClientNamenodeProtocolProtos$GetFileLinkInfoRequestProto'.
2024-11-12 13:43:06,995 INFO  MethodCallReplacementClassAdapter - Adding mock interface to class org/apache/hadoop/hdfs/protocol/proto/ClientNamenodeProtocolProtos$GetFileLinkInfoRequestProto
2024-11-12 13:43:06,996 INFO  CreateClassResetClassAdapter - Found static initializer in class org/apache/hadoop/hdfs/protocol/proto/ClientNamenodeProtocolProtos$GetFileLinkInfoRequestProto
2024-11-12 13:43:06,996 INFO  EvoClassLoader - Seeing class for first time: org.apache.hadoop.hdfs.protocol.proto.ClientNamenodeProtocolProtos$GetFileLinkInfoRequestProtoOrBuilder
2024-11-12 13:43:06,996 INFO  EvoClassLoader - Instrumenting class 'org.apache.hadoop.hdfs.protocol.proto.ClientNamenodeProtocolProtos$GetFileLinkInfoRequestProtoOrBuilder'.
2024-11-12 13:43:06,996 INFO  EvoClassLoader - Keeping class: org.apache.hadoop.hdfs.protocol.proto.ClientNamenodeProtocolProtos$GetFileLinkInfoRequestProtoOrBuilder
2024-11-12 13:43:06,996 INFO  EvoClassLoader - Keeping class: org.apache.hadoop.hdfs.protocol.proto.ClientNamenodeProtocolProtos$GetFileLinkInfoRequestProto
2024-11-12 13:43:06,996 INFO  EvoClassLoader - Seeing class for first time: org.apache.hadoop.hdfs.protocol.proto.ClientNamenodeProtocolProtos$CachePoolEntryProto
2024-11-12 13:43:06,996 INFO  EvoClassLoader - Instrumenting class 'org.apache.hadoop.hdfs.protocol.proto.ClientNamenodeProtocolProtos$CachePoolEntryProto'.
2024-11-12 13:43:06,996 INFO  MethodCallReplacementClassAdapter - Adding mock interface to class org/apache/hadoop/hdfs/protocol/proto/ClientNamenodeProtocolProtos$CachePoolEntryProto
2024-11-12 13:43:06,997 INFO  CreateClassResetClassAdapter - Found static initializer in class org/apache/hadoop/hdfs/protocol/proto/ClientNamenodeProtocolProtos$CachePoolEntryProto
2024-11-12 13:43:06,997 INFO  EvoClassLoader - Seeing class for first time: org.apache.hadoop.hdfs.protocol.proto.ClientNamenodeProtocolProtos$CachePoolEntryProtoOrBuilder
2024-11-12 13:43:06,997 INFO  EvoClassLoader - Instrumenting class 'org.apache.hadoop.hdfs.protocol.proto.ClientNamenodeProtocolProtos$CachePoolEntryProtoOrBuilder'.
2024-11-12 13:43:06,997 INFO  EvoClassLoader - Keeping class: org.apache.hadoop.hdfs.protocol.proto.ClientNamenodeProtocolProtos$CachePoolEntryProtoOrBuilder
2024-11-12 13:43:06,997 INFO  EvoClassLoader - Keeping class: org.apache.hadoop.hdfs.protocol.proto.ClientNamenodeProtocolProtos$CachePoolEntryProto
2024-11-12 13:43:06,997 INFO  EvoClassLoader - Seeing class for first time: org.apache.hadoop.hdfs.protocol.proto.ClientNamenodeProtocolProtos$ListCachePoolsResponseProto
2024-11-12 13:43:06,997 INFO  EvoClassLoader - Instrumenting class 'org.apache.hadoop.hdfs.protocol.proto.ClientNamenodeProtocolProtos$ListCachePoolsResponseProto'.
2024-11-12 13:43:06,997 INFO  MethodCallReplacementClassAdapter - Adding mock interface to class org/apache/hadoop/hdfs/protocol/proto/ClientNamenodeProtocolProtos$ListCachePoolsResponseProto
2024-11-12 13:43:06,998 INFO  CreateClassResetClassAdapter - Found static initializer in class org/apache/hadoop/hdfs/protocol/proto/ClientNamenodeProtocolProtos$ListCachePoolsResponseProto
2024-11-12 13:43:06,998 INFO  EvoClassLoader - Seeing class for first time: org.apache.hadoop.hdfs.protocol.proto.ClientNamenodeProtocolProtos$ListCachePoolsResponseProtoOrBuilder
2024-11-12 13:43:06,998 INFO  EvoClassLoader - Instrumenting class 'org.apache.hadoop.hdfs.protocol.proto.ClientNamenodeProtocolProtos$ListCachePoolsResponseProtoOrBuilder'.
2024-11-12 13:43:06,998 INFO  EvoClassLoader - Keeping class: org.apache.hadoop.hdfs.protocol.proto.ClientNamenodeProtocolProtos$ListCachePoolsResponseProtoOrBuilder
2024-11-12 13:43:06,998 INFO  EvoClassLoader - Keeping class: org.apache.hadoop.hdfs.protocol.proto.ClientNamenodeProtocolProtos$ListCachePoolsResponseProto
2024-11-12 13:43:06,998 INFO  EvoClassLoader - Seeing class for first time: org.apache.hadoop.hdfs.protocol.proto.ClientNamenodeProtocolProtos$ListCachePoolsRequestProto
2024-11-12 13:43:06,998 INFO  EvoClassLoader - Instrumenting class 'org.apache.hadoop.hdfs.protocol.proto.ClientNamenodeProtocolProtos$ListCachePoolsRequestProto'.
2024-11-12 13:43:06,999 INFO  MethodCallReplacementClassAdapter - Adding mock interface to class org/apache/hadoop/hdfs/protocol/proto/ClientNamenodeProtocolProtos$ListCachePoolsRequestProto
2024-11-12 13:43:06,999 INFO  CreateClassResetClassAdapter - Found static initializer in class org/apache/hadoop/hdfs/protocol/proto/ClientNamenodeProtocolProtos$ListCachePoolsRequestProto
2024-11-12 13:43:07,000 INFO  EvoClassLoader - Seeing class for first time: org.apache.hadoop.hdfs.protocol.proto.ClientNamenodeProtocolProtos$ListCachePoolsRequestProtoOrBuilder
2024-11-12 13:43:07,000 INFO  EvoClassLoader - Instrumenting class 'org.apache.hadoop.hdfs.protocol.proto.ClientNamenodeProtocolProtos$ListCachePoolsRequestProtoOrBuilder'.
2024-11-12 13:43:07,000 INFO  EvoClassLoader - Keeping class: org.apache.hadoop.hdfs.protocol.proto.ClientNamenodeProtocolProtos$ListCachePoolsRequestProtoOrBuilder
2024-11-12 13:43:07,000 INFO  EvoClassLoader - Keeping class: org.apache.hadoop.hdfs.protocol.proto.ClientNamenodeProtocolProtos$ListCachePoolsRequestProto
2024-11-12 13:43:07,000 INFO  EvoClassLoader - Seeing class for first time: org.apache.hadoop.hdfs.protocol.proto.ClientNamenodeProtocolProtos$RemoveCachePoolResponseProto
2024-11-12 13:43:07,000 INFO  EvoClassLoader - Instrumenting class 'org.apache.hadoop.hdfs.protocol.proto.ClientNamenodeProtocolProtos$RemoveCachePoolResponseProto'.
2024-11-12 13:43:07,001 INFO  MethodCallReplacementClassAdapter - Adding mock interface to class org/apache/hadoop/hdfs/protocol/proto/ClientNamenodeProtocolProtos$RemoveCachePoolResponseProto
2024-11-12 13:43:07,001 INFO  CreateClassResetClassAdapter - Found static initializer in class org/apache/hadoop/hdfs/protocol/proto/ClientNamenodeProtocolProtos$RemoveCachePoolResponseProto
2024-11-12 13:43:07,001 INFO  EvoClassLoader - Seeing class for first time: org.apache.hadoop.hdfs.protocol.proto.ClientNamenodeProtocolProtos$RemoveCachePoolResponseProtoOrBuilder
2024-11-12 13:43:07,001 INFO  EvoClassLoader - Instrumenting class 'org.apache.hadoop.hdfs.protocol.proto.ClientNamenodeProtocolProtos$RemoveCachePoolResponseProtoOrBuilder'.
2024-11-12 13:43:07,002 INFO  EvoClassLoader - Keeping class: org.apache.hadoop.hdfs.protocol.proto.ClientNamenodeProtocolProtos$RemoveCachePoolResponseProtoOrBuilder
2024-11-12 13:43:07,002 INFO  EvoClassLoader - Keeping class: org.apache.hadoop.hdfs.protocol.proto.ClientNamenodeProtocolProtos$RemoveCachePoolResponseProto
2024-11-12 13:43:07,002 INFO  EvoClassLoader - Seeing class for first time: org.apache.hadoop.hdfs.protocol.proto.ClientNamenodeProtocolProtos$RemoveCachePoolRequestProto
2024-11-12 13:43:07,002 INFO  EvoClassLoader - Instrumenting class 'org.apache.hadoop.hdfs.protocol.proto.ClientNamenodeProtocolProtos$RemoveCachePoolRequestProto'.
2024-11-12 13:43:07,002 INFO  MethodCallReplacementClassAdapter - Adding mock interface to class org/apache/hadoop/hdfs/protocol/proto/ClientNamenodeProtocolProtos$RemoveCachePoolRequestProto
2024-11-12 13:43:07,002 INFO  CreateClassResetClassAdapter - Found static initializer in class org/apache/hadoop/hdfs/protocol/proto/ClientNamenodeProtocolProtos$RemoveCachePoolRequestProto
2024-11-12 13:43:07,003 INFO  EvoClassLoader - Seeing class for first time: org.apache.hadoop.hdfs.protocol.proto.ClientNamenodeProtocolProtos$RemoveCachePoolRequestProtoOrBuilder
2024-11-12 13:43:07,003 INFO  EvoClassLoader - Instrumenting class 'org.apache.hadoop.hdfs.protocol.proto.ClientNamenodeProtocolProtos$RemoveCachePoolRequestProtoOrBuilder'.
2024-11-12 13:43:07,003 INFO  EvoClassLoader - Keeping class: org.apache.hadoop.hdfs.protocol.proto.ClientNamenodeProtocolProtos$RemoveCachePoolRequestProtoOrBuilder
2024-11-12 13:43:07,003 INFO  EvoClassLoader - Keeping class: org.apache.hadoop.hdfs.protocol.proto.ClientNamenodeProtocolProtos$RemoveCachePoolRequestProto
2024-11-12 13:43:07,003 INFO  EvoClassLoader - Seeing class for first time: org.apache.hadoop.hdfs.protocol.proto.ClientNamenodeProtocolProtos$ModifyCachePoolResponseProto
2024-11-12 13:43:07,003 INFO  EvoClassLoader - Instrumenting class 'org.apache.hadoop.hdfs.protocol.proto.ClientNamenodeProtocolProtos$ModifyCachePoolResponseProto'.
2024-11-12 13:43:07,003 INFO  MethodCallReplacementClassAdapter - Adding mock interface to class org/apache/hadoop/hdfs/protocol/proto/ClientNamenodeProtocolProtos$ModifyCachePoolResponseProto
2024-11-12 13:43:07,004 INFO  CreateClassResetClassAdapter - Found static initializer in class org/apache/hadoop/hdfs/protocol/proto/ClientNamenodeProtocolProtos$ModifyCachePoolResponseProto
2024-11-12 13:43:07,004 INFO  EvoClassLoader - Seeing class for first time: org.apache.hadoop.hdfs.protocol.proto.ClientNamenodeProtocolProtos$ModifyCachePoolResponseProtoOrBuilder
2024-11-12 13:43:07,004 INFO  EvoClassLoader - Instrumenting class 'org.apache.hadoop.hdfs.protocol.proto.ClientNamenodeProtocolProtos$ModifyCachePoolResponseProtoOrBuilder'.
2024-11-12 13:43:07,005 INFO  EvoClassLoader - Keeping class: org.apache.hadoop.hdfs.protocol.proto.ClientNamenodeProtocolProtos$ModifyCachePoolResponseProtoOrBuilder
2024-11-12 13:43:07,005 INFO  EvoClassLoader - Keeping class: org.apache.hadoop.hdfs.protocol.proto.ClientNamenodeProtocolProtos$ModifyCachePoolResponseProto
2024-11-12 13:43:07,005 INFO  EvoClassLoader - Seeing class for first time: org.apache.hadoop.hdfs.protocol.proto.ClientNamenodeProtocolProtos$ModifyCachePoolRequestProto
2024-11-12 13:43:07,005 INFO  EvoClassLoader - Instrumenting class 'org.apache.hadoop.hdfs.protocol.proto.ClientNamenodeProtocolProtos$ModifyCachePoolRequestProto'.
2024-11-12 13:43:07,005 INFO  MethodCallReplacementClassAdapter - Adding mock interface to class org/apache/hadoop/hdfs/protocol/proto/ClientNamenodeProtocolProtos$ModifyCachePoolRequestProto
2024-11-12 13:43:07,006 INFO  CreateClassResetClassAdapter - Found static initializer in class org/apache/hadoop/hdfs/protocol/proto/ClientNamenodeProtocolProtos$ModifyCachePoolRequestProto
2024-11-12 13:43:07,006 INFO  EvoClassLoader - Seeing class for first time: org.apache.hadoop.hdfs.protocol.proto.ClientNamenodeProtocolProtos$ModifyCachePoolRequestProtoOrBuilder
2024-11-12 13:43:07,006 INFO  EvoClassLoader - Instrumenting class 'org.apache.hadoop.hdfs.protocol.proto.ClientNamenodeProtocolProtos$ModifyCachePoolRequestProtoOrBuilder'.
2024-11-12 13:43:07,007 INFO  EvoClassLoader - Keeping class: org.apache.hadoop.hdfs.protocol.proto.ClientNamenodeProtocolProtos$ModifyCachePoolRequestProtoOrBuilder
2024-11-12 13:43:07,007 INFO  EvoClassLoader - Keeping class: org.apache.hadoop.hdfs.protocol.proto.ClientNamenodeProtocolProtos$ModifyCachePoolRequestProto
2024-11-12 13:43:07,007 INFO  EvoClassLoader - Seeing class for first time: org.apache.hadoop.hdfs.protocol.proto.ClientNamenodeProtocolProtos$AddCachePoolResponseProto
2024-11-12 13:43:07,007 INFO  EvoClassLoader - Instrumenting class 'org.apache.hadoop.hdfs.protocol.proto.ClientNamenodeProtocolProtos$AddCachePoolResponseProto'.
2024-11-12 13:43:07,008 INFO  MethodCallReplacementClassAdapter - Adding mock interface to class org/apache/hadoop/hdfs/protocol/proto/ClientNamenodeProtocolProtos$AddCachePoolResponseProto
2024-11-12 13:43:07,008 INFO  CreateClassResetClassAdapter - Found static initializer in class org/apache/hadoop/hdfs/protocol/proto/ClientNamenodeProtocolProtos$AddCachePoolResponseProto
2024-11-12 13:43:07,008 INFO  EvoClassLoader - Seeing class for first time: org.apache.hadoop.hdfs.protocol.proto.ClientNamenodeProtocolProtos$AddCachePoolResponseProtoOrBuilder
2024-11-12 13:43:07,008 INFO  EvoClassLoader - Instrumenting class 'org.apache.hadoop.hdfs.protocol.proto.ClientNamenodeProtocolProtos$AddCachePoolResponseProtoOrBuilder'.
2024-11-12 13:43:07,009 INFO  EvoClassLoader - Keeping class: org.apache.hadoop.hdfs.protocol.proto.ClientNamenodeProtocolProtos$AddCachePoolResponseProtoOrBuilder
2024-11-12 13:43:07,009 INFO  EvoClassLoader - Keeping class: org.apache.hadoop.hdfs.protocol.proto.ClientNamenodeProtocolProtos$AddCachePoolResponseProto
2024-11-12 13:43:07,009 INFO  EvoClassLoader - Seeing class for first time: org.apache.hadoop.hdfs.protocol.proto.ClientNamenodeProtocolProtos$AddCachePoolRequestProto
2024-11-12 13:43:07,009 INFO  EvoClassLoader - Instrumenting class 'org.apache.hadoop.hdfs.protocol.proto.ClientNamenodeProtocolProtos$AddCachePoolRequestProto'.
2024-11-12 13:43:07,009 INFO  MethodCallReplacementClassAdapter - Adding mock interface to class org/apache/hadoop/hdfs/protocol/proto/ClientNamenodeProtocolProtos$AddCachePoolRequestProto
2024-11-12 13:43:07,010 INFO  CreateClassResetClassAdapter - Found static initializer in class org/apache/hadoop/hdfs/protocol/proto/ClientNamenodeProtocolProtos$AddCachePoolRequestProto
2024-11-12 13:43:07,010 INFO  EvoClassLoader - Seeing class for first time: org.apache.hadoop.hdfs.protocol.proto.ClientNamenodeProtocolProtos$AddCachePoolRequestProtoOrBuilder
2024-11-12 13:43:07,010 INFO  EvoClassLoader - Instrumenting class 'org.apache.hadoop.hdfs.protocol.proto.ClientNamenodeProtocolProtos$AddCachePoolRequestProtoOrBuilder'.
2024-11-12 13:43:07,010 INFO  EvoClassLoader - Keeping class: org.apache.hadoop.hdfs.protocol.proto.ClientNamenodeProtocolProtos$AddCachePoolRequestProtoOrBuilder
2024-11-12 13:43:07,010 INFO  EvoClassLoader - Keeping class: org.apache.hadoop.hdfs.protocol.proto.ClientNamenodeProtocolProtos$AddCachePoolRequestProto
2024-11-12 13:43:07,010 INFO  EvoClassLoader - Seeing class for first time: org.apache.hadoop.hdfs.protocol.proto.ClientNamenodeProtocolProtos$CachePoolStatsProto
2024-11-12 13:43:07,010 INFO  EvoClassLoader - Instrumenting class 'org.apache.hadoop.hdfs.protocol.proto.ClientNamenodeProtocolProtos$CachePoolStatsProto'.
2024-11-12 13:43:07,011 INFO  MethodCallReplacementClassAdapter - Adding mock interface to class org/apache/hadoop/hdfs/protocol/proto/ClientNamenodeProtocolProtos$CachePoolStatsProto
2024-11-12 13:43:07,011 INFO  CreateClassResetClassAdapter - Found static initializer in class org/apache/hadoop/hdfs/protocol/proto/ClientNamenodeProtocolProtos$CachePoolStatsProto
2024-11-12 13:43:07,012 INFO  EvoClassLoader - Seeing class for first time: org.apache.hadoop.hdfs.protocol.proto.ClientNamenodeProtocolProtos$CachePoolStatsProtoOrBuilder
2024-11-12 13:43:07,012 INFO  EvoClassLoader - Instrumenting class 'org.apache.hadoop.hdfs.protocol.proto.ClientNamenodeProtocolProtos$CachePoolStatsProtoOrBuilder'.
2024-11-12 13:43:07,012 INFO  EvoClassLoader - Keeping class: org.apache.hadoop.hdfs.protocol.proto.ClientNamenodeProtocolProtos$CachePoolStatsProtoOrBuilder
2024-11-12 13:43:07,013 INFO  EvoClassLoader - Keeping class: org.apache.hadoop.hdfs.protocol.proto.ClientNamenodeProtocolProtos$CachePoolStatsProto
2024-11-12 13:43:07,013 INFO  EvoClassLoader - Seeing class for first time: org.apache.hadoop.hdfs.protocol.proto.ClientNamenodeProtocolProtos$CachePoolInfoProto
2024-11-12 13:43:07,013 INFO  EvoClassLoader - Instrumenting class 'org.apache.hadoop.hdfs.protocol.proto.ClientNamenodeProtocolProtos$CachePoolInfoProto'.
2024-11-12 13:43:07,013 INFO  MethodCallReplacementClassAdapter - Adding mock interface to class org/apache/hadoop/hdfs/protocol/proto/ClientNamenodeProtocolProtos$CachePoolInfoProto
2024-11-12 13:43:07,014 INFO  CreateClassResetClassAdapter - Found static initializer in class org/apache/hadoop/hdfs/protocol/proto/ClientNamenodeProtocolProtos$CachePoolInfoProto
2024-11-12 13:43:07,014 INFO  EvoClassLoader - Seeing class for first time: org.apache.hadoop.hdfs.protocol.proto.ClientNamenodeProtocolProtos$CachePoolInfoProtoOrBuilder
2024-11-12 13:43:07,014 INFO  EvoClassLoader - Instrumenting class 'org.apache.hadoop.hdfs.protocol.proto.ClientNamenodeProtocolProtos$CachePoolInfoProtoOrBuilder'.
2024-11-12 13:43:07,014 INFO  EvoClassLoader - Keeping class: org.apache.hadoop.hdfs.protocol.proto.ClientNamenodeProtocolProtos$CachePoolInfoProtoOrBuilder
2024-11-12 13:43:07,015 INFO  EvoClassLoader - Keeping class: org.apache.hadoop.hdfs.protocol.proto.ClientNamenodeProtocolProtos$CachePoolInfoProto
2024-11-12 13:43:07,015 INFO  EvoClassLoader - Seeing class for first time: org.apache.hadoop.hdfs.protocol.proto.ClientNamenodeProtocolProtos$ListCacheDirectivesResponseProto
2024-11-12 13:43:07,015 INFO  EvoClassLoader - Instrumenting class 'org.apache.hadoop.hdfs.protocol.proto.ClientNamenodeProtocolProtos$ListCacheDirectivesResponseProto'.
2024-11-12 13:43:07,015 INFO  MethodCallReplacementClassAdapter - Adding mock interface to class org/apache/hadoop/hdfs/protocol/proto/ClientNamenodeProtocolProtos$ListCacheDirectivesResponseProto
2024-11-12 13:43:07,016 INFO  CreateClassResetClassAdapter - Found static initializer in class org/apache/hadoop/hdfs/protocol/proto/ClientNamenodeProtocolProtos$ListCacheDirectivesResponseProto
2024-11-12 13:43:07,016 INFO  EvoClassLoader - Seeing class for first time: org.apache.hadoop.hdfs.protocol.proto.ClientNamenodeProtocolProtos$ListCacheDirectivesResponseProtoOrBuilder
2024-11-12 13:43:07,016 INFO  EvoClassLoader - Instrumenting class 'org.apache.hadoop.hdfs.protocol.proto.ClientNamenodeProtocolProtos$ListCacheDirectivesResponseProtoOrBuilder'.
2024-11-12 13:43:07,017 INFO  EvoClassLoader - Keeping class: org.apache.hadoop.hdfs.protocol.proto.ClientNamenodeProtocolProtos$ListCacheDirectivesResponseProtoOrBuilder
2024-11-12 13:43:07,017 INFO  EvoClassLoader - Keeping class: org.apache.hadoop.hdfs.protocol.proto.ClientNamenodeProtocolProtos$ListCacheDirectivesResponseProto
2024-11-12 13:43:07,017 INFO  EvoClassLoader - Seeing class for first time: org.apache.hadoop.hdfs.protocol.proto.ClientNamenodeProtocolProtos$CacheDirectiveEntryProto
2024-11-12 13:43:07,017 INFO  EvoClassLoader - Instrumenting class 'org.apache.hadoop.hdfs.protocol.proto.ClientNamenodeProtocolProtos$CacheDirectiveEntryProto'.
2024-11-12 13:43:07,018 INFO  MethodCallReplacementClassAdapter - Adding mock interface to class org/apache/hadoop/hdfs/protocol/proto/ClientNamenodeProtocolProtos$CacheDirectiveEntryProto
2024-11-12 13:43:07,018 INFO  CreateClassResetClassAdapter - Found static initializer in class org/apache/hadoop/hdfs/protocol/proto/ClientNamenodeProtocolProtos$CacheDirectiveEntryProto
2024-11-12 13:43:07,018 INFO  EvoClassLoader - Seeing class for first time: org.apache.hadoop.hdfs.protocol.proto.ClientNamenodeProtocolProtos$CacheDirectiveEntryProtoOrBuilder
2024-11-12 13:43:07,018 INFO  EvoClassLoader - Instrumenting class 'org.apache.hadoop.hdfs.protocol.proto.ClientNamenodeProtocolProtos$CacheDirectiveEntryProtoOrBuilder'.
2024-11-12 13:43:07,019 INFO  EvoClassLoader - Keeping class: org.apache.hadoop.hdfs.protocol.proto.ClientNamenodeProtocolProtos$CacheDirectiveEntryProtoOrBuilder
2024-11-12 13:43:07,019 INFO  EvoClassLoader - Keeping class: org.apache.hadoop.hdfs.protocol.proto.ClientNamenodeProtocolProtos$CacheDirectiveEntryProto
2024-11-12 13:43:07,019 INFO  EvoClassLoader - Seeing class for first time: org.apache.hadoop.hdfs.protocol.proto.ClientNamenodeProtocolProtos$ListCacheDirectivesRequestProto
2024-11-12 13:43:07,019 INFO  EvoClassLoader - Instrumenting class 'org.apache.hadoop.hdfs.protocol.proto.ClientNamenodeProtocolProtos$ListCacheDirectivesRequestProto'.
2024-11-12 13:43:07,019 INFO  MethodCallReplacementClassAdapter - Adding mock interface to class org/apache/hadoop/hdfs/protocol/proto/ClientNamenodeProtocolProtos$ListCacheDirectivesRequestProto
2024-11-12 13:43:07,020 INFO  CreateClassResetClassAdapter - Found static initializer in class org/apache/hadoop/hdfs/protocol/proto/ClientNamenodeProtocolProtos$ListCacheDirectivesRequestProto
2024-11-12 13:43:07,020 INFO  EvoClassLoader - Seeing class for first time: org.apache.hadoop.hdfs.protocol.proto.ClientNamenodeProtocolProtos$ListCacheDirectivesRequestProtoOrBuilder
2024-11-12 13:43:07,020 INFO  EvoClassLoader - Instrumenting class 'org.apache.hadoop.hdfs.protocol.proto.ClientNamenodeProtocolProtos$ListCacheDirectivesRequestProtoOrBuilder'.
2024-11-12 13:43:07,021 INFO  EvoClassLoader - Keeping class: org.apache.hadoop.hdfs.protocol.proto.ClientNamenodeProtocolProtos$ListCacheDirectivesRequestProtoOrBuilder
2024-11-12 13:43:07,021 INFO  EvoClassLoader - Keeping class: org.apache.hadoop.hdfs.protocol.proto.ClientNamenodeProtocolProtos$ListCacheDirectivesRequestProto
2024-11-12 13:43:07,021 INFO  EvoClassLoader - Seeing class for first time: org.apache.hadoop.hdfs.protocol.proto.ClientNamenodeProtocolProtos$RemoveCacheDirectiveResponseProto
2024-11-12 13:43:07,021 INFO  EvoClassLoader - Instrumenting class 'org.apache.hadoop.hdfs.protocol.proto.ClientNamenodeProtocolProtos$RemoveCacheDirectiveResponseProto'.
2024-11-12 13:43:07,021 INFO  MethodCallReplacementClassAdapter - Adding mock interface to class org/apache/hadoop/hdfs/protocol/proto/ClientNamenodeProtocolProtos$RemoveCacheDirectiveResponseProto
2024-11-12 13:43:07,021 INFO  CreateClassResetClassAdapter - Found static initializer in class org/apache/hadoop/hdfs/protocol/proto/ClientNamenodeProtocolProtos$RemoveCacheDirectiveResponseProto
2024-11-12 13:43:07,022 INFO  EvoClassLoader - Seeing class for first time: org.apache.hadoop.hdfs.protocol.proto.ClientNamenodeProtocolProtos$RemoveCacheDirectiveResponseProtoOrBuilder
2024-11-12 13:43:07,022 INFO  EvoClassLoader - Instrumenting class 'org.apache.hadoop.hdfs.protocol.proto.ClientNamenodeProtocolProtos$RemoveCacheDirectiveResponseProtoOrBuilder'.
2024-11-12 13:43:07,022 INFO  EvoClassLoader - Keeping class: org.apache.hadoop.hdfs.protocol.proto.ClientNamenodeProtocolProtos$RemoveCacheDirectiveResponseProtoOrBuilder
2024-11-12 13:43:07,022 INFO  EvoClassLoader - Keeping class: org.apache.hadoop.hdfs.protocol.proto.ClientNamenodeProtocolProtos$RemoveCacheDirectiveResponseProto
2024-11-12 13:43:07,022 INFO  EvoClassLoader - Seeing class for first time: org.apache.hadoop.hdfs.protocol.proto.ClientNamenodeProtocolProtos$RemoveCacheDirectiveRequestProto
2024-11-12 13:43:07,022 INFO  EvoClassLoader - Instrumenting class 'org.apache.hadoop.hdfs.protocol.proto.ClientNamenodeProtocolProtos$RemoveCacheDirectiveRequestProto'.
2024-11-12 13:43:07,023 INFO  MethodCallReplacementClassAdapter - Adding mock interface to class org/apache/hadoop/hdfs/protocol/proto/ClientNamenodeProtocolProtos$RemoveCacheDirectiveRequestProto
2024-11-12 13:43:07,023 INFO  CreateClassResetClassAdapter - Found static initializer in class org/apache/hadoop/hdfs/protocol/proto/ClientNamenodeProtocolProtos$RemoveCacheDirectiveRequestProto
2024-11-12 13:43:07,023 INFO  EvoClassLoader - Seeing class for first time: org.apache.hadoop.hdfs.protocol.proto.ClientNamenodeProtocolProtos$RemoveCacheDirectiveRequestProtoOrBuilder
2024-11-12 13:43:07,023 INFO  EvoClassLoader - Instrumenting class 'org.apache.hadoop.hdfs.protocol.proto.ClientNamenodeProtocolProtos$RemoveCacheDirectiveRequestProtoOrBuilder'.
2024-11-12 13:43:07,024 INFO  EvoClassLoader - Keeping class: org.apache.hadoop.hdfs.protocol.proto.ClientNamenodeProtocolProtos$RemoveCacheDirectiveRequestProtoOrBuilder
2024-11-12 13:43:07,024 INFO  EvoClassLoader - Keeping class: org.apache.hadoop.hdfs.protocol.proto.ClientNamenodeProtocolProtos$RemoveCacheDirectiveRequestProto
2024-11-12 13:43:07,024 INFO  EvoClassLoader - Seeing class for first time: org.apache.hadoop.hdfs.protocol.proto.ClientNamenodeProtocolProtos$ModifyCacheDirectiveResponseProto
2024-11-12 13:43:07,024 INFO  EvoClassLoader - Instrumenting class 'org.apache.hadoop.hdfs.protocol.proto.ClientNamenodeProtocolProtos$ModifyCacheDirectiveResponseProto'.
2024-11-12 13:43:07,024 INFO  MethodCallReplacementClassAdapter - Adding mock interface to class org/apache/hadoop/hdfs/protocol/proto/ClientNamenodeProtocolProtos$ModifyCacheDirectiveResponseProto
2024-11-12 13:43:07,025 INFO  CreateClassResetClassAdapter - Found static initializer in class org/apache/hadoop/hdfs/protocol/proto/ClientNamenodeProtocolProtos$ModifyCacheDirectiveResponseProto
2024-11-12 13:43:07,025 INFO  EvoClassLoader - Seeing class for first time: org.apache.hadoop.hdfs.protocol.proto.ClientNamenodeProtocolProtos$ModifyCacheDirectiveResponseProtoOrBuilder
2024-11-12 13:43:07,025 INFO  EvoClassLoader - Instrumenting class 'org.apache.hadoop.hdfs.protocol.proto.ClientNamenodeProtocolProtos$ModifyCacheDirectiveResponseProtoOrBuilder'.
2024-11-12 13:43:07,025 INFO  EvoClassLoader - Keeping class: org.apache.hadoop.hdfs.protocol.proto.ClientNamenodeProtocolProtos$ModifyCacheDirectiveResponseProtoOrBuilder
2024-11-12 13:43:07,026 INFO  EvoClassLoader - Keeping class: org.apache.hadoop.hdfs.protocol.proto.ClientNamenodeProtocolProtos$ModifyCacheDirectiveResponseProto
2024-11-12 13:43:07,026 INFO  EvoClassLoader - Seeing class for first time: org.apache.hadoop.hdfs.protocol.proto.ClientNamenodeProtocolProtos$ModifyCacheDirectiveRequestProto
2024-11-12 13:43:07,026 INFO  EvoClassLoader - Instrumenting class 'org.apache.hadoop.hdfs.protocol.proto.ClientNamenodeProtocolProtos$ModifyCacheDirectiveRequestProto'.
2024-11-12 13:43:07,026 INFO  MethodCallReplacementClassAdapter - Adding mock interface to class org/apache/hadoop/hdfs/protocol/proto/ClientNamenodeProtocolProtos$ModifyCacheDirectiveRequestProto
2024-11-12 13:43:07,026 INFO  CreateClassResetClassAdapter - Found static initializer in class org/apache/hadoop/hdfs/protocol/proto/ClientNamenodeProtocolProtos$ModifyCacheDirectiveRequestProto
2024-11-12 13:43:07,027 INFO  EvoClassLoader - Seeing class for first time: org.apache.hadoop.hdfs.protocol.proto.ClientNamenodeProtocolProtos$ModifyCacheDirectiveRequestProtoOrBuilder
2024-11-12 13:43:07,027 INFO  EvoClassLoader - Instrumenting class 'org.apache.hadoop.hdfs.protocol.proto.ClientNamenodeProtocolProtos$ModifyCacheDirectiveRequestProtoOrBuilder'.
2024-11-12 13:43:07,027 INFO  EvoClassLoader - Keeping class: org.apache.hadoop.hdfs.protocol.proto.ClientNamenodeProtocolProtos$ModifyCacheDirectiveRequestProtoOrBuilder
2024-11-12 13:43:07,028 INFO  EvoClassLoader - Keeping class: org.apache.hadoop.hdfs.protocol.proto.ClientNamenodeProtocolProtos$ModifyCacheDirectiveRequestProto
2024-11-12 13:43:07,028 INFO  EvoClassLoader - Seeing class for first time: org.apache.hadoop.hdfs.protocol.proto.ClientNamenodeProtocolProtos$AddCacheDirectiveResponseProto
2024-11-12 13:43:07,028 INFO  EvoClassLoader - Instrumenting class 'org.apache.hadoop.hdfs.protocol.proto.ClientNamenodeProtocolProtos$AddCacheDirectiveResponseProto'.
2024-11-12 13:43:07,028 INFO  MethodCallReplacementClassAdapter - Adding mock interface to class org/apache/hadoop/hdfs/protocol/proto/ClientNamenodeProtocolProtos$AddCacheDirectiveResponseProto
2024-11-12 13:43:07,028 INFO  CreateClassResetClassAdapter - Found static initializer in class org/apache/hadoop/hdfs/protocol/proto/ClientNamenodeProtocolProtos$AddCacheDirectiveResponseProto
2024-11-12 13:43:07,029 INFO  EvoClassLoader - Seeing class for first time: org.apache.hadoop.hdfs.protocol.proto.ClientNamenodeProtocolProtos$AddCacheDirectiveResponseProtoOrBuilder
2024-11-12 13:43:07,029 INFO  EvoClassLoader - Instrumenting class 'org.apache.hadoop.hdfs.protocol.proto.ClientNamenodeProtocolProtos$AddCacheDirectiveResponseProtoOrBuilder'.
2024-11-12 13:43:07,029 INFO  EvoClassLoader - Keeping class: org.apache.hadoop.hdfs.protocol.proto.ClientNamenodeProtocolProtos$AddCacheDirectiveResponseProtoOrBuilder
2024-11-12 13:43:07,029 INFO  EvoClassLoader - Keeping class: org.apache.hadoop.hdfs.protocol.proto.ClientNamenodeProtocolProtos$AddCacheDirectiveResponseProto
2024-11-12 13:43:07,029 INFO  EvoClassLoader - Seeing class for first time: org.apache.hadoop.hdfs.protocol.proto.ClientNamenodeProtocolProtos$AddCacheDirectiveRequestProto
2024-11-12 13:43:07,029 INFO  EvoClassLoader - Instrumenting class 'org.apache.hadoop.hdfs.protocol.proto.ClientNamenodeProtocolProtos$AddCacheDirectiveRequestProto'.
2024-11-12 13:43:07,030 INFO  MethodCallReplacementClassAdapter - Adding mock interface to class org/apache/hadoop/hdfs/protocol/proto/ClientNamenodeProtocolProtos$AddCacheDirectiveRequestProto
2024-11-12 13:43:07,030 INFO  CreateClassResetClassAdapter - Found static initializer in class org/apache/hadoop/hdfs/protocol/proto/ClientNamenodeProtocolProtos$AddCacheDirectiveRequestProto
2024-11-12 13:43:07,030 INFO  EvoClassLoader - Seeing class for first time: org.apache.hadoop.hdfs.protocol.proto.ClientNamenodeProtocolProtos$AddCacheDirectiveRequestProtoOrBuilder
2024-11-12 13:43:07,030 INFO  EvoClassLoader - Instrumenting class 'org.apache.hadoop.hdfs.protocol.proto.ClientNamenodeProtocolProtos$AddCacheDirectiveRequestProtoOrBuilder'.
2024-11-12 13:43:07,031 INFO  EvoClassLoader - Keeping class: org.apache.hadoop.hdfs.protocol.proto.ClientNamenodeProtocolProtos$AddCacheDirectiveRequestProtoOrBuilder
2024-11-12 13:43:07,031 INFO  EvoClassLoader - Keeping class: org.apache.hadoop.hdfs.protocol.proto.ClientNamenodeProtocolProtos$AddCacheDirectiveRequestProto
2024-11-12 13:43:07,031 INFO  EvoClassLoader - Seeing class for first time: org.apache.hadoop.hdfs.protocol.proto.ClientNamenodeProtocolProtos$CacheDirectiveStatsProto
2024-11-12 13:43:07,031 INFO  EvoClassLoader - Instrumenting class 'org.apache.hadoop.hdfs.protocol.proto.ClientNamenodeProtocolProtos$CacheDirectiveStatsProto'.
2024-11-12 13:43:07,032 INFO  MethodCallReplacementClassAdapter - Adding mock interface to class org/apache/hadoop/hdfs/protocol/proto/ClientNamenodeProtocolProtos$CacheDirectiveStatsProto
2024-11-12 13:43:07,032 INFO  CreateClassResetClassAdapter - Found static initializer in class org/apache/hadoop/hdfs/protocol/proto/ClientNamenodeProtocolProtos$CacheDirectiveStatsProto
2024-11-12 13:43:07,033 INFO  EvoClassLoader - Seeing class for first time: org.apache.hadoop.hdfs.protocol.proto.ClientNamenodeProtocolProtos$CacheDirectiveStatsProtoOrBuilder
2024-11-12 13:43:07,033 INFO  EvoClassLoader - Instrumenting class 'org.apache.hadoop.hdfs.protocol.proto.ClientNamenodeProtocolProtos$CacheDirectiveStatsProtoOrBuilder'.
2024-11-12 13:43:07,034 INFO  EvoClassLoader - Keeping class: org.apache.hadoop.hdfs.protocol.proto.ClientNamenodeProtocolProtos$CacheDirectiveStatsProtoOrBuilder
2024-11-12 13:43:07,034 INFO  EvoClassLoader - Keeping class: org.apache.hadoop.hdfs.protocol.proto.ClientNamenodeProtocolProtos$CacheDirectiveStatsProto
2024-11-12 13:43:07,034 INFO  EvoClassLoader - Seeing class for first time: org.apache.hadoop.hdfs.protocol.proto.ClientNamenodeProtocolProtos$CacheDirectiveInfoExpirationProto
2024-11-12 13:43:07,034 INFO  EvoClassLoader - Instrumenting class 'org.apache.hadoop.hdfs.protocol.proto.ClientNamenodeProtocolProtos$CacheDirectiveInfoExpirationProto'.
2024-11-12 13:43:07,034 INFO  MethodCallReplacementClassAdapter - Adding mock interface to class org/apache/hadoop/hdfs/protocol/proto/ClientNamenodeProtocolProtos$CacheDirectiveInfoExpirationProto
2024-11-12 13:43:07,035 INFO  CreateClassResetClassAdapter - Found static initializer in class org/apache/hadoop/hdfs/protocol/proto/ClientNamenodeProtocolProtos$CacheDirectiveInfoExpirationProto
2024-11-12 13:43:07,035 INFO  EvoClassLoader - Seeing class for first time: org.apache.hadoop.hdfs.protocol.proto.ClientNamenodeProtocolProtos$CacheDirectiveInfoExpirationProtoOrBuilder
2024-11-12 13:43:07,035 INFO  EvoClassLoader - Instrumenting class 'org.apache.hadoop.hdfs.protocol.proto.ClientNamenodeProtocolProtos$CacheDirectiveInfoExpirationProtoOrBuilder'.
2024-11-12 13:43:07,036 INFO  EvoClassLoader - Keeping class: org.apache.hadoop.hdfs.protocol.proto.ClientNamenodeProtocolProtos$CacheDirectiveInfoExpirationProtoOrBuilder
2024-11-12 13:43:07,036 INFO  EvoClassLoader - Keeping class: org.apache.hadoop.hdfs.protocol.proto.ClientNamenodeProtocolProtos$CacheDirectiveInfoExpirationProto
2024-11-12 13:43:07,036 INFO  EvoClassLoader - Seeing class for first time: org.apache.hadoop.hdfs.protocol.proto.ClientNamenodeProtocolProtos$CacheDirectiveInfoProto
2024-11-12 13:43:07,036 INFO  EvoClassLoader - Instrumenting class 'org.apache.hadoop.hdfs.protocol.proto.ClientNamenodeProtocolProtos$CacheDirectiveInfoProto'.
2024-11-12 13:43:07,037 INFO  MethodCallReplacementClassAdapter - Adding mock interface to class org/apache/hadoop/hdfs/protocol/proto/ClientNamenodeProtocolProtos$CacheDirectiveInfoProto
2024-11-12 13:43:07,037 INFO  CreateClassResetClassAdapter - Found static initializer in class org/apache/hadoop/hdfs/protocol/proto/ClientNamenodeProtocolProtos$CacheDirectiveInfoProto
2024-11-12 13:43:07,038 INFO  EvoClassLoader - Seeing class for first time: org.apache.hadoop.hdfs.protocol.proto.ClientNamenodeProtocolProtos$CacheDirectiveInfoProtoOrBuilder
2024-11-12 13:43:07,038 INFO  EvoClassLoader - Instrumenting class 'org.apache.hadoop.hdfs.protocol.proto.ClientNamenodeProtocolProtos$CacheDirectiveInfoProtoOrBuilder'.
2024-11-12 13:43:07,038 INFO  EvoClassLoader - Keeping class: org.apache.hadoop.hdfs.protocol.proto.ClientNamenodeProtocolProtos$CacheDirectiveInfoProtoOrBuilder
2024-11-12 13:43:07,038 INFO  EvoClassLoader - Keeping class: org.apache.hadoop.hdfs.protocol.proto.ClientNamenodeProtocolProtos$CacheDirectiveInfoProto
2024-11-12 13:43:07,038 INFO  EvoClassLoader - Seeing class for first time: org.apache.hadoop.hdfs.protocol.proto.ClientNamenodeProtocolProtos$IsFileClosedResponseProto
2024-11-12 13:43:07,038 INFO  EvoClassLoader - Instrumenting class 'org.apache.hadoop.hdfs.protocol.proto.ClientNamenodeProtocolProtos$IsFileClosedResponseProto'.
2024-11-12 13:43:07,039 INFO  MethodCallReplacementClassAdapter - Adding mock interface to class org/apache/hadoop/hdfs/protocol/proto/ClientNamenodeProtocolProtos$IsFileClosedResponseProto
2024-11-12 13:43:07,041 INFO  CreateClassResetClassAdapter - Found static initializer in class org/apache/hadoop/hdfs/protocol/proto/ClientNamenodeProtocolProtos$IsFileClosedResponseProto
2024-11-12 13:43:07,041 INFO  EvoClassLoader - Seeing class for first time: org.apache.hadoop.hdfs.protocol.proto.ClientNamenodeProtocolProtos$IsFileClosedResponseProtoOrBuilder
2024-11-12 13:43:07,041 INFO  EvoClassLoader - Instrumenting class 'org.apache.hadoop.hdfs.protocol.proto.ClientNamenodeProtocolProtos$IsFileClosedResponseProtoOrBuilder'.
2024-11-12 13:43:07,042 INFO  EvoClassLoader - Keeping class: org.apache.hadoop.hdfs.protocol.proto.ClientNamenodeProtocolProtos$IsFileClosedResponseProtoOrBuilder
2024-11-12 13:43:07,042 INFO  EvoClassLoader - Keeping class: org.apache.hadoop.hdfs.protocol.proto.ClientNamenodeProtocolProtos$IsFileClosedResponseProto
2024-11-12 13:43:07,042 INFO  EvoClassLoader - Seeing class for first time: org.apache.hadoop.hdfs.protocol.proto.ClientNamenodeProtocolProtos$IsFileClosedRequestProto
2024-11-12 13:43:07,042 INFO  EvoClassLoader - Instrumenting class 'org.apache.hadoop.hdfs.protocol.proto.ClientNamenodeProtocolProtos$IsFileClosedRequestProto'.
2024-11-12 13:43:07,042 INFO  MethodCallReplacementClassAdapter - Adding mock interface to class org/apache/hadoop/hdfs/protocol/proto/ClientNamenodeProtocolProtos$IsFileClosedRequestProto
2024-11-12 13:43:07,043 INFO  CreateClassResetClassAdapter - Found static initializer in class org/apache/hadoop/hdfs/protocol/proto/ClientNamenodeProtocolProtos$IsFileClosedRequestProto
2024-11-12 13:43:07,043 INFO  EvoClassLoader - Seeing class for first time: org.apache.hadoop.hdfs.protocol.proto.ClientNamenodeProtocolProtos$IsFileClosedRequestProtoOrBuilder
2024-11-12 13:43:07,043 INFO  EvoClassLoader - Instrumenting class 'org.apache.hadoop.hdfs.protocol.proto.ClientNamenodeProtocolProtos$IsFileClosedRequestProtoOrBuilder'.
2024-11-12 13:43:07,044 INFO  EvoClassLoader - Keeping class: org.apache.hadoop.hdfs.protocol.proto.ClientNamenodeProtocolProtos$IsFileClosedRequestProtoOrBuilder
2024-11-12 13:43:07,044 INFO  EvoClassLoader - Keeping class: org.apache.hadoop.hdfs.protocol.proto.ClientNamenodeProtocolProtos$IsFileClosedRequestProto
2024-11-12 13:43:07,044 INFO  EvoClassLoader - Seeing class for first time: org.apache.hadoop.hdfs.protocol.proto.ClientNamenodeProtocolProtos$GetLocatedFileInfoResponseProto
2024-11-12 13:43:07,044 INFO  EvoClassLoader - Instrumenting class 'org.apache.hadoop.hdfs.protocol.proto.ClientNamenodeProtocolProtos$GetLocatedFileInfoResponseProto'.
2024-11-12 13:43:07,044 INFO  MethodCallReplacementClassAdapter - Adding mock interface to class org/apache/hadoop/hdfs/protocol/proto/ClientNamenodeProtocolProtos$GetLocatedFileInfoResponseProto
2024-11-12 13:43:07,045 INFO  CreateClassResetClassAdapter - Found static initializer in class org/apache/hadoop/hdfs/protocol/proto/ClientNamenodeProtocolProtos$GetLocatedFileInfoResponseProto
2024-11-12 13:43:07,045 INFO  EvoClassLoader - Seeing class for first time: org.apache.hadoop.hdfs.protocol.proto.ClientNamenodeProtocolProtos$GetLocatedFileInfoResponseProtoOrBuilder
2024-11-12 13:43:07,045 INFO  EvoClassLoader - Instrumenting class 'org.apache.hadoop.hdfs.protocol.proto.ClientNamenodeProtocolProtos$GetLocatedFileInfoResponseProtoOrBuilder'.
2024-11-12 13:43:07,046 INFO  EvoClassLoader - Keeping class: org.apache.hadoop.hdfs.protocol.proto.ClientNamenodeProtocolProtos$GetLocatedFileInfoResponseProtoOrBuilder
2024-11-12 13:43:07,046 INFO  EvoClassLoader - Keeping class: org.apache.hadoop.hdfs.protocol.proto.ClientNamenodeProtocolProtos$GetLocatedFileInfoResponseProto
2024-11-12 13:43:07,046 INFO  EvoClassLoader - Seeing class for first time: org.apache.hadoop.hdfs.protocol.proto.ClientNamenodeProtocolProtos$GetLocatedFileInfoRequestProto
2024-11-12 13:43:07,046 INFO  EvoClassLoader - Instrumenting class 'org.apache.hadoop.hdfs.protocol.proto.ClientNamenodeProtocolProtos$GetLocatedFileInfoRequestProto'.
2024-11-12 13:43:07,046 INFO  MethodCallReplacementClassAdapter - Adding mock interface to class org/apache/hadoop/hdfs/protocol/proto/ClientNamenodeProtocolProtos$GetLocatedFileInfoRequestProto
2024-11-12 13:43:07,047 INFO  CreateClassResetClassAdapter - Found static initializer in class org/apache/hadoop/hdfs/protocol/proto/ClientNamenodeProtocolProtos$GetLocatedFileInfoRequestProto
2024-11-12 13:43:07,047 INFO  EvoClassLoader - Seeing class for first time: org.apache.hadoop.hdfs.protocol.proto.ClientNamenodeProtocolProtos$GetLocatedFileInfoRequestProtoOrBuilder
2024-11-12 13:43:07,047 INFO  EvoClassLoader - Instrumenting class 'org.apache.hadoop.hdfs.protocol.proto.ClientNamenodeProtocolProtos$GetLocatedFileInfoRequestProtoOrBuilder'.
2024-11-12 13:43:07,048 INFO  EvoClassLoader - Keeping class: org.apache.hadoop.hdfs.protocol.proto.ClientNamenodeProtocolProtos$GetLocatedFileInfoRequestProtoOrBuilder
2024-11-12 13:43:07,048 INFO  EvoClassLoader - Keeping class: org.apache.hadoop.hdfs.protocol.proto.ClientNamenodeProtocolProtos$GetLocatedFileInfoRequestProto
2024-11-12 13:43:07,048 INFO  EvoClassLoader - Seeing class for first time: org.apache.hadoop.hdfs.protocol.proto.ClientNamenodeProtocolProtos$GetFileInfoResponseProto
2024-11-12 13:43:07,048 INFO  EvoClassLoader - Instrumenting class 'org.apache.hadoop.hdfs.protocol.proto.ClientNamenodeProtocolProtos$GetFileInfoResponseProto'.
2024-11-12 13:43:07,048 INFO  MethodCallReplacementClassAdapter - Adding mock interface to class org/apache/hadoop/hdfs/protocol/proto/ClientNamenodeProtocolProtos$GetFileInfoResponseProto
2024-11-12 13:43:07,049 INFO  CreateClassResetClassAdapter - Found static initializer in class org/apache/hadoop/hdfs/protocol/proto/ClientNamenodeProtocolProtos$GetFileInfoResponseProto
2024-11-12 13:43:07,049 INFO  EvoClassLoader - Seeing class for first time: org.apache.hadoop.hdfs.protocol.proto.ClientNamenodeProtocolProtos$GetFileInfoResponseProtoOrBuilder
2024-11-12 13:43:07,049 INFO  EvoClassLoader - Instrumenting class 'org.apache.hadoop.hdfs.protocol.proto.ClientNamenodeProtocolProtos$GetFileInfoResponseProtoOrBuilder'.
2024-11-12 13:43:07,049 INFO  EvoClassLoader - Keeping class: org.apache.hadoop.hdfs.protocol.proto.ClientNamenodeProtocolProtos$GetFileInfoResponseProtoOrBuilder
2024-11-12 13:43:07,049 INFO  EvoClassLoader - Keeping class: org.apache.hadoop.hdfs.protocol.proto.ClientNamenodeProtocolProtos$GetFileInfoResponseProto
2024-11-12 13:43:07,049 INFO  EvoClassLoader - Seeing class for first time: org.apache.hadoop.hdfs.protocol.proto.ClientNamenodeProtocolProtos$GetFileInfoRequestProto
2024-11-12 13:43:07,049 INFO  EvoClassLoader - Instrumenting class 'org.apache.hadoop.hdfs.protocol.proto.ClientNamenodeProtocolProtos$GetFileInfoRequestProto'.
2024-11-12 13:43:07,050 INFO  MethodCallReplacementClassAdapter - Adding mock interface to class org/apache/hadoop/hdfs/protocol/proto/ClientNamenodeProtocolProtos$GetFileInfoRequestProto
2024-11-12 13:43:07,050 INFO  CreateClassResetClassAdapter - Found static initializer in class org/apache/hadoop/hdfs/protocol/proto/ClientNamenodeProtocolProtos$GetFileInfoRequestProto
2024-11-12 13:43:07,050 INFO  EvoClassLoader - Seeing class for first time: org.apache.hadoop.hdfs.protocol.proto.ClientNamenodeProtocolProtos$GetFileInfoRequestProtoOrBuilder
2024-11-12 13:43:07,050 INFO  EvoClassLoader - Instrumenting class 'org.apache.hadoop.hdfs.protocol.proto.ClientNamenodeProtocolProtos$GetFileInfoRequestProtoOrBuilder'.
2024-11-12 13:43:07,051 INFO  EvoClassLoader - Keeping class: org.apache.hadoop.hdfs.protocol.proto.ClientNamenodeProtocolProtos$GetFileInfoRequestProtoOrBuilder
2024-11-12 13:43:07,051 INFO  EvoClassLoader - Keeping class: org.apache.hadoop.hdfs.protocol.proto.ClientNamenodeProtocolProtos$GetFileInfoRequestProto
2024-11-12 13:43:07,051 INFO  EvoClassLoader - Seeing class for first time: org.apache.hadoop.hdfs.protocol.proto.ClientNamenodeProtocolProtos$MetaSaveResponseProto
2024-11-12 13:43:07,051 INFO  EvoClassLoader - Instrumenting class 'org.apache.hadoop.hdfs.protocol.proto.ClientNamenodeProtocolProtos$MetaSaveResponseProto'.
2024-11-12 13:43:07,051 INFO  MethodCallReplacementClassAdapter - Adding mock interface to class org/apache/hadoop/hdfs/protocol/proto/ClientNamenodeProtocolProtos$MetaSaveResponseProto
2024-11-12 13:43:07,051 INFO  CreateClassResetClassAdapter - Found static initializer in class org/apache/hadoop/hdfs/protocol/proto/ClientNamenodeProtocolProtos$MetaSaveResponseProto
2024-11-12 13:43:07,051 INFO  EvoClassLoader - Seeing class for first time: org.apache.hadoop.hdfs.protocol.proto.ClientNamenodeProtocolProtos$MetaSaveResponseProtoOrBuilder
2024-11-12 13:43:07,051 INFO  EvoClassLoader - Instrumenting class 'org.apache.hadoop.hdfs.protocol.proto.ClientNamenodeProtocolProtos$MetaSaveResponseProtoOrBuilder'.
2024-11-12 13:43:07,051 INFO  EvoClassLoader - Keeping class: org.apache.hadoop.hdfs.protocol.proto.ClientNamenodeProtocolProtos$MetaSaveResponseProtoOrBuilder
2024-11-12 13:43:07,052 INFO  EvoClassLoader - Keeping class: org.apache.hadoop.hdfs.protocol.proto.ClientNamenodeProtocolProtos$MetaSaveResponseProto
2024-11-12 13:43:07,052 INFO  EvoClassLoader - Seeing class for first time: org.apache.hadoop.hdfs.protocol.proto.ClientNamenodeProtocolProtos$MetaSaveRequestProto
2024-11-12 13:43:07,052 INFO  EvoClassLoader - Instrumenting class 'org.apache.hadoop.hdfs.protocol.proto.ClientNamenodeProtocolProtos$MetaSaveRequestProto'.
2024-11-12 13:43:07,052 INFO  MethodCallReplacementClassAdapter - Adding mock interface to class org/apache/hadoop/hdfs/protocol/proto/ClientNamenodeProtocolProtos$MetaSaveRequestProto
2024-11-12 13:43:07,052 INFO  CreateClassResetClassAdapter - Found static initializer in class org/apache/hadoop/hdfs/protocol/proto/ClientNamenodeProtocolProtos$MetaSaveRequestProto
2024-11-12 13:43:07,052 INFO  EvoClassLoader - Seeing class for first time: org.apache.hadoop.hdfs.protocol.proto.ClientNamenodeProtocolProtos$MetaSaveRequestProtoOrBuilder
2024-11-12 13:43:07,053 INFO  EvoClassLoader - Instrumenting class 'org.apache.hadoop.hdfs.protocol.proto.ClientNamenodeProtocolProtos$MetaSaveRequestProtoOrBuilder'.
2024-11-12 13:43:07,053 INFO  EvoClassLoader - Keeping class: org.apache.hadoop.hdfs.protocol.proto.ClientNamenodeProtocolProtos$MetaSaveRequestProtoOrBuilder
2024-11-12 13:43:07,053 INFO  EvoClassLoader - Keeping class: org.apache.hadoop.hdfs.protocol.proto.ClientNamenodeProtocolProtos$MetaSaveRequestProto
2024-11-12 13:43:07,053 INFO  EvoClassLoader - Seeing class for first time: org.apache.hadoop.hdfs.protocol.proto.ClientNamenodeProtocolProtos$ListCorruptFileBlocksResponseProto
2024-11-12 13:43:07,053 INFO  EvoClassLoader - Instrumenting class 'org.apache.hadoop.hdfs.protocol.proto.ClientNamenodeProtocolProtos$ListCorruptFileBlocksResponseProto'.
2024-11-12 13:43:07,053 INFO  MethodCallReplacementClassAdapter - Adding mock interface to class org/apache/hadoop/hdfs/protocol/proto/ClientNamenodeProtocolProtos$ListCorruptFileBlocksResponseProto
2024-11-12 13:43:07,053 INFO  CreateClassResetClassAdapter - Found static initializer in class org/apache/hadoop/hdfs/protocol/proto/ClientNamenodeProtocolProtos$ListCorruptFileBlocksResponseProto
2024-11-12 13:43:07,054 INFO  EvoClassLoader - Seeing class for first time: org.apache.hadoop.hdfs.protocol.proto.ClientNamenodeProtocolProtos$ListCorruptFileBlocksResponseProtoOrBuilder
2024-11-12 13:43:07,054 INFO  EvoClassLoader - Instrumenting class 'org.apache.hadoop.hdfs.protocol.proto.ClientNamenodeProtocolProtos$ListCorruptFileBlocksResponseProtoOrBuilder'.
2024-11-12 13:43:07,054 INFO  EvoClassLoader - Keeping class: org.apache.hadoop.hdfs.protocol.proto.ClientNamenodeProtocolProtos$ListCorruptFileBlocksResponseProtoOrBuilder
2024-11-12 13:43:07,054 INFO  EvoClassLoader - Keeping class: org.apache.hadoop.hdfs.protocol.proto.ClientNamenodeProtocolProtos$ListCorruptFileBlocksResponseProto
2024-11-12 13:43:07,054 INFO  EvoClassLoader - Seeing class for first time: org.apache.hadoop.hdfs.protocol.proto.ClientNamenodeProtocolProtos$ListCorruptFileBlocksRequestProto
2024-11-12 13:43:07,054 INFO  EvoClassLoader - Instrumenting class 'org.apache.hadoop.hdfs.protocol.proto.ClientNamenodeProtocolProtos$ListCorruptFileBlocksRequestProto'.
2024-11-12 13:43:07,054 INFO  MethodCallReplacementClassAdapter - Adding mock interface to class org/apache/hadoop/hdfs/protocol/proto/ClientNamenodeProtocolProtos$ListCorruptFileBlocksRequestProto
2024-11-12 13:43:07,055 INFO  CreateClassResetClassAdapter - Found static initializer in class org/apache/hadoop/hdfs/protocol/proto/ClientNamenodeProtocolProtos$ListCorruptFileBlocksRequestProto
2024-11-12 13:43:07,055 INFO  EvoClassLoader - Seeing class for first time: org.apache.hadoop.hdfs.protocol.proto.ClientNamenodeProtocolProtos$ListCorruptFileBlocksRequestProtoOrBuilder
2024-11-12 13:43:07,055 INFO  EvoClassLoader - Instrumenting class 'org.apache.hadoop.hdfs.protocol.proto.ClientNamenodeProtocolProtos$ListCorruptFileBlocksRequestProtoOrBuilder'.
2024-11-12 13:43:07,055 INFO  EvoClassLoader - Keeping class: org.apache.hadoop.hdfs.protocol.proto.ClientNamenodeProtocolProtos$ListCorruptFileBlocksRequestProtoOrBuilder
2024-11-12 13:43:07,055 INFO  EvoClassLoader - Keeping class: org.apache.hadoop.hdfs.protocol.proto.ClientNamenodeProtocolProtos$ListCorruptFileBlocksRequestProto
2024-11-12 13:43:07,055 INFO  EvoClassLoader - Seeing class for first time: org.apache.hadoop.hdfs.protocol.proto.ClientNamenodeProtocolProtos$RollingUpgradeResponseProto
2024-11-12 13:43:07,055 INFO  EvoClassLoader - Instrumenting class 'org.apache.hadoop.hdfs.protocol.proto.ClientNamenodeProtocolProtos$RollingUpgradeResponseProto'.
2024-11-12 13:43:07,056 INFO  MethodCallReplacementClassAdapter - Adding mock interface to class org/apache/hadoop/hdfs/protocol/proto/ClientNamenodeProtocolProtos$RollingUpgradeResponseProto
2024-11-12 13:43:07,056 INFO  CreateClassResetClassAdapter - Found static initializer in class org/apache/hadoop/hdfs/protocol/proto/ClientNamenodeProtocolProtos$RollingUpgradeResponseProto
2024-11-12 13:43:07,057 INFO  EvoClassLoader - Seeing class for first time: org.apache.hadoop.hdfs.protocol.proto.ClientNamenodeProtocolProtos$RollingUpgradeResponseProtoOrBuilder
2024-11-12 13:43:07,057 INFO  EvoClassLoader - Instrumenting class 'org.apache.hadoop.hdfs.protocol.proto.ClientNamenodeProtocolProtos$RollingUpgradeResponseProtoOrBuilder'.
2024-11-12 13:43:07,057 INFO  EvoClassLoader - Keeping class: org.apache.hadoop.hdfs.protocol.proto.ClientNamenodeProtocolProtos$RollingUpgradeResponseProtoOrBuilder
2024-11-12 13:43:07,057 INFO  EvoClassLoader - Keeping class: org.apache.hadoop.hdfs.protocol.proto.ClientNamenodeProtocolProtos$RollingUpgradeResponseProto
2024-11-12 13:43:07,057 INFO  EvoClassLoader - Seeing class for first time: org.apache.hadoop.hdfs.protocol.proto.ClientNamenodeProtocolProtos$RollingUpgradeInfoProto
2024-11-12 13:43:07,057 INFO  EvoClassLoader - Instrumenting class 'org.apache.hadoop.hdfs.protocol.proto.ClientNamenodeProtocolProtos$RollingUpgradeInfoProto'.
2024-11-12 13:43:07,058 INFO  MethodCallReplacementClassAdapter - Adding mock interface to class org/apache/hadoop/hdfs/protocol/proto/ClientNamenodeProtocolProtos$RollingUpgradeInfoProto
2024-11-12 13:43:07,058 INFO  CreateClassResetClassAdapter - Found static initializer in class org/apache/hadoop/hdfs/protocol/proto/ClientNamenodeProtocolProtos$RollingUpgradeInfoProto
2024-11-12 13:43:07,058 INFO  EvoClassLoader - Seeing class for first time: org.apache.hadoop.hdfs.protocol.proto.ClientNamenodeProtocolProtos$RollingUpgradeInfoProtoOrBuilder
2024-11-12 13:43:07,058 INFO  EvoClassLoader - Instrumenting class 'org.apache.hadoop.hdfs.protocol.proto.ClientNamenodeProtocolProtos$RollingUpgradeInfoProtoOrBuilder'.
2024-11-12 13:43:07,058 INFO  EvoClassLoader - Keeping class: org.apache.hadoop.hdfs.protocol.proto.ClientNamenodeProtocolProtos$RollingUpgradeInfoProtoOrBuilder
2024-11-12 13:43:07,058 INFO  EvoClassLoader - Keeping class: org.apache.hadoop.hdfs.protocol.proto.ClientNamenodeProtocolProtos$RollingUpgradeInfoProto
2024-11-12 13:43:07,058 INFO  EvoClassLoader - Seeing class for first time: org.apache.hadoop.hdfs.protocol.proto.ClientNamenodeProtocolProtos$RollingUpgradeRequestProto
2024-11-12 13:43:07,058 INFO  EvoClassLoader - Instrumenting class 'org.apache.hadoop.hdfs.protocol.proto.ClientNamenodeProtocolProtos$RollingUpgradeRequestProto'.
2024-11-12 13:43:07,059 INFO  MethodCallReplacementClassAdapter - Adding mock interface to class org/apache/hadoop/hdfs/protocol/proto/ClientNamenodeProtocolProtos$RollingUpgradeRequestProto
2024-11-12 13:43:07,059 INFO  CreateClassResetClassAdapter - Found static initializer in class org/apache/hadoop/hdfs/protocol/proto/ClientNamenodeProtocolProtos$RollingUpgradeRequestProto
2024-11-12 13:43:07,059 INFO  EvoClassLoader - Seeing class for first time: org.apache.hadoop.hdfs.protocol.proto.ClientNamenodeProtocolProtos$RollingUpgradeRequestProtoOrBuilder
2024-11-12 13:43:07,059 INFO  EvoClassLoader - Instrumenting class 'org.apache.hadoop.hdfs.protocol.proto.ClientNamenodeProtocolProtos$RollingUpgradeRequestProtoOrBuilder'.
2024-11-12 13:43:07,059 INFO  EvoClassLoader - Keeping class: org.apache.hadoop.hdfs.protocol.proto.ClientNamenodeProtocolProtos$RollingUpgradeRequestProtoOrBuilder
2024-11-12 13:43:07,060 INFO  EvoClassLoader - Keeping class: org.apache.hadoop.hdfs.protocol.proto.ClientNamenodeProtocolProtos$RollingUpgradeRequestProto
2024-11-12 13:43:07,060 INFO  EvoClassLoader - Seeing class for first time: org.apache.hadoop.hdfs.protocol.proto.ClientNamenodeProtocolProtos$UpgradeStatusResponseProto
2024-11-12 13:43:07,060 INFO  EvoClassLoader - Instrumenting class 'org.apache.hadoop.hdfs.protocol.proto.ClientNamenodeProtocolProtos$UpgradeStatusResponseProto'.
2024-11-12 13:43:07,060 INFO  MethodCallReplacementClassAdapter - Adding mock interface to class org/apache/hadoop/hdfs/protocol/proto/ClientNamenodeProtocolProtos$UpgradeStatusResponseProto
2024-11-12 13:43:07,060 INFO  CreateClassResetClassAdapter - Found static initializer in class org/apache/hadoop/hdfs/protocol/proto/ClientNamenodeProtocolProtos$UpgradeStatusResponseProto
2024-11-12 13:43:07,060 INFO  EvoClassLoader - Seeing class for first time: org.apache.hadoop.hdfs.protocol.proto.ClientNamenodeProtocolProtos$UpgradeStatusResponseProtoOrBuilder
2024-11-12 13:43:07,060 INFO  EvoClassLoader - Instrumenting class 'org.apache.hadoop.hdfs.protocol.proto.ClientNamenodeProtocolProtos$UpgradeStatusResponseProtoOrBuilder'.
2024-11-12 13:43:07,060 INFO  EvoClassLoader - Keeping class: org.apache.hadoop.hdfs.protocol.proto.ClientNamenodeProtocolProtos$UpgradeStatusResponseProtoOrBuilder
2024-11-12 13:43:07,060 INFO  EvoClassLoader - Keeping class: org.apache.hadoop.hdfs.protocol.proto.ClientNamenodeProtocolProtos$UpgradeStatusResponseProto
2024-11-12 13:43:07,060 INFO  EvoClassLoader - Seeing class for first time: org.apache.hadoop.hdfs.protocol.proto.ClientNamenodeProtocolProtos$UpgradeStatusRequestProto
2024-11-12 13:43:07,060 INFO  EvoClassLoader - Instrumenting class 'org.apache.hadoop.hdfs.protocol.proto.ClientNamenodeProtocolProtos$UpgradeStatusRequestProto'.
2024-11-12 13:43:07,061 INFO  MethodCallReplacementClassAdapter - Adding mock interface to class org/apache/hadoop/hdfs/protocol/proto/ClientNamenodeProtocolProtos$UpgradeStatusRequestProto
2024-11-12 13:43:07,061 INFO  CreateClassResetClassAdapter - Found static initializer in class org/apache/hadoop/hdfs/protocol/proto/ClientNamenodeProtocolProtos$UpgradeStatusRequestProto
2024-11-12 13:43:07,061 INFO  EvoClassLoader - Seeing class for first time: org.apache.hadoop.hdfs.protocol.proto.ClientNamenodeProtocolProtos$UpgradeStatusRequestProtoOrBuilder
2024-11-12 13:43:07,061 INFO  EvoClassLoader - Instrumenting class 'org.apache.hadoop.hdfs.protocol.proto.ClientNamenodeProtocolProtos$UpgradeStatusRequestProtoOrBuilder'.
2024-11-12 13:43:07,061 INFO  EvoClassLoader - Keeping class: org.apache.hadoop.hdfs.protocol.proto.ClientNamenodeProtocolProtos$UpgradeStatusRequestProtoOrBuilder
2024-11-12 13:43:07,061 INFO  EvoClassLoader - Keeping class: org.apache.hadoop.hdfs.protocol.proto.ClientNamenodeProtocolProtos$UpgradeStatusRequestProto
2024-11-12 13:43:07,061 INFO  EvoClassLoader - Seeing class for first time: org.apache.hadoop.hdfs.protocol.proto.ClientNamenodeProtocolProtos$FinalizeUpgradeResponseProto
2024-11-12 13:43:07,061 INFO  EvoClassLoader - Instrumenting class 'org.apache.hadoop.hdfs.protocol.proto.ClientNamenodeProtocolProtos$FinalizeUpgradeResponseProto'.
2024-11-12 13:43:07,062 INFO  MethodCallReplacementClassAdapter - Adding mock interface to class org/apache/hadoop/hdfs/protocol/proto/ClientNamenodeProtocolProtos$FinalizeUpgradeResponseProto
2024-11-12 13:43:07,062 INFO  CreateClassResetClassAdapter - Found static initializer in class org/apache/hadoop/hdfs/protocol/proto/ClientNamenodeProtocolProtos$FinalizeUpgradeResponseProto
2024-11-12 13:43:07,062 INFO  EvoClassLoader - Seeing class for first time: org.apache.hadoop.hdfs.protocol.proto.ClientNamenodeProtocolProtos$FinalizeUpgradeResponseProtoOrBuilder
2024-11-12 13:43:07,062 INFO  EvoClassLoader - Instrumenting class 'org.apache.hadoop.hdfs.protocol.proto.ClientNamenodeProtocolProtos$FinalizeUpgradeResponseProtoOrBuilder'.
2024-11-12 13:43:07,062 INFO  EvoClassLoader - Keeping class: org.apache.hadoop.hdfs.protocol.proto.ClientNamenodeProtocolProtos$FinalizeUpgradeResponseProtoOrBuilder
2024-11-12 13:43:07,062 INFO  EvoClassLoader - Keeping class: org.apache.hadoop.hdfs.protocol.proto.ClientNamenodeProtocolProtos$FinalizeUpgradeResponseProto
2024-11-12 13:43:07,062 INFO  EvoClassLoader - Seeing class for first time: org.apache.hadoop.hdfs.protocol.proto.ClientNamenodeProtocolProtos$FinalizeUpgradeRequestProto
2024-11-12 13:43:07,062 INFO  EvoClassLoader - Instrumenting class 'org.apache.hadoop.hdfs.protocol.proto.ClientNamenodeProtocolProtos$FinalizeUpgradeRequestProto'.
2024-11-12 13:43:07,063 INFO  MethodCallReplacementClassAdapter - Adding mock interface to class org/apache/hadoop/hdfs/protocol/proto/ClientNamenodeProtocolProtos$FinalizeUpgradeRequestProto
2024-11-12 13:43:07,063 INFO  CreateClassResetClassAdapter - Found static initializer in class org/apache/hadoop/hdfs/protocol/proto/ClientNamenodeProtocolProtos$FinalizeUpgradeRequestProto
2024-11-12 13:43:07,063 INFO  EvoClassLoader - Seeing class for first time: org.apache.hadoop.hdfs.protocol.proto.ClientNamenodeProtocolProtos$FinalizeUpgradeRequestProtoOrBuilder
2024-11-12 13:43:07,063 INFO  EvoClassLoader - Instrumenting class 'org.apache.hadoop.hdfs.protocol.proto.ClientNamenodeProtocolProtos$FinalizeUpgradeRequestProtoOrBuilder'.
2024-11-12 13:43:07,063 INFO  EvoClassLoader - Keeping class: org.apache.hadoop.hdfs.protocol.proto.ClientNamenodeProtocolProtos$FinalizeUpgradeRequestProtoOrBuilder
2024-11-12 13:43:07,063 INFO  EvoClassLoader - Keeping class: org.apache.hadoop.hdfs.protocol.proto.ClientNamenodeProtocolProtos$FinalizeUpgradeRequestProto
2024-11-12 13:43:07,063 INFO  EvoClassLoader - Seeing class for first time: org.apache.hadoop.hdfs.protocol.proto.ClientNamenodeProtocolProtos$RefreshNodesResponseProto
2024-11-12 13:43:07,063 INFO  EvoClassLoader - Instrumenting class 'org.apache.hadoop.hdfs.protocol.proto.ClientNamenodeProtocolProtos$RefreshNodesResponseProto'.
2024-11-12 13:43:07,063 INFO  MethodCallReplacementClassAdapter - Adding mock interface to class org/apache/hadoop/hdfs/protocol/proto/ClientNamenodeProtocolProtos$RefreshNodesResponseProto
2024-11-12 13:43:07,064 INFO  CreateClassResetClassAdapter - Found static initializer in class org/apache/hadoop/hdfs/protocol/proto/ClientNamenodeProtocolProtos$RefreshNodesResponseProto
2024-11-12 13:43:07,064 INFO  EvoClassLoader - Seeing class for first time: org.apache.hadoop.hdfs.protocol.proto.ClientNamenodeProtocolProtos$RefreshNodesResponseProtoOrBuilder
2024-11-12 13:43:07,064 INFO  EvoClassLoader - Instrumenting class 'org.apache.hadoop.hdfs.protocol.proto.ClientNamenodeProtocolProtos$RefreshNodesResponseProtoOrBuilder'.
2024-11-12 13:43:07,064 INFO  EvoClassLoader - Keeping class: org.apache.hadoop.hdfs.protocol.proto.ClientNamenodeProtocolProtos$RefreshNodesResponseProtoOrBuilder
2024-11-12 13:43:07,064 INFO  EvoClassLoader - Keeping class: org.apache.hadoop.hdfs.protocol.proto.ClientNamenodeProtocolProtos$RefreshNodesResponseProto
2024-11-12 13:43:07,064 INFO  EvoClassLoader - Seeing class for first time: org.apache.hadoop.hdfs.protocol.proto.ClientNamenodeProtocolProtos$RefreshNodesRequestProto
2024-11-12 13:43:07,064 INFO  EvoClassLoader - Instrumenting class 'org.apache.hadoop.hdfs.protocol.proto.ClientNamenodeProtocolProtos$RefreshNodesRequestProto'.
2024-11-12 13:43:07,064 INFO  MethodCallReplacementClassAdapter - Adding mock interface to class org/apache/hadoop/hdfs/protocol/proto/ClientNamenodeProtocolProtos$RefreshNodesRequestProto
2024-11-12 13:43:07,065 INFO  CreateClassResetClassAdapter - Found static initializer in class org/apache/hadoop/hdfs/protocol/proto/ClientNamenodeProtocolProtos$RefreshNodesRequestProto
2024-11-12 13:43:07,065 INFO  EvoClassLoader - Seeing class for first time: org.apache.hadoop.hdfs.protocol.proto.ClientNamenodeProtocolProtos$RefreshNodesRequestProtoOrBuilder
2024-11-12 13:43:07,065 INFO  EvoClassLoader - Instrumenting class 'org.apache.hadoop.hdfs.protocol.proto.ClientNamenodeProtocolProtos$RefreshNodesRequestProtoOrBuilder'.
2024-11-12 13:43:07,065 INFO  EvoClassLoader - Keeping class: org.apache.hadoop.hdfs.protocol.proto.ClientNamenodeProtocolProtos$RefreshNodesRequestProtoOrBuilder
2024-11-12 13:43:07,065 INFO  EvoClassLoader - Keeping class: org.apache.hadoop.hdfs.protocol.proto.ClientNamenodeProtocolProtos$RefreshNodesRequestProto
2024-11-12 13:43:07,065 INFO  EvoClassLoader - Seeing class for first time: org.apache.hadoop.hdfs.protocol.proto.ClientNamenodeProtocolProtos$RestoreFailedStorageResponseProto
2024-11-12 13:43:07,065 INFO  EvoClassLoader - Instrumenting class 'org.apache.hadoop.hdfs.protocol.proto.ClientNamenodeProtocolProtos$RestoreFailedStorageResponseProto'.
2024-11-12 13:43:07,065 INFO  MethodCallReplacementClassAdapter - Adding mock interface to class org/apache/hadoop/hdfs/protocol/proto/ClientNamenodeProtocolProtos$RestoreFailedStorageResponseProto
2024-11-12 13:43:07,066 INFO  CreateClassResetClassAdapter - Found static initializer in class org/apache/hadoop/hdfs/protocol/proto/ClientNamenodeProtocolProtos$RestoreFailedStorageResponseProto
2024-11-12 13:43:07,066 INFO  EvoClassLoader - Seeing class for first time: org.apache.hadoop.hdfs.protocol.proto.ClientNamenodeProtocolProtos$RestoreFailedStorageResponseProtoOrBuilder
2024-11-12 13:43:07,066 INFO  EvoClassLoader - Instrumenting class 'org.apache.hadoop.hdfs.protocol.proto.ClientNamenodeProtocolProtos$RestoreFailedStorageResponseProtoOrBuilder'.
2024-11-12 13:43:07,067 INFO  EvoClassLoader - Keeping class: org.apache.hadoop.hdfs.protocol.proto.ClientNamenodeProtocolProtos$RestoreFailedStorageResponseProtoOrBuilder
2024-11-12 13:43:07,067 INFO  EvoClassLoader - Keeping class: org.apache.hadoop.hdfs.protocol.proto.ClientNamenodeProtocolProtos$RestoreFailedStorageResponseProto
2024-11-12 13:43:07,067 INFO  EvoClassLoader - Seeing class for first time: org.apache.hadoop.hdfs.protocol.proto.ClientNamenodeProtocolProtos$RestoreFailedStorageRequestProto
2024-11-12 13:43:07,067 INFO  EvoClassLoader - Instrumenting class 'org.apache.hadoop.hdfs.protocol.proto.ClientNamenodeProtocolProtos$RestoreFailedStorageRequestProto'.
2024-11-12 13:43:07,067 INFO  MethodCallReplacementClassAdapter - Adding mock interface to class org/apache/hadoop/hdfs/protocol/proto/ClientNamenodeProtocolProtos$RestoreFailedStorageRequestProto
2024-11-12 13:43:07,067 INFO  CreateClassResetClassAdapter - Found static initializer in class org/apache/hadoop/hdfs/protocol/proto/ClientNamenodeProtocolProtos$RestoreFailedStorageRequestProto
2024-11-12 13:43:07,068 INFO  EvoClassLoader - Seeing class for first time: org.apache.hadoop.hdfs.protocol.proto.ClientNamenodeProtocolProtos$RestoreFailedStorageRequestProtoOrBuilder
2024-11-12 13:43:07,068 INFO  EvoClassLoader - Instrumenting class 'org.apache.hadoop.hdfs.protocol.proto.ClientNamenodeProtocolProtos$RestoreFailedStorageRequestProtoOrBuilder'.
2024-11-12 13:43:07,068 INFO  EvoClassLoader - Keeping class: org.apache.hadoop.hdfs.protocol.proto.ClientNamenodeProtocolProtos$RestoreFailedStorageRequestProtoOrBuilder
2024-11-12 13:43:07,068 INFO  EvoClassLoader - Keeping class: org.apache.hadoop.hdfs.protocol.proto.ClientNamenodeProtocolProtos$RestoreFailedStorageRequestProto
2024-11-12 13:43:07,068 INFO  EvoClassLoader - Seeing class for first time: org.apache.hadoop.hdfs.protocol.proto.ClientNamenodeProtocolProtos$RollEditsResponseProto
2024-11-12 13:43:07,068 INFO  EvoClassLoader - Instrumenting class 'org.apache.hadoop.hdfs.protocol.proto.ClientNamenodeProtocolProtos$RollEditsResponseProto'.
2024-11-12 13:43:07,068 INFO  MethodCallReplacementClassAdapter - Adding mock interface to class org/apache/hadoop/hdfs/protocol/proto/ClientNamenodeProtocolProtos$RollEditsResponseProto
2024-11-12 13:43:07,069 INFO  CreateClassResetClassAdapter - Found static initializer in class org/apache/hadoop/hdfs/protocol/proto/ClientNamenodeProtocolProtos$RollEditsResponseProto
2024-11-12 13:43:07,069 INFO  EvoClassLoader - Seeing class for first time: org.apache.hadoop.hdfs.protocol.proto.ClientNamenodeProtocolProtos$RollEditsResponseProtoOrBuilder
2024-11-12 13:43:07,069 INFO  EvoClassLoader - Instrumenting class 'org.apache.hadoop.hdfs.protocol.proto.ClientNamenodeProtocolProtos$RollEditsResponseProtoOrBuilder'.
2024-11-12 13:43:07,069 INFO  EvoClassLoader - Keeping class: org.apache.hadoop.hdfs.protocol.proto.ClientNamenodeProtocolProtos$RollEditsResponseProtoOrBuilder
2024-11-12 13:43:07,069 INFO  EvoClassLoader - Keeping class: org.apache.hadoop.hdfs.protocol.proto.ClientNamenodeProtocolProtos$RollEditsResponseProto
2024-11-12 13:43:07,069 INFO  EvoClassLoader - Seeing class for first time: org.apache.hadoop.hdfs.protocol.proto.ClientNamenodeProtocolProtos$RollEditsRequestProto
2024-11-12 13:43:07,069 INFO  EvoClassLoader - Instrumenting class 'org.apache.hadoop.hdfs.protocol.proto.ClientNamenodeProtocolProtos$RollEditsRequestProto'.
2024-11-12 13:43:07,070 INFO  MethodCallReplacementClassAdapter - Adding mock interface to class org/apache/hadoop/hdfs/protocol/proto/ClientNamenodeProtocolProtos$RollEditsRequestProto
2024-11-12 13:43:07,070 INFO  CreateClassResetClassAdapter - Found static initializer in class org/apache/hadoop/hdfs/protocol/proto/ClientNamenodeProtocolProtos$RollEditsRequestProto
2024-11-12 13:43:07,070 INFO  EvoClassLoader - Seeing class for first time: org.apache.hadoop.hdfs.protocol.proto.ClientNamenodeProtocolProtos$RollEditsRequestProtoOrBuilder
2024-11-12 13:43:07,070 INFO  EvoClassLoader - Instrumenting class 'org.apache.hadoop.hdfs.protocol.proto.ClientNamenodeProtocolProtos$RollEditsRequestProtoOrBuilder'.
2024-11-12 13:43:07,070 INFO  EvoClassLoader - Keeping class: org.apache.hadoop.hdfs.protocol.proto.ClientNamenodeProtocolProtos$RollEditsRequestProtoOrBuilder
2024-11-12 13:43:07,070 INFO  EvoClassLoader - Keeping class: org.apache.hadoop.hdfs.protocol.proto.ClientNamenodeProtocolProtos$RollEditsRequestProto
2024-11-12 13:43:07,070 INFO  EvoClassLoader - Seeing class for first time: org.apache.hadoop.hdfs.protocol.proto.ClientNamenodeProtocolProtos$SaveNamespaceResponseProto
2024-11-12 13:43:07,070 INFO  EvoClassLoader - Instrumenting class 'org.apache.hadoop.hdfs.protocol.proto.ClientNamenodeProtocolProtos$SaveNamespaceResponseProto'.
2024-11-12 13:43:07,071 INFO  MethodCallReplacementClassAdapter - Adding mock interface to class org/apache/hadoop/hdfs/protocol/proto/ClientNamenodeProtocolProtos$SaveNamespaceResponseProto
2024-11-12 13:43:07,071 INFO  CreateClassResetClassAdapter - Found static initializer in class org/apache/hadoop/hdfs/protocol/proto/ClientNamenodeProtocolProtos$SaveNamespaceResponseProto
2024-11-12 13:43:07,071 INFO  EvoClassLoader - Seeing class for first time: org.apache.hadoop.hdfs.protocol.proto.ClientNamenodeProtocolProtos$SaveNamespaceResponseProtoOrBuilder
2024-11-12 13:43:07,071 INFO  EvoClassLoader - Instrumenting class 'org.apache.hadoop.hdfs.protocol.proto.ClientNamenodeProtocolProtos$SaveNamespaceResponseProtoOrBuilder'.
2024-11-12 13:43:07,072 INFO  EvoClassLoader - Keeping class: org.apache.hadoop.hdfs.protocol.proto.ClientNamenodeProtocolProtos$SaveNamespaceResponseProtoOrBuilder
2024-11-12 13:43:07,072 INFO  EvoClassLoader - Keeping class: org.apache.hadoop.hdfs.protocol.proto.ClientNamenodeProtocolProtos$SaveNamespaceResponseProto
2024-11-12 13:43:07,072 INFO  EvoClassLoader - Seeing class for first time: org.apache.hadoop.hdfs.protocol.proto.ClientNamenodeProtocolProtos$SaveNamespaceRequestProto
2024-11-12 13:43:07,072 INFO  EvoClassLoader - Instrumenting class 'org.apache.hadoop.hdfs.protocol.proto.ClientNamenodeProtocolProtos$SaveNamespaceRequestProto'.
2024-11-12 13:43:07,073 INFO  MethodCallReplacementClassAdapter - Adding mock interface to class org/apache/hadoop/hdfs/protocol/proto/ClientNamenodeProtocolProtos$SaveNamespaceRequestProto
2024-11-12 13:43:07,073 INFO  CreateClassResetClassAdapter - Found static initializer in class org/apache/hadoop/hdfs/protocol/proto/ClientNamenodeProtocolProtos$SaveNamespaceRequestProto
2024-11-12 13:43:07,074 INFO  EvoClassLoader - Seeing class for first time: org.apache.hadoop.hdfs.protocol.proto.ClientNamenodeProtocolProtos$SaveNamespaceRequestProtoOrBuilder
2024-11-12 13:43:07,074 INFO  EvoClassLoader - Instrumenting class 'org.apache.hadoop.hdfs.protocol.proto.ClientNamenodeProtocolProtos$SaveNamespaceRequestProtoOrBuilder'.
2024-11-12 13:43:07,074 INFO  EvoClassLoader - Keeping class: org.apache.hadoop.hdfs.protocol.proto.ClientNamenodeProtocolProtos$SaveNamespaceRequestProtoOrBuilder
2024-11-12 13:43:07,074 INFO  EvoClassLoader - Keeping class: org.apache.hadoop.hdfs.protocol.proto.ClientNamenodeProtocolProtos$SaveNamespaceRequestProto
2024-11-12 13:43:07,074 INFO  EvoClassLoader - Seeing class for first time: org.apache.hadoop.hdfs.protocol.proto.ClientNamenodeProtocolProtos$SetSafeModeResponseProto
2024-11-12 13:43:07,074 INFO  EvoClassLoader - Instrumenting class 'org.apache.hadoop.hdfs.protocol.proto.ClientNamenodeProtocolProtos$SetSafeModeResponseProto'.
2024-11-12 13:43:07,075 INFO  MethodCallReplacementClassAdapter - Adding mock interface to class org/apache/hadoop/hdfs/protocol/proto/ClientNamenodeProtocolProtos$SetSafeModeResponseProto
2024-11-12 13:43:07,075 INFO  CreateClassResetClassAdapter - Found static initializer in class org/apache/hadoop/hdfs/protocol/proto/ClientNamenodeProtocolProtos$SetSafeModeResponseProto
2024-11-12 13:43:07,076 INFO  EvoClassLoader - Seeing class for first time: org.apache.hadoop.hdfs.protocol.proto.ClientNamenodeProtocolProtos$SetSafeModeResponseProtoOrBuilder
2024-11-12 13:43:07,076 INFO  EvoClassLoader - Instrumenting class 'org.apache.hadoop.hdfs.protocol.proto.ClientNamenodeProtocolProtos$SetSafeModeResponseProtoOrBuilder'.
2024-11-12 13:43:07,076 INFO  EvoClassLoader - Keeping class: org.apache.hadoop.hdfs.protocol.proto.ClientNamenodeProtocolProtos$SetSafeModeResponseProtoOrBuilder
2024-11-12 13:43:07,076 INFO  EvoClassLoader - Keeping class: org.apache.hadoop.hdfs.protocol.proto.ClientNamenodeProtocolProtos$SetSafeModeResponseProto
2024-11-12 13:43:07,076 INFO  EvoClassLoader - Seeing class for first time: org.apache.hadoop.hdfs.protocol.proto.ClientNamenodeProtocolProtos$SetSafeModeRequestProto
2024-11-12 13:43:07,076 INFO  EvoClassLoader - Instrumenting class 'org.apache.hadoop.hdfs.protocol.proto.ClientNamenodeProtocolProtos$SetSafeModeRequestProto'.
2024-11-12 13:43:07,077 INFO  MethodCallReplacementClassAdapter - Adding mock interface to class org/apache/hadoop/hdfs/protocol/proto/ClientNamenodeProtocolProtos$SetSafeModeRequestProto
2024-11-12 13:43:07,077 INFO  CreateClassResetClassAdapter - Found static initializer in class org/apache/hadoop/hdfs/protocol/proto/ClientNamenodeProtocolProtos$SetSafeModeRequestProto
2024-11-12 13:43:07,078 INFO  EvoClassLoader - Seeing class for first time: org.apache.hadoop.hdfs.protocol.proto.ClientNamenodeProtocolProtos$SetSafeModeRequestProtoOrBuilder
2024-11-12 13:43:07,078 INFO  EvoClassLoader - Instrumenting class 'org.apache.hadoop.hdfs.protocol.proto.ClientNamenodeProtocolProtos$SetSafeModeRequestProtoOrBuilder'.
2024-11-12 13:43:07,078 INFO  EvoClassLoader - Keeping class: org.apache.hadoop.hdfs.protocol.proto.ClientNamenodeProtocolProtos$SetSafeModeRequestProtoOrBuilder
2024-11-12 13:43:07,078 INFO  EvoClassLoader - Keeping class: org.apache.hadoop.hdfs.protocol.proto.ClientNamenodeProtocolProtos$SetSafeModeRequestProto
2024-11-12 13:43:07,078 INFO  EvoClassLoader - Seeing class for first time: org.apache.hadoop.hdfs.protocol.proto.ClientNamenodeProtocolProtos$GetSlowDatanodeReportResponseProto
2024-11-12 13:43:07,078 INFO  EvoClassLoader - Instrumenting class 'org.apache.hadoop.hdfs.protocol.proto.ClientNamenodeProtocolProtos$GetSlowDatanodeReportResponseProto'.
2024-11-12 13:43:07,079 INFO  MethodCallReplacementClassAdapter - Adding mock interface to class org/apache/hadoop/hdfs/protocol/proto/ClientNamenodeProtocolProtos$GetSlowDatanodeReportResponseProto
2024-11-12 13:43:07,080 INFO  CreateClassResetClassAdapter - Found static initializer in class org/apache/hadoop/hdfs/protocol/proto/ClientNamenodeProtocolProtos$GetSlowDatanodeReportResponseProto
2024-11-12 13:43:07,081 INFO  EvoClassLoader - Seeing class for first time: org.apache.hadoop.hdfs.protocol.proto.ClientNamenodeProtocolProtos$GetSlowDatanodeReportResponseProtoOrBuilder
2024-11-12 13:43:07,081 INFO  EvoClassLoader - Instrumenting class 'org.apache.hadoop.hdfs.protocol.proto.ClientNamenodeProtocolProtos$GetSlowDatanodeReportResponseProtoOrBuilder'.
2024-11-12 13:43:07,081 INFO  EvoClassLoader - Keeping class: org.apache.hadoop.hdfs.protocol.proto.ClientNamenodeProtocolProtos$GetSlowDatanodeReportResponseProtoOrBuilder
2024-11-12 13:43:07,081 INFO  EvoClassLoader - Keeping class: org.apache.hadoop.hdfs.protocol.proto.ClientNamenodeProtocolProtos$GetSlowDatanodeReportResponseProto
2024-11-12 13:43:07,081 INFO  EvoClassLoader - Seeing class for first time: org.apache.hadoop.hdfs.protocol.proto.ClientNamenodeProtocolProtos$GetEnclosingRootResponseProto
2024-11-12 13:43:07,081 INFO  EvoClassLoader - Instrumenting class 'org.apache.hadoop.hdfs.protocol.proto.ClientNamenodeProtocolProtos$GetEnclosingRootResponseProto'.
2024-11-12 13:43:07,082 INFO  MethodCallReplacementClassAdapter - Adding mock interface to class org/apache/hadoop/hdfs/protocol/proto/ClientNamenodeProtocolProtos$GetEnclosingRootResponseProto
2024-11-12 13:43:07,082 INFO  CreateClassResetClassAdapter - Found static initializer in class org/apache/hadoop/hdfs/protocol/proto/ClientNamenodeProtocolProtos$GetEnclosingRootResponseProto
2024-11-12 13:43:07,083 INFO  EvoClassLoader - Seeing class for first time: org.apache.hadoop.hdfs.protocol.proto.ClientNamenodeProtocolProtos$GetEnclosingRootResponseProtoOrBuilder
2024-11-12 13:43:07,083 INFO  EvoClassLoader - Instrumenting class 'org.apache.hadoop.hdfs.protocol.proto.ClientNamenodeProtocolProtos$GetEnclosingRootResponseProtoOrBuilder'.
2024-11-12 13:43:07,084 INFO  EvoClassLoader - Keeping class: org.apache.hadoop.hdfs.protocol.proto.ClientNamenodeProtocolProtos$GetEnclosingRootResponseProtoOrBuilder
2024-11-12 13:43:07,084 INFO  EvoClassLoader - Keeping class: org.apache.hadoop.hdfs.protocol.proto.ClientNamenodeProtocolProtos$GetEnclosingRootResponseProto
2024-11-12 13:43:07,084 INFO  EvoClassLoader - Seeing class for first time: org.apache.hadoop.hdfs.protocol.proto.ClientNamenodeProtocolProtos$GetEnclosingRootRequestProto
2024-11-12 13:43:07,084 INFO  EvoClassLoader - Instrumenting class 'org.apache.hadoop.hdfs.protocol.proto.ClientNamenodeProtocolProtos$GetEnclosingRootRequestProto'.
2024-11-12 13:43:07,085 INFO  MethodCallReplacementClassAdapter - Adding mock interface to class org/apache/hadoop/hdfs/protocol/proto/ClientNamenodeProtocolProtos$GetEnclosingRootRequestProto
2024-11-12 13:43:07,085 INFO  CreateClassResetClassAdapter - Found static initializer in class org/apache/hadoop/hdfs/protocol/proto/ClientNamenodeProtocolProtos$GetEnclosingRootRequestProto
2024-11-12 13:43:07,086 INFO  EvoClassLoader - Seeing class for first time: org.apache.hadoop.hdfs.protocol.proto.ClientNamenodeProtocolProtos$GetEnclosingRootRequestProtoOrBuilder
2024-11-12 13:43:07,086 INFO  EvoClassLoader - Instrumenting class 'org.apache.hadoop.hdfs.protocol.proto.ClientNamenodeProtocolProtos$GetEnclosingRootRequestProtoOrBuilder'.
2024-11-12 13:43:07,086 INFO  EvoClassLoader - Keeping class: org.apache.hadoop.hdfs.protocol.proto.ClientNamenodeProtocolProtos$GetEnclosingRootRequestProtoOrBuilder
2024-11-12 13:43:07,086 INFO  EvoClassLoader - Keeping class: org.apache.hadoop.hdfs.protocol.proto.ClientNamenodeProtocolProtos$GetEnclosingRootRequestProto
2024-11-12 13:43:07,086 INFO  EvoClassLoader - Seeing class for first time: org.apache.hadoop.hdfs.protocol.proto.ClientNamenodeProtocolProtos$GetSlowDatanodeReportRequestProto
2024-11-12 13:43:07,086 INFO  EvoClassLoader - Instrumenting class 'org.apache.hadoop.hdfs.protocol.proto.ClientNamenodeProtocolProtos$GetSlowDatanodeReportRequestProto'.
2024-11-12 13:43:07,087 INFO  MethodCallReplacementClassAdapter - Adding mock interface to class org/apache/hadoop/hdfs/protocol/proto/ClientNamenodeProtocolProtos$GetSlowDatanodeReportRequestProto
2024-11-12 13:43:07,087 INFO  CreateClassResetClassAdapter - Found static initializer in class org/apache/hadoop/hdfs/protocol/proto/ClientNamenodeProtocolProtos$GetSlowDatanodeReportRequestProto
2024-11-12 13:43:07,087 INFO  EvoClassLoader - Seeing class for first time: org.apache.hadoop.hdfs.protocol.proto.ClientNamenodeProtocolProtos$GetSlowDatanodeReportRequestProtoOrBuilder
2024-11-12 13:43:07,087 INFO  EvoClassLoader - Instrumenting class 'org.apache.hadoop.hdfs.protocol.proto.ClientNamenodeProtocolProtos$GetSlowDatanodeReportRequestProtoOrBuilder'.
2024-11-12 13:43:07,088 INFO  EvoClassLoader - Keeping class: org.apache.hadoop.hdfs.protocol.proto.ClientNamenodeProtocolProtos$GetSlowDatanodeReportRequestProtoOrBuilder
2024-11-12 13:43:07,088 INFO  EvoClassLoader - Keeping class: org.apache.hadoop.hdfs.protocol.proto.ClientNamenodeProtocolProtos$GetSlowDatanodeReportRequestProto
2024-11-12 13:43:07,088 INFO  EvoClassLoader - Seeing class for first time: org.apache.hadoop.hdfs.protocol.proto.ClientNamenodeProtocolProtos$GetPreferredBlockSizeResponseProto
2024-11-12 13:43:07,088 INFO  EvoClassLoader - Instrumenting class 'org.apache.hadoop.hdfs.protocol.proto.ClientNamenodeProtocolProtos$GetPreferredBlockSizeResponseProto'.
2024-11-12 13:43:07,088 INFO  MethodCallReplacementClassAdapter - Adding mock interface to class org/apache/hadoop/hdfs/protocol/proto/ClientNamenodeProtocolProtos$GetPreferredBlockSizeResponseProto
2024-11-12 13:43:07,089 INFO  CreateClassResetClassAdapter - Found static initializer in class org/apache/hadoop/hdfs/protocol/proto/ClientNamenodeProtocolProtos$GetPreferredBlockSizeResponseProto
2024-11-12 13:43:07,089 INFO  EvoClassLoader - Seeing class for first time: org.apache.hadoop.hdfs.protocol.proto.ClientNamenodeProtocolProtos$GetPreferredBlockSizeResponseProtoOrBuilder
2024-11-12 13:43:07,089 INFO  EvoClassLoader - Instrumenting class 'org.apache.hadoop.hdfs.protocol.proto.ClientNamenodeProtocolProtos$GetPreferredBlockSizeResponseProtoOrBuilder'.
2024-11-12 13:43:07,090 INFO  EvoClassLoader - Keeping class: org.apache.hadoop.hdfs.protocol.proto.ClientNamenodeProtocolProtos$GetPreferredBlockSizeResponseProtoOrBuilder
2024-11-12 13:43:07,090 INFO  EvoClassLoader - Keeping class: org.apache.hadoop.hdfs.protocol.proto.ClientNamenodeProtocolProtos$GetPreferredBlockSizeResponseProto
2024-11-12 13:43:07,090 INFO  EvoClassLoader - Seeing class for first time: org.apache.hadoop.hdfs.protocol.proto.ClientNamenodeProtocolProtos$GetPreferredBlockSizeRequestProto
2024-11-12 13:43:07,090 INFO  EvoClassLoader - Instrumenting class 'org.apache.hadoop.hdfs.protocol.proto.ClientNamenodeProtocolProtos$GetPreferredBlockSizeRequestProto'.
2024-11-12 13:43:07,090 INFO  MethodCallReplacementClassAdapter - Adding mock interface to class org/apache/hadoop/hdfs/protocol/proto/ClientNamenodeProtocolProtos$GetPreferredBlockSizeRequestProto
2024-11-12 13:43:07,091 INFO  CreateClassResetClassAdapter - Found static initializer in class org/apache/hadoop/hdfs/protocol/proto/ClientNamenodeProtocolProtos$GetPreferredBlockSizeRequestProto
2024-11-12 13:43:07,091 INFO  EvoClassLoader - Seeing class for first time: org.apache.hadoop.hdfs.protocol.proto.ClientNamenodeProtocolProtos$GetPreferredBlockSizeRequestProtoOrBuilder
2024-11-12 13:43:07,091 INFO  EvoClassLoader - Instrumenting class 'org.apache.hadoop.hdfs.protocol.proto.ClientNamenodeProtocolProtos$GetPreferredBlockSizeRequestProtoOrBuilder'.
2024-11-12 13:43:07,091 INFO  EvoClassLoader - Keeping class: org.apache.hadoop.hdfs.protocol.proto.ClientNamenodeProtocolProtos$GetPreferredBlockSizeRequestProtoOrBuilder
2024-11-12 13:43:07,092 INFO  EvoClassLoader - Keeping class: org.apache.hadoop.hdfs.protocol.proto.ClientNamenodeProtocolProtos$GetPreferredBlockSizeRequestProto
2024-11-12 13:43:07,092 INFO  EvoClassLoader - Seeing class for first time: org.apache.hadoop.hdfs.protocol.proto.ClientNamenodeProtocolProtos$GetDatanodeStorageReportResponseProto
2024-11-12 13:43:07,092 INFO  EvoClassLoader - Instrumenting class 'org.apache.hadoop.hdfs.protocol.proto.ClientNamenodeProtocolProtos$GetDatanodeStorageReportResponseProto'.
2024-11-12 13:43:07,092 INFO  MethodCallReplacementClassAdapter - Adding mock interface to class org/apache/hadoop/hdfs/protocol/proto/ClientNamenodeProtocolProtos$GetDatanodeStorageReportResponseProto
2024-11-12 13:43:07,093 INFO  CreateClassResetClassAdapter - Found static initializer in class org/apache/hadoop/hdfs/protocol/proto/ClientNamenodeProtocolProtos$GetDatanodeStorageReportResponseProto
2024-11-12 13:43:07,093 INFO  EvoClassLoader - Seeing class for first time: org.apache.hadoop.hdfs.protocol.proto.ClientNamenodeProtocolProtos$GetDatanodeStorageReportResponseProtoOrBuilder
2024-11-12 13:43:07,093 INFO  EvoClassLoader - Instrumenting class 'org.apache.hadoop.hdfs.protocol.proto.ClientNamenodeProtocolProtos$GetDatanodeStorageReportResponseProtoOrBuilder'.
2024-11-12 13:43:07,093 INFO  EvoClassLoader - Keeping class: org.apache.hadoop.hdfs.protocol.proto.ClientNamenodeProtocolProtos$GetDatanodeStorageReportResponseProtoOrBuilder
2024-11-12 13:43:07,094 INFO  EvoClassLoader - Keeping class: org.apache.hadoop.hdfs.protocol.proto.ClientNamenodeProtocolProtos$GetDatanodeStorageReportResponseProto
2024-11-12 13:43:07,094 INFO  EvoClassLoader - Seeing class for first time: org.apache.hadoop.hdfs.protocol.proto.ClientNamenodeProtocolProtos$DatanodeStorageReportProto
2024-11-12 13:43:07,094 INFO  EvoClassLoader - Instrumenting class 'org.apache.hadoop.hdfs.protocol.proto.ClientNamenodeProtocolProtos$DatanodeStorageReportProto'.
2024-11-12 13:43:07,094 INFO  MethodCallReplacementClassAdapter - Adding mock interface to class org/apache/hadoop/hdfs/protocol/proto/ClientNamenodeProtocolProtos$DatanodeStorageReportProto
2024-11-12 13:43:07,095 INFO  CreateClassResetClassAdapter - Found static initializer in class org/apache/hadoop/hdfs/protocol/proto/ClientNamenodeProtocolProtos$DatanodeStorageReportProto
2024-11-12 13:43:07,095 INFO  EvoClassLoader - Seeing class for first time: org.apache.hadoop.hdfs.protocol.proto.ClientNamenodeProtocolProtos$DatanodeStorageReportProtoOrBuilder
2024-11-12 13:43:07,095 INFO  EvoClassLoader - Instrumenting class 'org.apache.hadoop.hdfs.protocol.proto.ClientNamenodeProtocolProtos$DatanodeStorageReportProtoOrBuilder'.
2024-11-12 13:43:07,096 INFO  EvoClassLoader - Keeping class: org.apache.hadoop.hdfs.protocol.proto.ClientNamenodeProtocolProtos$DatanodeStorageReportProtoOrBuilder
2024-11-12 13:43:07,096 INFO  EvoClassLoader - Keeping class: org.apache.hadoop.hdfs.protocol.proto.ClientNamenodeProtocolProtos$DatanodeStorageReportProto
2024-11-12 13:43:07,096 INFO  EvoClassLoader - Seeing class for first time: org.apache.hadoop.hdfs.protocol.proto.ClientNamenodeProtocolProtos$GetDatanodeStorageReportRequestProto
2024-11-12 13:43:07,096 INFO  EvoClassLoader - Instrumenting class 'org.apache.hadoop.hdfs.protocol.proto.ClientNamenodeProtocolProtos$GetDatanodeStorageReportRequestProto'.
2024-11-12 13:43:07,096 INFO  MethodCallReplacementClassAdapter - Adding mock interface to class org/apache/hadoop/hdfs/protocol/proto/ClientNamenodeProtocolProtos$GetDatanodeStorageReportRequestProto
2024-11-12 13:43:07,096 INFO  CreateClassResetClassAdapter - Found static initializer in class org/apache/hadoop/hdfs/protocol/proto/ClientNamenodeProtocolProtos$GetDatanodeStorageReportRequestProto
2024-11-12 13:43:07,096 INFO  EvoClassLoader - Seeing class for first time: org.apache.hadoop.hdfs.protocol.proto.ClientNamenodeProtocolProtos$GetDatanodeStorageReportRequestProtoOrBuilder
2024-11-12 13:43:07,096 INFO  EvoClassLoader - Instrumenting class 'org.apache.hadoop.hdfs.protocol.proto.ClientNamenodeProtocolProtos$GetDatanodeStorageReportRequestProtoOrBuilder'.
2024-11-12 13:43:07,097 INFO  EvoClassLoader - Keeping class: org.apache.hadoop.hdfs.protocol.proto.ClientNamenodeProtocolProtos$GetDatanodeStorageReportRequestProtoOrBuilder
2024-11-12 13:43:07,097 INFO  EvoClassLoader - Keeping class: org.apache.hadoop.hdfs.protocol.proto.ClientNamenodeProtocolProtos$GetDatanodeStorageReportRequestProto
2024-11-12 13:43:07,097 INFO  EvoClassLoader - Seeing class for first time: org.apache.hadoop.hdfs.protocol.proto.ClientNamenodeProtocolProtos$GetDatanodeReportResponseProto
2024-11-12 13:43:07,097 INFO  EvoClassLoader - Instrumenting class 'org.apache.hadoop.hdfs.protocol.proto.ClientNamenodeProtocolProtos$GetDatanodeReportResponseProto'.
2024-11-12 13:43:07,097 INFO  MethodCallReplacementClassAdapter - Adding mock interface to class org/apache/hadoop/hdfs/protocol/proto/ClientNamenodeProtocolProtos$GetDatanodeReportResponseProto
2024-11-12 13:43:07,097 INFO  CreateClassResetClassAdapter - Found static initializer in class org/apache/hadoop/hdfs/protocol/proto/ClientNamenodeProtocolProtos$GetDatanodeReportResponseProto
2024-11-12 13:43:07,098 INFO  EvoClassLoader - Seeing class for first time: org.apache.hadoop.hdfs.protocol.proto.ClientNamenodeProtocolProtos$GetDatanodeReportResponseProtoOrBuilder
2024-11-12 13:43:07,098 INFO  EvoClassLoader - Instrumenting class 'org.apache.hadoop.hdfs.protocol.proto.ClientNamenodeProtocolProtos$GetDatanodeReportResponseProtoOrBuilder'.
2024-11-12 13:43:07,098 INFO  EvoClassLoader - Keeping class: org.apache.hadoop.hdfs.protocol.proto.ClientNamenodeProtocolProtos$GetDatanodeReportResponseProtoOrBuilder
2024-11-12 13:43:07,098 INFO  EvoClassLoader - Keeping class: org.apache.hadoop.hdfs.protocol.proto.ClientNamenodeProtocolProtos$GetDatanodeReportResponseProto
2024-11-12 13:43:07,098 INFO  EvoClassLoader - Seeing class for first time: org.apache.hadoop.hdfs.protocol.proto.ClientNamenodeProtocolProtos$GetDatanodeReportRequestProto
2024-11-12 13:43:07,098 INFO  EvoClassLoader - Instrumenting class 'org.apache.hadoop.hdfs.protocol.proto.ClientNamenodeProtocolProtos$GetDatanodeReportRequestProto'.
2024-11-12 13:43:07,098 INFO  MethodCallReplacementClassAdapter - Adding mock interface to class org/apache/hadoop/hdfs/protocol/proto/ClientNamenodeProtocolProtos$GetDatanodeReportRequestProto
2024-11-12 13:43:07,098 INFO  CreateClassResetClassAdapter - Found static initializer in class org/apache/hadoop/hdfs/protocol/proto/ClientNamenodeProtocolProtos$GetDatanodeReportRequestProto
2024-11-12 13:43:07,099 INFO  EvoClassLoader - Seeing class for first time: org.apache.hadoop.hdfs.protocol.proto.ClientNamenodeProtocolProtos$GetDatanodeReportRequestProtoOrBuilder
2024-11-12 13:43:07,099 INFO  EvoClassLoader - Instrumenting class 'org.apache.hadoop.hdfs.protocol.proto.ClientNamenodeProtocolProtos$GetDatanodeReportRequestProtoOrBuilder'.
2024-11-12 13:43:07,099 INFO  EvoClassLoader - Keeping class: org.apache.hadoop.hdfs.protocol.proto.ClientNamenodeProtocolProtos$GetDatanodeReportRequestProtoOrBuilder
2024-11-12 13:43:07,099 INFO  EvoClassLoader - Keeping class: org.apache.hadoop.hdfs.protocol.proto.ClientNamenodeProtocolProtos$GetDatanodeReportRequestProto
2024-11-12 13:43:07,099 INFO  EvoClassLoader - Seeing class for first time: org.apache.hadoop.hdfs.protocol.proto.ClientNamenodeProtocolProtos$GetFsECBlockGroupStatsResponseProto
2024-11-12 13:43:07,099 INFO  EvoClassLoader - Instrumenting class 'org.apache.hadoop.hdfs.protocol.proto.ClientNamenodeProtocolProtos$GetFsECBlockGroupStatsResponseProto'.
2024-11-12 13:43:07,099 INFO  MethodCallReplacementClassAdapter - Adding mock interface to class org/apache/hadoop/hdfs/protocol/proto/ClientNamenodeProtocolProtos$GetFsECBlockGroupStatsResponseProto
2024-11-12 13:43:07,100 INFO  CreateClassResetClassAdapter - Found static initializer in class org/apache/hadoop/hdfs/protocol/proto/ClientNamenodeProtocolProtos$GetFsECBlockGroupStatsResponseProto
2024-11-12 13:43:07,100 INFO  EvoClassLoader - Seeing class for first time: org.apache.hadoop.hdfs.protocol.proto.ClientNamenodeProtocolProtos$GetFsECBlockGroupStatsResponseProtoOrBuilder
2024-11-12 13:43:07,100 INFO  EvoClassLoader - Instrumenting class 'org.apache.hadoop.hdfs.protocol.proto.ClientNamenodeProtocolProtos$GetFsECBlockGroupStatsResponseProtoOrBuilder'.
2024-11-12 13:43:07,100 INFO  EvoClassLoader - Keeping class: org.apache.hadoop.hdfs.protocol.proto.ClientNamenodeProtocolProtos$GetFsECBlockGroupStatsResponseProtoOrBuilder
2024-11-12 13:43:07,100 INFO  EvoClassLoader - Keeping class: org.apache.hadoop.hdfs.protocol.proto.ClientNamenodeProtocolProtos$GetFsECBlockGroupStatsResponseProto
2024-11-12 13:43:07,100 INFO  EvoClassLoader - Seeing class for first time: org.apache.hadoop.hdfs.protocol.proto.ClientNamenodeProtocolProtos$GetFsECBlockGroupStatsRequestProto
2024-11-12 13:43:07,100 INFO  EvoClassLoader - Instrumenting class 'org.apache.hadoop.hdfs.protocol.proto.ClientNamenodeProtocolProtos$GetFsECBlockGroupStatsRequestProto'.
2024-11-12 13:43:07,101 INFO  MethodCallReplacementClassAdapter - Adding mock interface to class org/apache/hadoop/hdfs/protocol/proto/ClientNamenodeProtocolProtos$GetFsECBlockGroupStatsRequestProto
2024-11-12 13:43:07,101 INFO  CreateClassResetClassAdapter - Found static initializer in class org/apache/hadoop/hdfs/protocol/proto/ClientNamenodeProtocolProtos$GetFsECBlockGroupStatsRequestProto
2024-11-12 13:43:07,101 INFO  EvoClassLoader - Seeing class for first time: org.apache.hadoop.hdfs.protocol.proto.ClientNamenodeProtocolProtos$GetFsECBlockGroupStatsRequestProtoOrBuilder
2024-11-12 13:43:07,101 INFO  EvoClassLoader - Instrumenting class 'org.apache.hadoop.hdfs.protocol.proto.ClientNamenodeProtocolProtos$GetFsECBlockGroupStatsRequestProtoOrBuilder'.
2024-11-12 13:43:07,101 INFO  EvoClassLoader - Keeping class: org.apache.hadoop.hdfs.protocol.proto.ClientNamenodeProtocolProtos$GetFsECBlockGroupStatsRequestProtoOrBuilder
2024-11-12 13:43:07,102 INFO  EvoClassLoader - Keeping class: org.apache.hadoop.hdfs.protocol.proto.ClientNamenodeProtocolProtos$GetFsECBlockGroupStatsRequestProto
2024-11-12 13:43:07,102 INFO  EvoClassLoader - Seeing class for first time: org.apache.hadoop.hdfs.protocol.proto.ClientNamenodeProtocolProtos$GetFsReplicatedBlockStatsResponseProto
2024-11-12 13:43:07,102 INFO  EvoClassLoader - Instrumenting class 'org.apache.hadoop.hdfs.protocol.proto.ClientNamenodeProtocolProtos$GetFsReplicatedBlockStatsResponseProto'.
2024-11-12 13:43:07,102 INFO  MethodCallReplacementClassAdapter - Adding mock interface to class org/apache/hadoop/hdfs/protocol/proto/ClientNamenodeProtocolProtos$GetFsReplicatedBlockStatsResponseProto
2024-11-12 13:43:07,102 INFO  CreateClassResetClassAdapter - Found static initializer in class org/apache/hadoop/hdfs/protocol/proto/ClientNamenodeProtocolProtos$GetFsReplicatedBlockStatsResponseProto
2024-11-12 13:43:07,103 INFO  EvoClassLoader - Seeing class for first time: org.apache.hadoop.hdfs.protocol.proto.ClientNamenodeProtocolProtos$GetFsReplicatedBlockStatsResponseProtoOrBuilder
2024-11-12 13:43:07,103 INFO  EvoClassLoader - Instrumenting class 'org.apache.hadoop.hdfs.protocol.proto.ClientNamenodeProtocolProtos$GetFsReplicatedBlockStatsResponseProtoOrBuilder'.
2024-11-12 13:43:07,103 INFO  EvoClassLoader - Keeping class: org.apache.hadoop.hdfs.protocol.proto.ClientNamenodeProtocolProtos$GetFsReplicatedBlockStatsResponseProtoOrBuilder
2024-11-12 13:43:07,103 INFO  EvoClassLoader - Keeping class: org.apache.hadoop.hdfs.protocol.proto.ClientNamenodeProtocolProtos$GetFsReplicatedBlockStatsResponseProto
2024-11-12 13:43:07,103 INFO  EvoClassLoader - Seeing class for first time: org.apache.hadoop.hdfs.protocol.proto.ClientNamenodeProtocolProtos$GetFsReplicatedBlockStatsRequestProto
2024-11-12 13:43:07,103 INFO  EvoClassLoader - Instrumenting class 'org.apache.hadoop.hdfs.protocol.proto.ClientNamenodeProtocolProtos$GetFsReplicatedBlockStatsRequestProto'.
2024-11-12 13:43:07,104 INFO  MethodCallReplacementClassAdapter - Adding mock interface to class org/apache/hadoop/hdfs/protocol/proto/ClientNamenodeProtocolProtos$GetFsReplicatedBlockStatsRequestProto
2024-11-12 13:43:07,104 INFO  CreateClassResetClassAdapter - Found static initializer in class org/apache/hadoop/hdfs/protocol/proto/ClientNamenodeProtocolProtos$GetFsReplicatedBlockStatsRequestProto
2024-11-12 13:43:07,105 INFO  EvoClassLoader - Seeing class for first time: org.apache.hadoop.hdfs.protocol.proto.ClientNamenodeProtocolProtos$GetFsReplicatedBlockStatsRequestProtoOrBuilder
2024-11-12 13:43:07,105 INFO  EvoClassLoader - Instrumenting class 'org.apache.hadoop.hdfs.protocol.proto.ClientNamenodeProtocolProtos$GetFsReplicatedBlockStatsRequestProtoOrBuilder'.
2024-11-12 13:43:07,105 INFO  EvoClassLoader - Keeping class: org.apache.hadoop.hdfs.protocol.proto.ClientNamenodeProtocolProtos$GetFsReplicatedBlockStatsRequestProtoOrBuilder
2024-11-12 13:43:07,105 INFO  EvoClassLoader - Keeping class: org.apache.hadoop.hdfs.protocol.proto.ClientNamenodeProtocolProtos$GetFsReplicatedBlockStatsRequestProto
2024-11-12 13:43:07,105 INFO  EvoClassLoader - Seeing class for first time: org.apache.hadoop.hdfs.protocol.proto.ClientNamenodeProtocolProtos$GetFsStatsResponseProto
2024-11-12 13:43:07,105 INFO  EvoClassLoader - Instrumenting class 'org.apache.hadoop.hdfs.protocol.proto.ClientNamenodeProtocolProtos$GetFsStatsResponseProto'.
2024-11-12 13:43:07,106 INFO  MethodCallReplacementClassAdapter - Adding mock interface to class org/apache/hadoop/hdfs/protocol/proto/ClientNamenodeProtocolProtos$GetFsStatsResponseProto
2024-11-12 13:43:07,106 INFO  CreateClassResetClassAdapter - Found static initializer in class org/apache/hadoop/hdfs/protocol/proto/ClientNamenodeProtocolProtos$GetFsStatsResponseProto
2024-11-12 13:43:07,107 INFO  EvoClassLoader - Seeing class for first time: org.apache.hadoop.hdfs.protocol.proto.ClientNamenodeProtocolProtos$GetFsStatsResponseProtoOrBuilder
2024-11-12 13:43:07,107 INFO  EvoClassLoader - Instrumenting class 'org.apache.hadoop.hdfs.protocol.proto.ClientNamenodeProtocolProtos$GetFsStatsResponseProtoOrBuilder'.
2024-11-12 13:43:07,107 INFO  EvoClassLoader - Keeping class: org.apache.hadoop.hdfs.protocol.proto.ClientNamenodeProtocolProtos$GetFsStatsResponseProtoOrBuilder
2024-11-12 13:43:07,108 INFO  EvoClassLoader - Keeping class: org.apache.hadoop.hdfs.protocol.proto.ClientNamenodeProtocolProtos$GetFsStatsResponseProto
2024-11-12 13:43:07,108 INFO  EvoClassLoader - Seeing class for first time: org.apache.hadoop.hdfs.protocol.proto.ClientNamenodeProtocolProtos$GetFsStatusRequestProto
2024-11-12 13:43:07,108 INFO  EvoClassLoader - Instrumenting class 'org.apache.hadoop.hdfs.protocol.proto.ClientNamenodeProtocolProtos$GetFsStatusRequestProto'.
2024-11-12 13:43:07,108 INFO  MethodCallReplacementClassAdapter - Adding mock interface to class org/apache/hadoop/hdfs/protocol/proto/ClientNamenodeProtocolProtos$GetFsStatusRequestProto
2024-11-12 13:43:07,108 INFO  CreateClassResetClassAdapter - Found static initializer in class org/apache/hadoop/hdfs/protocol/proto/ClientNamenodeProtocolProtos$GetFsStatusRequestProto
2024-11-12 13:43:07,109 INFO  EvoClassLoader - Seeing class for first time: org.apache.hadoop.hdfs.protocol.proto.ClientNamenodeProtocolProtos$GetFsStatusRequestProtoOrBuilder
2024-11-12 13:43:07,109 INFO  EvoClassLoader - Instrumenting class 'org.apache.hadoop.hdfs.protocol.proto.ClientNamenodeProtocolProtos$GetFsStatusRequestProtoOrBuilder'.
2024-11-12 13:43:07,109 INFO  EvoClassLoader - Keeping class: org.apache.hadoop.hdfs.protocol.proto.ClientNamenodeProtocolProtos$GetFsStatusRequestProtoOrBuilder
2024-11-12 13:43:07,109 INFO  EvoClassLoader - Keeping class: org.apache.hadoop.hdfs.protocol.proto.ClientNamenodeProtocolProtos$GetFsStatusRequestProto
2024-11-12 13:43:07,109 INFO  EvoClassLoader - Seeing class for first time: org.apache.hadoop.hdfs.protocol.proto.ClientNamenodeProtocolProtos$RecoverLeaseResponseProto
2024-11-12 13:43:07,109 INFO  EvoClassLoader - Instrumenting class 'org.apache.hadoop.hdfs.protocol.proto.ClientNamenodeProtocolProtos$RecoverLeaseResponseProto'.
2024-11-12 13:43:07,110 INFO  MethodCallReplacementClassAdapter - Adding mock interface to class org/apache/hadoop/hdfs/protocol/proto/ClientNamenodeProtocolProtos$RecoverLeaseResponseProto
2024-11-12 13:43:07,110 INFO  CreateClassResetClassAdapter - Found static initializer in class org/apache/hadoop/hdfs/protocol/proto/ClientNamenodeProtocolProtos$RecoverLeaseResponseProto
2024-11-12 13:43:07,110 INFO  EvoClassLoader - Seeing class for first time: org.apache.hadoop.hdfs.protocol.proto.ClientNamenodeProtocolProtos$RecoverLeaseResponseProtoOrBuilder
2024-11-12 13:43:07,110 INFO  EvoClassLoader - Instrumenting class 'org.apache.hadoop.hdfs.protocol.proto.ClientNamenodeProtocolProtos$RecoverLeaseResponseProtoOrBuilder'.
2024-11-12 13:43:07,111 INFO  EvoClassLoader - Keeping class: org.apache.hadoop.hdfs.protocol.proto.ClientNamenodeProtocolProtos$RecoverLeaseResponseProtoOrBuilder
2024-11-12 13:43:07,111 INFO  EvoClassLoader - Keeping class: org.apache.hadoop.hdfs.protocol.proto.ClientNamenodeProtocolProtos$RecoverLeaseResponseProto
2024-11-12 13:43:07,111 INFO  EvoClassLoader - Seeing class for first time: org.apache.hadoop.hdfs.protocol.proto.ClientNamenodeProtocolProtos$RecoverLeaseRequestProto
2024-11-12 13:43:07,111 INFO  EvoClassLoader - Instrumenting class 'org.apache.hadoop.hdfs.protocol.proto.ClientNamenodeProtocolProtos$RecoverLeaseRequestProto'.
2024-11-12 13:43:07,111 INFO  MethodCallReplacementClassAdapter - Adding mock interface to class org/apache/hadoop/hdfs/protocol/proto/ClientNamenodeProtocolProtos$RecoverLeaseRequestProto
2024-11-12 13:43:07,112 INFO  CreateClassResetClassAdapter - Found static initializer in class org/apache/hadoop/hdfs/protocol/proto/ClientNamenodeProtocolProtos$RecoverLeaseRequestProto
2024-11-12 13:43:07,112 INFO  EvoClassLoader - Seeing class for first time: org.apache.hadoop.hdfs.protocol.proto.ClientNamenodeProtocolProtos$RecoverLeaseRequestProtoOrBuilder
2024-11-12 13:43:07,112 INFO  EvoClassLoader - Instrumenting class 'org.apache.hadoop.hdfs.protocol.proto.ClientNamenodeProtocolProtos$RecoverLeaseRequestProtoOrBuilder'.
2024-11-12 13:43:07,113 INFO  EvoClassLoader - Keeping class: org.apache.hadoop.hdfs.protocol.proto.ClientNamenodeProtocolProtos$RecoverLeaseRequestProtoOrBuilder
2024-11-12 13:43:07,113 INFO  EvoClassLoader - Keeping class: org.apache.hadoop.hdfs.protocol.proto.ClientNamenodeProtocolProtos$RecoverLeaseRequestProto
2024-11-12 13:43:07,113 INFO  EvoClassLoader - Seeing class for first time: org.apache.hadoop.hdfs.protocol.proto.ClientNamenodeProtocolProtos$RenewLeaseResponseProto
2024-11-12 13:43:07,113 INFO  EvoClassLoader - Instrumenting class 'org.apache.hadoop.hdfs.protocol.proto.ClientNamenodeProtocolProtos$RenewLeaseResponseProto'.
2024-11-12 13:43:07,113 INFO  MethodCallReplacementClassAdapter - Adding mock interface to class org/apache/hadoop/hdfs/protocol/proto/ClientNamenodeProtocolProtos$RenewLeaseResponseProto
2024-11-12 13:43:07,114 INFO  CreateClassResetClassAdapter - Found static initializer in class org/apache/hadoop/hdfs/protocol/proto/ClientNamenodeProtocolProtos$RenewLeaseResponseProto
2024-11-12 13:43:07,114 INFO  EvoClassLoader - Seeing class for first time: org.apache.hadoop.hdfs.protocol.proto.ClientNamenodeProtocolProtos$RenewLeaseResponseProtoOrBuilder
2024-11-12 13:43:07,114 INFO  EvoClassLoader - Instrumenting class 'org.apache.hadoop.hdfs.protocol.proto.ClientNamenodeProtocolProtos$RenewLeaseResponseProtoOrBuilder'.
2024-11-12 13:43:07,114 INFO  EvoClassLoader - Keeping class: org.apache.hadoop.hdfs.protocol.proto.ClientNamenodeProtocolProtos$RenewLeaseResponseProtoOrBuilder
2024-11-12 13:43:07,115 INFO  EvoClassLoader - Keeping class: org.apache.hadoop.hdfs.protocol.proto.ClientNamenodeProtocolProtos$RenewLeaseResponseProto
2024-11-12 13:43:07,115 INFO  EvoClassLoader - Seeing class for first time: org.apache.hadoop.hdfs.protocol.proto.ClientNamenodeProtocolProtos$RenewLeaseRequestProto
2024-11-12 13:43:07,115 INFO  EvoClassLoader - Instrumenting class 'org.apache.hadoop.hdfs.protocol.proto.ClientNamenodeProtocolProtos$RenewLeaseRequestProto'.
2024-11-12 13:43:07,115 INFO  MethodCallReplacementClassAdapter - Adding mock interface to class org/apache/hadoop/hdfs/protocol/proto/ClientNamenodeProtocolProtos$RenewLeaseRequestProto
2024-11-12 13:43:07,116 INFO  CreateClassResetClassAdapter - Found static initializer in class org/apache/hadoop/hdfs/protocol/proto/ClientNamenodeProtocolProtos$RenewLeaseRequestProto
2024-11-12 13:43:07,117 INFO  EvoClassLoader - Seeing class for first time: org.apache.hadoop.hdfs.protocol.proto.ClientNamenodeProtocolProtos$RenewLeaseRequestProtoOrBuilder
2024-11-12 13:43:07,117 INFO  EvoClassLoader - Instrumenting class 'org.apache.hadoop.hdfs.protocol.proto.ClientNamenodeProtocolProtos$RenewLeaseRequestProtoOrBuilder'.
2024-11-12 13:43:07,119 INFO  EvoClassLoader - Keeping class: org.apache.hadoop.hdfs.protocol.proto.ClientNamenodeProtocolProtos$RenewLeaseRequestProtoOrBuilder
2024-11-12 13:43:07,119 INFO  EvoClassLoader - Keeping class: org.apache.hadoop.hdfs.protocol.proto.ClientNamenodeProtocolProtos$RenewLeaseRequestProto
2024-11-12 13:43:07,119 INFO  EvoClassLoader - Seeing class for first time: org.apache.hadoop.hdfs.protocol.proto.ClientNamenodeProtocolProtos$GetSnapshotDiffReportListingResponseProto
2024-11-12 13:43:07,119 INFO  EvoClassLoader - Instrumenting class 'org.apache.hadoop.hdfs.protocol.proto.ClientNamenodeProtocolProtos$GetSnapshotDiffReportListingResponseProto'.
2024-11-12 13:43:07,119 INFO  MethodCallReplacementClassAdapter - Adding mock interface to class org/apache/hadoop/hdfs/protocol/proto/ClientNamenodeProtocolProtos$GetSnapshotDiffReportListingResponseProto
2024-11-12 13:43:07,120 INFO  CreateClassResetClassAdapter - Found static initializer in class org/apache/hadoop/hdfs/protocol/proto/ClientNamenodeProtocolProtos$GetSnapshotDiffReportListingResponseProto
2024-11-12 13:43:07,120 INFO  EvoClassLoader - Seeing class for first time: org.apache.hadoop.hdfs.protocol.proto.ClientNamenodeProtocolProtos$GetSnapshotDiffReportListingResponseProtoOrBuilder
2024-11-12 13:43:07,120 INFO  EvoClassLoader - Instrumenting class 'org.apache.hadoop.hdfs.protocol.proto.ClientNamenodeProtocolProtos$GetSnapshotDiffReportListingResponseProtoOrBuilder'.
2024-11-12 13:43:07,121 INFO  EvoClassLoader - Keeping class: org.apache.hadoop.hdfs.protocol.proto.ClientNamenodeProtocolProtos$GetSnapshotDiffReportListingResponseProtoOrBuilder
2024-11-12 13:43:07,121 INFO  EvoClassLoader - Keeping class: org.apache.hadoop.hdfs.protocol.proto.ClientNamenodeProtocolProtos$GetSnapshotDiffReportListingResponseProto
2024-11-12 13:43:07,121 INFO  EvoClassLoader - Seeing class for first time: org.apache.hadoop.hdfs.protocol.proto.ClientNamenodeProtocolProtos$GetSnapshotDiffReportListingRequestProto
2024-11-12 13:43:07,121 INFO  EvoClassLoader - Instrumenting class 'org.apache.hadoop.hdfs.protocol.proto.ClientNamenodeProtocolProtos$GetSnapshotDiffReportListingRequestProto'.
2024-11-12 13:43:07,122 INFO  MethodCallReplacementClassAdapter - Adding mock interface to class org/apache/hadoop/hdfs/protocol/proto/ClientNamenodeProtocolProtos$GetSnapshotDiffReportListingRequestProto
2024-11-12 13:43:07,122 INFO  CreateClassResetClassAdapter - Found static initializer in class org/apache/hadoop/hdfs/protocol/proto/ClientNamenodeProtocolProtos$GetSnapshotDiffReportListingRequestProto
2024-11-12 13:43:07,123 INFO  EvoClassLoader - Seeing class for first time: org.apache.hadoop.hdfs.protocol.proto.ClientNamenodeProtocolProtos$GetSnapshotDiffReportListingRequestProtoOrBuilder
2024-11-12 13:43:07,123 INFO  EvoClassLoader - Instrumenting class 'org.apache.hadoop.hdfs.protocol.proto.ClientNamenodeProtocolProtos$GetSnapshotDiffReportListingRequestProtoOrBuilder'.
2024-11-12 13:43:07,123 INFO  EvoClassLoader - Keeping class: org.apache.hadoop.hdfs.protocol.proto.ClientNamenodeProtocolProtos$GetSnapshotDiffReportListingRequestProtoOrBuilder
2024-11-12 13:43:07,124 INFO  EvoClassLoader - Keeping class: org.apache.hadoop.hdfs.protocol.proto.ClientNamenodeProtocolProtos$GetSnapshotDiffReportListingRequestProto
2024-11-12 13:43:07,124 INFO  EvoClassLoader - Seeing class for first time: org.apache.hadoop.hdfs.protocol.proto.ClientNamenodeProtocolProtos$GetSnapshotDiffReportResponseProto
2024-11-12 13:43:07,124 INFO  EvoClassLoader - Instrumenting class 'org.apache.hadoop.hdfs.protocol.proto.ClientNamenodeProtocolProtos$GetSnapshotDiffReportResponseProto'.
2024-11-12 13:43:07,124 INFO  MethodCallReplacementClassAdapter - Adding mock interface to class org/apache/hadoop/hdfs/protocol/proto/ClientNamenodeProtocolProtos$GetSnapshotDiffReportResponseProto
2024-11-12 13:43:07,124 INFO  CreateClassResetClassAdapter - Found static initializer in class org/apache/hadoop/hdfs/protocol/proto/ClientNamenodeProtocolProtos$GetSnapshotDiffReportResponseProto
2024-11-12 13:43:07,124 INFO  EvoClassLoader - Seeing class for first time: org.apache.hadoop.hdfs.protocol.proto.ClientNamenodeProtocolProtos$GetSnapshotDiffReportResponseProtoOrBuilder
2024-11-12 13:43:07,124 INFO  EvoClassLoader - Instrumenting class 'org.apache.hadoop.hdfs.protocol.proto.ClientNamenodeProtocolProtos$GetSnapshotDiffReportResponseProtoOrBuilder'.
2024-11-12 13:43:07,125 INFO  EvoClassLoader - Keeping class: org.apache.hadoop.hdfs.protocol.proto.ClientNamenodeProtocolProtos$GetSnapshotDiffReportResponseProtoOrBuilder
2024-11-12 13:43:07,125 INFO  EvoClassLoader - Keeping class: org.apache.hadoop.hdfs.protocol.proto.ClientNamenodeProtocolProtos$GetSnapshotDiffReportResponseProto
2024-11-12 13:43:07,125 INFO  EvoClassLoader - Seeing class for first time: org.apache.hadoop.hdfs.protocol.proto.ClientNamenodeProtocolProtos$GetSnapshotDiffReportRequestProto
2024-11-12 13:43:07,125 INFO  EvoClassLoader - Instrumenting class 'org.apache.hadoop.hdfs.protocol.proto.ClientNamenodeProtocolProtos$GetSnapshotDiffReportRequestProto'.
2024-11-12 13:43:07,125 INFO  MethodCallReplacementClassAdapter - Adding mock interface to class org/apache/hadoop/hdfs/protocol/proto/ClientNamenodeProtocolProtos$GetSnapshotDiffReportRequestProto
2024-11-12 13:43:07,125 INFO  CreateClassResetClassAdapter - Found static initializer in class org/apache/hadoop/hdfs/protocol/proto/ClientNamenodeProtocolProtos$GetSnapshotDiffReportRequestProto
2024-11-12 13:43:07,126 INFO  EvoClassLoader - Seeing class for first time: org.apache.hadoop.hdfs.protocol.proto.ClientNamenodeProtocolProtos$GetSnapshotDiffReportRequestProtoOrBuilder
2024-11-12 13:43:07,126 INFO  EvoClassLoader - Instrumenting class 'org.apache.hadoop.hdfs.protocol.proto.ClientNamenodeProtocolProtos$GetSnapshotDiffReportRequestProtoOrBuilder'.
2024-11-12 13:43:07,126 INFO  EvoClassLoader - Keeping class: org.apache.hadoop.hdfs.protocol.proto.ClientNamenodeProtocolProtos$GetSnapshotDiffReportRequestProtoOrBuilder
2024-11-12 13:43:07,126 INFO  EvoClassLoader - Keeping class: org.apache.hadoop.hdfs.protocol.proto.ClientNamenodeProtocolProtos$GetSnapshotDiffReportRequestProto
2024-11-12 13:43:07,126 INFO  EvoClassLoader - Seeing class for first time: org.apache.hadoop.hdfs.protocol.proto.ClientNamenodeProtocolProtos$GetSnapshotListingResponseProto
2024-11-12 13:43:07,126 INFO  EvoClassLoader - Instrumenting class 'org.apache.hadoop.hdfs.protocol.proto.ClientNamenodeProtocolProtos$GetSnapshotListingResponseProto'.
2024-11-12 13:43:07,126 INFO  MethodCallReplacementClassAdapter - Adding mock interface to class org/apache/hadoop/hdfs/protocol/proto/ClientNamenodeProtocolProtos$GetSnapshotListingResponseProto
2024-11-12 13:43:07,126 INFO  CreateClassResetClassAdapter - Found static initializer in class org/apache/hadoop/hdfs/protocol/proto/ClientNamenodeProtocolProtos$GetSnapshotListingResponseProto
2024-11-12 13:43:07,127 INFO  EvoClassLoader - Seeing class for first time: org.apache.hadoop.hdfs.protocol.proto.ClientNamenodeProtocolProtos$GetSnapshotListingResponseProtoOrBuilder
2024-11-12 13:43:07,127 INFO  EvoClassLoader - Instrumenting class 'org.apache.hadoop.hdfs.protocol.proto.ClientNamenodeProtocolProtos$GetSnapshotListingResponseProtoOrBuilder'.
2024-11-12 13:43:07,127 INFO  EvoClassLoader - Keeping class: org.apache.hadoop.hdfs.protocol.proto.ClientNamenodeProtocolProtos$GetSnapshotListingResponseProtoOrBuilder
2024-11-12 13:43:07,127 INFO  EvoClassLoader - Keeping class: org.apache.hadoop.hdfs.protocol.proto.ClientNamenodeProtocolProtos$GetSnapshotListingResponseProto
2024-11-12 13:43:07,127 INFO  EvoClassLoader - Seeing class for first time: org.apache.hadoop.hdfs.protocol.proto.ClientNamenodeProtocolProtos$GetSnapshotListingRequestProto
2024-11-12 13:43:07,127 INFO  EvoClassLoader - Instrumenting class 'org.apache.hadoop.hdfs.protocol.proto.ClientNamenodeProtocolProtos$GetSnapshotListingRequestProto'.
2024-11-12 13:43:07,127 INFO  MethodCallReplacementClassAdapter - Adding mock interface to class org/apache/hadoop/hdfs/protocol/proto/ClientNamenodeProtocolProtos$GetSnapshotListingRequestProto
2024-11-12 13:43:07,127 INFO  CreateClassResetClassAdapter - Found static initializer in class org/apache/hadoop/hdfs/protocol/proto/ClientNamenodeProtocolProtos$GetSnapshotListingRequestProto
2024-11-12 13:43:07,128 INFO  EvoClassLoader - Seeing class for first time: org.apache.hadoop.hdfs.protocol.proto.ClientNamenodeProtocolProtos$GetSnapshotListingRequestProtoOrBuilder
2024-11-12 13:43:07,128 INFO  EvoClassLoader - Instrumenting class 'org.apache.hadoop.hdfs.protocol.proto.ClientNamenodeProtocolProtos$GetSnapshotListingRequestProtoOrBuilder'.
2024-11-12 13:43:07,128 INFO  EvoClassLoader - Keeping class: org.apache.hadoop.hdfs.protocol.proto.ClientNamenodeProtocolProtos$GetSnapshotListingRequestProtoOrBuilder
2024-11-12 13:43:07,128 INFO  EvoClassLoader - Keeping class: org.apache.hadoop.hdfs.protocol.proto.ClientNamenodeProtocolProtos$GetSnapshotListingRequestProto
2024-11-12 13:43:07,128 INFO  EvoClassLoader - Seeing class for first time: org.apache.hadoop.hdfs.protocol.proto.HdfsProtos$SnapshottableDirectoryListingProtoOrBuilder
2024-11-12 13:43:07,128 INFO  EvoClassLoader - Instrumenting class 'org.apache.hadoop.hdfs.protocol.proto.HdfsProtos$SnapshottableDirectoryListingProtoOrBuilder'.
2024-11-12 13:43:07,128 INFO  EvoClassLoader - Keeping class: org.apache.hadoop.hdfs.protocol.proto.HdfsProtos$SnapshottableDirectoryListingProtoOrBuilder
2024-11-12 13:43:07,129 INFO  EvoClassLoader - Seeing class for first time: org.apache.hadoop.hdfs.protocol.proto.ClientNamenodeProtocolProtos$GetSnapshottableDirListingResponseProto$Builder
2024-11-12 13:43:07,129 INFO  EvoClassLoader - Instrumenting class 'org.apache.hadoop.hdfs.protocol.proto.ClientNamenodeProtocolProtos$GetSnapshottableDirListingResponseProto$Builder'.
2024-11-12 13:43:07,129 INFO  MethodCallReplacementClassAdapter - Adding mock interface to class org/apache/hadoop/hdfs/protocol/proto/ClientNamenodeProtocolProtos$GetSnapshottableDirListingResponseProto$Builder
2024-11-12 13:43:07,129 INFO  CreateClassResetClassAdapter - Creating brand-new static initializer in class org/apache/hadoop/hdfs/protocol/proto/ClientNamenodeProtocolProtos$GetSnapshottableDirListingResponseProto$Builder
2024-11-12 13:43:07,130 INFO  EvoClassLoader - Keeping class: org.apache.hadoop.hdfs.protocol.proto.ClientNamenodeProtocolProtos$GetSnapshottableDirListingResponseProto$Builder
2024-11-12 13:43:07,130 INFO  EvoClassLoader - Seeing class for first time: org.apache.hadoop.hdfs.protocol.proto.HdfsProtos$SnapshottableDirectoryListingProto
2024-11-12 13:43:07,130 INFO  EvoClassLoader - Instrumenting class 'org.apache.hadoop.hdfs.protocol.proto.HdfsProtos$SnapshottableDirectoryListingProto'.
2024-11-12 13:43:07,130 INFO  MethodCallReplacementClassAdapter - Adding mock interface to class org/apache/hadoop/hdfs/protocol/proto/HdfsProtos$SnapshottableDirectoryListingProto
2024-11-12 13:43:07,130 INFO  CreateClassResetClassAdapter - Found static initializer in class org/apache/hadoop/hdfs/protocol/proto/HdfsProtos$SnapshottableDirectoryListingProto
2024-11-12 13:43:07,131 INFO  EvoClassLoader - Keeping class: org.apache.hadoop.hdfs.protocol.proto.HdfsProtos$SnapshottableDirectoryListingProto
2024-11-12 13:43:07,131 INFO  EvoClassLoader - Seeing class for first time: org.apache.hadoop.thirdparty.protobuf.SingleFieldBuilderV3
2024-11-12 13:43:07,131 INFO  EvoClassLoader - Instrumenting class 'org.apache.hadoop.thirdparty.protobuf.SingleFieldBuilderV3'.
2024-11-12 13:43:07,132 INFO  MethodCallReplacementClassAdapter - Adding mock interface to class org/apache/hadoop/thirdparty/protobuf/SingleFieldBuilderV3
2024-11-12 13:43:07,132 INFO  CreateClassResetClassAdapter - Creating brand-new static initializer in class org/apache/hadoop/thirdparty/protobuf/SingleFieldBuilderV3
2024-11-12 13:43:07,132 INFO  EvoClassLoader - Keeping class: org.apache.hadoop.thirdparty.protobuf.SingleFieldBuilderV3
2024-11-12 13:43:07,132 INFO  EvoClassLoader - Seeing class for first time: org.apache.hadoop.hdfs.protocol.proto.HdfsProtos$SnapshottableDirectoryListingProto$Builder
2024-11-12 13:43:07,132 INFO  EvoClassLoader - Instrumenting class 'org.apache.hadoop.hdfs.protocol.proto.HdfsProtos$SnapshottableDirectoryListingProto$Builder'.
2024-11-12 13:43:07,132 INFO  MethodCallReplacementClassAdapter - Adding mock interface to class org/apache/hadoop/hdfs/protocol/proto/HdfsProtos$SnapshottableDirectoryListingProto$Builder
2024-11-12 13:43:07,133 INFO  CreateClassResetClassAdapter - Creating brand-new static initializer in class org/apache/hadoop/hdfs/protocol/proto/HdfsProtos$SnapshottableDirectoryListingProto$Builder
2024-11-12 13:43:07,134 INFO  EvoClassLoader - Keeping class: org.apache.hadoop.hdfs.protocol.proto.HdfsProtos$SnapshottableDirectoryListingProto$Builder
2024-11-12 13:43:07,134 INFO  EvoClassLoader - Seeing class for first time: org.apache.hadoop.hdfs.protocol.proto.ClientNamenodeProtocolProtos$GetSnapshotListingResponseProto$1
2024-11-12 13:43:07,134 INFO  EvoClassLoader - Instrumenting class 'org.apache.hadoop.hdfs.protocol.proto.ClientNamenodeProtocolProtos$GetSnapshotListingResponseProto$1'.
2024-11-12 13:43:07,134 INFO  MethodCallReplacementClassAdapter - Adding mock interface to class org/apache/hadoop/hdfs/protocol/proto/ClientNamenodeProtocolProtos$GetSnapshotListingResponseProto$1
2024-11-12 13:43:07,135 INFO  EvoClassLoader - Keeping class: org.apache.hadoop.hdfs.protocol.proto.ClientNamenodeProtocolProtos$GetSnapshotListingResponseProto$1
2024-11-12 13:43:07,135 INFO  EvoClassLoader - Seeing class for first time: org.apache.hadoop.hdfs.protocol.proto.HdfsProtos$SnapshotListingProtoOrBuilder
2024-11-12 13:43:07,135 INFO  EvoClassLoader - Instrumenting class 'org.apache.hadoop.hdfs.protocol.proto.HdfsProtos$SnapshotListingProtoOrBuilder'.
2024-11-12 13:43:07,135 INFO  EvoClassLoader - Keeping class: org.apache.hadoop.hdfs.protocol.proto.HdfsProtos$SnapshotListingProtoOrBuilder
2024-11-12 13:43:07,135 INFO  EvoClassLoader - Seeing class for first time: org.apache.hadoop.hdfs.protocol.proto.HdfsProtos$SnapshotListingProto
2024-11-12 13:43:07,135 INFO  EvoClassLoader - Instrumenting class 'org.apache.hadoop.hdfs.protocol.proto.HdfsProtos$SnapshotListingProto'.
2024-11-12 13:43:07,135 INFO  MethodCallReplacementClassAdapter - Adding mock interface to class org/apache/hadoop/hdfs/protocol/proto/HdfsProtos$SnapshotListingProto
2024-11-12 13:43:07,136 INFO  CreateClassResetClassAdapter - Found static initializer in class org/apache/hadoop/hdfs/protocol/proto/HdfsProtos$SnapshotListingProto
2024-11-12 13:43:07,137 INFO  EvoClassLoader - Keeping class: org.apache.hadoop.hdfs.protocol.proto.HdfsProtos$SnapshotListingProto
2024-11-12 13:43:07,137 INFO  EvoClassLoader - Seeing class for first time: org.apache.hadoop.hdfs.protocol.proto.ClientNamenodeProtocolProtos$GetSnapshotListingResponseProto$Builder
2024-11-12 13:43:07,137 INFO  EvoClassLoader - Instrumenting class 'org.apache.hadoop.hdfs.protocol.proto.ClientNamenodeProtocolProtos$GetSnapshotListingResponseProto$Builder'.
2024-11-12 13:43:07,137 INFO  MethodCallReplacementClassAdapter - Adding mock interface to class org/apache/hadoop/hdfs/protocol/proto/ClientNamenodeProtocolProtos$GetSnapshotListingResponseProto$Builder
2024-11-12 13:43:07,139 INFO  CreateClassResetClassAdapter - Creating brand-new static initializer in class org/apache/hadoop/hdfs/protocol/proto/ClientNamenodeProtocolProtos$GetSnapshotListingResponseProto$Builder
2024-11-12 13:43:07,140 INFO  EvoClassLoader - Keeping class: org.apache.hadoop.hdfs.protocol.proto.ClientNamenodeProtocolProtos$GetSnapshotListingResponseProto$Builder
2024-11-12 13:43:07,141 INFO  EvoClassLoader - Seeing class for first time: org.apache.hadoop.hdfs.protocol.proto.HdfsProtos$SnapshotListingProto$Builder
2024-11-12 13:43:07,141 INFO  EvoClassLoader - Instrumenting class 'org.apache.hadoop.hdfs.protocol.proto.HdfsProtos$SnapshotListingProto$Builder'.
2024-11-12 13:43:07,141 INFO  MethodCallReplacementClassAdapter - Adding mock interface to class org/apache/hadoop/hdfs/protocol/proto/HdfsProtos$SnapshotListingProto$Builder
2024-11-12 13:43:07,143 INFO  CreateClassResetClassAdapter - Creating brand-new static initializer in class org/apache/hadoop/hdfs/protocol/proto/HdfsProtos$SnapshotListingProto$Builder
2024-11-12 13:43:07,144 INFO  EvoClassLoader - Keeping class: org.apache.hadoop.hdfs.protocol.proto.HdfsProtos$SnapshotListingProto$Builder
2024-11-12 13:43:07,144 INFO  EvoClassLoader - Seeing class for first time: org.apache.hadoop.hdfs.protocol.proto.ClientNamenodeProtocolProtos$SetStoragePolicyResponseProto$1
2024-11-12 13:43:07,144 INFO  EvoClassLoader - Instrumenting class 'org.apache.hadoop.hdfs.protocol.proto.ClientNamenodeProtocolProtos$SetStoragePolicyResponseProto$1'.
2024-11-12 13:43:07,144 INFO  MethodCallReplacementClassAdapter - Adding mock interface to class org/apache/hadoop/hdfs/protocol/proto/ClientNamenodeProtocolProtos$SetStoragePolicyResponseProto$1
2024-11-12 13:43:07,144 INFO  EvoClassLoader - Keeping class: org.apache.hadoop.hdfs.protocol.proto.ClientNamenodeProtocolProtos$SetStoragePolicyResponseProto$1
2024-11-12 13:43:07,144 INFO  EvoClassLoader - Seeing class for first time: org.apache.hadoop.hdfs.protocol.proto.ClientNamenodeProtocolProtos$SetStoragePolicyResponseProto
2024-11-12 13:43:07,144 INFO  EvoClassLoader - Instrumenting class 'org.apache.hadoop.hdfs.protocol.proto.ClientNamenodeProtocolProtos$SetStoragePolicyResponseProto'.
2024-11-12 13:43:07,145 INFO  MethodCallReplacementClassAdapter - Adding mock interface to class org/apache/hadoop/hdfs/protocol/proto/ClientNamenodeProtocolProtos$SetStoragePolicyResponseProto
2024-11-12 13:43:07,145 INFO  CreateClassResetClassAdapter - Found static initializer in class org/apache/hadoop/hdfs/protocol/proto/ClientNamenodeProtocolProtos$SetStoragePolicyResponseProto
2024-11-12 13:43:07,145 INFO  EvoClassLoader - Seeing class for first time: org.apache.hadoop.hdfs.protocol.proto.ClientNamenodeProtocolProtos$SetStoragePolicyResponseProtoOrBuilder
2024-11-12 13:43:07,145 INFO  EvoClassLoader - Instrumenting class 'org.apache.hadoop.hdfs.protocol.proto.ClientNamenodeProtocolProtos$SetStoragePolicyResponseProtoOrBuilder'.
2024-11-12 13:43:07,146 INFO  EvoClassLoader - Keeping class: org.apache.hadoop.hdfs.protocol.proto.ClientNamenodeProtocolProtos$SetStoragePolicyResponseProtoOrBuilder
2024-11-12 13:43:07,146 INFO  EvoClassLoader - Keeping class: org.apache.hadoop.hdfs.protocol.proto.ClientNamenodeProtocolProtos$SetStoragePolicyResponseProto
2024-11-12 13:43:07,146 INFO  EvoClassLoader - Seeing class for first time: org.apache.hadoop.hdfs.protocol.proto.ClientNamenodeProtocolProtos$GetSnapshottableDirListingRequestProto
2024-11-12 13:43:07,146 INFO  EvoClassLoader - Instrumenting class 'org.apache.hadoop.hdfs.protocol.proto.ClientNamenodeProtocolProtos$GetSnapshottableDirListingRequestProto'.
2024-11-12 13:43:07,146 INFO  MethodCallReplacementClassAdapter - Adding mock interface to class org/apache/hadoop/hdfs/protocol/proto/ClientNamenodeProtocolProtos$GetSnapshottableDirListingRequestProto
2024-11-12 13:43:07,146 INFO  CreateClassResetClassAdapter - Found static initializer in class org/apache/hadoop/hdfs/protocol/proto/ClientNamenodeProtocolProtos$GetSnapshottableDirListingRequestProto
2024-11-12 13:43:07,147 INFO  EvoClassLoader - Seeing class for first time: org.apache.hadoop.hdfs.protocol.proto.ClientNamenodeProtocolProtos$GetSnapshottableDirListingRequestProtoOrBuilder
2024-11-12 13:43:07,147 INFO  EvoClassLoader - Instrumenting class 'org.apache.hadoop.hdfs.protocol.proto.ClientNamenodeProtocolProtos$GetSnapshottableDirListingRequestProtoOrBuilder'.
2024-11-12 13:43:07,147 INFO  EvoClassLoader - Keeping class: org.apache.hadoop.hdfs.protocol.proto.ClientNamenodeProtocolProtos$GetSnapshottableDirListingRequestProtoOrBuilder
2024-11-12 13:43:07,147 INFO  EvoClassLoader - Keeping class: org.apache.hadoop.hdfs.protocol.proto.ClientNamenodeProtocolProtos$GetSnapshottableDirListingRequestProto
2024-11-12 13:43:07,147 INFO  EvoClassLoader - Seeing class for first time: org.apache.hadoop.hdfs.protocol.proto.ClientNamenodeProtocolProtos$GetBatchedListingResponseProto
2024-11-12 13:43:07,147 INFO  EvoClassLoader - Instrumenting class 'org.apache.hadoop.hdfs.protocol.proto.ClientNamenodeProtocolProtos$GetBatchedListingResponseProto'.
2024-11-12 13:43:07,147 INFO  MethodCallReplacementClassAdapter - Adding mock interface to class org/apache/hadoop/hdfs/protocol/proto/ClientNamenodeProtocolProtos$GetBatchedListingResponseProto
2024-11-12 13:43:07,148 INFO  CreateClassResetClassAdapter - Found static initializer in class org/apache/hadoop/hdfs/protocol/proto/ClientNamenodeProtocolProtos$GetBatchedListingResponseProto
2024-11-12 13:43:07,149 INFO  EvoClassLoader - Seeing class for first time: org.apache.hadoop.hdfs.protocol.proto.ClientNamenodeProtocolProtos$GetBatchedListingResponseProtoOrBuilder
2024-11-12 13:43:07,149 INFO  EvoClassLoader - Instrumenting class 'org.apache.hadoop.hdfs.protocol.proto.ClientNamenodeProtocolProtos$GetBatchedListingResponseProtoOrBuilder'.
2024-11-12 13:43:07,150 INFO  EvoClassLoader - Keeping class: org.apache.hadoop.hdfs.protocol.proto.ClientNamenodeProtocolProtos$GetBatchedListingResponseProtoOrBuilder
2024-11-12 13:43:07,150 INFO  EvoClassLoader - Keeping class: org.apache.hadoop.hdfs.protocol.proto.ClientNamenodeProtocolProtos$GetBatchedListingResponseProto
2024-11-12 13:43:07,150 INFO  EvoClassLoader - Seeing class for first time: org.apache.hadoop.hdfs.protocol.proto.ClientNamenodeProtocolProtos$GetBatchedListingRequestProto
2024-11-12 13:43:07,150 INFO  EvoClassLoader - Instrumenting class 'org.apache.hadoop.hdfs.protocol.proto.ClientNamenodeProtocolProtos$GetBatchedListingRequestProto'.
2024-11-12 13:43:07,150 INFO  MethodCallReplacementClassAdapter - Adding mock interface to class org/apache/hadoop/hdfs/protocol/proto/ClientNamenodeProtocolProtos$GetBatchedListingRequestProto
2024-11-12 13:43:07,151 INFO  CreateClassResetClassAdapter - Found static initializer in class org/apache/hadoop/hdfs/protocol/proto/ClientNamenodeProtocolProtos$GetBatchedListingRequestProto
2024-11-12 13:43:07,152 INFO  EvoClassLoader - Seeing class for first time: org.apache.hadoop.hdfs.protocol.proto.ClientNamenodeProtocolProtos$GetBatchedListingRequestProtoOrBuilder
2024-11-12 13:43:07,152 INFO  EvoClassLoader - Instrumenting class 'org.apache.hadoop.hdfs.protocol.proto.ClientNamenodeProtocolProtos$GetBatchedListingRequestProtoOrBuilder'.
2024-11-12 13:43:07,153 INFO  EvoClassLoader - Keeping class: org.apache.hadoop.hdfs.protocol.proto.ClientNamenodeProtocolProtos$GetBatchedListingRequestProtoOrBuilder
2024-11-12 13:43:07,153 INFO  EvoClassLoader - Keeping class: org.apache.hadoop.hdfs.protocol.proto.ClientNamenodeProtocolProtos$GetBatchedListingRequestProto
2024-11-12 13:43:07,153 INFO  EvoClassLoader - Seeing class for first time: org.apache.hadoop.hdfs.protocol.proto.ClientNamenodeProtocolProtos$GetListingResponseProto
2024-11-12 13:43:07,153 INFO  EvoClassLoader - Instrumenting class 'org.apache.hadoop.hdfs.protocol.proto.ClientNamenodeProtocolProtos$GetListingResponseProto'.
2024-11-12 13:43:07,153 INFO  MethodCallReplacementClassAdapter - Adding mock interface to class org/apache/hadoop/hdfs/protocol/proto/ClientNamenodeProtocolProtos$GetListingResponseProto
2024-11-12 13:43:07,154 INFO  CreateClassResetClassAdapter - Found static initializer in class org/apache/hadoop/hdfs/protocol/proto/ClientNamenodeProtocolProtos$GetListingResponseProto
2024-11-12 13:43:07,154 INFO  EvoClassLoader - Seeing class for first time: org.apache.hadoop.hdfs.protocol.proto.ClientNamenodeProtocolProtos$GetListingResponseProtoOrBuilder
2024-11-12 13:43:07,154 INFO  EvoClassLoader - Instrumenting class 'org.apache.hadoop.hdfs.protocol.proto.ClientNamenodeProtocolProtos$GetListingResponseProtoOrBuilder'.
2024-11-12 13:43:07,155 INFO  EvoClassLoader - Keeping class: org.apache.hadoop.hdfs.protocol.proto.ClientNamenodeProtocolProtos$GetListingResponseProtoOrBuilder
2024-11-12 13:43:07,155 INFO  EvoClassLoader - Keeping class: org.apache.hadoop.hdfs.protocol.proto.ClientNamenodeProtocolProtos$GetListingResponseProto
2024-11-12 13:43:07,155 INFO  EvoClassLoader - Seeing class for first time: org.apache.hadoop.hdfs.protocol.proto.ClientNamenodeProtocolProtos$GetListingRequestProto
2024-11-12 13:43:07,155 INFO  EvoClassLoader - Instrumenting class 'org.apache.hadoop.hdfs.protocol.proto.ClientNamenodeProtocolProtos$GetListingRequestProto'.
2024-11-12 13:43:07,156 INFO  MethodCallReplacementClassAdapter - Adding mock interface to class org/apache/hadoop/hdfs/protocol/proto/ClientNamenodeProtocolProtos$GetListingRequestProto
2024-11-12 13:43:07,156 INFO  CreateClassResetClassAdapter - Found static initializer in class org/apache/hadoop/hdfs/protocol/proto/ClientNamenodeProtocolProtos$GetListingRequestProto
2024-11-12 13:43:07,157 INFO  EvoClassLoader - Seeing class for first time: org.apache.hadoop.hdfs.protocol.proto.ClientNamenodeProtocolProtos$GetListingRequestProtoOrBuilder
2024-11-12 13:43:07,157 INFO  EvoClassLoader - Instrumenting class 'org.apache.hadoop.hdfs.protocol.proto.ClientNamenodeProtocolProtos$GetListingRequestProtoOrBuilder'.
2024-11-12 13:43:07,157 INFO  EvoClassLoader - Keeping class: org.apache.hadoop.hdfs.protocol.proto.ClientNamenodeProtocolProtos$GetListingRequestProtoOrBuilder
2024-11-12 13:43:07,157 INFO  EvoClassLoader - Keeping class: org.apache.hadoop.hdfs.protocol.proto.ClientNamenodeProtocolProtos$GetListingRequestProto
2024-11-12 13:43:07,157 INFO  EvoClassLoader - Seeing class for first time: org.apache.hadoop.hdfs.protocol.proto.ClientNamenodeProtocolProtos$MkdirsResponseProto
2024-11-12 13:43:07,157 INFO  EvoClassLoader - Instrumenting class 'org.apache.hadoop.hdfs.protocol.proto.ClientNamenodeProtocolProtos$MkdirsResponseProto'.
2024-11-12 13:43:07,157 INFO  MethodCallReplacementClassAdapter - Adding mock interface to class org/apache/hadoop/hdfs/protocol/proto/ClientNamenodeProtocolProtos$MkdirsResponseProto
2024-11-12 13:43:07,158 INFO  CreateClassResetClassAdapter - Found static initializer in class org/apache/hadoop/hdfs/protocol/proto/ClientNamenodeProtocolProtos$MkdirsResponseProto
2024-11-12 13:43:07,158 INFO  EvoClassLoader - Seeing class for first time: org.apache.hadoop.hdfs.protocol.proto.ClientNamenodeProtocolProtos$MkdirsResponseProtoOrBuilder
2024-11-12 13:43:07,158 INFO  EvoClassLoader - Instrumenting class 'org.apache.hadoop.hdfs.protocol.proto.ClientNamenodeProtocolProtos$MkdirsResponseProtoOrBuilder'.
2024-11-12 13:43:07,158 INFO  EvoClassLoader - Keeping class: org.apache.hadoop.hdfs.protocol.proto.ClientNamenodeProtocolProtos$MkdirsResponseProtoOrBuilder
2024-11-12 13:43:07,158 INFO  EvoClassLoader - Keeping class: org.apache.hadoop.hdfs.protocol.proto.ClientNamenodeProtocolProtos$MkdirsResponseProto
2024-11-12 13:43:07,158 INFO  EvoClassLoader - Seeing class for first time: org.apache.hadoop.hdfs.protocol.proto.ClientNamenodeProtocolProtos$MkdirsRequestProto
2024-11-12 13:43:07,158 INFO  EvoClassLoader - Instrumenting class 'org.apache.hadoop.hdfs.protocol.proto.ClientNamenodeProtocolProtos$MkdirsRequestProto'.
2024-11-12 13:43:07,158 INFO  MethodCallReplacementClassAdapter - Adding mock interface to class org/apache/hadoop/hdfs/protocol/proto/ClientNamenodeProtocolProtos$MkdirsRequestProto
2024-11-12 13:43:07,159 INFO  CreateClassResetClassAdapter - Found static initializer in class org/apache/hadoop/hdfs/protocol/proto/ClientNamenodeProtocolProtos$MkdirsRequestProto
2024-11-12 13:43:07,159 INFO  EvoClassLoader - Seeing class for first time: org.apache.hadoop.hdfs.protocol.proto.ClientNamenodeProtocolProtos$MkdirsRequestProtoOrBuilder
2024-11-12 13:43:07,159 INFO  EvoClassLoader - Instrumenting class 'org.apache.hadoop.hdfs.protocol.proto.ClientNamenodeProtocolProtos$MkdirsRequestProtoOrBuilder'.
2024-11-12 13:43:07,159 INFO  EvoClassLoader - Keeping class: org.apache.hadoop.hdfs.protocol.proto.ClientNamenodeProtocolProtos$MkdirsRequestProtoOrBuilder
2024-11-12 13:43:07,159 INFO  EvoClassLoader - Keeping class: org.apache.hadoop.hdfs.protocol.proto.ClientNamenodeProtocolProtos$MkdirsRequestProto
2024-11-12 13:43:07,159 INFO  EvoClassLoader - Seeing class for first time: org.apache.hadoop.hdfs.protocol.proto.ClientNamenodeProtocolProtos$DeleteResponseProto
2024-11-12 13:43:07,159 INFO  EvoClassLoader - Instrumenting class 'org.apache.hadoop.hdfs.protocol.proto.ClientNamenodeProtocolProtos$DeleteResponseProto'.
2024-11-12 13:43:07,160 INFO  MethodCallReplacementClassAdapter - Adding mock interface to class org/apache/hadoop/hdfs/protocol/proto/ClientNamenodeProtocolProtos$DeleteResponseProto
2024-11-12 13:43:07,160 INFO  CreateClassResetClassAdapter - Found static initializer in class org/apache/hadoop/hdfs/protocol/proto/ClientNamenodeProtocolProtos$DeleteResponseProto
2024-11-12 13:43:07,160 INFO  EvoClassLoader - Seeing class for first time: org.apache.hadoop.hdfs.protocol.proto.ClientNamenodeProtocolProtos$DeleteResponseProtoOrBuilder
2024-11-12 13:43:07,160 INFO  EvoClassLoader - Instrumenting class 'org.apache.hadoop.hdfs.protocol.proto.ClientNamenodeProtocolProtos$DeleteResponseProtoOrBuilder'.
2024-11-12 13:43:07,160 INFO  EvoClassLoader - Keeping class: org.apache.hadoop.hdfs.protocol.proto.ClientNamenodeProtocolProtos$DeleteResponseProtoOrBuilder
2024-11-12 13:43:07,160 INFO  EvoClassLoader - Keeping class: org.apache.hadoop.hdfs.protocol.proto.ClientNamenodeProtocolProtos$DeleteResponseProto
2024-11-12 13:43:07,161 INFO  EvoClassLoader - Seeing class for first time: org.apache.hadoop.hdfs.protocol.proto.ClientNamenodeProtocolProtos$DeleteRequestProto
2024-11-12 13:43:07,161 INFO  EvoClassLoader - Instrumenting class 'org.apache.hadoop.hdfs.protocol.proto.ClientNamenodeProtocolProtos$DeleteRequestProto'.
2024-11-12 13:43:07,161 INFO  MethodCallReplacementClassAdapter - Adding mock interface to class org/apache/hadoop/hdfs/protocol/proto/ClientNamenodeProtocolProtos$DeleteRequestProto
2024-11-12 13:43:07,161 INFO  CreateClassResetClassAdapter - Found static initializer in class org/apache/hadoop/hdfs/protocol/proto/ClientNamenodeProtocolProtos$DeleteRequestProto
2024-11-12 13:43:07,161 INFO  EvoClassLoader - Seeing class for first time: org.apache.hadoop.hdfs.protocol.proto.ClientNamenodeProtocolProtos$DeleteRequestProtoOrBuilder
2024-11-12 13:43:07,161 INFO  EvoClassLoader - Instrumenting class 'org.apache.hadoop.hdfs.protocol.proto.ClientNamenodeProtocolProtos$DeleteRequestProtoOrBuilder'.
2024-11-12 13:43:07,161 INFO  EvoClassLoader - Keeping class: org.apache.hadoop.hdfs.protocol.proto.ClientNamenodeProtocolProtos$DeleteRequestProtoOrBuilder
2024-11-12 13:43:07,162 INFO  EvoClassLoader - Keeping class: org.apache.hadoop.hdfs.protocol.proto.ClientNamenodeProtocolProtos$DeleteRequestProto
2024-11-12 13:43:07,162 INFO  EvoClassLoader - Seeing class for first time: org.apache.hadoop.hdfs.protocol.proto.ClientNamenodeProtocolProtos$Rename2ResponseProto
2024-11-12 13:43:07,162 INFO  EvoClassLoader - Instrumenting class 'org.apache.hadoop.hdfs.protocol.proto.ClientNamenodeProtocolProtos$Rename2ResponseProto'.
2024-11-12 13:43:07,162 INFO  MethodCallReplacementClassAdapter - Adding mock interface to class org/apache/hadoop/hdfs/protocol/proto/ClientNamenodeProtocolProtos$Rename2ResponseProto
2024-11-12 13:43:07,162 INFO  CreateClassResetClassAdapter - Found static initializer in class org/apache/hadoop/hdfs/protocol/proto/ClientNamenodeProtocolProtos$Rename2ResponseProto
2024-11-12 13:43:07,162 INFO  EvoClassLoader - Seeing class for first time: org.apache.hadoop.hdfs.protocol.proto.ClientNamenodeProtocolProtos$Rename2ResponseProtoOrBuilder
2024-11-12 13:43:07,162 INFO  EvoClassLoader - Instrumenting class 'org.apache.hadoop.hdfs.protocol.proto.ClientNamenodeProtocolProtos$Rename2ResponseProtoOrBuilder'.
2024-11-12 13:43:07,162 INFO  EvoClassLoader - Keeping class: org.apache.hadoop.hdfs.protocol.proto.ClientNamenodeProtocolProtos$Rename2ResponseProtoOrBuilder
2024-11-12 13:43:07,162 INFO  EvoClassLoader - Keeping class: org.apache.hadoop.hdfs.protocol.proto.ClientNamenodeProtocolProtos$Rename2ResponseProto
2024-11-12 13:43:07,162 INFO  EvoClassLoader - Seeing class for first time: org.apache.hadoop.hdfs.protocol.proto.ClientNamenodeProtocolProtos$Rename2RequestProto
2024-11-12 13:43:07,162 INFO  EvoClassLoader - Instrumenting class 'org.apache.hadoop.hdfs.protocol.proto.ClientNamenodeProtocolProtos$Rename2RequestProto'.
2024-11-12 13:43:07,163 INFO  MethodCallReplacementClassAdapter - Adding mock interface to class org/apache/hadoop/hdfs/protocol/proto/ClientNamenodeProtocolProtos$Rename2RequestProto
2024-11-12 13:43:07,163 INFO  CreateClassResetClassAdapter - Found static initializer in class org/apache/hadoop/hdfs/protocol/proto/ClientNamenodeProtocolProtos$Rename2RequestProto
2024-11-12 13:43:07,163 INFO  EvoClassLoader - Seeing class for first time: org.apache.hadoop.hdfs.protocol.proto.ClientNamenodeProtocolProtos$Rename2RequestProtoOrBuilder
2024-11-12 13:43:07,163 INFO  EvoClassLoader - Instrumenting class 'org.apache.hadoop.hdfs.protocol.proto.ClientNamenodeProtocolProtos$Rename2RequestProtoOrBuilder'.
2024-11-12 13:43:07,164 INFO  EvoClassLoader - Keeping class: org.apache.hadoop.hdfs.protocol.proto.ClientNamenodeProtocolProtos$Rename2RequestProtoOrBuilder
2024-11-12 13:43:07,164 INFO  EvoClassLoader - Keeping class: org.apache.hadoop.hdfs.protocol.proto.ClientNamenodeProtocolProtos$Rename2RequestProto
2024-11-12 13:43:07,164 INFO  EvoClassLoader - Seeing class for first time: org.apache.hadoop.hdfs.protocol.proto.ClientNamenodeProtocolProtos$RenameResponseProto
2024-11-12 13:43:07,164 INFO  EvoClassLoader - Instrumenting class 'org.apache.hadoop.hdfs.protocol.proto.ClientNamenodeProtocolProtos$RenameResponseProto'.
2024-11-12 13:43:07,164 INFO  MethodCallReplacementClassAdapter - Adding mock interface to class org/apache/hadoop/hdfs/protocol/proto/ClientNamenodeProtocolProtos$RenameResponseProto
2024-11-12 13:43:07,165 INFO  CreateClassResetClassAdapter - Found static initializer in class org/apache/hadoop/hdfs/protocol/proto/ClientNamenodeProtocolProtos$RenameResponseProto
2024-11-12 13:43:07,165 INFO  EvoClassLoader - Seeing class for first time: org.apache.hadoop.hdfs.protocol.proto.ClientNamenodeProtocolProtos$RenameResponseProtoOrBuilder
2024-11-12 13:43:07,165 INFO  EvoClassLoader - Instrumenting class 'org.apache.hadoop.hdfs.protocol.proto.ClientNamenodeProtocolProtos$RenameResponseProtoOrBuilder'.
2024-11-12 13:43:07,165 INFO  EvoClassLoader - Keeping class: org.apache.hadoop.hdfs.protocol.proto.ClientNamenodeProtocolProtos$RenameResponseProtoOrBuilder
2024-11-12 13:43:07,165 INFO  EvoClassLoader - Keeping class: org.apache.hadoop.hdfs.protocol.proto.ClientNamenodeProtocolProtos$RenameResponseProto
2024-11-12 13:43:07,165 INFO  EvoClassLoader - Seeing class for first time: org.apache.hadoop.hdfs.protocol.proto.ClientNamenodeProtocolProtos$RenameRequestProto
2024-11-12 13:43:07,165 INFO  EvoClassLoader - Instrumenting class 'org.apache.hadoop.hdfs.protocol.proto.ClientNamenodeProtocolProtos$RenameRequestProto'.
2024-11-12 13:43:07,165 INFO  MethodCallReplacementClassAdapter - Adding mock interface to class org/apache/hadoop/hdfs/protocol/proto/ClientNamenodeProtocolProtos$RenameRequestProto
2024-11-12 13:43:07,166 INFO  CreateClassResetClassAdapter - Found static initializer in class org/apache/hadoop/hdfs/protocol/proto/ClientNamenodeProtocolProtos$RenameRequestProto
2024-11-12 13:43:07,167 INFO  EvoClassLoader - Seeing class for first time: org.apache.hadoop.hdfs.protocol.proto.ClientNamenodeProtocolProtos$RenameRequestProtoOrBuilder
2024-11-12 13:43:07,167 INFO  EvoClassLoader - Instrumenting class 'org.apache.hadoop.hdfs.protocol.proto.ClientNamenodeProtocolProtos$RenameRequestProtoOrBuilder'.
2024-11-12 13:43:07,167 INFO  EvoClassLoader - Keeping class: org.apache.hadoop.hdfs.protocol.proto.ClientNamenodeProtocolProtos$RenameRequestProtoOrBuilder
2024-11-12 13:43:07,167 INFO  EvoClassLoader - Keeping class: org.apache.hadoop.hdfs.protocol.proto.ClientNamenodeProtocolProtos$RenameRequestProto
2024-11-12 13:43:07,167 INFO  EvoClassLoader - Seeing class for first time: org.apache.hadoop.hdfs.protocol.proto.ClientNamenodeProtocolProtos$TruncateResponseProto
2024-11-12 13:43:07,167 INFO  EvoClassLoader - Instrumenting class 'org.apache.hadoop.hdfs.protocol.proto.ClientNamenodeProtocolProtos$TruncateResponseProto'.
2024-11-12 13:43:07,167 INFO  MethodCallReplacementClassAdapter - Adding mock interface to class org/apache/hadoop/hdfs/protocol/proto/ClientNamenodeProtocolProtos$TruncateResponseProto
2024-11-12 13:43:07,168 INFO  CreateClassResetClassAdapter - Found static initializer in class org/apache/hadoop/hdfs/protocol/proto/ClientNamenodeProtocolProtos$TruncateResponseProto
2024-11-12 13:43:07,168 INFO  EvoClassLoader - Seeing class for first time: org.apache.hadoop.hdfs.protocol.proto.ClientNamenodeProtocolProtos$TruncateResponseProtoOrBuilder
2024-11-12 13:43:07,168 INFO  EvoClassLoader - Instrumenting class 'org.apache.hadoop.hdfs.protocol.proto.ClientNamenodeProtocolProtos$TruncateResponseProtoOrBuilder'.
2024-11-12 13:43:07,168 INFO  EvoClassLoader - Keeping class: org.apache.hadoop.hdfs.protocol.proto.ClientNamenodeProtocolProtos$TruncateResponseProtoOrBuilder
2024-11-12 13:43:07,168 INFO  EvoClassLoader - Keeping class: org.apache.hadoop.hdfs.protocol.proto.ClientNamenodeProtocolProtos$TruncateResponseProto
2024-11-12 13:43:07,168 INFO  EvoClassLoader - Seeing class for first time: org.apache.hadoop.hdfs.protocol.proto.ClientNamenodeProtocolProtos$TruncateRequestProto
2024-11-12 13:43:07,168 INFO  EvoClassLoader - Instrumenting class 'org.apache.hadoop.hdfs.protocol.proto.ClientNamenodeProtocolProtos$TruncateRequestProto'.
2024-11-12 13:43:07,168 INFO  MethodCallReplacementClassAdapter - Adding mock interface to class org/apache/hadoop/hdfs/protocol/proto/ClientNamenodeProtocolProtos$TruncateRequestProto
2024-11-12 13:43:07,169 INFO  CreateClassResetClassAdapter - Found static initializer in class org/apache/hadoop/hdfs/protocol/proto/ClientNamenodeProtocolProtos$TruncateRequestProto
2024-11-12 13:43:07,169 INFO  EvoClassLoader - Seeing class for first time: org.apache.hadoop.hdfs.protocol.proto.ClientNamenodeProtocolProtos$TruncateRequestProtoOrBuilder
2024-11-12 13:43:07,169 INFO  EvoClassLoader - Instrumenting class 'org.apache.hadoop.hdfs.protocol.proto.ClientNamenodeProtocolProtos$TruncateRequestProtoOrBuilder'.
2024-11-12 13:43:07,169 INFO  EvoClassLoader - Keeping class: org.apache.hadoop.hdfs.protocol.proto.ClientNamenodeProtocolProtos$TruncateRequestProtoOrBuilder
2024-11-12 13:43:07,169 INFO  EvoClassLoader - Keeping class: org.apache.hadoop.hdfs.protocol.proto.ClientNamenodeProtocolProtos$TruncateRequestProto
2024-11-12 13:43:07,169 INFO  EvoClassLoader - Seeing class for first time: org.apache.hadoop.hdfs.protocol.proto.ClientNamenodeProtocolProtos$ConcatResponseProto
2024-11-12 13:43:07,169 INFO  EvoClassLoader - Instrumenting class 'org.apache.hadoop.hdfs.protocol.proto.ClientNamenodeProtocolProtos$ConcatResponseProto'.
2024-11-12 13:43:07,170 INFO  MethodCallReplacementClassAdapter - Adding mock interface to class org/apache/hadoop/hdfs/protocol/proto/ClientNamenodeProtocolProtos$ConcatResponseProto
2024-11-12 13:43:07,170 INFO  CreateClassResetClassAdapter - Found static initializer in class org/apache/hadoop/hdfs/protocol/proto/ClientNamenodeProtocolProtos$ConcatResponseProto
2024-11-12 13:43:07,170 INFO  EvoClassLoader - Seeing class for first time: org.apache.hadoop.hdfs.protocol.proto.ClientNamenodeProtocolProtos$ConcatResponseProtoOrBuilder
2024-11-12 13:43:07,170 INFO  EvoClassLoader - Instrumenting class 'org.apache.hadoop.hdfs.protocol.proto.ClientNamenodeProtocolProtos$ConcatResponseProtoOrBuilder'.
2024-11-12 13:43:07,170 INFO  EvoClassLoader - Keeping class: org.apache.hadoop.hdfs.protocol.proto.ClientNamenodeProtocolProtos$ConcatResponseProtoOrBuilder
2024-11-12 13:43:07,170 INFO  EvoClassLoader - Keeping class: org.apache.hadoop.hdfs.protocol.proto.ClientNamenodeProtocolProtos$ConcatResponseProto
2024-11-12 13:43:07,170 INFO  EvoClassLoader - Seeing class for first time: org.apache.hadoop.hdfs.protocol.proto.ClientNamenodeProtocolProtos$ConcatRequestProto
2024-11-12 13:43:07,170 INFO  EvoClassLoader - Instrumenting class 'org.apache.hadoop.hdfs.protocol.proto.ClientNamenodeProtocolProtos$ConcatRequestProto'.
2024-11-12 13:43:07,171 INFO  MethodCallReplacementClassAdapter - Adding mock interface to class org/apache/hadoop/hdfs/protocol/proto/ClientNamenodeProtocolProtos$ConcatRequestProto
2024-11-12 13:43:07,171 INFO  CreateClassResetClassAdapter - Found static initializer in class org/apache/hadoop/hdfs/protocol/proto/ClientNamenodeProtocolProtos$ConcatRequestProto
2024-11-12 13:43:07,171 INFO  EvoClassLoader - Seeing class for first time: org.apache.hadoop.hdfs.protocol.proto.ClientNamenodeProtocolProtos$ConcatRequestProtoOrBuilder
2024-11-12 13:43:07,171 INFO  EvoClassLoader - Instrumenting class 'org.apache.hadoop.hdfs.protocol.proto.ClientNamenodeProtocolProtos$ConcatRequestProtoOrBuilder'.
2024-11-12 13:43:07,172 INFO  EvoClassLoader - Keeping class: org.apache.hadoop.hdfs.protocol.proto.ClientNamenodeProtocolProtos$ConcatRequestProtoOrBuilder
2024-11-12 13:43:07,172 INFO  EvoClassLoader - Keeping class: org.apache.hadoop.hdfs.protocol.proto.ClientNamenodeProtocolProtos$ConcatRequestProto
2024-11-12 13:43:07,172 INFO  EvoClassLoader - Seeing class for first time: org.apache.hadoop.hdfs.protocol.proto.ClientNamenodeProtocolProtos$ReportBadBlocksResponseProto
2024-11-12 13:43:07,172 INFO  EvoClassLoader - Instrumenting class 'org.apache.hadoop.hdfs.protocol.proto.ClientNamenodeProtocolProtos$ReportBadBlocksResponseProto'.
2024-11-12 13:43:07,172 INFO  MethodCallReplacementClassAdapter - Adding mock interface to class org/apache/hadoop/hdfs/protocol/proto/ClientNamenodeProtocolProtos$ReportBadBlocksResponseProto
2024-11-12 13:43:07,172 INFO  CreateClassResetClassAdapter - Found static initializer in class org/apache/hadoop/hdfs/protocol/proto/ClientNamenodeProtocolProtos$ReportBadBlocksResponseProto
2024-11-12 13:43:07,172 INFO  EvoClassLoader - Seeing class for first time: org.apache.hadoop.hdfs.protocol.proto.ClientNamenodeProtocolProtos$ReportBadBlocksResponseProtoOrBuilder
2024-11-12 13:43:07,172 INFO  EvoClassLoader - Instrumenting class 'org.apache.hadoop.hdfs.protocol.proto.ClientNamenodeProtocolProtos$ReportBadBlocksResponseProtoOrBuilder'.
2024-11-12 13:43:07,172 INFO  EvoClassLoader - Keeping class: org.apache.hadoop.hdfs.protocol.proto.ClientNamenodeProtocolProtos$ReportBadBlocksResponseProtoOrBuilder
2024-11-12 13:43:07,172 INFO  EvoClassLoader - Keeping class: org.apache.hadoop.hdfs.protocol.proto.ClientNamenodeProtocolProtos$ReportBadBlocksResponseProto
2024-11-12 13:43:07,172 INFO  EvoClassLoader - Seeing class for first time: org.apache.hadoop.hdfs.protocol.proto.ClientNamenodeProtocolProtos$ReportBadBlocksRequestProto
2024-11-12 13:43:07,172 INFO  EvoClassLoader - Instrumenting class 'org.apache.hadoop.hdfs.protocol.proto.ClientNamenodeProtocolProtos$ReportBadBlocksRequestProto'.
2024-11-12 13:43:07,173 INFO  MethodCallReplacementClassAdapter - Adding mock interface to class org/apache/hadoop/hdfs/protocol/proto/ClientNamenodeProtocolProtos$ReportBadBlocksRequestProto
2024-11-12 13:43:07,173 INFO  CreateClassResetClassAdapter - Found static initializer in class org/apache/hadoop/hdfs/protocol/proto/ClientNamenodeProtocolProtos$ReportBadBlocksRequestProto
2024-11-12 13:43:07,173 INFO  EvoClassLoader - Seeing class for first time: org.apache.hadoop.hdfs.protocol.proto.ClientNamenodeProtocolProtos$ReportBadBlocksRequestProtoOrBuilder
2024-11-12 13:43:07,173 INFO  EvoClassLoader - Instrumenting class 'org.apache.hadoop.hdfs.protocol.proto.ClientNamenodeProtocolProtos$ReportBadBlocksRequestProtoOrBuilder'.
2024-11-12 13:43:07,174 INFO  EvoClassLoader - Keeping class: org.apache.hadoop.hdfs.protocol.proto.ClientNamenodeProtocolProtos$ReportBadBlocksRequestProtoOrBuilder
2024-11-12 13:43:07,174 INFO  EvoClassLoader - Keeping class: org.apache.hadoop.hdfs.protocol.proto.ClientNamenodeProtocolProtos$ReportBadBlocksRequestProto
2024-11-12 13:43:07,174 INFO  EvoClassLoader - Seeing class for first time: org.apache.hadoop.hdfs.protocol.proto.ClientNamenodeProtocolProtos$CompleteResponseProto
2024-11-12 13:43:07,174 INFO  EvoClassLoader - Instrumenting class 'org.apache.hadoop.hdfs.protocol.proto.ClientNamenodeProtocolProtos$CompleteResponseProto'.
2024-11-12 13:43:07,174 INFO  MethodCallReplacementClassAdapter - Adding mock interface to class org/apache/hadoop/hdfs/protocol/proto/ClientNamenodeProtocolProtos$CompleteResponseProto
2024-11-12 13:43:07,174 INFO  CreateClassResetClassAdapter - Found static initializer in class org/apache/hadoop/hdfs/protocol/proto/ClientNamenodeProtocolProtos$CompleteResponseProto
2024-11-12 13:43:07,175 INFO  EvoClassLoader - Seeing class for first time: org.apache.hadoop.hdfs.protocol.proto.ClientNamenodeProtocolProtos$CompleteResponseProtoOrBuilder
2024-11-12 13:43:07,175 INFO  EvoClassLoader - Instrumenting class 'org.apache.hadoop.hdfs.protocol.proto.ClientNamenodeProtocolProtos$CompleteResponseProtoOrBuilder'.
2024-11-12 13:43:07,175 INFO  EvoClassLoader - Keeping class: org.apache.hadoop.hdfs.protocol.proto.ClientNamenodeProtocolProtos$CompleteResponseProtoOrBuilder
2024-11-12 13:43:07,175 INFO  EvoClassLoader - Keeping class: org.apache.hadoop.hdfs.protocol.proto.ClientNamenodeProtocolProtos$CompleteResponseProto
2024-11-12 13:43:07,175 INFO  EvoClassLoader - Seeing class for first time: org.apache.hadoop.hdfs.protocol.proto.ClientNamenodeProtocolProtos$CompleteRequestProto
2024-11-12 13:43:07,175 INFO  EvoClassLoader - Instrumenting class 'org.apache.hadoop.hdfs.protocol.proto.ClientNamenodeProtocolProtos$CompleteRequestProto'.
2024-11-12 13:43:07,175 INFO  MethodCallReplacementClassAdapter - Adding mock interface to class org/apache/hadoop/hdfs/protocol/proto/ClientNamenodeProtocolProtos$CompleteRequestProto
2024-11-12 13:43:07,176 INFO  CreateClassResetClassAdapter - Found static initializer in class org/apache/hadoop/hdfs/protocol/proto/ClientNamenodeProtocolProtos$CompleteRequestProto
2024-11-12 13:43:07,176 INFO  EvoClassLoader - Seeing class for first time: org.apache.hadoop.hdfs.protocol.proto.ClientNamenodeProtocolProtos$CompleteRequestProtoOrBuilder
2024-11-12 13:43:07,176 INFO  EvoClassLoader - Instrumenting class 'org.apache.hadoop.hdfs.protocol.proto.ClientNamenodeProtocolProtos$CompleteRequestProtoOrBuilder'.
2024-11-12 13:43:07,176 INFO  EvoClassLoader - Keeping class: org.apache.hadoop.hdfs.protocol.proto.ClientNamenodeProtocolProtos$CompleteRequestProtoOrBuilder
2024-11-12 13:43:07,177 INFO  EvoClassLoader - Keeping class: org.apache.hadoop.hdfs.protocol.proto.ClientNamenodeProtocolProtos$CompleteRequestProto
2024-11-12 13:43:07,177 INFO  EvoClassLoader - Seeing class for first time: org.apache.hadoop.hdfs.protocol.proto.ClientNamenodeProtocolProtos$GetAdditionalDatanodeResponseProto
2024-11-12 13:43:07,177 INFO  EvoClassLoader - Instrumenting class 'org.apache.hadoop.hdfs.protocol.proto.ClientNamenodeProtocolProtos$GetAdditionalDatanodeResponseProto'.
2024-11-12 13:43:07,177 INFO  MethodCallReplacementClassAdapter - Adding mock interface to class org/apache/hadoop/hdfs/protocol/proto/ClientNamenodeProtocolProtos$GetAdditionalDatanodeResponseProto
2024-11-12 13:43:07,177 INFO  CreateClassResetClassAdapter - Found static initializer in class org/apache/hadoop/hdfs/protocol/proto/ClientNamenodeProtocolProtos$GetAdditionalDatanodeResponseProto
2024-11-12 13:43:07,177 INFO  EvoClassLoader - Seeing class for first time: org.apache.hadoop.hdfs.protocol.proto.ClientNamenodeProtocolProtos$GetAdditionalDatanodeResponseProtoOrBuilder
2024-11-12 13:43:07,177 INFO  EvoClassLoader - Instrumenting class 'org.apache.hadoop.hdfs.protocol.proto.ClientNamenodeProtocolProtos$GetAdditionalDatanodeResponseProtoOrBuilder'.
2024-11-12 13:43:07,178 INFO  EvoClassLoader - Keeping class: org.apache.hadoop.hdfs.protocol.proto.ClientNamenodeProtocolProtos$GetAdditionalDatanodeResponseProtoOrBuilder
2024-11-12 13:43:07,178 INFO  EvoClassLoader - Keeping class: org.apache.hadoop.hdfs.protocol.proto.ClientNamenodeProtocolProtos$GetAdditionalDatanodeResponseProto
2024-11-12 13:43:07,178 INFO  EvoClassLoader - Seeing class for first time: org.apache.hadoop.hdfs.protocol.proto.ClientNamenodeProtocolProtos$GetAdditionalDatanodeRequestProto
2024-11-12 13:43:07,178 INFO  EvoClassLoader - Instrumenting class 'org.apache.hadoop.hdfs.protocol.proto.ClientNamenodeProtocolProtos$GetAdditionalDatanodeRequestProto'.
2024-11-12 13:43:07,178 INFO  MethodCallReplacementClassAdapter - Adding mock interface to class org/apache/hadoop/hdfs/protocol/proto/ClientNamenodeProtocolProtos$GetAdditionalDatanodeRequestProto
2024-11-12 13:43:07,179 INFO  CreateClassResetClassAdapter - Found static initializer in class org/apache/hadoop/hdfs/protocol/proto/ClientNamenodeProtocolProtos$GetAdditionalDatanodeRequestProto
2024-11-12 13:43:07,180 INFO  EvoClassLoader - Seeing class for first time: org.apache.hadoop.hdfs.protocol.proto.ClientNamenodeProtocolProtos$GetAdditionalDatanodeRequestProtoOrBuilder
2024-11-12 13:43:07,180 INFO  EvoClassLoader - Instrumenting class 'org.apache.hadoop.hdfs.protocol.proto.ClientNamenodeProtocolProtos$GetAdditionalDatanodeRequestProtoOrBuilder'.
2024-11-12 13:43:07,180 INFO  EvoClassLoader - Keeping class: org.apache.hadoop.hdfs.protocol.proto.ClientNamenodeProtocolProtos$GetAdditionalDatanodeRequestProtoOrBuilder
2024-11-12 13:43:07,181 INFO  EvoClassLoader - Keeping class: org.apache.hadoop.hdfs.protocol.proto.ClientNamenodeProtocolProtos$GetAdditionalDatanodeRequestProto
2024-11-12 13:43:07,181 INFO  EvoClassLoader - Seeing class for first time: org.apache.hadoop.hdfs.protocol.proto.ClientNamenodeProtocolProtos$AddBlockResponseProto
2024-11-12 13:43:07,181 INFO  EvoClassLoader - Instrumenting class 'org.apache.hadoop.hdfs.protocol.proto.ClientNamenodeProtocolProtos$AddBlockResponseProto'.
2024-11-12 13:43:07,181 INFO  MethodCallReplacementClassAdapter - Adding mock interface to class org/apache/hadoop/hdfs/protocol/proto/ClientNamenodeProtocolProtos$AddBlockResponseProto
2024-11-12 13:43:07,182 INFO  CreateClassResetClassAdapter - Found static initializer in class org/apache/hadoop/hdfs/protocol/proto/ClientNamenodeProtocolProtos$AddBlockResponseProto
2024-11-12 13:43:07,182 INFO  EvoClassLoader - Seeing class for first time: org.apache.hadoop.hdfs.protocol.proto.ClientNamenodeProtocolProtos$AddBlockResponseProtoOrBuilder
2024-11-12 13:43:07,182 INFO  EvoClassLoader - Instrumenting class 'org.apache.hadoop.hdfs.protocol.proto.ClientNamenodeProtocolProtos$AddBlockResponseProtoOrBuilder'.
2024-11-12 13:43:07,182 INFO  EvoClassLoader - Keeping class: org.apache.hadoop.hdfs.protocol.proto.ClientNamenodeProtocolProtos$AddBlockResponseProtoOrBuilder
2024-11-12 13:43:07,183 INFO  EvoClassLoader - Keeping class: org.apache.hadoop.hdfs.protocol.proto.ClientNamenodeProtocolProtos$AddBlockResponseProto
2024-11-12 13:43:07,183 INFO  EvoClassLoader - Seeing class for first time: org.apache.hadoop.hdfs.protocol.proto.ClientNamenodeProtocolProtos$AddBlockRequestProto
2024-11-12 13:43:07,183 INFO  EvoClassLoader - Instrumenting class 'org.apache.hadoop.hdfs.protocol.proto.ClientNamenodeProtocolProtos$AddBlockRequestProto'.
2024-11-12 13:43:07,183 INFO  MethodCallReplacementClassAdapter - Adding mock interface to class org/apache/hadoop/hdfs/protocol/proto/ClientNamenodeProtocolProtos$AddBlockRequestProto
2024-11-12 13:43:07,184 INFO  CreateClassResetClassAdapter - Found static initializer in class org/apache/hadoop/hdfs/protocol/proto/ClientNamenodeProtocolProtos$AddBlockRequestProto
2024-11-12 13:43:07,186 INFO  EvoClassLoader - Seeing class for first time: org.apache.hadoop.hdfs.protocol.proto.ClientNamenodeProtocolProtos$AddBlockRequestProtoOrBuilder
2024-11-12 13:43:07,186 INFO  EvoClassLoader - Instrumenting class 'org.apache.hadoop.hdfs.protocol.proto.ClientNamenodeProtocolProtos$AddBlockRequestProtoOrBuilder'.
2024-11-12 13:43:07,187 INFO  EvoClassLoader - Keeping class: org.apache.hadoop.hdfs.protocol.proto.ClientNamenodeProtocolProtos$AddBlockRequestProtoOrBuilder
2024-11-12 13:43:07,187 INFO  EvoClassLoader - Keeping class: org.apache.hadoop.hdfs.protocol.proto.ClientNamenodeProtocolProtos$AddBlockRequestProto
2024-11-12 13:43:07,187 INFO  EvoClassLoader - Seeing class for first time: org.apache.hadoop.hdfs.protocol.proto.ClientNamenodeProtocolProtos$AbandonBlockResponseProto
2024-11-12 13:43:07,187 INFO  EvoClassLoader - Instrumenting class 'org.apache.hadoop.hdfs.protocol.proto.ClientNamenodeProtocolProtos$AbandonBlockResponseProto'.
2024-11-12 13:43:07,188 INFO  MethodCallReplacementClassAdapter - Adding mock interface to class org/apache/hadoop/hdfs/protocol/proto/ClientNamenodeProtocolProtos$AbandonBlockResponseProto
2024-11-12 13:43:07,188 INFO  CreateClassResetClassAdapter - Found static initializer in class org/apache/hadoop/hdfs/protocol/proto/ClientNamenodeProtocolProtos$AbandonBlockResponseProto
2024-11-12 13:43:07,189 INFO  EvoClassLoader - Seeing class for first time: org.apache.hadoop.hdfs.protocol.proto.ClientNamenodeProtocolProtos$AbandonBlockResponseProtoOrBuilder
2024-11-12 13:43:07,189 INFO  EvoClassLoader - Instrumenting class 'org.apache.hadoop.hdfs.protocol.proto.ClientNamenodeProtocolProtos$AbandonBlockResponseProtoOrBuilder'.
2024-11-12 13:43:07,189 INFO  EvoClassLoader - Keeping class: org.apache.hadoop.hdfs.protocol.proto.ClientNamenodeProtocolProtos$AbandonBlockResponseProtoOrBuilder
2024-11-12 13:43:07,189 INFO  EvoClassLoader - Keeping class: org.apache.hadoop.hdfs.protocol.proto.ClientNamenodeProtocolProtos$AbandonBlockResponseProto
2024-11-12 13:43:07,189 INFO  EvoClassLoader - Seeing class for first time: org.apache.hadoop.hdfs.protocol.proto.ClientNamenodeProtocolProtos$AbandonBlockRequestProto
2024-11-12 13:43:07,189 INFO  EvoClassLoader - Instrumenting class 'org.apache.hadoop.hdfs.protocol.proto.ClientNamenodeProtocolProtos$AbandonBlockRequestProto'.
2024-11-12 13:43:07,190 INFO  MethodCallReplacementClassAdapter - Adding mock interface to class org/apache/hadoop/hdfs/protocol/proto/ClientNamenodeProtocolProtos$AbandonBlockRequestProto
2024-11-12 13:43:07,191 INFO  CreateClassResetClassAdapter - Found static initializer in class org/apache/hadoop/hdfs/protocol/proto/ClientNamenodeProtocolProtos$AbandonBlockRequestProto
2024-11-12 13:43:07,191 INFO  EvoClassLoader - Seeing class for first time: org.apache.hadoop.hdfs.protocol.proto.ClientNamenodeProtocolProtos$AbandonBlockRequestProtoOrBuilder
2024-11-12 13:43:07,191 INFO  EvoClassLoader - Instrumenting class 'org.apache.hadoop.hdfs.protocol.proto.ClientNamenodeProtocolProtos$AbandonBlockRequestProtoOrBuilder'.
2024-11-12 13:43:07,192 INFO  EvoClassLoader - Keeping class: org.apache.hadoop.hdfs.protocol.proto.ClientNamenodeProtocolProtos$AbandonBlockRequestProtoOrBuilder
2024-11-12 13:43:07,192 INFO  EvoClassLoader - Keeping class: org.apache.hadoop.hdfs.protocol.proto.ClientNamenodeProtocolProtos$AbandonBlockRequestProto
2024-11-12 13:43:07,192 INFO  EvoClassLoader - Seeing class for first time: org.apache.hadoop.hdfs.protocol.proto.ClientNamenodeProtocolProtos$SetOwnerResponseProto
2024-11-12 13:43:07,192 INFO  EvoClassLoader - Instrumenting class 'org.apache.hadoop.hdfs.protocol.proto.ClientNamenodeProtocolProtos$SetOwnerResponseProto'.
2024-11-12 13:43:07,193 INFO  MethodCallReplacementClassAdapter - Adding mock interface to class org/apache/hadoop/hdfs/protocol/proto/ClientNamenodeProtocolProtos$SetOwnerResponseProto
2024-11-12 13:43:07,193 INFO  CreateClassResetClassAdapter - Found static initializer in class org/apache/hadoop/hdfs/protocol/proto/ClientNamenodeProtocolProtos$SetOwnerResponseProto
2024-11-12 13:43:07,193 INFO  EvoClassLoader - Seeing class for first time: org.apache.hadoop.hdfs.protocol.proto.ClientNamenodeProtocolProtos$SetOwnerResponseProtoOrBuilder
2024-11-12 13:43:07,193 INFO  EvoClassLoader - Instrumenting class 'org.apache.hadoop.hdfs.protocol.proto.ClientNamenodeProtocolProtos$SetOwnerResponseProtoOrBuilder'.
2024-11-12 13:43:07,194 INFO  EvoClassLoader - Keeping class: org.apache.hadoop.hdfs.protocol.proto.ClientNamenodeProtocolProtos$SetOwnerResponseProtoOrBuilder
2024-11-12 13:43:07,194 INFO  EvoClassLoader - Keeping class: org.apache.hadoop.hdfs.protocol.proto.ClientNamenodeProtocolProtos$SetOwnerResponseProto
2024-11-12 13:43:07,194 INFO  EvoClassLoader - Seeing class for first time: org.apache.hadoop.hdfs.protocol.proto.ClientNamenodeProtocolProtos$SetOwnerRequestProto
2024-11-12 13:43:07,194 INFO  EvoClassLoader - Instrumenting class 'org.apache.hadoop.hdfs.protocol.proto.ClientNamenodeProtocolProtos$SetOwnerRequestProto'.
2024-11-12 13:43:07,194 INFO  MethodCallReplacementClassAdapter - Adding mock interface to class org/apache/hadoop/hdfs/protocol/proto/ClientNamenodeProtocolProtos$SetOwnerRequestProto
2024-11-12 13:43:07,195 INFO  CreateClassResetClassAdapter - Found static initializer in class org/apache/hadoop/hdfs/protocol/proto/ClientNamenodeProtocolProtos$SetOwnerRequestProto
2024-11-12 13:43:07,195 INFO  EvoClassLoader - Seeing class for first time: org.apache.hadoop.hdfs.protocol.proto.ClientNamenodeProtocolProtos$SetOwnerRequestProtoOrBuilder
2024-11-12 13:43:07,195 INFO  EvoClassLoader - Instrumenting class 'org.apache.hadoop.hdfs.protocol.proto.ClientNamenodeProtocolProtos$SetOwnerRequestProtoOrBuilder'.
2024-11-12 13:43:07,196 INFO  EvoClassLoader - Keeping class: org.apache.hadoop.hdfs.protocol.proto.ClientNamenodeProtocolProtos$SetOwnerRequestProtoOrBuilder
2024-11-12 13:43:07,196 INFO  EvoClassLoader - Keeping class: org.apache.hadoop.hdfs.protocol.proto.ClientNamenodeProtocolProtos$SetOwnerRequestProto
2024-11-12 13:43:07,196 INFO  EvoClassLoader - Seeing class for first time: org.apache.hadoop.hdfs.protocol.proto.ClientNamenodeProtocolProtos$SetPermissionResponseProto
2024-11-12 13:43:07,196 INFO  EvoClassLoader - Instrumenting class 'org.apache.hadoop.hdfs.protocol.proto.ClientNamenodeProtocolProtos$SetPermissionResponseProto'.
2024-11-12 13:43:07,196 INFO  MethodCallReplacementClassAdapter - Adding mock interface to class org/apache/hadoop/hdfs/protocol/proto/ClientNamenodeProtocolProtos$SetPermissionResponseProto
2024-11-12 13:43:07,197 INFO  CreateClassResetClassAdapter - Found static initializer in class org/apache/hadoop/hdfs/protocol/proto/ClientNamenodeProtocolProtos$SetPermissionResponseProto
2024-11-12 13:43:07,197 INFO  EvoClassLoader - Seeing class for first time: org.apache.hadoop.hdfs.protocol.proto.ClientNamenodeProtocolProtos$SetPermissionResponseProtoOrBuilder
2024-11-12 13:43:07,197 INFO  EvoClassLoader - Instrumenting class 'org.apache.hadoop.hdfs.protocol.proto.ClientNamenodeProtocolProtos$SetPermissionResponseProtoOrBuilder'.
2024-11-12 13:43:07,197 INFO  EvoClassLoader - Keeping class: org.apache.hadoop.hdfs.protocol.proto.ClientNamenodeProtocolProtos$SetPermissionResponseProtoOrBuilder
2024-11-12 13:43:07,197 INFO  EvoClassLoader - Keeping class: org.apache.hadoop.hdfs.protocol.proto.ClientNamenodeProtocolProtos$SetPermissionResponseProto
2024-11-12 13:43:07,197 INFO  EvoClassLoader - Seeing class for first time: org.apache.hadoop.hdfs.protocol.proto.ClientNamenodeProtocolProtos$SetPermissionRequestProto
2024-11-12 13:43:07,197 INFO  EvoClassLoader - Instrumenting class 'org.apache.hadoop.hdfs.protocol.proto.ClientNamenodeProtocolProtos$SetPermissionRequestProto'.
2024-11-12 13:43:07,198 INFO  MethodCallReplacementClassAdapter - Adding mock interface to class org/apache/hadoop/hdfs/protocol/proto/ClientNamenodeProtocolProtos$SetPermissionRequestProto
2024-11-12 13:43:07,199 INFO  CreateClassResetClassAdapter - Found static initializer in class org/apache/hadoop/hdfs/protocol/proto/ClientNamenodeProtocolProtos$SetPermissionRequestProto
2024-11-12 13:43:07,199 INFO  EvoClassLoader - Seeing class for first time: org.apache.hadoop.hdfs.protocol.proto.ClientNamenodeProtocolProtos$SetPermissionRequestProtoOrBuilder
2024-11-12 13:43:07,199 INFO  EvoClassLoader - Instrumenting class 'org.apache.hadoop.hdfs.protocol.proto.ClientNamenodeProtocolProtos$SetPermissionRequestProtoOrBuilder'.
2024-11-12 13:43:07,200 INFO  EvoClassLoader - Keeping class: org.apache.hadoop.hdfs.protocol.proto.ClientNamenodeProtocolProtos$SetPermissionRequestProtoOrBuilder
2024-11-12 13:43:07,200 INFO  EvoClassLoader - Keeping class: org.apache.hadoop.hdfs.protocol.proto.ClientNamenodeProtocolProtos$SetPermissionRequestProto
2024-11-12 13:43:07,200 INFO  EvoClassLoader - Seeing class for first time: org.apache.hadoop.hdfs.protocol.proto.ClientNamenodeProtocolProtos$GetStoragePoliciesResponseProto
2024-11-12 13:43:07,200 INFO  EvoClassLoader - Instrumenting class 'org.apache.hadoop.hdfs.protocol.proto.ClientNamenodeProtocolProtos$GetStoragePoliciesResponseProto'.
2024-11-12 13:43:07,201 INFO  MethodCallReplacementClassAdapter - Adding mock interface to class org/apache/hadoop/hdfs/protocol/proto/ClientNamenodeProtocolProtos$GetStoragePoliciesResponseProto
2024-11-12 13:43:07,201 INFO  CreateClassResetClassAdapter - Found static initializer in class org/apache/hadoop/hdfs/protocol/proto/ClientNamenodeProtocolProtos$GetStoragePoliciesResponseProto
2024-11-12 13:43:07,202 INFO  EvoClassLoader - Seeing class for first time: org.apache.hadoop.hdfs.protocol.proto.ClientNamenodeProtocolProtos$GetStoragePoliciesResponseProtoOrBuilder
2024-11-12 13:43:07,202 INFO  EvoClassLoader - Instrumenting class 'org.apache.hadoop.hdfs.protocol.proto.ClientNamenodeProtocolProtos$GetStoragePoliciesResponseProtoOrBuilder'.
2024-11-12 13:43:07,202 INFO  EvoClassLoader - Keeping class: org.apache.hadoop.hdfs.protocol.proto.ClientNamenodeProtocolProtos$GetStoragePoliciesResponseProtoOrBuilder
2024-11-12 13:43:07,202 INFO  EvoClassLoader - Keeping class: org.apache.hadoop.hdfs.protocol.proto.ClientNamenodeProtocolProtos$GetStoragePoliciesResponseProto
2024-11-12 13:43:07,202 INFO  EvoClassLoader - Seeing class for first time: org.apache.hadoop.hdfs.protocol.proto.ClientNamenodeProtocolProtos$GetStoragePoliciesRequestProto
2024-11-12 13:43:07,202 INFO  EvoClassLoader - Instrumenting class 'org.apache.hadoop.hdfs.protocol.proto.ClientNamenodeProtocolProtos$GetStoragePoliciesRequestProto'.
2024-11-12 13:43:07,203 INFO  MethodCallReplacementClassAdapter - Adding mock interface to class org/apache/hadoop/hdfs/protocol/proto/ClientNamenodeProtocolProtos$GetStoragePoliciesRequestProto
2024-11-12 13:43:07,203 INFO  CreateClassResetClassAdapter - Found static initializer in class org/apache/hadoop/hdfs/protocol/proto/ClientNamenodeProtocolProtos$GetStoragePoliciesRequestProto
2024-11-12 13:43:07,204 INFO  EvoClassLoader - Seeing class for first time: org.apache.hadoop.hdfs.protocol.proto.ClientNamenodeProtocolProtos$GetStoragePoliciesRequestProtoOrBuilder
2024-11-12 13:43:07,204 INFO  EvoClassLoader - Instrumenting class 'org.apache.hadoop.hdfs.protocol.proto.ClientNamenodeProtocolProtos$GetStoragePoliciesRequestProtoOrBuilder'.
2024-11-12 13:43:07,204 INFO  EvoClassLoader - Keeping class: org.apache.hadoop.hdfs.protocol.proto.ClientNamenodeProtocolProtos$GetStoragePoliciesRequestProtoOrBuilder
2024-11-12 13:43:07,204 INFO  EvoClassLoader - Keeping class: org.apache.hadoop.hdfs.protocol.proto.ClientNamenodeProtocolProtos$GetStoragePoliciesRequestProto
2024-11-12 13:43:07,204 INFO  EvoClassLoader - Seeing class for first time: org.apache.hadoop.hdfs.protocol.proto.ClientNamenodeProtocolProtos$GetStoragePolicyResponseProto
2024-11-12 13:43:07,204 INFO  EvoClassLoader - Instrumenting class 'org.apache.hadoop.hdfs.protocol.proto.ClientNamenodeProtocolProtos$GetStoragePolicyResponseProto'.
2024-11-12 13:43:07,205 INFO  MethodCallReplacementClassAdapter - Adding mock interface to class org/apache/hadoop/hdfs/protocol/proto/ClientNamenodeProtocolProtos$GetStoragePolicyResponseProto
2024-11-12 13:43:07,205 INFO  CreateClassResetClassAdapter - Found static initializer in class org/apache/hadoop/hdfs/protocol/proto/ClientNamenodeProtocolProtos$GetStoragePolicyResponseProto
2024-11-12 13:43:07,205 INFO  EvoClassLoader - Seeing class for first time: org.apache.hadoop.hdfs.protocol.proto.ClientNamenodeProtocolProtos$GetStoragePolicyResponseProtoOrBuilder
2024-11-12 13:43:07,205 INFO  EvoClassLoader - Instrumenting class 'org.apache.hadoop.hdfs.protocol.proto.ClientNamenodeProtocolProtos$GetStoragePolicyResponseProtoOrBuilder'.
2024-11-12 13:43:07,205 INFO  EvoClassLoader - Keeping class: org.apache.hadoop.hdfs.protocol.proto.ClientNamenodeProtocolProtos$GetStoragePolicyResponseProtoOrBuilder
2024-11-12 13:43:07,206 INFO  EvoClassLoader - Keeping class: org.apache.hadoop.hdfs.protocol.proto.ClientNamenodeProtocolProtos$GetStoragePolicyResponseProto
2024-11-12 13:43:07,206 INFO  EvoClassLoader - Seeing class for first time: org.apache.hadoop.hdfs.protocol.proto.ClientNamenodeProtocolProtos$GetStoragePolicyRequestProto
2024-11-12 13:43:07,206 INFO  EvoClassLoader - Instrumenting class 'org.apache.hadoop.hdfs.protocol.proto.ClientNamenodeProtocolProtos$GetStoragePolicyRequestProto'.
2024-11-12 13:43:07,206 INFO  MethodCallReplacementClassAdapter - Adding mock interface to class org/apache/hadoop/hdfs/protocol/proto/ClientNamenodeProtocolProtos$GetStoragePolicyRequestProto
2024-11-12 13:43:07,206 INFO  CreateClassResetClassAdapter - Found static initializer in class org/apache/hadoop/hdfs/protocol/proto/ClientNamenodeProtocolProtos$GetStoragePolicyRequestProto
2024-11-12 13:43:07,206 INFO  EvoClassLoader - Seeing class for first time: org.apache.hadoop.hdfs.protocol.proto.ClientNamenodeProtocolProtos$GetStoragePolicyRequestProtoOrBuilder
2024-11-12 13:43:07,206 INFO  EvoClassLoader - Instrumenting class 'org.apache.hadoop.hdfs.protocol.proto.ClientNamenodeProtocolProtos$GetStoragePolicyRequestProtoOrBuilder'.
2024-11-12 13:43:07,207 INFO  EvoClassLoader - Keeping class: org.apache.hadoop.hdfs.protocol.proto.ClientNamenodeProtocolProtos$GetStoragePolicyRequestProtoOrBuilder
2024-11-12 13:43:07,207 INFO  EvoClassLoader - Keeping class: org.apache.hadoop.hdfs.protocol.proto.ClientNamenodeProtocolProtos$GetStoragePolicyRequestProto
2024-11-12 13:43:07,207 INFO  EvoClassLoader - Seeing class for first time: org.apache.hadoop.hdfs.protocol.proto.ClientNamenodeProtocolProtos$UnsetStoragePolicyResponseProto
2024-11-12 13:43:07,207 INFO  EvoClassLoader - Instrumenting class 'org.apache.hadoop.hdfs.protocol.proto.ClientNamenodeProtocolProtos$UnsetStoragePolicyResponseProto'.
2024-11-12 13:43:07,207 INFO  MethodCallReplacementClassAdapter - Adding mock interface to class org/apache/hadoop/hdfs/protocol/proto/ClientNamenodeProtocolProtos$UnsetStoragePolicyResponseProto
2024-11-12 13:43:07,207 INFO  CreateClassResetClassAdapter - Found static initializer in class org/apache/hadoop/hdfs/protocol/proto/ClientNamenodeProtocolProtos$UnsetStoragePolicyResponseProto
2024-11-12 13:43:07,208 INFO  EvoClassLoader - Seeing class for first time: org.apache.hadoop.hdfs.protocol.proto.ClientNamenodeProtocolProtos$UnsetStoragePolicyResponseProtoOrBuilder
2024-11-12 13:43:07,208 INFO  EvoClassLoader - Instrumenting class 'org.apache.hadoop.hdfs.protocol.proto.ClientNamenodeProtocolProtos$UnsetStoragePolicyResponseProtoOrBuilder'.
2024-11-12 13:43:07,208 INFO  EvoClassLoader - Keeping class: org.apache.hadoop.hdfs.protocol.proto.ClientNamenodeProtocolProtos$UnsetStoragePolicyResponseProtoOrBuilder
2024-11-12 13:43:07,208 INFO  EvoClassLoader - Keeping class: org.apache.hadoop.hdfs.protocol.proto.ClientNamenodeProtocolProtos$UnsetStoragePolicyResponseProto
2024-11-12 13:43:07,208 INFO  EvoClassLoader - Seeing class for first time: org.apache.hadoop.hdfs.protocol.proto.ClientNamenodeProtocolProtos$UnsetStoragePolicyRequestProto
2024-11-12 13:43:07,208 INFO  EvoClassLoader - Instrumenting class 'org.apache.hadoop.hdfs.protocol.proto.ClientNamenodeProtocolProtos$UnsetStoragePolicyRequestProto'.
2024-11-12 13:43:07,208 INFO  MethodCallReplacementClassAdapter - Adding mock interface to class org/apache/hadoop/hdfs/protocol/proto/ClientNamenodeProtocolProtos$UnsetStoragePolicyRequestProto
2024-11-12 13:43:07,208 INFO  CreateClassResetClassAdapter - Found static initializer in class org/apache/hadoop/hdfs/protocol/proto/ClientNamenodeProtocolProtos$UnsetStoragePolicyRequestProto
2024-11-12 13:43:07,209 INFO  EvoClassLoader - Seeing class for first time: org.apache.hadoop.hdfs.protocol.proto.ClientNamenodeProtocolProtos$UnsetStoragePolicyRequestProtoOrBuilder
2024-11-12 13:43:07,209 INFO  EvoClassLoader - Instrumenting class 'org.apache.hadoop.hdfs.protocol.proto.ClientNamenodeProtocolProtos$UnsetStoragePolicyRequestProtoOrBuilder'.
2024-11-12 13:43:07,209 INFO  EvoClassLoader - Keeping class: org.apache.hadoop.hdfs.protocol.proto.ClientNamenodeProtocolProtos$UnsetStoragePolicyRequestProtoOrBuilder
2024-11-12 13:43:07,209 INFO  EvoClassLoader - Keeping class: org.apache.hadoop.hdfs.protocol.proto.ClientNamenodeProtocolProtos$UnsetStoragePolicyRequestProto
2024-11-12 13:43:07,209 INFO  EvoClassLoader - Seeing class for first time: org.apache.hadoop.hdfs.protocol.proto.ClientNamenodeProtocolProtos$SetStoragePolicyResponseProto$Builder
2024-11-12 13:43:07,209 INFO  EvoClassLoader - Instrumenting class 'org.apache.hadoop.hdfs.protocol.proto.ClientNamenodeProtocolProtos$SetStoragePolicyResponseProto$Builder'.
2024-11-12 13:43:07,210 INFO  MethodCallReplacementClassAdapter - Adding mock interface to class org/apache/hadoop/hdfs/protocol/proto/ClientNamenodeProtocolProtos$SetStoragePolicyResponseProto$Builder
2024-11-12 13:43:07,210 INFO  CreateClassResetClassAdapter - Creating brand-new static initializer in class org/apache/hadoop/hdfs/protocol/proto/ClientNamenodeProtocolProtos$SetStoragePolicyResponseProto$Builder
2024-11-12 13:43:07,211 INFO  EvoClassLoader - Keeping class: org.apache.hadoop.hdfs.protocol.proto.ClientNamenodeProtocolProtos$SetStoragePolicyResponseProto$Builder
2024-11-12 13:43:07,211 INFO  EvoClassLoader - Seeing class for first time: org.apache.hadoop.hdfs.protocol.proto.ClientNamenodeProtocolProtos$UnsetStoragePolicyResponseProto$1
2024-11-12 13:43:07,211 INFO  EvoClassLoader - Instrumenting class 'org.apache.hadoop.hdfs.protocol.proto.ClientNamenodeProtocolProtos$UnsetStoragePolicyResponseProto$1'.
2024-11-12 13:43:07,212 INFO  MethodCallReplacementClassAdapter - Adding mock interface to class org/apache/hadoop/hdfs/protocol/proto/ClientNamenodeProtocolProtos$UnsetStoragePolicyResponseProto$1
2024-11-12 13:43:07,212 INFO  EvoClassLoader - Keeping class: org.apache.hadoop.hdfs.protocol.proto.ClientNamenodeProtocolProtos$UnsetStoragePolicyResponseProto$1
2024-11-12 13:43:07,213 INFO  EvoClassLoader - Seeing class for first time: org.apache.hadoop.hdfs.protocol.proto.ClientNamenodeProtocolProtos$UnsetStoragePolicyResponseProto$Builder
2024-11-12 13:43:07,213 INFO  EvoClassLoader - Instrumenting class 'org.apache.hadoop.hdfs.protocol.proto.ClientNamenodeProtocolProtos$UnsetStoragePolicyResponseProto$Builder'.
2024-11-12 13:43:07,213 INFO  MethodCallReplacementClassAdapter - Adding mock interface to class org/apache/hadoop/hdfs/protocol/proto/ClientNamenodeProtocolProtos$UnsetStoragePolicyResponseProto$Builder
2024-11-12 13:43:07,214 INFO  CreateClassResetClassAdapter - Creating brand-new static initializer in class org/apache/hadoop/hdfs/protocol/proto/ClientNamenodeProtocolProtos$UnsetStoragePolicyResponseProto$Builder
2024-11-12 13:43:07,215 INFO  EvoClassLoader - Keeping class: org.apache.hadoop.hdfs.protocol.proto.ClientNamenodeProtocolProtos$UnsetStoragePolicyResponseProto$Builder
2024-11-12 13:43:07,215 INFO  EvoClassLoader - Seeing class for first time: org.apache.hadoop.hdfs.protocol.proto.ClientNamenodeProtocolProtos$CreateResponseProto$1
2024-11-12 13:43:07,215 INFO  EvoClassLoader - Instrumenting class 'org.apache.hadoop.hdfs.protocol.proto.ClientNamenodeProtocolProtos$CreateResponseProto$1'.
2024-11-12 13:43:07,216 INFO  MethodCallReplacementClassAdapter - Adding mock interface to class org/apache/hadoop/hdfs/protocol/proto/ClientNamenodeProtocolProtos$CreateResponseProto$1
2024-11-12 13:43:07,216 INFO  EvoClassLoader - Keeping class: org.apache.hadoop.hdfs.protocol.proto.ClientNamenodeProtocolProtos$CreateResponseProto$1
2024-11-12 13:43:07,216 INFO  EvoClassLoader - Seeing class for first time: org.apache.hadoop.hdfs.protocol.proto.ClientNamenodeProtocolProtos$CreateResponseProto
2024-11-12 13:43:07,216 INFO  EvoClassLoader - Instrumenting class 'org.apache.hadoop.hdfs.protocol.proto.ClientNamenodeProtocolProtos$CreateResponseProto'.
2024-11-12 13:43:07,217 INFO  MethodCallReplacementClassAdapter - Adding mock interface to class org/apache/hadoop/hdfs/protocol/proto/ClientNamenodeProtocolProtos$CreateResponseProto
2024-11-12 13:43:07,217 INFO  CreateClassResetClassAdapter - Found static initializer in class org/apache/hadoop/hdfs/protocol/proto/ClientNamenodeProtocolProtos$CreateResponseProto
2024-11-12 13:43:07,218 INFO  EvoClassLoader - Seeing class for first time: org.apache.hadoop.hdfs.protocol.proto.ClientNamenodeProtocolProtos$CreateResponseProtoOrBuilder
2024-11-12 13:43:07,218 INFO  EvoClassLoader - Instrumenting class 'org.apache.hadoop.hdfs.protocol.proto.ClientNamenodeProtocolProtos$CreateResponseProtoOrBuilder'.
2024-11-12 13:43:07,219 INFO  EvoClassLoader - Keeping class: org.apache.hadoop.hdfs.protocol.proto.ClientNamenodeProtocolProtos$CreateResponseProtoOrBuilder
2024-11-12 13:43:07,219 INFO  EvoClassLoader - Keeping class: org.apache.hadoop.hdfs.protocol.proto.ClientNamenodeProtocolProtos$CreateResponseProto
2024-11-12 13:43:07,219 INFO  EvoClassLoader - Seeing class for first time: org.apache.hadoop.hdfs.protocol.proto.ClientNamenodeProtocolProtos$SetStoragePolicyRequestProto
2024-11-12 13:43:07,219 INFO  EvoClassLoader - Instrumenting class 'org.apache.hadoop.hdfs.protocol.proto.ClientNamenodeProtocolProtos$SetStoragePolicyRequestProto'.
2024-11-12 13:43:07,219 INFO  MethodCallReplacementClassAdapter - Adding mock interface to class org/apache/hadoop/hdfs/protocol/proto/ClientNamenodeProtocolProtos$SetStoragePolicyRequestProto
2024-11-12 13:43:07,220 INFO  CreateClassResetClassAdapter - Found static initializer in class org/apache/hadoop/hdfs/protocol/proto/ClientNamenodeProtocolProtos$SetStoragePolicyRequestProto
2024-11-12 13:43:07,221 INFO  EvoClassLoader - Seeing class for first time: org.apache.hadoop.hdfs.protocol.proto.ClientNamenodeProtocolProtos$SetStoragePolicyRequestProtoOrBuilder
2024-11-12 13:43:07,221 INFO  EvoClassLoader - Instrumenting class 'org.apache.hadoop.hdfs.protocol.proto.ClientNamenodeProtocolProtos$SetStoragePolicyRequestProtoOrBuilder'.
2024-11-12 13:43:07,221 INFO  EvoClassLoader - Keeping class: org.apache.hadoop.hdfs.protocol.proto.ClientNamenodeProtocolProtos$SetStoragePolicyRequestProtoOrBuilder
2024-11-12 13:43:07,222 INFO  EvoClassLoader - Keeping class: org.apache.hadoop.hdfs.protocol.proto.ClientNamenodeProtocolProtos$SetStoragePolicyRequestProto
2024-11-12 13:43:07,222 INFO  EvoClassLoader - Seeing class for first time: org.apache.hadoop.hdfs.protocol.proto.ClientNamenodeProtocolProtos$SetReplicationResponseProto
2024-11-12 13:43:07,222 INFO  EvoClassLoader - Instrumenting class 'org.apache.hadoop.hdfs.protocol.proto.ClientNamenodeProtocolProtos$SetReplicationResponseProto'.
2024-11-12 13:43:07,222 INFO  MethodCallReplacementClassAdapter - Adding mock interface to class org/apache/hadoop/hdfs/protocol/proto/ClientNamenodeProtocolProtos$SetReplicationResponseProto
2024-11-12 13:43:07,223 INFO  CreateClassResetClassAdapter - Found static initializer in class org/apache/hadoop/hdfs/protocol/proto/ClientNamenodeProtocolProtos$SetReplicationResponseProto
2024-11-12 13:43:07,224 INFO  EvoClassLoader - Seeing class for first time: org.apache.hadoop.hdfs.protocol.proto.ClientNamenodeProtocolProtos$SetReplicationResponseProtoOrBuilder
2024-11-12 13:43:07,224 INFO  EvoClassLoader - Instrumenting class 'org.apache.hadoop.hdfs.protocol.proto.ClientNamenodeProtocolProtos$SetReplicationResponseProtoOrBuilder'.
2024-11-12 13:43:07,224 INFO  EvoClassLoader - Keeping class: org.apache.hadoop.hdfs.protocol.proto.ClientNamenodeProtocolProtos$SetReplicationResponseProtoOrBuilder
2024-11-12 13:43:07,224 INFO  EvoClassLoader - Keeping class: org.apache.hadoop.hdfs.protocol.proto.ClientNamenodeProtocolProtos$SetReplicationResponseProto
2024-11-12 13:43:07,224 INFO  EvoClassLoader - Seeing class for first time: org.apache.hadoop.hdfs.protocol.proto.ClientNamenodeProtocolProtos$SetReplicationRequestProto
2024-11-12 13:43:07,224 INFO  EvoClassLoader - Instrumenting class 'org.apache.hadoop.hdfs.protocol.proto.ClientNamenodeProtocolProtos$SetReplicationRequestProto'.
2024-11-12 13:43:07,225 INFO  MethodCallReplacementClassAdapter - Adding mock interface to class org/apache/hadoop/hdfs/protocol/proto/ClientNamenodeProtocolProtos$SetReplicationRequestProto
2024-11-12 13:43:07,225 INFO  CreateClassResetClassAdapter - Found static initializer in class org/apache/hadoop/hdfs/protocol/proto/ClientNamenodeProtocolProtos$SetReplicationRequestProto
2024-11-12 13:43:07,226 INFO  EvoClassLoader - Seeing class for first time: org.apache.hadoop.hdfs.protocol.proto.ClientNamenodeProtocolProtos$SetReplicationRequestProtoOrBuilder
2024-11-12 13:43:07,226 INFO  EvoClassLoader - Instrumenting class 'org.apache.hadoop.hdfs.protocol.proto.ClientNamenodeProtocolProtos$SetReplicationRequestProtoOrBuilder'.
2024-11-12 13:43:07,227 INFO  EvoClassLoader - Keeping class: org.apache.hadoop.hdfs.protocol.proto.ClientNamenodeProtocolProtos$SetReplicationRequestProtoOrBuilder
2024-11-12 13:43:07,227 INFO  EvoClassLoader - Keeping class: org.apache.hadoop.hdfs.protocol.proto.ClientNamenodeProtocolProtos$SetReplicationRequestProto
2024-11-12 13:43:07,227 INFO  EvoClassLoader - Seeing class for first time: org.apache.hadoop.hdfs.protocol.proto.ClientNamenodeProtocolProtos$AppendResponseProto
2024-11-12 13:43:07,227 INFO  EvoClassLoader - Instrumenting class 'org.apache.hadoop.hdfs.protocol.proto.ClientNamenodeProtocolProtos$AppendResponseProto'.
2024-11-12 13:43:07,228 INFO  MethodCallReplacementClassAdapter - Adding mock interface to class org/apache/hadoop/hdfs/protocol/proto/ClientNamenodeProtocolProtos$AppendResponseProto
2024-11-12 13:43:07,228 INFO  CreateClassResetClassAdapter - Found static initializer in class org/apache/hadoop/hdfs/protocol/proto/ClientNamenodeProtocolProtos$AppendResponseProto
2024-11-12 13:43:07,229 INFO  EvoClassLoader - Seeing class for first time: org.apache.hadoop.hdfs.protocol.proto.ClientNamenodeProtocolProtos$AppendResponseProtoOrBuilder
2024-11-12 13:43:07,229 INFO  EvoClassLoader - Instrumenting class 'org.apache.hadoop.hdfs.protocol.proto.ClientNamenodeProtocolProtos$AppendResponseProtoOrBuilder'.
2024-11-12 13:43:07,229 INFO  EvoClassLoader - Keeping class: org.apache.hadoop.hdfs.protocol.proto.ClientNamenodeProtocolProtos$AppendResponseProtoOrBuilder
2024-11-12 13:43:07,230 INFO  EvoClassLoader - Keeping class: org.apache.hadoop.hdfs.protocol.proto.ClientNamenodeProtocolProtos$AppendResponseProto
2024-11-12 13:43:07,230 INFO  EvoClassLoader - Seeing class for first time: org.apache.hadoop.hdfs.protocol.proto.ClientNamenodeProtocolProtos$AppendRequestProto
2024-11-12 13:43:07,230 INFO  EvoClassLoader - Instrumenting class 'org.apache.hadoop.hdfs.protocol.proto.ClientNamenodeProtocolProtos$AppendRequestProto'.
2024-11-12 13:43:07,230 INFO  MethodCallReplacementClassAdapter - Adding mock interface to class org/apache/hadoop/hdfs/protocol/proto/ClientNamenodeProtocolProtos$AppendRequestProto
2024-11-12 13:43:07,231 INFO  CreateClassResetClassAdapter - Found static initializer in class org/apache/hadoop/hdfs/protocol/proto/ClientNamenodeProtocolProtos$AppendRequestProto
2024-11-12 13:43:07,231 INFO  EvoClassLoader - Seeing class for first time: org.apache.hadoop.hdfs.protocol.proto.ClientNamenodeProtocolProtos$AppendRequestProtoOrBuilder
2024-11-12 13:43:07,231 INFO  EvoClassLoader - Instrumenting class 'org.apache.hadoop.hdfs.protocol.proto.ClientNamenodeProtocolProtos$AppendRequestProtoOrBuilder'.
2024-11-12 13:43:07,232 INFO  EvoClassLoader - Keeping class: org.apache.hadoop.hdfs.protocol.proto.ClientNamenodeProtocolProtos$AppendRequestProtoOrBuilder
2024-11-12 13:43:07,232 INFO  EvoClassLoader - Keeping class: org.apache.hadoop.hdfs.protocol.proto.ClientNamenodeProtocolProtos$AppendRequestProto
2024-11-12 13:43:07,233 INFO  EvoClassLoader - Seeing class for first time: org.apache.hadoop.hdfs.protocol.proto.HdfsProtos$HdfsFileStatusProtoOrBuilder
2024-11-12 13:43:07,233 INFO  EvoClassLoader - Instrumenting class 'org.apache.hadoop.hdfs.protocol.proto.HdfsProtos$HdfsFileStatusProtoOrBuilder'.
2024-11-12 13:43:07,234 INFO  EvoClassLoader - Keeping class: org.apache.hadoop.hdfs.protocol.proto.HdfsProtos$HdfsFileStatusProtoOrBuilder
2024-11-12 13:43:07,234 INFO  EvoClassLoader - Seeing class for first time: org.apache.hadoop.hdfs.protocol.proto.ClientNamenodeProtocolProtos$CreateResponseProto$Builder
2024-11-12 13:43:07,234 INFO  EvoClassLoader - Instrumenting class 'org.apache.hadoop.hdfs.protocol.proto.ClientNamenodeProtocolProtos$CreateResponseProto$Builder'.
2024-11-12 13:43:07,235 INFO  MethodCallReplacementClassAdapter - Adding mock interface to class org/apache/hadoop/hdfs/protocol/proto/ClientNamenodeProtocolProtos$CreateResponseProto$Builder
2024-11-12 13:43:07,236 INFO  CreateClassResetClassAdapter - Creating brand-new static initializer in class org/apache/hadoop/hdfs/protocol/proto/ClientNamenodeProtocolProtos$CreateResponseProto$Builder
2024-11-12 13:43:07,237 INFO  EvoClassLoader - Keeping class: org.apache.hadoop.hdfs.protocol.proto.ClientNamenodeProtocolProtos$CreateResponseProto$Builder
2024-11-12 13:43:07,237 INFO  EvoClassLoader - Seeing class for first time: org.apache.hadoop.hdfs.protocol.proto.HdfsProtos$HdfsFileStatusProto
2024-11-12 13:43:07,237 INFO  EvoClassLoader - Instrumenting class 'org.apache.hadoop.hdfs.protocol.proto.HdfsProtos$HdfsFileStatusProto'.
2024-11-12 13:43:07,238 INFO  MethodCallReplacementClassAdapter - Adding mock interface to class org/apache/hadoop/hdfs/protocol/proto/HdfsProtos$HdfsFileStatusProto
2024-11-12 13:43:07,239 INFO  CreateClassResetClassAdapter - Found static initializer in class org/apache/hadoop/hdfs/protocol/proto/HdfsProtos$HdfsFileStatusProto
2024-11-12 13:43:07,240 INFO  EvoClassLoader - Keeping class: org.apache.hadoop.hdfs.protocol.proto.HdfsProtos$HdfsFileStatusProto
2024-11-12 13:43:07,241 INFO  EvoClassLoader - Seeing class for first time: org.apache.hadoop.hdfs.protocol.proto.HdfsProtos$HdfsFileStatusProto$Builder
2024-11-12 13:43:07,241 INFO  EvoClassLoader - Instrumenting class 'org.apache.hadoop.hdfs.protocol.proto.HdfsProtos$HdfsFileStatusProto$Builder'.
2024-11-12 13:43:07,242 INFO  MethodCallReplacementClassAdapter - Adding mock interface to class org/apache/hadoop/hdfs/protocol/proto/HdfsProtos$HdfsFileStatusProto$Builder
2024-11-12 13:43:07,244 INFO  CreateClassResetClassAdapter - Creating brand-new static initializer in class org/apache/hadoop/hdfs/protocol/proto/HdfsProtos$HdfsFileStatusProto$Builder
2024-11-12 13:43:07,246 INFO  EvoClassLoader - Keeping class: org.apache.hadoop.hdfs.protocol.proto.HdfsProtos$HdfsFileStatusProto$Builder
2024-11-12 13:43:07,246 INFO  EvoClassLoader - Seeing class for first time: org.apache.hadoop.hdfs.protocol.proto.ClientNamenodeProtocolProtos$SetPermissionResponseProto$1
2024-11-12 13:43:07,246 INFO  EvoClassLoader - Instrumenting class 'org.apache.hadoop.hdfs.protocol.proto.ClientNamenodeProtocolProtos$SetPermissionResponseProto$1'.
2024-11-12 13:43:07,247 INFO  MethodCallReplacementClassAdapter - Adding mock interface to class org/apache/hadoop/hdfs/protocol/proto/ClientNamenodeProtocolProtos$SetPermissionResponseProto$1
2024-11-12 13:43:07,247 INFO  EvoClassLoader - Keeping class: org.apache.hadoop.hdfs.protocol.proto.ClientNamenodeProtocolProtos$SetPermissionResponseProto$1
2024-11-12 13:43:07,247 INFO  EvoClassLoader - Seeing class for first time: org.apache.hadoop.hdfs.protocol.proto.ClientNamenodeProtocolProtos$SetPermissionResponseProto$Builder
2024-11-12 13:43:07,247 INFO  EvoClassLoader - Instrumenting class 'org.apache.hadoop.hdfs.protocol.proto.ClientNamenodeProtocolProtos$SetPermissionResponseProto$Builder'.
2024-11-12 13:43:07,248 INFO  MethodCallReplacementClassAdapter - Adding mock interface to class org/apache/hadoop/hdfs/protocol/proto/ClientNamenodeProtocolProtos$SetPermissionResponseProto$Builder
2024-11-12 13:43:07,249 INFO  CreateClassResetClassAdapter - Creating brand-new static initializer in class org/apache/hadoop/hdfs/protocol/proto/ClientNamenodeProtocolProtos$SetPermissionResponseProto$Builder
2024-11-12 13:43:07,250 INFO  EvoClassLoader - Keeping class: org.apache.hadoop.hdfs.protocol.proto.ClientNamenodeProtocolProtos$SetPermissionResponseProto$Builder
2024-11-12 13:43:07,251 INFO  EvoClassLoader - Seeing class for first time: org.apache.hadoop.hdfs.protocol.proto.ClientNamenodeProtocolProtos$SetOwnerResponseProto$1
2024-11-12 13:43:07,251 INFO  EvoClassLoader - Instrumenting class 'org.apache.hadoop.hdfs.protocol.proto.ClientNamenodeProtocolProtos$SetOwnerResponseProto$1'.
2024-11-12 13:43:07,252 INFO  MethodCallReplacementClassAdapter - Adding mock interface to class org/apache/hadoop/hdfs/protocol/proto/ClientNamenodeProtocolProtos$SetOwnerResponseProto$1
2024-11-12 13:43:07,252 INFO  EvoClassLoader - Keeping class: org.apache.hadoop.hdfs.protocol.proto.ClientNamenodeProtocolProtos$SetOwnerResponseProto$1
2024-11-12 13:43:07,253 INFO  EvoClassLoader - Seeing class for first time: org.apache.hadoop.hdfs.protocol.proto.ClientNamenodeProtocolProtos$SetOwnerResponseProto$Builder
2024-11-12 13:43:07,253 INFO  EvoClassLoader - Instrumenting class 'org.apache.hadoop.hdfs.protocol.proto.ClientNamenodeProtocolProtos$SetOwnerResponseProto$Builder'.
2024-11-12 13:43:07,253 INFO  MethodCallReplacementClassAdapter - Adding mock interface to class org/apache/hadoop/hdfs/protocol/proto/ClientNamenodeProtocolProtos$SetOwnerResponseProto$Builder
2024-11-12 13:43:07,254 INFO  CreateClassResetClassAdapter - Creating brand-new static initializer in class org/apache/hadoop/hdfs/protocol/proto/ClientNamenodeProtocolProtos$SetOwnerResponseProto$Builder
2024-11-12 13:43:07,255 INFO  EvoClassLoader - Keeping class: org.apache.hadoop.hdfs.protocol.proto.ClientNamenodeProtocolProtos$SetOwnerResponseProto$Builder
2024-11-12 13:43:07,256 INFO  EvoClassLoader - Seeing class for first time: org.apache.hadoop.hdfs.protocol.proto.ClientNamenodeProtocolProtos$AbandonBlockResponseProto$1
2024-11-12 13:43:07,256 INFO  EvoClassLoader - Instrumenting class 'org.apache.hadoop.hdfs.protocol.proto.ClientNamenodeProtocolProtos$AbandonBlockResponseProto$1'.
2024-11-12 13:43:07,256 INFO  MethodCallReplacementClassAdapter - Adding mock interface to class org/apache/hadoop/hdfs/protocol/proto/ClientNamenodeProtocolProtos$AbandonBlockResponseProto$1
2024-11-12 13:43:07,257 INFO  EvoClassLoader - Keeping class: org.apache.hadoop.hdfs.protocol.proto.ClientNamenodeProtocolProtos$AbandonBlockResponseProto$1
2024-11-12 13:43:07,257 INFO  EvoClassLoader - Seeing class for first time: org.apache.hadoop.hdfs.protocol.proto.ClientNamenodeProtocolProtos$AbandonBlockResponseProto$Builder
2024-11-12 13:43:07,257 INFO  EvoClassLoader - Instrumenting class 'org.apache.hadoop.hdfs.protocol.proto.ClientNamenodeProtocolProtos$AbandonBlockResponseProto$Builder'.
2024-11-12 13:43:07,257 INFO  MethodCallReplacementClassAdapter - Adding mock interface to class org/apache/hadoop/hdfs/protocol/proto/ClientNamenodeProtocolProtos$AbandonBlockResponseProto$Builder
2024-11-12 13:43:07,259 INFO  CreateClassResetClassAdapter - Creating brand-new static initializer in class org/apache/hadoop/hdfs/protocol/proto/ClientNamenodeProtocolProtos$AbandonBlockResponseProto$Builder
2024-11-12 13:43:07,259 INFO  EvoClassLoader - Keeping class: org.apache.hadoop.hdfs.protocol.proto.ClientNamenodeProtocolProtos$AbandonBlockResponseProto$Builder
2024-11-12 13:43:07,260 INFO  EvoClassLoader - Seeing class for first time: org.apache.hadoop.hdfs.protocol.proto.ClientNamenodeProtocolProtos$ReportBadBlocksResponseProto$1
2024-11-12 13:43:07,260 INFO  EvoClassLoader - Instrumenting class 'org.apache.hadoop.hdfs.protocol.proto.ClientNamenodeProtocolProtos$ReportBadBlocksResponseProto$1'.
2024-11-12 13:43:07,260 INFO  MethodCallReplacementClassAdapter - Adding mock interface to class org/apache/hadoop/hdfs/protocol/proto/ClientNamenodeProtocolProtos$ReportBadBlocksResponseProto$1
2024-11-12 13:43:07,261 INFO  EvoClassLoader - Keeping class: org.apache.hadoop.hdfs.protocol.proto.ClientNamenodeProtocolProtos$ReportBadBlocksResponseProto$1
2024-11-12 13:43:07,261 INFO  EvoClassLoader - Seeing class for first time: org.apache.hadoop.hdfs.protocol.proto.ClientNamenodeProtocolProtos$ReportBadBlocksResponseProto$Builder
2024-11-12 13:43:07,261 INFO  EvoClassLoader - Instrumenting class 'org.apache.hadoop.hdfs.protocol.proto.ClientNamenodeProtocolProtos$ReportBadBlocksResponseProto$Builder'.
2024-11-12 13:43:07,262 INFO  MethodCallReplacementClassAdapter - Adding mock interface to class org/apache/hadoop/hdfs/protocol/proto/ClientNamenodeProtocolProtos$ReportBadBlocksResponseProto$Builder
2024-11-12 13:43:07,263 INFO  CreateClassResetClassAdapter - Creating brand-new static initializer in class org/apache/hadoop/hdfs/protocol/proto/ClientNamenodeProtocolProtos$ReportBadBlocksResponseProto$Builder
2024-11-12 13:43:07,263 INFO  EvoClassLoader - Keeping class: org.apache.hadoop.hdfs.protocol.proto.ClientNamenodeProtocolProtos$ReportBadBlocksResponseProto$Builder
2024-11-12 13:43:07,264 INFO  EvoClassLoader - Seeing class for first time: org.apache.hadoop.hdfs.protocol.proto.ClientNamenodeProtocolProtos$ConcatResponseProto$1
2024-11-12 13:43:07,264 INFO  EvoClassLoader - Instrumenting class 'org.apache.hadoop.hdfs.protocol.proto.ClientNamenodeProtocolProtos$ConcatResponseProto$1'.
2024-11-12 13:43:07,265 INFO  MethodCallReplacementClassAdapter - Adding mock interface to class org/apache/hadoop/hdfs/protocol/proto/ClientNamenodeProtocolProtos$ConcatResponseProto$1
2024-11-12 13:43:07,265 INFO  EvoClassLoader - Keeping class: org.apache.hadoop.hdfs.protocol.proto.ClientNamenodeProtocolProtos$ConcatResponseProto$1
2024-11-12 13:43:07,266 INFO  EvoClassLoader - Seeing class for first time: org.apache.hadoop.hdfs.protocol.proto.ClientNamenodeProtocolProtos$ConcatResponseProto$Builder
2024-11-12 13:43:07,266 INFO  EvoClassLoader - Instrumenting class 'org.apache.hadoop.hdfs.protocol.proto.ClientNamenodeProtocolProtos$ConcatResponseProto$Builder'.
2024-11-12 13:43:07,266 INFO  MethodCallReplacementClassAdapter - Adding mock interface to class org/apache/hadoop/hdfs/protocol/proto/ClientNamenodeProtocolProtos$ConcatResponseProto$Builder
2024-11-12 13:43:07,268 INFO  CreateClassResetClassAdapter - Creating brand-new static initializer in class org/apache/hadoop/hdfs/protocol/proto/ClientNamenodeProtocolProtos$ConcatResponseProto$Builder
2024-11-12 13:43:07,269 INFO  EvoClassLoader - Keeping class: org.apache.hadoop.hdfs.protocol.proto.ClientNamenodeProtocolProtos$ConcatResponseProto$Builder
2024-11-12 13:43:07,270 INFO  EvoClassLoader - Seeing class for first time: org.apache.hadoop.hdfs.protocol.proto.ClientNamenodeProtocolProtos$Rename2ResponseProto$1
2024-11-12 13:43:07,270 INFO  EvoClassLoader - Instrumenting class 'org.apache.hadoop.hdfs.protocol.proto.ClientNamenodeProtocolProtos$Rename2ResponseProto$1'.
2024-11-12 13:43:07,270 INFO  MethodCallReplacementClassAdapter - Adding mock interface to class org/apache/hadoop/hdfs/protocol/proto/ClientNamenodeProtocolProtos$Rename2ResponseProto$1
2024-11-12 13:43:07,271 INFO  EvoClassLoader - Keeping class: org.apache.hadoop.hdfs.protocol.proto.ClientNamenodeProtocolProtos$Rename2ResponseProto$1
2024-11-12 13:43:07,271 INFO  EvoClassLoader - Seeing class for first time: org.apache.hadoop.hdfs.protocol.proto.ClientNamenodeProtocolProtos$Rename2ResponseProto$Builder
2024-11-12 13:43:07,271 INFO  EvoClassLoader - Instrumenting class 'org.apache.hadoop.hdfs.protocol.proto.ClientNamenodeProtocolProtos$Rename2ResponseProto$Builder'.
2024-11-12 13:43:07,272 INFO  MethodCallReplacementClassAdapter - Adding mock interface to class org/apache/hadoop/hdfs/protocol/proto/ClientNamenodeProtocolProtos$Rename2ResponseProto$Builder
2024-11-12 13:43:07,273 INFO  CreateClassResetClassAdapter - Creating brand-new static initializer in class org/apache/hadoop/hdfs/protocol/proto/ClientNamenodeProtocolProtos$Rename2ResponseProto$Builder
2024-11-12 13:43:07,273 INFO  EvoClassLoader - Keeping class: org.apache.hadoop.hdfs.protocol.proto.ClientNamenodeProtocolProtos$Rename2ResponseProto$Builder
2024-11-12 13:43:07,274 INFO  EvoClassLoader - Seeing class for first time: org.apache.hadoop.hdfs.protocol.proto.ClientNamenodeProtocolProtos$GetListingResponseProto$1
2024-11-12 13:43:07,274 INFO  EvoClassLoader - Instrumenting class 'org.apache.hadoop.hdfs.protocol.proto.ClientNamenodeProtocolProtos$GetListingResponseProto$1'.
2024-11-12 13:43:07,274 INFO  MethodCallReplacementClassAdapter - Adding mock interface to class org/apache/hadoop/hdfs/protocol/proto/ClientNamenodeProtocolProtos$GetListingResponseProto$1
2024-11-12 13:43:07,275 INFO  EvoClassLoader - Keeping class: org.apache.hadoop.hdfs.protocol.proto.ClientNamenodeProtocolProtos$GetListingResponseProto$1
2024-11-12 13:43:07,275 INFO  EvoClassLoader - Seeing class for first time: org.apache.hadoop.hdfs.protocol.proto.HdfsProtos$DirectoryListingProtoOrBuilder
2024-11-12 13:43:07,275 INFO  EvoClassLoader - Instrumenting class 'org.apache.hadoop.hdfs.protocol.proto.HdfsProtos$DirectoryListingProtoOrBuilder'.
2024-11-12 13:43:07,275 INFO  EvoClassLoader - Keeping class: org.apache.hadoop.hdfs.protocol.proto.HdfsProtos$DirectoryListingProtoOrBuilder
2024-11-12 13:43:07,276 INFO  EvoClassLoader - Seeing class for first time: org.apache.hadoop.hdfs.protocol.proto.ClientNamenodeProtocolProtos$GetListingResponseProto$Builder
2024-11-12 13:43:07,276 INFO  EvoClassLoader - Instrumenting class 'org.apache.hadoop.hdfs.protocol.proto.ClientNamenodeProtocolProtos$GetListingResponseProto$Builder'.
2024-11-12 13:43:07,276 INFO  MethodCallReplacementClassAdapter - Adding mock interface to class org/apache/hadoop/hdfs/protocol/proto/ClientNamenodeProtocolProtos$GetListingResponseProto$Builder
2024-11-12 13:43:07,277 INFO  CreateClassResetClassAdapter - Creating brand-new static initializer in class org/apache/hadoop/hdfs/protocol/proto/ClientNamenodeProtocolProtos$GetListingResponseProto$Builder
2024-11-12 13:43:07,277 INFO  EvoClassLoader - Keeping class: org.apache.hadoop.hdfs.protocol.proto.ClientNamenodeProtocolProtos$GetListingResponseProto$Builder
2024-11-12 13:43:07,277 INFO  EvoClassLoader - Seeing class for first time: org.apache.hadoop.hdfs.protocol.proto.HdfsProtos$DirectoryListingProto
2024-11-12 13:43:07,277 INFO  EvoClassLoader - Instrumenting class 'org.apache.hadoop.hdfs.protocol.proto.HdfsProtos$DirectoryListingProto'.
2024-11-12 13:43:07,277 INFO  MethodCallReplacementClassAdapter - Adding mock interface to class org/apache/hadoop/hdfs/protocol/proto/HdfsProtos$DirectoryListingProto
2024-11-12 13:43:07,278 INFO  CreateClassResetClassAdapter - Found static initializer in class org/apache/hadoop/hdfs/protocol/proto/HdfsProtos$DirectoryListingProto
2024-11-12 13:43:07,278 INFO  EvoClassLoader - Keeping class: org.apache.hadoop.hdfs.protocol.proto.HdfsProtos$DirectoryListingProto
2024-11-12 13:43:07,279 INFO  EvoClassLoader - Seeing class for first time: org.apache.hadoop.hdfs.protocol.proto.HdfsProtos$DirectoryListingProto$Builder
2024-11-12 13:43:07,279 INFO  EvoClassLoader - Instrumenting class 'org.apache.hadoop.hdfs.protocol.proto.HdfsProtos$DirectoryListingProto$Builder'.
2024-11-12 13:43:07,279 INFO  MethodCallReplacementClassAdapter - Adding mock interface to class org/apache/hadoop/hdfs/protocol/proto/HdfsProtos$DirectoryListingProto$Builder
2024-11-12 13:43:07,280 INFO  CreateClassResetClassAdapter - Creating brand-new static initializer in class org/apache/hadoop/hdfs/protocol/proto/HdfsProtos$DirectoryListingProto$Builder
2024-11-12 13:43:07,281 INFO  EvoClassLoader - Keeping class: org.apache.hadoop.hdfs.protocol.proto.HdfsProtos$DirectoryListingProto$Builder
2024-11-12 13:43:07,281 INFO  EvoClassLoader - Seeing class for first time: org.apache.hadoop.hdfs.protocol.proto.ClientNamenodeProtocolProtos$GetBatchedListingResponseProto$1
2024-11-12 13:43:07,281 INFO  EvoClassLoader - Instrumenting class 'org.apache.hadoop.hdfs.protocol.proto.ClientNamenodeProtocolProtos$GetBatchedListingResponseProto$1'.
2024-11-12 13:43:07,281 INFO  MethodCallReplacementClassAdapter - Adding mock interface to class org/apache/hadoop/hdfs/protocol/proto/ClientNamenodeProtocolProtos$GetBatchedListingResponseProto$1
2024-11-12 13:43:07,281 INFO  EvoClassLoader - Keeping class: org.apache.hadoop.hdfs.protocol.proto.ClientNamenodeProtocolProtos$GetBatchedListingResponseProto$1
2024-11-12 13:43:07,282 INFO  EvoClassLoader - Seeing class for first time: org.apache.hadoop.hdfs.protocol.proto.ClientNamenodeProtocolProtos$GetBatchedListingResponseProto$Builder
2024-11-12 13:43:07,282 INFO  EvoClassLoader - Instrumenting class 'org.apache.hadoop.hdfs.protocol.proto.ClientNamenodeProtocolProtos$GetBatchedListingResponseProto$Builder'.
2024-11-12 13:43:07,282 INFO  MethodCallReplacementClassAdapter - Adding mock interface to class org/apache/hadoop/hdfs/protocol/proto/ClientNamenodeProtocolProtos$GetBatchedListingResponseProto$Builder
2024-11-12 13:43:07,283 INFO  CreateClassResetClassAdapter - Creating brand-new static initializer in class org/apache/hadoop/hdfs/protocol/proto/ClientNamenodeProtocolProtos$GetBatchedListingResponseProto$Builder
2024-11-12 13:43:07,284 INFO  EvoClassLoader - Keeping class: org.apache.hadoop.hdfs.protocol.proto.ClientNamenodeProtocolProtos$GetBatchedListingResponseProto$Builder
2024-11-12 13:43:07,284 INFO  EvoClassLoader - Seeing class for first time: org.apache.hadoop.hdfs.protocol.proto.HdfsProtos$BatchedDirectoryListingProto
2024-11-12 13:43:07,284 INFO  EvoClassLoader - Instrumenting class 'org.apache.hadoop.hdfs.protocol.proto.HdfsProtos$BatchedDirectoryListingProto'.
2024-11-12 13:43:07,284 INFO  MethodCallReplacementClassAdapter - Adding mock interface to class org/apache/hadoop/hdfs/protocol/proto/HdfsProtos$BatchedDirectoryListingProto
2024-11-12 13:43:07,285 INFO  CreateClassResetClassAdapter - Found static initializer in class org/apache/hadoop/hdfs/protocol/proto/HdfsProtos$BatchedDirectoryListingProto
2024-11-12 13:43:07,285 INFO  EvoClassLoader - Seeing class for first time: org.apache.hadoop.hdfs.protocol.proto.HdfsProtos$BatchedDirectoryListingProtoOrBuilder
2024-11-12 13:43:07,285 INFO  EvoClassLoader - Instrumenting class 'org.apache.hadoop.hdfs.protocol.proto.HdfsProtos$BatchedDirectoryListingProtoOrBuilder'.
2024-11-12 13:43:07,286 INFO  EvoClassLoader - Keeping class: org.apache.hadoop.hdfs.protocol.proto.HdfsProtos$BatchedDirectoryListingProtoOrBuilder
2024-11-12 13:43:07,286 INFO  EvoClassLoader - Keeping class: org.apache.hadoop.hdfs.protocol.proto.HdfsProtos$BatchedDirectoryListingProto
2024-11-12 13:43:07,287 INFO  EvoClassLoader - Seeing class for first time: org.apache.hadoop.thirdparty.protobuf.RepeatedFieldBuilderV3
2024-11-12 13:43:07,287 INFO  EvoClassLoader - Instrumenting class 'org.apache.hadoop.thirdparty.protobuf.RepeatedFieldBuilderV3'.
2024-11-12 13:43:07,287 INFO  MethodCallReplacementClassAdapter - Adding mock interface to class org/apache/hadoop/thirdparty/protobuf/RepeatedFieldBuilderV3
2024-11-12 13:43:07,287 INFO  CreateClassResetClassAdapter - Creating brand-new static initializer in class org/apache/hadoop/thirdparty/protobuf/RepeatedFieldBuilderV3
2024-11-12 13:43:07,287 INFO  EvoClassLoader - Keeping class: org.apache.hadoop.thirdparty.protobuf.RepeatedFieldBuilderV3
2024-11-12 13:43:07,288 INFO  EvoClassLoader - Seeing class for first time: org.apache.hadoop.hdfs.protocol.proto.HdfsProtos$BatchedDirectoryListingProto$Builder
2024-11-12 13:43:07,288 INFO  EvoClassLoader - Instrumenting class 'org.apache.hadoop.hdfs.protocol.proto.HdfsProtos$BatchedDirectoryListingProto$Builder'.
2024-11-12 13:43:07,288 INFO  MethodCallReplacementClassAdapter - Adding mock interface to class org/apache/hadoop/hdfs/protocol/proto/HdfsProtos$BatchedDirectoryListingProto$Builder
2024-11-12 13:43:07,289 INFO  CreateClassResetClassAdapter - Creating brand-new static initializer in class org/apache/hadoop/hdfs/protocol/proto/HdfsProtos$BatchedDirectoryListingProto$Builder
2024-11-12 13:43:07,289 INFO  EvoClassLoader - Keeping class: org.apache.hadoop.hdfs.protocol.proto.HdfsProtos$BatchedDirectoryListingProto$Builder
2024-11-12 13:43:07,289 INFO  EvoClassLoader - Seeing class for first time: org.apache.hadoop.hdfs.protocol.proto.ClientNamenodeProtocolProtos$RenewLeaseResponseProto$1
2024-11-12 13:43:07,289 INFO  EvoClassLoader - Instrumenting class 'org.apache.hadoop.hdfs.protocol.proto.ClientNamenodeProtocolProtos$RenewLeaseResponseProto$1'.
2024-11-12 13:43:07,290 INFO  MethodCallReplacementClassAdapter - Adding mock interface to class org/apache/hadoop/hdfs/protocol/proto/ClientNamenodeProtocolProtos$RenewLeaseResponseProto$1
2024-11-12 13:43:07,290 INFO  EvoClassLoader - Keeping class: org.apache.hadoop.hdfs.protocol.proto.ClientNamenodeProtocolProtos$RenewLeaseResponseProto$1
2024-11-12 13:43:07,290 INFO  EvoClassLoader - Seeing class for first time: org.apache.hadoop.hdfs.protocol.proto.ClientNamenodeProtocolProtos$RenewLeaseResponseProto$Builder
2024-11-12 13:43:07,290 INFO  EvoClassLoader - Instrumenting class 'org.apache.hadoop.hdfs.protocol.proto.ClientNamenodeProtocolProtos$RenewLeaseResponseProto$Builder'.
2024-11-12 13:43:07,290 INFO  MethodCallReplacementClassAdapter - Adding mock interface to class org/apache/hadoop/hdfs/protocol/proto/ClientNamenodeProtocolProtos$RenewLeaseResponseProto$Builder
2024-11-12 13:43:07,291 INFO  CreateClassResetClassAdapter - Creating brand-new static initializer in class org/apache/hadoop/hdfs/protocol/proto/ClientNamenodeProtocolProtos$RenewLeaseResponseProto$Builder
2024-11-12 13:43:07,291 INFO  EvoClassLoader - Keeping class: org.apache.hadoop.hdfs.protocol.proto.ClientNamenodeProtocolProtos$RenewLeaseResponseProto$Builder
2024-11-12 13:43:07,292 INFO  EvoClassLoader - Seeing class for first time: org.apache.hadoop.hdfs.protocol.proto.ClientNamenodeProtocolProtos$RefreshNodesResponseProto$1
2024-11-12 13:43:07,292 INFO  EvoClassLoader - Instrumenting class 'org.apache.hadoop.hdfs.protocol.proto.ClientNamenodeProtocolProtos$RefreshNodesResponseProto$1'.
2024-11-12 13:43:07,292 INFO  MethodCallReplacementClassAdapter - Adding mock interface to class org/apache/hadoop/hdfs/protocol/proto/ClientNamenodeProtocolProtos$RefreshNodesResponseProto$1
2024-11-12 13:43:07,293 INFO  EvoClassLoader - Keeping class: org.apache.hadoop.hdfs.protocol.proto.ClientNamenodeProtocolProtos$RefreshNodesResponseProto$1
2024-11-12 13:43:07,293 INFO  EvoClassLoader - Seeing class for first time: org.apache.hadoop.hdfs.protocol.proto.ClientNamenodeProtocolProtos$RefreshNodesResponseProto$Builder
2024-11-12 13:43:07,293 INFO  EvoClassLoader - Instrumenting class 'org.apache.hadoop.hdfs.protocol.proto.ClientNamenodeProtocolProtos$RefreshNodesResponseProto$Builder'.
2024-11-12 13:43:07,293 INFO  MethodCallReplacementClassAdapter - Adding mock interface to class org/apache/hadoop/hdfs/protocol/proto/ClientNamenodeProtocolProtos$RefreshNodesResponseProto$Builder
2024-11-12 13:43:07,294 INFO  CreateClassResetClassAdapter - Creating brand-new static initializer in class org/apache/hadoop/hdfs/protocol/proto/ClientNamenodeProtocolProtos$RefreshNodesResponseProto$Builder
2024-11-12 13:43:07,294 INFO  EvoClassLoader - Keeping class: org.apache.hadoop.hdfs.protocol.proto.ClientNamenodeProtocolProtos$RefreshNodesResponseProto$Builder
2024-11-12 13:43:07,295 INFO  EvoClassLoader - Seeing class for first time: org.apache.hadoop.hdfs.protocol.proto.ClientNamenodeProtocolProtos$FinalizeUpgradeResponseProto$1
2024-11-12 13:43:07,295 INFO  EvoClassLoader - Instrumenting class 'org.apache.hadoop.hdfs.protocol.proto.ClientNamenodeProtocolProtos$FinalizeUpgradeResponseProto$1'.
2024-11-12 13:43:07,295 INFO  MethodCallReplacementClassAdapter - Adding mock interface to class org/apache/hadoop/hdfs/protocol/proto/ClientNamenodeProtocolProtos$FinalizeUpgradeResponseProto$1
2024-11-12 13:43:07,295 INFO  EvoClassLoader - Keeping class: org.apache.hadoop.hdfs.protocol.proto.ClientNamenodeProtocolProtos$FinalizeUpgradeResponseProto$1
2024-11-12 13:43:07,295 INFO  EvoClassLoader - Seeing class for first time: org.apache.hadoop.hdfs.protocol.proto.ClientNamenodeProtocolProtos$FinalizeUpgradeResponseProto$Builder
2024-11-12 13:43:07,295 INFO  EvoClassLoader - Instrumenting class 'org.apache.hadoop.hdfs.protocol.proto.ClientNamenodeProtocolProtos$FinalizeUpgradeResponseProto$Builder'.
2024-11-12 13:43:07,296 INFO  MethodCallReplacementClassAdapter - Adding mock interface to class org/apache/hadoop/hdfs/protocol/proto/ClientNamenodeProtocolProtos$FinalizeUpgradeResponseProto$Builder
2024-11-12 13:43:07,296 INFO  CreateClassResetClassAdapter - Creating brand-new static initializer in class org/apache/hadoop/hdfs/protocol/proto/ClientNamenodeProtocolProtos$FinalizeUpgradeResponseProto$Builder
2024-11-12 13:43:07,296 INFO  EvoClassLoader - Keeping class: org.apache.hadoop.hdfs.protocol.proto.ClientNamenodeProtocolProtos$FinalizeUpgradeResponseProto$Builder
2024-11-12 13:43:07,297 INFO  EvoClassLoader - Seeing class for first time: org.apache.hadoop.hdfs.protocol.proto.ClientNamenodeProtocolProtos$MetaSaveResponseProto$1
2024-11-12 13:43:07,297 INFO  EvoClassLoader - Instrumenting class 'org.apache.hadoop.hdfs.protocol.proto.ClientNamenodeProtocolProtos$MetaSaveResponseProto$1'.
2024-11-12 13:43:07,297 INFO  MethodCallReplacementClassAdapter - Adding mock interface to class org/apache/hadoop/hdfs/protocol/proto/ClientNamenodeProtocolProtos$MetaSaveResponseProto$1
2024-11-12 13:43:07,297 INFO  EvoClassLoader - Keeping class: org.apache.hadoop.hdfs.protocol.proto.ClientNamenodeProtocolProtos$MetaSaveResponseProto$1
2024-11-12 13:43:07,298 INFO  EvoClassLoader - Seeing class for first time: org.apache.hadoop.hdfs.protocol.proto.ClientNamenodeProtocolProtos$MetaSaveResponseProto$Builder
2024-11-12 13:43:07,298 INFO  EvoClassLoader - Instrumenting class 'org.apache.hadoop.hdfs.protocol.proto.ClientNamenodeProtocolProtos$MetaSaveResponseProto$Builder'.
2024-11-12 13:43:07,298 INFO  MethodCallReplacementClassAdapter - Adding mock interface to class org/apache/hadoop/hdfs/protocol/proto/ClientNamenodeProtocolProtos$MetaSaveResponseProto$Builder
2024-11-12 13:43:07,298 INFO  CreateClassResetClassAdapter - Creating brand-new static initializer in class org/apache/hadoop/hdfs/protocol/proto/ClientNamenodeProtocolProtos$MetaSaveResponseProto$Builder
2024-11-12 13:43:07,299 INFO  EvoClassLoader - Keeping class: org.apache.hadoop.hdfs.protocol.proto.ClientNamenodeProtocolProtos$MetaSaveResponseProto$Builder
2024-11-12 13:43:07,300 INFO  EvoClassLoader - Seeing class for first time: org.apache.hadoop.hdfs.protocol.proto.ClientNamenodeProtocolProtos$GetFileInfoResponseProto$1
2024-11-12 13:43:07,300 INFO  EvoClassLoader - Instrumenting class 'org.apache.hadoop.hdfs.protocol.proto.ClientNamenodeProtocolProtos$GetFileInfoResponseProto$1'.
2024-11-12 13:43:07,300 INFO  MethodCallReplacementClassAdapter - Adding mock interface to class org/apache/hadoop/hdfs/protocol/proto/ClientNamenodeProtocolProtos$GetFileInfoResponseProto$1
2024-11-12 13:43:07,301 INFO  EvoClassLoader - Keeping class: org.apache.hadoop.hdfs.protocol.proto.ClientNamenodeProtocolProtos$GetFileInfoResponseProto$1
2024-11-12 13:43:07,301 INFO  EvoClassLoader - Seeing class for first time: org.apache.hadoop.hdfs.protocol.proto.ClientNamenodeProtocolProtos$GetFileInfoResponseProto$Builder
2024-11-12 13:43:07,301 INFO  EvoClassLoader - Instrumenting class 'org.apache.hadoop.hdfs.protocol.proto.ClientNamenodeProtocolProtos$GetFileInfoResponseProto$Builder'.
2024-11-12 13:43:07,301 INFO  MethodCallReplacementClassAdapter - Adding mock interface to class org/apache/hadoop/hdfs/protocol/proto/ClientNamenodeProtocolProtos$GetFileInfoResponseProto$Builder
2024-11-12 13:43:07,302 INFO  CreateClassResetClassAdapter - Creating brand-new static initializer in class org/apache/hadoop/hdfs/protocol/proto/ClientNamenodeProtocolProtos$GetFileInfoResponseProto$Builder
2024-11-12 13:43:07,303 INFO  EvoClassLoader - Keeping class: org.apache.hadoop.hdfs.protocol.proto.ClientNamenodeProtocolProtos$GetFileInfoResponseProto$Builder
2024-11-12 13:43:07,303 INFO  EvoClassLoader - Seeing class for first time: org.apache.hadoop.hdfs.protocol.proto.ClientNamenodeProtocolProtos$GetLocatedFileInfoResponseProto$1
2024-11-12 13:43:07,303 INFO  EvoClassLoader - Instrumenting class 'org.apache.hadoop.hdfs.protocol.proto.ClientNamenodeProtocolProtos$GetLocatedFileInfoResponseProto$1'.
2024-11-12 13:43:07,303 INFO  MethodCallReplacementClassAdapter - Adding mock interface to class org/apache/hadoop/hdfs/protocol/proto/ClientNamenodeProtocolProtos$GetLocatedFileInfoResponseProto$1
2024-11-12 13:43:07,304 INFO  EvoClassLoader - Keeping class: org.apache.hadoop.hdfs.protocol.proto.ClientNamenodeProtocolProtos$GetLocatedFileInfoResponseProto$1
2024-11-12 13:43:07,304 INFO  EvoClassLoader - Seeing class for first time: org.apache.hadoop.hdfs.protocol.proto.ClientNamenodeProtocolProtos$GetLocatedFileInfoResponseProto$Builder
2024-11-12 13:43:07,304 INFO  EvoClassLoader - Instrumenting class 'org.apache.hadoop.hdfs.protocol.proto.ClientNamenodeProtocolProtos$GetLocatedFileInfoResponseProto$Builder'.
2024-11-12 13:43:07,304 INFO  MethodCallReplacementClassAdapter - Adding mock interface to class org/apache/hadoop/hdfs/protocol/proto/ClientNamenodeProtocolProtos$GetLocatedFileInfoResponseProto$Builder
2024-11-12 13:43:07,305 INFO  CreateClassResetClassAdapter - Creating brand-new static initializer in class org/apache/hadoop/hdfs/protocol/proto/ClientNamenodeProtocolProtos$GetLocatedFileInfoResponseProto$Builder
2024-11-12 13:43:07,305 INFO  EvoClassLoader - Keeping class: org.apache.hadoop.hdfs.protocol.proto.ClientNamenodeProtocolProtos$GetLocatedFileInfoResponseProto$Builder
2024-11-12 13:43:07,306 INFO  EvoClassLoader - Seeing class for first time: org.apache.hadoop.hdfs.protocol.proto.ClientNamenodeProtocolProtos$GetFileLinkInfoResponseProto$1
2024-11-12 13:43:07,306 INFO  EvoClassLoader - Instrumenting class 'org.apache.hadoop.hdfs.protocol.proto.ClientNamenodeProtocolProtos$GetFileLinkInfoResponseProto$1'.
2024-11-12 13:43:07,306 INFO  MethodCallReplacementClassAdapter - Adding mock interface to class org/apache/hadoop/hdfs/protocol/proto/ClientNamenodeProtocolProtos$GetFileLinkInfoResponseProto$1
2024-11-12 13:43:07,306 INFO  EvoClassLoader - Keeping class: org.apache.hadoop.hdfs.protocol.proto.ClientNamenodeProtocolProtos$GetFileLinkInfoResponseProto$1
2024-11-12 13:43:07,307 INFO  EvoClassLoader - Seeing class for first time: org.apache.hadoop.hdfs.protocol.proto.ClientNamenodeProtocolProtos$GetFileLinkInfoResponseProto$Builder
2024-11-12 13:43:07,307 INFO  EvoClassLoader - Instrumenting class 'org.apache.hadoop.hdfs.protocol.proto.ClientNamenodeProtocolProtos$GetFileLinkInfoResponseProto$Builder'.
2024-11-12 13:43:07,307 INFO  MethodCallReplacementClassAdapter - Adding mock interface to class org/apache/hadoop/hdfs/protocol/proto/ClientNamenodeProtocolProtos$GetFileLinkInfoResponseProto$Builder
2024-11-12 13:43:07,308 INFO  CreateClassResetClassAdapter - Creating brand-new static initializer in class org/apache/hadoop/hdfs/protocol/proto/ClientNamenodeProtocolProtos$GetFileLinkInfoResponseProto$Builder
2024-11-12 13:43:07,308 INFO  EvoClassLoader - Keeping class: org.apache.hadoop.hdfs.protocol.proto.ClientNamenodeProtocolProtos$GetFileLinkInfoResponseProto$Builder
2024-11-12 13:43:07,309 INFO  EvoClassLoader - Seeing class for first time: org.apache.hadoop.hdfs.protocol.proto.ClientNamenodeProtocolProtos$SetQuotaResponseProto$1
2024-11-12 13:43:07,309 INFO  EvoClassLoader - Instrumenting class 'org.apache.hadoop.hdfs.protocol.proto.ClientNamenodeProtocolProtos$SetQuotaResponseProto$1'.
2024-11-12 13:43:07,309 INFO  MethodCallReplacementClassAdapter - Adding mock interface to class org/apache/hadoop/hdfs/protocol/proto/ClientNamenodeProtocolProtos$SetQuotaResponseProto$1
2024-11-12 13:43:07,309 INFO  EvoClassLoader - Keeping class: org.apache.hadoop.hdfs.protocol.proto.ClientNamenodeProtocolProtos$SetQuotaResponseProto$1
2024-11-12 13:43:07,309 INFO  EvoClassLoader - Seeing class for first time: org.apache.hadoop.hdfs.protocol.proto.ClientNamenodeProtocolProtos$SetQuotaResponseProto$Builder
2024-11-12 13:43:07,309 INFO  EvoClassLoader - Instrumenting class 'org.apache.hadoop.hdfs.protocol.proto.ClientNamenodeProtocolProtos$SetQuotaResponseProto$Builder'.
2024-11-12 13:43:07,309 INFO  MethodCallReplacementClassAdapter - Adding mock interface to class org/apache/hadoop/hdfs/protocol/proto/ClientNamenodeProtocolProtos$SetQuotaResponseProto$Builder
2024-11-12 13:43:07,310 INFO  CreateClassResetClassAdapter - Creating brand-new static initializer in class org/apache/hadoop/hdfs/protocol/proto/ClientNamenodeProtocolProtos$SetQuotaResponseProto$Builder
2024-11-12 13:43:07,310 INFO  EvoClassLoader - Keeping class: org.apache.hadoop.hdfs.protocol.proto.ClientNamenodeProtocolProtos$SetQuotaResponseProto$Builder
2024-11-12 13:43:07,311 INFO  EvoClassLoader - Seeing class for first time: org.apache.hadoop.hdfs.protocol.proto.ClientNamenodeProtocolProtos$FsyncResponseProto$1
2024-11-12 13:43:07,311 INFO  EvoClassLoader - Instrumenting class 'org.apache.hadoop.hdfs.protocol.proto.ClientNamenodeProtocolProtos$FsyncResponseProto$1'.
2024-11-12 13:43:07,311 INFO  MethodCallReplacementClassAdapter - Adding mock interface to class org/apache/hadoop/hdfs/protocol/proto/ClientNamenodeProtocolProtos$FsyncResponseProto$1
2024-11-12 13:43:07,311 INFO  EvoClassLoader - Keeping class: org.apache.hadoop.hdfs.protocol.proto.ClientNamenodeProtocolProtos$FsyncResponseProto$1
2024-11-12 13:43:07,311 INFO  EvoClassLoader - Seeing class for first time: org.apache.hadoop.hdfs.protocol.proto.ClientNamenodeProtocolProtos$FsyncResponseProto$Builder
2024-11-12 13:43:07,311 INFO  EvoClassLoader - Instrumenting class 'org.apache.hadoop.hdfs.protocol.proto.ClientNamenodeProtocolProtos$FsyncResponseProto$Builder'.
2024-11-12 13:43:07,311 INFO  MethodCallReplacementClassAdapter - Adding mock interface to class org/apache/hadoop/hdfs/protocol/proto/ClientNamenodeProtocolProtos$FsyncResponseProto$Builder
2024-11-12 13:43:07,312 INFO  CreateClassResetClassAdapter - Creating brand-new static initializer in class org/apache/hadoop/hdfs/protocol/proto/ClientNamenodeProtocolProtos$FsyncResponseProto$Builder
2024-11-12 13:43:07,312 INFO  EvoClassLoader - Keeping class: org.apache.hadoop.hdfs.protocol.proto.ClientNamenodeProtocolProtos$FsyncResponseProto$Builder
2024-11-12 13:43:07,313 INFO  EvoClassLoader - Seeing class for first time: org.apache.hadoop.hdfs.protocol.proto.ClientNamenodeProtocolProtos$SetTimesResponseProto$1
2024-11-12 13:43:07,313 INFO  EvoClassLoader - Instrumenting class 'org.apache.hadoop.hdfs.protocol.proto.ClientNamenodeProtocolProtos$SetTimesResponseProto$1'.
2024-11-12 13:43:07,313 INFO  MethodCallReplacementClassAdapter - Adding mock interface to class org/apache/hadoop/hdfs/protocol/proto/ClientNamenodeProtocolProtos$SetTimesResponseProto$1
2024-11-12 13:43:07,313 INFO  EvoClassLoader - Keeping class: org.apache.hadoop.hdfs.protocol.proto.ClientNamenodeProtocolProtos$SetTimesResponseProto$1
2024-11-12 13:43:07,314 INFO  EvoClassLoader - Seeing class for first time: org.apache.hadoop.hdfs.protocol.proto.ClientNamenodeProtocolProtos$SetTimesResponseProto$Builder
2024-11-12 13:43:07,314 INFO  EvoClassLoader - Instrumenting class 'org.apache.hadoop.hdfs.protocol.proto.ClientNamenodeProtocolProtos$SetTimesResponseProto$Builder'.
2024-11-12 13:43:07,314 INFO  MethodCallReplacementClassAdapter - Adding mock interface to class org/apache/hadoop/hdfs/protocol/proto/ClientNamenodeProtocolProtos$SetTimesResponseProto$Builder
2024-11-12 13:43:07,314 INFO  CreateClassResetClassAdapter - Creating brand-new static initializer in class org/apache/hadoop/hdfs/protocol/proto/ClientNamenodeProtocolProtos$SetTimesResponseProto$Builder
2024-11-12 13:43:07,315 INFO  EvoClassLoader - Keeping class: org.apache.hadoop.hdfs.protocol.proto.ClientNamenodeProtocolProtos$SetTimesResponseProto$Builder
2024-11-12 13:43:07,315 INFO  EvoClassLoader - Seeing class for first time: org.apache.hadoop.hdfs.protocol.proto.ClientNamenodeProtocolProtos$CreateSymlinkResponseProto$1
2024-11-12 13:43:07,315 INFO  EvoClassLoader - Instrumenting class 'org.apache.hadoop.hdfs.protocol.proto.ClientNamenodeProtocolProtos$CreateSymlinkResponseProto$1'.
2024-11-12 13:43:07,315 INFO  MethodCallReplacementClassAdapter - Adding mock interface to class org/apache/hadoop/hdfs/protocol/proto/ClientNamenodeProtocolProtos$CreateSymlinkResponseProto$1
2024-11-12 13:43:07,316 INFO  EvoClassLoader - Keeping class: org.apache.hadoop.hdfs.protocol.proto.ClientNamenodeProtocolProtos$CreateSymlinkResponseProto$1
2024-11-12 13:43:07,316 INFO  EvoClassLoader - Seeing class for first time: org.apache.hadoop.hdfs.protocol.proto.ClientNamenodeProtocolProtos$CreateSymlinkResponseProto$Builder
2024-11-12 13:43:07,316 INFO  EvoClassLoader - Instrumenting class 'org.apache.hadoop.hdfs.protocol.proto.ClientNamenodeProtocolProtos$CreateSymlinkResponseProto$Builder'.
2024-11-12 13:43:07,316 INFO  MethodCallReplacementClassAdapter - Adding mock interface to class org/apache/hadoop/hdfs/protocol/proto/ClientNamenodeProtocolProtos$CreateSymlinkResponseProto$Builder
2024-11-12 13:43:07,317 INFO  CreateClassResetClassAdapter - Creating brand-new static initializer in class org/apache/hadoop/hdfs/protocol/proto/ClientNamenodeProtocolProtos$CreateSymlinkResponseProto$Builder
2024-11-12 13:43:07,317 INFO  EvoClassLoader - Keeping class: org.apache.hadoop.hdfs.protocol.proto.ClientNamenodeProtocolProtos$CreateSymlinkResponseProto$Builder
2024-11-12 13:43:07,318 INFO  EvoClassLoader - Seeing class for first time: org.apache.hadoop.hdfs.protocol.proto.ClientNamenodeProtocolProtos$UpdatePipelineResponseProto$1
2024-11-12 13:43:07,318 INFO  EvoClassLoader - Instrumenting class 'org.apache.hadoop.hdfs.protocol.proto.ClientNamenodeProtocolProtos$UpdatePipelineResponseProto$1'.
2024-11-12 13:43:07,318 INFO  MethodCallReplacementClassAdapter - Adding mock interface to class org/apache/hadoop/hdfs/protocol/proto/ClientNamenodeProtocolProtos$UpdatePipelineResponseProto$1
2024-11-12 13:43:07,318 INFO  EvoClassLoader - Keeping class: org.apache.hadoop.hdfs.protocol.proto.ClientNamenodeProtocolProtos$UpdatePipelineResponseProto$1
2024-11-12 13:43:07,318 INFO  EvoClassLoader - Seeing class for first time: org.apache.hadoop.hdfs.protocol.proto.ClientNamenodeProtocolProtos$UpdatePipelineResponseProto$Builder
2024-11-12 13:43:07,318 INFO  EvoClassLoader - Instrumenting class 'org.apache.hadoop.hdfs.protocol.proto.ClientNamenodeProtocolProtos$UpdatePipelineResponseProto$Builder'.
2024-11-12 13:43:07,318 INFO  MethodCallReplacementClassAdapter - Adding mock interface to class org/apache/hadoop/hdfs/protocol/proto/ClientNamenodeProtocolProtos$UpdatePipelineResponseProto$Builder
2024-11-12 13:43:07,319 INFO  CreateClassResetClassAdapter - Creating brand-new static initializer in class org/apache/hadoop/hdfs/protocol/proto/ClientNamenodeProtocolProtos$UpdatePipelineResponseProto$Builder
2024-11-12 13:43:07,319 INFO  EvoClassLoader - Keeping class: org.apache.hadoop.hdfs.protocol.proto.ClientNamenodeProtocolProtos$UpdatePipelineResponseProto$Builder
2024-11-12 13:43:07,320 INFO  EvoClassLoader - Seeing class for first time: org.apache.hadoop.security.proto.SecurityProtos$CancelDelegationTokenResponseProto$1
2024-11-12 13:43:07,320 INFO  EvoClassLoader - Instrumenting class 'org.apache.hadoop.security.proto.SecurityProtos$CancelDelegationTokenResponseProto$1'.
2024-11-12 13:43:07,320 INFO  MethodCallReplacementClassAdapter - Adding mock interface to class org/apache/hadoop/security/proto/SecurityProtos$CancelDelegationTokenResponseProto$1
2024-11-12 13:43:07,320 INFO  EvoClassLoader - Defined package (3): package org.apache.hadoop.security.proto, -544553779
2024-11-12 13:43:07,320 INFO  EvoClassLoader - Keeping class: org.apache.hadoop.security.proto.SecurityProtos$CancelDelegationTokenResponseProto$1
2024-11-12 13:43:07,320 INFO  EvoClassLoader - Seeing class for first time: org.apache.hadoop.security.proto.SecurityProtos$CancelDelegationTokenResponseProto
2024-11-12 13:43:07,320 INFO  EvoClassLoader - Instrumenting class 'org.apache.hadoop.security.proto.SecurityProtos$CancelDelegationTokenResponseProto'.
2024-11-12 13:43:07,320 INFO  MethodCallReplacementClassAdapter - Adding mock interface to class org/apache/hadoop/security/proto/SecurityProtos$CancelDelegationTokenResponseProto
2024-11-12 13:43:07,320 INFO  CreateClassResetClassAdapter - Found static initializer in class org/apache/hadoop/security/proto/SecurityProtos$CancelDelegationTokenResponseProto
2024-11-12 13:43:07,321 INFO  EvoClassLoader - Seeing class for first time: org.apache.hadoop.security.proto.SecurityProtos$CancelDelegationTokenResponseProtoOrBuilder
2024-11-12 13:43:07,321 INFO  EvoClassLoader - Instrumenting class 'org.apache.hadoop.security.proto.SecurityProtos$CancelDelegationTokenResponseProtoOrBuilder'.
2024-11-12 13:43:07,321 INFO  EvoClassLoader - Keeping class: org.apache.hadoop.security.proto.SecurityProtos$CancelDelegationTokenResponseProtoOrBuilder
2024-11-12 13:43:07,321 INFO  EvoClassLoader - Keeping class: org.apache.hadoop.security.proto.SecurityProtos$CancelDelegationTokenResponseProto
2024-11-12 13:43:07,321 INFO  EvoClassLoader - Seeing class for first time: org.apache.hadoop.security.proto.SecurityProtos
2024-11-12 13:43:07,321 INFO  EvoClassLoader - Instrumenting class 'org.apache.hadoop.security.proto.SecurityProtos'.
2024-11-12 13:43:07,321 INFO  MethodCallReplacementClassAdapter - Adding mock interface to class org/apache/hadoop/security/proto/SecurityProtos
2024-11-12 13:43:07,321 INFO  CreateClassResetClassAdapter - Found static initializer in class org/apache/hadoop/security/proto/SecurityProtos
2024-11-12 13:43:07,322 INFO  EvoClassLoader - Keeping class: org.apache.hadoop.security.proto.SecurityProtos
2024-11-12 13:43:07,322 INFO  EvoClassLoader - Seeing class for first time: org.apache.hadoop.security.proto.SecurityProtos$CancelDelegationTokenResponseProto$Builder
2024-11-12 13:43:07,322 INFO  EvoClassLoader - Instrumenting class 'org.apache.hadoop.security.proto.SecurityProtos$CancelDelegationTokenResponseProto$Builder'.
2024-11-12 13:43:07,322 INFO  MethodCallReplacementClassAdapter - Adding mock interface to class org/apache/hadoop/security/proto/SecurityProtos$CancelDelegationTokenResponseProto$Builder
2024-11-12 13:43:07,323 INFO  CreateClassResetClassAdapter - Creating brand-new static initializer in class org/apache/hadoop/security/proto/SecurityProtos$CancelDelegationTokenResponseProto$Builder
2024-11-12 13:43:07,323 INFO  EvoClassLoader - Keeping class: org.apache.hadoop.security.proto.SecurityProtos$CancelDelegationTokenResponseProto$Builder
2024-11-12 13:43:07,324 INFO  EvoClassLoader - Seeing class for first time: org.apache.hadoop.hdfs.protocol.proto.ClientNamenodeProtocolProtos$SetBalancerBandwidthResponseProto$1
2024-11-12 13:43:07,324 INFO  EvoClassLoader - Instrumenting class 'org.apache.hadoop.hdfs.protocol.proto.ClientNamenodeProtocolProtos$SetBalancerBandwidthResponseProto$1'.
2024-11-12 13:43:07,324 INFO  MethodCallReplacementClassAdapter - Adding mock interface to class org/apache/hadoop/hdfs/protocol/proto/ClientNamenodeProtocolProtos$SetBalancerBandwidthResponseProto$1
2024-11-12 13:43:07,324 INFO  EvoClassLoader - Keeping class: org.apache.hadoop.hdfs.protocol.proto.ClientNamenodeProtocolProtos$SetBalancerBandwidthResponseProto$1
2024-11-12 13:43:07,324 INFO  EvoClassLoader - Seeing class for first time: org.apache.hadoop.hdfs.protocol.proto.ClientNamenodeProtocolProtos$SetBalancerBandwidthResponseProto$Builder
2024-11-12 13:43:07,324 INFO  EvoClassLoader - Instrumenting class 'org.apache.hadoop.hdfs.protocol.proto.ClientNamenodeProtocolProtos$SetBalancerBandwidthResponseProto$Builder'.
2024-11-12 13:43:07,324 INFO  MethodCallReplacementClassAdapter - Adding mock interface to class org/apache/hadoop/hdfs/protocol/proto/ClientNamenodeProtocolProtos$SetBalancerBandwidthResponseProto$Builder
2024-11-12 13:43:07,325 INFO  CreateClassResetClassAdapter - Creating brand-new static initializer in class org/apache/hadoop/hdfs/protocol/proto/ClientNamenodeProtocolProtos$SetBalancerBandwidthResponseProto$Builder
2024-11-12 13:43:07,325 INFO  EvoClassLoader - Keeping class: org.apache.hadoop.hdfs.protocol.proto.ClientNamenodeProtocolProtos$SetBalancerBandwidthResponseProto$Builder
2024-11-12 13:43:07,326 INFO  EvoClassLoader - Seeing class for first time: org.apache.hadoop.hdfs.protocol.proto.AclProtos$SetAclResponseProto$1
2024-11-12 13:43:07,326 INFO  EvoClassLoader - Instrumenting class 'org.apache.hadoop.hdfs.protocol.proto.AclProtos$SetAclResponseProto$1'.
2024-11-12 13:43:07,326 INFO  MethodCallReplacementClassAdapter - Adding mock interface to class org/apache/hadoop/hdfs/protocol/proto/AclProtos$SetAclResponseProto$1
2024-11-12 13:43:07,326 INFO  EvoClassLoader - Keeping class: org.apache.hadoop.hdfs.protocol.proto.AclProtos$SetAclResponseProto$1
2024-11-12 13:43:07,326 INFO  EvoClassLoader - Seeing class for first time: org.apache.hadoop.hdfs.protocol.proto.AclProtos$SetAclResponseProto
2024-11-12 13:43:07,326 INFO  EvoClassLoader - Instrumenting class 'org.apache.hadoop.hdfs.protocol.proto.AclProtos$SetAclResponseProto'.
2024-11-12 13:43:07,327 INFO  MethodCallReplacementClassAdapter - Adding mock interface to class org/apache/hadoop/hdfs/protocol/proto/AclProtos$SetAclResponseProto
2024-11-12 13:43:07,327 INFO  CreateClassResetClassAdapter - Found static initializer in class org/apache/hadoop/hdfs/protocol/proto/AclProtos$SetAclResponseProto
2024-11-12 13:43:07,327 INFO  EvoClassLoader - Seeing class for first time: org.apache.hadoop.hdfs.protocol.proto.AclProtos$SetAclResponseProtoOrBuilder
2024-11-12 13:43:07,327 INFO  EvoClassLoader - Instrumenting class 'org.apache.hadoop.hdfs.protocol.proto.AclProtos$SetAclResponseProtoOrBuilder'.
2024-11-12 13:43:07,328 INFO  EvoClassLoader - Keeping class: org.apache.hadoop.hdfs.protocol.proto.AclProtos$SetAclResponseProtoOrBuilder
2024-11-12 13:43:07,328 INFO  EvoClassLoader - Keeping class: org.apache.hadoop.hdfs.protocol.proto.AclProtos$SetAclResponseProto
2024-11-12 13:43:07,328 INFO  EvoClassLoader - Seeing class for first time: org.apache.hadoop.hdfs.protocol.proto.AclProtos
2024-11-12 13:43:07,328 INFO  EvoClassLoader - Instrumenting class 'org.apache.hadoop.hdfs.protocol.proto.AclProtos'.
2024-11-12 13:43:07,328 INFO  MethodCallReplacementClassAdapter - Adding mock interface to class org/apache/hadoop/hdfs/protocol/proto/AclProtos
2024-11-12 13:43:07,328 INFO  CreateClassResetClassAdapter - Found static initializer in class org/apache/hadoop/hdfs/protocol/proto/AclProtos
2024-11-12 13:43:07,329 INFO  EvoClassLoader - Keeping class: org.apache.hadoop.hdfs.protocol.proto.AclProtos
2024-11-12 13:43:07,329 INFO  EvoClassLoader - Seeing class for first time: org.apache.hadoop.hdfs.protocol.proto.AclProtos$GetAclStatusResponseProto
2024-11-12 13:43:07,329 INFO  EvoClassLoader - Instrumenting class 'org.apache.hadoop.hdfs.protocol.proto.AclProtos$GetAclStatusResponseProto'.
2024-11-12 13:43:07,329 INFO  MethodCallReplacementClassAdapter - Adding mock interface to class org/apache/hadoop/hdfs/protocol/proto/AclProtos$GetAclStatusResponseProto
2024-11-12 13:43:07,329 INFO  CreateClassResetClassAdapter - Found static initializer in class org/apache/hadoop/hdfs/protocol/proto/AclProtos$GetAclStatusResponseProto
2024-11-12 13:43:07,330 INFO  EvoClassLoader - Seeing class for first time: org.apache.hadoop.hdfs.protocol.proto.AclProtos$GetAclStatusResponseProtoOrBuilder
2024-11-12 13:43:07,330 INFO  EvoClassLoader - Instrumenting class 'org.apache.hadoop.hdfs.protocol.proto.AclProtos$GetAclStatusResponseProtoOrBuilder'.
2024-11-12 13:43:07,330 INFO  EvoClassLoader - Keeping class: org.apache.hadoop.hdfs.protocol.proto.AclProtos$GetAclStatusResponseProtoOrBuilder
2024-11-12 13:43:07,330 INFO  EvoClassLoader - Keeping class: org.apache.hadoop.hdfs.protocol.proto.AclProtos$GetAclStatusResponseProto
2024-11-12 13:43:07,330 INFO  EvoClassLoader - Seeing class for first time: org.apache.hadoop.hdfs.protocol.proto.AclProtos$GetAclStatusRequestProto
2024-11-12 13:43:07,330 INFO  EvoClassLoader - Instrumenting class 'org.apache.hadoop.hdfs.protocol.proto.AclProtos$GetAclStatusRequestProto'.
2024-11-12 13:43:07,330 INFO  MethodCallReplacementClassAdapter - Adding mock interface to class org/apache/hadoop/hdfs/protocol/proto/AclProtos$GetAclStatusRequestProto
2024-11-12 13:43:07,330 INFO  CreateClassResetClassAdapter - Found static initializer in class org/apache/hadoop/hdfs/protocol/proto/AclProtos$GetAclStatusRequestProto
2024-11-12 13:43:07,331 INFO  EvoClassLoader - Seeing class for first time: org.apache.hadoop.hdfs.protocol.proto.AclProtos$GetAclStatusRequestProtoOrBuilder
2024-11-12 13:43:07,331 INFO  EvoClassLoader - Instrumenting class 'org.apache.hadoop.hdfs.protocol.proto.AclProtos$GetAclStatusRequestProtoOrBuilder'.
2024-11-12 13:43:07,331 INFO  EvoClassLoader - Keeping class: org.apache.hadoop.hdfs.protocol.proto.AclProtos$GetAclStatusRequestProtoOrBuilder
2024-11-12 13:43:07,331 INFO  EvoClassLoader - Keeping class: org.apache.hadoop.hdfs.protocol.proto.AclProtos$GetAclStatusRequestProto
2024-11-12 13:43:07,331 INFO  EvoClassLoader - Seeing class for first time: org.apache.hadoop.hdfs.protocol.proto.AclProtos$SetAclResponseProto$Builder
2024-11-12 13:43:07,331 INFO  EvoClassLoader - Instrumenting class 'org.apache.hadoop.hdfs.protocol.proto.AclProtos$SetAclResponseProto$Builder'.
2024-11-12 13:43:07,331 INFO  MethodCallReplacementClassAdapter - Adding mock interface to class org/apache/hadoop/hdfs/protocol/proto/AclProtos$SetAclResponseProto$Builder
2024-11-12 13:43:07,332 INFO  CreateClassResetClassAdapter - Creating brand-new static initializer in class org/apache/hadoop/hdfs/protocol/proto/AclProtos$SetAclResponseProto$Builder
2024-11-12 13:43:07,332 INFO  EvoClassLoader - Keeping class: org.apache.hadoop.hdfs.protocol.proto.AclProtos$SetAclResponseProto$Builder
2024-11-12 13:43:07,333 INFO  EvoClassLoader - Seeing class for first time: org.apache.hadoop.hdfs.protocol.proto.AclProtos$ModifyAclEntriesResponseProto$1
2024-11-12 13:43:07,333 INFO  EvoClassLoader - Instrumenting class 'org.apache.hadoop.hdfs.protocol.proto.AclProtos$ModifyAclEntriesResponseProto$1'.
2024-11-12 13:43:07,333 INFO  MethodCallReplacementClassAdapter - Adding mock interface to class org/apache/hadoop/hdfs/protocol/proto/AclProtos$ModifyAclEntriesResponseProto$1
2024-11-12 13:43:07,333 INFO  EvoClassLoader - Keeping class: org.apache.hadoop.hdfs.protocol.proto.AclProtos$ModifyAclEntriesResponseProto$1
2024-11-12 13:43:07,333 INFO  EvoClassLoader - Seeing class for first time: org.apache.hadoop.hdfs.protocol.proto.AclProtos$ModifyAclEntriesResponseProto
2024-11-12 13:43:07,333 INFO  EvoClassLoader - Instrumenting class 'org.apache.hadoop.hdfs.protocol.proto.AclProtos$ModifyAclEntriesResponseProto'.
2024-11-12 13:43:07,333 INFO  MethodCallReplacementClassAdapter - Adding mock interface to class org/apache/hadoop/hdfs/protocol/proto/AclProtos$ModifyAclEntriesResponseProto
2024-11-12 13:43:07,333 INFO  CreateClassResetClassAdapter - Found static initializer in class org/apache/hadoop/hdfs/protocol/proto/AclProtos$ModifyAclEntriesResponseProto
2024-11-12 13:43:07,334 INFO  EvoClassLoader - Seeing class for first time: org.apache.hadoop.hdfs.protocol.proto.AclProtos$ModifyAclEntriesResponseProtoOrBuilder
2024-11-12 13:43:07,334 INFO  EvoClassLoader - Instrumenting class 'org.apache.hadoop.hdfs.protocol.proto.AclProtos$ModifyAclEntriesResponseProtoOrBuilder'.
2024-11-12 13:43:07,334 INFO  EvoClassLoader - Keeping class: org.apache.hadoop.hdfs.protocol.proto.AclProtos$ModifyAclEntriesResponseProtoOrBuilder
2024-11-12 13:43:07,334 INFO  EvoClassLoader - Keeping class: org.apache.hadoop.hdfs.protocol.proto.AclProtos$ModifyAclEntriesResponseProto
2024-11-12 13:43:07,334 INFO  EvoClassLoader - Seeing class for first time: org.apache.hadoop.hdfs.protocol.proto.AclProtos$SetAclRequestProto
2024-11-12 13:43:07,334 INFO  EvoClassLoader - Instrumenting class 'org.apache.hadoop.hdfs.protocol.proto.AclProtos$SetAclRequestProto'.
2024-11-12 13:43:07,334 INFO  MethodCallReplacementClassAdapter - Adding mock interface to class org/apache/hadoop/hdfs/protocol/proto/AclProtos$SetAclRequestProto
2024-11-12 13:43:07,334 INFO  CreateClassResetClassAdapter - Found static initializer in class org/apache/hadoop/hdfs/protocol/proto/AclProtos$SetAclRequestProto
2024-11-12 13:43:07,335 INFO  EvoClassLoader - Seeing class for first time: org.apache.hadoop.hdfs.protocol.proto.AclProtos$SetAclRequestProtoOrBuilder
2024-11-12 13:43:07,335 INFO  EvoClassLoader - Instrumenting class 'org.apache.hadoop.hdfs.protocol.proto.AclProtos$SetAclRequestProtoOrBuilder'.
2024-11-12 13:43:07,335 INFO  EvoClassLoader - Keeping class: org.apache.hadoop.hdfs.protocol.proto.AclProtos$SetAclRequestProtoOrBuilder
2024-11-12 13:43:07,335 INFO  EvoClassLoader - Keeping class: org.apache.hadoop.hdfs.protocol.proto.AclProtos$SetAclRequestProto
2024-11-12 13:43:07,335 INFO  EvoClassLoader - Seeing class for first time: org.apache.hadoop.hdfs.protocol.proto.AclProtos$RemoveDefaultAclResponseProto
2024-11-12 13:43:07,335 INFO  EvoClassLoader - Instrumenting class 'org.apache.hadoop.hdfs.protocol.proto.AclProtos$RemoveDefaultAclResponseProto'.
2024-11-12 13:43:07,335 INFO  MethodCallReplacementClassAdapter - Adding mock interface to class org/apache/hadoop/hdfs/protocol/proto/AclProtos$RemoveDefaultAclResponseProto
2024-11-12 13:43:07,336 INFO  CreateClassResetClassAdapter - Found static initializer in class org/apache/hadoop/hdfs/protocol/proto/AclProtos$RemoveDefaultAclResponseProto
2024-11-12 13:43:07,336 INFO  EvoClassLoader - Seeing class for first time: org.apache.hadoop.hdfs.protocol.proto.AclProtos$RemoveDefaultAclResponseProtoOrBuilder
2024-11-12 13:43:07,336 INFO  EvoClassLoader - Instrumenting class 'org.apache.hadoop.hdfs.protocol.proto.AclProtos$RemoveDefaultAclResponseProtoOrBuilder'.
2024-11-12 13:43:07,336 INFO  EvoClassLoader - Keeping class: org.apache.hadoop.hdfs.protocol.proto.AclProtos$RemoveDefaultAclResponseProtoOrBuilder
2024-11-12 13:43:07,336 INFO  EvoClassLoader - Keeping class: org.apache.hadoop.hdfs.protocol.proto.AclProtos$RemoveDefaultAclResponseProto
2024-11-12 13:43:07,336 INFO  EvoClassLoader - Seeing class for first time: org.apache.hadoop.hdfs.protocol.proto.AclProtos$RemoveDefaultAclRequestProto
2024-11-12 13:43:07,336 INFO  EvoClassLoader - Instrumenting class 'org.apache.hadoop.hdfs.protocol.proto.AclProtos$RemoveDefaultAclRequestProto'.
2024-11-12 13:43:07,336 INFO  MethodCallReplacementClassAdapter - Adding mock interface to class org/apache/hadoop/hdfs/protocol/proto/AclProtos$RemoveDefaultAclRequestProto
2024-11-12 13:43:07,336 INFO  CreateClassResetClassAdapter - Found static initializer in class org/apache/hadoop/hdfs/protocol/proto/AclProtos$RemoveDefaultAclRequestProto
2024-11-12 13:43:07,337 INFO  EvoClassLoader - Seeing class for first time: org.apache.hadoop.hdfs.protocol.proto.AclProtos$RemoveDefaultAclRequestProtoOrBuilder
2024-11-12 13:43:07,337 INFO  EvoClassLoader - Instrumenting class 'org.apache.hadoop.hdfs.protocol.proto.AclProtos$RemoveDefaultAclRequestProtoOrBuilder'.
2024-11-12 13:43:07,337 INFO  EvoClassLoader - Keeping class: org.apache.hadoop.hdfs.protocol.proto.AclProtos$RemoveDefaultAclRequestProtoOrBuilder
2024-11-12 13:43:07,337 INFO  EvoClassLoader - Keeping class: org.apache.hadoop.hdfs.protocol.proto.AclProtos$RemoveDefaultAclRequestProto
2024-11-12 13:43:07,337 INFO  EvoClassLoader - Seeing class for first time: org.apache.hadoop.hdfs.protocol.proto.AclProtos$RemoveAclEntriesResponseProto
2024-11-12 13:43:07,337 INFO  EvoClassLoader - Instrumenting class 'org.apache.hadoop.hdfs.protocol.proto.AclProtos$RemoveAclEntriesResponseProto'.
2024-11-12 13:43:07,337 INFO  MethodCallReplacementClassAdapter - Adding mock interface to class org/apache/hadoop/hdfs/protocol/proto/AclProtos$RemoveAclEntriesResponseProto
2024-11-12 13:43:07,337 INFO  CreateClassResetClassAdapter - Found static initializer in class org/apache/hadoop/hdfs/protocol/proto/AclProtos$RemoveAclEntriesResponseProto
2024-11-12 13:43:07,337 INFO  EvoClassLoader - Seeing class for first time: org.apache.hadoop.hdfs.protocol.proto.AclProtos$RemoveAclEntriesResponseProtoOrBuilder
2024-11-12 13:43:07,337 INFO  EvoClassLoader - Instrumenting class 'org.apache.hadoop.hdfs.protocol.proto.AclProtos$RemoveAclEntriesResponseProtoOrBuilder'.
2024-11-12 13:43:07,338 INFO  EvoClassLoader - Keeping class: org.apache.hadoop.hdfs.protocol.proto.AclProtos$RemoveAclEntriesResponseProtoOrBuilder
2024-11-12 13:43:07,338 INFO  EvoClassLoader - Keeping class: org.apache.hadoop.hdfs.protocol.proto.AclProtos$RemoveAclEntriesResponseProto
2024-11-12 13:43:07,338 INFO  EvoClassLoader - Seeing class for first time: org.apache.hadoop.hdfs.protocol.proto.AclProtos$RemoveAclEntriesRequestProto
2024-11-12 13:43:07,338 INFO  EvoClassLoader - Instrumenting class 'org.apache.hadoop.hdfs.protocol.proto.AclProtos$RemoveAclEntriesRequestProto'.
2024-11-12 13:43:07,338 INFO  MethodCallReplacementClassAdapter - Adding mock interface to class org/apache/hadoop/hdfs/protocol/proto/AclProtos$RemoveAclEntriesRequestProto
2024-11-12 13:43:07,338 INFO  CreateClassResetClassAdapter - Found static initializer in class org/apache/hadoop/hdfs/protocol/proto/AclProtos$RemoveAclEntriesRequestProto
2024-11-12 13:43:07,338 INFO  EvoClassLoader - Seeing class for first time: org.apache.hadoop.hdfs.protocol.proto.AclProtos$RemoveAclEntriesRequestProtoOrBuilder
2024-11-12 13:43:07,338 INFO  EvoClassLoader - Instrumenting class 'org.apache.hadoop.hdfs.protocol.proto.AclProtos$RemoveAclEntriesRequestProtoOrBuilder'.
2024-11-12 13:43:07,339 INFO  EvoClassLoader - Keeping class: org.apache.hadoop.hdfs.protocol.proto.AclProtos$RemoveAclEntriesRequestProtoOrBuilder
2024-11-12 13:43:07,339 INFO  EvoClassLoader - Keeping class: org.apache.hadoop.hdfs.protocol.proto.AclProtos$RemoveAclEntriesRequestProto
2024-11-12 13:43:07,339 INFO  EvoClassLoader - Seeing class for first time: org.apache.hadoop.hdfs.protocol.proto.AclProtos$RemoveAclResponseProto
2024-11-12 13:43:07,339 INFO  EvoClassLoader - Instrumenting class 'org.apache.hadoop.hdfs.protocol.proto.AclProtos$RemoveAclResponseProto'.
2024-11-12 13:43:07,339 INFO  MethodCallReplacementClassAdapter - Adding mock interface to class org/apache/hadoop/hdfs/protocol/proto/AclProtos$RemoveAclResponseProto
2024-11-12 13:43:07,339 INFO  CreateClassResetClassAdapter - Found static initializer in class org/apache/hadoop/hdfs/protocol/proto/AclProtos$RemoveAclResponseProto
2024-11-12 13:43:07,339 INFO  EvoClassLoader - Seeing class for first time: org.apache.hadoop.hdfs.protocol.proto.AclProtos$RemoveAclResponseProtoOrBuilder
2024-11-12 13:43:07,339 INFO  EvoClassLoader - Instrumenting class 'org.apache.hadoop.hdfs.protocol.proto.AclProtos$RemoveAclResponseProtoOrBuilder'.
2024-11-12 13:43:07,340 INFO  EvoClassLoader - Keeping class: org.apache.hadoop.hdfs.protocol.proto.AclProtos$RemoveAclResponseProtoOrBuilder
2024-11-12 13:43:07,340 INFO  EvoClassLoader - Keeping class: org.apache.hadoop.hdfs.protocol.proto.AclProtos$RemoveAclResponseProto
2024-11-12 13:43:07,340 INFO  EvoClassLoader - Seeing class for first time: org.apache.hadoop.hdfs.protocol.proto.AclProtos$RemoveAclRequestProto
2024-11-12 13:43:07,340 INFO  EvoClassLoader - Instrumenting class 'org.apache.hadoop.hdfs.protocol.proto.AclProtos$RemoveAclRequestProto'.
2024-11-12 13:43:07,340 INFO  MethodCallReplacementClassAdapter - Adding mock interface to class org/apache/hadoop/hdfs/protocol/proto/AclProtos$RemoveAclRequestProto
2024-11-12 13:43:07,341 INFO  CreateClassResetClassAdapter - Found static initializer in class org/apache/hadoop/hdfs/protocol/proto/AclProtos$RemoveAclRequestProto
2024-11-12 13:43:07,341 INFO  EvoClassLoader - Seeing class for first time: org.apache.hadoop.hdfs.protocol.proto.AclProtos$RemoveAclRequestProtoOrBuilder
2024-11-12 13:43:07,341 INFO  EvoClassLoader - Instrumenting class 'org.apache.hadoop.hdfs.protocol.proto.AclProtos$RemoveAclRequestProtoOrBuilder'.
2024-11-12 13:43:07,342 INFO  EvoClassLoader - Keeping class: org.apache.hadoop.hdfs.protocol.proto.AclProtos$RemoveAclRequestProtoOrBuilder
2024-11-12 13:43:07,342 INFO  EvoClassLoader - Keeping class: org.apache.hadoop.hdfs.protocol.proto.AclProtos$RemoveAclRequestProto
2024-11-12 13:43:07,342 INFO  EvoClassLoader - Seeing class for first time: org.apache.hadoop.hdfs.protocol.proto.AclProtos$ModifyAclEntriesResponseProto$Builder
2024-11-12 13:43:07,342 INFO  EvoClassLoader - Instrumenting class 'org.apache.hadoop.hdfs.protocol.proto.AclProtos$ModifyAclEntriesResponseProto$Builder'.
2024-11-12 13:43:07,343 INFO  MethodCallReplacementClassAdapter - Adding mock interface to class org/apache/hadoop/hdfs/protocol/proto/AclProtos$ModifyAclEntriesResponseProto$Builder
2024-11-12 13:43:07,344 INFO  CreateClassResetClassAdapter - Creating brand-new static initializer in class org/apache/hadoop/hdfs/protocol/proto/AclProtos$ModifyAclEntriesResponseProto$Builder
2024-11-12 13:43:07,344 INFO  EvoClassLoader - Keeping class: org.apache.hadoop.hdfs.protocol.proto.AclProtos$ModifyAclEntriesResponseProto$Builder
2024-11-12 13:43:07,345 INFO  EvoClassLoader - Seeing class for first time: org.apache.hadoop.hdfs.protocol.proto.AclProtos$RemoveAclEntriesResponseProto$1
2024-11-12 13:43:07,345 INFO  EvoClassLoader - Instrumenting class 'org.apache.hadoop.hdfs.protocol.proto.AclProtos$RemoveAclEntriesResponseProto$1'.
2024-11-12 13:43:07,345 INFO  MethodCallReplacementClassAdapter - Adding mock interface to class org/apache/hadoop/hdfs/protocol/proto/AclProtos$RemoveAclEntriesResponseProto$1
2024-11-12 13:43:07,345 INFO  EvoClassLoader - Keeping class: org.apache.hadoop.hdfs.protocol.proto.AclProtos$RemoveAclEntriesResponseProto$1
2024-11-12 13:43:07,345 INFO  EvoClassLoader - Seeing class for first time: org.apache.hadoop.hdfs.protocol.proto.AclProtos$RemoveAclEntriesResponseProto$Builder
2024-11-12 13:43:07,346 INFO  EvoClassLoader - Instrumenting class 'org.apache.hadoop.hdfs.protocol.proto.AclProtos$RemoveAclEntriesResponseProto$Builder'.
2024-11-12 13:43:07,346 INFO  MethodCallReplacementClassAdapter - Adding mock interface to class org/apache/hadoop/hdfs/protocol/proto/AclProtos$RemoveAclEntriesResponseProto$Builder
2024-11-12 13:43:07,347 INFO  CreateClassResetClassAdapter - Creating brand-new static initializer in class org/apache/hadoop/hdfs/protocol/proto/AclProtos$RemoveAclEntriesResponseProto$Builder
2024-11-12 13:43:07,347 INFO  EvoClassLoader - Keeping class: org.apache.hadoop.hdfs.protocol.proto.AclProtos$RemoveAclEntriesResponseProto$Builder
2024-11-12 13:43:07,347 INFO  EvoClassLoader - Seeing class for first time: org.apache.hadoop.hdfs.protocol.proto.AclProtos$RemoveDefaultAclResponseProto$1
2024-11-12 13:43:07,347 INFO  EvoClassLoader - Instrumenting class 'org.apache.hadoop.hdfs.protocol.proto.AclProtos$RemoveDefaultAclResponseProto$1'.
2024-11-12 13:43:07,347 INFO  MethodCallReplacementClassAdapter - Adding mock interface to class org/apache/hadoop/hdfs/protocol/proto/AclProtos$RemoveDefaultAclResponseProto$1
2024-11-12 13:43:07,348 INFO  EvoClassLoader - Keeping class: org.apache.hadoop.hdfs.protocol.proto.AclProtos$RemoveDefaultAclResponseProto$1
2024-11-12 13:43:07,348 INFO  EvoClassLoader - Seeing class for first time: org.apache.hadoop.hdfs.protocol.proto.AclProtos$RemoveDefaultAclResponseProto$Builder
2024-11-12 13:43:07,348 INFO  EvoClassLoader - Instrumenting class 'org.apache.hadoop.hdfs.protocol.proto.AclProtos$RemoveDefaultAclResponseProto$Builder'.
2024-11-12 13:43:07,348 INFO  MethodCallReplacementClassAdapter - Adding mock interface to class org/apache/hadoop/hdfs/protocol/proto/AclProtos$RemoveDefaultAclResponseProto$Builder
2024-11-12 13:43:07,349 INFO  CreateClassResetClassAdapter - Creating brand-new static initializer in class org/apache/hadoop/hdfs/protocol/proto/AclProtos$RemoveDefaultAclResponseProto$Builder
2024-11-12 13:43:07,349 INFO  EvoClassLoader - Keeping class: org.apache.hadoop.hdfs.protocol.proto.AclProtos$RemoveDefaultAclResponseProto$Builder
2024-11-12 13:43:07,349 INFO  EvoClassLoader - Seeing class for first time: org.apache.hadoop.hdfs.protocol.proto.AclProtos$RemoveAclResponseProto$1
2024-11-12 13:43:07,349 INFO  EvoClassLoader - Instrumenting class 'org.apache.hadoop.hdfs.protocol.proto.AclProtos$RemoveAclResponseProto$1'.
2024-11-12 13:43:07,349 INFO  MethodCallReplacementClassAdapter - Adding mock interface to class org/apache/hadoop/hdfs/protocol/proto/AclProtos$RemoveAclResponseProto$1
2024-11-12 13:43:07,349 INFO  EvoClassLoader - Keeping class: org.apache.hadoop.hdfs.protocol.proto.AclProtos$RemoveAclResponseProto$1
2024-11-12 13:43:07,350 INFO  EvoClassLoader - Seeing class for first time: org.apache.hadoop.hdfs.protocol.proto.AclProtos$RemoveAclResponseProto$Builder
2024-11-12 13:43:07,350 INFO  EvoClassLoader - Instrumenting class 'org.apache.hadoop.hdfs.protocol.proto.AclProtos$RemoveAclResponseProto$Builder'.
2024-11-12 13:43:07,350 INFO  MethodCallReplacementClassAdapter - Adding mock interface to class org/apache/hadoop/hdfs/protocol/proto/AclProtos$RemoveAclResponseProto$Builder
2024-11-12 13:43:07,350 INFO  CreateClassResetClassAdapter - Creating brand-new static initializer in class org/apache/hadoop/hdfs/protocol/proto/AclProtos$RemoveAclResponseProto$Builder
2024-11-12 13:43:07,351 INFO  EvoClassLoader - Keeping class: org.apache.hadoop.hdfs.protocol.proto.AclProtos$RemoveAclResponseProto$Builder
2024-11-12 13:43:07,351 INFO  EvoClassLoader - Seeing class for first time: org.apache.hadoop.hdfs.protocol.proto.XAttrProtos$SetXAttrResponseProto$1
2024-11-12 13:43:07,351 INFO  EvoClassLoader - Instrumenting class 'org.apache.hadoop.hdfs.protocol.proto.XAttrProtos$SetXAttrResponseProto$1'.
2024-11-12 13:43:07,351 INFO  MethodCallReplacementClassAdapter - Adding mock interface to class org/apache/hadoop/hdfs/protocol/proto/XAttrProtos$SetXAttrResponseProto$1
2024-11-12 13:43:07,351 INFO  EvoClassLoader - Keeping class: org.apache.hadoop.hdfs.protocol.proto.XAttrProtos$SetXAttrResponseProto$1
2024-11-12 13:43:07,351 INFO  EvoClassLoader - Seeing class for first time: org.apache.hadoop.hdfs.protocol.proto.XAttrProtos$SetXAttrResponseProto
2024-11-12 13:43:07,351 INFO  EvoClassLoader - Instrumenting class 'org.apache.hadoop.hdfs.protocol.proto.XAttrProtos$SetXAttrResponseProto'.
2024-11-12 13:43:07,352 INFO  MethodCallReplacementClassAdapter - Adding mock interface to class org/apache/hadoop/hdfs/protocol/proto/XAttrProtos$SetXAttrResponseProto
2024-11-12 13:43:07,352 INFO  CreateClassResetClassAdapter - Found static initializer in class org/apache/hadoop/hdfs/protocol/proto/XAttrProtos$SetXAttrResponseProto
2024-11-12 13:43:07,352 INFO  EvoClassLoader - Seeing class for first time: org.apache.hadoop.hdfs.protocol.proto.XAttrProtos$SetXAttrResponseProtoOrBuilder
2024-11-12 13:43:07,352 INFO  EvoClassLoader - Instrumenting class 'org.apache.hadoop.hdfs.protocol.proto.XAttrProtos$SetXAttrResponseProtoOrBuilder'.
2024-11-12 13:43:07,352 INFO  EvoClassLoader - Keeping class: org.apache.hadoop.hdfs.protocol.proto.XAttrProtos$SetXAttrResponseProtoOrBuilder
2024-11-12 13:43:07,352 INFO  EvoClassLoader - Keeping class: org.apache.hadoop.hdfs.protocol.proto.XAttrProtos$SetXAttrResponseProto
2024-11-12 13:43:07,352 INFO  EvoClassLoader - Seeing class for first time: org.apache.hadoop.hdfs.protocol.proto.XAttrProtos
2024-11-12 13:43:07,352 INFO  EvoClassLoader - Instrumenting class 'org.apache.hadoop.hdfs.protocol.proto.XAttrProtos'.
2024-11-12 13:43:07,352 INFO  MethodCallReplacementClassAdapter - Adding mock interface to class org/apache/hadoop/hdfs/protocol/proto/XAttrProtos
2024-11-12 13:43:07,352 INFO  CreateClassResetClassAdapter - Found static initializer in class org/apache/hadoop/hdfs/protocol/proto/XAttrProtos
2024-11-12 13:43:07,353 INFO  EvoClassLoader - Keeping class: org.apache.hadoop.hdfs.protocol.proto.XAttrProtos
2024-11-12 13:43:07,353 INFO  EvoClassLoader - Seeing class for first time: org.apache.hadoop.hdfs.protocol.proto.XAttrProtos$RemoveXAttrResponseProto
2024-11-12 13:43:07,353 INFO  EvoClassLoader - Instrumenting class 'org.apache.hadoop.hdfs.protocol.proto.XAttrProtos$RemoveXAttrResponseProto'.
2024-11-12 13:43:07,353 INFO  MethodCallReplacementClassAdapter - Adding mock interface to class org/apache/hadoop/hdfs/protocol/proto/XAttrProtos$RemoveXAttrResponseProto
2024-11-12 13:43:07,353 INFO  CreateClassResetClassAdapter - Found static initializer in class org/apache/hadoop/hdfs/protocol/proto/XAttrProtos$RemoveXAttrResponseProto
2024-11-12 13:43:07,353 INFO  EvoClassLoader - Seeing class for first time: org.apache.hadoop.hdfs.protocol.proto.XAttrProtos$RemoveXAttrResponseProtoOrBuilder
2024-11-12 13:43:07,353 INFO  EvoClassLoader - Instrumenting class 'org.apache.hadoop.hdfs.protocol.proto.XAttrProtos$RemoveXAttrResponseProtoOrBuilder'.
2024-11-12 13:43:07,354 INFO  EvoClassLoader - Keeping class: org.apache.hadoop.hdfs.protocol.proto.XAttrProtos$RemoveXAttrResponseProtoOrBuilder
2024-11-12 13:43:07,354 INFO  EvoClassLoader - Keeping class: org.apache.hadoop.hdfs.protocol.proto.XAttrProtos$RemoveXAttrResponseProto
2024-11-12 13:43:07,354 INFO  EvoClassLoader - Seeing class for first time: org.apache.hadoop.hdfs.protocol.proto.XAttrProtos$RemoveXAttrRequestProto
2024-11-12 13:43:07,354 INFO  EvoClassLoader - Instrumenting class 'org.apache.hadoop.hdfs.protocol.proto.XAttrProtos$RemoveXAttrRequestProto'.
2024-11-12 13:43:07,354 INFO  MethodCallReplacementClassAdapter - Adding mock interface to class org/apache/hadoop/hdfs/protocol/proto/XAttrProtos$RemoveXAttrRequestProto
2024-11-12 13:43:07,354 INFO  CreateClassResetClassAdapter - Found static initializer in class org/apache/hadoop/hdfs/protocol/proto/XAttrProtos$RemoveXAttrRequestProto
2024-11-12 13:43:07,354 INFO  EvoClassLoader - Seeing class for first time: org.apache.hadoop.hdfs.protocol.proto.XAttrProtos$RemoveXAttrRequestProtoOrBuilder
2024-11-12 13:43:07,354 INFO  EvoClassLoader - Instrumenting class 'org.apache.hadoop.hdfs.protocol.proto.XAttrProtos$RemoveXAttrRequestProtoOrBuilder'.
2024-11-12 13:43:07,355 INFO  EvoClassLoader - Keeping class: org.apache.hadoop.hdfs.protocol.proto.XAttrProtos$RemoveXAttrRequestProtoOrBuilder
2024-11-12 13:43:07,355 INFO  EvoClassLoader - Keeping class: org.apache.hadoop.hdfs.protocol.proto.XAttrProtos$RemoveXAttrRequestProto
2024-11-12 13:43:07,355 INFO  EvoClassLoader - Seeing class for first time: org.apache.hadoop.hdfs.protocol.proto.XAttrProtos$ListXAttrsResponseProto
2024-11-12 13:43:07,355 INFO  EvoClassLoader - Instrumenting class 'org.apache.hadoop.hdfs.protocol.proto.XAttrProtos$ListXAttrsResponseProto'.
2024-11-12 13:43:07,355 INFO  MethodCallReplacementClassAdapter - Adding mock interface to class org/apache/hadoop/hdfs/protocol/proto/XAttrProtos$ListXAttrsResponseProto
2024-11-12 13:43:07,355 INFO  CreateClassResetClassAdapter - Found static initializer in class org/apache/hadoop/hdfs/protocol/proto/XAttrProtos$ListXAttrsResponseProto
2024-11-12 13:43:07,355 INFO  EvoClassLoader - Seeing class for first time: org.apache.hadoop.hdfs.protocol.proto.XAttrProtos$ListXAttrsResponseProtoOrBuilder
2024-11-12 13:43:07,355 INFO  EvoClassLoader - Instrumenting class 'org.apache.hadoop.hdfs.protocol.proto.XAttrProtos$ListXAttrsResponseProtoOrBuilder'.
2024-11-12 13:43:07,356 INFO  EvoClassLoader - Keeping class: org.apache.hadoop.hdfs.protocol.proto.XAttrProtos$ListXAttrsResponseProtoOrBuilder
2024-11-12 13:43:07,356 INFO  EvoClassLoader - Keeping class: org.apache.hadoop.hdfs.protocol.proto.XAttrProtos$ListXAttrsResponseProto
2024-11-12 13:43:07,356 INFO  EvoClassLoader - Seeing class for first time: org.apache.hadoop.hdfs.protocol.proto.XAttrProtos$ListXAttrsRequestProto
2024-11-12 13:43:07,356 INFO  EvoClassLoader - Instrumenting class 'org.apache.hadoop.hdfs.protocol.proto.XAttrProtos$ListXAttrsRequestProto'.
2024-11-12 13:43:07,356 INFO  MethodCallReplacementClassAdapter - Adding mock interface to class org/apache/hadoop/hdfs/protocol/proto/XAttrProtos$ListXAttrsRequestProto
2024-11-12 13:43:07,356 INFO  CreateClassResetClassAdapter - Found static initializer in class org/apache/hadoop/hdfs/protocol/proto/XAttrProtos$ListXAttrsRequestProto
2024-11-12 13:43:07,357 INFO  EvoClassLoader - Seeing class for first time: org.apache.hadoop.hdfs.protocol.proto.XAttrProtos$ListXAttrsRequestProtoOrBuilder
2024-11-12 13:43:07,357 INFO  EvoClassLoader - Instrumenting class 'org.apache.hadoop.hdfs.protocol.proto.XAttrProtos$ListXAttrsRequestProtoOrBuilder'.
2024-11-12 13:43:07,357 INFO  EvoClassLoader - Keeping class: org.apache.hadoop.hdfs.protocol.proto.XAttrProtos$ListXAttrsRequestProtoOrBuilder
2024-11-12 13:43:07,357 INFO  EvoClassLoader - Keeping class: org.apache.hadoop.hdfs.protocol.proto.XAttrProtos$ListXAttrsRequestProto
2024-11-12 13:43:07,357 INFO  EvoClassLoader - Seeing class for first time: org.apache.hadoop.hdfs.protocol.proto.XAttrProtos$GetXAttrsResponseProto
2024-11-12 13:43:07,357 INFO  EvoClassLoader - Instrumenting class 'org.apache.hadoop.hdfs.protocol.proto.XAttrProtos$GetXAttrsResponseProto'.
2024-11-12 13:43:07,357 INFO  MethodCallReplacementClassAdapter - Adding mock interface to class org/apache/hadoop/hdfs/protocol/proto/XAttrProtos$GetXAttrsResponseProto
2024-11-12 13:43:07,357 INFO  CreateClassResetClassAdapter - Found static initializer in class org/apache/hadoop/hdfs/protocol/proto/XAttrProtos$GetXAttrsResponseProto
2024-11-12 13:43:07,358 INFO  EvoClassLoader - Seeing class for first time: org.apache.hadoop.hdfs.protocol.proto.XAttrProtos$GetXAttrsResponseProtoOrBuilder
2024-11-12 13:43:07,358 INFO  EvoClassLoader - Instrumenting class 'org.apache.hadoop.hdfs.protocol.proto.XAttrProtos$GetXAttrsResponseProtoOrBuilder'.
2024-11-12 13:43:07,358 INFO  EvoClassLoader - Keeping class: org.apache.hadoop.hdfs.protocol.proto.XAttrProtos$GetXAttrsResponseProtoOrBuilder
2024-11-12 13:43:07,358 INFO  EvoClassLoader - Keeping class: org.apache.hadoop.hdfs.protocol.proto.XAttrProtos$GetXAttrsResponseProto
2024-11-12 13:43:07,358 INFO  EvoClassLoader - Seeing class for first time: org.apache.hadoop.hdfs.protocol.proto.XAttrProtos$GetXAttrsRequestProto
2024-11-12 13:43:07,358 INFO  EvoClassLoader - Instrumenting class 'org.apache.hadoop.hdfs.protocol.proto.XAttrProtos$GetXAttrsRequestProto'.
2024-11-12 13:43:07,358 INFO  MethodCallReplacementClassAdapter - Adding mock interface to class org/apache/hadoop/hdfs/protocol/proto/XAttrProtos$GetXAttrsRequestProto
2024-11-12 13:43:07,358 INFO  CreateClassResetClassAdapter - Found static initializer in class org/apache/hadoop/hdfs/protocol/proto/XAttrProtos$GetXAttrsRequestProto
2024-11-12 13:43:07,359 INFO  EvoClassLoader - Seeing class for first time: org.apache.hadoop.hdfs.protocol.proto.XAttrProtos$GetXAttrsRequestProtoOrBuilder
2024-11-12 13:43:07,359 INFO  EvoClassLoader - Instrumenting class 'org.apache.hadoop.hdfs.protocol.proto.XAttrProtos$GetXAttrsRequestProtoOrBuilder'.
2024-11-12 13:43:07,359 INFO  EvoClassLoader - Keeping class: org.apache.hadoop.hdfs.protocol.proto.XAttrProtos$GetXAttrsRequestProtoOrBuilder
2024-11-12 13:43:07,359 INFO  EvoClassLoader - Keeping class: org.apache.hadoop.hdfs.protocol.proto.XAttrProtos$GetXAttrsRequestProto
2024-11-12 13:43:07,359 INFO  EvoClassLoader - Seeing class for first time: org.apache.hadoop.hdfs.protocol.proto.XAttrProtos$SetXAttrResponseProto$Builder
2024-11-12 13:43:07,359 INFO  EvoClassLoader - Instrumenting class 'org.apache.hadoop.hdfs.protocol.proto.XAttrProtos$SetXAttrResponseProto$Builder'.
2024-11-12 13:43:07,360 INFO  MethodCallReplacementClassAdapter - Adding mock interface to class org/apache/hadoop/hdfs/protocol/proto/XAttrProtos$SetXAttrResponseProto$Builder
2024-11-12 13:43:07,360 INFO  CreateClassResetClassAdapter - Creating brand-new static initializer in class org/apache/hadoop/hdfs/protocol/proto/XAttrProtos$SetXAttrResponseProto$Builder
2024-11-12 13:43:07,360 INFO  EvoClassLoader - Keeping class: org.apache.hadoop.hdfs.protocol.proto.XAttrProtos$SetXAttrResponseProto$Builder
2024-11-12 13:43:07,361 INFO  EvoClassLoader - Seeing class for first time: org.apache.hadoop.hdfs.protocol.proto.XAttrProtos$RemoveXAttrResponseProto$1
2024-11-12 13:43:07,361 INFO  EvoClassLoader - Instrumenting class 'org.apache.hadoop.hdfs.protocol.proto.XAttrProtos$RemoveXAttrResponseProto$1'.
2024-11-12 13:43:07,361 INFO  MethodCallReplacementClassAdapter - Adding mock interface to class org/apache/hadoop/hdfs/protocol/proto/XAttrProtos$RemoveXAttrResponseProto$1
2024-11-12 13:43:07,361 INFO  EvoClassLoader - Keeping class: org.apache.hadoop.hdfs.protocol.proto.XAttrProtos$RemoveXAttrResponseProto$1
2024-11-12 13:43:07,361 INFO  EvoClassLoader - Seeing class for first time: org.apache.hadoop.hdfs.protocol.proto.XAttrProtos$RemoveXAttrResponseProto$Builder
2024-11-12 13:43:07,361 INFO  EvoClassLoader - Instrumenting class 'org.apache.hadoop.hdfs.protocol.proto.XAttrProtos$RemoveXAttrResponseProto$Builder'.
2024-11-12 13:43:07,361 INFO  MethodCallReplacementClassAdapter - Adding mock interface to class org/apache/hadoop/hdfs/protocol/proto/XAttrProtos$RemoveXAttrResponseProto$Builder
2024-11-12 13:43:07,362 INFO  CreateClassResetClassAdapter - Creating brand-new static initializer in class org/apache/hadoop/hdfs/protocol/proto/XAttrProtos$RemoveXAttrResponseProto$Builder
2024-11-12 13:43:07,362 INFO  EvoClassLoader - Keeping class: org.apache.hadoop.hdfs.protocol.proto.XAttrProtos$RemoveXAttrResponseProto$Builder
2024-11-12 13:43:07,362 INFO  EvoClassLoader - Seeing class for first time: org.apache.hadoop.hdfs.protocol.proto.ClientNamenodeProtocolProtos$CheckAccessResponseProto$1
2024-11-12 13:43:07,362 INFO  EvoClassLoader - Instrumenting class 'org.apache.hadoop.hdfs.protocol.proto.ClientNamenodeProtocolProtos$CheckAccessResponseProto$1'.
2024-11-12 13:43:07,363 INFO  MethodCallReplacementClassAdapter - Adding mock interface to class org/apache/hadoop/hdfs/protocol/proto/ClientNamenodeProtocolProtos$CheckAccessResponseProto$1
2024-11-12 13:43:07,363 INFO  EvoClassLoader - Keeping class: org.apache.hadoop.hdfs.protocol.proto.ClientNamenodeProtocolProtos$CheckAccessResponseProto$1
2024-11-12 13:43:07,363 INFO  EvoClassLoader - Seeing class for first time: org.apache.hadoop.hdfs.protocol.proto.ClientNamenodeProtocolProtos$CheckAccessResponseProto$Builder
2024-11-12 13:43:07,363 INFO  EvoClassLoader - Instrumenting class 'org.apache.hadoop.hdfs.protocol.proto.ClientNamenodeProtocolProtos$CheckAccessResponseProto$Builder'.
2024-11-12 13:43:07,363 INFO  MethodCallReplacementClassAdapter - Adding mock interface to class org/apache/hadoop/hdfs/protocol/proto/ClientNamenodeProtocolProtos$CheckAccessResponseProto$Builder
2024-11-12 13:43:07,364 INFO  CreateClassResetClassAdapter - Creating brand-new static initializer in class org/apache/hadoop/hdfs/protocol/proto/ClientNamenodeProtocolProtos$CheckAccessResponseProto$Builder
2024-11-12 13:43:07,364 INFO  EvoClassLoader - Keeping class: org.apache.hadoop.hdfs.protocol.proto.ClientNamenodeProtocolProtos$CheckAccessResponseProto$Builder
2024-11-12 13:43:07,364 INFO  EvoClassLoader - Seeing class for first time: org.apache.hadoop.hdfs.protocol.proto.ClientNamenodeProtocolProtos$SatisfyStoragePolicyResponseProto$1
2024-11-12 13:43:07,364 INFO  EvoClassLoader - Instrumenting class 'org.apache.hadoop.hdfs.protocol.proto.ClientNamenodeProtocolProtos$SatisfyStoragePolicyResponseProto$1'.
2024-11-12 13:43:07,364 INFO  MethodCallReplacementClassAdapter - Adding mock interface to class org/apache/hadoop/hdfs/protocol/proto/ClientNamenodeProtocolProtos$SatisfyStoragePolicyResponseProto$1
2024-11-12 13:43:07,365 INFO  EvoClassLoader - Keeping class: org.apache.hadoop.hdfs.protocol.proto.ClientNamenodeProtocolProtos$SatisfyStoragePolicyResponseProto$1
2024-11-12 13:43:07,365 INFO  EvoClassLoader - Seeing class for first time: org.apache.hadoop.hdfs.protocol.proto.ClientNamenodeProtocolProtos$SatisfyStoragePolicyResponseProto$Builder
2024-11-12 13:43:07,365 INFO  EvoClassLoader - Instrumenting class 'org.apache.hadoop.hdfs.protocol.proto.ClientNamenodeProtocolProtos$SatisfyStoragePolicyResponseProto$Builder'.
2024-11-12 13:43:07,365 INFO  MethodCallReplacementClassAdapter - Adding mock interface to class org/apache/hadoop/hdfs/protocol/proto/ClientNamenodeProtocolProtos$SatisfyStoragePolicyResponseProto$Builder
2024-11-12 13:43:07,366 INFO  CreateClassResetClassAdapter - Creating brand-new static initializer in class org/apache/hadoop/hdfs/protocol/proto/ClientNamenodeProtocolProtos$SatisfyStoragePolicyResponseProto$Builder
2024-11-12 13:43:07,366 INFO  EvoClassLoader - Keeping class: org.apache.hadoop.hdfs.protocol.proto.ClientNamenodeProtocolProtos$SatisfyStoragePolicyResponseProto$Builder
2024-11-12 13:43:07,366 INFO  EvoClassLoader - Seeing class for first time: org.apache.hadoop.hdfs.protocolPB.ClientNamenodeProtocolServerSideTranslatorPB
2024-11-12 13:43:07,366 INFO  EvoClassLoader - Instrumenting class 'org.apache.hadoop.hdfs.protocolPB.ClientNamenodeProtocolServerSideTranslatorPB'.
2024-11-12 13:43:07,367 INFO  MethodCallReplacementClassAdapter - Adding mock interface to class org/apache/hadoop/hdfs/protocolPB/ClientNamenodeProtocolServerSideTranslatorPB
2024-11-12 13:43:07,372 INFO  CreateClassResetClassAdapter - Found static initializer in class org/apache/hadoop/hdfs/protocolPB/ClientNamenodeProtocolServerSideTranslatorPB
2024-11-12 13:43:07,375 INFO  EvoClassLoader - Seeing class for first time: org.apache.hadoop.hdfs.protocolPB.ClientNamenodeProtocolPB
2024-11-12 13:43:07,375 INFO  EvoClassLoader - Instrumenting class 'org.apache.hadoop.hdfs.protocolPB.ClientNamenodeProtocolPB'.
2024-11-12 13:43:07,375 INFO  EvoClassLoader - Seeing class for first time: org.apache.hadoop.hdfs.protocol.proto.ClientNamenodeProtocolProtos$ClientNamenodeProtocol$BlockingInterface
2024-11-12 13:43:07,375 INFO  EvoClassLoader - Instrumenting class 'org.apache.hadoop.hdfs.protocol.proto.ClientNamenodeProtocolProtos$ClientNamenodeProtocol$BlockingInterface'.
2024-11-12 13:43:07,377 INFO  EvoClassLoader - Keeping class: org.apache.hadoop.hdfs.protocol.proto.ClientNamenodeProtocolProtos$ClientNamenodeProtocol$BlockingInterface
2024-11-12 13:43:07,377 INFO  EvoClassLoader - Keeping class: org.apache.hadoop.hdfs.protocolPB.ClientNamenodeProtocolPB
2024-11-12 13:43:07,377 INFO  EvoClassLoader - Keeping class: org.apache.hadoop.hdfs.protocolPB.ClientNamenodeProtocolServerSideTranslatorPB
2024-11-12 13:43:07,377 INFO  EvoClassLoader - Seeing class for first time: org.apache.hadoop.thirdparty.protobuf.ServiceException
2024-11-12 13:43:07,377 INFO  EvoClassLoader - Instrumenting class 'org.apache.hadoop.thirdparty.protobuf.ServiceException'.
2024-11-12 13:43:07,378 INFO  MethodCallReplacementClassAdapter - Adding mock interface to class org/apache/hadoop/thirdparty/protobuf/ServiceException
2024-11-12 13:43:07,378 INFO  CreateClassResetClassAdapter - Creating brand-new static initializer in class org/apache/hadoop/thirdparty/protobuf/ServiceException
2024-11-12 13:43:07,378 INFO  EvoClassLoader - Keeping class: org.apache.hadoop.thirdparty.protobuf.ServiceException
2024-11-12 13:43:07,379 INFO  EvoClassLoader - Seeing class for first time: org.apache.hadoop.fs.permission.FsCreateModes
2024-11-12 13:43:07,379 INFO  EvoClassLoader - Instrumenting class 'org.apache.hadoop.fs.permission.FsCreateModes'.
2024-11-12 13:43:07,380 INFO  MethodCallReplacementClassAdapter - Adding mock interface to class org/apache/hadoop/fs/permission/FsCreateModes
2024-11-12 13:43:07,380 INFO  CreateClassResetClassAdapter - Found static initializer in class org/apache/hadoop/fs/permission/FsCreateModes
2024-11-12 13:43:07,380 INFO  EvoClassLoader - Keeping class: org.apache.hadoop.fs.permission.FsCreateModes
2024-11-12 13:43:07,381 INFO  EvoClassLoader - Seeing class for first time: org.apache.hadoop.thirdparty.protobuf.RpcController
2024-11-12 13:43:07,381 INFO  EvoClassLoader - Instrumenting class 'org.apache.hadoop.thirdparty.protobuf.RpcController'.
2024-11-12 13:43:07,381 INFO  EvoClassLoader - Keeping class: org.apache.hadoop.thirdparty.protobuf.RpcController
2024-11-12 13:43:07,381 INFO  EvoClassLoader - Seeing class for first time: org.apache.hadoop.security.proto.SecurityProtos$GetDelegationTokenRequestProto
2024-11-12 13:43:07,381 INFO  EvoClassLoader - Instrumenting class 'org.apache.hadoop.security.proto.SecurityProtos$GetDelegationTokenRequestProto'.
2024-11-12 13:43:07,381 INFO  MethodCallReplacementClassAdapter - Adding mock interface to class org/apache/hadoop/security/proto/SecurityProtos$GetDelegationTokenRequestProto
2024-11-12 13:43:07,382 INFO  CreateClassResetClassAdapter - Found static initializer in class org/apache/hadoop/security/proto/SecurityProtos$GetDelegationTokenRequestProto
2024-11-12 13:43:07,382 INFO  EvoClassLoader - Seeing class for first time: org.apache.hadoop.security.proto.SecurityProtos$GetDelegationTokenRequestProtoOrBuilder
2024-11-12 13:43:07,382 INFO  EvoClassLoader - Instrumenting class 'org.apache.hadoop.security.proto.SecurityProtos$GetDelegationTokenRequestProtoOrBuilder'.
2024-11-12 13:43:07,382 INFO  EvoClassLoader - Keeping class: org.apache.hadoop.security.proto.SecurityProtos$GetDelegationTokenRequestProtoOrBuilder
2024-11-12 13:43:07,382 INFO  EvoClassLoader - Keeping class: org.apache.hadoop.security.proto.SecurityProtos$GetDelegationTokenRequestProto
2024-11-12 13:43:07,382 INFO  EvoClassLoader - Seeing class for first time: org.apache.hadoop.security.proto.SecurityProtos$GetDelegationTokenResponseProto
2024-11-12 13:43:07,382 INFO  EvoClassLoader - Instrumenting class 'org.apache.hadoop.security.proto.SecurityProtos$GetDelegationTokenResponseProto'.
2024-11-12 13:43:07,383 INFO  MethodCallReplacementClassAdapter - Adding mock interface to class org/apache/hadoop/security/proto/SecurityProtos$GetDelegationTokenResponseProto
2024-11-12 13:43:07,383 INFO  CreateClassResetClassAdapter - Found static initializer in class org/apache/hadoop/security/proto/SecurityProtos$GetDelegationTokenResponseProto
2024-11-12 13:43:07,384 INFO  EvoClassLoader - Seeing class for first time: org.apache.hadoop.security.proto.SecurityProtos$GetDelegationTokenResponseProtoOrBuilder
2024-11-12 13:43:07,384 INFO  EvoClassLoader - Instrumenting class 'org.apache.hadoop.security.proto.SecurityProtos$GetDelegationTokenResponseProtoOrBuilder'.
2024-11-12 13:43:07,384 INFO  EvoClassLoader - Keeping class: org.apache.hadoop.security.proto.SecurityProtos$GetDelegationTokenResponseProtoOrBuilder
2024-11-12 13:43:07,384 INFO  EvoClassLoader - Keeping class: org.apache.hadoop.security.proto.SecurityProtos$GetDelegationTokenResponseProto
2024-11-12 13:43:07,384 INFO  EvoClassLoader - Seeing class for first time: org.apache.hadoop.hdfs.protocol.proto.ClientNamenodeProtocolProtos$GetServerDefaultsRequestProto
2024-11-12 13:43:07,384 INFO  EvoClassLoader - Instrumenting class 'org.apache.hadoop.hdfs.protocol.proto.ClientNamenodeProtocolProtos$GetServerDefaultsRequestProto'.
2024-11-12 13:43:07,384 INFO  MethodCallReplacementClassAdapter - Adding mock interface to class org/apache/hadoop/hdfs/protocol/proto/ClientNamenodeProtocolProtos$GetServerDefaultsRequestProto
2024-11-12 13:43:07,384 INFO  CreateClassResetClassAdapter - Found static initializer in class org/apache/hadoop/hdfs/protocol/proto/ClientNamenodeProtocolProtos$GetServerDefaultsRequestProto
2024-11-12 13:43:07,385 INFO  EvoClassLoader - Seeing class for first time: org.apache.hadoop.hdfs.protocol.proto.ClientNamenodeProtocolProtos$GetServerDefaultsRequestProtoOrBuilder
2024-11-12 13:43:07,385 INFO  EvoClassLoader - Instrumenting class 'org.apache.hadoop.hdfs.protocol.proto.ClientNamenodeProtocolProtos$GetServerDefaultsRequestProtoOrBuilder'.
2024-11-12 13:43:07,385 INFO  EvoClassLoader - Keeping class: org.apache.hadoop.hdfs.protocol.proto.ClientNamenodeProtocolProtos$GetServerDefaultsRequestProtoOrBuilder
2024-11-12 13:43:07,385 INFO  EvoClassLoader - Keeping class: org.apache.hadoop.hdfs.protocol.proto.ClientNamenodeProtocolProtos$GetServerDefaultsRequestProto
2024-11-12 13:43:07,385 INFO  EvoClassLoader - Seeing class for first time: org.apache.hadoop.hdfs.protocol.proto.ClientNamenodeProtocolProtos$GetServerDefaultsResponseProto
2024-11-12 13:43:07,385 INFO  EvoClassLoader - Instrumenting class 'org.apache.hadoop.hdfs.protocol.proto.ClientNamenodeProtocolProtos$GetServerDefaultsResponseProto'.
2024-11-12 13:43:07,385 INFO  MethodCallReplacementClassAdapter - Adding mock interface to class org/apache/hadoop/hdfs/protocol/proto/ClientNamenodeProtocolProtos$GetServerDefaultsResponseProto
2024-11-12 13:43:07,386 INFO  CreateClassResetClassAdapter - Found static initializer in class org/apache/hadoop/hdfs/protocol/proto/ClientNamenodeProtocolProtos$GetServerDefaultsResponseProto
2024-11-12 13:43:07,386 INFO  EvoClassLoader - Seeing class for first time: org.apache.hadoop.hdfs.protocol.proto.ClientNamenodeProtocolProtos$GetServerDefaultsResponseProtoOrBuilder
2024-11-12 13:43:07,386 INFO  EvoClassLoader - Instrumenting class 'org.apache.hadoop.hdfs.protocol.proto.ClientNamenodeProtocolProtos$GetServerDefaultsResponseProtoOrBuilder'.
2024-11-12 13:43:07,386 INFO  EvoClassLoader - Keeping class: org.apache.hadoop.hdfs.protocol.proto.ClientNamenodeProtocolProtos$GetServerDefaultsResponseProtoOrBuilder
2024-11-12 13:43:07,386 INFO  EvoClassLoader - Keeping class: org.apache.hadoop.hdfs.protocol.proto.ClientNamenodeProtocolProtos$GetServerDefaultsResponseProto
2024-11-12 13:43:07,386 INFO  EvoClassLoader - Seeing class for first time: org.apache.hadoop.hdfs.protocol.proto.ErasureCodingProtos$GetErasureCodingPolicyRequestProto
2024-11-12 13:43:07,386 INFO  EvoClassLoader - Instrumenting class 'org.apache.hadoop.hdfs.protocol.proto.ErasureCodingProtos$GetErasureCodingPolicyRequestProto'.
2024-11-12 13:43:07,387 INFO  MethodCallReplacementClassAdapter - Adding mock interface to class org/apache/hadoop/hdfs/protocol/proto/ErasureCodingProtos$GetErasureCodingPolicyRequestProto
2024-11-12 13:43:07,387 INFO  CreateClassResetClassAdapter - Found static initializer in class org/apache/hadoop/hdfs/protocol/proto/ErasureCodingProtos$GetErasureCodingPolicyRequestProto
2024-11-12 13:43:07,387 INFO  EvoClassLoader - Seeing class for first time: org.apache.hadoop.hdfs.protocol.proto.ErasureCodingProtos$GetErasureCodingPolicyRequestProtoOrBuilder
2024-11-12 13:43:07,387 INFO  EvoClassLoader - Instrumenting class 'org.apache.hadoop.hdfs.protocol.proto.ErasureCodingProtos$GetErasureCodingPolicyRequestProtoOrBuilder'.
2024-11-12 13:43:07,388 INFO  EvoClassLoader - Keeping class: org.apache.hadoop.hdfs.protocol.proto.ErasureCodingProtos$GetErasureCodingPolicyRequestProtoOrBuilder
2024-11-12 13:43:07,388 INFO  EvoClassLoader - Keeping class: org.apache.hadoop.hdfs.protocol.proto.ErasureCodingProtos$GetErasureCodingPolicyRequestProto
2024-11-12 13:43:07,388 INFO  EvoClassLoader - Seeing class for first time: org.apache.hadoop.hdfs.protocol.proto.ErasureCodingProtos$GetErasureCodingPolicyResponseProto
2024-11-12 13:43:07,388 INFO  EvoClassLoader - Instrumenting class 'org.apache.hadoop.hdfs.protocol.proto.ErasureCodingProtos$GetErasureCodingPolicyResponseProto'.
2024-11-12 13:43:07,388 INFO  MethodCallReplacementClassAdapter - Adding mock interface to class org/apache/hadoop/hdfs/protocol/proto/ErasureCodingProtos$GetErasureCodingPolicyResponseProto
2024-11-12 13:43:07,389 INFO  CreateClassResetClassAdapter - Found static initializer in class org/apache/hadoop/hdfs/protocol/proto/ErasureCodingProtos$GetErasureCodingPolicyResponseProto
2024-11-12 13:43:07,389 INFO  EvoClassLoader - Seeing class for first time: org.apache.hadoop.hdfs.protocol.proto.ErasureCodingProtos$GetErasureCodingPolicyResponseProtoOrBuilder
2024-11-12 13:43:07,389 INFO  EvoClassLoader - Instrumenting class 'org.apache.hadoop.hdfs.protocol.proto.ErasureCodingProtos$GetErasureCodingPolicyResponseProtoOrBuilder'.
2024-11-12 13:43:07,390 INFO  EvoClassLoader - Keeping class: org.apache.hadoop.hdfs.protocol.proto.ErasureCodingProtos$GetErasureCodingPolicyResponseProtoOrBuilder
2024-11-12 13:43:07,390 INFO  EvoClassLoader - Keeping class: org.apache.hadoop.hdfs.protocol.proto.ErasureCodingProtos$GetErasureCodingPolicyResponseProto
2024-11-12 13:43:07,390 INFO  EvoClassLoader - Seeing class for first time: org.apache.hadoop.hdfs.protocol.proto.AclProtos$ModifyAclEntriesRequestProto
2024-11-12 13:43:07,390 INFO  EvoClassLoader - Instrumenting class 'org.apache.hadoop.hdfs.protocol.proto.AclProtos$ModifyAclEntriesRequestProto'.
2024-11-12 13:43:07,390 INFO  MethodCallReplacementClassAdapter - Adding mock interface to class org/apache/hadoop/hdfs/protocol/proto/AclProtos$ModifyAclEntriesRequestProto
2024-11-12 13:43:07,390 INFO  CreateClassResetClassAdapter - Found static initializer in class org/apache/hadoop/hdfs/protocol/proto/AclProtos$ModifyAclEntriesRequestProto
2024-11-12 13:43:07,390 INFO  EvoClassLoader - Seeing class for first time: org.apache.hadoop.hdfs.protocol.proto.AclProtos$ModifyAclEntriesRequestProtoOrBuilder
2024-11-12 13:43:07,390 INFO  EvoClassLoader - Instrumenting class 'org.apache.hadoop.hdfs.protocol.proto.AclProtos$ModifyAclEntriesRequestProtoOrBuilder'.
2024-11-12 13:43:07,391 INFO  EvoClassLoader - Keeping class: org.apache.hadoop.hdfs.protocol.proto.AclProtos$ModifyAclEntriesRequestProtoOrBuilder
2024-11-12 13:43:07,391 INFO  EvoClassLoader - Keeping class: org.apache.hadoop.hdfs.protocol.proto.AclProtos$ModifyAclEntriesRequestProto
2024-11-12 13:43:07,391 INFO  EvoClassLoader - Seeing class for first time: org.apache.hadoop.hdfs.protocol.proto.XAttrProtos$SetXAttrRequestProto
2024-11-12 13:43:07,391 INFO  EvoClassLoader - Instrumenting class 'org.apache.hadoop.hdfs.protocol.proto.XAttrProtos$SetXAttrRequestProto'.
2024-11-12 13:43:07,391 INFO  MethodCallReplacementClassAdapter - Adding mock interface to class org/apache/hadoop/hdfs/protocol/proto/XAttrProtos$SetXAttrRequestProto
2024-11-12 13:43:07,391 INFO  CreateClassResetClassAdapter - Found static initializer in class org/apache/hadoop/hdfs/protocol/proto/XAttrProtos$SetXAttrRequestProto
2024-11-12 13:43:07,392 INFO  EvoClassLoader - Seeing class for first time: org.apache.hadoop.hdfs.protocol.proto.XAttrProtos$SetXAttrRequestProtoOrBuilder
2024-11-12 13:43:07,392 INFO  EvoClassLoader - Instrumenting class 'org.apache.hadoop.hdfs.protocol.proto.XAttrProtos$SetXAttrRequestProtoOrBuilder'.
2024-11-12 13:43:07,392 INFO  EvoClassLoader - Keeping class: org.apache.hadoop.hdfs.protocol.proto.XAttrProtos$SetXAttrRequestProtoOrBuilder
2024-11-12 13:43:07,392 INFO  EvoClassLoader - Keeping class: org.apache.hadoop.hdfs.protocol.proto.XAttrProtos$SetXAttrRequestProto
2024-11-12 13:43:07,392 INFO  EvoClassLoader - Seeing class for first time: org.apache.hadoop.hdfs.protocol.proto.EncryptionZonesProtos$CreateEncryptionZoneRequestProto
2024-11-12 13:43:07,392 INFO  EvoClassLoader - Instrumenting class 'org.apache.hadoop.hdfs.protocol.proto.EncryptionZonesProtos$CreateEncryptionZoneRequestProto'.
2024-11-12 13:43:07,393 INFO  MethodCallReplacementClassAdapter - Adding mock interface to class org/apache/hadoop/hdfs/protocol/proto/EncryptionZonesProtos$CreateEncryptionZoneRequestProto
2024-11-12 13:43:07,393 INFO  CreateClassResetClassAdapter - Found static initializer in class org/apache/hadoop/hdfs/protocol/proto/EncryptionZonesProtos$CreateEncryptionZoneRequestProto
2024-11-12 13:43:07,393 INFO  EvoClassLoader - Seeing class for first time: org.apache.hadoop.hdfs.protocol.proto.EncryptionZonesProtos$CreateEncryptionZoneRequestProtoOrBuilder
2024-11-12 13:43:07,393 INFO  EvoClassLoader - Instrumenting class 'org.apache.hadoop.hdfs.protocol.proto.EncryptionZonesProtos$CreateEncryptionZoneRequestProtoOrBuilder'.
2024-11-12 13:43:07,393 INFO  EvoClassLoader - Keeping class: org.apache.hadoop.hdfs.protocol.proto.EncryptionZonesProtos$CreateEncryptionZoneRequestProtoOrBuilder
2024-11-12 13:43:07,394 INFO  EvoClassLoader - Keeping class: org.apache.hadoop.hdfs.protocol.proto.EncryptionZonesProtos$CreateEncryptionZoneRequestProto
2024-11-12 13:43:07,394 INFO  EvoClassLoader - Seeing class for first time: org.apache.hadoop.hdfs.protocol.proto.EncryptionZonesProtos$CreateEncryptionZoneResponseProto
2024-11-12 13:43:07,394 INFO  EvoClassLoader - Instrumenting class 'org.apache.hadoop.hdfs.protocol.proto.EncryptionZonesProtos$CreateEncryptionZoneResponseProto'.
2024-11-12 13:43:07,394 INFO  MethodCallReplacementClassAdapter - Adding mock interface to class org/apache/hadoop/hdfs/protocol/proto/EncryptionZonesProtos$CreateEncryptionZoneResponseProto
2024-11-12 13:43:07,394 INFO  CreateClassResetClassAdapter - Found static initializer in class org/apache/hadoop/hdfs/protocol/proto/EncryptionZonesProtos$CreateEncryptionZoneResponseProto
2024-11-12 13:43:07,394 INFO  EvoClassLoader - Seeing class for first time: org.apache.hadoop.hdfs.protocol.proto.EncryptionZonesProtos$CreateEncryptionZoneResponseProtoOrBuilder
2024-11-12 13:43:07,394 INFO  EvoClassLoader - Instrumenting class 'org.apache.hadoop.hdfs.protocol.proto.EncryptionZonesProtos$CreateEncryptionZoneResponseProtoOrBuilder'.
2024-11-12 13:43:07,394 INFO  EvoClassLoader - Keeping class: org.apache.hadoop.hdfs.protocol.proto.EncryptionZonesProtos$CreateEncryptionZoneResponseProtoOrBuilder
2024-11-12 13:43:07,394 INFO  EvoClassLoader - Keeping class: org.apache.hadoop.hdfs.protocol.proto.EncryptionZonesProtos$CreateEncryptionZoneResponseProto
2024-11-12 13:43:07,394 INFO  EvoClassLoader - Seeing class for first time: org.apache.hadoop.hdfs.protocol.proto.EncryptionZonesProtos$GetEZForPathRequestProto
2024-11-12 13:43:07,394 INFO  EvoClassLoader - Instrumenting class 'org.apache.hadoop.hdfs.protocol.proto.EncryptionZonesProtos$GetEZForPathRequestProto'.
2024-11-12 13:43:07,395 INFO  MethodCallReplacementClassAdapter - Adding mock interface to class org/apache/hadoop/hdfs/protocol/proto/EncryptionZonesProtos$GetEZForPathRequestProto
2024-11-12 13:43:07,395 INFO  CreateClassResetClassAdapter - Found static initializer in class org/apache/hadoop/hdfs/protocol/proto/EncryptionZonesProtos$GetEZForPathRequestProto
2024-11-12 13:43:07,395 INFO  EvoClassLoader - Seeing class for first time: org.apache.hadoop.hdfs.protocol.proto.EncryptionZonesProtos$GetEZForPathRequestProtoOrBuilder
2024-11-12 13:43:07,395 INFO  EvoClassLoader - Instrumenting class 'org.apache.hadoop.hdfs.protocol.proto.EncryptionZonesProtos$GetEZForPathRequestProtoOrBuilder'.
2024-11-12 13:43:07,395 INFO  EvoClassLoader - Keeping class: org.apache.hadoop.hdfs.protocol.proto.EncryptionZonesProtos$GetEZForPathRequestProtoOrBuilder
2024-11-12 13:43:07,395 INFO  EvoClassLoader - Keeping class: org.apache.hadoop.hdfs.protocol.proto.EncryptionZonesProtos$GetEZForPathRequestProto
2024-11-12 13:43:07,396 INFO  EvoClassLoader - Seeing class for first time: org.apache.hadoop.hdfs.protocol.proto.EncryptionZonesProtos$GetEZForPathResponseProto
2024-11-12 13:43:07,396 INFO  EvoClassLoader - Instrumenting class 'org.apache.hadoop.hdfs.protocol.proto.EncryptionZonesProtos$GetEZForPathResponseProto'.
2024-11-12 13:43:07,396 INFO  MethodCallReplacementClassAdapter - Adding mock interface to class org/apache/hadoop/hdfs/protocol/proto/EncryptionZonesProtos$GetEZForPathResponseProto
2024-11-12 13:43:07,396 INFO  CreateClassResetClassAdapter - Found static initializer in class org/apache/hadoop/hdfs/protocol/proto/EncryptionZonesProtos$GetEZForPathResponseProto
2024-11-12 13:43:07,396 INFO  EvoClassLoader - Seeing class for first time: org.apache.hadoop.hdfs.protocol.proto.EncryptionZonesProtos$GetEZForPathResponseProtoOrBuilder
2024-11-12 13:43:07,396 INFO  EvoClassLoader - Instrumenting class 'org.apache.hadoop.hdfs.protocol.proto.EncryptionZonesProtos$GetEZForPathResponseProtoOrBuilder'.
2024-11-12 13:43:07,397 INFO  EvoClassLoader - Keeping class: org.apache.hadoop.hdfs.protocol.proto.EncryptionZonesProtos$GetEZForPathResponseProtoOrBuilder
2024-11-12 13:43:07,397 INFO  EvoClassLoader - Keeping class: org.apache.hadoop.hdfs.protocol.proto.EncryptionZonesProtos$GetEZForPathResponseProto
2024-11-12 13:43:07,397 INFO  EvoClassLoader - Seeing class for first time: org.apache.hadoop.hdfs.protocol.proto.EncryptionZonesProtos$ListEncryptionZonesRequestProto
2024-11-12 13:43:07,397 INFO  EvoClassLoader - Instrumenting class 'org.apache.hadoop.hdfs.protocol.proto.EncryptionZonesProtos$ListEncryptionZonesRequestProto'.
2024-11-12 13:43:07,397 INFO  MethodCallReplacementClassAdapter - Adding mock interface to class org/apache/hadoop/hdfs/protocol/proto/EncryptionZonesProtos$ListEncryptionZonesRequestProto
2024-11-12 13:43:07,397 INFO  CreateClassResetClassAdapter - Found static initializer in class org/apache/hadoop/hdfs/protocol/proto/EncryptionZonesProtos$ListEncryptionZonesRequestProto
2024-11-12 13:43:07,398 INFO  EvoClassLoader - Seeing class for first time: org.apache.hadoop.hdfs.protocol.proto.EncryptionZonesProtos$ListEncryptionZonesRequestProtoOrBuilder
2024-11-12 13:43:07,398 INFO  EvoClassLoader - Instrumenting class 'org.apache.hadoop.hdfs.protocol.proto.EncryptionZonesProtos$ListEncryptionZonesRequestProtoOrBuilder'.
2024-11-12 13:43:07,398 INFO  EvoClassLoader - Keeping class: org.apache.hadoop.hdfs.protocol.proto.EncryptionZonesProtos$ListEncryptionZonesRequestProtoOrBuilder
2024-11-12 13:43:07,398 INFO  EvoClassLoader - Keeping class: org.apache.hadoop.hdfs.protocol.proto.EncryptionZonesProtos$ListEncryptionZonesRequestProto
2024-11-12 13:43:07,398 INFO  EvoClassLoader - Seeing class for first time: org.apache.hadoop.hdfs.protocol.proto.EncryptionZonesProtos$ListEncryptionZonesResponseProto
2024-11-12 13:43:07,398 INFO  EvoClassLoader - Instrumenting class 'org.apache.hadoop.hdfs.protocol.proto.EncryptionZonesProtos$ListEncryptionZonesResponseProto'.
2024-11-12 13:43:07,398 INFO  MethodCallReplacementClassAdapter - Adding mock interface to class org/apache/hadoop/hdfs/protocol/proto/EncryptionZonesProtos$ListEncryptionZonesResponseProto
2024-11-12 13:43:07,399 INFO  CreateClassResetClassAdapter - Found static initializer in class org/apache/hadoop/hdfs/protocol/proto/EncryptionZonesProtos$ListEncryptionZonesResponseProto
2024-11-12 13:43:07,400 INFO  EvoClassLoader - Seeing class for first time: org.apache.hadoop.hdfs.protocol.proto.EncryptionZonesProtos$ListEncryptionZonesResponseProtoOrBuilder
2024-11-12 13:43:07,400 INFO  EvoClassLoader - Instrumenting class 'org.apache.hadoop.hdfs.protocol.proto.EncryptionZonesProtos$ListEncryptionZonesResponseProtoOrBuilder'.
2024-11-12 13:43:07,400 INFO  EvoClassLoader - Keeping class: org.apache.hadoop.hdfs.protocol.proto.EncryptionZonesProtos$ListEncryptionZonesResponseProtoOrBuilder
2024-11-12 13:43:07,401 INFO  EvoClassLoader - Keeping class: org.apache.hadoop.hdfs.protocol.proto.EncryptionZonesProtos$ListEncryptionZonesResponseProto
2024-11-12 13:43:07,401 INFO  EvoClassLoader - Seeing class for first time: org.apache.hadoop.hdfs.protocol.proto.EncryptionZonesProtos$ReencryptEncryptionZoneRequestProto
2024-11-12 13:43:07,401 INFO  EvoClassLoader - Instrumenting class 'org.apache.hadoop.hdfs.protocol.proto.EncryptionZonesProtos$ReencryptEncryptionZoneRequestProto'.
2024-11-12 13:43:07,401 INFO  MethodCallReplacementClassAdapter - Adding mock interface to class org/apache/hadoop/hdfs/protocol/proto/EncryptionZonesProtos$ReencryptEncryptionZoneRequestProto
2024-11-12 13:43:07,401 INFO  CreateClassResetClassAdapter - Found static initializer in class org/apache/hadoop/hdfs/protocol/proto/EncryptionZonesProtos$ReencryptEncryptionZoneRequestProto
2024-11-12 13:43:07,402 INFO  EvoClassLoader - Seeing class for first time: org.apache.hadoop.hdfs.protocol.proto.EncryptionZonesProtos$ReencryptEncryptionZoneRequestProtoOrBuilder
2024-11-12 13:43:07,402 INFO  EvoClassLoader - Instrumenting class 'org.apache.hadoop.hdfs.protocol.proto.EncryptionZonesProtos$ReencryptEncryptionZoneRequestProtoOrBuilder'.
2024-11-12 13:43:07,403 INFO  EvoClassLoader - Keeping class: org.apache.hadoop.hdfs.protocol.proto.EncryptionZonesProtos$ReencryptEncryptionZoneRequestProtoOrBuilder
2024-11-12 13:43:07,403 INFO  EvoClassLoader - Keeping class: org.apache.hadoop.hdfs.protocol.proto.EncryptionZonesProtos$ReencryptEncryptionZoneRequestProto
2024-11-12 13:43:07,403 INFO  EvoClassLoader - Seeing class for first time: org.apache.hadoop.hdfs.protocol.proto.EncryptionZonesProtos$ReencryptEncryptionZoneResponseProto
2024-11-12 13:43:07,403 INFO  EvoClassLoader - Instrumenting class 'org.apache.hadoop.hdfs.protocol.proto.EncryptionZonesProtos$ReencryptEncryptionZoneResponseProto'.
2024-11-12 13:43:07,404 INFO  MethodCallReplacementClassAdapter - Adding mock interface to class org/apache/hadoop/hdfs/protocol/proto/EncryptionZonesProtos$ReencryptEncryptionZoneResponseProto
2024-11-12 13:43:07,404 INFO  CreateClassResetClassAdapter - Found static initializer in class org/apache/hadoop/hdfs/protocol/proto/EncryptionZonesProtos$ReencryptEncryptionZoneResponseProto
2024-11-12 13:43:07,404 INFO  EvoClassLoader - Seeing class for first time: org.apache.hadoop.hdfs.protocol.proto.EncryptionZonesProtos$ReencryptEncryptionZoneResponseProtoOrBuilder
2024-11-12 13:43:07,405 INFO  EvoClassLoader - Instrumenting class 'org.apache.hadoop.hdfs.protocol.proto.EncryptionZonesProtos$ReencryptEncryptionZoneResponseProtoOrBuilder'.
2024-11-12 13:43:07,405 INFO  EvoClassLoader - Keeping class: org.apache.hadoop.hdfs.protocol.proto.EncryptionZonesProtos$ReencryptEncryptionZoneResponseProtoOrBuilder
2024-11-12 13:43:07,405 INFO  EvoClassLoader - Keeping class: org.apache.hadoop.hdfs.protocol.proto.EncryptionZonesProtos$ReencryptEncryptionZoneResponseProto
2024-11-12 13:43:07,405 INFO  EvoClassLoader - Seeing class for first time: org.apache.hadoop.hdfs.protocol.proto.EncryptionZonesProtos$ListReencryptionStatusRequestProto
2024-11-12 13:43:07,405 INFO  EvoClassLoader - Instrumenting class 'org.apache.hadoop.hdfs.protocol.proto.EncryptionZonesProtos$ListReencryptionStatusRequestProto'.
2024-11-12 13:43:07,405 INFO  MethodCallReplacementClassAdapter - Adding mock interface to class org/apache/hadoop/hdfs/protocol/proto/EncryptionZonesProtos$ListReencryptionStatusRequestProto
2024-11-12 13:43:07,406 INFO  CreateClassResetClassAdapter - Found static initializer in class org/apache/hadoop/hdfs/protocol/proto/EncryptionZonesProtos$ListReencryptionStatusRequestProto
2024-11-12 13:43:07,406 INFO  EvoClassLoader - Seeing class for first time: org.apache.hadoop.hdfs.protocol.proto.EncryptionZonesProtos$ListReencryptionStatusRequestProtoOrBuilder
2024-11-12 13:43:07,406 INFO  EvoClassLoader - Instrumenting class 'org.apache.hadoop.hdfs.protocol.proto.EncryptionZonesProtos$ListReencryptionStatusRequestProtoOrBuilder'.
2024-11-12 13:43:07,407 INFO  EvoClassLoader - Keeping class: org.apache.hadoop.hdfs.protocol.proto.EncryptionZonesProtos$ListReencryptionStatusRequestProtoOrBuilder
2024-11-12 13:43:07,407 INFO  EvoClassLoader - Keeping class: org.apache.hadoop.hdfs.protocol.proto.EncryptionZonesProtos$ListReencryptionStatusRequestProto
2024-11-12 13:43:07,407 INFO  EvoClassLoader - Seeing class for first time: org.apache.hadoop.hdfs.protocol.proto.EncryptionZonesProtos$ListReencryptionStatusResponseProto
2024-11-12 13:43:07,407 INFO  EvoClassLoader - Instrumenting class 'org.apache.hadoop.hdfs.protocol.proto.EncryptionZonesProtos$ListReencryptionStatusResponseProto'.
2024-11-12 13:43:07,407 INFO  MethodCallReplacementClassAdapter - Adding mock interface to class org/apache/hadoop/hdfs/protocol/proto/EncryptionZonesProtos$ListReencryptionStatusResponseProto
2024-11-12 13:43:07,407 INFO  CreateClassResetClassAdapter - Found static initializer in class org/apache/hadoop/hdfs/protocol/proto/EncryptionZonesProtos$ListReencryptionStatusResponseProto
2024-11-12 13:43:07,408 INFO  EvoClassLoader - Seeing class for first time: org.apache.hadoop.hdfs.protocol.proto.EncryptionZonesProtos$ListReencryptionStatusResponseProtoOrBuilder
2024-11-12 13:43:07,408 INFO  EvoClassLoader - Instrumenting class 'org.apache.hadoop.hdfs.protocol.proto.EncryptionZonesProtos$ListReencryptionStatusResponseProtoOrBuilder'.
2024-11-12 13:43:07,408 INFO  EvoClassLoader - Keeping class: org.apache.hadoop.hdfs.protocol.proto.EncryptionZonesProtos$ListReencryptionStatusResponseProtoOrBuilder
2024-11-12 13:43:07,408 INFO  EvoClassLoader - Keeping class: org.apache.hadoop.hdfs.protocol.proto.EncryptionZonesProtos$ListReencryptionStatusResponseProto
2024-11-12 13:43:07,408 INFO  EvoClassLoader - Seeing class for first time: org.apache.hadoop.hdfs.protocol.proto.ErasureCodingProtos$SetErasureCodingPolicyRequestProto
2024-11-12 13:43:07,408 INFO  EvoClassLoader - Instrumenting class 'org.apache.hadoop.hdfs.protocol.proto.ErasureCodingProtos$SetErasureCodingPolicyRequestProto'.
2024-11-12 13:43:07,409 INFO  MethodCallReplacementClassAdapter - Adding mock interface to class org/apache/hadoop/hdfs/protocol/proto/ErasureCodingProtos$SetErasureCodingPolicyRequestProto
2024-11-12 13:43:07,409 INFO  CreateClassResetClassAdapter - Found static initializer in class org/apache/hadoop/hdfs/protocol/proto/ErasureCodingProtos$SetErasureCodingPolicyRequestProto
2024-11-12 13:43:07,409 INFO  EvoClassLoader - Seeing class for first time: org.apache.hadoop.hdfs.protocol.proto.ErasureCodingProtos$SetErasureCodingPolicyRequestProtoOrBuilder
2024-11-12 13:43:07,409 INFO  EvoClassLoader - Instrumenting class 'org.apache.hadoop.hdfs.protocol.proto.ErasureCodingProtos$SetErasureCodingPolicyRequestProtoOrBuilder'.
2024-11-12 13:43:07,410 INFO  EvoClassLoader - Keeping class: org.apache.hadoop.hdfs.protocol.proto.ErasureCodingProtos$SetErasureCodingPolicyRequestProtoOrBuilder
2024-11-12 13:43:07,410 INFO  EvoClassLoader - Keeping class: org.apache.hadoop.hdfs.protocol.proto.ErasureCodingProtos$SetErasureCodingPolicyRequestProto
2024-11-12 13:43:07,410 INFO  EvoClassLoader - Seeing class for first time: org.apache.hadoop.hdfs.protocol.proto.ErasureCodingProtos$SetErasureCodingPolicyResponseProto
2024-11-12 13:43:07,410 INFO  EvoClassLoader - Instrumenting class 'org.apache.hadoop.hdfs.protocol.proto.ErasureCodingProtos$SetErasureCodingPolicyResponseProto'.
2024-11-12 13:43:07,410 INFO  MethodCallReplacementClassAdapter - Adding mock interface to class org/apache/hadoop/hdfs/protocol/proto/ErasureCodingProtos$SetErasureCodingPolicyResponseProto
2024-11-12 13:43:07,410 INFO  CreateClassResetClassAdapter - Found static initializer in class org/apache/hadoop/hdfs/protocol/proto/ErasureCodingProtos$SetErasureCodingPolicyResponseProto
2024-11-12 13:43:07,411 INFO  EvoClassLoader - Seeing class for first time: org.apache.hadoop.hdfs.protocol.proto.ErasureCodingProtos$SetErasureCodingPolicyResponseProtoOrBuilder
2024-11-12 13:43:07,411 INFO  EvoClassLoader - Instrumenting class 'org.apache.hadoop.hdfs.protocol.proto.ErasureCodingProtos$SetErasureCodingPolicyResponseProtoOrBuilder'.
2024-11-12 13:43:07,411 INFO  EvoClassLoader - Keeping class: org.apache.hadoop.hdfs.protocol.proto.ErasureCodingProtos$SetErasureCodingPolicyResponseProtoOrBuilder
2024-11-12 13:43:07,411 INFO  EvoClassLoader - Keeping class: org.apache.hadoop.hdfs.protocol.proto.ErasureCodingProtos$SetErasureCodingPolicyResponseProto
2024-11-12 13:43:07,411 INFO  EvoClassLoader - Seeing class for first time: org.apache.hadoop.hdfs.protocol.proto.ErasureCodingProtos$GetErasureCodingPoliciesRequestProto
2024-11-12 13:43:07,411 INFO  EvoClassLoader - Instrumenting class 'org.apache.hadoop.hdfs.protocol.proto.ErasureCodingProtos$GetErasureCodingPoliciesRequestProto'.
2024-11-12 13:43:07,412 INFO  MethodCallReplacementClassAdapter - Adding mock interface to class org/apache/hadoop/hdfs/protocol/proto/ErasureCodingProtos$GetErasureCodingPoliciesRequestProto
2024-11-12 13:43:07,412 INFO  CreateClassResetClassAdapter - Found static initializer in class org/apache/hadoop/hdfs/protocol/proto/ErasureCodingProtos$GetErasureCodingPoliciesRequestProto
2024-11-12 13:43:07,413 INFO  EvoClassLoader - Seeing class for first time: org.apache.hadoop.hdfs.protocol.proto.ErasureCodingProtos$GetErasureCodingPoliciesRequestProtoOrBuilder
2024-11-12 13:43:07,413 INFO  EvoClassLoader - Instrumenting class 'org.apache.hadoop.hdfs.protocol.proto.ErasureCodingProtos$GetErasureCodingPoliciesRequestProtoOrBuilder'.
2024-11-12 13:43:07,413 INFO  EvoClassLoader - Keeping class: org.apache.hadoop.hdfs.protocol.proto.ErasureCodingProtos$GetErasureCodingPoliciesRequestProtoOrBuilder
2024-11-12 13:43:07,413 INFO  EvoClassLoader - Keeping class: org.apache.hadoop.hdfs.protocol.proto.ErasureCodingProtos$GetErasureCodingPoliciesRequestProto
2024-11-12 13:43:07,413 INFO  EvoClassLoader - Seeing class for first time: org.apache.hadoop.hdfs.protocol.proto.ErasureCodingProtos$GetErasureCodingPoliciesResponseProto
2024-11-12 13:43:07,413 INFO  EvoClassLoader - Instrumenting class 'org.apache.hadoop.hdfs.protocol.proto.ErasureCodingProtos$GetErasureCodingPoliciesResponseProto'.
2024-11-12 13:43:07,414 INFO  MethodCallReplacementClassAdapter - Adding mock interface to class org/apache/hadoop/hdfs/protocol/proto/ErasureCodingProtos$GetErasureCodingPoliciesResponseProto
2024-11-12 13:43:07,414 INFO  CreateClassResetClassAdapter - Found static initializer in class org/apache/hadoop/hdfs/protocol/proto/ErasureCodingProtos$GetErasureCodingPoliciesResponseProto
2024-11-12 13:43:07,414 INFO  EvoClassLoader - Seeing class for first time: org.apache.hadoop.hdfs.protocol.proto.ErasureCodingProtos$GetErasureCodingPoliciesResponseProtoOrBuilder
2024-11-12 13:43:07,414 INFO  EvoClassLoader - Instrumenting class 'org.apache.hadoop.hdfs.protocol.proto.ErasureCodingProtos$GetErasureCodingPoliciesResponseProtoOrBuilder'.
2024-11-12 13:43:07,415 INFO  EvoClassLoader - Keeping class: org.apache.hadoop.hdfs.protocol.proto.ErasureCodingProtos$GetErasureCodingPoliciesResponseProtoOrBuilder
2024-11-12 13:43:07,415 INFO  EvoClassLoader - Keeping class: org.apache.hadoop.hdfs.protocol.proto.ErasureCodingProtos$GetErasureCodingPoliciesResponseProto
2024-11-12 13:43:07,415 INFO  EvoClassLoader - Seeing class for first time: org.apache.hadoop.hdfs.protocol.proto.ErasureCodingProtos$GetErasureCodingCodecsRequestProto
2024-11-12 13:43:07,415 INFO  EvoClassLoader - Instrumenting class 'org.apache.hadoop.hdfs.protocol.proto.ErasureCodingProtos$GetErasureCodingCodecsRequestProto'.
2024-11-12 13:43:07,415 INFO  MethodCallReplacementClassAdapter - Adding mock interface to class org/apache/hadoop/hdfs/protocol/proto/ErasureCodingProtos$GetErasureCodingCodecsRequestProto
2024-11-12 13:43:07,415 INFO  CreateClassResetClassAdapter - Found static initializer in class org/apache/hadoop/hdfs/protocol/proto/ErasureCodingProtos$GetErasureCodingCodecsRequestProto
2024-11-12 13:43:07,416 INFO  EvoClassLoader - Seeing class for first time: org.apache.hadoop.hdfs.protocol.proto.ErasureCodingProtos$GetErasureCodingCodecsRequestProtoOrBuilder
2024-11-12 13:43:07,416 INFO  EvoClassLoader - Instrumenting class 'org.apache.hadoop.hdfs.protocol.proto.ErasureCodingProtos$GetErasureCodingCodecsRequestProtoOrBuilder'.
2024-11-12 13:43:07,416 INFO  EvoClassLoader - Keeping class: org.apache.hadoop.hdfs.protocol.proto.ErasureCodingProtos$GetErasureCodingCodecsRequestProtoOrBuilder
2024-11-12 13:43:07,416 INFO  EvoClassLoader - Keeping class: org.apache.hadoop.hdfs.protocol.proto.ErasureCodingProtos$GetErasureCodingCodecsRequestProto
2024-11-12 13:43:07,416 INFO  EvoClassLoader - Seeing class for first time: org.apache.hadoop.hdfs.protocol.proto.ErasureCodingProtos$GetErasureCodingCodecsResponseProto
2024-11-12 13:43:07,416 INFO  EvoClassLoader - Instrumenting class 'org.apache.hadoop.hdfs.protocol.proto.ErasureCodingProtos$GetErasureCodingCodecsResponseProto'.
2024-11-12 13:43:07,416 INFO  MethodCallReplacementClassAdapter - Adding mock interface to class org/apache/hadoop/hdfs/protocol/proto/ErasureCodingProtos$GetErasureCodingCodecsResponseProto
2024-11-12 13:43:07,416 INFO  CreateClassResetClassAdapter - Found static initializer in class org/apache/hadoop/hdfs/protocol/proto/ErasureCodingProtos$GetErasureCodingCodecsResponseProto
2024-11-12 13:43:07,417 INFO  EvoClassLoader - Seeing class for first time: org.apache.hadoop.hdfs.protocol.proto.ErasureCodingProtos$GetErasureCodingCodecsResponseProtoOrBuilder
2024-11-12 13:43:07,417 INFO  EvoClassLoader - Instrumenting class 'org.apache.hadoop.hdfs.protocol.proto.ErasureCodingProtos$GetErasureCodingCodecsResponseProtoOrBuilder'.
2024-11-12 13:43:07,417 INFO  EvoClassLoader - Keeping class: org.apache.hadoop.hdfs.protocol.proto.ErasureCodingProtos$GetErasureCodingCodecsResponseProtoOrBuilder
2024-11-12 13:43:07,417 INFO  EvoClassLoader - Keeping class: org.apache.hadoop.hdfs.protocol.proto.ErasureCodingProtos$GetErasureCodingCodecsResponseProto
2024-11-12 13:43:07,417 INFO  EvoClassLoader - Seeing class for first time: org.apache.hadoop.hdfs.protocol.proto.ErasureCodingProtos$AddErasureCodingPoliciesRequestProto
2024-11-12 13:43:07,417 INFO  EvoClassLoader - Instrumenting class 'org.apache.hadoop.hdfs.protocol.proto.ErasureCodingProtos$AddErasureCodingPoliciesRequestProto'.
2024-11-12 13:43:07,418 INFO  MethodCallReplacementClassAdapter - Adding mock interface to class org/apache/hadoop/hdfs/protocol/proto/ErasureCodingProtos$AddErasureCodingPoliciesRequestProto
2024-11-12 13:43:07,418 INFO  CreateClassResetClassAdapter - Found static initializer in class org/apache/hadoop/hdfs/protocol/proto/ErasureCodingProtos$AddErasureCodingPoliciesRequestProto
2024-11-12 13:43:07,418 INFO  EvoClassLoader - Seeing class for first time: org.apache.hadoop.hdfs.protocol.proto.ErasureCodingProtos$AddErasureCodingPoliciesRequestProtoOrBuilder
2024-11-12 13:43:07,418 INFO  EvoClassLoader - Instrumenting class 'org.apache.hadoop.hdfs.protocol.proto.ErasureCodingProtos$AddErasureCodingPoliciesRequestProtoOrBuilder'.
2024-11-12 13:43:07,418 INFO  EvoClassLoader - Keeping class: org.apache.hadoop.hdfs.protocol.proto.ErasureCodingProtos$AddErasureCodingPoliciesRequestProtoOrBuilder
2024-11-12 13:43:07,418 INFO  EvoClassLoader - Keeping class: org.apache.hadoop.hdfs.protocol.proto.ErasureCodingProtos$AddErasureCodingPoliciesRequestProto
2024-11-12 13:43:07,418 INFO  EvoClassLoader - Seeing class for first time: org.apache.hadoop.hdfs.protocol.proto.ErasureCodingProtos$AddErasureCodingPoliciesResponseProto
2024-11-12 13:43:07,418 INFO  EvoClassLoader - Instrumenting class 'org.apache.hadoop.hdfs.protocol.proto.ErasureCodingProtos$AddErasureCodingPoliciesResponseProto'.
2024-11-12 13:43:07,419 INFO  MethodCallReplacementClassAdapter - Adding mock interface to class org/apache/hadoop/hdfs/protocol/proto/ErasureCodingProtos$AddErasureCodingPoliciesResponseProto
2024-11-12 13:43:07,419 INFO  CreateClassResetClassAdapter - Found static initializer in class org/apache/hadoop/hdfs/protocol/proto/ErasureCodingProtos$AddErasureCodingPoliciesResponseProto
2024-11-12 13:43:07,419 INFO  EvoClassLoader - Seeing class for first time: org.apache.hadoop.hdfs.protocol.proto.ErasureCodingProtos$AddErasureCodingPoliciesResponseProtoOrBuilder
2024-11-12 13:43:07,419 INFO  EvoClassLoader - Instrumenting class 'org.apache.hadoop.hdfs.protocol.proto.ErasureCodingProtos$AddErasureCodingPoliciesResponseProtoOrBuilder'.
2024-11-12 13:43:07,420 INFO  EvoClassLoader - Keeping class: org.apache.hadoop.hdfs.protocol.proto.ErasureCodingProtos$AddErasureCodingPoliciesResponseProtoOrBuilder
2024-11-12 13:43:07,420 INFO  EvoClassLoader - Keeping class: org.apache.hadoop.hdfs.protocol.proto.ErasureCodingProtos$AddErasureCodingPoliciesResponseProto
2024-11-12 13:43:07,420 INFO  EvoClassLoader - Seeing class for first time: org.apache.hadoop.hdfs.protocol.proto.ErasureCodingProtos$RemoveErasureCodingPolicyRequestProto
2024-11-12 13:43:07,420 INFO  EvoClassLoader - Instrumenting class 'org.apache.hadoop.hdfs.protocol.proto.ErasureCodingProtos$RemoveErasureCodingPolicyRequestProto'.
2024-11-12 13:43:07,420 INFO  MethodCallReplacementClassAdapter - Adding mock interface to class org/apache/hadoop/hdfs/protocol/proto/ErasureCodingProtos$RemoveErasureCodingPolicyRequestProto
2024-11-12 13:43:07,421 INFO  CreateClassResetClassAdapter - Found static initializer in class org/apache/hadoop/hdfs/protocol/proto/ErasureCodingProtos$RemoveErasureCodingPolicyRequestProto
2024-11-12 13:43:07,421 INFO  EvoClassLoader - Seeing class for first time: org.apache.hadoop.hdfs.protocol.proto.ErasureCodingProtos$RemoveErasureCodingPolicyRequestProtoOrBuilder
2024-11-12 13:43:07,421 INFO  EvoClassLoader - Instrumenting class 'org.apache.hadoop.hdfs.protocol.proto.ErasureCodingProtos$RemoveErasureCodingPolicyRequestProtoOrBuilder'.
2024-11-12 13:43:07,421 INFO  EvoClassLoader - Keeping class: org.apache.hadoop.hdfs.protocol.proto.ErasureCodingProtos$RemoveErasureCodingPolicyRequestProtoOrBuilder
2024-11-12 13:43:07,422 INFO  EvoClassLoader - Keeping class: org.apache.hadoop.hdfs.protocol.proto.ErasureCodingProtos$RemoveErasureCodingPolicyRequestProto
2024-11-12 13:43:07,422 INFO  EvoClassLoader - Seeing class for first time: org.apache.hadoop.hdfs.protocol.proto.ErasureCodingProtos$RemoveErasureCodingPolicyResponseProto
2024-11-12 13:43:07,422 INFO  EvoClassLoader - Instrumenting class 'org.apache.hadoop.hdfs.protocol.proto.ErasureCodingProtos$RemoveErasureCodingPolicyResponseProto'.
2024-11-12 13:43:07,422 INFO  MethodCallReplacementClassAdapter - Adding mock interface to class org/apache/hadoop/hdfs/protocol/proto/ErasureCodingProtos$RemoveErasureCodingPolicyResponseProto
2024-11-12 13:43:07,423 INFO  CreateClassResetClassAdapter - Found static initializer in class org/apache/hadoop/hdfs/protocol/proto/ErasureCodingProtos$RemoveErasureCodingPolicyResponseProto
2024-11-12 13:43:07,423 INFO  EvoClassLoader - Seeing class for first time: org.apache.hadoop.hdfs.protocol.proto.ErasureCodingProtos$RemoveErasureCodingPolicyResponseProtoOrBuilder
2024-11-12 13:43:07,423 INFO  EvoClassLoader - Instrumenting class 'org.apache.hadoop.hdfs.protocol.proto.ErasureCodingProtos$RemoveErasureCodingPolicyResponseProtoOrBuilder'.
2024-11-12 13:43:07,423 INFO  EvoClassLoader - Keeping class: org.apache.hadoop.hdfs.protocol.proto.ErasureCodingProtos$RemoveErasureCodingPolicyResponseProtoOrBuilder
2024-11-12 13:43:07,423 INFO  EvoClassLoader - Keeping class: org.apache.hadoop.hdfs.protocol.proto.ErasureCodingProtos$RemoveErasureCodingPolicyResponseProto
2024-11-12 13:43:07,423 INFO  EvoClassLoader - Seeing class for first time: org.apache.hadoop.hdfs.protocol.proto.ErasureCodingProtos$EnableErasureCodingPolicyRequestProto
2024-11-12 13:43:07,423 INFO  EvoClassLoader - Instrumenting class 'org.apache.hadoop.hdfs.protocol.proto.ErasureCodingProtos$EnableErasureCodingPolicyRequestProto'.
2024-11-12 13:43:07,424 INFO  MethodCallReplacementClassAdapter - Adding mock interface to class org/apache/hadoop/hdfs/protocol/proto/ErasureCodingProtos$EnableErasureCodingPolicyRequestProto
2024-11-12 13:43:07,424 INFO  CreateClassResetClassAdapter - Found static initializer in class org/apache/hadoop/hdfs/protocol/proto/ErasureCodingProtos$EnableErasureCodingPolicyRequestProto
2024-11-12 13:43:07,425 INFO  EvoClassLoader - Seeing class for first time: org.apache.hadoop.hdfs.protocol.proto.ErasureCodingProtos$EnableErasureCodingPolicyRequestProtoOrBuilder
2024-11-12 13:43:07,425 INFO  EvoClassLoader - Instrumenting class 'org.apache.hadoop.hdfs.protocol.proto.ErasureCodingProtos$EnableErasureCodingPolicyRequestProtoOrBuilder'.
2024-11-12 13:43:07,425 INFO  EvoClassLoader - Keeping class: org.apache.hadoop.hdfs.protocol.proto.ErasureCodingProtos$EnableErasureCodingPolicyRequestProtoOrBuilder
2024-11-12 13:43:07,425 INFO  EvoClassLoader - Keeping class: org.apache.hadoop.hdfs.protocol.proto.ErasureCodingProtos$EnableErasureCodingPolicyRequestProto
2024-11-12 13:43:07,425 INFO  EvoClassLoader - Seeing class for first time: org.apache.hadoop.hdfs.protocol.proto.ErasureCodingProtos$EnableErasureCodingPolicyResponseProto
2024-11-12 13:43:07,425 INFO  EvoClassLoader - Instrumenting class 'org.apache.hadoop.hdfs.protocol.proto.ErasureCodingProtos$EnableErasureCodingPolicyResponseProto'.
2024-11-12 13:43:07,426 INFO  MethodCallReplacementClassAdapter - Adding mock interface to class org/apache/hadoop/hdfs/protocol/proto/ErasureCodingProtos$EnableErasureCodingPolicyResponseProto
2024-11-12 13:43:07,426 INFO  CreateClassResetClassAdapter - Found static initializer in class org/apache/hadoop/hdfs/protocol/proto/ErasureCodingProtos$EnableErasureCodingPolicyResponseProto
2024-11-12 13:43:07,427 INFO  EvoClassLoader - Seeing class for first time: org.apache.hadoop.hdfs.protocol.proto.ErasureCodingProtos$EnableErasureCodingPolicyResponseProtoOrBuilder
2024-11-12 13:43:07,427 INFO  EvoClassLoader - Instrumenting class 'org.apache.hadoop.hdfs.protocol.proto.ErasureCodingProtos$EnableErasureCodingPolicyResponseProtoOrBuilder'.
2024-11-12 13:43:07,427 INFO  EvoClassLoader - Keeping class: org.apache.hadoop.hdfs.protocol.proto.ErasureCodingProtos$EnableErasureCodingPolicyResponseProtoOrBuilder
2024-11-12 13:43:07,427 INFO  EvoClassLoader - Keeping class: org.apache.hadoop.hdfs.protocol.proto.ErasureCodingProtos$EnableErasureCodingPolicyResponseProto
2024-11-12 13:43:07,427 INFO  EvoClassLoader - Seeing class for first time: org.apache.hadoop.hdfs.protocol.proto.ErasureCodingProtos$DisableErasureCodingPolicyRequestProto
2024-11-12 13:43:07,427 INFO  EvoClassLoader - Instrumenting class 'org.apache.hadoop.hdfs.protocol.proto.ErasureCodingProtos$DisableErasureCodingPolicyRequestProto'.
2024-11-12 13:43:07,427 INFO  MethodCallReplacementClassAdapter - Adding mock interface to class org/apache/hadoop/hdfs/protocol/proto/ErasureCodingProtos$DisableErasureCodingPolicyRequestProto
2024-11-12 13:43:07,428 INFO  CreateClassResetClassAdapter - Found static initializer in class org/apache/hadoop/hdfs/protocol/proto/ErasureCodingProtos$DisableErasureCodingPolicyRequestProto
2024-11-12 13:43:07,429 INFO  EvoClassLoader - Seeing class for first time: org.apache.hadoop.hdfs.protocol.proto.ErasureCodingProtos$DisableErasureCodingPolicyRequestProtoOrBuilder
2024-11-12 13:43:07,429 INFO  EvoClassLoader - Instrumenting class 'org.apache.hadoop.hdfs.protocol.proto.ErasureCodingProtos$DisableErasureCodingPolicyRequestProtoOrBuilder'.
2024-11-12 13:43:07,429 INFO  EvoClassLoader - Keeping class: org.apache.hadoop.hdfs.protocol.proto.ErasureCodingProtos$DisableErasureCodingPolicyRequestProtoOrBuilder
2024-11-12 13:43:07,429 INFO  EvoClassLoader - Keeping class: org.apache.hadoop.hdfs.protocol.proto.ErasureCodingProtos$DisableErasureCodingPolicyRequestProto
2024-11-12 13:43:07,429 INFO  EvoClassLoader - Seeing class for first time: org.apache.hadoop.hdfs.protocol.proto.ErasureCodingProtos$DisableErasureCodingPolicyResponseProto
2024-11-12 13:43:07,429 INFO  EvoClassLoader - Instrumenting class 'org.apache.hadoop.hdfs.protocol.proto.ErasureCodingProtos$DisableErasureCodingPolicyResponseProto'.
2024-11-12 13:43:07,430 INFO  MethodCallReplacementClassAdapter - Adding mock interface to class org/apache/hadoop/hdfs/protocol/proto/ErasureCodingProtos$DisableErasureCodingPolicyResponseProto
2024-11-12 13:43:07,430 INFO  CreateClassResetClassAdapter - Found static initializer in class org/apache/hadoop/hdfs/protocol/proto/ErasureCodingProtos$DisableErasureCodingPolicyResponseProto
2024-11-12 13:43:07,431 INFO  EvoClassLoader - Seeing class for first time: org.apache.hadoop.hdfs.protocol.proto.ErasureCodingProtos$DisableErasureCodingPolicyResponseProtoOrBuilder
2024-11-12 13:43:07,431 INFO  EvoClassLoader - Instrumenting class 'org.apache.hadoop.hdfs.protocol.proto.ErasureCodingProtos$DisableErasureCodingPolicyResponseProtoOrBuilder'.
2024-11-12 13:43:07,431 INFO  EvoClassLoader - Keeping class: org.apache.hadoop.hdfs.protocol.proto.ErasureCodingProtos$DisableErasureCodingPolicyResponseProtoOrBuilder
2024-11-12 13:43:07,431 INFO  EvoClassLoader - Keeping class: org.apache.hadoop.hdfs.protocol.proto.ErasureCodingProtos$DisableErasureCodingPolicyResponseProto
2024-11-12 13:43:07,431 INFO  EvoClassLoader - Seeing class for first time: org.apache.hadoop.hdfs.protocol.proto.ErasureCodingProtos$UnsetErasureCodingPolicyRequestProto
2024-11-12 13:43:07,431 INFO  EvoClassLoader - Instrumenting class 'org.apache.hadoop.hdfs.protocol.proto.ErasureCodingProtos$UnsetErasureCodingPolicyRequestProto'.
2024-11-12 13:43:07,432 INFO  MethodCallReplacementClassAdapter - Adding mock interface to class org/apache/hadoop/hdfs/protocol/proto/ErasureCodingProtos$UnsetErasureCodingPolicyRequestProto
2024-11-12 13:43:07,432 INFO  CreateClassResetClassAdapter - Found static initializer in class org/apache/hadoop/hdfs/protocol/proto/ErasureCodingProtos$UnsetErasureCodingPolicyRequestProto
2024-11-12 13:43:07,433 INFO  EvoClassLoader - Seeing class for first time: org.apache.hadoop.hdfs.protocol.proto.ErasureCodingProtos$UnsetErasureCodingPolicyRequestProtoOrBuilder
2024-11-12 13:43:07,433 INFO  EvoClassLoader - Instrumenting class 'org.apache.hadoop.hdfs.protocol.proto.ErasureCodingProtos$UnsetErasureCodingPolicyRequestProtoOrBuilder'.
2024-11-12 13:43:07,433 INFO  EvoClassLoader - Keeping class: org.apache.hadoop.hdfs.protocol.proto.ErasureCodingProtos$UnsetErasureCodingPolicyRequestProtoOrBuilder
2024-11-12 13:43:07,434 INFO  EvoClassLoader - Keeping class: org.apache.hadoop.hdfs.protocol.proto.ErasureCodingProtos$UnsetErasureCodingPolicyRequestProto
2024-11-12 13:43:07,434 INFO  EvoClassLoader - Seeing class for first time: org.apache.hadoop.hdfs.protocol.proto.ErasureCodingProtos$UnsetErasureCodingPolicyResponseProto
2024-11-12 13:43:07,434 INFO  EvoClassLoader - Instrumenting class 'org.apache.hadoop.hdfs.protocol.proto.ErasureCodingProtos$UnsetErasureCodingPolicyResponseProto'.
2024-11-12 13:43:07,434 INFO  MethodCallReplacementClassAdapter - Adding mock interface to class org/apache/hadoop/hdfs/protocol/proto/ErasureCodingProtos$UnsetErasureCodingPolicyResponseProto
2024-11-12 13:43:07,435 INFO  CreateClassResetClassAdapter - Found static initializer in class org/apache/hadoop/hdfs/protocol/proto/ErasureCodingProtos$UnsetErasureCodingPolicyResponseProto
2024-11-12 13:43:07,435 INFO  EvoClassLoader - Seeing class for first time: org.apache.hadoop.hdfs.protocol.proto.ErasureCodingProtos$UnsetErasureCodingPolicyResponseProtoOrBuilder
2024-11-12 13:43:07,435 INFO  EvoClassLoader - Instrumenting class 'org.apache.hadoop.hdfs.protocol.proto.ErasureCodingProtos$UnsetErasureCodingPolicyResponseProtoOrBuilder'.
2024-11-12 13:43:07,436 INFO  EvoClassLoader - Keeping class: org.apache.hadoop.hdfs.protocol.proto.ErasureCodingProtos$UnsetErasureCodingPolicyResponseProtoOrBuilder
2024-11-12 13:43:07,436 INFO  EvoClassLoader - Keeping class: org.apache.hadoop.hdfs.protocol.proto.ErasureCodingProtos$UnsetErasureCodingPolicyResponseProto
2024-11-12 13:43:07,436 INFO  EvoClassLoader - Seeing class for first time: org.apache.hadoop.hdfs.protocol.proto.ErasureCodingProtos$GetECTopologyResultForPoliciesRequestProto
2024-11-12 13:43:07,436 INFO  EvoClassLoader - Instrumenting class 'org.apache.hadoop.hdfs.protocol.proto.ErasureCodingProtos$GetECTopologyResultForPoliciesRequestProto'.
2024-11-12 13:43:07,436 INFO  MethodCallReplacementClassAdapter - Adding mock interface to class org/apache/hadoop/hdfs/protocol/proto/ErasureCodingProtos$GetECTopologyResultForPoliciesRequestProto
2024-11-12 13:43:07,436 INFO  CreateClassResetClassAdapter - Found static initializer in class org/apache/hadoop/hdfs/protocol/proto/ErasureCodingProtos$GetECTopologyResultForPoliciesRequestProto
2024-11-12 13:43:07,437 INFO  EvoClassLoader - Seeing class for first time: org.apache.hadoop.hdfs.protocol.proto.ErasureCodingProtos$GetECTopologyResultForPoliciesRequestProtoOrBuilder
2024-11-12 13:43:07,437 INFO  EvoClassLoader - Instrumenting class 'org.apache.hadoop.hdfs.protocol.proto.ErasureCodingProtos$GetECTopologyResultForPoliciesRequestProtoOrBuilder'.
2024-11-12 13:43:07,437 INFO  EvoClassLoader - Keeping class: org.apache.hadoop.hdfs.protocol.proto.ErasureCodingProtos$GetECTopologyResultForPoliciesRequestProtoOrBuilder
2024-11-12 13:43:07,437 INFO  EvoClassLoader - Keeping class: org.apache.hadoop.hdfs.protocol.proto.ErasureCodingProtos$GetECTopologyResultForPoliciesRequestProto
2024-11-12 13:43:07,437 INFO  EvoClassLoader - Seeing class for first time: org.apache.hadoop.hdfs.protocol.proto.ErasureCodingProtos$GetECTopologyResultForPoliciesResponseProto
2024-11-12 13:43:07,437 INFO  EvoClassLoader - Instrumenting class 'org.apache.hadoop.hdfs.protocol.proto.ErasureCodingProtos$GetECTopologyResultForPoliciesResponseProto'.
2024-11-12 13:43:07,437 INFO  MethodCallReplacementClassAdapter - Adding mock interface to class org/apache/hadoop/hdfs/protocol/proto/ErasureCodingProtos$GetECTopologyResultForPoliciesResponseProto
2024-11-12 13:43:07,438 INFO  CreateClassResetClassAdapter - Found static initializer in class org/apache/hadoop/hdfs/protocol/proto/ErasureCodingProtos$GetECTopologyResultForPoliciesResponseProto
2024-11-12 13:43:07,438 INFO  EvoClassLoader - Seeing class for first time: org.apache.hadoop.hdfs.protocol.proto.ErasureCodingProtos$GetECTopologyResultForPoliciesResponseProtoOrBuilder
2024-11-12 13:43:07,438 INFO  EvoClassLoader - Instrumenting class 'org.apache.hadoop.hdfs.protocol.proto.ErasureCodingProtos$GetECTopologyResultForPoliciesResponseProtoOrBuilder'.
2024-11-12 13:43:07,438 INFO  EvoClassLoader - Keeping class: org.apache.hadoop.hdfs.protocol.proto.ErasureCodingProtos$GetECTopologyResultForPoliciesResponseProtoOrBuilder
2024-11-12 13:43:07,438 INFO  EvoClassLoader - Keeping class: org.apache.hadoop.hdfs.protocol.proto.ErasureCodingProtos$GetECTopologyResultForPoliciesResponseProto
2024-11-12 13:43:07,438 INFO  EvoClassLoader - Seeing class for first time: org.apache.hadoop.hdfs.protocol.proto.ClientNamenodeProtocolProtos$GetBlockLocationsRequestProto
2024-11-12 13:43:07,438 INFO  EvoClassLoader - Instrumenting class 'org.apache.hadoop.hdfs.protocol.proto.ClientNamenodeProtocolProtos$GetBlockLocationsRequestProto'.
2024-11-12 13:43:07,439 INFO  MethodCallReplacementClassAdapter - Adding mock interface to class org/apache/hadoop/hdfs/protocol/proto/ClientNamenodeProtocolProtos$GetBlockLocationsRequestProto
2024-11-12 13:43:07,439 INFO  CreateClassResetClassAdapter - Found static initializer in class org/apache/hadoop/hdfs/protocol/proto/ClientNamenodeProtocolProtos$GetBlockLocationsRequestProto
2024-11-12 13:43:07,440 INFO  EvoClassLoader - Seeing class for first time: org.apache.hadoop.hdfs.protocol.proto.ClientNamenodeProtocolProtos$GetBlockLocationsRequestProtoOrBuilder
2024-11-12 13:43:07,440 INFO  EvoClassLoader - Instrumenting class 'org.apache.hadoop.hdfs.protocol.proto.ClientNamenodeProtocolProtos$GetBlockLocationsRequestProtoOrBuilder'.
2024-11-12 13:43:07,440 INFO  EvoClassLoader - Keeping class: org.apache.hadoop.hdfs.protocol.proto.ClientNamenodeProtocolProtos$GetBlockLocationsRequestProtoOrBuilder
2024-11-12 13:43:07,441 INFO  EvoClassLoader - Keeping class: org.apache.hadoop.hdfs.protocol.proto.ClientNamenodeProtocolProtos$GetBlockLocationsRequestProto
2024-11-12 13:43:07,441 INFO  EvoClassLoader - Seeing class for first time: org.apache.hadoop.hdfs.protocol.proto.ClientNamenodeProtocolProtos$GetBlockLocationsResponseProto
2024-11-12 13:43:07,441 INFO  EvoClassLoader - Instrumenting class 'org.apache.hadoop.hdfs.protocol.proto.ClientNamenodeProtocolProtos$GetBlockLocationsResponseProto'.
2024-11-12 13:43:07,441 INFO  MethodCallReplacementClassAdapter - Adding mock interface to class org/apache/hadoop/hdfs/protocol/proto/ClientNamenodeProtocolProtos$GetBlockLocationsResponseProto
2024-11-12 13:43:07,441 INFO  CreateClassResetClassAdapter - Found static initializer in class org/apache/hadoop/hdfs/protocol/proto/ClientNamenodeProtocolProtos$GetBlockLocationsResponseProto
2024-11-12 13:43:07,442 INFO  EvoClassLoader - Seeing class for first time: org.apache.hadoop.hdfs.protocol.proto.ClientNamenodeProtocolProtos$GetBlockLocationsResponseProtoOrBuilder
2024-11-12 13:43:07,442 INFO  EvoClassLoader - Instrumenting class 'org.apache.hadoop.hdfs.protocol.proto.ClientNamenodeProtocolProtos$GetBlockLocationsResponseProtoOrBuilder'.
2024-11-12 13:43:07,442 INFO  EvoClassLoader - Keeping class: org.apache.hadoop.hdfs.protocol.proto.ClientNamenodeProtocolProtos$GetBlockLocationsResponseProtoOrBuilder
2024-11-12 13:43:07,442 INFO  EvoClassLoader - Keeping class: org.apache.hadoop.hdfs.protocol.proto.ClientNamenodeProtocolProtos$GetBlockLocationsResponseProto
2024-11-12 13:43:07,442 INFO  EvoClassLoader - Seeing class for first time: org.apache.hadoop.security.proto.SecurityProtos$RenewDelegationTokenRequestProto
2024-11-12 13:43:07,442 INFO  EvoClassLoader - Instrumenting class 'org.apache.hadoop.security.proto.SecurityProtos$RenewDelegationTokenRequestProto'.
2024-11-12 13:43:07,443 INFO  MethodCallReplacementClassAdapter - Adding mock interface to class org/apache/hadoop/security/proto/SecurityProtos$RenewDelegationTokenRequestProto
2024-11-12 13:43:07,443 INFO  CreateClassResetClassAdapter - Found static initializer in class org/apache/hadoop/security/proto/SecurityProtos$RenewDelegationTokenRequestProto
2024-11-12 13:43:07,444 INFO  EvoClassLoader - Seeing class for first time: org.apache.hadoop.security.proto.SecurityProtos$RenewDelegationTokenRequestProtoOrBuilder
2024-11-12 13:43:07,444 INFO  EvoClassLoader - Instrumenting class 'org.apache.hadoop.security.proto.SecurityProtos$RenewDelegationTokenRequestProtoOrBuilder'.
2024-11-12 13:43:07,444 INFO  EvoClassLoader - Keeping class: org.apache.hadoop.security.proto.SecurityProtos$RenewDelegationTokenRequestProtoOrBuilder
2024-11-12 13:43:07,444 INFO  EvoClassLoader - Keeping class: org.apache.hadoop.security.proto.SecurityProtos$RenewDelegationTokenRequestProto
2024-11-12 13:43:07,444 INFO  EvoClassLoader - Seeing class for first time: org.apache.hadoop.security.proto.SecurityProtos$RenewDelegationTokenResponseProto
2024-11-12 13:43:07,444 INFO  EvoClassLoader - Instrumenting class 'org.apache.hadoop.security.proto.SecurityProtos$RenewDelegationTokenResponseProto'.
2024-11-12 13:43:07,445 INFO  MethodCallReplacementClassAdapter - Adding mock interface to class org/apache/hadoop/security/proto/SecurityProtos$RenewDelegationTokenResponseProto
2024-11-12 13:43:07,446 INFO  CreateClassResetClassAdapter - Found static initializer in class org/apache/hadoop/security/proto/SecurityProtos$RenewDelegationTokenResponseProto
2024-11-12 13:43:07,446 INFO  EvoClassLoader - Seeing class for first time: org.apache.hadoop.security.proto.SecurityProtos$RenewDelegationTokenResponseProtoOrBuilder
2024-11-12 13:43:07,446 INFO  EvoClassLoader - Instrumenting class 'org.apache.hadoop.security.proto.SecurityProtos$RenewDelegationTokenResponseProtoOrBuilder'.
2024-11-12 13:43:07,446 INFO  EvoClassLoader - Keeping class: org.apache.hadoop.security.proto.SecurityProtos$RenewDelegationTokenResponseProtoOrBuilder
2024-11-12 13:43:07,447 INFO  EvoClassLoader - Keeping class: org.apache.hadoop.security.proto.SecurityProtos$RenewDelegationTokenResponseProto
2024-11-12 13:43:07,447 INFO  EvoClassLoader - Seeing class for first time: org.apache.hadoop.security.proto.SecurityProtos$CancelDelegationTokenRequestProto
2024-11-12 13:43:07,447 INFO  EvoClassLoader - Instrumenting class 'org.apache.hadoop.security.proto.SecurityProtos$CancelDelegationTokenRequestProto'.
2024-11-12 13:43:07,447 INFO  MethodCallReplacementClassAdapter - Adding mock interface to class org/apache/hadoop/security/proto/SecurityProtos$CancelDelegationTokenRequestProto
2024-11-12 13:43:07,447 INFO  CreateClassResetClassAdapter - Found static initializer in class org/apache/hadoop/security/proto/SecurityProtos$CancelDelegationTokenRequestProto
2024-11-12 13:43:07,448 INFO  EvoClassLoader - Seeing class for first time: org.apache.hadoop.security.proto.SecurityProtos$CancelDelegationTokenRequestProtoOrBuilder
2024-11-12 13:43:07,448 INFO  EvoClassLoader - Instrumenting class 'org.apache.hadoop.security.proto.SecurityProtos$CancelDelegationTokenRequestProtoOrBuilder'.
2024-11-12 13:43:07,448 INFO  EvoClassLoader - Keeping class: org.apache.hadoop.security.proto.SecurityProtos$CancelDelegationTokenRequestProtoOrBuilder
2024-11-12 13:43:07,448 INFO  EvoClassLoader - Keeping class: org.apache.hadoop.security.proto.SecurityProtos$CancelDelegationTokenRequestProto
2024-11-12 13:43:07,448 INFO  EvoClassLoader - Seeing class for first time: org.apache.hadoop.hdfs.protocol.proto.ClientNamenodeProtocolProtos$CreateRequestProto
2024-11-12 13:43:07,448 INFO  EvoClassLoader - Instrumenting class 'org.apache.hadoop.hdfs.protocol.proto.ClientNamenodeProtocolProtos$CreateRequestProto'.
2024-11-12 13:43:07,449 INFO  MethodCallReplacementClassAdapter - Adding mock interface to class org/apache/hadoop/hdfs/protocol/proto/ClientNamenodeProtocolProtos$CreateRequestProto
2024-11-12 13:43:07,450 INFO  CreateClassResetClassAdapter - Found static initializer in class org/apache/hadoop/hdfs/protocol/proto/ClientNamenodeProtocolProtos$CreateRequestProto
2024-11-12 13:43:07,451 INFO  EvoClassLoader - Seeing class for first time: org.apache.hadoop.hdfs.protocol.proto.ClientNamenodeProtocolProtos$CreateRequestProtoOrBuilder
2024-11-12 13:43:07,451 INFO  EvoClassLoader - Instrumenting class 'org.apache.hadoop.hdfs.protocol.proto.ClientNamenodeProtocolProtos$CreateRequestProtoOrBuilder'.
2024-11-12 13:43:07,452 INFO  EvoClassLoader - Keeping class: org.apache.hadoop.hdfs.protocol.proto.ClientNamenodeProtocolProtos$CreateRequestProtoOrBuilder
2024-11-12 13:43:07,452 INFO  EvoClassLoader - Keeping class: org.apache.hadoop.hdfs.protocol.proto.ClientNamenodeProtocolProtos$CreateRequestProto
2024-11-12 13:43:07,453 INFO  EvoClassLoader - Seeing class for first time: org.apache.hadoop.hdfs.protocol.proto.ClientNamenodeProtocolProtos$GetServerDefaultsRequestProto$1
2024-11-12 13:43:07,453 INFO  EvoClassLoader - Instrumenting class 'org.apache.hadoop.hdfs.protocol.proto.ClientNamenodeProtocolProtos$GetServerDefaultsRequestProto$1'.
2024-11-12 13:43:07,453 INFO  MethodCallReplacementClassAdapter - Adding mock interface to class org/apache/hadoop/hdfs/protocol/proto/ClientNamenodeProtocolProtos$GetServerDefaultsRequestProto$1
2024-11-12 13:43:07,453 INFO  EvoClassLoader - Keeping class: org.apache.hadoop.hdfs.protocol.proto.ClientNamenodeProtocolProtos$GetServerDefaultsRequestProto$1
2024-11-12 13:43:07,454 INFO  EvoClassLoader - Seeing class for first time: org.apache.hadoop.hdfs.protocol.proto.ClientNamenodeProtocolProtos$GetServerDefaultsRequestProto$Builder
2024-11-12 13:43:07,454 INFO  EvoClassLoader - Instrumenting class 'org.apache.hadoop.hdfs.protocol.proto.ClientNamenodeProtocolProtos$GetServerDefaultsRequestProto$Builder'.
2024-11-12 13:43:07,454 INFO  MethodCallReplacementClassAdapter - Adding mock interface to class org/apache/hadoop/hdfs/protocol/proto/ClientNamenodeProtocolProtos$GetServerDefaultsRequestProto$Builder
2024-11-12 13:43:07,455 INFO  CreateClassResetClassAdapter - Creating brand-new static initializer in class org/apache/hadoop/hdfs/protocol/proto/ClientNamenodeProtocolProtos$GetServerDefaultsRequestProto$Builder
2024-11-12 13:43:07,455 INFO  EvoClassLoader - Keeping class: org.apache.hadoop.hdfs.protocol.proto.ClientNamenodeProtocolProtos$GetServerDefaultsRequestProto$Builder
2024-11-12 13:43:07,456 INFO  EvoClassLoader - Seeing class for first time: org.apache.hadoop.hdfs.protocol.proto.ClientNamenodeProtocolProtos$GetFsStatusRequestProto$1
2024-11-12 13:43:07,456 INFO  EvoClassLoader - Instrumenting class 'org.apache.hadoop.hdfs.protocol.proto.ClientNamenodeProtocolProtos$GetFsStatusRequestProto$1'.
2024-11-12 13:43:07,456 INFO  MethodCallReplacementClassAdapter - Adding mock interface to class org/apache/hadoop/hdfs/protocol/proto/ClientNamenodeProtocolProtos$GetFsStatusRequestProto$1
2024-11-12 13:43:07,456 INFO  EvoClassLoader - Keeping class: org.apache.hadoop.hdfs.protocol.proto.ClientNamenodeProtocolProtos$GetFsStatusRequestProto$1
2024-11-12 13:43:07,456 INFO  EvoClassLoader - Seeing class for first time: org.apache.hadoop.hdfs.protocol.proto.ClientNamenodeProtocolProtos$GetFsStatusRequestProto$Builder
2024-11-12 13:43:07,456 INFO  EvoClassLoader - Instrumenting class 'org.apache.hadoop.hdfs.protocol.proto.ClientNamenodeProtocolProtos$GetFsStatusRequestProto$Builder'.
2024-11-12 13:43:07,457 INFO  MethodCallReplacementClassAdapter - Adding mock interface to class org/apache/hadoop/hdfs/protocol/proto/ClientNamenodeProtocolProtos$GetFsStatusRequestProto$Builder
2024-11-12 13:43:07,457 INFO  CreateClassResetClassAdapter - Creating brand-new static initializer in class org/apache/hadoop/hdfs/protocol/proto/ClientNamenodeProtocolProtos$GetFsStatusRequestProto$Builder
2024-11-12 13:43:07,457 INFO  EvoClassLoader - Keeping class: org.apache.hadoop.hdfs.protocol.proto.ClientNamenodeProtocolProtos$GetFsStatusRequestProto$Builder
2024-11-12 13:43:07,458 INFO  EvoClassLoader - Seeing class for first time: org.apache.hadoop.hdfs.protocol.proto.ClientNamenodeProtocolProtos$GetFsReplicatedBlockStatsRequestProto$1
2024-11-12 13:43:07,458 INFO  EvoClassLoader - Instrumenting class 'org.apache.hadoop.hdfs.protocol.proto.ClientNamenodeProtocolProtos$GetFsReplicatedBlockStatsRequestProto$1'.
2024-11-12 13:43:07,458 INFO  MethodCallReplacementClassAdapter - Adding mock interface to class org/apache/hadoop/hdfs/protocol/proto/ClientNamenodeProtocolProtos$GetFsReplicatedBlockStatsRequestProto$1
2024-11-12 13:43:07,458 INFO  EvoClassLoader - Keeping class: org.apache.hadoop.hdfs.protocol.proto.ClientNamenodeProtocolProtos$GetFsReplicatedBlockStatsRequestProto$1
2024-11-12 13:43:07,458 INFO  EvoClassLoader - Seeing class for first time: org.apache.hadoop.hdfs.protocol.proto.ClientNamenodeProtocolProtos$GetFsReplicatedBlockStatsRequestProto$Builder
2024-11-12 13:43:07,458 INFO  EvoClassLoader - Instrumenting class 'org.apache.hadoop.hdfs.protocol.proto.ClientNamenodeProtocolProtos$GetFsReplicatedBlockStatsRequestProto$Builder'.
2024-11-12 13:43:07,459 INFO  MethodCallReplacementClassAdapter - Adding mock interface to class org/apache/hadoop/hdfs/protocol/proto/ClientNamenodeProtocolProtos$GetFsReplicatedBlockStatsRequestProto$Builder
2024-11-12 13:43:07,459 INFO  CreateClassResetClassAdapter - Creating brand-new static initializer in class org/apache/hadoop/hdfs/protocol/proto/ClientNamenodeProtocolProtos$GetFsReplicatedBlockStatsRequestProto$Builder
2024-11-12 13:43:07,460 INFO  EvoClassLoader - Keeping class: org.apache.hadoop.hdfs.protocol.proto.ClientNamenodeProtocolProtos$GetFsReplicatedBlockStatsRequestProto$Builder
2024-11-12 13:43:07,460 INFO  EvoClassLoader - Seeing class for first time: org.apache.hadoop.hdfs.protocol.proto.ClientNamenodeProtocolProtos$GetFsECBlockGroupStatsRequestProto$1
2024-11-12 13:43:07,460 INFO  EvoClassLoader - Instrumenting class 'org.apache.hadoop.hdfs.protocol.proto.ClientNamenodeProtocolProtos$GetFsECBlockGroupStatsRequestProto$1'.
2024-11-12 13:43:07,461 INFO  MethodCallReplacementClassAdapter - Adding mock interface to class org/apache/hadoop/hdfs/protocol/proto/ClientNamenodeProtocolProtos$GetFsECBlockGroupStatsRequestProto$1
2024-11-12 13:43:07,461 INFO  EvoClassLoader - Keeping class: org.apache.hadoop.hdfs.protocol.proto.ClientNamenodeProtocolProtos$GetFsECBlockGroupStatsRequestProto$1
2024-11-12 13:43:07,461 INFO  EvoClassLoader - Seeing class for first time: org.apache.hadoop.hdfs.protocol.proto.ClientNamenodeProtocolProtos$GetFsECBlockGroupStatsRequestProto$Builder
2024-11-12 13:43:07,461 INFO  EvoClassLoader - Instrumenting class 'org.apache.hadoop.hdfs.protocol.proto.ClientNamenodeProtocolProtos$GetFsECBlockGroupStatsRequestProto$Builder'.
2024-11-12 13:43:07,462 INFO  MethodCallReplacementClassAdapter - Adding mock interface to class org/apache/hadoop/hdfs/protocol/proto/ClientNamenodeProtocolProtos$GetFsECBlockGroupStatsRequestProto$Builder
2024-11-12 13:43:07,463 INFO  CreateClassResetClassAdapter - Creating brand-new static initializer in class org/apache/hadoop/hdfs/protocol/proto/ClientNamenodeProtocolProtos$GetFsECBlockGroupStatsRequestProto$Builder
2024-11-12 13:43:07,463 INFO  EvoClassLoader - Keeping class: org.apache.hadoop.hdfs.protocol.proto.ClientNamenodeProtocolProtos$GetFsECBlockGroupStatsRequestProto$Builder
2024-11-12 13:43:07,464 INFO  EvoClassLoader - Seeing class for first time: org.apache.hadoop.hdfs.protocol.proto.ClientNamenodeProtocolProtos$RollEditsRequestProto$1
2024-11-12 13:43:07,464 INFO  EvoClassLoader - Instrumenting class 'org.apache.hadoop.hdfs.protocol.proto.ClientNamenodeProtocolProtos$RollEditsRequestProto$1'.
2024-11-12 13:43:07,464 INFO  MethodCallReplacementClassAdapter - Adding mock interface to class org/apache/hadoop/hdfs/protocol/proto/ClientNamenodeProtocolProtos$RollEditsRequestProto$1
2024-11-12 13:43:07,465 INFO  EvoClassLoader - Keeping class: org.apache.hadoop.hdfs.protocol.proto.ClientNamenodeProtocolProtos$RollEditsRequestProto$1
2024-11-12 13:43:07,465 INFO  EvoClassLoader - Seeing class for first time: org.apache.hadoop.hdfs.protocol.proto.ClientNamenodeProtocolProtos$RollEditsRequestProto$Builder
2024-11-12 13:43:07,465 INFO  EvoClassLoader - Instrumenting class 'org.apache.hadoop.hdfs.protocol.proto.ClientNamenodeProtocolProtos$RollEditsRequestProto$Builder'.
2024-11-12 13:43:07,465 INFO  MethodCallReplacementClassAdapter - Adding mock interface to class org/apache/hadoop/hdfs/protocol/proto/ClientNamenodeProtocolProtos$RollEditsRequestProto$Builder
2024-11-12 13:43:07,466 INFO  CreateClassResetClassAdapter - Creating brand-new static initializer in class org/apache/hadoop/hdfs/protocol/proto/ClientNamenodeProtocolProtos$RollEditsRequestProto$Builder
2024-11-12 13:43:07,466 INFO  EvoClassLoader - Keeping class: org.apache.hadoop.hdfs.protocol.proto.ClientNamenodeProtocolProtos$RollEditsRequestProto$Builder
2024-11-12 13:43:07,467 INFO  EvoClassLoader - Seeing class for first time: org.apache.hadoop.hdfs.protocol.proto.ClientNamenodeProtocolProtos$RefreshNodesRequestProto$1
2024-11-12 13:43:07,467 INFO  EvoClassLoader - Instrumenting class 'org.apache.hadoop.hdfs.protocol.proto.ClientNamenodeProtocolProtos$RefreshNodesRequestProto$1'.
2024-11-12 13:43:07,467 INFO  MethodCallReplacementClassAdapter - Adding mock interface to class org/apache/hadoop/hdfs/protocol/proto/ClientNamenodeProtocolProtos$RefreshNodesRequestProto$1
2024-11-12 13:43:07,467 INFO  EvoClassLoader - Keeping class: org.apache.hadoop.hdfs.protocol.proto.ClientNamenodeProtocolProtos$RefreshNodesRequestProto$1
2024-11-12 13:43:07,468 INFO  EvoClassLoader - Seeing class for first time: org.apache.hadoop.hdfs.protocol.proto.ClientNamenodeProtocolProtos$RefreshNodesRequestProto$Builder
2024-11-12 13:43:07,468 INFO  EvoClassLoader - Instrumenting class 'org.apache.hadoop.hdfs.protocol.proto.ClientNamenodeProtocolProtos$RefreshNodesRequestProto$Builder'.
2024-11-12 13:43:07,468 INFO  MethodCallReplacementClassAdapter - Adding mock interface to class org/apache/hadoop/hdfs/protocol/proto/ClientNamenodeProtocolProtos$RefreshNodesRequestProto$Builder
2024-11-12 13:43:07,469 INFO  CreateClassResetClassAdapter - Creating brand-new static initializer in class org/apache/hadoop/hdfs/protocol/proto/ClientNamenodeProtocolProtos$RefreshNodesRequestProto$Builder
2024-11-12 13:43:07,470 INFO  EvoClassLoader - Keeping class: org.apache.hadoop.hdfs.protocol.proto.ClientNamenodeProtocolProtos$RefreshNodesRequestProto$Builder
2024-11-12 13:43:07,470 INFO  EvoClassLoader - Seeing class for first time: org.apache.hadoop.hdfs.protocol.proto.ClientNamenodeProtocolProtos$FinalizeUpgradeRequestProto$1
2024-11-12 13:43:07,470 INFO  EvoClassLoader - Instrumenting class 'org.apache.hadoop.hdfs.protocol.proto.ClientNamenodeProtocolProtos$FinalizeUpgradeRequestProto$1'.
2024-11-12 13:43:07,471 INFO  MethodCallReplacementClassAdapter - Adding mock interface to class org/apache/hadoop/hdfs/protocol/proto/ClientNamenodeProtocolProtos$FinalizeUpgradeRequestProto$1
2024-11-12 13:43:07,471 INFO  EvoClassLoader - Keeping class: org.apache.hadoop.hdfs.protocol.proto.ClientNamenodeProtocolProtos$FinalizeUpgradeRequestProto$1
2024-11-12 13:43:07,472 INFO  EvoClassLoader - Seeing class for first time: org.apache.hadoop.hdfs.protocol.proto.ClientNamenodeProtocolProtos$FinalizeUpgradeRequestProto$Builder
2024-11-12 13:43:07,472 INFO  EvoClassLoader - Instrumenting class 'org.apache.hadoop.hdfs.protocol.proto.ClientNamenodeProtocolProtos$FinalizeUpgradeRequestProto$Builder'.
2024-11-12 13:43:07,472 INFO  MethodCallReplacementClassAdapter - Adding mock interface to class org/apache/hadoop/hdfs/protocol/proto/ClientNamenodeProtocolProtos$FinalizeUpgradeRequestProto$Builder
2024-11-12 13:43:07,473 INFO  CreateClassResetClassAdapter - Creating brand-new static initializer in class org/apache/hadoop/hdfs/protocol/proto/ClientNamenodeProtocolProtos$FinalizeUpgradeRequestProto$Builder
2024-11-12 13:43:07,474 INFO  EvoClassLoader - Keeping class: org.apache.hadoop.hdfs.protocol.proto.ClientNamenodeProtocolProtos$FinalizeUpgradeRequestProto$Builder
2024-11-12 13:43:07,474 INFO  EvoClassLoader - Seeing class for first time: org.apache.hadoop.hdfs.protocol.proto.ClientNamenodeProtocolProtos$UpgradeStatusRequestProto$1
2024-11-12 13:43:07,474 INFO  EvoClassLoader - Instrumenting class 'org.apache.hadoop.hdfs.protocol.proto.ClientNamenodeProtocolProtos$UpgradeStatusRequestProto$1'.
2024-11-12 13:43:07,475 INFO  MethodCallReplacementClassAdapter - Adding mock interface to class org/apache/hadoop/hdfs/protocol/proto/ClientNamenodeProtocolProtos$UpgradeStatusRequestProto$1
2024-11-12 13:43:07,475 INFO  EvoClassLoader - Keeping class: org.apache.hadoop.hdfs.protocol.proto.ClientNamenodeProtocolProtos$UpgradeStatusRequestProto$1
2024-11-12 13:43:07,475 INFO  EvoClassLoader - Seeing class for first time: org.apache.hadoop.hdfs.protocol.proto.ClientNamenodeProtocolProtos$UpgradeStatusRequestProto$Builder
2024-11-12 13:43:07,475 INFO  EvoClassLoader - Instrumenting class 'org.apache.hadoop.hdfs.protocol.proto.ClientNamenodeProtocolProtos$UpgradeStatusRequestProto$Builder'.
2024-11-12 13:43:07,476 INFO  MethodCallReplacementClassAdapter - Adding mock interface to class org/apache/hadoop/hdfs/protocol/proto/ClientNamenodeProtocolProtos$UpgradeStatusRequestProto$Builder
2024-11-12 13:43:07,477 INFO  CreateClassResetClassAdapter - Creating brand-new static initializer in class org/apache/hadoop/hdfs/protocol/proto/ClientNamenodeProtocolProtos$UpgradeStatusRequestProto$Builder
2024-11-12 13:43:07,477 INFO  EvoClassLoader - Keeping class: org.apache.hadoop.hdfs.protocol.proto.ClientNamenodeProtocolProtos$UpgradeStatusRequestProto$Builder
2024-11-12 13:43:07,478 INFO  EvoClassLoader - Seeing class for first time: org.apache.hadoop.hdfs.protocol.proto.ClientNamenodeProtocolProtos$GetDataEncryptionKeyRequestProto$1
2024-11-12 13:43:07,478 INFO  EvoClassLoader - Instrumenting class 'org.apache.hadoop.hdfs.protocol.proto.ClientNamenodeProtocolProtos$GetDataEncryptionKeyRequestProto$1'.
2024-11-12 13:43:07,478 INFO  MethodCallReplacementClassAdapter - Adding mock interface to class org/apache/hadoop/hdfs/protocol/proto/ClientNamenodeProtocolProtos$GetDataEncryptionKeyRequestProto$1
2024-11-12 13:43:07,478 INFO  EvoClassLoader - Keeping class: org.apache.hadoop.hdfs.protocol.proto.ClientNamenodeProtocolProtos$GetDataEncryptionKeyRequestProto$1
2024-11-12 13:43:07,479 INFO  EvoClassLoader - Seeing class for first time: org.apache.hadoop.hdfs.protocol.proto.ClientNamenodeProtocolProtos$GetDataEncryptionKeyRequestProto$Builder
2024-11-12 13:43:07,479 INFO  EvoClassLoader - Instrumenting class 'org.apache.hadoop.hdfs.protocol.proto.ClientNamenodeProtocolProtos$GetDataEncryptionKeyRequestProto$Builder'.
2024-11-12 13:43:07,479 INFO  MethodCallReplacementClassAdapter - Adding mock interface to class org/apache/hadoop/hdfs/protocol/proto/ClientNamenodeProtocolProtos$GetDataEncryptionKeyRequestProto$Builder
2024-11-12 13:43:07,480 INFO  CreateClassResetClassAdapter - Creating brand-new static initializer in class org/apache/hadoop/hdfs/protocol/proto/ClientNamenodeProtocolProtos$GetDataEncryptionKeyRequestProto$Builder
2024-11-12 13:43:07,481 INFO  EvoClassLoader - Keeping class: org.apache.hadoop.hdfs.protocol.proto.ClientNamenodeProtocolProtos$GetDataEncryptionKeyRequestProto$Builder
2024-11-12 13:43:07,481 INFO  EvoClassLoader - Seeing class for first time: org.apache.hadoop.hdfs.protocol.proto.ClientNamenodeProtocolProtos$GetStoragePoliciesRequestProto$1
2024-11-12 13:43:07,481 INFO  EvoClassLoader - Instrumenting class 'org.apache.hadoop.hdfs.protocol.proto.ClientNamenodeProtocolProtos$GetStoragePoliciesRequestProto$1'.
2024-11-12 13:43:07,482 INFO  MethodCallReplacementClassAdapter - Adding mock interface to class org/apache/hadoop/hdfs/protocol/proto/ClientNamenodeProtocolProtos$GetStoragePoliciesRequestProto$1
2024-11-12 13:43:07,482 INFO  EvoClassLoader - Keeping class: org.apache.hadoop.hdfs.protocol.proto.ClientNamenodeProtocolProtos$GetStoragePoliciesRequestProto$1
2024-11-12 13:43:07,482 INFO  EvoClassLoader - Seeing class for first time: org.apache.hadoop.hdfs.protocol.proto.ClientNamenodeProtocolProtos$GetStoragePoliciesRequestProto$Builder
2024-11-12 13:43:07,482 INFO  EvoClassLoader - Instrumenting class 'org.apache.hadoop.hdfs.protocol.proto.ClientNamenodeProtocolProtos$GetStoragePoliciesRequestProto$Builder'.
2024-11-12 13:43:07,483 INFO  MethodCallReplacementClassAdapter - Adding mock interface to class org/apache/hadoop/hdfs/protocol/proto/ClientNamenodeProtocolProtos$GetStoragePoliciesRequestProto$Builder
2024-11-12 13:43:07,484 INFO  CreateClassResetClassAdapter - Creating brand-new static initializer in class org/apache/hadoop/hdfs/protocol/proto/ClientNamenodeProtocolProtos$GetStoragePoliciesRequestProto$Builder
2024-11-12 13:43:07,484 INFO  EvoClassLoader - Keeping class: org.apache.hadoop.hdfs.protocol.proto.ClientNamenodeProtocolProtos$GetStoragePoliciesRequestProto$Builder
2024-11-12 13:43:07,485 INFO  EvoClassLoader - Seeing class for first time: org.apache.hadoop.hdfs.protocol.proto.ErasureCodingProtos$GetErasureCodingPoliciesRequestProto$1
2024-11-12 13:43:07,485 INFO  EvoClassLoader - Instrumenting class 'org.apache.hadoop.hdfs.protocol.proto.ErasureCodingProtos$GetErasureCodingPoliciesRequestProto$1'.
2024-11-12 13:43:07,485 INFO  MethodCallReplacementClassAdapter - Adding mock interface to class org/apache/hadoop/hdfs/protocol/proto/ErasureCodingProtos$GetErasureCodingPoliciesRequestProto$1
2024-11-12 13:43:07,486 INFO  EvoClassLoader - Keeping class: org.apache.hadoop.hdfs.protocol.proto.ErasureCodingProtos$GetErasureCodingPoliciesRequestProto$1
2024-11-12 13:43:07,486 INFO  EvoClassLoader - Seeing class for first time: org.apache.hadoop.hdfs.protocol.proto.ErasureCodingProtos
2024-11-12 13:43:07,486 INFO  EvoClassLoader - Instrumenting class 'org.apache.hadoop.hdfs.protocol.proto.ErasureCodingProtos'.
2024-11-12 13:43:07,486 INFO  MethodCallReplacementClassAdapter - Adding mock interface to class org/apache/hadoop/hdfs/protocol/proto/ErasureCodingProtos
2024-11-12 13:43:07,486 INFO  CreateClassResetClassAdapter - Found static initializer in class org/apache/hadoop/hdfs/protocol/proto/ErasureCodingProtos
2024-11-12 13:43:07,488 INFO  EvoClassLoader - Keeping class: org.apache.hadoop.hdfs.protocol.proto.ErasureCodingProtos
2024-11-12 13:43:07,488 INFO  EvoClassLoader - Seeing class for first time: org.apache.hadoop.hdfs.protocol.proto.ErasureCodingProtos$CodecProto
2024-11-12 13:43:07,488 INFO  EvoClassLoader - Instrumenting class 'org.apache.hadoop.hdfs.protocol.proto.ErasureCodingProtos$CodecProto'.
2024-11-12 13:43:07,488 INFO  MethodCallReplacementClassAdapter - Adding mock interface to class org/apache/hadoop/hdfs/protocol/proto/ErasureCodingProtos$CodecProto
2024-11-12 13:43:07,489 INFO  CreateClassResetClassAdapter - Found static initializer in class org/apache/hadoop/hdfs/protocol/proto/ErasureCodingProtos$CodecProto
2024-11-12 13:43:07,489 INFO  EvoClassLoader - Seeing class for first time: org.apache.hadoop.hdfs.protocol.proto.ErasureCodingProtos$CodecProtoOrBuilder
2024-11-12 13:43:07,489 INFO  EvoClassLoader - Instrumenting class 'org.apache.hadoop.hdfs.protocol.proto.ErasureCodingProtos$CodecProtoOrBuilder'.
2024-11-12 13:43:07,490 INFO  EvoClassLoader - Keeping class: org.apache.hadoop.hdfs.protocol.proto.ErasureCodingProtos$CodecProtoOrBuilder
2024-11-12 13:43:07,490 INFO  EvoClassLoader - Keeping class: org.apache.hadoop.hdfs.protocol.proto.ErasureCodingProtos$CodecProto
2024-11-12 13:43:07,490 INFO  EvoClassLoader - Seeing class for first time: org.apache.hadoop.hdfs.protocol.proto.ErasureCodingProtos$BlockECReconstructionInfoProto
2024-11-12 13:43:07,490 INFO  EvoClassLoader - Instrumenting class 'org.apache.hadoop.hdfs.protocol.proto.ErasureCodingProtos$BlockECReconstructionInfoProto'.
2024-11-12 13:43:07,490 INFO  MethodCallReplacementClassAdapter - Adding mock interface to class org/apache/hadoop/hdfs/protocol/proto/ErasureCodingProtos$BlockECReconstructionInfoProto
2024-11-12 13:43:07,491 INFO  CreateClassResetClassAdapter - Found static initializer in class org/apache/hadoop/hdfs/protocol/proto/ErasureCodingProtos$BlockECReconstructionInfoProto
2024-11-12 13:43:07,493 INFO  EvoClassLoader - Seeing class for first time: org.apache.hadoop.hdfs.protocol.proto.ErasureCodingProtos$BlockECReconstructionInfoProtoOrBuilder
2024-11-12 13:43:07,493 INFO  EvoClassLoader - Instrumenting class 'org.apache.hadoop.hdfs.protocol.proto.ErasureCodingProtos$BlockECReconstructionInfoProtoOrBuilder'.
2024-11-12 13:43:07,493 INFO  EvoClassLoader - Keeping class: org.apache.hadoop.hdfs.protocol.proto.ErasureCodingProtos$BlockECReconstructionInfoProtoOrBuilder
2024-11-12 13:43:07,493 INFO  EvoClassLoader - Keeping class: org.apache.hadoop.hdfs.protocol.proto.ErasureCodingProtos$BlockECReconstructionInfoProto
2024-11-12 13:43:07,494 INFO  EvoClassLoader - Seeing class for first time: org.apache.hadoop.hdfs.protocol.proto.ErasureCodingProtos$GetErasureCodingPoliciesRequestProto$Builder
2024-11-12 13:43:07,494 INFO  EvoClassLoader - Instrumenting class 'org.apache.hadoop.hdfs.protocol.proto.ErasureCodingProtos$GetErasureCodingPoliciesRequestProto$Builder'.
2024-11-12 13:43:07,494 INFO  MethodCallReplacementClassAdapter - Adding mock interface to class org/apache/hadoop/hdfs/protocol/proto/ErasureCodingProtos$GetErasureCodingPoliciesRequestProto$Builder
2024-11-12 13:43:07,494 INFO  CreateClassResetClassAdapter - Creating brand-new static initializer in class org/apache/hadoop/hdfs/protocol/proto/ErasureCodingProtos$GetErasureCodingPoliciesRequestProto$Builder
2024-11-12 13:43:07,495 INFO  EvoClassLoader - Keeping class: org.apache.hadoop.hdfs.protocol.proto.ErasureCodingProtos$GetErasureCodingPoliciesRequestProto$Builder
2024-11-12 13:43:07,495 INFO  EvoClassLoader - Seeing class for first time: org.apache.hadoop.hdfs.protocol.proto.ErasureCodingProtos$GetErasureCodingCodecsRequestProto$1
2024-11-12 13:43:07,495 INFO  EvoClassLoader - Instrumenting class 'org.apache.hadoop.hdfs.protocol.proto.ErasureCodingProtos$GetErasureCodingCodecsRequestProto$1'.
2024-11-12 13:43:07,495 INFO  MethodCallReplacementClassAdapter - Adding mock interface to class org/apache/hadoop/hdfs/protocol/proto/ErasureCodingProtos$GetErasureCodingCodecsRequestProto$1
2024-11-12 13:43:07,496 INFO  EvoClassLoader - Keeping class: org.apache.hadoop.hdfs.protocol.proto.ErasureCodingProtos$GetErasureCodingCodecsRequestProto$1
2024-11-12 13:43:07,496 INFO  EvoClassLoader - Seeing class for first time: org.apache.hadoop.hdfs.protocol.proto.ErasureCodingProtos$GetErasureCodingCodecsRequestProto$Builder
2024-11-12 13:43:07,496 INFO  EvoClassLoader - Instrumenting class 'org.apache.hadoop.hdfs.protocol.proto.ErasureCodingProtos$GetErasureCodingCodecsRequestProto$Builder'.
2024-11-12 13:43:07,496 INFO  MethodCallReplacementClassAdapter - Adding mock interface to class org/apache/hadoop/hdfs/protocol/proto/ErasureCodingProtos$GetErasureCodingCodecsRequestProto$Builder
2024-11-12 13:43:07,497 INFO  CreateClassResetClassAdapter - Creating brand-new static initializer in class org/apache/hadoop/hdfs/protocol/proto/ErasureCodingProtos$GetErasureCodingCodecsRequestProto$Builder
2024-11-12 13:43:07,497 INFO  EvoClassLoader - Keeping class: org.apache.hadoop.hdfs.protocol.proto.ErasureCodingProtos$GetErasureCodingCodecsRequestProto$Builder
2024-11-12 13:43:07,497 INFO  EvoClassLoader - Seeing class for first time: org.apache.hadoop.hdfs.protocolPB.ClientNamenodeProtocolTranslatorPB
2024-11-12 13:43:07,497 INFO  EvoClassLoader - Instrumenting class 'org.apache.hadoop.hdfs.protocolPB.ClientNamenodeProtocolTranslatorPB'.
2024-11-12 13:43:07,499 INFO  MethodCallReplacementClassAdapter - Adding mock interface to class org/apache/hadoop/hdfs/protocolPB/ClientNamenodeProtocolTranslatorPB
2024-11-12 13:43:07,503 INFO  CreateClassResetClassAdapter - Found static initializer in class org/apache/hadoop/hdfs/protocolPB/ClientNamenodeProtocolTranslatorPB
2024-11-12 13:43:07,506 INFO  EvoClassLoader - Seeing class for first time: org.apache.hadoop.ipc.ProtocolMetaInterface
2024-11-12 13:43:07,506 INFO  EvoClassLoader - Instrumenting class 'org.apache.hadoop.ipc.ProtocolMetaInterface'.
2024-11-12 13:43:07,507 INFO  EvoClassLoader - Keeping class: org.apache.hadoop.ipc.ProtocolMetaInterface
2024-11-12 13:43:07,507 INFO  EvoClassLoader - Seeing class for first time: org.apache.hadoop.ipc.ProtocolTranslator
2024-11-12 13:43:07,507 INFO  EvoClassLoader - Instrumenting class 'org.apache.hadoop.ipc.ProtocolTranslator'.
2024-11-12 13:43:07,507 INFO  EvoClassLoader - Keeping class: org.apache.hadoop.ipc.ProtocolTranslator
2024-11-12 13:43:07,513 INFO  EvoClassLoader - Keeping class: org.apache.hadoop.hdfs.protocolPB.ClientNamenodeProtocolTranslatorPB
2024-11-12 13:43:07,514 INFO  EvoClassLoader - Seeing class for first time: org.apache.hadoop.util.concurrent.AsyncGet
2024-11-12 13:43:07,514 INFO  EvoClassLoader - Instrumenting class 'org.apache.hadoop.util.concurrent.AsyncGet'.
2024-11-12 13:43:07,515 INFO  EvoClassLoader - Defined package (3): package org.apache.hadoop.util.concurrent, -1391510928
2024-11-12 13:43:07,515 INFO  EvoClassLoader - Keeping class: org.apache.hadoop.util.concurrent.AsyncGet
2024-11-12 13:43:07,518 INFO  EvoClassLoader - Seeing class for first time: org.apache.hadoop.hdfs.protocol.proto.HdfsProtos$FsServerDefaultsProto
2024-11-12 13:43:07,518 INFO  EvoClassLoader - Instrumenting class 'org.apache.hadoop.hdfs.protocol.proto.HdfsProtos$FsServerDefaultsProto'.
2024-11-12 13:43:07,518 INFO  MethodCallReplacementClassAdapter - Adding mock interface to class org/apache/hadoop/hdfs/protocol/proto/HdfsProtos$FsServerDefaultsProto
2024-11-12 13:43:07,519 INFO  CreateClassResetClassAdapter - Found static initializer in class org/apache/hadoop/hdfs/protocol/proto/HdfsProtos$FsServerDefaultsProto
2024-11-12 13:43:07,519 INFO  EvoClassLoader - Seeing class for first time: org.apache.hadoop.hdfs.protocol.proto.HdfsProtos$FsServerDefaultsProtoOrBuilder
2024-11-12 13:43:07,519 INFO  EvoClassLoader - Instrumenting class 'org.apache.hadoop.hdfs.protocol.proto.HdfsProtos$FsServerDefaultsProtoOrBuilder'.
2024-11-12 13:43:07,520 INFO  EvoClassLoader - Keeping class: org.apache.hadoop.hdfs.protocol.proto.HdfsProtos$FsServerDefaultsProtoOrBuilder
2024-11-12 13:43:07,520 INFO  EvoClassLoader - Keeping class: org.apache.hadoop.hdfs.protocol.proto.HdfsProtos$FsServerDefaultsProto
2024-11-12 13:43:07,520 INFO  EvoClassLoader - Seeing class for first time: org.apache.hadoop.hdfs.protocol.proto.ClientNamenodeProtocolProtos$SetOwnerRequestProto$Builder
2024-11-12 13:43:07,520 INFO  EvoClassLoader - Instrumenting class 'org.apache.hadoop.hdfs.protocol.proto.ClientNamenodeProtocolProtos$SetOwnerRequestProto$Builder'.
2024-11-12 13:43:07,520 INFO  MethodCallReplacementClassAdapter - Adding mock interface to class org/apache/hadoop/hdfs/protocol/proto/ClientNamenodeProtocolProtos$SetOwnerRequestProto$Builder
2024-11-12 13:43:07,521 INFO  CreateClassResetClassAdapter - Creating brand-new static initializer in class org/apache/hadoop/hdfs/protocol/proto/ClientNamenodeProtocolProtos$SetOwnerRequestProto$Builder
2024-11-12 13:43:07,522 INFO  EvoClassLoader - Keeping class: org.apache.hadoop.hdfs.protocol.proto.ClientNamenodeProtocolProtos$SetOwnerRequestProto$Builder
2024-11-12 13:43:07,522 INFO  EvoClassLoader - Seeing class for first time: org.apache.hadoop.hdfs.protocol.proto.ClientNamenodeProtocolProtos$AddBlockRequestProto$Builder
2024-11-12 13:43:07,522 INFO  EvoClassLoader - Instrumenting class 'org.apache.hadoop.hdfs.protocol.proto.ClientNamenodeProtocolProtos$AddBlockRequestProto$Builder'.
2024-11-12 13:43:07,522 INFO  MethodCallReplacementClassAdapter - Adding mock interface to class org/apache/hadoop/hdfs/protocol/proto/ClientNamenodeProtocolProtos$AddBlockRequestProto$Builder
2024-11-12 13:43:07,523 INFO  CreateClassResetClassAdapter - Creating brand-new static initializer in class org/apache/hadoop/hdfs/protocol/proto/ClientNamenodeProtocolProtos$AddBlockRequestProto$Builder
2024-11-12 13:43:07,524 INFO  EvoClassLoader - Keeping class: org.apache.hadoop.hdfs.protocol.proto.ClientNamenodeProtocolProtos$AddBlockRequestProto$Builder
2024-11-12 13:43:07,524 INFO  EvoClassLoader - Seeing class for first time: org.apache.hadoop.hdfs.protocol.proto.ClientNamenodeProtocolProtos$CompleteRequestProto$Builder
2024-11-12 13:43:07,524 INFO  EvoClassLoader - Instrumenting class 'org.apache.hadoop.hdfs.protocol.proto.ClientNamenodeProtocolProtos$CompleteRequestProto$Builder'.
2024-11-12 13:43:07,524 INFO  MethodCallReplacementClassAdapter - Adding mock interface to class org/apache/hadoop/hdfs/protocol/proto/ClientNamenodeProtocolProtos$CompleteRequestProto$Builder
2024-11-12 13:43:07,525 INFO  CreateClassResetClassAdapter - Creating brand-new static initializer in class org/apache/hadoop/hdfs/protocol/proto/ClientNamenodeProtocolProtos$CompleteRequestProto$Builder
2024-11-12 13:43:07,526 INFO  EvoClassLoader - Keeping class: org.apache.hadoop.hdfs.protocol.proto.ClientNamenodeProtocolProtos$CompleteRequestProto$Builder
2024-11-12 13:43:07,526 INFO  EvoClassLoader - Seeing class for first time: org.apache.hadoop.hdfs.protocol.proto.ClientNamenodeProtocolProtos$RenewLeaseRequestProto$Builder
2024-11-12 13:43:07,526 INFO  EvoClassLoader - Instrumenting class 'org.apache.hadoop.hdfs.protocol.proto.ClientNamenodeProtocolProtos$RenewLeaseRequestProto$Builder'.
2024-11-12 13:43:07,526 INFO  MethodCallReplacementClassAdapter - Adding mock interface to class org/apache/hadoop/hdfs/protocol/proto/ClientNamenodeProtocolProtos$RenewLeaseRequestProto$Builder
2024-11-12 13:43:07,527 INFO  CreateClassResetClassAdapter - Creating brand-new static initializer in class org/apache/hadoop/hdfs/protocol/proto/ClientNamenodeProtocolProtos$RenewLeaseRequestProto$Builder
2024-11-12 13:43:07,527 INFO  EvoClassLoader - Keeping class: org.apache.hadoop.hdfs.protocol.proto.ClientNamenodeProtocolProtos$RenewLeaseRequestProto$Builder
2024-11-12 13:43:07,527 INFO  EvoClassLoader - Seeing class for first time: org.apache.hadoop.hdfs.protocol.proto.ClientNamenodeProtocolProtos$ListCorruptFileBlocksRequestProto$Builder
2024-11-12 13:43:07,527 INFO  EvoClassLoader - Instrumenting class 'org.apache.hadoop.hdfs.protocol.proto.ClientNamenodeProtocolProtos$ListCorruptFileBlocksRequestProto$Builder'.
2024-11-12 13:43:07,527 INFO  MethodCallReplacementClassAdapter - Adding mock interface to class org/apache/hadoop/hdfs/protocol/proto/ClientNamenodeProtocolProtos$ListCorruptFileBlocksRequestProto$Builder
2024-11-12 13:43:07,528 INFO  CreateClassResetClassAdapter - Creating brand-new static initializer in class org/apache/hadoop/hdfs/protocol/proto/ClientNamenodeProtocolProtos$ListCorruptFileBlocksRequestProto$Builder
2024-11-12 13:43:07,528 INFO  EvoClassLoader - Keeping class: org.apache.hadoop.hdfs.protocol.proto.ClientNamenodeProtocolProtos$ListCorruptFileBlocksRequestProto$Builder
2024-11-12 13:43:07,528 INFO  EvoClassLoader - Seeing class for first time: org.apache.hadoop.hdfs.protocol.proto.ClientNamenodeProtocolProtos$AddCacheDirectiveRequestProto$Builder
2024-11-12 13:43:07,528 INFO  EvoClassLoader - Instrumenting class 'org.apache.hadoop.hdfs.protocol.proto.ClientNamenodeProtocolProtos$AddCacheDirectiveRequestProto$Builder'.
2024-11-12 13:43:07,528 INFO  MethodCallReplacementClassAdapter - Adding mock interface to class org/apache/hadoop/hdfs/protocol/proto/ClientNamenodeProtocolProtos$AddCacheDirectiveRequestProto$Builder
2024-11-12 13:43:07,529 INFO  CreateClassResetClassAdapter - Creating brand-new static initializer in class org/apache/hadoop/hdfs/protocol/proto/ClientNamenodeProtocolProtos$AddCacheDirectiveRequestProto$Builder
2024-11-12 13:43:07,529 INFO  EvoClassLoader - Keeping class: org.apache.hadoop.hdfs.protocol.proto.ClientNamenodeProtocolProtos$AddCacheDirectiveRequestProto$Builder
2024-11-12 13:43:07,529 INFO  EvoClassLoader - Seeing class for first time: org.apache.hadoop.hdfs.protocol.proto.ClientNamenodeProtocolProtos$ModifyCacheDirectiveRequestProto$Builder
2024-11-12 13:43:07,529 INFO  EvoClassLoader - Instrumenting class 'org.apache.hadoop.hdfs.protocol.proto.ClientNamenodeProtocolProtos$ModifyCacheDirectiveRequestProto$Builder'.
2024-11-12 13:43:07,530 INFO  MethodCallReplacementClassAdapter - Adding mock interface to class org/apache/hadoop/hdfs/protocol/proto/ClientNamenodeProtocolProtos$ModifyCacheDirectiveRequestProto$Builder
2024-11-12 13:43:07,530 INFO  CreateClassResetClassAdapter - Creating brand-new static initializer in class org/apache/hadoop/hdfs/protocol/proto/ClientNamenodeProtocolProtos$ModifyCacheDirectiveRequestProto$Builder
2024-11-12 13:43:07,531 INFO  EvoClassLoader - Keeping class: org.apache.hadoop.hdfs.protocol.proto.ClientNamenodeProtocolProtos$ModifyCacheDirectiveRequestProto$Builder
2024-11-12 13:43:07,531 INFO  EvoClassLoader - Seeing class for first time: org.apache.hadoop.hdfs.protocol.proto.ClientNamenodeProtocolProtos$AddCachePoolRequestProto$Builder
2024-11-12 13:43:07,531 INFO  EvoClassLoader - Instrumenting class 'org.apache.hadoop.hdfs.protocol.proto.ClientNamenodeProtocolProtos$AddCachePoolRequestProto$Builder'.
2024-11-12 13:43:07,531 INFO  MethodCallReplacementClassAdapter - Adding mock interface to class org/apache/hadoop/hdfs/protocol/proto/ClientNamenodeProtocolProtos$AddCachePoolRequestProto$Builder
2024-11-12 13:43:07,531 INFO  CreateClassResetClassAdapter - Creating brand-new static initializer in class org/apache/hadoop/hdfs/protocol/proto/ClientNamenodeProtocolProtos$AddCachePoolRequestProto$Builder
2024-11-12 13:43:07,532 INFO  EvoClassLoader - Keeping class: org.apache.hadoop.hdfs.protocol.proto.ClientNamenodeProtocolProtos$AddCachePoolRequestProto$Builder
2024-11-12 13:43:07,532 INFO  EvoClassLoader - Seeing class for first time: org.apache.hadoop.hdfs.protocol.proto.ClientNamenodeProtocolProtos$ModifyCachePoolRequestProto$Builder
2024-11-12 13:43:07,532 INFO  EvoClassLoader - Instrumenting class 'org.apache.hadoop.hdfs.protocol.proto.ClientNamenodeProtocolProtos$ModifyCachePoolRequestProto$Builder'.
2024-11-12 13:43:07,532 INFO  MethodCallReplacementClassAdapter - Adding mock interface to class org/apache/hadoop/hdfs/protocol/proto/ClientNamenodeProtocolProtos$ModifyCachePoolRequestProto$Builder
2024-11-12 13:43:07,533 INFO  CreateClassResetClassAdapter - Creating brand-new static initializer in class org/apache/hadoop/hdfs/protocol/proto/ClientNamenodeProtocolProtos$ModifyCachePoolRequestProto$Builder
2024-11-12 13:43:07,533 INFO  EvoClassLoader - Keeping class: org.apache.hadoop.hdfs.protocol.proto.ClientNamenodeProtocolProtos$ModifyCachePoolRequestProto$Builder
2024-11-12 13:43:07,533 INFO  EvoClassLoader - Seeing class for first time: org.apache.hadoop.hdfs.protocol.proto.ClientNamenodeProtocolProtos$ListOpenFilesRequestProto$Builder
2024-11-12 13:43:07,533 INFO  EvoClassLoader - Instrumenting class 'org.apache.hadoop.hdfs.protocol.proto.ClientNamenodeProtocolProtos$ListOpenFilesRequestProto$Builder'.
2024-11-12 13:43:07,533 INFO  MethodCallReplacementClassAdapter - Adding mock interface to class org/apache/hadoop/hdfs/protocol/proto/ClientNamenodeProtocolProtos$ListOpenFilesRequestProto$Builder
2024-11-12 13:43:07,534 INFO  CreateClassResetClassAdapter - Creating brand-new static initializer in class org/apache/hadoop/hdfs/protocol/proto/ClientNamenodeProtocolProtos$ListOpenFilesRequestProto$Builder
2024-11-12 13:43:07,535 INFO  EvoClassLoader - Keeping class: org.apache.hadoop.hdfs.protocol.proto.ClientNamenodeProtocolProtos$ListOpenFilesRequestProto$Builder
2024-11-12 13:43:07,535 INFO  EvoClassLoader - Seeing class for first time: org.apache.hadoop.hdfs.protocol.proto.ClientNamenodeProtocolProtos$MsyncRequestProto$Builder
2024-11-12 13:43:07,535 INFO  EvoClassLoader - Instrumenting class 'org.apache.hadoop.hdfs.protocol.proto.ClientNamenodeProtocolProtos$MsyncRequestProto$Builder'.
2024-11-12 13:43:07,535 INFO  MethodCallReplacementClassAdapter - Adding mock interface to class org/apache/hadoop/hdfs/protocol/proto/ClientNamenodeProtocolProtos$MsyncRequestProto$Builder
2024-11-12 13:43:07,535 INFO  CreateClassResetClassAdapter - Creating brand-new static initializer in class org/apache/hadoop/hdfs/protocol/proto/ClientNamenodeProtocolProtos$MsyncRequestProto$Builder
2024-11-12 13:43:07,536 INFO  EvoClassLoader - Keeping class: org.apache.hadoop.hdfs.protocol.proto.ClientNamenodeProtocolProtos$MsyncRequestProto$Builder
2024-11-12 13:43:07,536 INFO  EvoClassLoader - Seeing class for first time: org.apache.hadoop.hdfs.protocol.proto.ClientNamenodeProtocolProtos$GetEnclosingRootRequestProto$1
2024-11-12 13:43:07,536 INFO  EvoClassLoader - Instrumenting class 'org.apache.hadoop.hdfs.protocol.proto.ClientNamenodeProtocolProtos$GetEnclosingRootRequestProto$1'.
2024-11-12 13:43:07,536 INFO  MethodCallReplacementClassAdapter - Adding mock interface to class org/apache/hadoop/hdfs/protocol/proto/ClientNamenodeProtocolProtos$GetEnclosingRootRequestProto$1
2024-11-12 13:43:07,537 INFO  EvoClassLoader - Keeping class: org.apache.hadoop.hdfs.protocol.proto.ClientNamenodeProtocolProtos$GetEnclosingRootRequestProto$1
2024-11-12 13:43:07,537 INFO  EvoClassLoader - Seeing class for first time: org.apache.hadoop.hdfs.protocol.proto.ClientNamenodeProtocolProtos$GetEnclosingRootRequestProto$Builder
2024-11-12 13:43:07,537 INFO  EvoClassLoader - Instrumenting class 'org.apache.hadoop.hdfs.protocol.proto.ClientNamenodeProtocolProtos$GetEnclosingRootRequestProto$Builder'.
2024-11-12 13:43:07,537 INFO  MethodCallReplacementClassAdapter - Adding mock interface to class org/apache/hadoop/hdfs/protocol/proto/ClientNamenodeProtocolProtos$GetEnclosingRootRequestProto$Builder
2024-11-12 13:43:07,538 INFO  CreateClassResetClassAdapter - Creating brand-new static initializer in class org/apache/hadoop/hdfs/protocol/proto/ClientNamenodeProtocolProtos$GetEnclosingRootRequestProto$Builder
2024-11-12 13:43:07,538 INFO  EvoClassLoader - Keeping class: org.apache.hadoop.hdfs.protocol.proto.ClientNamenodeProtocolProtos$GetEnclosingRootRequestProto$Builder
2024-11-12 13:43:07,539 INFO  EvoClassLoader - Seeing class for first time: org.apache.hadoop.hdfs.protocol.proto.ClientNamenodeProtocolProtos$GetEnclosingRootResponseProto$1
2024-11-12 13:43:07,539 INFO  EvoClassLoader - Instrumenting class 'org.apache.hadoop.hdfs.protocol.proto.ClientNamenodeProtocolProtos$GetEnclosingRootResponseProto$1'.
2024-11-12 13:43:07,539 INFO  MethodCallReplacementClassAdapter - Adding mock interface to class org/apache/hadoop/hdfs/protocol/proto/ClientNamenodeProtocolProtos$GetEnclosingRootResponseProto$1
2024-11-12 13:43:07,539 INFO  EvoClassLoader - Keeping class: org.apache.hadoop.hdfs.protocol.proto.ClientNamenodeProtocolProtos$GetEnclosingRootResponseProto$1
2024-11-12 13:43:07,540 INFO  EvoClassLoader - Seeing class for first time: org.apache.hadoop.hdfs.protocol.proto.ClientNamenodeProtocolProtos$GetEnclosingRootResponseProto$Builder
2024-11-12 13:43:07,540 INFO  EvoClassLoader - Instrumenting class 'org.apache.hadoop.hdfs.protocol.proto.ClientNamenodeProtocolProtos$GetEnclosingRootResponseProto$Builder'.
2024-11-12 13:43:07,540 INFO  MethodCallReplacementClassAdapter - Adding mock interface to class org/apache/hadoop/hdfs/protocol/proto/ClientNamenodeProtocolProtos$GetEnclosingRootResponseProto$Builder
2024-11-12 13:43:07,541 INFO  CreateClassResetClassAdapter - Creating brand-new static initializer in class org/apache/hadoop/hdfs/protocol/proto/ClientNamenodeProtocolProtos$GetEnclosingRootResponseProto$Builder
2024-11-12 13:43:07,542 INFO  EvoClassLoader - Keeping class: org.apache.hadoop.hdfs.protocol.proto.ClientNamenodeProtocolProtos$GetEnclosingRootResponseProto$Builder
2024-11-12 13:43:07,543 INFO  EvoClassLoader - Seeing class for first time: org.bouncycastle.asn1.ASN1Object
2024-11-12 13:43:07,543 INFO  EvoClassLoader - Instrumenting class 'org.bouncycastle.asn1.ASN1Object'.
2024-11-12 13:43:07,544 INFO  MethodCallReplacementClassAdapter - Adding mock interface to class org/bouncycastle/asn1/ASN1Object
2024-11-12 13:43:07,544 INFO  CreateClassResetClassAdapter - Creating brand-new static initializer in class org/bouncycastle/asn1/ASN1Object
2024-11-12 13:43:07,544 INFO  EvoClassLoader - Defined package (3): package org.bouncycastle.asn1, 752919493
2024-11-12 13:43:07,544 INFO  EvoClassLoader - Seeing class for first time: org.bouncycastle.asn1.ASN1Encodable
2024-11-12 13:43:07,544 INFO  EvoClassLoader - Instrumenting class 'org.bouncycastle.asn1.ASN1Encodable'.
2024-11-12 13:43:07,544 INFO  EvoClassLoader - Keeping class: org.bouncycastle.asn1.ASN1Encodable
2024-11-12 13:43:07,545 INFO  EvoClassLoader - Seeing class for first time: org.bouncycastle.util.Encodable
2024-11-12 13:43:07,545 INFO  EvoClassLoader - Instrumenting class 'org.bouncycastle.util.Encodable'.
2024-11-12 13:43:07,545 INFO  EvoClassLoader - Defined package (3): package org.bouncycastle.util, 753516178
2024-11-12 13:43:07,545 INFO  EvoClassLoader - Keeping class: org.bouncycastle.util.Encodable
2024-11-12 13:43:07,545 INFO  EvoClassLoader - Keeping class: org.bouncycastle.asn1.ASN1Object
2024-11-12 13:43:07,545 INFO  EvoClassLoader - Seeing class for first time: org.bouncycastle.asn1.ASN1Primitive
2024-11-12 13:43:07,545 INFO  EvoClassLoader - Instrumenting class 'org.bouncycastle.asn1.ASN1Primitive'.
2024-11-12 13:43:07,545 INFO  MethodCallReplacementClassAdapter - Adding mock interface to class org/bouncycastle/asn1/ASN1Primitive
2024-11-12 13:43:07,546 INFO  CreateClassResetClassAdapter - Creating brand-new static initializer in class org/bouncycastle/asn1/ASN1Primitive
2024-11-12 13:43:07,546 INFO  EvoClassLoader - Keeping class: org.bouncycastle.asn1.ASN1Primitive
2024-11-12 13:43:07,546 INFO  EvoClassLoader - Seeing class for first time: org.bouncycastle.asn1.ASN1OutputStream
2024-11-12 13:43:07,546 INFO  EvoClassLoader - Instrumenting class 'org.bouncycastle.asn1.ASN1OutputStream'.
2024-11-12 13:43:07,547 INFO  MethodCallReplacementClassAdapter - Adding mock interface to class org/bouncycastle/asn1/ASN1OutputStream
2024-11-12 13:43:07,548 INFO  CreateClassResetClassAdapter - Creating brand-new static initializer in class org/bouncycastle/asn1/ASN1OutputStream
2024-11-12 13:43:07,548 INFO  EvoClassLoader - Keeping class: org.bouncycastle.asn1.ASN1OutputStream
2024-11-12 13:43:07,548 INFO  EvoClassLoader - Seeing class for first time: org.bouncycastle.asn1.ASN1Type
2024-11-12 13:43:07,548 INFO  EvoClassLoader - Instrumenting class 'org.bouncycastle.asn1.ASN1Type'.
2024-11-12 13:43:07,548 INFO  MethodCallReplacementClassAdapter - Adding mock interface to class org/bouncycastle/asn1/ASN1Type
2024-11-12 13:43:07,549 INFO  CreateClassResetClassAdapter - Creating brand-new static initializer in class org/bouncycastle/asn1/ASN1Type
2024-11-12 13:43:07,549 INFO  EvoClassLoader - Keeping class: org.bouncycastle.asn1.ASN1Type
2024-11-12 13:43:07,549 INFO  EvoClassLoader - Seeing class for first time: org.bouncycastle.asn1.ASN1UniversalType
2024-11-12 13:43:07,549 INFO  EvoClassLoader - Instrumenting class 'org.bouncycastle.asn1.ASN1UniversalType'.
2024-11-12 13:43:07,549 INFO  MethodCallReplacementClassAdapter - Adding mock interface to class org/bouncycastle/asn1/ASN1UniversalType
2024-11-12 13:43:07,550 INFO  CreateClassResetClassAdapter - Creating brand-new static initializer in class org/bouncycastle/asn1/ASN1UniversalType
2024-11-12 13:43:07,550 INFO  EvoClassLoader - Keeping class: org.bouncycastle.asn1.ASN1UniversalType
2024-11-12 13:43:07,551 INFO  EvoClassLoader - Seeing class for first time: org.bouncycastle.asn1.ASN1Tag
2024-11-12 13:43:07,551 INFO  EvoClassLoader - Instrumenting class 'org.bouncycastle.asn1.ASN1Tag'.
2024-11-12 13:43:07,551 INFO  MethodCallReplacementClassAdapter - Adding mock interface to class org/bouncycastle/asn1/ASN1Tag
2024-11-12 13:43:07,551 INFO  CreateClassResetClassAdapter - Creating brand-new static initializer in class org/bouncycastle/asn1/ASN1Tag
2024-11-12 13:43:07,551 INFO  EvoClassLoader - Keeping class: org.bouncycastle.asn1.ASN1Tag
2024-11-12 13:43:07,551 INFO  EvoClassLoader - Seeing class for first time: org.bouncycastle.asn1.DEROctetString
2024-11-12 13:43:07,551 INFO  EvoClassLoader - Instrumenting class 'org.bouncycastle.asn1.DEROctetString'.
2024-11-12 13:43:07,552 INFO  MethodCallReplacementClassAdapter - Adding mock interface to class org/bouncycastle/asn1/DEROctetString
2024-11-12 13:43:07,552 INFO  CreateClassResetClassAdapter - Creating brand-new static initializer in class org/bouncycastle/asn1/DEROctetString
2024-11-12 13:43:07,552 INFO  EvoClassLoader - Seeing class for first time: org.bouncycastle.asn1.ASN1OctetString
2024-11-12 13:43:07,552 INFO  EvoClassLoader - Instrumenting class 'org.bouncycastle.asn1.ASN1OctetString'.
2024-11-12 13:43:07,552 INFO  MethodCallReplacementClassAdapter - Adding mock interface to class org/bouncycastle/asn1/ASN1OctetString
2024-11-12 13:43:07,554 INFO  CreateClassResetClassAdapter - Found static initializer in class org/bouncycastle/asn1/ASN1OctetString
2024-11-12 13:43:07,554 INFO  EvoClassLoader - Seeing class for first time: org.bouncycastle.asn1.ASN1OctetStringParser
2024-11-12 13:43:07,554 INFO  EvoClassLoader - Instrumenting class 'org.bouncycastle.asn1.ASN1OctetStringParser'.
2024-11-12 13:43:07,554 INFO  EvoClassLoader - Seeing class for first time: org.bouncycastle.asn1.InMemoryRepresentable
2024-11-12 13:43:07,554 INFO  EvoClassLoader - Instrumenting class 'org.bouncycastle.asn1.InMemoryRepresentable'.
2024-11-12 13:43:07,555 INFO  EvoClassLoader - Keeping class: org.bouncycastle.asn1.InMemoryRepresentable
2024-11-12 13:43:07,555 INFO  EvoClassLoader - Keeping class: org.bouncycastle.asn1.ASN1OctetStringParser
2024-11-12 13:43:07,555 INFO  EvoClassLoader - Keeping class: org.bouncycastle.asn1.ASN1OctetString
2024-11-12 13:43:07,555 INFO  EvoClassLoader - Keeping class: org.bouncycastle.asn1.DEROctetString
2024-11-12 13:43:07,555 INFO  EvoClassLoader - Seeing class for first time: org.bouncycastle.asn1.ASN1TaggedObject
2024-11-12 13:43:07,555 INFO  EvoClassLoader - Instrumenting class 'org.bouncycastle.asn1.ASN1TaggedObject'.
2024-11-12 13:43:07,556 INFO  MethodCallReplacementClassAdapter - Adding mock interface to class org/bouncycastle/asn1/ASN1TaggedObject
2024-11-12 13:43:07,558 INFO  CreateClassResetClassAdapter - Creating brand-new static initializer in class org/bouncycastle/asn1/ASN1TaggedObject
2024-11-12 13:43:07,558 INFO  CreateClassResetClassAdapter - Adding bytecode for initializing field DECLARED_EXPLICIT
2024-11-12 13:43:07,558 INFO  CreateClassResetClassAdapter - Adding bytecode for initializing field DECLARED_IMPLICIT
2024-11-12 13:43:07,558 INFO  CreateClassResetClassAdapter - Adding bytecode for initializing field PARSED_EXPLICIT
2024-11-12 13:43:07,558 INFO  CreateClassResetClassAdapter - Adding bytecode for initializing field PARSED_IMPLICIT
2024-11-12 13:43:07,559 INFO  EvoClassLoader - Seeing class for first time: org.bouncycastle.asn1.ASN1TaggedObjectParser
2024-11-12 13:43:07,559 INFO  EvoClassLoader - Instrumenting class 'org.bouncycastle.asn1.ASN1TaggedObjectParser'.
2024-11-12 13:43:07,559 INFO  EvoClassLoader - Keeping class: org.bouncycastle.asn1.ASN1TaggedObjectParser
2024-11-12 13:43:07,559 INFO  EvoClassLoader - Keeping class: org.bouncycastle.asn1.ASN1TaggedObject
2024-11-12 13:43:07,560 INFO  EvoClassLoader - Seeing class for first time: org.bouncycastle.asn1.ASN1Sequence
2024-11-12 13:43:07,560 INFO  EvoClassLoader - Instrumenting class 'org.bouncycastle.asn1.ASN1Sequence'.
2024-11-12 13:43:07,560 INFO  MethodCallReplacementClassAdapter - Adding mock interface to class org/bouncycastle/asn1/ASN1Sequence
2024-11-12 13:43:07,561 INFO  CreateClassResetClassAdapter - Found static initializer in class org/bouncycastle/asn1/ASN1Sequence
2024-11-12 13:43:07,562 INFO  EvoClassLoader - Seeing class for first time: org.bouncycastle.util.Iterable
2024-11-12 13:43:07,562 INFO  EvoClassLoader - Instrumenting class 'org.bouncycastle.util.Iterable'.
2024-11-12 13:43:07,562 INFO  EvoClassLoader - Keeping class: org.bouncycastle.util.Iterable
2024-11-12 13:43:07,562 INFO  EvoClassLoader - Keeping class: org.bouncycastle.asn1.ASN1Sequence
2024-11-12 13:43:07,562 INFO  EvoClassLoader - Seeing class for first time: org.bouncycastle.asn1.ASN1OctetString$1
2024-11-12 13:43:07,562 INFO  EvoClassLoader - Instrumenting class 'org.bouncycastle.asn1.ASN1OctetString$1'.
2024-11-12 13:43:07,562 INFO  MethodCallReplacementClassAdapter - Adding mock interface to class org/bouncycastle/asn1/ASN1OctetString$1
2024-11-12 13:43:07,563 INFO  EvoClassLoader - Keeping class: org.bouncycastle.asn1.ASN1OctetString$1
2024-11-12 13:43:07,563 INFO  EvoClassLoader - Seeing class for first time: org.bouncycastle.asn1.BEROctetString
2024-11-12 13:43:07,563 INFO  EvoClassLoader - Instrumenting class 'org.bouncycastle.asn1.BEROctetString'.
2024-11-12 13:43:07,564 INFO  MethodCallReplacementClassAdapter - Adding mock interface to class org/bouncycastle/asn1/BEROctetString
2024-11-12 13:43:07,564 INFO  CreateClassResetClassAdapter - Creating brand-new static initializer in class org/bouncycastle/asn1/BEROctetString
2024-11-12 13:43:07,564 INFO  CreateClassResetClassAdapter - Adding bytecode for initializing field DEFAULT_SEGMENT_LIMIT
2024-11-12 13:43:07,564 INFO  EvoClassLoader - Keeping class: org.bouncycastle.asn1.BEROctetString
2024-11-12 13:43:07,564 INFO  EvoClassLoader - Seeing class for first time: org.eclipse.jetty.io.NullByteBufferPool
2024-11-12 13:43:07,564 INFO  EvoClassLoader - Instrumenting class 'org.eclipse.jetty.io.NullByteBufferPool'.
2024-11-12 13:43:07,565 INFO  MethodCallReplacementClassAdapter - Adding mock interface to class org/eclipse/jetty/io/NullByteBufferPool
2024-11-12 13:43:07,565 INFO  CreateClassResetClassAdapter - Creating brand-new static initializer in class org/eclipse/jetty/io/NullByteBufferPool
2024-11-12 13:43:07,565 INFO  EvoClassLoader - Seeing class for first time: org.eclipse.jetty.io.ByteBufferPool
2024-11-12 13:43:07,565 INFO  EvoClassLoader - Instrumenting class 'org.eclipse.jetty.io.ByteBufferPool'.
2024-11-12 13:43:07,566 INFO  EvoClassLoader - Keeping class: org.eclipse.jetty.io.ByteBufferPool
2024-11-12 13:43:07,566 INFO  EvoClassLoader - Keeping class: org.eclipse.jetty.io.NullByteBufferPool
2024-11-12 13:43:07,566 INFO  EvoClassLoader - Seeing class for first time: org.eclipse.jetty.util.log.Log$1
2024-11-12 13:43:07,566 INFO  EvoClassLoader - Instrumenting class 'org.eclipse.jetty.util.log.Log$1'.
2024-11-12 13:43:07,566 INFO  MethodCallReplacementClassAdapter - Adding mock interface to class org/eclipse/jetty/util/log/Log$1
2024-11-12 13:43:07,567 INFO  EvoClassLoader - Defined package (3): package org.eclipse.jetty.util.log, -1550856903
2024-11-12 13:43:07,567 INFO  EvoClassLoader - Keeping class: org.eclipse.jetty.util.log.Log$1
2024-11-12 13:43:07,567 INFO  EvoClassLoader - Seeing class for first time: org.eclipse.jetty.util.log.Log
2024-11-12 13:43:07,567 INFO  EvoClassLoader - Instrumenting class 'org.eclipse.jetty.util.log.Log'.
2024-11-12 13:43:07,567 INFO  MethodCallReplacementClassAdapter - Adding mock interface to class org/eclipse/jetty/util/log/Log
2024-11-12 13:43:07,568 INFO  CreateClassResetClassAdapter - Found static initializer in class org/eclipse/jetty/util/log/Log
2024-11-12 13:43:07,569 INFO  EvoClassLoader - Keeping class: org.eclipse.jetty.util.log.Log
2024-11-12 13:43:07,569 INFO  EvoClassLoader - Seeing class for first time: org.eclipse.jetty.util.Loader
2024-11-12 13:43:07,569 INFO  EvoClassLoader - Instrumenting class 'org.eclipse.jetty.util.Loader'.
2024-11-12 13:43:07,569 INFO  MethodCallReplacementClassAdapter - Adding mock interface to class org/eclipse/jetty/util/Loader
2024-11-12 13:43:07,569 INFO  CreateClassResetClassAdapter - Creating brand-new static initializer in class org/eclipse/jetty/util/Loader
2024-11-12 13:43:07,569 INFO  EvoClassLoader - Defined package (3): package org.eclipse.jetty.util, 464202339
2024-11-12 13:43:07,569 INFO  EvoClassLoader - Keeping class: org.eclipse.jetty.util.Loader
2024-11-12 13:43:07,570 INFO  EvoClassLoader - Seeing class for first time: org.eclipse.jetty.util.log.Logger
2024-11-12 13:43:07,570 INFO  EvoClassLoader - Instrumenting class 'org.eclipse.jetty.util.log.Logger'.
2024-11-12 13:43:07,570 INFO  EvoClassLoader - Keeping class: org.eclipse.jetty.util.log.Logger
2024-11-12 13:43:07,573 INFO  EvoClassLoader - Seeing class for first time: org.eclipse.jetty.util.log.AbstractLogger
2024-11-12 13:43:07,573 INFO  EvoClassLoader - Instrumenting class 'org.eclipse.jetty.util.log.AbstractLogger'.
2024-11-12 13:43:07,573 INFO  MethodCallReplacementClassAdapter - Adding mock interface to class org/eclipse/jetty/util/log/AbstractLogger
2024-11-12 13:43:07,574 INFO  CreateClassResetClassAdapter - Creating brand-new static initializer in class org/eclipse/jetty/util/log/AbstractLogger
2024-11-12 13:43:07,574 INFO  CreateClassResetClassAdapter - Adding bytecode for initializing field LEVEL_DEFAULT
2024-11-12 13:43:07,574 INFO  CreateClassResetClassAdapter - Adding bytecode for initializing field LEVEL_ALL
2024-11-12 13:43:07,574 INFO  CreateClassResetClassAdapter - Adding bytecode for initializing field LEVEL_DEBUG
2024-11-12 13:43:07,574 INFO  CreateClassResetClassAdapter - Adding bytecode for initializing field LEVEL_INFO
2024-11-12 13:43:07,574 INFO  CreateClassResetClassAdapter - Adding bytecode for initializing field LEVEL_WARN
2024-11-12 13:43:07,574 INFO  CreateClassResetClassAdapter - Adding bytecode for initializing field LEVEL_OFF
2024-11-12 13:43:07,574 INFO  EvoClassLoader - Keeping class: org.eclipse.jetty.util.log.AbstractLogger
2024-11-12 13:43:07,575 INFO  EvoClassLoader - Seeing class for first time: org.eclipse.jetty.util.log.Slf4jLog
2024-11-12 13:43:07,575 INFO  EvoClassLoader - Instrumenting class 'org.eclipse.jetty.util.log.Slf4jLog'.
2024-11-12 13:43:07,576 INFO  MethodCallReplacementClassAdapter - Adding mock interface to class org/eclipse/jetty/util/log/Slf4jLog
2024-11-12 13:43:07,576 INFO  CreateClassResetClassAdapter - Creating brand-new static initializer in class org/eclipse/jetty/util/log/Slf4jLog
2024-11-12 13:43:07,576 INFO  EvoClassLoader - Keeping class: org.eclipse.jetty.util.log.Slf4jLog
2024-11-12 13:43:07,576 INFO  EvoClassLoader - Seeing class for first time: org.eclipse.jetty.util.log.JettyAwareLogger
2024-11-12 13:43:07,576 INFO  EvoClassLoader - Instrumenting class 'org.eclipse.jetty.util.log.JettyAwareLogger'.
2024-11-12 13:43:07,577 INFO  MethodCallReplacementClassAdapter - Adding mock interface to class org/eclipse/jetty/util/log/JettyAwareLogger
2024-11-12 13:43:07,577 INFO  CreateClassResetClassAdapter - Found static initializer in class org/eclipse/jetty/util/log/JettyAwareLogger
2024-11-12 13:43:07,577 INFO  EvoClassLoader - Keeping class: org.eclipse.jetty.util.log.JettyAwareLogger
2024-11-12 13:43:07,578 INFO  EvoClassLoader - Seeing class for first time: org.eclipse.jetty.util.Uptime$DefaultImpl
2024-11-12 13:43:07,578 INFO  EvoClassLoader - Instrumenting class 'org.eclipse.jetty.util.Uptime$DefaultImpl'.
2024-11-12 13:43:07,579 INFO  MethodCallReplacementClassAdapter - Adding mock interface to class org/eclipse/jetty/util/Uptime$DefaultImpl
2024-11-12 13:43:07,581 INFO  CreateClassResetClassAdapter - Creating brand-new static initializer in class org/eclipse/jetty/util/Uptime$DefaultImpl
2024-11-12 13:43:07,581 INFO  EvoClassLoader - Seeing class for first time: org.eclipse.jetty.util.Uptime$Impl
2024-11-12 13:43:07,581 INFO  EvoClassLoader - Instrumenting class 'org.eclipse.jetty.util.Uptime$Impl'.
2024-11-12 13:43:07,582 INFO  EvoClassLoader - Keeping class: org.eclipse.jetty.util.Uptime$Impl
2024-11-12 13:43:07,582 INFO  EvoClassLoader - Keeping class: org.eclipse.jetty.util.Uptime$DefaultImpl
2024-11-12 13:43:07,582 INFO  EvoClassLoader - Seeing class for first time: org.eclipse.jetty.util.Uptime
2024-11-12 13:43:07,582 INFO  EvoClassLoader - Instrumenting class 'org.eclipse.jetty.util.Uptime'.
2024-11-12 13:43:07,583 INFO  MethodCallReplacementClassAdapter - Adding mock interface to class org/eclipse/jetty/util/Uptime
2024-11-12 13:43:07,583 INFO  CreateClassResetClassAdapter - Found static initializer in class org/eclipse/jetty/util/Uptime
2024-11-12 13:43:07,583 INFO  EvoClassLoader - Keeping class: org.eclipse.jetty.util.Uptime
2024-11-12 13:43:07,584 INFO  EvoClassLoader - Seeing class for first time: org.eclipse.jetty.util.component.AbstractLifeCycle
2024-11-12 13:43:07,584 INFO  EvoClassLoader - Instrumenting class 'org.eclipse.jetty.util.component.AbstractLifeCycle'.
2024-11-12 13:43:07,584 INFO  MethodCallReplacementClassAdapter - Adding mock interface to class org/eclipse/jetty/util/component/AbstractLifeCycle
2024-11-12 13:43:07,585 INFO  CreateClassResetClassAdapter - Found static initializer in class org/eclipse/jetty/util/component/AbstractLifeCycle
2024-11-12 13:43:07,585 INFO  EvoClassLoader - Defined package (3): package org.eclipse.jetty.util.component, 1836137266
2024-11-12 13:43:07,585 INFO  EvoClassLoader - Seeing class for first time: org.eclipse.jetty.util.component.LifeCycle
2024-11-12 13:43:07,585 INFO  EvoClassLoader - Instrumenting class 'org.eclipse.jetty.util.component.LifeCycle'.
2024-11-12 13:43:07,586 INFO  EvoClassLoader - Keeping class: org.eclipse.jetty.util.component.LifeCycle
2024-11-12 13:43:07,586 INFO  EvoClassLoader - Keeping class: org.eclipse.jetty.util.component.AbstractLifeCycle
2024-11-12 13:43:07,586 INFO  EvoClassLoader - Seeing class for first time: org.eclipse.jetty.util.component.LifeCycle$Listener
2024-11-12 13:43:07,586 INFO  EvoClassLoader - Instrumenting class 'org.eclipse.jetty.util.component.LifeCycle$Listener'.
2024-11-12 13:43:07,586 INFO  EvoClassLoader - Keeping class: org.eclipse.jetty.util.component.LifeCycle$Listener
2024-11-12 13:43:07,587 INFO  log - Logging initialized @49517ms to org.eclipse.jetty.util.log.Slf4jLog
2024-11-12 13:43:07,587 INFO  EvoClassLoader - Seeing class for first time: org.eclipse.jetty.util.component.ContainerLifeCycle
2024-11-12 13:43:07,587 INFO  EvoClassLoader - Instrumenting class 'org.eclipse.jetty.util.component.ContainerLifeCycle'.
2024-11-12 13:43:07,587 INFO  MethodCallReplacementClassAdapter - Adding mock interface to class org/eclipse/jetty/util/component/ContainerLifeCycle
2024-11-12 13:43:07,589 INFO  CreateClassResetClassAdapter - Found static initializer in class org/eclipse/jetty/util/component/ContainerLifeCycle
2024-11-12 13:43:07,590 INFO  EvoClassLoader - Seeing class for first time: org.eclipse.jetty.util.component.Container
2024-11-12 13:43:07,590 INFO  EvoClassLoader - Instrumenting class 'org.eclipse.jetty.util.component.Container'.
2024-11-12 13:43:07,590 INFO  EvoClassLoader - Keeping class: org.eclipse.jetty.util.component.Container
2024-11-12 13:43:07,590 INFO  EvoClassLoader - Seeing class for first time: org.eclipse.jetty.util.component.Destroyable
2024-11-12 13:43:07,590 INFO  EvoClassLoader - Instrumenting class 'org.eclipse.jetty.util.component.Destroyable'.
2024-11-12 13:43:07,590 INFO  EvoClassLoader - Keeping class: org.eclipse.jetty.util.component.Destroyable
2024-11-12 13:43:07,590 INFO  EvoClassLoader - Seeing class for first time: org.eclipse.jetty.util.component.Dumpable$DumpableContainer
2024-11-12 13:43:07,590 INFO  EvoClassLoader - Instrumenting class 'org.eclipse.jetty.util.component.Dumpable$DumpableContainer'.
2024-11-12 13:43:07,590 INFO  EvoClassLoader - Seeing class for first time: org.eclipse.jetty.util.component.Dumpable
2024-11-12 13:43:07,590 INFO  EvoClassLoader - Instrumenting class 'org.eclipse.jetty.util.component.Dumpable'.
2024-11-12 13:43:07,591 INFO  EvoClassLoader - Keeping class: org.eclipse.jetty.util.component.Dumpable
2024-11-12 13:43:07,591 INFO  EvoClassLoader - Keeping class: org.eclipse.jetty.util.component.Dumpable$DumpableContainer
2024-11-12 13:43:07,591 INFO  EvoClassLoader - Keeping class: org.eclipse.jetty.util.component.ContainerLifeCycle
2024-11-12 13:43:07,592 INFO  EvoClassLoader - Seeing class for first time: org.eclipse.jetty.util.component.ContainerLifeCycle$Managed
2024-11-12 13:43:07,592 INFO  EvoClassLoader - Instrumenting class 'org.eclipse.jetty.util.component.ContainerLifeCycle$Managed'.
2024-11-12 13:43:07,593 INFO  MethodCallReplacementClassAdapter - Adding mock interface to class org/eclipse/jetty/util/component/ContainerLifeCycle$Managed
2024-11-12 13:43:07,593 INFO  CreateClassResetClassAdapter - Found static initializer in class org/eclipse/jetty/util/component/ContainerLifeCycle$Managed
2024-11-12 13:43:07,593 INFO  EvoClassLoader - Keeping class: org.eclipse.jetty.util.component.ContainerLifeCycle$Managed
2024-11-12 13:43:07,593 INFO  EvoClassLoader - Seeing class for first time: org.eclipse.jetty.util.component.ContainerLifeCycle$Bean
2024-11-12 13:43:07,593 INFO  EvoClassLoader - Instrumenting class 'org.eclipse.jetty.util.component.ContainerLifeCycle$Bean'.
2024-11-12 13:43:07,593 INFO  MethodCallReplacementClassAdapter - Adding mock interface to class org/eclipse/jetty/util/component/ContainerLifeCycle$Bean
2024-11-12 13:43:07,593 INFO  CreateClassResetClassAdapter - Creating brand-new static initializer in class org/eclipse/jetty/util/component/ContainerLifeCycle$Bean
2024-11-12 13:43:07,594 INFO  EvoClassLoader - Keeping class: org.eclipse.jetty.util.component.ContainerLifeCycle$Bean
2024-11-12 13:43:07,594 INFO  EvoClassLoader - Seeing class for first time: org.eclipse.jetty.util.component.Container$Listener
2024-11-12 13:43:07,594 INFO  EvoClassLoader - Instrumenting class 'org.eclipse.jetty.util.component.Container$Listener'.
2024-11-12 13:43:07,594 INFO  EvoClassLoader - Keeping class: org.eclipse.jetty.util.component.Container$Listener
2024-11-12 13:43:07,594 INFO  EvoClassLoader - Seeing class for first time: org.eclipse.jetty.io.LeakTrackingByteBufferPool
2024-11-12 13:43:07,594 INFO  EvoClassLoader - Instrumenting class 'org.eclipse.jetty.io.LeakTrackingByteBufferPool'.
2024-11-12 13:43:07,594 INFO  MethodCallReplacementClassAdapter - Adding mock interface to class org/eclipse/jetty/io/LeakTrackingByteBufferPool
2024-11-12 13:43:07,595 INFO  CreateClassResetClassAdapter - Found static initializer in class org/eclipse/jetty/io/LeakTrackingByteBufferPool
2024-11-12 13:43:07,595 INFO  EvoClassLoader - Keeping class: org.eclipse.jetty.io.LeakTrackingByteBufferPool
2024-11-12 13:43:07,595 INFO  EvoClassLoader - Seeing class for first time: org.eclipse.jetty.util.LeakDetector
2024-11-12 13:43:07,595 INFO  EvoClassLoader - Instrumenting class 'org.eclipse.jetty.util.LeakDetector'.
2024-11-12 13:43:07,595 INFO  MethodCallReplacementClassAdapter - Adding mock interface to class org/eclipse/jetty/util/LeakDetector
2024-11-12 13:43:07,595 INFO  CreateClassResetClassAdapter - Found static initializer in class org/eclipse/jetty/util/LeakDetector
2024-11-12 13:43:07,596 INFO  EvoClassLoader - Keeping class: org.eclipse.jetty.util.LeakDetector
2024-11-12 13:43:07,596 INFO  EvoClassLoader - Seeing class for first time: org.eclipse.jetty.io.LeakTrackingByteBufferPool$1
2024-11-12 13:43:07,596 INFO  EvoClassLoader - Instrumenting class 'org.eclipse.jetty.io.LeakTrackingByteBufferPool$1'.
2024-11-12 13:43:07,596 INFO  MethodCallReplacementClassAdapter - Adding mock interface to class org/eclipse/jetty/io/LeakTrackingByteBufferPool$1
2024-11-12 13:43:07,596 INFO  EvoClassLoader - Keeping class: org.eclipse.jetty.io.LeakTrackingByteBufferPool$1
2024-11-12 13:43:07,596 INFO  EvoClassLoader - Seeing class for first time: org.eclipse.jetty.util.LeakDetector$LeakInfo
2024-11-12 13:43:07,596 INFO  EvoClassLoader - Instrumenting class 'org.eclipse.jetty.util.LeakDetector$LeakInfo'.
2024-11-12 13:43:07,596 INFO  MethodCallReplacementClassAdapter - Adding mock interface to class org/eclipse/jetty/util/LeakDetector$LeakInfo
2024-11-12 13:43:07,596 INFO  CreateClassResetClassAdapter - Creating brand-new static initializer in class org/eclipse/jetty/util/LeakDetector$LeakInfo
2024-11-12 13:43:07,597 INFO  EvoClassLoader - Keeping class: org.eclipse.jetty.util.LeakDetector$LeakInfo
2024-11-12 13:43:07,597 INFO  EvoClassLoader - Seeing class for first time: org.eclipse.jetty.util.component.ContainerLifeCycle$1
2024-11-12 13:43:07,597 INFO  EvoClassLoader - Instrumenting class 'org.eclipse.jetty.util.component.ContainerLifeCycle$1'.
2024-11-12 13:43:07,597 INFO  MethodCallReplacementClassAdapter - Adding mock interface to class org/eclipse/jetty/util/component/ContainerLifeCycle$1
2024-11-12 13:43:07,597 INFO  EvoClassLoader - Keeping class: org.eclipse.jetty.util.component.ContainerLifeCycle$1
2024-11-12 13:43:07,597 INFO  EvoClassLoader - Seeing class for first time: org.apache.hadoop.fs.FsUrlStreamHandlerFactory
2024-11-12 13:43:07,597 INFO  EvoClassLoader - Instrumenting class 'org.apache.hadoop.fs.FsUrlStreamHandlerFactory'.
2024-11-12 13:43:07,597 INFO  MethodCallReplacementClassAdapter - Adding mock interface to class org/apache/hadoop/fs/FsUrlStreamHandlerFactory
2024-11-12 13:43:07,598 INFO  CreateClassResetClassAdapter - Found static initializer in class org/apache/hadoop/fs/FsUrlStreamHandlerFactory
2024-11-12 13:43:07,598 INFO  EvoClassLoader - Keeping class: org.apache.hadoop.fs.FsUrlStreamHandlerFactory
2024-11-12 13:43:07,598 INFO  EvoClassLoader - Seeing class for first time: org.apache.hadoop.fs.FsUrlStreamHandler
2024-11-12 13:43:07,598 INFO  EvoClassLoader - Instrumenting class 'org.apache.hadoop.fs.FsUrlStreamHandler'.
2024-11-12 13:43:07,598 INFO  MethodCallReplacementClassAdapter - Adding mock interface to class org/apache/hadoop/fs/FsUrlStreamHandler
2024-11-12 13:43:07,599 INFO  CreateClassResetClassAdapter - Creating brand-new static initializer in class org/apache/hadoop/fs/FsUrlStreamHandler
2024-11-12 13:43:07,599 INFO  EvoClassLoader - Keeping class: org.apache.hadoop.fs.FsUrlStreamHandler
2024-11-12 13:43:07,599 INFO  EvoClassLoader - Seeing class for first time: org.eclipse.jetty.util.thread.TimerScheduler
2024-11-12 13:43:07,599 INFO  EvoClassLoader - Instrumenting class 'org.eclipse.jetty.util.thread.TimerScheduler'.
2024-11-12 13:43:07,599 INFO  MethodCallReplacementClassAdapter - Adding mock interface to class org/eclipse/jetty/util/thread/TimerScheduler
2024-11-12 13:43:07,600 INFO  CreateClassResetClassAdapter - Found static initializer in class org/eclipse/jetty/util/thread/TimerScheduler
2024-11-12 13:43:07,600 INFO  EvoClassLoader - Defined package (3): package org.eclipse.jetty.util.thread, -391797771
2024-11-12 13:43:07,600 INFO  EvoClassLoader - Seeing class for first time: org.eclipse.jetty.util.thread.Scheduler
2024-11-12 13:43:07,600 INFO  EvoClassLoader - Instrumenting class 'org.eclipse.jetty.util.thread.Scheduler'.
2024-11-12 13:43:07,600 INFO  EvoClassLoader - Keeping class: org.eclipse.jetty.util.thread.Scheduler
2024-11-12 13:43:07,600 INFO  EvoClassLoader - Keeping class: org.eclipse.jetty.util.thread.TimerScheduler
2024-11-12 13:43:07,600 INFO  EvoClassLoader - Seeing class for first time: org.eclipse.jetty.util.thread.TimerScheduler$SimpleTask
2024-11-12 13:43:07,600 INFO  EvoClassLoader - Instrumenting class 'org.eclipse.jetty.util.thread.TimerScheduler$SimpleTask'.
2024-11-12 13:43:07,600 INFO  MethodCallReplacementClassAdapter - Adding mock interface to class org/eclipse/jetty/util/thread/TimerScheduler$SimpleTask
2024-11-12 13:43:07,600 INFO  CreateClassResetClassAdapter - Creating brand-new static initializer in class org/eclipse/jetty/util/thread/TimerScheduler$SimpleTask
2024-11-12 13:43:07,601 INFO  EvoClassLoader - Seeing class for first time: org.eclipse.jetty.util.thread.Scheduler$Task
2024-11-12 13:43:07,601 INFO  EvoClassLoader - Instrumenting class 'org.eclipse.jetty.util.thread.Scheduler$Task'.
2024-11-12 13:43:07,601 INFO  EvoClassLoader - Keeping class: org.eclipse.jetty.util.thread.Scheduler$Task
2024-11-12 13:43:07,601 INFO  EvoClassLoader - Keeping class: org.eclipse.jetty.util.thread.TimerScheduler$SimpleTask
2024-11-12 13:43:07,601 INFO  EvoClassLoader - Seeing class for first time: org.bouncycastle.asn1.ASN1BitString$1
2024-11-12 13:43:07,601 INFO  EvoClassLoader - Instrumenting class 'org.bouncycastle.asn1.ASN1BitString$1'.
2024-11-12 13:43:07,601 INFO  MethodCallReplacementClassAdapter - Adding mock interface to class org/bouncycastle/asn1/ASN1BitString$1
2024-11-12 13:43:07,601 INFO  EvoClassLoader - Keeping class: org.bouncycastle.asn1.ASN1BitString$1
2024-11-12 13:43:07,601 INFO  EvoClassLoader - Seeing class for first time: org.bouncycastle.asn1.ASN1BitString
2024-11-12 13:43:07,601 INFO  EvoClassLoader - Instrumenting class 'org.bouncycastle.asn1.ASN1BitString'.
2024-11-12 13:43:07,602 INFO  MethodCallReplacementClassAdapter - Adding mock interface to class org/bouncycastle/asn1/ASN1BitString
2024-11-12 13:43:07,603 INFO  CreateClassResetClassAdapter - Found static initializer in class org/bouncycastle/asn1/ASN1BitString
2024-11-12 13:43:07,603 INFO  EvoClassLoader - Seeing class for first time: org.bouncycastle.asn1.ASN1String
2024-11-12 13:43:07,603 INFO  EvoClassLoader - Instrumenting class 'org.bouncycastle.asn1.ASN1String'.
2024-11-12 13:43:07,604 INFO  EvoClassLoader - Keeping class: org.bouncycastle.asn1.ASN1String
2024-11-12 13:43:07,604 INFO  EvoClassLoader - Seeing class for first time: org.bouncycastle.asn1.ASN1BitStringParser
2024-11-12 13:43:07,604 INFO  EvoClassLoader - Instrumenting class 'org.bouncycastle.asn1.ASN1BitStringParser'.
2024-11-12 13:43:07,604 INFO  EvoClassLoader - Keeping class: org.bouncycastle.asn1.ASN1BitStringParser
2024-11-12 13:43:07,604 INFO  EvoClassLoader - Keeping class: org.bouncycastle.asn1.ASN1BitString
2024-11-12 13:43:07,604 INFO  EvoClassLoader - Seeing class for first time: org.bouncycastle.asn1.DLBitString
2024-11-12 13:43:07,604 INFO  EvoClassLoader - Instrumenting class 'org.bouncycastle.asn1.DLBitString'.
2024-11-12 13:43:07,604 INFO  MethodCallReplacementClassAdapter - Adding mock interface to class org/bouncycastle/asn1/DLBitString
2024-11-12 13:43:07,605 INFO  CreateClassResetClassAdapter - Creating brand-new static initializer in class org/bouncycastle/asn1/DLBitString
2024-11-12 13:43:07,605 INFO  EvoClassLoader - Keeping class: org.bouncycastle.asn1.DLBitString
2024-11-12 13:43:07,605 INFO  EvoClassLoader - Seeing class for first time: org.bouncycastle.asn1.DERBitString
2024-11-12 13:43:07,605 INFO  EvoClassLoader - Instrumenting class 'org.bouncycastle.asn1.DERBitString'.
2024-11-12 13:43:07,605 INFO  MethodCallReplacementClassAdapter - Adding mock interface to class org/bouncycastle/asn1/DERBitString
2024-11-12 13:43:07,605 INFO  CreateClassResetClassAdapter - Creating brand-new static initializer in class org/bouncycastle/asn1/DERBitString
2024-11-12 13:43:07,605 INFO  EvoClassLoader - Keeping class: org.bouncycastle.asn1.DERBitString
2024-11-12 13:43:07,606 INFO  EvoClassLoader - Seeing class for first time: org.bouncycastle.asn1.ASN1ParsingException
2024-11-12 13:43:07,606 INFO  EvoClassLoader - Instrumenting class 'org.bouncycastle.asn1.ASN1ParsingException'.
2024-11-12 13:43:07,606 INFO  MethodCallReplacementClassAdapter - Adding mock interface to class org/bouncycastle/asn1/ASN1ParsingException
2024-11-12 13:43:07,606 INFO  CreateClassResetClassAdapter - Creating brand-new static initializer in class org/bouncycastle/asn1/ASN1ParsingException
2024-11-12 13:43:07,606 INFO  EvoClassLoader - Keeping class: org.bouncycastle.asn1.ASN1ParsingException
2024-11-12 13:43:07,606 INFO  EvoClassLoader - Seeing class for first time: com.fasterxml.jackson.core.TokenStreamFactory
2024-11-12 13:43:07,606 INFO  EvoClassLoader - Instrumenting class 'com.fasterxml.jackson.core.TokenStreamFactory'.
2024-11-12 13:43:07,606 INFO  MethodCallReplacementClassAdapter - Adding mock interface to class com/fasterxml/jackson/core/TokenStreamFactory
2024-11-12 13:43:07,607 INFO  CreateClassResetClassAdapter - Creating brand-new static initializer in class com/fasterxml/jackson/core/TokenStreamFactory
2024-11-12 13:43:07,607 INFO  EvoClassLoader - Keeping class: com.fasterxml.jackson.core.TokenStreamFactory
2024-11-12 13:43:07,607 INFO  EvoClassLoader - Seeing class for first time: com.fasterxml.jackson.core.io.DataOutputAsStream
2024-11-12 13:43:07,607 INFO  EvoClassLoader - Instrumenting class 'com.fasterxml.jackson.core.io.DataOutputAsStream'.
2024-11-12 13:43:07,607 INFO  MethodCallReplacementClassAdapter - Adding mock interface to class com/fasterxml/jackson/core/io/DataOutputAsStream
2024-11-12 13:43:07,607 INFO  CreateClassResetClassAdapter - Creating brand-new static initializer in class com/fasterxml/jackson/core/io/DataOutputAsStream
2024-11-12 13:43:07,607 INFO  EvoClassLoader - Defined package (3): package com.fasterxml.jackson.core.io, -12787315
2024-11-12 13:43:07,607 INFO  EvoClassLoader - Keeping class: com.fasterxml.jackson.core.io.DataOutputAsStream
2024-11-12 13:43:07,607 INFO  EvoClassLoader - Seeing class for first time: com.fasterxml.jackson.core.FormatSchema
2024-11-12 13:43:07,607 INFO  EvoClassLoader - Instrumenting class 'com.fasterxml.jackson.core.FormatSchema'.
2024-11-12 13:43:07,608 INFO  EvoClassLoader - Keeping class: com.fasterxml.jackson.core.FormatSchema
2024-11-12 13:43:07,608 INFO  EvoClassLoader - Seeing class for first time: com.fasterxml.jackson.core.JsonParser$Feature
2024-11-12 13:43:07,608 INFO  EvoClassLoader - Instrumenting class 'com.fasterxml.jackson.core.JsonParser$Feature'.
2024-11-12 13:43:07,608 INFO  MethodCallReplacementClassAdapter - Adding mock interface to class com/fasterxml/jackson/core/JsonParser$Feature
2024-11-12 13:43:07,608 INFO  CreateClassResetClassAdapter - Found static initializer in class com/fasterxml/jackson/core/JsonParser$Feature
2024-11-12 13:43:07,608 INFO  EvoClassLoader - Keeping class: com.fasterxml.jackson.core.JsonParser$Feature
2024-11-12 13:43:07,608 INFO  EvoClassLoader - Seeing class for first time: com.fasterxml.jackson.core.JsonGenerator$Feature
2024-11-12 13:43:07,608 INFO  EvoClassLoader - Instrumenting class 'com.fasterxml.jackson.core.JsonGenerator$Feature'.
2024-11-12 13:43:07,608 INFO  MethodCallReplacementClassAdapter - Adding mock interface to class com/fasterxml/jackson/core/JsonGenerator$Feature
2024-11-12 13:43:07,608 INFO  CreateClassResetClassAdapter - Found static initializer in class com/fasterxml/jackson/core/JsonGenerator$Feature
2024-11-12 13:43:07,609 INFO  EvoClassLoader - Keeping class: com.fasterxml.jackson.core.JsonGenerator$Feature
2024-11-12 13:43:07,609 INFO  EvoClassLoader - Seeing class for first time: com.fasterxml.jackson.core.JsonEncoding
2024-11-12 13:43:07,609 INFO  EvoClassLoader - Instrumenting class 'com.fasterxml.jackson.core.JsonEncoding'.
2024-11-12 13:43:07,609 INFO  MethodCallReplacementClassAdapter - Adding mock interface to class com/fasterxml/jackson/core/JsonEncoding
2024-11-12 13:43:07,609 INFO  CreateClassResetClassAdapter - Found static initializer in class com/fasterxml/jackson/core/JsonEncoding
2024-11-12 13:43:07,609 INFO  EvoClassLoader - Keeping class: com.fasterxml.jackson.core.JsonEncoding
2024-11-12 13:43:07,609 INFO  EvoClassLoader - Seeing class for first time: com.fasterxml.jackson.core.JsonParser
2024-11-12 13:43:07,609 INFO  EvoClassLoader - Instrumenting class 'com.fasterxml.jackson.core.JsonParser'.
2024-11-12 13:43:07,609 INFO  MethodCallReplacementClassAdapter - Adding mock interface to class com/fasterxml/jackson/core/JsonParser
2024-11-12 13:43:07,610 INFO  CreateClassResetClassAdapter - Found static initializer in class com/fasterxml/jackson/core/JsonParser
2024-11-12 13:43:07,610 INFO  EvoClassLoader - Keeping class: com.fasterxml.jackson.core.JsonParser
2024-11-12 13:43:07,610 INFO  EvoClassLoader - Seeing class for first time: com.fasterxml.jackson.core.JsonFactory$Feature
2024-11-12 13:43:07,610 INFO  EvoClassLoader - Instrumenting class 'com.fasterxml.jackson.core.JsonFactory$Feature'.
2024-11-12 13:43:07,611 INFO  MethodCallReplacementClassAdapter - Adding mock interface to class com/fasterxml/jackson/core/JsonFactory$Feature
2024-11-12 13:43:07,611 INFO  CreateClassResetClassAdapter - Found static initializer in class com/fasterxml/jackson/core/JsonFactory$Feature
2024-11-12 13:43:07,611 INFO  EvoClassLoader - Seeing class for first time: com.fasterxml.jackson.core.util.JacksonFeature
2024-11-12 13:43:07,611 INFO  EvoClassLoader - Instrumenting class 'com.fasterxml.jackson.core.util.JacksonFeature'.
2024-11-12 13:43:07,611 INFO  EvoClassLoader - Defined package (3): package com.fasterxml.jackson.core.util, 596657833
2024-11-12 13:43:07,611 INFO  EvoClassLoader - Keeping class: com.fasterxml.jackson.core.util.JacksonFeature
2024-11-12 13:43:07,611 INFO  EvoClassLoader - Keeping class: com.fasterxml.jackson.core.JsonFactory$Feature
2024-11-12 13:43:07,611 INFO  EvoClassLoader - Seeing class for first time: com.fasterxml.jackson.core.JsonFactory
2024-11-12 13:43:07,611 INFO  EvoClassLoader - Instrumenting class 'com.fasterxml.jackson.core.JsonFactory'.
2024-11-12 13:43:07,613 INFO  MethodCallReplacementClassAdapter - Adding mock interface to class com/fasterxml/jackson/core/JsonFactory
2024-11-12 13:43:07,615 INFO  CreateClassResetClassAdapter - Found static initializer in class com/fasterxml/jackson/core/JsonFactory
2024-11-12 13:43:07,616 INFO  EvoClassLoader - Keeping class: com.fasterxml.jackson.core.JsonFactory
2024-11-12 13:43:07,616 INFO  EvoClassLoader - Seeing class for first time: com.fasterxml.jackson.core.io.CharTypes
2024-11-12 13:43:07,616 INFO  EvoClassLoader - Instrumenting class 'com.fasterxml.jackson.core.io.CharTypes'.
2024-11-12 13:43:07,617 INFO  MethodCallReplacementClassAdapter - Adding mock interface to class com/fasterxml/jackson/core/io/CharTypes
2024-11-12 13:43:07,617 INFO  CreateClassResetClassAdapter - Found static initializer in class com/fasterxml/jackson/core/io/CharTypes
2024-11-12 13:43:07,617 INFO  EvoClassLoader - Keeping class: com.fasterxml.jackson.core.io.CharTypes
2024-11-12 13:43:07,617 INFO  EvoClassLoader - Seeing class for first time: com.fasterxml.jackson.core.io.JsonStringEncoder
2024-11-12 13:43:07,617 INFO  EvoClassLoader - Instrumenting class 'com.fasterxml.jackson.core.io.JsonStringEncoder'.
2024-11-12 13:43:07,618 INFO  MethodCallReplacementClassAdapter - Adding mock interface to class com/fasterxml/jackson/core/io/JsonStringEncoder
2024-11-12 13:43:07,619 INFO  CreateClassResetClassAdapter - Found static initializer in class com/fasterxml/jackson/core/io/JsonStringEncoder
2024-11-12 13:43:07,620 INFO  EvoClassLoader - Keeping class: com.fasterxml.jackson.core.io.JsonStringEncoder
2024-11-12 13:43:07,620 INFO  EvoClassLoader - Seeing class for first time: com.fasterxml.jackson.core.util.ByteArrayBuilder
2024-11-12 13:43:07,620 INFO  EvoClassLoader - Instrumenting class 'com.fasterxml.jackson.core.util.ByteArrayBuilder'.
2024-11-12 13:43:07,620 INFO  MethodCallReplacementClassAdapter - Adding mock interface to class com/fasterxml/jackson/core/util/ByteArrayBuilder
2024-11-12 13:43:07,621 INFO  CreateClassResetClassAdapter - Found static initializer in class com/fasterxml/jackson/core/util/ByteArrayBuilder
2024-11-12 13:43:07,621 INFO  EvoClassLoader - Keeping class: com.fasterxml.jackson.core.util.ByteArrayBuilder
2024-11-12 13:43:07,621 INFO  EvoClassLoader - Seeing class for first time: com.fasterxml.jackson.core.io.SerializedString
2024-11-12 13:43:07,621 INFO  EvoClassLoader - Instrumenting class 'com.fasterxml.jackson.core.io.SerializedString'.
2024-11-12 13:43:07,621 INFO  MethodCallReplacementClassAdapter - Adding mock interface to class com/fasterxml/jackson/core/io/SerializedString
2024-11-12 13:43:07,622 INFO  CreateClassResetClassAdapter - Found static initializer in class com/fasterxml/jackson/core/io/SerializedString
2024-11-12 13:43:07,622 INFO  EvoClassLoader - Seeing class for first time: com.fasterxml.jackson.core.SerializableString
2024-11-12 13:43:07,622 INFO  EvoClassLoader - Instrumenting class 'com.fasterxml.jackson.core.SerializableString'.
2024-11-12 13:43:07,622 INFO  EvoClassLoader - Keeping class: com.fasterxml.jackson.core.SerializableString
2024-11-12 13:43:07,622 INFO  EvoClassLoader - Keeping class: com.fasterxml.jackson.core.io.SerializedString
2024-11-12 13:43:07,623 INFO  EvoClassLoader - Seeing class for first time: com.fasterxml.jackson.core.util.DefaultPrettyPrinter
2024-11-12 13:43:07,623 INFO  EvoClassLoader - Instrumenting class 'com.fasterxml.jackson.core.util.DefaultPrettyPrinter'.
2024-11-12 13:43:07,623 INFO  MethodCallReplacementClassAdapter - Adding mock interface to class com/fasterxml/jackson/core/util/DefaultPrettyPrinter
2024-11-12 13:43:07,624 INFO  CreateClassResetClassAdapter - Found static initializer in class com/fasterxml/jackson/core/util/DefaultPrettyPrinter
2024-11-12 13:43:07,624 INFO  EvoClassLoader - Seeing class for first time: com.fasterxml.jackson.core.PrettyPrinter
2024-11-12 13:43:07,624 INFO  EvoClassLoader - Instrumenting class 'com.fasterxml.jackson.core.PrettyPrinter'.
2024-11-12 13:43:07,625 INFO  EvoClassLoader - Keeping class: com.fasterxml.jackson.core.PrettyPrinter
2024-11-12 13:43:07,625 INFO  EvoClassLoader - Seeing class for first time: com.fasterxml.jackson.core.util.Instantiatable
2024-11-12 13:43:07,625 INFO  EvoClassLoader - Instrumenting class 'com.fasterxml.jackson.core.util.Instantiatable'.
2024-11-12 13:43:07,625 INFO  EvoClassLoader - Keeping class: com.fasterxml.jackson.core.util.Instantiatable
2024-11-12 13:43:07,625 INFO  EvoClassLoader - Keeping class: com.fasterxml.jackson.core.util.DefaultPrettyPrinter
2024-11-12 13:43:07,625 INFO  EvoClassLoader - Seeing class for first time: com.fasterxml.jackson.core.util.DefaultPrettyPrinter$Indenter
2024-11-12 13:43:07,625 INFO  EvoClassLoader - Instrumenting class 'com.fasterxml.jackson.core.util.DefaultPrettyPrinter$Indenter'.
2024-11-12 13:43:07,626 INFO  EvoClassLoader - Keeping class: com.fasterxml.jackson.core.util.DefaultPrettyPrinter$Indenter
2024-11-12 13:43:07,626 INFO  EvoClassLoader - Seeing class for first time: com.fasterxml.jackson.core.util.Separators
2024-11-12 13:43:07,626 INFO  EvoClassLoader - Instrumenting class 'com.fasterxml.jackson.core.util.Separators'.
2024-11-12 13:43:07,626 INFO  MethodCallReplacementClassAdapter - Adding mock interface to class com/fasterxml/jackson/core/util/Separators
2024-11-12 13:43:07,626 INFO  CreateClassResetClassAdapter - Creating brand-new static initializer in class com/fasterxml/jackson/core/util/Separators
2024-11-12 13:43:07,626 INFO  EvoClassLoader - Keeping class: com.fasterxml.jackson.core.util.Separators
2024-11-12 13:43:07,626 INFO  EvoClassLoader - Seeing class for first time: com.fasterxml.jackson.core.TSFBuilder
2024-11-12 13:43:07,626 INFO  EvoClassLoader - Instrumenting class 'com.fasterxml.jackson.core.TSFBuilder'.
2024-11-12 13:43:07,627 INFO  MethodCallReplacementClassAdapter - Adding mock interface to class com/fasterxml/jackson/core/TSFBuilder
2024-11-12 13:43:07,627 INFO  CreateClassResetClassAdapter - Found static initializer in class com/fasterxml/jackson/core/TSFBuilder
2024-11-12 13:43:07,628 INFO  EvoClassLoader - Keeping class: com.fasterxml.jackson.core.TSFBuilder
2024-11-12 13:43:07,628 INFO  EvoClassLoader - Seeing class for first time: com.fasterxml.jackson.core.JsonFactoryBuilder
2024-11-12 13:43:07,628 INFO  EvoClassLoader - Instrumenting class 'com.fasterxml.jackson.core.JsonFactoryBuilder'.
2024-11-12 13:43:07,628 INFO  MethodCallReplacementClassAdapter - Adding mock interface to class com/fasterxml/jackson/core/JsonFactoryBuilder
2024-11-12 13:43:07,628 INFO  CreateClassResetClassAdapter - Creating brand-new static initializer in class com/fasterxml/jackson/core/JsonFactoryBuilder
2024-11-12 13:43:07,629 INFO  EvoClassLoader - Keeping class: com.fasterxml.jackson.core.JsonFactoryBuilder
2024-11-12 13:43:07,629 INFO  EvoClassLoader - Seeing class for first time: com.fasterxml.jackson.core.json.UTF8DataInputJsonParser
2024-11-12 13:43:07,629 INFO  EvoClassLoader - Instrumenting class 'com.fasterxml.jackson.core.json.UTF8DataInputJsonParser'.
2024-11-12 13:43:07,630 INFO  MethodCallReplacementClassAdapter - Adding mock interface to class com/fasterxml/jackson/core/json/UTF8DataInputJsonParser
2024-11-12 13:43:07,631 INFO  CreateClassResetClassAdapter - Found static initializer in class com/fasterxml/jackson/core/json/UTF8DataInputJsonParser
2024-11-12 13:43:07,631 INFO  EvoClassLoader - Defined package (3): package com.fasterxml.jackson.core.json, 596329359
2024-11-12 13:43:07,633 INFO  EvoClassLoader - Seeing class for first time: com.fasterxml.jackson.core.base.ParserBase
2024-11-12 13:43:07,633 INFO  EvoClassLoader - Instrumenting class 'com.fasterxml.jackson.core.base.ParserBase'.
2024-11-12 13:43:07,634 INFO  MethodCallReplacementClassAdapter - Adding mock interface to class com/fasterxml/jackson/core/base/ParserBase
2024-11-12 13:43:07,636 INFO  CreateClassResetClassAdapter - Found static initializer in class com/fasterxml/jackson/core/base/ParserBase
2024-11-12 13:43:07,636 INFO  EvoClassLoader - Defined package (3): package com.fasterxml.jackson.core.base, 596073848
2024-11-12 13:43:07,638 INFO  EvoClassLoader - Seeing class for first time: com.fasterxml.jackson.core.base.ParserMinimalBase
2024-11-12 13:43:07,638 INFO  EvoClassLoader - Instrumenting class 'com.fasterxml.jackson.core.base.ParserMinimalBase'.
2024-11-12 13:43:07,638 INFO  MethodCallReplacementClassAdapter - Adding mock interface to class com/fasterxml/jackson/core/base/ParserMinimalBase
2024-11-12 13:43:07,640 INFO  CreateClassResetClassAdapter - Found static initializer in class com/fasterxml/jackson/core/base/ParserMinimalBase
2024-11-12 13:43:07,641 INFO  EvoClassLoader - Keeping class: com.fasterxml.jackson.core.base.ParserMinimalBase
2024-11-12 13:43:07,641 INFO  EvoClassLoader - Keeping class: com.fasterxml.jackson.core.base.ParserBase
2024-11-12 13:43:07,641 INFO  EvoClassLoader - Keeping class: com.fasterxml.jackson.core.json.UTF8DataInputJsonParser
2024-11-12 13:43:07,641 INFO  EvoClassLoader - Seeing class for first time: com.fasterxml.jackson.core.json.ReaderBasedJsonParser
2024-11-12 13:43:07,641 INFO  EvoClassLoader - Instrumenting class 'com.fasterxml.jackson.core.json.ReaderBasedJsonParser'.
2024-11-12 13:43:07,642 INFO  MethodCallReplacementClassAdapter - Adding mock interface to class com/fasterxml/jackson/core/json/ReaderBasedJsonParser
2024-11-12 13:43:07,644 INFO  CreateClassResetClassAdapter - Found static initializer in class com/fasterxml/jackson/core/json/ReaderBasedJsonParser
2024-11-12 13:43:07,646 INFO  EvoClassLoader - Keeping class: com.fasterxml.jackson.core.json.ReaderBasedJsonParser
2024-11-12 13:43:07,646 INFO  EvoClassLoader - Seeing class for first time: com.fasterxml.jackson.core.json.async.NonBlockingJsonParser
2024-11-12 13:43:07,646 INFO  EvoClassLoader - Instrumenting class 'com.fasterxml.jackson.core.json.async.NonBlockingJsonParser'.
2024-11-12 13:43:07,647 INFO  MethodCallReplacementClassAdapter - Adding mock interface to class com/fasterxml/jackson/core/json/async/NonBlockingJsonParser
2024-11-12 13:43:07,650 INFO  CreateClassResetClassAdapter - Found static initializer in class com/fasterxml/jackson/core/json/async/NonBlockingJsonParser
2024-11-12 13:43:07,650 INFO  EvoClassLoader - Defined package (3): package com.fasterxml.jackson.core.json.async, 829688669
2024-11-12 13:43:07,651 INFO  EvoClassLoader - Seeing class for first time: com.fasterxml.jackson.core.async.ByteArrayFeeder
2024-11-12 13:43:07,651 INFO  EvoClassLoader - Instrumenting class 'com.fasterxml.jackson.core.async.ByteArrayFeeder'.
2024-11-12 13:43:07,651 INFO  EvoClassLoader - Defined package (3): package com.fasterxml.jackson.core.async, 1298038965
2024-11-12 13:43:07,651 INFO  EvoClassLoader - Seeing class for first time: com.fasterxml.jackson.core.async.NonBlockingInputFeeder
2024-11-12 13:43:07,651 INFO  EvoClassLoader - Instrumenting class 'com.fasterxml.jackson.core.async.NonBlockingInputFeeder'.
2024-11-12 13:43:07,651 INFO  EvoClassLoader - Keeping class: com.fasterxml.jackson.core.async.NonBlockingInputFeeder
2024-11-12 13:43:07,651 INFO  EvoClassLoader - Keeping class: com.fasterxml.jackson.core.async.ByteArrayFeeder
2024-11-12 13:43:07,652 INFO  EvoClassLoader - Seeing class for first time: com.fasterxml.jackson.core.json.async.NonBlockingJsonParserBase
2024-11-12 13:43:07,652 INFO  EvoClassLoader - Instrumenting class 'com.fasterxml.jackson.core.json.async.NonBlockingJsonParserBase'.
2024-11-12 13:43:07,652 INFO  MethodCallReplacementClassAdapter - Adding mock interface to class com/fasterxml/jackson/core/json/async/NonBlockingJsonParserBase
2024-11-12 13:43:07,653 INFO  CreateClassResetClassAdapter - Found static initializer in class com/fasterxml/jackson/core/json/async/NonBlockingJsonParserBase
2024-11-12 13:43:07,654 INFO  EvoClassLoader - Keeping class: com.fasterxml.jackson.core.json.async.NonBlockingJsonParserBase
2024-11-12 13:43:07,654 INFO  EvoClassLoader - Keeping class: com.fasterxml.jackson.core.json.async.NonBlockingJsonParser
2024-11-12 13:43:07,654 INFO  EvoClassLoader - Seeing class for first time: com.fasterxml.jackson.core.json.UTF8JsonGenerator
2024-11-12 13:43:07,654 INFO  EvoClassLoader - Instrumenting class 'com.fasterxml.jackson.core.json.UTF8JsonGenerator'.
2024-11-12 13:43:07,655 INFO  MethodCallReplacementClassAdapter - Adding mock interface to class com/fasterxml/jackson/core/json/UTF8JsonGenerator
2024-11-12 13:43:07,658 INFO  CreateClassResetClassAdapter - Found static initializer in class com/fasterxml/jackson/core/json/UTF8JsonGenerator
2024-11-12 13:43:07,660 INFO  EvoClassLoader - Seeing class for first time: com.fasterxml.jackson.core.json.JsonGeneratorImpl
2024-11-12 13:43:07,660 INFO  EvoClassLoader - Instrumenting class 'com.fasterxml.jackson.core.json.JsonGeneratorImpl'.
2024-11-12 13:43:07,660 INFO  MethodCallReplacementClassAdapter - Adding mock interface to class com/fasterxml/jackson/core/json/JsonGeneratorImpl
2024-11-12 13:43:07,660 INFO  CreateClassResetClassAdapter - Found static initializer in class com/fasterxml/jackson/core/json/JsonGeneratorImpl
2024-11-12 13:43:07,661 INFO  EvoClassLoader - Seeing class for first time: com.fasterxml.jackson.core.base.GeneratorBase
2024-11-12 13:43:07,661 INFO  EvoClassLoader - Instrumenting class 'com.fasterxml.jackson.core.base.GeneratorBase'.
2024-11-12 13:43:07,661 INFO  MethodCallReplacementClassAdapter - Adding mock interface to class com/fasterxml/jackson/core/base/GeneratorBase
2024-11-12 13:43:07,661 INFO  CreateClassResetClassAdapter - Found static initializer in class com/fasterxml/jackson/core/base/GeneratorBase
2024-11-12 13:43:07,662 INFO  EvoClassLoader - Keeping class: com.fasterxml.jackson.core.base.GeneratorBase
2024-11-12 13:43:07,662 INFO  EvoClassLoader - Keeping class: com.fasterxml.jackson.core.json.JsonGeneratorImpl
2024-11-12 13:43:07,662 INFO  EvoClassLoader - Keeping class: com.fasterxml.jackson.core.json.UTF8JsonGenerator
2024-11-12 13:43:07,662 INFO  EvoClassLoader - Seeing class for first time: com.fasterxml.jackson.core.io.UTF8Writer
2024-11-12 13:43:07,662 INFO  EvoClassLoader - Instrumenting class 'com.fasterxml.jackson.core.io.UTF8Writer'.
2024-11-12 13:43:07,662 INFO  MethodCallReplacementClassAdapter - Adding mock interface to class com/fasterxml/jackson/core/io/UTF8Writer
2024-11-12 13:43:07,663 INFO  CreateClassResetClassAdapter - Creating brand-new static initializer in class com/fasterxml/jackson/core/io/UTF8Writer
2024-11-12 13:43:07,663 INFO  CreateClassResetClassAdapter - Adding bytecode for initializing field SURR1_FIRST
2024-11-12 13:43:07,663 INFO  CreateClassResetClassAdapter - Adding bytecode for initializing field SURR1_LAST
2024-11-12 13:43:07,663 INFO  CreateClassResetClassAdapter - Adding bytecode for initializing field SURR2_FIRST
2024-11-12 13:43:07,663 INFO  CreateClassResetClassAdapter - Adding bytecode for initializing field SURR2_LAST
2024-11-12 13:43:07,663 INFO  EvoClassLoader - Keeping class: com.fasterxml.jackson.core.io.UTF8Writer
2024-11-12 13:43:07,663 INFO  EvoClassLoader - Seeing class for first time: com.fasterxml.jackson.core.json.WriterBasedJsonGenerator
2024-11-12 13:43:07,663 INFO  EvoClassLoader - Instrumenting class 'com.fasterxml.jackson.core.json.WriterBasedJsonGenerator'.
2024-11-12 13:43:07,664 INFO  MethodCallReplacementClassAdapter - Adding mock interface to class com/fasterxml/jackson/core/json/WriterBasedJsonGenerator
2024-11-12 13:43:07,665 INFO  CreateClassResetClassAdapter - Found static initializer in class com/fasterxml/jackson/core/json/WriterBasedJsonGenerator
2024-11-12 13:43:07,666 INFO  EvoClassLoader - Keeping class: com.fasterxml.jackson.core.json.WriterBasedJsonGenerator
2024-11-12 13:43:07,666 INFO  EvoClassLoader - Seeing class for first time: com.fasterxml.jackson.core.ObjectCodec
2024-11-12 13:43:07,666 INFO  EvoClassLoader - Instrumenting class 'com.fasterxml.jackson.core.ObjectCodec'.
2024-11-12 13:43:07,666 INFO  MethodCallReplacementClassAdapter - Adding mock interface to class com/fasterxml/jackson/core/ObjectCodec
2024-11-12 13:43:07,666 INFO  CreateClassResetClassAdapter - Creating brand-new static initializer in class com/fasterxml/jackson/core/ObjectCodec
2024-11-12 13:43:07,667 INFO  EvoClassLoader - Seeing class for first time: com.fasterxml.jackson.core.TreeCodec
2024-11-12 13:43:07,667 INFO  EvoClassLoader - Instrumenting class 'com.fasterxml.jackson.core.TreeCodec'.
2024-11-12 13:43:07,667 INFO  MethodCallReplacementClassAdapter - Adding mock interface to class com/fasterxml/jackson/core/TreeCodec
2024-11-12 13:43:07,667 INFO  CreateClassResetClassAdapter - Creating brand-new static initializer in class com/fasterxml/jackson/core/TreeCodec
2024-11-12 13:43:07,667 INFO  EvoClassLoader - Keeping class: com.fasterxml.jackson.core.TreeCodec
2024-11-12 13:43:07,667 INFO  EvoClassLoader - Keeping class: com.fasterxml.jackson.core.ObjectCodec
2024-11-12 13:43:07,667 INFO  EvoClassLoader - Seeing class for first time: com.fasterxml.jackson.core.io.CharacterEscapes
2024-11-12 13:43:07,667 INFO  EvoClassLoader - Instrumenting class 'com.fasterxml.jackson.core.io.CharacterEscapes'.
2024-11-12 13:43:07,667 INFO  MethodCallReplacementClassAdapter - Adding mock interface to class com/fasterxml/jackson/core/io/CharacterEscapes
2024-11-12 13:43:07,667 INFO  CreateClassResetClassAdapter - Creating brand-new static initializer in class com/fasterxml/jackson/core/io/CharacterEscapes
2024-11-12 13:43:07,667 INFO  CreateClassResetClassAdapter - Adding bytecode for initializing field ESCAPE_NONE
2024-11-12 13:43:07,667 INFO  CreateClassResetClassAdapter - Adding bytecode for initializing field ESCAPE_STANDARD
2024-11-12 13:43:07,667 INFO  CreateClassResetClassAdapter - Adding bytecode for initializing field ESCAPE_CUSTOM
2024-11-12 13:43:07,667 INFO  EvoClassLoader - Keeping class: com.fasterxml.jackson.core.io.CharacterEscapes
2024-11-12 13:43:07,667 INFO  EvoClassLoader - Seeing class for first time: com.fasterxml.jackson.core.StreamReadFeature
2024-11-12 13:43:07,667 INFO  EvoClassLoader - Instrumenting class 'com.fasterxml.jackson.core.StreamReadFeature'.
2024-11-12 13:43:07,667 INFO  MethodCallReplacementClassAdapter - Adding mock interface to class com/fasterxml/jackson/core/StreamReadFeature
2024-11-12 13:43:07,668 INFO  CreateClassResetClassAdapter - Found static initializer in class com/fasterxml/jackson/core/StreamReadFeature
2024-11-12 13:43:07,668 INFO  EvoClassLoader - Keeping class: com.fasterxml.jackson.core.StreamReadFeature
2024-11-12 13:43:07,668 INFO  EvoClassLoader - Seeing class for first time: com.fasterxml.jackson.core.StreamWriteFeature
2024-11-12 13:43:07,668 INFO  EvoClassLoader - Instrumenting class 'com.fasterxml.jackson.core.StreamWriteFeature'.
2024-11-12 13:43:07,668 INFO  MethodCallReplacementClassAdapter - Adding mock interface to class com/fasterxml/jackson/core/StreamWriteFeature
2024-11-12 13:43:07,668 INFO  CreateClassResetClassAdapter - Found static initializer in class com/fasterxml/jackson/core/StreamWriteFeature
2024-11-12 13:43:07,668 INFO  EvoClassLoader - Keeping class: com.fasterxml.jackson.core.StreamWriteFeature
2024-11-12 13:43:07,668 INFO  EvoClassLoader - Seeing class for first time: com.fasterxml.jackson.core.format.InputAccessor
2024-11-12 13:43:07,668 INFO  EvoClassLoader - Instrumenting class 'com.fasterxml.jackson.core.format.InputAccessor'.
2024-11-12 13:43:07,668 INFO  EvoClassLoader - Defined package (3): package com.fasterxml.jackson.core.format, 1723744478
2024-11-12 13:43:07,668 INFO  EvoClassLoader - Keeping class: com.fasterxml.jackson.core.format.InputAccessor
2024-11-12 13:43:07,668 INFO  EvoClassLoader - Seeing class for first time: com.fasterxml.jackson.core.format.MatchStrength
2024-11-12 13:43:07,668 INFO  EvoClassLoader - Instrumenting class 'com.fasterxml.jackson.core.format.MatchStrength'.
2024-11-12 13:43:07,669 INFO  MethodCallReplacementClassAdapter - Adding mock interface to class com/fasterxml/jackson/core/format/MatchStrength
2024-11-12 13:43:07,669 INFO  CreateClassResetClassAdapter - Found static initializer in class com/fasterxml/jackson/core/format/MatchStrength
2024-11-12 13:43:07,669 INFO  EvoClassLoader - Keeping class: com.fasterxml.jackson.core.format.MatchStrength
2024-11-12 13:43:07,669 INFO  EvoClassLoader - Seeing class for first time: com.fasterxml.jackson.core.io.InputDecorator
2024-11-12 13:43:07,669 INFO  EvoClassLoader - Instrumenting class 'com.fasterxml.jackson.core.io.InputDecorator'.
2024-11-12 13:43:07,669 INFO  MethodCallReplacementClassAdapter - Adding mock interface to class com/fasterxml/jackson/core/io/InputDecorator
2024-11-12 13:43:07,669 INFO  CreateClassResetClassAdapter - Creating brand-new static initializer in class com/fasterxml/jackson/core/io/InputDecorator
2024-11-12 13:43:07,669 INFO  EvoClassLoader - Keeping class: com.fasterxml.jackson.core.io.InputDecorator
2024-11-12 13:43:07,669 INFO  EvoClassLoader - Seeing class for first time: com.fasterxml.jackson.core.io.OutputDecorator
2024-11-12 13:43:07,669 INFO  EvoClassLoader - Instrumenting class 'com.fasterxml.jackson.core.io.OutputDecorator'.
2024-11-12 13:43:07,669 INFO  MethodCallReplacementClassAdapter - Adding mock interface to class com/fasterxml/jackson/core/io/OutputDecorator
2024-11-12 13:43:07,669 INFO  CreateClassResetClassAdapter - Creating brand-new static initializer in class com/fasterxml/jackson/core/io/OutputDecorator
2024-11-12 13:43:07,669 INFO  EvoClassLoader - Keeping class: com.fasterxml.jackson.core.io.OutputDecorator
2024-11-12 13:43:07,669 INFO  EvoClassLoader - Seeing class for first time: com.fasterxml.jackson.core.JsonParseException
2024-11-12 13:43:07,669 INFO  EvoClassLoader - Instrumenting class 'com.fasterxml.jackson.core.JsonParseException'.
2024-11-12 13:43:07,669 INFO  MethodCallReplacementClassAdapter - Adding mock interface to class com/fasterxml/jackson/core/JsonParseException
2024-11-12 13:43:07,669 INFO  CreateClassResetClassAdapter - Creating brand-new static initializer in class com/fasterxml/jackson/core/JsonParseException
2024-11-12 13:43:07,669 INFO  EvoClassLoader - Seeing class for first time: com.fasterxml.jackson.core.exc.StreamReadException
2024-11-12 13:43:07,669 INFO  EvoClassLoader - Instrumenting class 'com.fasterxml.jackson.core.exc.StreamReadException'.
2024-11-12 13:43:07,670 INFO  MethodCallReplacementClassAdapter - Adding mock interface to class com/fasterxml/jackson/core/exc/StreamReadException
2024-11-12 13:43:07,670 INFO  CreateClassResetClassAdapter - Creating brand-new static initializer in class com/fasterxml/jackson/core/exc/StreamReadException
2024-11-12 13:43:07,670 INFO  EvoClassLoader - Defined package (3): package com.fasterxml.jackson.core.exc, -396410231
2024-11-12 13:43:07,670 INFO  EvoClassLoader - Seeing class for first time: com.fasterxml.jackson.core.JsonProcessingException
2024-11-12 13:43:07,670 INFO  EvoClassLoader - Instrumenting class 'com.fasterxml.jackson.core.JsonProcessingException'.
2024-11-12 13:43:07,670 INFO  MethodCallReplacementClassAdapter - Adding mock interface to class com/fasterxml/jackson/core/JsonProcessingException
2024-11-12 13:43:07,670 INFO  CreateClassResetClassAdapter - Creating brand-new static initializer in class com/fasterxml/jackson/core/JsonProcessingException
2024-11-12 13:43:07,670 INFO  EvoClassLoader - Seeing class for first time: com.fasterxml.jackson.core.JacksonException
2024-11-12 13:43:07,670 INFO  EvoClassLoader - Instrumenting class 'com.fasterxml.jackson.core.JacksonException'.
2024-11-12 13:43:07,670 INFO  MethodCallReplacementClassAdapter - Adding mock interface to class com/fasterxml/jackson/core/JacksonException
2024-11-12 13:43:07,670 INFO  CreateClassResetClassAdapter - Creating brand-new static initializer in class com/fasterxml/jackson/core/JacksonException
2024-11-12 13:43:07,671 INFO  EvoClassLoader - Keeping class: com.fasterxml.jackson.core.JacksonException
2024-11-12 13:43:07,671 INFO  EvoClassLoader - Keeping class: com.fasterxml.jackson.core.JsonProcessingException
2024-11-12 13:43:07,671 INFO  EvoClassLoader - Keeping class: com.fasterxml.jackson.core.exc.StreamReadException
2024-11-12 13:43:07,671 INFO  EvoClassLoader - Keeping class: com.fasterxml.jackson.core.JsonParseException
2024-11-12 13:43:07,671 INFO  EvoClassLoader - Seeing class for first time: com.fasterxml.jackson.core.io.IOContext
2024-11-12 13:43:07,671 INFO  EvoClassLoader - Instrumenting class 'com.fasterxml.jackson.core.io.IOContext'.
2024-11-12 13:43:07,671 INFO  MethodCallReplacementClassAdapter - Adding mock interface to class com/fasterxml/jackson/core/io/IOContext
2024-11-12 13:43:07,672 INFO  CreateClassResetClassAdapter - Creating brand-new static initializer in class com/fasterxml/jackson/core/io/IOContext
2024-11-12 13:43:07,672 INFO  EvoClassLoader - Keeping class: com.fasterxml.jackson.core.io.IOContext
2024-11-12 13:43:07,679 INFO  EvoClassLoader - Seeing class for first time: com.fasterxml.jackson.core.util.BufferRecycler
2024-11-12 13:43:07,679 INFO  EvoClassLoader - Instrumenting class 'com.fasterxml.jackson.core.util.BufferRecycler'.
2024-11-12 13:43:07,679 INFO  MethodCallReplacementClassAdapter - Adding mock interface to class com/fasterxml/jackson/core/util/BufferRecycler
2024-11-12 13:43:07,680 INFO  CreateClassResetClassAdapter - Found static initializer in class com/fasterxml/jackson/core/util/BufferRecycler
2024-11-12 13:43:07,680 INFO  EvoClassLoader - Keeping class: com.fasterxml.jackson.core.util.BufferRecycler
2024-11-12 13:43:07,680 INFO  EvoClassLoader - Seeing class for first time: com.fasterxml.jackson.core.Version
2024-11-12 13:43:07,680 INFO  EvoClassLoader - Instrumenting class 'com.fasterxml.jackson.core.Version'.
2024-11-12 13:43:07,680 INFO  MethodCallReplacementClassAdapter - Adding mock interface to class com/fasterxml/jackson/core/Version
2024-11-12 13:43:07,681 INFO  CreateClassResetClassAdapter - Found static initializer in class com/fasterxml/jackson/core/Version
2024-11-12 13:43:07,681 INFO  EvoClassLoader - Keeping class: com.fasterxml.jackson.core.Version
2024-11-12 13:43:07,681 INFO  EvoClassLoader - Seeing class for first time: com.fasterxml.jackson.core.sym.CharsToNameCanonicalizer
2024-11-12 13:43:07,681 INFO  EvoClassLoader - Instrumenting class 'com.fasterxml.jackson.core.sym.CharsToNameCanonicalizer'.
2024-11-12 13:43:07,682 INFO  MethodCallReplacementClassAdapter - Adding mock interface to class com/fasterxml/jackson/core/sym/CharsToNameCanonicalizer
2024-11-12 13:43:07,683 INFO  CreateClassResetClassAdapter - Creating brand-new static initializer in class com/fasterxml/jackson/core/sym/CharsToNameCanonicalizer
2024-11-12 13:43:07,683 INFO  CreateClassResetClassAdapter - Adding bytecode for initializing field HASH_MULT
2024-11-12 13:43:07,683 INFO  CreateClassResetClassAdapter - Adding bytecode for initializing field DEFAULT_T_SIZE
2024-11-12 13:43:07,683 INFO  CreateClassResetClassAdapter - Adding bytecode for initializing field MAX_T_SIZE
2024-11-12 13:43:07,683 INFO  CreateClassResetClassAdapter - Adding bytecode for initializing field MAX_ENTRIES_FOR_REUSE
2024-11-12 13:43:07,683 INFO  CreateClassResetClassAdapter - Adding bytecode for initializing field MAX_COLL_CHAIN_LENGTH
2024-11-12 13:43:07,683 INFO  EvoClassLoader - Defined package (3): package com.fasterxml.jackson.core.sym, -396396736
2024-11-12 13:43:07,683 INFO  EvoClassLoader - Keeping class: com.fasterxml.jackson.core.sym.CharsToNameCanonicalizer
2024-11-12 13:43:07,684 INFO  EvoClassLoader - Seeing class for first time: com.fasterxml.jackson.core.sym.CharsToNameCanonicalizer$TableInfo
2024-11-12 13:43:07,684 INFO  EvoClassLoader - Instrumenting class 'com.fasterxml.jackson.core.sym.CharsToNameCanonicalizer$TableInfo'.
2024-11-12 13:43:07,684 INFO  MethodCallReplacementClassAdapter - Adding mock interface to class com/fasterxml/jackson/core/sym/CharsToNameCanonicalizer$TableInfo
2024-11-12 13:43:07,684 INFO  CreateClassResetClassAdapter - Creating brand-new static initializer in class com/fasterxml/jackson/core/sym/CharsToNameCanonicalizer$TableInfo
2024-11-12 13:43:07,684 INFO  EvoClassLoader - Keeping class: com.fasterxml.jackson.core.sym.CharsToNameCanonicalizer$TableInfo
2024-11-12 13:43:07,684 INFO  EvoClassLoader - Seeing class for first time: com.fasterxml.jackson.core.sym.CharsToNameCanonicalizer$Bucket
2024-11-12 13:43:07,684 INFO  EvoClassLoader - Instrumenting class 'com.fasterxml.jackson.core.sym.CharsToNameCanonicalizer$Bucket'.
2024-11-12 13:43:07,684 INFO  MethodCallReplacementClassAdapter - Adding mock interface to class com/fasterxml/jackson/core/sym/CharsToNameCanonicalizer$Bucket
2024-11-12 13:43:07,684 INFO  CreateClassResetClassAdapter - Creating brand-new static initializer in class com/fasterxml/jackson/core/sym/CharsToNameCanonicalizer$Bucket
2024-11-12 13:43:07,685 INFO  EvoClassLoader - Keeping class: com.fasterxml.jackson.core.sym.CharsToNameCanonicalizer$Bucket
2024-11-12 13:43:07,685 INFO  EvoClassLoader - Seeing class for first time: com.fasterxml.jackson.core.sym.ByteQuadsCanonicalizer
2024-11-12 13:43:07,685 INFO  EvoClassLoader - Instrumenting class 'com.fasterxml.jackson.core.sym.ByteQuadsCanonicalizer'.
2024-11-12 13:43:07,685 INFO  MethodCallReplacementClassAdapter - Adding mock interface to class com/fasterxml/jackson/core/sym/ByteQuadsCanonicalizer
2024-11-12 13:43:07,687 INFO  CreateClassResetClassAdapter - Creating brand-new static initializer in class com/fasterxml/jackson/core/sym/ByteQuadsCanonicalizer
2024-11-12 13:43:07,687 INFO  CreateClassResetClassAdapter - Adding bytecode for initializing field DEFAULT_T_SIZE
2024-11-12 13:43:07,687 INFO  CreateClassResetClassAdapter - Adding bytecode for initializing field MAX_T_SIZE
2024-11-12 13:43:07,687 INFO  CreateClassResetClassAdapter - Adding bytecode for initializing field MIN_HASH_SIZE
2024-11-12 13:43:07,687 INFO  CreateClassResetClassAdapter - Adding bytecode for initializing field MAX_ENTRIES_FOR_REUSE
2024-11-12 13:43:07,687 INFO  CreateClassResetClassAdapter - Adding bytecode for initializing field MULT
2024-11-12 13:43:07,687 INFO  CreateClassResetClassAdapter - Adding bytecode for initializing field MULT2
2024-11-12 13:43:07,687 INFO  CreateClassResetClassAdapter - Adding bytecode for initializing field MULT3
2024-11-12 13:43:07,687 INFO  EvoClassLoader - Keeping class: com.fasterxml.jackson.core.sym.ByteQuadsCanonicalizer
2024-11-12 13:43:07,687 INFO  EvoClassLoader - Seeing class for first time: com.fasterxml.jackson.core.sym.ByteQuadsCanonicalizer$TableInfo
2024-11-12 13:43:07,687 INFO  EvoClassLoader - Instrumenting class 'com.fasterxml.jackson.core.sym.ByteQuadsCanonicalizer$TableInfo'.
2024-11-12 13:43:07,688 INFO  MethodCallReplacementClassAdapter - Adding mock interface to class com/fasterxml/jackson/core/sym/ByteQuadsCanonicalizer$TableInfo
2024-11-12 13:43:07,688 INFO  CreateClassResetClassAdapter - Creating brand-new static initializer in class com/fasterxml/jackson/core/sym/ByteQuadsCanonicalizer$TableInfo
2024-11-12 13:43:07,688 INFO  EvoClassLoader - Keeping class: com.fasterxml.jackson.core.sym.ByteQuadsCanonicalizer$TableInfo
2024-11-12 13:43:07,688 INFO  EvoClassLoader - Seeing class for first time: com.fasterxml.jackson.core.util.TextBuffer
2024-11-12 13:43:07,688 INFO  EvoClassLoader - Instrumenting class 'com.fasterxml.jackson.core.util.TextBuffer'.
2024-11-12 13:43:07,688 INFO  MethodCallReplacementClassAdapter - Adding mock interface to class com/fasterxml/jackson/core/util/TextBuffer
2024-11-12 13:43:07,689 INFO  CreateClassResetClassAdapter - Found static initializer in class com/fasterxml/jackson/core/util/TextBuffer
2024-11-12 13:43:07,689 INFO  EvoClassLoader - Keeping class: com.fasterxml.jackson.core.util.TextBuffer
2024-11-12 13:43:07,689 INFO  EvoClassLoader - Seeing class for first time: com.fasterxml.jackson.core.util.BufferRecyclers
2024-11-12 13:43:07,689 INFO  EvoClassLoader - Instrumenting class 'com.fasterxml.jackson.core.util.BufferRecyclers'.
2024-11-12 13:43:07,689 INFO  MethodCallReplacementClassAdapter - Adding mock interface to class com/fasterxml/jackson/core/util/BufferRecyclers
2024-11-12 13:43:07,690 INFO  CreateClassResetClassAdapter - Found static initializer in class com/fasterxml/jackson/core/util/BufferRecyclers
2024-11-12 13:43:07,690 INFO  EvoClassLoader - Keeping class: com.fasterxml.jackson.core.util.BufferRecyclers
2024-11-12 13:43:07,690 INFO  EvoClassLoader - Seeing class for first time: com.fasterxml.jackson.core.StreamWriteCapability
2024-11-12 13:43:07,690 INFO  EvoClassLoader - Instrumenting class 'com.fasterxml.jackson.core.StreamWriteCapability'.
2024-11-12 13:43:07,690 INFO  MethodCallReplacementClassAdapter - Adding mock interface to class com/fasterxml/jackson/core/StreamWriteCapability
2024-11-12 13:43:07,690 INFO  CreateClassResetClassAdapter - Found static initializer in class com/fasterxml/jackson/core/StreamWriteCapability
2024-11-12 13:43:07,690 INFO  EvoClassLoader - Keeping class: com.fasterxml.jackson.core.StreamWriteCapability
2024-11-12 13:43:07,690 INFO  EvoClassLoader - Seeing class for first time: com.fasterxml.jackson.core.util.JacksonFeatureSet
2024-11-12 13:43:07,690 INFO  EvoClassLoader - Instrumenting class 'com.fasterxml.jackson.core.util.JacksonFeatureSet'.
2024-11-12 13:43:07,691 INFO  MethodCallReplacementClassAdapter - Adding mock interface to class com/fasterxml/jackson/core/util/JacksonFeatureSet
2024-11-12 13:43:07,691 INFO  CreateClassResetClassAdapter - Creating brand-new static initializer in class com/fasterxml/jackson/core/util/JacksonFeatureSet
2024-11-12 13:43:07,691 INFO  EvoClassLoader - Keeping class: com.fasterxml.jackson.core.util.JacksonFeatureSet
2024-11-12 13:43:07,691 INFO  EvoClassLoader - Seeing class for first time: com.fasterxml.jackson.core.JsonGenerationException
2024-11-12 13:43:07,691 INFO  EvoClassLoader - Instrumenting class 'com.fasterxml.jackson.core.JsonGenerationException'.
2024-11-12 13:43:07,692 INFO  MethodCallReplacementClassAdapter - Adding mock interface to class com/fasterxml/jackson/core/JsonGenerationException
2024-11-12 13:43:07,692 INFO  CreateClassResetClassAdapter - Creating brand-new static initializer in class com/fasterxml/jackson/core/JsonGenerationException
2024-11-12 13:43:07,692 INFO  EvoClassLoader - Keeping class: com.fasterxml.jackson.core.JsonGenerationException
2024-11-12 13:43:07,692 INFO  EvoClassLoader - Seeing class for first time: com.fasterxml.jackson.core.Base64Variant
2024-11-12 13:43:07,692 INFO  EvoClassLoader - Instrumenting class 'com.fasterxml.jackson.core.Base64Variant'.
2024-11-12 13:43:07,693 INFO  MethodCallReplacementClassAdapter - Adding mock interface to class com/fasterxml/jackson/core/Base64Variant
2024-11-12 13:43:07,693 INFO  CreateClassResetClassAdapter - Creating brand-new static initializer in class com/fasterxml/jackson/core/Base64Variant
2024-11-12 13:43:07,693 INFO  CreateClassResetClassAdapter - Adding bytecode for initializing field INT_SPACE
2024-11-12 13:43:07,693 INFO  CreateClassResetClassAdapter - Adding bytecode for initializing field PADDING_CHAR_NONE
2024-11-12 13:43:07,693 INFO  CreateClassResetClassAdapter - Adding bytecode for initializing field BASE64_VALUE_INVALID
2024-11-12 13:43:07,693 INFO  CreateClassResetClassAdapter - Adding bytecode for initializing field BASE64_VALUE_PADDING
2024-11-12 13:43:07,694 INFO  EvoClassLoader - Keeping class: com.fasterxml.jackson.core.Base64Variant
2024-11-12 13:43:07,694 INFO  EvoClassLoader - Seeing class for first time: com.fasterxml.jackson.core.type.WritableTypeId
2024-11-12 13:43:07,694 INFO  EvoClassLoader - Instrumenting class 'com.fasterxml.jackson.core.type.WritableTypeId'.
2024-11-12 13:43:07,694 INFO  MethodCallReplacementClassAdapter - Adding mock interface to class com/fasterxml/jackson/core/type/WritableTypeId
2024-11-12 13:43:07,694 INFO  CreateClassResetClassAdapter - Creating brand-new static initializer in class com/fasterxml/jackson/core/type/WritableTypeId
2024-11-12 13:43:07,694 INFO  EvoClassLoader - Defined package (3): package com.fasterxml.jackson.core.type, 596633057
2024-11-12 13:43:07,694 INFO  EvoClassLoader - Keeping class: com.fasterxml.jackson.core.type.WritableTypeId
2024-11-12 13:43:07,694 INFO  EvoClassLoader - Seeing class for first time: com.fasterxml.jackson.core.JsonStreamContext
2024-11-12 13:43:07,694 INFO  EvoClassLoader - Instrumenting class 'com.fasterxml.jackson.core.JsonStreamContext'.
2024-11-12 13:43:07,694 INFO  MethodCallReplacementClassAdapter - Adding mock interface to class com/fasterxml/jackson/core/JsonStreamContext
2024-11-12 13:43:07,695 INFO  CreateClassResetClassAdapter - Creating brand-new static initializer in class com/fasterxml/jackson/core/JsonStreamContext
2024-11-12 13:43:07,695 INFO  CreateClassResetClassAdapter - Adding bytecode for initializing field TYPE_ROOT
2024-11-12 13:43:07,695 INFO  CreateClassResetClassAdapter - Adding bytecode for initializing field TYPE_ARRAY
2024-11-12 13:43:07,695 INFO  CreateClassResetClassAdapter - Adding bytecode for initializing field TYPE_OBJECT
2024-11-12 13:43:07,695 INFO  EvoClassLoader - Keeping class: com.fasterxml.jackson.core.JsonStreamContext
2024-11-12 13:43:07,695 INFO  EvoClassLoader - Seeing class for first time: com.fasterxml.jackson.core.TreeNode
2024-11-12 13:43:07,695 INFO  EvoClassLoader - Instrumenting class 'com.fasterxml.jackson.core.TreeNode'.
2024-11-12 13:43:07,695 INFO  EvoClassLoader - Keeping class: com.fasterxml.jackson.core.TreeNode
2024-11-12 13:43:07,695 INFO  EvoClassLoader - Seeing class for first time: com.fasterxml.jackson.core.json.JsonWriteContext
2024-11-12 13:43:07,695 INFO  EvoClassLoader - Instrumenting class 'com.fasterxml.jackson.core.json.JsonWriteContext'.
2024-11-12 13:43:07,695 INFO  MethodCallReplacementClassAdapter - Adding mock interface to class com/fasterxml/jackson/core/json/JsonWriteContext
2024-11-12 13:43:07,696 INFO  CreateClassResetClassAdapter - Creating brand-new static initializer in class com/fasterxml/jackson/core/json/JsonWriteContext
2024-11-12 13:43:07,696 INFO  CreateClassResetClassAdapter - Adding bytecode for initializing field STATUS_OK_AS_IS
2024-11-12 13:43:07,696 INFO  CreateClassResetClassAdapter - Adding bytecode for initializing field STATUS_OK_AFTER_COMMA
2024-11-12 13:43:07,696 INFO  CreateClassResetClassAdapter - Adding bytecode for initializing field STATUS_OK_AFTER_COLON
2024-11-12 13:43:07,696 INFO  CreateClassResetClassAdapter - Adding bytecode for initializing field STATUS_OK_AFTER_SPACE
2024-11-12 13:43:07,696 INFO  CreateClassResetClassAdapter - Adding bytecode for initializing field STATUS_EXPECT_VALUE
2024-11-12 13:43:07,696 INFO  CreateClassResetClassAdapter - Adding bytecode for initializing field STATUS_EXPECT_NAME
2024-11-12 13:43:07,696 INFO  EvoClassLoader - Keeping class: com.fasterxml.jackson.core.json.JsonWriteContext
2024-11-12 13:43:07,697 INFO  EvoClassLoader - Seeing class for first time: com.fasterxml.jackson.core.JsonLocation
2024-11-12 13:43:07,697 INFO  EvoClassLoader - Instrumenting class 'com.fasterxml.jackson.core.JsonLocation'.
2024-11-12 13:43:07,697 INFO  MethodCallReplacementClassAdapter - Adding mock interface to class com/fasterxml/jackson/core/JsonLocation
2024-11-12 13:43:07,698 INFO  CreateClassResetClassAdapter - Found static initializer in class com/fasterxml/jackson/core/JsonLocation
2024-11-12 13:43:07,698 INFO  EvoClassLoader - Keeping class: com.fasterxml.jackson.core.JsonLocation
2024-11-12 13:43:07,698 INFO  EvoClassLoader - Seeing class for first time: com.fasterxml.jackson.core.JsonPointer
2024-11-12 13:43:07,698 INFO  EvoClassLoader - Instrumenting class 'com.fasterxml.jackson.core.JsonPointer'.
2024-11-12 13:43:07,698 INFO  MethodCallReplacementClassAdapter - Adding mock interface to class com/fasterxml/jackson/core/JsonPointer
2024-11-12 13:43:07,699 INFO  CreateClassResetClassAdapter - Found static initializer in class com/fasterxml/jackson/core/JsonPointer
2024-11-12 13:43:07,700 INFO  EvoClassLoader - Keeping class: com.fasterxml.jackson.core.JsonPointer
2024-11-12 13:43:07,700 INFO  EvoClassLoader - Seeing class for first time: com.fasterxml.jackson.core.json.DupDetector
2024-11-12 13:43:07,700 INFO  EvoClassLoader - Instrumenting class 'com.fasterxml.jackson.core.json.DupDetector'.
2024-11-12 13:43:07,700 INFO  MethodCallReplacementClassAdapter - Adding mock interface to class com/fasterxml/jackson/core/json/DupDetector
2024-11-12 13:43:07,700 INFO  CreateClassResetClassAdapter - Creating brand-new static initializer in class com/fasterxml/jackson/core/json/DupDetector
2024-11-12 13:43:07,700 INFO  EvoClassLoader - Keeping class: com.fasterxml.jackson.core.json.DupDetector
2024-11-12 13:43:07,701 INFO  EvoClassLoader - Seeing class for first time: org.apache.hadoop.security.User
2024-11-12 13:43:07,701 INFO  EvoClassLoader - Instrumenting class 'org.apache.hadoop.security.User'.
2024-11-12 13:43:07,701 INFO  MethodCallReplacementClassAdapter - Adding mock interface to class org/apache/hadoop/security/User
2024-11-12 13:43:07,701 INFO  CreateClassResetClassAdapter - Creating brand-new static initializer in class org/apache/hadoop/security/User
2024-11-12 13:43:07,702 INFO  EvoClassLoader - Keeping class: org.apache.hadoop.security.User
2024-11-12 13:43:07,702 INFO  EvoClassLoader - Seeing class for first time: org.bouncycastle.asn1.BERBitString
2024-11-12 13:43:07,702 INFO  EvoClassLoader - Instrumenting class 'org.bouncycastle.asn1.BERBitString'.
2024-11-12 13:43:07,702 INFO  MethodCallReplacementClassAdapter - Adding mock interface to class org/bouncycastle/asn1/BERBitString
2024-11-12 13:43:07,703 INFO  CreateClassResetClassAdapter - Creating brand-new static initializer in class org/bouncycastle/asn1/BERBitString
2024-11-12 13:43:07,703 INFO  CreateClassResetClassAdapter - Adding bytecode for initializing field DEFAULT_SEGMENT_LIMIT
2024-11-12 13:43:07,703 INFO  EvoClassLoader - Keeping class: org.bouncycastle.asn1.BERBitString
2024-11-12 13:43:07,703 INFO  EvoClassLoader - Seeing class for first time: org.apache.hadoop.io.LongWritable$Comparator
2024-11-12 13:43:07,703 INFO  EvoClassLoader - Instrumenting class 'org.apache.hadoop.io.LongWritable$Comparator'.
2024-11-12 13:43:07,704 INFO  MethodCallReplacementClassAdapter - Adding mock interface to class org/apache/hadoop/io/LongWritable$Comparator
2024-11-12 13:43:07,704 INFO  CreateClassResetClassAdapter - Creating brand-new static initializer in class org/apache/hadoop/io/LongWritable$Comparator
2024-11-12 13:43:07,704 INFO  EvoClassLoader - Keeping class: org.apache.hadoop.io.LongWritable$Comparator
2024-11-12 13:43:07,704 INFO  EvoClassLoader - Seeing class for first time: org.apache.hadoop.io.LongWritable$DecreasingComparator
2024-11-12 13:43:07,704 INFO  EvoClassLoader - Instrumenting class 'org.apache.hadoop.io.LongWritable$DecreasingComparator'.
2024-11-12 13:43:07,704 INFO  MethodCallReplacementClassAdapter - Adding mock interface to class org/apache/hadoop/io/LongWritable$DecreasingComparator
2024-11-12 13:43:07,704 INFO  CreateClassResetClassAdapter - Creating brand-new static initializer in class org/apache/hadoop/io/LongWritable$DecreasingComparator
2024-11-12 13:43:07,704 INFO  EvoClassLoader - Keeping class: org.apache.hadoop.io.LongWritable$DecreasingComparator
2024-11-12 13:43:07,704 INFO  EvoClassLoader - Seeing class for first time: org.apache.hadoop.thirdparty.protobuf.MessageReflection$MergeTarget
2024-11-12 13:43:07,704 INFO  EvoClassLoader - Instrumenting class 'org.apache.hadoop.thirdparty.protobuf.MessageReflection$MergeTarget'.
2024-11-12 13:43:07,705 INFO  EvoClassLoader - Keeping class: org.apache.hadoop.thirdparty.protobuf.MessageReflection$MergeTarget
2024-11-12 13:43:07,705 INFO  EvoClassLoader - Seeing class for first time: org.apache.hadoop.thirdparty.protobuf.GeneratedMessageV3$ExtendableMessage$ExtensionWriter
2024-11-12 13:43:07,705 INFO  EvoClassLoader - Instrumenting class 'org.apache.hadoop.thirdparty.protobuf.GeneratedMessageV3$ExtendableMessage$ExtensionWriter'.
2024-11-12 13:43:07,705 INFO  MethodCallReplacementClassAdapter - Adding mock interface to class org/apache/hadoop/thirdparty/protobuf/GeneratedMessageV3$ExtendableMessage$ExtensionWriter
2024-11-12 13:43:07,705 INFO  CreateClassResetClassAdapter - Creating brand-new static initializer in class org/apache/hadoop/thirdparty/protobuf/GeneratedMessageV3$ExtendableMessage$ExtensionWriter
2024-11-12 13:43:07,706 INFO  EvoClassLoader - Keeping class: org.apache.hadoop.thirdparty.protobuf.GeneratedMessageV3$ExtendableMessage$ExtensionWriter
2024-11-12 13:43:07,706 INFO  EvoClassLoader - Seeing class for first time: org.apache.hadoop.thirdparty.protobuf.FieldSet
2024-11-12 13:43:07,706 INFO  EvoClassLoader - Instrumenting class 'org.apache.hadoop.thirdparty.protobuf.FieldSet'.
2024-11-12 13:43:07,706 INFO  MethodCallReplacementClassAdapter - Adding mock interface to class org/apache/hadoop/thirdparty/protobuf/FieldSet
2024-11-12 13:43:07,708 INFO  CreateClassResetClassAdapter - Found static initializer in class org/apache/hadoop/thirdparty/protobuf/FieldSet
2024-11-12 13:43:07,709 INFO  EvoClassLoader - Keeping class: org.apache.hadoop.thirdparty.protobuf.FieldSet
2024-11-12 13:43:07,709 INFO  EvoClassLoader - Seeing class for first time: org.apache.hadoop.thirdparty.protobuf.SmallSortedMap
2024-11-12 13:43:07,709 INFO  EvoClassLoader - Instrumenting class 'org.apache.hadoop.thirdparty.protobuf.SmallSortedMap'.
2024-11-12 13:43:07,709 INFO  MethodCallReplacementClassAdapter - Adding mock interface to class org/apache/hadoop/thirdparty/protobuf/SmallSortedMap
2024-11-12 13:43:07,709 INFO  CreateClassResetClassAdapter - Creating brand-new static initializer in class org/apache/hadoop/thirdparty/protobuf/SmallSortedMap
2024-11-12 13:43:07,710 INFO  EvoClassLoader - Keeping class: org.apache.hadoop.thirdparty.protobuf.SmallSortedMap
2024-11-12 13:43:07,710 INFO  EvoClassLoader - Seeing class for first time: org.apache.hadoop.thirdparty.protobuf.SmallSortedMap$1
2024-11-12 13:43:07,710 INFO  EvoClassLoader - Instrumenting class 'org.apache.hadoop.thirdparty.protobuf.SmallSortedMap$1'.
2024-11-12 13:43:07,710 INFO  MethodCallReplacementClassAdapter - Adding mock interface to class org/apache/hadoop/thirdparty/protobuf/SmallSortedMap$1
2024-11-12 13:43:07,710 INFO  EvoClassLoader - Keeping class: org.apache.hadoop.thirdparty.protobuf.SmallSortedMap$1
2024-11-12 13:43:07,711 INFO  EvoClassLoader - Seeing class for first time: org.apache.hadoop.thirdparty.protobuf.SmallSortedMap$EmptySet$1
2024-11-12 13:43:07,711 INFO  EvoClassLoader - Instrumenting class 'org.apache.hadoop.thirdparty.protobuf.SmallSortedMap$EmptySet$1'.
2024-11-12 13:43:07,711 INFO  MethodCallReplacementClassAdapter - Adding mock interface to class org/apache/hadoop/thirdparty/protobuf/SmallSortedMap$EmptySet$1
2024-11-12 13:43:07,711 INFO  EvoClassLoader - Keeping class: org.apache.hadoop.thirdparty.protobuf.SmallSortedMap$EmptySet$1
2024-11-12 13:43:07,711 INFO  EvoClassLoader - Seeing class for first time: org.apache.hadoop.thirdparty.protobuf.SmallSortedMap$EmptySet
2024-11-12 13:43:07,711 INFO  EvoClassLoader - Instrumenting class 'org.apache.hadoop.thirdparty.protobuf.SmallSortedMap$EmptySet'.
2024-11-12 13:43:07,712 INFO  MethodCallReplacementClassAdapter - Adding mock interface to class org/apache/hadoop/thirdparty/protobuf/SmallSortedMap$EmptySet
2024-11-12 13:43:07,712 INFO  CreateClassResetClassAdapter - Found static initializer in class org/apache/hadoop/thirdparty/protobuf/SmallSortedMap$EmptySet
2024-11-12 13:43:07,712 INFO  EvoClassLoader - Keeping class: org.apache.hadoop.thirdparty.protobuf.SmallSortedMap$EmptySet
2024-11-12 13:43:07,712 INFO  EvoClassLoader - Seeing class for first time: org.apache.hadoop.thirdparty.protobuf.SmallSortedMap$EmptySet$2
2024-11-12 13:43:07,712 INFO  EvoClassLoader - Instrumenting class 'org.apache.hadoop.thirdparty.protobuf.SmallSortedMap$EmptySet$2'.
2024-11-12 13:43:07,712 INFO  MethodCallReplacementClassAdapter - Adding mock interface to class org/apache/hadoop/thirdparty/protobuf/SmallSortedMap$EmptySet$2
2024-11-12 13:43:07,713 INFO  EvoClassLoader - Keeping class: org.apache.hadoop.thirdparty.protobuf.SmallSortedMap$EmptySet$2
2024-11-12 13:43:07,713 INFO  EvoClassLoader - Seeing class for first time: org.apache.hadoop.thirdparty.protobuf.LazyFieldLite
2024-11-12 13:43:07,713 INFO  EvoClassLoader - Instrumenting class 'org.apache.hadoop.thirdparty.protobuf.LazyFieldLite'.
2024-11-12 13:43:07,713 INFO  MethodCallReplacementClassAdapter - Adding mock interface to class org/apache/hadoop/thirdparty/protobuf/LazyFieldLite
2024-11-12 13:43:07,714 INFO  CreateClassResetClassAdapter - Found static initializer in class org/apache/hadoop/thirdparty/protobuf/LazyFieldLite
2024-11-12 13:43:07,715 INFO  EvoClassLoader - Keeping class: org.apache.hadoop.thirdparty.protobuf.LazyFieldLite
2024-11-12 13:43:07,715 INFO  EvoClassLoader - Seeing class for first time: org.apache.hadoop.thirdparty.protobuf.LazyField
2024-11-12 13:43:07,715 INFO  EvoClassLoader - Instrumenting class 'org.apache.hadoop.thirdparty.protobuf.LazyField'.
2024-11-12 13:43:07,715 INFO  MethodCallReplacementClassAdapter - Adding mock interface to class org/apache/hadoop/thirdparty/protobuf/LazyField
2024-11-12 13:43:07,715 INFO  CreateClassResetClassAdapter - Creating brand-new static initializer in class org/apache/hadoop/thirdparty/protobuf/LazyField
2024-11-12 13:43:07,715 INFO  EvoClassLoader - Keeping class: org.apache.hadoop.thirdparty.protobuf.LazyField
2024-11-12 13:43:07,716 INFO  EvoClassLoader - Seeing class for first time: org.apache.hadoop.thirdparty.protobuf.FieldSet$Builder
2024-11-12 13:43:07,716 INFO  EvoClassLoader - Instrumenting class 'org.apache.hadoop.thirdparty.protobuf.FieldSet$Builder'.
2024-11-12 13:43:07,716 INFO  MethodCallReplacementClassAdapter - Adding mock interface to class org/apache/hadoop/thirdparty/protobuf/FieldSet$Builder
2024-11-12 13:43:07,719 INFO  CreateClassResetClassAdapter - Creating brand-new static initializer in class org/apache/hadoop/thirdparty/protobuf/FieldSet$Builder
2024-11-12 13:43:07,719 INFO  EvoClassLoader - Keeping class: org.apache.hadoop.thirdparty.protobuf.FieldSet$Builder
2024-11-12 13:43:07,720 INFO  EvoClassLoader - Seeing class for first time: org.apache.hadoop.thirdparty.protobuf.WireFormat$FieldType
2024-11-12 13:43:07,720 INFO  EvoClassLoader - Instrumenting class 'org.apache.hadoop.thirdparty.protobuf.WireFormat$FieldType'.
2024-11-12 13:43:07,720 INFO  MethodCallReplacementClassAdapter - Adding mock interface to class org/apache/hadoop/thirdparty/protobuf/WireFormat$FieldType
2024-11-12 13:43:07,720 INFO  CreateClassResetClassAdapter - Found static initializer in class org/apache/hadoop/thirdparty/protobuf/WireFormat$FieldType
2024-11-12 13:43:07,720 INFO  EvoClassLoader - Keeping class: org.apache.hadoop.thirdparty.protobuf.WireFormat$FieldType
2024-11-12 13:43:07,721 INFO  EvoClassLoader - Seeing class for first time: org.apache.hadoop.thirdparty.protobuf.DescriptorProtos$FileOptions$1
2024-11-12 13:43:07,721 INFO  EvoClassLoader - Instrumenting class 'org.apache.hadoop.thirdparty.protobuf.DescriptorProtos$FileOptions$1'.
2024-11-12 13:43:07,721 INFO  MethodCallReplacementClassAdapter - Adding mock interface to class org/apache/hadoop/thirdparty/protobuf/DescriptorProtos$FileOptions$1
2024-11-12 13:43:07,721 INFO  EvoClassLoader - Keeping class: org.apache.hadoop.thirdparty.protobuf.DescriptorProtos$FileOptions$1
2024-11-12 13:43:07,721 INFO  EvoClassLoader - Seeing class for first time: org.apache.hadoop.thirdparty.protobuf.DescriptorProtos$FileOptions
2024-11-12 13:43:07,721 INFO  EvoClassLoader - Instrumenting class 'org.apache.hadoop.thirdparty.protobuf.DescriptorProtos$FileOptions'.
2024-11-12 13:43:07,722 INFO  MethodCallReplacementClassAdapter - Adding mock interface to class org/apache/hadoop/thirdparty/protobuf/DescriptorProtos$FileOptions
2024-11-12 13:43:07,723 INFO  CreateClassResetClassAdapter - Found static initializer in class org/apache/hadoop/thirdparty/protobuf/DescriptorProtos$FileOptions
2024-11-12 13:43:07,724 INFO  EvoClassLoader - Seeing class for first time: org.apache.hadoop.thirdparty.protobuf.DescriptorProtos$FileOptionsOrBuilder
2024-11-12 13:43:07,724 INFO  EvoClassLoader - Instrumenting class 'org.apache.hadoop.thirdparty.protobuf.DescriptorProtos$FileOptionsOrBuilder'.
2024-11-12 13:43:07,724 INFO  EvoClassLoader - Keeping class: org.apache.hadoop.thirdparty.protobuf.DescriptorProtos$FileOptionsOrBuilder
2024-11-12 13:43:07,724 INFO  EvoClassLoader - Keeping class: org.apache.hadoop.thirdparty.protobuf.DescriptorProtos$FileOptions
2024-11-12 13:43:07,724 INFO  EvoClassLoader - Seeing class for first time: org.apache.hadoop.thirdparty.protobuf.DescriptorProtos
2024-11-12 13:43:07,724 INFO  EvoClassLoader - Instrumenting class 'org.apache.hadoop.thirdparty.protobuf.DescriptorProtos'.
2024-11-12 13:43:07,725 INFO  MethodCallReplacementClassAdapter - Adding mock interface to class org/apache/hadoop/thirdparty/protobuf/DescriptorProtos
2024-11-12 13:43:07,725 INFO  CreateClassResetClassAdapter - Found static initializer in class org/apache/hadoop/thirdparty/protobuf/DescriptorProtos
2024-11-12 13:43:07,726 INFO  EvoClassLoader - Keeping class: org.apache.hadoop.thirdparty.protobuf.DescriptorProtos
2024-11-12 13:43:07,726 INFO  EvoClassLoader - Seeing class for first time: org.apache.hadoop.thirdparty.protobuf.DescriptorProtos$GeneratedCodeInfo
2024-11-12 13:43:07,726 INFO  EvoClassLoader - Instrumenting class 'org.apache.hadoop.thirdparty.protobuf.DescriptorProtos$GeneratedCodeInfo'.
2024-11-12 13:43:07,726 INFO  MethodCallReplacementClassAdapter - Adding mock interface to class org/apache/hadoop/thirdparty/protobuf/DescriptorProtos$GeneratedCodeInfo
2024-11-12 13:43:07,726 INFO  CreateClassResetClassAdapter - Found static initializer in class org/apache/hadoop/thirdparty/protobuf/DescriptorProtos$GeneratedCodeInfo
2024-11-12 13:43:07,726 INFO  EvoClassLoader - Seeing class for first time: org.apache.hadoop.thirdparty.protobuf.DescriptorProtos$GeneratedCodeInfoOrBuilder
2024-11-12 13:43:07,726 INFO  EvoClassLoader - Instrumenting class 'org.apache.hadoop.thirdparty.protobuf.DescriptorProtos$GeneratedCodeInfoOrBuilder'.
2024-11-12 13:43:07,727 INFO  EvoClassLoader - Keeping class: org.apache.hadoop.thirdparty.protobuf.DescriptorProtos$GeneratedCodeInfoOrBuilder
2024-11-12 13:43:07,727 INFO  EvoClassLoader - Keeping class: org.apache.hadoop.thirdparty.protobuf.DescriptorProtos$GeneratedCodeInfo
2024-11-12 13:43:07,727 INFO  EvoClassLoader - Seeing class for first time: org.apache.hadoop.thirdparty.protobuf.DescriptorProtos$SourceCodeInfo
2024-11-12 13:43:07,727 INFO  EvoClassLoader - Instrumenting class 'org.apache.hadoop.thirdparty.protobuf.DescriptorProtos$SourceCodeInfo'.
2024-11-12 13:43:07,727 INFO  MethodCallReplacementClassAdapter - Adding mock interface to class org/apache/hadoop/thirdparty/protobuf/DescriptorProtos$SourceCodeInfo
2024-11-12 13:43:07,727 INFO  CreateClassResetClassAdapter - Found static initializer in class org/apache/hadoop/thirdparty/protobuf/DescriptorProtos$SourceCodeInfo
2024-11-12 13:43:07,728 INFO  EvoClassLoader - Seeing class for first time: org.apache.hadoop.thirdparty.protobuf.DescriptorProtos$SourceCodeInfoOrBuilder
2024-11-12 13:43:07,728 INFO  EvoClassLoader - Instrumenting class 'org.apache.hadoop.thirdparty.protobuf.DescriptorProtos$SourceCodeInfoOrBuilder'.
2024-11-12 13:43:07,728 INFO  EvoClassLoader - Keeping class: org.apache.hadoop.thirdparty.protobuf.DescriptorProtos$SourceCodeInfoOrBuilder
2024-11-12 13:43:07,728 INFO  EvoClassLoader - Keeping class: org.apache.hadoop.thirdparty.protobuf.DescriptorProtos$SourceCodeInfo
2024-11-12 13:43:07,728 INFO  EvoClassLoader - Seeing class for first time: org.apache.hadoop.thirdparty.protobuf.DescriptorProtos$UninterpretedOption
2024-11-12 13:43:07,728 INFO  EvoClassLoader - Instrumenting class 'org.apache.hadoop.thirdparty.protobuf.DescriptorProtos$UninterpretedOption'.
2024-11-12 13:43:07,729 INFO  MethodCallReplacementClassAdapter - Adding mock interface to class org/apache/hadoop/thirdparty/protobuf/DescriptorProtos$UninterpretedOption
2024-11-12 13:43:07,729 INFO  CreateClassResetClassAdapter - Found static initializer in class org/apache/hadoop/thirdparty/protobuf/DescriptorProtos$UninterpretedOption
2024-11-12 13:43:07,730 INFO  EvoClassLoader - Seeing class for first time: org.apache.hadoop.thirdparty.protobuf.DescriptorProtos$UninterpretedOptionOrBuilder
2024-11-12 13:43:07,730 INFO  EvoClassLoader - Instrumenting class 'org.apache.hadoop.thirdparty.protobuf.DescriptorProtos$UninterpretedOptionOrBuilder'.
2024-11-12 13:43:07,730 INFO  EvoClassLoader - Keeping class: org.apache.hadoop.thirdparty.protobuf.DescriptorProtos$UninterpretedOptionOrBuilder
2024-11-12 13:43:07,730 INFO  EvoClassLoader - Keeping class: org.apache.hadoop.thirdparty.protobuf.DescriptorProtos$UninterpretedOption
2024-11-12 13:43:07,730 INFO  EvoClassLoader - Seeing class for first time: org.apache.hadoop.thirdparty.protobuf.DescriptorProtos$MethodOptions
2024-11-12 13:43:07,730 INFO  EvoClassLoader - Instrumenting class 'org.apache.hadoop.thirdparty.protobuf.DescriptorProtos$MethodOptions'.
2024-11-12 13:43:07,731 INFO  MethodCallReplacementClassAdapter - Adding mock interface to class org/apache/hadoop/thirdparty/protobuf/DescriptorProtos$MethodOptions
2024-11-12 13:43:07,732 INFO  CreateClassResetClassAdapter - Found static initializer in class org/apache/hadoop/thirdparty/protobuf/DescriptorProtos$MethodOptions
2024-11-12 13:43:07,732 INFO  EvoClassLoader - Seeing class for first time: org.apache.hadoop.thirdparty.protobuf.DescriptorProtos$MethodOptionsOrBuilder
2024-11-12 13:43:07,732 INFO  EvoClassLoader - Instrumenting class 'org.apache.hadoop.thirdparty.protobuf.DescriptorProtos$MethodOptionsOrBuilder'.
2024-11-12 13:43:07,732 INFO  EvoClassLoader - Keeping class: org.apache.hadoop.thirdparty.protobuf.DescriptorProtos$MethodOptionsOrBuilder
2024-11-12 13:43:07,733 INFO  EvoClassLoader - Keeping class: org.apache.hadoop.thirdparty.protobuf.DescriptorProtos$MethodOptions
2024-11-12 13:43:07,733 INFO  EvoClassLoader - Seeing class for first time: org.apache.hadoop.thirdparty.protobuf.DescriptorProtos$ServiceOptions
2024-11-12 13:43:07,733 INFO  EvoClassLoader - Instrumenting class 'org.apache.hadoop.thirdparty.protobuf.DescriptorProtos$ServiceOptions'.
2024-11-12 13:43:07,733 INFO  MethodCallReplacementClassAdapter - Adding mock interface to class org/apache/hadoop/thirdparty/protobuf/DescriptorProtos$ServiceOptions
2024-11-12 13:43:07,733 INFO  CreateClassResetClassAdapter - Found static initializer in class org/apache/hadoop/thirdparty/protobuf/DescriptorProtos$ServiceOptions
2024-11-12 13:43:07,734 INFO  EvoClassLoader - Seeing class for first time: org.apache.hadoop.thirdparty.protobuf.DescriptorProtos$ServiceOptionsOrBuilder
2024-11-12 13:43:07,734 INFO  EvoClassLoader - Instrumenting class 'org.apache.hadoop.thirdparty.protobuf.DescriptorProtos$ServiceOptionsOrBuilder'.
2024-11-12 13:43:07,734 INFO  EvoClassLoader - Keeping class: org.apache.hadoop.thirdparty.protobuf.DescriptorProtos$ServiceOptionsOrBuilder
2024-11-12 13:43:07,734 INFO  EvoClassLoader - Keeping class: org.apache.hadoop.thirdparty.protobuf.DescriptorProtos$ServiceOptions
2024-11-12 13:43:07,734 INFO  EvoClassLoader - Seeing class for first time: org.apache.hadoop.thirdparty.protobuf.DescriptorProtos$EnumValueOptions
2024-11-12 13:43:07,734 INFO  EvoClassLoader - Instrumenting class 'org.apache.hadoop.thirdparty.protobuf.DescriptorProtos$EnumValueOptions'.
2024-11-12 13:43:07,735 INFO  MethodCallReplacementClassAdapter - Adding mock interface to class org/apache/hadoop/thirdparty/protobuf/DescriptorProtos$EnumValueOptions
2024-11-12 13:43:07,736 INFO  CreateClassResetClassAdapter - Found static initializer in class org/apache/hadoop/thirdparty/protobuf/DescriptorProtos$EnumValueOptions
2024-11-12 13:43:07,736 INFO  EvoClassLoader - Seeing class for first time: org.apache.hadoop.thirdparty.protobuf.DescriptorProtos$EnumValueOptionsOrBuilder
2024-11-12 13:43:07,736 INFO  EvoClassLoader - Instrumenting class 'org.apache.hadoop.thirdparty.protobuf.DescriptorProtos$EnumValueOptionsOrBuilder'.
2024-11-12 13:43:07,737 INFO  EvoClassLoader - Keeping class: org.apache.hadoop.thirdparty.protobuf.DescriptorProtos$EnumValueOptionsOrBuilder
2024-11-12 13:43:07,737 INFO  EvoClassLoader - Keeping class: org.apache.hadoop.thirdparty.protobuf.DescriptorProtos$EnumValueOptions
2024-11-12 13:43:07,737 INFO  EvoClassLoader - Seeing class for first time: org.apache.hadoop.thirdparty.protobuf.DescriptorProtos$EnumOptions
2024-11-12 13:43:07,737 INFO  EvoClassLoader - Instrumenting class 'org.apache.hadoop.thirdparty.protobuf.DescriptorProtos$EnumOptions'.
2024-11-12 13:43:07,737 INFO  MethodCallReplacementClassAdapter - Adding mock interface to class org/apache/hadoop/thirdparty/protobuf/DescriptorProtos$EnumOptions
2024-11-12 13:43:07,738 INFO  CreateClassResetClassAdapter - Found static initializer in class org/apache/hadoop/thirdparty/protobuf/DescriptorProtos$EnumOptions
2024-11-12 13:43:07,738 INFO  EvoClassLoader - Seeing class for first time: org.apache.hadoop.thirdparty.protobuf.DescriptorProtos$EnumOptionsOrBuilder
2024-11-12 13:43:07,738 INFO  EvoClassLoader - Instrumenting class 'org.apache.hadoop.thirdparty.protobuf.DescriptorProtos$EnumOptionsOrBuilder'.
2024-11-12 13:43:07,739 INFO  EvoClassLoader - Keeping class: org.apache.hadoop.thirdparty.protobuf.DescriptorProtos$EnumOptionsOrBuilder
2024-11-12 13:43:07,739 INFO  EvoClassLoader - Keeping class: org.apache.hadoop.thirdparty.protobuf.DescriptorProtos$EnumOptions
2024-11-12 13:43:07,739 INFO  EvoClassLoader - Seeing class for first time: org.apache.hadoop.thirdparty.protobuf.DescriptorProtos$OneofOptions
2024-11-12 13:43:07,739 INFO  EvoClassLoader - Instrumenting class 'org.apache.hadoop.thirdparty.protobuf.DescriptorProtos$OneofOptions'.
2024-11-12 13:43:07,740 INFO  MethodCallReplacementClassAdapter - Adding mock interface to class org/apache/hadoop/thirdparty/protobuf/DescriptorProtos$OneofOptions
2024-11-12 13:43:07,740 INFO  CreateClassResetClassAdapter - Found static initializer in class org/apache/hadoop/thirdparty/protobuf/DescriptorProtos$OneofOptions
2024-11-12 13:43:07,740 INFO  EvoClassLoader - Seeing class for first time: org.apache.hadoop.thirdparty.protobuf.DescriptorProtos$OneofOptionsOrBuilder
2024-11-12 13:43:07,740 INFO  EvoClassLoader - Instrumenting class 'org.apache.hadoop.thirdparty.protobuf.DescriptorProtos$OneofOptionsOrBuilder'.
2024-11-12 13:43:07,741 INFO  EvoClassLoader - Keeping class: org.apache.hadoop.thirdparty.protobuf.DescriptorProtos$OneofOptionsOrBuilder
2024-11-12 13:43:07,741 INFO  EvoClassLoader - Keeping class: org.apache.hadoop.thirdparty.protobuf.DescriptorProtos$OneofOptions
2024-11-12 13:43:07,741 INFO  EvoClassLoader - Seeing class for first time: org.apache.hadoop.thirdparty.protobuf.DescriptorProtos$FieldOptions
2024-11-12 13:43:07,741 INFO  EvoClassLoader - Instrumenting class 'org.apache.hadoop.thirdparty.protobuf.DescriptorProtos$FieldOptions'.
2024-11-12 13:43:07,742 INFO  MethodCallReplacementClassAdapter - Adding mock interface to class org/apache/hadoop/thirdparty/protobuf/DescriptorProtos$FieldOptions
2024-11-12 13:43:07,742 INFO  CreateClassResetClassAdapter - Found static initializer in class org/apache/hadoop/thirdparty/protobuf/DescriptorProtos$FieldOptions
2024-11-12 13:43:07,743 INFO  EvoClassLoader - Seeing class for first time: org.apache.hadoop.thirdparty.protobuf.DescriptorProtos$FieldOptionsOrBuilder
2024-11-12 13:43:07,743 INFO  EvoClassLoader - Instrumenting class 'org.apache.hadoop.thirdparty.protobuf.DescriptorProtos$FieldOptionsOrBuilder'.
2024-11-12 13:43:07,744 INFO  EvoClassLoader - Keeping class: org.apache.hadoop.thirdparty.protobuf.DescriptorProtos$FieldOptionsOrBuilder
2024-11-12 13:43:07,744 INFO  EvoClassLoader - Keeping class: org.apache.hadoop.thirdparty.protobuf.DescriptorProtos$FieldOptions
2024-11-12 13:43:07,744 INFO  EvoClassLoader - Seeing class for first time: org.apache.hadoop.thirdparty.protobuf.DescriptorProtos$MessageOptions
2024-11-12 13:43:07,744 INFO  EvoClassLoader - Instrumenting class 'org.apache.hadoop.thirdparty.protobuf.DescriptorProtos$MessageOptions'.
2024-11-12 13:43:07,744 INFO  MethodCallReplacementClassAdapter - Adding mock interface to class org/apache/hadoop/thirdparty/protobuf/DescriptorProtos$MessageOptions
2024-11-12 13:43:07,744 INFO  CreateClassResetClassAdapter - Found static initializer in class org/apache/hadoop/thirdparty/protobuf/DescriptorProtos$MessageOptions
2024-11-12 13:43:07,745 INFO  EvoClassLoader - Seeing class for first time: org.apache.hadoop.thirdparty.protobuf.DescriptorProtos$MessageOptionsOrBuilder
2024-11-12 13:43:07,745 INFO  EvoClassLoader - Instrumenting class 'org.apache.hadoop.thirdparty.protobuf.DescriptorProtos$MessageOptionsOrBuilder'.
2024-11-12 13:43:07,745 INFO  EvoClassLoader - Keeping class: org.apache.hadoop.thirdparty.protobuf.DescriptorProtos$MessageOptionsOrBuilder
2024-11-12 13:43:07,745 INFO  EvoClassLoader - Keeping class: org.apache.hadoop.thirdparty.protobuf.DescriptorProtos$MessageOptions
2024-11-12 13:43:07,746 INFO  EvoClassLoader - Seeing class for first time: org.apache.hadoop.thirdparty.protobuf.DescriptorProtos$FileOptions$Builder
2024-11-12 13:43:07,746 INFO  EvoClassLoader - Instrumenting class 'org.apache.hadoop.thirdparty.protobuf.DescriptorProtos$FileOptions$Builder'.
2024-11-12 13:43:07,747 INFO  MethodCallReplacementClassAdapter - Adding mock interface to class org/apache/hadoop/thirdparty/protobuf/DescriptorProtos$FileOptions$Builder
2024-11-12 13:43:07,748 INFO  CreateClassResetClassAdapter - Creating brand-new static initializer in class org/apache/hadoop/thirdparty/protobuf/DescriptorProtos$FileOptions$Builder
2024-11-12 13:43:07,749 INFO  EvoClassLoader - Keeping class: org.apache.hadoop.thirdparty.protobuf.DescriptorProtos$FileOptions$Builder
2024-11-12 13:43:07,749 INFO  EvoClassLoader - Seeing class for first time: org.apache.hadoop.thirdparty.protobuf.DescriptorProtos$FileOptions$OptimizeMode
2024-11-12 13:43:07,749 INFO  EvoClassLoader - Instrumenting class 'org.apache.hadoop.thirdparty.protobuf.DescriptorProtos$FileOptions$OptimizeMode'.
2024-11-12 13:43:07,750 INFO  MethodCallReplacementClassAdapter - Adding mock interface to class org/apache/hadoop/thirdparty/protobuf/DescriptorProtos$FileOptions$OptimizeMode
2024-11-12 13:43:07,750 INFO  CreateClassResetClassAdapter - Found static initializer in class org/apache/hadoop/thirdparty/protobuf/DescriptorProtos$FileOptions$OptimizeMode
2024-11-12 13:43:07,750 INFO  EvoClassLoader - Keeping class: org.apache.hadoop.thirdparty.protobuf.DescriptorProtos$FileOptions$OptimizeMode
2024-11-12 13:43:07,752 INFO  EvoClassLoader - Seeing class for first time: org.apache.hadoop.thirdparty.protobuf.DescriptorProtos$UninterpretedOption$Builder
2024-11-12 13:43:07,752 INFO  EvoClassLoader - Instrumenting class 'org.apache.hadoop.thirdparty.protobuf.DescriptorProtos$UninterpretedOption$Builder'.
2024-11-12 13:43:07,753 INFO  MethodCallReplacementClassAdapter - Adding mock interface to class org/apache/hadoop/thirdparty/protobuf/DescriptorProtos$UninterpretedOption$Builder
2024-11-12 13:43:07,754 INFO  CreateClassResetClassAdapter - Creating brand-new static initializer in class org/apache/hadoop/thirdparty/protobuf/DescriptorProtos$UninterpretedOption$Builder
2024-11-12 13:43:07,754 INFO  EvoClassLoader - Keeping class: org.apache.hadoop.thirdparty.protobuf.DescriptorProtos$UninterpretedOption$Builder
2024-11-12 13:43:07,755 INFO  EvoClassLoader - Seeing class for first time: org.apache.hadoop.thirdparty.protobuf.WireFormat
2024-11-12 13:43:07,755 INFO  EvoClassLoader - Instrumenting class 'org.apache.hadoop.thirdparty.protobuf.WireFormat'.
2024-11-12 13:43:07,755 INFO  MethodCallReplacementClassAdapter - Adding mock interface to class org/apache/hadoop/thirdparty/protobuf/WireFormat
2024-11-12 13:43:07,755 INFO  CreateClassResetClassAdapter - Found static initializer in class org/apache/hadoop/thirdparty/protobuf/WireFormat
2024-11-12 13:43:07,756 INFO  EvoClassLoader - Keeping class: org.apache.hadoop.thirdparty.protobuf.WireFormat
2024-11-12 13:43:07,756 INFO  EvoClassLoader - Seeing class for first time: org.apache.hadoop.thirdparty.protobuf.WireFormat$Utf8Validation
2024-11-12 13:43:07,756 INFO  EvoClassLoader - Instrumenting class 'org.apache.hadoop.thirdparty.protobuf.WireFormat$Utf8Validation'.
2024-11-12 13:43:07,756 INFO  MethodCallReplacementClassAdapter - Adding mock interface to class org/apache/hadoop/thirdparty/protobuf/WireFormat$Utf8Validation
2024-11-12 13:43:07,756 INFO  CreateClassResetClassAdapter - Found static initializer in class org/apache/hadoop/thirdparty/protobuf/WireFormat$Utf8Validation
2024-11-12 13:43:07,756 INFO  EvoClassLoader - Keeping class: org.apache.hadoop.thirdparty.protobuf.WireFormat$Utf8Validation
2024-11-12 13:43:07,757 INFO  EvoClassLoader - Seeing class for first time: org.apache.hadoop.thirdparty.protobuf.UnknownFieldSet$Field$Builder
2024-11-12 13:43:07,757 INFO  EvoClassLoader - Instrumenting class 'org.apache.hadoop.thirdparty.protobuf.UnknownFieldSet$Field$Builder'.
2024-11-12 13:43:07,757 INFO  MethodCallReplacementClassAdapter - Adding mock interface to class org/apache/hadoop/thirdparty/protobuf/UnknownFieldSet$Field$Builder
2024-11-12 13:43:07,757 INFO  CreateClassResetClassAdapter - Creating brand-new static initializer in class org/apache/hadoop/thirdparty/protobuf/UnknownFieldSet$Field$Builder
2024-11-12 13:43:07,758 INFO  EvoClassLoader - Keeping class: org.apache.hadoop.thirdparty.protobuf.UnknownFieldSet$Field$Builder
2024-11-12 13:43:07,758 INFO  EvoClassLoader - Seeing class for first time: org.apache.hadoop.thirdparty.protobuf.Descriptors
2024-11-12 13:43:07,758 INFO  EvoClassLoader - Instrumenting class 'org.apache.hadoop.thirdparty.protobuf.Descriptors'.
2024-11-12 13:43:07,758 INFO  MethodCallReplacementClassAdapter - Adding mock interface to class org/apache/hadoop/thirdparty/protobuf/Descriptors
2024-11-12 13:43:07,758 INFO  CreateClassResetClassAdapter - Found static initializer in class org/apache/hadoop/thirdparty/protobuf/Descriptors
2024-11-12 13:43:07,758 INFO  EvoClassLoader - Keeping class: org.apache.hadoop.thirdparty.protobuf.Descriptors
2024-11-12 13:43:07,758 INFO  EvoClassLoader - Seeing class for first time: org.apache.hadoop.thirdparty.protobuf.Descriptors$NumberGetter
2024-11-12 13:43:07,758 INFO  EvoClassLoader - Instrumenting class 'org.apache.hadoop.thirdparty.protobuf.Descriptors$NumberGetter'.
2024-11-12 13:43:07,758 INFO  EvoClassLoader - Keeping class: org.apache.hadoop.thirdparty.protobuf.Descriptors$NumberGetter
2024-11-12 13:43:07,758 INFO  EvoClassLoader - Seeing class for first time: org.apache.hadoop.thirdparty.protobuf.Descriptors$DescriptorPool
2024-11-12 13:43:07,758 INFO  EvoClassLoader - Instrumenting class 'org.apache.hadoop.thirdparty.protobuf.Descriptors$DescriptorPool'.
2024-11-12 13:43:07,758 INFO  MethodCallReplacementClassAdapter - Adding mock interface to class org/apache/hadoop/thirdparty/protobuf/Descriptors$DescriptorPool
2024-11-12 13:43:07,759 INFO  CreateClassResetClassAdapter - Creating brand-new static initializer in class org/apache/hadoop/thirdparty/protobuf/Descriptors$DescriptorPool
2024-11-12 13:43:07,759 INFO  EvoClassLoader - Keeping class: org.apache.hadoop.thirdparty.protobuf.Descriptors$DescriptorPool
2024-11-12 13:43:07,759 INFO  EvoClassLoader - Seeing class for first time: org.apache.hadoop.thirdparty.protobuf.Descriptors$DescriptorValidationException
2024-11-12 13:43:07,759 INFO  EvoClassLoader - Instrumenting class 'org.apache.hadoop.thirdparty.protobuf.Descriptors$DescriptorValidationException'.
2024-11-12 13:43:07,759 INFO  MethodCallReplacementClassAdapter - Adding mock interface to class org/apache/hadoop/thirdparty/protobuf/Descriptors$DescriptorValidationException
2024-11-12 13:43:07,759 INFO  CreateClassResetClassAdapter - Creating brand-new static initializer in class org/apache/hadoop/thirdparty/protobuf/Descriptors$DescriptorValidationException
2024-11-12 13:43:07,759 INFO  EvoClassLoader - Keeping class: org.apache.hadoop.thirdparty.protobuf.Descriptors$DescriptorValidationException
2024-11-12 13:43:07,759 INFO  EvoClassLoader - Seeing class for first time: org.apache.hadoop.thirdparty.protobuf.Descriptors$FileDescriptor
2024-11-12 13:43:07,759 INFO  EvoClassLoader - Instrumenting class 'org.apache.hadoop.thirdparty.protobuf.Descriptors$FileDescriptor'.
2024-11-12 13:43:07,760 INFO  MethodCallReplacementClassAdapter - Adding mock interface to class org/apache/hadoop/thirdparty/protobuf/Descriptors$FileDescriptor
2024-11-12 13:43:07,760 INFO  CreateClassResetClassAdapter - Creating brand-new static initializer in class org/apache/hadoop/thirdparty/protobuf/Descriptors$FileDescriptor
2024-11-12 13:43:07,761 INFO  EvoClassLoader - Keeping class: org.apache.hadoop.thirdparty.protobuf.Descriptors$FileDescriptor
2024-11-12 13:43:07,761 INFO  EvoClassLoader - Seeing class for first time: org.apache.hadoop.thirdparty.protobuf.Descriptors$MethodDescriptor
2024-11-12 13:43:07,761 INFO  EvoClassLoader - Instrumenting class 'org.apache.hadoop.thirdparty.protobuf.Descriptors$MethodDescriptor'.
2024-11-12 13:43:07,761 INFO  MethodCallReplacementClassAdapter - Adding mock interface to class org/apache/hadoop/thirdparty/protobuf/Descriptors$MethodDescriptor
2024-11-12 13:43:07,761 INFO  CreateClassResetClassAdapter - Creating brand-new static initializer in class org/apache/hadoop/thirdparty/protobuf/Descriptors$MethodDescriptor
2024-11-12 13:43:07,761 INFO  EvoClassLoader - Keeping class: org.apache.hadoop.thirdparty.protobuf.Descriptors$MethodDescriptor
2024-11-12 13:43:07,761 INFO  EvoClassLoader - Seeing class for first time: org.apache.hadoop.thirdparty.protobuf.Descriptors$ServiceDescriptor
2024-11-12 13:43:07,761 INFO  EvoClassLoader - Instrumenting class 'org.apache.hadoop.thirdparty.protobuf.Descriptors$ServiceDescriptor'.
2024-11-12 13:43:07,762 INFO  MethodCallReplacementClassAdapter - Adding mock interface to class org/apache/hadoop/thirdparty/protobuf/Descriptors$ServiceDescriptor
2024-11-12 13:43:07,762 INFO  CreateClassResetClassAdapter - Creating brand-new static initializer in class org/apache/hadoop/thirdparty/protobuf/Descriptors$ServiceDescriptor
2024-11-12 13:43:07,762 INFO  EvoClassLoader - Keeping class: org.apache.hadoop.thirdparty.protobuf.Descriptors$ServiceDescriptor
2024-11-12 13:43:07,762 INFO  EvoClassLoader - Seeing class for first time: org.apache.hadoop.thirdparty.protobuf.Descriptors$EnumValueDescriptor
2024-11-12 13:43:07,762 INFO  EvoClassLoader - Instrumenting class 'org.apache.hadoop.thirdparty.protobuf.Descriptors$EnumValueDescriptor'.
2024-11-12 13:43:07,762 INFO  MethodCallReplacementClassAdapter - Adding mock interface to class org/apache/hadoop/thirdparty/protobuf/Descriptors$EnumValueDescriptor
2024-11-12 13:43:07,762 INFO  CreateClassResetClassAdapter - Found static initializer in class org/apache/hadoop/thirdparty/protobuf/Descriptors$EnumValueDescriptor
2024-11-12 13:43:07,762 INFO  EvoClassLoader - Keeping class: org.apache.hadoop.thirdparty.protobuf.Descriptors$EnumValueDescriptor
2024-11-12 13:43:07,762 INFO  EvoClassLoader - Seeing class for first time: org.apache.hadoop.thirdparty.protobuf.Descriptors$EnumDescriptor
2024-11-12 13:43:07,762 INFO  EvoClassLoader - Instrumenting class 'org.apache.hadoop.thirdparty.protobuf.Descriptors$EnumDescriptor'.
2024-11-12 13:43:07,763 INFO  MethodCallReplacementClassAdapter - Adding mock interface to class org/apache/hadoop/thirdparty/protobuf/Descriptors$EnumDescriptor
2024-11-12 13:43:07,763 INFO  CreateClassResetClassAdapter - Creating brand-new static initializer in class org/apache/hadoop/thirdparty/protobuf/Descriptors$EnumDescriptor
2024-11-12 13:43:07,763 INFO  EvoClassLoader - Seeing class for first time: org.apache.hadoop.thirdparty.protobuf.Internal$EnumLiteMap
2024-11-12 13:43:07,763 INFO  EvoClassLoader - Instrumenting class 'org.apache.hadoop.thirdparty.protobuf.Internal$EnumLiteMap'.
2024-11-12 13:43:07,763 INFO  EvoClassLoader - Keeping class: org.apache.hadoop.thirdparty.protobuf.Internal$EnumLiteMap
2024-11-12 13:43:07,763 INFO  EvoClassLoader - Keeping class: org.apache.hadoop.thirdparty.protobuf.Descriptors$EnumDescriptor
2024-11-12 13:43:07,764 INFO  EvoClassLoader - Seeing class for first time: org.apache.hadoop.thirdparty.protobuf.Descriptors$FileDescriptor$InternalDescriptorAssigner
2024-11-12 13:43:07,764 INFO  EvoClassLoader - Instrumenting class 'org.apache.hadoop.thirdparty.protobuf.Descriptors$FileDescriptor$InternalDescriptorAssigner'.
2024-11-12 13:43:07,764 INFO  EvoClassLoader - Keeping class: org.apache.hadoop.thirdparty.protobuf.Descriptors$FileDescriptor$InternalDescriptorAssigner
2024-11-12 13:43:07,764 INFO  EvoClassLoader - Seeing class for first time: org.apache.hadoop.thirdparty.protobuf.DescriptorProtos$FileDescriptorProto
2024-11-12 13:43:07,764 INFO  EvoClassLoader - Instrumenting class 'org.apache.hadoop.thirdparty.protobuf.DescriptorProtos$FileDescriptorProto'.
2024-11-12 13:43:07,764 INFO  MethodCallReplacementClassAdapter - Adding mock interface to class org/apache/hadoop/thirdparty/protobuf/DescriptorProtos$FileDescriptorProto
2024-11-12 13:43:07,765 INFO  CreateClassResetClassAdapter - Found static initializer in class org/apache/hadoop/thirdparty/protobuf/DescriptorProtos$FileDescriptorProto
2024-11-12 13:43:07,765 INFO  EvoClassLoader - Seeing class for first time: org.apache.hadoop.thirdparty.protobuf.DescriptorProtos$FileDescriptorProtoOrBuilder
2024-11-12 13:43:07,765 INFO  EvoClassLoader - Instrumenting class 'org.apache.hadoop.thirdparty.protobuf.DescriptorProtos$FileDescriptorProtoOrBuilder'.
2024-11-12 13:43:07,766 INFO  EvoClassLoader - Keeping class: org.apache.hadoop.thirdparty.protobuf.DescriptorProtos$FileDescriptorProtoOrBuilder
2024-11-12 13:43:07,766 INFO  EvoClassLoader - Keeping class: org.apache.hadoop.thirdparty.protobuf.DescriptorProtos$FileDescriptorProto
2024-11-12 13:43:07,766 INFO  EvoClassLoader - Seeing class for first time: org.apache.hadoop.thirdparty.protobuf.Descriptors$FileDescriptor$Syntax
2024-11-12 13:43:07,766 INFO  EvoClassLoader - Instrumenting class 'org.apache.hadoop.thirdparty.protobuf.Descriptors$FileDescriptor$Syntax'.
2024-11-12 13:43:07,766 INFO  MethodCallReplacementClassAdapter - Adding mock interface to class org/apache/hadoop/thirdparty/protobuf/Descriptors$FileDescriptor$Syntax
2024-11-12 13:43:07,766 INFO  CreateClassResetClassAdapter - Found static initializer in class org/apache/hadoop/thirdparty/protobuf/Descriptors$FileDescriptor$Syntax
2024-11-12 13:43:07,766 INFO  EvoClassLoader - Keeping class: org.apache.hadoop.thirdparty.protobuf.Descriptors$FileDescriptor$Syntax
2024-11-12 13:43:07,766 INFO  EvoClassLoader - Seeing class for first time: org.apache.hadoop.thirdparty.protobuf.AbstractProtobufList
2024-11-12 13:43:07,766 INFO  EvoClassLoader - Instrumenting class 'org.apache.hadoop.thirdparty.protobuf.AbstractProtobufList'.
2024-11-12 13:43:07,767 INFO  MethodCallReplacementClassAdapter - Adding mock interface to class org/apache/hadoop/thirdparty/protobuf/AbstractProtobufList
2024-11-12 13:43:07,767 INFO  CreateClassResetClassAdapter - Creating brand-new static initializer in class org/apache/hadoop/thirdparty/protobuf/AbstractProtobufList
2024-11-12 13:43:07,767 INFO  CreateClassResetClassAdapter - Adding bytecode for initializing field DEFAULT_CAPACITY
2024-11-12 13:43:07,767 INFO  EvoClassLoader - Keeping class: org.apache.hadoop.thirdparty.protobuf.AbstractProtobufList
2024-11-12 13:43:07,767 INFO  EvoClassLoader - Seeing class for first time: org.apache.hadoop.thirdparty.protobuf.LazyStringArrayList
2024-11-12 13:43:07,767 INFO  EvoClassLoader - Instrumenting class 'org.apache.hadoop.thirdparty.protobuf.LazyStringArrayList'.
2024-11-12 13:43:07,767 INFO  MethodCallReplacementClassAdapter - Adding mock interface to class org/apache/hadoop/thirdparty/protobuf/LazyStringArrayList
2024-11-12 13:43:07,768 INFO  CreateClassResetClassAdapter - Found static initializer in class org/apache/hadoop/thirdparty/protobuf/LazyStringArrayList
2024-11-12 13:43:07,768 INFO  EvoClassLoader - Seeing class for first time: org.apache.hadoop.thirdparty.protobuf.LazyStringList
2024-11-12 13:43:07,768 INFO  EvoClassLoader - Instrumenting class 'org.apache.hadoop.thirdparty.protobuf.LazyStringList'.
2024-11-12 13:43:07,769 INFO  EvoClassLoader - Seeing class for first time: org.apache.hadoop.thirdparty.protobuf.ProtocolStringList
2024-11-12 13:43:07,769 INFO  EvoClassLoader - Instrumenting class 'org.apache.hadoop.thirdparty.protobuf.ProtocolStringList'.
2024-11-12 13:43:07,769 INFO  EvoClassLoader - Keeping class: org.apache.hadoop.thirdparty.protobuf.ProtocolStringList
2024-11-12 13:43:07,769 INFO  EvoClassLoader - Keeping class: org.apache.hadoop.thirdparty.protobuf.LazyStringList
2024-11-12 13:43:07,769 INFO  EvoClassLoader - Keeping class: org.apache.hadoop.thirdparty.protobuf.LazyStringArrayList
2024-11-12 13:43:07,770 INFO  EvoClassLoader - Seeing class for first time: org.apache.hadoop.thirdparty.protobuf.IntArrayList
2024-11-12 13:43:07,770 INFO  EvoClassLoader - Instrumenting class 'org.apache.hadoop.thirdparty.protobuf.IntArrayList'.
2024-11-12 13:43:07,770 INFO  MethodCallReplacementClassAdapter - Adding mock interface to class org/apache/hadoop/thirdparty/protobuf/IntArrayList
2024-11-12 13:43:07,771 INFO  CreateClassResetClassAdapter - Found static initializer in class org/apache/hadoop/thirdparty/protobuf/IntArrayList
2024-11-12 13:43:07,771 INFO  EvoClassLoader - Seeing class for first time: org.apache.hadoop.thirdparty.protobuf.PrimitiveNonBoxingCollection
2024-11-12 13:43:07,771 INFO  EvoClassLoader - Instrumenting class 'org.apache.hadoop.thirdparty.protobuf.PrimitiveNonBoxingCollection'.
2024-11-12 13:43:07,771 INFO  EvoClassLoader - Keeping class: org.apache.hadoop.thirdparty.protobuf.PrimitiveNonBoxingCollection
2024-11-12 13:43:07,772 INFO  EvoClassLoader - Keeping class: org.apache.hadoop.thirdparty.protobuf.IntArrayList
2024-11-12 13:43:07,772 INFO  EvoClassLoader - Seeing class for first time: org.apache.hadoop.thirdparty.protobuf.DescriptorProtos$FileDescriptorProto$1
2024-11-12 13:43:07,772 INFO  EvoClassLoader - Instrumenting class 'org.apache.hadoop.thirdparty.protobuf.DescriptorProtos$FileDescriptorProto$1'.
2024-11-12 13:43:07,772 INFO  MethodCallReplacementClassAdapter - Adding mock interface to class org/apache/hadoop/thirdparty/protobuf/DescriptorProtos$FileDescriptorProto$1
2024-11-12 13:43:07,773 INFO  EvoClassLoader - Keeping class: org.apache.hadoop.thirdparty.protobuf.DescriptorProtos$FileDescriptorProto$1
2024-11-12 13:43:07,773 INFO  EvoClassLoader - Seeing class for first time: org.apache.hadoop.thirdparty.protobuf.DescriptorProtos$MethodDescriptorProto
2024-11-12 13:43:07,773 INFO  EvoClassLoader - Instrumenting class 'org.apache.hadoop.thirdparty.protobuf.DescriptorProtos$MethodDescriptorProto'.
2024-11-12 13:43:07,773 INFO  MethodCallReplacementClassAdapter - Adding mock interface to class org/apache/hadoop/thirdparty/protobuf/DescriptorProtos$MethodDescriptorProto
2024-11-12 13:43:07,773 INFO  CreateClassResetClassAdapter - Found static initializer in class org/apache/hadoop/thirdparty/protobuf/DescriptorProtos$MethodDescriptorProto
2024-11-12 13:43:07,774 INFO  EvoClassLoader - Seeing class for first time: org.apache.hadoop.thirdparty.protobuf.DescriptorProtos$MethodDescriptorProtoOrBuilder
2024-11-12 13:43:07,774 INFO  EvoClassLoader - Instrumenting class 'org.apache.hadoop.thirdparty.protobuf.DescriptorProtos$MethodDescriptorProtoOrBuilder'.
2024-11-12 13:43:07,774 INFO  EvoClassLoader - Keeping class: org.apache.hadoop.thirdparty.protobuf.DescriptorProtos$MethodDescriptorProtoOrBuilder
2024-11-12 13:43:07,774 INFO  EvoClassLoader - Keeping class: org.apache.hadoop.thirdparty.protobuf.DescriptorProtos$MethodDescriptorProto
2024-11-12 13:43:07,774 INFO  EvoClassLoader - Seeing class for first time: org.apache.hadoop.thirdparty.protobuf.DescriptorProtos$ServiceDescriptorProto
2024-11-12 13:43:07,774 INFO  EvoClassLoader - Instrumenting class 'org.apache.hadoop.thirdparty.protobuf.DescriptorProtos$ServiceDescriptorProto'.
2024-11-12 13:43:07,774 INFO  MethodCallReplacementClassAdapter - Adding mock interface to class org/apache/hadoop/thirdparty/protobuf/DescriptorProtos$ServiceDescriptorProto
2024-11-12 13:43:07,775 INFO  CreateClassResetClassAdapter - Found static initializer in class org/apache/hadoop/thirdparty/protobuf/DescriptorProtos$ServiceDescriptorProto
2024-11-12 13:43:07,775 INFO  EvoClassLoader - Seeing class for first time: org.apache.hadoop.thirdparty.protobuf.DescriptorProtos$ServiceDescriptorProtoOrBuilder
2024-11-12 13:43:07,775 INFO  EvoClassLoader - Instrumenting class 'org.apache.hadoop.thirdparty.protobuf.DescriptorProtos$ServiceDescriptorProtoOrBuilder'.
2024-11-12 13:43:07,775 INFO  EvoClassLoader - Keeping class: org.apache.hadoop.thirdparty.protobuf.DescriptorProtos$ServiceDescriptorProtoOrBuilder
2024-11-12 13:43:07,776 INFO  EvoClassLoader - Keeping class: org.apache.hadoop.thirdparty.protobuf.DescriptorProtos$ServiceDescriptorProto
2024-11-12 13:43:07,776 INFO  EvoClassLoader - Seeing class for first time: org.apache.hadoop.thirdparty.protobuf.DescriptorProtos$EnumValueDescriptorProto
2024-11-12 13:43:07,776 INFO  EvoClassLoader - Instrumenting class 'org.apache.hadoop.thirdparty.protobuf.DescriptorProtos$EnumValueDescriptorProto'.
2024-11-12 13:43:07,776 INFO  MethodCallReplacementClassAdapter - Adding mock interface to class org/apache/hadoop/thirdparty/protobuf/DescriptorProtos$EnumValueDescriptorProto
2024-11-12 13:43:07,776 INFO  CreateClassResetClassAdapter - Found static initializer in class org/apache/hadoop/thirdparty/protobuf/DescriptorProtos$EnumValueDescriptorProto
2024-11-12 13:43:07,777 INFO  EvoClassLoader - Seeing class for first time: org.apache.hadoop.thirdparty.protobuf.DescriptorProtos$EnumValueDescriptorProtoOrBuilder
2024-11-12 13:43:07,777 INFO  EvoClassLoader - Instrumenting class 'org.apache.hadoop.thirdparty.protobuf.DescriptorProtos$EnumValueDescriptorProtoOrBuilder'.
2024-11-12 13:43:07,777 INFO  EvoClassLoader - Keeping class: org.apache.hadoop.thirdparty.protobuf.DescriptorProtos$EnumValueDescriptorProtoOrBuilder
2024-11-12 13:43:07,777 INFO  EvoClassLoader - Keeping class: org.apache.hadoop.thirdparty.protobuf.DescriptorProtos$EnumValueDescriptorProto
2024-11-12 13:43:07,777 INFO  EvoClassLoader - Seeing class for first time: org.apache.hadoop.thirdparty.protobuf.DescriptorProtos$EnumDescriptorProto
2024-11-12 13:43:07,777 INFO  EvoClassLoader - Instrumenting class 'org.apache.hadoop.thirdparty.protobuf.DescriptorProtos$EnumDescriptorProto'.
2024-11-12 13:43:07,778 INFO  MethodCallReplacementClassAdapter - Adding mock interface to class org/apache/hadoop/thirdparty/protobuf/DescriptorProtos$EnumDescriptorProto
2024-11-12 13:43:07,778 INFO  CreateClassResetClassAdapter - Found static initializer in class org/apache/hadoop/thirdparty/protobuf/DescriptorProtos$EnumDescriptorProto
2024-11-12 13:43:07,778 INFO  EvoClassLoader - Seeing class for first time: org.apache.hadoop.thirdparty.protobuf.DescriptorProtos$EnumDescriptorProtoOrBuilder
2024-11-12 13:43:07,778 INFO  EvoClassLoader - Instrumenting class 'org.apache.hadoop.thirdparty.protobuf.DescriptorProtos$EnumDescriptorProtoOrBuilder'.
2024-11-12 13:43:07,780 INFO  EvoClassLoader - Keeping class: org.apache.hadoop.thirdparty.protobuf.DescriptorProtos$EnumDescriptorProtoOrBuilder
2024-11-12 13:43:07,780 INFO  EvoClassLoader - Keeping class: org.apache.hadoop.thirdparty.protobuf.DescriptorProtos$EnumDescriptorProto
2024-11-12 13:43:07,780 INFO  EvoClassLoader - Seeing class for first time: org.apache.hadoop.thirdparty.protobuf.DescriptorProtos$OneofDescriptorProto
2024-11-12 13:43:07,780 INFO  EvoClassLoader - Instrumenting class 'org.apache.hadoop.thirdparty.protobuf.DescriptorProtos$OneofDescriptorProto'.
2024-11-12 13:43:07,781 INFO  MethodCallReplacementClassAdapter - Adding mock interface to class org/apache/hadoop/thirdparty/protobuf/DescriptorProtos$OneofDescriptorProto
2024-11-12 13:43:07,782 INFO  CreateClassResetClassAdapter - Found static initializer in class org/apache/hadoop/thirdparty/protobuf/DescriptorProtos$OneofDescriptorProto
2024-11-12 13:43:07,783 INFO  EvoClassLoader - Seeing class for first time: org.apache.hadoop.thirdparty.protobuf.DescriptorProtos$OneofDescriptorProtoOrBuilder
2024-11-12 13:43:07,783 INFO  EvoClassLoader - Instrumenting class 'org.apache.hadoop.thirdparty.protobuf.DescriptorProtos$OneofDescriptorProtoOrBuilder'.
2024-11-12 13:43:07,784 INFO  EvoClassLoader - Keeping class: org.apache.hadoop.thirdparty.protobuf.DescriptorProtos$OneofDescriptorProtoOrBuilder
2024-11-12 13:43:07,785 INFO  EvoClassLoader - Keeping class: org.apache.hadoop.thirdparty.protobuf.DescriptorProtos$OneofDescriptorProto
2024-11-12 13:43:07,785 INFO  EvoClassLoader - Seeing class for first time: org.apache.hadoop.thirdparty.protobuf.DescriptorProtos$FieldDescriptorProto
2024-11-12 13:43:07,785 INFO  EvoClassLoader - Instrumenting class 'org.apache.hadoop.thirdparty.protobuf.DescriptorProtos$FieldDescriptorProto'.
2024-11-12 13:43:07,785 INFO  MethodCallReplacementClassAdapter - Adding mock interface to class org/apache/hadoop/thirdparty/protobuf/DescriptorProtos$FieldDescriptorProto
2024-11-12 13:43:07,786 INFO  CreateClassResetClassAdapter - Found static initializer in class org/apache/hadoop/thirdparty/protobuf/DescriptorProtos$FieldDescriptorProto
2024-11-12 13:43:07,787 INFO  EvoClassLoader - Seeing class for first time: org.apache.hadoop.thirdparty.protobuf.DescriptorProtos$FieldDescriptorProtoOrBuilder
2024-11-12 13:43:07,787 INFO  EvoClassLoader - Instrumenting class 'org.apache.hadoop.thirdparty.protobuf.DescriptorProtos$FieldDescriptorProtoOrBuilder'.
2024-11-12 13:43:07,787 INFO  EvoClassLoader - Keeping class: org.apache.hadoop.thirdparty.protobuf.DescriptorProtos$FieldDescriptorProtoOrBuilder
2024-11-12 13:43:07,788 INFO  EvoClassLoader - Keeping class: org.apache.hadoop.thirdparty.protobuf.DescriptorProtos$FieldDescriptorProto
2024-11-12 13:43:07,788 INFO  EvoClassLoader - Seeing class for first time: org.apache.hadoop.thirdparty.protobuf.DescriptorProtos$ExtensionRangeOptions
2024-11-12 13:43:07,788 INFO  EvoClassLoader - Instrumenting class 'org.apache.hadoop.thirdparty.protobuf.DescriptorProtos$ExtensionRangeOptions'.
2024-11-12 13:43:07,788 INFO  MethodCallReplacementClassAdapter - Adding mock interface to class org/apache/hadoop/thirdparty/protobuf/DescriptorProtos$ExtensionRangeOptions
2024-11-12 13:43:07,789 INFO  CreateClassResetClassAdapter - Found static initializer in class org/apache/hadoop/thirdparty/protobuf/DescriptorProtos$ExtensionRangeOptions
2024-11-12 13:43:07,789 INFO  EvoClassLoader - Seeing class for first time: org.apache.hadoop.thirdparty.protobuf.DescriptorProtos$ExtensionRangeOptionsOrBuilder
2024-11-12 13:43:07,789 INFO  EvoClassLoader - Instrumenting class 'org.apache.hadoop.thirdparty.protobuf.DescriptorProtos$ExtensionRangeOptionsOrBuilder'.
2024-11-12 13:43:07,789 INFO  EvoClassLoader - Keeping class: org.apache.hadoop.thirdparty.protobuf.DescriptorProtos$ExtensionRangeOptionsOrBuilder
2024-11-12 13:43:07,789 INFO  EvoClassLoader - Keeping class: org.apache.hadoop.thirdparty.protobuf.DescriptorProtos$ExtensionRangeOptions
2024-11-12 13:43:07,789 INFO  EvoClassLoader - Seeing class for first time: org.apache.hadoop.thirdparty.protobuf.DescriptorProtos$DescriptorProto
2024-11-12 13:43:07,789 INFO  EvoClassLoader - Instrumenting class 'org.apache.hadoop.thirdparty.protobuf.DescriptorProtos$DescriptorProto'.
2024-11-12 13:43:07,790 INFO  MethodCallReplacementClassAdapter - Adding mock interface to class org/apache/hadoop/thirdparty/protobuf/DescriptorProtos$DescriptorProto
2024-11-12 13:43:07,790 INFO  CreateClassResetClassAdapter - Found static initializer in class org/apache/hadoop/thirdparty/protobuf/DescriptorProtos$DescriptorProto
2024-11-12 13:43:07,791 INFO  EvoClassLoader - Seeing class for first time: org.apache.hadoop.thirdparty.protobuf.DescriptorProtos$DescriptorProtoOrBuilder
2024-11-12 13:43:07,791 INFO  EvoClassLoader - Instrumenting class 'org.apache.hadoop.thirdparty.protobuf.DescriptorProtos$DescriptorProtoOrBuilder'.
2024-11-12 13:43:07,791 INFO  EvoClassLoader - Keeping class: org.apache.hadoop.thirdparty.protobuf.DescriptorProtos$DescriptorProtoOrBuilder
2024-11-12 13:43:07,791 INFO  EvoClassLoader - Keeping class: org.apache.hadoop.thirdparty.protobuf.DescriptorProtos$DescriptorProto
2024-11-12 13:43:07,792 INFO  EvoClassLoader - Seeing class for first time: org.apache.hadoop.thirdparty.protobuf.DescriptorProtos$FileDescriptorProto$Builder
2024-11-12 13:43:07,792 INFO  EvoClassLoader - Instrumenting class 'org.apache.hadoop.thirdparty.protobuf.DescriptorProtos$FileDescriptorProto$Builder'.
2024-11-12 13:43:07,792 INFO  MethodCallReplacementClassAdapter - Adding mock interface to class org/apache/hadoop/thirdparty/protobuf/DescriptorProtos$FileDescriptorProto$Builder
2024-11-12 13:43:07,795 INFO  CreateClassResetClassAdapter - Creating brand-new static initializer in class org/apache/hadoop/thirdparty/protobuf/DescriptorProtos$FileDescriptorProto$Builder
2024-11-12 13:43:07,796 INFO  EvoClassLoader - Keeping class: org.apache.hadoop.thirdparty.protobuf.DescriptorProtos$FileDescriptorProto$Builder
2024-11-12 13:43:07,799 INFO  EvoClassLoader - Seeing class for first time: org.apache.hadoop.thirdparty.protobuf.DescriptorProtos$DescriptorProto$Builder
2024-11-12 13:43:07,799 INFO  EvoClassLoader - Instrumenting class 'org.apache.hadoop.thirdparty.protobuf.DescriptorProtos$DescriptorProto$Builder'.
2024-11-12 13:43:07,801 INFO  MethodCallReplacementClassAdapter - Adding mock interface to class org/apache/hadoop/thirdparty/protobuf/DescriptorProtos$DescriptorProto$Builder
2024-11-12 13:43:07,804 INFO  CreateClassResetClassAdapter - Creating brand-new static initializer in class org/apache/hadoop/thirdparty/protobuf/DescriptorProtos$DescriptorProto$Builder
2024-11-12 13:43:07,805 INFO  EvoClassLoader - Keeping class: org.apache.hadoop.thirdparty.protobuf.DescriptorProtos$DescriptorProto$Builder
2024-11-12 13:43:07,805 INFO  EvoClassLoader - Seeing class for first time: org.apache.hadoop.thirdparty.protobuf.DescriptorProtos$EnumDescriptorProto$Builder
2024-11-12 13:43:07,805 INFO  EvoClassLoader - Instrumenting class 'org.apache.hadoop.thirdparty.protobuf.DescriptorProtos$EnumDescriptorProto$Builder'.
2024-11-12 13:43:07,805 INFO  MethodCallReplacementClassAdapter - Adding mock interface to class org/apache/hadoop/thirdparty/protobuf/DescriptorProtos$EnumDescriptorProto$Builder
2024-11-12 13:43:07,806 INFO  CreateClassResetClassAdapter - Creating brand-new static initializer in class org/apache/hadoop/thirdparty/protobuf/DescriptorProtos$EnumDescriptorProto$Builder
2024-11-12 13:43:07,807 INFO  EvoClassLoader - Keeping class: org.apache.hadoop.thirdparty.protobuf.DescriptorProtos$EnumDescriptorProto$Builder
2024-11-12 13:43:07,807 INFO  EvoClassLoader - Seeing class for first time: org.apache.hadoop.thirdparty.protobuf.DescriptorProtos$ServiceDescriptorProto$Builder
2024-11-12 13:43:07,807 INFO  EvoClassLoader - Instrumenting class 'org.apache.hadoop.thirdparty.protobuf.DescriptorProtos$ServiceDescriptorProto$Builder'.
2024-11-12 13:43:07,808 INFO  MethodCallReplacementClassAdapter - Adding mock interface to class org/apache/hadoop/thirdparty/protobuf/DescriptorProtos$ServiceDescriptorProto$Builder
2024-11-12 13:43:07,809 INFO  CreateClassResetClassAdapter - Creating brand-new static initializer in class org/apache/hadoop/thirdparty/protobuf/DescriptorProtos$ServiceDescriptorProto$Builder
2024-11-12 13:43:07,810 INFO  EvoClassLoader - Keeping class: org.apache.hadoop.thirdparty.protobuf.DescriptorProtos$ServiceDescriptorProto$Builder
2024-11-12 13:43:07,810 INFO  EvoClassLoader - Seeing class for first time: org.apache.hadoop.thirdparty.protobuf.DescriptorProtos$FieldDescriptorProto$Builder
2024-11-12 13:43:07,810 INFO  EvoClassLoader - Instrumenting class 'org.apache.hadoop.thirdparty.protobuf.DescriptorProtos$FieldDescriptorProto$Builder'.
2024-11-12 13:43:07,811 INFO  MethodCallReplacementClassAdapter - Adding mock interface to class org/apache/hadoop/thirdparty/protobuf/DescriptorProtos$FieldDescriptorProto$Builder
2024-11-12 13:43:07,812 INFO  CreateClassResetClassAdapter - Creating brand-new static initializer in class org/apache/hadoop/thirdparty/protobuf/DescriptorProtos$FieldDescriptorProto$Builder
2024-11-12 13:43:07,813 INFO  EvoClassLoader - Keeping class: org.apache.hadoop.thirdparty.protobuf.DescriptorProtos$FieldDescriptorProto$Builder
2024-11-12 13:43:07,813 INFO  EvoClassLoader - Seeing class for first time: org.apache.hadoop.thirdparty.protobuf.DescriptorProtos$SourceCodeInfo$Builder
2024-11-12 13:43:07,813 INFO  EvoClassLoader - Instrumenting class 'org.apache.hadoop.thirdparty.protobuf.DescriptorProtos$SourceCodeInfo$Builder'.
2024-11-12 13:43:07,813 INFO  MethodCallReplacementClassAdapter - Adding mock interface to class org/apache/hadoop/thirdparty/protobuf/DescriptorProtos$SourceCodeInfo$Builder
2024-11-12 13:43:07,814 INFO  CreateClassResetClassAdapter - Creating brand-new static initializer in class org/apache/hadoop/thirdparty/protobuf/DescriptorProtos$SourceCodeInfo$Builder
2024-11-12 13:43:07,815 INFO  EvoClassLoader - Keeping class: org.apache.hadoop.thirdparty.protobuf.DescriptorProtos$SourceCodeInfo$Builder
2024-11-12 13:43:07,815 INFO  EvoClassLoader - Seeing class for first time: org.apache.hadoop.thirdparty.protobuf.DescriptorProtos$DescriptorProto$1
2024-11-12 13:43:07,815 INFO  EvoClassLoader - Instrumenting class 'org.apache.hadoop.thirdparty.protobuf.DescriptorProtos$DescriptorProto$1'.
2024-11-12 13:43:07,815 INFO  MethodCallReplacementClassAdapter - Adding mock interface to class org/apache/hadoop/thirdparty/protobuf/DescriptorProtos$DescriptorProto$1
2024-11-12 13:43:07,816 INFO  EvoClassLoader - Keeping class: org.apache.hadoop.thirdparty.protobuf.DescriptorProtos$DescriptorProto$1
2024-11-12 13:43:07,816 INFO  EvoClassLoader - Seeing class for first time: org.apache.hadoop.thirdparty.protobuf.DescriptorProtos$DescriptorProto$ExtensionRange
2024-11-12 13:43:07,816 INFO  EvoClassLoader - Instrumenting class 'org.apache.hadoop.thirdparty.protobuf.DescriptorProtos$DescriptorProto$ExtensionRange'.
2024-11-12 13:43:07,816 INFO  MethodCallReplacementClassAdapter - Adding mock interface to class org/apache/hadoop/thirdparty/protobuf/DescriptorProtos$DescriptorProto$ExtensionRange
2024-11-12 13:43:07,817 INFO  CreateClassResetClassAdapter - Found static initializer in class org/apache/hadoop/thirdparty/protobuf/DescriptorProtos$DescriptorProto$ExtensionRange
2024-11-12 13:43:07,817 INFO  EvoClassLoader - Seeing class for first time: org.apache.hadoop.thirdparty.protobuf.DescriptorProtos$DescriptorProto$ExtensionRangeOrBuilder
2024-11-12 13:43:07,817 INFO  EvoClassLoader - Instrumenting class 'org.apache.hadoop.thirdparty.protobuf.DescriptorProtos$DescriptorProto$ExtensionRangeOrBuilder'.
2024-11-12 13:43:07,817 INFO  EvoClassLoader - Keeping class: org.apache.hadoop.thirdparty.protobuf.DescriptorProtos$DescriptorProto$ExtensionRangeOrBuilder
2024-11-12 13:43:07,817 INFO  EvoClassLoader - Keeping class: org.apache.hadoop.thirdparty.protobuf.DescriptorProtos$DescriptorProto$ExtensionRange
2024-11-12 13:43:07,817 INFO  EvoClassLoader - Seeing class for first time: org.apache.hadoop.thirdparty.protobuf.DescriptorProtos$DescriptorProto$ReservedRange
2024-11-12 13:43:07,817 INFO  EvoClassLoader - Instrumenting class 'org.apache.hadoop.thirdparty.protobuf.DescriptorProtos$DescriptorProto$ReservedRange'.
2024-11-12 13:43:07,818 INFO  MethodCallReplacementClassAdapter - Adding mock interface to class org/apache/hadoop/thirdparty/protobuf/DescriptorProtos$DescriptorProto$ReservedRange
2024-11-12 13:43:07,818 INFO  CreateClassResetClassAdapter - Found static initializer in class org/apache/hadoop/thirdparty/protobuf/DescriptorProtos$DescriptorProto$ReservedRange
2024-11-12 13:43:07,818 INFO  EvoClassLoader - Seeing class for first time: org.apache.hadoop.thirdparty.protobuf.DescriptorProtos$DescriptorProto$ReservedRangeOrBuilder
2024-11-12 13:43:07,818 INFO  EvoClassLoader - Instrumenting class 'org.apache.hadoop.thirdparty.protobuf.DescriptorProtos$DescriptorProto$ReservedRangeOrBuilder'.
2024-11-12 13:43:07,818 INFO  EvoClassLoader - Keeping class: org.apache.hadoop.thirdparty.protobuf.DescriptorProtos$DescriptorProto$ReservedRangeOrBuilder
2024-11-12 13:43:07,818 INFO  EvoClassLoader - Keeping class: org.apache.hadoop.thirdparty.protobuf.DescriptorProtos$DescriptorProto$ReservedRange
2024-11-12 13:43:07,820 INFO  EvoClassLoader - Seeing class for first time: org.apache.hadoop.thirdparty.protobuf.DescriptorProtos$DescriptorProto$ExtensionRange$Builder
2024-11-12 13:43:07,820 INFO  EvoClassLoader - Instrumenting class 'org.apache.hadoop.thirdparty.protobuf.DescriptorProtos$DescriptorProto$ExtensionRange$Builder'.
2024-11-12 13:43:07,821 INFO  MethodCallReplacementClassAdapter - Adding mock interface to class org/apache/hadoop/thirdparty/protobuf/DescriptorProtos$DescriptorProto$ExtensionRange$Builder
2024-11-12 13:43:07,821 INFO  CreateClassResetClassAdapter - Creating brand-new static initializer in class org/apache/hadoop/thirdparty/protobuf/DescriptorProtos$DescriptorProto$ExtensionRange$Builder
2024-11-12 13:43:07,822 INFO  EvoClassLoader - Keeping class: org.apache.hadoop.thirdparty.protobuf.DescriptorProtos$DescriptorProto$ExtensionRange$Builder
2024-11-12 13:43:07,822 INFO  EvoClassLoader - Seeing class for first time: org.apache.hadoop.thirdparty.protobuf.DescriptorProtos$OneofDescriptorProto$Builder
2024-11-12 13:43:07,822 INFO  EvoClassLoader - Instrumenting class 'org.apache.hadoop.thirdparty.protobuf.DescriptorProtos$OneofDescriptorProto$Builder'.
2024-11-12 13:43:07,822 INFO  MethodCallReplacementClassAdapter - Adding mock interface to class org/apache/hadoop/thirdparty/protobuf/DescriptorProtos$OneofDescriptorProto$Builder
2024-11-12 13:43:07,823 INFO  CreateClassResetClassAdapter - Creating brand-new static initializer in class org/apache/hadoop/thirdparty/protobuf/DescriptorProtos$OneofDescriptorProto$Builder
2024-11-12 13:43:07,824 INFO  EvoClassLoader - Keeping class: org.apache.hadoop.thirdparty.protobuf.DescriptorProtos$OneofDescriptorProto$Builder
2024-11-12 13:43:07,824 INFO  EvoClassLoader - Seeing class for first time: org.apache.hadoop.thirdparty.protobuf.DescriptorProtos$DescriptorProto$ReservedRange$Builder
2024-11-12 13:43:07,824 INFO  EvoClassLoader - Instrumenting class 'org.apache.hadoop.thirdparty.protobuf.DescriptorProtos$DescriptorProto$ReservedRange$Builder'.
2024-11-12 13:43:07,824 INFO  MethodCallReplacementClassAdapter - Adding mock interface to class org/apache/hadoop/thirdparty/protobuf/DescriptorProtos$DescriptorProto$ReservedRange$Builder
2024-11-12 13:43:07,825 INFO  CreateClassResetClassAdapter - Creating brand-new static initializer in class org/apache/hadoop/thirdparty/protobuf/DescriptorProtos$DescriptorProto$ReservedRange$Builder
2024-11-12 13:43:07,825 INFO  EvoClassLoader - Keeping class: org.apache.hadoop.thirdparty.protobuf.DescriptorProtos$DescriptorProto$ReservedRange$Builder
2024-11-12 13:43:07,825 INFO  EvoClassLoader - Seeing class for first time: org.apache.hadoop.thirdparty.protobuf.DescriptorProtos$MessageOptions$Builder
2024-11-12 13:43:07,825 INFO  EvoClassLoader - Instrumenting class 'org.apache.hadoop.thirdparty.protobuf.DescriptorProtos$MessageOptions$Builder'.
2024-11-12 13:43:07,825 INFO  MethodCallReplacementClassAdapter - Adding mock interface to class org/apache/hadoop/thirdparty/protobuf/DescriptorProtos$MessageOptions$Builder
2024-11-12 13:43:07,826 INFO  CreateClassResetClassAdapter - Creating brand-new static initializer in class org/apache/hadoop/thirdparty/protobuf/DescriptorProtos$MessageOptions$Builder
2024-11-12 13:43:07,827 INFO  EvoClassLoader - Keeping class: org.apache.hadoop.thirdparty.protobuf.DescriptorProtos$MessageOptions$Builder
2024-11-12 13:43:07,827 INFO  EvoClassLoader - Seeing class for first time: org.apache.hadoop.thirdparty.protobuf.DescriptorProtos$FieldDescriptorProto$1
2024-11-12 13:43:07,827 INFO  EvoClassLoader - Instrumenting class 'org.apache.hadoop.thirdparty.protobuf.DescriptorProtos$FieldDescriptorProto$1'.
2024-11-12 13:43:07,827 INFO  MethodCallReplacementClassAdapter - Adding mock interface to class org/apache/hadoop/thirdparty/protobuf/DescriptorProtos$FieldDescriptorProto$1
2024-11-12 13:43:07,827 INFO  EvoClassLoader - Keeping class: org.apache.hadoop.thirdparty.protobuf.DescriptorProtos$FieldDescriptorProto$1
2024-11-12 13:43:07,828 INFO  EvoClassLoader - Seeing class for first time: org.apache.hadoop.thirdparty.protobuf.DescriptorProtos$FieldDescriptorProto$Label
2024-11-12 13:43:07,828 INFO  EvoClassLoader - Instrumenting class 'org.apache.hadoop.thirdparty.protobuf.DescriptorProtos$FieldDescriptorProto$Label'.
2024-11-12 13:43:07,828 INFO  MethodCallReplacementClassAdapter - Adding mock interface to class org/apache/hadoop/thirdparty/protobuf/DescriptorProtos$FieldDescriptorProto$Label
2024-11-12 13:43:07,828 INFO  CreateClassResetClassAdapter - Found static initializer in class org/apache/hadoop/thirdparty/protobuf/DescriptorProtos$FieldDescriptorProto$Label
2024-11-12 13:43:07,828 INFO  EvoClassLoader - Keeping class: org.apache.hadoop.thirdparty.protobuf.DescriptorProtos$FieldDescriptorProto$Label
2024-11-12 13:43:07,829 INFO  EvoClassLoader - Seeing class for first time: org.apache.hadoop.thirdparty.protobuf.DescriptorProtos$FieldDescriptorProto$Type
2024-11-12 13:43:07,829 INFO  EvoClassLoader - Instrumenting class 'org.apache.hadoop.thirdparty.protobuf.DescriptorProtos$FieldDescriptorProto$Type'.
2024-11-12 13:43:07,829 INFO  MethodCallReplacementClassAdapter - Adding mock interface to class org/apache/hadoop/thirdparty/protobuf/DescriptorProtos$FieldDescriptorProto$Type
2024-11-12 13:43:07,829 INFO  CreateClassResetClassAdapter - Found static initializer in class org/apache/hadoop/thirdparty/protobuf/DescriptorProtos$FieldDescriptorProto$Type
2024-11-12 13:43:07,829 INFO  EvoClassLoader - Keeping class: org.apache.hadoop.thirdparty.protobuf.DescriptorProtos$FieldDescriptorProto$Type
2024-11-12 13:43:07,830 INFO  EvoClassLoader - Seeing class for first time: org.apache.hadoop.thirdparty.protobuf.DescriptorProtos$FieldOptions$Builder
2024-11-12 13:43:07,830 INFO  EvoClassLoader - Instrumenting class 'org.apache.hadoop.thirdparty.protobuf.DescriptorProtos$FieldOptions$Builder'.
2024-11-12 13:43:07,830 INFO  MethodCallReplacementClassAdapter - Adding mock interface to class org/apache/hadoop/thirdparty/protobuf/DescriptorProtos$FieldOptions$Builder
2024-11-12 13:43:07,831 INFO  CreateClassResetClassAdapter - Creating brand-new static initializer in class org/apache/hadoop/thirdparty/protobuf/DescriptorProtos$FieldOptions$Builder
2024-11-12 13:43:07,832 INFO  EvoClassLoader - Keeping class: org.apache.hadoop.thirdparty.protobuf.DescriptorProtos$FieldOptions$Builder
2024-11-12 13:43:07,832 INFO  EvoClassLoader - Seeing class for first time: org.apache.hadoop.thirdparty.protobuf.DescriptorProtos$FieldDescriptorProto$Label$1
2024-11-12 13:43:07,832 INFO  EvoClassLoader - Instrumenting class 'org.apache.hadoop.thirdparty.protobuf.DescriptorProtos$FieldDescriptorProto$Label$1'.
2024-11-12 13:43:07,832 INFO  MethodCallReplacementClassAdapter - Adding mock interface to class org/apache/hadoop/thirdparty/protobuf/DescriptorProtos$FieldDescriptorProto$Label$1
2024-11-12 13:43:07,833 INFO  EvoClassLoader - Keeping class: org.apache.hadoop.thirdparty.protobuf.DescriptorProtos$FieldDescriptorProto$Label$1
2024-11-12 13:43:07,833 INFO  EvoClassLoader - Seeing class for first time: org.apache.hadoop.thirdparty.protobuf.DescriptorProtos$FieldDescriptorProto$Type$1
2024-11-12 13:43:07,833 INFO  EvoClassLoader - Instrumenting class 'org.apache.hadoop.thirdparty.protobuf.DescriptorProtos$FieldDescriptorProto$Type$1'.
2024-11-12 13:43:07,833 INFO  MethodCallReplacementClassAdapter - Adding mock interface to class org/apache/hadoop/thirdparty/protobuf/DescriptorProtos$FieldDescriptorProto$Type$1
2024-11-12 13:43:07,833 INFO  EvoClassLoader - Keeping class: org.apache.hadoop.thirdparty.protobuf.DescriptorProtos$FieldDescriptorProto$Type$1
2024-11-12 13:43:07,833 INFO  EvoClassLoader - Seeing class for first time: org.apache.hadoop.thirdparty.protobuf.DescriptorProtos$DescriptorProto$ExtensionRange$1
2024-11-12 13:43:07,833 INFO  EvoClassLoader - Instrumenting class 'org.apache.hadoop.thirdparty.protobuf.DescriptorProtos$DescriptorProto$ExtensionRange$1'.
2024-11-12 13:43:07,834 INFO  MethodCallReplacementClassAdapter - Adding mock interface to class org/apache/hadoop/thirdparty/protobuf/DescriptorProtos$DescriptorProto$ExtensionRange$1
2024-11-12 13:43:07,834 INFO  EvoClassLoader - Keeping class: org.apache.hadoop.thirdparty.protobuf.DescriptorProtos$DescriptorProto$ExtensionRange$1
2024-11-12 13:43:07,835 INFO  EvoClassLoader - Seeing class for first time: org.apache.hadoop.thirdparty.protobuf.DescriptorProtos$ExtensionRangeOptions$Builder
2024-11-12 13:43:07,835 INFO  EvoClassLoader - Instrumenting class 'org.apache.hadoop.thirdparty.protobuf.DescriptorProtos$ExtensionRangeOptions$Builder'.
2024-11-12 13:43:07,835 INFO  MethodCallReplacementClassAdapter - Adding mock interface to class org/apache/hadoop/thirdparty/protobuf/DescriptorProtos$ExtensionRangeOptions$Builder
2024-11-12 13:43:07,836 INFO  CreateClassResetClassAdapter - Creating brand-new static initializer in class org/apache/hadoop/thirdparty/protobuf/DescriptorProtos$ExtensionRangeOptions$Builder
2024-11-12 13:43:07,836 INFO  EvoClassLoader - Keeping class: org.apache.hadoop.thirdparty.protobuf.DescriptorProtos$ExtensionRangeOptions$Builder
2024-11-12 13:43:07,836 INFO  EvoClassLoader - Seeing class for first time: org.apache.hadoop.thirdparty.protobuf.DescriptorProtos$EnumDescriptorProto$1
2024-11-12 13:43:07,836 INFO  EvoClassLoader - Instrumenting class 'org.apache.hadoop.thirdparty.protobuf.DescriptorProtos$EnumDescriptorProto$1'.
2024-11-12 13:43:07,836 INFO  MethodCallReplacementClassAdapter - Adding mock interface to class org/apache/hadoop/thirdparty/protobuf/DescriptorProtos$EnumDescriptorProto$1
2024-11-12 13:43:07,837 INFO  EvoClassLoader - Keeping class: org.apache.hadoop.thirdparty.protobuf.DescriptorProtos$EnumDescriptorProto$1
2024-11-12 13:43:07,837 INFO  EvoClassLoader - Seeing class for first time: org.apache.hadoop.thirdparty.protobuf.DescriptorProtos$EnumDescriptorProto$EnumReservedRange
2024-11-12 13:43:07,837 INFO  EvoClassLoader - Instrumenting class 'org.apache.hadoop.thirdparty.protobuf.DescriptorProtos$EnumDescriptorProto$EnumReservedRange'.
2024-11-12 13:43:07,837 INFO  MethodCallReplacementClassAdapter - Adding mock interface to class org/apache/hadoop/thirdparty/protobuf/DescriptorProtos$EnumDescriptorProto$EnumReservedRange
2024-11-12 13:43:07,837 INFO  CreateClassResetClassAdapter - Found static initializer in class org/apache/hadoop/thirdparty/protobuf/DescriptorProtos$EnumDescriptorProto$EnumReservedRange
2024-11-12 13:43:07,838 INFO  EvoClassLoader - Seeing class for first time: org.apache.hadoop.thirdparty.protobuf.DescriptorProtos$EnumDescriptorProto$EnumReservedRangeOrBuilder
2024-11-12 13:43:07,838 INFO  EvoClassLoader - Instrumenting class 'org.apache.hadoop.thirdparty.protobuf.DescriptorProtos$EnumDescriptorProto$EnumReservedRangeOrBuilder'.
2024-11-12 13:43:07,838 INFO  EvoClassLoader - Keeping class: org.apache.hadoop.thirdparty.protobuf.DescriptorProtos$EnumDescriptorProto$EnumReservedRangeOrBuilder
2024-11-12 13:43:07,838 INFO  EvoClassLoader - Keeping class: org.apache.hadoop.thirdparty.protobuf.DescriptorProtos$EnumDescriptorProto$EnumReservedRange
2024-11-12 13:43:07,839 INFO  EvoClassLoader - Seeing class for first time: org.apache.hadoop.thirdparty.protobuf.DescriptorProtos$EnumDescriptorProto$EnumReservedRange$Builder
2024-11-12 13:43:07,839 INFO  EvoClassLoader - Instrumenting class 'org.apache.hadoop.thirdparty.protobuf.DescriptorProtos$EnumDescriptorProto$EnumReservedRange$Builder'.
2024-11-12 13:43:07,839 INFO  MethodCallReplacementClassAdapter - Adding mock interface to class org/apache/hadoop/thirdparty/protobuf/DescriptorProtos$EnumDescriptorProto$EnumReservedRange$Builder
2024-11-12 13:43:07,840 INFO  CreateClassResetClassAdapter - Creating brand-new static initializer in class org/apache/hadoop/thirdparty/protobuf/DescriptorProtos$EnumDescriptorProto$EnumReservedRange$Builder
2024-11-12 13:43:07,840 INFO  EvoClassLoader - Keeping class: org.apache.hadoop.thirdparty.protobuf.DescriptorProtos$EnumDescriptorProto$EnumReservedRange$Builder
2024-11-12 13:43:07,840 INFO  EvoClassLoader - Seeing class for first time: org.apache.hadoop.thirdparty.protobuf.DescriptorProtos$EnumValueDescriptorProto$Builder
2024-11-12 13:43:07,840 INFO  EvoClassLoader - Instrumenting class 'org.apache.hadoop.thirdparty.protobuf.DescriptorProtos$EnumValueDescriptorProto$Builder'.
2024-11-12 13:43:07,840 INFO  MethodCallReplacementClassAdapter - Adding mock interface to class org/apache/hadoop/thirdparty/protobuf/DescriptorProtos$EnumValueDescriptorProto$Builder
2024-11-12 13:43:07,841 INFO  CreateClassResetClassAdapter - Creating brand-new static initializer in class org/apache/hadoop/thirdparty/protobuf/DescriptorProtos$EnumValueDescriptorProto$Builder
2024-11-12 13:43:07,841 INFO  EvoClassLoader - Keeping class: org.apache.hadoop.thirdparty.protobuf.DescriptorProtos$EnumValueDescriptorProto$Builder
2024-11-12 13:43:07,841 INFO  EvoClassLoader - Seeing class for first time: org.apache.hadoop.thirdparty.protobuf.DescriptorProtos$EnumOptions$Builder
2024-11-12 13:43:07,841 INFO  EvoClassLoader - Instrumenting class 'org.apache.hadoop.thirdparty.protobuf.DescriptorProtos$EnumOptions$Builder'.
2024-11-12 13:43:07,842 INFO  MethodCallReplacementClassAdapter - Adding mock interface to class org/apache/hadoop/thirdparty/protobuf/DescriptorProtos$EnumOptions$Builder
2024-11-12 13:43:07,843 INFO  CreateClassResetClassAdapter - Creating brand-new static initializer in class org/apache/hadoop/thirdparty/protobuf/DescriptorProtos$EnumOptions$Builder
2024-11-12 13:43:07,843 INFO  EvoClassLoader - Keeping class: org.apache.hadoop.thirdparty.protobuf.DescriptorProtos$EnumOptions$Builder
2024-11-12 13:43:07,843 INFO  EvoClassLoader - Seeing class for first time: org.apache.hadoop.thirdparty.protobuf.DescriptorProtos$EnumValueDescriptorProto$1
2024-11-12 13:43:07,843 INFO  EvoClassLoader - Instrumenting class 'org.apache.hadoop.thirdparty.protobuf.DescriptorProtos$EnumValueDescriptorProto$1'.
2024-11-12 13:43:07,843 INFO  MethodCallReplacementClassAdapter - Adding mock interface to class org/apache/hadoop/thirdparty/protobuf/DescriptorProtos$EnumValueDescriptorProto$1
2024-11-12 13:43:07,844 INFO  EvoClassLoader - Keeping class: org.apache.hadoop.thirdparty.protobuf.DescriptorProtos$EnumValueDescriptorProto$1
2024-11-12 13:43:07,844 INFO  EvoClassLoader - Seeing class for first time: org.apache.hadoop.thirdparty.protobuf.DescriptorProtos$EnumValueOptions$Builder
2024-11-12 13:43:07,844 INFO  EvoClassLoader - Instrumenting class 'org.apache.hadoop.thirdparty.protobuf.DescriptorProtos$EnumValueOptions$Builder'.
2024-11-12 13:43:07,845 INFO  MethodCallReplacementClassAdapter - Adding mock interface to class org/apache/hadoop/thirdparty/protobuf/DescriptorProtos$EnumValueOptions$Builder
2024-11-12 13:43:07,846 INFO  CreateClassResetClassAdapter - Creating brand-new static initializer in class org/apache/hadoop/thirdparty/protobuf/DescriptorProtos$EnumValueOptions$Builder
2024-11-12 13:43:07,846 INFO  EvoClassLoader - Keeping class: org.apache.hadoop.thirdparty.protobuf.DescriptorProtos$EnumValueOptions$Builder
2024-11-12 13:43:07,847 INFO  EvoClassLoader - Seeing class for first time: org.apache.hadoop.thirdparty.protobuf.DescriptorProtos$FieldOptions$1
2024-11-12 13:43:07,847 INFO  EvoClassLoader - Instrumenting class 'org.apache.hadoop.thirdparty.protobuf.DescriptorProtos$FieldOptions$1'.
2024-11-12 13:43:07,847 INFO  MethodCallReplacementClassAdapter - Adding mock interface to class org/apache/hadoop/thirdparty/protobuf/DescriptorProtos$FieldOptions$1
2024-11-12 13:43:07,847 INFO  EvoClassLoader - Keeping class: org.apache.hadoop.thirdparty.protobuf.DescriptorProtos$FieldOptions$1
2024-11-12 13:43:07,848 INFO  EvoClassLoader - Seeing class for first time: org.apache.hadoop.thirdparty.protobuf.DescriptorProtos$FieldOptions$CType
2024-11-12 13:43:07,848 INFO  EvoClassLoader - Instrumenting class 'org.apache.hadoop.thirdparty.protobuf.DescriptorProtos$FieldOptions$CType'.
2024-11-12 13:43:07,848 INFO  MethodCallReplacementClassAdapter - Adding mock interface to class org/apache/hadoop/thirdparty/protobuf/DescriptorProtos$FieldOptions$CType
2024-11-12 13:43:07,848 INFO  CreateClassResetClassAdapter - Found static initializer in class org/apache/hadoop/thirdparty/protobuf/DescriptorProtos$FieldOptions$CType
2024-11-12 13:43:07,848 INFO  EvoClassLoader - Keeping class: org.apache.hadoop.thirdparty.protobuf.DescriptorProtos$FieldOptions$CType
2024-11-12 13:43:07,848 INFO  EvoClassLoader - Seeing class for first time: org.apache.hadoop.thirdparty.protobuf.DescriptorProtos$FieldOptions$JSType
2024-11-12 13:43:07,848 INFO  EvoClassLoader - Instrumenting class 'org.apache.hadoop.thirdparty.protobuf.DescriptorProtos$FieldOptions$JSType'.
2024-11-12 13:43:07,849 INFO  MethodCallReplacementClassAdapter - Adding mock interface to class org/apache/hadoop/thirdparty/protobuf/DescriptorProtos$FieldOptions$JSType
2024-11-12 13:43:07,849 INFO  CreateClassResetClassAdapter - Found static initializer in class org/apache/hadoop/thirdparty/protobuf/DescriptorProtos$FieldOptions$JSType
2024-11-12 13:43:07,849 INFO  EvoClassLoader - Keeping class: org.apache.hadoop.thirdparty.protobuf.DescriptorProtos$FieldOptions$JSType
2024-11-12 13:43:07,849 INFO  EvoClassLoader - Seeing class for first time: org.apache.hadoop.thirdparty.protobuf.GeneratedMessageV3$Builder$BuilderParentImpl
2024-11-12 13:43:07,849 INFO  EvoClassLoader - Instrumenting class 'org.apache.hadoop.thirdparty.protobuf.GeneratedMessageV3$Builder$BuilderParentImpl'.
2024-11-12 13:43:07,849 INFO  MethodCallReplacementClassAdapter - Adding mock interface to class org/apache/hadoop/thirdparty/protobuf/GeneratedMessageV3$Builder$BuilderParentImpl
2024-11-12 13:43:07,850 INFO  CreateClassResetClassAdapter - Creating brand-new static initializer in class org/apache/hadoop/thirdparty/protobuf/GeneratedMessageV3$Builder$BuilderParentImpl
2024-11-12 13:43:07,850 INFO  EvoClassLoader - Keeping class: org.apache.hadoop.thirdparty.protobuf.GeneratedMessageV3$Builder$BuilderParentImpl
2024-11-12 13:43:07,850 INFO  EvoClassLoader - Seeing class for first time: org.apache.hadoop.thirdparty.protobuf.GeneratedMessageV3$1
2024-11-12 13:43:07,850 INFO  EvoClassLoader - Instrumenting class 'org.apache.hadoop.thirdparty.protobuf.GeneratedMessageV3$1'.
2024-11-12 13:43:07,850 INFO  MethodCallReplacementClassAdapter - Adding mock interface to class org/apache/hadoop/thirdparty/protobuf/GeneratedMessageV3$1
2024-11-12 13:43:07,850 INFO  EvoClassLoader - Keeping class: org.apache.hadoop.thirdparty.protobuf.GeneratedMessageV3$1
2024-11-12 13:43:07,851 INFO  EvoClassLoader - Seeing class for first time: org.apache.hadoop.thirdparty.protobuf.DescriptorProtos$DescriptorProto$ReservedRange$1
2024-11-12 13:43:07,851 INFO  EvoClassLoader - Instrumenting class 'org.apache.hadoop.thirdparty.protobuf.DescriptorProtos$DescriptorProto$ReservedRange$1'.
2024-11-12 13:43:07,851 INFO  MethodCallReplacementClassAdapter - Adding mock interface to class org/apache/hadoop/thirdparty/protobuf/DescriptorProtos$DescriptorProto$ReservedRange$1
2024-11-12 13:43:07,851 INFO  EvoClassLoader - Keeping class: org.apache.hadoop.thirdparty.protobuf.DescriptorProtos$DescriptorProto$ReservedRange$1
2024-11-12 13:43:07,852 INFO  EvoClassLoader - Seeing class for first time: org.apache.hadoop.thirdparty.protobuf.DescriptorProtos$FileOptions$OptimizeMode$1
2024-11-12 13:43:07,852 INFO  EvoClassLoader - Instrumenting class 'org.apache.hadoop.thirdparty.protobuf.DescriptorProtos$FileOptions$OptimizeMode$1'.
2024-11-12 13:43:07,852 INFO  MethodCallReplacementClassAdapter - Adding mock interface to class org/apache/hadoop/thirdparty/protobuf/DescriptorProtos$FileOptions$OptimizeMode$1
2024-11-12 13:43:07,852 INFO  EvoClassLoader - Keeping class: org.apache.hadoop.thirdparty.protobuf.DescriptorProtos$FileOptions$OptimizeMode$1
2024-11-12 13:43:07,853 INFO  EvoClassLoader - Seeing class for first time: org.apache.hadoop.thirdparty.protobuf.Descriptors$DescriptorPool$SearchFilter
2024-11-12 13:43:07,853 INFO  EvoClassLoader - Instrumenting class 'org.apache.hadoop.thirdparty.protobuf.Descriptors$DescriptorPool$SearchFilter'.
2024-11-12 13:43:07,853 INFO  MethodCallReplacementClassAdapter - Adding mock interface to class org/apache/hadoop/thirdparty/protobuf/Descriptors$DescriptorPool$SearchFilter
2024-11-12 13:43:07,853 INFO  CreateClassResetClassAdapter - Found static initializer in class org/apache/hadoop/thirdparty/protobuf/Descriptors$DescriptorPool$SearchFilter
2024-11-12 13:43:07,853 INFO  EvoClassLoader - Keeping class: org.apache.hadoop.thirdparty.protobuf.Descriptors$DescriptorPool$SearchFilter
2024-11-12 13:43:07,853 INFO  EvoClassLoader - Seeing class for first time: org.apache.hadoop.thirdparty.protobuf.Utf8$Processor
2024-11-12 13:43:07,853 INFO  EvoClassLoader - Instrumenting class 'org.apache.hadoop.thirdparty.protobuf.Utf8$Processor'.
2024-11-12 13:43:07,854 INFO  MethodCallReplacementClassAdapter - Adding mock interface to class org/apache/hadoop/thirdparty/protobuf/Utf8$Processor
2024-11-12 13:43:07,854 INFO  CreateClassResetClassAdapter - Creating brand-new static initializer in class org/apache/hadoop/thirdparty/protobuf/Utf8$Processor
2024-11-12 13:43:07,855 INFO  EvoClassLoader - Keeping class: org.apache.hadoop.thirdparty.protobuf.Utf8$Processor
2024-11-12 13:43:07,855 INFO  EvoClassLoader - Seeing class for first time: org.apache.hadoop.thirdparty.protobuf.Utf8
2024-11-12 13:43:07,855 INFO  EvoClassLoader - Instrumenting class 'org.apache.hadoop.thirdparty.protobuf.Utf8'.
2024-11-12 13:43:07,855 INFO  MethodCallReplacementClassAdapter - Adding mock interface to class org/apache/hadoop/thirdparty/protobuf/Utf8
2024-11-12 13:43:07,855 INFO  CreateClassResetClassAdapter - Found static initializer in class org/apache/hadoop/thirdparty/protobuf/Utf8
2024-11-12 13:43:07,856 INFO  EvoClassLoader - Keeping class: org.apache.hadoop.thirdparty.protobuf.Utf8
2024-11-12 13:43:07,856 INFO  EvoClassLoader - Seeing class for first time: org.apache.hadoop.thirdparty.protobuf.Utf8$DecodeUtil
2024-11-12 13:43:07,856 INFO  EvoClassLoader - Instrumenting class 'org.apache.hadoop.thirdparty.protobuf.Utf8$DecodeUtil'.
2024-11-12 13:43:07,856 INFO  MethodCallReplacementClassAdapter - Adding mock interface to class org/apache/hadoop/thirdparty/protobuf/Utf8$DecodeUtil
2024-11-12 13:43:07,857 INFO  CreateClassResetClassAdapter - Creating brand-new static initializer in class org/apache/hadoop/thirdparty/protobuf/Utf8$DecodeUtil
2024-11-12 13:43:07,857 INFO  EvoClassLoader - Keeping class: org.apache.hadoop.thirdparty.protobuf.Utf8$DecodeUtil
2024-11-12 13:43:07,857 INFO  EvoClassLoader - Seeing class for first time: org.apache.hadoop.thirdparty.protobuf.Utf8$UnsafeProcessor
2024-11-12 13:43:07,857 INFO  EvoClassLoader - Instrumenting class 'org.apache.hadoop.thirdparty.protobuf.Utf8$UnsafeProcessor'.
2024-11-12 13:43:07,857 INFO  MethodCallReplacementClassAdapter - Adding mock interface to class org/apache/hadoop/thirdparty/protobuf/Utf8$UnsafeProcessor
2024-11-12 13:43:07,858 INFO  CreateClassResetClassAdapter - Creating brand-new static initializer in class org/apache/hadoop/thirdparty/protobuf/Utf8$UnsafeProcessor
2024-11-12 13:43:07,858 INFO  EvoClassLoader - Keeping class: org.apache.hadoop.thirdparty.protobuf.Utf8$UnsafeProcessor
2024-11-12 13:43:07,858 INFO  EvoClassLoader - Seeing class for first time: org.apache.hadoop.thirdparty.protobuf.Utf8$SafeProcessor
2024-11-12 13:43:07,858 INFO  EvoClassLoader - Instrumenting class 'org.apache.hadoop.thirdparty.protobuf.Utf8$SafeProcessor'.
2024-11-12 13:43:07,858 INFO  MethodCallReplacementClassAdapter - Adding mock interface to class org/apache/hadoop/thirdparty/protobuf/Utf8$SafeProcessor
2024-11-12 13:43:07,859 INFO  CreateClassResetClassAdapter - Creating brand-new static initializer in class org/apache/hadoop/thirdparty/protobuf/Utf8$SafeProcessor
2024-11-12 13:43:07,859 INFO  EvoClassLoader - Keeping class: org.apache.hadoop.thirdparty.protobuf.Utf8$SafeProcessor
2024-11-12 13:43:07,859 INFO  EvoClassLoader - Seeing class for first time: org.apache.hadoop.thirdparty.protobuf.Utf8$UnpairedSurrogateException
2024-11-12 13:43:07,859 INFO  EvoClassLoader - Instrumenting class 'org.apache.hadoop.thirdparty.protobuf.Utf8$UnpairedSurrogateException'.
2024-11-12 13:43:07,859 INFO  MethodCallReplacementClassAdapter - Adding mock interface to class org/apache/hadoop/thirdparty/protobuf/Utf8$UnpairedSurrogateException
2024-11-12 13:43:07,859 INFO  CreateClassResetClassAdapter - Creating brand-new static initializer in class org/apache/hadoop/thirdparty/protobuf/Utf8$UnpairedSurrogateException
2024-11-12 13:43:07,859 INFO  EvoClassLoader - Keeping class: org.apache.hadoop.thirdparty.protobuf.Utf8$UnpairedSurrogateException
2024-11-12 13:43:07,860 INFO  EvoClassLoader - Seeing class for first time: org.apache.hadoop.thirdparty.protobuf.UnsafeUtil$1
2024-11-12 13:43:07,860 INFO  EvoClassLoader - Instrumenting class 'org.apache.hadoop.thirdparty.protobuf.UnsafeUtil$1'.
2024-11-12 13:43:07,860 INFO  MethodCallReplacementClassAdapter - Adding mock interface to class org/apache/hadoop/thirdparty/protobuf/UnsafeUtil$1
2024-11-12 13:43:07,860 INFO  EvoClassLoader - Keeping class: org.apache.hadoop.thirdparty.protobuf.UnsafeUtil$1
2024-11-12 13:43:07,860 INFO  EvoClassLoader - Seeing class for first time: org.apache.hadoop.thirdparty.protobuf.UnsafeUtil
2024-11-12 13:43:07,860 INFO  EvoClassLoader - Instrumenting class 'org.apache.hadoop.thirdparty.protobuf.UnsafeUtil'.
2024-11-12 13:43:07,860 INFO  MethodCallReplacementClassAdapter - Adding mock interface to class org/apache/hadoop/thirdparty/protobuf/UnsafeUtil
2024-11-12 13:43:07,861 INFO  CreateClassResetClassAdapter - Found static initializer in class org/apache/hadoop/thirdparty/protobuf/UnsafeUtil
2024-11-12 13:43:07,861 INFO  EvoClassLoader - Keeping class: org.apache.hadoop.thirdparty.protobuf.UnsafeUtil
2024-11-12 13:43:07,862 INFO  EvoClassLoader - Seeing class for first time: org.apache.hadoop.thirdparty.protobuf.UnsafeUtil$MemoryAccessor
2024-11-12 13:43:07,862 INFO  EvoClassLoader - Instrumenting class 'org.apache.hadoop.thirdparty.protobuf.UnsafeUtil$MemoryAccessor'.
2024-11-12 13:43:07,862 INFO  MethodCallReplacementClassAdapter - Adding mock interface to class org/apache/hadoop/thirdparty/protobuf/UnsafeUtil$MemoryAccessor
2024-11-12 13:43:07,862 INFO  CreateClassResetClassAdapter - Creating brand-new static initializer in class org/apache/hadoop/thirdparty/protobuf/UnsafeUtil$MemoryAccessor
2024-11-12 13:43:07,862 INFO  EvoClassLoader - Keeping class: org.apache.hadoop.thirdparty.protobuf.UnsafeUtil$MemoryAccessor
2024-11-12 13:43:07,862 INFO  EvoClassLoader - Seeing class for first time: org.apache.hadoop.thirdparty.protobuf.UnsafeUtil$Android32MemoryAccessor
2024-11-12 13:43:07,862 INFO  EvoClassLoader - Instrumenting class 'org.apache.hadoop.thirdparty.protobuf.UnsafeUtil$Android32MemoryAccessor'.
2024-11-12 13:43:07,862 INFO  MethodCallReplacementClassAdapter - Adding mock interface to class org/apache/hadoop/thirdparty/protobuf/UnsafeUtil$Android32MemoryAccessor
2024-11-12 13:43:07,862 INFO  CreateClassResetClassAdapter - Creating brand-new static initializer in class org/apache/hadoop/thirdparty/protobuf/UnsafeUtil$Android32MemoryAccessor
2024-11-12 13:43:07,862 INFO  CreateClassResetClassAdapter - Adding bytecode for initializing field SMALL_ADDRESS_MASK
2024-11-12 13:43:07,862 INFO  EvoClassLoader - Keeping class: org.apache.hadoop.thirdparty.protobuf.UnsafeUtil$Android32MemoryAccessor
2024-11-12 13:43:07,862 INFO  EvoClassLoader - Seeing class for first time: org.apache.hadoop.thirdparty.protobuf.UnsafeUtil$Android64MemoryAccessor
2024-11-12 13:43:07,862 INFO  EvoClassLoader - Instrumenting class 'org.apache.hadoop.thirdparty.protobuf.UnsafeUtil$Android64MemoryAccessor'.
2024-11-12 13:43:07,863 INFO  MethodCallReplacementClassAdapter - Adding mock interface to class org/apache/hadoop/thirdparty/protobuf/UnsafeUtil$Android64MemoryAccessor
2024-11-12 13:43:07,863 INFO  CreateClassResetClassAdapter - Creating brand-new static initializer in class org/apache/hadoop/thirdparty/protobuf/UnsafeUtil$Android64MemoryAccessor
2024-11-12 13:43:07,863 INFO  EvoClassLoader - Keeping class: org.apache.hadoop.thirdparty.protobuf.UnsafeUtil$Android64MemoryAccessor
2024-11-12 13:43:07,863 INFO  EvoClassLoader - Seeing class for first time: org.apache.hadoop.thirdparty.protobuf.UnsafeUtil$JvmMemoryAccessor
2024-11-12 13:43:07,863 INFO  EvoClassLoader - Instrumenting class 'org.apache.hadoop.thirdparty.protobuf.UnsafeUtil$JvmMemoryAccessor'.
2024-11-12 13:43:07,863 INFO  MethodCallReplacementClassAdapter - Adding mock interface to class org/apache/hadoop/thirdparty/protobuf/UnsafeUtil$JvmMemoryAccessor
2024-11-12 13:43:07,863 INFO  CreateClassResetClassAdapter - Creating brand-new static initializer in class org/apache/hadoop/thirdparty/protobuf/UnsafeUtil$JvmMemoryAccessor
2024-11-12 13:43:07,863 INFO  EvoClassLoader - Keeping class: org.apache.hadoop.thirdparty.protobuf.UnsafeUtil$JvmMemoryAccessor
2024-11-12 13:43:07,865 INFO  EvoClassLoader - Seeing class for first time: org.apache.hadoop.thirdparty.protobuf.Descriptors$DescriptorPool$PackageDescriptor
2024-11-12 13:43:07,865 INFO  EvoClassLoader - Instrumenting class 'org.apache.hadoop.thirdparty.protobuf.Descriptors$DescriptorPool$PackageDescriptor'.
2024-11-12 13:43:07,865 INFO  MethodCallReplacementClassAdapter - Adding mock interface to class org/apache/hadoop/thirdparty/protobuf/Descriptors$DescriptorPool$PackageDescriptor
2024-11-12 13:43:07,865 INFO  CreateClassResetClassAdapter - Creating brand-new static initializer in class org/apache/hadoop/thirdparty/protobuf/Descriptors$DescriptorPool$PackageDescriptor
2024-11-12 13:43:07,866 INFO  EvoClassLoader - Keeping class: org.apache.hadoop.thirdparty.protobuf.Descriptors$DescriptorPool$PackageDescriptor
2024-11-12 13:43:07,866 INFO  EvoClassLoader - Seeing class for first time: org.apache.hadoop.thirdparty.protobuf.Descriptors$FieldDescriptor$1
2024-11-12 13:43:07,866 INFO  EvoClassLoader - Instrumenting class 'org.apache.hadoop.thirdparty.protobuf.Descriptors$FieldDescriptor$1'.
2024-11-12 13:43:07,867 INFO  MethodCallReplacementClassAdapter - Adding mock interface to class org/apache/hadoop/thirdparty/protobuf/Descriptors$FieldDescriptor$1
2024-11-12 13:43:07,867 INFO  EvoClassLoader - Keeping class: org.apache.hadoop.thirdparty.protobuf.Descriptors$FieldDescriptor$1
2024-11-12 13:43:07,867 INFO  EvoClassLoader - Seeing class for first time: org.apache.hadoop.thirdparty.protobuf.WireFormat$JavaType
2024-11-12 13:43:07,867 INFO  EvoClassLoader - Instrumenting class 'org.apache.hadoop.thirdparty.protobuf.WireFormat$JavaType'.
2024-11-12 13:43:07,868 INFO  MethodCallReplacementClassAdapter - Adding mock interface to class org/apache/hadoop/thirdparty/protobuf/WireFormat$JavaType
2024-11-12 13:43:07,868 INFO  CreateClassResetClassAdapter - Found static initializer in class org/apache/hadoop/thirdparty/protobuf/WireFormat$JavaType
2024-11-12 13:43:07,868 INFO  EvoClassLoader - Keeping class: org.apache.hadoop.thirdparty.protobuf.WireFormat$JavaType
2024-11-12 13:43:07,869 INFO  EvoClassLoader - Seeing class for first time: org.apache.hadoop.thirdparty.protobuf.WireFormat$FieldType$1
2024-11-12 13:43:07,869 INFO  EvoClassLoader - Instrumenting class 'org.apache.hadoop.thirdparty.protobuf.WireFormat$FieldType$1'.
2024-11-12 13:43:07,869 INFO  MethodCallReplacementClassAdapter - Adding mock interface to class org/apache/hadoop/thirdparty/protobuf/WireFormat$FieldType$1
2024-11-12 13:43:07,869 INFO  EvoClassLoader - Keeping class: org.apache.hadoop.thirdparty.protobuf.WireFormat$FieldType$1
2024-11-12 13:43:07,869 INFO  EvoClassLoader - Seeing class for first time: org.apache.hadoop.thirdparty.protobuf.WireFormat$FieldType$2
2024-11-12 13:43:07,869 INFO  EvoClassLoader - Instrumenting class 'org.apache.hadoop.thirdparty.protobuf.WireFormat$FieldType$2'.
2024-11-12 13:43:07,869 INFO  MethodCallReplacementClassAdapter - Adding mock interface to class org/apache/hadoop/thirdparty/protobuf/WireFormat$FieldType$2
2024-11-12 13:43:07,870 INFO  EvoClassLoader - Keeping class: org.apache.hadoop.thirdparty.protobuf.WireFormat$FieldType$2
2024-11-12 13:43:07,870 INFO  EvoClassLoader - Seeing class for first time: org.apache.hadoop.thirdparty.protobuf.WireFormat$FieldType$3
2024-11-12 13:43:07,870 INFO  EvoClassLoader - Instrumenting class 'org.apache.hadoop.thirdparty.protobuf.WireFormat$FieldType$3'.
2024-11-12 13:43:07,870 INFO  MethodCallReplacementClassAdapter - Adding mock interface to class org/apache/hadoop/thirdparty/protobuf/WireFormat$FieldType$3
2024-11-12 13:43:07,870 INFO  EvoClassLoader - Keeping class: org.apache.hadoop.thirdparty.protobuf.WireFormat$FieldType$3
2024-11-12 13:43:07,870 INFO  EvoClassLoader - Seeing class for first time: org.apache.hadoop.thirdparty.protobuf.WireFormat$FieldType$4
2024-11-12 13:43:07,870 INFO  EvoClassLoader - Instrumenting class 'org.apache.hadoop.thirdparty.protobuf.WireFormat$FieldType$4'.
2024-11-12 13:43:07,870 INFO  MethodCallReplacementClassAdapter - Adding mock interface to class org/apache/hadoop/thirdparty/protobuf/WireFormat$FieldType$4
2024-11-12 13:43:07,870 INFO  EvoClassLoader - Keeping class: org.apache.hadoop.thirdparty.protobuf.WireFormat$FieldType$4
2024-11-12 13:43:07,871 INFO  EvoClassLoader - Seeing class for first time: org.apache.hadoop.thirdparty.protobuf.Descriptors$FieldDescriptor$JavaType
2024-11-12 13:43:07,871 INFO  EvoClassLoader - Instrumenting class 'org.apache.hadoop.thirdparty.protobuf.Descriptors$FieldDescriptor$JavaType'.
2024-11-12 13:43:07,871 INFO  MethodCallReplacementClassAdapter - Adding mock interface to class org/apache/hadoop/thirdparty/protobuf/Descriptors$FieldDescriptor$JavaType
2024-11-12 13:43:07,871 INFO  CreateClassResetClassAdapter - Found static initializer in class org/apache/hadoop/thirdparty/protobuf/Descriptors$FieldDescriptor$JavaType
2024-11-12 13:43:07,871 INFO  EvoClassLoader - Keeping class: org.apache.hadoop.thirdparty.protobuf.Descriptors$FieldDescriptor$JavaType
2024-11-12 13:43:07,872 INFO  EvoClassLoader - Seeing class for first time: org.apache.hadoop.thirdparty.protobuf.Descriptors$FieldDescriptor$Type
2024-11-12 13:43:07,872 INFO  EvoClassLoader - Instrumenting class 'org.apache.hadoop.thirdparty.protobuf.Descriptors$FieldDescriptor$Type'.
2024-11-12 13:43:07,872 INFO  MethodCallReplacementClassAdapter - Adding mock interface to class org/apache/hadoop/thirdparty/protobuf/Descriptors$FieldDescriptor$Type
2024-11-12 13:43:07,872 INFO  CreateClassResetClassAdapter - Found static initializer in class org/apache/hadoop/thirdparty/protobuf/Descriptors$FieldDescriptor$Type
2024-11-12 13:43:07,872 INFO  EvoClassLoader - Keeping class: org.apache.hadoop.thirdparty.protobuf.Descriptors$FieldDescriptor$Type
2024-11-12 13:43:07,873 INFO  EvoClassLoader - Seeing class for first time: org.apache.hadoop.thirdparty.protobuf.TextFormat$InvalidEscapeSequenceException
2024-11-12 13:43:07,873 INFO  EvoClassLoader - Instrumenting class 'org.apache.hadoop.thirdparty.protobuf.TextFormat$InvalidEscapeSequenceException'.
2024-11-12 13:43:07,873 INFO  MethodCallReplacementClassAdapter - Adding mock interface to class org/apache/hadoop/thirdparty/protobuf/TextFormat$InvalidEscapeSequenceException
2024-11-12 13:43:07,873 INFO  CreateClassResetClassAdapter - Creating brand-new static initializer in class org/apache/hadoop/thirdparty/protobuf/TextFormat$InvalidEscapeSequenceException
2024-11-12 13:43:07,873 INFO  EvoClassLoader - Keeping class: org.apache.hadoop.thirdparty.protobuf.TextFormat$InvalidEscapeSequenceException
2024-11-12 13:43:07,874 INFO  EvoClassLoader - Seeing class for first time: org.apache.hadoop.thirdparty.protobuf.Descriptors$EnumValueDescriptor$1
2024-11-12 13:43:07,874 INFO  EvoClassLoader - Instrumenting class 'org.apache.hadoop.thirdparty.protobuf.Descriptors$EnumValueDescriptor$1'.
2024-11-12 13:43:07,874 INFO  MethodCallReplacementClassAdapter - Adding mock interface to class org/apache/hadoop/thirdparty/protobuf/Descriptors$EnumValueDescriptor$1
2024-11-12 13:43:07,874 INFO  EvoClassLoader - Keeping class: org.apache.hadoop.thirdparty.protobuf.Descriptors$EnumValueDescriptor$1
2024-11-12 13:43:07,874 INFO  EvoClassLoader - Seeing class for first time: org.apache.hadoop.thirdparty.protobuf.Descriptors$EnumValueDescriptor$2
2024-11-12 13:43:07,874 INFO  EvoClassLoader - Instrumenting class 'org.apache.hadoop.thirdparty.protobuf.Descriptors$EnumValueDescriptor$2'.
2024-11-12 13:43:07,874 INFO  MethodCallReplacementClassAdapter - Adding mock interface to class org/apache/hadoop/thirdparty/protobuf/Descriptors$EnumValueDescriptor$2
2024-11-12 13:43:07,874 INFO  EvoClassLoader - Keeping class: org.apache.hadoop.thirdparty.protobuf.Descriptors$EnumValueDescriptor$2
2024-11-12 13:43:07,874 INFO  EvoClassLoader - Seeing class for first time: org.apache.hadoop.thirdparty.protobuf.DescriptorProtos$MessageOptions$1
2024-11-12 13:43:07,874 INFO  EvoClassLoader - Instrumenting class 'org.apache.hadoop.thirdparty.protobuf.DescriptorProtos$MessageOptions$1'.
2024-11-12 13:43:07,874 INFO  MethodCallReplacementClassAdapter - Adding mock interface to class org/apache/hadoop/thirdparty/protobuf/DescriptorProtos$MessageOptions$1
2024-11-12 13:43:07,875 INFO  EvoClassLoader - Keeping class: org.apache.hadoop.thirdparty.protobuf.DescriptorProtos$MessageOptions$1
2024-11-12 13:43:07,875 INFO  EvoClassLoader - Seeing class for first time: org.apache.hadoop.thirdparty.protobuf.Descriptors$1
2024-11-12 13:43:07,875 INFO  EvoClassLoader - Instrumenting class 'org.apache.hadoop.thirdparty.protobuf.Descriptors$1'.
2024-11-12 13:43:07,875 INFO  MethodCallReplacementClassAdapter - Adding mock interface to class org/apache/hadoop/thirdparty/protobuf/Descriptors$1
2024-11-12 13:43:07,876 INFO  EvoClassLoader - Keeping class: org.apache.hadoop.thirdparty.protobuf.Descriptors$1
2024-11-12 13:43:07,876 INFO  EvoClassLoader - Seeing class for first time: org.apache.hadoop.thirdparty.protobuf.GeneratedMessageV3$FieldAccessorTable$OneofAccessor
2024-11-12 13:43:07,876 INFO  EvoClassLoader - Instrumenting class 'org.apache.hadoop.thirdparty.protobuf.GeneratedMessageV3$FieldAccessorTable$OneofAccessor'.
2024-11-12 13:43:07,876 INFO  MethodCallReplacementClassAdapter - Adding mock interface to class org/apache/hadoop/thirdparty/protobuf/GeneratedMessageV3$FieldAccessorTable$OneofAccessor
2024-11-12 13:43:07,876 INFO  CreateClassResetClassAdapter - Creating brand-new static initializer in class org/apache/hadoop/thirdparty/protobuf/GeneratedMessageV3$FieldAccessorTable$OneofAccessor
2024-11-12 13:43:07,876 INFO  EvoClassLoader - Keeping class: org.apache.hadoop.thirdparty.protobuf.GeneratedMessageV3$FieldAccessorTable$OneofAccessor
2024-11-12 13:43:07,876 INFO  EvoClassLoader - Seeing class for first time: org.apache.hadoop.thirdparty.protobuf.GeneratedMessageV3$FieldAccessorTable$FieldAccessor
2024-11-12 13:43:07,876 INFO  EvoClassLoader - Instrumenting class 'org.apache.hadoop.thirdparty.protobuf.GeneratedMessageV3$FieldAccessorTable$FieldAccessor'.
2024-11-12 13:43:07,877 INFO  EvoClassLoader - Keeping class: org.apache.hadoop.thirdparty.protobuf.GeneratedMessageV3$FieldAccessorTable$FieldAccessor
2024-11-12 13:43:07,898 INFO  EvoClassLoader - Seeing class for first time: org.apache.hadoop.thirdparty.protobuf.MessageReflection$ExtensionBuilderAdapter
2024-11-12 13:43:07,898 INFO  EvoClassLoader - Instrumenting class 'org.apache.hadoop.thirdparty.protobuf.MessageReflection$ExtensionBuilderAdapter'.
2024-11-12 13:43:07,899 INFO  MethodCallReplacementClassAdapter - Adding mock interface to class org/apache/hadoop/thirdparty/protobuf/MessageReflection$ExtensionBuilderAdapter
2024-11-12 13:43:07,899 INFO  CreateClassResetClassAdapter - Creating brand-new static initializer in class org/apache/hadoop/thirdparty/protobuf/MessageReflection$ExtensionBuilderAdapter
2024-11-12 13:43:07,900 INFO  EvoClassLoader - Keeping class: org.apache.hadoop.thirdparty.protobuf.MessageReflection$ExtensionBuilderAdapter
2024-11-12 13:43:07,900 INFO  EvoClassLoader - Seeing class for first time: org.apache.hadoop.thirdparty.protobuf.MessageReflection
2024-11-12 13:43:07,900 INFO  EvoClassLoader - Instrumenting class 'org.apache.hadoop.thirdparty.protobuf.MessageReflection'.
2024-11-12 13:43:07,900 INFO  MethodCallReplacementClassAdapter - Adding mock interface to class org/apache/hadoop/thirdparty/protobuf/MessageReflection
2024-11-12 13:43:07,903 INFO  CreateClassResetClassAdapter - Creating brand-new static initializer in class org/apache/hadoop/thirdparty/protobuf/MessageReflection
2024-11-12 13:43:07,904 INFO  EvoClassLoader - Keeping class: org.apache.hadoop.thirdparty.protobuf.MessageReflection
2024-11-12 13:43:07,904 INFO  EvoClassLoader - Seeing class for first time: org.apache.hadoop.thirdparty.protobuf.MessageReflection$MergeTarget$ContainerType
2024-11-12 13:43:07,904 INFO  EvoClassLoader - Instrumenting class 'org.apache.hadoop.thirdparty.protobuf.MessageReflection$MergeTarget$ContainerType'.
2024-11-12 13:43:07,904 INFO  MethodCallReplacementClassAdapter - Adding mock interface to class org/apache/hadoop/thirdparty/protobuf/MessageReflection$MergeTarget$ContainerType
2024-11-12 13:43:07,905 INFO  CreateClassResetClassAdapter - Found static initializer in class org/apache/hadoop/thirdparty/protobuf/MessageReflection$MergeTarget$ContainerType
2024-11-12 13:43:07,905 INFO  EvoClassLoader - Keeping class: org.apache.hadoop.thirdparty.protobuf.MessageReflection$MergeTarget$ContainerType
2024-11-12 13:43:07,906 INFO  EvoClassLoader - Seeing class for first time: org.bouncycastle.jcajce.provider.config.ProviderConfigurationPermission
2024-11-12 13:43:07,906 INFO  EvoClassLoader - Instrumenting class 'org.bouncycastle.jcajce.provider.config.ProviderConfigurationPermission'.
2024-11-12 13:43:07,907 INFO  MethodCallReplacementClassAdapter - Adding mock interface to class org/bouncycastle/jcajce/provider/config/ProviderConfigurationPermission
2024-11-12 13:43:07,908 INFO  CreateClassResetClassAdapter - Creating brand-new static initializer in class org/bouncycastle/jcajce/provider/config/ProviderConfigurationPermission
2024-11-12 13:43:07,908 INFO  CreateClassResetClassAdapter - Adding bytecode for initializing field THREAD_LOCAL_EC_IMPLICITLY_CA
2024-11-12 13:43:07,908 INFO  CreateClassResetClassAdapter - Adding bytecode for initializing field EC_IMPLICITLY_CA
2024-11-12 13:43:07,908 INFO  CreateClassResetClassAdapter - Adding bytecode for initializing field THREAD_LOCAL_DH_DEFAULT_PARAMS
2024-11-12 13:43:07,908 INFO  CreateClassResetClassAdapter - Adding bytecode for initializing field DH_DEFAULT_PARAMS
2024-11-12 13:43:07,908 INFO  CreateClassResetClassAdapter - Adding bytecode for initializing field ACCEPTABLE_EC_CURVES
2024-11-12 13:43:07,908 INFO  CreateClassResetClassAdapter - Adding bytecode for initializing field ADDITIONAL_EC_PARAMETERS
2024-11-12 13:43:07,908 INFO  CreateClassResetClassAdapter - Adding bytecode for initializing field ALL
2024-11-12 13:43:07,908 INFO  CreateClassResetClassAdapter - Adding bytecode for initializing field THREAD_LOCAL_EC_IMPLICITLY_CA_STR
2024-11-12 13:43:07,908 INFO  CreateClassResetClassAdapter - Adding bytecode for initializing field EC_IMPLICITLY_CA_STR
2024-11-12 13:43:07,908 INFO  CreateClassResetClassAdapter - Adding bytecode for initializing field THREAD_LOCAL_DH_DEFAULT_PARAMS_STR
2024-11-12 13:43:07,908 INFO  CreateClassResetClassAdapter - Adding bytecode for initializing field DH_DEFAULT_PARAMS_STR
2024-11-12 13:43:07,908 INFO  CreateClassResetClassAdapter - Adding bytecode for initializing field ACCEPTABLE_EC_CURVES_STR
2024-11-12 13:43:07,908 INFO  CreateClassResetClassAdapter - Adding bytecode for initializing field ADDITIONAL_EC_PARAMETERS_STR
2024-11-12 13:43:07,908 INFO  CreateClassResetClassAdapter - Adding bytecode for initializing field ALL_STR
2024-11-12 13:43:07,908 INFO  EvoClassLoader - Defined package (3): package org.bouncycastle.jcajce.provider.config, 428989829
2024-11-12 13:43:07,908 INFO  EvoClassLoader - Keeping class: org.bouncycastle.jcajce.provider.config.ProviderConfigurationPermission
2024-11-12 13:43:07,909 INFO  EvoClassLoader - Seeing class for first time: org.bouncycastle.util.Strings$1
2024-11-12 13:43:07,909 INFO  EvoClassLoader - Instrumenting class 'org.bouncycastle.util.Strings$1'.
2024-11-12 13:43:07,909 INFO  MethodCallReplacementClassAdapter - Adding mock interface to class org/bouncycastle/util/Strings$1
2024-11-12 13:43:07,909 INFO  EvoClassLoader - Keeping class: org.bouncycastle.util.Strings$1
2024-11-12 13:43:07,909 INFO  EvoClassLoader - Seeing class for first time: org.bouncycastle.util.Strings
2024-11-12 13:43:07,909 INFO  EvoClassLoader - Instrumenting class 'org.bouncycastle.util.Strings'.
2024-11-12 13:43:07,909 INFO  MethodCallReplacementClassAdapter - Adding mock interface to class org/bouncycastle/util/Strings
2024-11-12 13:43:07,910 INFO  CreateClassResetClassAdapter - Found static initializer in class org/bouncycastle/util/Strings
2024-11-12 13:43:07,910 INFO  EvoClassLoader - Keeping class: org.bouncycastle.util.Strings
2024-11-12 13:43:07,910 INFO  EvoClassLoader - Seeing class for first time: org.bouncycastle.util.StringList
2024-11-12 13:43:07,910 INFO  EvoClassLoader - Instrumenting class 'org.bouncycastle.util.StringList'.
2024-11-12 13:43:07,910 INFO  EvoClassLoader - Keeping class: org.bouncycastle.util.StringList
2024-11-12 13:43:07,910 INFO  EvoClassLoader - Seeing class for first time: org.bouncycastle.jce.provider.BouncyCastleProviderConfiguration
2024-11-12 13:43:07,910 INFO  EvoClassLoader - Instrumenting class 'org.bouncycastle.jce.provider.BouncyCastleProviderConfiguration'.
2024-11-12 13:43:07,911 INFO  MethodCallReplacementClassAdapter - Adding mock interface to class org/bouncycastle/jce/provider/BouncyCastleProviderConfiguration
2024-11-12 13:43:07,911 INFO  CreateClassResetClassAdapter - Found static initializer in class org/bouncycastle/jce/provider/BouncyCastleProviderConfiguration
2024-11-12 13:43:07,911 INFO  EvoClassLoader - Defined package (3): package org.bouncycastle.jce.provider, 1626108387
2024-11-12 13:43:07,911 INFO  EvoClassLoader - Seeing class for first time: org.bouncycastle.jcajce.provider.config.ProviderConfiguration
2024-11-12 13:43:07,911 INFO  EvoClassLoader - Instrumenting class 'org.bouncycastle.jcajce.provider.config.ProviderConfiguration'.
2024-11-12 13:43:07,912 INFO  EvoClassLoader - Keeping class: org.bouncycastle.jcajce.provider.config.ProviderConfiguration
2024-11-12 13:43:07,912 INFO  EvoClassLoader - Keeping class: org.bouncycastle.jce.provider.BouncyCastleProviderConfiguration
2024-11-12 13:43:07,912 INFO  EvoClassLoader - Seeing class for first time: org.bouncycastle.jcajce.spec.DHDomainParameterSpec
2024-11-12 13:43:07,912 INFO  EvoClassLoader - Instrumenting class 'org.bouncycastle.jcajce.spec.DHDomainParameterSpec'.
2024-11-12 13:43:07,912 INFO  MethodCallReplacementClassAdapter - Adding mock interface to class org/bouncycastle/jcajce/spec/DHDomainParameterSpec
2024-11-12 13:43:07,912 INFO  CreateClassResetClassAdapter - Creating brand-new static initializer in class org/bouncycastle/jcajce/spec/DHDomainParameterSpec
2024-11-12 13:43:07,912 INFO  EvoClassLoader - Defined package (3): package org.bouncycastle.jcajce.spec, -1674139691
2024-11-12 13:43:07,912 INFO  EvoClassLoader - Keeping class: org.bouncycastle.jcajce.spec.DHDomainParameterSpec
2024-11-12 13:43:07,912 INFO  EvoClassLoader - Seeing class for first time: org.bouncycastle.jce.spec.ECParameterSpec
2024-11-12 13:43:07,912 INFO  EvoClassLoader - Instrumenting class 'org.bouncycastle.jce.spec.ECParameterSpec'.
2024-11-12 13:43:07,913 INFO  MethodCallReplacementClassAdapter - Adding mock interface to class org/bouncycastle/jce/spec/ECParameterSpec
2024-11-12 13:43:07,913 INFO  CreateClassResetClassAdapter - Creating brand-new static initializer in class org/bouncycastle/jce/spec/ECParameterSpec
2024-11-12 13:43:07,913 INFO  EvoClassLoader - Defined package (3): package org.bouncycastle.jce.spec, 166079661
2024-11-12 13:43:07,913 INFO  EvoClassLoader - Keeping class: org.bouncycastle.jce.spec.ECParameterSpec
2024-11-12 13:43:07,913 INFO  EvoClassLoader - Seeing class for first time: org.bouncycastle.jcajce.provider.symmetric.util.ClassUtil
2024-11-12 13:43:07,913 INFO  EvoClassLoader - Instrumenting class 'org.bouncycastle.jcajce.provider.symmetric.util.ClassUtil'.
2024-11-12 13:43:07,913 INFO  MethodCallReplacementClassAdapter - Adding mock interface to class org/bouncycastle/jcajce/provider/symmetric/util/ClassUtil
2024-11-12 13:43:07,913 INFO  CreateClassResetClassAdapter - Creating brand-new static initializer in class org/bouncycastle/jcajce/provider/symmetric/util/ClassUtil
2024-11-12 13:43:07,913 INFO  EvoClassLoader - Defined package (3): package org.bouncycastle.jcajce.provider.symmetric.util, -466372708
2024-11-12 13:43:07,913 INFO  EvoClassLoader - Keeping class: org.bouncycastle.jcajce.provider.symmetric.util.ClassUtil
2024-11-12 13:43:07,913 INFO  EvoClassLoader - Seeing class for first time: org.bouncycastle.jce.provider.BouncyCastleProvider
2024-11-12 13:43:07,913 INFO  EvoClassLoader - Instrumenting class 'org.bouncycastle.jce.provider.BouncyCastleProvider'.
2024-11-12 13:43:07,914 INFO  MethodCallReplacementClassAdapter - Adding mock interface to class org/bouncycastle/jce/provider/BouncyCastleProvider
2024-11-12 13:43:07,914 INFO  CreateClassResetClassAdapter - Found static initializer in class org/bouncycastle/jce/provider/BouncyCastleProvider
2024-11-12 13:43:07,915 INFO  EvoClassLoader - Seeing class for first time: org.bouncycastle.jcajce.provider.config.ConfigurableProvider
2024-11-12 13:43:07,915 INFO  EvoClassLoader - Instrumenting class 'org.bouncycastle.jcajce.provider.config.ConfigurableProvider'.
2024-11-12 13:43:07,915 INFO  EvoClassLoader - Keeping class: org.bouncycastle.jcajce.provider.config.ConfigurableProvider
2024-11-12 13:43:07,915 INFO  EvoClassLoader - Keeping class: org.bouncycastle.jce.provider.BouncyCastleProvider
2024-11-12 13:43:07,915 INFO  EvoClassLoader - Seeing class for first time: org.bouncycastle.jcajce.provider.util.AsymmetricKeyInfoConverter
2024-11-12 13:43:07,915 INFO  EvoClassLoader - Instrumenting class 'org.bouncycastle.jcajce.provider.util.AsymmetricKeyInfoConverter'.
2024-11-12 13:43:07,916 INFO  EvoClassLoader - Defined package (3): package org.bouncycastle.jcajce.provider.util, 684785413
2024-11-12 13:43:07,916 INFO  EvoClassLoader - Keeping class: org.bouncycastle.jcajce.provider.util.AsymmetricKeyInfoConverter
2024-11-12 13:43:07,916 INFO  EvoClassLoader - Seeing class for first time: org.bouncycastle.asn1.ASN1ObjectIdentifier
2024-11-12 13:43:07,916 INFO  EvoClassLoader - Instrumenting class 'org.bouncycastle.asn1.ASN1ObjectIdentifier'.
2024-11-12 13:43:07,916 INFO  MethodCallReplacementClassAdapter - Adding mock interface to class org/bouncycastle/asn1/ASN1ObjectIdentifier
2024-11-12 13:43:07,917 INFO  CreateClassResetClassAdapter - Found static initializer in class org/bouncycastle/asn1/ASN1ObjectIdentifier
2024-11-12 13:43:07,918 INFO  EvoClassLoader - Keeping class: org.bouncycastle.asn1.ASN1ObjectIdentifier
2024-11-12 13:43:07,918 INFO  EvoClassLoader - Seeing class for first time: org.bouncycastle.asn1.pkcs.PrivateKeyInfo
2024-11-12 13:43:07,918 INFO  EvoClassLoader - Instrumenting class 'org.bouncycastle.asn1.pkcs.PrivateKeyInfo'.
2024-11-12 13:43:07,918 INFO  MethodCallReplacementClassAdapter - Adding mock interface to class org/bouncycastle/asn1/pkcs/PrivateKeyInfo
2024-11-12 13:43:07,919 INFO  CreateClassResetClassAdapter - Creating brand-new static initializer in class org/bouncycastle/asn1/pkcs/PrivateKeyInfo
2024-11-12 13:43:07,919 INFO  EvoClassLoader - Defined package (3): package org.bouncycastle.asn1.pkcs, 1475653684
2024-11-12 13:43:07,919 INFO  EvoClassLoader - Keeping class: org.bouncycastle.asn1.pkcs.PrivateKeyInfo
2024-11-12 13:43:07,919 INFO  EvoClassLoader - Seeing class for first time: org.bouncycastle.asn1.x509.SubjectPublicKeyInfo
2024-11-12 13:43:07,919 INFO  EvoClassLoader - Instrumenting class 'org.bouncycastle.asn1.x509.SubjectPublicKeyInfo'.
2024-11-12 13:43:07,919 INFO  MethodCallReplacementClassAdapter - Adding mock interface to class org/bouncycastle/asn1/x509/SubjectPublicKeyInfo
2024-11-12 13:43:07,920 INFO  CreateClassResetClassAdapter - Creating brand-new static initializer in class org/bouncycastle/asn1/x509/SubjectPublicKeyInfo
2024-11-12 13:43:07,920 INFO  EvoClassLoader - Defined package (3): package org.bouncycastle.asn1.x509, 1475838479
2024-11-12 13:43:07,920 INFO  EvoClassLoader - Keeping class: org.bouncycastle.asn1.x509.SubjectPublicKeyInfo
2024-11-12 13:43:07,920 INFO  EvoClassLoader - Seeing class for first time: org.bouncycastle.jce.provider.BouncyCastleProvider$1
2024-11-12 13:43:07,920 INFO  EvoClassLoader - Instrumenting class 'org.bouncycastle.jce.provider.BouncyCastleProvider$1'.
2024-11-12 13:43:07,920 INFO  MethodCallReplacementClassAdapter - Adding mock interface to class org/bouncycastle/jce/provider/BouncyCastleProvider$1
2024-11-12 13:43:07,921 INFO  EvoClassLoader - Keeping class: org.bouncycastle.jce.provider.BouncyCastleProvider$1
2024-11-12 13:43:07,921 INFO  EvoClassLoader - Seeing class for first time: org.bouncycastle.jcajce.provider.util.AlgorithmProvider
2024-11-12 13:43:07,921 INFO  EvoClassLoader - Instrumenting class 'org.bouncycastle.jcajce.provider.util.AlgorithmProvider'.
2024-11-12 13:43:07,921 INFO  MethodCallReplacementClassAdapter - Adding mock interface to class org/bouncycastle/jcajce/provider/util/AlgorithmProvider
2024-11-12 13:43:07,921 INFO  CreateClassResetClassAdapter - Creating brand-new static initializer in class org/bouncycastle/jcajce/provider/util/AlgorithmProvider
2024-11-12 13:43:07,921 INFO  EvoClassLoader - Keeping class: org.bouncycastle.jcajce.provider.util.AlgorithmProvider
2024-11-12 13:43:07,921 INFO  EvoClassLoader - Seeing class for first time: org.bouncycastle.jcajce.provider.digest.DigestAlgorithmProvider
2024-11-12 13:43:07,921 INFO  EvoClassLoader - Instrumenting class 'org.bouncycastle.jcajce.provider.digest.DigestAlgorithmProvider'.
2024-11-12 13:43:07,921 INFO  MethodCallReplacementClassAdapter - Adding mock interface to class org/bouncycastle/jcajce/provider/digest/DigestAlgorithmProvider
2024-11-12 13:43:07,921 INFO  CreateClassResetClassAdapter - Creating brand-new static initializer in class org/bouncycastle/jcajce/provider/digest/DigestAlgorithmProvider
2024-11-12 13:43:07,921 INFO  EvoClassLoader - Defined package (3): package org.bouncycastle.jcajce.provider.digest, 451868679
2024-11-12 13:43:07,921 INFO  EvoClassLoader - Keeping class: org.bouncycastle.jcajce.provider.digest.DigestAlgorithmProvider
2024-11-12 13:43:07,921 INFO  EvoClassLoader - Seeing class for first time: org.bouncycastle.jcajce.provider.digest.GOST3411$Mappings
2024-11-12 13:43:07,921 INFO  EvoClassLoader - Instrumenting class 'org.bouncycastle.jcajce.provider.digest.GOST3411$Mappings'.
2024-11-12 13:43:07,922 INFO  MethodCallReplacementClassAdapter - Adding mock interface to class org/bouncycastle/jcajce/provider/digest/GOST3411$Mappings
2024-11-12 13:43:07,922 INFO  CreateClassResetClassAdapter - Found static initializer in class org/bouncycastle/jcajce/provider/digest/GOST3411$Mappings
2024-11-12 13:43:07,922 INFO  EvoClassLoader - Keeping class: org.bouncycastle.jcajce.provider.digest.GOST3411$Mappings
2024-11-12 13:43:07,922 INFO  EvoClassLoader - Seeing class for first time: org.bouncycastle.jcajce.provider.digest.GOST3411
2024-11-12 13:43:07,922 INFO  EvoClassLoader - Instrumenting class 'org.bouncycastle.jcajce.provider.digest.GOST3411'.
2024-11-12 13:43:07,922 INFO  MethodCallReplacementClassAdapter - Adding mock interface to class org/bouncycastle/jcajce/provider/digest/GOST3411
2024-11-12 13:43:07,922 INFO  CreateClassResetClassAdapter - Creating brand-new static initializer in class org/bouncycastle/jcajce/provider/digest/GOST3411
2024-11-12 13:43:07,922 INFO  EvoClassLoader - Keeping class: org.bouncycastle.jcajce.provider.digest.GOST3411
2024-11-12 13:43:07,922 INFO  EvoClassLoader - Seeing class for first time: org.bouncycastle.jcajce.provider.digest.GOST3411$Digest
2024-11-12 13:43:07,922 INFO  EvoClassLoader - Instrumenting class 'org.bouncycastle.jcajce.provider.digest.GOST3411$Digest'.
2024-11-12 13:43:07,922 INFO  MethodCallReplacementClassAdapter - Adding mock interface to class org/bouncycastle/jcajce/provider/digest/GOST3411$Digest
2024-11-12 13:43:07,922 INFO  CreateClassResetClassAdapter - Creating brand-new static initializer in class org/bouncycastle/jcajce/provider/digest/GOST3411$Digest
2024-11-12 13:43:07,922 INFO  EvoClassLoader - Seeing class for first time: org.bouncycastle.jcajce.provider.digest.BCMessageDigest
2024-11-12 13:43:07,922 INFO  EvoClassLoader - Instrumenting class 'org.bouncycastle.jcajce.provider.digest.BCMessageDigest'.
2024-11-12 13:43:07,923 INFO  MethodCallReplacementClassAdapter - Adding mock interface to class org/bouncycastle/jcajce/provider/digest/BCMessageDigest
2024-11-12 13:43:07,923 INFO  CreateClassResetClassAdapter - Creating brand-new static initializer in class org/bouncycastle/jcajce/provider/digest/BCMessageDigest
2024-11-12 13:43:07,923 INFO  EvoClassLoader - Keeping class: org.bouncycastle.jcajce.provider.digest.BCMessageDigest
2024-11-12 13:43:07,923 INFO  EvoClassLoader - Keeping class: org.bouncycastle.jcajce.provider.digest.GOST3411$Digest
2024-11-12 13:43:07,923 INFO  EvoClassLoader - Seeing class for first time: org.bouncycastle.jcajce.provider.digest.GOST3411$Digest2012_256
2024-11-12 13:43:07,923 INFO  EvoClassLoader - Instrumenting class 'org.bouncycastle.jcajce.provider.digest.GOST3411$Digest2012_256'.
2024-11-12 13:43:07,923 INFO  MethodCallReplacementClassAdapter - Adding mock interface to class org/bouncycastle/jcajce/provider/digest/GOST3411$Digest2012_256
2024-11-12 13:43:07,923 INFO  CreateClassResetClassAdapter - Creating brand-new static initializer in class org/bouncycastle/jcajce/provider/digest/GOST3411$Digest2012_256
2024-11-12 13:43:07,923 INFO  EvoClassLoader - Keeping class: org.bouncycastle.jcajce.provider.digest.GOST3411$Digest2012_256
2024-11-12 13:43:07,923 INFO  EvoClassLoader - Seeing class for first time: org.bouncycastle.jcajce.provider.digest.GOST3411$Digest2012_512
2024-11-12 13:43:07,923 INFO  EvoClassLoader - Instrumenting class 'org.bouncycastle.jcajce.provider.digest.GOST3411$Digest2012_512'.
2024-11-12 13:43:07,924 INFO  MethodCallReplacementClassAdapter - Adding mock interface to class org/bouncycastle/jcajce/provider/digest/GOST3411$Digest2012_512
2024-11-12 13:43:07,924 INFO  CreateClassResetClassAdapter - Creating brand-new static initializer in class org/bouncycastle/jcajce/provider/digest/GOST3411$Digest2012_512
2024-11-12 13:43:07,924 INFO  EvoClassLoader - Keeping class: org.bouncycastle.jcajce.provider.digest.GOST3411$Digest2012_512
2024-11-12 13:43:07,924 INFO  EvoClassLoader - Seeing class for first time: org.bouncycastle.jcajce.provider.digest.GOST3411$HashMac
2024-11-12 13:43:07,924 INFO  EvoClassLoader - Instrumenting class 'org.bouncycastle.jcajce.provider.digest.GOST3411$HashMac'.
2024-11-12 13:43:07,924 INFO  MethodCallReplacementClassAdapter - Adding mock interface to class org/bouncycastle/jcajce/provider/digest/GOST3411$HashMac
2024-11-12 13:43:07,924 INFO  CreateClassResetClassAdapter - Creating brand-new static initializer in class org/bouncycastle/jcajce/provider/digest/GOST3411$HashMac
2024-11-12 13:43:07,924 INFO  EvoClassLoader - Seeing class for first time: org.bouncycastle.jcajce.provider.symmetric.util.BaseMac
2024-11-12 13:43:07,924 INFO  EvoClassLoader - Instrumenting class 'org.bouncycastle.jcajce.provider.symmetric.util.BaseMac'.
2024-11-12 13:43:07,924 INFO  MethodCallReplacementClassAdapter - Adding mock interface to class org/bouncycastle/jcajce/provider/symmetric/util/BaseMac
2024-11-12 13:43:07,925 INFO  CreateClassResetClassAdapter - Found static initializer in class org/bouncycastle/jcajce/provider/symmetric/util/BaseMac
2024-11-12 13:43:07,926 INFO  EvoClassLoader - Seeing class for first time: org.bouncycastle.jcajce.provider.symmetric.util.PBE
2024-11-12 13:43:07,926 INFO  EvoClassLoader - Instrumenting class 'org.bouncycastle.jcajce.provider.symmetric.util.PBE'.
2024-11-12 13:43:07,926 INFO  EvoClassLoader - Keeping class: org.bouncycastle.jcajce.provider.symmetric.util.PBE
2024-11-12 13:43:07,926 INFO  EvoClassLoader - Keeping class: org.bouncycastle.jcajce.provider.symmetric.util.BaseMac
2024-11-12 13:43:07,927 INFO  EvoClassLoader - Keeping class: org.bouncycastle.jcajce.provider.digest.GOST3411$HashMac
2024-11-12 13:43:07,927 INFO  EvoClassLoader - Seeing class for first time: org.bouncycastle.jcajce.provider.digest.GOST3411$HashMac2012_256
2024-11-12 13:43:07,927 INFO  EvoClassLoader - Instrumenting class 'org.bouncycastle.jcajce.provider.digest.GOST3411$HashMac2012_256'.
2024-11-12 13:43:07,927 INFO  MethodCallReplacementClassAdapter - Adding mock interface to class org/bouncycastle/jcajce/provider/digest/GOST3411$HashMac2012_256
2024-11-12 13:43:07,927 INFO  CreateClassResetClassAdapter - Creating brand-new static initializer in class org/bouncycastle/jcajce/provider/digest/GOST3411$HashMac2012_256
2024-11-12 13:43:07,927 INFO  EvoClassLoader - Keeping class: org.bouncycastle.jcajce.provider.digest.GOST3411$HashMac2012_256
2024-11-12 13:43:07,927 INFO  EvoClassLoader - Seeing class for first time: org.bouncycastle.jcajce.provider.digest.GOST3411$HashMac2012_512
2024-11-12 13:43:07,927 INFO  EvoClassLoader - Instrumenting class 'org.bouncycastle.jcajce.provider.digest.GOST3411$HashMac2012_512'.
2024-11-12 13:43:07,927 INFO  MethodCallReplacementClassAdapter - Adding mock interface to class org/bouncycastle/jcajce/provider/digest/GOST3411$HashMac2012_512
2024-11-12 13:43:07,927 INFO  CreateClassResetClassAdapter - Creating brand-new static initializer in class org/bouncycastle/jcajce/provider/digest/GOST3411$HashMac2012_512
2024-11-12 13:43:07,927 INFO  EvoClassLoader - Keeping class: org.bouncycastle.jcajce.provider.digest.GOST3411$HashMac2012_512
2024-11-12 13:43:07,927 INFO  EvoClassLoader - Seeing class for first time: org.bouncycastle.jcajce.provider.digest.GOST3411$KeyGenerator
2024-11-12 13:43:07,927 INFO  EvoClassLoader - Instrumenting class 'org.bouncycastle.jcajce.provider.digest.GOST3411$KeyGenerator'.
2024-11-12 13:43:07,927 INFO  MethodCallReplacementClassAdapter - Adding mock interface to class org/bouncycastle/jcajce/provider/digest/GOST3411$KeyGenerator
2024-11-12 13:43:07,927 INFO  CreateClassResetClassAdapter - Creating brand-new static initializer in class org/bouncycastle/jcajce/provider/digest/GOST3411$KeyGenerator
2024-11-12 13:43:07,927 INFO  EvoClassLoader - Seeing class for first time: org.bouncycastle.jcajce.provider.symmetric.util.BaseKeyGenerator
2024-11-12 13:43:07,927 INFO  EvoClassLoader - Instrumenting class 'org.bouncycastle.jcajce.provider.symmetric.util.BaseKeyGenerator'.
2024-11-12 13:43:07,928 INFO  MethodCallReplacementClassAdapter - Adding mock interface to class org/bouncycastle/jcajce/provider/symmetric/util/BaseKeyGenerator
2024-11-12 13:43:07,928 INFO  CreateClassResetClassAdapter - Creating brand-new static initializer in class org/bouncycastle/jcajce/provider/symmetric/util/BaseKeyGenerator
2024-11-12 13:43:07,928 INFO  EvoClassLoader - Keeping class: org.bouncycastle.jcajce.provider.symmetric.util.BaseKeyGenerator
2024-11-12 13:43:07,928 INFO  EvoClassLoader - Keeping class: org.bouncycastle.jcajce.provider.digest.GOST3411$KeyGenerator
2024-11-12 13:43:07,928 INFO  EvoClassLoader - Seeing class for first time: org.bouncycastle.jcajce.provider.digest.GOST3411$KeyGenerator2012_256
2024-11-12 13:43:07,928 INFO  EvoClassLoader - Instrumenting class 'org.bouncycastle.jcajce.provider.digest.GOST3411$KeyGenerator2012_256'.
2024-11-12 13:43:07,928 INFO  MethodCallReplacementClassAdapter - Adding mock interface to class org/bouncycastle/jcajce/provider/digest/GOST3411$KeyGenerator2012_256
2024-11-12 13:43:07,928 INFO  CreateClassResetClassAdapter - Creating brand-new static initializer in class org/bouncycastle/jcajce/provider/digest/GOST3411$KeyGenerator2012_256
2024-11-12 13:43:07,928 INFO  EvoClassLoader - Keeping class: org.bouncycastle.jcajce.provider.digest.GOST3411$KeyGenerator2012_256
2024-11-12 13:43:07,928 INFO  EvoClassLoader - Seeing class for first time: org.bouncycastle.jcajce.provider.digest.GOST3411$KeyGenerator2012_512
2024-11-12 13:43:07,928 INFO  EvoClassLoader - Instrumenting class 'org.bouncycastle.jcajce.provider.digest.GOST3411$KeyGenerator2012_512'.
2024-11-12 13:43:07,928 INFO  MethodCallReplacementClassAdapter - Adding mock interface to class org/bouncycastle/jcajce/provider/digest/GOST3411$KeyGenerator2012_512
2024-11-12 13:43:07,928 INFO  CreateClassResetClassAdapter - Creating brand-new static initializer in class org/bouncycastle/jcajce/provider/digest/GOST3411$KeyGenerator2012_512
2024-11-12 13:43:07,928 INFO  EvoClassLoader - Keeping class: org.bouncycastle.jcajce.provider.digest.GOST3411$KeyGenerator2012_512
2024-11-12 13:43:07,929 INFO  EvoClassLoader - Seeing class for first time: org.bouncycastle.asn1.ASN1ObjectIdentifier$1
2024-11-12 13:43:07,929 INFO  EvoClassLoader - Instrumenting class 'org.bouncycastle.asn1.ASN1ObjectIdentifier$1'.
2024-11-12 13:43:07,929 INFO  MethodCallReplacementClassAdapter - Adding mock interface to class org/bouncycastle/asn1/ASN1ObjectIdentifier$1
2024-11-12 13:43:07,929 INFO  EvoClassLoader - Keeping class: org.bouncycastle.asn1.ASN1ObjectIdentifier$1
2024-11-12 13:43:07,929 INFO  EvoClassLoader - Seeing class for first time: org.bouncycastle.asn1.ASN1RelativeOID$1
2024-11-12 13:43:07,929 INFO  EvoClassLoader - Instrumenting class 'org.bouncycastle.asn1.ASN1RelativeOID$1'.
2024-11-12 13:43:07,929 INFO  MethodCallReplacementClassAdapter - Adding mock interface to class org/bouncycastle/asn1/ASN1RelativeOID$1
2024-11-12 13:43:07,929 INFO  EvoClassLoader - Keeping class: org.bouncycastle.asn1.ASN1RelativeOID$1
2024-11-12 13:43:07,929 INFO  EvoClassLoader - Seeing class for first time: org.bouncycastle.asn1.ASN1RelativeOID
2024-11-12 13:43:07,929 INFO  EvoClassLoader - Instrumenting class 'org.bouncycastle.asn1.ASN1RelativeOID'.
2024-11-12 13:43:07,930 INFO  MethodCallReplacementClassAdapter - Adding mock interface to class org/bouncycastle/asn1/ASN1RelativeOID
2024-11-12 13:43:07,930 INFO  CreateClassResetClassAdapter - Found static initializer in class org/bouncycastle/asn1/ASN1RelativeOID
2024-11-12 13:43:07,931 INFO  EvoClassLoader - Keeping class: org.bouncycastle.asn1.ASN1RelativeOID
2024-11-12 13:43:07,931 INFO  EvoClassLoader - Seeing class for first time: org.bouncycastle.asn1.cryptopro.CryptoProObjectIdentifiers
2024-11-12 13:43:07,931 INFO  EvoClassLoader - Instrumenting class 'org.bouncycastle.asn1.cryptopro.CryptoProObjectIdentifiers'.
2024-11-12 13:43:07,932 INFO  EvoClassLoader - Defined package (3): package org.bouncycastle.asn1.cryptopro, 186991459
2024-11-12 13:43:07,932 INFO  EvoClassLoader - Keeping class: org.bouncycastle.asn1.cryptopro.CryptoProObjectIdentifiers
2024-11-12 13:43:07,932 INFO  EvoClassLoader - Seeing class for first time: org.bouncycastle.asn1.rosstandart.RosstandartObjectIdentifiers
2024-11-12 13:43:07,932 INFO  EvoClassLoader - Instrumenting class 'org.bouncycastle.asn1.rosstandart.RosstandartObjectIdentifiers'.
2024-11-12 13:43:07,932 INFO  EvoClassLoader - Defined package (3): package org.bouncycastle.asn1.rosstandart, 1500413434
2024-11-12 13:43:07,932 INFO  EvoClassLoader - Keeping class: org.bouncycastle.asn1.rosstandart.RosstandartObjectIdentifiers
2024-11-12 13:43:07,932 INFO  EvoClassLoader - Seeing class for first time: org.bouncycastle.jcajce.provider.digest.Keccak$Mappings
2024-11-12 13:43:07,932 INFO  EvoClassLoader - Instrumenting class 'org.bouncycastle.jcajce.provider.digest.Keccak$Mappings'.
2024-11-12 13:43:07,933 INFO  MethodCallReplacementClassAdapter - Adding mock interface to class org/bouncycastle/jcajce/provider/digest/Keccak$Mappings
2024-11-12 13:43:07,933 INFO  CreateClassResetClassAdapter - Found static initializer in class org/bouncycastle/jcajce/provider/digest/Keccak$Mappings
2024-11-12 13:43:07,933 INFO  EvoClassLoader - Keeping class: org.bouncycastle.jcajce.provider.digest.Keccak$Mappings
2024-11-12 13:43:07,933 INFO  EvoClassLoader - Seeing class for first time: org.bouncycastle.jcajce.provider.digest.Keccak
2024-11-12 13:43:07,933 INFO  EvoClassLoader - Instrumenting class 'org.bouncycastle.jcajce.provider.digest.Keccak'.
2024-11-12 13:43:07,933 INFO  MethodCallReplacementClassAdapter - Adding mock interface to class org/bouncycastle/jcajce/provider/digest/Keccak
2024-11-12 13:43:07,933 INFO  CreateClassResetClassAdapter - Creating brand-new static initializer in class org/bouncycastle/jcajce/provider/digest/Keccak
2024-11-12 13:43:07,933 INFO  EvoClassLoader - Keeping class: org.bouncycastle.jcajce.provider.digest.Keccak
2024-11-12 13:43:07,933 INFO  EvoClassLoader - Seeing class for first time: org.bouncycastle.jcajce.provider.digest.Keccak$Digest224
2024-11-12 13:43:07,933 INFO  EvoClassLoader - Instrumenting class 'org.bouncycastle.jcajce.provider.digest.Keccak$Digest224'.
2024-11-12 13:43:07,934 INFO  MethodCallReplacementClassAdapter - Adding mock interface to class org/bouncycastle/jcajce/provider/digest/Keccak$Digest224
2024-11-12 13:43:07,934 INFO  CreateClassResetClassAdapter - Creating brand-new static initializer in class org/bouncycastle/jcajce/provider/digest/Keccak$Digest224
2024-11-12 13:43:07,934 INFO  EvoClassLoader - Seeing class for first time: org.bouncycastle.jcajce.provider.digest.Keccak$DigestKeccak
2024-11-12 13:43:07,934 INFO  EvoClassLoader - Instrumenting class 'org.bouncycastle.jcajce.provider.digest.Keccak$DigestKeccak'.
2024-11-12 13:43:07,934 INFO  MethodCallReplacementClassAdapter - Adding mock interface to class org/bouncycastle/jcajce/provider/digest/Keccak$DigestKeccak
2024-11-12 13:43:07,934 INFO  CreateClassResetClassAdapter - Creating brand-new static initializer in class org/bouncycastle/jcajce/provider/digest/Keccak$DigestKeccak
2024-11-12 13:43:07,934 INFO  EvoClassLoader - Keeping class: org.bouncycastle.jcajce.provider.digest.Keccak$DigestKeccak
2024-11-12 13:43:07,934 INFO  EvoClassLoader - Keeping class: org.bouncycastle.jcajce.provider.digest.Keccak$Digest224
2024-11-12 13:43:07,934 INFO  EvoClassLoader - Seeing class for first time: org.bouncycastle.jcajce.provider.digest.Keccak$Digest256
2024-11-12 13:43:07,934 INFO  EvoClassLoader - Instrumenting class 'org.bouncycastle.jcajce.provider.digest.Keccak$Digest256'.
2024-11-12 13:43:07,934 INFO  MethodCallReplacementClassAdapter - Adding mock interface to class org/bouncycastle/jcajce/provider/digest/Keccak$Digest256
2024-11-12 13:43:07,934 INFO  CreateClassResetClassAdapter - Creating brand-new static initializer in class org/bouncycastle/jcajce/provider/digest/Keccak$Digest256
2024-11-12 13:43:07,934 INFO  EvoClassLoader - Keeping class: org.bouncycastle.jcajce.provider.digest.Keccak$Digest256
2024-11-12 13:43:07,934 INFO  EvoClassLoader - Seeing class for first time: org.bouncycastle.jcajce.provider.digest.Keccak$Digest288
2024-11-12 13:43:07,934 INFO  EvoClassLoader - Instrumenting class 'org.bouncycastle.jcajce.provider.digest.Keccak$Digest288'.
2024-11-12 13:43:07,935 INFO  MethodCallReplacementClassAdapter - Adding mock interface to class org/bouncycastle/jcajce/provider/digest/Keccak$Digest288
2024-11-12 13:43:07,935 INFO  CreateClassResetClassAdapter - Creating brand-new static initializer in class org/bouncycastle/jcajce/provider/digest/Keccak$Digest288
2024-11-12 13:43:07,935 INFO  EvoClassLoader - Keeping class: org.bouncycastle.jcajce.provider.digest.Keccak$Digest288
2024-11-12 13:43:07,935 INFO  EvoClassLoader - Seeing class for first time: org.bouncycastle.jcajce.provider.digest.Keccak$Digest384
2024-11-12 13:43:07,935 INFO  EvoClassLoader - Instrumenting class 'org.bouncycastle.jcajce.provider.digest.Keccak$Digest384'.
2024-11-12 13:43:07,935 INFO  MethodCallReplacementClassAdapter - Adding mock interface to class org/bouncycastle/jcajce/provider/digest/Keccak$Digest384
2024-11-12 13:43:07,935 INFO  CreateClassResetClassAdapter - Creating brand-new static initializer in class org/bouncycastle/jcajce/provider/digest/Keccak$Digest384
2024-11-12 13:43:07,935 INFO  EvoClassLoader - Keeping class: org.bouncycastle.jcajce.provider.digest.Keccak$Digest384
2024-11-12 13:43:07,935 INFO  EvoClassLoader - Seeing class for first time: org.bouncycastle.jcajce.provider.digest.Keccak$Digest512
2024-11-12 13:43:07,935 INFO  EvoClassLoader - Instrumenting class 'org.bouncycastle.jcajce.provider.digest.Keccak$Digest512'.
2024-11-12 13:43:07,935 INFO  MethodCallReplacementClassAdapter - Adding mock interface to class org/bouncycastle/jcajce/provider/digest/Keccak$Digest512
2024-11-12 13:43:07,935 INFO  CreateClassResetClassAdapter - Creating brand-new static initializer in class org/bouncycastle/jcajce/provider/digest/Keccak$Digest512
2024-11-12 13:43:07,935 INFO  EvoClassLoader - Keeping class: org.bouncycastle.jcajce.provider.digest.Keccak$Digest512
2024-11-12 13:43:07,936 INFO  EvoClassLoader - Seeing class for first time: org.bouncycastle.jcajce.provider.digest.Keccak$HashMac224
2024-11-12 13:43:07,936 INFO  EvoClassLoader - Instrumenting class 'org.bouncycastle.jcajce.provider.digest.Keccak$HashMac224'.
2024-11-12 13:43:07,936 INFO  MethodCallReplacementClassAdapter - Adding mock interface to class org/bouncycastle/jcajce/provider/digest/Keccak$HashMac224
2024-11-12 13:43:07,936 INFO  CreateClassResetClassAdapter - Creating brand-new static initializer in class org/bouncycastle/jcajce/provider/digest/Keccak$HashMac224
2024-11-12 13:43:07,936 INFO  EvoClassLoader - Keeping class: org.bouncycastle.jcajce.provider.digest.Keccak$HashMac224
2024-11-12 13:43:07,936 INFO  EvoClassLoader - Seeing class for first time: org.bouncycastle.jcajce.provider.digest.Keccak$HashMac256
2024-11-12 13:43:07,936 INFO  EvoClassLoader - Instrumenting class 'org.bouncycastle.jcajce.provider.digest.Keccak$HashMac256'.
2024-11-12 13:43:07,936 INFO  MethodCallReplacementClassAdapter - Adding mock interface to class org/bouncycastle/jcajce/provider/digest/Keccak$HashMac256
2024-11-12 13:43:07,936 INFO  CreateClassResetClassAdapter - Creating brand-new static initializer in class org/bouncycastle/jcajce/provider/digest/Keccak$HashMac256
2024-11-12 13:43:07,936 INFO  EvoClassLoader - Keeping class: org.bouncycastle.jcajce.provider.digest.Keccak$HashMac256
2024-11-12 13:43:07,936 INFO  EvoClassLoader - Seeing class for first time: org.bouncycastle.jcajce.provider.digest.Keccak$HashMac288
2024-11-12 13:43:07,936 INFO  EvoClassLoader - Instrumenting class 'org.bouncycastle.jcajce.provider.digest.Keccak$HashMac288'.
2024-11-12 13:43:07,936 INFO  MethodCallReplacementClassAdapter - Adding mock interface to class org/bouncycastle/jcajce/provider/digest/Keccak$HashMac288
2024-11-12 13:43:07,936 INFO  CreateClassResetClassAdapter - Creating brand-new static initializer in class org/bouncycastle/jcajce/provider/digest/Keccak$HashMac288
2024-11-12 13:43:07,936 INFO  EvoClassLoader - Keeping class: org.bouncycastle.jcajce.provider.digest.Keccak$HashMac288
2024-11-12 13:43:07,936 INFO  EvoClassLoader - Seeing class for first time: org.bouncycastle.jcajce.provider.digest.Keccak$HashMac384
2024-11-12 13:43:07,936 INFO  EvoClassLoader - Instrumenting class 'org.bouncycastle.jcajce.provider.digest.Keccak$HashMac384'.
2024-11-12 13:43:07,937 INFO  MethodCallReplacementClassAdapter - Adding mock interface to class org/bouncycastle/jcajce/provider/digest/Keccak$HashMac384
2024-11-12 13:43:07,937 INFO  CreateClassResetClassAdapter - Creating brand-new static initializer in class org/bouncycastle/jcajce/provider/digest/Keccak$HashMac384
2024-11-12 13:43:07,937 INFO  EvoClassLoader - Keeping class: org.bouncycastle.jcajce.provider.digest.Keccak$HashMac384
2024-11-12 13:43:07,937 INFO  EvoClassLoader - Seeing class for first time: org.bouncycastle.jcajce.provider.digest.Keccak$HashMac512
2024-11-12 13:43:07,937 INFO  EvoClassLoader - Instrumenting class 'org.bouncycastle.jcajce.provider.digest.Keccak$HashMac512'.
2024-11-12 13:43:07,937 INFO  MethodCallReplacementClassAdapter - Adding mock interface to class org/bouncycastle/jcajce/provider/digest/Keccak$HashMac512
2024-11-12 13:43:07,937 INFO  CreateClassResetClassAdapter - Creating brand-new static initializer in class org/bouncycastle/jcajce/provider/digest/Keccak$HashMac512
2024-11-12 13:43:07,937 INFO  EvoClassLoader - Keeping class: org.bouncycastle.jcajce.provider.digest.Keccak$HashMac512
2024-11-12 13:43:07,937 INFO  EvoClassLoader - Seeing class for first time: org.bouncycastle.jcajce.provider.digest.Keccak$KeyGenerator224
2024-11-12 13:43:07,937 INFO  EvoClassLoader - Instrumenting class 'org.bouncycastle.jcajce.provider.digest.Keccak$KeyGenerator224'.
2024-11-12 13:43:07,937 INFO  MethodCallReplacementClassAdapter - Adding mock interface to class org/bouncycastle/jcajce/provider/digest/Keccak$KeyGenerator224
2024-11-12 13:43:07,937 INFO  CreateClassResetClassAdapter - Creating brand-new static initializer in class org/bouncycastle/jcajce/provider/digest/Keccak$KeyGenerator224
2024-11-12 13:43:07,937 INFO  EvoClassLoader - Keeping class: org.bouncycastle.jcajce.provider.digest.Keccak$KeyGenerator224
2024-11-12 13:43:07,937 INFO  EvoClassLoader - Seeing class for first time: org.bouncycastle.jcajce.provider.digest.Keccak$KeyGenerator256
2024-11-12 13:43:07,937 INFO  EvoClassLoader - Instrumenting class 'org.bouncycastle.jcajce.provider.digest.Keccak$KeyGenerator256'.
2024-11-12 13:43:07,938 INFO  MethodCallReplacementClassAdapter - Adding mock interface to class org/bouncycastle/jcajce/provider/digest/Keccak$KeyGenerator256
2024-11-12 13:43:07,938 INFO  CreateClassResetClassAdapter - Creating brand-new static initializer in class org/bouncycastle/jcajce/provider/digest/Keccak$KeyGenerator256
2024-11-12 13:43:07,938 INFO  EvoClassLoader - Keeping class: org.bouncycastle.jcajce.provider.digest.Keccak$KeyGenerator256
2024-11-12 13:43:07,938 INFO  EvoClassLoader - Seeing class for first time: org.bouncycastle.jcajce.provider.digest.Keccak$KeyGenerator288
2024-11-12 13:43:07,938 INFO  EvoClassLoader - Instrumenting class 'org.bouncycastle.jcajce.provider.digest.Keccak$KeyGenerator288'.
2024-11-12 13:43:07,938 INFO  MethodCallReplacementClassAdapter - Adding mock interface to class org/bouncycastle/jcajce/provider/digest/Keccak$KeyGenerator288
2024-11-12 13:43:07,938 INFO  CreateClassResetClassAdapter - Creating brand-new static initializer in class org/bouncycastle/jcajce/provider/digest/Keccak$KeyGenerator288
2024-11-12 13:43:07,938 INFO  EvoClassLoader - Keeping class: org.bouncycastle.jcajce.provider.digest.Keccak$KeyGenerator288
2024-11-12 13:43:07,938 INFO  EvoClassLoader - Seeing class for first time: org.bouncycastle.jcajce.provider.digest.Keccak$KeyGenerator384
2024-11-12 13:43:07,938 INFO  EvoClassLoader - Instrumenting class 'org.bouncycastle.jcajce.provider.digest.Keccak$KeyGenerator384'.
2024-11-12 13:43:07,939 INFO  MethodCallReplacementClassAdapter - Adding mock interface to class org/bouncycastle/jcajce/provider/digest/Keccak$KeyGenerator384
2024-11-12 13:43:07,939 INFO  CreateClassResetClassAdapter - Creating brand-new static initializer in class org/bouncycastle/jcajce/provider/digest/Keccak$KeyGenerator384
2024-11-12 13:43:07,939 INFO  EvoClassLoader - Keeping class: org.bouncycastle.jcajce.provider.digest.Keccak$KeyGenerator384
2024-11-12 13:43:07,939 INFO  EvoClassLoader - Seeing class for first time: org.bouncycastle.jcajce.provider.digest.Keccak$KeyGenerator512
2024-11-12 13:43:07,939 INFO  EvoClassLoader - Instrumenting class 'org.bouncycastle.jcajce.provider.digest.Keccak$KeyGenerator512'.
2024-11-12 13:43:07,939 INFO  MethodCallReplacementClassAdapter - Adding mock interface to class org/bouncycastle/jcajce/provider/digest/Keccak$KeyGenerator512
2024-11-12 13:43:07,939 INFO  CreateClassResetClassAdapter - Creating brand-new static initializer in class org/bouncycastle/jcajce/provider/digest/Keccak$KeyGenerator512
2024-11-12 13:43:07,939 INFO  EvoClassLoader - Keeping class: org.bouncycastle.jcajce.provider.digest.Keccak$KeyGenerator512
2024-11-12 13:43:07,939 INFO  EvoClassLoader - Seeing class for first time: org.bouncycastle.jcajce.provider.digest.MD2$Mappings
2024-11-12 13:43:07,939 INFO  EvoClassLoader - Instrumenting class 'org.bouncycastle.jcajce.provider.digest.MD2$Mappings'.
2024-11-12 13:43:07,939 INFO  MethodCallReplacementClassAdapter - Adding mock interface to class org/bouncycastle/jcajce/provider/digest/MD2$Mappings
2024-11-12 13:43:07,939 INFO  CreateClassResetClassAdapter - Found static initializer in class org/bouncycastle/jcajce/provider/digest/MD2$Mappings
2024-11-12 13:43:07,940 INFO  EvoClassLoader - Keeping class: org.bouncycastle.jcajce.provider.digest.MD2$Mappings
2024-11-12 13:43:07,940 INFO  EvoClassLoader - Seeing class for first time: org.bouncycastle.jcajce.provider.digest.MD2
2024-11-12 13:43:07,940 INFO  EvoClassLoader - Instrumenting class 'org.bouncycastle.jcajce.provider.digest.MD2'.
2024-11-12 13:43:07,940 INFO  MethodCallReplacementClassAdapter - Adding mock interface to class org/bouncycastle/jcajce/provider/digest/MD2
2024-11-12 13:43:07,941 INFO  CreateClassResetClassAdapter - Creating brand-new static initializer in class org/bouncycastle/jcajce/provider/digest/MD2
2024-11-12 13:43:07,941 INFO  EvoClassLoader - Keeping class: org.bouncycastle.jcajce.provider.digest.MD2
2024-11-12 13:43:07,941 INFO  EvoClassLoader - Seeing class for first time: org.bouncycastle.jcajce.provider.digest.MD2$Digest
2024-11-12 13:43:07,941 INFO  EvoClassLoader - Instrumenting class 'org.bouncycastle.jcajce.provider.digest.MD2$Digest'.
2024-11-12 13:43:07,942 INFO  MethodCallReplacementClassAdapter - Adding mock interface to class org/bouncycastle/jcajce/provider/digest/MD2$Digest
2024-11-12 13:43:07,942 INFO  CreateClassResetClassAdapter - Creating brand-new static initializer in class org/bouncycastle/jcajce/provider/digest/MD2$Digest
2024-11-12 13:43:07,942 INFO  EvoClassLoader - Keeping class: org.bouncycastle.jcajce.provider.digest.MD2$Digest
2024-11-12 13:43:07,942 INFO  EvoClassLoader - Seeing class for first time: org.bouncycastle.jcajce.provider.digest.MD2$HashMac
2024-11-12 13:43:07,942 INFO  EvoClassLoader - Instrumenting class 'org.bouncycastle.jcajce.provider.digest.MD2$HashMac'.
2024-11-12 13:43:07,942 INFO  MethodCallReplacementClassAdapter - Adding mock interface to class org/bouncycastle/jcajce/provider/digest/MD2$HashMac
2024-11-12 13:43:07,943 INFO  CreateClassResetClassAdapter - Creating brand-new static initializer in class org/bouncycastle/jcajce/provider/digest/MD2$HashMac
2024-11-12 13:43:07,943 INFO  EvoClassLoader - Keeping class: org.bouncycastle.jcajce.provider.digest.MD2$HashMac
2024-11-12 13:43:07,943 INFO  EvoClassLoader - Seeing class for first time: org.bouncycastle.jcajce.provider.digest.MD2$KeyGenerator
2024-11-12 13:43:07,943 INFO  EvoClassLoader - Instrumenting class 'org.bouncycastle.jcajce.provider.digest.MD2$KeyGenerator'.
2024-11-12 13:43:07,943 INFO  MethodCallReplacementClassAdapter - Adding mock interface to class org/bouncycastle/jcajce/provider/digest/MD2$KeyGenerator
2024-11-12 13:43:07,943 INFO  CreateClassResetClassAdapter - Creating brand-new static initializer in class org/bouncycastle/jcajce/provider/digest/MD2$KeyGenerator
2024-11-12 13:43:07,943 INFO  EvoClassLoader - Keeping class: org.bouncycastle.jcajce.provider.digest.MD2$KeyGenerator
2024-11-12 13:43:07,944 INFO  EvoClassLoader - Seeing class for first time: org.bouncycastle.asn1.ASN1ObjectIdentifier$OidHandle
2024-11-12 13:43:07,944 INFO  EvoClassLoader - Instrumenting class 'org.bouncycastle.asn1.ASN1ObjectIdentifier$OidHandle'.
2024-11-12 13:43:07,944 INFO  MethodCallReplacementClassAdapter - Adding mock interface to class org/bouncycastle/asn1/ASN1ObjectIdentifier$OidHandle
2024-11-12 13:43:07,944 INFO  CreateClassResetClassAdapter - Creating brand-new static initializer in class org/bouncycastle/asn1/ASN1ObjectIdentifier$OidHandle
2024-11-12 13:43:07,945 INFO  EvoClassLoader - Keeping class: org.bouncycastle.asn1.ASN1ObjectIdentifier$OidHandle
2024-11-12 13:43:07,946 INFO  EvoClassLoader - Seeing class for first time: org.bouncycastle.asn1.OIDTokenizer
2024-11-12 13:43:07,946 INFO  EvoClassLoader - Instrumenting class 'org.bouncycastle.asn1.OIDTokenizer'.
2024-11-12 13:43:07,946 INFO  MethodCallReplacementClassAdapter - Adding mock interface to class org/bouncycastle/asn1/OIDTokenizer
2024-11-12 13:43:07,946 INFO  CreateClassResetClassAdapter - Creating brand-new static initializer in class org/bouncycastle/asn1/OIDTokenizer
2024-11-12 13:43:07,947 INFO  EvoClassLoader - Keeping class: org.bouncycastle.asn1.OIDTokenizer
2024-11-12 13:43:07,948 INFO  EvoClassLoader - Seeing class for first time: org.bouncycastle.util.Arrays
2024-11-12 13:43:07,948 INFO  EvoClassLoader - Instrumenting class 'org.bouncycastle.util.Arrays'.
2024-11-12 13:43:07,948 INFO  MethodCallReplacementClassAdapter - Adding mock interface to class org/bouncycastle/util/Arrays
2024-11-12 13:43:07,953 INFO  CreateClassResetClassAdapter - Creating brand-new static initializer in class org/bouncycastle/util/Arrays
2024-11-12 13:43:07,955 INFO  EvoClassLoader - Keeping class: org.bouncycastle.util.Arrays
2024-11-12 13:43:07,958 INFO  EvoClassLoader - Seeing class for first time: org.bouncycastle.asn1.pkcs.PKCSObjectIdentifiers
2024-11-12 13:43:07,959 INFO  EvoClassLoader - Instrumenting class 'org.bouncycastle.asn1.pkcs.PKCSObjectIdentifiers'.
2024-11-12 13:43:07,961 INFO  EvoClassLoader - Keeping class: org.bouncycastle.asn1.pkcs.PKCSObjectIdentifiers
2024-11-12 13:43:07,961 INFO  EvoClassLoader - Seeing class for first time: org.bouncycastle.jcajce.provider.digest.MD4$Mappings
2024-11-12 13:43:07,961 INFO  EvoClassLoader - Instrumenting class 'org.bouncycastle.jcajce.provider.digest.MD4$Mappings'.
2024-11-12 13:43:07,963 INFO  MethodCallReplacementClassAdapter - Adding mock interface to class org/bouncycastle/jcajce/provider/digest/MD4$Mappings
2024-11-12 13:43:07,963 INFO  CreateClassResetClassAdapter - Found static initializer in class org/bouncycastle/jcajce/provider/digest/MD4$Mappings
2024-11-12 13:43:07,963 INFO  EvoClassLoader - Keeping class: org.bouncycastle.jcajce.provider.digest.MD4$Mappings
2024-11-12 13:43:07,963 INFO  EvoClassLoader - Seeing class for first time: org.bouncycastle.jcajce.provider.digest.MD4
2024-11-12 13:43:07,964 INFO  EvoClassLoader - Instrumenting class 'org.bouncycastle.jcajce.provider.digest.MD4'.
2024-11-12 13:43:07,964 INFO  MethodCallReplacementClassAdapter - Adding mock interface to class org/bouncycastle/jcajce/provider/digest/MD4
2024-11-12 13:43:07,964 INFO  CreateClassResetClassAdapter - Creating brand-new static initializer in class org/bouncycastle/jcajce/provider/digest/MD4
2024-11-12 13:43:07,964 INFO  EvoClassLoader - Keeping class: org.bouncycastle.jcajce.provider.digest.MD4
2024-11-12 13:43:07,964 INFO  EvoClassLoader - Seeing class for first time: org.bouncycastle.jcajce.provider.digest.MD4$Digest
2024-11-12 13:43:07,964 INFO  EvoClassLoader - Instrumenting class 'org.bouncycastle.jcajce.provider.digest.MD4$Digest'.
2024-11-12 13:43:07,964 INFO  MethodCallReplacementClassAdapter - Adding mock interface to class org/bouncycastle/jcajce/provider/digest/MD4$Digest
2024-11-12 13:43:07,964 INFO  CreateClassResetClassAdapter - Creating brand-new static initializer in class org/bouncycastle/jcajce/provider/digest/MD4$Digest
2024-11-12 13:43:07,965 INFO  EvoClassLoader - Keeping class: org.bouncycastle.jcajce.provider.digest.MD4$Digest
2024-11-12 13:43:07,965 INFO  EvoClassLoader - Seeing class for first time: org.bouncycastle.jcajce.provider.digest.MD4$HashMac
2024-11-12 13:43:07,965 INFO  EvoClassLoader - Instrumenting class 'org.bouncycastle.jcajce.provider.digest.MD4$HashMac'.
2024-11-12 13:43:07,965 INFO  MethodCallReplacementClassAdapter - Adding mock interface to class org/bouncycastle/jcajce/provider/digest/MD4$HashMac
2024-11-12 13:43:07,965 INFO  CreateClassResetClassAdapter - Creating brand-new static initializer in class org/bouncycastle/jcajce/provider/digest/MD4$HashMac
2024-11-12 13:43:07,965 INFO  EvoClassLoader - Keeping class: org.bouncycastle.jcajce.provider.digest.MD4$HashMac
2024-11-12 13:43:07,965 INFO  EvoClassLoader - Seeing class for first time: org.bouncycastle.jcajce.provider.digest.MD4$KeyGenerator
2024-11-12 13:43:07,965 INFO  EvoClassLoader - Instrumenting class 'org.bouncycastle.jcajce.provider.digest.MD4$KeyGenerator'.
2024-11-12 13:43:07,965 INFO  MethodCallReplacementClassAdapter - Adding mock interface to class org/bouncycastle/jcajce/provider/digest/MD4$KeyGenerator
2024-11-12 13:43:07,965 INFO  CreateClassResetClassAdapter - Creating brand-new static initializer in class org/bouncycastle/jcajce/provider/digest/MD4$KeyGenerator
2024-11-12 13:43:07,965 INFO  EvoClassLoader - Keeping class: org.bouncycastle.jcajce.provider.digest.MD4$KeyGenerator
2024-11-12 13:43:07,966 INFO  EvoClassLoader - Seeing class for first time: org.bouncycastle.jcajce.provider.digest.MD5$Mappings
2024-11-12 13:43:07,966 INFO  EvoClassLoader - Instrumenting class 'org.bouncycastle.jcajce.provider.digest.MD5$Mappings'.
2024-11-12 13:43:07,966 INFO  MethodCallReplacementClassAdapter - Adding mock interface to class org/bouncycastle/jcajce/provider/digest/MD5$Mappings
2024-11-12 13:43:07,966 INFO  CreateClassResetClassAdapter - Found static initializer in class org/bouncycastle/jcajce/provider/digest/MD5$Mappings
2024-11-12 13:43:07,966 INFO  EvoClassLoader - Keeping class: org.bouncycastle.jcajce.provider.digest.MD5$Mappings
2024-11-12 13:43:07,966 INFO  EvoClassLoader - Seeing class for first time: org.bouncycastle.jcajce.provider.digest.MD5
2024-11-12 13:43:07,966 INFO  EvoClassLoader - Instrumenting class 'org.bouncycastle.jcajce.provider.digest.MD5'.
2024-11-12 13:43:07,966 INFO  MethodCallReplacementClassAdapter - Adding mock interface to class org/bouncycastle/jcajce/provider/digest/MD5
2024-11-12 13:43:07,966 INFO  CreateClassResetClassAdapter - Creating brand-new static initializer in class org/bouncycastle/jcajce/provider/digest/MD5
2024-11-12 13:43:07,966 INFO  EvoClassLoader - Keeping class: org.bouncycastle.jcajce.provider.digest.MD5
2024-11-12 13:43:07,966 INFO  EvoClassLoader - Seeing class for first time: org.bouncycastle.jcajce.provider.digest.MD5$Digest
2024-11-12 13:43:07,966 INFO  EvoClassLoader - Instrumenting class 'org.bouncycastle.jcajce.provider.digest.MD5$Digest'.
2024-11-12 13:43:07,966 INFO  MethodCallReplacementClassAdapter - Adding mock interface to class org/bouncycastle/jcajce/provider/digest/MD5$Digest
2024-11-12 13:43:07,966 INFO  CreateClassResetClassAdapter - Creating brand-new static initializer in class org/bouncycastle/jcajce/provider/digest/MD5$Digest
2024-11-12 13:43:07,967 INFO  EvoClassLoader - Keeping class: org.bouncycastle.jcajce.provider.digest.MD5$Digest
2024-11-12 13:43:07,967 INFO  EvoClassLoader - Seeing class for first time: org.bouncycastle.jcajce.provider.digest.MD5$HashMac
2024-11-12 13:43:07,967 INFO  EvoClassLoader - Instrumenting class 'org.bouncycastle.jcajce.provider.digest.MD5$HashMac'.
2024-11-12 13:43:07,967 INFO  MethodCallReplacementClassAdapter - Adding mock interface to class org/bouncycastle/jcajce/provider/digest/MD5$HashMac
2024-11-12 13:43:07,967 INFO  CreateClassResetClassAdapter - Creating brand-new static initializer in class org/bouncycastle/jcajce/provider/digest/MD5$HashMac
2024-11-12 13:43:07,967 INFO  EvoClassLoader - Keeping class: org.bouncycastle.jcajce.provider.digest.MD5$HashMac
2024-11-12 13:43:07,967 INFO  EvoClassLoader - Seeing class for first time: org.bouncycastle.jcajce.provider.digest.MD5$KeyGenerator
2024-11-12 13:43:07,967 INFO  EvoClassLoader - Instrumenting class 'org.bouncycastle.jcajce.provider.digest.MD5$KeyGenerator'.
2024-11-12 13:43:07,967 INFO  MethodCallReplacementClassAdapter - Adding mock interface to class org/bouncycastle/jcajce/provider/digest/MD5$KeyGenerator
2024-11-12 13:43:07,967 INFO  CreateClassResetClassAdapter - Creating brand-new static initializer in class org/bouncycastle/jcajce/provider/digest/MD5$KeyGenerator
2024-11-12 13:43:07,967 INFO  EvoClassLoader - Keeping class: org.bouncycastle.jcajce.provider.digest.MD5$KeyGenerator
2024-11-12 13:43:07,967 INFO  EvoClassLoader - Seeing class for first time: org.bouncycastle.asn1.iana.IANAObjectIdentifiers
2024-11-12 13:43:07,967 INFO  EvoClassLoader - Instrumenting class 'org.bouncycastle.asn1.iana.IANAObjectIdentifiers'.
2024-11-12 13:43:07,967 INFO  EvoClassLoader - Defined package (3): package org.bouncycastle.asn1.iana, 1475435860
2024-11-12 13:43:07,968 INFO  EvoClassLoader - Keeping class: org.bouncycastle.asn1.iana.IANAObjectIdentifiers
2024-11-12 13:43:07,968 INFO  EvoClassLoader - Seeing class for first time: org.bouncycastle.jcajce.provider.digest.SHA1$Mappings
2024-11-12 13:43:07,968 INFO  EvoClassLoader - Instrumenting class 'org.bouncycastle.jcajce.provider.digest.SHA1$Mappings'.
2024-11-12 13:43:07,968 INFO  MethodCallReplacementClassAdapter - Adding mock interface to class org/bouncycastle/jcajce/provider/digest/SHA1$Mappings
2024-11-12 13:43:07,968 INFO  CreateClassResetClassAdapter - Found static initializer in class org/bouncycastle/jcajce/provider/digest/SHA1$Mappings
2024-11-12 13:43:07,968 INFO  EvoClassLoader - Keeping class: org.bouncycastle.jcajce.provider.digest.SHA1$Mappings
2024-11-12 13:43:07,968 INFO  EvoClassLoader - Seeing class for first time: org.bouncycastle.jcajce.provider.digest.SHA1
2024-11-12 13:43:07,968 INFO  EvoClassLoader - Instrumenting class 'org.bouncycastle.jcajce.provider.digest.SHA1'.
2024-11-12 13:43:07,968 INFO  MethodCallReplacementClassAdapter - Adding mock interface to class org/bouncycastle/jcajce/provider/digest/SHA1
2024-11-12 13:43:07,968 INFO  CreateClassResetClassAdapter - Creating brand-new static initializer in class org/bouncycastle/jcajce/provider/digest/SHA1
2024-11-12 13:43:07,968 INFO  EvoClassLoader - Keeping class: org.bouncycastle.jcajce.provider.digest.SHA1
2024-11-12 13:43:07,968 INFO  EvoClassLoader - Seeing class for first time: org.bouncycastle.jcajce.provider.digest.SHA1$Digest
2024-11-12 13:43:07,968 INFO  EvoClassLoader - Instrumenting class 'org.bouncycastle.jcajce.provider.digest.SHA1$Digest'.
2024-11-12 13:43:07,969 INFO  MethodCallReplacementClassAdapter - Adding mock interface to class org/bouncycastle/jcajce/provider/digest/SHA1$Digest
2024-11-12 13:43:07,969 INFO  CreateClassResetClassAdapter - Creating brand-new static initializer in class org/bouncycastle/jcajce/provider/digest/SHA1$Digest
2024-11-12 13:43:07,969 INFO  EvoClassLoader - Keeping class: org.bouncycastle.jcajce.provider.digest.SHA1$Digest
2024-11-12 13:43:07,969 INFO  EvoClassLoader - Seeing class for first time: org.bouncycastle.jcajce.provider.digest.SHA1$HashMac
2024-11-12 13:43:07,969 INFO  EvoClassLoader - Instrumenting class 'org.bouncycastle.jcajce.provider.digest.SHA1$HashMac'.
2024-11-12 13:43:07,970 INFO  MethodCallReplacementClassAdapter - Adding mock interface to class org/bouncycastle/jcajce/provider/digest/SHA1$HashMac
2024-11-12 13:43:07,970 INFO  CreateClassResetClassAdapter - Creating brand-new static initializer in class org/bouncycastle/jcajce/provider/digest/SHA1$HashMac
2024-11-12 13:43:07,970 INFO  EvoClassLoader - Keeping class: org.bouncycastle.jcajce.provider.digest.SHA1$HashMac
2024-11-12 13:43:07,970 INFO  EvoClassLoader - Seeing class for first time: org.bouncycastle.jcajce.provider.digest.SHA1$KeyGenerator
2024-11-12 13:43:07,970 INFO  EvoClassLoader - Instrumenting class 'org.bouncycastle.jcajce.provider.digest.SHA1$KeyGenerator'.
2024-11-12 13:43:07,971 INFO  MethodCallReplacementClassAdapter - Adding mock interface to class org/bouncycastle/jcajce/provider/digest/SHA1$KeyGenerator
2024-11-12 13:43:07,971 INFO  CreateClassResetClassAdapter - Creating brand-new static initializer in class org/bouncycastle/jcajce/provider/digest/SHA1$KeyGenerator
2024-11-12 13:43:07,971 INFO  EvoClassLoader - Keeping class: org.bouncycastle.jcajce.provider.digest.SHA1$KeyGenerator
2024-11-12 13:43:07,971 INFO  EvoClassLoader - Seeing class for first time: org.bouncycastle.asn1.oiw.OIWObjectIdentifiers
2024-11-12 13:43:07,971 INFO  EvoClassLoader - Instrumenting class 'org.bouncycastle.asn1.oiw.OIWObjectIdentifiers'.
2024-11-12 13:43:07,972 INFO  EvoClassLoader - Defined package (3): package org.bouncycastle.asn1.oiw, -1060777932
2024-11-12 13:43:07,972 INFO  EvoClassLoader - Keeping class: org.bouncycastle.asn1.oiw.OIWObjectIdentifiers
2024-11-12 13:43:07,972 INFO  EvoClassLoader - Seeing class for first time: org.bouncycastle.jcajce.provider.digest.RIPEMD128$Mappings
2024-11-12 13:43:07,972 INFO  EvoClassLoader - Instrumenting class 'org.bouncycastle.jcajce.provider.digest.RIPEMD128$Mappings'.
2024-11-12 13:43:07,972 INFO  MethodCallReplacementClassAdapter - Adding mock interface to class org/bouncycastle/jcajce/provider/digest/RIPEMD128$Mappings
2024-11-12 13:43:07,972 INFO  CreateClassResetClassAdapter - Found static initializer in class org/bouncycastle/jcajce/provider/digest/RIPEMD128$Mappings
2024-11-12 13:43:07,972 INFO  EvoClassLoader - Keeping class: org.bouncycastle.jcajce.provider.digest.RIPEMD128$Mappings
2024-11-12 13:43:07,972 INFO  EvoClassLoader - Seeing class for first time: org.bouncycastle.jcajce.provider.digest.RIPEMD128
2024-11-12 13:43:07,972 INFO  EvoClassLoader - Instrumenting class 'org.bouncycastle.jcajce.provider.digest.RIPEMD128'.
2024-11-12 13:43:07,973 INFO  MethodCallReplacementClassAdapter - Adding mock interface to class org/bouncycastle/jcajce/provider/digest/RIPEMD128
2024-11-12 13:43:07,973 INFO  CreateClassResetClassAdapter - Creating brand-new static initializer in class org/bouncycastle/jcajce/provider/digest/RIPEMD128
2024-11-12 13:43:07,973 INFO  EvoClassLoader - Keeping class: org.bouncycastle.jcajce.provider.digest.RIPEMD128
2024-11-12 13:43:07,973 INFO  EvoClassLoader - Seeing class for first time: org.bouncycastle.jcajce.provider.digest.RIPEMD128$Digest
2024-11-12 13:43:07,973 INFO  EvoClassLoader - Instrumenting class 'org.bouncycastle.jcajce.provider.digest.RIPEMD128$Digest'.
2024-11-12 13:43:07,973 INFO  MethodCallReplacementClassAdapter - Adding mock interface to class org/bouncycastle/jcajce/provider/digest/RIPEMD128$Digest
2024-11-12 13:43:07,973 INFO  CreateClassResetClassAdapter - Creating brand-new static initializer in class org/bouncycastle/jcajce/provider/digest/RIPEMD128$Digest
2024-11-12 13:43:07,973 INFO  EvoClassLoader - Keeping class: org.bouncycastle.jcajce.provider.digest.RIPEMD128$Digest
2024-11-12 13:43:07,973 INFO  EvoClassLoader - Seeing class for first time: org.bouncycastle.jcajce.provider.digest.RIPEMD128$HashMac
2024-11-12 13:43:07,973 INFO  EvoClassLoader - Instrumenting class 'org.bouncycastle.jcajce.provider.digest.RIPEMD128$HashMac'.
2024-11-12 13:43:07,973 INFO  MethodCallReplacementClassAdapter - Adding mock interface to class org/bouncycastle/jcajce/provider/digest/RIPEMD128$HashMac
2024-11-12 13:43:07,973 INFO  CreateClassResetClassAdapter - Creating brand-new static initializer in class org/bouncycastle/jcajce/provider/digest/RIPEMD128$HashMac
2024-11-12 13:43:07,973 INFO  EvoClassLoader - Keeping class: org.bouncycastle.jcajce.provider.digest.RIPEMD128$HashMac
2024-11-12 13:43:07,973 INFO  EvoClassLoader - Seeing class for first time: org.bouncycastle.jcajce.provider.digest.RIPEMD128$KeyGenerator
2024-11-12 13:43:07,973 INFO  EvoClassLoader - Instrumenting class 'org.bouncycastle.jcajce.provider.digest.RIPEMD128$KeyGenerator'.
2024-11-12 13:43:07,974 INFO  MethodCallReplacementClassAdapter - Adding mock interface to class org/bouncycastle/jcajce/provider/digest/RIPEMD128$KeyGenerator
2024-11-12 13:43:07,974 INFO  CreateClassResetClassAdapter - Creating brand-new static initializer in class org/bouncycastle/jcajce/provider/digest/RIPEMD128$KeyGenerator
2024-11-12 13:43:07,974 INFO  EvoClassLoader - Keeping class: org.bouncycastle.jcajce.provider.digest.RIPEMD128$KeyGenerator
2024-11-12 13:43:07,974 INFO  EvoClassLoader - Seeing class for first time: org.bouncycastle.asn1.teletrust.TeleTrusTObjectIdentifiers
2024-11-12 13:43:07,974 INFO  EvoClassLoader - Instrumenting class 'org.bouncycastle.asn1.teletrust.TeleTrusTObjectIdentifiers'.
2024-11-12 13:43:07,974 INFO  EvoClassLoader - Defined package (3): package org.bouncycastle.asn1.teletrust, -624133627
2024-11-12 13:43:07,974 INFO  EvoClassLoader - Keeping class: org.bouncycastle.asn1.teletrust.TeleTrusTObjectIdentifiers
2024-11-12 13:43:07,974 INFO  EvoClassLoader - Seeing class for first time: org.bouncycastle.jcajce.provider.digest.RIPEMD160$Mappings
2024-11-12 13:43:07,974 INFO  EvoClassLoader - Instrumenting class 'org.bouncycastle.jcajce.provider.digest.RIPEMD160$Mappings'.
2024-11-12 13:43:07,974 INFO  MethodCallReplacementClassAdapter - Adding mock interface to class org/bouncycastle/jcajce/provider/digest/RIPEMD160$Mappings
2024-11-12 13:43:07,974 INFO  CreateClassResetClassAdapter - Found static initializer in class org/bouncycastle/jcajce/provider/digest/RIPEMD160$Mappings
2024-11-12 13:43:07,974 INFO  EvoClassLoader - Keeping class: org.bouncycastle.jcajce.provider.digest.RIPEMD160$Mappings
2024-11-12 13:43:07,975 INFO  EvoClassLoader - Seeing class for first time: org.bouncycastle.jcajce.provider.digest.RIPEMD160
2024-11-12 13:43:07,975 INFO  EvoClassLoader - Instrumenting class 'org.bouncycastle.jcajce.provider.digest.RIPEMD160'.
2024-11-12 13:43:07,975 INFO  MethodCallReplacementClassAdapter - Adding mock interface to class org/bouncycastle/jcajce/provider/digest/RIPEMD160
2024-11-12 13:43:07,975 INFO  CreateClassResetClassAdapter - Creating brand-new static initializer in class org/bouncycastle/jcajce/provider/digest/RIPEMD160
2024-11-12 13:43:07,975 INFO  EvoClassLoader - Keeping class: org.bouncycastle.jcajce.provider.digest.RIPEMD160
2024-11-12 13:43:07,975 INFO  EvoClassLoader - Seeing class for first time: org.bouncycastle.jcajce.provider.digest.RIPEMD160$Digest
2024-11-12 13:43:07,975 INFO  EvoClassLoader - Instrumenting class 'org.bouncycastle.jcajce.provider.digest.RIPEMD160$Digest'.
2024-11-12 13:43:07,975 INFO  MethodCallReplacementClassAdapter - Adding mock interface to class org/bouncycastle/jcajce/provider/digest/RIPEMD160$Digest
2024-11-12 13:43:07,975 INFO  CreateClassResetClassAdapter - Creating brand-new static initializer in class org/bouncycastle/jcajce/provider/digest/RIPEMD160$Digest
2024-11-12 13:43:07,975 INFO  EvoClassLoader - Keeping class: org.bouncycastle.jcajce.provider.digest.RIPEMD160$Digest
2024-11-12 13:43:07,975 INFO  EvoClassLoader - Seeing class for first time: org.bouncycastle.jcajce.provider.digest.RIPEMD160$HashMac
2024-11-12 13:43:07,975 INFO  EvoClassLoader - Instrumenting class 'org.bouncycastle.jcajce.provider.digest.RIPEMD160$HashMac'.
2024-11-12 13:43:07,976 INFO  MethodCallReplacementClassAdapter - Adding mock interface to class org/bouncycastle/jcajce/provider/digest/RIPEMD160$HashMac
2024-11-12 13:43:07,976 INFO  CreateClassResetClassAdapter - Creating brand-new static initializer in class org/bouncycastle/jcajce/provider/digest/RIPEMD160$HashMac
2024-11-12 13:43:07,976 INFO  EvoClassLoader - Keeping class: org.bouncycastle.jcajce.provider.digest.RIPEMD160$HashMac
2024-11-12 13:43:07,976 INFO  EvoClassLoader - Seeing class for first time: org.bouncycastle.jcajce.provider.digest.RIPEMD160$KeyGenerator
2024-11-12 13:43:07,976 INFO  EvoClassLoader - Instrumenting class 'org.bouncycastle.jcajce.provider.digest.RIPEMD160$KeyGenerator'.
2024-11-12 13:43:07,976 INFO  MethodCallReplacementClassAdapter - Adding mock interface to class org/bouncycastle/jcajce/provider/digest/RIPEMD160$KeyGenerator
2024-11-12 13:43:07,977 INFO  CreateClassResetClassAdapter - Creating brand-new static initializer in class org/bouncycastle/jcajce/provider/digest/RIPEMD160$KeyGenerator
2024-11-12 13:43:07,977 INFO  EvoClassLoader - Keeping class: org.bouncycastle.jcajce.provider.digest.RIPEMD160$KeyGenerator
2024-11-12 13:43:07,977 INFO  EvoClassLoader - Seeing class for first time: org.bouncycastle.jcajce.provider.digest.RIPEMD256$Mappings
2024-11-12 13:43:07,977 INFO  EvoClassLoader - Instrumenting class 'org.bouncycastle.jcajce.provider.digest.RIPEMD256$Mappings'.
2024-11-12 13:43:07,977 INFO  MethodCallReplacementClassAdapter - Adding mock interface to class org/bouncycastle/jcajce/provider/digest/RIPEMD256$Mappings
2024-11-12 13:43:07,977 INFO  CreateClassResetClassAdapter - Found static initializer in class org/bouncycastle/jcajce/provider/digest/RIPEMD256$Mappings
2024-11-12 13:43:07,978 INFO  EvoClassLoader - Keeping class: org.bouncycastle.jcajce.provider.digest.RIPEMD256$Mappings
2024-11-12 13:43:07,978 INFO  EvoClassLoader - Seeing class for first time: org.bouncycastle.jcajce.provider.digest.RIPEMD256
2024-11-12 13:43:07,978 INFO  EvoClassLoader - Instrumenting class 'org.bouncycastle.jcajce.provider.digest.RIPEMD256'.
2024-11-12 13:43:07,978 INFO  MethodCallReplacementClassAdapter - Adding mock interface to class org/bouncycastle/jcajce/provider/digest/RIPEMD256
2024-11-12 13:43:07,979 INFO  CreateClassResetClassAdapter - Creating brand-new static initializer in class org/bouncycastle/jcajce/provider/digest/RIPEMD256
2024-11-12 13:43:07,979 INFO  EvoClassLoader - Keeping class: org.bouncycastle.jcajce.provider.digest.RIPEMD256
2024-11-12 13:43:07,979 INFO  EvoClassLoader - Seeing class for first time: org.bouncycastle.jcajce.provider.digest.RIPEMD256$Digest
2024-11-12 13:43:07,979 INFO  EvoClassLoader - Instrumenting class 'org.bouncycastle.jcajce.provider.digest.RIPEMD256$Digest'.
2024-11-12 13:43:07,979 INFO  MethodCallReplacementClassAdapter - Adding mock interface to class org/bouncycastle/jcajce/provider/digest/RIPEMD256$Digest
2024-11-12 13:43:07,979 INFO  CreateClassResetClassAdapter - Creating brand-new static initializer in class org/bouncycastle/jcajce/provider/digest/RIPEMD256$Digest
2024-11-12 13:43:07,979 INFO  EvoClassLoader - Keeping class: org.bouncycastle.jcajce.provider.digest.RIPEMD256$Digest
2024-11-12 13:43:07,979 INFO  EvoClassLoader - Seeing class for first time: org.bouncycastle.jcajce.provider.digest.RIPEMD256$HashMac
2024-11-12 13:43:07,979 INFO  EvoClassLoader - Instrumenting class 'org.bouncycastle.jcajce.provider.digest.RIPEMD256$HashMac'.
2024-11-12 13:43:07,979 INFO  MethodCallReplacementClassAdapter - Adding mock interface to class org/bouncycastle/jcajce/provider/digest/RIPEMD256$HashMac
2024-11-12 13:43:07,979 INFO  CreateClassResetClassAdapter - Creating brand-new static initializer in class org/bouncycastle/jcajce/provider/digest/RIPEMD256$HashMac
2024-11-12 13:43:07,979 INFO  EvoClassLoader - Keeping class: org.bouncycastle.jcajce.provider.digest.RIPEMD256$HashMac
2024-11-12 13:43:07,979 INFO  EvoClassLoader - Seeing class for first time: org.bouncycastle.jcajce.provider.digest.RIPEMD256$KeyGenerator
2024-11-12 13:43:07,979 INFO  EvoClassLoader - Instrumenting class 'org.bouncycastle.jcajce.provider.digest.RIPEMD256$KeyGenerator'.
2024-11-12 13:43:07,980 INFO  MethodCallReplacementClassAdapter - Adding mock interface to class org/bouncycastle/jcajce/provider/digest/RIPEMD256$KeyGenerator
2024-11-12 13:43:07,980 INFO  CreateClassResetClassAdapter - Creating brand-new static initializer in class org/bouncycastle/jcajce/provider/digest/RIPEMD256$KeyGenerator
2024-11-12 13:43:07,980 INFO  EvoClassLoader - Keeping class: org.bouncycastle.jcajce.provider.digest.RIPEMD256$KeyGenerator
2024-11-12 13:43:07,980 INFO  EvoClassLoader - Seeing class for first time: org.bouncycastle.jcajce.provider.digest.RIPEMD320$Mappings
2024-11-12 13:43:07,980 INFO  EvoClassLoader - Instrumenting class 'org.bouncycastle.jcajce.provider.digest.RIPEMD320$Mappings'.
2024-11-12 13:43:07,980 INFO  MethodCallReplacementClassAdapter - Adding mock interface to class org/bouncycastle/jcajce/provider/digest/RIPEMD320$Mappings
2024-11-12 13:43:07,980 INFO  CreateClassResetClassAdapter - Found static initializer in class org/bouncycastle/jcajce/provider/digest/RIPEMD320$Mappings
2024-11-12 13:43:07,980 INFO  EvoClassLoader - Keeping class: org.bouncycastle.jcajce.provider.digest.RIPEMD320$Mappings
2024-11-12 13:43:07,980 INFO  EvoClassLoader - Seeing class for first time: org.bouncycastle.jcajce.provider.digest.RIPEMD320
2024-11-12 13:43:07,980 INFO  EvoClassLoader - Instrumenting class 'org.bouncycastle.jcajce.provider.digest.RIPEMD320'.
2024-11-12 13:43:07,980 INFO  MethodCallReplacementClassAdapter - Adding mock interface to class org/bouncycastle/jcajce/provider/digest/RIPEMD320
2024-11-12 13:43:07,980 INFO  CreateClassResetClassAdapter - Creating brand-new static initializer in class org/bouncycastle/jcajce/provider/digest/RIPEMD320
2024-11-12 13:43:07,980 INFO  EvoClassLoader - Keeping class: org.bouncycastle.jcajce.provider.digest.RIPEMD320
2024-11-12 13:43:07,980 INFO  EvoClassLoader - Seeing class for first time: org.bouncycastle.jcajce.provider.digest.RIPEMD320$Digest
2024-11-12 13:43:07,980 INFO  EvoClassLoader - Instrumenting class 'org.bouncycastle.jcajce.provider.digest.RIPEMD320$Digest'.
2024-11-12 13:43:07,981 INFO  MethodCallReplacementClassAdapter - Adding mock interface to class org/bouncycastle/jcajce/provider/digest/RIPEMD320$Digest
2024-11-12 13:43:07,981 INFO  CreateClassResetClassAdapter - Creating brand-new static initializer in class org/bouncycastle/jcajce/provider/digest/RIPEMD320$Digest
2024-11-12 13:43:07,981 INFO  EvoClassLoader - Keeping class: org.bouncycastle.jcajce.provider.digest.RIPEMD320$Digest
2024-11-12 13:43:07,981 INFO  EvoClassLoader - Seeing class for first time: org.bouncycastle.jcajce.provider.digest.RIPEMD320$HashMac
2024-11-12 13:43:07,981 INFO  EvoClassLoader - Instrumenting class 'org.bouncycastle.jcajce.provider.digest.RIPEMD320$HashMac'.
2024-11-12 13:43:07,981 INFO  MethodCallReplacementClassAdapter - Adding mock interface to class org/bouncycastle/jcajce/provider/digest/RIPEMD320$HashMac
2024-11-12 13:43:07,981 INFO  CreateClassResetClassAdapter - Creating brand-new static initializer in class org/bouncycastle/jcajce/provider/digest/RIPEMD320$HashMac
2024-11-12 13:43:07,981 INFO  EvoClassLoader - Keeping class: org.bouncycastle.jcajce.provider.digest.RIPEMD320$HashMac
2024-11-12 13:43:07,981 INFO  EvoClassLoader - Seeing class for first time: org.bouncycastle.jcajce.provider.digest.RIPEMD320$KeyGenerator
2024-11-12 13:43:07,981 INFO  EvoClassLoader - Instrumenting class 'org.bouncycastle.jcajce.provider.digest.RIPEMD320$KeyGenerator'.
2024-11-12 13:43:07,981 INFO  MethodCallReplacementClassAdapter - Adding mock interface to class org/bouncycastle/jcajce/provider/digest/RIPEMD320$KeyGenerator
2024-11-12 13:43:07,981 INFO  CreateClassResetClassAdapter - Creating brand-new static initializer in class org/bouncycastle/jcajce/provider/digest/RIPEMD320$KeyGenerator
2024-11-12 13:43:07,981 INFO  EvoClassLoader - Keeping class: org.bouncycastle.jcajce.provider.digest.RIPEMD320$KeyGenerator
2024-11-12 13:43:07,981 INFO  EvoClassLoader - Seeing class for first time: org.bouncycastle.jcajce.provider.digest.SHA224$Mappings
2024-11-12 13:43:07,981 INFO  EvoClassLoader - Instrumenting class 'org.bouncycastle.jcajce.provider.digest.SHA224$Mappings'.
2024-11-12 13:43:07,982 INFO  MethodCallReplacementClassAdapter - Adding mock interface to class org/bouncycastle/jcajce/provider/digest/SHA224$Mappings
2024-11-12 13:43:07,982 INFO  CreateClassResetClassAdapter - Found static initializer in class org/bouncycastle/jcajce/provider/digest/SHA224$Mappings
2024-11-12 13:43:07,982 INFO  EvoClassLoader - Keeping class: org.bouncycastle.jcajce.provider.digest.SHA224$Mappings
2024-11-12 13:43:07,982 INFO  EvoClassLoader - Seeing class for first time: org.bouncycastle.jcajce.provider.digest.SHA224
2024-11-12 13:43:07,982 INFO  EvoClassLoader - Instrumenting class 'org.bouncycastle.jcajce.provider.digest.SHA224'.
2024-11-12 13:43:07,982 INFO  MethodCallReplacementClassAdapter - Adding mock interface to class org/bouncycastle/jcajce/provider/digest/SHA224
2024-11-12 13:43:07,982 INFO  CreateClassResetClassAdapter - Creating brand-new static initializer in class org/bouncycastle/jcajce/provider/digest/SHA224
2024-11-12 13:43:07,982 INFO  EvoClassLoader - Keeping class: org.bouncycastle.jcajce.provider.digest.SHA224
2024-11-12 13:43:07,982 INFO  EvoClassLoader - Seeing class for first time: org.bouncycastle.jcajce.provider.digest.SHA224$Digest
2024-11-12 13:43:07,982 INFO  EvoClassLoader - Instrumenting class 'org.bouncycastle.jcajce.provider.digest.SHA224$Digest'.
2024-11-12 13:43:07,982 INFO  MethodCallReplacementClassAdapter - Adding mock interface to class org/bouncycastle/jcajce/provider/digest/SHA224$Digest
2024-11-12 13:43:07,982 INFO  CreateClassResetClassAdapter - Creating brand-new static initializer in class org/bouncycastle/jcajce/provider/digest/SHA224$Digest
2024-11-12 13:43:07,982 INFO  EvoClassLoader - Keeping class: org.bouncycastle.jcajce.provider.digest.SHA224$Digest
2024-11-12 13:43:07,982 INFO  EvoClassLoader - Seeing class for first time: org.bouncycastle.jcajce.provider.digest.SHA224$HashMac
2024-11-12 13:43:07,982 INFO  EvoClassLoader - Instrumenting class 'org.bouncycastle.jcajce.provider.digest.SHA224$HashMac'.
2024-11-12 13:43:07,983 INFO  MethodCallReplacementClassAdapter - Adding mock interface to class org/bouncycastle/jcajce/provider/digest/SHA224$HashMac
2024-11-12 13:43:07,983 INFO  CreateClassResetClassAdapter - Creating brand-new static initializer in class org/bouncycastle/jcajce/provider/digest/SHA224$HashMac
2024-11-12 13:43:07,983 INFO  EvoClassLoader - Keeping class: org.bouncycastle.jcajce.provider.digest.SHA224$HashMac
2024-11-12 13:43:07,983 INFO  EvoClassLoader - Seeing class for first time: org.bouncycastle.jcajce.provider.digest.SHA224$KeyGenerator
2024-11-12 13:43:07,983 INFO  EvoClassLoader - Instrumenting class 'org.bouncycastle.jcajce.provider.digest.SHA224$KeyGenerator'.
2024-11-12 13:43:07,983 INFO  MethodCallReplacementClassAdapter - Adding mock interface to class org/bouncycastle/jcajce/provider/digest/SHA224$KeyGenerator
2024-11-12 13:43:07,983 INFO  CreateClassResetClassAdapter - Creating brand-new static initializer in class org/bouncycastle/jcajce/provider/digest/SHA224$KeyGenerator
2024-11-12 13:43:07,983 INFO  EvoClassLoader - Keeping class: org.bouncycastle.jcajce.provider.digest.SHA224$KeyGenerator
2024-11-12 13:43:07,983 INFO  EvoClassLoader - Seeing class for first time: org.bouncycastle.asn1.nist.NISTObjectIdentifiers
2024-11-12 13:43:07,983 INFO  EvoClassLoader - Instrumenting class 'org.bouncycastle.asn1.nist.NISTObjectIdentifiers'.
2024-11-12 13:43:07,984 INFO  EvoClassLoader - Defined package (3): package org.bouncycastle.asn1.nist, 1475592677
2024-11-12 13:43:07,984 INFO  EvoClassLoader - Keeping class: org.bouncycastle.asn1.nist.NISTObjectIdentifiers
2024-11-12 13:43:07,984 INFO  EvoClassLoader - Seeing class for first time: org.bouncycastle.jcajce.provider.digest.SHA256$Mappings
2024-11-12 13:43:07,984 INFO  EvoClassLoader - Instrumenting class 'org.bouncycastle.jcajce.provider.digest.SHA256$Mappings'.
2024-11-12 13:43:07,985 INFO  MethodCallReplacementClassAdapter - Adding mock interface to class org/bouncycastle/jcajce/provider/digest/SHA256$Mappings
2024-11-12 13:43:07,985 INFO  CreateClassResetClassAdapter - Found static initializer in class org/bouncycastle/jcajce/provider/digest/SHA256$Mappings
2024-11-12 13:43:07,985 INFO  EvoClassLoader - Keeping class: org.bouncycastle.jcajce.provider.digest.SHA256$Mappings
2024-11-12 13:43:07,985 INFO  EvoClassLoader - Seeing class for first time: org.bouncycastle.jcajce.provider.digest.SHA256
2024-11-12 13:43:07,985 INFO  EvoClassLoader - Instrumenting class 'org.bouncycastle.jcajce.provider.digest.SHA256'.
2024-11-12 13:43:07,985 INFO  MethodCallReplacementClassAdapter - Adding mock interface to class org/bouncycastle/jcajce/provider/digest/SHA256
2024-11-12 13:43:07,985 INFO  CreateClassResetClassAdapter - Creating brand-new static initializer in class org/bouncycastle/jcajce/provider/digest/SHA256
2024-11-12 13:43:07,986 INFO  EvoClassLoader - Keeping class: org.bouncycastle.jcajce.provider.digest.SHA256
2024-11-12 13:43:07,986 INFO  EvoClassLoader - Seeing class for first time: org.bouncycastle.jcajce.provider.digest.SHA256$Digest
2024-11-12 13:43:07,986 INFO  EvoClassLoader - Instrumenting class 'org.bouncycastle.jcajce.provider.digest.SHA256$Digest'.
2024-11-12 13:43:07,986 INFO  MethodCallReplacementClassAdapter - Adding mock interface to class org/bouncycastle/jcajce/provider/digest/SHA256$Digest
2024-11-12 13:43:07,986 INFO  CreateClassResetClassAdapter - Creating brand-new static initializer in class org/bouncycastle/jcajce/provider/digest/SHA256$Digest
2024-11-12 13:43:07,986 INFO  EvoClassLoader - Keeping class: org.bouncycastle.jcajce.provider.digest.SHA256$Digest
2024-11-12 13:43:07,986 INFO  EvoClassLoader - Seeing class for first time: org.bouncycastle.jcajce.provider.digest.SHA256$HashMac
2024-11-12 13:43:07,986 INFO  EvoClassLoader - Instrumenting class 'org.bouncycastle.jcajce.provider.digest.SHA256$HashMac'.
2024-11-12 13:43:07,986 INFO  MethodCallReplacementClassAdapter - Adding mock interface to class org/bouncycastle/jcajce/provider/digest/SHA256$HashMac
2024-11-12 13:43:07,986 INFO  CreateClassResetClassAdapter - Creating brand-new static initializer in class org/bouncycastle/jcajce/provider/digest/SHA256$HashMac
2024-11-12 13:43:07,986 INFO  EvoClassLoader - Keeping class: org.bouncycastle.jcajce.provider.digest.SHA256$HashMac
2024-11-12 13:43:07,986 INFO  EvoClassLoader - Seeing class for first time: org.bouncycastle.jcajce.provider.digest.SHA256$KeyGenerator
2024-11-12 13:43:07,986 INFO  EvoClassLoader - Instrumenting class 'org.bouncycastle.jcajce.provider.digest.SHA256$KeyGenerator'.
2024-11-12 13:43:07,987 INFO  MethodCallReplacementClassAdapter - Adding mock interface to class org/bouncycastle/jcajce/provider/digest/SHA256$KeyGenerator
2024-11-12 13:43:07,987 INFO  CreateClassResetClassAdapter - Creating brand-new static initializer in class org/bouncycastle/jcajce/provider/digest/SHA256$KeyGenerator
2024-11-12 13:43:07,987 INFO  EvoClassLoader - Keeping class: org.bouncycastle.jcajce.provider.digest.SHA256$KeyGenerator
2024-11-12 13:43:07,987 INFO  EvoClassLoader - Seeing class for first time: org.bouncycastle.jcajce.provider.digest.SHA384$Mappings
2024-11-12 13:43:07,987 INFO  EvoClassLoader - Instrumenting class 'org.bouncycastle.jcajce.provider.digest.SHA384$Mappings'.
2024-11-12 13:43:07,987 INFO  MethodCallReplacementClassAdapter - Adding mock interface to class org/bouncycastle/jcajce/provider/digest/SHA384$Mappings
2024-11-12 13:43:07,987 INFO  CreateClassResetClassAdapter - Found static initializer in class org/bouncycastle/jcajce/provider/digest/SHA384$Mappings
2024-11-12 13:43:07,988 INFO  EvoClassLoader - Keeping class: org.bouncycastle.jcajce.provider.digest.SHA384$Mappings
2024-11-12 13:43:07,988 INFO  EvoClassLoader - Seeing class for first time: org.bouncycastle.jcajce.provider.digest.SHA384
2024-11-12 13:43:07,988 INFO  EvoClassLoader - Instrumenting class 'org.bouncycastle.jcajce.provider.digest.SHA384'.
2024-11-12 13:43:07,988 INFO  MethodCallReplacementClassAdapter - Adding mock interface to class org/bouncycastle/jcajce/provider/digest/SHA384
2024-11-12 13:43:07,988 INFO  CreateClassResetClassAdapter - Creating brand-new static initializer in class org/bouncycastle/jcajce/provider/digest/SHA384
2024-11-12 13:43:07,988 INFO  EvoClassLoader - Keeping class: org.bouncycastle.jcajce.provider.digest.SHA384
2024-11-12 13:43:07,988 INFO  EvoClassLoader - Seeing class for first time: org.bouncycastle.jcajce.provider.digest.SHA384$Digest
2024-11-12 13:43:07,988 INFO  EvoClassLoader - Instrumenting class 'org.bouncycastle.jcajce.provider.digest.SHA384$Digest'.
2024-11-12 13:43:07,988 INFO  MethodCallReplacementClassAdapter - Adding mock interface to class org/bouncycastle/jcajce/provider/digest/SHA384$Digest
2024-11-12 13:43:07,988 INFO  CreateClassResetClassAdapter - Creating brand-new static initializer in class org/bouncycastle/jcajce/provider/digest/SHA384$Digest
2024-11-12 13:43:07,988 INFO  EvoClassLoader - Keeping class: org.bouncycastle.jcajce.provider.digest.SHA384$Digest
2024-11-12 13:43:07,988 INFO  EvoClassLoader - Seeing class for first time: org.bouncycastle.jcajce.provider.digest.SHA384$HashMac
2024-11-12 13:43:07,988 INFO  EvoClassLoader - Instrumenting class 'org.bouncycastle.jcajce.provider.digest.SHA384$HashMac'.
2024-11-12 13:43:07,988 INFO  MethodCallReplacementClassAdapter - Adding mock interface to class org/bouncycastle/jcajce/provider/digest/SHA384$HashMac
2024-11-12 13:43:07,988 INFO  CreateClassResetClassAdapter - Creating brand-new static initializer in class org/bouncycastle/jcajce/provider/digest/SHA384$HashMac
2024-11-12 13:43:07,988 INFO  EvoClassLoader - Keeping class: org.bouncycastle.jcajce.provider.digest.SHA384$HashMac
2024-11-12 13:43:07,988 INFO  EvoClassLoader - Seeing class for first time: org.bouncycastle.jcajce.provider.digest.SHA384$KeyGenerator
2024-11-12 13:43:07,988 INFO  EvoClassLoader - Instrumenting class 'org.bouncycastle.jcajce.provider.digest.SHA384$KeyGenerator'.
2024-11-12 13:43:07,988 INFO  MethodCallReplacementClassAdapter - Adding mock interface to class org/bouncycastle/jcajce/provider/digest/SHA384$KeyGenerator
2024-11-12 13:43:07,988 INFO  CreateClassResetClassAdapter - Creating brand-new static initializer in class org/bouncycastle/jcajce/provider/digest/SHA384$KeyGenerator
2024-11-12 13:43:07,988 INFO  EvoClassLoader - Keeping class: org.bouncycastle.jcajce.provider.digest.SHA384$KeyGenerator
2024-11-12 13:43:07,988 INFO  EvoClassLoader - Seeing class for first time: org.bouncycastle.jcajce.provider.digest.SHA512$Mappings
2024-11-12 13:43:07,988 INFO  EvoClassLoader - Instrumenting class 'org.bouncycastle.jcajce.provider.digest.SHA512$Mappings'.
2024-11-12 13:43:07,989 INFO  MethodCallReplacementClassAdapter - Adding mock interface to class org/bouncycastle/jcajce/provider/digest/SHA512$Mappings
2024-11-12 13:43:07,989 INFO  CreateClassResetClassAdapter - Found static initializer in class org/bouncycastle/jcajce/provider/digest/SHA512$Mappings
2024-11-12 13:43:07,989 INFO  EvoClassLoader - Keeping class: org.bouncycastle.jcajce.provider.digest.SHA512$Mappings
2024-11-12 13:43:07,989 INFO  EvoClassLoader - Seeing class for first time: org.bouncycastle.jcajce.provider.digest.SHA512
2024-11-12 13:43:07,989 INFO  EvoClassLoader - Instrumenting class 'org.bouncycastle.jcajce.provider.digest.SHA512'.
2024-11-12 13:43:07,989 INFO  MethodCallReplacementClassAdapter - Adding mock interface to class org/bouncycastle/jcajce/provider/digest/SHA512
2024-11-12 13:43:07,989 INFO  CreateClassResetClassAdapter - Creating brand-new static initializer in class org/bouncycastle/jcajce/provider/digest/SHA512
2024-11-12 13:43:07,989 INFO  EvoClassLoader - Keeping class: org.bouncycastle.jcajce.provider.digest.SHA512
2024-11-12 13:43:07,989 INFO  EvoClassLoader - Seeing class for first time: org.bouncycastle.jcajce.provider.digest.SHA512$Digest
2024-11-12 13:43:07,989 INFO  EvoClassLoader - Instrumenting class 'org.bouncycastle.jcajce.provider.digest.SHA512$Digest'.
2024-11-12 13:43:07,989 INFO  MethodCallReplacementClassAdapter - Adding mock interface to class org/bouncycastle/jcajce/provider/digest/SHA512$Digest
2024-11-12 13:43:07,990 INFO  CreateClassResetClassAdapter - Creating brand-new static initializer in class org/bouncycastle/jcajce/provider/digest/SHA512$Digest
2024-11-12 13:43:07,990 INFO  EvoClassLoader - Keeping class: org.bouncycastle.jcajce.provider.digest.SHA512$Digest
2024-11-12 13:43:07,990 INFO  EvoClassLoader - Seeing class for first time: org.bouncycastle.jcajce.provider.digest.SHA512$DigestT
2024-11-12 13:43:07,990 INFO  EvoClassLoader - Instrumenting class 'org.bouncycastle.jcajce.provider.digest.SHA512$DigestT'.
2024-11-12 13:43:07,990 INFO  MethodCallReplacementClassAdapter - Adding mock interface to class org/bouncycastle/jcajce/provider/digest/SHA512$DigestT
2024-11-12 13:43:07,990 INFO  CreateClassResetClassAdapter - Creating brand-new static initializer in class org/bouncycastle/jcajce/provider/digest/SHA512$DigestT
2024-11-12 13:43:07,990 INFO  EvoClassLoader - Keeping class: org.bouncycastle.jcajce.provider.digest.SHA512$DigestT
2024-11-12 13:43:07,990 INFO  EvoClassLoader - Seeing class for first time: org.bouncycastle.jcajce.provider.digest.SHA512$DigestT224
2024-11-12 13:43:07,990 INFO  EvoClassLoader - Instrumenting class 'org.bouncycastle.jcajce.provider.digest.SHA512$DigestT224'.
2024-11-12 13:43:07,990 INFO  MethodCallReplacementClassAdapter - Adding mock interface to class org/bouncycastle/jcajce/provider/digest/SHA512$DigestT224
2024-11-12 13:43:07,990 INFO  CreateClassResetClassAdapter - Creating brand-new static initializer in class org/bouncycastle/jcajce/provider/digest/SHA512$DigestT224
2024-11-12 13:43:07,990 INFO  EvoClassLoader - Keeping class: org.bouncycastle.jcajce.provider.digest.SHA512$DigestT224
2024-11-12 13:43:07,990 INFO  EvoClassLoader - Seeing class for first time: org.bouncycastle.jcajce.provider.digest.SHA512$DigestT256
2024-11-12 13:43:07,990 INFO  EvoClassLoader - Instrumenting class 'org.bouncycastle.jcajce.provider.digest.SHA512$DigestT256'.
2024-11-12 13:43:07,990 INFO  MethodCallReplacementClassAdapter - Adding mock interface to class org/bouncycastle/jcajce/provider/digest/SHA512$DigestT256
2024-11-12 13:43:07,990 INFO  CreateClassResetClassAdapter - Creating brand-new static initializer in class org/bouncycastle/jcajce/provider/digest/SHA512$DigestT256
2024-11-12 13:43:07,990 INFO  EvoClassLoader - Keeping class: org.bouncycastle.jcajce.provider.digest.SHA512$DigestT256
2024-11-12 13:43:07,990 INFO  EvoClassLoader - Seeing class for first time: org.bouncycastle.jcajce.provider.digest.SHA512$HashMac
2024-11-12 13:43:07,990 INFO  EvoClassLoader - Instrumenting class 'org.bouncycastle.jcajce.provider.digest.SHA512$HashMac'.
2024-11-12 13:43:07,990 INFO  MethodCallReplacementClassAdapter - Adding mock interface to class org/bouncycastle/jcajce/provider/digest/SHA512$HashMac
2024-11-12 13:43:07,990 INFO  CreateClassResetClassAdapter - Creating brand-new static initializer in class org/bouncycastle/jcajce/provider/digest/SHA512$HashMac
2024-11-12 13:43:07,990 INFO  EvoClassLoader - Keeping class: org.bouncycastle.jcajce.provider.digest.SHA512$HashMac
2024-11-12 13:43:07,990 INFO  EvoClassLoader - Seeing class for first time: org.bouncycastle.jcajce.provider.digest.SHA512$HashMacT224
2024-11-12 13:43:07,990 INFO  EvoClassLoader - Instrumenting class 'org.bouncycastle.jcajce.provider.digest.SHA512$HashMacT224'.
2024-11-12 13:43:07,991 INFO  MethodCallReplacementClassAdapter - Adding mock interface to class org/bouncycastle/jcajce/provider/digest/SHA512$HashMacT224
2024-11-12 13:43:07,991 INFO  CreateClassResetClassAdapter - Creating brand-new static initializer in class org/bouncycastle/jcajce/provider/digest/SHA512$HashMacT224
2024-11-12 13:43:07,991 INFO  EvoClassLoader - Keeping class: org.bouncycastle.jcajce.provider.digest.SHA512$HashMacT224
2024-11-12 13:43:07,991 INFO  EvoClassLoader - Seeing class for first time: org.bouncycastle.jcajce.provider.digest.SHA512$HashMacT256
2024-11-12 13:43:07,991 INFO  EvoClassLoader - Instrumenting class 'org.bouncycastle.jcajce.provider.digest.SHA512$HashMacT256'.
2024-11-12 13:43:07,991 INFO  MethodCallReplacementClassAdapter - Adding mock interface to class org/bouncycastle/jcajce/provider/digest/SHA512$HashMacT256
2024-11-12 13:43:07,991 INFO  CreateClassResetClassAdapter - Creating brand-new static initializer in class org/bouncycastle/jcajce/provider/digest/SHA512$HashMacT256
2024-11-12 13:43:07,991 INFO  EvoClassLoader - Keeping class: org.bouncycastle.jcajce.provider.digest.SHA512$HashMacT256
2024-11-12 13:43:07,991 INFO  EvoClassLoader - Seeing class for first time: org.bouncycastle.jcajce.provider.digest.SHA512$KeyGenerator
2024-11-12 13:43:07,991 INFO  EvoClassLoader - Instrumenting class 'org.bouncycastle.jcajce.provider.digest.SHA512$KeyGenerator'.
2024-11-12 13:43:07,991 INFO  MethodCallReplacementClassAdapter - Adding mock interface to class org/bouncycastle/jcajce/provider/digest/SHA512$KeyGenerator
2024-11-12 13:43:07,991 INFO  CreateClassResetClassAdapter - Creating brand-new static initializer in class org/bouncycastle/jcajce/provider/digest/SHA512$KeyGenerator
2024-11-12 13:43:07,991 INFO  EvoClassLoader - Keeping class: org.bouncycastle.jcajce.provider.digest.SHA512$KeyGenerator
2024-11-12 13:43:07,991 INFO  EvoClassLoader - Seeing class for first time: org.bouncycastle.jcajce.provider.digest.SHA512$KeyGeneratorT224
2024-11-12 13:43:07,991 INFO  EvoClassLoader - Instrumenting class 'org.bouncycastle.jcajce.provider.digest.SHA512$KeyGeneratorT224'.
2024-11-12 13:43:07,991 INFO  MethodCallReplacementClassAdapter - Adding mock interface to class org/bouncycastle/jcajce/provider/digest/SHA512$KeyGeneratorT224
2024-11-12 13:43:07,991 INFO  CreateClassResetClassAdapter - Creating brand-new static initializer in class org/bouncycastle/jcajce/provider/digest/SHA512$KeyGeneratorT224
2024-11-12 13:43:07,991 INFO  EvoClassLoader - Keeping class: org.bouncycastle.jcajce.provider.digest.SHA512$KeyGeneratorT224
2024-11-12 13:43:07,991 INFO  EvoClassLoader - Seeing class for first time: org.bouncycastle.jcajce.provider.digest.SHA512$KeyGeneratorT256
2024-11-12 13:43:07,991 INFO  EvoClassLoader - Instrumenting class 'org.bouncycastle.jcajce.provider.digest.SHA512$KeyGeneratorT256'.
2024-11-12 13:43:07,991 INFO  MethodCallReplacementClassAdapter - Adding mock interface to class org/bouncycastle/jcajce/provider/digest/SHA512$KeyGeneratorT256
2024-11-12 13:43:07,991 INFO  CreateClassResetClassAdapter - Creating brand-new static initializer in class org/bouncycastle/jcajce/provider/digest/SHA512$KeyGeneratorT256
2024-11-12 13:43:07,992 INFO  EvoClassLoader - Keeping class: org.bouncycastle.jcajce.provider.digest.SHA512$KeyGeneratorT256
2024-11-12 13:43:07,992 INFO  EvoClassLoader - Seeing class for first time: org.bouncycastle.jcajce.provider.digest.SHA3$Mappings
2024-11-12 13:43:07,992 INFO  EvoClassLoader - Instrumenting class 'org.bouncycastle.jcajce.provider.digest.SHA3$Mappings'.
2024-11-12 13:43:07,992 INFO  MethodCallReplacementClassAdapter - Adding mock interface to class org/bouncycastle/jcajce/provider/digest/SHA3$Mappings
2024-11-12 13:43:07,992 INFO  CreateClassResetClassAdapter - Found static initializer in class org/bouncycastle/jcajce/provider/digest/SHA3$Mappings
2024-11-12 13:43:07,992 INFO  EvoClassLoader - Keeping class: org.bouncycastle.jcajce.provider.digest.SHA3$Mappings
2024-11-12 13:43:07,992 INFO  EvoClassLoader - Seeing class for first time: org.bouncycastle.jcajce.provider.digest.SHA3
2024-11-12 13:43:07,992 INFO  EvoClassLoader - Instrumenting class 'org.bouncycastle.jcajce.provider.digest.SHA3'.
2024-11-12 13:43:07,993 INFO  MethodCallReplacementClassAdapter - Adding mock interface to class org/bouncycastle/jcajce/provider/digest/SHA3
2024-11-12 13:43:07,993 INFO  CreateClassResetClassAdapter - Creating brand-new static initializer in class org/bouncycastle/jcajce/provider/digest/SHA3
2024-11-12 13:43:07,993 INFO  EvoClassLoader - Keeping class: org.bouncycastle.jcajce.provider.digest.SHA3
2024-11-12 13:43:07,993 INFO  EvoClassLoader - Seeing class for first time: org.bouncycastle.jcajce.provider.digest.SHA3$Digest224
2024-11-12 13:43:07,993 INFO  EvoClassLoader - Instrumenting class 'org.bouncycastle.jcajce.provider.digest.SHA3$Digest224'.
2024-11-12 13:43:07,993 INFO  MethodCallReplacementClassAdapter - Adding mock interface to class org/bouncycastle/jcajce/provider/digest/SHA3$Digest224
2024-11-12 13:43:07,993 INFO  CreateClassResetClassAdapter - Creating brand-new static initializer in class org/bouncycastle/jcajce/provider/digest/SHA3$Digest224
2024-11-12 13:43:07,993 INFO  EvoClassLoader - Seeing class for first time: org.bouncycastle.jcajce.provider.digest.SHA3$DigestSHA3
2024-11-12 13:43:07,993 INFO  EvoClassLoader - Instrumenting class 'org.bouncycastle.jcajce.provider.digest.SHA3$DigestSHA3'.
2024-11-12 13:43:07,994 INFO  MethodCallReplacementClassAdapter - Adding mock interface to class org/bouncycastle/jcajce/provider/digest/SHA3$DigestSHA3
2024-11-12 13:43:07,994 INFO  CreateClassResetClassAdapter - Creating brand-new static initializer in class org/bouncycastle/jcajce/provider/digest/SHA3$DigestSHA3
2024-11-12 13:43:07,994 INFO  EvoClassLoader - Keeping class: org.bouncycastle.jcajce.provider.digest.SHA3$DigestSHA3
2024-11-12 13:43:07,994 INFO  EvoClassLoader - Keeping class: org.bouncycastle.jcajce.provider.digest.SHA3$Digest224
2024-11-12 13:43:07,994 INFO  EvoClassLoader - Seeing class for first time: org.bouncycastle.jcajce.provider.digest.SHA3$Digest256
2024-11-12 13:43:07,994 INFO  EvoClassLoader - Instrumenting class 'org.bouncycastle.jcajce.provider.digest.SHA3$Digest256'.
2024-11-12 13:43:07,994 INFO  MethodCallReplacementClassAdapter - Adding mock interface to class org/bouncycastle/jcajce/provider/digest/SHA3$Digest256
2024-11-12 13:43:07,994 INFO  CreateClassResetClassAdapter - Creating brand-new static initializer in class org/bouncycastle/jcajce/provider/digest/SHA3$Digest256
2024-11-12 13:43:07,994 INFO  EvoClassLoader - Keeping class: org.bouncycastle.jcajce.provider.digest.SHA3$Digest256
2024-11-12 13:43:07,994 INFO  EvoClassLoader - Seeing class for first time: org.bouncycastle.jcajce.provider.digest.SHA3$Digest384
2024-11-12 13:43:07,994 INFO  EvoClassLoader - Instrumenting class 'org.bouncycastle.jcajce.provider.digest.SHA3$Digest384'.
2024-11-12 13:43:07,995 INFO  MethodCallReplacementClassAdapter - Adding mock interface to class org/bouncycastle/jcajce/provider/digest/SHA3$Digest384
2024-11-12 13:43:07,995 INFO  CreateClassResetClassAdapter - Creating brand-new static initializer in class org/bouncycastle/jcajce/provider/digest/SHA3$Digest384
2024-11-12 13:43:07,995 INFO  EvoClassLoader - Keeping class: org.bouncycastle.jcajce.provider.digest.SHA3$Digest384
2024-11-12 13:43:07,995 INFO  EvoClassLoader - Seeing class for first time: org.bouncycastle.jcajce.provider.digest.SHA3$Digest512
2024-11-12 13:43:07,995 INFO  EvoClassLoader - Instrumenting class 'org.bouncycastle.jcajce.provider.digest.SHA3$Digest512'.
2024-11-12 13:43:07,995 INFO  MethodCallReplacementClassAdapter - Adding mock interface to class org/bouncycastle/jcajce/provider/digest/SHA3$Digest512
2024-11-12 13:43:07,996 INFO  CreateClassResetClassAdapter - Creating brand-new static initializer in class org/bouncycastle/jcajce/provider/digest/SHA3$Digest512
2024-11-12 13:43:07,996 INFO  EvoClassLoader - Keeping class: org.bouncycastle.jcajce.provider.digest.SHA3$Digest512
2024-11-12 13:43:07,996 INFO  EvoClassLoader - Seeing class for first time: org.bouncycastle.jcajce.provider.digest.SHA3$DigestSHAKE
2024-11-12 13:43:07,996 INFO  EvoClassLoader - Instrumenting class 'org.bouncycastle.jcajce.provider.digest.SHA3$DigestSHAKE'.
2024-11-12 13:43:07,996 INFO  MethodCallReplacementClassAdapter - Adding mock interface to class org/bouncycastle/jcajce/provider/digest/SHA3$DigestSHAKE
2024-11-12 13:43:07,996 INFO  CreateClassResetClassAdapter - Creating brand-new static initializer in class org/bouncycastle/jcajce/provider/digest/SHA3$DigestSHAKE
2024-11-12 13:43:07,996 INFO  EvoClassLoader - Keeping class: org.bouncycastle.jcajce.provider.digest.SHA3$DigestSHAKE
2024-11-12 13:43:07,996 INFO  EvoClassLoader - Seeing class for first time: org.bouncycastle.jcajce.provider.digest.SHA3$DigestShake128_256
2024-11-12 13:43:07,996 INFO  EvoClassLoader - Instrumenting class 'org.bouncycastle.jcajce.provider.digest.SHA3$DigestShake128_256'.
2024-11-12 13:43:07,997 INFO  MethodCallReplacementClassAdapter - Adding mock interface to class org/bouncycastle/jcajce/provider/digest/SHA3$DigestShake128_256
2024-11-12 13:43:07,997 INFO  CreateClassResetClassAdapter - Creating brand-new static initializer in class org/bouncycastle/jcajce/provider/digest/SHA3$DigestShake128_256
2024-11-12 13:43:07,997 INFO  EvoClassLoader - Keeping class: org.bouncycastle.jcajce.provider.digest.SHA3$DigestShake128_256
2024-11-12 13:43:07,997 INFO  EvoClassLoader - Seeing class for first time: org.bouncycastle.jcajce.provider.digest.SHA3$DigestShake256_512
2024-11-12 13:43:07,997 INFO  EvoClassLoader - Instrumenting class 'org.bouncycastle.jcajce.provider.digest.SHA3$DigestShake256_512'.
2024-11-12 13:43:07,997 INFO  MethodCallReplacementClassAdapter - Adding mock interface to class org/bouncycastle/jcajce/provider/digest/SHA3$DigestShake256_512
2024-11-12 13:43:07,997 INFO  CreateClassResetClassAdapter - Creating brand-new static initializer in class org/bouncycastle/jcajce/provider/digest/SHA3$DigestShake256_512
2024-11-12 13:43:07,997 INFO  EvoClassLoader - Keeping class: org.bouncycastle.jcajce.provider.digest.SHA3$DigestShake256_512
2024-11-12 13:43:07,997 INFO  EvoClassLoader - Seeing class for first time: org.bouncycastle.jcajce.provider.digest.SHA3$HashMac224
2024-11-12 13:43:07,997 INFO  EvoClassLoader - Instrumenting class 'org.bouncycastle.jcajce.provider.digest.SHA3$HashMac224'.
2024-11-12 13:43:07,998 INFO  MethodCallReplacementClassAdapter - Adding mock interface to class org/bouncycastle/jcajce/provider/digest/SHA3$HashMac224
2024-11-12 13:43:07,998 INFO  CreateClassResetClassAdapter - Creating brand-new static initializer in class org/bouncycastle/jcajce/provider/digest/SHA3$HashMac224
2024-11-12 13:43:07,998 INFO  EvoClassLoader - Seeing class for first time: org.bouncycastle.jcajce.provider.digest.SHA3$HashMacSHA3
2024-11-12 13:43:07,998 INFO  EvoClassLoader - Instrumenting class 'org.bouncycastle.jcajce.provider.digest.SHA3$HashMacSHA3'.
2024-11-12 13:43:07,998 INFO  MethodCallReplacementClassAdapter - Adding mock interface to class org/bouncycastle/jcajce/provider/digest/SHA3$HashMacSHA3
2024-11-12 13:43:07,998 INFO  CreateClassResetClassAdapter - Creating brand-new static initializer in class org/bouncycastle/jcajce/provider/digest/SHA3$HashMacSHA3
2024-11-12 13:43:07,998 INFO  EvoClassLoader - Keeping class: org.bouncycastle.jcajce.provider.digest.SHA3$HashMacSHA3
2024-11-12 13:43:07,998 INFO  EvoClassLoader - Keeping class: org.bouncycastle.jcajce.provider.digest.SHA3$HashMac224
2024-11-12 13:43:07,998 INFO  EvoClassLoader - Seeing class for first time: org.bouncycastle.jcajce.provider.digest.SHA3$HashMac256
2024-11-12 13:43:07,998 INFO  EvoClassLoader - Instrumenting class 'org.bouncycastle.jcajce.provider.digest.SHA3$HashMac256'.
2024-11-12 13:43:07,998 INFO  MethodCallReplacementClassAdapter - Adding mock interface to class org/bouncycastle/jcajce/provider/digest/SHA3$HashMac256
2024-11-12 13:43:07,999 INFO  CreateClassResetClassAdapter - Creating brand-new static initializer in class org/bouncycastle/jcajce/provider/digest/SHA3$HashMac256
2024-11-12 13:43:07,999 INFO  EvoClassLoader - Keeping class: org.bouncycastle.jcajce.provider.digest.SHA3$HashMac256
2024-11-12 13:43:07,999 INFO  EvoClassLoader - Seeing class for first time: org.bouncycastle.jcajce.provider.digest.SHA3$HashMac384
2024-11-12 13:43:07,999 INFO  EvoClassLoader - Instrumenting class 'org.bouncycastle.jcajce.provider.digest.SHA3$HashMac384'.
2024-11-12 13:43:07,999 INFO  MethodCallReplacementClassAdapter - Adding mock interface to class org/bouncycastle/jcajce/provider/digest/SHA3$HashMac384
2024-11-12 13:43:07,999 INFO  CreateClassResetClassAdapter - Creating brand-new static initializer in class org/bouncycastle/jcajce/provider/digest/SHA3$HashMac384
2024-11-12 13:43:07,999 INFO  EvoClassLoader - Keeping class: org.bouncycastle.jcajce.provider.digest.SHA3$HashMac384
2024-11-12 13:43:08,000 INFO  EvoClassLoader - Seeing class for first time: org.bouncycastle.jcajce.provider.digest.SHA3$HashMac512
2024-11-12 13:43:08,000 INFO  EvoClassLoader - Instrumenting class 'org.bouncycastle.jcajce.provider.digest.SHA3$HashMac512'.
2024-11-12 13:43:08,000 INFO  MethodCallReplacementClassAdapter - Adding mock interface to class org/bouncycastle/jcajce/provider/digest/SHA3$HashMac512
2024-11-12 13:43:08,000 INFO  CreateClassResetClassAdapter - Creating brand-new static initializer in class org/bouncycastle/jcajce/provider/digest/SHA3$HashMac512
2024-11-12 13:43:08,000 INFO  EvoClassLoader - Keeping class: org.bouncycastle.jcajce.provider.digest.SHA3$HashMac512
2024-11-12 13:43:08,000 INFO  EvoClassLoader - Seeing class for first time: org.bouncycastle.jcajce.provider.digest.SHA3$KeyGenerator224
2024-11-12 13:43:08,000 INFO  EvoClassLoader - Instrumenting class 'org.bouncycastle.jcajce.provider.digest.SHA3$KeyGenerator224'.
2024-11-12 13:43:08,001 INFO  MethodCallReplacementClassAdapter - Adding mock interface to class org/bouncycastle/jcajce/provider/digest/SHA3$KeyGenerator224
2024-11-12 13:43:08,001 INFO  CreateClassResetClassAdapter - Creating brand-new static initializer in class org/bouncycastle/jcajce/provider/digest/SHA3$KeyGenerator224
2024-11-12 13:43:08,001 INFO  EvoClassLoader - Seeing class for first time: org.bouncycastle.jcajce.provider.digest.SHA3$KeyGeneratorSHA3
2024-11-12 13:43:08,001 INFO  EvoClassLoader - Instrumenting class 'org.bouncycastle.jcajce.provider.digest.SHA3$KeyGeneratorSHA3'.
2024-11-12 13:43:08,001 INFO  MethodCallReplacementClassAdapter - Adding mock interface to class org/bouncycastle/jcajce/provider/digest/SHA3$KeyGeneratorSHA3
2024-11-12 13:43:08,001 INFO  CreateClassResetClassAdapter - Creating brand-new static initializer in class org/bouncycastle/jcajce/provider/digest/SHA3$KeyGeneratorSHA3
2024-11-12 13:43:08,001 INFO  EvoClassLoader - Keeping class: org.bouncycastle.jcajce.provider.digest.SHA3$KeyGeneratorSHA3
2024-11-12 13:43:08,001 INFO  EvoClassLoader - Keeping class: org.bouncycastle.jcajce.provider.digest.SHA3$KeyGenerator224
2024-11-12 13:43:08,001 INFO  EvoClassLoader - Seeing class for first time: org.bouncycastle.jcajce.provider.digest.SHA3$KeyGenerator256
2024-11-12 13:43:08,001 INFO  EvoClassLoader - Instrumenting class 'org.bouncycastle.jcajce.provider.digest.SHA3$KeyGenerator256'.
2024-11-12 13:43:08,002 INFO  MethodCallReplacementClassAdapter - Adding mock interface to class org/bouncycastle/jcajce/provider/digest/SHA3$KeyGenerator256
2024-11-12 13:43:08,002 INFO  CreateClassResetClassAdapter - Creating brand-new static initializer in class org/bouncycastle/jcajce/provider/digest/SHA3$KeyGenerator256
2024-11-12 13:43:08,002 INFO  EvoClassLoader - Keeping class: org.bouncycastle.jcajce.provider.digest.SHA3$KeyGenerator256
2024-11-12 13:43:08,002 INFO  EvoClassLoader - Seeing class for first time: org.bouncycastle.jcajce.provider.digest.SHA3$KeyGenerator384
2024-11-12 13:43:08,002 INFO  EvoClassLoader - Instrumenting class 'org.bouncycastle.jcajce.provider.digest.SHA3$KeyGenerator384'.
2024-11-12 13:43:08,002 INFO  MethodCallReplacementClassAdapter - Adding mock interface to class org/bouncycastle/jcajce/provider/digest/SHA3$KeyGenerator384
2024-11-12 13:43:08,002 INFO  CreateClassResetClassAdapter - Creating brand-new static initializer in class org/bouncycastle/jcajce/provider/digest/SHA3$KeyGenerator384
2024-11-12 13:43:08,002 INFO  EvoClassLoader - Keeping class: org.bouncycastle.jcajce.provider.digest.SHA3$KeyGenerator384
2024-11-12 13:43:08,002 INFO  EvoClassLoader - Seeing class for first time: org.bouncycastle.jcajce.provider.digest.SHA3$KeyGenerator512
2024-11-12 13:43:08,002 INFO  EvoClassLoader - Instrumenting class 'org.bouncycastle.jcajce.provider.digest.SHA3$KeyGenerator512'.
2024-11-12 13:43:08,002 INFO  MethodCallReplacementClassAdapter - Adding mock interface to class org/bouncycastle/jcajce/provider/digest/SHA3$KeyGenerator512
2024-11-12 13:43:08,002 INFO  CreateClassResetClassAdapter - Creating brand-new static initializer in class org/bouncycastle/jcajce/provider/digest/SHA3$KeyGenerator512
2024-11-12 13:43:08,002 INFO  EvoClassLoader - Keeping class: org.bouncycastle.jcajce.provider.digest.SHA3$KeyGenerator512
2024-11-12 13:43:08,002 INFO  EvoClassLoader - Seeing class for first time: org.bouncycastle.jcajce.provider.digest.Skein$Mappings
2024-11-12 13:43:08,002 INFO  EvoClassLoader - Instrumenting class 'org.bouncycastle.jcajce.provider.digest.Skein$Mappings'.
2024-11-12 13:43:08,003 INFO  MethodCallReplacementClassAdapter - Adding mock interface to class org/bouncycastle/jcajce/provider/digest/Skein$Mappings
2024-11-12 13:43:08,003 INFO  CreateClassResetClassAdapter - Found static initializer in class org/bouncycastle/jcajce/provider/digest/Skein$Mappings
2024-11-12 13:43:08,003 INFO  EvoClassLoader - Keeping class: org.bouncycastle.jcajce.provider.digest.Skein$Mappings
2024-11-12 13:43:08,003 INFO  EvoClassLoader - Seeing class for first time: org.bouncycastle.jcajce.provider.digest.Skein
2024-11-12 13:43:08,003 INFO  EvoClassLoader - Instrumenting class 'org.bouncycastle.jcajce.provider.digest.Skein'.
2024-11-12 13:43:08,003 INFO  MethodCallReplacementClassAdapter - Adding mock interface to class org/bouncycastle/jcajce/provider/digest/Skein
2024-11-12 13:43:08,004 INFO  CreateClassResetClassAdapter - Creating brand-new static initializer in class org/bouncycastle/jcajce/provider/digest/Skein
2024-11-12 13:43:08,004 INFO  EvoClassLoader - Keeping class: org.bouncycastle.jcajce.provider.digest.Skein
2024-11-12 13:43:08,004 INFO  EvoClassLoader - Seeing class for first time: org.bouncycastle.jcajce.provider.digest.Skein$DigestSkein1024
2024-11-12 13:43:08,004 INFO  EvoClassLoader - Instrumenting class 'org.bouncycastle.jcajce.provider.digest.Skein$DigestSkein1024'.
2024-11-12 13:43:08,004 INFO  MethodCallReplacementClassAdapter - Adding mock interface to class org/bouncycastle/jcajce/provider/digest/Skein$DigestSkein1024
2024-11-12 13:43:08,004 INFO  CreateClassResetClassAdapter - Creating brand-new static initializer in class org/bouncycastle/jcajce/provider/digest/Skein$DigestSkein1024
2024-11-12 13:43:08,004 INFO  EvoClassLoader - Keeping class: org.bouncycastle.jcajce.provider.digest.Skein$DigestSkein1024
2024-11-12 13:43:08,004 INFO  EvoClassLoader - Seeing class for first time: org.bouncycastle.jcajce.provider.digest.Skein$DigestSkein256
2024-11-12 13:43:08,004 INFO  EvoClassLoader - Instrumenting class 'org.bouncycastle.jcajce.provider.digest.Skein$DigestSkein256'.
2024-11-12 13:43:08,005 INFO  MethodCallReplacementClassAdapter - Adding mock interface to class org/bouncycastle/jcajce/provider/digest/Skein$DigestSkein256
2024-11-12 13:43:08,005 INFO  CreateClassResetClassAdapter - Creating brand-new static initializer in class org/bouncycastle/jcajce/provider/digest/Skein$DigestSkein256
2024-11-12 13:43:08,005 INFO  EvoClassLoader - Keeping class: org.bouncycastle.jcajce.provider.digest.Skein$DigestSkein256
2024-11-12 13:43:08,005 INFO  EvoClassLoader - Seeing class for first time: org.bouncycastle.jcajce.provider.digest.Skein$DigestSkein512
2024-11-12 13:43:08,005 INFO  EvoClassLoader - Instrumenting class 'org.bouncycastle.jcajce.provider.digest.Skein$DigestSkein512'.
2024-11-12 13:43:08,005 INFO  MethodCallReplacementClassAdapter - Adding mock interface to class org/bouncycastle/jcajce/provider/digest/Skein$DigestSkein512
2024-11-12 13:43:08,005 INFO  CreateClassResetClassAdapter - Creating brand-new static initializer in class org/bouncycastle/jcajce/provider/digest/Skein$DigestSkein512
2024-11-12 13:43:08,005 INFO  EvoClassLoader - Keeping class: org.bouncycastle.jcajce.provider.digest.Skein$DigestSkein512
2024-11-12 13:43:08,005 INFO  EvoClassLoader - Seeing class for first time: org.bouncycastle.jcajce.provider.digest.Skein$Digest_1024_1024
2024-11-12 13:43:08,005 INFO  EvoClassLoader - Instrumenting class 'org.bouncycastle.jcajce.provider.digest.Skein$Digest_1024_1024'.
2024-11-12 13:43:08,005 INFO  MethodCallReplacementClassAdapter - Adding mock interface to class org/bouncycastle/jcajce/provider/digest/Skein$Digest_1024_1024
2024-11-12 13:43:08,005 INFO  CreateClassResetClassAdapter - Creating brand-new static initializer in class org/bouncycastle/jcajce/provider/digest/Skein$Digest_1024_1024
2024-11-12 13:43:08,005 INFO  EvoClassLoader - Keeping class: org.bouncycastle.jcajce.provider.digest.Skein$Digest_1024_1024
2024-11-12 13:43:08,005 INFO  EvoClassLoader - Seeing class for first time: org.bouncycastle.jcajce.provider.digest.Skein$Digest_1024_384
2024-11-12 13:43:08,005 INFO  EvoClassLoader - Instrumenting class 'org.bouncycastle.jcajce.provider.digest.Skein$Digest_1024_384'.
2024-11-12 13:43:08,005 INFO  MethodCallReplacementClassAdapter - Adding mock interface to class org/bouncycastle/jcajce/provider/digest/Skein$Digest_1024_384
2024-11-12 13:43:08,005 INFO  CreateClassResetClassAdapter - Creating brand-new static initializer in class org/bouncycastle/jcajce/provider/digest/Skein$Digest_1024_384
2024-11-12 13:43:08,005 INFO  EvoClassLoader - Keeping class: org.bouncycastle.jcajce.provider.digest.Skein$Digest_1024_384
2024-11-12 13:43:08,005 INFO  EvoClassLoader - Seeing class for first time: org.bouncycastle.jcajce.provider.digest.Skein$Digest_1024_512
2024-11-12 13:43:08,005 INFO  EvoClassLoader - Instrumenting class 'org.bouncycastle.jcajce.provider.digest.Skein$Digest_1024_512'.
2024-11-12 13:43:08,006 INFO  MethodCallReplacementClassAdapter - Adding mock interface to class org/bouncycastle/jcajce/provider/digest/Skein$Digest_1024_512
2024-11-12 13:43:08,006 INFO  CreateClassResetClassAdapter - Creating brand-new static initializer in class org/bouncycastle/jcajce/provider/digest/Skein$Digest_1024_512
2024-11-12 13:43:08,006 INFO  EvoClassLoader - Keeping class: org.bouncycastle.jcajce.provider.digest.Skein$Digest_1024_512
2024-11-12 13:43:08,006 INFO  EvoClassLoader - Seeing class for first time: org.bouncycastle.jcajce.provider.digest.Skein$Digest_256_128
2024-11-12 13:43:08,006 INFO  EvoClassLoader - Instrumenting class 'org.bouncycastle.jcajce.provider.digest.Skein$Digest_256_128'.
2024-11-12 13:43:08,006 INFO  MethodCallReplacementClassAdapter - Adding mock interface to class org/bouncycastle/jcajce/provider/digest/Skein$Digest_256_128
2024-11-12 13:43:08,006 INFO  CreateClassResetClassAdapter - Creating brand-new static initializer in class org/bouncycastle/jcajce/provider/digest/Skein$Digest_256_128
2024-11-12 13:43:08,006 INFO  EvoClassLoader - Keeping class: org.bouncycastle.jcajce.provider.digest.Skein$Digest_256_128
2024-11-12 13:43:08,006 INFO  EvoClassLoader - Seeing class for first time: org.bouncycastle.jcajce.provider.digest.Skein$Digest_256_160
2024-11-12 13:43:08,006 INFO  EvoClassLoader - Instrumenting class 'org.bouncycastle.jcajce.provider.digest.Skein$Digest_256_160'.
2024-11-12 13:43:08,006 INFO  MethodCallReplacementClassAdapter - Adding mock interface to class org/bouncycastle/jcajce/provider/digest/Skein$Digest_256_160
2024-11-12 13:43:08,006 INFO  CreateClassResetClassAdapter - Creating brand-new static initializer in class org/bouncycastle/jcajce/provider/digest/Skein$Digest_256_160
2024-11-12 13:43:08,006 INFO  EvoClassLoader - Keeping class: org.bouncycastle.jcajce.provider.digest.Skein$Digest_256_160
2024-11-12 13:43:08,006 INFO  EvoClassLoader - Seeing class for first time: org.bouncycastle.jcajce.provider.digest.Skein$Digest_256_224
2024-11-12 13:43:08,006 INFO  EvoClassLoader - Instrumenting class 'org.bouncycastle.jcajce.provider.digest.Skein$Digest_256_224'.
2024-11-12 13:43:08,006 INFO  MethodCallReplacementClassAdapter - Adding mock interface to class org/bouncycastle/jcajce/provider/digest/Skein$Digest_256_224
2024-11-12 13:43:08,006 INFO  CreateClassResetClassAdapter - Creating brand-new static initializer in class org/bouncycastle/jcajce/provider/digest/Skein$Digest_256_224
2024-11-12 13:43:08,006 INFO  EvoClassLoader - Keeping class: org.bouncycastle.jcajce.provider.digest.Skein$Digest_256_224
2024-11-12 13:43:08,006 INFO  EvoClassLoader - Seeing class for first time: org.bouncycastle.jcajce.provider.digest.Skein$Digest_256_256
2024-11-12 13:43:08,006 INFO  EvoClassLoader - Instrumenting class 'org.bouncycastle.jcajce.provider.digest.Skein$Digest_256_256'.
2024-11-12 13:43:08,006 INFO  MethodCallReplacementClassAdapter - Adding mock interface to class org/bouncycastle/jcajce/provider/digest/Skein$Digest_256_256
2024-11-12 13:43:08,006 INFO  CreateClassResetClassAdapter - Creating brand-new static initializer in class org/bouncycastle/jcajce/provider/digest/Skein$Digest_256_256
2024-11-12 13:43:08,006 INFO  EvoClassLoader - Keeping class: org.bouncycastle.jcajce.provider.digest.Skein$Digest_256_256
2024-11-12 13:43:08,006 INFO  EvoClassLoader - Seeing class for first time: org.bouncycastle.jcajce.provider.digest.Skein$Digest_512_128
2024-11-12 13:43:08,006 INFO  EvoClassLoader - Instrumenting class 'org.bouncycastle.jcajce.provider.digest.Skein$Digest_512_128'.
2024-11-12 13:43:08,007 INFO  MethodCallReplacementClassAdapter - Adding mock interface to class org/bouncycastle/jcajce/provider/digest/Skein$Digest_512_128
2024-11-12 13:43:08,007 INFO  CreateClassResetClassAdapter - Creating brand-new static initializer in class org/bouncycastle/jcajce/provider/digest/Skein$Digest_512_128
2024-11-12 13:43:08,007 INFO  EvoClassLoader - Keeping class: org.bouncycastle.jcajce.provider.digest.Skein$Digest_512_128
2024-11-12 13:43:08,007 INFO  EvoClassLoader - Seeing class for first time: org.bouncycastle.jcajce.provider.digest.Skein$Digest_512_160
2024-11-12 13:43:08,007 INFO  EvoClassLoader - Instrumenting class 'org.bouncycastle.jcajce.provider.digest.Skein$Digest_512_160'.
2024-11-12 13:43:08,007 INFO  MethodCallReplacementClassAdapter - Adding mock interface to class org/bouncycastle/jcajce/provider/digest/Skein$Digest_512_160
2024-11-12 13:43:08,007 INFO  CreateClassResetClassAdapter - Creating brand-new static initializer in class org/bouncycastle/jcajce/provider/digest/Skein$Digest_512_160
2024-11-12 13:43:08,007 INFO  EvoClassLoader - Keeping class: org.bouncycastle.jcajce.provider.digest.Skein$Digest_512_160
2024-11-12 13:43:08,007 INFO  EvoClassLoader - Seeing class for first time: org.bouncycastle.jcajce.provider.digest.Skein$Digest_512_224
2024-11-12 13:43:08,007 INFO  EvoClassLoader - Instrumenting class 'org.bouncycastle.jcajce.provider.digest.Skein$Digest_512_224'.
2024-11-12 13:43:08,008 INFO  MethodCallReplacementClassAdapter - Adding mock interface to class org/bouncycastle/jcajce/provider/digest/Skein$Digest_512_224
2024-11-12 13:43:08,008 INFO  CreateClassResetClassAdapter - Creating brand-new static initializer in class org/bouncycastle/jcajce/provider/digest/Skein$Digest_512_224
2024-11-12 13:43:08,008 INFO  EvoClassLoader - Keeping class: org.bouncycastle.jcajce.provider.digest.Skein$Digest_512_224
2024-11-12 13:43:08,008 INFO  EvoClassLoader - Seeing class for first time: org.bouncycastle.jcajce.provider.digest.Skein$Digest_512_256
2024-11-12 13:43:08,008 INFO  EvoClassLoader - Instrumenting class 'org.bouncycastle.jcajce.provider.digest.Skein$Digest_512_256'.
2024-11-12 13:43:08,008 INFO  MethodCallReplacementClassAdapter - Adding mock interface to class org/bouncycastle/jcajce/provider/digest/Skein$Digest_512_256
2024-11-12 13:43:08,008 INFO  CreateClassResetClassAdapter - Creating brand-new static initializer in class org/bouncycastle/jcajce/provider/digest/Skein$Digest_512_256
2024-11-12 13:43:08,008 INFO  EvoClassLoader - Keeping class: org.bouncycastle.jcajce.provider.digest.Skein$Digest_512_256
2024-11-12 13:43:08,008 INFO  EvoClassLoader - Seeing class for first time: org.bouncycastle.jcajce.provider.digest.Skein$Digest_512_384
2024-11-12 13:43:08,008 INFO  EvoClassLoader - Instrumenting class 'org.bouncycastle.jcajce.provider.digest.Skein$Digest_512_384'.
2024-11-12 13:43:08,008 INFO  MethodCallReplacementClassAdapter - Adding mock interface to class org/bouncycastle/jcajce/provider/digest/Skein$Digest_512_384
2024-11-12 13:43:08,008 INFO  CreateClassResetClassAdapter - Creating brand-new static initializer in class org/bouncycastle/jcajce/provider/digest/Skein$Digest_512_384
2024-11-12 13:43:08,008 INFO  EvoClassLoader - Keeping class: org.bouncycastle.jcajce.provider.digest.Skein$Digest_512_384
2024-11-12 13:43:08,008 INFO  EvoClassLoader - Seeing class for first time: org.bouncycastle.jcajce.provider.digest.Skein$Digest_512_512
2024-11-12 13:43:08,008 INFO  EvoClassLoader - Instrumenting class 'org.bouncycastle.jcajce.provider.digest.Skein$Digest_512_512'.
2024-11-12 13:43:08,008 INFO  MethodCallReplacementClassAdapter - Adding mock interface to class org/bouncycastle/jcajce/provider/digest/Skein$Digest_512_512
2024-11-12 13:43:08,008 INFO  CreateClassResetClassAdapter - Creating brand-new static initializer in class org/bouncycastle/jcajce/provider/digest/Skein$Digest_512_512
2024-11-12 13:43:08,009 INFO  EvoClassLoader - Keeping class: org.bouncycastle.jcajce.provider.digest.Skein$Digest_512_512
2024-11-12 13:43:08,009 INFO  EvoClassLoader - Seeing class for first time: org.bouncycastle.jcajce.provider.digest.Skein$HMacKeyGenerator_1024_1024
2024-11-12 13:43:08,009 INFO  EvoClassLoader - Instrumenting class 'org.bouncycastle.jcajce.provider.digest.Skein$HMacKeyGenerator_1024_1024'.
2024-11-12 13:43:08,009 INFO  MethodCallReplacementClassAdapter - Adding mock interface to class org/bouncycastle/jcajce/provider/digest/Skein$HMacKeyGenerator_1024_1024
2024-11-12 13:43:08,009 INFO  CreateClassResetClassAdapter - Creating brand-new static initializer in class org/bouncycastle/jcajce/provider/digest/Skein$HMacKeyGenerator_1024_1024
2024-11-12 13:43:08,009 INFO  EvoClassLoader - Keeping class: org.bouncycastle.jcajce.provider.digest.Skein$HMacKeyGenerator_1024_1024
2024-11-12 13:43:08,009 INFO  EvoClassLoader - Seeing class for first time: org.bouncycastle.jcajce.provider.digest.Skein$HMacKeyGenerator_1024_384
2024-11-12 13:43:08,009 INFO  EvoClassLoader - Instrumenting class 'org.bouncycastle.jcajce.provider.digest.Skein$HMacKeyGenerator_1024_384'.
2024-11-12 13:43:08,009 INFO  MethodCallReplacementClassAdapter - Adding mock interface to class org/bouncycastle/jcajce/provider/digest/Skein$HMacKeyGenerator_1024_384
2024-11-12 13:43:08,009 INFO  CreateClassResetClassAdapter - Creating brand-new static initializer in class org/bouncycastle/jcajce/provider/digest/Skein$HMacKeyGenerator_1024_384
2024-11-12 13:43:08,009 INFO  EvoClassLoader - Keeping class: org.bouncycastle.jcajce.provider.digest.Skein$HMacKeyGenerator_1024_384
2024-11-12 13:43:08,009 INFO  EvoClassLoader - Seeing class for first time: org.bouncycastle.jcajce.provider.digest.Skein$HMacKeyGenerator_1024_512
2024-11-12 13:43:08,009 INFO  EvoClassLoader - Instrumenting class 'org.bouncycastle.jcajce.provider.digest.Skein$HMacKeyGenerator_1024_512'.
2024-11-12 13:43:08,009 INFO  MethodCallReplacementClassAdapter - Adding mock interface to class org/bouncycastle/jcajce/provider/digest/Skein$HMacKeyGenerator_1024_512
2024-11-12 13:43:08,009 INFO  CreateClassResetClassAdapter - Creating brand-new static initializer in class org/bouncycastle/jcajce/provider/digest/Skein$HMacKeyGenerator_1024_512
2024-11-12 13:43:08,009 INFO  EvoClassLoader - Keeping class: org.bouncycastle.jcajce.provider.digest.Skein$HMacKeyGenerator_1024_512
2024-11-12 13:43:08,009 INFO  EvoClassLoader - Seeing class for first time: org.bouncycastle.jcajce.provider.digest.Skein$HMacKeyGenerator_256_128
2024-11-12 13:43:08,009 INFO  EvoClassLoader - Instrumenting class 'org.bouncycastle.jcajce.provider.digest.Skein$HMacKeyGenerator_256_128'.
2024-11-12 13:43:08,010 INFO  MethodCallReplacementClassAdapter - Adding mock interface to class org/bouncycastle/jcajce/provider/digest/Skein$HMacKeyGenerator_256_128
2024-11-12 13:43:08,010 INFO  CreateClassResetClassAdapter - Creating brand-new static initializer in class org/bouncycastle/jcajce/provider/digest/Skein$HMacKeyGenerator_256_128
2024-11-12 13:43:08,010 INFO  EvoClassLoader - Keeping class: org.bouncycastle.jcajce.provider.digest.Skein$HMacKeyGenerator_256_128
2024-11-12 13:43:08,010 INFO  EvoClassLoader - Seeing class for first time: org.bouncycastle.jcajce.provider.digest.Skein$HMacKeyGenerator_256_160
2024-11-12 13:43:08,010 INFO  EvoClassLoader - Instrumenting class 'org.bouncycastle.jcajce.provider.digest.Skein$HMacKeyGenerator_256_160'.
2024-11-12 13:43:08,010 INFO  MethodCallReplacementClassAdapter - Adding mock interface to class org/bouncycastle/jcajce/provider/digest/Skein$HMacKeyGenerator_256_160
2024-11-12 13:43:08,010 INFO  CreateClassResetClassAdapter - Creating brand-new static initializer in class org/bouncycastle/jcajce/provider/digest/Skein$HMacKeyGenerator_256_160
2024-11-12 13:43:08,010 INFO  EvoClassLoader - Keeping class: org.bouncycastle.jcajce.provider.digest.Skein$HMacKeyGenerator_256_160
2024-11-12 13:43:08,010 INFO  EvoClassLoader - Seeing class for first time: org.bouncycastle.jcajce.provider.digest.Skein$HMacKeyGenerator_256_224
2024-11-12 13:43:08,010 INFO  EvoClassLoader - Instrumenting class 'org.bouncycastle.jcajce.provider.digest.Skein$HMacKeyGenerator_256_224'.
2024-11-12 13:43:08,011 INFO  MethodCallReplacementClassAdapter - Adding mock interface to class org/bouncycastle/jcajce/provider/digest/Skein$HMacKeyGenerator_256_224
2024-11-12 13:43:08,011 INFO  CreateClassResetClassAdapter - Creating brand-new static initializer in class org/bouncycastle/jcajce/provider/digest/Skein$HMacKeyGenerator_256_224
2024-11-12 13:43:08,011 INFO  EvoClassLoader - Keeping class: org.bouncycastle.jcajce.provider.digest.Skein$HMacKeyGenerator_256_224
2024-11-12 13:43:08,011 INFO  EvoClassLoader - Seeing class for first time: org.bouncycastle.jcajce.provider.digest.Skein$HMacKeyGenerator_256_256
2024-11-12 13:43:08,011 INFO  EvoClassLoader - Instrumenting class 'org.bouncycastle.jcajce.provider.digest.Skein$HMacKeyGenerator_256_256'.
2024-11-12 13:43:08,011 INFO  MethodCallReplacementClassAdapter - Adding mock interface to class org/bouncycastle/jcajce/provider/digest/Skein$HMacKeyGenerator_256_256
2024-11-12 13:43:08,011 INFO  CreateClassResetClassAdapter - Creating brand-new static initializer in class org/bouncycastle/jcajce/provider/digest/Skein$HMacKeyGenerator_256_256
2024-11-12 13:43:08,011 INFO  EvoClassLoader - Keeping class: org.bouncycastle.jcajce.provider.digest.Skein$HMacKeyGenerator_256_256
2024-11-12 13:43:08,011 INFO  EvoClassLoader - Seeing class for first time: org.bouncycastle.jcajce.provider.digest.Skein$HMacKeyGenerator_512_128
2024-11-12 13:43:08,011 INFO  EvoClassLoader - Instrumenting class 'org.bouncycastle.jcajce.provider.digest.Skein$HMacKeyGenerator_512_128'.
2024-11-12 13:43:08,012 INFO  MethodCallReplacementClassAdapter - Adding mock interface to class org/bouncycastle/jcajce/provider/digest/Skein$HMacKeyGenerator_512_128
2024-11-12 13:43:08,012 INFO  CreateClassResetClassAdapter - Creating brand-new static initializer in class org/bouncycastle/jcajce/provider/digest/Skein$HMacKeyGenerator_512_128
2024-11-12 13:43:08,012 INFO  EvoClassLoader - Keeping class: org.bouncycastle.jcajce.provider.digest.Skein$HMacKeyGenerator_512_128
2024-11-12 13:43:08,012 INFO  EvoClassLoader - Seeing class for first time: org.bouncycastle.jcajce.provider.digest.Skein$HMacKeyGenerator_512_160
2024-11-12 13:43:08,012 INFO  EvoClassLoader - Instrumenting class 'org.bouncycastle.jcajce.provider.digest.Skein$HMacKeyGenerator_512_160'.
2024-11-12 13:43:08,012 INFO  MethodCallReplacementClassAdapter - Adding mock interface to class org/bouncycastle/jcajce/provider/digest/Skein$HMacKeyGenerator_512_160
2024-11-12 13:43:08,012 INFO  CreateClassResetClassAdapter - Creating brand-new static initializer in class org/bouncycastle/jcajce/provider/digest/Skein$HMacKeyGenerator_512_160
2024-11-12 13:43:08,012 INFO  EvoClassLoader - Keeping class: org.bouncycastle.jcajce.provider.digest.Skein$HMacKeyGenerator_512_160
2024-11-12 13:43:08,012 INFO  EvoClassLoader - Seeing class for first time: org.bouncycastle.jcajce.provider.digest.Skein$HMacKeyGenerator_512_224
2024-11-12 13:43:08,012 INFO  EvoClassLoader - Instrumenting class 'org.bouncycastle.jcajce.provider.digest.Skein$HMacKeyGenerator_512_224'.
2024-11-12 13:43:08,013 INFO  MethodCallReplacementClassAdapter - Adding mock interface to class org/bouncycastle/jcajce/provider/digest/Skein$HMacKeyGenerator_512_224
2024-11-12 13:43:08,013 INFO  CreateClassResetClassAdapter - Creating brand-new static initializer in class org/bouncycastle/jcajce/provider/digest/Skein$HMacKeyGenerator_512_224
2024-11-12 13:43:08,013 INFO  EvoClassLoader - Keeping class: org.bouncycastle.jcajce.provider.digest.Skein$HMacKeyGenerator_512_224
2024-11-12 13:43:08,013 INFO  EvoClassLoader - Seeing class for first time: org.bouncycastle.jcajce.provider.digest.Skein$HMacKeyGenerator_512_256
2024-11-12 13:43:08,013 INFO  EvoClassLoader - Instrumenting class 'org.bouncycastle.jcajce.provider.digest.Skein$HMacKeyGenerator_512_256'.
2024-11-12 13:43:08,013 INFO  MethodCallReplacementClassAdapter - Adding mock interface to class org/bouncycastle/jcajce/provider/digest/Skein$HMacKeyGenerator_512_256
2024-11-12 13:43:08,013 INFO  CreateClassResetClassAdapter - Creating brand-new static initializer in class org/bouncycastle/jcajce/provider/digest/Skein$HMacKeyGenerator_512_256
2024-11-12 13:43:08,013 INFO  EvoClassLoader - Keeping class: org.bouncycastle.jcajce.provider.digest.Skein$HMacKeyGenerator_512_256
2024-11-12 13:43:08,013 INFO  EvoClassLoader - Seeing class for first time: org.bouncycastle.jcajce.provider.digest.Skein$HMacKeyGenerator_512_384
2024-11-12 13:43:08,013 INFO  EvoClassLoader - Instrumenting class 'org.bouncycastle.jcajce.provider.digest.Skein$HMacKeyGenerator_512_384'.
2024-11-12 13:43:08,014 INFO  MethodCallReplacementClassAdapter - Adding mock interface to class org/bouncycastle/jcajce/provider/digest/Skein$HMacKeyGenerator_512_384
2024-11-12 13:43:08,014 INFO  CreateClassResetClassAdapter - Creating brand-new static initializer in class org/bouncycastle/jcajce/provider/digest/Skein$HMacKeyGenerator_512_384
2024-11-12 13:43:08,014 INFO  EvoClassLoader - Keeping class: org.bouncycastle.jcajce.provider.digest.Skein$HMacKeyGenerator_512_384
2024-11-12 13:43:08,014 INFO  EvoClassLoader - Seeing class for first time: org.bouncycastle.jcajce.provider.digest.Skein$HMacKeyGenerator_512_512
2024-11-12 13:43:08,014 INFO  EvoClassLoader - Instrumenting class 'org.bouncycastle.jcajce.provider.digest.Skein$HMacKeyGenerator_512_512'.
2024-11-12 13:43:08,014 INFO  MethodCallReplacementClassAdapter - Adding mock interface to class org/bouncycastle/jcajce/provider/digest/Skein$HMacKeyGenerator_512_512
2024-11-12 13:43:08,014 INFO  CreateClassResetClassAdapter - Creating brand-new static initializer in class org/bouncycastle/jcajce/provider/digest/Skein$HMacKeyGenerator_512_512
2024-11-12 13:43:08,014 INFO  EvoClassLoader - Keeping class: org.bouncycastle.jcajce.provider.digest.Skein$HMacKeyGenerator_512_512
2024-11-12 13:43:08,014 INFO  EvoClassLoader - Seeing class for first time: org.bouncycastle.jcajce.provider.digest.Skein$HashMac_1024_1024
2024-11-12 13:43:08,014 INFO  EvoClassLoader - Instrumenting class 'org.bouncycastle.jcajce.provider.digest.Skein$HashMac_1024_1024'.
2024-11-12 13:43:08,014 INFO  MethodCallReplacementClassAdapter - Adding mock interface to class org/bouncycastle/jcajce/provider/digest/Skein$HashMac_1024_1024
2024-11-12 13:43:08,015 INFO  CreateClassResetClassAdapter - Creating brand-new static initializer in class org/bouncycastle/jcajce/provider/digest/Skein$HashMac_1024_1024
2024-11-12 13:43:08,015 INFO  EvoClassLoader - Keeping class: org.bouncycastle.jcajce.provider.digest.Skein$HashMac_1024_1024
2024-11-12 13:43:08,015 INFO  EvoClassLoader - Seeing class for first time: org.bouncycastle.jcajce.provider.digest.Skein$HashMac_1024_384
2024-11-12 13:43:08,015 INFO  EvoClassLoader - Instrumenting class 'org.bouncycastle.jcajce.provider.digest.Skein$HashMac_1024_384'.
2024-11-12 13:43:08,015 INFO  MethodCallReplacementClassAdapter - Adding mock interface to class org/bouncycastle/jcajce/provider/digest/Skein$HashMac_1024_384
2024-11-12 13:43:08,015 INFO  CreateClassResetClassAdapter - Creating brand-new static initializer in class org/bouncycastle/jcajce/provider/digest/Skein$HashMac_1024_384
2024-11-12 13:43:08,015 INFO  EvoClassLoader - Keeping class: org.bouncycastle.jcajce.provider.digest.Skein$HashMac_1024_384
2024-11-12 13:43:08,015 INFO  EvoClassLoader - Seeing class for first time: org.bouncycastle.jcajce.provider.digest.Skein$HashMac_1024_512
2024-11-12 13:43:08,015 INFO  EvoClassLoader - Instrumenting class 'org.bouncycastle.jcajce.provider.digest.Skein$HashMac_1024_512'.
2024-11-12 13:43:08,016 INFO  MethodCallReplacementClassAdapter - Adding mock interface to class org/bouncycastle/jcajce/provider/digest/Skein$HashMac_1024_512
2024-11-12 13:43:08,016 INFO  CreateClassResetClassAdapter - Creating brand-new static initializer in class org/bouncycastle/jcajce/provider/digest/Skein$HashMac_1024_512
2024-11-12 13:43:08,016 INFO  EvoClassLoader - Keeping class: org.bouncycastle.jcajce.provider.digest.Skein$HashMac_1024_512
2024-11-12 13:43:08,016 INFO  EvoClassLoader - Seeing class for first time: org.bouncycastle.jcajce.provider.digest.Skein$HashMac_256_128
2024-11-12 13:43:08,016 INFO  EvoClassLoader - Instrumenting class 'org.bouncycastle.jcajce.provider.digest.Skein$HashMac_256_128'.
2024-11-12 13:43:08,016 INFO  MethodCallReplacementClassAdapter - Adding mock interface to class org/bouncycastle/jcajce/provider/digest/Skein$HashMac_256_128
2024-11-12 13:43:08,016 INFO  CreateClassResetClassAdapter - Creating brand-new static initializer in class org/bouncycastle/jcajce/provider/digest/Skein$HashMac_256_128
2024-11-12 13:43:08,016 INFO  EvoClassLoader - Keeping class: org.bouncycastle.jcajce.provider.digest.Skein$HashMac_256_128
2024-11-12 13:43:08,016 INFO  EvoClassLoader - Seeing class for first time: org.bouncycastle.jcajce.provider.digest.Skein$HashMac_256_160
2024-11-12 13:43:08,016 INFO  EvoClassLoader - Instrumenting class 'org.bouncycastle.jcajce.provider.digest.Skein$HashMac_256_160'.
2024-11-12 13:43:08,016 INFO  MethodCallReplacementClassAdapter - Adding mock interface to class org/bouncycastle/jcajce/provider/digest/Skein$HashMac_256_160
2024-11-12 13:43:08,016 INFO  CreateClassResetClassAdapter - Creating brand-new static initializer in class org/bouncycastle/jcajce/provider/digest/Skein$HashMac_256_160
2024-11-12 13:43:08,016 INFO  EvoClassLoader - Keeping class: org.bouncycastle.jcajce.provider.digest.Skein$HashMac_256_160
2024-11-12 13:43:08,016 INFO  EvoClassLoader - Seeing class for first time: org.bouncycastle.jcajce.provider.digest.Skein$HashMac_256_224
2024-11-12 13:43:08,016 INFO  EvoClassLoader - Instrumenting class 'org.bouncycastle.jcajce.provider.digest.Skein$HashMac_256_224'.
2024-11-12 13:43:08,017 INFO  MethodCallReplacementClassAdapter - Adding mock interface to class org/bouncycastle/jcajce/provider/digest/Skein$HashMac_256_224
2024-11-12 13:43:08,017 INFO  CreateClassResetClassAdapter - Creating brand-new static initializer in class org/bouncycastle/jcajce/provider/digest/Skein$HashMac_256_224
2024-11-12 13:43:08,017 INFO  EvoClassLoader - Keeping class: org.bouncycastle.jcajce.provider.digest.Skein$HashMac_256_224
2024-11-12 13:43:08,017 INFO  EvoClassLoader - Seeing class for first time: org.bouncycastle.jcajce.provider.digest.Skein$HashMac_256_256
2024-11-12 13:43:08,017 INFO  EvoClassLoader - Instrumenting class 'org.bouncycastle.jcajce.provider.digest.Skein$HashMac_256_256'.
2024-11-12 13:43:08,017 INFO  MethodCallReplacementClassAdapter - Adding mock interface to class org/bouncycastle/jcajce/provider/digest/Skein$HashMac_256_256
2024-11-12 13:43:08,017 INFO  CreateClassResetClassAdapter - Creating brand-new static initializer in class org/bouncycastle/jcajce/provider/digest/Skein$HashMac_256_256
2024-11-12 13:43:08,018 INFO  EvoClassLoader - Keeping class: org.bouncycastle.jcajce.provider.digest.Skein$HashMac_256_256
2024-11-12 13:43:08,018 INFO  EvoClassLoader - Seeing class for first time: org.bouncycastle.jcajce.provider.digest.Skein$HashMac_512_128
2024-11-12 13:43:08,018 INFO  EvoClassLoader - Instrumenting class 'org.bouncycastle.jcajce.provider.digest.Skein$HashMac_512_128'.
2024-11-12 13:43:08,018 INFO  MethodCallReplacementClassAdapter - Adding mock interface to class org/bouncycastle/jcajce/provider/digest/Skein$HashMac_512_128
2024-11-12 13:43:08,018 INFO  CreateClassResetClassAdapter - Creating brand-new static initializer in class org/bouncycastle/jcajce/provider/digest/Skein$HashMac_512_128
2024-11-12 13:43:08,018 INFO  EvoClassLoader - Keeping class: org.bouncycastle.jcajce.provider.digest.Skein$HashMac_512_128
2024-11-12 13:43:08,018 INFO  EvoClassLoader - Seeing class for first time: org.bouncycastle.jcajce.provider.digest.Skein$HashMac_512_160
2024-11-12 13:43:08,018 INFO  EvoClassLoader - Instrumenting class 'org.bouncycastle.jcajce.provider.digest.Skein$HashMac_512_160'.
2024-11-12 13:43:08,018 INFO  MethodCallReplacementClassAdapter - Adding mock interface to class org/bouncycastle/jcajce/provider/digest/Skein$HashMac_512_160
2024-11-12 13:43:08,018 INFO  CreateClassResetClassAdapter - Creating brand-new static initializer in class org/bouncycastle/jcajce/provider/digest/Skein$HashMac_512_160
2024-11-12 13:43:08,018 INFO  EvoClassLoader - Keeping class: org.bouncycastle.jcajce.provider.digest.Skein$HashMac_512_160
2024-11-12 13:43:08,018 INFO  EvoClassLoader - Seeing class for first time: org.bouncycastle.jcajce.provider.digest.Skein$HashMac_512_224
2024-11-12 13:43:08,018 INFO  EvoClassLoader - Instrumenting class 'org.bouncycastle.jcajce.provider.digest.Skein$HashMac_512_224'.
2024-11-12 13:43:08,019 INFO  MethodCallReplacementClassAdapter - Adding mock interface to class org/bouncycastle/jcajce/provider/digest/Skein$HashMac_512_224
2024-11-12 13:43:08,019 INFO  CreateClassResetClassAdapter - Creating brand-new static initializer in class org/bouncycastle/jcajce/provider/digest/Skein$HashMac_512_224
2024-11-12 13:43:08,019 INFO  EvoClassLoader - Keeping class: org.bouncycastle.jcajce.provider.digest.Skein$HashMac_512_224
2024-11-12 13:43:08,019 INFO  EvoClassLoader - Seeing class for first time: org.bouncycastle.jcajce.provider.digest.Skein$HashMac_512_256
2024-11-12 13:43:08,019 INFO  EvoClassLoader - Instrumenting class 'org.bouncycastle.jcajce.provider.digest.Skein$HashMac_512_256'.
2024-11-12 13:43:08,019 INFO  MethodCallReplacementClassAdapter - Adding mock interface to class org/bouncycastle/jcajce/provider/digest/Skein$HashMac_512_256
2024-11-12 13:43:08,019 INFO  CreateClassResetClassAdapter - Creating brand-new static initializer in class org/bouncycastle/jcajce/provider/digest/Skein$HashMac_512_256
2024-11-12 13:43:08,019 INFO  EvoClassLoader - Keeping class: org.bouncycastle.jcajce.provider.digest.Skein$HashMac_512_256
2024-11-12 13:43:08,019 INFO  EvoClassLoader - Seeing class for first time: org.bouncycastle.jcajce.provider.digest.Skein$HashMac_512_384
2024-11-12 13:43:08,019 INFO  EvoClassLoader - Instrumenting class 'org.bouncycastle.jcajce.provider.digest.Skein$HashMac_512_384'.
2024-11-12 13:43:08,020 INFO  MethodCallReplacementClassAdapter - Adding mock interface to class org/bouncycastle/jcajce/provider/digest/Skein$HashMac_512_384
2024-11-12 13:43:08,020 INFO  CreateClassResetClassAdapter - Creating brand-new static initializer in class org/bouncycastle/jcajce/provider/digest/Skein$HashMac_512_384
2024-11-12 13:43:08,020 INFO  EvoClassLoader - Keeping class: org.bouncycastle.jcajce.provider.digest.Skein$HashMac_512_384
2024-11-12 13:43:08,020 INFO  EvoClassLoader - Seeing class for first time: org.bouncycastle.jcajce.provider.digest.Skein$HashMac_512_512
2024-11-12 13:43:08,020 INFO  EvoClassLoader - Instrumenting class 'org.bouncycastle.jcajce.provider.digest.Skein$HashMac_512_512'.
2024-11-12 13:43:08,020 INFO  MethodCallReplacementClassAdapter - Adding mock interface to class org/bouncycastle/jcajce/provider/digest/Skein$HashMac_512_512
2024-11-12 13:43:08,020 INFO  CreateClassResetClassAdapter - Creating brand-new static initializer in class org/bouncycastle/jcajce/provider/digest/Skein$HashMac_512_512
2024-11-12 13:43:08,020 INFO  EvoClassLoader - Keeping class: org.bouncycastle.jcajce.provider.digest.Skein$HashMac_512_512
2024-11-12 13:43:08,021 INFO  EvoClassLoader - Seeing class for first time: org.bouncycastle.jcajce.provider.digest.SM3$Mappings
2024-11-12 13:43:08,021 INFO  EvoClassLoader - Instrumenting class 'org.bouncycastle.jcajce.provider.digest.SM3$Mappings'.
2024-11-12 13:43:08,021 INFO  MethodCallReplacementClassAdapter - Adding mock interface to class org/bouncycastle/jcajce/provider/digest/SM3$Mappings
2024-11-12 13:43:08,021 INFO  CreateClassResetClassAdapter - Found static initializer in class org/bouncycastle/jcajce/provider/digest/SM3$Mappings
2024-11-12 13:43:08,021 INFO  EvoClassLoader - Keeping class: org.bouncycastle.jcajce.provider.digest.SM3$Mappings
2024-11-12 13:43:08,021 INFO  EvoClassLoader - Seeing class for first time: org.bouncycastle.jcajce.provider.digest.SM3
2024-11-12 13:43:08,021 INFO  EvoClassLoader - Instrumenting class 'org.bouncycastle.jcajce.provider.digest.SM3'.
2024-11-12 13:43:08,021 INFO  MethodCallReplacementClassAdapter - Adding mock interface to class org/bouncycastle/jcajce/provider/digest/SM3
2024-11-12 13:43:08,021 INFO  CreateClassResetClassAdapter - Creating brand-new static initializer in class org/bouncycastle/jcajce/provider/digest/SM3
2024-11-12 13:43:08,021 INFO  EvoClassLoader - Keeping class: org.bouncycastle.jcajce.provider.digest.SM3
2024-11-12 13:43:08,021 INFO  EvoClassLoader - Seeing class for first time: org.bouncycastle.jcajce.provider.digest.SM3$Digest
2024-11-12 13:43:08,021 INFO  EvoClassLoader - Instrumenting class 'org.bouncycastle.jcajce.provider.digest.SM3$Digest'.
2024-11-12 13:43:08,022 INFO  MethodCallReplacementClassAdapter - Adding mock interface to class org/bouncycastle/jcajce/provider/digest/SM3$Digest
2024-11-12 13:43:08,022 INFO  CreateClassResetClassAdapter - Creating brand-new static initializer in class org/bouncycastle/jcajce/provider/digest/SM3$Digest
2024-11-12 13:43:08,022 INFO  EvoClassLoader - Keeping class: org.bouncycastle.jcajce.provider.digest.SM3$Digest
2024-11-12 13:43:08,022 INFO  EvoClassLoader - Seeing class for first time: org.bouncycastle.jcajce.provider.digest.SM3$HashMac
2024-11-12 13:43:08,022 INFO  EvoClassLoader - Instrumenting class 'org.bouncycastle.jcajce.provider.digest.SM3$HashMac'.
2024-11-12 13:43:08,022 INFO  MethodCallReplacementClassAdapter - Adding mock interface to class org/bouncycastle/jcajce/provider/digest/SM3$HashMac
2024-11-12 13:43:08,022 INFO  CreateClassResetClassAdapter - Creating brand-new static initializer in class org/bouncycastle/jcajce/provider/digest/SM3$HashMac
2024-11-12 13:43:08,022 INFO  EvoClassLoader - Keeping class: org.bouncycastle.jcajce.provider.digest.SM3$HashMac
2024-11-12 13:43:08,022 INFO  EvoClassLoader - Seeing class for first time: org.bouncycastle.jcajce.provider.digest.SM3$KeyGenerator
2024-11-12 13:43:08,022 INFO  EvoClassLoader - Instrumenting class 'org.bouncycastle.jcajce.provider.digest.SM3$KeyGenerator'.
2024-11-12 13:43:08,023 INFO  MethodCallReplacementClassAdapter - Adding mock interface to class org/bouncycastle/jcajce/provider/digest/SM3$KeyGenerator
2024-11-12 13:43:08,023 INFO  CreateClassResetClassAdapter - Creating brand-new static initializer in class org/bouncycastle/jcajce/provider/digest/SM3$KeyGenerator
2024-11-12 13:43:08,023 INFO  EvoClassLoader - Keeping class: org.bouncycastle.jcajce.provider.digest.SM3$KeyGenerator
2024-11-12 13:43:08,023 INFO  EvoClassLoader - Seeing class for first time: org.bouncycastle.asn1.gm.GMObjectIdentifiers
2024-11-12 13:43:08,023 INFO  EvoClassLoader - Instrumenting class 'org.bouncycastle.asn1.gm.GMObjectIdentifiers'.
2024-11-12 13:43:08,024 INFO  EvoClassLoader - Defined package (3): package org.bouncycastle.asn1.gm, 1905443759
2024-11-12 13:43:08,024 INFO  EvoClassLoader - Keeping class: org.bouncycastle.asn1.gm.GMObjectIdentifiers
2024-11-12 13:43:08,024 INFO  EvoClassLoader - Seeing class for first time: org.bouncycastle.jcajce.provider.digest.Tiger$Mappings
2024-11-12 13:43:08,024 INFO  EvoClassLoader - Instrumenting class 'org.bouncycastle.jcajce.provider.digest.Tiger$Mappings'.
2024-11-12 13:43:08,024 INFO  MethodCallReplacementClassAdapter - Adding mock interface to class org/bouncycastle/jcajce/provider/digest/Tiger$Mappings
2024-11-12 13:43:08,024 INFO  CreateClassResetClassAdapter - Found static initializer in class org/bouncycastle/jcajce/provider/digest/Tiger$Mappings
2024-11-12 13:43:08,025 INFO  EvoClassLoader - Keeping class: org.bouncycastle.jcajce.provider.digest.Tiger$Mappings
2024-11-12 13:43:08,025 INFO  EvoClassLoader - Seeing class for first time: org.bouncycastle.jcajce.provider.digest.Tiger
2024-11-12 13:43:08,025 INFO  EvoClassLoader - Instrumenting class 'org.bouncycastle.jcajce.provider.digest.Tiger'.
2024-11-12 13:43:08,025 INFO  MethodCallReplacementClassAdapter - Adding mock interface to class org/bouncycastle/jcajce/provider/digest/Tiger
2024-11-12 13:43:08,025 INFO  CreateClassResetClassAdapter - Creating brand-new static initializer in class org/bouncycastle/jcajce/provider/digest/Tiger
2024-11-12 13:43:08,025 INFO  EvoClassLoader - Keeping class: org.bouncycastle.jcajce.provider.digest.Tiger
2024-11-12 13:43:08,025 INFO  EvoClassLoader - Seeing class for first time: org.bouncycastle.jcajce.provider.digest.Tiger$Digest
2024-11-12 13:43:08,025 INFO  EvoClassLoader - Instrumenting class 'org.bouncycastle.jcajce.provider.digest.Tiger$Digest'.
2024-11-12 13:43:08,025 INFO  MethodCallReplacementClassAdapter - Adding mock interface to class org/bouncycastle/jcajce/provider/digest/Tiger$Digest
2024-11-12 13:43:08,025 INFO  CreateClassResetClassAdapter - Creating brand-new static initializer in class org/bouncycastle/jcajce/provider/digest/Tiger$Digest
2024-11-12 13:43:08,026 INFO  EvoClassLoader - Keeping class: org.bouncycastle.jcajce.provider.digest.Tiger$Digest
2024-11-12 13:43:08,026 INFO  EvoClassLoader - Seeing class for first time: org.bouncycastle.jcajce.provider.digest.Tiger$HashMac
2024-11-12 13:43:08,026 INFO  EvoClassLoader - Instrumenting class 'org.bouncycastle.jcajce.provider.digest.Tiger$HashMac'.
2024-11-12 13:43:08,026 INFO  MethodCallReplacementClassAdapter - Adding mock interface to class org/bouncycastle/jcajce/provider/digest/Tiger$HashMac
2024-11-12 13:43:08,026 INFO  CreateClassResetClassAdapter - Creating brand-new static initializer in class org/bouncycastle/jcajce/provider/digest/Tiger$HashMac
2024-11-12 13:43:08,026 INFO  EvoClassLoader - Keeping class: org.bouncycastle.jcajce.provider.digest.Tiger$HashMac
2024-11-12 13:43:08,026 INFO  EvoClassLoader - Seeing class for first time: org.bouncycastle.jcajce.provider.digest.Tiger$KeyGenerator
2024-11-12 13:43:08,026 INFO  EvoClassLoader - Instrumenting class 'org.bouncycastle.jcajce.provider.digest.Tiger$KeyGenerator'.
2024-11-12 13:43:08,026 INFO  MethodCallReplacementClassAdapter - Adding mock interface to class org/bouncycastle/jcajce/provider/digest/Tiger$KeyGenerator
2024-11-12 13:43:08,026 INFO  CreateClassResetClassAdapter - Creating brand-new static initializer in class org/bouncycastle/jcajce/provider/digest/Tiger$KeyGenerator
2024-11-12 13:43:08,026 INFO  EvoClassLoader - Keeping class: org.bouncycastle.jcajce.provider.digest.Tiger$KeyGenerator
2024-11-12 13:43:08,026 INFO  EvoClassLoader - Seeing class for first time: org.bouncycastle.jcajce.provider.digest.Whirlpool$Mappings
2024-11-12 13:43:08,027 INFO  EvoClassLoader - Instrumenting class 'org.bouncycastle.jcajce.provider.digest.Whirlpool$Mappings'.
2024-11-12 13:43:08,027 INFO  MethodCallReplacementClassAdapter - Adding mock interface to class org/bouncycastle/jcajce/provider/digest/Whirlpool$Mappings
2024-11-12 13:43:08,027 INFO  CreateClassResetClassAdapter - Found static initializer in class org/bouncycastle/jcajce/provider/digest/Whirlpool$Mappings
2024-11-12 13:43:08,027 INFO  EvoClassLoader - Keeping class: org.bouncycastle.jcajce.provider.digest.Whirlpool$Mappings
2024-11-12 13:43:08,027 INFO  EvoClassLoader - Seeing class for first time: org.bouncycastle.jcajce.provider.digest.Whirlpool
2024-11-12 13:43:08,027 INFO  EvoClassLoader - Instrumenting class 'org.bouncycastle.jcajce.provider.digest.Whirlpool'.
2024-11-12 13:43:08,028 INFO  MethodCallReplacementClassAdapter - Adding mock interface to class org/bouncycastle/jcajce/provider/digest/Whirlpool
2024-11-12 13:43:08,028 INFO  CreateClassResetClassAdapter - Creating brand-new static initializer in class org/bouncycastle/jcajce/provider/digest/Whirlpool
2024-11-12 13:43:08,028 INFO  EvoClassLoader - Keeping class: org.bouncycastle.jcajce.provider.digest.Whirlpool
2024-11-12 13:43:08,028 INFO  EvoClassLoader - Seeing class for first time: org.bouncycastle.jcajce.provider.digest.Whirlpool$Digest
2024-11-12 13:43:08,029 INFO  EvoClassLoader - Instrumenting class 'org.bouncycastle.jcajce.provider.digest.Whirlpool$Digest'.
2024-11-12 13:43:08,029 INFO  MethodCallReplacementClassAdapter - Adding mock interface to class org/bouncycastle/jcajce/provider/digest/Whirlpool$Digest
2024-11-12 13:43:08,029 INFO  CreateClassResetClassAdapter - Creating brand-new static initializer in class org/bouncycastle/jcajce/provider/digest/Whirlpool$Digest
2024-11-12 13:43:08,029 INFO  EvoClassLoader - Keeping class: org.bouncycastle.jcajce.provider.digest.Whirlpool$Digest
2024-11-12 13:43:08,029 INFO  EvoClassLoader - Seeing class for first time: org.bouncycastle.jcajce.provider.digest.Whirlpool$HashMac
2024-11-12 13:43:08,029 INFO  EvoClassLoader - Instrumenting class 'org.bouncycastle.jcajce.provider.digest.Whirlpool$HashMac'.
2024-11-12 13:43:08,029 INFO  MethodCallReplacementClassAdapter - Adding mock interface to class org/bouncycastle/jcajce/provider/digest/Whirlpool$HashMac
2024-11-12 13:43:08,029 INFO  CreateClassResetClassAdapter - Creating brand-new static initializer in class org/bouncycastle/jcajce/provider/digest/Whirlpool$HashMac
2024-11-12 13:43:08,030 INFO  EvoClassLoader - Keeping class: org.bouncycastle.jcajce.provider.digest.Whirlpool$HashMac
2024-11-12 13:43:08,030 INFO  EvoClassLoader - Seeing class for first time: org.bouncycastle.jcajce.provider.digest.Whirlpool$KeyGenerator
2024-11-12 13:43:08,030 INFO  EvoClassLoader - Instrumenting class 'org.bouncycastle.jcajce.provider.digest.Whirlpool$KeyGenerator'.
2024-11-12 13:43:08,030 INFO  MethodCallReplacementClassAdapter - Adding mock interface to class org/bouncycastle/jcajce/provider/digest/Whirlpool$KeyGenerator
2024-11-12 13:43:08,030 INFO  CreateClassResetClassAdapter - Creating brand-new static initializer in class org/bouncycastle/jcajce/provider/digest/Whirlpool$KeyGenerator
2024-11-12 13:43:08,030 INFO  EvoClassLoader - Keeping class: org.bouncycastle.jcajce.provider.digest.Whirlpool$KeyGenerator
2024-11-12 13:43:08,030 INFO  EvoClassLoader - Seeing class for first time: org.bouncycastle.asn1.iso.ISOIECObjectIdentifiers
2024-11-12 13:43:08,030 INFO  EvoClassLoader - Instrumenting class 'org.bouncycastle.asn1.iso.ISOIECObjectIdentifiers'.
2024-11-12 13:43:08,031 INFO  EvoClassLoader - Defined package (3): package org.bouncycastle.asn1.iso, -1060783396
2024-11-12 13:43:08,031 INFO  EvoClassLoader - Keeping class: org.bouncycastle.asn1.iso.ISOIECObjectIdentifiers
2024-11-12 13:43:08,031 INFO  EvoClassLoader - Seeing class for first time: org.bouncycastle.jcajce.provider.digest.Blake2b$Mappings
2024-11-12 13:43:08,031 INFO  EvoClassLoader - Instrumenting class 'org.bouncycastle.jcajce.provider.digest.Blake2b$Mappings'.
2024-11-12 13:43:08,031 INFO  MethodCallReplacementClassAdapter - Adding mock interface to class org/bouncycastle/jcajce/provider/digest/Blake2b$Mappings
2024-11-12 13:43:08,031 INFO  CreateClassResetClassAdapter - Found static initializer in class org/bouncycastle/jcajce/provider/digest/Blake2b$Mappings
2024-11-12 13:43:08,032 INFO  EvoClassLoader - Keeping class: org.bouncycastle.jcajce.provider.digest.Blake2b$Mappings
2024-11-12 13:43:08,032 INFO  EvoClassLoader - Seeing class for first time: org.bouncycastle.jcajce.provider.digest.Blake2b
2024-11-12 13:43:08,032 INFO  EvoClassLoader - Instrumenting class 'org.bouncycastle.jcajce.provider.digest.Blake2b'.
2024-11-12 13:43:08,033 INFO  MethodCallReplacementClassAdapter - Adding mock interface to class org/bouncycastle/jcajce/provider/digest/Blake2b
2024-11-12 13:43:08,034 INFO  CreateClassResetClassAdapter - Creating brand-new static initializer in class org/bouncycastle/jcajce/provider/digest/Blake2b
2024-11-12 13:43:08,035 INFO  EvoClassLoader - Keeping class: org.bouncycastle.jcajce.provider.digest.Blake2b
2024-11-12 13:43:08,035 INFO  EvoClassLoader - Seeing class for first time: org.bouncycastle.jcajce.provider.digest.Blake2b$Blake2b160
2024-11-12 13:43:08,035 INFO  EvoClassLoader - Instrumenting class 'org.bouncycastle.jcajce.provider.digest.Blake2b$Blake2b160'.
2024-11-12 13:43:08,035 INFO  MethodCallReplacementClassAdapter - Adding mock interface to class org/bouncycastle/jcajce/provider/digest/Blake2b$Blake2b160
2024-11-12 13:43:08,036 INFO  CreateClassResetClassAdapter - Creating brand-new static initializer in class org/bouncycastle/jcajce/provider/digest/Blake2b$Blake2b160
2024-11-12 13:43:08,036 INFO  EvoClassLoader - Keeping class: org.bouncycastle.jcajce.provider.digest.Blake2b$Blake2b160
2024-11-12 13:43:08,036 INFO  EvoClassLoader - Seeing class for first time: org.bouncycastle.jcajce.provider.digest.Blake2b$Blake2b256
2024-11-12 13:43:08,036 INFO  EvoClassLoader - Instrumenting class 'org.bouncycastle.jcajce.provider.digest.Blake2b$Blake2b256'.
2024-11-12 13:43:08,036 INFO  MethodCallReplacementClassAdapter - Adding mock interface to class org/bouncycastle/jcajce/provider/digest/Blake2b$Blake2b256
2024-11-12 13:43:08,036 INFO  CreateClassResetClassAdapter - Creating brand-new static initializer in class org/bouncycastle/jcajce/provider/digest/Blake2b$Blake2b256
2024-11-12 13:43:08,036 INFO  EvoClassLoader - Keeping class: org.bouncycastle.jcajce.provider.digest.Blake2b$Blake2b256
2024-11-12 13:43:08,036 INFO  EvoClassLoader - Seeing class for first time: org.bouncycastle.jcajce.provider.digest.Blake2b$Blake2b384
2024-11-12 13:43:08,036 INFO  EvoClassLoader - Instrumenting class 'org.bouncycastle.jcajce.provider.digest.Blake2b$Blake2b384'.
2024-11-12 13:43:08,037 INFO  MethodCallReplacementClassAdapter - Adding mock interface to class org/bouncycastle/jcajce/provider/digest/Blake2b$Blake2b384
2024-11-12 13:43:08,037 INFO  CreateClassResetClassAdapter - Creating brand-new static initializer in class org/bouncycastle/jcajce/provider/digest/Blake2b$Blake2b384
2024-11-12 13:43:08,037 INFO  EvoClassLoader - Keeping class: org.bouncycastle.jcajce.provider.digest.Blake2b$Blake2b384
2024-11-12 13:43:08,037 INFO  EvoClassLoader - Seeing class for first time: org.bouncycastle.jcajce.provider.digest.Blake2b$Blake2b512
2024-11-12 13:43:08,037 INFO  EvoClassLoader - Instrumenting class 'org.bouncycastle.jcajce.provider.digest.Blake2b$Blake2b512'.
2024-11-12 13:43:08,037 INFO  MethodCallReplacementClassAdapter - Adding mock interface to class org/bouncycastle/jcajce/provider/digest/Blake2b$Blake2b512
2024-11-12 13:43:08,037 INFO  CreateClassResetClassAdapter - Creating brand-new static initializer in class org/bouncycastle/jcajce/provider/digest/Blake2b$Blake2b512
2024-11-12 13:43:08,037 INFO  EvoClassLoader - Keeping class: org.bouncycastle.jcajce.provider.digest.Blake2b$Blake2b512
2024-11-12 13:43:08,037 INFO  EvoClassLoader - Seeing class for first time: org.bouncycastle.asn1.misc.MiscObjectIdentifiers
2024-11-12 13:43:08,037 INFO  EvoClassLoader - Instrumenting class 'org.bouncycastle.asn1.misc.MiscObjectIdentifiers'.
2024-11-12 13:43:08,037 INFO  EvoClassLoader - Defined package (3): package org.bouncycastle.asn1.misc, 1475562869
2024-11-12 13:43:08,038 INFO  EvoClassLoader - Keeping class: org.bouncycastle.asn1.misc.MiscObjectIdentifiers
2024-11-12 13:43:08,038 INFO  EvoClassLoader - Seeing class for first time: org.bouncycastle.jcajce.provider.digest.Blake2s$Mappings
2024-11-12 13:43:08,038 INFO  EvoClassLoader - Instrumenting class 'org.bouncycastle.jcajce.provider.digest.Blake2s$Mappings'.
2024-11-12 13:43:08,038 INFO  MethodCallReplacementClassAdapter - Adding mock interface to class org/bouncycastle/jcajce/provider/digest/Blake2s$Mappings
2024-11-12 13:43:08,038 INFO  CreateClassResetClassAdapter - Found static initializer in class org/bouncycastle/jcajce/provider/digest/Blake2s$Mappings
2024-11-12 13:43:08,038 INFO  EvoClassLoader - Keeping class: org.bouncycastle.jcajce.provider.digest.Blake2s$Mappings
2024-11-12 13:43:08,038 INFO  EvoClassLoader - Seeing class for first time: org.bouncycastle.jcajce.provider.digest.Blake2s
2024-11-12 13:43:08,038 INFO  EvoClassLoader - Instrumenting class 'org.bouncycastle.jcajce.provider.digest.Blake2s'.
2024-11-12 13:43:08,038 INFO  MethodCallReplacementClassAdapter - Adding mock interface to class org/bouncycastle/jcajce/provider/digest/Blake2s
2024-11-12 13:43:08,038 INFO  CreateClassResetClassAdapter - Creating brand-new static initializer in class org/bouncycastle/jcajce/provider/digest/Blake2s
2024-11-12 13:43:08,038 INFO  EvoClassLoader - Keeping class: org.bouncycastle.jcajce.provider.digest.Blake2s
2024-11-12 13:43:08,038 INFO  EvoClassLoader - Seeing class for first time: org.bouncycastle.jcajce.provider.digest.Blake2s$Blake2s128
2024-11-12 13:43:08,038 INFO  EvoClassLoader - Instrumenting class 'org.bouncycastle.jcajce.provider.digest.Blake2s$Blake2s128'.
2024-11-12 13:43:08,039 INFO  MethodCallReplacementClassAdapter - Adding mock interface to class org/bouncycastle/jcajce/provider/digest/Blake2s$Blake2s128
2024-11-12 13:43:08,039 INFO  CreateClassResetClassAdapter - Creating brand-new static initializer in class org/bouncycastle/jcajce/provider/digest/Blake2s$Blake2s128
2024-11-12 13:43:08,039 INFO  EvoClassLoader - Keeping class: org.bouncycastle.jcajce.provider.digest.Blake2s$Blake2s128
2024-11-12 13:43:08,039 INFO  EvoClassLoader - Seeing class for first time: org.bouncycastle.jcajce.provider.digest.Blake2s$Blake2s160
2024-11-12 13:43:08,039 INFO  EvoClassLoader - Instrumenting class 'org.bouncycastle.jcajce.provider.digest.Blake2s$Blake2s160'.
2024-11-12 13:43:08,039 INFO  MethodCallReplacementClassAdapter - Adding mock interface to class org/bouncycastle/jcajce/provider/digest/Blake2s$Blake2s160
2024-11-12 13:43:08,039 INFO  CreateClassResetClassAdapter - Creating brand-new static initializer in class org/bouncycastle/jcajce/provider/digest/Blake2s$Blake2s160
2024-11-12 13:43:08,039 INFO  EvoClassLoader - Keeping class: org.bouncycastle.jcajce.provider.digest.Blake2s$Blake2s160
2024-11-12 13:43:08,039 INFO  EvoClassLoader - Seeing class for first time: org.bouncycastle.jcajce.provider.digest.Blake2s$Blake2s224
2024-11-12 13:43:08,039 INFO  EvoClassLoader - Instrumenting class 'org.bouncycastle.jcajce.provider.digest.Blake2s$Blake2s224'.
2024-11-12 13:43:08,039 INFO  MethodCallReplacementClassAdapter - Adding mock interface to class org/bouncycastle/jcajce/provider/digest/Blake2s$Blake2s224
2024-11-12 13:43:08,039 INFO  CreateClassResetClassAdapter - Creating brand-new static initializer in class org/bouncycastle/jcajce/provider/digest/Blake2s$Blake2s224
2024-11-12 13:43:08,039 INFO  EvoClassLoader - Keeping class: org.bouncycastle.jcajce.provider.digest.Blake2s$Blake2s224
2024-11-12 13:43:08,039 INFO  EvoClassLoader - Seeing class for first time: org.bouncycastle.jcajce.provider.digest.Blake2s$Blake2s256
2024-11-12 13:43:08,039 INFO  EvoClassLoader - Instrumenting class 'org.bouncycastle.jcajce.provider.digest.Blake2s$Blake2s256'.
2024-11-12 13:43:08,039 INFO  MethodCallReplacementClassAdapter - Adding mock interface to class org/bouncycastle/jcajce/provider/digest/Blake2s$Blake2s256
2024-11-12 13:43:08,039 INFO  CreateClassResetClassAdapter - Creating brand-new static initializer in class org/bouncycastle/jcajce/provider/digest/Blake2s$Blake2s256
2024-11-12 13:43:08,039 INFO  EvoClassLoader - Keeping class: org.bouncycastle.jcajce.provider.digest.Blake2s$Blake2s256
2024-11-12 13:43:08,039 INFO  EvoClassLoader - Seeing class for first time: org.bouncycastle.jcajce.provider.digest.DSTU7564$Mappings
2024-11-12 13:43:08,039 INFO  EvoClassLoader - Instrumenting class 'org.bouncycastle.jcajce.provider.digest.DSTU7564$Mappings'.
2024-11-12 13:43:08,040 INFO  MethodCallReplacementClassAdapter - Adding mock interface to class org/bouncycastle/jcajce/provider/digest/DSTU7564$Mappings
2024-11-12 13:43:08,040 INFO  CreateClassResetClassAdapter - Found static initializer in class org/bouncycastle/jcajce/provider/digest/DSTU7564$Mappings
2024-11-12 13:43:08,040 INFO  EvoClassLoader - Keeping class: org.bouncycastle.jcajce.provider.digest.DSTU7564$Mappings
2024-11-12 13:43:08,040 INFO  EvoClassLoader - Seeing class for first time: org.bouncycastle.jcajce.provider.digest.DSTU7564
2024-11-12 13:43:08,040 INFO  EvoClassLoader - Instrumenting class 'org.bouncycastle.jcajce.provider.digest.DSTU7564'.
2024-11-12 13:43:08,040 INFO  MethodCallReplacementClassAdapter - Adding mock interface to class org/bouncycastle/jcajce/provider/digest/DSTU7564
2024-11-12 13:43:08,040 INFO  CreateClassResetClassAdapter - Creating brand-new static initializer in class org/bouncycastle/jcajce/provider/digest/DSTU7564
2024-11-12 13:43:08,040 INFO  EvoClassLoader - Keeping class: org.bouncycastle.jcajce.provider.digest.DSTU7564
2024-11-12 13:43:08,040 INFO  EvoClassLoader - Seeing class for first time: org.bouncycastle.jcajce.provider.digest.DSTU7564$Digest256
2024-11-12 13:43:08,041 INFO  EvoClassLoader - Instrumenting class 'org.bouncycastle.jcajce.provider.digest.DSTU7564$Digest256'.
2024-11-12 13:43:08,041 INFO  MethodCallReplacementClassAdapter - Adding mock interface to class org/bouncycastle/jcajce/provider/digest/DSTU7564$Digest256
2024-11-12 13:43:08,041 INFO  CreateClassResetClassAdapter - Creating brand-new static initializer in class org/bouncycastle/jcajce/provider/digest/DSTU7564$Digest256
2024-11-12 13:43:08,041 INFO  EvoClassLoader - Seeing class for first time: org.bouncycastle.jcajce.provider.digest.DSTU7564$DigestDSTU7564
2024-11-12 13:43:08,041 INFO  EvoClassLoader - Instrumenting class 'org.bouncycastle.jcajce.provider.digest.DSTU7564$DigestDSTU7564'.
2024-11-12 13:43:08,041 INFO  MethodCallReplacementClassAdapter - Adding mock interface to class org/bouncycastle/jcajce/provider/digest/DSTU7564$DigestDSTU7564
2024-11-12 13:43:08,042 INFO  CreateClassResetClassAdapter - Creating brand-new static initializer in class org/bouncycastle/jcajce/provider/digest/DSTU7564$DigestDSTU7564
2024-11-12 13:43:08,042 INFO  EvoClassLoader - Keeping class: org.bouncycastle.jcajce.provider.digest.DSTU7564$DigestDSTU7564
2024-11-12 13:43:08,042 INFO  EvoClassLoader - Keeping class: org.bouncycastle.jcajce.provider.digest.DSTU7564$Digest256
2024-11-12 13:43:08,042 INFO  EvoClassLoader - Seeing class for first time: org.bouncycastle.jcajce.provider.digest.DSTU7564$Digest384
2024-11-12 13:43:08,042 INFO  EvoClassLoader - Instrumenting class 'org.bouncycastle.jcajce.provider.digest.DSTU7564$Digest384'.
2024-11-12 13:43:08,042 INFO  MethodCallReplacementClassAdapter - Adding mock interface to class org/bouncycastle/jcajce/provider/digest/DSTU7564$Digest384
2024-11-12 13:43:08,042 INFO  CreateClassResetClassAdapter - Creating brand-new static initializer in class org/bouncycastle/jcajce/provider/digest/DSTU7564$Digest384
2024-11-12 13:43:08,042 INFO  EvoClassLoader - Keeping class: org.bouncycastle.jcajce.provider.digest.DSTU7564$Digest384
2024-11-12 13:43:08,042 INFO  EvoClassLoader - Seeing class for first time: org.bouncycastle.jcajce.provider.digest.DSTU7564$Digest512
2024-11-12 13:43:08,042 INFO  EvoClassLoader - Instrumenting class 'org.bouncycastle.jcajce.provider.digest.DSTU7564$Digest512'.
2024-11-12 13:43:08,043 INFO  MethodCallReplacementClassAdapter - Adding mock interface to class org/bouncycastle/jcajce/provider/digest/DSTU7564$Digest512
2024-11-12 13:43:08,043 INFO  CreateClassResetClassAdapter - Creating brand-new static initializer in class org/bouncycastle/jcajce/provider/digest/DSTU7564$Digest512
2024-11-12 13:43:08,043 INFO  EvoClassLoader - Keeping class: org.bouncycastle.jcajce.provider.digest.DSTU7564$Digest512
2024-11-12 13:43:08,043 INFO  EvoClassLoader - Seeing class for first time: org.bouncycastle.jcajce.provider.digest.DSTU7564$HashMac256
2024-11-12 13:43:08,043 INFO  EvoClassLoader - Instrumenting class 'org.bouncycastle.jcajce.provider.digest.DSTU7564$HashMac256'.
2024-11-12 13:43:08,043 INFO  MethodCallReplacementClassAdapter - Adding mock interface to class org/bouncycastle/jcajce/provider/digest/DSTU7564$HashMac256
2024-11-12 13:43:08,043 INFO  CreateClassResetClassAdapter - Creating brand-new static initializer in class org/bouncycastle/jcajce/provider/digest/DSTU7564$HashMac256
2024-11-12 13:43:08,043 INFO  EvoClassLoader - Keeping class: org.bouncycastle.jcajce.provider.digest.DSTU7564$HashMac256
2024-11-12 13:43:08,043 INFO  EvoClassLoader - Seeing class for first time: org.bouncycastle.jcajce.provider.digest.DSTU7564$HashMac384
2024-11-12 13:43:08,043 INFO  EvoClassLoader - Instrumenting class 'org.bouncycastle.jcajce.provider.digest.DSTU7564$HashMac384'.
2024-11-12 13:43:08,044 INFO  MethodCallReplacementClassAdapter - Adding mock interface to class org/bouncycastle/jcajce/provider/digest/DSTU7564$HashMac384
2024-11-12 13:43:08,044 INFO  CreateClassResetClassAdapter - Creating brand-new static initializer in class org/bouncycastle/jcajce/provider/digest/DSTU7564$HashMac384
2024-11-12 13:43:08,044 INFO  EvoClassLoader - Keeping class: org.bouncycastle.jcajce.provider.digest.DSTU7564$HashMac384
2024-11-12 13:43:08,044 INFO  EvoClassLoader - Seeing class for first time: org.bouncycastle.jcajce.provider.digest.DSTU7564$HashMac512
2024-11-12 13:43:08,044 INFO  EvoClassLoader - Instrumenting class 'org.bouncycastle.jcajce.provider.digest.DSTU7564$HashMac512'.
2024-11-12 13:43:08,044 INFO  MethodCallReplacementClassAdapter - Adding mock interface to class org/bouncycastle/jcajce/provider/digest/DSTU7564$HashMac512
2024-11-12 13:43:08,044 INFO  CreateClassResetClassAdapter - Creating brand-new static initializer in class org/bouncycastle/jcajce/provider/digest/DSTU7564$HashMac512
2024-11-12 13:43:08,045 INFO  EvoClassLoader - Keeping class: org.bouncycastle.jcajce.provider.digest.DSTU7564$HashMac512
2024-11-12 13:43:08,045 INFO  EvoClassLoader - Seeing class for first time: org.bouncycastle.jcajce.provider.digest.DSTU7564$KeyGenerator256
2024-11-12 13:43:08,045 INFO  EvoClassLoader - Instrumenting class 'org.bouncycastle.jcajce.provider.digest.DSTU7564$KeyGenerator256'.
2024-11-12 13:43:08,045 INFO  MethodCallReplacementClassAdapter - Adding mock interface to class org/bouncycastle/jcajce/provider/digest/DSTU7564$KeyGenerator256
2024-11-12 13:43:08,045 INFO  CreateClassResetClassAdapter - Creating brand-new static initializer in class org/bouncycastle/jcajce/provider/digest/DSTU7564$KeyGenerator256
2024-11-12 13:43:08,045 INFO  EvoClassLoader - Keeping class: org.bouncycastle.jcajce.provider.digest.DSTU7564$KeyGenerator256
2024-11-12 13:43:08,045 INFO  EvoClassLoader - Seeing class for first time: org.bouncycastle.jcajce.provider.digest.DSTU7564$KeyGenerator384
2024-11-12 13:43:08,045 INFO  EvoClassLoader - Instrumenting class 'org.bouncycastle.jcajce.provider.digest.DSTU7564$KeyGenerator384'.
2024-11-12 13:43:08,046 INFO  MethodCallReplacementClassAdapter - Adding mock interface to class org/bouncycastle/jcajce/provider/digest/DSTU7564$KeyGenerator384
2024-11-12 13:43:08,046 INFO  CreateClassResetClassAdapter - Creating brand-new static initializer in class org/bouncycastle/jcajce/provider/digest/DSTU7564$KeyGenerator384
2024-11-12 13:43:08,046 INFO  EvoClassLoader - Keeping class: org.bouncycastle.jcajce.provider.digest.DSTU7564$KeyGenerator384
2024-11-12 13:43:08,046 INFO  EvoClassLoader - Seeing class for first time: org.bouncycastle.jcajce.provider.digest.DSTU7564$KeyGenerator512
2024-11-12 13:43:08,046 INFO  EvoClassLoader - Instrumenting class 'org.bouncycastle.jcajce.provider.digest.DSTU7564$KeyGenerator512'.
2024-11-12 13:43:08,046 INFO  MethodCallReplacementClassAdapter - Adding mock interface to class org/bouncycastle/jcajce/provider/digest/DSTU7564$KeyGenerator512
2024-11-12 13:43:08,046 INFO  CreateClassResetClassAdapter - Creating brand-new static initializer in class org/bouncycastle/jcajce/provider/digest/DSTU7564$KeyGenerator512
2024-11-12 13:43:08,046 INFO  EvoClassLoader - Keeping class: org.bouncycastle.jcajce.provider.digest.DSTU7564$KeyGenerator512
2024-11-12 13:43:08,046 INFO  EvoClassLoader - Seeing class for first time: org.bouncycastle.asn1.ua.UAObjectIdentifiers
2024-11-12 13:43:08,046 INFO  EvoClassLoader - Instrumenting class 'org.bouncycastle.asn1.ua.UAObjectIdentifiers'.
2024-11-12 13:43:08,047 INFO  EvoClassLoader - Defined package (3): package org.bouncycastle.asn1.ua, 1905444181
2024-11-12 13:43:08,047 INFO  EvoClassLoader - Keeping class: org.bouncycastle.asn1.ua.UAObjectIdentifiers
2024-11-12 13:43:08,048 INFO  EvoClassLoader - Seeing class for first time: org.bouncycastle.jcajce.provider.digest.Haraka$Mappings
2024-11-12 13:43:08,048 INFO  EvoClassLoader - Instrumenting class 'org.bouncycastle.jcajce.provider.digest.Haraka$Mappings'.
2024-11-12 13:43:08,048 INFO  MethodCallReplacementClassAdapter - Adding mock interface to class org/bouncycastle/jcajce/provider/digest/Haraka$Mappings
2024-11-12 13:43:08,048 INFO  CreateClassResetClassAdapter - Found static initializer in class org/bouncycastle/jcajce/provider/digest/Haraka$Mappings
2024-11-12 13:43:08,048 INFO  EvoClassLoader - Keeping class: org.bouncycastle.jcajce.provider.digest.Haraka$Mappings
2024-11-12 13:43:08,048 INFO  EvoClassLoader - Seeing class for first time: org.bouncycastle.jcajce.provider.digest.Haraka
2024-11-12 13:43:08,048 INFO  EvoClassLoader - Instrumenting class 'org.bouncycastle.jcajce.provider.digest.Haraka'.
2024-11-12 13:43:08,048 INFO  MethodCallReplacementClassAdapter - Adding mock interface to class org/bouncycastle/jcajce/provider/digest/Haraka
2024-11-12 13:43:08,048 INFO  CreateClassResetClassAdapter - Creating brand-new static initializer in class org/bouncycastle/jcajce/provider/digest/Haraka
2024-11-12 13:43:08,048 INFO  EvoClassLoader - Keeping class: org.bouncycastle.jcajce.provider.digest.Haraka
2024-11-12 13:43:08,049 INFO  EvoClassLoader - Seeing class for first time: org.bouncycastle.jcajce.provider.digest.Haraka$Digest256
2024-11-12 13:43:08,049 INFO  EvoClassLoader - Instrumenting class 'org.bouncycastle.jcajce.provider.digest.Haraka$Digest256'.
2024-11-12 13:43:08,049 INFO  MethodCallReplacementClassAdapter - Adding mock interface to class org/bouncycastle/jcajce/provider/digest/Haraka$Digest256
2024-11-12 13:43:08,049 INFO  CreateClassResetClassAdapter - Creating brand-new static initializer in class org/bouncycastle/jcajce/provider/digest/Haraka$Digest256
2024-11-12 13:43:08,049 INFO  EvoClassLoader - Keeping class: org.bouncycastle.jcajce.provider.digest.Haraka$Digest256
2024-11-12 13:43:08,049 INFO  EvoClassLoader - Seeing class for first time: org.bouncycastle.jcajce.provider.digest.Haraka$Digest512
2024-11-12 13:43:08,049 INFO  EvoClassLoader - Instrumenting class 'org.bouncycastle.jcajce.provider.digest.Haraka$Digest512'.
2024-11-12 13:43:08,049 INFO  MethodCallReplacementClassAdapter - Adding mock interface to class org/bouncycastle/jcajce/provider/digest/Haraka$Digest512
2024-11-12 13:43:08,049 INFO  CreateClassResetClassAdapter - Creating brand-new static initializer in class org/bouncycastle/jcajce/provider/digest/Haraka$Digest512
2024-11-12 13:43:08,049 INFO  EvoClassLoader - Keeping class: org.bouncycastle.jcajce.provider.digest.Haraka$Digest512
2024-11-12 13:43:08,049 INFO  EvoClassLoader - Seeing class for first time: org.bouncycastle.jcajce.provider.symmetric.PBEPBKDF1$Mappings
2024-11-12 13:43:08,049 INFO  EvoClassLoader - Instrumenting class 'org.bouncycastle.jcajce.provider.symmetric.PBEPBKDF1$Mappings'.
2024-11-12 13:43:08,049 INFO  MethodCallReplacementClassAdapter - Adding mock interface to class org/bouncycastle/jcajce/provider/symmetric/PBEPBKDF1$Mappings
2024-11-12 13:43:08,049 INFO  CreateClassResetClassAdapter - Found static initializer in class org/bouncycastle/jcajce/provider/symmetric/PBEPBKDF1$Mappings
2024-11-12 13:43:08,049 INFO  EvoClassLoader - Defined package (3): package org.bouncycastle.jcajce.provider.symmetric, -1083236844
2024-11-12 13:43:08,050 INFO  EvoClassLoader - Keeping class: org.bouncycastle.jcajce.provider.symmetric.PBEPBKDF1$Mappings
2024-11-12 13:43:08,050 INFO  EvoClassLoader - Seeing class for first time: org.bouncycastle.jcajce.provider.symmetric.PBEPBKDF1
2024-11-12 13:43:08,050 INFO  EvoClassLoader - Instrumenting class 'org.bouncycastle.jcajce.provider.symmetric.PBEPBKDF1'.
2024-11-12 13:43:08,050 INFO  MethodCallReplacementClassAdapter - Adding mock interface to class org/bouncycastle/jcajce/provider/symmetric/PBEPBKDF1
2024-11-12 13:43:08,050 INFO  CreateClassResetClassAdapter - Creating brand-new static initializer in class org/bouncycastle/jcajce/provider/symmetric/PBEPBKDF1
2024-11-12 13:43:08,050 INFO  EvoClassLoader - Keeping class: org.bouncycastle.jcajce.provider.symmetric.PBEPBKDF1
2024-11-12 13:43:08,050 INFO  EvoClassLoader - Seeing class for first time: org.bouncycastle.jcajce.provider.symmetric.PBEPBKDF1$AlgParams
2024-11-12 13:43:08,050 INFO  EvoClassLoader - Instrumenting class 'org.bouncycastle.jcajce.provider.symmetric.PBEPBKDF1$AlgParams'.
2024-11-12 13:43:08,050 INFO  MethodCallReplacementClassAdapter - Adding mock interface to class org/bouncycastle/jcajce/provider/symmetric/PBEPBKDF1$AlgParams
2024-11-12 13:43:08,053 INFO  CreateClassResetClassAdapter - Creating brand-new static initializer in class org/bouncycastle/jcajce/provider/symmetric/PBEPBKDF1$AlgParams
2024-11-12 13:43:08,053 INFO  EvoClassLoader - Seeing class for first time: org.bouncycastle.jcajce.provider.symmetric.util.BaseAlgorithmParameters
2024-11-12 13:43:08,053 INFO  EvoClassLoader - Instrumenting class 'org.bouncycastle.jcajce.provider.symmetric.util.BaseAlgorithmParameters'.
2024-11-12 13:43:08,053 INFO  MethodCallReplacementClassAdapter - Adding mock interface to class org/bouncycastle/jcajce/provider/symmetric/util/BaseAlgorithmParameters
2024-11-12 13:43:08,054 INFO  CreateClassResetClassAdapter - Creating brand-new static initializer in class org/bouncycastle/jcajce/provider/symmetric/util/BaseAlgorithmParameters
2024-11-12 13:43:08,054 INFO  EvoClassLoader - Keeping class: org.bouncycastle.jcajce.provider.symmetric.util.BaseAlgorithmParameters
2024-11-12 13:43:08,054 INFO  EvoClassLoader - Keeping class: org.bouncycastle.jcajce.provider.symmetric.PBEPBKDF1$AlgParams
2024-11-12 13:43:08,054 INFO  EvoClassLoader - Seeing class for first time: org.bouncycastle.jcajce.provider.symmetric.PBEPBKDF2$Mappings
2024-11-12 13:43:08,054 INFO  EvoClassLoader - Instrumenting class 'org.bouncycastle.jcajce.provider.symmetric.PBEPBKDF2$Mappings'.
2024-11-12 13:43:08,054 INFO  MethodCallReplacementClassAdapter - Adding mock interface to class org/bouncycastle/jcajce/provider/symmetric/PBEPBKDF2$Mappings
2024-11-12 13:43:08,054 INFO  CreateClassResetClassAdapter - Found static initializer in class org/bouncycastle/jcajce/provider/symmetric/PBEPBKDF2$Mappings
2024-11-12 13:43:08,055 INFO  EvoClassLoader - Keeping class: org.bouncycastle.jcajce.provider.symmetric.PBEPBKDF2$Mappings
2024-11-12 13:43:08,055 INFO  EvoClassLoader - Seeing class for first time: org.bouncycastle.jcajce.provider.symmetric.PBEPBKDF2
2024-11-12 13:43:08,055 INFO  EvoClassLoader - Instrumenting class 'org.bouncycastle.jcajce.provider.symmetric.PBEPBKDF2'.
2024-11-12 13:43:08,055 INFO  MethodCallReplacementClassAdapter - Adding mock interface to class org/bouncycastle/jcajce/provider/symmetric/PBEPBKDF2
2024-11-12 13:43:08,056 INFO  CreateClassResetClassAdapter - Found static initializer in class org/bouncycastle/jcajce/provider/symmetric/PBEPBKDF2
2024-11-12 13:43:08,056 INFO  EvoClassLoader - Keeping class: org.bouncycastle.jcajce.provider.symmetric.PBEPBKDF2
2024-11-12 13:43:08,056 INFO  EvoClassLoader - Seeing class for first time: org.bouncycastle.jcajce.provider.symmetric.PBEPBKDF2$AlgParams
2024-11-12 13:43:08,056 INFO  EvoClassLoader - Instrumenting class 'org.bouncycastle.jcajce.provider.symmetric.PBEPBKDF2$AlgParams'.
2024-11-12 13:43:08,056 INFO  MethodCallReplacementClassAdapter - Adding mock interface to class org/bouncycastle/jcajce/provider/symmetric/PBEPBKDF2$AlgParams
2024-11-12 13:43:08,057 INFO  CreateClassResetClassAdapter - Creating brand-new static initializer in class org/bouncycastle/jcajce/provider/symmetric/PBEPBKDF2$AlgParams
2024-11-12 13:43:08,057 INFO  EvoClassLoader - Keeping class: org.bouncycastle.jcajce.provider.symmetric.PBEPBKDF2$AlgParams
2024-11-12 13:43:08,057 INFO  EvoClassLoader - Seeing class for first time: org.bouncycastle.jcajce.provider.symmetric.PBEPBKDF2$BasePBKDF2
2024-11-12 13:43:08,057 INFO  EvoClassLoader - Instrumenting class 'org.bouncycastle.jcajce.provider.symmetric.PBEPBKDF2$BasePBKDF2'.
2024-11-12 13:43:08,057 INFO  MethodCallReplacementClassAdapter - Adding mock interface to class org/bouncycastle/jcajce/provider/symmetric/PBEPBKDF2$BasePBKDF2
2024-11-12 13:43:08,057 INFO  CreateClassResetClassAdapter - Creating brand-new static initializer in class org/bouncycastle/jcajce/provider/symmetric/PBEPBKDF2$BasePBKDF2
2024-11-12 13:43:08,057 INFO  EvoClassLoader - Seeing class for first time: org.bouncycastle.jcajce.provider.symmetric.util.BaseSecretKeyFactory
2024-11-12 13:43:08,057 INFO  EvoClassLoader - Instrumenting class 'org.bouncycastle.jcajce.provider.symmetric.util.BaseSecretKeyFactory'.
2024-11-12 13:43:08,058 INFO  MethodCallReplacementClassAdapter - Adding mock interface to class org/bouncycastle/jcajce/provider/symmetric/util/BaseSecretKeyFactory
2024-11-12 13:43:08,058 INFO  CreateClassResetClassAdapter - Creating brand-new static initializer in class org/bouncycastle/jcajce/provider/symmetric/util/BaseSecretKeyFactory
2024-11-12 13:43:08,058 INFO  EvoClassLoader - Keeping class: org.bouncycastle.jcajce.provider.symmetric.util.BaseSecretKeyFactory
2024-11-12 13:43:08,058 INFO  EvoClassLoader - Keeping class: org.bouncycastle.jcajce.provider.symmetric.PBEPBKDF2$BasePBKDF2
2024-11-12 13:43:08,058 INFO  EvoClassLoader - Seeing class for first time: org.bouncycastle.jcajce.provider.symmetric.PBEPKCS12$Mappings
2024-11-12 13:43:08,058 INFO  EvoClassLoader - Instrumenting class 'org.bouncycastle.jcajce.provider.symmetric.PBEPKCS12$Mappings'.
2024-11-12 13:43:08,058 INFO  MethodCallReplacementClassAdapter - Adding mock interface to class org/bouncycastle/jcajce/provider/symmetric/PBEPKCS12$Mappings
2024-11-12 13:43:08,058 INFO  CreateClassResetClassAdapter - Found static initializer in class org/bouncycastle/jcajce/provider/symmetric/PBEPKCS12$Mappings
2024-11-12 13:43:08,058 INFO  EvoClassLoader - Keeping class: org.bouncycastle.jcajce.provider.symmetric.PBEPKCS12$Mappings
2024-11-12 13:43:08,058 INFO  EvoClassLoader - Seeing class for first time: org.bouncycastle.jcajce.provider.symmetric.PBEPKCS12
2024-11-12 13:43:08,058 INFO  EvoClassLoader - Instrumenting class 'org.bouncycastle.jcajce.provider.symmetric.PBEPKCS12'.
2024-11-12 13:43:08,058 INFO  MethodCallReplacementClassAdapter - Adding mock interface to class org/bouncycastle/jcajce/provider/symmetric/PBEPKCS12
2024-11-12 13:43:08,059 INFO  CreateClassResetClassAdapter - Creating brand-new static initializer in class org/bouncycastle/jcajce/provider/symmetric/PBEPKCS12
2024-11-12 13:43:08,059 INFO  EvoClassLoader - Keeping class: org.bouncycastle.jcajce.provider.symmetric.PBEPKCS12
2024-11-12 13:43:08,059 INFO  EvoClassLoader - Seeing class for first time: org.bouncycastle.jcajce.provider.symmetric.PBEPKCS12$AlgParams
2024-11-12 13:43:08,059 INFO  EvoClassLoader - Instrumenting class 'org.bouncycastle.jcajce.provider.symmetric.PBEPKCS12$AlgParams'.
2024-11-12 13:43:08,059 INFO  MethodCallReplacementClassAdapter - Adding mock interface to class org/bouncycastle/jcajce/provider/symmetric/PBEPKCS12$AlgParams
2024-11-12 13:43:08,059 INFO  CreateClassResetClassAdapter - Creating brand-new static initializer in class org/bouncycastle/jcajce/provider/symmetric/PBEPKCS12$AlgParams
2024-11-12 13:43:08,059 INFO  EvoClassLoader - Keeping class: org.bouncycastle.jcajce.provider.symmetric.PBEPKCS12$AlgParams
2024-11-12 13:43:08,059 INFO  EvoClassLoader - Seeing class for first time: org.bouncycastle.jcajce.provider.symmetric.TLSKDF$Mappings
2024-11-12 13:43:08,059 INFO  EvoClassLoader - Instrumenting class 'org.bouncycastle.jcajce.provider.symmetric.TLSKDF$Mappings'.
2024-11-12 13:43:08,060 INFO  MethodCallReplacementClassAdapter - Adding mock interface to class org/bouncycastle/jcajce/provider/symmetric/TLSKDF$Mappings
2024-11-12 13:43:08,060 INFO  CreateClassResetClassAdapter - Found static initializer in class org/bouncycastle/jcajce/provider/symmetric/TLSKDF$Mappings
2024-11-12 13:43:08,060 INFO  EvoClassLoader - Keeping class: org.bouncycastle.jcajce.provider.symmetric.TLSKDF$Mappings
2024-11-12 13:43:08,060 INFO  EvoClassLoader - Seeing class for first time: org.bouncycastle.jcajce.provider.symmetric.TLSKDF
2024-11-12 13:43:08,060 INFO  EvoClassLoader - Instrumenting class 'org.bouncycastle.jcajce.provider.symmetric.TLSKDF'.
2024-11-12 13:43:08,060 INFO  MethodCallReplacementClassAdapter - Adding mock interface to class org/bouncycastle/jcajce/provider/symmetric/TLSKDF
2024-11-12 13:43:08,060 INFO  CreateClassResetClassAdapter - Creating brand-new static initializer in class org/bouncycastle/jcajce/provider/symmetric/TLSKDF
2024-11-12 13:43:08,060 INFO  EvoClassLoader - Keeping class: org.bouncycastle.jcajce.provider.symmetric.TLSKDF
2024-11-12 13:43:08,060 INFO  EvoClassLoader - Seeing class for first time: org.bouncycastle.jcajce.provider.symmetric.SCRYPT$Mappings
2024-11-12 13:43:08,060 INFO  EvoClassLoader - Instrumenting class 'org.bouncycastle.jcajce.provider.symmetric.SCRYPT$Mappings'.
2024-11-12 13:43:08,061 INFO  MethodCallReplacementClassAdapter - Adding mock interface to class org/bouncycastle/jcajce/provider/symmetric/SCRYPT$Mappings
2024-11-12 13:43:08,061 INFO  CreateClassResetClassAdapter - Found static initializer in class org/bouncycastle/jcajce/provider/symmetric/SCRYPT$Mappings
2024-11-12 13:43:08,061 INFO  EvoClassLoader - Keeping class: org.bouncycastle.jcajce.provider.symmetric.SCRYPT$Mappings
2024-11-12 13:43:08,061 INFO  EvoClassLoader - Seeing class for first time: org.bouncycastle.jcajce.provider.symmetric.SCRYPT
2024-11-12 13:43:08,061 INFO  EvoClassLoader - Instrumenting class 'org.bouncycastle.jcajce.provider.symmetric.SCRYPT'.
2024-11-12 13:43:08,061 INFO  MethodCallReplacementClassAdapter - Adding mock interface to class org/bouncycastle/jcajce/provider/symmetric/SCRYPT
2024-11-12 13:43:08,061 INFO  CreateClassResetClassAdapter - Creating brand-new static initializer in class org/bouncycastle/jcajce/provider/symmetric/SCRYPT
2024-11-12 13:43:08,061 INFO  EvoClassLoader - Keeping class: org.bouncycastle.jcajce.provider.symmetric.SCRYPT
2024-11-12 13:43:08,061 INFO  EvoClassLoader - Seeing class for first time: org.bouncycastle.jcajce.provider.symmetric.SCRYPT$BasePBKDF2
2024-11-12 13:43:08,061 INFO  EvoClassLoader - Instrumenting class 'org.bouncycastle.jcajce.provider.symmetric.SCRYPT$BasePBKDF2'.
2024-11-12 13:43:08,062 INFO  MethodCallReplacementClassAdapter - Adding mock interface to class org/bouncycastle/jcajce/provider/symmetric/SCRYPT$BasePBKDF2
2024-11-12 13:43:08,062 INFO  CreateClassResetClassAdapter - Creating brand-new static initializer in class org/bouncycastle/jcajce/provider/symmetric/SCRYPT$BasePBKDF2
2024-11-12 13:43:08,063 INFO  EvoClassLoader - Keeping class: org.bouncycastle.jcajce.provider.symmetric.SCRYPT$BasePBKDF2
2024-11-12 13:43:08,063 INFO  EvoClassLoader - Seeing class for first time: org.bouncycastle.jcajce.provider.symmetric.SipHash$Mappings
2024-11-12 13:43:08,063 INFO  EvoClassLoader - Instrumenting class 'org.bouncycastle.jcajce.provider.symmetric.SipHash$Mappings'.
2024-11-12 13:43:08,063 INFO  MethodCallReplacementClassAdapter - Adding mock interface to class org/bouncycastle/jcajce/provider/symmetric/SipHash$Mappings
2024-11-12 13:43:08,063 INFO  CreateClassResetClassAdapter - Found static initializer in class org/bouncycastle/jcajce/provider/symmetric/SipHash$Mappings
2024-11-12 13:43:08,063 INFO  EvoClassLoader - Keeping class: org.bouncycastle.jcajce.provider.symmetric.SipHash$Mappings
2024-11-12 13:43:08,063 INFO  EvoClassLoader - Seeing class for first time: org.bouncycastle.jcajce.provider.symmetric.SipHash
2024-11-12 13:43:08,063 INFO  EvoClassLoader - Instrumenting class 'org.bouncycastle.jcajce.provider.symmetric.SipHash'.
2024-11-12 13:43:08,064 INFO  MethodCallReplacementClassAdapter - Adding mock interface to class org/bouncycastle/jcajce/provider/symmetric/SipHash
2024-11-12 13:43:08,064 INFO  CreateClassResetClassAdapter - Creating brand-new static initializer in class org/bouncycastle/jcajce/provider/symmetric/SipHash
2024-11-12 13:43:08,064 INFO  EvoClassLoader - Keeping class: org.bouncycastle.jcajce.provider.symmetric.SipHash
2024-11-12 13:43:08,064 INFO  EvoClassLoader - Seeing class for first time: org.bouncycastle.jcajce.provider.symmetric.SipHash$KeyGen
2024-11-12 13:43:08,064 INFO  EvoClassLoader - Instrumenting class 'org.bouncycastle.jcajce.provider.symmetric.SipHash$KeyGen'.
2024-11-12 13:43:08,064 INFO  MethodCallReplacementClassAdapter - Adding mock interface to class org/bouncycastle/jcajce/provider/symmetric/SipHash$KeyGen
2024-11-12 13:43:08,064 INFO  CreateClassResetClassAdapter - Creating brand-new static initializer in class org/bouncycastle/jcajce/provider/symmetric/SipHash$KeyGen
2024-11-12 13:43:08,064 INFO  EvoClassLoader - Keeping class: org.bouncycastle.jcajce.provider.symmetric.SipHash$KeyGen
2024-11-12 13:43:08,064 INFO  EvoClassLoader - Seeing class for first time: org.bouncycastle.jcajce.provider.symmetric.SipHash$Mac24
2024-11-12 13:43:08,064 INFO  EvoClassLoader - Instrumenting class 'org.bouncycastle.jcajce.provider.symmetric.SipHash$Mac24'.
2024-11-12 13:43:08,065 INFO  MethodCallReplacementClassAdapter - Adding mock interface to class org/bouncycastle/jcajce/provider/symmetric/SipHash$Mac24
2024-11-12 13:43:08,065 INFO  CreateClassResetClassAdapter - Creating brand-new static initializer in class org/bouncycastle/jcajce/provider/symmetric/SipHash$Mac24
2024-11-12 13:43:08,065 INFO  EvoClassLoader - Keeping class: org.bouncycastle.jcajce.provider.symmetric.SipHash$Mac24
2024-11-12 13:43:08,065 INFO  EvoClassLoader - Seeing class for first time: org.bouncycastle.jcajce.provider.symmetric.SipHash$Mac48
2024-11-12 13:43:08,065 INFO  EvoClassLoader - Instrumenting class 'org.bouncycastle.jcajce.provider.symmetric.SipHash$Mac48'.
2024-11-12 13:43:08,065 INFO  MethodCallReplacementClassAdapter - Adding mock interface to class org/bouncycastle/jcajce/provider/symmetric/SipHash$Mac48
2024-11-12 13:43:08,065 INFO  CreateClassResetClassAdapter - Creating brand-new static initializer in class org/bouncycastle/jcajce/provider/symmetric/SipHash$Mac48
2024-11-12 13:43:08,065 INFO  EvoClassLoader - Keeping class: org.bouncycastle.jcajce.provider.symmetric.SipHash$Mac48
2024-11-12 13:43:08,066 INFO  EvoClassLoader - Seeing class for first time: org.bouncycastle.jcajce.provider.symmetric.SipHash128$Mappings
2024-11-12 13:43:08,066 INFO  EvoClassLoader - Instrumenting class 'org.bouncycastle.jcajce.provider.symmetric.SipHash128$Mappings'.
2024-11-12 13:43:08,066 INFO  MethodCallReplacementClassAdapter - Adding mock interface to class org/bouncycastle/jcajce/provider/symmetric/SipHash128$Mappings
2024-11-12 13:43:08,066 INFO  CreateClassResetClassAdapter - Found static initializer in class org/bouncycastle/jcajce/provider/symmetric/SipHash128$Mappings
2024-11-12 13:43:08,066 INFO  EvoClassLoader - Keeping class: org.bouncycastle.jcajce.provider.symmetric.SipHash128$Mappings
2024-11-12 13:43:08,066 INFO  EvoClassLoader - Seeing class for first time: org.bouncycastle.jcajce.provider.symmetric.SipHash128
2024-11-12 13:43:08,067 INFO  EvoClassLoader - Instrumenting class 'org.bouncycastle.jcajce.provider.symmetric.SipHash128'.
2024-11-12 13:43:08,067 INFO  MethodCallReplacementClassAdapter - Adding mock interface to class org/bouncycastle/jcajce/provider/symmetric/SipHash128
2024-11-12 13:43:08,067 INFO  CreateClassResetClassAdapter - Creating brand-new static initializer in class org/bouncycastle/jcajce/provider/symmetric/SipHash128
2024-11-12 13:43:08,067 INFO  EvoClassLoader - Keeping class: org.bouncycastle.jcajce.provider.symmetric.SipHash128
2024-11-12 13:43:08,067 INFO  EvoClassLoader - Seeing class for first time: org.bouncycastle.jcajce.provider.symmetric.SipHash128$KeyGen
2024-11-12 13:43:08,067 INFO  EvoClassLoader - Instrumenting class 'org.bouncycastle.jcajce.provider.symmetric.SipHash128$KeyGen'.
2024-11-12 13:43:08,068 INFO  MethodCallReplacementClassAdapter - Adding mock interface to class org/bouncycastle/jcajce/provider/symmetric/SipHash128$KeyGen
2024-11-12 13:43:08,068 INFO  CreateClassResetClassAdapter - Creating brand-new static initializer in class org/bouncycastle/jcajce/provider/symmetric/SipHash128$KeyGen
2024-11-12 13:43:08,068 INFO  EvoClassLoader - Keeping class: org.bouncycastle.jcajce.provider.symmetric.SipHash128$KeyGen
2024-11-12 13:43:08,068 INFO  EvoClassLoader - Seeing class for first time: org.bouncycastle.jcajce.provider.symmetric.SipHash128$Mac24
2024-11-12 13:43:08,068 INFO  EvoClassLoader - Instrumenting class 'org.bouncycastle.jcajce.provider.symmetric.SipHash128$Mac24'.
2024-11-12 13:43:08,069 INFO  MethodCallReplacementClassAdapter - Adding mock interface to class org/bouncycastle/jcajce/provider/symmetric/SipHash128$Mac24
2024-11-12 13:43:08,069 INFO  CreateClassResetClassAdapter - Creating brand-new static initializer in class org/bouncycastle/jcajce/provider/symmetric/SipHash128$Mac24
2024-11-12 13:43:08,069 INFO  EvoClassLoader - Keeping class: org.bouncycastle.jcajce.provider.symmetric.SipHash128$Mac24
2024-11-12 13:43:08,069 INFO  EvoClassLoader - Seeing class for first time: org.bouncycastle.jcajce.provider.symmetric.SipHash128$Mac48
2024-11-12 13:43:08,069 INFO  EvoClassLoader - Instrumenting class 'org.bouncycastle.jcajce.provider.symmetric.SipHash128$Mac48'.
2024-11-12 13:43:08,069 INFO  MethodCallReplacementClassAdapter - Adding mock interface to class org/bouncycastle/jcajce/provider/symmetric/SipHash128$Mac48
2024-11-12 13:43:08,069 INFO  CreateClassResetClassAdapter - Creating brand-new static initializer in class org/bouncycastle/jcajce/provider/symmetric/SipHash128$Mac48
2024-11-12 13:43:08,069 INFO  EvoClassLoader - Keeping class: org.bouncycastle.jcajce.provider.symmetric.SipHash128$Mac48
2024-11-12 13:43:08,070 INFO  EvoClassLoader - Seeing class for first time: org.bouncycastle.jcajce.provider.symmetric.Poly1305$Mappings
2024-11-12 13:43:08,070 INFO  EvoClassLoader - Instrumenting class 'org.bouncycastle.jcajce.provider.symmetric.Poly1305$Mappings'.
2024-11-12 13:43:08,070 INFO  MethodCallReplacementClassAdapter - Adding mock interface to class org/bouncycastle/jcajce/provider/symmetric/Poly1305$Mappings
2024-11-12 13:43:08,070 INFO  CreateClassResetClassAdapter - Found static initializer in class org/bouncycastle/jcajce/provider/symmetric/Poly1305$Mappings
2024-11-12 13:43:08,070 INFO  EvoClassLoader - Keeping class: org.bouncycastle.jcajce.provider.symmetric.Poly1305$Mappings
2024-11-12 13:43:08,070 INFO  EvoClassLoader - Seeing class for first time: org.bouncycastle.jcajce.provider.symmetric.Poly1305
2024-11-12 13:43:08,070 INFO  EvoClassLoader - Instrumenting class 'org.bouncycastle.jcajce.provider.symmetric.Poly1305'.
2024-11-12 13:43:08,071 INFO  MethodCallReplacementClassAdapter - Adding mock interface to class org/bouncycastle/jcajce/provider/symmetric/Poly1305
2024-11-12 13:43:08,071 INFO  CreateClassResetClassAdapter - Creating brand-new static initializer in class org/bouncycastle/jcajce/provider/symmetric/Poly1305
2024-11-12 13:43:08,071 INFO  EvoClassLoader - Keeping class: org.bouncycastle.jcajce.provider.symmetric.Poly1305
2024-11-12 13:43:08,071 INFO  EvoClassLoader - Seeing class for first time: org.bouncycastle.jcajce.provider.symmetric.Poly1305$KeyGen
2024-11-12 13:43:08,071 INFO  EvoClassLoader - Instrumenting class 'org.bouncycastle.jcajce.provider.symmetric.Poly1305$KeyGen'.
2024-11-12 13:43:08,071 INFO  MethodCallReplacementClassAdapter - Adding mock interface to class org/bouncycastle/jcajce/provider/symmetric/Poly1305$KeyGen
2024-11-12 13:43:08,071 INFO  CreateClassResetClassAdapter - Creating brand-new static initializer in class org/bouncycastle/jcajce/provider/symmetric/Poly1305$KeyGen
2024-11-12 13:43:08,071 INFO  EvoClassLoader - Keeping class: org.bouncycastle.jcajce.provider.symmetric.Poly1305$KeyGen
2024-11-12 13:43:08,071 INFO  EvoClassLoader - Seeing class for first time: org.bouncycastle.jcajce.provider.symmetric.Poly1305$Mac
2024-11-12 13:43:08,071 INFO  EvoClassLoader - Instrumenting class 'org.bouncycastle.jcajce.provider.symmetric.Poly1305$Mac'.
2024-11-12 13:43:08,072 INFO  MethodCallReplacementClassAdapter - Adding mock interface to class org/bouncycastle/jcajce/provider/symmetric/Poly1305$Mac
2024-11-12 13:43:08,072 INFO  CreateClassResetClassAdapter - Creating brand-new static initializer in class org/bouncycastle/jcajce/provider/symmetric/Poly1305$Mac
2024-11-12 13:43:08,072 INFO  EvoClassLoader - Keeping class: org.bouncycastle.jcajce.provider.symmetric.Poly1305$Mac
2024-11-12 13:43:08,072 INFO  EvoClassLoader - Seeing class for first time: org.bouncycastle.jcajce.provider.symmetric.SymmetricAlgorithmProvider
2024-11-12 13:43:08,072 INFO  EvoClassLoader - Instrumenting class 'org.bouncycastle.jcajce.provider.symmetric.SymmetricAlgorithmProvider'.
2024-11-12 13:43:08,072 INFO  MethodCallReplacementClassAdapter - Adding mock interface to class org/bouncycastle/jcajce/provider/symmetric/SymmetricAlgorithmProvider
2024-11-12 13:43:08,072 INFO  CreateClassResetClassAdapter - Creating brand-new static initializer in class org/bouncycastle/jcajce/provider/symmetric/SymmetricAlgorithmProvider
2024-11-12 13:43:08,072 INFO  EvoClassLoader - Keeping class: org.bouncycastle.jcajce.provider.symmetric.SymmetricAlgorithmProvider
2024-11-12 13:43:08,073 INFO  EvoClassLoader - Seeing class for first time: org.bouncycastle.jcajce.provider.symmetric.AES$Mappings
2024-11-12 13:43:08,073 INFO  EvoClassLoader - Instrumenting class 'org.bouncycastle.jcajce.provider.symmetric.AES$Mappings'.
2024-11-12 13:43:08,073 INFO  MethodCallReplacementClassAdapter - Adding mock interface to class org/bouncycastle/jcajce/provider/symmetric/AES$Mappings
2024-11-12 13:43:08,074 INFO  CreateClassResetClassAdapter - Found static initializer in class org/bouncycastle/jcajce/provider/symmetric/AES$Mappings
2024-11-12 13:43:08,074 INFO  EvoClassLoader - Keeping class: org.bouncycastle.jcajce.provider.symmetric.AES$Mappings
2024-11-12 13:43:08,074 INFO  EvoClassLoader - Seeing class for first time: org.bouncycastle.jcajce.provider.symmetric.AES
2024-11-12 13:43:08,074 INFO  EvoClassLoader - Instrumenting class 'org.bouncycastle.jcajce.provider.symmetric.AES'.
2024-11-12 13:43:08,075 INFO  MethodCallReplacementClassAdapter - Adding mock interface to class org/bouncycastle/jcajce/provider/symmetric/AES
2024-11-12 13:43:08,075 INFO  CreateClassResetClassAdapter - Found static initializer in class org/bouncycastle/jcajce/provider/symmetric/AES
2024-11-12 13:43:08,075 INFO  EvoClassLoader - Keeping class: org.bouncycastle.jcajce.provider.symmetric.AES
2024-11-12 13:43:08,075 INFO  EvoClassLoader - Seeing class for first time: org.bouncycastle.jcajce.provider.symmetric.AES$AESCCMMAC
2024-11-12 13:43:08,075 INFO  EvoClassLoader - Instrumenting class 'org.bouncycastle.jcajce.provider.symmetric.AES$AESCCMMAC'.
2024-11-12 13:43:08,076 INFO  MethodCallReplacementClassAdapter - Adding mock interface to class org/bouncycastle/jcajce/provider/symmetric/AES$AESCCMMAC
2024-11-12 13:43:08,076 INFO  CreateClassResetClassAdapter - Creating brand-new static initializer in class org/bouncycastle/jcajce/provider/symmetric/AES$AESCCMMAC
2024-11-12 13:43:08,076 INFO  EvoClassLoader - Keeping class: org.bouncycastle.jcajce.provider.symmetric.AES$AESCCMMAC
2024-11-12 13:43:08,076 INFO  EvoClassLoader - Seeing class for first time: org.bouncycastle.jcajce.provider.symmetric.AES$AESCMAC
2024-11-12 13:43:08,076 INFO  EvoClassLoader - Instrumenting class 'org.bouncycastle.jcajce.provider.symmetric.AES$AESCMAC'.
2024-11-12 13:43:08,078 INFO  MethodCallReplacementClassAdapter - Adding mock interface to class org/bouncycastle/jcajce/provider/symmetric/AES$AESCMAC
2024-11-12 13:43:08,078 INFO  CreateClassResetClassAdapter - Creating brand-new static initializer in class org/bouncycastle/jcajce/provider/symmetric/AES$AESCMAC
2024-11-12 13:43:08,078 INFO  EvoClassLoader - Keeping class: org.bouncycastle.jcajce.provider.symmetric.AES$AESCMAC
2024-11-12 13:43:08,078 INFO  EvoClassLoader - Seeing class for first time: org.bouncycastle.jcajce.provider.symmetric.AES$AESGMAC
2024-11-12 13:43:08,078 INFO  EvoClassLoader - Instrumenting class 'org.bouncycastle.jcajce.provider.symmetric.AES$AESGMAC'.
2024-11-12 13:43:08,080 INFO  MethodCallReplacementClassAdapter - Adding mock interface to class org/bouncycastle/jcajce/provider/symmetric/AES$AESGMAC
2024-11-12 13:43:08,081 INFO  CreateClassResetClassAdapter - Creating brand-new static initializer in class org/bouncycastle/jcajce/provider/symmetric/AES$AESGMAC
2024-11-12 13:43:08,081 INFO  EvoClassLoader - Keeping class: org.bouncycastle.jcajce.provider.symmetric.AES$AESGMAC
2024-11-12 13:43:08,081 INFO  EvoClassLoader - Seeing class for first time: org.bouncycastle.jcajce.provider.symmetric.AES$AlgParamGen
2024-11-12 13:43:08,081 INFO  EvoClassLoader - Instrumenting class 'org.bouncycastle.jcajce.provider.symmetric.AES$AlgParamGen'.
2024-11-12 13:43:08,081 INFO  MethodCallReplacementClassAdapter - Adding mock interface to class org/bouncycastle/jcajce/provider/symmetric/AES$AlgParamGen
2024-11-12 13:43:08,082 INFO  CreateClassResetClassAdapter - Creating brand-new static initializer in class org/bouncycastle/jcajce/provider/symmetric/AES$AlgParamGen
2024-11-12 13:43:08,082 INFO  EvoClassLoader - Seeing class for first time: org.bouncycastle.jcajce.provider.symmetric.util.BaseAlgorithmParameterGenerator
2024-11-12 13:43:08,082 INFO  EvoClassLoader - Instrumenting class 'org.bouncycastle.jcajce.provider.symmetric.util.BaseAlgorithmParameterGenerator'.
2024-11-12 13:43:08,082 INFO  MethodCallReplacementClassAdapter - Adding mock interface to class org/bouncycastle/jcajce/provider/symmetric/util/BaseAlgorithmParameterGenerator
2024-11-12 13:43:08,082 INFO  CreateClassResetClassAdapter - Creating brand-new static initializer in class org/bouncycastle/jcajce/provider/symmetric/util/BaseAlgorithmParameterGenerator
2024-11-12 13:43:08,083 INFO  EvoClassLoader - Keeping class: org.bouncycastle.jcajce.provider.symmetric.util.BaseAlgorithmParameterGenerator
2024-11-12 13:43:08,083 INFO  EvoClassLoader - Keeping class: org.bouncycastle.jcajce.provider.symmetric.AES$AlgParamGen
2024-11-12 13:43:08,083 INFO  EvoClassLoader - Seeing class for first time: org.bouncycastle.jcajce.provider.symmetric.AES$AlgParamGenCCM
2024-11-12 13:43:08,083 INFO  EvoClassLoader - Instrumenting class 'org.bouncycastle.jcajce.provider.symmetric.AES$AlgParamGenCCM'.
2024-11-12 13:43:08,084 INFO  MethodCallReplacementClassAdapter - Adding mock interface to class org/bouncycastle/jcajce/provider/symmetric/AES$AlgParamGenCCM
2024-11-12 13:43:08,085 INFO  CreateClassResetClassAdapter - Creating brand-new static initializer in class org/bouncycastle/jcajce/provider/symmetric/AES$AlgParamGenCCM
2024-11-12 13:43:08,085 INFO  EvoClassLoader - Keeping class: org.bouncycastle.jcajce.provider.symmetric.AES$AlgParamGenCCM
2024-11-12 13:43:08,085 INFO  EvoClassLoader - Seeing class for first time: org.bouncycastle.jcajce.provider.symmetric.AES$AlgParamGenGCM
2024-11-12 13:43:08,085 INFO  EvoClassLoader - Instrumenting class 'org.bouncycastle.jcajce.provider.symmetric.AES$AlgParamGenGCM'.
2024-11-12 13:43:08,086 INFO  MethodCallReplacementClassAdapter - Adding mock interface to class org/bouncycastle/jcajce/provider/symmetric/AES$AlgParamGenGCM
2024-11-12 13:43:08,086 INFO  CreateClassResetClassAdapter - Creating brand-new static initializer in class org/bouncycastle/jcajce/provider/symmetric/AES$AlgParamGenGCM
2024-11-12 13:43:08,087 INFO  EvoClassLoader - Keeping class: org.bouncycastle.jcajce.provider.symmetric.AES$AlgParamGenGCM
2024-11-12 13:43:08,087 INFO  EvoClassLoader - Seeing class for first time: org.bouncycastle.jcajce.provider.symmetric.AES$AlgParams
2024-11-12 13:43:08,087 INFO  EvoClassLoader - Instrumenting class 'org.bouncycastle.jcajce.provider.symmetric.AES$AlgParams'.
2024-11-12 13:43:08,087 INFO  MethodCallReplacementClassAdapter - Adding mock interface to class org/bouncycastle/jcajce/provider/symmetric/AES$AlgParams
2024-11-12 13:43:08,087 INFO  CreateClassResetClassAdapter - Creating brand-new static initializer in class org/bouncycastle/jcajce/provider/symmetric/AES$AlgParams
2024-11-12 13:43:08,087 INFO  EvoClassLoader - Seeing class for first time: org.bouncycastle.jcajce.provider.symmetric.util.IvAlgorithmParameters
2024-11-12 13:43:08,087 INFO  EvoClassLoader - Instrumenting class 'org.bouncycastle.jcajce.provider.symmetric.util.IvAlgorithmParameters'.
2024-11-12 13:43:08,087 INFO  MethodCallReplacementClassAdapter - Adding mock interface to class org/bouncycastle/jcajce/provider/symmetric/util/IvAlgorithmParameters
2024-11-12 13:43:08,089 INFO  CreateClassResetClassAdapter - Creating brand-new static initializer in class org/bouncycastle/jcajce/provider/symmetric/util/IvAlgorithmParameters
2024-11-12 13:43:08,089 INFO  EvoClassLoader - Keeping class: org.bouncycastle.jcajce.provider.symmetric.util.IvAlgorithmParameters
2024-11-12 13:43:08,089 INFO  EvoClassLoader - Keeping class: org.bouncycastle.jcajce.provider.symmetric.AES$AlgParams
2024-11-12 13:43:08,089 INFO  EvoClassLoader - Seeing class for first time: org.bouncycastle.jcajce.provider.symmetric.AES$AlgParamsCCM
2024-11-12 13:43:08,089 INFO  EvoClassLoader - Instrumenting class 'org.bouncycastle.jcajce.provider.symmetric.AES$AlgParamsCCM'.
2024-11-12 13:43:08,090 INFO  MethodCallReplacementClassAdapter - Adding mock interface to class org/bouncycastle/jcajce/provider/symmetric/AES$AlgParamsCCM
2024-11-12 13:43:08,090 INFO  CreateClassResetClassAdapter - Creating brand-new static initializer in class org/bouncycastle/jcajce/provider/symmetric/AES$AlgParamsCCM
2024-11-12 13:43:08,091 INFO  EvoClassLoader - Keeping class: org.bouncycastle.jcajce.provider.symmetric.AES$AlgParamsCCM
2024-11-12 13:43:08,091 INFO  EvoClassLoader - Seeing class for first time: org.bouncycastle.jcajce.provider.symmetric.AES$AlgParamsGCM
2024-11-12 13:43:08,091 INFO  EvoClassLoader - Instrumenting class 'org.bouncycastle.jcajce.provider.symmetric.AES$AlgParamsGCM'.
2024-11-12 13:43:08,092 INFO  MethodCallReplacementClassAdapter - Adding mock interface to class org/bouncycastle/jcajce/provider/symmetric/AES$AlgParamsGCM
2024-11-12 13:43:08,093 INFO  CreateClassResetClassAdapter - Creating brand-new static initializer in class org/bouncycastle/jcajce/provider/symmetric/AES$AlgParamsGCM
2024-11-12 13:43:08,093 INFO  EvoClassLoader - Keeping class: org.bouncycastle.jcajce.provider.symmetric.AES$AlgParamsGCM
2024-11-12 13:43:08,093 INFO  EvoClassLoader - Seeing class for first time: org.bouncycastle.jcajce.provider.symmetric.AES$CBC
2024-11-12 13:43:08,093 INFO  EvoClassLoader - Instrumenting class 'org.bouncycastle.jcajce.provider.symmetric.AES$CBC'.
2024-11-12 13:43:08,093 INFO  MethodCallReplacementClassAdapter - Adding mock interface to class org/bouncycastle/jcajce/provider/symmetric/AES$CBC
2024-11-12 13:43:08,093 INFO  CreateClassResetClassAdapter - Creating brand-new static initializer in class org/bouncycastle/jcajce/provider/symmetric/AES$CBC
2024-11-12 13:43:08,093 INFO  EvoClassLoader - Seeing class for first time: org.bouncycastle.jcajce.provider.symmetric.util.BaseBlockCipher
2024-11-12 13:43:08,093 INFO  EvoClassLoader - Instrumenting class 'org.bouncycastle.jcajce.provider.symmetric.util.BaseBlockCipher'.
2024-11-12 13:43:08,094 INFO  MethodCallReplacementClassAdapter - Adding mock interface to class org/bouncycastle/jcajce/provider/symmetric/util/BaseBlockCipher
2024-11-12 13:43:08,102 INFO  CreateClassResetClassAdapter - Found static initializer in class org/bouncycastle/jcajce/provider/symmetric/util/BaseBlockCipher
2024-11-12 13:43:08,103 INFO  EvoClassLoader - Seeing class for first time: org.bouncycastle.jcajce.provider.symmetric.util.BaseWrapCipher
2024-11-12 13:43:08,103 INFO  EvoClassLoader - Instrumenting class 'org.bouncycastle.jcajce.provider.symmetric.util.BaseWrapCipher'.
2024-11-12 13:43:08,103 INFO  MethodCallReplacementClassAdapter - Adding mock interface to class org/bouncycastle/jcajce/provider/symmetric/util/BaseWrapCipher
2024-11-12 13:43:08,108 INFO  CreateClassResetClassAdapter - Creating brand-new static initializer in class org/bouncycastle/jcajce/provider/symmetric/util/BaseWrapCipher
2024-11-12 13:43:08,109 INFO  EvoClassLoader - Keeping class: org.bouncycastle.jcajce.provider.symmetric.util.BaseWrapCipher
2024-11-12 13:43:08,109 INFO  EvoClassLoader - Keeping class: org.bouncycastle.jcajce.provider.symmetric.util.BaseBlockCipher
2024-11-12 13:43:08,109 INFO  EvoClassLoader - Keeping class: org.bouncycastle.jcajce.provider.symmetric.AES$CBC
2024-11-12 13:43:08,109 INFO  EvoClassLoader - Seeing class for first time: org.bouncycastle.jcajce.provider.symmetric.AES$CCM
2024-11-12 13:43:08,109 INFO  EvoClassLoader - Instrumenting class 'org.bouncycastle.jcajce.provider.symmetric.AES$CCM'.
2024-11-12 13:43:08,109 INFO  MethodCallReplacementClassAdapter - Adding mock interface to class org/bouncycastle/jcajce/provider/symmetric/AES$CCM
2024-11-12 13:43:08,109 INFO  CreateClassResetClassAdapter - Creating brand-new static initializer in class org/bouncycastle/jcajce/provider/symmetric/AES$CCM
2024-11-12 13:43:08,110 INFO  EvoClassLoader - Keeping class: org.bouncycastle.jcajce.provider.symmetric.AES$CCM
2024-11-12 13:43:08,110 INFO  EvoClassLoader - Seeing class for first time: org.bouncycastle.jcajce.provider.symmetric.AES$CFB
2024-11-12 13:43:08,110 INFO  EvoClassLoader - Instrumenting class 'org.bouncycastle.jcajce.provider.symmetric.AES$CFB'.
2024-11-12 13:43:08,110 INFO  MethodCallReplacementClassAdapter - Adding mock interface to class org/bouncycastle/jcajce/provider/symmetric/AES$CFB
2024-11-12 13:43:08,110 INFO  CreateClassResetClassAdapter - Creating brand-new static initializer in class org/bouncycastle/jcajce/provider/symmetric/AES$CFB
2024-11-12 13:43:08,110 INFO  EvoClassLoader - Keeping class: org.bouncycastle.jcajce.provider.symmetric.AES$CFB
2024-11-12 13:43:08,110 INFO  EvoClassLoader - Seeing class for first time: org.bouncycastle.jcajce.provider.symmetric.AES$ECB
2024-11-12 13:43:08,110 INFO  EvoClassLoader - Instrumenting class 'org.bouncycastle.jcajce.provider.symmetric.AES$ECB'.
2024-11-12 13:43:08,110 INFO  MethodCallReplacementClassAdapter - Adding mock interface to class org/bouncycastle/jcajce/provider/symmetric/AES$ECB
2024-11-12 13:43:08,110 INFO  CreateClassResetClassAdapter - Creating brand-new static initializer in class org/bouncycastle/jcajce/provider/symmetric/AES$ECB
2024-11-12 13:43:08,110 INFO  EvoClassLoader - Keeping class: org.bouncycastle.jcajce.provider.symmetric.AES$ECB
2024-11-12 13:43:08,110 INFO  EvoClassLoader - Seeing class for first time: org.bouncycastle.jcajce.provider.symmetric.AES$GCM
2024-11-12 13:43:08,110 INFO  EvoClassLoader - Instrumenting class 'org.bouncycastle.jcajce.provider.symmetric.AES$GCM'.
2024-11-12 13:43:08,110 INFO  MethodCallReplacementClassAdapter - Adding mock interface to class org/bouncycastle/jcajce/provider/symmetric/AES$GCM
2024-11-12 13:43:08,110 INFO  CreateClassResetClassAdapter - Creating brand-new static initializer in class org/bouncycastle/jcajce/provider/symmetric/AES$GCM
2024-11-12 13:43:08,111 INFO  EvoClassLoader - Keeping class: org.bouncycastle.jcajce.provider.symmetric.AES$GCM
2024-11-12 13:43:08,111 INFO  EvoClassLoader - Seeing class for first time: org.bouncycastle.jcajce.provider.symmetric.AES$KeyFactory
2024-11-12 13:43:08,111 INFO  EvoClassLoader - Instrumenting class 'org.bouncycastle.jcajce.provider.symmetric.AES$KeyFactory'.
2024-11-12 13:43:08,111 INFO  MethodCallReplacementClassAdapter - Adding mock interface to class org/bouncycastle/jcajce/provider/symmetric/AES$KeyFactory
2024-11-12 13:43:08,111 INFO  CreateClassResetClassAdapter - Creating brand-new static initializer in class org/bouncycastle/jcajce/provider/symmetric/AES$KeyFactory
2024-11-12 13:43:08,111 INFO  EvoClassLoader - Keeping class: org.bouncycastle.jcajce.provider.symmetric.AES$KeyFactory
2024-11-12 13:43:08,111 INFO  EvoClassLoader - Seeing class for first time: org.bouncycastle.jcajce.provider.symmetric.AES$KeyGen
2024-11-12 13:43:08,111 INFO  EvoClassLoader - Instrumenting class 'org.bouncycastle.jcajce.provider.symmetric.AES$KeyGen'.
2024-11-12 13:43:08,111 INFO  MethodCallReplacementClassAdapter - Adding mock interface to class org/bouncycastle/jcajce/provider/symmetric/AES$KeyGen
2024-11-12 13:43:08,111 INFO  CreateClassResetClassAdapter - Creating brand-new static initializer in class org/bouncycastle/jcajce/provider/symmetric/AES$KeyGen
2024-11-12 13:43:08,111 INFO  EvoClassLoader - Keeping class: org.bouncycastle.jcajce.provider.symmetric.AES$KeyGen
2024-11-12 13:43:08,111 INFO  EvoClassLoader - Seeing class for first time: org.bouncycastle.jcajce.provider.symmetric.AES$KeyGen128
2024-11-12 13:43:08,111 INFO  EvoClassLoader - Instrumenting class 'org.bouncycastle.jcajce.provider.symmetric.AES$KeyGen128'.
2024-11-12 13:43:08,111 INFO  MethodCallReplacementClassAdapter - Adding mock interface to class org/bouncycastle/jcajce/provider/symmetric/AES$KeyGen128
2024-11-12 13:43:08,111 INFO  CreateClassResetClassAdapter - Creating brand-new static initializer in class org/bouncycastle/jcajce/provider/symmetric/AES$KeyGen128
2024-11-12 13:43:08,111 INFO  EvoClassLoader - Keeping class: org.bouncycastle.jcajce.provider.symmetric.AES$KeyGen128
2024-11-12 13:43:08,111 INFO  EvoClassLoader - Seeing class for first time: org.bouncycastle.jcajce.provider.symmetric.AES$KeyGen192
2024-11-12 13:43:08,111 INFO  EvoClassLoader - Instrumenting class 'org.bouncycastle.jcajce.provider.symmetric.AES$KeyGen192'.
2024-11-12 13:43:08,111 INFO  MethodCallReplacementClassAdapter - Adding mock interface to class org/bouncycastle/jcajce/provider/symmetric/AES$KeyGen192
2024-11-12 13:43:08,111 INFO  CreateClassResetClassAdapter - Creating brand-new static initializer in class org/bouncycastle/jcajce/provider/symmetric/AES$KeyGen192
2024-11-12 13:43:08,111 INFO  EvoClassLoader - Keeping class: org.bouncycastle.jcajce.provider.symmetric.AES$KeyGen192
2024-11-12 13:43:08,111 INFO  EvoClassLoader - Seeing class for first time: org.bouncycastle.jcajce.provider.symmetric.AES$KeyGen256
2024-11-12 13:43:08,111 INFO  EvoClassLoader - Instrumenting class 'org.bouncycastle.jcajce.provider.symmetric.AES$KeyGen256'.
2024-11-12 13:43:08,111 INFO  MethodCallReplacementClassAdapter - Adding mock interface to class org/bouncycastle/jcajce/provider/symmetric/AES$KeyGen256
2024-11-12 13:43:08,112 INFO  CreateClassResetClassAdapter - Creating brand-new static initializer in class org/bouncycastle/jcajce/provider/symmetric/AES$KeyGen256
2024-11-12 13:43:08,112 INFO  EvoClassLoader - Keeping class: org.bouncycastle.jcajce.provider.symmetric.AES$KeyGen256
2024-11-12 13:43:08,113 INFO  EvoClassLoader - Seeing class for first time: org.bouncycastle.asn1.bc.BCObjectIdentifiers
2024-11-12 13:43:08,113 INFO  EvoClassLoader - Instrumenting class 'org.bouncycastle.asn1.bc.BCObjectIdentifiers'.
2024-11-12 13:43:08,114 INFO  EvoClassLoader - Defined package (3): package org.bouncycastle.asn1.bc, 1905443594
2024-11-12 13:43:08,114 INFO  EvoClassLoader - Keeping class: org.bouncycastle.asn1.bc.BCObjectIdentifiers
2024-11-12 13:43:08,114 INFO  EvoClassLoader - Seeing class for first time: org.bouncycastle.jcajce.provider.symmetric.ARC4$Mappings
2024-11-12 13:43:08,114 INFO  EvoClassLoader - Instrumenting class 'org.bouncycastle.jcajce.provider.symmetric.ARC4$Mappings'.
2024-11-12 13:43:08,115 INFO  MethodCallReplacementClassAdapter - Adding mock interface to class org/bouncycastle/jcajce/provider/symmetric/ARC4$Mappings
2024-11-12 13:43:08,115 INFO  CreateClassResetClassAdapter - Found static initializer in class org/bouncycastle/jcajce/provider/symmetric/ARC4$Mappings
2024-11-12 13:43:08,115 INFO  EvoClassLoader - Keeping class: org.bouncycastle.jcajce.provider.symmetric.ARC4$Mappings
2024-11-12 13:43:08,115 INFO  EvoClassLoader - Seeing class for first time: org.bouncycastle.jcajce.provider.symmetric.ARC4
2024-11-12 13:43:08,115 INFO  EvoClassLoader - Instrumenting class 'org.bouncycastle.jcajce.provider.symmetric.ARC4'.
2024-11-12 13:43:08,116 INFO  MethodCallReplacementClassAdapter - Adding mock interface to class org/bouncycastle/jcajce/provider/symmetric/ARC4
2024-11-12 13:43:08,116 INFO  CreateClassResetClassAdapter - Creating brand-new static initializer in class org/bouncycastle/jcajce/provider/symmetric/ARC4
2024-11-12 13:43:08,116 INFO  EvoClassLoader - Keeping class: org.bouncycastle.jcajce.provider.symmetric.ARC4
2024-11-12 13:43:08,116 INFO  EvoClassLoader - Seeing class for first time: org.bouncycastle.jcajce.provider.symmetric.ARC4$Base
2024-11-12 13:43:08,116 INFO  EvoClassLoader - Instrumenting class 'org.bouncycastle.jcajce.provider.symmetric.ARC4$Base'.
2024-11-12 13:43:08,117 INFO  MethodCallReplacementClassAdapter - Adding mock interface to class org/bouncycastle/jcajce/provider/symmetric/ARC4$Base
2024-11-12 13:43:08,117 INFO  CreateClassResetClassAdapter - Creating brand-new static initializer in class org/bouncycastle/jcajce/provider/symmetric/ARC4$Base
2024-11-12 13:43:08,117 INFO  EvoClassLoader - Seeing class for first time: org.bouncycastle.jcajce.provider.symmetric.util.BaseStreamCipher
2024-11-12 13:43:08,117 INFO  EvoClassLoader - Instrumenting class 'org.bouncycastle.jcajce.provider.symmetric.util.BaseStreamCipher'.
2024-11-12 13:43:08,117 INFO  MethodCallReplacementClassAdapter - Adding mock interface to class org/bouncycastle/jcajce/provider/symmetric/util/BaseStreamCipher
2024-11-12 13:43:08,120 INFO  CreateClassResetClassAdapter - Creating brand-new static initializer in class org/bouncycastle/jcajce/provider/symmetric/util/BaseStreamCipher
2024-11-12 13:43:08,120 INFO  EvoClassLoader - Keeping class: org.bouncycastle.jcajce.provider.symmetric.util.BaseStreamCipher
2024-11-12 13:43:08,120 INFO  EvoClassLoader - Keeping class: org.bouncycastle.jcajce.provider.symmetric.ARC4$Base
2024-11-12 13:43:08,120 INFO  EvoClassLoader - Seeing class for first time: org.bouncycastle.jcajce.provider.symmetric.ARC4$KeyGen
2024-11-12 13:43:08,120 INFO  EvoClassLoader - Instrumenting class 'org.bouncycastle.jcajce.provider.symmetric.ARC4$KeyGen'.
2024-11-12 13:43:08,121 INFO  MethodCallReplacementClassAdapter - Adding mock interface to class org/bouncycastle/jcajce/provider/symmetric/ARC4$KeyGen
2024-11-12 13:43:08,121 INFO  CreateClassResetClassAdapter - Creating brand-new static initializer in class org/bouncycastle/jcajce/provider/symmetric/ARC4$KeyGen
2024-11-12 13:43:08,121 INFO  EvoClassLoader - Keeping class: org.bouncycastle.jcajce.provider.symmetric.ARC4$KeyGen
2024-11-12 13:43:08,121 INFO  EvoClassLoader - Seeing class for first time: org.bouncycastle.jcajce.provider.symmetric.ARIA$Mappings
2024-11-12 13:43:08,121 INFO  EvoClassLoader - Instrumenting class 'org.bouncycastle.jcajce.provider.symmetric.ARIA$Mappings'.
2024-11-12 13:43:08,121 INFO  MethodCallReplacementClassAdapter - Adding mock interface to class org/bouncycastle/jcajce/provider/symmetric/ARIA$Mappings
2024-11-12 13:43:08,122 INFO  CreateClassResetClassAdapter - Found static initializer in class org/bouncycastle/jcajce/provider/symmetric/ARIA$Mappings
2024-11-12 13:43:08,122 INFO  EvoClassLoader - Keeping class: org.bouncycastle.jcajce.provider.symmetric.ARIA$Mappings
2024-11-12 13:43:08,122 INFO  EvoClassLoader - Seeing class for first time: org.bouncycastle.jcajce.provider.symmetric.ARIA
2024-11-12 13:43:08,122 INFO  EvoClassLoader - Instrumenting class 'org.bouncycastle.jcajce.provider.symmetric.ARIA'.
2024-11-12 13:43:08,123 INFO  MethodCallReplacementClassAdapter - Adding mock interface to class org/bouncycastle/jcajce/provider/symmetric/ARIA
2024-11-12 13:43:08,123 INFO  CreateClassResetClassAdapter - Creating brand-new static initializer in class org/bouncycastle/jcajce/provider/symmetric/ARIA
2024-11-12 13:43:08,123 INFO  EvoClassLoader - Keeping class: org.bouncycastle.jcajce.provider.symmetric.ARIA
2024-11-12 13:43:08,123 INFO  EvoClassLoader - Seeing class for first time: org.bouncycastle.jcajce.provider.symmetric.ARIA$AlgParamGen
2024-11-12 13:43:08,123 INFO  EvoClassLoader - Instrumenting class 'org.bouncycastle.jcajce.provider.symmetric.ARIA$AlgParamGen'.
2024-11-12 13:43:08,123 INFO  MethodCallReplacementClassAdapter - Adding mock interface to class org/bouncycastle/jcajce/provider/symmetric/ARIA$AlgParamGen
2024-11-12 13:43:08,124 INFO  CreateClassResetClassAdapter - Creating brand-new static initializer in class org/bouncycastle/jcajce/provider/symmetric/ARIA$AlgParamGen
2024-11-12 13:43:08,124 INFO  EvoClassLoader - Keeping class: org.bouncycastle.jcajce.provider.symmetric.ARIA$AlgParamGen
2024-11-12 13:43:08,124 INFO  EvoClassLoader - Seeing class for first time: org.bouncycastle.jcajce.provider.symmetric.ARIA$AlgParams
2024-11-12 13:43:08,124 INFO  EvoClassLoader - Instrumenting class 'org.bouncycastle.jcajce.provider.symmetric.ARIA$AlgParams'.
2024-11-12 13:43:08,125 INFO  MethodCallReplacementClassAdapter - Adding mock interface to class org/bouncycastle/jcajce/provider/symmetric/ARIA$AlgParams
2024-11-12 13:43:08,125 INFO  CreateClassResetClassAdapter - Creating brand-new static initializer in class org/bouncycastle/jcajce/provider/symmetric/ARIA$AlgParams
2024-11-12 13:43:08,125 INFO  EvoClassLoader - Keeping class: org.bouncycastle.jcajce.provider.symmetric.ARIA$AlgParams
2024-11-12 13:43:08,125 INFO  EvoClassLoader - Seeing class for first time: org.bouncycastle.jcajce.provider.symmetric.ARIA$AlgParamsCCM
2024-11-12 13:43:08,125 INFO  EvoClassLoader - Instrumenting class 'org.bouncycastle.jcajce.provider.symmetric.ARIA$AlgParamsCCM'.
2024-11-12 13:43:08,125 INFO  MethodCallReplacementClassAdapter - Adding mock interface to class org/bouncycastle/jcajce/provider/symmetric/ARIA$AlgParamsCCM
2024-11-12 13:43:08,126 INFO  CreateClassResetClassAdapter - Creating brand-new static initializer in class org/bouncycastle/jcajce/provider/symmetric/ARIA$AlgParamsCCM
2024-11-12 13:43:08,126 INFO  EvoClassLoader - Keeping class: org.bouncycastle.jcajce.provider.symmetric.ARIA$AlgParamsCCM
2024-11-12 13:43:08,126 INFO  EvoClassLoader - Seeing class for first time: org.bouncycastle.jcajce.provider.symmetric.ARIA$AlgParamsGCM
2024-11-12 13:43:08,126 INFO  EvoClassLoader - Instrumenting class 'org.bouncycastle.jcajce.provider.symmetric.ARIA$AlgParamsGCM'.
2024-11-12 13:43:08,126 INFO  MethodCallReplacementClassAdapter - Adding mock interface to class org/bouncycastle/jcajce/provider/symmetric/ARIA$AlgParamsGCM
2024-11-12 13:43:08,127 INFO  CreateClassResetClassAdapter - Creating brand-new static initializer in class org/bouncycastle/jcajce/provider/symmetric/ARIA$AlgParamsGCM
2024-11-12 13:43:08,127 INFO  EvoClassLoader - Keeping class: org.bouncycastle.jcajce.provider.symmetric.ARIA$AlgParamsGCM
2024-11-12 13:43:08,127 INFO  EvoClassLoader - Seeing class for first time: org.bouncycastle.jcajce.provider.symmetric.ARIA$CBC
2024-11-12 13:43:08,127 INFO  EvoClassLoader - Instrumenting class 'org.bouncycastle.jcajce.provider.symmetric.ARIA$CBC'.
2024-11-12 13:43:08,127 INFO  MethodCallReplacementClassAdapter - Adding mock interface to class org/bouncycastle/jcajce/provider/symmetric/ARIA$CBC
2024-11-12 13:43:08,127 INFO  CreateClassResetClassAdapter - Creating brand-new static initializer in class org/bouncycastle/jcajce/provider/symmetric/ARIA$CBC
2024-11-12 13:43:08,127 INFO  EvoClassLoader - Keeping class: org.bouncycastle.jcajce.provider.symmetric.ARIA$CBC
2024-11-12 13:43:08,127 INFO  EvoClassLoader - Seeing class for first time: org.bouncycastle.jcajce.provider.symmetric.ARIA$CCM
2024-11-12 13:43:08,127 INFO  EvoClassLoader - Instrumenting class 'org.bouncycastle.jcajce.provider.symmetric.ARIA$CCM'.
2024-11-12 13:43:08,128 INFO  MethodCallReplacementClassAdapter - Adding mock interface to class org/bouncycastle/jcajce/provider/symmetric/ARIA$CCM
2024-11-12 13:43:08,128 INFO  CreateClassResetClassAdapter - Creating brand-new static initializer in class org/bouncycastle/jcajce/provider/symmetric/ARIA$CCM
2024-11-12 13:43:08,129 INFO  EvoClassLoader - Keeping class: org.bouncycastle.jcajce.provider.symmetric.ARIA$CCM
2024-11-12 13:43:08,129 INFO  EvoClassLoader - Seeing class for first time: org.bouncycastle.jcajce.provider.symmetric.ARIA$CFB
2024-11-12 13:43:08,129 INFO  EvoClassLoader - Instrumenting class 'org.bouncycastle.jcajce.provider.symmetric.ARIA$CFB'.
2024-11-12 13:43:08,129 INFO  MethodCallReplacementClassAdapter - Adding mock interface to class org/bouncycastle/jcajce/provider/symmetric/ARIA$CFB
2024-11-12 13:43:08,129 INFO  CreateClassResetClassAdapter - Creating brand-new static initializer in class org/bouncycastle/jcajce/provider/symmetric/ARIA$CFB
2024-11-12 13:43:08,129 INFO  EvoClassLoader - Keeping class: org.bouncycastle.jcajce.provider.symmetric.ARIA$CFB
2024-11-12 13:43:08,129 INFO  EvoClassLoader - Seeing class for first time: org.bouncycastle.jcajce.provider.symmetric.ARIA$ECB
2024-11-12 13:43:08,129 INFO  EvoClassLoader - Instrumenting class 'org.bouncycastle.jcajce.provider.symmetric.ARIA$ECB'.
2024-11-12 13:43:08,129 INFO  MethodCallReplacementClassAdapter - Adding mock interface to class org/bouncycastle/jcajce/provider/symmetric/ARIA$ECB
2024-11-12 13:43:08,130 INFO  CreateClassResetClassAdapter - Creating brand-new static initializer in class org/bouncycastle/jcajce/provider/symmetric/ARIA$ECB
2024-11-12 13:43:08,130 INFO  EvoClassLoader - Keeping class: org.bouncycastle.jcajce.provider.symmetric.ARIA$ECB
2024-11-12 13:43:08,130 INFO  EvoClassLoader - Seeing class for first time: org.bouncycastle.jcajce.provider.symmetric.ARIA$GCM
2024-11-12 13:43:08,130 INFO  EvoClassLoader - Instrumenting class 'org.bouncycastle.jcajce.provider.symmetric.ARIA$GCM'.
2024-11-12 13:43:08,130 INFO  MethodCallReplacementClassAdapter - Adding mock interface to class org/bouncycastle/jcajce/provider/symmetric/ARIA$GCM
2024-11-12 13:43:08,130 INFO  CreateClassResetClassAdapter - Creating brand-new static initializer in class org/bouncycastle/jcajce/provider/symmetric/ARIA$GCM
2024-11-12 13:43:08,130 INFO  EvoClassLoader - Keeping class: org.bouncycastle.jcajce.provider.symmetric.ARIA$GCM
2024-11-12 13:43:08,130 INFO  EvoClassLoader - Seeing class for first time: org.bouncycastle.jcajce.provider.symmetric.ARIA$GMAC
2024-11-12 13:43:08,130 INFO  EvoClassLoader - Instrumenting class 'org.bouncycastle.jcajce.provider.symmetric.ARIA$GMAC'.
2024-11-12 13:43:08,130 INFO  MethodCallReplacementClassAdapter - Adding mock interface to class org/bouncycastle/jcajce/provider/symmetric/ARIA$GMAC
2024-11-12 13:43:08,130 INFO  CreateClassResetClassAdapter - Creating brand-new static initializer in class org/bouncycastle/jcajce/provider/symmetric/ARIA$GMAC
2024-11-12 13:43:08,131 INFO  EvoClassLoader - Keeping class: org.bouncycastle.jcajce.provider.symmetric.ARIA$GMAC
2024-11-12 13:43:08,131 INFO  EvoClassLoader - Seeing class for first time: org.bouncycastle.jcajce.provider.symmetric.ARIA$KeyFactory
2024-11-12 13:43:08,131 INFO  EvoClassLoader - Instrumenting class 'org.bouncycastle.jcajce.provider.symmetric.ARIA$KeyFactory'.
2024-11-12 13:43:08,131 INFO  MethodCallReplacementClassAdapter - Adding mock interface to class org/bouncycastle/jcajce/provider/symmetric/ARIA$KeyFactory
2024-11-12 13:43:08,131 INFO  CreateClassResetClassAdapter - Creating brand-new static initializer in class org/bouncycastle/jcajce/provider/symmetric/ARIA$KeyFactory
2024-11-12 13:43:08,131 INFO  EvoClassLoader - Keeping class: org.bouncycastle.jcajce.provider.symmetric.ARIA$KeyFactory
2024-11-12 13:43:08,131 INFO  EvoClassLoader - Seeing class for first time: org.bouncycastle.jcajce.provider.symmetric.ARIA$KeyGen
2024-11-12 13:43:08,131 INFO  EvoClassLoader - Instrumenting class 'org.bouncycastle.jcajce.provider.symmetric.ARIA$KeyGen'.
2024-11-12 13:43:08,131 INFO  MethodCallReplacementClassAdapter - Adding mock interface to class org/bouncycastle/jcajce/provider/symmetric/ARIA$KeyGen
2024-11-12 13:43:08,132 INFO  CreateClassResetClassAdapter - Creating brand-new static initializer in class org/bouncycastle/jcajce/provider/symmetric/ARIA$KeyGen
2024-11-12 13:43:08,132 INFO  EvoClassLoader - Keeping class: org.bouncycastle.jcajce.provider.symmetric.ARIA$KeyGen
2024-11-12 13:43:08,132 INFO  EvoClassLoader - Seeing class for first time: org.bouncycastle.jcajce.provider.symmetric.ARIA$KeyGen128
2024-11-12 13:43:08,132 INFO  EvoClassLoader - Instrumenting class 'org.bouncycastle.jcajce.provider.symmetric.ARIA$KeyGen128'.
2024-11-12 13:43:08,133 INFO  MethodCallReplacementClassAdapter - Adding mock interface to class org/bouncycastle/jcajce/provider/symmetric/ARIA$KeyGen128
2024-11-12 13:43:08,133 INFO  CreateClassResetClassAdapter - Creating brand-new static initializer in class org/bouncycastle/jcajce/provider/symmetric/ARIA$KeyGen128
2024-11-12 13:43:08,133 INFO  EvoClassLoader - Keeping class: org.bouncycastle.jcajce.provider.symmetric.ARIA$KeyGen128
2024-11-12 13:43:08,133 INFO  EvoClassLoader - Seeing class for first time: org.bouncycastle.jcajce.provider.symmetric.ARIA$KeyGen192
2024-11-12 13:43:08,133 INFO  EvoClassLoader - Instrumenting class 'org.bouncycastle.jcajce.provider.symmetric.ARIA$KeyGen192'.
2024-11-12 13:43:08,133 INFO  MethodCallReplacementClassAdapter - Adding mock interface to class org/bouncycastle/jcajce/provider/symmetric/ARIA$KeyGen192
2024-11-12 13:43:08,133 INFO  CreateClassResetClassAdapter - Creating brand-new static initializer in class org/bouncycastle/jcajce/provider/symmetric/ARIA$KeyGen192
2024-11-12 13:43:08,133 INFO  EvoClassLoader - Keeping class: org.bouncycastle.jcajce.provider.symmetric.ARIA$KeyGen192
2024-11-12 13:43:08,133 INFO  EvoClassLoader - Seeing class for first time: org.bouncycastle.jcajce.provider.symmetric.ARIA$KeyGen256
2024-11-12 13:43:08,133 INFO  EvoClassLoader - Instrumenting class 'org.bouncycastle.jcajce.provider.symmetric.ARIA$KeyGen256'.
2024-11-12 13:43:08,133 INFO  MethodCallReplacementClassAdapter - Adding mock interface to class org/bouncycastle/jcajce/provider/symmetric/ARIA$KeyGen256
2024-11-12 13:43:08,133 INFO  CreateClassResetClassAdapter - Creating brand-new static initializer in class org/bouncycastle/jcajce/provider/symmetric/ARIA$KeyGen256
2024-11-12 13:43:08,133 INFO  EvoClassLoader - Keeping class: org.bouncycastle.jcajce.provider.symmetric.ARIA$KeyGen256
2024-11-12 13:43:08,134 INFO  EvoClassLoader - Seeing class for first time: org.bouncycastle.asn1.nsri.NSRIObjectIdentifiers
2024-11-12 13:43:08,134 INFO  EvoClassLoader - Instrumenting class 'org.bouncycastle.asn1.nsri.NSRIObjectIdentifiers'.
2024-11-12 13:43:08,135 INFO  EvoClassLoader - Defined package (3): package org.bouncycastle.asn1.nsri, 1475602245
2024-11-12 13:43:08,135 INFO  EvoClassLoader - Keeping class: org.bouncycastle.asn1.nsri.NSRIObjectIdentifiers
2024-11-12 13:43:08,135 INFO  EvoClassLoader - Seeing class for first time: org.bouncycastle.jcajce.provider.symmetric.Blowfish$Mappings
2024-11-12 13:43:08,135 INFO  EvoClassLoader - Instrumenting class 'org.bouncycastle.jcajce.provider.symmetric.Blowfish$Mappings'.
2024-11-12 13:43:08,135 INFO  MethodCallReplacementClassAdapter - Adding mock interface to class org/bouncycastle/jcajce/provider/symmetric/Blowfish$Mappings
2024-11-12 13:43:08,135 INFO  CreateClassResetClassAdapter - Found static initializer in class org/bouncycastle/jcajce/provider/symmetric/Blowfish$Mappings
2024-11-12 13:43:08,136 INFO  EvoClassLoader - Keeping class: org.bouncycastle.jcajce.provider.symmetric.Blowfish$Mappings
2024-11-12 13:43:08,136 INFO  EvoClassLoader - Seeing class for first time: org.bouncycastle.jcajce.provider.symmetric.Blowfish
2024-11-12 13:43:08,136 INFO  EvoClassLoader - Instrumenting class 'org.bouncycastle.jcajce.provider.symmetric.Blowfish'.
2024-11-12 13:43:08,136 INFO  MethodCallReplacementClassAdapter - Adding mock interface to class org/bouncycastle/jcajce/provider/symmetric/Blowfish
2024-11-12 13:43:08,136 INFO  CreateClassResetClassAdapter - Creating brand-new static initializer in class org/bouncycastle/jcajce/provider/symmetric/Blowfish
2024-11-12 13:43:08,136 INFO  EvoClassLoader - Keeping class: org.bouncycastle.jcajce.provider.symmetric.Blowfish
2024-11-12 13:43:08,136 INFO  EvoClassLoader - Seeing class for first time: org.bouncycastle.jcajce.provider.symmetric.Blowfish$AlgParams
2024-11-12 13:43:08,136 INFO  EvoClassLoader - Instrumenting class 'org.bouncycastle.jcajce.provider.symmetric.Blowfish$AlgParams'.
2024-11-12 13:43:08,137 INFO  MethodCallReplacementClassAdapter - Adding mock interface to class org/bouncycastle/jcajce/provider/symmetric/Blowfish$AlgParams
2024-11-12 13:43:08,137 INFO  CreateClassResetClassAdapter - Creating brand-new static initializer in class org/bouncycastle/jcajce/provider/symmetric/Blowfish$AlgParams
2024-11-12 13:43:08,137 INFO  EvoClassLoader - Keeping class: org.bouncycastle.jcajce.provider.symmetric.Blowfish$AlgParams
2024-11-12 13:43:08,137 INFO  EvoClassLoader - Seeing class for first time: org.bouncycastle.jcajce.provider.symmetric.Blowfish$CBC
2024-11-12 13:43:08,137 INFO  EvoClassLoader - Instrumenting class 'org.bouncycastle.jcajce.provider.symmetric.Blowfish$CBC'.
2024-11-12 13:43:08,137 INFO  MethodCallReplacementClassAdapter - Adding mock interface to class org/bouncycastle/jcajce/provider/symmetric/Blowfish$CBC
2024-11-12 13:43:08,137 INFO  CreateClassResetClassAdapter - Creating brand-new static initializer in class org/bouncycastle/jcajce/provider/symmetric/Blowfish$CBC
2024-11-12 13:43:08,137 INFO  EvoClassLoader - Keeping class: org.bouncycastle.jcajce.provider.symmetric.Blowfish$CBC
2024-11-12 13:43:08,137 INFO  EvoClassLoader - Seeing class for first time: org.bouncycastle.jcajce.provider.symmetric.Blowfish$CMAC
2024-11-12 13:43:08,137 INFO  EvoClassLoader - Instrumenting class 'org.bouncycastle.jcajce.provider.symmetric.Blowfish$CMAC'.
2024-11-12 13:43:08,138 INFO  MethodCallReplacementClassAdapter - Adding mock interface to class org/bouncycastle/jcajce/provider/symmetric/Blowfish$CMAC
2024-11-12 13:43:08,138 INFO  CreateClassResetClassAdapter - Creating brand-new static initializer in class org/bouncycastle/jcajce/provider/symmetric/Blowfish$CMAC
2024-11-12 13:43:08,138 INFO  EvoClassLoader - Keeping class: org.bouncycastle.jcajce.provider.symmetric.Blowfish$CMAC
2024-11-12 13:43:08,138 INFO  EvoClassLoader - Seeing class for first time: org.bouncycastle.jcajce.provider.symmetric.Blowfish$ECB
2024-11-12 13:43:08,138 INFO  EvoClassLoader - Instrumenting class 'org.bouncycastle.jcajce.provider.symmetric.Blowfish$ECB'.
2024-11-12 13:43:08,138 INFO  MethodCallReplacementClassAdapter - Adding mock interface to class org/bouncycastle/jcajce/provider/symmetric/Blowfish$ECB
2024-11-12 13:43:08,138 INFO  CreateClassResetClassAdapter - Creating brand-new static initializer in class org/bouncycastle/jcajce/provider/symmetric/Blowfish$ECB
2024-11-12 13:43:08,138 INFO  EvoClassLoader - Keeping class: org.bouncycastle.jcajce.provider.symmetric.Blowfish$ECB
2024-11-12 13:43:08,138 INFO  EvoClassLoader - Seeing class for first time: org.bouncycastle.jcajce.provider.symmetric.Blowfish$KeyGen
2024-11-12 13:43:08,138 INFO  EvoClassLoader - Instrumenting class 'org.bouncycastle.jcajce.provider.symmetric.Blowfish$KeyGen'.
2024-11-12 13:43:08,138 INFO  MethodCallReplacementClassAdapter - Adding mock interface to class org/bouncycastle/jcajce/provider/symmetric/Blowfish$KeyGen
2024-11-12 13:43:08,138 INFO  CreateClassResetClassAdapter - Creating brand-new static initializer in class org/bouncycastle/jcajce/provider/symmetric/Blowfish$KeyGen
2024-11-12 13:43:08,138 INFO  EvoClassLoader - Keeping class: org.bouncycastle.jcajce.provider.symmetric.Blowfish$KeyGen
2024-11-12 13:43:08,139 INFO  EvoClassLoader - Seeing class for first time: org.bouncycastle.jcajce.provider.symmetric.Camellia$Mappings
2024-11-12 13:43:08,139 INFO  EvoClassLoader - Instrumenting class 'org.bouncycastle.jcajce.provider.symmetric.Camellia$Mappings'.
2024-11-12 13:43:08,139 INFO  MethodCallReplacementClassAdapter - Adding mock interface to class org/bouncycastle/jcajce/provider/symmetric/Camellia$Mappings
2024-11-12 13:43:08,139 INFO  CreateClassResetClassAdapter - Found static initializer in class org/bouncycastle/jcajce/provider/symmetric/Camellia$Mappings
2024-11-12 13:43:08,139 INFO  EvoClassLoader - Keeping class: org.bouncycastle.jcajce.provider.symmetric.Camellia$Mappings
2024-11-12 13:43:08,139 INFO  EvoClassLoader - Seeing class for first time: org.bouncycastle.jcajce.provider.symmetric.Camellia
2024-11-12 13:43:08,139 INFO  EvoClassLoader - Instrumenting class 'org.bouncycastle.jcajce.provider.symmetric.Camellia'.
2024-11-12 13:43:08,140 INFO  MethodCallReplacementClassAdapter - Adding mock interface to class org/bouncycastle/jcajce/provider/symmetric/Camellia
2024-11-12 13:43:08,140 INFO  CreateClassResetClassAdapter - Creating brand-new static initializer in class org/bouncycastle/jcajce/provider/symmetric/Camellia
2024-11-12 13:43:08,140 INFO  EvoClassLoader - Keeping class: org.bouncycastle.jcajce.provider.symmetric.Camellia
2024-11-12 13:43:08,140 INFO  EvoClassLoader - Seeing class for first time: org.bouncycastle.jcajce.provider.symmetric.Camellia$AlgParamGen
2024-11-12 13:43:08,140 INFO  EvoClassLoader - Instrumenting class 'org.bouncycastle.jcajce.provider.symmetric.Camellia$AlgParamGen'.
2024-11-12 13:43:08,140 INFO  MethodCallReplacementClassAdapter - Adding mock interface to class org/bouncycastle/jcajce/provider/symmetric/Camellia$AlgParamGen
2024-11-12 13:43:08,141 INFO  CreateClassResetClassAdapter - Creating brand-new static initializer in class org/bouncycastle/jcajce/provider/symmetric/Camellia$AlgParamGen
2024-11-12 13:43:08,141 INFO  EvoClassLoader - Keeping class: org.bouncycastle.jcajce.provider.symmetric.Camellia$AlgParamGen
2024-11-12 13:43:08,141 INFO  EvoClassLoader - Seeing class for first time: org.bouncycastle.jcajce.provider.symmetric.Camellia$AlgParams
2024-11-12 13:43:08,141 INFO  EvoClassLoader - Instrumenting class 'org.bouncycastle.jcajce.provider.symmetric.Camellia$AlgParams'.
2024-11-12 13:43:08,142 INFO  MethodCallReplacementClassAdapter - Adding mock interface to class org/bouncycastle/jcajce/provider/symmetric/Camellia$AlgParams
2024-11-12 13:43:08,142 INFO  CreateClassResetClassAdapter - Creating brand-new static initializer in class org/bouncycastle/jcajce/provider/symmetric/Camellia$AlgParams
2024-11-12 13:43:08,142 INFO  EvoClassLoader - Keeping class: org.bouncycastle.jcajce.provider.symmetric.Camellia$AlgParams
2024-11-12 13:43:08,142 INFO  EvoClassLoader - Seeing class for first time: org.bouncycastle.jcajce.provider.symmetric.Camellia$CBC
2024-11-12 13:43:08,142 INFO  EvoClassLoader - Instrumenting class 'org.bouncycastle.jcajce.provider.symmetric.Camellia$CBC'.
2024-11-12 13:43:08,142 INFO  MethodCallReplacementClassAdapter - Adding mock interface to class org/bouncycastle/jcajce/provider/symmetric/Camellia$CBC
2024-11-12 13:43:08,142 INFO  CreateClassResetClassAdapter - Creating brand-new static initializer in class org/bouncycastle/jcajce/provider/symmetric/Camellia$CBC
2024-11-12 13:43:08,142 INFO  EvoClassLoader - Keeping class: org.bouncycastle.jcajce.provider.symmetric.Camellia$CBC
2024-11-12 13:43:08,142 INFO  EvoClassLoader - Seeing class for first time: org.bouncycastle.jcajce.provider.symmetric.Camellia$ECB
2024-11-12 13:43:08,142 INFO  EvoClassLoader - Instrumenting class 'org.bouncycastle.jcajce.provider.symmetric.Camellia$ECB'.
2024-11-12 13:43:08,143 INFO  MethodCallReplacementClassAdapter - Adding mock interface to class org/bouncycastle/jcajce/provider/symmetric/Camellia$ECB
2024-11-12 13:43:08,143 INFO  CreateClassResetClassAdapter - Creating brand-new static initializer in class org/bouncycastle/jcajce/provider/symmetric/Camellia$ECB
2024-11-12 13:43:08,143 INFO  EvoClassLoader - Keeping class: org.bouncycastle.jcajce.provider.symmetric.Camellia$ECB
2024-11-12 13:43:08,143 INFO  EvoClassLoader - Seeing class for first time: org.bouncycastle.jcajce.provider.symmetric.Camellia$GMAC
2024-11-12 13:43:08,143 INFO  EvoClassLoader - Instrumenting class 'org.bouncycastle.jcajce.provider.symmetric.Camellia$GMAC'.
2024-11-12 13:43:08,143 INFO  MethodCallReplacementClassAdapter - Adding mock interface to class org/bouncycastle/jcajce/provider/symmetric/Camellia$GMAC
2024-11-12 13:43:08,143 INFO  CreateClassResetClassAdapter - Creating brand-new static initializer in class org/bouncycastle/jcajce/provider/symmetric/Camellia$GMAC
2024-11-12 13:43:08,143 INFO  EvoClassLoader - Keeping class: org.bouncycastle.jcajce.provider.symmetric.Camellia$GMAC
2024-11-12 13:43:08,143 INFO  EvoClassLoader - Seeing class for first time: org.bouncycastle.jcajce.provider.symmetric.Camellia$KeyFactory
2024-11-12 13:43:08,143 INFO  EvoClassLoader - Instrumenting class 'org.bouncycastle.jcajce.provider.symmetric.Camellia$KeyFactory'.
2024-11-12 13:43:08,143 INFO  MethodCallReplacementClassAdapter - Adding mock interface to class org/bouncycastle/jcajce/provider/symmetric/Camellia$KeyFactory
2024-11-12 13:43:08,144 INFO  CreateClassResetClassAdapter - Creating brand-new static initializer in class org/bouncycastle/jcajce/provider/symmetric/Camellia$KeyFactory
2024-11-12 13:43:08,144 INFO  EvoClassLoader - Keeping class: org.bouncycastle.jcajce.provider.symmetric.Camellia$KeyFactory
2024-11-12 13:43:08,144 INFO  EvoClassLoader - Seeing class for first time: org.bouncycastle.jcajce.provider.symmetric.Camellia$KeyGen
2024-11-12 13:43:08,144 INFO  EvoClassLoader - Instrumenting class 'org.bouncycastle.jcajce.provider.symmetric.Camellia$KeyGen'.
2024-11-12 13:43:08,144 INFO  MethodCallReplacementClassAdapter - Adding mock interface to class org/bouncycastle/jcajce/provider/symmetric/Camellia$KeyGen
2024-11-12 13:43:08,144 INFO  CreateClassResetClassAdapter - Creating brand-new static initializer in class org/bouncycastle/jcajce/provider/symmetric/Camellia$KeyGen
2024-11-12 13:43:08,144 INFO  EvoClassLoader - Keeping class: org.bouncycastle.jcajce.provider.symmetric.Camellia$KeyGen
2024-11-12 13:43:08,144 INFO  EvoClassLoader - Seeing class for first time: org.bouncycastle.jcajce.provider.symmetric.Camellia$KeyGen128
2024-11-12 13:43:08,144 INFO  EvoClassLoader - Instrumenting class 'org.bouncycastle.jcajce.provider.symmetric.Camellia$KeyGen128'.
2024-11-12 13:43:08,144 INFO  MethodCallReplacementClassAdapter - Adding mock interface to class org/bouncycastle/jcajce/provider/symmetric/Camellia$KeyGen128
2024-11-12 13:43:08,144 INFO  CreateClassResetClassAdapter - Creating brand-new static initializer in class org/bouncycastle/jcajce/provider/symmetric/Camellia$KeyGen128
2024-11-12 13:43:08,144 INFO  EvoClassLoader - Keeping class: org.bouncycastle.jcajce.provider.symmetric.Camellia$KeyGen128
2024-11-12 13:43:08,144 INFO  EvoClassLoader - Seeing class for first time: org.bouncycastle.jcajce.provider.symmetric.Camellia$KeyGen192
2024-11-12 13:43:08,144 INFO  EvoClassLoader - Instrumenting class 'org.bouncycastle.jcajce.provider.symmetric.Camellia$KeyGen192'.
2024-11-12 13:43:08,145 INFO  MethodCallReplacementClassAdapter - Adding mock interface to class org/bouncycastle/jcajce/provider/symmetric/Camellia$KeyGen192
2024-11-12 13:43:08,145 INFO  CreateClassResetClassAdapter - Creating brand-new static initializer in class org/bouncycastle/jcajce/provider/symmetric/Camellia$KeyGen192
2024-11-12 13:43:08,145 INFO  EvoClassLoader - Keeping class: org.bouncycastle.jcajce.provider.symmetric.Camellia$KeyGen192
2024-11-12 13:43:08,145 INFO  EvoClassLoader - Seeing class for first time: org.bouncycastle.jcajce.provider.symmetric.Camellia$KeyGen256
2024-11-12 13:43:08,145 INFO  EvoClassLoader - Instrumenting class 'org.bouncycastle.jcajce.provider.symmetric.Camellia$KeyGen256'.
2024-11-12 13:43:08,145 INFO  MethodCallReplacementClassAdapter - Adding mock interface to class org/bouncycastle/jcajce/provider/symmetric/Camellia$KeyGen256
2024-11-12 13:43:08,145 INFO  CreateClassResetClassAdapter - Creating brand-new static initializer in class org/bouncycastle/jcajce/provider/symmetric/Camellia$KeyGen256
2024-11-12 13:43:08,145 INFO  EvoClassLoader - Keeping class: org.bouncycastle.jcajce.provider.symmetric.Camellia$KeyGen256
2024-11-12 13:43:08,146 INFO  EvoClassLoader - Seeing class for first time: org.bouncycastle.asn1.ntt.NTTObjectIdentifiers
2024-11-12 13:43:08,146 INFO  EvoClassLoader - Instrumenting class 'org.bouncycastle.asn1.ntt.NTTObjectIdentifiers'.
2024-11-12 13:43:08,146 INFO  EvoClassLoader - Defined package (3): package org.bouncycastle.asn1.ntt, -1060778555
2024-11-12 13:43:08,146 INFO  EvoClassLoader - Keeping class: org.bouncycastle.asn1.ntt.NTTObjectIdentifiers
2024-11-12 13:43:08,146 INFO  EvoClassLoader - Seeing class for first time: org.bouncycastle.jcajce.provider.symmetric.CAST5$Mappings
2024-11-12 13:43:08,146 INFO  EvoClassLoader - Instrumenting class 'org.bouncycastle.jcajce.provider.symmetric.CAST5$Mappings'.
2024-11-12 13:43:08,147 INFO  MethodCallReplacementClassAdapter - Adding mock interface to class org/bouncycastle/jcajce/provider/symmetric/CAST5$Mappings
2024-11-12 13:43:08,147 INFO  CreateClassResetClassAdapter - Found static initializer in class org/bouncycastle/jcajce/provider/symmetric/CAST5$Mappings
2024-11-12 13:43:08,147 INFO  EvoClassLoader - Keeping class: org.bouncycastle.jcajce.provider.symmetric.CAST5$Mappings
2024-11-12 13:43:08,147 INFO  EvoClassLoader - Seeing class for first time: org.bouncycastle.jcajce.provider.symmetric.CAST5
2024-11-12 13:43:08,147 INFO  EvoClassLoader - Instrumenting class 'org.bouncycastle.jcajce.provider.symmetric.CAST5'.
2024-11-12 13:43:08,147 INFO  MethodCallReplacementClassAdapter - Adding mock interface to class org/bouncycastle/jcajce/provider/symmetric/CAST5
2024-11-12 13:43:08,148 INFO  CreateClassResetClassAdapter - Creating brand-new static initializer in class org/bouncycastle/jcajce/provider/symmetric/CAST5
2024-11-12 13:43:08,148 INFO  EvoClassLoader - Keeping class: org.bouncycastle.jcajce.provider.symmetric.CAST5
2024-11-12 13:43:08,148 INFO  EvoClassLoader - Seeing class for first time: org.bouncycastle.jcajce.provider.symmetric.CAST5$AlgParamGen
2024-11-12 13:43:08,148 INFO  EvoClassLoader - Instrumenting class 'org.bouncycastle.jcajce.provider.symmetric.CAST5$AlgParamGen'.
2024-11-12 13:43:08,148 INFO  MethodCallReplacementClassAdapter - Adding mock interface to class org/bouncycastle/jcajce/provider/symmetric/CAST5$AlgParamGen
2024-11-12 13:43:08,149 INFO  CreateClassResetClassAdapter - Creating brand-new static initializer in class org/bouncycastle/jcajce/provider/symmetric/CAST5$AlgParamGen
2024-11-12 13:43:08,149 INFO  EvoClassLoader - Keeping class: org.bouncycastle.jcajce.provider.symmetric.CAST5$AlgParamGen
2024-11-12 13:43:08,149 INFO  EvoClassLoader - Seeing class for first time: org.bouncycastle.jcajce.provider.symmetric.CAST5$AlgParams
2024-11-12 13:43:08,149 INFO  EvoClassLoader - Instrumenting class 'org.bouncycastle.jcajce.provider.symmetric.CAST5$AlgParams'.
2024-11-12 13:43:08,149 INFO  MethodCallReplacementClassAdapter - Adding mock interface to class org/bouncycastle/jcajce/provider/symmetric/CAST5$AlgParams
2024-11-12 13:43:08,150 INFO  CreateClassResetClassAdapter - Creating brand-new static initializer in class org/bouncycastle/jcajce/provider/symmetric/CAST5$AlgParams
2024-11-12 13:43:08,151 INFO  EvoClassLoader - Keeping class: org.bouncycastle.jcajce.provider.symmetric.CAST5$AlgParams
2024-11-12 13:43:08,151 INFO  EvoClassLoader - Seeing class for first time: org.bouncycastle.jcajce.provider.symmetric.CAST5$CBC
2024-11-12 13:43:08,151 INFO  EvoClassLoader - Instrumenting class 'org.bouncycastle.jcajce.provider.symmetric.CAST5$CBC'.
2024-11-12 13:43:08,152 INFO  MethodCallReplacementClassAdapter - Adding mock interface to class org/bouncycastle/jcajce/provider/symmetric/CAST5$CBC
2024-11-12 13:43:08,152 INFO  CreateClassResetClassAdapter - Creating brand-new static initializer in class org/bouncycastle/jcajce/provider/symmetric/CAST5$CBC
2024-11-12 13:43:08,152 INFO  EvoClassLoader - Keeping class: org.bouncycastle.jcajce.provider.symmetric.CAST5$CBC
2024-11-12 13:43:08,152 INFO  EvoClassLoader - Seeing class for first time: org.bouncycastle.jcajce.provider.symmetric.CAST5$ECB
2024-11-12 13:43:08,152 INFO  EvoClassLoader - Instrumenting class 'org.bouncycastle.jcajce.provider.symmetric.CAST5$ECB'.
2024-11-12 13:43:08,152 INFO  MethodCallReplacementClassAdapter - Adding mock interface to class org/bouncycastle/jcajce/provider/symmetric/CAST5$ECB
2024-11-12 13:43:08,152 INFO  CreateClassResetClassAdapter - Creating brand-new static initializer in class org/bouncycastle/jcajce/provider/symmetric/CAST5$ECB
2024-11-12 13:43:08,152 INFO  EvoClassLoader - Keeping class: org.bouncycastle.jcajce.provider.symmetric.CAST5$ECB
2024-11-12 13:43:08,152 INFO  EvoClassLoader - Seeing class for first time: org.bouncycastle.jcajce.provider.symmetric.CAST5$KeyGen
2024-11-12 13:43:08,152 INFO  EvoClassLoader - Instrumenting class 'org.bouncycastle.jcajce.provider.symmetric.CAST5$KeyGen'.
2024-11-12 13:43:08,153 INFO  MethodCallReplacementClassAdapter - Adding mock interface to class org/bouncycastle/jcajce/provider/symmetric/CAST5$KeyGen
2024-11-12 13:43:08,153 INFO  CreateClassResetClassAdapter - Creating brand-new static initializer in class org/bouncycastle/jcajce/provider/symmetric/CAST5$KeyGen
2024-11-12 13:43:08,153 INFO  EvoClassLoader - Keeping class: org.bouncycastle.jcajce.provider.symmetric.CAST5$KeyGen
2024-11-12 13:43:08,153 INFO  EvoClassLoader - Seeing class for first time: org.bouncycastle.jcajce.provider.symmetric.CAST6$Mappings
2024-11-12 13:43:08,153 INFO  EvoClassLoader - Instrumenting class 'org.bouncycastle.jcajce.provider.symmetric.CAST6$Mappings'.
2024-11-12 13:43:08,153 INFO  MethodCallReplacementClassAdapter - Adding mock interface to class org/bouncycastle/jcajce/provider/symmetric/CAST6$Mappings
2024-11-12 13:43:08,153 INFO  CreateClassResetClassAdapter - Found static initializer in class org/bouncycastle/jcajce/provider/symmetric/CAST6$Mappings
2024-11-12 13:43:08,154 INFO  EvoClassLoader - Keeping class: org.bouncycastle.jcajce.provider.symmetric.CAST6$Mappings
2024-11-12 13:43:08,154 INFO  EvoClassLoader - Seeing class for first time: org.bouncycastle.jcajce.provider.symmetric.CAST6
2024-11-12 13:43:08,154 INFO  EvoClassLoader - Instrumenting class 'org.bouncycastle.jcajce.provider.symmetric.CAST6'.
2024-11-12 13:43:08,154 INFO  MethodCallReplacementClassAdapter - Adding mock interface to class org/bouncycastle/jcajce/provider/symmetric/CAST6
2024-11-12 13:43:08,154 INFO  CreateClassResetClassAdapter - Creating brand-new static initializer in class org/bouncycastle/jcajce/provider/symmetric/CAST6
2024-11-12 13:43:08,154 INFO  EvoClassLoader - Keeping class: org.bouncycastle.jcajce.provider.symmetric.CAST6
2024-11-12 13:43:08,154 INFO  EvoClassLoader - Seeing class for first time: org.bouncycastle.jcajce.provider.symmetric.CAST6$AlgParams
2024-11-12 13:43:08,154 INFO  EvoClassLoader - Instrumenting class 'org.bouncycastle.jcajce.provider.symmetric.CAST6$AlgParams'.
2024-11-12 13:43:08,154 INFO  MethodCallReplacementClassAdapter - Adding mock interface to class org/bouncycastle/jcajce/provider/symmetric/CAST6$AlgParams
2024-11-12 13:43:08,154 INFO  CreateClassResetClassAdapter - Creating brand-new static initializer in class org/bouncycastle/jcajce/provider/symmetric/CAST6$AlgParams
2024-11-12 13:43:08,154 INFO  EvoClassLoader - Keeping class: org.bouncycastle.jcajce.provider.symmetric.CAST6$AlgParams
2024-11-12 13:43:08,154 INFO  EvoClassLoader - Seeing class for first time: org.bouncycastle.jcajce.provider.symmetric.CAST6$ECB
2024-11-12 13:43:08,154 INFO  EvoClassLoader - Instrumenting class 'org.bouncycastle.jcajce.provider.symmetric.CAST6$ECB'.
2024-11-12 13:43:08,154 INFO  MethodCallReplacementClassAdapter - Adding mock interface to class org/bouncycastle/jcajce/provider/symmetric/CAST6$ECB
2024-11-12 13:43:08,154 INFO  CreateClassResetClassAdapter - Creating brand-new static initializer in class org/bouncycastle/jcajce/provider/symmetric/CAST6$ECB
2024-11-12 13:43:08,154 INFO  EvoClassLoader - Keeping class: org.bouncycastle.jcajce.provider.symmetric.CAST6$ECB
2024-11-12 13:43:08,154 INFO  EvoClassLoader - Seeing class for first time: org.bouncycastle.jcajce.provider.symmetric.CAST6$GMAC
2024-11-12 13:43:08,154 INFO  EvoClassLoader - Instrumenting class 'org.bouncycastle.jcajce.provider.symmetric.CAST6$GMAC'.
2024-11-12 13:43:08,155 INFO  MethodCallReplacementClassAdapter - Adding mock interface to class org/bouncycastle/jcajce/provider/symmetric/CAST6$GMAC
2024-11-12 13:43:08,155 INFO  CreateClassResetClassAdapter - Creating brand-new static initializer in class org/bouncycastle/jcajce/provider/symmetric/CAST6$GMAC
2024-11-12 13:43:08,155 INFO  EvoClassLoader - Keeping class: org.bouncycastle.jcajce.provider.symmetric.CAST6$GMAC
2024-11-12 13:43:08,155 INFO  EvoClassLoader - Seeing class for first time: org.bouncycastle.jcajce.provider.symmetric.CAST6$KeyGen
2024-11-12 13:43:08,155 INFO  EvoClassLoader - Instrumenting class 'org.bouncycastle.jcajce.provider.symmetric.CAST6$KeyGen'.
2024-11-12 13:43:08,155 INFO  MethodCallReplacementClassAdapter - Adding mock interface to class org/bouncycastle/jcajce/provider/symmetric/CAST6$KeyGen
2024-11-12 13:43:08,155 INFO  CreateClassResetClassAdapter - Creating brand-new static initializer in class org/bouncycastle/jcajce/provider/symmetric/CAST6$KeyGen
2024-11-12 13:43:08,155 INFO  EvoClassLoader - Keeping class: org.bouncycastle.jcajce.provider.symmetric.CAST6$KeyGen
2024-11-12 13:43:08,155 INFO  EvoClassLoader - Seeing class for first time: org.bouncycastle.jcajce.provider.symmetric.ChaCha$Mappings
2024-11-12 13:43:08,155 INFO  EvoClassLoader - Instrumenting class 'org.bouncycastle.jcajce.provider.symmetric.ChaCha$Mappings'.
2024-11-12 13:43:08,156 INFO  MethodCallReplacementClassAdapter - Adding mock interface to class org/bouncycastle/jcajce/provider/symmetric/ChaCha$Mappings
2024-11-12 13:43:08,156 INFO  CreateClassResetClassAdapter - Found static initializer in class org/bouncycastle/jcajce/provider/symmetric/ChaCha$Mappings
2024-11-12 13:43:08,156 INFO  EvoClassLoader - Keeping class: org.bouncycastle.jcajce.provider.symmetric.ChaCha$Mappings
2024-11-12 13:43:08,156 INFO  EvoClassLoader - Seeing class for first time: org.bouncycastle.jcajce.provider.symmetric.ChaCha
2024-11-12 13:43:08,156 INFO  EvoClassLoader - Instrumenting class 'org.bouncycastle.jcajce.provider.symmetric.ChaCha'.
2024-11-12 13:43:08,156 INFO  MethodCallReplacementClassAdapter - Adding mock interface to class org/bouncycastle/jcajce/provider/symmetric/ChaCha
2024-11-12 13:43:08,156 INFO  CreateClassResetClassAdapter - Creating brand-new static initializer in class org/bouncycastle/jcajce/provider/symmetric/ChaCha
2024-11-12 13:43:08,156 INFO  EvoClassLoader - Keeping class: org.bouncycastle.jcajce.provider.symmetric.ChaCha
2024-11-12 13:43:08,156 INFO  EvoClassLoader - Seeing class for first time: org.bouncycastle.jcajce.provider.symmetric.ChaCha$AlgParams
2024-11-12 13:43:08,156 INFO  EvoClassLoader - Instrumenting class 'org.bouncycastle.jcajce.provider.symmetric.ChaCha$AlgParams'.
2024-11-12 13:43:08,157 INFO  MethodCallReplacementClassAdapter - Adding mock interface to class org/bouncycastle/jcajce/provider/symmetric/ChaCha$AlgParams
2024-11-12 13:43:08,157 INFO  CreateClassResetClassAdapter - Creating brand-new static initializer in class org/bouncycastle/jcajce/provider/symmetric/ChaCha$AlgParams
2024-11-12 13:43:08,157 INFO  EvoClassLoader - Keeping class: org.bouncycastle.jcajce.provider.symmetric.ChaCha$AlgParams
2024-11-12 13:43:08,157 INFO  EvoClassLoader - Seeing class for first time: org.bouncycastle.jcajce.provider.symmetric.ChaCha$AlgParamsCC1305
2024-11-12 13:43:08,157 INFO  EvoClassLoader - Instrumenting class 'org.bouncycastle.jcajce.provider.symmetric.ChaCha$AlgParamsCC1305'.
2024-11-12 13:43:08,157 INFO  MethodCallReplacementClassAdapter - Adding mock interface to class org/bouncycastle/jcajce/provider/symmetric/ChaCha$AlgParamsCC1305
2024-11-12 13:43:08,157 INFO  CreateClassResetClassAdapter - Creating brand-new static initializer in class org/bouncycastle/jcajce/provider/symmetric/ChaCha$AlgParamsCC1305
2024-11-12 13:43:08,157 INFO  EvoClassLoader - Keeping class: org.bouncycastle.jcajce.provider.symmetric.ChaCha$AlgParamsCC1305
2024-11-12 13:43:08,157 INFO  EvoClassLoader - Seeing class for first time: org.bouncycastle.jcajce.provider.symmetric.ChaCha$Base
2024-11-12 13:43:08,157 INFO  EvoClassLoader - Instrumenting class 'org.bouncycastle.jcajce.provider.symmetric.ChaCha$Base'.
2024-11-12 13:43:08,157 INFO  MethodCallReplacementClassAdapter - Adding mock interface to class org/bouncycastle/jcajce/provider/symmetric/ChaCha$Base
2024-11-12 13:43:08,157 INFO  CreateClassResetClassAdapter - Creating brand-new static initializer in class org/bouncycastle/jcajce/provider/symmetric/ChaCha$Base
2024-11-12 13:43:08,157 INFO  EvoClassLoader - Keeping class: org.bouncycastle.jcajce.provider.symmetric.ChaCha$Base
2024-11-12 13:43:08,157 INFO  EvoClassLoader - Seeing class for first time: org.bouncycastle.jcajce.provider.symmetric.ChaCha$Base7539
2024-11-12 13:43:08,157 INFO  EvoClassLoader - Instrumenting class 'org.bouncycastle.jcajce.provider.symmetric.ChaCha$Base7539'.
2024-11-12 13:43:08,157 INFO  MethodCallReplacementClassAdapter - Adding mock interface to class org/bouncycastle/jcajce/provider/symmetric/ChaCha$Base7539
2024-11-12 13:43:08,157 INFO  CreateClassResetClassAdapter - Creating brand-new static initializer in class org/bouncycastle/jcajce/provider/symmetric/ChaCha$Base7539
2024-11-12 13:43:08,157 INFO  EvoClassLoader - Keeping class: org.bouncycastle.jcajce.provider.symmetric.ChaCha$Base7539
2024-11-12 13:43:08,157 INFO  EvoClassLoader - Seeing class for first time: org.bouncycastle.jcajce.provider.symmetric.ChaCha$BaseCC20P1305
2024-11-12 13:43:08,157 INFO  EvoClassLoader - Instrumenting class 'org.bouncycastle.jcajce.provider.symmetric.ChaCha$BaseCC20P1305'.
2024-11-12 13:43:08,158 INFO  MethodCallReplacementClassAdapter - Adding mock interface to class org/bouncycastle/jcajce/provider/symmetric/ChaCha$BaseCC20P1305
2024-11-12 13:43:08,158 INFO  CreateClassResetClassAdapter - Creating brand-new static initializer in class org/bouncycastle/jcajce/provider/symmetric/ChaCha$BaseCC20P1305
2024-11-12 13:43:08,158 INFO  EvoClassLoader - Keeping class: org.bouncycastle.jcajce.provider.symmetric.ChaCha$BaseCC20P1305
2024-11-12 13:43:08,158 INFO  EvoClassLoader - Seeing class for first time: org.bouncycastle.jcajce.provider.symmetric.ChaCha$KeyGen
2024-11-12 13:43:08,158 INFO  EvoClassLoader - Instrumenting class 'org.bouncycastle.jcajce.provider.symmetric.ChaCha$KeyGen'.
2024-11-12 13:43:08,158 INFO  MethodCallReplacementClassAdapter - Adding mock interface to class org/bouncycastle/jcajce/provider/symmetric/ChaCha$KeyGen
2024-11-12 13:43:08,158 INFO  CreateClassResetClassAdapter - Creating brand-new static initializer in class org/bouncycastle/jcajce/provider/symmetric/ChaCha$KeyGen
2024-11-12 13:43:08,158 INFO  EvoClassLoader - Keeping class: org.bouncycastle.jcajce.provider.symmetric.ChaCha$KeyGen
2024-11-12 13:43:08,158 INFO  EvoClassLoader - Seeing class for first time: org.bouncycastle.jcajce.provider.symmetric.ChaCha$KeyGen7539
2024-11-12 13:43:08,158 INFO  EvoClassLoader - Instrumenting class 'org.bouncycastle.jcajce.provider.symmetric.ChaCha$KeyGen7539'.
2024-11-12 13:43:08,158 INFO  MethodCallReplacementClassAdapter - Adding mock interface to class org/bouncycastle/jcajce/provider/symmetric/ChaCha$KeyGen7539
2024-11-12 13:43:08,158 INFO  CreateClassResetClassAdapter - Creating brand-new static initializer in class org/bouncycastle/jcajce/provider/symmetric/ChaCha$KeyGen7539
2024-11-12 13:43:08,158 INFO  EvoClassLoader - Keeping class: org.bouncycastle.jcajce.provider.symmetric.ChaCha$KeyGen7539
2024-11-12 13:43:08,158 INFO  EvoClassLoader - Seeing class for first time: org.bouncycastle.jcajce.provider.symmetric.DES$Mappings
2024-11-12 13:43:08,158 INFO  EvoClassLoader - Instrumenting class 'org.bouncycastle.jcajce.provider.symmetric.DES$Mappings'.
2024-11-12 13:43:08,159 INFO  MethodCallReplacementClassAdapter - Adding mock interface to class org/bouncycastle/jcajce/provider/symmetric/DES$Mappings
2024-11-12 13:43:08,159 INFO  CreateClassResetClassAdapter - Found static initializer in class org/bouncycastle/jcajce/provider/symmetric/DES$Mappings
2024-11-12 13:43:08,159 INFO  EvoClassLoader - Keeping class: org.bouncycastle.jcajce.provider.symmetric.DES$Mappings
2024-11-12 13:43:08,159 INFO  EvoClassLoader - Seeing class for first time: org.bouncycastle.jcajce.provider.symmetric.DES
2024-11-12 13:43:08,159 INFO  EvoClassLoader - Instrumenting class 'org.bouncycastle.jcajce.provider.symmetric.DES'.
2024-11-12 13:43:08,160 INFO  MethodCallReplacementClassAdapter - Adding mock interface to class org/bouncycastle/jcajce/provider/symmetric/DES
2024-11-12 13:43:08,160 INFO  CreateClassResetClassAdapter - Creating brand-new static initializer in class org/bouncycastle/jcajce/provider/symmetric/DES
2024-11-12 13:43:08,160 INFO  EvoClassLoader - Keeping class: org.bouncycastle.jcajce.provider.symmetric.DES
2024-11-12 13:43:08,161 INFO  EvoClassLoader - Seeing class for first time: org.bouncycastle.jcajce.provider.symmetric.DES$AlgParamGen
2024-11-12 13:43:08,161 INFO  EvoClassLoader - Instrumenting class 'org.bouncycastle.jcajce.provider.symmetric.DES$AlgParamGen'.
2024-11-12 13:43:08,161 INFO  MethodCallReplacementClassAdapter - Adding mock interface to class org/bouncycastle/jcajce/provider/symmetric/DES$AlgParamGen
2024-11-12 13:43:08,162 INFO  CreateClassResetClassAdapter - Creating brand-new static initializer in class org/bouncycastle/jcajce/provider/symmetric/DES$AlgParamGen
2024-11-12 13:43:08,162 INFO  EvoClassLoader - Keeping class: org.bouncycastle.jcajce.provider.symmetric.DES$AlgParamGen
2024-11-12 13:43:08,162 INFO  EvoClassLoader - Seeing class for first time: org.bouncycastle.jcajce.provider.symmetric.DES$CBC
2024-11-12 13:43:08,162 INFO  EvoClassLoader - Instrumenting class 'org.bouncycastle.jcajce.provider.symmetric.DES$CBC'.
2024-11-12 13:43:08,162 INFO  MethodCallReplacementClassAdapter - Adding mock interface to class org/bouncycastle/jcajce/provider/symmetric/DES$CBC
2024-11-12 13:43:08,162 INFO  CreateClassResetClassAdapter - Creating brand-new static initializer in class org/bouncycastle/jcajce/provider/symmetric/DES$CBC
2024-11-12 13:43:08,162 INFO  EvoClassLoader - Keeping class: org.bouncycastle.jcajce.provider.symmetric.DES$CBC
2024-11-12 13:43:08,162 INFO  EvoClassLoader - Seeing class for first time: org.bouncycastle.jcajce.provider.symmetric.DES$CBCMAC
2024-11-12 13:43:08,162 INFO  EvoClassLoader - Instrumenting class 'org.bouncycastle.jcajce.provider.symmetric.DES$CBCMAC'.
2024-11-12 13:43:08,163 INFO  MethodCallReplacementClassAdapter - Adding mock interface to class org/bouncycastle/jcajce/provider/symmetric/DES$CBCMAC
2024-11-12 13:43:08,163 INFO  CreateClassResetClassAdapter - Creating brand-new static initializer in class org/bouncycastle/jcajce/provider/symmetric/DES$CBCMAC
2024-11-12 13:43:08,163 INFO  EvoClassLoader - Keeping class: org.bouncycastle.jcajce.provider.symmetric.DES$CBCMAC
2024-11-12 13:43:08,163 INFO  EvoClassLoader - Seeing class for first time: org.bouncycastle.jcajce.provider.symmetric.DES$CMAC
2024-11-12 13:43:08,163 INFO  EvoClassLoader - Instrumenting class 'org.bouncycastle.jcajce.provider.symmetric.DES$CMAC'.
2024-11-12 13:43:08,163 INFO  MethodCallReplacementClassAdapter - Adding mock interface to class org/bouncycastle/jcajce/provider/symmetric/DES$CMAC
2024-11-12 13:43:08,164 INFO  CreateClassResetClassAdapter - Creating brand-new static initializer in class org/bouncycastle/jcajce/provider/symmetric/DES$CMAC
2024-11-12 13:43:08,164 INFO  EvoClassLoader - Keeping class: org.bouncycastle.jcajce.provider.symmetric.DES$CMAC
2024-11-12 13:43:08,164 INFO  EvoClassLoader - Seeing class for first time: org.bouncycastle.jcajce.provider.symmetric.DES$DES64
2024-11-12 13:43:08,164 INFO  EvoClassLoader - Instrumenting class 'org.bouncycastle.jcajce.provider.symmetric.DES$DES64'.
2024-11-12 13:43:08,164 INFO  MethodCallReplacementClassAdapter - Adding mock interface to class org/bouncycastle/jcajce/provider/symmetric/DES$DES64
2024-11-12 13:43:08,164 INFO  CreateClassResetClassAdapter - Creating brand-new static initializer in class org/bouncycastle/jcajce/provider/symmetric/DES$DES64
2024-11-12 13:43:08,164 INFO  EvoClassLoader - Keeping class: org.bouncycastle.jcajce.provider.symmetric.DES$DES64
2024-11-12 13:43:08,164 INFO  EvoClassLoader - Seeing class for first time: org.bouncycastle.jcajce.provider.symmetric.DES$DES64with7816d4
2024-11-12 13:43:08,164 INFO  EvoClassLoader - Instrumenting class 'org.bouncycastle.jcajce.provider.symmetric.DES$DES64with7816d4'.
2024-11-12 13:43:08,164 INFO  MethodCallReplacementClassAdapter - Adding mock interface to class org/bouncycastle/jcajce/provider/symmetric/DES$DES64with7816d4
2024-11-12 13:43:08,164 INFO  CreateClassResetClassAdapter - Creating brand-new static initializer in class org/bouncycastle/jcajce/provider/symmetric/DES$DES64with7816d4
2024-11-12 13:43:08,164 INFO  EvoClassLoader - Keeping class: org.bouncycastle.jcajce.provider.symmetric.DES$DES64with7816d4
2024-11-12 13:43:08,164 INFO  EvoClassLoader - Seeing class for first time: org.bouncycastle.jcajce.provider.symmetric.DES$DES9797Alg3
2024-11-12 13:43:08,164 INFO  EvoClassLoader - Instrumenting class 'org.bouncycastle.jcajce.provider.symmetric.DES$DES9797Alg3'.
2024-11-12 13:43:08,164 INFO  MethodCallReplacementClassAdapter - Adding mock interface to class org/bouncycastle/jcajce/provider/symmetric/DES$DES9797Alg3
2024-11-12 13:43:08,164 INFO  CreateClassResetClassAdapter - Creating brand-new static initializer in class org/bouncycastle/jcajce/provider/symmetric/DES$DES9797Alg3
2024-11-12 13:43:08,164 INFO  EvoClassLoader - Keeping class: org.bouncycastle.jcajce.provider.symmetric.DES$DES9797Alg3
2024-11-12 13:43:08,164 INFO  EvoClassLoader - Seeing class for first time: org.bouncycastle.jcajce.provider.symmetric.DES$DES9797Alg3with7816d4
2024-11-12 13:43:08,164 INFO  EvoClassLoader - Instrumenting class 'org.bouncycastle.jcajce.provider.symmetric.DES$DES9797Alg3with7816d4'.
2024-11-12 13:43:08,164 INFO  MethodCallReplacementClassAdapter - Adding mock interface to class org/bouncycastle/jcajce/provider/symmetric/DES$DES9797Alg3with7816d4
2024-11-12 13:43:08,164 INFO  CreateClassResetClassAdapter - Creating brand-new static initializer in class org/bouncycastle/jcajce/provider/symmetric/DES$DES9797Alg3with7816d4
2024-11-12 13:43:08,164 INFO  EvoClassLoader - Keeping class: org.bouncycastle.jcajce.provider.symmetric.DES$DES9797Alg3with7816d4
2024-11-12 13:43:08,164 INFO  EvoClassLoader - Seeing class for first time: org.bouncycastle.jcajce.provider.symmetric.DES$DESCFB8
2024-11-12 13:43:08,164 INFO  EvoClassLoader - Instrumenting class 'org.bouncycastle.jcajce.provider.symmetric.DES$DESCFB8'.
2024-11-12 13:43:08,165 INFO  MethodCallReplacementClassAdapter - Adding mock interface to class org/bouncycastle/jcajce/provider/symmetric/DES$DESCFB8
2024-11-12 13:43:08,165 INFO  CreateClassResetClassAdapter - Creating brand-new static initializer in class org/bouncycastle/jcajce/provider/symmetric/DES$DESCFB8
2024-11-12 13:43:08,165 INFO  EvoClassLoader - Keeping class: org.bouncycastle.jcajce.provider.symmetric.DES$DESCFB8
2024-11-12 13:43:08,165 INFO  EvoClassLoader - Seeing class for first time: org.bouncycastle.jcajce.provider.symmetric.DES$DESPBEKeyFactory
2024-11-12 13:43:08,165 INFO  EvoClassLoader - Instrumenting class 'org.bouncycastle.jcajce.provider.symmetric.DES$DESPBEKeyFactory'.
2024-11-12 13:43:08,165 INFO  MethodCallReplacementClassAdapter - Adding mock interface to class org/bouncycastle/jcajce/provider/symmetric/DES$DESPBEKeyFactory
2024-11-12 13:43:08,165 INFO  CreateClassResetClassAdapter - Creating brand-new static initializer in class org/bouncycastle/jcajce/provider/symmetric/DES$DESPBEKeyFactory
2024-11-12 13:43:08,166 INFO  EvoClassLoader - Keeping class: org.bouncycastle.jcajce.provider.symmetric.DES$DESPBEKeyFactory
2024-11-12 13:43:08,166 INFO  EvoClassLoader - Seeing class for first time: org.bouncycastle.jcajce.provider.symmetric.DES$ECB
2024-11-12 13:43:08,166 INFO  EvoClassLoader - Instrumenting class 'org.bouncycastle.jcajce.provider.symmetric.DES$ECB'.
2024-11-12 13:43:08,166 INFO  MethodCallReplacementClassAdapter - Adding mock interface to class org/bouncycastle/jcajce/provider/symmetric/DES$ECB
2024-11-12 13:43:08,166 INFO  CreateClassResetClassAdapter - Creating brand-new static initializer in class org/bouncycastle/jcajce/provider/symmetric/DES$ECB
2024-11-12 13:43:08,166 INFO  EvoClassLoader - Keeping class: org.bouncycastle.jcajce.provider.symmetric.DES$ECB
2024-11-12 13:43:08,166 INFO  EvoClassLoader - Seeing class for first time: org.bouncycastle.jcajce.provider.symmetric.DES$KeyFactory
2024-11-12 13:43:08,166 INFO  EvoClassLoader - Instrumenting class 'org.bouncycastle.jcajce.provider.symmetric.DES$KeyFactory'.
2024-11-12 13:43:08,167 INFO  MethodCallReplacementClassAdapter - Adding mock interface to class org/bouncycastle/jcajce/provider/symmetric/DES$KeyFactory
2024-11-12 13:43:08,167 INFO  CreateClassResetClassAdapter - Creating brand-new static initializer in class org/bouncycastle/jcajce/provider/symmetric/DES$KeyFactory
2024-11-12 13:43:08,167 INFO  EvoClassLoader - Keeping class: org.bouncycastle.jcajce.provider.symmetric.DES$KeyFactory
2024-11-12 13:43:08,167 INFO  EvoClassLoader - Seeing class for first time: org.bouncycastle.jcajce.provider.symmetric.DES$KeyGenerator
2024-11-12 13:43:08,167 INFO  EvoClassLoader - Instrumenting class 'org.bouncycastle.jcajce.provider.symmetric.DES$KeyGenerator'.
2024-11-12 13:43:08,167 INFO  MethodCallReplacementClassAdapter - Adding mock interface to class org/bouncycastle/jcajce/provider/symmetric/DES$KeyGenerator
2024-11-12 13:43:08,168 INFO  CreateClassResetClassAdapter - Creating brand-new static initializer in class org/bouncycastle/jcajce/provider/symmetric/DES$KeyGenerator
2024-11-12 13:43:08,168 INFO  EvoClassLoader - Keeping class: org.bouncycastle.jcajce.provider.symmetric.DES$KeyGenerator
2024-11-12 13:43:08,168 INFO  EvoClassLoader - Seeing class for first time: org.bouncycastle.jcajce.provider.symmetric.DESede$Mappings
2024-11-12 13:43:08,168 INFO  EvoClassLoader - Instrumenting class 'org.bouncycastle.jcajce.provider.symmetric.DESede$Mappings'.
2024-11-12 13:43:08,168 INFO  MethodCallReplacementClassAdapter - Adding mock interface to class org/bouncycastle/jcajce/provider/symmetric/DESede$Mappings
2024-11-12 13:43:08,169 INFO  CreateClassResetClassAdapter - Found static initializer in class org/bouncycastle/jcajce/provider/symmetric/DESede$Mappings
2024-11-12 13:43:08,169 INFO  EvoClassLoader - Keeping class: org.bouncycastle.jcajce.provider.symmetric.DESede$Mappings
2024-11-12 13:43:08,169 INFO  EvoClassLoader - Seeing class for first time: org.bouncycastle.jcajce.provider.symmetric.DESede
2024-11-12 13:43:08,169 INFO  EvoClassLoader - Instrumenting class 'org.bouncycastle.jcajce.provider.symmetric.DESede'.
2024-11-12 13:43:08,169 INFO  MethodCallReplacementClassAdapter - Adding mock interface to class org/bouncycastle/jcajce/provider/symmetric/DESede
2024-11-12 13:43:08,169 INFO  CreateClassResetClassAdapter - Creating brand-new static initializer in class org/bouncycastle/jcajce/provider/symmetric/DESede
2024-11-12 13:43:08,170 INFO  EvoClassLoader - Keeping class: org.bouncycastle.jcajce.provider.symmetric.DESede
2024-11-12 13:43:08,170 INFO  EvoClassLoader - Seeing class for first time: org.bouncycastle.jcajce.provider.symmetric.DESede$AlgParamGen
2024-11-12 13:43:08,170 INFO  EvoClassLoader - Instrumenting class 'org.bouncycastle.jcajce.provider.symmetric.DESede$AlgParamGen'.
2024-11-12 13:43:08,170 INFO  MethodCallReplacementClassAdapter - Adding mock interface to class org/bouncycastle/jcajce/provider/symmetric/DESede$AlgParamGen
2024-11-12 13:43:08,170 INFO  CreateClassResetClassAdapter - Creating brand-new static initializer in class org/bouncycastle/jcajce/provider/symmetric/DESede$AlgParamGen
2024-11-12 13:43:08,171 INFO  EvoClassLoader - Keeping class: org.bouncycastle.jcajce.provider.symmetric.DESede$AlgParamGen
2024-11-12 13:43:08,171 INFO  EvoClassLoader - Seeing class for first time: org.bouncycastle.jcajce.provider.symmetric.DESede$CBC
2024-11-12 13:43:08,171 INFO  EvoClassLoader - Instrumenting class 'org.bouncycastle.jcajce.provider.symmetric.DESede$CBC'.
2024-11-12 13:43:08,171 INFO  MethodCallReplacementClassAdapter - Adding mock interface to class org/bouncycastle/jcajce/provider/symmetric/DESede$CBC
2024-11-12 13:43:08,171 INFO  CreateClassResetClassAdapter - Creating brand-new static initializer in class org/bouncycastle/jcajce/provider/symmetric/DESede$CBC
2024-11-12 13:43:08,171 INFO  EvoClassLoader - Keeping class: org.bouncycastle.jcajce.provider.symmetric.DESede$CBC
2024-11-12 13:43:08,171 INFO  EvoClassLoader - Seeing class for first time: org.bouncycastle.jcajce.provider.symmetric.DESede$CBCMAC
2024-11-12 13:43:08,171 INFO  EvoClassLoader - Instrumenting class 'org.bouncycastle.jcajce.provider.symmetric.DESede$CBCMAC'.
2024-11-12 13:43:08,172 INFO  MethodCallReplacementClassAdapter - Adding mock interface to class org/bouncycastle/jcajce/provider/symmetric/DESede$CBCMAC
2024-11-12 13:43:08,172 INFO  CreateClassResetClassAdapter - Creating brand-new static initializer in class org/bouncycastle/jcajce/provider/symmetric/DESede$CBCMAC
2024-11-12 13:43:08,172 INFO  EvoClassLoader - Keeping class: org.bouncycastle.jcajce.provider.symmetric.DESede$CBCMAC
2024-11-12 13:43:08,172 INFO  EvoClassLoader - Seeing class for first time: org.bouncycastle.jcajce.provider.symmetric.DESede$CMAC
2024-11-12 13:43:08,172 INFO  EvoClassLoader - Instrumenting class 'org.bouncycastle.jcajce.provider.symmetric.DESede$CMAC'.
2024-11-12 13:43:08,172 INFO  MethodCallReplacementClassAdapter - Adding mock interface to class org/bouncycastle/jcajce/provider/symmetric/DESede$CMAC
2024-11-12 13:43:08,172 INFO  CreateClassResetClassAdapter - Creating brand-new static initializer in class org/bouncycastle/jcajce/provider/symmetric/DESede$CMAC
2024-11-12 13:43:08,172 INFO  EvoClassLoader - Keeping class: org.bouncycastle.jcajce.provider.symmetric.DESede$CMAC
2024-11-12 13:43:08,172 INFO  EvoClassLoader - Seeing class for first time: org.bouncycastle.jcajce.provider.symmetric.DESede$DESede64
2024-11-12 13:43:08,172 INFO  EvoClassLoader - Instrumenting class 'org.bouncycastle.jcajce.provider.symmetric.DESede$DESede64'.
2024-11-12 13:43:08,173 INFO  MethodCallReplacementClassAdapter - Adding mock interface to class org/bouncycastle/jcajce/provider/symmetric/DESede$DESede64
2024-11-12 13:43:08,173 INFO  CreateClassResetClassAdapter - Creating brand-new static initializer in class org/bouncycastle/jcajce/provider/symmetric/DESede$DESede64
2024-11-12 13:43:08,173 INFO  EvoClassLoader - Keeping class: org.bouncycastle.jcajce.provider.symmetric.DESede$DESede64
2024-11-12 13:43:08,173 INFO  EvoClassLoader - Seeing class for first time: org.bouncycastle.jcajce.provider.symmetric.DESede$DESede64with7816d4
2024-11-12 13:43:08,173 INFO  EvoClassLoader - Instrumenting class 'org.bouncycastle.jcajce.provider.symmetric.DESede$DESede64with7816d4'.
2024-11-12 13:43:08,173 INFO  MethodCallReplacementClassAdapter - Adding mock interface to class org/bouncycastle/jcajce/provider/symmetric/DESede$DESede64with7816d4
2024-11-12 13:43:08,173 INFO  CreateClassResetClassAdapter - Creating brand-new static initializer in class org/bouncycastle/jcajce/provider/symmetric/DESede$DESede64with7816d4
2024-11-12 13:43:08,173 INFO  EvoClassLoader - Keeping class: org.bouncycastle.jcajce.provider.symmetric.DESede$DESede64with7816d4
2024-11-12 13:43:08,173 INFO  EvoClassLoader - Seeing class for first time: org.bouncycastle.jcajce.provider.symmetric.DESede$DESedeCFB8
2024-11-12 13:43:08,173 INFO  EvoClassLoader - Instrumenting class 'org.bouncycastle.jcajce.provider.symmetric.DESede$DESedeCFB8'.
2024-11-12 13:43:08,173 INFO  MethodCallReplacementClassAdapter - Adding mock interface to class org/bouncycastle/jcajce/provider/symmetric/DESede$DESedeCFB8
2024-11-12 13:43:08,174 INFO  CreateClassResetClassAdapter - Creating brand-new static initializer in class org/bouncycastle/jcajce/provider/symmetric/DESede$DESedeCFB8
2024-11-12 13:43:08,174 INFO  EvoClassLoader - Keeping class: org.bouncycastle.jcajce.provider.symmetric.DESede$DESedeCFB8
2024-11-12 13:43:08,174 INFO  EvoClassLoader - Seeing class for first time: org.bouncycastle.jcajce.provider.symmetric.DESede$ECB
2024-11-12 13:43:08,174 INFO  EvoClassLoader - Instrumenting class 'org.bouncycastle.jcajce.provider.symmetric.DESede$ECB'.
2024-11-12 13:43:08,174 INFO  MethodCallReplacementClassAdapter - Adding mock interface to class org/bouncycastle/jcajce/provider/symmetric/DESede$ECB
2024-11-12 13:43:08,174 INFO  CreateClassResetClassAdapter - Creating brand-new static initializer in class org/bouncycastle/jcajce/provider/symmetric/DESede$ECB
2024-11-12 13:43:08,174 INFO  EvoClassLoader - Keeping class: org.bouncycastle.jcajce.provider.symmetric.DESede$ECB
2024-11-12 13:43:08,174 INFO  EvoClassLoader - Seeing class for first time: org.bouncycastle.jcajce.provider.symmetric.DESede$KeyFactory
2024-11-12 13:43:08,174 INFO  EvoClassLoader - Instrumenting class 'org.bouncycastle.jcajce.provider.symmetric.DESede$KeyFactory'.
2024-11-12 13:43:08,174 INFO  MethodCallReplacementClassAdapter - Adding mock interface to class org/bouncycastle/jcajce/provider/symmetric/DESede$KeyFactory
2024-11-12 13:43:08,174 INFO  CreateClassResetClassAdapter - Creating brand-new static initializer in class org/bouncycastle/jcajce/provider/symmetric/DESede$KeyFactory
2024-11-12 13:43:08,175 INFO  EvoClassLoader - Keeping class: org.bouncycastle.jcajce.provider.symmetric.DESede$KeyFactory
2024-11-12 13:43:08,175 INFO  EvoClassLoader - Seeing class for first time: org.bouncycastle.jcajce.provider.symmetric.DESede$KeyGenerator
2024-11-12 13:43:08,175 INFO  EvoClassLoader - Instrumenting class 'org.bouncycastle.jcajce.provider.symmetric.DESede$KeyGenerator'.
2024-11-12 13:43:08,175 INFO  MethodCallReplacementClassAdapter - Adding mock interface to class org/bouncycastle/jcajce/provider/symmetric/DESede$KeyGenerator
2024-11-12 13:43:08,175 INFO  CreateClassResetClassAdapter - Creating brand-new static initializer in class org/bouncycastle/jcajce/provider/symmetric/DESede$KeyGenerator
2024-11-12 13:43:08,175 INFO  EvoClassLoader - Keeping class: org.bouncycastle.jcajce.provider.symmetric.DESede$KeyGenerator
2024-11-12 13:43:08,175 INFO  EvoClassLoader - Seeing class for first time: org.bouncycastle.jcajce.provider.symmetric.DESede$KeyGenerator3
2024-11-12 13:43:08,175 INFO  EvoClassLoader - Instrumenting class 'org.bouncycastle.jcajce.provider.symmetric.DESede$KeyGenerator3'.
2024-11-12 13:43:08,176 INFO  MethodCallReplacementClassAdapter - Adding mock interface to class org/bouncycastle/jcajce/provider/symmetric/DESede$KeyGenerator3
2024-11-12 13:43:08,176 INFO  CreateClassResetClassAdapter - Creating brand-new static initializer in class org/bouncycastle/jcajce/provider/symmetric/DESede$KeyGenerator3
2024-11-12 13:43:08,176 INFO  EvoClassLoader - Keeping class: org.bouncycastle.jcajce.provider.symmetric.DESede$KeyGenerator3
2024-11-12 13:43:08,176 INFO  EvoClassLoader - Seeing class for first time: org.bouncycastle.jcajce.provider.symmetric.GOST28147$Mappings
2024-11-12 13:43:08,176 INFO  EvoClassLoader - Instrumenting class 'org.bouncycastle.jcajce.provider.symmetric.GOST28147$Mappings'.
2024-11-12 13:43:08,176 INFO  MethodCallReplacementClassAdapter - Adding mock interface to class org/bouncycastle/jcajce/provider/symmetric/GOST28147$Mappings
2024-11-12 13:43:08,176 INFO  CreateClassResetClassAdapter - Found static initializer in class org/bouncycastle/jcajce/provider/symmetric/GOST28147$Mappings
2024-11-12 13:43:08,176 INFO  EvoClassLoader - Keeping class: org.bouncycastle.jcajce.provider.symmetric.GOST28147$Mappings
2024-11-12 13:43:08,176 INFO  EvoClassLoader - Seeing class for first time: org.bouncycastle.jcajce.provider.symmetric.GOST28147
2024-11-12 13:43:08,176 INFO  EvoClassLoader - Instrumenting class 'org.bouncycastle.jcajce.provider.symmetric.GOST28147'.
2024-11-12 13:43:08,176 INFO  MethodCallReplacementClassAdapter - Adding mock interface to class org/bouncycastle/jcajce/provider/symmetric/GOST28147
2024-11-12 13:43:08,176 INFO  CreateClassResetClassAdapter - Found static initializer in class org/bouncycastle/jcajce/provider/symmetric/GOST28147
2024-11-12 13:43:08,177 INFO  EvoClassLoader - Keeping class: org.bouncycastle.jcajce.provider.symmetric.GOST28147
2024-11-12 13:43:08,177 INFO  EvoClassLoader - Seeing class for first time: org.bouncycastle.jcajce.provider.symmetric.GOST28147$AlgParamGen
2024-11-12 13:43:08,177 INFO  EvoClassLoader - Instrumenting class 'org.bouncycastle.jcajce.provider.symmetric.GOST28147$AlgParamGen'.
2024-11-12 13:43:08,177 INFO  MethodCallReplacementClassAdapter - Adding mock interface to class org/bouncycastle/jcajce/provider/symmetric/GOST28147$AlgParamGen
2024-11-12 13:43:08,177 INFO  CreateClassResetClassAdapter - Creating brand-new static initializer in class org/bouncycastle/jcajce/provider/symmetric/GOST28147$AlgParamGen
2024-11-12 13:43:08,177 INFO  EvoClassLoader - Keeping class: org.bouncycastle.jcajce.provider.symmetric.GOST28147$AlgParamGen
2024-11-12 13:43:08,177 INFO  EvoClassLoader - Seeing class for first time: org.bouncycastle.jcajce.provider.symmetric.GOST28147$AlgParams
2024-11-12 13:43:08,177 INFO  EvoClassLoader - Instrumenting class 'org.bouncycastle.jcajce.provider.symmetric.GOST28147$AlgParams'.
2024-11-12 13:43:08,177 INFO  MethodCallReplacementClassAdapter - Adding mock interface to class org/bouncycastle/jcajce/provider/symmetric/GOST28147$AlgParams
2024-11-12 13:43:08,178 INFO  CreateClassResetClassAdapter - Creating brand-new static initializer in class org/bouncycastle/jcajce/provider/symmetric/GOST28147$AlgParams
2024-11-12 13:43:08,178 INFO  EvoClassLoader - Seeing class for first time: org.bouncycastle.jcajce.provider.symmetric.GOST28147$BaseAlgParams
2024-11-12 13:43:08,178 INFO  EvoClassLoader - Instrumenting class 'org.bouncycastle.jcajce.provider.symmetric.GOST28147$BaseAlgParams'.
2024-11-12 13:43:08,178 INFO  MethodCallReplacementClassAdapter - Adding mock interface to class org/bouncycastle/jcajce/provider/symmetric/GOST28147$BaseAlgParams
2024-11-12 13:43:08,179 INFO  CreateClassResetClassAdapter - Creating brand-new static initializer in class org/bouncycastle/jcajce/provider/symmetric/GOST28147$BaseAlgParams
2024-11-12 13:43:08,179 INFO  EvoClassLoader - Keeping class: org.bouncycastle.jcajce.provider.symmetric.GOST28147$BaseAlgParams
2024-11-12 13:43:08,179 INFO  EvoClassLoader - Keeping class: org.bouncycastle.jcajce.provider.symmetric.GOST28147$AlgParams
2024-11-12 13:43:08,179 INFO  EvoClassLoader - Seeing class for first time: org.bouncycastle.jcajce.provider.symmetric.GOST28147$CBC
2024-11-12 13:43:08,179 INFO  EvoClassLoader - Instrumenting class 'org.bouncycastle.jcajce.provider.symmetric.GOST28147$CBC'.
2024-11-12 13:43:08,179 INFO  MethodCallReplacementClassAdapter - Adding mock interface to class org/bouncycastle/jcajce/provider/symmetric/GOST28147$CBC
2024-11-12 13:43:08,179 INFO  CreateClassResetClassAdapter - Creating brand-new static initializer in class org/bouncycastle/jcajce/provider/symmetric/GOST28147$CBC
2024-11-12 13:43:08,179 INFO  EvoClassLoader - Keeping class: org.bouncycastle.jcajce.provider.symmetric.GOST28147$CBC
2024-11-12 13:43:08,179 INFO  EvoClassLoader - Seeing class for first time: org.bouncycastle.jcajce.provider.symmetric.GOST28147$CryptoProWrap
2024-11-12 13:43:08,179 INFO  EvoClassLoader - Instrumenting class 'org.bouncycastle.jcajce.provider.symmetric.GOST28147$CryptoProWrap'.
2024-11-12 13:43:08,179 INFO  MethodCallReplacementClassAdapter - Adding mock interface to class org/bouncycastle/jcajce/provider/symmetric/GOST28147$CryptoProWrap
2024-11-12 13:43:08,179 INFO  CreateClassResetClassAdapter - Creating brand-new static initializer in class org/bouncycastle/jcajce/provider/symmetric/GOST28147$CryptoProWrap
2024-11-12 13:43:08,179 INFO  EvoClassLoader - Keeping class: org.bouncycastle.jcajce.provider.symmetric.GOST28147$CryptoProWrap
2024-11-12 13:43:08,179 INFO  EvoClassLoader - Seeing class for first time: org.bouncycastle.jcajce.provider.symmetric.GOST28147$ECB
2024-11-12 13:43:08,179 INFO  EvoClassLoader - Instrumenting class 'org.bouncycastle.jcajce.provider.symmetric.GOST28147$ECB'.
2024-11-12 13:43:08,180 INFO  MethodCallReplacementClassAdapter - Adding mock interface to class org/bouncycastle/jcajce/provider/symmetric/GOST28147$ECB
2024-11-12 13:43:08,180 INFO  CreateClassResetClassAdapter - Creating brand-new static initializer in class org/bouncycastle/jcajce/provider/symmetric/GOST28147$ECB
2024-11-12 13:43:08,180 INFO  EvoClassLoader - Keeping class: org.bouncycastle.jcajce.provider.symmetric.GOST28147$ECB
2024-11-12 13:43:08,180 INFO  EvoClassLoader - Seeing class for first time: org.bouncycastle.jcajce.provider.symmetric.GOST28147$GCFB
2024-11-12 13:43:08,180 INFO  EvoClassLoader - Instrumenting class 'org.bouncycastle.jcajce.provider.symmetric.GOST28147$GCFB'.
2024-11-12 13:43:08,180 INFO  MethodCallReplacementClassAdapter - Adding mock interface to class org/bouncycastle/jcajce/provider/symmetric/GOST28147$GCFB
2024-11-12 13:43:08,180 INFO  CreateClassResetClassAdapter - Creating brand-new static initializer in class org/bouncycastle/jcajce/provider/symmetric/GOST28147$GCFB
2024-11-12 13:43:08,180 INFO  EvoClassLoader - Keeping class: org.bouncycastle.jcajce.provider.symmetric.GOST28147$GCFB
2024-11-12 13:43:08,180 INFO  EvoClassLoader - Seeing class for first time: org.bouncycastle.jcajce.provider.symmetric.GOST28147$GostWrap
2024-11-12 13:43:08,180 INFO  EvoClassLoader - Instrumenting class 'org.bouncycastle.jcajce.provider.symmetric.GOST28147$GostWrap'.
2024-11-12 13:43:08,180 INFO  MethodCallReplacementClassAdapter - Adding mock interface to class org/bouncycastle/jcajce/provider/symmetric/GOST28147$GostWrap
2024-11-12 13:43:08,180 INFO  CreateClassResetClassAdapter - Creating brand-new static initializer in class org/bouncycastle/jcajce/provider/symmetric/GOST28147$GostWrap
2024-11-12 13:43:08,180 INFO  EvoClassLoader - Keeping class: org.bouncycastle.jcajce.provider.symmetric.GOST28147$GostWrap
2024-11-12 13:43:08,180 INFO  EvoClassLoader - Seeing class for first time: org.bouncycastle.jcajce.provider.symmetric.GOST28147$KeyGen
2024-11-12 13:43:08,180 INFO  EvoClassLoader - Instrumenting class 'org.bouncycastle.jcajce.provider.symmetric.GOST28147$KeyGen'.
2024-11-12 13:43:08,180 INFO  MethodCallReplacementClassAdapter - Adding mock interface to class org/bouncycastle/jcajce/provider/symmetric/GOST28147$KeyGen
2024-11-12 13:43:08,180 INFO  CreateClassResetClassAdapter - Creating brand-new static initializer in class org/bouncycastle/jcajce/provider/symmetric/GOST28147$KeyGen
2024-11-12 13:43:08,180 INFO  EvoClassLoader - Keeping class: org.bouncycastle.jcajce.provider.symmetric.GOST28147$KeyGen
2024-11-12 13:43:08,180 INFO  EvoClassLoader - Seeing class for first time: org.bouncycastle.jcajce.provider.symmetric.GOST28147$Mac
2024-11-12 13:43:08,180 INFO  EvoClassLoader - Instrumenting class 'org.bouncycastle.jcajce.provider.symmetric.GOST28147$Mac'.
2024-11-12 13:43:08,180 INFO  MethodCallReplacementClassAdapter - Adding mock interface to class org/bouncycastle/jcajce/provider/symmetric/GOST28147$Mac
2024-11-12 13:43:08,180 INFO  CreateClassResetClassAdapter - Creating brand-new static initializer in class org/bouncycastle/jcajce/provider/symmetric/GOST28147$Mac
2024-11-12 13:43:08,180 INFO  EvoClassLoader - Keeping class: org.bouncycastle.jcajce.provider.symmetric.GOST28147$Mac
2024-11-12 13:43:08,181 INFO  EvoClassLoader - Seeing class for first time: org.bouncycastle.jcajce.provider.symmetric.Grainv1$Mappings
2024-11-12 13:43:08,181 INFO  EvoClassLoader - Instrumenting class 'org.bouncycastle.jcajce.provider.symmetric.Grainv1$Mappings'.
2024-11-12 13:43:08,181 INFO  MethodCallReplacementClassAdapter - Adding mock interface to class org/bouncycastle/jcajce/provider/symmetric/Grainv1$Mappings
2024-11-12 13:43:08,181 INFO  CreateClassResetClassAdapter - Found static initializer in class org/bouncycastle/jcajce/provider/symmetric/Grainv1$Mappings
2024-11-12 13:43:08,181 INFO  EvoClassLoader - Keeping class: org.bouncycastle.jcajce.provider.symmetric.Grainv1$Mappings
2024-11-12 13:43:08,181 INFO  EvoClassLoader - Seeing class for first time: org.bouncycastle.jcajce.provider.symmetric.Grainv1
2024-11-12 13:43:08,181 INFO  EvoClassLoader - Instrumenting class 'org.bouncycastle.jcajce.provider.symmetric.Grainv1'.
2024-11-12 13:43:08,181 INFO  MethodCallReplacementClassAdapter - Adding mock interface to class org/bouncycastle/jcajce/provider/symmetric/Grainv1
2024-11-12 13:43:08,181 INFO  CreateClassResetClassAdapter - Creating brand-new static initializer in class org/bouncycastle/jcajce/provider/symmetric/Grainv1
2024-11-12 13:43:08,181 INFO  EvoClassLoader - Keeping class: org.bouncycastle.jcajce.provider.symmetric.Grainv1
2024-11-12 13:43:08,181 INFO  EvoClassLoader - Seeing class for first time: org.bouncycastle.jcajce.provider.symmetric.Grainv1$AlgParams
2024-11-12 13:43:08,181 INFO  EvoClassLoader - Instrumenting class 'org.bouncycastle.jcajce.provider.symmetric.Grainv1$AlgParams'.
2024-11-12 13:43:08,181 INFO  MethodCallReplacementClassAdapter - Adding mock interface to class org/bouncycastle/jcajce/provider/symmetric/Grainv1$AlgParams
2024-11-12 13:43:08,181 INFO  CreateClassResetClassAdapter - Creating brand-new static initializer in class org/bouncycastle/jcajce/provider/symmetric/Grainv1$AlgParams
2024-11-12 13:43:08,181 INFO  EvoClassLoader - Keeping class: org.bouncycastle.jcajce.provider.symmetric.Grainv1$AlgParams
2024-11-12 13:43:08,181 INFO  EvoClassLoader - Seeing class for first time: org.bouncycastle.jcajce.provider.symmetric.Grainv1$Base
2024-11-12 13:43:08,181 INFO  EvoClassLoader - Instrumenting class 'org.bouncycastle.jcajce.provider.symmetric.Grainv1$Base'.
2024-11-12 13:43:08,182 INFO  MethodCallReplacementClassAdapter - Adding mock interface to class org/bouncycastle/jcajce/provider/symmetric/Grainv1$Base
2024-11-12 13:43:08,182 INFO  CreateClassResetClassAdapter - Creating brand-new static initializer in class org/bouncycastle/jcajce/provider/symmetric/Grainv1$Base
2024-11-12 13:43:08,182 INFO  EvoClassLoader - Keeping class: org.bouncycastle.jcajce.provider.symmetric.Grainv1$Base
2024-11-12 13:43:08,182 INFO  EvoClassLoader - Seeing class for first time: org.bouncycastle.jcajce.provider.symmetric.Grainv1$KeyGen
2024-11-12 13:43:08,182 INFO  EvoClassLoader - Instrumenting class 'org.bouncycastle.jcajce.provider.symmetric.Grainv1$KeyGen'.
2024-11-12 13:43:08,182 INFO  MethodCallReplacementClassAdapter - Adding mock interface to class org/bouncycastle/jcajce/provider/symmetric/Grainv1$KeyGen
2024-11-12 13:43:08,182 INFO  CreateClassResetClassAdapter - Creating brand-new static initializer in class org/bouncycastle/jcajce/provider/symmetric/Grainv1$KeyGen
2024-11-12 13:43:08,182 INFO  EvoClassLoader - Keeping class: org.bouncycastle.jcajce.provider.symmetric.Grainv1$KeyGen
2024-11-12 13:43:08,182 INFO  EvoClassLoader - Seeing class for first time: org.bouncycastle.jcajce.provider.symmetric.Grain128$Mappings
2024-11-12 13:43:08,182 INFO  EvoClassLoader - Instrumenting class 'org.bouncycastle.jcajce.provider.symmetric.Grain128$Mappings'.
2024-11-12 13:43:08,182 INFO  MethodCallReplacementClassAdapter - Adding mock interface to class org/bouncycastle/jcajce/provider/symmetric/Grain128$Mappings
2024-11-12 13:43:08,182 INFO  CreateClassResetClassAdapter - Found static initializer in class org/bouncycastle/jcajce/provider/symmetric/Grain128$Mappings
2024-11-12 13:43:08,182 INFO  EvoClassLoader - Keeping class: org.bouncycastle.jcajce.provider.symmetric.Grain128$Mappings
2024-11-12 13:43:08,182 INFO  EvoClassLoader - Seeing class for first time: org.bouncycastle.jcajce.provider.symmetric.Grain128
2024-11-12 13:43:08,182 INFO  EvoClassLoader - Instrumenting class 'org.bouncycastle.jcajce.provider.symmetric.Grain128'.
2024-11-12 13:43:08,182 INFO  MethodCallReplacementClassAdapter - Adding mock interface to class org/bouncycastle/jcajce/provider/symmetric/Grain128
2024-11-12 13:43:08,182 INFO  CreateClassResetClassAdapter - Creating brand-new static initializer in class org/bouncycastle/jcajce/provider/symmetric/Grain128
2024-11-12 13:43:08,183 INFO  EvoClassLoader - Keeping class: org.bouncycastle.jcajce.provider.symmetric.Grain128
2024-11-12 13:43:08,183 INFO  EvoClassLoader - Seeing class for first time: org.bouncycastle.jcajce.provider.symmetric.Grain128$Base
2024-11-12 13:43:08,183 INFO  EvoClassLoader - Instrumenting class 'org.bouncycastle.jcajce.provider.symmetric.Grain128$Base'.
2024-11-12 13:43:08,183 INFO  MethodCallReplacementClassAdapter - Adding mock interface to class org/bouncycastle/jcajce/provider/symmetric/Grain128$Base
2024-11-12 13:43:08,183 INFO  CreateClassResetClassAdapter - Creating brand-new static initializer in class org/bouncycastle/jcajce/provider/symmetric/Grain128$Base
2024-11-12 13:43:08,183 INFO  EvoClassLoader - Keeping class: org.bouncycastle.jcajce.provider.symmetric.Grain128$Base
2024-11-12 13:43:08,183 INFO  EvoClassLoader - Seeing class for first time: org.bouncycastle.jcajce.provider.symmetric.Grain128$KeyGen
2024-11-12 13:43:08,183 INFO  EvoClassLoader - Instrumenting class 'org.bouncycastle.jcajce.provider.symmetric.Grain128$KeyGen'.
2024-11-12 13:43:08,183 INFO  MethodCallReplacementClassAdapter - Adding mock interface to class org/bouncycastle/jcajce/provider/symmetric/Grain128$KeyGen
2024-11-12 13:43:08,183 INFO  CreateClassResetClassAdapter - Creating brand-new static initializer in class org/bouncycastle/jcajce/provider/symmetric/Grain128$KeyGen
2024-11-12 13:43:08,183 INFO  EvoClassLoader - Keeping class: org.bouncycastle.jcajce.provider.symmetric.Grain128$KeyGen
2024-11-12 13:43:08,183 INFO  EvoClassLoader - Seeing class for first time: org.bouncycastle.jcajce.provider.symmetric.HC128$Mappings
2024-11-12 13:43:08,183 INFO  EvoClassLoader - Instrumenting class 'org.bouncycastle.jcajce.provider.symmetric.HC128$Mappings'.
2024-11-12 13:43:08,183 INFO  MethodCallReplacementClassAdapter - Adding mock interface to class org/bouncycastle/jcajce/provider/symmetric/HC128$Mappings
2024-11-12 13:43:08,183 INFO  CreateClassResetClassAdapter - Found static initializer in class org/bouncycastle/jcajce/provider/symmetric/HC128$Mappings
2024-11-12 13:43:08,184 INFO  EvoClassLoader - Keeping class: org.bouncycastle.jcajce.provider.symmetric.HC128$Mappings
2024-11-12 13:43:08,184 INFO  EvoClassLoader - Seeing class for first time: org.bouncycastle.jcajce.provider.symmetric.HC128
2024-11-12 13:43:08,184 INFO  EvoClassLoader - Instrumenting class 'org.bouncycastle.jcajce.provider.symmetric.HC128'.
2024-11-12 13:43:08,184 INFO  MethodCallReplacementClassAdapter - Adding mock interface to class org/bouncycastle/jcajce/provider/symmetric/HC128
2024-11-12 13:43:08,184 INFO  CreateClassResetClassAdapter - Creating brand-new static initializer in class org/bouncycastle/jcajce/provider/symmetric/HC128
2024-11-12 13:43:08,184 INFO  EvoClassLoader - Keeping class: org.bouncycastle.jcajce.provider.symmetric.HC128
2024-11-12 13:43:08,184 INFO  EvoClassLoader - Seeing class for first time: org.bouncycastle.jcajce.provider.symmetric.HC128$AlgParams
2024-11-12 13:43:08,184 INFO  EvoClassLoader - Instrumenting class 'org.bouncycastle.jcajce.provider.symmetric.HC128$AlgParams'.
2024-11-12 13:43:08,184 INFO  MethodCallReplacementClassAdapter - Adding mock interface to class org/bouncycastle/jcajce/provider/symmetric/HC128$AlgParams
2024-11-12 13:43:08,184 INFO  CreateClassResetClassAdapter - Creating brand-new static initializer in class org/bouncycastle/jcajce/provider/symmetric/HC128$AlgParams
2024-11-12 13:43:08,184 INFO  EvoClassLoader - Keeping class: org.bouncycastle.jcajce.provider.symmetric.HC128$AlgParams
2024-11-12 13:43:08,184 INFO  EvoClassLoader - Seeing class for first time: org.bouncycastle.jcajce.provider.symmetric.HC128$Base
2024-11-12 13:43:08,184 INFO  EvoClassLoader - Instrumenting class 'org.bouncycastle.jcajce.provider.symmetric.HC128$Base'.
2024-11-12 13:43:08,184 INFO  MethodCallReplacementClassAdapter - Adding mock interface to class org/bouncycastle/jcajce/provider/symmetric/HC128$Base
2024-11-12 13:43:08,184 INFO  CreateClassResetClassAdapter - Creating brand-new static initializer in class org/bouncycastle/jcajce/provider/symmetric/HC128$Base
2024-11-12 13:43:08,184 INFO  EvoClassLoader - Keeping class: org.bouncycastle.jcajce.provider.symmetric.HC128$Base
2024-11-12 13:43:08,184 INFO  EvoClassLoader - Seeing class for first time: org.bouncycastle.jcajce.provider.symmetric.HC128$KeyGen
2024-11-12 13:43:08,184 INFO  EvoClassLoader - Instrumenting class 'org.bouncycastle.jcajce.provider.symmetric.HC128$KeyGen'.
2024-11-12 13:43:08,184 INFO  MethodCallReplacementClassAdapter - Adding mock interface to class org/bouncycastle/jcajce/provider/symmetric/HC128$KeyGen
2024-11-12 13:43:08,184 INFO  CreateClassResetClassAdapter - Creating brand-new static initializer in class org/bouncycastle/jcajce/provider/symmetric/HC128$KeyGen
2024-11-12 13:43:08,184 INFO  EvoClassLoader - Keeping class: org.bouncycastle.jcajce.provider.symmetric.HC128$KeyGen
2024-11-12 13:43:08,184 INFO  EvoClassLoader - Seeing class for first time: org.bouncycastle.jcajce.provider.symmetric.HC256$Mappings
2024-11-12 13:43:08,184 INFO  EvoClassLoader - Instrumenting class 'org.bouncycastle.jcajce.provider.symmetric.HC256$Mappings'.
2024-11-12 13:43:08,184 INFO  MethodCallReplacementClassAdapter - Adding mock interface to class org/bouncycastle/jcajce/provider/symmetric/HC256$Mappings
2024-11-12 13:43:08,184 INFO  CreateClassResetClassAdapter - Found static initializer in class org/bouncycastle/jcajce/provider/symmetric/HC256$Mappings
2024-11-12 13:43:08,185 INFO  EvoClassLoader - Keeping class: org.bouncycastle.jcajce.provider.symmetric.HC256$Mappings
2024-11-12 13:43:08,185 INFO  EvoClassLoader - Seeing class for first time: org.bouncycastle.jcajce.provider.symmetric.HC256
2024-11-12 13:43:08,185 INFO  EvoClassLoader - Instrumenting class 'org.bouncycastle.jcajce.provider.symmetric.HC256'.
2024-11-12 13:43:08,185 INFO  MethodCallReplacementClassAdapter - Adding mock interface to class org/bouncycastle/jcajce/provider/symmetric/HC256
2024-11-12 13:43:08,185 INFO  CreateClassResetClassAdapter - Creating brand-new static initializer in class org/bouncycastle/jcajce/provider/symmetric/HC256
2024-11-12 13:43:08,185 INFO  EvoClassLoader - Keeping class: org.bouncycastle.jcajce.provider.symmetric.HC256
2024-11-12 13:43:08,185 INFO  EvoClassLoader - Seeing class for first time: org.bouncycastle.jcajce.provider.symmetric.HC256$AlgParams
2024-11-12 13:43:08,185 INFO  EvoClassLoader - Instrumenting class 'org.bouncycastle.jcajce.provider.symmetric.HC256$AlgParams'.
2024-11-12 13:43:08,185 INFO  MethodCallReplacementClassAdapter - Adding mock interface to class org/bouncycastle/jcajce/provider/symmetric/HC256$AlgParams
2024-11-12 13:43:08,185 INFO  CreateClassResetClassAdapter - Creating brand-new static initializer in class org/bouncycastle/jcajce/provider/symmetric/HC256$AlgParams
2024-11-12 13:43:08,185 INFO  EvoClassLoader - Keeping class: org.bouncycastle.jcajce.provider.symmetric.HC256$AlgParams
2024-11-12 13:43:08,185 INFO  EvoClassLoader - Seeing class for first time: org.bouncycastle.jcajce.provider.symmetric.HC256$Base
2024-11-12 13:43:08,185 INFO  EvoClassLoader - Instrumenting class 'org.bouncycastle.jcajce.provider.symmetric.HC256$Base'.
2024-11-12 13:43:08,185 INFO  MethodCallReplacementClassAdapter - Adding mock interface to class org/bouncycastle/jcajce/provider/symmetric/HC256$Base
2024-11-12 13:43:08,185 INFO  CreateClassResetClassAdapter - Creating brand-new static initializer in class org/bouncycastle/jcajce/provider/symmetric/HC256$Base
2024-11-12 13:43:08,185 INFO  EvoClassLoader - Keeping class: org.bouncycastle.jcajce.provider.symmetric.HC256$Base
2024-11-12 13:43:08,185 INFO  EvoClassLoader - Seeing class for first time: org.bouncycastle.jcajce.provider.symmetric.HC256$KeyGen
2024-11-12 13:43:08,185 INFO  EvoClassLoader - Instrumenting class 'org.bouncycastle.jcajce.provider.symmetric.HC256$KeyGen'.
2024-11-12 13:43:08,186 INFO  MethodCallReplacementClassAdapter - Adding mock interface to class org/bouncycastle/jcajce/provider/symmetric/HC256$KeyGen
2024-11-12 13:43:08,186 INFO  CreateClassResetClassAdapter - Creating brand-new static initializer in class org/bouncycastle/jcajce/provider/symmetric/HC256$KeyGen
2024-11-12 13:43:08,186 INFO  EvoClassLoader - Keeping class: org.bouncycastle.jcajce.provider.symmetric.HC256$KeyGen
2024-11-12 13:43:08,186 INFO  EvoClassLoader - Seeing class for first time: org.bouncycastle.jcajce.provider.symmetric.IDEA$Mappings
2024-11-12 13:43:08,186 INFO  EvoClassLoader - Instrumenting class 'org.bouncycastle.jcajce.provider.symmetric.IDEA$Mappings'.
2024-11-12 13:43:08,186 INFO  MethodCallReplacementClassAdapter - Adding mock interface to class org/bouncycastle/jcajce/provider/symmetric/IDEA$Mappings
2024-11-12 13:43:08,186 INFO  CreateClassResetClassAdapter - Found static initializer in class org/bouncycastle/jcajce/provider/symmetric/IDEA$Mappings
2024-11-12 13:43:08,187 INFO  EvoClassLoader - Keeping class: org.bouncycastle.jcajce.provider.symmetric.IDEA$Mappings
2024-11-12 13:43:08,187 INFO  EvoClassLoader - Seeing class for first time: org.bouncycastle.jcajce.provider.symmetric.IDEA
2024-11-12 13:43:08,187 INFO  EvoClassLoader - Instrumenting class 'org.bouncycastle.jcajce.provider.symmetric.IDEA'.
2024-11-12 13:43:08,187 INFO  MethodCallReplacementClassAdapter - Adding mock interface to class org/bouncycastle/jcajce/provider/symmetric/IDEA
2024-11-12 13:43:08,187 INFO  CreateClassResetClassAdapter - Creating brand-new static initializer in class org/bouncycastle/jcajce/provider/symmetric/IDEA
2024-11-12 13:43:08,187 INFO  EvoClassLoader - Keeping class: org.bouncycastle.jcajce.provider.symmetric.IDEA
2024-11-12 13:43:08,187 INFO  EvoClassLoader - Seeing class for first time: org.bouncycastle.jcajce.provider.symmetric.IDEA$AlgParamGen
2024-11-12 13:43:08,187 INFO  EvoClassLoader - Instrumenting class 'org.bouncycastle.jcajce.provider.symmetric.IDEA$AlgParamGen'.
2024-11-12 13:43:08,187 INFO  MethodCallReplacementClassAdapter - Adding mock interface to class org/bouncycastle/jcajce/provider/symmetric/IDEA$AlgParamGen
2024-11-12 13:43:08,188 INFO  CreateClassResetClassAdapter - Creating brand-new static initializer in class org/bouncycastle/jcajce/provider/symmetric/IDEA$AlgParamGen
2024-11-12 13:43:08,188 INFO  EvoClassLoader - Keeping class: org.bouncycastle.jcajce.provider.symmetric.IDEA$AlgParamGen
2024-11-12 13:43:08,188 INFO  EvoClassLoader - Seeing class for first time: org.bouncycastle.jcajce.provider.symmetric.IDEA$AlgParams
2024-11-12 13:43:08,188 INFO  EvoClassLoader - Instrumenting class 'org.bouncycastle.jcajce.provider.symmetric.IDEA$AlgParams'.
2024-11-12 13:43:08,188 INFO  MethodCallReplacementClassAdapter - Adding mock interface to class org/bouncycastle/jcajce/provider/symmetric/IDEA$AlgParams
2024-11-12 13:43:08,189 INFO  CreateClassResetClassAdapter - Creating brand-new static initializer in class org/bouncycastle/jcajce/provider/symmetric/IDEA$AlgParams
2024-11-12 13:43:08,189 INFO  EvoClassLoader - Keeping class: org.bouncycastle.jcajce.provider.symmetric.IDEA$AlgParams
2024-11-12 13:43:08,189 INFO  EvoClassLoader - Seeing class for first time: org.bouncycastle.jcajce.provider.symmetric.IDEA$CBC
2024-11-12 13:43:08,189 INFO  EvoClassLoader - Instrumenting class 'org.bouncycastle.jcajce.provider.symmetric.IDEA$CBC'.
2024-11-12 13:43:08,189 INFO  MethodCallReplacementClassAdapter - Adding mock interface to class org/bouncycastle/jcajce/provider/symmetric/IDEA$CBC
2024-11-12 13:43:08,189 INFO  CreateClassResetClassAdapter - Creating brand-new static initializer in class org/bouncycastle/jcajce/provider/symmetric/IDEA$CBC
2024-11-12 13:43:08,189 INFO  EvoClassLoader - Keeping class: org.bouncycastle.jcajce.provider.symmetric.IDEA$CBC
2024-11-12 13:43:08,189 INFO  EvoClassLoader - Seeing class for first time: org.bouncycastle.jcajce.provider.symmetric.IDEA$CFB8Mac
2024-11-12 13:43:08,189 INFO  EvoClassLoader - Instrumenting class 'org.bouncycastle.jcajce.provider.symmetric.IDEA$CFB8Mac'.
2024-11-12 13:43:08,190 INFO  MethodCallReplacementClassAdapter - Adding mock interface to class org/bouncycastle/jcajce/provider/symmetric/IDEA$CFB8Mac
2024-11-12 13:43:08,190 INFO  CreateClassResetClassAdapter - Creating brand-new static initializer in class org/bouncycastle/jcajce/provider/symmetric/IDEA$CFB8Mac
2024-11-12 13:43:08,190 INFO  EvoClassLoader - Keeping class: org.bouncycastle.jcajce.provider.symmetric.IDEA$CFB8Mac
2024-11-12 13:43:08,190 INFO  EvoClassLoader - Seeing class for first time: org.bouncycastle.jcajce.provider.symmetric.IDEA$ECB
2024-11-12 13:43:08,190 INFO  EvoClassLoader - Instrumenting class 'org.bouncycastle.jcajce.provider.symmetric.IDEA$ECB'.
2024-11-12 13:43:08,190 INFO  MethodCallReplacementClassAdapter - Adding mock interface to class org/bouncycastle/jcajce/provider/symmetric/IDEA$ECB
2024-11-12 13:43:08,190 INFO  CreateClassResetClassAdapter - Creating brand-new static initializer in class org/bouncycastle/jcajce/provider/symmetric/IDEA$ECB
2024-11-12 13:43:08,190 INFO  EvoClassLoader - Keeping class: org.bouncycastle.jcajce.provider.symmetric.IDEA$ECB
2024-11-12 13:43:08,190 INFO  EvoClassLoader - Seeing class for first time: org.bouncycastle.jcajce.provider.symmetric.IDEA$KeyGen
2024-11-12 13:43:08,190 INFO  EvoClassLoader - Instrumenting class 'org.bouncycastle.jcajce.provider.symmetric.IDEA$KeyGen'.
2024-11-12 13:43:08,190 INFO  MethodCallReplacementClassAdapter - Adding mock interface to class org/bouncycastle/jcajce/provider/symmetric/IDEA$KeyGen
2024-11-12 13:43:08,190 INFO  CreateClassResetClassAdapter - Creating brand-new static initializer in class org/bouncycastle/jcajce/provider/symmetric/IDEA$KeyGen
2024-11-12 13:43:08,191 INFO  EvoClassLoader - Keeping class: org.bouncycastle.jcajce.provider.symmetric.IDEA$KeyGen
2024-11-12 13:43:08,191 INFO  EvoClassLoader - Seeing class for first time: org.bouncycastle.jcajce.provider.symmetric.IDEA$Mac
2024-11-12 13:43:08,191 INFO  EvoClassLoader - Instrumenting class 'org.bouncycastle.jcajce.provider.symmetric.IDEA$Mac'.
2024-11-12 13:43:08,191 INFO  MethodCallReplacementClassAdapter - Adding mock interface to class org/bouncycastle/jcajce/provider/symmetric/IDEA$Mac
2024-11-12 13:43:08,191 INFO  CreateClassResetClassAdapter - Creating brand-new static initializer in class org/bouncycastle/jcajce/provider/symmetric/IDEA$Mac
2024-11-12 13:43:08,191 INFO  EvoClassLoader - Keeping class: org.bouncycastle.jcajce.provider.symmetric.IDEA$Mac
2024-11-12 13:43:08,191 INFO  EvoClassLoader - Seeing class for first time: org.bouncycastle.jcajce.provider.symmetric.Noekeon$Mappings
2024-11-12 13:43:08,191 INFO  EvoClassLoader - Instrumenting class 'org.bouncycastle.jcajce.provider.symmetric.Noekeon$Mappings'.
2024-11-12 13:43:08,192 INFO  MethodCallReplacementClassAdapter - Adding mock interface to class org/bouncycastle/jcajce/provider/symmetric/Noekeon$Mappings
2024-11-12 13:43:08,192 INFO  CreateClassResetClassAdapter - Found static initializer in class org/bouncycastle/jcajce/provider/symmetric/Noekeon$Mappings
2024-11-12 13:43:08,192 INFO  EvoClassLoader - Keeping class: org.bouncycastle.jcajce.provider.symmetric.Noekeon$Mappings
2024-11-12 13:43:08,192 INFO  EvoClassLoader - Seeing class for first time: org.bouncycastle.jcajce.provider.symmetric.Noekeon
2024-11-12 13:43:08,192 INFO  EvoClassLoader - Instrumenting class 'org.bouncycastle.jcajce.provider.symmetric.Noekeon'.
2024-11-12 13:43:08,193 INFO  MethodCallReplacementClassAdapter - Adding mock interface to class org/bouncycastle/jcajce/provider/symmetric/Noekeon
2024-11-12 13:43:08,193 INFO  CreateClassResetClassAdapter - Creating brand-new static initializer in class org/bouncycastle/jcajce/provider/symmetric/Noekeon
2024-11-12 13:43:08,193 INFO  EvoClassLoader - Keeping class: org.bouncycastle.jcajce.provider.symmetric.Noekeon
2024-11-12 13:43:08,193 INFO  EvoClassLoader - Seeing class for first time: org.bouncycastle.jcajce.provider.symmetric.Noekeon$AlgParamGen
2024-11-12 13:43:08,193 INFO  EvoClassLoader - Instrumenting class 'org.bouncycastle.jcajce.provider.symmetric.Noekeon$AlgParamGen'.
2024-11-12 13:43:08,193 INFO  MethodCallReplacementClassAdapter - Adding mock interface to class org/bouncycastle/jcajce/provider/symmetric/Noekeon$AlgParamGen
2024-11-12 13:43:08,194 INFO  CreateClassResetClassAdapter - Creating brand-new static initializer in class org/bouncycastle/jcajce/provider/symmetric/Noekeon$AlgParamGen
2024-11-12 13:43:08,194 INFO  EvoClassLoader - Keeping class: org.bouncycastle.jcajce.provider.symmetric.Noekeon$AlgParamGen
2024-11-12 13:43:08,194 INFO  EvoClassLoader - Seeing class for first time: org.bouncycastle.jcajce.provider.symmetric.Noekeon$AlgParams
2024-11-12 13:43:08,194 INFO  EvoClassLoader - Instrumenting class 'org.bouncycastle.jcajce.provider.symmetric.Noekeon$AlgParams'.
2024-11-12 13:43:08,195 INFO  MethodCallReplacementClassAdapter - Adding mock interface to class org/bouncycastle/jcajce/provider/symmetric/Noekeon$AlgParams
2024-11-12 13:43:08,195 INFO  CreateClassResetClassAdapter - Creating brand-new static initializer in class org/bouncycastle/jcajce/provider/symmetric/Noekeon$AlgParams
2024-11-12 13:43:08,195 INFO  EvoClassLoader - Keeping class: org.bouncycastle.jcajce.provider.symmetric.Noekeon$AlgParams
2024-11-12 13:43:08,195 INFO  EvoClassLoader - Seeing class for first time: org.bouncycastle.jcajce.provider.symmetric.Noekeon$ECB
2024-11-12 13:43:08,195 INFO  EvoClassLoader - Instrumenting class 'org.bouncycastle.jcajce.provider.symmetric.Noekeon$ECB'.
2024-11-12 13:43:08,195 INFO  MethodCallReplacementClassAdapter - Adding mock interface to class org/bouncycastle/jcajce/provider/symmetric/Noekeon$ECB
2024-11-12 13:43:08,195 INFO  CreateClassResetClassAdapter - Creating brand-new static initializer in class org/bouncycastle/jcajce/provider/symmetric/Noekeon$ECB
2024-11-12 13:43:08,195 INFO  EvoClassLoader - Keeping class: org.bouncycastle.jcajce.provider.symmetric.Noekeon$ECB
2024-11-12 13:43:08,195 INFO  EvoClassLoader - Seeing class for first time: org.bouncycastle.jcajce.provider.symmetric.Noekeon$GMAC
2024-11-12 13:43:08,195 INFO  EvoClassLoader - Instrumenting class 'org.bouncycastle.jcajce.provider.symmetric.Noekeon$GMAC'.
2024-11-12 13:43:08,196 INFO  MethodCallReplacementClassAdapter - Adding mock interface to class org/bouncycastle/jcajce/provider/symmetric/Noekeon$GMAC
2024-11-12 13:43:08,196 INFO  CreateClassResetClassAdapter - Creating brand-new static initializer in class org/bouncycastle/jcajce/provider/symmetric/Noekeon$GMAC
2024-11-12 13:43:08,196 INFO  EvoClassLoader - Keeping class: org.bouncycastle.jcajce.provider.symmetric.Noekeon$GMAC
2024-11-12 13:43:08,196 INFO  EvoClassLoader - Seeing class for first time: org.bouncycastle.jcajce.provider.symmetric.Noekeon$KeyGen
2024-11-12 13:43:08,196 INFO  EvoClassLoader - Instrumenting class 'org.bouncycastle.jcajce.provider.symmetric.Noekeon$KeyGen'.
2024-11-12 13:43:08,196 INFO  MethodCallReplacementClassAdapter - Adding mock interface to class org/bouncycastle/jcajce/provider/symmetric/Noekeon$KeyGen
2024-11-12 13:43:08,196 INFO  CreateClassResetClassAdapter - Creating brand-new static initializer in class org/bouncycastle/jcajce/provider/symmetric/Noekeon$KeyGen
2024-11-12 13:43:08,196 INFO  EvoClassLoader - Keeping class: org.bouncycastle.jcajce.provider.symmetric.Noekeon$KeyGen
2024-11-12 13:43:08,197 INFO  EvoClassLoader - Seeing class for first time: org.bouncycastle.jcajce.provider.symmetric.RC2$Mappings
2024-11-12 13:43:08,197 INFO  EvoClassLoader - Instrumenting class 'org.bouncycastle.jcajce.provider.symmetric.RC2$Mappings'.
2024-11-12 13:43:08,197 INFO  MethodCallReplacementClassAdapter - Adding mock interface to class org/bouncycastle/jcajce/provider/symmetric/RC2$Mappings
2024-11-12 13:43:08,197 INFO  CreateClassResetClassAdapter - Found static initializer in class org/bouncycastle/jcajce/provider/symmetric/RC2$Mappings
2024-11-12 13:43:08,198 INFO  EvoClassLoader - Keeping class: org.bouncycastle.jcajce.provider.symmetric.RC2$Mappings
2024-11-12 13:43:08,198 INFO  EvoClassLoader - Seeing class for first time: org.bouncycastle.jcajce.provider.symmetric.RC2
2024-11-12 13:43:08,198 INFO  EvoClassLoader - Instrumenting class 'org.bouncycastle.jcajce.provider.symmetric.RC2'.
2024-11-12 13:43:08,198 INFO  MethodCallReplacementClassAdapter - Adding mock interface to class org/bouncycastle/jcajce/provider/symmetric/RC2
2024-11-12 13:43:08,198 INFO  CreateClassResetClassAdapter - Creating brand-new static initializer in class org/bouncycastle/jcajce/provider/symmetric/RC2
2024-11-12 13:43:08,198 INFO  EvoClassLoader - Keeping class: org.bouncycastle.jcajce.provider.symmetric.RC2
2024-11-12 13:43:08,198 INFO  EvoClassLoader - Seeing class for first time: org.bouncycastle.jcajce.provider.symmetric.RC2$AlgParamGen
2024-11-12 13:43:08,198 INFO  EvoClassLoader - Instrumenting class 'org.bouncycastle.jcajce.provider.symmetric.RC2$AlgParamGen'.
2024-11-12 13:43:08,199 INFO  MethodCallReplacementClassAdapter - Adding mock interface to class org/bouncycastle/jcajce/provider/symmetric/RC2$AlgParamGen
2024-11-12 13:43:08,199 INFO  CreateClassResetClassAdapter - Creating brand-new static initializer in class org/bouncycastle/jcajce/provider/symmetric/RC2$AlgParamGen
2024-11-12 13:43:08,199 INFO  EvoClassLoader - Keeping class: org.bouncycastle.jcajce.provider.symmetric.RC2$AlgParamGen
2024-11-12 13:43:08,199 INFO  EvoClassLoader - Seeing class for first time: org.bouncycastle.jcajce.provider.symmetric.RC2$AlgParams
2024-11-12 13:43:08,199 INFO  EvoClassLoader - Instrumenting class 'org.bouncycastle.jcajce.provider.symmetric.RC2$AlgParams'.
2024-11-12 13:43:08,200 INFO  MethodCallReplacementClassAdapter - Adding mock interface to class org/bouncycastle/jcajce/provider/symmetric/RC2$AlgParams
2024-11-12 13:43:08,200 INFO  CreateClassResetClassAdapter - Found static initializer in class org/bouncycastle/jcajce/provider/symmetric/RC2$AlgParams
2024-11-12 13:43:08,201 INFO  EvoClassLoader - Keeping class: org.bouncycastle.jcajce.provider.symmetric.RC2$AlgParams
2024-11-12 13:43:08,201 INFO  EvoClassLoader - Seeing class for first time: org.bouncycastle.jcajce.provider.symmetric.RC2$CBC
2024-11-12 13:43:08,201 INFO  EvoClassLoader - Instrumenting class 'org.bouncycastle.jcajce.provider.symmetric.RC2$CBC'.
2024-11-12 13:43:08,201 INFO  MethodCallReplacementClassAdapter - Adding mock interface to class org/bouncycastle/jcajce/provider/symmetric/RC2$CBC
2024-11-12 13:43:08,201 INFO  CreateClassResetClassAdapter - Creating brand-new static initializer in class org/bouncycastle/jcajce/provider/symmetric/RC2$CBC
2024-11-12 13:43:08,201 INFO  EvoClassLoader - Keeping class: org.bouncycastle.jcajce.provider.symmetric.RC2$CBC
2024-11-12 13:43:08,201 INFO  EvoClassLoader - Seeing class for first time: org.bouncycastle.jcajce.provider.symmetric.RC2$CBCMAC
2024-11-12 13:43:08,201 INFO  EvoClassLoader - Instrumenting class 'org.bouncycastle.jcajce.provider.symmetric.RC2$CBCMAC'.
2024-11-12 13:43:08,201 INFO  MethodCallReplacementClassAdapter - Adding mock interface to class org/bouncycastle/jcajce/provider/symmetric/RC2$CBCMAC
2024-11-12 13:43:08,201 INFO  CreateClassResetClassAdapter - Creating brand-new static initializer in class org/bouncycastle/jcajce/provider/symmetric/RC2$CBCMAC
2024-11-12 13:43:08,201 INFO  EvoClassLoader - Keeping class: org.bouncycastle.jcajce.provider.symmetric.RC2$CBCMAC
2024-11-12 13:43:08,201 INFO  EvoClassLoader - Seeing class for first time: org.bouncycastle.jcajce.provider.symmetric.RC2$CFB8MAC
2024-11-12 13:43:08,201 INFO  EvoClassLoader - Instrumenting class 'org.bouncycastle.jcajce.provider.symmetric.RC2$CFB8MAC'.
2024-11-12 13:43:08,201 INFO  MethodCallReplacementClassAdapter - Adding mock interface to class org/bouncycastle/jcajce/provider/symmetric/RC2$CFB8MAC
2024-11-12 13:43:08,201 INFO  CreateClassResetClassAdapter - Creating brand-new static initializer in class org/bouncycastle/jcajce/provider/symmetric/RC2$CFB8MAC
2024-11-12 13:43:08,201 INFO  EvoClassLoader - Keeping class: org.bouncycastle.jcajce.provider.symmetric.RC2$CFB8MAC
2024-11-12 13:43:08,201 INFO  EvoClassLoader - Seeing class for first time: org.bouncycastle.jcajce.provider.symmetric.RC2$ECB
2024-11-12 13:43:08,201 INFO  EvoClassLoader - Instrumenting class 'org.bouncycastle.jcajce.provider.symmetric.RC2$ECB'.
2024-11-12 13:43:08,201 INFO  MethodCallReplacementClassAdapter - Adding mock interface to class org/bouncycastle/jcajce/provider/symmetric/RC2$ECB
2024-11-12 13:43:08,201 INFO  CreateClassResetClassAdapter - Creating brand-new static initializer in class org/bouncycastle/jcajce/provider/symmetric/RC2$ECB
2024-11-12 13:43:08,202 INFO  EvoClassLoader - Keeping class: org.bouncycastle.jcajce.provider.symmetric.RC2$ECB
2024-11-12 13:43:08,202 INFO  EvoClassLoader - Seeing class for first time: org.bouncycastle.jcajce.provider.symmetric.RC2$KeyGenerator
2024-11-12 13:43:08,202 INFO  EvoClassLoader - Instrumenting class 'org.bouncycastle.jcajce.provider.symmetric.RC2$KeyGenerator'.
2024-11-12 13:43:08,202 INFO  MethodCallReplacementClassAdapter - Adding mock interface to class org/bouncycastle/jcajce/provider/symmetric/RC2$KeyGenerator
2024-11-12 13:43:08,202 INFO  CreateClassResetClassAdapter - Creating brand-new static initializer in class org/bouncycastle/jcajce/provider/symmetric/RC2$KeyGenerator
2024-11-12 13:43:08,202 INFO  EvoClassLoader - Keeping class: org.bouncycastle.jcajce.provider.symmetric.RC2$KeyGenerator
2024-11-12 13:43:08,202 INFO  EvoClassLoader - Seeing class for first time: org.bouncycastle.jcajce.provider.symmetric.RC5$Mappings
2024-11-12 13:43:08,202 INFO  EvoClassLoader - Instrumenting class 'org.bouncycastle.jcajce.provider.symmetric.RC5$Mappings'.
2024-11-12 13:43:08,202 INFO  MethodCallReplacementClassAdapter - Adding mock interface to class org/bouncycastle/jcajce/provider/symmetric/RC5$Mappings
2024-11-12 13:43:08,202 INFO  CreateClassResetClassAdapter - Found static initializer in class org/bouncycastle/jcajce/provider/symmetric/RC5$Mappings
2024-11-12 13:43:08,203 INFO  EvoClassLoader - Keeping class: org.bouncycastle.jcajce.provider.symmetric.RC5$Mappings
2024-11-12 13:43:08,203 INFO  EvoClassLoader - Seeing class for first time: org.bouncycastle.jcajce.provider.symmetric.RC5
2024-11-12 13:43:08,203 INFO  EvoClassLoader - Instrumenting class 'org.bouncycastle.jcajce.provider.symmetric.RC5'.
2024-11-12 13:43:08,203 INFO  MethodCallReplacementClassAdapter - Adding mock interface to class org/bouncycastle/jcajce/provider/symmetric/RC5
2024-11-12 13:43:08,203 INFO  CreateClassResetClassAdapter - Creating brand-new static initializer in class org/bouncycastle/jcajce/provider/symmetric/RC5
2024-11-12 13:43:08,203 INFO  EvoClassLoader - Keeping class: org.bouncycastle.jcajce.provider.symmetric.RC5
2024-11-12 13:43:08,203 INFO  EvoClassLoader - Seeing class for first time: org.bouncycastle.jcajce.provider.symmetric.RC5$AlgParamGen
2024-11-12 13:43:08,203 INFO  EvoClassLoader - Instrumenting class 'org.bouncycastle.jcajce.provider.symmetric.RC5$AlgParamGen'.
2024-11-12 13:43:08,203 INFO  MethodCallReplacementClassAdapter - Adding mock interface to class org/bouncycastle/jcajce/provider/symmetric/RC5$AlgParamGen
2024-11-12 13:43:08,204 INFO  CreateClassResetClassAdapter - Creating brand-new static initializer in class org/bouncycastle/jcajce/provider/symmetric/RC5$AlgParamGen
2024-11-12 13:43:08,204 INFO  EvoClassLoader - Keeping class: org.bouncycastle.jcajce.provider.symmetric.RC5$AlgParamGen
2024-11-12 13:43:08,204 INFO  EvoClassLoader - Seeing class for first time: org.bouncycastle.jcajce.provider.symmetric.RC5$AlgParams
2024-11-12 13:43:08,204 INFO  EvoClassLoader - Instrumenting class 'org.bouncycastle.jcajce.provider.symmetric.RC5$AlgParams'.
2024-11-12 13:43:08,204 INFO  MethodCallReplacementClassAdapter - Adding mock interface to class org/bouncycastle/jcajce/provider/symmetric/RC5$AlgParams
2024-11-12 13:43:08,204 INFO  CreateClassResetClassAdapter - Creating brand-new static initializer in class org/bouncycastle/jcajce/provider/symmetric/RC5$AlgParams
2024-11-12 13:43:08,204 INFO  EvoClassLoader - Keeping class: org.bouncycastle.jcajce.provider.symmetric.RC5$AlgParams
2024-11-12 13:43:08,204 INFO  EvoClassLoader - Seeing class for first time: org.bouncycastle.jcajce.provider.symmetric.RC5$CBC32
2024-11-12 13:43:08,204 INFO  EvoClassLoader - Instrumenting class 'org.bouncycastle.jcajce.provider.symmetric.RC5$CBC32'.
2024-11-12 13:43:08,204 INFO  MethodCallReplacementClassAdapter - Adding mock interface to class org/bouncycastle/jcajce/provider/symmetric/RC5$CBC32
2024-11-12 13:43:08,204 INFO  CreateClassResetClassAdapter - Creating brand-new static initializer in class org/bouncycastle/jcajce/provider/symmetric/RC5$CBC32
2024-11-12 13:43:08,204 INFO  EvoClassLoader - Keeping class: org.bouncycastle.jcajce.provider.symmetric.RC5$CBC32
2024-11-12 13:43:08,204 INFO  EvoClassLoader - Seeing class for first time: org.bouncycastle.jcajce.provider.symmetric.RC5$CFB8Mac32
2024-11-12 13:43:08,204 INFO  EvoClassLoader - Instrumenting class 'org.bouncycastle.jcajce.provider.symmetric.RC5$CFB8Mac32'.
2024-11-12 13:43:08,205 INFO  MethodCallReplacementClassAdapter - Adding mock interface to class org/bouncycastle/jcajce/provider/symmetric/RC5$CFB8Mac32
2024-11-12 13:43:08,205 INFO  CreateClassResetClassAdapter - Creating brand-new static initializer in class org/bouncycastle/jcajce/provider/symmetric/RC5$CFB8Mac32
2024-11-12 13:43:08,205 INFO  EvoClassLoader - Keeping class: org.bouncycastle.jcajce.provider.symmetric.RC5$CFB8Mac32
2024-11-12 13:43:08,205 INFO  EvoClassLoader - Seeing class for first time: org.bouncycastle.jcajce.provider.symmetric.RC5$ECB32
2024-11-12 13:43:08,205 INFO  EvoClassLoader - Instrumenting class 'org.bouncycastle.jcajce.provider.symmetric.RC5$ECB32'.
2024-11-12 13:43:08,205 INFO  MethodCallReplacementClassAdapter - Adding mock interface to class org/bouncycastle/jcajce/provider/symmetric/RC5$ECB32
2024-11-12 13:43:08,205 INFO  CreateClassResetClassAdapter - Creating brand-new static initializer in class org/bouncycastle/jcajce/provider/symmetric/RC5$ECB32
2024-11-12 13:43:08,205 INFO  EvoClassLoader - Keeping class: org.bouncycastle.jcajce.provider.symmetric.RC5$ECB32
2024-11-12 13:43:08,205 INFO  EvoClassLoader - Seeing class for first time: org.bouncycastle.jcajce.provider.symmetric.RC5$ECB64
2024-11-12 13:43:08,205 INFO  EvoClassLoader - Instrumenting class 'org.bouncycastle.jcajce.provider.symmetric.RC5$ECB64'.
2024-11-12 13:43:08,205 INFO  MethodCallReplacementClassAdapter - Adding mock interface to class org/bouncycastle/jcajce/provider/symmetric/RC5$ECB64
2024-11-12 13:43:08,205 INFO  CreateClassResetClassAdapter - Creating brand-new static initializer in class org/bouncycastle/jcajce/provider/symmetric/RC5$ECB64
2024-11-12 13:43:08,205 INFO  EvoClassLoader - Keeping class: org.bouncycastle.jcajce.provider.symmetric.RC5$ECB64
2024-11-12 13:43:08,205 INFO  EvoClassLoader - Seeing class for first time: org.bouncycastle.jcajce.provider.symmetric.RC5$KeyGen32
2024-11-12 13:43:08,205 INFO  EvoClassLoader - Instrumenting class 'org.bouncycastle.jcajce.provider.symmetric.RC5$KeyGen32'.
2024-11-12 13:43:08,205 INFO  MethodCallReplacementClassAdapter - Adding mock interface to class org/bouncycastle/jcajce/provider/symmetric/RC5$KeyGen32
2024-11-12 13:43:08,206 INFO  CreateClassResetClassAdapter - Creating brand-new static initializer in class org/bouncycastle/jcajce/provider/symmetric/RC5$KeyGen32
2024-11-12 13:43:08,206 INFO  EvoClassLoader - Keeping class: org.bouncycastle.jcajce.provider.symmetric.RC5$KeyGen32
2024-11-12 13:43:08,206 INFO  EvoClassLoader - Seeing class for first time: org.bouncycastle.jcajce.provider.symmetric.RC5$KeyGen64
2024-11-12 13:43:08,206 INFO  EvoClassLoader - Instrumenting class 'org.bouncycastle.jcajce.provider.symmetric.RC5$KeyGen64'.
2024-11-12 13:43:08,206 INFO  MethodCallReplacementClassAdapter - Adding mock interface to class org/bouncycastle/jcajce/provider/symmetric/RC5$KeyGen64
2024-11-12 13:43:08,206 INFO  CreateClassResetClassAdapter - Creating brand-new static initializer in class org/bouncycastle/jcajce/provider/symmetric/RC5$KeyGen64
2024-11-12 13:43:08,206 INFO  EvoClassLoader - Keeping class: org.bouncycastle.jcajce.provider.symmetric.RC5$KeyGen64
2024-11-12 13:43:08,206 INFO  EvoClassLoader - Seeing class for first time: org.bouncycastle.jcajce.provider.symmetric.RC5$Mac32
2024-11-12 13:43:08,206 INFO  EvoClassLoader - Instrumenting class 'org.bouncycastle.jcajce.provider.symmetric.RC5$Mac32'.
2024-11-12 13:43:08,206 INFO  MethodCallReplacementClassAdapter - Adding mock interface to class org/bouncycastle/jcajce/provider/symmetric/RC5$Mac32
2024-11-12 13:43:08,206 INFO  CreateClassResetClassAdapter - Creating brand-new static initializer in class org/bouncycastle/jcajce/provider/symmetric/RC5$Mac32
2024-11-12 13:43:08,206 INFO  EvoClassLoader - Keeping class: org.bouncycastle.jcajce.provider.symmetric.RC5$Mac32
2024-11-12 13:43:08,206 INFO  EvoClassLoader - Seeing class for first time: org.bouncycastle.jcajce.provider.symmetric.RC6$Mappings
2024-11-12 13:43:08,206 INFO  EvoClassLoader - Instrumenting class 'org.bouncycastle.jcajce.provider.symmetric.RC6$Mappings'.
2024-11-12 13:43:08,206 INFO  MethodCallReplacementClassAdapter - Adding mock interface to class org/bouncycastle/jcajce/provider/symmetric/RC6$Mappings
2024-11-12 13:43:08,206 INFO  CreateClassResetClassAdapter - Found static initializer in class org/bouncycastle/jcajce/provider/symmetric/RC6$Mappings
2024-11-12 13:43:08,206 INFO  EvoClassLoader - Keeping class: org.bouncycastle.jcajce.provider.symmetric.RC6$Mappings
2024-11-12 13:43:08,206 INFO  EvoClassLoader - Seeing class for first time: org.bouncycastle.jcajce.provider.symmetric.RC6
2024-11-12 13:43:08,206 INFO  EvoClassLoader - Instrumenting class 'org.bouncycastle.jcajce.provider.symmetric.RC6'.
2024-11-12 13:43:08,207 INFO  MethodCallReplacementClassAdapter - Adding mock interface to class org/bouncycastle/jcajce/provider/symmetric/RC6
2024-11-12 13:43:08,207 INFO  CreateClassResetClassAdapter - Creating brand-new static initializer in class org/bouncycastle/jcajce/provider/symmetric/RC6
2024-11-12 13:43:08,207 INFO  EvoClassLoader - Keeping class: org.bouncycastle.jcajce.provider.symmetric.RC6
2024-11-12 13:43:08,207 INFO  EvoClassLoader - Seeing class for first time: org.bouncycastle.jcajce.provider.symmetric.RC6$AlgParamGen
2024-11-12 13:43:08,207 INFO  EvoClassLoader - Instrumenting class 'org.bouncycastle.jcajce.provider.symmetric.RC6$AlgParamGen'.
2024-11-12 13:43:08,207 INFO  MethodCallReplacementClassAdapter - Adding mock interface to class org/bouncycastle/jcajce/provider/symmetric/RC6$AlgParamGen
2024-11-12 13:43:08,207 INFO  CreateClassResetClassAdapter - Creating brand-new static initializer in class org/bouncycastle/jcajce/provider/symmetric/RC6$AlgParamGen
2024-11-12 13:43:08,207 INFO  EvoClassLoader - Keeping class: org.bouncycastle.jcajce.provider.symmetric.RC6$AlgParamGen
2024-11-12 13:43:08,207 INFO  EvoClassLoader - Seeing class for first time: org.bouncycastle.jcajce.provider.symmetric.RC6$AlgParams
2024-11-12 13:43:08,207 INFO  EvoClassLoader - Instrumenting class 'org.bouncycastle.jcajce.provider.symmetric.RC6$AlgParams'.
2024-11-12 13:43:08,208 INFO  MethodCallReplacementClassAdapter - Adding mock interface to class org/bouncycastle/jcajce/provider/symmetric/RC6$AlgParams
2024-11-12 13:43:08,208 INFO  CreateClassResetClassAdapter - Creating brand-new static initializer in class org/bouncycastle/jcajce/provider/symmetric/RC6$AlgParams
2024-11-12 13:43:08,208 INFO  EvoClassLoader - Keeping class: org.bouncycastle.jcajce.provider.symmetric.RC6$AlgParams
2024-11-12 13:43:08,208 INFO  EvoClassLoader - Seeing class for first time: org.bouncycastle.jcajce.provider.symmetric.RC6$CBC
2024-11-12 13:43:08,208 INFO  EvoClassLoader - Instrumenting class 'org.bouncycastle.jcajce.provider.symmetric.RC6$CBC'.
2024-11-12 13:43:08,208 INFO  MethodCallReplacementClassAdapter - Adding mock interface to class org/bouncycastle/jcajce/provider/symmetric/RC6$CBC
2024-11-12 13:43:08,208 INFO  CreateClassResetClassAdapter - Creating brand-new static initializer in class org/bouncycastle/jcajce/provider/symmetric/RC6$CBC
2024-11-12 13:43:08,208 INFO  EvoClassLoader - Keeping class: org.bouncycastle.jcajce.provider.symmetric.RC6$CBC
2024-11-12 13:43:08,208 INFO  EvoClassLoader - Seeing class for first time: org.bouncycastle.jcajce.provider.symmetric.RC6$CFB
2024-11-12 13:43:08,208 INFO  EvoClassLoader - Instrumenting class 'org.bouncycastle.jcajce.provider.symmetric.RC6$CFB'.
2024-11-12 13:43:08,208 INFO  MethodCallReplacementClassAdapter - Adding mock interface to class org/bouncycastle/jcajce/provider/symmetric/RC6$CFB
2024-11-12 13:43:08,208 INFO  CreateClassResetClassAdapter - Creating brand-new static initializer in class org/bouncycastle/jcajce/provider/symmetric/RC6$CFB
2024-11-12 13:43:08,208 INFO  EvoClassLoader - Keeping class: org.bouncycastle.jcajce.provider.symmetric.RC6$CFB
2024-11-12 13:43:08,208 INFO  EvoClassLoader - Seeing class for first time: org.bouncycastle.jcajce.provider.symmetric.RC6$ECB
2024-11-12 13:43:08,208 INFO  EvoClassLoader - Instrumenting class 'org.bouncycastle.jcajce.provider.symmetric.RC6$ECB'.
2024-11-12 13:43:08,208 INFO  MethodCallReplacementClassAdapter - Adding mock interface to class org/bouncycastle/jcajce/provider/symmetric/RC6$ECB
2024-11-12 13:43:08,208 INFO  CreateClassResetClassAdapter - Creating brand-new static initializer in class org/bouncycastle/jcajce/provider/symmetric/RC6$ECB
2024-11-12 13:43:08,208 INFO  EvoClassLoader - Keeping class: org.bouncycastle.jcajce.provider.symmetric.RC6$ECB
2024-11-12 13:43:08,208 INFO  EvoClassLoader - Seeing class for first time: org.bouncycastle.jcajce.provider.symmetric.RC6$GMAC
2024-11-12 13:43:08,208 INFO  EvoClassLoader - Instrumenting class 'org.bouncycastle.jcajce.provider.symmetric.RC6$GMAC'.
2024-11-12 13:43:08,209 INFO  MethodCallReplacementClassAdapter - Adding mock interface to class org/bouncycastle/jcajce/provider/symmetric/RC6$GMAC
2024-11-12 13:43:08,209 INFO  CreateClassResetClassAdapter - Creating brand-new static initializer in class org/bouncycastle/jcajce/provider/symmetric/RC6$GMAC
2024-11-12 13:43:08,209 INFO  EvoClassLoader - Keeping class: org.bouncycastle.jcajce.provider.symmetric.RC6$GMAC
2024-11-12 13:43:08,209 INFO  EvoClassLoader - Seeing class for first time: org.bouncycastle.jcajce.provider.symmetric.RC6$KeyGen
2024-11-12 13:43:08,209 INFO  EvoClassLoader - Instrumenting class 'org.bouncycastle.jcajce.provider.symmetric.RC6$KeyGen'.
2024-11-12 13:43:08,209 INFO  MethodCallReplacementClassAdapter - Adding mock interface to class org/bouncycastle/jcajce/provider/symmetric/RC6$KeyGen
2024-11-12 13:43:08,209 INFO  CreateClassResetClassAdapter - Creating brand-new static initializer in class org/bouncycastle/jcajce/provider/symmetric/RC6$KeyGen
2024-11-12 13:43:08,209 INFO  EvoClassLoader - Keeping class: org.bouncycastle.jcajce.provider.symmetric.RC6$KeyGen
2024-11-12 13:43:08,209 INFO  EvoClassLoader - Seeing class for first time: org.bouncycastle.jcajce.provider.symmetric.Rijndael$Mappings
2024-11-12 13:43:08,210 INFO  EvoClassLoader - Instrumenting class 'org.bouncycastle.jcajce.provider.symmetric.Rijndael$Mappings'.
2024-11-12 13:43:08,210 INFO  MethodCallReplacementClassAdapter - Adding mock interface to class org/bouncycastle/jcajce/provider/symmetric/Rijndael$Mappings
2024-11-12 13:43:08,210 INFO  CreateClassResetClassAdapter - Found static initializer in class org/bouncycastle/jcajce/provider/symmetric/Rijndael$Mappings
2024-11-12 13:43:08,210 INFO  EvoClassLoader - Keeping class: org.bouncycastle.jcajce.provider.symmetric.Rijndael$Mappings
2024-11-12 13:43:08,210 INFO  EvoClassLoader - Seeing class for first time: org.bouncycastle.jcajce.provider.symmetric.Rijndael
2024-11-12 13:43:08,210 INFO  EvoClassLoader - Instrumenting class 'org.bouncycastle.jcajce.provider.symmetric.Rijndael'.
2024-11-12 13:43:08,210 INFO  MethodCallReplacementClassAdapter - Adding mock interface to class org/bouncycastle/jcajce/provider/symmetric/Rijndael
2024-11-12 13:43:08,210 INFO  CreateClassResetClassAdapter - Creating brand-new static initializer in class org/bouncycastle/jcajce/provider/symmetric/Rijndael
2024-11-12 13:43:08,211 INFO  EvoClassLoader - Keeping class: org.bouncycastle.jcajce.provider.symmetric.Rijndael
2024-11-12 13:43:08,211 INFO  EvoClassLoader - Seeing class for first time: org.bouncycastle.jcajce.provider.symmetric.Rijndael$AlgParams
2024-11-12 13:43:08,211 INFO  EvoClassLoader - Instrumenting class 'org.bouncycastle.jcajce.provider.symmetric.Rijndael$AlgParams'.
2024-11-12 13:43:08,211 INFO  MethodCallReplacementClassAdapter - Adding mock interface to class org/bouncycastle/jcajce/provider/symmetric/Rijndael$AlgParams
2024-11-12 13:43:08,211 INFO  CreateClassResetClassAdapter - Creating brand-new static initializer in class org/bouncycastle/jcajce/provider/symmetric/Rijndael$AlgParams
2024-11-12 13:43:08,211 INFO  EvoClassLoader - Keeping class: org.bouncycastle.jcajce.provider.symmetric.Rijndael$AlgParams
2024-11-12 13:43:08,211 INFO  EvoClassLoader - Seeing class for first time: org.bouncycastle.jcajce.provider.symmetric.Rijndael$ECB
2024-11-12 13:43:08,211 INFO  EvoClassLoader - Instrumenting class 'org.bouncycastle.jcajce.provider.symmetric.Rijndael$ECB'.
2024-11-12 13:43:08,211 INFO  MethodCallReplacementClassAdapter - Adding mock interface to class org/bouncycastle/jcajce/provider/symmetric/Rijndael$ECB
2024-11-12 13:43:08,211 INFO  CreateClassResetClassAdapter - Creating brand-new static initializer in class org/bouncycastle/jcajce/provider/symmetric/Rijndael$ECB
2024-11-12 13:43:08,211 INFO  EvoClassLoader - Keeping class: org.bouncycastle.jcajce.provider.symmetric.Rijndael$ECB
2024-11-12 13:43:08,211 INFO  EvoClassLoader - Seeing class for first time: org.bouncycastle.jcajce.provider.symmetric.Rijndael$KeyGen
2024-11-12 13:43:08,211 INFO  EvoClassLoader - Instrumenting class 'org.bouncycastle.jcajce.provider.symmetric.Rijndael$KeyGen'.
2024-11-12 13:43:08,212 INFO  MethodCallReplacementClassAdapter - Adding mock interface to class org/bouncycastle/jcajce/provider/symmetric/Rijndael$KeyGen
2024-11-12 13:43:08,212 INFO  CreateClassResetClassAdapter - Creating brand-new static initializer in class org/bouncycastle/jcajce/provider/symmetric/Rijndael$KeyGen
2024-11-12 13:43:08,212 INFO  EvoClassLoader - Keeping class: org.bouncycastle.jcajce.provider.symmetric.Rijndael$KeyGen
2024-11-12 13:43:08,212 INFO  EvoClassLoader - Seeing class for first time: org.bouncycastle.jcajce.provider.symmetric.Salsa20$Mappings
2024-11-12 13:43:08,212 INFO  EvoClassLoader - Instrumenting class 'org.bouncycastle.jcajce.provider.symmetric.Salsa20$Mappings'.
2024-11-12 13:43:08,212 INFO  MethodCallReplacementClassAdapter - Adding mock interface to class org/bouncycastle/jcajce/provider/symmetric/Salsa20$Mappings
2024-11-12 13:43:08,212 INFO  CreateClassResetClassAdapter - Found static initializer in class org/bouncycastle/jcajce/provider/symmetric/Salsa20$Mappings
2024-11-12 13:43:08,212 INFO  EvoClassLoader - Keeping class: org.bouncycastle.jcajce.provider.symmetric.Salsa20$Mappings
2024-11-12 13:43:08,212 INFO  EvoClassLoader - Seeing class for first time: org.bouncycastle.jcajce.provider.symmetric.Salsa20
2024-11-12 13:43:08,212 INFO  EvoClassLoader - Instrumenting class 'org.bouncycastle.jcajce.provider.symmetric.Salsa20'.
2024-11-12 13:43:08,213 INFO  MethodCallReplacementClassAdapter - Adding mock interface to class org/bouncycastle/jcajce/provider/symmetric/Salsa20
2024-11-12 13:43:08,213 INFO  CreateClassResetClassAdapter - Creating brand-new static initializer in class org/bouncycastle/jcajce/provider/symmetric/Salsa20
2024-11-12 13:43:08,213 INFO  EvoClassLoader - Keeping class: org.bouncycastle.jcajce.provider.symmetric.Salsa20
2024-11-12 13:43:08,213 INFO  EvoClassLoader - Seeing class for first time: org.bouncycastle.jcajce.provider.symmetric.Salsa20$AlgParams
2024-11-12 13:43:08,213 INFO  EvoClassLoader - Instrumenting class 'org.bouncycastle.jcajce.provider.symmetric.Salsa20$AlgParams'.
2024-11-12 13:43:08,213 INFO  MethodCallReplacementClassAdapter - Adding mock interface to class org/bouncycastle/jcajce/provider/symmetric/Salsa20$AlgParams
2024-11-12 13:43:08,213 INFO  CreateClassResetClassAdapter - Creating brand-new static initializer in class org/bouncycastle/jcajce/provider/symmetric/Salsa20$AlgParams
2024-11-12 13:43:08,213 INFO  EvoClassLoader - Keeping class: org.bouncycastle.jcajce.provider.symmetric.Salsa20$AlgParams
2024-11-12 13:43:08,213 INFO  EvoClassLoader - Seeing class for first time: org.bouncycastle.jcajce.provider.symmetric.Salsa20$Base
2024-11-12 13:43:08,213 INFO  EvoClassLoader - Instrumenting class 'org.bouncycastle.jcajce.provider.symmetric.Salsa20$Base'.
2024-11-12 13:43:08,214 INFO  MethodCallReplacementClassAdapter - Adding mock interface to class org/bouncycastle/jcajce/provider/symmetric/Salsa20$Base
2024-11-12 13:43:08,214 INFO  CreateClassResetClassAdapter - Creating brand-new static initializer in class org/bouncycastle/jcajce/provider/symmetric/Salsa20$Base
2024-11-12 13:43:08,214 INFO  EvoClassLoader - Keeping class: org.bouncycastle.jcajce.provider.symmetric.Salsa20$Base
2024-11-12 13:43:08,214 INFO  EvoClassLoader - Seeing class for first time: org.bouncycastle.jcajce.provider.symmetric.Salsa20$KeyGen
2024-11-12 13:43:08,214 INFO  EvoClassLoader - Instrumenting class 'org.bouncycastle.jcajce.provider.symmetric.Salsa20$KeyGen'.
2024-11-12 13:43:08,214 INFO  MethodCallReplacementClassAdapter - Adding mock interface to class org/bouncycastle/jcajce/provider/symmetric/Salsa20$KeyGen
2024-11-12 13:43:08,214 INFO  CreateClassResetClassAdapter - Creating brand-new static initializer in class org/bouncycastle/jcajce/provider/symmetric/Salsa20$KeyGen
2024-11-12 13:43:08,214 INFO  EvoClassLoader - Keeping class: org.bouncycastle.jcajce.provider.symmetric.Salsa20$KeyGen
2024-11-12 13:43:08,214 INFO  EvoClassLoader - Seeing class for first time: org.bouncycastle.jcajce.provider.symmetric.SEED$Mappings
2024-11-12 13:43:08,214 INFO  EvoClassLoader - Instrumenting class 'org.bouncycastle.jcajce.provider.symmetric.SEED$Mappings'.
2024-11-12 13:43:08,215 INFO  MethodCallReplacementClassAdapter - Adding mock interface to class org/bouncycastle/jcajce/provider/symmetric/SEED$Mappings
2024-11-12 13:43:08,215 INFO  CreateClassResetClassAdapter - Found static initializer in class org/bouncycastle/jcajce/provider/symmetric/SEED$Mappings
2024-11-12 13:43:08,215 INFO  EvoClassLoader - Keeping class: org.bouncycastle.jcajce.provider.symmetric.SEED$Mappings
2024-11-12 13:43:08,215 INFO  EvoClassLoader - Seeing class for first time: org.bouncycastle.jcajce.provider.symmetric.SEED
2024-11-12 13:43:08,215 INFO  EvoClassLoader - Instrumenting class 'org.bouncycastle.jcajce.provider.symmetric.SEED'.
2024-11-12 13:43:08,215 INFO  MethodCallReplacementClassAdapter - Adding mock interface to class org/bouncycastle/jcajce/provider/symmetric/SEED
2024-11-12 13:43:08,215 INFO  CreateClassResetClassAdapter - Creating brand-new static initializer in class org/bouncycastle/jcajce/provider/symmetric/SEED
2024-11-12 13:43:08,216 INFO  EvoClassLoader - Keeping class: org.bouncycastle.jcajce.provider.symmetric.SEED
2024-11-12 13:43:08,216 INFO  EvoClassLoader - Seeing class for first time: org.bouncycastle.jcajce.provider.symmetric.SEED$AlgParamGen
2024-11-12 13:43:08,216 INFO  EvoClassLoader - Instrumenting class 'org.bouncycastle.jcajce.provider.symmetric.SEED$AlgParamGen'.
2024-11-12 13:43:08,216 INFO  MethodCallReplacementClassAdapter - Adding mock interface to class org/bouncycastle/jcajce/provider/symmetric/SEED$AlgParamGen
2024-11-12 13:43:08,216 INFO  CreateClassResetClassAdapter - Creating brand-new static initializer in class org/bouncycastle/jcajce/provider/symmetric/SEED$AlgParamGen
2024-11-12 13:43:08,216 INFO  EvoClassLoader - Keeping class: org.bouncycastle.jcajce.provider.symmetric.SEED$AlgParamGen
2024-11-12 13:43:08,216 INFO  EvoClassLoader - Seeing class for first time: org.bouncycastle.jcajce.provider.symmetric.SEED$AlgParams
2024-11-12 13:43:08,216 INFO  EvoClassLoader - Instrumenting class 'org.bouncycastle.jcajce.provider.symmetric.SEED$AlgParams'.
2024-11-12 13:43:08,217 INFO  MethodCallReplacementClassAdapter - Adding mock interface to class org/bouncycastle/jcajce/provider/symmetric/SEED$AlgParams
2024-11-12 13:43:08,217 INFO  CreateClassResetClassAdapter - Creating brand-new static initializer in class org/bouncycastle/jcajce/provider/symmetric/SEED$AlgParams
2024-11-12 13:43:08,217 INFO  EvoClassLoader - Keeping class: org.bouncycastle.jcajce.provider.symmetric.SEED$AlgParams
2024-11-12 13:43:08,217 INFO  EvoClassLoader - Seeing class for first time: org.bouncycastle.jcajce.provider.symmetric.SEED$CBC
2024-11-12 13:43:08,217 INFO  EvoClassLoader - Instrumenting class 'org.bouncycastle.jcajce.provider.symmetric.SEED$CBC'.
2024-11-12 13:43:08,217 INFO  MethodCallReplacementClassAdapter - Adding mock interface to class org/bouncycastle/jcajce/provider/symmetric/SEED$CBC
2024-11-12 13:43:08,217 INFO  CreateClassResetClassAdapter - Creating brand-new static initializer in class org/bouncycastle/jcajce/provider/symmetric/SEED$CBC
2024-11-12 13:43:08,217 INFO  EvoClassLoader - Keeping class: org.bouncycastle.jcajce.provider.symmetric.SEED$CBC
2024-11-12 13:43:08,217 INFO  EvoClassLoader - Seeing class for first time: org.bouncycastle.jcajce.provider.symmetric.SEED$CMAC
2024-11-12 13:43:08,217 INFO  EvoClassLoader - Instrumenting class 'org.bouncycastle.jcajce.provider.symmetric.SEED$CMAC'.
2024-11-12 13:43:08,217 INFO  MethodCallReplacementClassAdapter - Adding mock interface to class org/bouncycastle/jcajce/provider/symmetric/SEED$CMAC
2024-11-12 13:43:08,217 INFO  CreateClassResetClassAdapter - Creating brand-new static initializer in class org/bouncycastle/jcajce/provider/symmetric/SEED$CMAC
2024-11-12 13:43:08,217 INFO  EvoClassLoader - Keeping class: org.bouncycastle.jcajce.provider.symmetric.SEED$CMAC
2024-11-12 13:43:08,217 INFO  EvoClassLoader - Seeing class for first time: org.bouncycastle.jcajce.provider.symmetric.SEED$ECB
2024-11-12 13:43:08,217 INFO  EvoClassLoader - Instrumenting class 'org.bouncycastle.jcajce.provider.symmetric.SEED$ECB'.
2024-11-12 13:43:08,217 INFO  MethodCallReplacementClassAdapter - Adding mock interface to class org/bouncycastle/jcajce/provider/symmetric/SEED$ECB
2024-11-12 13:43:08,217 INFO  CreateClassResetClassAdapter - Creating brand-new static initializer in class org/bouncycastle/jcajce/provider/symmetric/SEED$ECB
2024-11-12 13:43:08,217 INFO  EvoClassLoader - Keeping class: org.bouncycastle.jcajce.provider.symmetric.SEED$ECB
2024-11-12 13:43:08,217 INFO  EvoClassLoader - Seeing class for first time: org.bouncycastle.jcajce.provider.symmetric.SEED$GMAC
2024-11-12 13:43:08,217 INFO  EvoClassLoader - Instrumenting class 'org.bouncycastle.jcajce.provider.symmetric.SEED$GMAC'.
2024-11-12 13:43:08,218 INFO  MethodCallReplacementClassAdapter - Adding mock interface to class org/bouncycastle/jcajce/provider/symmetric/SEED$GMAC
2024-11-12 13:43:08,218 INFO  CreateClassResetClassAdapter - Creating brand-new static initializer in class org/bouncycastle/jcajce/provider/symmetric/SEED$GMAC
2024-11-12 13:43:08,218 INFO  EvoClassLoader - Keeping class: org.bouncycastle.jcajce.provider.symmetric.SEED$GMAC
2024-11-12 13:43:08,218 INFO  EvoClassLoader - Seeing class for first time: org.bouncycastle.jcajce.provider.symmetric.SEED$KeyFactory
2024-11-12 13:43:08,218 INFO  EvoClassLoader - Instrumenting class 'org.bouncycastle.jcajce.provider.symmetric.SEED$KeyFactory'.
2024-11-12 13:43:08,218 INFO  MethodCallReplacementClassAdapter - Adding mock interface to class org/bouncycastle/jcajce/provider/symmetric/SEED$KeyFactory
2024-11-12 13:43:08,218 INFO  CreateClassResetClassAdapter - Creating brand-new static initializer in class org/bouncycastle/jcajce/provider/symmetric/SEED$KeyFactory
2024-11-12 13:43:08,218 INFO  EvoClassLoader - Keeping class: org.bouncycastle.jcajce.provider.symmetric.SEED$KeyFactory
2024-11-12 13:43:08,218 INFO  EvoClassLoader - Seeing class for first time: org.bouncycastle.jcajce.provider.symmetric.SEED$KeyGen
2024-11-12 13:43:08,218 INFO  EvoClassLoader - Instrumenting class 'org.bouncycastle.jcajce.provider.symmetric.SEED$KeyGen'.
2024-11-12 13:43:08,218 INFO  MethodCallReplacementClassAdapter - Adding mock interface to class org/bouncycastle/jcajce/provider/symmetric/SEED$KeyGen
2024-11-12 13:43:08,218 INFO  CreateClassResetClassAdapter - Creating brand-new static initializer in class org/bouncycastle/jcajce/provider/symmetric/SEED$KeyGen
2024-11-12 13:43:08,218 INFO  EvoClassLoader - Keeping class: org.bouncycastle.jcajce.provider.symmetric.SEED$KeyGen
2024-11-12 13:43:08,218 INFO  EvoClassLoader - Seeing class for first time: org.bouncycastle.asn1.kisa.KISAObjectIdentifiers
2024-11-12 13:43:08,218 INFO  EvoClassLoader - Instrumenting class 'org.bouncycastle.asn1.kisa.KISAObjectIdentifiers'.
2024-11-12 13:43:08,218 INFO  EvoClassLoader - Defined package (3): package org.bouncycastle.asn1.kisa, 1475503285
2024-11-12 13:43:08,219 INFO  EvoClassLoader - Keeping class: org.bouncycastle.asn1.kisa.KISAObjectIdentifiers
2024-11-12 13:43:08,219 INFO  EvoClassLoader - Seeing class for first time: org.bouncycastle.jcajce.provider.symmetric.Serpent$Mappings
2024-11-12 13:43:08,219 INFO  EvoClassLoader - Instrumenting class 'org.bouncycastle.jcajce.provider.symmetric.Serpent$Mappings'.
2024-11-12 13:43:08,219 INFO  MethodCallReplacementClassAdapter - Adding mock interface to class org/bouncycastle/jcajce/provider/symmetric/Serpent$Mappings
2024-11-12 13:43:08,219 INFO  CreateClassResetClassAdapter - Found static initializer in class org/bouncycastle/jcajce/provider/symmetric/Serpent$Mappings
2024-11-12 13:43:08,219 INFO  EvoClassLoader - Keeping class: org.bouncycastle.jcajce.provider.symmetric.Serpent$Mappings
2024-11-12 13:43:08,219 INFO  EvoClassLoader - Seeing class for first time: org.bouncycastle.jcajce.provider.symmetric.Serpent
2024-11-12 13:43:08,219 INFO  EvoClassLoader - Instrumenting class 'org.bouncycastle.jcajce.provider.symmetric.Serpent'.
2024-11-12 13:43:08,220 INFO  MethodCallReplacementClassAdapter - Adding mock interface to class org/bouncycastle/jcajce/provider/symmetric/Serpent
2024-11-12 13:43:08,220 INFO  CreateClassResetClassAdapter - Creating brand-new static initializer in class org/bouncycastle/jcajce/provider/symmetric/Serpent
2024-11-12 13:43:08,220 INFO  EvoClassLoader - Keeping class: org.bouncycastle.jcajce.provider.symmetric.Serpent
2024-11-12 13:43:08,220 INFO  EvoClassLoader - Seeing class for first time: org.bouncycastle.jcajce.provider.symmetric.Serpent$AlgParams
2024-11-12 13:43:08,220 INFO  EvoClassLoader - Instrumenting class 'org.bouncycastle.jcajce.provider.symmetric.Serpent$AlgParams'.
2024-11-12 13:43:08,220 INFO  MethodCallReplacementClassAdapter - Adding mock interface to class org/bouncycastle/jcajce/provider/symmetric/Serpent$AlgParams
2024-11-12 13:43:08,220 INFO  CreateClassResetClassAdapter - Creating brand-new static initializer in class org/bouncycastle/jcajce/provider/symmetric/Serpent$AlgParams
2024-11-12 13:43:08,220 INFO  EvoClassLoader - Keeping class: org.bouncycastle.jcajce.provider.symmetric.Serpent$AlgParams
2024-11-12 13:43:08,220 INFO  EvoClassLoader - Seeing class for first time: org.bouncycastle.jcajce.provider.symmetric.Serpent$CBC
2024-11-12 13:43:08,220 INFO  EvoClassLoader - Instrumenting class 'org.bouncycastle.jcajce.provider.symmetric.Serpent$CBC'.
2024-11-12 13:43:08,221 INFO  MethodCallReplacementClassAdapter - Adding mock interface to class org/bouncycastle/jcajce/provider/symmetric/Serpent$CBC
2024-11-12 13:43:08,221 INFO  CreateClassResetClassAdapter - Creating brand-new static initializer in class org/bouncycastle/jcajce/provider/symmetric/Serpent$CBC
2024-11-12 13:43:08,221 INFO  EvoClassLoader - Keeping class: org.bouncycastle.jcajce.provider.symmetric.Serpent$CBC
2024-11-12 13:43:08,221 INFO  EvoClassLoader - Seeing class for first time: org.bouncycastle.jcajce.provider.symmetric.Serpent$CFB
2024-11-12 13:43:08,221 INFO  EvoClassLoader - Instrumenting class 'org.bouncycastle.jcajce.provider.symmetric.Serpent$CFB'.
2024-11-12 13:43:08,221 INFO  MethodCallReplacementClassAdapter - Adding mock interface to class org/bouncycastle/jcajce/provider/symmetric/Serpent$CFB
2024-11-12 13:43:08,221 INFO  CreateClassResetClassAdapter - Creating brand-new static initializer in class org/bouncycastle/jcajce/provider/symmetric/Serpent$CFB
2024-11-12 13:43:08,221 INFO  EvoClassLoader - Keeping class: org.bouncycastle.jcajce.provider.symmetric.Serpent$CFB
2024-11-12 13:43:08,221 INFO  EvoClassLoader - Seeing class for first time: org.bouncycastle.jcajce.provider.symmetric.Serpent$ECB
2024-11-12 13:43:08,221 INFO  EvoClassLoader - Instrumenting class 'org.bouncycastle.jcajce.provider.symmetric.Serpent$ECB'.
2024-11-12 13:43:08,221 INFO  MethodCallReplacementClassAdapter - Adding mock interface to class org/bouncycastle/jcajce/provider/symmetric/Serpent$ECB
2024-11-12 13:43:08,221 INFO  CreateClassResetClassAdapter - Creating brand-new static initializer in class org/bouncycastle/jcajce/provider/symmetric/Serpent$ECB
2024-11-12 13:43:08,221 INFO  EvoClassLoader - Keeping class: org.bouncycastle.jcajce.provider.symmetric.Serpent$ECB
2024-11-12 13:43:08,221 INFO  EvoClassLoader - Seeing class for first time: org.bouncycastle.jcajce.provider.symmetric.Serpent$KeyGen
2024-11-12 13:43:08,221 INFO  EvoClassLoader - Instrumenting class 'org.bouncycastle.jcajce.provider.symmetric.Serpent$KeyGen'.
2024-11-12 13:43:08,222 INFO  MethodCallReplacementClassAdapter - Adding mock interface to class org/bouncycastle/jcajce/provider/symmetric/Serpent$KeyGen
2024-11-12 13:43:08,222 INFO  CreateClassResetClassAdapter - Creating brand-new static initializer in class org/bouncycastle/jcajce/provider/symmetric/Serpent$KeyGen
2024-11-12 13:43:08,222 INFO  EvoClassLoader - Keeping class: org.bouncycastle.jcajce.provider.symmetric.Serpent$KeyGen
2024-11-12 13:43:08,222 INFO  EvoClassLoader - Seeing class for first time: org.bouncycastle.asn1.gnu.GNUObjectIdentifiers
2024-11-12 13:43:08,222 INFO  EvoClassLoader - Instrumenting class 'org.bouncycastle.asn1.gnu.GNUObjectIdentifiers'.
2024-11-12 13:43:08,222 INFO  EvoClassLoader - Defined package (3): package org.bouncycastle.asn1.gnu, -1060785467
2024-11-12 13:43:08,222 INFO  EvoClassLoader - Keeping class: org.bouncycastle.asn1.gnu.GNUObjectIdentifiers
2024-11-12 13:43:08,222 INFO  EvoClassLoader - Seeing class for first time: org.bouncycastle.jcajce.provider.symmetric.Shacal2$Mappings
2024-11-12 13:43:08,222 INFO  EvoClassLoader - Instrumenting class 'org.bouncycastle.jcajce.provider.symmetric.Shacal2$Mappings'.
2024-11-12 13:43:08,222 INFO  MethodCallReplacementClassAdapter - Adding mock interface to class org/bouncycastle/jcajce/provider/symmetric/Shacal2$Mappings
2024-11-12 13:43:08,222 INFO  CreateClassResetClassAdapter - Found static initializer in class org/bouncycastle/jcajce/provider/symmetric/Shacal2$Mappings
2024-11-12 13:43:08,223 INFO  EvoClassLoader - Keeping class: org.bouncycastle.jcajce.provider.symmetric.Shacal2$Mappings
2024-11-12 13:43:08,223 INFO  EvoClassLoader - Seeing class for first time: org.bouncycastle.jcajce.provider.symmetric.Shacal2
2024-11-12 13:43:08,223 INFO  EvoClassLoader - Instrumenting class 'org.bouncycastle.jcajce.provider.symmetric.Shacal2'.
2024-11-12 13:43:08,223 INFO  MethodCallReplacementClassAdapter - Adding mock interface to class org/bouncycastle/jcajce/provider/symmetric/Shacal2
2024-11-12 13:43:08,223 INFO  CreateClassResetClassAdapter - Creating brand-new static initializer in class org/bouncycastle/jcajce/provider/symmetric/Shacal2
2024-11-12 13:43:08,223 INFO  EvoClassLoader - Keeping class: org.bouncycastle.jcajce.provider.symmetric.Shacal2
2024-11-12 13:43:08,223 INFO  EvoClassLoader - Seeing class for first time: org.bouncycastle.jcajce.provider.symmetric.Shacal2$AlgParamGen
2024-11-12 13:43:08,223 INFO  EvoClassLoader - Instrumenting class 'org.bouncycastle.jcajce.provider.symmetric.Shacal2$AlgParamGen'.
2024-11-12 13:43:08,223 INFO  MethodCallReplacementClassAdapter - Adding mock interface to class org/bouncycastle/jcajce/provider/symmetric/Shacal2$AlgParamGen
2024-11-12 13:43:08,224 INFO  CreateClassResetClassAdapter - Creating brand-new static initializer in class org/bouncycastle/jcajce/provider/symmetric/Shacal2$AlgParamGen
2024-11-12 13:43:08,224 INFO  EvoClassLoader - Keeping class: org.bouncycastle.jcajce.provider.symmetric.Shacal2$AlgParamGen
2024-11-12 13:43:08,224 INFO  EvoClassLoader - Seeing class for first time: org.bouncycastle.jcajce.provider.symmetric.Shacal2$AlgParams
2024-11-12 13:43:08,224 INFO  EvoClassLoader - Instrumenting class 'org.bouncycastle.jcajce.provider.symmetric.Shacal2$AlgParams'.
2024-11-12 13:43:08,224 INFO  MethodCallReplacementClassAdapter - Adding mock interface to class org/bouncycastle/jcajce/provider/symmetric/Shacal2$AlgParams
2024-11-12 13:43:08,224 INFO  CreateClassResetClassAdapter - Creating brand-new static initializer in class org/bouncycastle/jcajce/provider/symmetric/Shacal2$AlgParams
2024-11-12 13:43:08,224 INFO  EvoClassLoader - Keeping class: org.bouncycastle.jcajce.provider.symmetric.Shacal2$AlgParams
2024-11-12 13:43:08,224 INFO  EvoClassLoader - Seeing class for first time: org.bouncycastle.jcajce.provider.symmetric.Shacal2$CBC
2024-11-12 13:43:08,224 INFO  EvoClassLoader - Instrumenting class 'org.bouncycastle.jcajce.provider.symmetric.Shacal2$CBC'.
2024-11-12 13:43:08,225 INFO  MethodCallReplacementClassAdapter - Adding mock interface to class org/bouncycastle/jcajce/provider/symmetric/Shacal2$CBC
2024-11-12 13:43:08,225 INFO  CreateClassResetClassAdapter - Creating brand-new static initializer in class org/bouncycastle/jcajce/provider/symmetric/Shacal2$CBC
2024-11-12 13:43:08,225 INFO  EvoClassLoader - Keeping class: org.bouncycastle.jcajce.provider.symmetric.Shacal2$CBC
2024-11-12 13:43:08,225 INFO  EvoClassLoader - Seeing class for first time: org.bouncycastle.jcajce.provider.symmetric.Shacal2$CMAC
2024-11-12 13:43:08,225 INFO  EvoClassLoader - Instrumenting class 'org.bouncycastle.jcajce.provider.symmetric.Shacal2$CMAC'.
2024-11-12 13:43:08,225 INFO  MethodCallReplacementClassAdapter - Adding mock interface to class org/bouncycastle/jcajce/provider/symmetric/Shacal2$CMAC
2024-11-12 13:43:08,225 INFO  CreateClassResetClassAdapter - Creating brand-new static initializer in class org/bouncycastle/jcajce/provider/symmetric/Shacal2$CMAC
2024-11-12 13:43:08,225 INFO  EvoClassLoader - Keeping class: org.bouncycastle.jcajce.provider.symmetric.Shacal2$CMAC
2024-11-12 13:43:08,225 INFO  EvoClassLoader - Seeing class for first time: org.bouncycastle.jcajce.provider.symmetric.Shacal2$ECB
2024-11-12 13:43:08,225 INFO  EvoClassLoader - Instrumenting class 'org.bouncycastle.jcajce.provider.symmetric.Shacal2$ECB'.
2024-11-12 13:43:08,226 INFO  MethodCallReplacementClassAdapter - Adding mock interface to class org/bouncycastle/jcajce/provider/symmetric/Shacal2$ECB
2024-11-12 13:43:08,226 INFO  CreateClassResetClassAdapter - Creating brand-new static initializer in class org/bouncycastle/jcajce/provider/symmetric/Shacal2$ECB
2024-11-12 13:43:08,226 INFO  EvoClassLoader - Keeping class: org.bouncycastle.jcajce.provider.symmetric.Shacal2$ECB
2024-11-12 13:43:08,226 INFO  EvoClassLoader - Seeing class for first time: org.bouncycastle.jcajce.provider.symmetric.Shacal2$KeyGen
2024-11-12 13:43:08,226 INFO  EvoClassLoader - Instrumenting class 'org.bouncycastle.jcajce.provider.symmetric.Shacal2$KeyGen'.
2024-11-12 13:43:08,226 INFO  MethodCallReplacementClassAdapter - Adding mock interface to class org/bouncycastle/jcajce/provider/symmetric/Shacal2$KeyGen
2024-11-12 13:43:08,226 INFO  CreateClassResetClassAdapter - Creating brand-new static initializer in class org/bouncycastle/jcajce/provider/symmetric/Shacal2$KeyGen
2024-11-12 13:43:08,226 INFO  EvoClassLoader - Keeping class: org.bouncycastle.jcajce.provider.symmetric.Shacal2$KeyGen
2024-11-12 13:43:08,227 INFO  EvoClassLoader - Seeing class for first time: org.bouncycastle.jcajce.provider.symmetric.Skipjack$Mappings
2024-11-12 13:43:08,227 INFO  EvoClassLoader - Instrumenting class 'org.bouncycastle.jcajce.provider.symmetric.Skipjack$Mappings'.
2024-11-12 13:43:08,227 INFO  MethodCallReplacementClassAdapter - Adding mock interface to class org/bouncycastle/jcajce/provider/symmetric/Skipjack$Mappings
2024-11-12 13:43:08,227 INFO  CreateClassResetClassAdapter - Found static initializer in class org/bouncycastle/jcajce/provider/symmetric/Skipjack$Mappings
2024-11-12 13:43:08,227 INFO  EvoClassLoader - Keeping class: org.bouncycastle.jcajce.provider.symmetric.Skipjack$Mappings
2024-11-12 13:43:08,227 INFO  EvoClassLoader - Seeing class for first time: org.bouncycastle.jcajce.provider.symmetric.Skipjack
2024-11-12 13:43:08,227 INFO  EvoClassLoader - Instrumenting class 'org.bouncycastle.jcajce.provider.symmetric.Skipjack'.
2024-11-12 13:43:08,228 INFO  MethodCallReplacementClassAdapter - Adding mock interface to class org/bouncycastle/jcajce/provider/symmetric/Skipjack
2024-11-12 13:43:08,228 INFO  CreateClassResetClassAdapter - Creating brand-new static initializer in class org/bouncycastle/jcajce/provider/symmetric/Skipjack
2024-11-12 13:43:08,228 INFO  EvoClassLoader - Keeping class: org.bouncycastle.jcajce.provider.symmetric.Skipjack
2024-11-12 13:43:08,228 INFO  EvoClassLoader - Seeing class for first time: org.bouncycastle.jcajce.provider.symmetric.Skipjack$AlgParams
2024-11-12 13:43:08,228 INFO  EvoClassLoader - Instrumenting class 'org.bouncycastle.jcajce.provider.symmetric.Skipjack$AlgParams'.
2024-11-12 13:43:08,228 INFO  MethodCallReplacementClassAdapter - Adding mock interface to class org/bouncycastle/jcajce/provider/symmetric/Skipjack$AlgParams
2024-11-12 13:43:08,228 INFO  CreateClassResetClassAdapter - Creating brand-new static initializer in class org/bouncycastle/jcajce/provider/symmetric/Skipjack$AlgParams
2024-11-12 13:43:08,228 INFO  EvoClassLoader - Keeping class: org.bouncycastle.jcajce.provider.symmetric.Skipjack$AlgParams
2024-11-12 13:43:08,228 INFO  EvoClassLoader - Seeing class for first time: org.bouncycastle.jcajce.provider.symmetric.Skipjack$ECB
2024-11-12 13:43:08,228 INFO  EvoClassLoader - Instrumenting class 'org.bouncycastle.jcajce.provider.symmetric.Skipjack$ECB'.
2024-11-12 13:43:08,228 INFO  MethodCallReplacementClassAdapter - Adding mock interface to class org/bouncycastle/jcajce/provider/symmetric/Skipjack$ECB
2024-11-12 13:43:08,229 INFO  CreateClassResetClassAdapter - Creating brand-new static initializer in class org/bouncycastle/jcajce/provider/symmetric/Skipjack$ECB
2024-11-12 13:43:08,229 INFO  EvoClassLoader - Keeping class: org.bouncycastle.jcajce.provider.symmetric.Skipjack$ECB
2024-11-12 13:43:08,229 INFO  EvoClassLoader - Seeing class for first time: org.bouncycastle.jcajce.provider.symmetric.Skipjack$KeyGen
2024-11-12 13:43:08,229 INFO  EvoClassLoader - Instrumenting class 'org.bouncycastle.jcajce.provider.symmetric.Skipjack$KeyGen'.
2024-11-12 13:43:08,229 INFO  MethodCallReplacementClassAdapter - Adding mock interface to class org/bouncycastle/jcajce/provider/symmetric/Skipjack$KeyGen
2024-11-12 13:43:08,229 INFO  CreateClassResetClassAdapter - Creating brand-new static initializer in class org/bouncycastle/jcajce/provider/symmetric/Skipjack$KeyGen
2024-11-12 13:43:08,229 INFO  EvoClassLoader - Keeping class: org.bouncycastle.jcajce.provider.symmetric.Skipjack$KeyGen
2024-11-12 13:43:08,229 INFO  EvoClassLoader - Seeing class for first time: org.bouncycastle.jcajce.provider.symmetric.Skipjack$Mac
2024-11-12 13:43:08,229 INFO  EvoClassLoader - Instrumenting class 'org.bouncycastle.jcajce.provider.symmetric.Skipjack$Mac'.
2024-11-12 13:43:08,229 INFO  MethodCallReplacementClassAdapter - Adding mock interface to class org/bouncycastle/jcajce/provider/symmetric/Skipjack$Mac
2024-11-12 13:43:08,229 INFO  CreateClassResetClassAdapter - Creating brand-new static initializer in class org/bouncycastle/jcajce/provider/symmetric/Skipjack$Mac
2024-11-12 13:43:08,229 INFO  EvoClassLoader - Keeping class: org.bouncycastle.jcajce.provider.symmetric.Skipjack$Mac
2024-11-12 13:43:08,229 INFO  EvoClassLoader - Seeing class for first time: org.bouncycastle.jcajce.provider.symmetric.Skipjack$MacCFB8
2024-11-12 13:43:08,229 INFO  EvoClassLoader - Instrumenting class 'org.bouncycastle.jcajce.provider.symmetric.Skipjack$MacCFB8'.
2024-11-12 13:43:08,230 INFO  MethodCallReplacementClassAdapter - Adding mock interface to class org/bouncycastle/jcajce/provider/symmetric/Skipjack$MacCFB8
2024-11-12 13:43:08,230 INFO  CreateClassResetClassAdapter - Creating brand-new static initializer in class org/bouncycastle/jcajce/provider/symmetric/Skipjack$MacCFB8
2024-11-12 13:43:08,230 INFO  EvoClassLoader - Keeping class: org.bouncycastle.jcajce.provider.symmetric.Skipjack$MacCFB8
2024-11-12 13:43:08,230 INFO  EvoClassLoader - Seeing class for first time: org.bouncycastle.jcajce.provider.symmetric.SM4$Mappings
2024-11-12 13:43:08,230 INFO  EvoClassLoader - Instrumenting class 'org.bouncycastle.jcajce.provider.symmetric.SM4$Mappings'.
2024-11-12 13:43:08,230 INFO  MethodCallReplacementClassAdapter - Adding mock interface to class org/bouncycastle/jcajce/provider/symmetric/SM4$Mappings
2024-11-12 13:43:08,230 INFO  CreateClassResetClassAdapter - Found static initializer in class org/bouncycastle/jcajce/provider/symmetric/SM4$Mappings
2024-11-12 13:43:08,231 INFO  EvoClassLoader - Keeping class: org.bouncycastle.jcajce.provider.symmetric.SM4$Mappings
2024-11-12 13:43:08,231 INFO  EvoClassLoader - Seeing class for first time: org.bouncycastle.jcajce.provider.symmetric.SM4
2024-11-12 13:43:08,231 INFO  EvoClassLoader - Instrumenting class 'org.bouncycastle.jcajce.provider.symmetric.SM4'.
2024-11-12 13:43:08,231 INFO  MethodCallReplacementClassAdapter - Adding mock interface to class org/bouncycastle/jcajce/provider/symmetric/SM4
2024-11-12 13:43:08,231 INFO  CreateClassResetClassAdapter - Creating brand-new static initializer in class org/bouncycastle/jcajce/provider/symmetric/SM4
2024-11-12 13:43:08,231 INFO  EvoClassLoader - Keeping class: org.bouncycastle.jcajce.provider.symmetric.SM4
2024-11-12 13:43:08,231 INFO  EvoClassLoader - Seeing class for first time: org.bouncycastle.jcajce.provider.symmetric.SM4$AlgParamGen
2024-11-12 13:43:08,231 INFO  EvoClassLoader - Instrumenting class 'org.bouncycastle.jcajce.provider.symmetric.SM4$AlgParamGen'.
2024-11-12 13:43:08,231 INFO  MethodCallReplacementClassAdapter - Adding mock interface to class org/bouncycastle/jcajce/provider/symmetric/SM4$AlgParamGen
2024-11-12 13:43:08,232 INFO  CreateClassResetClassAdapter - Creating brand-new static initializer in class org/bouncycastle/jcajce/provider/symmetric/SM4$AlgParamGen
2024-11-12 13:43:08,233 INFO  EvoClassLoader - Keeping class: org.bouncycastle.jcajce.provider.symmetric.SM4$AlgParamGen
2024-11-12 13:43:08,233 INFO  EvoClassLoader - Seeing class for first time: org.bouncycastle.jcajce.provider.symmetric.SM4$AlgParams
2024-11-12 13:43:08,233 INFO  EvoClassLoader - Instrumenting class 'org.bouncycastle.jcajce.provider.symmetric.SM4$AlgParams'.
2024-11-12 13:43:08,233 INFO  MethodCallReplacementClassAdapter - Adding mock interface to class org/bouncycastle/jcajce/provider/symmetric/SM4$AlgParams
2024-11-12 13:43:08,233 INFO  CreateClassResetClassAdapter - Creating brand-new static initializer in class org/bouncycastle/jcajce/provider/symmetric/SM4$AlgParams
2024-11-12 13:43:08,234 INFO  EvoClassLoader - Keeping class: org.bouncycastle.jcajce.provider.symmetric.SM4$AlgParams
2024-11-12 13:43:08,234 INFO  EvoClassLoader - Seeing class for first time: org.bouncycastle.jcajce.provider.symmetric.SM4$CMAC
2024-11-12 13:43:08,234 INFO  EvoClassLoader - Instrumenting class 'org.bouncycastle.jcajce.provider.symmetric.SM4$CMAC'.
2024-11-12 13:43:08,234 INFO  MethodCallReplacementClassAdapter - Adding mock interface to class org/bouncycastle/jcajce/provider/symmetric/SM4$CMAC
2024-11-12 13:43:08,234 INFO  CreateClassResetClassAdapter - Creating brand-new static initializer in class org/bouncycastle/jcajce/provider/symmetric/SM4$CMAC
2024-11-12 13:43:08,234 INFO  EvoClassLoader - Keeping class: org.bouncycastle.jcajce.provider.symmetric.SM4$CMAC
2024-11-12 13:43:08,234 INFO  EvoClassLoader - Seeing class for first time: org.bouncycastle.jcajce.provider.symmetric.SM4$ECB
2024-11-12 13:43:08,234 INFO  EvoClassLoader - Instrumenting class 'org.bouncycastle.jcajce.provider.symmetric.SM4$ECB'.
2024-11-12 13:43:08,234 INFO  MethodCallReplacementClassAdapter - Adding mock interface to class org/bouncycastle/jcajce/provider/symmetric/SM4$ECB
2024-11-12 13:43:08,234 INFO  CreateClassResetClassAdapter - Creating brand-new static initializer in class org/bouncycastle/jcajce/provider/symmetric/SM4$ECB
2024-11-12 13:43:08,234 INFO  EvoClassLoader - Keeping class: org.bouncycastle.jcajce.provider.symmetric.SM4$ECB
2024-11-12 13:43:08,234 INFO  EvoClassLoader - Seeing class for first time: org.bouncycastle.jcajce.provider.symmetric.SM4$GMAC
2024-11-12 13:43:08,234 INFO  EvoClassLoader - Instrumenting class 'org.bouncycastle.jcajce.provider.symmetric.SM4$GMAC'.
2024-11-12 13:43:08,235 INFO  MethodCallReplacementClassAdapter - Adding mock interface to class org/bouncycastle/jcajce/provider/symmetric/SM4$GMAC
2024-11-12 13:43:08,235 INFO  CreateClassResetClassAdapter - Creating brand-new static initializer in class org/bouncycastle/jcajce/provider/symmetric/SM4$GMAC
2024-11-12 13:43:08,235 INFO  EvoClassLoader - Keeping class: org.bouncycastle.jcajce.provider.symmetric.SM4$GMAC
2024-11-12 13:43:08,235 INFO  EvoClassLoader - Seeing class for first time: org.bouncycastle.jcajce.provider.symmetric.SM4$KeyGen
2024-11-12 13:43:08,235 INFO  EvoClassLoader - Instrumenting class 'org.bouncycastle.jcajce.provider.symmetric.SM4$KeyGen'.
2024-11-12 13:43:08,236 INFO  MethodCallReplacementClassAdapter - Adding mock interface to class org/bouncycastle/jcajce/provider/symmetric/SM4$KeyGen
2024-11-12 13:43:08,236 INFO  CreateClassResetClassAdapter - Creating brand-new static initializer in class org/bouncycastle/jcajce/provider/symmetric/SM4$KeyGen
2024-11-12 13:43:08,236 INFO  EvoClassLoader - Keeping class: org.bouncycastle.jcajce.provider.symmetric.SM4$KeyGen
2024-11-12 13:43:08,236 INFO  EvoClassLoader - Seeing class for first time: org.bouncycastle.jcajce.provider.symmetric.TEA$Mappings
2024-11-12 13:43:08,236 INFO  EvoClassLoader - Instrumenting class 'org.bouncycastle.jcajce.provider.symmetric.TEA$Mappings'.
2024-11-12 13:43:08,236 INFO  MethodCallReplacementClassAdapter - Adding mock interface to class org/bouncycastle/jcajce/provider/symmetric/TEA$Mappings
2024-11-12 13:43:08,236 INFO  CreateClassResetClassAdapter - Found static initializer in class org/bouncycastle/jcajce/provider/symmetric/TEA$Mappings
2024-11-12 13:43:08,237 INFO  EvoClassLoader - Keeping class: org.bouncycastle.jcajce.provider.symmetric.TEA$Mappings
2024-11-12 13:43:08,237 INFO  EvoClassLoader - Seeing class for first time: org.bouncycastle.jcajce.provider.symmetric.TEA
2024-11-12 13:43:08,237 INFO  EvoClassLoader - Instrumenting class 'org.bouncycastle.jcajce.provider.symmetric.TEA'.
2024-11-12 13:43:08,237 INFO  MethodCallReplacementClassAdapter - Adding mock interface to class org/bouncycastle/jcajce/provider/symmetric/TEA
2024-11-12 13:43:08,237 INFO  CreateClassResetClassAdapter - Creating brand-new static initializer in class org/bouncycastle/jcajce/provider/symmetric/TEA
2024-11-12 13:43:08,237 INFO  EvoClassLoader - Keeping class: org.bouncycastle.jcajce.provider.symmetric.TEA
2024-11-12 13:43:08,237 INFO  EvoClassLoader - Seeing class for first time: org.bouncycastle.jcajce.provider.symmetric.TEA$AlgParams
2024-11-12 13:43:08,237 INFO  EvoClassLoader - Instrumenting class 'org.bouncycastle.jcajce.provider.symmetric.TEA$AlgParams'.
2024-11-12 13:43:08,237 INFO  MethodCallReplacementClassAdapter - Adding mock interface to class org/bouncycastle/jcajce/provider/symmetric/TEA$AlgParams
2024-11-12 13:43:08,237 INFO  CreateClassResetClassAdapter - Creating brand-new static initializer in class org/bouncycastle/jcajce/provider/symmetric/TEA$AlgParams
2024-11-12 13:43:08,237 INFO  EvoClassLoader - Keeping class: org.bouncycastle.jcajce.provider.symmetric.TEA$AlgParams
2024-11-12 13:43:08,237 INFO  EvoClassLoader - Seeing class for first time: org.bouncycastle.jcajce.provider.symmetric.TEA$ECB
2024-11-12 13:43:08,237 INFO  EvoClassLoader - Instrumenting class 'org.bouncycastle.jcajce.provider.symmetric.TEA$ECB'.
2024-11-12 13:43:08,237 INFO  MethodCallReplacementClassAdapter - Adding mock interface to class org/bouncycastle/jcajce/provider/symmetric/TEA$ECB
2024-11-12 13:43:08,237 INFO  CreateClassResetClassAdapter - Creating brand-new static initializer in class org/bouncycastle/jcajce/provider/symmetric/TEA$ECB
2024-11-12 13:43:08,237 INFO  EvoClassLoader - Keeping class: org.bouncycastle.jcajce.provider.symmetric.TEA$ECB
2024-11-12 13:43:08,237 INFO  EvoClassLoader - Seeing class for first time: org.bouncycastle.jcajce.provider.symmetric.TEA$KeyGen
2024-11-12 13:43:08,237 INFO  EvoClassLoader - Instrumenting class 'org.bouncycastle.jcajce.provider.symmetric.TEA$KeyGen'.
2024-11-12 13:43:08,237 INFO  MethodCallReplacementClassAdapter - Adding mock interface to class org/bouncycastle/jcajce/provider/symmetric/TEA$KeyGen
2024-11-12 13:43:08,237 INFO  CreateClassResetClassAdapter - Creating brand-new static initializer in class org/bouncycastle/jcajce/provider/symmetric/TEA$KeyGen
2024-11-12 13:43:08,237 INFO  EvoClassLoader - Keeping class: org.bouncycastle.jcajce.provider.symmetric.TEA$KeyGen
2024-11-12 13:43:08,238 INFO  EvoClassLoader - Seeing class for first time: org.bouncycastle.jcajce.provider.symmetric.Twofish$Mappings
2024-11-12 13:43:08,238 INFO  EvoClassLoader - Instrumenting class 'org.bouncycastle.jcajce.provider.symmetric.Twofish$Mappings'.
2024-11-12 13:43:08,238 INFO  MethodCallReplacementClassAdapter - Adding mock interface to class org/bouncycastle/jcajce/provider/symmetric/Twofish$Mappings
2024-11-12 13:43:08,238 INFO  CreateClassResetClassAdapter - Found static initializer in class org/bouncycastle/jcajce/provider/symmetric/Twofish$Mappings
2024-11-12 13:43:08,238 INFO  EvoClassLoader - Keeping class: org.bouncycastle.jcajce.provider.symmetric.Twofish$Mappings
2024-11-12 13:43:08,238 INFO  EvoClassLoader - Seeing class for first time: org.bouncycastle.jcajce.provider.symmetric.Twofish
2024-11-12 13:43:08,238 INFO  EvoClassLoader - Instrumenting class 'org.bouncycastle.jcajce.provider.symmetric.Twofish'.
2024-11-12 13:43:08,238 INFO  MethodCallReplacementClassAdapter - Adding mock interface to class org/bouncycastle/jcajce/provider/symmetric/Twofish
2024-11-12 13:43:08,238 INFO  CreateClassResetClassAdapter - Creating brand-new static initializer in class org/bouncycastle/jcajce/provider/symmetric/Twofish
2024-11-12 13:43:08,238 INFO  EvoClassLoader - Keeping class: org.bouncycastle.jcajce.provider.symmetric.Twofish
2024-11-12 13:43:08,238 INFO  EvoClassLoader - Seeing class for first time: org.bouncycastle.jcajce.provider.symmetric.Twofish$AlgParams
2024-11-12 13:43:08,238 INFO  EvoClassLoader - Instrumenting class 'org.bouncycastle.jcajce.provider.symmetric.Twofish$AlgParams'.
2024-11-12 13:43:08,238 INFO  MethodCallReplacementClassAdapter - Adding mock interface to class org/bouncycastle/jcajce/provider/symmetric/Twofish$AlgParams
2024-11-12 13:43:08,238 INFO  CreateClassResetClassAdapter - Creating brand-new static initializer in class org/bouncycastle/jcajce/provider/symmetric/Twofish$AlgParams
2024-11-12 13:43:08,238 INFO  EvoClassLoader - Keeping class: org.bouncycastle.jcajce.provider.symmetric.Twofish$AlgParams
2024-11-12 13:43:08,238 INFO  EvoClassLoader - Seeing class for first time: org.bouncycastle.jcajce.provider.symmetric.Twofish$ECB
2024-11-12 13:43:08,238 INFO  EvoClassLoader - Instrumenting class 'org.bouncycastle.jcajce.provider.symmetric.Twofish$ECB'.
2024-11-12 13:43:08,238 INFO  MethodCallReplacementClassAdapter - Adding mock interface to class org/bouncycastle/jcajce/provider/symmetric/Twofish$ECB
2024-11-12 13:43:08,238 INFO  CreateClassResetClassAdapter - Creating brand-new static initializer in class org/bouncycastle/jcajce/provider/symmetric/Twofish$ECB
2024-11-12 13:43:08,238 INFO  EvoClassLoader - Keeping class: org.bouncycastle.jcajce.provider.symmetric.Twofish$ECB
2024-11-12 13:43:08,239 INFO  EvoClassLoader - Seeing class for first time: org.bouncycastle.jcajce.provider.symmetric.Twofish$GMAC
2024-11-12 13:43:08,239 INFO  EvoClassLoader - Instrumenting class 'org.bouncycastle.jcajce.provider.symmetric.Twofish$GMAC'.
2024-11-12 13:43:08,239 INFO  MethodCallReplacementClassAdapter - Adding mock interface to class org/bouncycastle/jcajce/provider/symmetric/Twofish$GMAC
2024-11-12 13:43:08,239 INFO  CreateClassResetClassAdapter - Creating brand-new static initializer in class org/bouncycastle/jcajce/provider/symmetric/Twofish$GMAC
2024-11-12 13:43:08,239 INFO  EvoClassLoader - Keeping class: org.bouncycastle.jcajce.provider.symmetric.Twofish$GMAC
2024-11-12 13:43:08,239 INFO  EvoClassLoader - Seeing class for first time: org.bouncycastle.jcajce.provider.symmetric.Twofish$KeyGen
2024-11-12 13:43:08,239 INFO  EvoClassLoader - Instrumenting class 'org.bouncycastle.jcajce.provider.symmetric.Twofish$KeyGen'.
2024-11-12 13:43:08,239 INFO  MethodCallReplacementClassAdapter - Adding mock interface to class org/bouncycastle/jcajce/provider/symmetric/Twofish$KeyGen
2024-11-12 13:43:08,239 INFO  CreateClassResetClassAdapter - Creating brand-new static initializer in class org/bouncycastle/jcajce/provider/symmetric/Twofish$KeyGen
2024-11-12 13:43:08,239 INFO  EvoClassLoader - Keeping class: org.bouncycastle.jcajce.provider.symmetric.Twofish$KeyGen
2024-11-12 13:43:08,239 INFO  EvoClassLoader - Seeing class for first time: org.bouncycastle.jcajce.provider.symmetric.Threefish$Mappings
2024-11-12 13:43:08,239 INFO  EvoClassLoader - Instrumenting class 'org.bouncycastle.jcajce.provider.symmetric.Threefish$Mappings'.
2024-11-12 13:43:08,239 INFO  MethodCallReplacementClassAdapter - Adding mock interface to class org/bouncycastle/jcajce/provider/symmetric/Threefish$Mappings
2024-11-12 13:43:08,239 INFO  CreateClassResetClassAdapter - Found static initializer in class org/bouncycastle/jcajce/provider/symmetric/Threefish$Mappings
2024-11-12 13:43:08,240 INFO  EvoClassLoader - Keeping class: org.bouncycastle.jcajce.provider.symmetric.Threefish$Mappings
2024-11-12 13:43:08,240 INFO  EvoClassLoader - Seeing class for first time: org.bouncycastle.jcajce.provider.symmetric.Threefish
2024-11-12 13:43:08,240 INFO  EvoClassLoader - Instrumenting class 'org.bouncycastle.jcajce.provider.symmetric.Threefish'.
2024-11-12 13:43:08,240 INFO  MethodCallReplacementClassAdapter - Adding mock interface to class org/bouncycastle/jcajce/provider/symmetric/Threefish
2024-11-12 13:43:08,240 INFO  CreateClassResetClassAdapter - Creating brand-new static initializer in class org/bouncycastle/jcajce/provider/symmetric/Threefish
2024-11-12 13:43:08,240 INFO  EvoClassLoader - Keeping class: org.bouncycastle.jcajce.provider.symmetric.Threefish
2024-11-12 13:43:08,240 INFO  EvoClassLoader - Seeing class for first time: org.bouncycastle.jcajce.provider.symmetric.Threefish$AlgParams_1024
2024-11-12 13:43:08,240 INFO  EvoClassLoader - Instrumenting class 'org.bouncycastle.jcajce.provider.symmetric.Threefish$AlgParams_1024'.
2024-11-12 13:43:08,240 INFO  MethodCallReplacementClassAdapter - Adding mock interface to class org/bouncycastle/jcajce/provider/symmetric/Threefish$AlgParams_1024
2024-11-12 13:43:08,240 INFO  CreateClassResetClassAdapter - Creating brand-new static initializer in class org/bouncycastle/jcajce/provider/symmetric/Threefish$AlgParams_1024
2024-11-12 13:43:08,240 INFO  EvoClassLoader - Keeping class: org.bouncycastle.jcajce.provider.symmetric.Threefish$AlgParams_1024
2024-11-12 13:43:08,240 INFO  EvoClassLoader - Seeing class for first time: org.bouncycastle.jcajce.provider.symmetric.Threefish$AlgParams_256
2024-11-12 13:43:08,240 INFO  EvoClassLoader - Instrumenting class 'org.bouncycastle.jcajce.provider.symmetric.Threefish$AlgParams_256'.
2024-11-12 13:43:08,241 INFO  MethodCallReplacementClassAdapter - Adding mock interface to class org/bouncycastle/jcajce/provider/symmetric/Threefish$AlgParams_256
2024-11-12 13:43:08,241 INFO  CreateClassResetClassAdapter - Creating brand-new static initializer in class org/bouncycastle/jcajce/provider/symmetric/Threefish$AlgParams_256
2024-11-12 13:43:08,241 INFO  EvoClassLoader - Keeping class: org.bouncycastle.jcajce.provider.symmetric.Threefish$AlgParams_256
2024-11-12 13:43:08,241 INFO  EvoClassLoader - Seeing class for first time: org.bouncycastle.jcajce.provider.symmetric.Threefish$AlgParams_512
2024-11-12 13:43:08,241 INFO  EvoClassLoader - Instrumenting class 'org.bouncycastle.jcajce.provider.symmetric.Threefish$AlgParams_512'.
2024-11-12 13:43:08,241 INFO  MethodCallReplacementClassAdapter - Adding mock interface to class org/bouncycastle/jcajce/provider/symmetric/Threefish$AlgParams_512
2024-11-12 13:43:08,241 INFO  CreateClassResetClassAdapter - Creating brand-new static initializer in class org/bouncycastle/jcajce/provider/symmetric/Threefish$AlgParams_512
2024-11-12 13:43:08,241 INFO  EvoClassLoader - Keeping class: org.bouncycastle.jcajce.provider.symmetric.Threefish$AlgParams_512
2024-11-12 13:43:08,241 INFO  EvoClassLoader - Seeing class for first time: org.bouncycastle.jcajce.provider.symmetric.Threefish$CMAC_1024
2024-11-12 13:43:08,241 INFO  EvoClassLoader - Instrumenting class 'org.bouncycastle.jcajce.provider.symmetric.Threefish$CMAC_1024'.
2024-11-12 13:43:08,241 INFO  MethodCallReplacementClassAdapter - Adding mock interface to class org/bouncycastle/jcajce/provider/symmetric/Threefish$CMAC_1024
2024-11-12 13:43:08,241 INFO  CreateClassResetClassAdapter - Creating brand-new static initializer in class org/bouncycastle/jcajce/provider/symmetric/Threefish$CMAC_1024
2024-11-12 13:43:08,241 INFO  EvoClassLoader - Keeping class: org.bouncycastle.jcajce.provider.symmetric.Threefish$CMAC_1024
2024-11-12 13:43:08,241 INFO  EvoClassLoader - Seeing class for first time: org.bouncycastle.jcajce.provider.symmetric.Threefish$CMAC_256
2024-11-12 13:43:08,241 INFO  EvoClassLoader - Instrumenting class 'org.bouncycastle.jcajce.provider.symmetric.Threefish$CMAC_256'.
2024-11-12 13:43:08,241 INFO  MethodCallReplacementClassAdapter - Adding mock interface to class org/bouncycastle/jcajce/provider/symmetric/Threefish$CMAC_256
2024-11-12 13:43:08,241 INFO  CreateClassResetClassAdapter - Creating brand-new static initializer in class org/bouncycastle/jcajce/provider/symmetric/Threefish$CMAC_256
2024-11-12 13:43:08,241 INFO  EvoClassLoader - Keeping class: org.bouncycastle.jcajce.provider.symmetric.Threefish$CMAC_256
2024-11-12 13:43:08,241 INFO  EvoClassLoader - Seeing class for first time: org.bouncycastle.jcajce.provider.symmetric.Threefish$CMAC_512
2024-11-12 13:43:08,241 INFO  EvoClassLoader - Instrumenting class 'org.bouncycastle.jcajce.provider.symmetric.Threefish$CMAC_512'.
2024-11-12 13:43:08,241 INFO  MethodCallReplacementClassAdapter - Adding mock interface to class org/bouncycastle/jcajce/provider/symmetric/Threefish$CMAC_512
2024-11-12 13:43:08,241 INFO  CreateClassResetClassAdapter - Creating brand-new static initializer in class org/bouncycastle/jcajce/provider/symmetric/Threefish$CMAC_512
2024-11-12 13:43:08,241 INFO  EvoClassLoader - Keeping class: org.bouncycastle.jcajce.provider.symmetric.Threefish$CMAC_512
2024-11-12 13:43:08,241 INFO  EvoClassLoader - Seeing class for first time: org.bouncycastle.jcajce.provider.symmetric.Threefish$ECB_1024
2024-11-12 13:43:08,241 INFO  EvoClassLoader - Instrumenting class 'org.bouncycastle.jcajce.provider.symmetric.Threefish$ECB_1024'.
2024-11-12 13:43:08,242 INFO  MethodCallReplacementClassAdapter - Adding mock interface to class org/bouncycastle/jcajce/provider/symmetric/Threefish$ECB_1024
2024-11-12 13:43:08,242 INFO  CreateClassResetClassAdapter - Creating brand-new static initializer in class org/bouncycastle/jcajce/provider/symmetric/Threefish$ECB_1024
2024-11-12 13:43:08,242 INFO  EvoClassLoader - Keeping class: org.bouncycastle.jcajce.provider.symmetric.Threefish$ECB_1024
2024-11-12 13:43:08,242 INFO  EvoClassLoader - Seeing class for first time: org.bouncycastle.jcajce.provider.symmetric.Threefish$ECB_256
2024-11-12 13:43:08,242 INFO  EvoClassLoader - Instrumenting class 'org.bouncycastle.jcajce.provider.symmetric.Threefish$ECB_256'.
2024-11-12 13:43:08,242 INFO  MethodCallReplacementClassAdapter - Adding mock interface to class org/bouncycastle/jcajce/provider/symmetric/Threefish$ECB_256
2024-11-12 13:43:08,242 INFO  CreateClassResetClassAdapter - Creating brand-new static initializer in class org/bouncycastle/jcajce/provider/symmetric/Threefish$ECB_256
2024-11-12 13:43:08,242 INFO  EvoClassLoader - Keeping class: org.bouncycastle.jcajce.provider.symmetric.Threefish$ECB_256
2024-11-12 13:43:08,242 INFO  EvoClassLoader - Seeing class for first time: org.bouncycastle.jcajce.provider.symmetric.Threefish$ECB_512
2024-11-12 13:43:08,242 INFO  EvoClassLoader - Instrumenting class 'org.bouncycastle.jcajce.provider.symmetric.Threefish$ECB_512'.
2024-11-12 13:43:08,242 INFO  MethodCallReplacementClassAdapter - Adding mock interface to class org/bouncycastle/jcajce/provider/symmetric/Threefish$ECB_512
2024-11-12 13:43:08,242 INFO  CreateClassResetClassAdapter - Creating brand-new static initializer in class org/bouncycastle/jcajce/provider/symmetric/Threefish$ECB_512
2024-11-12 13:43:08,242 INFO  EvoClassLoader - Keeping class: org.bouncycastle.jcajce.provider.symmetric.Threefish$ECB_512
2024-11-12 13:43:08,242 INFO  EvoClassLoader - Seeing class for first time: org.bouncycastle.jcajce.provider.symmetric.Threefish$KeyGen_1024
2024-11-12 13:43:08,242 INFO  EvoClassLoader - Instrumenting class 'org.bouncycastle.jcajce.provider.symmetric.Threefish$KeyGen_1024'.
2024-11-12 13:43:08,242 INFO  MethodCallReplacementClassAdapter - Adding mock interface to class org/bouncycastle/jcajce/provider/symmetric/Threefish$KeyGen_1024
2024-11-12 13:43:08,242 INFO  CreateClassResetClassAdapter - Creating brand-new static initializer in class org/bouncycastle/jcajce/provider/symmetric/Threefish$KeyGen_1024
2024-11-12 13:43:08,242 INFO  EvoClassLoader - Keeping class: org.bouncycastle.jcajce.provider.symmetric.Threefish$KeyGen_1024
2024-11-12 13:43:08,242 INFO  EvoClassLoader - Seeing class for first time: org.bouncycastle.jcajce.provider.symmetric.Threefish$KeyGen_256
2024-11-12 13:43:08,242 INFO  EvoClassLoader - Instrumenting class 'org.bouncycastle.jcajce.provider.symmetric.Threefish$KeyGen_256'.
2024-11-12 13:43:08,242 INFO  MethodCallReplacementClassAdapter - Adding mock interface to class org/bouncycastle/jcajce/provider/symmetric/Threefish$KeyGen_256
2024-11-12 13:43:08,242 INFO  CreateClassResetClassAdapter - Creating brand-new static initializer in class org/bouncycastle/jcajce/provider/symmetric/Threefish$KeyGen_256
2024-11-12 13:43:08,242 INFO  EvoClassLoader - Keeping class: org.bouncycastle.jcajce.provider.symmetric.Threefish$KeyGen_256
2024-11-12 13:43:08,242 INFO  EvoClassLoader - Seeing class for first time: org.bouncycastle.jcajce.provider.symmetric.Threefish$KeyGen_512
2024-11-12 13:43:08,242 INFO  EvoClassLoader - Instrumenting class 'org.bouncycastle.jcajce.provider.symmetric.Threefish$KeyGen_512'.
2024-11-12 13:43:08,242 INFO  MethodCallReplacementClassAdapter - Adding mock interface to class org/bouncycastle/jcajce/provider/symmetric/Threefish$KeyGen_512
2024-11-12 13:43:08,242 INFO  CreateClassResetClassAdapter - Creating brand-new static initializer in class org/bouncycastle/jcajce/provider/symmetric/Threefish$KeyGen_512
2024-11-12 13:43:08,243 INFO  EvoClassLoader - Keeping class: org.bouncycastle.jcajce.provider.symmetric.Threefish$KeyGen_512
2024-11-12 13:43:08,243 INFO  EvoClassLoader - Seeing class for first time: org.bouncycastle.jcajce.provider.symmetric.VMPC$Mappings
2024-11-12 13:43:08,243 INFO  EvoClassLoader - Instrumenting class 'org.bouncycastle.jcajce.provider.symmetric.VMPC$Mappings'.
2024-11-12 13:43:08,243 INFO  MethodCallReplacementClassAdapter - Adding mock interface to class org/bouncycastle/jcajce/provider/symmetric/VMPC$Mappings
2024-11-12 13:43:08,243 INFO  CreateClassResetClassAdapter - Found static initializer in class org/bouncycastle/jcajce/provider/symmetric/VMPC$Mappings
2024-11-12 13:43:08,243 INFO  EvoClassLoader - Keeping class: org.bouncycastle.jcajce.provider.symmetric.VMPC$Mappings
2024-11-12 13:43:08,243 INFO  EvoClassLoader - Seeing class for first time: org.bouncycastle.jcajce.provider.symmetric.VMPC
2024-11-12 13:43:08,243 INFO  EvoClassLoader - Instrumenting class 'org.bouncycastle.jcajce.provider.symmetric.VMPC'.
2024-11-12 13:43:08,243 INFO  MethodCallReplacementClassAdapter - Adding mock interface to class org/bouncycastle/jcajce/provider/symmetric/VMPC
2024-11-12 13:43:08,243 INFO  CreateClassResetClassAdapter - Creating brand-new static initializer in class org/bouncycastle/jcajce/provider/symmetric/VMPC
2024-11-12 13:43:08,243 INFO  EvoClassLoader - Keeping class: org.bouncycastle.jcajce.provider.symmetric.VMPC
2024-11-12 13:43:08,243 INFO  EvoClassLoader - Seeing class for first time: org.bouncycastle.jcajce.provider.symmetric.VMPC$Base
2024-11-12 13:43:08,243 INFO  EvoClassLoader - Instrumenting class 'org.bouncycastle.jcajce.provider.symmetric.VMPC$Base'.
2024-11-12 13:43:08,244 INFO  MethodCallReplacementClassAdapter - Adding mock interface to class org/bouncycastle/jcajce/provider/symmetric/VMPC$Base
2024-11-12 13:43:08,244 INFO  CreateClassResetClassAdapter - Creating brand-new static initializer in class org/bouncycastle/jcajce/provider/symmetric/VMPC$Base
2024-11-12 13:43:08,244 INFO  EvoClassLoader - Keeping class: org.bouncycastle.jcajce.provider.symmetric.VMPC$Base
2024-11-12 13:43:08,244 INFO  EvoClassLoader - Seeing class for first time: org.bouncycastle.jcajce.provider.symmetric.VMPC$KeyGen
2024-11-12 13:43:08,244 INFO  EvoClassLoader - Instrumenting class 'org.bouncycastle.jcajce.provider.symmetric.VMPC$KeyGen'.
2024-11-12 13:43:08,244 INFO  MethodCallReplacementClassAdapter - Adding mock interface to class org/bouncycastle/jcajce/provider/symmetric/VMPC$KeyGen
2024-11-12 13:43:08,244 INFO  CreateClassResetClassAdapter - Creating brand-new static initializer in class org/bouncycastle/jcajce/provider/symmetric/VMPC$KeyGen
2024-11-12 13:43:08,244 INFO  EvoClassLoader - Keeping class: org.bouncycastle.jcajce.provider.symmetric.VMPC$KeyGen
2024-11-12 13:43:08,244 INFO  EvoClassLoader - Seeing class for first time: org.bouncycastle.jcajce.provider.symmetric.VMPC$Mac
2024-11-12 13:43:08,244 INFO  EvoClassLoader - Instrumenting class 'org.bouncycastle.jcajce.provider.symmetric.VMPC$Mac'.
2024-11-12 13:43:08,244 INFO  MethodCallReplacementClassAdapter - Adding mock interface to class org/bouncycastle/jcajce/provider/symmetric/VMPC$Mac
2024-11-12 13:43:08,244 INFO  CreateClassResetClassAdapter - Creating brand-new static initializer in class org/bouncycastle/jcajce/provider/symmetric/VMPC$Mac
2024-11-12 13:43:08,244 INFO  EvoClassLoader - Keeping class: org.bouncycastle.jcajce.provider.symmetric.VMPC$Mac
2024-11-12 13:43:08,244 INFO  EvoClassLoader - Seeing class for first time: org.bouncycastle.jcajce.provider.symmetric.VMPCKSA3$Mappings
2024-11-12 13:43:08,244 INFO  EvoClassLoader - Instrumenting class 'org.bouncycastle.jcajce.provider.symmetric.VMPCKSA3$Mappings'.
2024-11-12 13:43:08,244 INFO  MethodCallReplacementClassAdapter - Adding mock interface to class org/bouncycastle/jcajce/provider/symmetric/VMPCKSA3$Mappings
2024-11-12 13:43:08,244 INFO  CreateClassResetClassAdapter - Found static initializer in class org/bouncycastle/jcajce/provider/symmetric/VMPCKSA3$Mappings
2024-11-12 13:43:08,245 INFO  EvoClassLoader - Keeping class: org.bouncycastle.jcajce.provider.symmetric.VMPCKSA3$Mappings
2024-11-12 13:43:08,245 INFO  EvoClassLoader - Seeing class for first time: org.bouncycastle.jcajce.provider.symmetric.VMPCKSA3
2024-11-12 13:43:08,245 INFO  EvoClassLoader - Instrumenting class 'org.bouncycastle.jcajce.provider.symmetric.VMPCKSA3'.
2024-11-12 13:43:08,245 INFO  MethodCallReplacementClassAdapter - Adding mock interface to class org/bouncycastle/jcajce/provider/symmetric/VMPCKSA3
2024-11-12 13:43:08,245 INFO  CreateClassResetClassAdapter - Creating brand-new static initializer in class org/bouncycastle/jcajce/provider/symmetric/VMPCKSA3
2024-11-12 13:43:08,245 INFO  EvoClassLoader - Keeping class: org.bouncycastle.jcajce.provider.symmetric.VMPCKSA3
2024-11-12 13:43:08,245 INFO  EvoClassLoader - Seeing class for first time: org.bouncycastle.jcajce.provider.symmetric.VMPCKSA3$Base
2024-11-12 13:43:08,245 INFO  EvoClassLoader - Instrumenting class 'org.bouncycastle.jcajce.provider.symmetric.VMPCKSA3$Base'.
2024-11-12 13:43:08,245 INFO  MethodCallReplacementClassAdapter - Adding mock interface to class org/bouncycastle/jcajce/provider/symmetric/VMPCKSA3$Base
2024-11-12 13:43:08,245 INFO  CreateClassResetClassAdapter - Creating brand-new static initializer in class org/bouncycastle/jcajce/provider/symmetric/VMPCKSA3$Base
2024-11-12 13:43:08,245 INFO  EvoClassLoader - Keeping class: org.bouncycastle.jcajce.provider.symmetric.VMPCKSA3$Base
2024-11-12 13:43:08,245 INFO  EvoClassLoader - Seeing class for first time: org.bouncycastle.jcajce.provider.symmetric.VMPCKSA3$KeyGen
2024-11-12 13:43:08,245 INFO  EvoClassLoader - Instrumenting class 'org.bouncycastle.jcajce.provider.symmetric.VMPCKSA3$KeyGen'.
2024-11-12 13:43:08,245 INFO  MethodCallReplacementClassAdapter - Adding mock interface to class org/bouncycastle/jcajce/provider/symmetric/VMPCKSA3$KeyGen
2024-11-12 13:43:08,245 INFO  CreateClassResetClassAdapter - Creating brand-new static initializer in class org/bouncycastle/jcajce/provider/symmetric/VMPCKSA3$KeyGen
2024-11-12 13:43:08,245 INFO  EvoClassLoader - Keeping class: org.bouncycastle.jcajce.provider.symmetric.VMPCKSA3$KeyGen
2024-11-12 13:43:08,245 INFO  EvoClassLoader - Seeing class for first time: org.bouncycastle.jcajce.provider.symmetric.XTEA$Mappings
2024-11-12 13:43:08,246 INFO  EvoClassLoader - Instrumenting class 'org.bouncycastle.jcajce.provider.symmetric.XTEA$Mappings'.
2024-11-12 13:43:08,246 INFO  MethodCallReplacementClassAdapter - Adding mock interface to class org/bouncycastle/jcajce/provider/symmetric/XTEA$Mappings
2024-11-12 13:43:08,246 INFO  CreateClassResetClassAdapter - Found static initializer in class org/bouncycastle/jcajce/provider/symmetric/XTEA$Mappings
2024-11-12 13:43:08,246 INFO  EvoClassLoader - Keeping class: org.bouncycastle.jcajce.provider.symmetric.XTEA$Mappings
2024-11-12 13:43:08,246 INFO  EvoClassLoader - Seeing class for first time: org.bouncycastle.jcajce.provider.symmetric.XTEA
2024-11-12 13:43:08,246 INFO  EvoClassLoader - Instrumenting class 'org.bouncycastle.jcajce.provider.symmetric.XTEA'.
2024-11-12 13:43:08,246 INFO  MethodCallReplacementClassAdapter - Adding mock interface to class org/bouncycastle/jcajce/provider/symmetric/XTEA
2024-11-12 13:43:08,246 INFO  CreateClassResetClassAdapter - Creating brand-new static initializer in class org/bouncycastle/jcajce/provider/symmetric/XTEA
2024-11-12 13:43:08,246 INFO  EvoClassLoader - Keeping class: org.bouncycastle.jcajce.provider.symmetric.XTEA
2024-11-12 13:43:08,246 INFO  EvoClassLoader - Seeing class for first time: org.bouncycastle.jcajce.provider.symmetric.XTEA$AlgParams
2024-11-12 13:43:08,246 INFO  EvoClassLoader - Instrumenting class 'org.bouncycastle.jcajce.provider.symmetric.XTEA$AlgParams'.
2024-11-12 13:43:08,246 INFO  MethodCallReplacementClassAdapter - Adding mock interface to class org/bouncycastle/jcajce/provider/symmetric/XTEA$AlgParams
2024-11-12 13:43:08,246 INFO  CreateClassResetClassAdapter - Creating brand-new static initializer in class org/bouncycastle/jcajce/provider/symmetric/XTEA$AlgParams
2024-11-12 13:43:08,246 INFO  EvoClassLoader - Keeping class: org.bouncycastle.jcajce.provider.symmetric.XTEA$AlgParams
2024-11-12 13:43:08,246 INFO  EvoClassLoader - Seeing class for first time: org.bouncycastle.jcajce.provider.symmetric.XTEA$ECB
2024-11-12 13:43:08,246 INFO  EvoClassLoader - Instrumenting class 'org.bouncycastle.jcajce.provider.symmetric.XTEA$ECB'.
2024-11-12 13:43:08,247 INFO  MethodCallReplacementClassAdapter - Adding mock interface to class org/bouncycastle/jcajce/provider/symmetric/XTEA$ECB
2024-11-12 13:43:08,247 INFO  CreateClassResetClassAdapter - Creating brand-new static initializer in class org/bouncycastle/jcajce/provider/symmetric/XTEA$ECB
2024-11-12 13:43:08,247 INFO  EvoClassLoader - Keeping class: org.bouncycastle.jcajce.provider.symmetric.XTEA$ECB
2024-11-12 13:43:08,247 INFO  EvoClassLoader - Seeing class for first time: org.bouncycastle.jcajce.provider.symmetric.XTEA$KeyGen
2024-11-12 13:43:08,247 INFO  EvoClassLoader - Instrumenting class 'org.bouncycastle.jcajce.provider.symmetric.XTEA$KeyGen'.
2024-11-12 13:43:08,247 INFO  MethodCallReplacementClassAdapter - Adding mock interface to class org/bouncycastle/jcajce/provider/symmetric/XTEA$KeyGen
2024-11-12 13:43:08,247 INFO  CreateClassResetClassAdapter - Creating brand-new static initializer in class org/bouncycastle/jcajce/provider/symmetric/XTEA$KeyGen
2024-11-12 13:43:08,247 INFO  EvoClassLoader - Keeping class: org.bouncycastle.jcajce.provider.symmetric.XTEA$KeyGen
2024-11-12 13:43:08,247 INFO  EvoClassLoader - Seeing class for first time: org.bouncycastle.jcajce.provider.symmetric.XSalsa20$Mappings
2024-11-12 13:43:08,247 INFO  EvoClassLoader - Instrumenting class 'org.bouncycastle.jcajce.provider.symmetric.XSalsa20$Mappings'.
2024-11-12 13:43:08,247 INFO  MethodCallReplacementClassAdapter - Adding mock interface to class org/bouncycastle/jcajce/provider/symmetric/XSalsa20$Mappings
2024-11-12 13:43:08,247 INFO  CreateClassResetClassAdapter - Found static initializer in class org/bouncycastle/jcajce/provider/symmetric/XSalsa20$Mappings
2024-11-12 13:43:08,247 INFO  EvoClassLoader - Keeping class: org.bouncycastle.jcajce.provider.symmetric.XSalsa20$Mappings
2024-11-12 13:43:08,247 INFO  EvoClassLoader - Seeing class for first time: org.bouncycastle.jcajce.provider.symmetric.XSalsa20
2024-11-12 13:43:08,247 INFO  EvoClassLoader - Instrumenting class 'org.bouncycastle.jcajce.provider.symmetric.XSalsa20'.
2024-11-12 13:43:08,247 INFO  MethodCallReplacementClassAdapter - Adding mock interface to class org/bouncycastle/jcajce/provider/symmetric/XSalsa20
2024-11-12 13:43:08,248 INFO  CreateClassResetClassAdapter - Creating brand-new static initializer in class org/bouncycastle/jcajce/provider/symmetric/XSalsa20
2024-11-12 13:43:08,248 INFO  EvoClassLoader - Keeping class: org.bouncycastle.jcajce.provider.symmetric.XSalsa20
2024-11-12 13:43:08,248 INFO  EvoClassLoader - Seeing class for first time: org.bouncycastle.jcajce.provider.symmetric.XSalsa20$AlgParams
2024-11-12 13:43:08,248 INFO  EvoClassLoader - Instrumenting class 'org.bouncycastle.jcajce.provider.symmetric.XSalsa20$AlgParams'.
2024-11-12 13:43:08,248 INFO  MethodCallReplacementClassAdapter - Adding mock interface to class org/bouncycastle/jcajce/provider/symmetric/XSalsa20$AlgParams
2024-11-12 13:43:08,248 INFO  CreateClassResetClassAdapter - Creating brand-new static initializer in class org/bouncycastle/jcajce/provider/symmetric/XSalsa20$AlgParams
2024-11-12 13:43:08,248 INFO  EvoClassLoader - Keeping class: org.bouncycastle.jcajce.provider.symmetric.XSalsa20$AlgParams
2024-11-12 13:43:08,248 INFO  EvoClassLoader - Seeing class for first time: org.bouncycastle.jcajce.provider.symmetric.XSalsa20$Base
2024-11-12 13:43:08,248 INFO  EvoClassLoader - Instrumenting class 'org.bouncycastle.jcajce.provider.symmetric.XSalsa20$Base'.
2024-11-12 13:43:08,248 INFO  MethodCallReplacementClassAdapter - Adding mock interface to class org/bouncycastle/jcajce/provider/symmetric/XSalsa20$Base
2024-11-12 13:43:08,248 INFO  CreateClassResetClassAdapter - Creating brand-new static initializer in class org/bouncycastle/jcajce/provider/symmetric/XSalsa20$Base
2024-11-12 13:43:08,248 INFO  EvoClassLoader - Keeping class: org.bouncycastle.jcajce.provider.symmetric.XSalsa20$Base
2024-11-12 13:43:08,248 INFO  EvoClassLoader - Seeing class for first time: org.bouncycastle.jcajce.provider.symmetric.XSalsa20$KeyGen
2024-11-12 13:43:08,248 INFO  EvoClassLoader - Instrumenting class 'org.bouncycastle.jcajce.provider.symmetric.XSalsa20$KeyGen'.
2024-11-12 13:43:08,249 INFO  MethodCallReplacementClassAdapter - Adding mock interface to class org/bouncycastle/jcajce/provider/symmetric/XSalsa20$KeyGen
2024-11-12 13:43:08,249 INFO  CreateClassResetClassAdapter - Creating brand-new static initializer in class org/bouncycastle/jcajce/provider/symmetric/XSalsa20$KeyGen
2024-11-12 13:43:08,249 INFO  EvoClassLoader - Keeping class: org.bouncycastle.jcajce.provider.symmetric.XSalsa20$KeyGen
2024-11-12 13:43:08,249 INFO  EvoClassLoader - Seeing class for first time: org.bouncycastle.jcajce.provider.symmetric.OpenSSLPBKDF$Mappings
2024-11-12 13:43:08,249 INFO  EvoClassLoader - Instrumenting class 'org.bouncycastle.jcajce.provider.symmetric.OpenSSLPBKDF$Mappings'.
2024-11-12 13:43:08,249 INFO  MethodCallReplacementClassAdapter - Adding mock interface to class org/bouncycastle/jcajce/provider/symmetric/OpenSSLPBKDF$Mappings
2024-11-12 13:43:08,249 INFO  CreateClassResetClassAdapter - Found static initializer in class org/bouncycastle/jcajce/provider/symmetric/OpenSSLPBKDF$Mappings
2024-11-12 13:43:08,249 INFO  EvoClassLoader - Keeping class: org.bouncycastle.jcajce.provider.symmetric.OpenSSLPBKDF$Mappings
2024-11-12 13:43:08,249 INFO  EvoClassLoader - Seeing class for first time: org.bouncycastle.jcajce.provider.symmetric.OpenSSLPBKDF
2024-11-12 13:43:08,249 INFO  EvoClassLoader - Instrumenting class 'org.bouncycastle.jcajce.provider.symmetric.OpenSSLPBKDF'.
2024-11-12 13:43:08,250 INFO  MethodCallReplacementClassAdapter - Adding mock interface to class org/bouncycastle/jcajce/provider/symmetric/OpenSSLPBKDF
2024-11-12 13:43:08,250 INFO  CreateClassResetClassAdapter - Creating brand-new static initializer in class org/bouncycastle/jcajce/provider/symmetric/OpenSSLPBKDF
2024-11-12 13:43:08,250 INFO  EvoClassLoader - Keeping class: org.bouncycastle.jcajce.provider.symmetric.OpenSSLPBKDF
2024-11-12 13:43:08,250 INFO  EvoClassLoader - Seeing class for first time: org.bouncycastle.jcajce.provider.symmetric.DSTU7624$Mappings
2024-11-12 13:43:08,250 INFO  EvoClassLoader - Instrumenting class 'org.bouncycastle.jcajce.provider.symmetric.DSTU7624$Mappings'.
2024-11-12 13:43:08,250 INFO  MethodCallReplacementClassAdapter - Adding mock interface to class org/bouncycastle/jcajce/provider/symmetric/DSTU7624$Mappings
2024-11-12 13:43:08,250 INFO  CreateClassResetClassAdapter - Found static initializer in class org/bouncycastle/jcajce/provider/symmetric/DSTU7624$Mappings
2024-11-12 13:43:08,251 INFO  EvoClassLoader - Keeping class: org.bouncycastle.jcajce.provider.symmetric.DSTU7624$Mappings
2024-11-12 13:43:08,251 INFO  EvoClassLoader - Seeing class for first time: org.bouncycastle.jcajce.provider.symmetric.DSTU7624
2024-11-12 13:43:08,251 INFO  EvoClassLoader - Instrumenting class 'org.bouncycastle.jcajce.provider.symmetric.DSTU7624'.
2024-11-12 13:43:08,251 INFO  MethodCallReplacementClassAdapter - Adding mock interface to class org/bouncycastle/jcajce/provider/symmetric/DSTU7624
2024-11-12 13:43:08,251 INFO  CreateClassResetClassAdapter - Creating brand-new static initializer in class org/bouncycastle/jcajce/provider/symmetric/DSTU7624
2024-11-12 13:43:08,251 INFO  EvoClassLoader - Keeping class: org.bouncycastle.jcajce.provider.symmetric.DSTU7624
2024-11-12 13:43:08,251 INFO  EvoClassLoader - Seeing class for first time: org.bouncycastle.jcajce.provider.symmetric.DSTU7624$AlgParamGen
2024-11-12 13:43:08,251 INFO  EvoClassLoader - Instrumenting class 'org.bouncycastle.jcajce.provider.symmetric.DSTU7624$AlgParamGen'.
2024-11-12 13:43:08,251 INFO  MethodCallReplacementClassAdapter - Adding mock interface to class org/bouncycastle/jcajce/provider/symmetric/DSTU7624$AlgParamGen
2024-11-12 13:43:08,252 INFO  CreateClassResetClassAdapter - Creating brand-new static initializer in class org/bouncycastle/jcajce/provider/symmetric/DSTU7624$AlgParamGen
2024-11-12 13:43:08,253 INFO  EvoClassLoader - Keeping class: org.bouncycastle.jcajce.provider.symmetric.DSTU7624$AlgParamGen
2024-11-12 13:43:08,253 INFO  EvoClassLoader - Seeing class for first time: org.bouncycastle.jcajce.provider.symmetric.DSTU7624$AlgParamGen128
2024-11-12 13:43:08,253 INFO  EvoClassLoader - Instrumenting class 'org.bouncycastle.jcajce.provider.symmetric.DSTU7624$AlgParamGen128'.
2024-11-12 13:43:08,253 INFO  MethodCallReplacementClassAdapter - Adding mock interface to class org/bouncycastle/jcajce/provider/symmetric/DSTU7624$AlgParamGen128
2024-11-12 13:43:08,253 INFO  CreateClassResetClassAdapter - Creating brand-new static initializer in class org/bouncycastle/jcajce/provider/symmetric/DSTU7624$AlgParamGen128
2024-11-12 13:43:08,253 INFO  EvoClassLoader - Keeping class: org.bouncycastle.jcajce.provider.symmetric.DSTU7624$AlgParamGen128
2024-11-12 13:43:08,253 INFO  EvoClassLoader - Seeing class for first time: org.bouncycastle.jcajce.provider.symmetric.DSTU7624$AlgParamGen256
2024-11-12 13:43:08,253 INFO  EvoClassLoader - Instrumenting class 'org.bouncycastle.jcajce.provider.symmetric.DSTU7624$AlgParamGen256'.
2024-11-12 13:43:08,254 INFO  MethodCallReplacementClassAdapter - Adding mock interface to class org/bouncycastle/jcajce/provider/symmetric/DSTU7624$AlgParamGen256
2024-11-12 13:43:08,254 INFO  CreateClassResetClassAdapter - Creating brand-new static initializer in class org/bouncycastle/jcajce/provider/symmetric/DSTU7624$AlgParamGen256
2024-11-12 13:43:08,254 INFO  EvoClassLoader - Keeping class: org.bouncycastle.jcajce.provider.symmetric.DSTU7624$AlgParamGen256
2024-11-12 13:43:08,254 INFO  EvoClassLoader - Seeing class for first time: org.bouncycastle.jcajce.provider.symmetric.DSTU7624$AlgParamGen512
2024-11-12 13:43:08,254 INFO  EvoClassLoader - Instrumenting class 'org.bouncycastle.jcajce.provider.symmetric.DSTU7624$AlgParamGen512'.
2024-11-12 13:43:08,254 INFO  MethodCallReplacementClassAdapter - Adding mock interface to class org/bouncycastle/jcajce/provider/symmetric/DSTU7624$AlgParamGen512
2024-11-12 13:43:08,254 INFO  CreateClassResetClassAdapter - Creating brand-new static initializer in class org/bouncycastle/jcajce/provider/symmetric/DSTU7624$AlgParamGen512
2024-11-12 13:43:08,254 INFO  EvoClassLoader - Keeping class: org.bouncycastle.jcajce.provider.symmetric.DSTU7624$AlgParamGen512
2024-11-12 13:43:08,254 INFO  EvoClassLoader - Seeing class for first time: org.bouncycastle.jcajce.provider.symmetric.DSTU7624$AlgParams
2024-11-12 13:43:08,254 INFO  EvoClassLoader - Instrumenting class 'org.bouncycastle.jcajce.provider.symmetric.DSTU7624$AlgParams'.
2024-11-12 13:43:08,255 INFO  MethodCallReplacementClassAdapter - Adding mock interface to class org/bouncycastle/jcajce/provider/symmetric/DSTU7624$AlgParams
2024-11-12 13:43:08,255 INFO  CreateClassResetClassAdapter - Creating brand-new static initializer in class org/bouncycastle/jcajce/provider/symmetric/DSTU7624$AlgParams
2024-11-12 13:43:08,255 INFO  EvoClassLoader - Keeping class: org.bouncycastle.jcajce.provider.symmetric.DSTU7624$AlgParams
2024-11-12 13:43:08,255 INFO  EvoClassLoader - Seeing class for first time: org.bouncycastle.jcajce.provider.symmetric.DSTU7624$CBC128
2024-11-12 13:43:08,255 INFO  EvoClassLoader - Instrumenting class 'org.bouncycastle.jcajce.provider.symmetric.DSTU7624$CBC128'.
2024-11-12 13:43:08,256 INFO  MethodCallReplacementClassAdapter - Adding mock interface to class org/bouncycastle/jcajce/provider/symmetric/DSTU7624$CBC128
2024-11-12 13:43:08,256 INFO  CreateClassResetClassAdapter - Creating brand-new static initializer in class org/bouncycastle/jcajce/provider/symmetric/DSTU7624$CBC128
2024-11-12 13:43:08,256 INFO  EvoClassLoader - Keeping class: org.bouncycastle.jcajce.provider.symmetric.DSTU7624$CBC128
2024-11-12 13:43:08,256 INFO  EvoClassLoader - Seeing class for first time: org.bouncycastle.jcajce.provider.symmetric.DSTU7624$CBC256
2024-11-12 13:43:08,256 INFO  EvoClassLoader - Instrumenting class 'org.bouncycastle.jcajce.provider.symmetric.DSTU7624$CBC256'.
2024-11-12 13:43:08,256 INFO  MethodCallReplacementClassAdapter - Adding mock interface to class org/bouncycastle/jcajce/provider/symmetric/DSTU7624$CBC256
2024-11-12 13:43:08,256 INFO  CreateClassResetClassAdapter - Creating brand-new static initializer in class org/bouncycastle/jcajce/provider/symmetric/DSTU7624$CBC256
2024-11-12 13:43:08,256 INFO  EvoClassLoader - Keeping class: org.bouncycastle.jcajce.provider.symmetric.DSTU7624$CBC256
2024-11-12 13:43:08,256 INFO  EvoClassLoader - Seeing class for first time: org.bouncycastle.jcajce.provider.symmetric.DSTU7624$CBC512
2024-11-12 13:43:08,256 INFO  EvoClassLoader - Instrumenting class 'org.bouncycastle.jcajce.provider.symmetric.DSTU7624$CBC512'.
2024-11-12 13:43:08,257 INFO  MethodCallReplacementClassAdapter - Adding mock interface to class org/bouncycastle/jcajce/provider/symmetric/DSTU7624$CBC512
2024-11-12 13:43:08,257 INFO  CreateClassResetClassAdapter - Creating brand-new static initializer in class org/bouncycastle/jcajce/provider/symmetric/DSTU7624$CBC512
2024-11-12 13:43:08,257 INFO  EvoClassLoader - Keeping class: org.bouncycastle.jcajce.provider.symmetric.DSTU7624$CBC512
2024-11-12 13:43:08,257 INFO  EvoClassLoader - Seeing class for first time: org.bouncycastle.jcajce.provider.symmetric.DSTU7624$CCM128
2024-11-12 13:43:08,257 INFO  EvoClassLoader - Instrumenting class 'org.bouncycastle.jcajce.provider.symmetric.DSTU7624$CCM128'.
2024-11-12 13:43:08,257 INFO  MethodCallReplacementClassAdapter - Adding mock interface to class org/bouncycastle/jcajce/provider/symmetric/DSTU7624$CCM128
2024-11-12 13:43:08,257 INFO  CreateClassResetClassAdapter - Creating brand-new static initializer in class org/bouncycastle/jcajce/provider/symmetric/DSTU7624$CCM128
2024-11-12 13:43:08,257 INFO  EvoClassLoader - Keeping class: org.bouncycastle.jcajce.provider.symmetric.DSTU7624$CCM128
2024-11-12 13:43:08,257 INFO  EvoClassLoader - Seeing class for first time: org.bouncycastle.jcajce.provider.symmetric.DSTU7624$CCM256
2024-11-12 13:43:08,257 INFO  EvoClassLoader - Instrumenting class 'org.bouncycastle.jcajce.provider.symmetric.DSTU7624$CCM256'.
2024-11-12 13:43:08,257 INFO  MethodCallReplacementClassAdapter - Adding mock interface to class org/bouncycastle/jcajce/provider/symmetric/DSTU7624$CCM256
2024-11-12 13:43:08,258 INFO  CreateClassResetClassAdapter - Creating brand-new static initializer in class org/bouncycastle/jcajce/provider/symmetric/DSTU7624$CCM256
2024-11-12 13:43:08,258 INFO  EvoClassLoader - Keeping class: org.bouncycastle.jcajce.provider.symmetric.DSTU7624$CCM256
2024-11-12 13:43:08,258 INFO  EvoClassLoader - Seeing class for first time: org.bouncycastle.jcajce.provider.symmetric.DSTU7624$CCM512
2024-11-12 13:43:08,258 INFO  EvoClassLoader - Instrumenting class 'org.bouncycastle.jcajce.provider.symmetric.DSTU7624$CCM512'.
2024-11-12 13:43:08,258 INFO  MethodCallReplacementClassAdapter - Adding mock interface to class org/bouncycastle/jcajce/provider/symmetric/DSTU7624$CCM512
2024-11-12 13:43:08,258 INFO  CreateClassResetClassAdapter - Creating brand-new static initializer in class org/bouncycastle/jcajce/provider/symmetric/DSTU7624$CCM512
2024-11-12 13:43:08,258 INFO  EvoClassLoader - Keeping class: org.bouncycastle.jcajce.provider.symmetric.DSTU7624$CCM512
2024-11-12 13:43:08,258 INFO  EvoClassLoader - Seeing class for first time: org.bouncycastle.jcajce.provider.symmetric.DSTU7624$CFB128
2024-11-12 13:43:08,258 INFO  EvoClassLoader - Instrumenting class 'org.bouncycastle.jcajce.provider.symmetric.DSTU7624$CFB128'.
2024-11-12 13:43:08,258 INFO  MethodCallReplacementClassAdapter - Adding mock interface to class org/bouncycastle/jcajce/provider/symmetric/DSTU7624$CFB128
2024-11-12 13:43:08,258 INFO  CreateClassResetClassAdapter - Creating brand-new static initializer in class org/bouncycastle/jcajce/provider/symmetric/DSTU7624$CFB128
2024-11-12 13:43:08,258 INFO  EvoClassLoader - Keeping class: org.bouncycastle.jcajce.provider.symmetric.DSTU7624$CFB128
2024-11-12 13:43:08,258 INFO  EvoClassLoader - Seeing class for first time: org.bouncycastle.jcajce.provider.symmetric.DSTU7624$CFB256
2024-11-12 13:43:08,258 INFO  EvoClassLoader - Instrumenting class 'org.bouncycastle.jcajce.provider.symmetric.DSTU7624$CFB256'.
2024-11-12 13:43:08,258 INFO  MethodCallReplacementClassAdapter - Adding mock interface to class org/bouncycastle/jcajce/provider/symmetric/DSTU7624$CFB256
2024-11-12 13:43:08,258 INFO  CreateClassResetClassAdapter - Creating brand-new static initializer in class org/bouncycastle/jcajce/provider/symmetric/DSTU7624$CFB256
2024-11-12 13:43:08,258 INFO  EvoClassLoader - Keeping class: org.bouncycastle.jcajce.provider.symmetric.DSTU7624$CFB256
2024-11-12 13:43:08,258 INFO  EvoClassLoader - Seeing class for first time: org.bouncycastle.jcajce.provider.symmetric.DSTU7624$CFB512
2024-11-12 13:43:08,258 INFO  EvoClassLoader - Instrumenting class 'org.bouncycastle.jcajce.provider.symmetric.DSTU7624$CFB512'.
2024-11-12 13:43:08,258 INFO  MethodCallReplacementClassAdapter - Adding mock interface to class org/bouncycastle/jcajce/provider/symmetric/DSTU7624$CFB512
2024-11-12 13:43:08,258 INFO  CreateClassResetClassAdapter - Creating brand-new static initializer in class org/bouncycastle/jcajce/provider/symmetric/DSTU7624$CFB512
2024-11-12 13:43:08,258 INFO  EvoClassLoader - Keeping class: org.bouncycastle.jcajce.provider.symmetric.DSTU7624$CFB512
2024-11-12 13:43:08,258 INFO  EvoClassLoader - Seeing class for first time: org.bouncycastle.jcajce.provider.symmetric.DSTU7624$CTR128
2024-11-12 13:43:08,259 INFO  EvoClassLoader - Instrumenting class 'org.bouncycastle.jcajce.provider.symmetric.DSTU7624$CTR128'.
2024-11-12 13:43:08,259 INFO  MethodCallReplacementClassAdapter - Adding mock interface to class org/bouncycastle/jcajce/provider/symmetric/DSTU7624$CTR128
2024-11-12 13:43:08,259 INFO  CreateClassResetClassAdapter - Creating brand-new static initializer in class org/bouncycastle/jcajce/provider/symmetric/DSTU7624$CTR128
2024-11-12 13:43:08,259 INFO  EvoClassLoader - Keeping class: org.bouncycastle.jcajce.provider.symmetric.DSTU7624$CTR128
2024-11-12 13:43:08,259 INFO  EvoClassLoader - Seeing class for first time: org.bouncycastle.jcajce.provider.symmetric.DSTU7624$CTR256
2024-11-12 13:43:08,259 INFO  EvoClassLoader - Instrumenting class 'org.bouncycastle.jcajce.provider.symmetric.DSTU7624$CTR256'.
2024-11-12 13:43:08,259 INFO  MethodCallReplacementClassAdapter - Adding mock interface to class org/bouncycastle/jcajce/provider/symmetric/DSTU7624$CTR256
2024-11-12 13:43:08,259 INFO  CreateClassResetClassAdapter - Creating brand-new static initializer in class org/bouncycastle/jcajce/provider/symmetric/DSTU7624$CTR256
2024-11-12 13:43:08,259 INFO  EvoClassLoader - Keeping class: org.bouncycastle.jcajce.provider.symmetric.DSTU7624$CTR256
2024-11-12 13:43:08,259 INFO  EvoClassLoader - Seeing class for first time: org.bouncycastle.jcajce.provider.symmetric.DSTU7624$CTR512
2024-11-12 13:43:08,259 INFO  EvoClassLoader - Instrumenting class 'org.bouncycastle.jcajce.provider.symmetric.DSTU7624$CTR512'.
2024-11-12 13:43:08,259 INFO  MethodCallReplacementClassAdapter - Adding mock interface to class org/bouncycastle/jcajce/provider/symmetric/DSTU7624$CTR512
2024-11-12 13:43:08,259 INFO  CreateClassResetClassAdapter - Creating brand-new static initializer in class org/bouncycastle/jcajce/provider/symmetric/DSTU7624$CTR512
2024-11-12 13:43:08,259 INFO  EvoClassLoader - Keeping class: org.bouncycastle.jcajce.provider.symmetric.DSTU7624$CTR512
2024-11-12 13:43:08,259 INFO  EvoClassLoader - Seeing class for first time: org.bouncycastle.jcajce.provider.symmetric.DSTU7624$ECB
2024-11-12 13:43:08,259 INFO  EvoClassLoader - Instrumenting class 'org.bouncycastle.jcajce.provider.symmetric.DSTU7624$ECB'.
2024-11-12 13:43:08,259 INFO  MethodCallReplacementClassAdapter - Adding mock interface to class org/bouncycastle/jcajce/provider/symmetric/DSTU7624$ECB
2024-11-12 13:43:08,260 INFO  CreateClassResetClassAdapter - Creating brand-new static initializer in class org/bouncycastle/jcajce/provider/symmetric/DSTU7624$ECB
2024-11-12 13:43:08,260 INFO  EvoClassLoader - Keeping class: org.bouncycastle.jcajce.provider.symmetric.DSTU7624$ECB
2024-11-12 13:43:08,260 INFO  EvoClassLoader - Seeing class for first time: org.bouncycastle.jcajce.provider.symmetric.DSTU7624$ECB128
2024-11-12 13:43:08,260 INFO  EvoClassLoader - Instrumenting class 'org.bouncycastle.jcajce.provider.symmetric.DSTU7624$ECB128'.
2024-11-12 13:43:08,260 INFO  MethodCallReplacementClassAdapter - Adding mock interface to class org/bouncycastle/jcajce/provider/symmetric/DSTU7624$ECB128
2024-11-12 13:43:08,260 INFO  CreateClassResetClassAdapter - Creating brand-new static initializer in class org/bouncycastle/jcajce/provider/symmetric/DSTU7624$ECB128
2024-11-12 13:43:08,260 INFO  EvoClassLoader - Keeping class: org.bouncycastle.jcajce.provider.symmetric.DSTU7624$ECB128
2024-11-12 13:43:08,260 INFO  EvoClassLoader - Seeing class for first time: org.bouncycastle.jcajce.provider.symmetric.DSTU7624$ECB256
2024-11-12 13:43:08,260 INFO  EvoClassLoader - Instrumenting class 'org.bouncycastle.jcajce.provider.symmetric.DSTU7624$ECB256'.
2024-11-12 13:43:08,261 INFO  MethodCallReplacementClassAdapter - Adding mock interface to class org/bouncycastle/jcajce/provider/symmetric/DSTU7624$ECB256
2024-11-12 13:43:08,261 INFO  CreateClassResetClassAdapter - Creating brand-new static initializer in class org/bouncycastle/jcajce/provider/symmetric/DSTU7624$ECB256
2024-11-12 13:43:08,261 INFO  EvoClassLoader - Keeping class: org.bouncycastle.jcajce.provider.symmetric.DSTU7624$ECB256
2024-11-12 13:43:08,261 INFO  EvoClassLoader - Seeing class for first time: org.bouncycastle.jcajce.provider.symmetric.DSTU7624$ECB512
2024-11-12 13:43:08,261 INFO  EvoClassLoader - Instrumenting class 'org.bouncycastle.jcajce.provider.symmetric.DSTU7624$ECB512'.
2024-11-12 13:43:08,262 INFO  MethodCallReplacementClassAdapter - Adding mock interface to class org/bouncycastle/jcajce/provider/symmetric/DSTU7624$ECB512
2024-11-12 13:43:08,262 INFO  CreateClassResetClassAdapter - Creating brand-new static initializer in class org/bouncycastle/jcajce/provider/symmetric/DSTU7624$ECB512
2024-11-12 13:43:08,262 INFO  EvoClassLoader - Keeping class: org.bouncycastle.jcajce.provider.symmetric.DSTU7624$ECB512
2024-11-12 13:43:08,262 INFO  EvoClassLoader - Seeing class for first time: org.bouncycastle.jcajce.provider.symmetric.DSTU7624$ECB_128
2024-11-12 13:43:08,262 INFO  EvoClassLoader - Instrumenting class 'org.bouncycastle.jcajce.provider.symmetric.DSTU7624$ECB_128'.
2024-11-12 13:43:08,262 INFO  MethodCallReplacementClassAdapter - Adding mock interface to class org/bouncycastle/jcajce/provider/symmetric/DSTU7624$ECB_128
2024-11-12 13:43:08,262 INFO  CreateClassResetClassAdapter - Creating brand-new static initializer in class org/bouncycastle/jcajce/provider/symmetric/DSTU7624$ECB_128
2024-11-12 13:43:08,262 INFO  EvoClassLoader - Keeping class: org.bouncycastle.jcajce.provider.symmetric.DSTU7624$ECB_128
2024-11-12 13:43:08,262 INFO  EvoClassLoader - Seeing class for first time: org.bouncycastle.jcajce.provider.symmetric.DSTU7624$ECB_256
2024-11-12 13:43:08,262 INFO  EvoClassLoader - Instrumenting class 'org.bouncycastle.jcajce.provider.symmetric.DSTU7624$ECB_256'.
2024-11-12 13:43:08,263 INFO  MethodCallReplacementClassAdapter - Adding mock interface to class org/bouncycastle/jcajce/provider/symmetric/DSTU7624$ECB_256
2024-11-12 13:43:08,263 INFO  CreateClassResetClassAdapter - Creating brand-new static initializer in class org/bouncycastle/jcajce/provider/symmetric/DSTU7624$ECB_256
2024-11-12 13:43:08,263 INFO  EvoClassLoader - Keeping class: org.bouncycastle.jcajce.provider.symmetric.DSTU7624$ECB_256
2024-11-12 13:43:08,263 INFO  EvoClassLoader - Seeing class for first time: org.bouncycastle.jcajce.provider.symmetric.DSTU7624$ECB_512
2024-11-12 13:43:08,263 INFO  EvoClassLoader - Instrumenting class 'org.bouncycastle.jcajce.provider.symmetric.DSTU7624$ECB_512'.
2024-11-12 13:43:08,263 INFO  MethodCallReplacementClassAdapter - Adding mock interface to class org/bouncycastle/jcajce/provider/symmetric/DSTU7624$ECB_512
2024-11-12 13:43:08,263 INFO  CreateClassResetClassAdapter - Creating brand-new static initializer in class org/bouncycastle/jcajce/provider/symmetric/DSTU7624$ECB_512
2024-11-12 13:43:08,264 INFO  EvoClassLoader - Keeping class: org.bouncycastle.jcajce.provider.symmetric.DSTU7624$ECB_512
2024-11-12 13:43:08,264 INFO  EvoClassLoader - Seeing class for first time: org.bouncycastle.jcajce.provider.symmetric.DSTU7624$GCM128
2024-11-12 13:43:08,264 INFO  EvoClassLoader - Instrumenting class 'org.bouncycastle.jcajce.provider.symmetric.DSTU7624$GCM128'.
2024-11-12 13:43:08,264 INFO  MethodCallReplacementClassAdapter - Adding mock interface to class org/bouncycastle/jcajce/provider/symmetric/DSTU7624$GCM128
2024-11-12 13:43:08,264 INFO  CreateClassResetClassAdapter - Creating brand-new static initializer in class org/bouncycastle/jcajce/provider/symmetric/DSTU7624$GCM128
2024-11-12 13:43:08,264 INFO  EvoClassLoader - Keeping class: org.bouncycastle.jcajce.provider.symmetric.DSTU7624$GCM128
2024-11-12 13:43:08,264 INFO  EvoClassLoader - Seeing class for first time: org.bouncycastle.jcajce.provider.symmetric.DSTU7624$GCM256
2024-11-12 13:43:08,264 INFO  EvoClassLoader - Instrumenting class 'org.bouncycastle.jcajce.provider.symmetric.DSTU7624$GCM256'.
2024-11-12 13:43:08,264 INFO  MethodCallReplacementClassAdapter - Adding mock interface to class org/bouncycastle/jcajce/provider/symmetric/DSTU7624$GCM256
2024-11-12 13:43:08,265 INFO  CreateClassResetClassAdapter - Creating brand-new static initializer in class org/bouncycastle/jcajce/provider/symmetric/DSTU7624$GCM256
2024-11-12 13:43:08,265 INFO  EvoClassLoader - Keeping class: org.bouncycastle.jcajce.provider.symmetric.DSTU7624$GCM256
2024-11-12 13:43:08,265 INFO  EvoClassLoader - Seeing class for first time: org.bouncycastle.jcajce.provider.symmetric.DSTU7624$GCM512
2024-11-12 13:43:08,265 INFO  EvoClassLoader - Instrumenting class 'org.bouncycastle.jcajce.provider.symmetric.DSTU7624$GCM512'.
2024-11-12 13:43:08,265 INFO  MethodCallReplacementClassAdapter - Adding mock interface to class org/bouncycastle/jcajce/provider/symmetric/DSTU7624$GCM512
2024-11-12 13:43:08,265 INFO  CreateClassResetClassAdapter - Creating brand-new static initializer in class org/bouncycastle/jcajce/provider/symmetric/DSTU7624$GCM512
2024-11-12 13:43:08,265 INFO  EvoClassLoader - Keeping class: org.bouncycastle.jcajce.provider.symmetric.DSTU7624$GCM512
2024-11-12 13:43:08,265 INFO  EvoClassLoader - Seeing class for first time: org.bouncycastle.jcajce.provider.symmetric.DSTU7624$GMAC
2024-11-12 13:43:08,265 INFO  EvoClassLoader - Instrumenting class 'org.bouncycastle.jcajce.provider.symmetric.DSTU7624$GMAC'.
2024-11-12 13:43:08,265 INFO  MethodCallReplacementClassAdapter - Adding mock interface to class org/bouncycastle/jcajce/provider/symmetric/DSTU7624$GMAC
2024-11-12 13:43:08,266 INFO  CreateClassResetClassAdapter - Creating brand-new static initializer in class org/bouncycastle/jcajce/provider/symmetric/DSTU7624$GMAC
2024-11-12 13:43:08,266 INFO  EvoClassLoader - Keeping class: org.bouncycastle.jcajce.provider.symmetric.DSTU7624$GMAC
2024-11-12 13:43:08,266 INFO  EvoClassLoader - Seeing class for first time: org.bouncycastle.jcajce.provider.symmetric.DSTU7624$GMAC128
2024-11-12 13:43:08,266 INFO  EvoClassLoader - Instrumenting class 'org.bouncycastle.jcajce.provider.symmetric.DSTU7624$GMAC128'.
2024-11-12 13:43:08,266 INFO  MethodCallReplacementClassAdapter - Adding mock interface to class org/bouncycastle/jcajce/provider/symmetric/DSTU7624$GMAC128
2024-11-12 13:43:08,266 INFO  CreateClassResetClassAdapter - Creating brand-new static initializer in class org/bouncycastle/jcajce/provider/symmetric/DSTU7624$GMAC128
2024-11-12 13:43:08,266 INFO  EvoClassLoader - Keeping class: org.bouncycastle.jcajce.provider.symmetric.DSTU7624$GMAC128
2024-11-12 13:43:08,266 INFO  EvoClassLoader - Seeing class for first time: org.bouncycastle.jcajce.provider.symmetric.DSTU7624$GMAC256
2024-11-12 13:43:08,266 INFO  EvoClassLoader - Instrumenting class 'org.bouncycastle.jcajce.provider.symmetric.DSTU7624$GMAC256'.
2024-11-12 13:43:08,266 INFO  MethodCallReplacementClassAdapter - Adding mock interface to class org/bouncycastle/jcajce/provider/symmetric/DSTU7624$GMAC256
2024-11-12 13:43:08,266 INFO  CreateClassResetClassAdapter - Creating brand-new static initializer in class org/bouncycastle/jcajce/provider/symmetric/DSTU7624$GMAC256
2024-11-12 13:43:08,267 INFO  EvoClassLoader - Keeping class: org.bouncycastle.jcajce.provider.symmetric.DSTU7624$GMAC256
2024-11-12 13:43:08,267 INFO  EvoClassLoader - Seeing class for first time: org.bouncycastle.jcajce.provider.symmetric.DSTU7624$GMAC512
2024-11-12 13:43:08,267 INFO  EvoClassLoader - Instrumenting class 'org.bouncycastle.jcajce.provider.symmetric.DSTU7624$GMAC512'.
2024-11-12 13:43:08,267 INFO  MethodCallReplacementClassAdapter - Adding mock interface to class org/bouncycastle/jcajce/provider/symmetric/DSTU7624$GMAC512
2024-11-12 13:43:08,267 INFO  CreateClassResetClassAdapter - Creating brand-new static initializer in class org/bouncycastle/jcajce/provider/symmetric/DSTU7624$GMAC512
2024-11-12 13:43:08,267 INFO  EvoClassLoader - Keeping class: org.bouncycastle.jcajce.provider.symmetric.DSTU7624$GMAC512
2024-11-12 13:43:08,267 INFO  EvoClassLoader - Seeing class for first time: org.bouncycastle.jcajce.provider.symmetric.DSTU7624$KeyGen
2024-11-12 13:43:08,267 INFO  EvoClassLoader - Instrumenting class 'org.bouncycastle.jcajce.provider.symmetric.DSTU7624$KeyGen'.
2024-11-12 13:43:08,267 INFO  MethodCallReplacementClassAdapter - Adding mock interface to class org/bouncycastle/jcajce/provider/symmetric/DSTU7624$KeyGen
2024-11-12 13:43:08,268 INFO  CreateClassResetClassAdapter - Creating brand-new static initializer in class org/bouncycastle/jcajce/provider/symmetric/DSTU7624$KeyGen
2024-11-12 13:43:08,268 INFO  EvoClassLoader - Keeping class: org.bouncycastle.jcajce.provider.symmetric.DSTU7624$KeyGen
2024-11-12 13:43:08,268 INFO  EvoClassLoader - Seeing class for first time: org.bouncycastle.jcajce.provider.symmetric.DSTU7624$KeyGen128
2024-11-12 13:43:08,268 INFO  EvoClassLoader - Instrumenting class 'org.bouncycastle.jcajce.provider.symmetric.DSTU7624$KeyGen128'.
2024-11-12 13:43:08,268 INFO  MethodCallReplacementClassAdapter - Adding mock interface to class org/bouncycastle/jcajce/provider/symmetric/DSTU7624$KeyGen128
2024-11-12 13:43:08,268 INFO  CreateClassResetClassAdapter - Creating brand-new static initializer in class org/bouncycastle/jcajce/provider/symmetric/DSTU7624$KeyGen128
2024-11-12 13:43:08,268 INFO  EvoClassLoader - Keeping class: org.bouncycastle.jcajce.provider.symmetric.DSTU7624$KeyGen128
2024-11-12 13:43:08,268 INFO  EvoClassLoader - Seeing class for first time: org.bouncycastle.jcajce.provider.symmetric.DSTU7624$KeyGen256
2024-11-12 13:43:08,268 INFO  EvoClassLoader - Instrumenting class 'org.bouncycastle.jcajce.provider.symmetric.DSTU7624$KeyGen256'.
2024-11-12 13:43:08,268 INFO  MethodCallReplacementClassAdapter - Adding mock interface to class org/bouncycastle/jcajce/provider/symmetric/DSTU7624$KeyGen256
2024-11-12 13:43:08,268 INFO  CreateClassResetClassAdapter - Creating brand-new static initializer in class org/bouncycastle/jcajce/provider/symmetric/DSTU7624$KeyGen256
2024-11-12 13:43:08,268 INFO  EvoClassLoader - Keeping class: org.bouncycastle.jcajce.provider.symmetric.DSTU7624$KeyGen256
2024-11-12 13:43:08,268 INFO  EvoClassLoader - Seeing class for first time: org.bouncycastle.jcajce.provider.symmetric.DSTU7624$KeyGen512
2024-11-12 13:43:08,268 INFO  EvoClassLoader - Instrumenting class 'org.bouncycastle.jcajce.provider.symmetric.DSTU7624$KeyGen512'.
2024-11-12 13:43:08,269 INFO  MethodCallReplacementClassAdapter - Adding mock interface to class org/bouncycastle/jcajce/provider/symmetric/DSTU7624$KeyGen512
2024-11-12 13:43:08,269 INFO  CreateClassResetClassAdapter - Creating brand-new static initializer in class org/bouncycastle/jcajce/provider/symmetric/DSTU7624$KeyGen512
2024-11-12 13:43:08,269 INFO  EvoClassLoader - Keeping class: org.bouncycastle.jcajce.provider.symmetric.DSTU7624$KeyGen512
2024-11-12 13:43:08,270 INFO  EvoClassLoader - Seeing class for first time: org.bouncycastle.jcajce.provider.symmetric.GOST3412_2015$Mappings
2024-11-12 13:43:08,270 INFO  EvoClassLoader - Instrumenting class 'org.bouncycastle.jcajce.provider.symmetric.GOST3412_2015$Mappings'.
2024-11-12 13:43:08,270 INFO  MethodCallReplacementClassAdapter - Adding mock interface to class org/bouncycastle/jcajce/provider/symmetric/GOST3412_2015$Mappings
2024-11-12 13:43:08,270 INFO  CreateClassResetClassAdapter - Found static initializer in class org/bouncycastle/jcajce/provider/symmetric/GOST3412_2015$Mappings
2024-11-12 13:43:08,271 INFO  EvoClassLoader - Keeping class: org.bouncycastle.jcajce.provider.symmetric.GOST3412_2015$Mappings
2024-11-12 13:43:08,271 INFO  EvoClassLoader - Seeing class for first time: org.bouncycastle.jcajce.provider.symmetric.GOST3412_2015
2024-11-12 13:43:08,271 INFO  EvoClassLoader - Instrumenting class 'org.bouncycastle.jcajce.provider.symmetric.GOST3412_2015'.
2024-11-12 13:43:08,271 INFO  MethodCallReplacementClassAdapter - Adding mock interface to class org/bouncycastle/jcajce/provider/symmetric/GOST3412_2015
2024-11-12 13:43:08,271 INFO  CreateClassResetClassAdapter - Creating brand-new static initializer in class org/bouncycastle/jcajce/provider/symmetric/GOST3412_2015
2024-11-12 13:43:08,271 INFO  EvoClassLoader - Keeping class: org.bouncycastle.jcajce.provider.symmetric.GOST3412_2015
2024-11-12 13:43:08,271 INFO  EvoClassLoader - Seeing class for first time: org.bouncycastle.jcajce.provider.symmetric.GOST3412_2015$CBC
2024-11-12 13:43:08,271 INFO  EvoClassLoader - Instrumenting class 'org.bouncycastle.jcajce.provider.symmetric.GOST3412_2015$CBC'.
2024-11-12 13:43:08,271 INFO  MethodCallReplacementClassAdapter - Adding mock interface to class org/bouncycastle/jcajce/provider/symmetric/GOST3412_2015$CBC
2024-11-12 13:43:08,271 INFO  CreateClassResetClassAdapter - Creating brand-new static initializer in class org/bouncycastle/jcajce/provider/symmetric/GOST3412_2015$CBC
2024-11-12 13:43:08,271 INFO  EvoClassLoader - Keeping class: org.bouncycastle.jcajce.provider.symmetric.GOST3412_2015$CBC
2024-11-12 13:43:08,271 INFO  EvoClassLoader - Seeing class for first time: org.bouncycastle.jcajce.provider.symmetric.GOST3412_2015$CTR
2024-11-12 13:43:08,271 INFO  EvoClassLoader - Instrumenting class 'org.bouncycastle.jcajce.provider.symmetric.GOST3412_2015$CTR'.
2024-11-12 13:43:08,272 INFO  MethodCallReplacementClassAdapter - Adding mock interface to class org/bouncycastle/jcajce/provider/symmetric/GOST3412_2015$CTR
2024-11-12 13:43:08,272 INFO  CreateClassResetClassAdapter - Creating brand-new static initializer in class org/bouncycastle/jcajce/provider/symmetric/GOST3412_2015$CTR
2024-11-12 13:43:08,272 INFO  EvoClassLoader - Keeping class: org.bouncycastle.jcajce.provider.symmetric.GOST3412_2015$CTR
2024-11-12 13:43:08,272 INFO  EvoClassLoader - Seeing class for first time: org.bouncycastle.jcajce.provider.symmetric.GOST3412_2015$ECB
2024-11-12 13:43:08,272 INFO  EvoClassLoader - Instrumenting class 'org.bouncycastle.jcajce.provider.symmetric.GOST3412_2015$ECB'.
2024-11-12 13:43:08,272 INFO  MethodCallReplacementClassAdapter - Adding mock interface to class org/bouncycastle/jcajce/provider/symmetric/GOST3412_2015$ECB
2024-11-12 13:43:08,272 INFO  CreateClassResetClassAdapter - Creating brand-new static initializer in class org/bouncycastle/jcajce/provider/symmetric/GOST3412_2015$ECB
2024-11-12 13:43:08,272 INFO  EvoClassLoader - Keeping class: org.bouncycastle.jcajce.provider.symmetric.GOST3412_2015$ECB
2024-11-12 13:43:08,272 INFO  EvoClassLoader - Seeing class for first time: org.bouncycastle.jcajce.provider.symmetric.GOST3412_2015$GCFB
2024-11-12 13:43:08,272 INFO  EvoClassLoader - Instrumenting class 'org.bouncycastle.jcajce.provider.symmetric.GOST3412_2015$GCFB'.
2024-11-12 13:43:08,272 INFO  MethodCallReplacementClassAdapter - Adding mock interface to class org/bouncycastle/jcajce/provider/symmetric/GOST3412_2015$GCFB
2024-11-12 13:43:08,272 INFO  CreateClassResetClassAdapter - Creating brand-new static initializer in class org/bouncycastle/jcajce/provider/symmetric/GOST3412_2015$GCFB
2024-11-12 13:43:08,272 INFO  EvoClassLoader - Keeping class: org.bouncycastle.jcajce.provider.symmetric.GOST3412_2015$GCFB
2024-11-12 13:43:08,272 INFO  EvoClassLoader - Seeing class for first time: org.bouncycastle.jcajce.provider.symmetric.GOST3412_2015$GCFB8
2024-11-12 13:43:08,272 INFO  EvoClassLoader - Instrumenting class 'org.bouncycastle.jcajce.provider.symmetric.GOST3412_2015$GCFB8'.
2024-11-12 13:43:08,273 INFO  MethodCallReplacementClassAdapter - Adding mock interface to class org/bouncycastle/jcajce/provider/symmetric/GOST3412_2015$GCFB8
2024-11-12 13:43:08,273 INFO  CreateClassResetClassAdapter - Creating brand-new static initializer in class org/bouncycastle/jcajce/provider/symmetric/GOST3412_2015$GCFB8
2024-11-12 13:43:08,273 INFO  EvoClassLoader - Keeping class: org.bouncycastle.jcajce.provider.symmetric.GOST3412_2015$GCFB8
2024-11-12 13:43:08,273 INFO  EvoClassLoader - Seeing class for first time: org.bouncycastle.jcajce.provider.symmetric.GOST3412_2015$KeyGen
2024-11-12 13:43:08,273 INFO  EvoClassLoader - Instrumenting class 'org.bouncycastle.jcajce.provider.symmetric.GOST3412_2015$KeyGen'.
2024-11-12 13:43:08,273 INFO  MethodCallReplacementClassAdapter - Adding mock interface to class org/bouncycastle/jcajce/provider/symmetric/GOST3412_2015$KeyGen
2024-11-12 13:43:08,273 INFO  CreateClassResetClassAdapter - Creating brand-new static initializer in class org/bouncycastle/jcajce/provider/symmetric/GOST3412_2015$KeyGen
2024-11-12 13:43:08,273 INFO  EvoClassLoader - Keeping class: org.bouncycastle.jcajce.provider.symmetric.GOST3412_2015$KeyGen
2024-11-12 13:43:08,273 INFO  EvoClassLoader - Seeing class for first time: org.bouncycastle.jcajce.provider.symmetric.GOST3412_2015$Mac
2024-11-12 13:43:08,273 INFO  EvoClassLoader - Instrumenting class 'org.bouncycastle.jcajce.provider.symmetric.GOST3412_2015$Mac'.
2024-11-12 13:43:08,273 INFO  MethodCallReplacementClassAdapter - Adding mock interface to class org/bouncycastle/jcajce/provider/symmetric/GOST3412_2015$Mac
2024-11-12 13:43:08,273 INFO  CreateClassResetClassAdapter - Creating brand-new static initializer in class org/bouncycastle/jcajce/provider/symmetric/GOST3412_2015$Mac
2024-11-12 13:43:08,273 INFO  EvoClassLoader - Keeping class: org.bouncycastle.jcajce.provider.symmetric.GOST3412_2015$Mac
2024-11-12 13:43:08,273 INFO  EvoClassLoader - Seeing class for first time: org.bouncycastle.jcajce.provider.symmetric.Zuc$Mappings
2024-11-12 13:43:08,273 INFO  EvoClassLoader - Instrumenting class 'org.bouncycastle.jcajce.provider.symmetric.Zuc$Mappings'.
2024-11-12 13:43:08,274 INFO  MethodCallReplacementClassAdapter - Adding mock interface to class org/bouncycastle/jcajce/provider/symmetric/Zuc$Mappings
2024-11-12 13:43:08,274 INFO  CreateClassResetClassAdapter - Found static initializer in class org/bouncycastle/jcajce/provider/symmetric/Zuc$Mappings
2024-11-12 13:43:08,274 INFO  EvoClassLoader - Keeping class: org.bouncycastle.jcajce.provider.symmetric.Zuc$Mappings
2024-11-12 13:43:08,274 INFO  EvoClassLoader - Seeing class for first time: org.bouncycastle.jcajce.provider.symmetric.Zuc
2024-11-12 13:43:08,274 INFO  EvoClassLoader - Instrumenting class 'org.bouncycastle.jcajce.provider.symmetric.Zuc'.
2024-11-12 13:43:08,274 INFO  MethodCallReplacementClassAdapter - Adding mock interface to class org/bouncycastle/jcajce/provider/symmetric/Zuc
2024-11-12 13:43:08,274 INFO  CreateClassResetClassAdapter - Creating brand-new static initializer in class org/bouncycastle/jcajce/provider/symmetric/Zuc
2024-11-12 13:43:08,274 INFO  EvoClassLoader - Keeping class: org.bouncycastle.jcajce.provider.symmetric.Zuc
2024-11-12 13:43:08,274 INFO  EvoClassLoader - Seeing class for first time: org.bouncycastle.jcajce.provider.symmetric.Zuc$AlgParams
2024-11-12 13:43:08,274 INFO  EvoClassLoader - Instrumenting class 'org.bouncycastle.jcajce.provider.symmetric.Zuc$AlgParams'.
2024-11-12 13:43:08,274 INFO  MethodCallReplacementClassAdapter - Adding mock interface to class org/bouncycastle/jcajce/provider/symmetric/Zuc$AlgParams
2024-11-12 13:43:08,274 INFO  CreateClassResetClassAdapter - Creating brand-new static initializer in class org/bouncycastle/jcajce/provider/symmetric/Zuc$AlgParams
2024-11-12 13:43:08,274 INFO  EvoClassLoader - Keeping class: org.bouncycastle.jcajce.provider.symmetric.Zuc$AlgParams
2024-11-12 13:43:08,274 INFO  EvoClassLoader - Seeing class for first time: org.bouncycastle.jcajce.provider.symmetric.Zuc$KeyGen128
2024-11-12 13:43:08,274 INFO  EvoClassLoader - Instrumenting class 'org.bouncycastle.jcajce.provider.symmetric.Zuc$KeyGen128'.
2024-11-12 13:43:08,274 INFO  MethodCallReplacementClassAdapter - Adding mock interface to class org/bouncycastle/jcajce/provider/symmetric/Zuc$KeyGen128
2024-11-12 13:43:08,274 INFO  CreateClassResetClassAdapter - Creating brand-new static initializer in class org/bouncycastle/jcajce/provider/symmetric/Zuc$KeyGen128
2024-11-12 13:43:08,274 INFO  EvoClassLoader - Keeping class: org.bouncycastle.jcajce.provider.symmetric.Zuc$KeyGen128
2024-11-12 13:43:08,274 INFO  EvoClassLoader - Seeing class for first time: org.bouncycastle.jcajce.provider.symmetric.Zuc$KeyGen256
2024-11-12 13:43:08,274 INFO  EvoClassLoader - Instrumenting class 'org.bouncycastle.jcajce.provider.symmetric.Zuc$KeyGen256'.
2024-11-12 13:43:08,275 INFO  MethodCallReplacementClassAdapter - Adding mock interface to class org/bouncycastle/jcajce/provider/symmetric/Zuc$KeyGen256
2024-11-12 13:43:08,275 INFO  CreateClassResetClassAdapter - Creating brand-new static initializer in class org/bouncycastle/jcajce/provider/symmetric/Zuc$KeyGen256
2024-11-12 13:43:08,275 INFO  EvoClassLoader - Keeping class: org.bouncycastle.jcajce.provider.symmetric.Zuc$KeyGen256
2024-11-12 13:43:08,275 INFO  EvoClassLoader - Seeing class for first time: org.bouncycastle.jcajce.provider.util.AsymmetricAlgorithmProvider
2024-11-12 13:43:08,275 INFO  EvoClassLoader - Instrumenting class 'org.bouncycastle.jcajce.provider.util.AsymmetricAlgorithmProvider'.
2024-11-12 13:43:08,275 INFO  MethodCallReplacementClassAdapter - Adding mock interface to class org/bouncycastle/jcajce/provider/util/AsymmetricAlgorithmProvider
2024-11-12 13:43:08,275 INFO  CreateClassResetClassAdapter - Creating brand-new static initializer in class org/bouncycastle/jcajce/provider/util/AsymmetricAlgorithmProvider
2024-11-12 13:43:08,275 INFO  EvoClassLoader - Keeping class: org.bouncycastle.jcajce.provider.util.AsymmetricAlgorithmProvider
2024-11-12 13:43:08,275 INFO  EvoClassLoader - Seeing class for first time: org.bouncycastle.jcajce.provider.asymmetric.X509$Mappings
2024-11-12 13:43:08,275 INFO  EvoClassLoader - Instrumenting class 'org.bouncycastle.jcajce.provider.asymmetric.X509$Mappings'.
2024-11-12 13:43:08,276 INFO  MethodCallReplacementClassAdapter - Adding mock interface to class org/bouncycastle/jcajce/provider/asymmetric/X509$Mappings
2024-11-12 13:43:08,276 INFO  CreateClassResetClassAdapter - Creating brand-new static initializer in class org/bouncycastle/jcajce/provider/asymmetric/X509$Mappings
2024-11-12 13:43:08,276 INFO  EvoClassLoader - Defined package (3): package org.bouncycastle.jcajce.provider.asymmetric, 1930600633
2024-11-12 13:43:08,276 INFO  EvoClassLoader - Keeping class: org.bouncycastle.jcajce.provider.asymmetric.X509$Mappings
2024-11-12 13:43:08,276 INFO  EvoClassLoader - Seeing class for first time: org.bouncycastle.jcajce.provider.asymmetric.X509
2024-11-12 13:43:08,276 INFO  EvoClassLoader - Instrumenting class 'org.bouncycastle.jcajce.provider.asymmetric.X509'.
2024-11-12 13:43:08,276 INFO  MethodCallReplacementClassAdapter - Adding mock interface to class org/bouncycastle/jcajce/provider/asymmetric/X509
2024-11-12 13:43:08,276 INFO  CreateClassResetClassAdapter - Creating brand-new static initializer in class org/bouncycastle/jcajce/provider/asymmetric/X509
2024-11-12 13:43:08,276 INFO  EvoClassLoader - Keeping class: org.bouncycastle.jcajce.provider.asymmetric.X509
2024-11-12 13:43:08,276 INFO  EvoClassLoader - Seeing class for first time: org.bouncycastle.jcajce.provider.asymmetric.IES$Mappings
2024-11-12 13:43:08,276 INFO  EvoClassLoader - Instrumenting class 'org.bouncycastle.jcajce.provider.asymmetric.IES$Mappings'.
2024-11-12 13:43:08,276 INFO  MethodCallReplacementClassAdapter - Adding mock interface to class org/bouncycastle/jcajce/provider/asymmetric/IES$Mappings
2024-11-12 13:43:08,276 INFO  CreateClassResetClassAdapter - Creating brand-new static initializer in class org/bouncycastle/jcajce/provider/asymmetric/IES$Mappings
2024-11-12 13:43:08,276 INFO  EvoClassLoader - Keeping class: org.bouncycastle.jcajce.provider.asymmetric.IES$Mappings
2024-11-12 13:43:08,276 INFO  EvoClassLoader - Seeing class for first time: org.bouncycastle.jcajce.provider.asymmetric.IES
2024-11-12 13:43:08,276 INFO  EvoClassLoader - Instrumenting class 'org.bouncycastle.jcajce.provider.asymmetric.IES'.
2024-11-12 13:43:08,276 INFO  MethodCallReplacementClassAdapter - Adding mock interface to class org/bouncycastle/jcajce/provider/asymmetric/IES
2024-11-12 13:43:08,276 INFO  CreateClassResetClassAdapter - Creating brand-new static initializer in class org/bouncycastle/jcajce/provider/asymmetric/IES
2024-11-12 13:43:08,276 INFO  CreateClassResetClassAdapter - Adding bytecode for initializing field PREFIX
2024-11-12 13:43:08,276 INFO  EvoClassLoader - Keeping class: org.bouncycastle.jcajce.provider.asymmetric.IES
2024-11-12 13:43:08,276 INFO  EvoClassLoader - Seeing class for first time: org.bouncycastle.jcajce.provider.asymmetric.COMPOSITE$Mappings
2024-11-12 13:43:08,276 INFO  EvoClassLoader - Instrumenting class 'org.bouncycastle.jcajce.provider.asymmetric.COMPOSITE$Mappings'.
2024-11-12 13:43:08,277 INFO  MethodCallReplacementClassAdapter - Adding mock interface to class org/bouncycastle/jcajce/provider/asymmetric/COMPOSITE$Mappings
2024-11-12 13:43:08,277 INFO  CreateClassResetClassAdapter - Creating brand-new static initializer in class org/bouncycastle/jcajce/provider/asymmetric/COMPOSITE$Mappings
2024-11-12 13:43:08,277 INFO  EvoClassLoader - Keeping class: org.bouncycastle.jcajce.provider.asymmetric.COMPOSITE$Mappings
2024-11-12 13:43:08,277 INFO  EvoClassLoader - Seeing class for first time: org.bouncycastle.jcajce.provider.asymmetric.COMPOSITE
2024-11-12 13:43:08,277 INFO  EvoClassLoader - Instrumenting class 'org.bouncycastle.jcajce.provider.asymmetric.COMPOSITE'.
2024-11-12 13:43:08,277 INFO  MethodCallReplacementClassAdapter - Adding mock interface to class org/bouncycastle/jcajce/provider/asymmetric/COMPOSITE
2024-11-12 13:43:08,277 INFO  CreateClassResetClassAdapter - Found static initializer in class org/bouncycastle/jcajce/provider/asymmetric/COMPOSITE
2024-11-12 13:43:08,277 INFO  EvoClassLoader - Keeping class: org.bouncycastle.jcajce.provider.asymmetric.COMPOSITE
2024-11-12 13:43:08,277 INFO  EvoClassLoader - Seeing class for first time: org.bouncycastle.jcajce.provider.asymmetric.COMPOSITE$CompositeKeyInfoConverter
2024-11-12 13:43:08,277 INFO  EvoClassLoader - Instrumenting class 'org.bouncycastle.jcajce.provider.asymmetric.COMPOSITE$CompositeKeyInfoConverter'.
2024-11-12 13:43:08,277 INFO  MethodCallReplacementClassAdapter - Adding mock interface to class org/bouncycastle/jcajce/provider/asymmetric/COMPOSITE$CompositeKeyInfoConverter
2024-11-12 13:43:08,277 INFO  CreateClassResetClassAdapter - Creating brand-new static initializer in class org/bouncycastle/jcajce/provider/asymmetric/COMPOSITE$CompositeKeyInfoConverter
2024-11-12 13:43:08,277 INFO  EvoClassLoader - Keeping class: org.bouncycastle.jcajce.provider.asymmetric.COMPOSITE$CompositeKeyInfoConverter
2024-11-12 13:43:08,277 INFO  EvoClassLoader - Seeing class for first time: org.bouncycastle.jcajce.provider.asymmetric.COMPOSITE$KeyFactory
2024-11-12 13:43:08,277 INFO  EvoClassLoader - Instrumenting class 'org.bouncycastle.jcajce.provider.asymmetric.COMPOSITE$KeyFactory'.
2024-11-12 13:43:08,278 INFO  MethodCallReplacementClassAdapter - Adding mock interface to class org/bouncycastle/jcajce/provider/asymmetric/COMPOSITE$KeyFactory
2024-11-12 13:43:08,278 INFO  CreateClassResetClassAdapter - Creating brand-new static initializer in class org/bouncycastle/jcajce/provider/asymmetric/COMPOSITE$KeyFactory
2024-11-12 13:43:08,278 INFO  EvoClassLoader - Seeing class for first time: org.bouncycastle.jcajce.provider.asymmetric.util.BaseKeyFactorySpi
2024-11-12 13:43:08,278 INFO  EvoClassLoader - Instrumenting class 'org.bouncycastle.jcajce.provider.asymmetric.util.BaseKeyFactorySpi'.
2024-11-12 13:43:08,278 INFO  MethodCallReplacementClassAdapter - Adding mock interface to class org/bouncycastle/jcajce/provider/asymmetric/util/BaseKeyFactorySpi
2024-11-12 13:43:08,278 INFO  CreateClassResetClassAdapter - Creating brand-new static initializer in class org/bouncycastle/jcajce/provider/asymmetric/util/BaseKeyFactorySpi
2024-11-12 13:43:08,278 INFO  EvoClassLoader - Defined package (3): package org.bouncycastle.jcajce.provider.asymmetric.util, -301919209
2024-11-12 13:43:08,278 INFO  EvoClassLoader - Keeping class: org.bouncycastle.jcajce.provider.asymmetric.util.BaseKeyFactorySpi
2024-11-12 13:43:08,278 INFO  EvoClassLoader - Keeping class: org.bouncycastle.jcajce.provider.asymmetric.COMPOSITE$KeyFactory
2024-11-12 13:43:08,278 INFO  EvoClassLoader - Seeing class for first time: org.bouncycastle.jcajce.provider.asymmetric.DSA$Mappings
2024-11-12 13:43:08,278 INFO  EvoClassLoader - Instrumenting class 'org.bouncycastle.jcajce.provider.asymmetric.DSA$Mappings'.
2024-11-12 13:43:08,279 INFO  MethodCallReplacementClassAdapter - Adding mock interface to class org/bouncycastle/jcajce/provider/asymmetric/DSA$Mappings
2024-11-12 13:43:08,279 INFO  CreateClassResetClassAdapter - Creating brand-new static initializer in class org/bouncycastle/jcajce/provider/asymmetric/DSA$Mappings
2024-11-12 13:43:08,279 INFO  EvoClassLoader - Keeping class: org.bouncycastle.jcajce.provider.asymmetric.DSA$Mappings
2024-11-12 13:43:08,279 INFO  EvoClassLoader - Seeing class for first time: org.bouncycastle.jcajce.provider.asymmetric.DSA
2024-11-12 13:43:08,279 INFO  EvoClassLoader - Instrumenting class 'org.bouncycastle.jcajce.provider.asymmetric.DSA'.
2024-11-12 13:43:08,279 INFO  MethodCallReplacementClassAdapter - Adding mock interface to class org/bouncycastle/jcajce/provider/asymmetric/DSA
2024-11-12 13:43:08,279 INFO  CreateClassResetClassAdapter - Creating brand-new static initializer in class org/bouncycastle/jcajce/provider/asymmetric/DSA
2024-11-12 13:43:08,279 INFO  CreateClassResetClassAdapter - Adding bytecode for initializing field PREFIX
2024-11-12 13:43:08,279 INFO  EvoClassLoader - Keeping class: org.bouncycastle.jcajce.provider.asymmetric.DSA
2024-11-12 13:43:08,280 INFO  EvoClassLoader - Seeing class for first time: org.bouncycastle.jcajce.provider.asymmetric.dsa.KeyFactorySpi
2024-11-12 13:43:08,280 INFO  EvoClassLoader - Instrumenting class 'org.bouncycastle.jcajce.provider.asymmetric.dsa.KeyFactorySpi'.
2024-11-12 13:43:08,280 INFO  MethodCallReplacementClassAdapter - Adding mock interface to class org/bouncycastle/jcajce/provider/asymmetric/dsa/KeyFactorySpi
2024-11-12 13:43:08,281 INFO  CreateClassResetClassAdapter - Creating brand-new static initializer in class org/bouncycastle/jcajce/provider/asymmetric/dsa/KeyFactorySpi
2024-11-12 13:43:08,281 INFO  EvoClassLoader - Defined package (3): package org.bouncycastle.jcajce.provider.asymmetric.dsa, 1929906941
2024-11-12 13:43:08,281 INFO  EvoClassLoader - Keeping class: org.bouncycastle.jcajce.provider.asymmetric.dsa.KeyFactorySpi
2024-11-12 13:43:08,282 INFO  EvoClassLoader - Seeing class for first time: org.bouncycastle.crypto.params.AsymmetricKeyParameter
2024-11-12 13:43:08,282 INFO  EvoClassLoader - Instrumenting class 'org.bouncycastle.crypto.params.AsymmetricKeyParameter'.
2024-11-12 13:43:08,282 INFO  MethodCallReplacementClassAdapter - Adding mock interface to class org/bouncycastle/crypto/params/AsymmetricKeyParameter
2024-11-12 13:43:08,282 INFO  CreateClassResetClassAdapter - Creating brand-new static initializer in class org/bouncycastle/crypto/params/AsymmetricKeyParameter
2024-11-12 13:43:08,282 INFO  EvoClassLoader - Defined package (3): package org.bouncycastle.crypto.params, -409725245
2024-11-12 13:43:08,282 INFO  EvoClassLoader - Seeing class for first time: org.bouncycastle.crypto.CipherParameters
2024-11-12 13:43:08,282 INFO  EvoClassLoader - Instrumenting class 'org.bouncycastle.crypto.CipherParameters'.
2024-11-12 13:43:08,282 INFO  EvoClassLoader - Defined package (3): package org.bouncycastle.crypto, 2057853777
2024-11-12 13:43:08,282 INFO  EvoClassLoader - Keeping class: org.bouncycastle.crypto.CipherParameters
2024-11-12 13:43:08,282 INFO  EvoClassLoader - Keeping class: org.bouncycastle.crypto.params.AsymmetricKeyParameter
2024-11-12 13:43:08,282 INFO  EvoClassLoader - Seeing class for first time: org.bouncycastle.crypto.params.DSAPublicKeyParameters
2024-11-12 13:43:08,282 INFO  EvoClassLoader - Instrumenting class 'org.bouncycastle.crypto.params.DSAPublicKeyParameters'.
2024-11-12 13:43:08,283 INFO  MethodCallReplacementClassAdapter - Adding mock interface to class org/bouncycastle/crypto/params/DSAPublicKeyParameters
2024-11-12 13:43:08,283 INFO  CreateClassResetClassAdapter - Found static initializer in class org/bouncycastle/crypto/params/DSAPublicKeyParameters
2024-11-12 13:43:08,284 INFO  EvoClassLoader - Seeing class for first time: org.bouncycastle.crypto.params.DSAKeyParameters
2024-11-12 13:43:08,284 INFO  EvoClassLoader - Instrumenting class 'org.bouncycastle.crypto.params.DSAKeyParameters'.
2024-11-12 13:43:08,284 INFO  MethodCallReplacementClassAdapter - Adding mock interface to class org/bouncycastle/crypto/params/DSAKeyParameters
2024-11-12 13:43:08,284 INFO  CreateClassResetClassAdapter - Creating brand-new static initializer in class org/bouncycastle/crypto/params/DSAKeyParameters
2024-11-12 13:43:08,284 INFO  EvoClassLoader - Keeping class: org.bouncycastle.crypto.params.DSAKeyParameters
2024-11-12 13:43:08,284 INFO  EvoClassLoader - Keeping class: org.bouncycastle.crypto.params.DSAPublicKeyParameters
2024-11-12 13:43:08,284 INFO  EvoClassLoader - Seeing class for first time: org.bouncycastle.crypto.params.DSAPrivateKeyParameters
2024-11-12 13:43:08,284 INFO  EvoClassLoader - Instrumenting class 'org.bouncycastle.crypto.params.DSAPrivateKeyParameters'.
2024-11-12 13:43:08,285 INFO  MethodCallReplacementClassAdapter - Adding mock interface to class org/bouncycastle/crypto/params/DSAPrivateKeyParameters
2024-11-12 13:43:08,285 INFO  CreateClassResetClassAdapter - Creating brand-new static initializer in class org/bouncycastle/crypto/params/DSAPrivateKeyParameters
2024-11-12 13:43:08,285 INFO  EvoClassLoader - Keeping class: org.bouncycastle.crypto.params.DSAPrivateKeyParameters
2024-11-12 13:43:08,285 INFO  EvoClassLoader - Seeing class for first time: org.bouncycastle.jcajce.provider.asymmetric.dsa.KeyFactorySpi$1
2024-11-12 13:43:08,285 INFO  EvoClassLoader - Instrumenting class 'org.bouncycastle.jcajce.provider.asymmetric.dsa.KeyFactorySpi$1'.
2024-11-12 13:43:08,285 INFO  MethodCallReplacementClassAdapter - Adding mock interface to class org/bouncycastle/jcajce/provider/asymmetric/dsa/KeyFactorySpi$1
2024-11-12 13:43:08,285 INFO  EvoClassLoader - Keeping class: org.bouncycastle.jcajce.provider.asymmetric.dsa.KeyFactorySpi$1
2024-11-12 13:43:08,286 INFO  EvoClassLoader - Seeing class for first time: org.bouncycastle.asn1.x9.X9ObjectIdentifiers
2024-11-12 13:43:08,286 INFO  EvoClassLoader - Instrumenting class 'org.bouncycastle.asn1.x9.X9ObjectIdentifiers'.
2024-11-12 13:43:08,286 INFO  EvoClassLoader - Defined package (3): package org.bouncycastle.asn1.x9, 1905444234
2024-11-12 13:43:08,286 INFO  EvoClassLoader - Keeping class: org.bouncycastle.asn1.x9.X9ObjectIdentifiers
2024-11-12 13:43:08,286 INFO  EvoClassLoader - Seeing class for first time: org.bouncycastle.jcajce.provider.asymmetric.dsa.DSAUtil
2024-11-12 13:43:08,287 INFO  EvoClassLoader - Instrumenting class 'org.bouncycastle.jcajce.provider.asymmetric.dsa.DSAUtil'.
2024-11-12 13:43:08,287 INFO  MethodCallReplacementClassAdapter - Adding mock interface to class org/bouncycastle/jcajce/provider/asymmetric/dsa/DSAUtil
2024-11-12 13:43:08,287 INFO  CreateClassResetClassAdapter - Found static initializer in class org/bouncycastle/jcajce/provider/asymmetric/dsa/DSAUtil
2024-11-12 13:43:08,287 INFO  EvoClassLoader - Keeping class: org.bouncycastle.jcajce.provider.asymmetric.dsa.DSAUtil
2024-11-12 13:43:08,288 INFO  EvoClassLoader - Seeing class for first time: org.bouncycastle.crypto.params.DSAParameters
2024-11-12 13:43:08,288 INFO  EvoClassLoader - Instrumenting class 'org.bouncycastle.crypto.params.DSAParameters'.
2024-11-12 13:43:08,288 INFO  MethodCallReplacementClassAdapter - Adding mock interface to class org/bouncycastle/crypto/params/DSAParameters
2024-11-12 13:43:08,288 INFO  CreateClassResetClassAdapter - Creating brand-new static initializer in class org/bouncycastle/crypto/params/DSAParameters
2024-11-12 13:43:08,288 INFO  EvoClassLoader - Keeping class: org.bouncycastle.crypto.params.DSAParameters
2024-11-12 13:43:08,289 INFO  EvoClassLoader - Seeing class for first time: org.bouncycastle.jcajce.provider.asymmetric.DH$Mappings
2024-11-12 13:43:08,289 INFO  EvoClassLoader - Instrumenting class 'org.bouncycastle.jcajce.provider.asymmetric.DH$Mappings'.
2024-11-12 13:43:08,290 INFO  MethodCallReplacementClassAdapter - Adding mock interface to class org/bouncycastle/jcajce/provider/asymmetric/DH$Mappings
2024-11-12 13:43:08,290 INFO  CreateClassResetClassAdapter - Creating brand-new static initializer in class org/bouncycastle/jcajce/provider/asymmetric/DH$Mappings
2024-11-12 13:43:08,290 INFO  EvoClassLoader - Keeping class: org.bouncycastle.jcajce.provider.asymmetric.DH$Mappings
2024-11-12 13:43:08,290 INFO  EvoClassLoader - Seeing class for first time: org.bouncycastle.jcajce.provider.asymmetric.DH
2024-11-12 13:43:08,290 INFO  EvoClassLoader - Instrumenting class 'org.bouncycastle.jcajce.provider.asymmetric.DH'.
2024-11-12 13:43:08,290 INFO  MethodCallReplacementClassAdapter - Adding mock interface to class org/bouncycastle/jcajce/provider/asymmetric/DH
2024-11-12 13:43:08,290 INFO  CreateClassResetClassAdapter - Found static initializer in class org/bouncycastle/jcajce/provider/asymmetric/DH
2024-11-12 13:43:08,291 INFO  EvoClassLoader - Keeping class: org.bouncycastle.jcajce.provider.asymmetric.DH
2024-11-12 13:43:08,291 INFO  EvoClassLoader - Seeing class for first time: org.bouncycastle.jcajce.provider.asymmetric.dh.KeyFactorySpi
2024-11-12 13:43:08,291 INFO  EvoClassLoader - Instrumenting class 'org.bouncycastle.jcajce.provider.asymmetric.dh.KeyFactorySpi'.
2024-11-12 13:43:08,291 INFO  MethodCallReplacementClassAdapter - Adding mock interface to class org/bouncycastle/jcajce/provider/asymmetric/dh/KeyFactorySpi
2024-11-12 13:43:08,292 INFO  CreateClassResetClassAdapter - Creating brand-new static initializer in class org/bouncycastle/jcajce/provider/asymmetric/dh/KeyFactorySpi
2024-11-12 13:43:08,292 INFO  EvoClassLoader - Defined package (3): package org.bouncycastle.jcajce.provider.asymmetric.dh, 616444377
2024-11-12 13:43:08,292 INFO  EvoClassLoader - Keeping class: org.bouncycastle.jcajce.provider.asymmetric.dh.KeyFactorySpi
2024-11-12 13:43:08,292 INFO  EvoClassLoader - Seeing class for first time: org.bouncycastle.jcajce.provider.asymmetric.util.ExtendedInvalidKeySpecException
2024-11-12 13:43:08,292 INFO  EvoClassLoader - Instrumenting class 'org.bouncycastle.jcajce.provider.asymmetric.util.ExtendedInvalidKeySpecException'.
2024-11-12 13:43:08,292 INFO  MethodCallReplacementClassAdapter - Adding mock interface to class org/bouncycastle/jcajce/provider/asymmetric/util/ExtendedInvalidKeySpecException
2024-11-12 13:43:08,292 INFO  CreateClassResetClassAdapter - Creating brand-new static initializer in class org/bouncycastle/jcajce/provider/asymmetric/util/ExtendedInvalidKeySpecException
2024-11-12 13:43:08,292 INFO  EvoClassLoader - Keeping class: org.bouncycastle.jcajce.provider.asymmetric.util.ExtendedInvalidKeySpecException
2024-11-12 13:43:08,292 INFO  EvoClassLoader - Seeing class for first time: org.bouncycastle.jcajce.provider.asymmetric.EC$Mappings
2024-11-12 13:43:08,292 INFO  EvoClassLoader - Instrumenting class 'org.bouncycastle.jcajce.provider.asymmetric.EC$Mappings'.
2024-11-12 13:43:08,293 INFO  MethodCallReplacementClassAdapter - Adding mock interface to class org/bouncycastle/jcajce/provider/asymmetric/EC$Mappings
2024-11-12 13:43:08,293 INFO  CreateClassResetClassAdapter - Creating brand-new static initializer in class org/bouncycastle/jcajce/provider/asymmetric/EC$Mappings
2024-11-12 13:43:08,294 INFO  EvoClassLoader - Keeping class: org.bouncycastle.jcajce.provider.asymmetric.EC$Mappings
2024-11-12 13:43:08,294 INFO  EvoClassLoader - Seeing class for first time: org.bouncycastle.jcajce.provider.asymmetric.EC
2024-11-12 13:43:08,294 INFO  EvoClassLoader - Instrumenting class 'org.bouncycastle.jcajce.provider.asymmetric.EC'.
2024-11-12 13:43:08,294 INFO  MethodCallReplacementClassAdapter - Adding mock interface to class org/bouncycastle/jcajce/provider/asymmetric/EC
2024-11-12 13:43:08,294 INFO  CreateClassResetClassAdapter - Found static initializer in class org/bouncycastle/jcajce/provider/asymmetric/EC
2024-11-12 13:43:08,294 INFO  EvoClassLoader - Keeping class: org.bouncycastle.jcajce.provider.asymmetric.EC
2024-11-12 13:43:08,295 INFO  EvoClassLoader - Seeing class for first time: org.bouncycastle.asn1.sec.SECObjectIdentifiers
2024-11-12 13:43:08,295 INFO  EvoClassLoader - Instrumenting class 'org.bouncycastle.asn1.sec.SECObjectIdentifiers'.
2024-11-12 13:43:08,296 INFO  EvoClassLoader - Defined package (3): package org.bouncycastle.asn1.sec, -1060774232
2024-11-12 13:43:08,296 INFO  EvoClassLoader - Keeping class: org.bouncycastle.asn1.sec.SECObjectIdentifiers
2024-11-12 13:43:08,296 INFO  EvoClassLoader - Seeing class for first time: org.bouncycastle.internal.asn1.bsi.BSIObjectIdentifiers
2024-11-12 13:43:08,296 INFO  EvoClassLoader - Instrumenting class 'org.bouncycastle.internal.asn1.bsi.BSIObjectIdentifiers'.
2024-11-12 13:43:08,296 INFO  EvoClassLoader - Defined package (3): package org.bouncycastle.internal.asn1.bsi, 1621976448
2024-11-12 13:43:08,296 INFO  EvoClassLoader - Keeping class: org.bouncycastle.internal.asn1.bsi.BSIObjectIdentifiers
2024-11-12 13:43:08,296 INFO  EvoClassLoader - Seeing class for first time: org.bouncycastle.jcajce.provider.asymmetric.ec.KeyFactorySpi
2024-11-12 13:43:08,296 INFO  EvoClassLoader - Instrumenting class 'org.bouncycastle.jcajce.provider.asymmetric.ec.KeyFactorySpi'.
2024-11-12 13:43:08,297 INFO  MethodCallReplacementClassAdapter - Adding mock interface to class org/bouncycastle/jcajce/provider/asymmetric/ec/KeyFactorySpi
2024-11-12 13:43:08,298 INFO  CreateClassResetClassAdapter - Creating brand-new static initializer in class org/bouncycastle/jcajce/provider/asymmetric/ec/KeyFactorySpi
2024-11-12 13:43:08,298 INFO  EvoClassLoader - Defined package (3): package org.bouncycastle.jcajce.provider.asymmetric.ec, 616444403
2024-11-12 13:43:08,299 INFO  EvoClassLoader - Keeping class: org.bouncycastle.jcajce.provider.asymmetric.ec.KeyFactorySpi
2024-11-12 13:43:08,299 INFO  EvoClassLoader - Seeing class for first time: org.bouncycastle.crypto.params.ECPublicKeyParameters
2024-11-12 13:43:08,299 INFO  EvoClassLoader - Instrumenting class 'org.bouncycastle.crypto.params.ECPublicKeyParameters'.
2024-11-12 13:43:08,300 INFO  MethodCallReplacementClassAdapter - Adding mock interface to class org/bouncycastle/crypto/params/ECPublicKeyParameters
2024-11-12 13:43:08,300 INFO  CreateClassResetClassAdapter - Creating brand-new static initializer in class org/bouncycastle/crypto/params/ECPublicKeyParameters
2024-11-12 13:43:08,300 INFO  EvoClassLoader - Seeing class for first time: org.bouncycastle.crypto.params.ECKeyParameters
2024-11-12 13:43:08,300 INFO  EvoClassLoader - Instrumenting class 'org.bouncycastle.crypto.params.ECKeyParameters'.
2024-11-12 13:43:08,300 INFO  MethodCallReplacementClassAdapter - Adding mock interface to class org/bouncycastle/crypto/params/ECKeyParameters
2024-11-12 13:43:08,301 INFO  CreateClassResetClassAdapter - Creating brand-new static initializer in class org/bouncycastle/crypto/params/ECKeyParameters
2024-11-12 13:43:08,301 INFO  EvoClassLoader - Keeping class: org.bouncycastle.crypto.params.ECKeyParameters
2024-11-12 13:43:08,301 INFO  EvoClassLoader - Keeping class: org.bouncycastle.crypto.params.ECPublicKeyParameters
2024-11-12 13:43:08,301 INFO  EvoClassLoader - Seeing class for first time: org.bouncycastle.jcajce.provider.asymmetric.ec.KeyFactorySpi$EC
2024-11-12 13:43:08,301 INFO  EvoClassLoader - Instrumenting class 'org.bouncycastle.jcajce.provider.asymmetric.ec.KeyFactorySpi$EC'.
2024-11-12 13:43:08,301 INFO  MethodCallReplacementClassAdapter - Adding mock interface to class org/bouncycastle/jcajce/provider/asymmetric/ec/KeyFactorySpi$EC
2024-11-12 13:43:08,301 INFO  CreateClassResetClassAdapter - Creating brand-new static initializer in class org/bouncycastle/jcajce/provider/asymmetric/ec/KeyFactorySpi$EC
2024-11-12 13:43:08,301 INFO  EvoClassLoader - Keeping class: org.bouncycastle.jcajce.provider.asymmetric.ec.KeyFactorySpi$EC
2024-11-12 13:43:08,301 INFO  EvoClassLoader - Seeing class for first time: org.bouncycastle.jcajce.provider.asymmetric.ec.KeyFactorySpi$ECMQV
2024-11-12 13:43:08,301 INFO  EvoClassLoader - Instrumenting class 'org.bouncycastle.jcajce.provider.asymmetric.ec.KeyFactorySpi$ECMQV'.
2024-11-12 13:43:08,302 INFO  MethodCallReplacementClassAdapter - Adding mock interface to class org/bouncycastle/jcajce/provider/asymmetric/ec/KeyFactorySpi$ECMQV
2024-11-12 13:43:08,302 INFO  CreateClassResetClassAdapter - Creating brand-new static initializer in class org/bouncycastle/jcajce/provider/asymmetric/ec/KeyFactorySpi$ECMQV
2024-11-12 13:43:08,302 INFO  EvoClassLoader - Keeping class: org.bouncycastle.jcajce.provider.asymmetric.ec.KeyFactorySpi$ECMQV
2024-11-12 13:43:08,302 INFO  EvoClassLoader - Seeing class for first time: org.bouncycastle.jcajce.provider.asymmetric.ec.KeyFactorySpi$ECDH
2024-11-12 13:43:08,302 INFO  EvoClassLoader - Instrumenting class 'org.bouncycastle.jcajce.provider.asymmetric.ec.KeyFactorySpi$ECDH'.
2024-11-12 13:43:08,302 INFO  MethodCallReplacementClassAdapter - Adding mock interface to class org/bouncycastle/jcajce/provider/asymmetric/ec/KeyFactorySpi$ECDH
2024-11-12 13:43:08,302 INFO  CreateClassResetClassAdapter - Creating brand-new static initializer in class org/bouncycastle/jcajce/provider/asymmetric/ec/KeyFactorySpi$ECDH
2024-11-12 13:43:08,302 INFO  EvoClassLoader - Keeping class: org.bouncycastle.jcajce.provider.asymmetric.ec.KeyFactorySpi$ECDH
2024-11-12 13:43:08,302 INFO  EvoClassLoader - Seeing class for first time: org.bouncycastle.jcajce.provider.asymmetric.ec.KeyFactorySpi$ECDHC
2024-11-12 13:43:08,302 INFO  EvoClassLoader - Instrumenting class 'org.bouncycastle.jcajce.provider.asymmetric.ec.KeyFactorySpi$ECDHC'.
2024-11-12 13:43:08,302 INFO  MethodCallReplacementClassAdapter - Adding mock interface to class org/bouncycastle/jcajce/provider/asymmetric/ec/KeyFactorySpi$ECDHC
2024-11-12 13:43:08,302 INFO  CreateClassResetClassAdapter - Creating brand-new static initializer in class org/bouncycastle/jcajce/provider/asymmetric/ec/KeyFactorySpi$ECDHC
2024-11-12 13:43:08,302 INFO  EvoClassLoader - Keeping class: org.bouncycastle.jcajce.provider.asymmetric.ec.KeyFactorySpi$ECDHC
2024-11-12 13:43:08,302 INFO  EvoClassLoader - Seeing class for first time: org.bouncycastle.jcajce.provider.asymmetric.ec.KeyFactorySpi$ECDSA
2024-11-12 13:43:08,302 INFO  EvoClassLoader - Instrumenting class 'org.bouncycastle.jcajce.provider.asymmetric.ec.KeyFactorySpi$ECDSA'.
2024-11-12 13:43:08,303 INFO  MethodCallReplacementClassAdapter - Adding mock interface to class org/bouncycastle/jcajce/provider/asymmetric/ec/KeyFactorySpi$ECDSA
2024-11-12 13:43:08,303 INFO  CreateClassResetClassAdapter - Creating brand-new static initializer in class org/bouncycastle/jcajce/provider/asymmetric/ec/KeyFactorySpi$ECDSA
2024-11-12 13:43:08,303 INFO  EvoClassLoader - Keeping class: org.bouncycastle.jcajce.provider.asymmetric.ec.KeyFactorySpi$ECDSA
2024-11-12 13:43:08,303 INFO  EvoClassLoader - Seeing class for first time: org.bouncycastle.jcajce.provider.asymmetric.ec.KeyFactorySpi$ECGOST3410
2024-11-12 13:43:08,303 INFO  EvoClassLoader - Instrumenting class 'org.bouncycastle.jcajce.provider.asymmetric.ec.KeyFactorySpi$ECGOST3410'.
2024-11-12 13:43:08,304 INFO  MethodCallReplacementClassAdapter - Adding mock interface to class org/bouncycastle/jcajce/provider/asymmetric/ec/KeyFactorySpi$ECGOST3410
2024-11-12 13:43:08,304 INFO  CreateClassResetClassAdapter - Creating brand-new static initializer in class org/bouncycastle/jcajce/provider/asymmetric/ec/KeyFactorySpi$ECGOST3410
2024-11-12 13:43:08,304 INFO  EvoClassLoader - Keeping class: org.bouncycastle.jcajce.provider.asymmetric.ec.KeyFactorySpi$ECGOST3410
2024-11-12 13:43:08,304 INFO  EvoClassLoader - Seeing class for first time: org.bouncycastle.jcajce.provider.asymmetric.ec.KeyFactorySpi$ECGOST3410_2012
2024-11-12 13:43:08,304 INFO  EvoClassLoader - Instrumenting class 'org.bouncycastle.jcajce.provider.asymmetric.ec.KeyFactorySpi$ECGOST3410_2012'.
2024-11-12 13:43:08,304 INFO  MethodCallReplacementClassAdapter - Adding mock interface to class org/bouncycastle/jcajce/provider/asymmetric/ec/KeyFactorySpi$ECGOST3410_2012
2024-11-12 13:43:08,304 INFO  CreateClassResetClassAdapter - Creating brand-new static initializer in class org/bouncycastle/jcajce/provider/asymmetric/ec/KeyFactorySpi$ECGOST3410_2012
2024-11-12 13:43:08,304 INFO  EvoClassLoader - Keeping class: org.bouncycastle.jcajce.provider.asymmetric.ec.KeyFactorySpi$ECGOST3410_2012
2024-11-12 13:43:08,304 INFO  EvoClassLoader - Seeing class for first time: org.bouncycastle.util.Properties
2024-11-12 13:43:08,304 INFO  EvoClassLoader - Instrumenting class 'org.bouncycastle.util.Properties'.
2024-11-12 13:43:08,305 INFO  MethodCallReplacementClassAdapter - Adding mock interface to class org/bouncycastle/util/Properties
2024-11-12 13:43:08,305 INFO  CreateClassResetClassAdapter - Found static initializer in class org/bouncycastle/util/Properties
2024-11-12 13:43:08,306 INFO  EvoClassLoader - Keeping class: org.bouncycastle.util.Properties
2024-11-12 13:43:08,306 INFO  EvoClassLoader - Seeing class for first time: org.bouncycastle.util.Properties$1
2024-11-12 13:43:08,306 INFO  EvoClassLoader - Instrumenting class 'org.bouncycastle.util.Properties$1'.
2024-11-12 13:43:08,307 INFO  MethodCallReplacementClassAdapter - Adding mock interface to class org/bouncycastle/util/Properties$1
2024-11-12 13:43:08,307 INFO  EvoClassLoader - Keeping class: org.bouncycastle.util.Properties$1
2024-11-12 13:43:08,307 INFO  EvoClassLoader - Seeing class for first time: org.bouncycastle.util.Properties$2
2024-11-12 13:43:08,307 INFO  EvoClassLoader - Instrumenting class 'org.bouncycastle.util.Properties$2'.
2024-11-12 13:43:08,307 INFO  MethodCallReplacementClassAdapter - Adding mock interface to class org/bouncycastle/util/Properties$2
2024-11-12 13:43:08,308 INFO  EvoClassLoader - Keeping class: org.bouncycastle.util.Properties$2
2024-11-12 13:43:08,308 INFO  EvoClassLoader - Seeing class for first time: org.bouncycastle.internal.asn1.cms.CMSObjectIdentifiers
2024-11-12 13:43:08,308 INFO  EvoClassLoader - Instrumenting class 'org.bouncycastle.internal.asn1.cms.CMSObjectIdentifiers'.
2024-11-12 13:43:08,308 INFO  EvoClassLoader - Defined package (3): package org.bouncycastle.internal.asn1.cms, 1621977233
2024-11-12 13:43:08,308 INFO  EvoClassLoader - Keeping class: org.bouncycastle.internal.asn1.cms.CMSObjectIdentifiers
2024-11-12 13:43:08,308 INFO  EvoClassLoader - Seeing class for first time: org.bouncycastle.internal.asn1.eac.EACObjectIdentifiers
2024-11-12 13:43:08,308 INFO  EvoClassLoader - Instrumenting class 'org.bouncycastle.internal.asn1.eac.EACObjectIdentifiers'.
2024-11-12 13:43:08,308 INFO  EvoClassLoader - Defined package (3): package org.bouncycastle.internal.asn1.eac, 1621978767
2024-11-12 13:43:08,308 INFO  EvoClassLoader - Keeping class: org.bouncycastle.internal.asn1.eac.EACObjectIdentifiers
2024-11-12 13:43:08,308 INFO  EvoClassLoader - Seeing class for first time: org.bouncycastle.jcajce.provider.asymmetric.RSA$Mappings
2024-11-12 13:43:08,308 INFO  EvoClassLoader - Instrumenting class 'org.bouncycastle.jcajce.provider.asymmetric.RSA$Mappings'.
2024-11-12 13:43:08,309 INFO  MethodCallReplacementClassAdapter - Adding mock interface to class org/bouncycastle/jcajce/provider/asymmetric/RSA$Mappings
2024-11-12 13:43:08,309 INFO  CreateClassResetClassAdapter - Creating brand-new static initializer in class org/bouncycastle/jcajce/provider/asymmetric/RSA$Mappings
2024-11-12 13:43:08,309 INFO  EvoClassLoader - Keeping class: org.bouncycastle.jcajce.provider.asymmetric.RSA$Mappings
2024-11-12 13:43:08,309 INFO  EvoClassLoader - Seeing class for first time: org.bouncycastle.jcajce.provider.asymmetric.RSA
2024-11-12 13:43:08,309 INFO  EvoClassLoader - Instrumenting class 'org.bouncycastle.jcajce.provider.asymmetric.RSA'.
2024-11-12 13:43:08,310 INFO  MethodCallReplacementClassAdapter - Adding mock interface to class org/bouncycastle/jcajce/provider/asymmetric/RSA
2024-11-12 13:43:08,310 INFO  CreateClassResetClassAdapter - Found static initializer in class org/bouncycastle/jcajce/provider/asymmetric/RSA
2024-11-12 13:43:08,310 INFO  EvoClassLoader - Keeping class: org.bouncycastle.jcajce.provider.asymmetric.RSA
2024-11-12 13:43:08,311 INFO  EvoClassLoader - Seeing class for first time: org.bouncycastle.asn1.x509.X509ObjectIdentifiers
2024-11-12 13:43:08,311 INFO  EvoClassLoader - Instrumenting class 'org.bouncycastle.asn1.x509.X509ObjectIdentifiers'.
2024-11-12 13:43:08,312 INFO  EvoClassLoader - Keeping class: org.bouncycastle.asn1.x509.X509ObjectIdentifiers
2024-11-12 13:43:08,312 INFO  EvoClassLoader - Seeing class for first time: org.bouncycastle.jcajce.provider.asymmetric.rsa.KeyFactorySpi
2024-11-12 13:43:08,312 INFO  EvoClassLoader - Instrumenting class 'org.bouncycastle.jcajce.provider.asymmetric.rsa.KeyFactorySpi'.
2024-11-12 13:43:08,312 INFO  MethodCallReplacementClassAdapter - Adding mock interface to class org/bouncycastle/jcajce/provider/asymmetric/rsa/KeyFactorySpi
2024-11-12 13:43:08,313 INFO  CreateClassResetClassAdapter - Creating brand-new static initializer in class org/bouncycastle/jcajce/provider/asymmetric/rsa/KeyFactorySpi
2024-11-12 13:43:08,313 INFO  EvoClassLoader - Defined package (3): package org.bouncycastle.jcajce.provider.asymmetric.rsa, 1929920395
2024-11-12 13:43:08,313 INFO  EvoClassLoader - Keeping class: org.bouncycastle.jcajce.provider.asymmetric.rsa.KeyFactorySpi
2024-11-12 13:43:08,313 INFO  EvoClassLoader - Seeing class for first time: org.bouncycastle.crypto.params.RSAKeyParameters
2024-11-12 13:43:08,313 INFO  EvoClassLoader - Instrumenting class 'org.bouncycastle.crypto.params.RSAKeyParameters'.
2024-11-12 13:43:08,313 INFO  MethodCallReplacementClassAdapter - Adding mock interface to class org/bouncycastle/crypto/params/RSAKeyParameters
2024-11-12 13:43:08,314 INFO  CreateClassResetClassAdapter - Found static initializer in class org/bouncycastle/crypto/params/RSAKeyParameters
2024-11-12 13:43:08,314 INFO  EvoClassLoader - Keeping class: org.bouncycastle.crypto.params.RSAKeyParameters
2024-11-12 13:43:08,314 INFO  EvoClassLoader - Seeing class for first time: org.bouncycastle.crypto.params.RSAPrivateCrtKeyParameters
2024-11-12 13:43:08,314 INFO  EvoClassLoader - Instrumenting class 'org.bouncycastle.crypto.params.RSAPrivateCrtKeyParameters'.
2024-11-12 13:43:08,314 INFO  MethodCallReplacementClassAdapter - Adding mock interface to class org/bouncycastle/crypto/params/RSAPrivateCrtKeyParameters
2024-11-12 13:43:08,314 INFO  CreateClassResetClassAdapter - Creating brand-new static initializer in class org/bouncycastle/crypto/params/RSAPrivateCrtKeyParameters
2024-11-12 13:43:08,314 INFO  EvoClassLoader - Keeping class: org.bouncycastle.crypto.params.RSAPrivateCrtKeyParameters
2024-11-12 13:43:08,314 INFO  EvoClassLoader - Seeing class for first time: org.bouncycastle.jcajce.provider.asymmetric.GOST$Mappings
2024-11-12 13:43:08,314 INFO  EvoClassLoader - Instrumenting class 'org.bouncycastle.jcajce.provider.asymmetric.GOST$Mappings'.
2024-11-12 13:43:08,314 INFO  MethodCallReplacementClassAdapter - Adding mock interface to class org/bouncycastle/jcajce/provider/asymmetric/GOST$Mappings
2024-11-12 13:43:08,314 INFO  CreateClassResetClassAdapter - Creating brand-new static initializer in class org/bouncycastle/jcajce/provider/asymmetric/GOST$Mappings
2024-11-12 13:43:08,315 INFO  EvoClassLoader - Keeping class: org.bouncycastle.jcajce.provider.asymmetric.GOST$Mappings
2024-11-12 13:43:08,315 INFO  EvoClassLoader - Seeing class for first time: org.bouncycastle.jcajce.provider.asymmetric.GOST
2024-11-12 13:43:08,315 INFO  EvoClassLoader - Instrumenting class 'org.bouncycastle.jcajce.provider.asymmetric.GOST'.
2024-11-12 13:43:08,315 INFO  MethodCallReplacementClassAdapter - Adding mock interface to class org/bouncycastle/jcajce/provider/asymmetric/GOST
2024-11-12 13:43:08,315 INFO  CreateClassResetClassAdapter - Creating brand-new static initializer in class org/bouncycastle/jcajce/provider/asymmetric/GOST
2024-11-12 13:43:08,315 INFO  CreateClassResetClassAdapter - Adding bytecode for initializing field PREFIX
2024-11-12 13:43:08,315 INFO  EvoClassLoader - Keeping class: org.bouncycastle.jcajce.provider.asymmetric.GOST
2024-11-12 13:43:08,315 INFO  EvoClassLoader - Seeing class for first time: org.bouncycastle.jcajce.provider.asymmetric.gost.KeyFactorySpi
2024-11-12 13:43:08,315 INFO  EvoClassLoader - Instrumenting class 'org.bouncycastle.jcajce.provider.asymmetric.gost.KeyFactorySpi'.
2024-11-12 13:43:08,315 INFO  MethodCallReplacementClassAdapter - Adding mock interface to class org/bouncycastle/jcajce/provider/asymmetric/gost/KeyFactorySpi
2024-11-12 13:43:08,316 INFO  CreateClassResetClassAdapter - Creating brand-new static initializer in class org/bouncycastle/jcajce/provider/asymmetric/gost/KeyFactorySpi
2024-11-12 13:43:08,316 INFO  EvoClassLoader - Defined package (3): package org.bouncycastle.jcajce.provider.asymmetric.gost, -302340770
2024-11-12 13:43:08,317 INFO  EvoClassLoader - Keeping class: org.bouncycastle.jcajce.provider.asymmetric.gost.KeyFactorySpi
2024-11-12 13:43:08,317 INFO  EvoClassLoader - Seeing class for first time: org.bouncycastle.jcajce.provider.asymmetric.ECGOST$Mappings
2024-11-12 13:43:08,317 INFO  EvoClassLoader - Instrumenting class 'org.bouncycastle.jcajce.provider.asymmetric.ECGOST$Mappings'.
2024-11-12 13:43:08,317 INFO  MethodCallReplacementClassAdapter - Adding mock interface to class org/bouncycastle/jcajce/provider/asymmetric/ECGOST$Mappings
2024-11-12 13:43:08,317 INFO  CreateClassResetClassAdapter - Creating brand-new static initializer in class org/bouncycastle/jcajce/provider/asymmetric/ECGOST$Mappings
2024-11-12 13:43:08,318 INFO  EvoClassLoader - Keeping class: org.bouncycastle.jcajce.provider.asymmetric.ECGOST$Mappings
2024-11-12 13:43:08,318 INFO  EvoClassLoader - Seeing class for first time: org.bouncycastle.jcajce.provider.asymmetric.ECGOST
2024-11-12 13:43:08,318 INFO  EvoClassLoader - Instrumenting class 'org.bouncycastle.jcajce.provider.asymmetric.ECGOST'.
2024-11-12 13:43:08,318 INFO  MethodCallReplacementClassAdapter - Adding mock interface to class org/bouncycastle/jcajce/provider/asymmetric/ECGOST
2024-11-12 13:43:08,318 INFO  CreateClassResetClassAdapter - Creating brand-new static initializer in class org/bouncycastle/jcajce/provider/asymmetric/ECGOST
2024-11-12 13:43:08,318 INFO  CreateClassResetClassAdapter - Adding bytecode for initializing field PREFIX_COMMON
2024-11-12 13:43:08,318 INFO  CreateClassResetClassAdapter - Adding bytecode for initializing field PREFIX
2024-11-12 13:43:08,318 INFO  CreateClassResetClassAdapter - Adding bytecode for initializing field PREFIX_GOST_2012
2024-11-12 13:43:08,318 INFO  EvoClassLoader - Keeping class: org.bouncycastle.jcajce.provider.asymmetric.ECGOST
2024-11-12 13:43:08,319 INFO  EvoClassLoader - Seeing class for first time: org.bouncycastle.jcajce.provider.asymmetric.ecgost.KeyFactorySpi
2024-11-12 13:43:08,319 INFO  EvoClassLoader - Instrumenting class 'org.bouncycastle.jcajce.provider.asymmetric.ecgost.KeyFactorySpi'.
2024-11-12 13:43:08,319 INFO  MethodCallReplacementClassAdapter - Adding mock interface to class org/bouncycastle/jcajce/provider/asymmetric/ecgost/KeyFactorySpi
2024-11-12 13:43:08,320 INFO  CreateClassResetClassAdapter - Creating brand-new static initializer in class org/bouncycastle/jcajce/provider/asymmetric/ecgost/KeyFactorySpi
2024-11-12 13:43:08,320 INFO  EvoClassLoader - Defined package (3): package org.bouncycastle.jcajce.provider.asymmetric.ecgost, 1439596988
2024-11-12 13:43:08,320 INFO  EvoClassLoader - Keeping class: org.bouncycastle.jcajce.provider.asymmetric.ecgost.KeyFactorySpi
2024-11-12 13:43:08,320 INFO  EvoClassLoader - Seeing class for first time: org.bouncycastle.jcajce.provider.asymmetric.ecgost12.KeyFactorySpi
2024-11-12 13:43:08,320 INFO  EvoClassLoader - Instrumenting class 'org.bouncycastle.jcajce.provider.asymmetric.ecgost12.KeyFactorySpi'.
2024-11-12 13:43:08,320 INFO  MethodCallReplacementClassAdapter - Adding mock interface to class org/bouncycastle/jcajce/provider/asymmetric/ecgost12/KeyFactorySpi
2024-11-12 13:43:08,321 INFO  CreateClassResetClassAdapter - Creating brand-new static initializer in class org/bouncycastle/jcajce/provider/asymmetric/ecgost12/KeyFactorySpi
2024-11-12 13:43:08,321 INFO  EvoClassLoader - Defined package (3): package org.bouncycastle.jcajce.provider.asymmetric.ecgost12, 473237725
2024-11-12 13:43:08,321 INFO  EvoClassLoader - Keeping class: org.bouncycastle.jcajce.provider.asymmetric.ecgost12.KeyFactorySpi
2024-11-12 13:43:08,321 INFO  EvoClassLoader - Seeing class for first time: org.bouncycastle.jcajce.provider.asymmetric.ElGamal$Mappings
2024-11-12 13:43:08,321 INFO  EvoClassLoader - Instrumenting class 'org.bouncycastle.jcajce.provider.asymmetric.ElGamal$Mappings'.
2024-11-12 13:43:08,321 INFO  MethodCallReplacementClassAdapter - Adding mock interface to class org/bouncycastle/jcajce/provider/asymmetric/ElGamal$Mappings
2024-11-12 13:43:08,321 INFO  CreateClassResetClassAdapter - Creating brand-new static initializer in class org/bouncycastle/jcajce/provider/asymmetric/ElGamal$Mappings
2024-11-12 13:43:08,321 INFO  EvoClassLoader - Keeping class: org.bouncycastle.jcajce.provider.asymmetric.ElGamal$Mappings
2024-11-12 13:43:08,321 INFO  EvoClassLoader - Seeing class for first time: org.bouncycastle.jcajce.provider.asymmetric.ElGamal
2024-11-12 13:43:08,321 INFO  EvoClassLoader - Instrumenting class 'org.bouncycastle.jcajce.provider.asymmetric.ElGamal'.
2024-11-12 13:43:08,322 INFO  MethodCallReplacementClassAdapter - Adding mock interface to class org/bouncycastle/jcajce/provider/asymmetric/ElGamal
2024-11-12 13:43:08,322 INFO  CreateClassResetClassAdapter - Creating brand-new static initializer in class org/bouncycastle/jcajce/provider/asymmetric/ElGamal
2024-11-12 13:43:08,322 INFO  CreateClassResetClassAdapter - Adding bytecode for initializing field PREFIX
2024-11-12 13:43:08,322 INFO  EvoClassLoader - Keeping class: org.bouncycastle.jcajce.provider.asymmetric.ElGamal
2024-11-12 13:43:08,322 INFO  EvoClassLoader - Seeing class for first time: org.bouncycastle.jcajce.provider.asymmetric.elgamal.KeyFactorySpi
2024-11-12 13:43:08,322 INFO  EvoClassLoader - Instrumenting class 'org.bouncycastle.jcajce.provider.asymmetric.elgamal.KeyFactorySpi'.
2024-11-12 13:43:08,322 INFO  MethodCallReplacementClassAdapter - Adding mock interface to class org/bouncycastle/jcajce/provider/asymmetric/elgamal/KeyFactorySpi
2024-11-12 13:43:08,322 INFO  CreateClassResetClassAdapter - Creating brand-new static initializer in class org/bouncycastle/jcajce/provider/asymmetric/elgamal/KeyFactorySpi
2024-11-12 13:43:08,322 INFO  EvoClassLoader - Defined package (3): package org.bouncycastle.jcajce.provider.asymmetric.elgamal, 1935072706
2024-11-12 13:43:08,323 INFO  EvoClassLoader - Keeping class: org.bouncycastle.jcajce.provider.asymmetric.elgamal.KeyFactorySpi
2024-11-12 13:43:08,323 INFO  EvoClassLoader - Seeing class for first time: org.bouncycastle.jcajce.provider.asymmetric.DSTU4145$Mappings
2024-11-12 13:43:08,323 INFO  EvoClassLoader - Instrumenting class 'org.bouncycastle.jcajce.provider.asymmetric.DSTU4145$Mappings'.
2024-11-12 13:43:08,323 INFO  MethodCallReplacementClassAdapter - Adding mock interface to class org/bouncycastle/jcajce/provider/asymmetric/DSTU4145$Mappings
2024-11-12 13:43:08,323 INFO  CreateClassResetClassAdapter - Creating brand-new static initializer in class org/bouncycastle/jcajce/provider/asymmetric/DSTU4145$Mappings
2024-11-12 13:43:08,323 INFO  EvoClassLoader - Keeping class: org.bouncycastle.jcajce.provider.asymmetric.DSTU4145$Mappings
2024-11-12 13:43:08,323 INFO  EvoClassLoader - Seeing class for first time: org.bouncycastle.jcajce.provider.asymmetric.DSTU4145
2024-11-12 13:43:08,323 INFO  EvoClassLoader - Instrumenting class 'org.bouncycastle.jcajce.provider.asymmetric.DSTU4145'.
2024-11-12 13:43:08,323 INFO  MethodCallReplacementClassAdapter - Adding mock interface to class org/bouncycastle/jcajce/provider/asymmetric/DSTU4145
2024-11-12 13:43:08,323 INFO  CreateClassResetClassAdapter - Creating brand-new static initializer in class org/bouncycastle/jcajce/provider/asymmetric/DSTU4145
2024-11-12 13:43:08,323 INFO  CreateClassResetClassAdapter - Adding bytecode for initializing field PREFIX
2024-11-12 13:43:08,323 INFO  EvoClassLoader - Keeping class: org.bouncycastle.jcajce.provider.asymmetric.DSTU4145
2024-11-12 13:43:08,324 INFO  EvoClassLoader - Seeing class for first time: org.bouncycastle.jcajce.provider.asymmetric.dstu.KeyFactorySpi
2024-11-12 13:43:08,324 INFO  EvoClassLoader - Instrumenting class 'org.bouncycastle.jcajce.provider.asymmetric.dstu.KeyFactorySpi'.
2024-11-12 13:43:08,324 INFO  MethodCallReplacementClassAdapter - Adding mock interface to class org/bouncycastle/jcajce/provider/asymmetric/dstu/KeyFactorySpi
2024-11-12 13:43:08,324 INFO  CreateClassResetClassAdapter - Creating brand-new static initializer in class org/bouncycastle/jcajce/provider/asymmetric/dstu/KeyFactorySpi
2024-11-12 13:43:08,324 INFO  EvoClassLoader - Defined package (3): package org.bouncycastle.jcajce.provider.asymmetric.dstu, -302426267
2024-11-12 13:43:08,324 INFO  EvoClassLoader - Keeping class: org.bouncycastle.jcajce.provider.asymmetric.dstu.KeyFactorySpi
2024-11-12 13:43:08,324 INFO  EvoClassLoader - Seeing class for first time: org.bouncycastle.jcajce.provider.asymmetric.GM$Mappings
2024-11-12 13:43:08,324 INFO  EvoClassLoader - Instrumenting class 'org.bouncycastle.jcajce.provider.asymmetric.GM$Mappings'.
2024-11-12 13:43:08,325 INFO  MethodCallReplacementClassAdapter - Adding mock interface to class org/bouncycastle/jcajce/provider/asymmetric/GM$Mappings
2024-11-12 13:43:08,325 INFO  CreateClassResetClassAdapter - Creating brand-new static initializer in class org/bouncycastle/jcajce/provider/asymmetric/GM$Mappings
2024-11-12 13:43:08,325 INFO  EvoClassLoader - Keeping class: org.bouncycastle.jcajce.provider.asymmetric.GM$Mappings
2024-11-12 13:43:08,325 INFO  EvoClassLoader - Seeing class for first time: org.bouncycastle.jcajce.provider.asymmetric.GM
2024-11-12 13:43:08,325 INFO  EvoClassLoader - Instrumenting class 'org.bouncycastle.jcajce.provider.asymmetric.GM'.
2024-11-12 13:43:08,325 INFO  MethodCallReplacementClassAdapter - Adding mock interface to class org/bouncycastle/jcajce/provider/asymmetric/GM
2024-11-12 13:43:08,325 INFO  CreateClassResetClassAdapter - Found static initializer in class org/bouncycastle/jcajce/provider/asymmetric/GM
2024-11-12 13:43:08,325 INFO  EvoClassLoader - Keeping class: org.bouncycastle.jcajce.provider.asymmetric.GM
2024-11-12 13:43:08,325 INFO  EvoClassLoader - Seeing class for first time: org.bouncycastle.jcajce.provider.asymmetric.EdEC$Mappings
2024-11-12 13:43:08,325 INFO  EvoClassLoader - Instrumenting class 'org.bouncycastle.jcajce.provider.asymmetric.EdEC$Mappings'.
2024-11-12 13:43:08,326 INFO  MethodCallReplacementClassAdapter - Adding mock interface to class org/bouncycastle/jcajce/provider/asymmetric/EdEC$Mappings
2024-11-12 13:43:08,326 INFO  CreateClassResetClassAdapter - Creating brand-new static initializer in class org/bouncycastle/jcajce/provider/asymmetric/EdEC$Mappings
2024-11-12 13:43:08,326 INFO  EvoClassLoader - Keeping class: org.bouncycastle.jcajce.provider.asymmetric.EdEC$Mappings
2024-11-12 13:43:08,326 INFO  EvoClassLoader - Seeing class for first time: org.bouncycastle.jcajce.provider.asymmetric.EdEC
2024-11-12 13:43:08,326 INFO  EvoClassLoader - Instrumenting class 'org.bouncycastle.jcajce.provider.asymmetric.EdEC'.
2024-11-12 13:43:08,326 INFO  MethodCallReplacementClassAdapter - Adding mock interface to class org/bouncycastle/jcajce/provider/asymmetric/EdEC
2024-11-12 13:43:08,326 INFO  CreateClassResetClassAdapter - Found static initializer in class org/bouncycastle/jcajce/provider/asymmetric/EdEC
2024-11-12 13:43:08,326 INFO  EvoClassLoader - Keeping class: org.bouncycastle.jcajce.provider.asymmetric.EdEC
2024-11-12 13:43:08,326 INFO  EvoClassLoader - Seeing class for first time: org.bouncycastle.asn1.edec.EdECObjectIdentifiers
2024-11-12 13:43:08,326 INFO  EvoClassLoader - Instrumenting class 'org.bouncycastle.asn1.edec.EdECObjectIdentifiers'.
2024-11-12 13:43:08,326 INFO  EvoClassLoader - Defined package (3): package org.bouncycastle.asn1.edec, 1475319302
2024-11-12 13:43:08,326 INFO  EvoClassLoader - Keeping class: org.bouncycastle.asn1.edec.EdECObjectIdentifiers
2024-11-12 13:43:08,326 INFO  EvoClassLoader - Seeing class for first time: org.bouncycastle.util.encoders.HexEncoder
2024-11-12 13:43:08,326 INFO  EvoClassLoader - Instrumenting class 'org.bouncycastle.util.encoders.HexEncoder'.
2024-11-12 13:43:08,327 INFO  MethodCallReplacementClassAdapter - Adding mock interface to class org/bouncycastle/util/encoders/HexEncoder
2024-11-12 13:43:08,328 INFO  CreateClassResetClassAdapter - Creating brand-new static initializer in class org/bouncycastle/util/encoders/HexEncoder
2024-11-12 13:43:08,328 INFO  EvoClassLoader - Defined package (3): package org.bouncycastle.util.encoders, 660182707
2024-11-12 13:43:08,328 INFO  EvoClassLoader - Seeing class for first time: org.bouncycastle.util.encoders.Encoder
2024-11-12 13:43:08,328 INFO  EvoClassLoader - Instrumenting class 'org.bouncycastle.util.encoders.Encoder'.
2024-11-12 13:43:08,328 INFO  EvoClassLoader - Keeping class: org.bouncycastle.util.encoders.Encoder
2024-11-12 13:43:08,328 INFO  EvoClassLoader - Keeping class: org.bouncycastle.util.encoders.HexEncoder
2024-11-12 13:43:08,328 INFO  EvoClassLoader - Seeing class for first time: org.bouncycastle.util.encoders.Hex
2024-11-12 13:43:08,328 INFO  EvoClassLoader - Instrumenting class 'org.bouncycastle.util.encoders.Hex'.
2024-11-12 13:43:08,329 INFO  MethodCallReplacementClassAdapter - Adding mock interface to class org/bouncycastle/util/encoders/Hex
2024-11-12 13:43:08,329 INFO  CreateClassResetClassAdapter - Found static initializer in class org/bouncycastle/util/encoders/Hex
2024-11-12 13:43:08,329 INFO  EvoClassLoader - Keeping class: org.bouncycastle.util.encoders.Hex
2024-11-12 13:43:08,329 INFO  EvoClassLoader - Seeing class for first time: org.bouncycastle.util.encoders.EncoderException
2024-11-12 13:43:08,329 INFO  EvoClassLoader - Instrumenting class 'org.bouncycastle.util.encoders.EncoderException'.
2024-11-12 13:43:08,329 INFO  MethodCallReplacementClassAdapter - Adding mock interface to class org/bouncycastle/util/encoders/EncoderException
2024-11-12 13:43:08,329 INFO  CreateClassResetClassAdapter - Creating brand-new static initializer in class org/bouncycastle/util/encoders/EncoderException
2024-11-12 13:43:08,329 INFO  EvoClassLoader - Keeping class: org.bouncycastle.util.encoders.EncoderException
2024-11-12 13:43:08,329 INFO  EvoClassLoader - Seeing class for first time: org.bouncycastle.util.encoders.DecoderException
2024-11-12 13:43:08,329 INFO  EvoClassLoader - Instrumenting class 'org.bouncycastle.util.encoders.DecoderException'.
2024-11-12 13:43:08,329 INFO  MethodCallReplacementClassAdapter - Adding mock interface to class org/bouncycastle/util/encoders/DecoderException
2024-11-12 13:43:08,329 INFO  CreateClassResetClassAdapter - Creating brand-new static initializer in class org/bouncycastle/util/encoders/DecoderException
2024-11-12 13:43:08,330 INFO  EvoClassLoader - Keeping class: org.bouncycastle.util.encoders.DecoderException
2024-11-12 13:43:08,330 INFO  EvoClassLoader - Seeing class for first time: org.bouncycastle.jcajce.provider.asymmetric.edec.KeyFactorySpi
2024-11-12 13:43:08,330 INFO  EvoClassLoader - Instrumenting class 'org.bouncycastle.jcajce.provider.asymmetric.edec.KeyFactorySpi'.
2024-11-12 13:43:08,330 INFO  MethodCallReplacementClassAdapter - Adding mock interface to class org/bouncycastle/jcajce/provider/asymmetric/edec/KeyFactorySpi
2024-11-12 13:43:08,332 INFO  CreateClassResetClassAdapter - Found static initializer in class org/bouncycastle/jcajce/provider/asymmetric/edec/KeyFactorySpi
2024-11-12 13:43:08,332 INFO  EvoClassLoader - Defined package (3): package org.bouncycastle.jcajce.provider.asymmetric.edec, -302411374
2024-11-12 13:43:08,333 INFO  EvoClassLoader - Keeping class: org.bouncycastle.jcajce.provider.asymmetric.edec.KeyFactorySpi
2024-11-12 13:43:08,333 INFO  EvoClassLoader - Seeing class for first time: org.bouncycastle.crypto.params.Ed25519PrivateKeyParameters
2024-11-12 13:43:08,333 INFO  EvoClassLoader - Instrumenting class 'org.bouncycastle.crypto.params.Ed25519PrivateKeyParameters'.
2024-11-12 13:43:08,333 INFO  MethodCallReplacementClassAdapter - Adding mock interface to class org/bouncycastle/crypto/params/Ed25519PrivateKeyParameters
2024-11-12 13:43:08,334 INFO  CreateClassResetClassAdapter - Creating brand-new static initializer in class org/bouncycastle/crypto/params/Ed25519PrivateKeyParameters
2024-11-12 13:43:08,334 INFO  CreateClassResetClassAdapter - Adding bytecode for initializing field KEY_SIZE
2024-11-12 13:43:08,334 INFO  CreateClassResetClassAdapter - Adding bytecode for initializing field SIGNATURE_SIZE
2024-11-12 13:43:08,334 INFO  EvoClassLoader - Keeping class: org.bouncycastle.crypto.params.Ed25519PrivateKeyParameters
2024-11-12 13:43:08,334 INFO  EvoClassLoader - Seeing class for first time: org.bouncycastle.crypto.params.Ed25519PublicKeyParameters
2024-11-12 13:43:08,334 INFO  EvoClassLoader - Instrumenting class 'org.bouncycastle.crypto.params.Ed25519PublicKeyParameters'.
2024-11-12 13:43:08,334 INFO  MethodCallReplacementClassAdapter - Adding mock interface to class org/bouncycastle/crypto/params/Ed25519PublicKeyParameters
2024-11-12 13:43:08,335 INFO  CreateClassResetClassAdapter - Creating brand-new static initializer in class org/bouncycastle/crypto/params/Ed25519PublicKeyParameters
2024-11-12 13:43:08,335 INFO  CreateClassResetClassAdapter - Adding bytecode for initializing field KEY_SIZE
2024-11-12 13:43:08,335 INFO  EvoClassLoader - Keeping class: org.bouncycastle.crypto.params.Ed25519PublicKeyParameters
2024-11-12 13:43:08,335 INFO  EvoClassLoader - Seeing class for first time: org.bouncycastle.crypto.params.X448PublicKeyParameters
2024-11-12 13:43:08,335 INFO  EvoClassLoader - Instrumenting class 'org.bouncycastle.crypto.params.X448PublicKeyParameters'.
2024-11-12 13:43:08,335 INFO  MethodCallReplacementClassAdapter - Adding mock interface to class org/bouncycastle/crypto/params/X448PublicKeyParameters
2024-11-12 13:43:08,336 INFO  CreateClassResetClassAdapter - Creating brand-new static initializer in class org/bouncycastle/crypto/params/X448PublicKeyParameters
2024-11-12 13:43:08,336 INFO  CreateClassResetClassAdapter - Adding bytecode for initializing field KEY_SIZE
2024-11-12 13:43:08,336 INFO  EvoClassLoader - Keeping class: org.bouncycastle.crypto.params.X448PublicKeyParameters
2024-11-12 13:43:08,336 INFO  EvoClassLoader - Seeing class for first time: org.bouncycastle.crypto.params.X25519PublicKeyParameters
2024-11-12 13:43:08,336 INFO  EvoClassLoader - Instrumenting class 'org.bouncycastle.crypto.params.X25519PublicKeyParameters'.
2024-11-12 13:43:08,337 INFO  MethodCallReplacementClassAdapter - Adding mock interface to class org/bouncycastle/crypto/params/X25519PublicKeyParameters
2024-11-12 13:43:08,337 INFO  CreateClassResetClassAdapter - Creating brand-new static initializer in class org/bouncycastle/crypto/params/X25519PublicKeyParameters
2024-11-12 13:43:08,337 INFO  CreateClassResetClassAdapter - Adding bytecode for initializing field KEY_SIZE
2024-11-12 13:43:08,338 INFO  EvoClassLoader - Keeping class: org.bouncycastle.crypto.params.X25519PublicKeyParameters
2024-11-12 13:43:08,338 INFO  EvoClassLoader - Seeing class for first time: org.bouncycastle.crypto.params.Ed448PublicKeyParameters
2024-11-12 13:43:08,338 INFO  EvoClassLoader - Instrumenting class 'org.bouncycastle.crypto.params.Ed448PublicKeyParameters'.
2024-11-12 13:43:08,338 INFO  MethodCallReplacementClassAdapter - Adding mock interface to class org/bouncycastle/crypto/params/Ed448PublicKeyParameters
2024-11-12 13:43:08,338 INFO  CreateClassResetClassAdapter - Creating brand-new static initializer in class org/bouncycastle/crypto/params/Ed448PublicKeyParameters
2024-11-12 13:43:08,338 INFO  CreateClassResetClassAdapter - Adding bytecode for initializing field KEY_SIZE
2024-11-12 13:43:08,339 INFO  EvoClassLoader - Keeping class: org.bouncycastle.crypto.params.Ed448PublicKeyParameters
2024-11-12 13:43:08,339 INFO  EvoClassLoader - Seeing class for first time: org.bouncycastle.jcajce.provider.asymmetric.edec.KeyFactorySpi$X448
2024-11-12 13:43:08,339 INFO  EvoClassLoader - Instrumenting class 'org.bouncycastle.jcajce.provider.asymmetric.edec.KeyFactorySpi$X448'.
2024-11-12 13:43:08,340 INFO  MethodCallReplacementClassAdapter - Adding mock interface to class org/bouncycastle/jcajce/provider/asymmetric/edec/KeyFactorySpi$X448
2024-11-12 13:43:08,340 INFO  CreateClassResetClassAdapter - Creating brand-new static initializer in class org/bouncycastle/jcajce/provider/asymmetric/edec/KeyFactorySpi$X448
2024-11-12 13:43:08,340 INFO  EvoClassLoader - Keeping class: org.bouncycastle.jcajce.provider.asymmetric.edec.KeyFactorySpi$X448
2024-11-12 13:43:08,340 INFO  EvoClassLoader - Seeing class for first time: org.bouncycastle.jcajce.provider.asymmetric.edec.KeyFactorySpi$Ed25519
2024-11-12 13:43:08,340 INFO  EvoClassLoader - Instrumenting class 'org.bouncycastle.jcajce.provider.asymmetric.edec.KeyFactorySpi$Ed25519'.
2024-11-12 13:43:08,340 INFO  MethodCallReplacementClassAdapter - Adding mock interface to class org/bouncycastle/jcajce/provider/asymmetric/edec/KeyFactorySpi$Ed25519
2024-11-12 13:43:08,340 INFO  CreateClassResetClassAdapter - Creating brand-new static initializer in class org/bouncycastle/jcajce/provider/asymmetric/edec/KeyFactorySpi$Ed25519
2024-11-12 13:43:08,340 INFO  EvoClassLoader - Keeping class: org.bouncycastle.jcajce.provider.asymmetric.edec.KeyFactorySpi$Ed25519
2024-11-12 13:43:08,340 INFO  EvoClassLoader - Seeing class for first time: org.bouncycastle.jcajce.provider.asymmetric.edec.KeyFactorySpi$Ed448
2024-11-12 13:43:08,340 INFO  EvoClassLoader - Instrumenting class 'org.bouncycastle.jcajce.provider.asymmetric.edec.KeyFactorySpi$Ed448'.
2024-11-12 13:43:08,341 INFO  MethodCallReplacementClassAdapter - Adding mock interface to class org/bouncycastle/jcajce/provider/asymmetric/edec/KeyFactorySpi$Ed448
2024-11-12 13:43:08,341 INFO  CreateClassResetClassAdapter - Creating brand-new static initializer in class org/bouncycastle/jcajce/provider/asymmetric/edec/KeyFactorySpi$Ed448
2024-11-12 13:43:08,341 INFO  EvoClassLoader - Keeping class: org.bouncycastle.jcajce.provider.asymmetric.edec.KeyFactorySpi$Ed448
2024-11-12 13:43:08,341 INFO  EvoClassLoader - Seeing class for first time: org.bouncycastle.jcajce.provider.asymmetric.edec.KeyFactorySpi$EdDSA
2024-11-12 13:43:08,341 INFO  EvoClassLoader - Instrumenting class 'org.bouncycastle.jcajce.provider.asymmetric.edec.KeyFactorySpi$EdDSA'.
2024-11-12 13:43:08,341 INFO  MethodCallReplacementClassAdapter - Adding mock interface to class org/bouncycastle/jcajce/provider/asymmetric/edec/KeyFactorySpi$EdDSA
2024-11-12 13:43:08,342 INFO  CreateClassResetClassAdapter - Creating brand-new static initializer in class org/bouncycastle/jcajce/provider/asymmetric/edec/KeyFactorySpi$EdDSA
2024-11-12 13:43:08,342 INFO  EvoClassLoader - Keeping class: org.bouncycastle.jcajce.provider.asymmetric.edec.KeyFactorySpi$EdDSA
2024-11-12 13:43:08,342 INFO  EvoClassLoader - Seeing class for first time: org.bouncycastle.jcajce.provider.asymmetric.edec.KeyFactorySpi$X25519
2024-11-12 13:43:08,342 INFO  EvoClassLoader - Instrumenting class 'org.bouncycastle.jcajce.provider.asymmetric.edec.KeyFactorySpi$X25519'.
2024-11-12 13:43:08,342 INFO  MethodCallReplacementClassAdapter - Adding mock interface to class org/bouncycastle/jcajce/provider/asymmetric/edec/KeyFactorySpi$X25519
2024-11-12 13:43:08,342 INFO  CreateClassResetClassAdapter - Creating brand-new static initializer in class org/bouncycastle/jcajce/provider/asymmetric/edec/KeyFactorySpi$X25519
2024-11-12 13:43:08,342 INFO  EvoClassLoader - Keeping class: org.bouncycastle.jcajce.provider.asymmetric.edec.KeyFactorySpi$X25519
2024-11-12 13:43:08,343 INFO  EvoClassLoader - Seeing class for first time: org.bouncycastle.jcajce.provider.keystore.BC$Mappings
2024-11-12 13:43:08,343 INFO  EvoClassLoader - Instrumenting class 'org.bouncycastle.jcajce.provider.keystore.BC$Mappings'.
2024-11-12 13:43:08,343 INFO  MethodCallReplacementClassAdapter - Adding mock interface to class org/bouncycastle/jcajce/provider/keystore/BC$Mappings
2024-11-12 13:43:08,343 INFO  CreateClassResetClassAdapter - Creating brand-new static initializer in class org/bouncycastle/jcajce/provider/keystore/BC$Mappings
2024-11-12 13:43:08,343 INFO  EvoClassLoader - Defined package (3): package org.bouncycastle.jcajce.provider.keystore, 1042109285
2024-11-12 13:43:08,343 INFO  EvoClassLoader - Keeping class: org.bouncycastle.jcajce.provider.keystore.BC$Mappings
2024-11-12 13:43:08,343 INFO  EvoClassLoader - Seeing class for first time: org.bouncycastle.jcajce.provider.keystore.BC
2024-11-12 13:43:08,343 INFO  EvoClassLoader - Instrumenting class 'org.bouncycastle.jcajce.provider.keystore.BC'.
2024-11-12 13:43:08,344 INFO  MethodCallReplacementClassAdapter - Adding mock interface to class org/bouncycastle/jcajce/provider/keystore/BC
2024-11-12 13:43:08,344 INFO  CreateClassResetClassAdapter - Creating brand-new static initializer in class org/bouncycastle/jcajce/provider/keystore/BC
2024-11-12 13:43:08,344 INFO  CreateClassResetClassAdapter - Adding bytecode for initializing field PREFIX
2024-11-12 13:43:08,344 INFO  EvoClassLoader - Keeping class: org.bouncycastle.jcajce.provider.keystore.BC
2024-11-12 13:43:08,344 INFO  EvoClassLoader - Seeing class for first time: org.bouncycastle.jcajce.provider.keystore.BCFKS$Mappings
2024-11-12 13:43:08,344 INFO  EvoClassLoader - Instrumenting class 'org.bouncycastle.jcajce.provider.keystore.BCFKS$Mappings'.
2024-11-12 13:43:08,344 INFO  MethodCallReplacementClassAdapter - Adding mock interface to class org/bouncycastle/jcajce/provider/keystore/BCFKS$Mappings
2024-11-12 13:43:08,344 INFO  CreateClassResetClassAdapter - Creating brand-new static initializer in class org/bouncycastle/jcajce/provider/keystore/BCFKS$Mappings
2024-11-12 13:43:08,345 INFO  EvoClassLoader - Keeping class: org.bouncycastle.jcajce.provider.keystore.BCFKS$Mappings
2024-11-12 13:43:08,345 INFO  EvoClassLoader - Seeing class for first time: org.bouncycastle.jcajce.provider.keystore.BCFKS
2024-11-12 13:43:08,345 INFO  EvoClassLoader - Instrumenting class 'org.bouncycastle.jcajce.provider.keystore.BCFKS'.
2024-11-12 13:43:08,345 INFO  MethodCallReplacementClassAdapter - Adding mock interface to class org/bouncycastle/jcajce/provider/keystore/BCFKS
2024-11-12 13:43:08,345 INFO  CreateClassResetClassAdapter - Creating brand-new static initializer in class org/bouncycastle/jcajce/provider/keystore/BCFKS
2024-11-12 13:43:08,345 INFO  CreateClassResetClassAdapter - Adding bytecode for initializing field PREFIX
2024-11-12 13:43:08,345 INFO  EvoClassLoader - Keeping class: org.bouncycastle.jcajce.provider.keystore.BCFKS
2024-11-12 13:43:08,345 INFO  EvoClassLoader - Seeing class for first time: org.bouncycastle.jcajce.provider.keystore.PKCS12$Mappings
2024-11-12 13:43:08,345 INFO  EvoClassLoader - Instrumenting class 'org.bouncycastle.jcajce.provider.keystore.PKCS12$Mappings'.
2024-11-12 13:43:08,345 INFO  MethodCallReplacementClassAdapter - Adding mock interface to class org/bouncycastle/jcajce/provider/keystore/PKCS12$Mappings
2024-11-12 13:43:08,345 INFO  CreateClassResetClassAdapter - Creating brand-new static initializer in class org/bouncycastle/jcajce/provider/keystore/PKCS12$Mappings
2024-11-12 13:43:08,345 INFO  EvoClassLoader - Keeping class: org.bouncycastle.jcajce.provider.keystore.PKCS12$Mappings
2024-11-12 13:43:08,346 INFO  EvoClassLoader - Seeing class for first time: org.bouncycastle.jcajce.provider.keystore.PKCS12
2024-11-12 13:43:08,346 INFO  EvoClassLoader - Instrumenting class 'org.bouncycastle.jcajce.provider.keystore.PKCS12'.
2024-11-12 13:43:08,346 INFO  MethodCallReplacementClassAdapter - Adding mock interface to class org/bouncycastle/jcajce/provider/keystore/PKCS12
2024-11-12 13:43:08,346 INFO  CreateClassResetClassAdapter - Creating brand-new static initializer in class org/bouncycastle/jcajce/provider/keystore/PKCS12
2024-11-12 13:43:08,346 INFO  CreateClassResetClassAdapter - Adding bytecode for initializing field PREFIX
2024-11-12 13:43:08,346 INFO  EvoClassLoader - Keeping class: org.bouncycastle.jcajce.provider.keystore.PKCS12
2024-11-12 13:43:08,346 INFO  EvoClassLoader - Seeing class for first time: org.bouncycastle.jcajce.provider.drbg.DRBG$Mappings
2024-11-12 13:43:08,346 INFO  EvoClassLoader - Instrumenting class 'org.bouncycastle.jcajce.provider.drbg.DRBG$Mappings'.
2024-11-12 13:43:08,346 INFO  MethodCallReplacementClassAdapter - Adding mock interface to class org/bouncycastle/jcajce/provider/drbg/DRBG$Mappings
2024-11-12 13:43:08,346 INFO  CreateClassResetClassAdapter - Creating brand-new static initializer in class org/bouncycastle/jcajce/provider/drbg/DRBG$Mappings
2024-11-12 13:43:08,346 INFO  EvoClassLoader - Defined package (3): package org.bouncycastle.jcajce.provider.drbg, 684276822
2024-11-12 13:43:08,346 INFO  EvoClassLoader - Keeping class: org.bouncycastle.jcajce.provider.drbg.DRBG$Mappings
2024-11-12 13:43:08,346 INFO  EvoClassLoader - Seeing class for first time: org.bouncycastle.jcajce.provider.drbg.DRBG
2024-11-12 13:43:08,346 INFO  EvoClassLoader - Instrumenting class 'org.bouncycastle.jcajce.provider.drbg.DRBG'.
2024-11-12 13:43:08,347 INFO  MethodCallReplacementClassAdapter - Adding mock interface to class org/bouncycastle/jcajce/provider/drbg/DRBG
2024-11-12 13:43:08,347 INFO  CreateClassResetClassAdapter - Found static initializer in class org/bouncycastle/jcajce/provider/drbg/DRBG
2024-11-12 13:43:08,348 INFO  EvoClassLoader - Keeping class: org.bouncycastle.jcajce.provider.drbg.DRBG
2024-11-12 13:43:08,348 INFO  EvoClassLoader - Seeing class for first time: org.bouncycastle.jcajce.provider.drbg.DRBG$CoreSecureRandom
2024-11-12 13:43:08,348 INFO  EvoClassLoader - Instrumenting class 'org.bouncycastle.jcajce.provider.drbg.DRBG$CoreSecureRandom'.
2024-11-12 13:43:08,348 INFO  MethodCallReplacementClassAdapter - Adding mock interface to class org/bouncycastle/jcajce/provider/drbg/DRBG$CoreSecureRandom
2024-11-12 13:43:08,348 INFO  CreateClassResetClassAdapter - Creating brand-new static initializer in class org/bouncycastle/jcajce/provider/drbg/DRBG$CoreSecureRandom
2024-11-12 13:43:08,348 INFO  EvoClassLoader - Keeping class: org.bouncycastle.jcajce.provider.drbg.DRBG$CoreSecureRandom
2024-11-12 13:43:08,348 INFO  EvoClassLoader - Seeing class for first time: org.bouncycastle.jcajce.provider.drbg.DRBG$Default
2024-11-12 13:43:08,348 INFO  EvoClassLoader - Instrumenting class 'org.bouncycastle.jcajce.provider.drbg.DRBG$Default'.
2024-11-12 13:43:08,348 INFO  MethodCallReplacementClassAdapter - Adding mock interface to class org/bouncycastle/jcajce/provider/drbg/DRBG$Default
2024-11-12 13:43:08,348 INFO  CreateClassResetClassAdapter - Found static initializer in class org/bouncycastle/jcajce/provider/drbg/DRBG$Default
2024-11-12 13:43:08,348 INFO  EvoClassLoader - Keeping class: org.bouncycastle.jcajce.provider.drbg.DRBG$Default
2024-11-12 13:43:08,348 INFO  EvoClassLoader - Seeing class for first time: org.bouncycastle.jcajce.provider.drbg.DRBG$HybridRandomProvider
2024-11-12 13:43:08,348 INFO  EvoClassLoader - Instrumenting class 'org.bouncycastle.jcajce.provider.drbg.DRBG$HybridRandomProvider'.
2024-11-12 13:43:08,348 INFO  MethodCallReplacementClassAdapter - Adding mock interface to class org/bouncycastle/jcajce/provider/drbg/DRBG$HybridRandomProvider
2024-11-12 13:43:08,349 INFO  CreateClassResetClassAdapter - Creating brand-new static initializer in class org/bouncycastle/jcajce/provider/drbg/DRBG$HybridRandomProvider
2024-11-12 13:43:08,349 INFO  EvoClassLoader - Keeping class: org.bouncycastle.jcajce.provider.drbg.DRBG$HybridRandomProvider
2024-11-12 13:43:08,349 INFO  EvoClassLoader - Seeing class for first time: org.bouncycastle.jcajce.provider.drbg.DRBG$HybridSecureRandom
2024-11-12 13:43:08,349 INFO  EvoClassLoader - Instrumenting class 'org.bouncycastle.jcajce.provider.drbg.DRBG$HybridSecureRandom'.
2024-11-12 13:43:08,349 INFO  MethodCallReplacementClassAdapter - Adding mock interface to class org/bouncycastle/jcajce/provider/drbg/DRBG$HybridSecureRandom
2024-11-12 13:43:08,349 INFO  CreateClassResetClassAdapter - Creating brand-new static initializer in class org/bouncycastle/jcajce/provider/drbg/DRBG$HybridSecureRandom
2024-11-12 13:43:08,350 INFO  EvoClassLoader - Keeping class: org.bouncycastle.jcajce.provider.drbg.DRBG$HybridSecureRandom
2024-11-12 13:43:08,350 INFO  EvoClassLoader - Seeing class for first time: org.bouncycastle.jcajce.provider.drbg.DRBG$URLSeededSecureRandom
2024-11-12 13:43:08,350 INFO  EvoClassLoader - Instrumenting class 'org.bouncycastle.jcajce.provider.drbg.DRBG$URLSeededSecureRandom'.
2024-11-12 13:43:08,351 INFO  MethodCallReplacementClassAdapter - Adding mock interface to class org/bouncycastle/jcajce/provider/drbg/DRBG$URLSeededSecureRandom
2024-11-12 13:43:08,351 INFO  CreateClassResetClassAdapter - Creating brand-new static initializer in class org/bouncycastle/jcajce/provider/drbg/DRBG$URLSeededSecureRandom
2024-11-12 13:43:08,351 INFO  EvoClassLoader - Keeping class: org.bouncycastle.jcajce.provider.drbg.DRBG$URLSeededSecureRandom
2024-11-12 13:43:08,351 INFO  EvoClassLoader - Seeing class for first time: org.bouncycastle.crypto.Digest
2024-11-12 13:43:08,351 INFO  EvoClassLoader - Instrumenting class 'org.bouncycastle.crypto.Digest'.
2024-11-12 13:43:08,351 INFO  EvoClassLoader - Keeping class: org.bouncycastle.crypto.Digest
2024-11-12 13:43:08,351 INFO  EvoClassLoader - Seeing class for first time: org.bouncycastle.crypto.prng.SP800SecureRandom
2024-11-12 13:43:08,351 INFO  EvoClassLoader - Instrumenting class 'org.bouncycastle.crypto.prng.SP800SecureRandom'.
2024-11-12 13:43:08,352 INFO  MethodCallReplacementClassAdapter - Adding mock interface to class org/bouncycastle/crypto/prng/SP800SecureRandom
2024-11-12 13:43:08,352 INFO  CreateClassResetClassAdapter - Creating brand-new static initializer in class org/bouncycastle/crypto/prng/SP800SecureRandom
2024-11-12 13:43:08,352 INFO  EvoClassLoader - Defined package (3): package org.bouncycastle.crypto.prng, -1001526344
2024-11-12 13:43:08,352 INFO  EvoClassLoader - Keeping class: org.bouncycastle.crypto.prng.SP800SecureRandom
2024-11-12 13:43:08,352 INFO  EvoClassLoader - Seeing class for first time: org.bouncycastle.crypto.prng.EntropySourceProvider
2024-11-12 13:43:08,352 INFO  EvoClassLoader - Instrumenting class 'org.bouncycastle.crypto.prng.EntropySourceProvider'.
2024-11-12 13:43:08,353 INFO  EvoClassLoader - Keeping class: org.bouncycastle.crypto.prng.EntropySourceProvider
2024-11-12 13:43:08,353 INFO  EvoClassLoader - Seeing class for first time: org.bouncycastle.pqc.asn1.PQCObjectIdentifiers
2024-11-12 13:43:08,353 INFO  EvoClassLoader - Instrumenting class 'org.bouncycastle.pqc.asn1.PQCObjectIdentifiers'.
2024-11-12 13:43:08,353 INFO  EvoClassLoader - Defined package (3): package org.bouncycastle.pqc.asn1, 1515365297
2024-11-12 13:43:08,353 INFO  EvoClassLoader - Keeping class: org.bouncycastle.pqc.asn1.PQCObjectIdentifiers
2024-11-12 13:43:08,353 INFO  EvoClassLoader - Seeing class for first time: org.bouncycastle.pqc.jcajce.provider.sphincs.Sphincs256KeyFactorySpi
2024-11-12 13:43:08,353 INFO  EvoClassLoader - Instrumenting class 'org.bouncycastle.pqc.jcajce.provider.sphincs.Sphincs256KeyFactorySpi'.
2024-11-12 13:43:08,354 INFO  MethodCallReplacementClassAdapter - Adding mock interface to class org/bouncycastle/pqc/jcajce/provider/sphincs/Sphincs256KeyFactorySpi
2024-11-12 13:43:08,354 INFO  CreateClassResetClassAdapter - Creating brand-new static initializer in class org/bouncycastle/pqc/jcajce/provider/sphincs/Sphincs256KeyFactorySpi
2024-11-12 13:43:08,354 INFO  EvoClassLoader - Defined package (3): package org.bouncycastle.pqc.jcajce.provider.sphincs, 2031649585
2024-11-12 13:43:08,354 INFO  EvoClassLoader - Keeping class: org.bouncycastle.pqc.jcajce.provider.sphincs.Sphincs256KeyFactorySpi
2024-11-12 13:43:08,354 INFO  EvoClassLoader - Seeing class for first time: org.bouncycastle.pqc.jcajce.provider.newhope.NHKeyFactorySpi
2024-11-12 13:43:08,354 INFO  EvoClassLoader - Instrumenting class 'org.bouncycastle.pqc.jcajce.provider.newhope.NHKeyFactorySpi'.
2024-11-12 13:43:08,354 INFO  MethodCallReplacementClassAdapter - Adding mock interface to class org/bouncycastle/pqc/jcajce/provider/newhope/NHKeyFactorySpi
2024-11-12 13:43:08,354 INFO  CreateClassResetClassAdapter - Creating brand-new static initializer in class org/bouncycastle/pqc/jcajce/provider/newhope/NHKeyFactorySpi
2024-11-12 13:43:08,354 INFO  EvoClassLoader - Defined package (3): package org.bouncycastle.pqc.jcajce.provider.newhope, 1588002189
2024-11-12 13:43:08,354 INFO  EvoClassLoader - Keeping class: org.bouncycastle.pqc.jcajce.provider.newhope.NHKeyFactorySpi
2024-11-12 13:43:08,355 INFO  EvoClassLoader - Seeing class for first time: org.bouncycastle.pqc.jcajce.provider.xmss.XMSSKeyFactorySpi
2024-11-12 13:43:08,355 INFO  EvoClassLoader - Instrumenting class 'org.bouncycastle.pqc.jcajce.provider.xmss.XMSSKeyFactorySpi'.
2024-11-12 13:43:08,355 INFO  MethodCallReplacementClassAdapter - Adding mock interface to class org/bouncycastle/pqc/jcajce/provider/xmss/XMSSKeyFactorySpi
2024-11-12 13:43:08,355 INFO  CreateClassResetClassAdapter - Creating brand-new static initializer in class org/bouncycastle/pqc/jcajce/provider/xmss/XMSSKeyFactorySpi
2024-11-12 13:43:08,355 INFO  EvoClassLoader - Defined package (3): package org.bouncycastle.pqc.jcajce.provider.xmss, -453055740
2024-11-12 13:43:08,355 INFO  EvoClassLoader - Keeping class: org.bouncycastle.pqc.jcajce.provider.xmss.XMSSKeyFactorySpi
2024-11-12 13:43:08,355 INFO  EvoClassLoader - Seeing class for first time: org.bouncycastle.asn1.isara.IsaraObjectIdentifiers
2024-11-12 13:43:08,355 INFO  EvoClassLoader - Instrumenting class 'org.bouncycastle.asn1.isara.IsaraObjectIdentifiers'.
2024-11-12 13:43:08,356 INFO  EvoClassLoader - Defined package (3): package org.bouncycastle.asn1.isara, -1505604227
2024-11-12 13:43:08,356 INFO  EvoClassLoader - Keeping class: org.bouncycastle.asn1.isara.IsaraObjectIdentifiers
2024-11-12 13:43:08,356 INFO  EvoClassLoader - Seeing class for first time: org.bouncycastle.pqc.jcajce.provider.xmss.XMSSMTKeyFactorySpi
2024-11-12 13:43:08,356 INFO  EvoClassLoader - Instrumenting class 'org.bouncycastle.pqc.jcajce.provider.xmss.XMSSMTKeyFactorySpi'.
2024-11-12 13:43:08,356 INFO  MethodCallReplacementClassAdapter - Adding mock interface to class org/bouncycastle/pqc/jcajce/provider/xmss/XMSSMTKeyFactorySpi
2024-11-12 13:43:08,356 INFO  CreateClassResetClassAdapter - Creating brand-new static initializer in class org/bouncycastle/pqc/jcajce/provider/xmss/XMSSMTKeyFactorySpi
2024-11-12 13:43:08,356 INFO  EvoClassLoader - Keeping class: org.bouncycastle.pqc.jcajce.provider.xmss.XMSSMTKeyFactorySpi
2024-11-12 13:43:08,357 INFO  EvoClassLoader - Seeing class for first time: org.bouncycastle.pqc.jcajce.provider.mceliece.McElieceKeyFactorySpi
2024-11-12 13:43:08,357 INFO  EvoClassLoader - Instrumenting class 'org.bouncycastle.pqc.jcajce.provider.mceliece.McElieceKeyFactorySpi'.
2024-11-12 13:43:08,357 INFO  MethodCallReplacementClassAdapter - Adding mock interface to class org/bouncycastle/pqc/jcajce/provider/mceliece/McElieceKeyFactorySpi
2024-11-12 13:43:08,357 INFO  CreateClassResetClassAdapter - Creating brand-new static initializer in class org/bouncycastle/pqc/jcajce/provider/mceliece/McElieceKeyFactorySpi
2024-11-12 13:43:08,357 INFO  CreateClassResetClassAdapter - Adding bytecode for initializing field OID
2024-11-12 13:43:08,357 INFO  EvoClassLoader - Defined package (3): package org.bouncycastle.pqc.jcajce.provider.mceliece, -2046210006
2024-11-12 13:43:08,358 INFO  EvoClassLoader - Keeping class: org.bouncycastle.pqc.jcajce.provider.mceliece.McElieceKeyFactorySpi
2024-11-12 13:43:08,358 INFO  EvoClassLoader - Seeing class for first time: org.bouncycastle.asn1.x509.AlgorithmIdentifier
2024-11-12 13:43:08,358 INFO  EvoClassLoader - Instrumenting class 'org.bouncycastle.asn1.x509.AlgorithmIdentifier'.
2024-11-12 13:43:08,358 INFO  MethodCallReplacementClassAdapter - Adding mock interface to class org/bouncycastle/asn1/x509/AlgorithmIdentifier
2024-11-12 13:43:08,359 INFO  CreateClassResetClassAdapter - Creating brand-new static initializer in class org/bouncycastle/asn1/x509/AlgorithmIdentifier
2024-11-12 13:43:08,359 INFO  EvoClassLoader - Keeping class: org.bouncycastle.asn1.x509.AlgorithmIdentifier
2024-11-12 13:43:08,359 INFO  EvoClassLoader - Seeing class for first time: org.bouncycastle.pqc.jcajce.provider.mceliece.McElieceCCA2KeyFactorySpi
2024-11-12 13:43:08,359 INFO  EvoClassLoader - Instrumenting class 'org.bouncycastle.pqc.jcajce.provider.mceliece.McElieceCCA2KeyFactorySpi'.
2024-11-12 13:43:08,360 INFO  MethodCallReplacementClassAdapter - Adding mock interface to class org/bouncycastle/pqc/jcajce/provider/mceliece/McElieceCCA2KeyFactorySpi
2024-11-12 13:43:08,360 INFO  CreateClassResetClassAdapter - Creating brand-new static initializer in class org/bouncycastle/pqc/jcajce/provider/mceliece/McElieceCCA2KeyFactorySpi
2024-11-12 13:43:08,360 INFO  CreateClassResetClassAdapter - Adding bytecode for initializing field OID
2024-11-12 13:43:08,360 INFO  EvoClassLoader - Keeping class: org.bouncycastle.pqc.jcajce.provider.mceliece.McElieceCCA2KeyFactorySpi
2024-11-12 13:43:08,360 INFO  EvoClassLoader - Seeing class for first time: org.bouncycastle.pqc.jcajce.provider.rainbow.RainbowKeyFactorySpi
2024-11-12 13:43:08,360 INFO  EvoClassLoader - Instrumenting class 'org.bouncycastle.pqc.jcajce.provider.rainbow.RainbowKeyFactorySpi'.
2024-11-12 13:43:08,360 INFO  MethodCallReplacementClassAdapter - Adding mock interface to class org/bouncycastle/pqc/jcajce/provider/rainbow/RainbowKeyFactorySpi
2024-11-12 13:43:08,361 INFO  CreateClassResetClassAdapter - Creating brand-new static initializer in class org/bouncycastle/pqc/jcajce/provider/rainbow/RainbowKeyFactorySpi
2024-11-12 13:43:08,361 INFO  EvoClassLoader - Defined package (3): package org.bouncycastle.pqc.jcajce.provider.rainbow, 715769959
2024-11-12 13:43:08,361 INFO  EvoClassLoader - Keeping class: org.bouncycastle.pqc.jcajce.provider.rainbow.RainbowKeyFactorySpi
2024-11-12 13:43:08,361 INFO  EvoClassLoader - Seeing class for first time: org.bouncycastle.pqc.jcajce.provider.qtesla.QTESLAKeyFactorySpi
2024-11-12 13:43:08,361 INFO  EvoClassLoader - Instrumenting class 'org.bouncycastle.pqc.jcajce.provider.qtesla.QTESLAKeyFactorySpi'.
2024-11-12 13:43:08,361 INFO  MethodCallReplacementClassAdapter - Adding mock interface to class org/bouncycastle/pqc/jcajce/provider/qtesla/QTESLAKeyFactorySpi
2024-11-12 13:43:08,361 INFO  CreateClassResetClassAdapter - Creating brand-new static initializer in class org/bouncycastle/pqc/jcajce/provider/qtesla/QTESLAKeyFactorySpi
2024-11-12 13:43:08,361 INFO  EvoClassLoader - Defined package (3): package org.bouncycastle.pqc.jcajce.provider.qtesla, -1789222283
2024-11-12 13:43:08,361 INFO  EvoClassLoader - Keeping class: org.bouncycastle.pqc.jcajce.provider.qtesla.QTESLAKeyFactorySpi
2024-11-12 13:43:08,361 INFO  EvoClassLoader - Seeing class for first time: org.bouncycastle.pqc.jcajce.provider.lms.LMSKeyFactorySpi
2024-11-12 13:43:08,361 INFO  EvoClassLoader - Instrumenting class 'org.bouncycastle.pqc.jcajce.provider.lms.LMSKeyFactorySpi'.
2024-11-12 13:43:08,362 INFO  MethodCallReplacementClassAdapter - Adding mock interface to class org/bouncycastle/pqc/jcajce/provider/lms/LMSKeyFactorySpi
2024-11-12 13:43:08,362 INFO  CreateClassResetClassAdapter - Creating brand-new static initializer in class org/bouncycastle/pqc/jcajce/provider/lms/LMSKeyFactorySpi
2024-11-12 13:43:08,362 INFO  EvoClassLoader - Defined package (3): package org.bouncycastle.pqc.jcajce.provider.lms, -14626237
2024-11-12 13:43:08,362 INFO  EvoClassLoader - Keeping class: org.bouncycastle.pqc.jcajce.provider.lms.LMSKeyFactorySpi
2024-11-12 13:43:08,363 INFO  EvoClassLoader - Seeing class for first time: org.apache.hadoop.ipc.Server$Call
2024-11-12 13:43:08,363 INFO  EvoClassLoader - Instrumenting class 'org.apache.hadoop.ipc.Server$Call'.
2024-11-12 13:43:08,363 INFO  MethodCallReplacementClassAdapter - Adding mock interface to class org/apache/hadoop/ipc/Server$Call
2024-11-12 13:43:08,364 INFO  CreateClassResetClassAdapter - Found static initializer in class org/apache/hadoop/ipc/Server$Call
2024-11-12 13:43:08,364 INFO  EvoClassLoader - Seeing class for first time: org.apache.hadoop.ipc.Schedulable
2024-11-12 13:43:08,364 INFO  EvoClassLoader - Instrumenting class 'org.apache.hadoop.ipc.Schedulable'.
2024-11-12 13:43:08,365 INFO  EvoClassLoader - Keeping class: org.apache.hadoop.ipc.Schedulable
2024-11-12 13:43:08,365 INFO  EvoClassLoader - Keeping class: org.apache.hadoop.ipc.Server$Call
2024-11-12 13:43:08,365 INFO  EvoClassLoader - Seeing class for first time: org.apache.hadoop.ipc.Server$MetricsUpdateRunner
2024-11-12 13:43:08,365 INFO  EvoClassLoader - Instrumenting class 'org.apache.hadoop.ipc.Server$MetricsUpdateRunner'.
2024-11-12 13:43:08,365 INFO  MethodCallReplacementClassAdapter - Adding mock interface to class org/apache/hadoop/ipc/Server$MetricsUpdateRunner
2024-11-12 13:43:08,366 INFO  CreateClassResetClassAdapter - Creating brand-new static initializer in class org/apache/hadoop/ipc/Server$MetricsUpdateRunner
2024-11-12 13:43:08,366 INFO  EvoClassLoader - Keeping class: org.apache.hadoop.ipc.Server$MetricsUpdateRunner
2024-11-12 13:43:08,366 INFO  EvoClassLoader - Seeing class for first time: org.apache.hadoop.ipc.Server$ConnectionManager
2024-11-12 13:43:08,366 INFO  EvoClassLoader - Instrumenting class 'org.apache.hadoop.ipc.Server$ConnectionManager'.
2024-11-12 13:43:08,366 INFO  MethodCallReplacementClassAdapter - Adding mock interface to class org/apache/hadoop/ipc/Server$ConnectionManager
2024-11-12 13:43:08,368 INFO  CreateClassResetClassAdapter - Creating brand-new static initializer in class org/apache/hadoop/ipc/Server$ConnectionManager
2024-11-12 13:43:08,369 INFO  EvoClassLoader - Keeping class: org.apache.hadoop.ipc.Server$ConnectionManager
2024-11-12 13:43:08,369 INFO  EvoClassLoader - Seeing class for first time: org.apache.hadoop.ipc.Server$Handler
2024-11-12 13:43:08,369 INFO  EvoClassLoader - Instrumenting class 'org.apache.hadoop.ipc.Server$Handler'.
2024-11-12 13:43:08,369 INFO  MethodCallReplacementClassAdapter - Adding mock interface to class org/apache/hadoop/ipc/Server$Handler
2024-11-12 13:43:08,371 INFO  CreateClassResetClassAdapter - Creating brand-new static initializer in class org/apache/hadoop/ipc/Server$Handler
2024-11-12 13:43:08,371 INFO  EvoClassLoader - Keeping class: org.apache.hadoop.ipc.Server$Handler
2024-11-12 13:43:08,371 INFO  EvoClassLoader - Seeing class for first time: org.apache.hadoop.ipc.Server$FatalRpcServerException
2024-11-12 13:43:08,371 INFO  EvoClassLoader - Instrumenting class 'org.apache.hadoop.ipc.Server$FatalRpcServerException'.
2024-11-12 13:43:08,371 INFO  MethodCallReplacementClassAdapter - Adding mock interface to class org/apache/hadoop/ipc/Server$FatalRpcServerException
2024-11-12 13:43:08,372 INFO  CreateClassResetClassAdapter - Creating brand-new static initializer in class org/apache/hadoop/ipc/Server$FatalRpcServerException
2024-11-12 13:43:08,372 INFO  EvoClassLoader - Keeping class: org.apache.hadoop.ipc.Server$FatalRpcServerException
2024-11-12 13:43:08,372 INFO  EvoClassLoader - Seeing class for first time: org.apache.hadoop.ipc.Server$AuthProtocol
2024-11-12 13:43:08,372 INFO  EvoClassLoader - Instrumenting class 'org.apache.hadoop.ipc.Server$AuthProtocol'.
2024-11-12 13:43:08,372 INFO  MethodCallReplacementClassAdapter - Adding mock interface to class org/apache/hadoop/ipc/Server$AuthProtocol
2024-11-12 13:43:08,373 INFO  CreateClassResetClassAdapter - Found static initializer in class org/apache/hadoop/ipc/Server$AuthProtocol
2024-11-12 13:43:08,373 INFO  EvoClassLoader - Keeping class: org.apache.hadoop.ipc.Server$AuthProtocol
2024-11-12 13:43:08,373 INFO  EvoClassLoader - Seeing class for first time: org.apache.hadoop.ipc.Server$Responder
2024-11-12 13:43:08,373 INFO  EvoClassLoader - Instrumenting class 'org.apache.hadoop.ipc.Server$Responder'.
2024-11-12 13:43:08,373 INFO  MethodCallReplacementClassAdapter - Adding mock interface to class org/apache/hadoop/ipc/Server$Responder
2024-11-12 13:43:08,374 INFO  CreateClassResetClassAdapter - Creating brand-new static initializer in class org/apache/hadoop/ipc/Server$Responder
2024-11-12 13:43:08,374 INFO  EvoClassLoader - Keeping class: org.apache.hadoop.ipc.Server$Responder
2024-11-12 13:43:08,375 INFO  EvoClassLoader - Seeing class for first time: org.apache.hadoop.ipc.Server$Listener
2024-11-12 13:43:08,375 INFO  EvoClassLoader - Instrumenting class 'org.apache.hadoop.ipc.Server$Listener'.
2024-11-12 13:43:08,375 INFO  MethodCallReplacementClassAdapter - Adding mock interface to class org/apache/hadoop/ipc/Server$Listener
2024-11-12 13:43:08,377 INFO  CreateClassResetClassAdapter - Creating brand-new static initializer in class org/apache/hadoop/ipc/Server$Listener
2024-11-12 13:43:08,378 INFO  EvoClassLoader - Keeping class: org.apache.hadoop.ipc.Server$Listener
2024-11-12 13:43:08,378 INFO  EvoClassLoader - Seeing class for first time: org.apache.hadoop.ipc.Server$RpcCall
2024-11-12 13:43:08,378 INFO  EvoClassLoader - Instrumenting class 'org.apache.hadoop.ipc.Server$RpcCall'.
2024-11-12 13:43:08,378 INFO  MethodCallReplacementClassAdapter - Adding mock interface to class org/apache/hadoop/ipc/Server$RpcCall
2024-11-12 13:43:08,379 INFO  CreateClassResetClassAdapter - Creating brand-new static initializer in class org/apache/hadoop/ipc/Server$RpcCall
2024-11-12 13:43:08,380 INFO  EvoClassLoader - Keeping class: org.apache.hadoop.ipc.Server$RpcCall
2024-11-12 13:43:08,380 INFO  EvoClassLoader - Seeing class for first time: org.apache.hadoop.tracing.Span
2024-11-12 13:43:08,380 INFO  EvoClassLoader - Instrumenting class 'org.apache.hadoop.tracing.Span'.
2024-11-12 13:43:08,381 INFO  MethodCallReplacementClassAdapter - Adding mock interface to class org/apache/hadoop/tracing/Span
2024-11-12 13:43:08,381 INFO  CreateClassResetClassAdapter - Creating brand-new static initializer in class org/apache/hadoop/tracing/Span
2024-11-12 13:43:08,381 INFO  EvoClassLoader - Defined package (3): package org.apache.hadoop.tracing, 1849968911
2024-11-12 13:43:08,381 INFO  EvoClassLoader - Keeping class: org.apache.hadoop.tracing.Span
2024-11-12 13:43:08,381 INFO  EvoClassLoader - Seeing class for first time: org.apache.hadoop.ipc.ProcessingDetails
2024-11-12 13:43:08,381 INFO  EvoClassLoader - Instrumenting class 'org.apache.hadoop.ipc.ProcessingDetails'.
2024-11-12 13:43:08,381 INFO  MethodCallReplacementClassAdapter - Adding mock interface to class org/apache/hadoop/ipc/ProcessingDetails
2024-11-12 13:43:08,381 INFO  CreateClassResetClassAdapter - Found static initializer in class org/apache/hadoop/ipc/ProcessingDetails
2024-11-12 13:43:08,382 INFO  EvoClassLoader - Keeping class: org.apache.hadoop.ipc.ProcessingDetails
2024-11-12 13:43:08,382 INFO  EvoClassLoader - Seeing class for first time: org.apache.hadoop.ipc.protobuf.RpcHeaderProtos$RpcResponseHeaderProto$RpcStatusProto
2024-11-12 13:43:08,382 INFO  EvoClassLoader - Instrumenting class 'org.apache.hadoop.ipc.protobuf.RpcHeaderProtos$RpcResponseHeaderProto$RpcStatusProto'.
2024-11-12 13:43:08,382 INFO  MethodCallReplacementClassAdapter - Adding mock interface to class org/apache/hadoop/ipc/protobuf/RpcHeaderProtos$RpcResponseHeaderProto$RpcStatusProto
2024-11-12 13:43:08,383 INFO  CreateClassResetClassAdapter - Found static initializer in class org/apache/hadoop/ipc/protobuf/RpcHeaderProtos$RpcResponseHeaderProto$RpcStatusProto
2024-11-12 13:43:08,383 INFO  EvoClassLoader - Keeping class: org.apache.hadoop.ipc.protobuf.RpcHeaderProtos$RpcResponseHeaderProto$RpcStatusProto
2024-11-12 13:43:08,384 INFO  EvoClassLoader - Seeing class for first time: org.apache.hadoop.ipc.ProcessingDetails$Timing
2024-11-12 13:43:08,384 INFO  EvoClassLoader - Instrumenting class 'org.apache.hadoop.ipc.ProcessingDetails$Timing'.
2024-11-12 13:43:08,384 INFO  MethodCallReplacementClassAdapter - Adding mock interface to class org/apache/hadoop/ipc/ProcessingDetails$Timing
2024-11-12 13:43:08,384 INFO  CreateClassResetClassAdapter - Found static initializer in class org/apache/hadoop/ipc/ProcessingDetails$Timing
2024-11-12 13:43:08,384 INFO  EvoClassLoader - Keeping class: org.apache.hadoop.ipc.ProcessingDetails$Timing
2024-11-12 13:43:08,385 INFO  EvoClassLoader - Seeing class for first time: org.apache.hadoop.ipc.protobuf.RpcHeaderProtos$RpcResponseHeaderProto$RpcStatusProto$1
2024-11-12 13:43:08,385 INFO  EvoClassLoader - Instrumenting class 'org.apache.hadoop.ipc.protobuf.RpcHeaderProtos$RpcResponseHeaderProto$RpcStatusProto$1'.
2024-11-12 13:43:08,385 INFO  MethodCallReplacementClassAdapter - Adding mock interface to class org/apache/hadoop/ipc/protobuf/RpcHeaderProtos$RpcResponseHeaderProto$RpcStatusProto$1
2024-11-12 13:43:08,385 INFO  EvoClassLoader - Keeping class: org.apache.hadoop.ipc.protobuf.RpcHeaderProtos$RpcResponseHeaderProto$RpcStatusProto$1
2024-11-12 13:43:08,385 INFO  EvoClassLoader - Seeing class for first time: org.apache.hadoop.ipc.protobuf.RpcHeaderProtos$RpcResponseHeaderProto
2024-11-12 13:43:08,385 INFO  EvoClassLoader - Instrumenting class 'org.apache.hadoop.ipc.protobuf.RpcHeaderProtos$RpcResponseHeaderProto'.
2024-11-12 13:43:08,386 INFO  MethodCallReplacementClassAdapter - Adding mock interface to class org/apache/hadoop/ipc/protobuf/RpcHeaderProtos$RpcResponseHeaderProto
2024-11-12 13:43:08,387 INFO  CreateClassResetClassAdapter - Found static initializer in class org/apache/hadoop/ipc/protobuf/RpcHeaderProtos$RpcResponseHeaderProto
2024-11-12 13:43:08,387 INFO  EvoClassLoader - Seeing class for first time: org.apache.hadoop.ipc.protobuf.RpcHeaderProtos$RpcResponseHeaderProtoOrBuilder
2024-11-12 13:43:08,387 INFO  EvoClassLoader - Instrumenting class 'org.apache.hadoop.ipc.protobuf.RpcHeaderProtos$RpcResponseHeaderProtoOrBuilder'.
2024-11-12 13:43:08,388 INFO  EvoClassLoader - Keeping class: org.apache.hadoop.ipc.protobuf.RpcHeaderProtos$RpcResponseHeaderProtoOrBuilder
2024-11-12 13:43:08,388 INFO  EvoClassLoader - Keeping class: org.apache.hadoop.ipc.protobuf.RpcHeaderProtos$RpcResponseHeaderProto
2024-11-12 13:43:08,388 INFO  EvoClassLoader - Seeing class for first time: org.apache.hadoop.ipc.protobuf.RpcHeaderProtos
2024-11-12 13:43:08,388 INFO  EvoClassLoader - Instrumenting class 'org.apache.hadoop.ipc.protobuf.RpcHeaderProtos'.
2024-11-12 13:43:08,388 INFO  MethodCallReplacementClassAdapter - Adding mock interface to class org/apache/hadoop/ipc/protobuf/RpcHeaderProtos
2024-11-12 13:43:08,388 INFO  CreateClassResetClassAdapter - Found static initializer in class org/apache/hadoop/ipc/protobuf/RpcHeaderProtos
2024-11-12 13:43:08,389 INFO  EvoClassLoader - Keeping class: org.apache.hadoop.ipc.protobuf.RpcHeaderProtos
2024-11-12 13:43:08,389 INFO  EvoClassLoader - Seeing class for first time: org.apache.hadoop.ipc.protobuf.RpcHeaderProtos$RpcResponseHeaderProto$Builder
2024-11-12 13:43:08,389 INFO  EvoClassLoader - Instrumenting class 'org.apache.hadoop.ipc.protobuf.RpcHeaderProtos$RpcResponseHeaderProto$Builder'.
2024-11-12 13:43:08,389 INFO  MethodCallReplacementClassAdapter - Adding mock interface to class org/apache/hadoop/ipc/protobuf/RpcHeaderProtos$RpcResponseHeaderProto$Builder
2024-11-12 13:43:08,390 INFO  CreateClassResetClassAdapter - Creating brand-new static initializer in class org/apache/hadoop/ipc/protobuf/RpcHeaderProtos$RpcResponseHeaderProto$Builder
2024-11-12 13:43:08,391 INFO  EvoClassLoader - Keeping class: org.apache.hadoop.ipc.protobuf.RpcHeaderProtos$RpcResponseHeaderProto$Builder
]]></system-out>
  </testcase>
  <testcase name="test048" classname="org.apache.hadoop.hdfs.tools.DFSAdmin_ESTest" time="0.003">
    <system-out><![CDATA[2024-11-12 13:43:08,467 INFO  EvoClassLoader - Seeing class for first time: org.apache.hadoop.mapred.JobConf
2024-11-12 13:43:08,467 INFO  EvoClassLoader - Instrumenting class 'org.apache.hadoop.mapred.JobConf'.
2024-11-12 13:43:08,468 INFO  EvoClassLoader - Error while loading class: java.lang.ClassNotFoundException: Class 'org/apache/hadoop/mapred/JobConf.class' should be in target project, but could not be found!
2024-11-12 13:43:08,474 INFO  EvoClassLoader - Seeing class for first time: libcore.io.Memory
2024-11-12 13:43:08,474 INFO  EvoClassLoader - Instrumenting class 'libcore.io.Memory'.
2024-11-12 13:43:08,474 INFO  EvoClassLoader - Error while loading class: java.lang.ClassNotFoundException: Class 'libcore/io/Memory.class' should be in target project, but could not be found!
2024-11-12 13:43:08,474 INFO  EvoClassLoader - Seeing class for first time: org.robolectric.Robolectric
2024-11-12 13:43:08,474 INFO  EvoClassLoader - Instrumenting class 'org.robolectric.Robolectric'.
2024-11-12 13:43:08,475 INFO  EvoClassLoader - Error while loading class: java.lang.ClassNotFoundException: Class 'org/robolectric/Robolectric.class' should be in target project, but could not be found!
2024-11-12 13:43:08,482 INFO  log - Logging initialized @50412ms to org.eclipse.jetty.util.log.Slf4jLog
]]></system-out>
  </testcase>
  <testcase name="test047" classname="org.apache.hadoop.hdfs.tools.DFSAdmin_ESTest" time="0.002">
    <system-out><![CDATA[2024-11-12 13:43:08,586 INFO  EvoClassLoader - Seeing class for first time: org.apache.hadoop.mapred.JobConf
2024-11-12 13:43:08,586 INFO  EvoClassLoader - Instrumenting class 'org.apache.hadoop.mapred.JobConf'.
2024-11-12 13:43:08,586 INFO  EvoClassLoader - Error while loading class: java.lang.ClassNotFoundException: Class 'org/apache/hadoop/mapred/JobConf.class' should be in target project, but could not be found!
2024-11-12 13:43:08,591 INFO  EvoClassLoader - Seeing class for first time: libcore.io.Memory
2024-11-12 13:43:08,591 INFO  EvoClassLoader - Instrumenting class 'libcore.io.Memory'.
2024-11-12 13:43:08,592 INFO  EvoClassLoader - Error while loading class: java.lang.ClassNotFoundException: Class 'libcore/io/Memory.class' should be in target project, but could not be found!
2024-11-12 13:43:08,592 INFO  EvoClassLoader - Seeing class for first time: org.robolectric.Robolectric
2024-11-12 13:43:08,592 INFO  EvoClassLoader - Instrumenting class 'org.robolectric.Robolectric'.
2024-11-12 13:43:08,592 INFO  EvoClassLoader - Error while loading class: java.lang.ClassNotFoundException: Class 'org/robolectric/Robolectric.class' should be in target project, but could not be found!
2024-11-12 13:43:08,598 INFO  log - Logging initialized @50528ms to org.eclipse.jetty.util.log.Slf4jLog
]]></system-out>
  </testcase>
  <testcase name="test046" classname="org.apache.hadoop.hdfs.tools.DFSAdmin_ESTest" time="0.064">
    <system-out><![CDATA[2024-11-12 13:43:08,626 INFO  ThreadStopper - Found new thread
2024-11-12 13:43:08,663 INFO  EvoClassLoader - Seeing class for first time: org.apache.hadoop.mapred.JobConf
2024-11-12 13:43:08,664 INFO  EvoClassLoader - Instrumenting class 'org.apache.hadoop.mapred.JobConf'.
2024-11-12 13:43:08,664 INFO  EvoClassLoader - Error while loading class: java.lang.ClassNotFoundException: Class 'org/apache/hadoop/mapred/JobConf.class' should be in target project, but could not be found!
2024-11-12 13:43:08,666 INFO  EvoClassLoader - Seeing class for first time: libcore.io.Memory
2024-11-12 13:43:08,666 INFO  EvoClassLoader - Instrumenting class 'libcore.io.Memory'.
2024-11-12 13:43:08,667 INFO  EvoClassLoader - Error while loading class: java.lang.ClassNotFoundException: Class 'libcore/io/Memory.class' should be in target project, but could not be found!
2024-11-12 13:43:08,667 INFO  EvoClassLoader - Seeing class for first time: org.robolectric.Robolectric
2024-11-12 13:43:08,667 INFO  EvoClassLoader - Instrumenting class 'org.robolectric.Robolectric'.
2024-11-12 13:43:08,667 INFO  EvoClassLoader - Error while loading class: java.lang.ClassNotFoundException: Class 'org/robolectric/Robolectric.class' should be in target project, but could not be found!
2024-11-12 13:43:08,669 INFO  log - Logging initialized @50599ms to org.eclipse.jetty.util.log.Slf4jLog
]]></system-out>
  </testcase>
  <testcase name="test052" classname="org.apache.hadoop.hdfs.tools.DFSAdmin_ESTest" time="0.046">
    <system-out><![CDATA[2024-11-12 13:43:08,721 INFO  EvoClassLoader - Seeing class for first time: org.apache.hadoop.mapred.JobConf
2024-11-12 13:43:08,721 INFO  EvoClassLoader - Instrumenting class 'org.apache.hadoop.mapred.JobConf'.
2024-11-12 13:43:08,721 INFO  EvoClassLoader - Error while loading class: java.lang.ClassNotFoundException: Class 'org/apache/hadoop/mapred/JobConf.class' should be in target project, but could not be found!
2024-11-12 13:43:08,722 INFO  EvoClassLoader - Seeing class for first time: libcore.io.Memory
2024-11-12 13:43:08,723 INFO  EvoClassLoader - Instrumenting class 'libcore.io.Memory'.
2024-11-12 13:43:08,723 INFO  EvoClassLoader - Error while loading class: java.lang.ClassNotFoundException: Class 'libcore/io/Memory.class' should be in target project, but could not be found!
2024-11-12 13:43:08,723 INFO  EvoClassLoader - Seeing class for first time: org.robolectric.Robolectric
2024-11-12 13:43:08,723 INFO  EvoClassLoader - Instrumenting class 'org.robolectric.Robolectric'.
2024-11-12 13:43:08,723 INFO  EvoClassLoader - Error while loading class: java.lang.ClassNotFoundException: Class 'org/robolectric/Robolectric.class' should be in target project, but could not be found!
2024-11-12 13:43:08,725 INFO  log - Logging initialized @50655ms to org.eclipse.jetty.util.log.Slf4jLog
]]></system-out>
  </testcase>
  <testcase name="test051" classname="org.apache.hadoop.hdfs.tools.DFSAdmin_ESTest" time="0.049">
    <system-out><![CDATA[2024-11-12 13:43:08,768 INFO  EvoClassLoader - Seeing class for first time: org.apache.hadoop.mapred.JobConf
2024-11-12 13:43:08,768 INFO  EvoClassLoader - Instrumenting class 'org.apache.hadoop.mapred.JobConf'.
2024-11-12 13:43:08,768 INFO  EvoClassLoader - Error while loading class: java.lang.ClassNotFoundException: Class 'org/apache/hadoop/mapred/JobConf.class' should be in target project, but could not be found!
2024-11-12 13:43:08,771 INFO  EvoClassLoader - Seeing class for first time: libcore.io.Memory
2024-11-12 13:43:08,771 INFO  EvoClassLoader - Instrumenting class 'libcore.io.Memory'.
2024-11-12 13:43:08,771 INFO  EvoClassLoader - Error while loading class: java.lang.ClassNotFoundException: Class 'libcore/io/Memory.class' should be in target project, but could not be found!
2024-11-12 13:43:08,771 INFO  EvoClassLoader - Seeing class for first time: org.robolectric.Robolectric
2024-11-12 13:43:08,771 INFO  EvoClassLoader - Instrumenting class 'org.robolectric.Robolectric'.
2024-11-12 13:43:08,771 INFO  EvoClassLoader - Error while loading class: java.lang.ClassNotFoundException: Class 'org/robolectric/Robolectric.class' should be in target project, but could not be found!
2024-11-12 13:43:08,775 INFO  log - Logging initialized @50705ms to org.eclipse.jetty.util.log.Slf4jLog
]]></system-out>
  </testcase>
  <testcase name="test050" classname="org.apache.hadoop.hdfs.tools.DFSAdmin_ESTest" time="0.046">
    <system-out><![CDATA[2024-11-12 13:43:08,820 INFO  EvoClassLoader - Seeing class for first time: org.apache.hadoop.mapred.JobConf
2024-11-12 13:43:08,820 INFO  EvoClassLoader - Instrumenting class 'org.apache.hadoop.mapred.JobConf'.
2024-11-12 13:43:08,820 INFO  EvoClassLoader - Error while loading class: java.lang.ClassNotFoundException: Class 'org/apache/hadoop/mapred/JobConf.class' should be in target project, but could not be found!
2024-11-12 13:43:08,821 INFO  EvoClassLoader - Seeing class for first time: libcore.io.Memory
2024-11-12 13:43:08,821 INFO  EvoClassLoader - Instrumenting class 'libcore.io.Memory'.
2024-11-12 13:43:08,822 INFO  EvoClassLoader - Error while loading class: java.lang.ClassNotFoundException: Class 'libcore/io/Memory.class' should be in target project, but could not be found!
2024-11-12 13:43:08,822 INFO  EvoClassLoader - Seeing class for first time: org.robolectric.Robolectric
2024-11-12 13:43:08,822 INFO  EvoClassLoader - Instrumenting class 'org.robolectric.Robolectric'.
2024-11-12 13:43:08,822 INFO  EvoClassLoader - Error while loading class: java.lang.ClassNotFoundException: Class 'org/robolectric/Robolectric.class' should be in target project, but could not be found!
2024-11-12 13:43:08,824 INFO  log - Logging initialized @50754ms to org.eclipse.jetty.util.log.Slf4jLog
]]></system-out>
  </testcase>
  <testcase name="test056" classname="org.apache.hadoop.hdfs.tools.DFSAdmin_ESTest" time="0.045">
    <system-out><![CDATA[2024-11-12 13:43:08,865 INFO  EvoClassLoader - Seeing class for first time: org.apache.hadoop.mapred.JobConf
2024-11-12 13:43:08,865 INFO  EvoClassLoader - Instrumenting class 'org.apache.hadoop.mapred.JobConf'.
2024-11-12 13:43:08,865 INFO  EvoClassLoader - Error while loading class: java.lang.ClassNotFoundException: Class 'org/apache/hadoop/mapred/JobConf.class' should be in target project, but could not be found!
2024-11-12 13:43:08,867 INFO  EvoClassLoader - Seeing class for first time: libcore.io.Memory
2024-11-12 13:43:08,867 INFO  EvoClassLoader - Instrumenting class 'libcore.io.Memory'.
2024-11-12 13:43:08,867 INFO  EvoClassLoader - Error while loading class: java.lang.ClassNotFoundException: Class 'libcore/io/Memory.class' should be in target project, but could not be found!
2024-11-12 13:43:08,867 INFO  EvoClassLoader - Seeing class for first time: org.robolectric.Robolectric
2024-11-12 13:43:08,867 INFO  EvoClassLoader - Instrumenting class 'org.robolectric.Robolectric'.
2024-11-12 13:43:08,867 INFO  EvoClassLoader - Error while loading class: java.lang.ClassNotFoundException: Class 'org/robolectric/Robolectric.class' should be in target project, but could not be found!
2024-11-12 13:43:08,869 INFO  log - Logging initialized @50799ms to org.eclipse.jetty.util.log.Slf4jLog
]]></system-out>
  </testcase>
  <testcase name="test055" classname="org.apache.hadoop.hdfs.tools.DFSAdmin_ESTest" time="0.063">
    <system-out><![CDATA[2024-11-12 13:43:08,926 INFO  EvoClassLoader - Seeing class for first time: org.apache.hadoop.mapred.JobConf
2024-11-12 13:43:08,926 INFO  EvoClassLoader - Instrumenting class 'org.apache.hadoop.mapred.JobConf'.
2024-11-12 13:43:08,926 INFO  EvoClassLoader - Error while loading class: java.lang.ClassNotFoundException: Class 'org/apache/hadoop/mapred/JobConf.class' should be in target project, but could not be found!
2024-11-12 13:43:08,928 INFO  EvoClassLoader - Seeing class for first time: libcore.io.Memory
2024-11-12 13:43:08,928 INFO  EvoClassLoader - Instrumenting class 'libcore.io.Memory'.
2024-11-12 13:43:08,928 INFO  EvoClassLoader - Error while loading class: java.lang.ClassNotFoundException: Class 'libcore/io/Memory.class' should be in target project, but could not be found!
2024-11-12 13:43:08,928 INFO  EvoClassLoader - Seeing class for first time: org.robolectric.Robolectric
2024-11-12 13:43:08,928 INFO  EvoClassLoader - Instrumenting class 'org.robolectric.Robolectric'.
2024-11-12 13:43:08,929 INFO  EvoClassLoader - Error while loading class: java.lang.ClassNotFoundException: Class 'org/robolectric/Robolectric.class' should be in target project, but could not be found!
2024-11-12 13:43:08,931 INFO  log - Logging initialized @50861ms to org.eclipse.jetty.util.log.Slf4jLog
]]></system-out>
  </testcase>
  <testcase name="test054" classname="org.apache.hadoop.hdfs.tools.DFSAdmin_ESTest" time="0.046">
    <system-out><![CDATA[2024-11-12 13:43:08,970 INFO  EvoClassLoader - Seeing class for first time: org.apache.hadoop.mapred.JobConf
2024-11-12 13:43:08,970 INFO  EvoClassLoader - Instrumenting class 'org.apache.hadoop.mapred.JobConf'.
2024-11-12 13:43:08,971 INFO  EvoClassLoader - Error while loading class: java.lang.ClassNotFoundException: Class 'org/apache/hadoop/mapred/JobConf.class' should be in target project, but could not be found!
2024-11-12 13:43:08,972 INFO  EvoClassLoader - Seeing class for first time: libcore.io.Memory
2024-11-12 13:43:08,972 INFO  EvoClassLoader - Instrumenting class 'libcore.io.Memory'.
2024-11-12 13:43:08,973 INFO  EvoClassLoader - Error while loading class: java.lang.ClassNotFoundException: Class 'libcore/io/Memory.class' should be in target project, but could not be found!
2024-11-12 13:43:08,973 INFO  EvoClassLoader - Seeing class for first time: org.robolectric.Robolectric
2024-11-12 13:43:08,973 INFO  EvoClassLoader - Instrumenting class 'org.robolectric.Robolectric'.
2024-11-12 13:43:08,973 INFO  EvoClassLoader - Error while loading class: java.lang.ClassNotFoundException: Class 'org/robolectric/Robolectric.class' should be in target project, but could not be found!
2024-11-12 13:43:08,975 INFO  log - Logging initialized @50905ms to org.eclipse.jetty.util.log.Slf4jLog
]]></system-out>
  </testcase>
  <testcase name="test053" classname="org.apache.hadoop.hdfs.tools.DFSAdmin_ESTest" time="0.035">
    <system-out><![CDATA[2024-11-12 13:43:09,009 INFO  EvoClassLoader - Seeing class for first time: org.apache.hadoop.mapred.JobConf
2024-11-12 13:43:09,009 INFO  EvoClassLoader - Instrumenting class 'org.apache.hadoop.mapred.JobConf'.
2024-11-12 13:43:09,010 INFO  EvoClassLoader - Error while loading class: java.lang.ClassNotFoundException: Class 'org/apache/hadoop/mapred/JobConf.class' should be in target project, but could not be found!
2024-11-12 13:43:09,011 INFO  EvoClassLoader - Seeing class for first time: libcore.io.Memory
2024-11-12 13:43:09,011 INFO  EvoClassLoader - Instrumenting class 'libcore.io.Memory'.
2024-11-12 13:43:09,011 INFO  EvoClassLoader - Error while loading class: java.lang.ClassNotFoundException: Class 'libcore/io/Memory.class' should be in target project, but could not be found!
2024-11-12 13:43:09,011 INFO  EvoClassLoader - Seeing class for first time: org.robolectric.Robolectric
2024-11-12 13:43:09,011 INFO  EvoClassLoader - Instrumenting class 'org.robolectric.Robolectric'.
2024-11-12 13:43:09,011 INFO  EvoClassLoader - Error while loading class: java.lang.ClassNotFoundException: Class 'org/robolectric/Robolectric.class' should be in target project, but could not be found!
2024-11-12 13:43:09,013 INFO  log - Logging initialized @50943ms to org.eclipse.jetty.util.log.Slf4jLog
]]></system-out>
  </testcase>
  <testcase name="test038" classname="org.apache.hadoop.hdfs.tools.DFSAdmin_ESTest" time="0.037">
    <system-out><![CDATA[2024-11-12 13:43:09,047 INFO  EvoClassLoader - Seeing class for first time: org.apache.hadoop.mapred.JobConf
2024-11-12 13:43:09,047 INFO  EvoClassLoader - Instrumenting class 'org.apache.hadoop.mapred.JobConf'.
2024-11-12 13:43:09,047 INFO  EvoClassLoader - Error while loading class: java.lang.ClassNotFoundException: Class 'org/apache/hadoop/mapred/JobConf.class' should be in target project, but could not be found!
2024-11-12 13:43:09,049 INFO  EvoClassLoader - Seeing class for first time: libcore.io.Memory
2024-11-12 13:43:09,049 INFO  EvoClassLoader - Instrumenting class 'libcore.io.Memory'.
2024-11-12 13:43:09,049 INFO  EvoClassLoader - Error while loading class: java.lang.ClassNotFoundException: Class 'libcore/io/Memory.class' should be in target project, but could not be found!
2024-11-12 13:43:09,049 INFO  EvoClassLoader - Seeing class for first time: org.robolectric.Robolectric
2024-11-12 13:43:09,049 INFO  EvoClassLoader - Instrumenting class 'org.robolectric.Robolectric'.
2024-11-12 13:43:09,049 INFO  EvoClassLoader - Error while loading class: java.lang.ClassNotFoundException: Class 'org/robolectric/Robolectric.class' should be in target project, but could not be found!
2024-11-12 13:43:09,051 INFO  log - Logging initialized @50981ms to org.eclipse.jetty.util.log.Slf4jLog
]]></system-out>
  </testcase>
  <testcase name="test037" classname="org.apache.hadoop.hdfs.tools.DFSAdmin_ESTest" time="0.042">
    <system-out><![CDATA[2024-11-12 13:43:09,085 INFO  EvoClassLoader - Seeing class for first time: org.apache.hadoop.mapred.JobConf
2024-11-12 13:43:09,085 INFO  EvoClassLoader - Instrumenting class 'org.apache.hadoop.mapred.JobConf'.
2024-11-12 13:43:09,085 INFO  EvoClassLoader - Error while loading class: java.lang.ClassNotFoundException: Class 'org/apache/hadoop/mapred/JobConf.class' should be in target project, but could not be found!
2024-11-12 13:43:09,086 INFO  EvoClassLoader - Seeing class for first time: libcore.io.Memory
2024-11-12 13:43:09,086 INFO  EvoClassLoader - Instrumenting class 'libcore.io.Memory'.
2024-11-12 13:43:09,087 INFO  EvoClassLoader - Error while loading class: java.lang.ClassNotFoundException: Class 'libcore/io/Memory.class' should be in target project, but could not be found!
2024-11-12 13:43:09,087 INFO  EvoClassLoader - Seeing class for first time: org.robolectric.Robolectric
2024-11-12 13:43:09,087 INFO  EvoClassLoader - Instrumenting class 'org.robolectric.Robolectric'.
2024-11-12 13:43:09,087 INFO  EvoClassLoader - Error while loading class: java.lang.ClassNotFoundException: Class 'org/robolectric/Robolectric.class' should be in target project, but could not be found!
2024-11-12 13:43:09,089 INFO  log - Logging initialized @51019ms to org.eclipse.jetty.util.log.Slf4jLog
]]></system-out>
  </testcase>
  <testcase name="test036" classname="org.apache.hadoop.hdfs.tools.DFSAdmin_ESTest" time="0.039">
    <system-out><![CDATA[2024-11-12 13:43:09,125 INFO  EvoClassLoader - Seeing class for first time: org.apache.hadoop.mapred.JobConf
2024-11-12 13:43:09,125 INFO  EvoClassLoader - Instrumenting class 'org.apache.hadoop.mapred.JobConf'.
2024-11-12 13:43:09,125 INFO  EvoClassLoader - Error while loading class: java.lang.ClassNotFoundException: Class 'org/apache/hadoop/mapred/JobConf.class' should be in target project, but could not be found!
2024-11-12 13:43:09,127 INFO  EvoClassLoader - Seeing class for first time: libcore.io.Memory
2024-11-12 13:43:09,127 INFO  EvoClassLoader - Instrumenting class 'libcore.io.Memory'.
2024-11-12 13:43:09,127 INFO  EvoClassLoader - Error while loading class: java.lang.ClassNotFoundException: Class 'libcore/io/Memory.class' should be in target project, but could not be found!
2024-11-12 13:43:09,127 INFO  EvoClassLoader - Seeing class for first time: org.robolectric.Robolectric
2024-11-12 13:43:09,127 INFO  EvoClassLoader - Instrumenting class 'org.robolectric.Robolectric'.
2024-11-12 13:43:09,127 INFO  EvoClassLoader - Error while loading class: java.lang.ClassNotFoundException: Class 'org/robolectric/Robolectric.class' should be in target project, but could not be found!
2024-11-12 13:43:09,129 INFO  log - Logging initialized @51059ms to org.eclipse.jetty.util.log.Slf4jLog
]]></system-out>
  </testcase>
  <testcase name="test035" classname="org.apache.hadoop.hdfs.tools.DFSAdmin_ESTest" time="0.049">
    <system-out><![CDATA[2024-11-12 13:43:09,171 INFO  EvoClassLoader - Seeing class for first time: org.apache.hadoop.mapred.JobConf
2024-11-12 13:43:09,171 INFO  EvoClassLoader - Instrumenting class 'org.apache.hadoop.mapred.JobConf'.
2024-11-12 13:43:09,171 INFO  EvoClassLoader - Error while loading class: java.lang.ClassNotFoundException: Class 'org/apache/hadoop/mapred/JobConf.class' should be in target project, but could not be found!
2024-11-12 13:43:09,174 INFO  EvoClassLoader - Seeing class for first time: libcore.io.Memory
2024-11-12 13:43:09,174 INFO  EvoClassLoader - Instrumenting class 'libcore.io.Memory'.
2024-11-12 13:43:09,174 INFO  EvoClassLoader - Error while loading class: java.lang.ClassNotFoundException: Class 'libcore/io/Memory.class' should be in target project, but could not be found!
2024-11-12 13:43:09,174 INFO  EvoClassLoader - Seeing class for first time: org.robolectric.Robolectric
2024-11-12 13:43:09,174 INFO  EvoClassLoader - Instrumenting class 'org.robolectric.Robolectric'.
2024-11-12 13:43:09,175 INFO  EvoClassLoader - Error while loading class: java.lang.ClassNotFoundException: Class 'org/robolectric/Robolectric.class' should be in target project, but could not be found!
2024-11-12 13:43:09,177 INFO  log - Logging initialized @51107ms to org.eclipse.jetty.util.log.Slf4jLog
]]></system-out>
  </testcase>
  <testcase name="test039" classname="org.apache.hadoop.hdfs.tools.DFSAdmin_ESTest" time="0.11">
    <system-out><![CDATA[2024-11-12 13:43:09,229 INFO  EvoClassLoader - Seeing class for first time: org.apache.hadoop.mapred.JobConf
2024-11-12 13:43:09,229 INFO  EvoClassLoader - Instrumenting class 'org.apache.hadoop.mapred.JobConf'.
2024-11-12 13:43:09,229 INFO  EvoClassLoader - Error while loading class: java.lang.ClassNotFoundException: Class 'org/apache/hadoop/mapred/JobConf.class' should be in target project, but could not be found!
2024-11-12 13:43:09,240 INFO  EvoClassLoader - Seeing class for first time: libcore.io.Memory
2024-11-12 13:43:09,240 INFO  EvoClassLoader - Instrumenting class 'libcore.io.Memory'.
2024-11-12 13:43:09,240 INFO  EvoClassLoader - Error while loading class: java.lang.ClassNotFoundException: Class 'libcore/io/Memory.class' should be in target project, but could not be found!
2024-11-12 13:43:09,240 INFO  EvoClassLoader - Seeing class for first time: org.robolectric.Robolectric
2024-11-12 13:43:09,240 INFO  EvoClassLoader - Instrumenting class 'org.robolectric.Robolectric'.
2024-11-12 13:43:09,240 INFO  EvoClassLoader - Error while loading class: java.lang.ClassNotFoundException: Class 'org/robolectric/Robolectric.class' should be in target project, but could not be found!
2024-11-12 13:43:09,253 INFO  log - Logging initialized @51183ms to org.eclipse.jetty.util.log.Slf4jLog
]]></system-out>
  </testcase>
  <testcase name="test041" classname="org.apache.hadoop.hdfs.tools.DFSAdmin_ESTest" time="0.039">
    <system-out><![CDATA[2024-11-12 13:43:09,326 INFO  EvoClassLoader - Seeing class for first time: org.apache.hadoop.mapred.JobConf
2024-11-12 13:43:09,326 INFO  EvoClassLoader - Instrumenting class 'org.apache.hadoop.mapred.JobConf'.
2024-11-12 13:43:09,326 INFO  EvoClassLoader - Error while loading class: java.lang.ClassNotFoundException: Class 'org/apache/hadoop/mapred/JobConf.class' should be in target project, but could not be found!
2024-11-12 13:43:09,327 INFO  EvoClassLoader - Seeing class for first time: libcore.io.Memory
2024-11-12 13:43:09,327 INFO  EvoClassLoader - Instrumenting class 'libcore.io.Memory'.
2024-11-12 13:43:09,328 INFO  EvoClassLoader - Error while loading class: java.lang.ClassNotFoundException: Class 'libcore/io/Memory.class' should be in target project, but could not be found!
2024-11-12 13:43:09,328 INFO  EvoClassLoader - Seeing class for first time: org.robolectric.Robolectric
2024-11-12 13:43:09,328 INFO  EvoClassLoader - Instrumenting class 'org.robolectric.Robolectric'.
2024-11-12 13:43:09,328 INFO  EvoClassLoader - Error while loading class: java.lang.ClassNotFoundException: Class 'org/robolectric/Robolectric.class' should be in target project, but could not be found!
2024-11-12 13:43:09,329 INFO  log - Logging initialized @51260ms to org.eclipse.jetty.util.log.Slf4jLog
]]></system-out>
  </testcase>
  <testcase name="test040" classname="org.apache.hadoop.hdfs.tools.DFSAdmin_ESTest" time="0.046">
    <system-out><![CDATA[2024-11-12 13:43:09,373 INFO  EvoClassLoader - Seeing class for first time: org.apache.hadoop.mapred.JobConf
2024-11-12 13:43:09,373 INFO  EvoClassLoader - Instrumenting class 'org.apache.hadoop.mapred.JobConf'.
2024-11-12 13:43:09,373 INFO  EvoClassLoader - Error while loading class: java.lang.ClassNotFoundException: Class 'org/apache/hadoop/mapred/JobConf.class' should be in target project, but could not be found!
2024-11-12 13:43:09,374 INFO  EvoClassLoader - Seeing class for first time: libcore.io.Memory
2024-11-12 13:43:09,374 INFO  EvoClassLoader - Instrumenting class 'libcore.io.Memory'.
2024-11-12 13:43:09,374 INFO  EvoClassLoader - Error while loading class: java.lang.ClassNotFoundException: Class 'libcore/io/Memory.class' should be in target project, but could not be found!
2024-11-12 13:43:09,374 INFO  EvoClassLoader - Seeing class for first time: org.robolectric.Robolectric
2024-11-12 13:43:09,374 INFO  EvoClassLoader - Instrumenting class 'org.robolectric.Robolectric'.
2024-11-12 13:43:09,374 INFO  EvoClassLoader - Error while loading class: java.lang.ClassNotFoundException: Class 'org/robolectric/Robolectric.class' should be in target project, but could not be found!
2024-11-12 13:43:09,376 INFO  log - Logging initialized @51306ms to org.eclipse.jetty.util.log.Slf4jLog
]]></system-out>
  </testcase>
  <testcase name="test045" classname="org.apache.hadoop.hdfs.tools.DFSAdmin_ESTest" time="0.041">
    <system-out><![CDATA[2024-11-12 13:43:09,414 INFO  EvoClassLoader - Seeing class for first time: org.apache.hadoop.mapred.JobConf
2024-11-12 13:43:09,414 INFO  EvoClassLoader - Instrumenting class 'org.apache.hadoop.mapred.JobConf'.
2024-11-12 13:43:09,414 INFO  EvoClassLoader - Error while loading class: java.lang.ClassNotFoundException: Class 'org/apache/hadoop/mapred/JobConf.class' should be in target project, but could not be found!
2024-11-12 13:43:09,416 INFO  EvoClassLoader - Seeing class for first time: libcore.io.Memory
2024-11-12 13:43:09,416 INFO  EvoClassLoader - Instrumenting class 'libcore.io.Memory'.
2024-11-12 13:43:09,416 INFO  EvoClassLoader - Error while loading class: java.lang.ClassNotFoundException: Class 'libcore/io/Memory.class' should be in target project, but could not be found!
2024-11-12 13:43:09,416 INFO  EvoClassLoader - Seeing class for first time: org.robolectric.Robolectric
2024-11-12 13:43:09,416 INFO  EvoClassLoader - Instrumenting class 'org.robolectric.Robolectric'.
2024-11-12 13:43:09,416 INFO  EvoClassLoader - Error while loading class: java.lang.ClassNotFoundException: Class 'org/robolectric/Robolectric.class' should be in target project, but could not be found!
2024-11-12 13:43:09,418 INFO  log - Logging initialized @51348ms to org.eclipse.jetty.util.log.Slf4jLog
]]></system-out>
  </testcase>
  <testcase name="test044" classname="org.apache.hadoop.hdfs.tools.DFSAdmin_ESTest" time="0.038">
    <system-out><![CDATA[2024-11-12 13:43:09,450 INFO  EvoClassLoader - Seeing class for first time: org.apache.hadoop.mapred.JobConf
2024-11-12 13:43:09,450 INFO  EvoClassLoader - Instrumenting class 'org.apache.hadoop.mapred.JobConf'.
2024-11-12 13:43:09,450 INFO  EvoClassLoader - Error while loading class: java.lang.ClassNotFoundException: Class 'org/apache/hadoop/mapred/JobConf.class' should be in target project, but could not be found!
2024-11-12 13:43:09,452 INFO  EvoClassLoader - Seeing class for first time: libcore.io.Memory
2024-11-12 13:43:09,452 INFO  EvoClassLoader - Instrumenting class 'libcore.io.Memory'.
2024-11-12 13:43:09,452 INFO  EvoClassLoader - Error while loading class: java.lang.ClassNotFoundException: Class 'libcore/io/Memory.class' should be in target project, but could not be found!
2024-11-12 13:43:09,452 INFO  EvoClassLoader - Seeing class for first time: org.robolectric.Robolectric
2024-11-12 13:43:09,452 INFO  EvoClassLoader - Instrumenting class 'org.robolectric.Robolectric'.
2024-11-12 13:43:09,452 INFO  EvoClassLoader - Error while loading class: java.lang.ClassNotFoundException: Class 'org/robolectric/Robolectric.class' should be in target project, but could not be found!
2024-11-12 13:43:09,455 INFO  log - Logging initialized @51385ms to org.eclipse.jetty.util.log.Slf4jLog
]]></system-out>
  </testcase>
  <testcase name="test043" classname="org.apache.hadoop.hdfs.tools.DFSAdmin_ESTest" time="0.05">
    <system-out><![CDATA[2024-11-12 13:43:09,501 INFO  EvoClassLoader - Seeing class for first time: org.apache.hadoop.mapred.JobConf
2024-11-12 13:43:09,501 INFO  EvoClassLoader - Instrumenting class 'org.apache.hadoop.mapred.JobConf'.
2024-11-12 13:43:09,501 INFO  EvoClassLoader - Error while loading class: java.lang.ClassNotFoundException: Class 'org/apache/hadoop/mapred/JobConf.class' should be in target project, but could not be found!
2024-11-12 13:43:09,503 INFO  EvoClassLoader - Seeing class for first time: libcore.io.Memory
2024-11-12 13:43:09,503 INFO  EvoClassLoader - Instrumenting class 'libcore.io.Memory'.
2024-11-12 13:43:09,503 INFO  EvoClassLoader - Error while loading class: java.lang.ClassNotFoundException: Class 'libcore/io/Memory.class' should be in target project, but could not be found!
2024-11-12 13:43:09,504 INFO  EvoClassLoader - Seeing class for first time: org.robolectric.Robolectric
2024-11-12 13:43:09,504 INFO  EvoClassLoader - Instrumenting class 'org.robolectric.Robolectric'.
2024-11-12 13:43:09,504 INFO  EvoClassLoader - Error while loading class: java.lang.ClassNotFoundException: Class 'org/robolectric/Robolectric.class' should be in target project, but could not be found!
2024-11-12 13:43:09,506 INFO  log - Logging initialized @51436ms to org.eclipse.jetty.util.log.Slf4jLog
]]></system-out>
  </testcase>
  <testcase name="test042" classname="org.apache.hadoop.hdfs.tools.DFSAdmin_ESTest" time="0.04">
    <system-out><![CDATA[2024-11-12 13:43:09,542 INFO  EvoClassLoader - Seeing class for first time: org.apache.hadoop.mapred.JobConf
2024-11-12 13:43:09,542 INFO  EvoClassLoader - Instrumenting class 'org.apache.hadoop.mapred.JobConf'.
2024-11-12 13:43:09,542 INFO  EvoClassLoader - Error while loading class: java.lang.ClassNotFoundException: Class 'org/apache/hadoop/mapred/JobConf.class' should be in target project, but could not be found!
2024-11-12 13:43:09,543 INFO  EvoClassLoader - Seeing class for first time: libcore.io.Memory
2024-11-12 13:43:09,543 INFO  EvoClassLoader - Instrumenting class 'libcore.io.Memory'.
2024-11-12 13:43:09,544 INFO  EvoClassLoader - Error while loading class: java.lang.ClassNotFoundException: Class 'libcore/io/Memory.class' should be in target project, but could not be found!
2024-11-12 13:43:09,544 INFO  EvoClassLoader - Seeing class for first time: org.robolectric.Robolectric
2024-11-12 13:43:09,544 INFO  EvoClassLoader - Instrumenting class 'org.robolectric.Robolectric'.
2024-11-12 13:43:09,544 INFO  EvoClassLoader - Error while loading class: java.lang.ClassNotFoundException: Class 'org/robolectric/Robolectric.class' should be in target project, but could not be found!
2024-11-12 13:43:09,545 INFO  log - Logging initialized @51475ms to org.eclipse.jetty.util.log.Slf4jLog
]]></system-out>
  </testcase>
  <testcase name="test027" classname="org.apache.hadoop.hdfs.tools.DFSAdmin_ESTest" time="0.038">
    <system-out><![CDATA[2024-11-12 13:43:09,580 INFO  EvoClassLoader - Seeing class for first time: org.apache.hadoop.mapred.JobConf
2024-11-12 13:43:09,580 INFO  EvoClassLoader - Instrumenting class 'org.apache.hadoop.mapred.JobConf'.
2024-11-12 13:43:09,580 INFO  EvoClassLoader - Error while loading class: java.lang.ClassNotFoundException: Class 'org/apache/hadoop/mapred/JobConf.class' should be in target project, but could not be found!
2024-11-12 13:43:09,581 INFO  EvoClassLoader - Seeing class for first time: libcore.io.Memory
2024-11-12 13:43:09,581 INFO  EvoClassLoader - Instrumenting class 'libcore.io.Memory'.
2024-11-12 13:43:09,581 INFO  EvoClassLoader - Error while loading class: java.lang.ClassNotFoundException: Class 'libcore/io/Memory.class' should be in target project, but could not be found!
2024-11-12 13:43:09,581 INFO  EvoClassLoader - Seeing class for first time: org.robolectric.Robolectric
2024-11-12 13:43:09,581 INFO  EvoClassLoader - Instrumenting class 'org.robolectric.Robolectric'.
2024-11-12 13:43:09,582 INFO  EvoClassLoader - Error while loading class: java.lang.ClassNotFoundException: Class 'org/robolectric/Robolectric.class' should be in target project, but could not be found!
2024-11-12 13:43:09,584 INFO  log - Logging initialized @51514ms to org.eclipse.jetty.util.log.Slf4jLog
]]></system-out>
  </testcase>
  <testcase name="test026" classname="org.apache.hadoop.hdfs.tools.DFSAdmin_ESTest" time="0.042">
    <system-out><![CDATA[2024-11-12 13:43:09,619 INFO  EvoClassLoader - Seeing class for first time: org.apache.hadoop.mapred.JobConf
2024-11-12 13:43:09,619 INFO  EvoClassLoader - Instrumenting class 'org.apache.hadoop.mapred.JobConf'.
2024-11-12 13:43:09,619 INFO  EvoClassLoader - Error while loading class: java.lang.ClassNotFoundException: Class 'org/apache/hadoop/mapred/JobConf.class' should be in target project, but could not be found!
2024-11-12 13:43:09,621 INFO  EvoClassLoader - Seeing class for first time: libcore.io.Memory
2024-11-12 13:43:09,621 INFO  EvoClassLoader - Instrumenting class 'libcore.io.Memory'.
2024-11-12 13:43:09,621 INFO  EvoClassLoader - Error while loading class: java.lang.ClassNotFoundException: Class 'libcore/io/Memory.class' should be in target project, but could not be found!
2024-11-12 13:43:09,621 INFO  EvoClassLoader - Seeing class for first time: org.robolectric.Robolectric
2024-11-12 13:43:09,621 INFO  EvoClassLoader - Instrumenting class 'org.robolectric.Robolectric'.
2024-11-12 13:43:09,621 INFO  EvoClassLoader - Error while loading class: java.lang.ClassNotFoundException: Class 'org/robolectric/Robolectric.class' should be in target project, but could not be found!
2024-11-12 13:43:09,624 INFO  log - Logging initialized @51554ms to org.eclipse.jetty.util.log.Slf4jLog
]]></system-out>
  </testcase>
  <testcase name="test025" classname="org.apache.hadoop.hdfs.tools.DFSAdmin_ESTest" time="0.044">
    <system-out><![CDATA[2024-11-12 13:43:09,662 INFO  EvoClassLoader - Seeing class for first time: org.apache.hadoop.mapred.JobConf
2024-11-12 13:43:09,662 INFO  EvoClassLoader - Instrumenting class 'org.apache.hadoop.mapred.JobConf'.
2024-11-12 13:43:09,662 INFO  EvoClassLoader - Error while loading class: java.lang.ClassNotFoundException: Class 'org/apache/hadoop/mapred/JobConf.class' should be in target project, but could not be found!
2024-11-12 13:43:09,664 INFO  EvoClassLoader - Seeing class for first time: libcore.io.Memory
2024-11-12 13:43:09,664 INFO  EvoClassLoader - Instrumenting class 'libcore.io.Memory'.
2024-11-12 13:43:09,664 INFO  EvoClassLoader - Error while loading class: java.lang.ClassNotFoundException: Class 'libcore/io/Memory.class' should be in target project, but could not be found!
2024-11-12 13:43:09,665 INFO  EvoClassLoader - Seeing class for first time: org.robolectric.Robolectric
2024-11-12 13:43:09,665 INFO  EvoClassLoader - Instrumenting class 'org.robolectric.Robolectric'.
2024-11-12 13:43:09,665 INFO  EvoClassLoader - Error while loading class: java.lang.ClassNotFoundException: Class 'org/robolectric/Robolectric.class' should be in target project, but could not be found!
2024-11-12 13:43:09,667 INFO  log - Logging initialized @51597ms to org.eclipse.jetty.util.log.Slf4jLog
]]></system-out>
  </testcase>
  <testcase name="test024" classname="org.apache.hadoop.hdfs.tools.DFSAdmin_ESTest" time="0.049">
    <system-out><![CDATA[2024-11-12 13:43:09,707 INFO  EvoClassLoader - Seeing class for first time: org.apache.hadoop.mapred.JobConf
2024-11-12 13:43:09,707 INFO  EvoClassLoader - Instrumenting class 'org.apache.hadoop.mapred.JobConf'.
2024-11-12 13:43:09,708 INFO  EvoClassLoader - Error while loading class: java.lang.ClassNotFoundException: Class 'org/apache/hadoop/mapred/JobConf.class' should be in target project, but could not be found!
2024-11-12 13:43:09,710 INFO  EvoClassLoader - Seeing class for first time: libcore.io.Memory
2024-11-12 13:43:09,710 INFO  EvoClassLoader - Instrumenting class 'libcore.io.Memory'.
2024-11-12 13:43:09,710 INFO  EvoClassLoader - Error while loading class: java.lang.ClassNotFoundException: Class 'libcore/io/Memory.class' should be in target project, but could not be found!
2024-11-12 13:43:09,710 INFO  EvoClassLoader - Seeing class for first time: org.robolectric.Robolectric
2024-11-12 13:43:09,710 INFO  EvoClassLoader - Instrumenting class 'org.robolectric.Robolectric'.
2024-11-12 13:43:09,710 INFO  EvoClassLoader - Error while loading class: java.lang.ClassNotFoundException: Class 'org/robolectric/Robolectric.class' should be in target project, but could not be found!
2024-11-12 13:43:09,714 INFO  log - Logging initialized @51644ms to org.eclipse.jetty.util.log.Slf4jLog
]]></system-out>
  </testcase>
  <testcase name="test029" classname="org.apache.hadoop.hdfs.tools.DFSAdmin_ESTest" time="0.041">
    <system-out><![CDATA[2024-11-12 13:43:09,755 INFO  EvoClassLoader - Seeing class for first time: org.apache.hadoop.mapred.JobConf
2024-11-12 13:43:09,755 INFO  EvoClassLoader - Instrumenting class 'org.apache.hadoop.mapred.JobConf'.
2024-11-12 13:43:09,755 INFO  EvoClassLoader - Error while loading class: java.lang.ClassNotFoundException: Class 'org/apache/hadoop/mapred/JobConf.class' should be in target project, but could not be found!
2024-11-12 13:43:09,757 INFO  EvoClassLoader - Seeing class for first time: libcore.io.Memory
2024-11-12 13:43:09,757 INFO  EvoClassLoader - Instrumenting class 'libcore.io.Memory'.
2024-11-12 13:43:09,757 INFO  EvoClassLoader - Error while loading class: java.lang.ClassNotFoundException: Class 'libcore/io/Memory.class' should be in target project, but could not be found!
2024-11-12 13:43:09,757 INFO  EvoClassLoader - Seeing class for first time: org.robolectric.Robolectric
2024-11-12 13:43:09,757 INFO  EvoClassLoader - Instrumenting class 'org.robolectric.Robolectric'.
2024-11-12 13:43:09,757 INFO  EvoClassLoader - Error while loading class: java.lang.ClassNotFoundException: Class 'org/robolectric/Robolectric.class' should be in target project, but could not be found!
2024-11-12 13:43:09,760 INFO  log - Logging initialized @51690ms to org.eclipse.jetty.util.log.Slf4jLog
]]></system-out>
  </testcase>
  <testcase name="test028" classname="org.apache.hadoop.hdfs.tools.DFSAdmin_ESTest" time="0.037">
    <system-out><![CDATA[2024-11-12 13:43:09,795 INFO  EvoClassLoader - Seeing class for first time: org.apache.hadoop.mapred.JobConf
2024-11-12 13:43:09,795 INFO  EvoClassLoader - Instrumenting class 'org.apache.hadoop.mapred.JobConf'.
2024-11-12 13:43:09,795 INFO  EvoClassLoader - Error while loading class: java.lang.ClassNotFoundException: Class 'org/apache/hadoop/mapred/JobConf.class' should be in target project, but could not be found!
2024-11-12 13:43:09,797 INFO  EvoClassLoader - Seeing class for first time: libcore.io.Memory
2024-11-12 13:43:09,797 INFO  EvoClassLoader - Instrumenting class 'libcore.io.Memory'.
2024-11-12 13:43:09,797 INFO  EvoClassLoader - Error while loading class: java.lang.ClassNotFoundException: Class 'libcore/io/Memory.class' should be in target project, but could not be found!
2024-11-12 13:43:09,797 INFO  EvoClassLoader - Seeing class for first time: org.robolectric.Robolectric
2024-11-12 13:43:09,797 INFO  EvoClassLoader - Instrumenting class 'org.robolectric.Robolectric'.
2024-11-12 13:43:09,797 INFO  EvoClassLoader - Error while loading class: java.lang.ClassNotFoundException: Class 'org/robolectric/Robolectric.class' should be in target project, but could not be found!
2024-11-12 13:43:09,800 INFO  log - Logging initialized @51730ms to org.eclipse.jetty.util.log.Slf4jLog
]]></system-out>
  </testcase>
  <testcase name="test030" classname="org.apache.hadoop.hdfs.tools.DFSAdmin_ESTest" time="0.04">
    <system-out><![CDATA[2024-11-12 13:43:09,832 INFO  EvoClassLoader - Seeing class for first time: org.apache.hadoop.mapred.JobConf
2024-11-12 13:43:09,832 INFO  EvoClassLoader - Instrumenting class 'org.apache.hadoop.mapred.JobConf'.
2024-11-12 13:43:09,832 INFO  EvoClassLoader - Error while loading class: java.lang.ClassNotFoundException: Class 'org/apache/hadoop/mapred/JobConf.class' should be in target project, but could not be found!
2024-11-12 13:43:09,834 INFO  EvoClassLoader - Seeing class for first time: libcore.io.Memory
2024-11-12 13:43:09,834 INFO  EvoClassLoader - Instrumenting class 'libcore.io.Memory'.
2024-11-12 13:43:09,835 INFO  EvoClassLoader - Error while loading class: java.lang.ClassNotFoundException: Class 'libcore/io/Memory.class' should be in target project, but could not be found!
2024-11-12 13:43:09,835 INFO  EvoClassLoader - Seeing class for first time: org.robolectric.Robolectric
2024-11-12 13:43:09,835 INFO  EvoClassLoader - Instrumenting class 'org.robolectric.Robolectric'.
2024-11-12 13:43:09,835 INFO  EvoClassLoader - Error while loading class: java.lang.ClassNotFoundException: Class 'org/robolectric/Robolectric.class' should be in target project, but could not be found!
2024-11-12 13:43:09,837 INFO  log - Logging initialized @51767ms to org.eclipse.jetty.util.log.Slf4jLog
]]></system-out>
  </testcase>
  <testcase name="test034" classname="org.apache.hadoop.hdfs.tools.DFSAdmin_ESTest" time="0.041">
    <system-out><![CDATA[2024-11-12 13:43:09,868 INFO  EvoClassLoader - Seeing class for first time: org.apache.hadoop.mapred.JobConf
2024-11-12 13:43:09,868 INFO  EvoClassLoader - Instrumenting class 'org.apache.hadoop.mapred.JobConf'.
2024-11-12 13:43:09,868 INFO  EvoClassLoader - Error while loading class: java.lang.ClassNotFoundException: Class 'org/apache/hadoop/mapred/JobConf.class' should be in target project, but could not be found!
2024-11-12 13:43:09,869 INFO  EvoClassLoader - Seeing class for first time: libcore.io.Memory
2024-11-12 13:43:09,869 INFO  EvoClassLoader - Instrumenting class 'libcore.io.Memory'.
2024-11-12 13:43:09,869 INFO  EvoClassLoader - Error while loading class: java.lang.ClassNotFoundException: Class 'libcore/io/Memory.class' should be in target project, but could not be found!
2024-11-12 13:43:09,869 INFO  EvoClassLoader - Seeing class for first time: org.robolectric.Robolectric
2024-11-12 13:43:09,869 INFO  EvoClassLoader - Instrumenting class 'org.robolectric.Robolectric'.
2024-11-12 13:43:09,869 INFO  EvoClassLoader - Error while loading class: java.lang.ClassNotFoundException: Class 'org/robolectric/Robolectric.class' should be in target project, but could not be found!
2024-11-12 13:43:09,871 INFO  log - Logging initialized @51801ms to org.eclipse.jetty.util.log.Slf4jLog
]]></system-out>
  </testcase>
  <testcase name="test033" classname="org.apache.hadoop.hdfs.tools.DFSAdmin_ESTest" time="0.042">
    <system-out><![CDATA[2024-11-12 13:43:09,915 INFO  EvoClassLoader - Seeing class for first time: org.apache.hadoop.mapred.JobConf
2024-11-12 13:43:09,915 INFO  EvoClassLoader - Instrumenting class 'org.apache.hadoop.mapred.JobConf'.
2024-11-12 13:43:09,915 INFO  EvoClassLoader - Error while loading class: java.lang.ClassNotFoundException: Class 'org/apache/hadoop/mapred/JobConf.class' should be in target project, but could not be found!
2024-11-12 13:43:09,917 INFO  EvoClassLoader - Seeing class for first time: libcore.io.Memory
2024-11-12 13:43:09,917 INFO  EvoClassLoader - Instrumenting class 'libcore.io.Memory'.
2024-11-12 13:43:09,918 INFO  EvoClassLoader - Error while loading class: java.lang.ClassNotFoundException: Class 'libcore/io/Memory.class' should be in target project, but could not be found!
2024-11-12 13:43:09,918 INFO  EvoClassLoader - Seeing class for first time: org.robolectric.Robolectric
2024-11-12 13:43:09,918 INFO  EvoClassLoader - Instrumenting class 'org.robolectric.Robolectric'.
2024-11-12 13:43:09,918 INFO  EvoClassLoader - Error while loading class: java.lang.ClassNotFoundException: Class 'org/robolectric/Robolectric.class' should be in target project, but could not be found!
2024-11-12 13:43:09,921 INFO  log - Logging initialized @51851ms to org.eclipse.jetty.util.log.Slf4jLog
]]></system-out>
  </testcase>
  <testcase name="test032" classname="org.apache.hadoop.hdfs.tools.DFSAdmin_ESTest" time="0.036">
    <system-out><![CDATA[2024-11-12 13:43:09,952 INFO  EvoClassLoader - Seeing class for first time: org.apache.hadoop.mapred.JobConf
2024-11-12 13:43:09,952 INFO  EvoClassLoader - Instrumenting class 'org.apache.hadoop.mapred.JobConf'.
2024-11-12 13:43:09,953 INFO  EvoClassLoader - Error while loading class: java.lang.ClassNotFoundException: Class 'org/apache/hadoop/mapred/JobConf.class' should be in target project, but could not be found!
2024-11-12 13:43:09,954 INFO  EvoClassLoader - Seeing class for first time: libcore.io.Memory
2024-11-12 13:43:09,954 INFO  EvoClassLoader - Instrumenting class 'libcore.io.Memory'.
2024-11-12 13:43:09,954 INFO  EvoClassLoader - Error while loading class: java.lang.ClassNotFoundException: Class 'libcore/io/Memory.class' should be in target project, but could not be found!
2024-11-12 13:43:09,954 INFO  EvoClassLoader - Seeing class for first time: org.robolectric.Robolectric
2024-11-12 13:43:09,954 INFO  EvoClassLoader - Instrumenting class 'org.robolectric.Robolectric'.
2024-11-12 13:43:09,955 INFO  EvoClassLoader - Error while loading class: java.lang.ClassNotFoundException: Class 'org/robolectric/Robolectric.class' should be in target project, but could not be found!
2024-11-12 13:43:09,956 INFO  log - Logging initialized @51886ms to org.eclipse.jetty.util.log.Slf4jLog
]]></system-out>
  </testcase>
  <testcase name="test031" classname="org.apache.hadoop.hdfs.tools.DFSAdmin_ESTest" time="0.036">
    <system-out><![CDATA[2024-11-12 13:43:09,987 INFO  EvoClassLoader - Seeing class for first time: org.apache.hadoop.mapred.JobConf
2024-11-12 13:43:09,987 INFO  EvoClassLoader - Instrumenting class 'org.apache.hadoop.mapred.JobConf'.
2024-11-12 13:43:09,988 INFO  EvoClassLoader - Error while loading class: java.lang.ClassNotFoundException: Class 'org/apache/hadoop/mapred/JobConf.class' should be in target project, but could not be found!
2024-11-12 13:43:09,989 INFO  EvoClassLoader - Seeing class for first time: libcore.io.Memory
2024-11-12 13:43:09,989 INFO  EvoClassLoader - Instrumenting class 'libcore.io.Memory'.
2024-11-12 13:43:09,989 INFO  EvoClassLoader - Error while loading class: java.lang.ClassNotFoundException: Class 'libcore/io/Memory.class' should be in target project, but could not be found!
2024-11-12 13:43:09,989 INFO  EvoClassLoader - Seeing class for first time: org.robolectric.Robolectric
2024-11-12 13:43:09,989 INFO  EvoClassLoader - Instrumenting class 'org.robolectric.Robolectric'.
2024-11-12 13:43:09,989 INFO  EvoClassLoader - Error while loading class: java.lang.ClassNotFoundException: Class 'org/robolectric/Robolectric.class' should be in target project, but could not be found!
2024-11-12 13:43:09,991 INFO  log - Logging initialized @51921ms to org.eclipse.jetty.util.log.Slf4jLog
]]></system-out>
  </testcase>
  <testcase name="test016" classname="org.apache.hadoop.hdfs.tools.DFSAdmin_ESTest" time="0.037">
    <system-out><![CDATA[2024-11-12 13:43:10,023 INFO  EvoClassLoader - Seeing class for first time: org.apache.hadoop.mapred.JobConf
2024-11-12 13:43:10,023 INFO  EvoClassLoader - Instrumenting class 'org.apache.hadoop.mapred.JobConf'.
2024-11-12 13:43:10,023 INFO  EvoClassLoader - Error while loading class: java.lang.ClassNotFoundException: Class 'org/apache/hadoop/mapred/JobConf.class' should be in target project, but could not be found!
2024-11-12 13:43:10,024 INFO  EvoClassLoader - Seeing class for first time: libcore.io.Memory
2024-11-12 13:43:10,024 INFO  EvoClassLoader - Instrumenting class 'libcore.io.Memory'.
2024-11-12 13:43:10,025 INFO  EvoClassLoader - Error while loading class: java.lang.ClassNotFoundException: Class 'libcore/io/Memory.class' should be in target project, but could not be found!
2024-11-12 13:43:10,025 INFO  EvoClassLoader - Seeing class for first time: org.robolectric.Robolectric
2024-11-12 13:43:10,025 INFO  EvoClassLoader - Instrumenting class 'org.robolectric.Robolectric'.
2024-11-12 13:43:10,025 INFO  EvoClassLoader - Error while loading class: java.lang.ClassNotFoundException: Class 'org/robolectric/Robolectric.class' should be in target project, but could not be found!
2024-11-12 13:43:10,027 INFO  log - Logging initialized @51957ms to org.eclipse.jetty.util.log.Slf4jLog
]]></system-out>
  </testcase>
  <testcase name="test015" classname="org.apache.hadoop.hdfs.tools.DFSAdmin_ESTest" time="0.039">
    <system-out><![CDATA[2024-11-12 13:43:10,061 INFO  EvoClassLoader - Seeing class for first time: org.apache.hadoop.mapred.JobConf
2024-11-12 13:43:10,061 INFO  EvoClassLoader - Instrumenting class 'org.apache.hadoop.mapred.JobConf'.
2024-11-12 13:43:10,061 INFO  EvoClassLoader - Error while loading class: java.lang.ClassNotFoundException: Class 'org/apache/hadoop/mapred/JobConf.class' should be in target project, but could not be found!
2024-11-12 13:43:10,062 INFO  EvoClassLoader - Seeing class for first time: libcore.io.Memory
2024-11-12 13:43:10,062 INFO  EvoClassLoader - Instrumenting class 'libcore.io.Memory'.
2024-11-12 13:43:10,063 INFO  EvoClassLoader - Error while loading class: java.lang.ClassNotFoundException: Class 'libcore/io/Memory.class' should be in target project, but could not be found!
2024-11-12 13:43:10,063 INFO  EvoClassLoader - Seeing class for first time: org.robolectric.Robolectric
2024-11-12 13:43:10,063 INFO  EvoClassLoader - Instrumenting class 'org.robolectric.Robolectric'.
2024-11-12 13:43:10,063 INFO  EvoClassLoader - Error while loading class: java.lang.ClassNotFoundException: Class 'org/robolectric/Robolectric.class' should be in target project, but could not be found!
2024-11-12 13:43:10,065 INFO  log - Logging initialized @51995ms to org.eclipse.jetty.util.log.Slf4jLog
]]></system-out>
  </testcase>
  <testcase name="test014" classname="org.apache.hadoop.hdfs.tools.DFSAdmin_ESTest" time="0.04">
    <system-out><![CDATA[2024-11-12 13:43:10,104 INFO  EvoClassLoader - Seeing class for first time: org.apache.hadoop.mapred.JobConf
2024-11-12 13:43:10,104 INFO  EvoClassLoader - Instrumenting class 'org.apache.hadoop.mapred.JobConf'.
2024-11-12 13:43:10,104 INFO  EvoClassLoader - Error while loading class: java.lang.ClassNotFoundException: Class 'org/apache/hadoop/mapred/JobConf.class' should be in target project, but could not be found!
2024-11-12 13:43:10,106 INFO  EvoClassLoader - Seeing class for first time: libcore.io.Memory
2024-11-12 13:43:10,106 INFO  EvoClassLoader - Instrumenting class 'libcore.io.Memory'.
2024-11-12 13:43:10,107 INFO  EvoClassLoader - Error while loading class: java.lang.ClassNotFoundException: Class 'libcore/io/Memory.class' should be in target project, but could not be found!
2024-11-12 13:43:10,107 INFO  EvoClassLoader - Seeing class for first time: org.robolectric.Robolectric
2024-11-12 13:43:10,107 INFO  EvoClassLoader - Instrumenting class 'org.robolectric.Robolectric'.
2024-11-12 13:43:10,107 INFO  EvoClassLoader - Error while loading class: java.lang.ClassNotFoundException: Class 'org/robolectric/Robolectric.class' should be in target project, but could not be found!
2024-11-12 13:43:10,110 INFO  log - Logging initialized @52040ms to org.eclipse.jetty.util.log.Slf4jLog
]]></system-out>
  </testcase>
  <testcase name="test013" classname="org.apache.hadoop.hdfs.tools.DFSAdmin_ESTest" time="0.041">
    <system-out><![CDATA[2024-11-12 13:43:10,144 INFO  EvoClassLoader - Seeing class for first time: org.apache.hadoop.mapred.JobConf
2024-11-12 13:43:10,144 INFO  EvoClassLoader - Instrumenting class 'org.apache.hadoop.mapred.JobConf'.
2024-11-12 13:43:10,144 INFO  EvoClassLoader - Error while loading class: java.lang.ClassNotFoundException: Class 'org/apache/hadoop/mapred/JobConf.class' should be in target project, but could not be found!
2024-11-12 13:43:10,146 INFO  EvoClassLoader - Seeing class for first time: libcore.io.Memory
2024-11-12 13:43:10,146 INFO  EvoClassLoader - Instrumenting class 'libcore.io.Memory'.
2024-11-12 13:43:10,146 INFO  EvoClassLoader - Error while loading class: java.lang.ClassNotFoundException: Class 'libcore/io/Memory.class' should be in target project, but could not be found!
2024-11-12 13:43:10,146 INFO  EvoClassLoader - Seeing class for first time: org.robolectric.Robolectric
2024-11-12 13:43:10,146 INFO  EvoClassLoader - Instrumenting class 'org.robolectric.Robolectric'.
2024-11-12 13:43:10,146 INFO  EvoClassLoader - Error while loading class: java.lang.ClassNotFoundException: Class 'org/robolectric/Robolectric.class' should be in target project, but could not be found!
2024-11-12 13:43:10,149 INFO  log - Logging initialized @52079ms to org.eclipse.jetty.util.log.Slf4jLog
]]></system-out>
    <system-err><![CDATA[Node type start does not support reconfiguration.
]]></system-err>
  </testcase>
  <testcase name="test019" classname="org.apache.hadoop.hdfs.tools.DFSAdmin_ESTest" time="0.036">
    <system-out><![CDATA[2024-11-12 13:43:10,180 INFO  EvoClassLoader - Seeing class for first time: org.apache.hadoop.mapred.JobConf
2024-11-12 13:43:10,180 INFO  EvoClassLoader - Instrumenting class 'org.apache.hadoop.mapred.JobConf'.
2024-11-12 13:43:10,180 INFO  EvoClassLoader - Error while loading class: java.lang.ClassNotFoundException: Class 'org/apache/hadoop/mapred/JobConf.class' should be in target project, but could not be found!
2024-11-12 13:43:10,182 INFO  EvoClassLoader - Seeing class for first time: libcore.io.Memory
2024-11-12 13:43:10,182 INFO  EvoClassLoader - Instrumenting class 'libcore.io.Memory'.
2024-11-12 13:43:10,183 INFO  EvoClassLoader - Error while loading class: java.lang.ClassNotFoundException: Class 'libcore/io/Memory.class' should be in target project, but could not be found!
2024-11-12 13:43:10,183 INFO  EvoClassLoader - Seeing class for first time: org.robolectric.Robolectric
2024-11-12 13:43:10,183 INFO  EvoClassLoader - Instrumenting class 'org.robolectric.Robolectric'.
2024-11-12 13:43:10,183 INFO  EvoClassLoader - Error while loading class: java.lang.ClassNotFoundException: Class 'org/robolectric/Robolectric.class' should be in target project, but could not be found!
2024-11-12 13:43:10,185 INFO  log - Logging initialized @52115ms to org.eclipse.jetty.util.log.Slf4jLog
]]></system-out>
  </testcase>
  <testcase name="test018" classname="org.apache.hadoop.hdfs.tools.DFSAdmin_ESTest" time="0.046">
    <system-out><![CDATA[2024-11-12 13:43:10,224 INFO  EvoClassLoader - Seeing class for first time: org.apache.hadoop.mapred.JobConf
2024-11-12 13:43:10,224 INFO  EvoClassLoader - Instrumenting class 'org.apache.hadoop.mapred.JobConf'.
2024-11-12 13:43:10,224 INFO  EvoClassLoader - Error while loading class: java.lang.ClassNotFoundException: Class 'org/apache/hadoop/mapred/JobConf.class' should be in target project, but could not be found!
2024-11-12 13:43:10,225 INFO  EvoClassLoader - Seeing class for first time: libcore.io.Memory
2024-11-12 13:43:10,225 INFO  EvoClassLoader - Instrumenting class 'libcore.io.Memory'.
2024-11-12 13:43:10,225 INFO  EvoClassLoader - Error while loading class: java.lang.ClassNotFoundException: Class 'libcore/io/Memory.class' should be in target project, but could not be found!
2024-11-12 13:43:10,225 INFO  EvoClassLoader - Seeing class for first time: org.robolectric.Robolectric
2024-11-12 13:43:10,225 INFO  EvoClassLoader - Instrumenting class 'org.robolectric.Robolectric'.
2024-11-12 13:43:10,225 INFO  EvoClassLoader - Error while loading class: java.lang.ClassNotFoundException: Class 'org/robolectric/Robolectric.class' should be in target project, but could not be found!
2024-11-12 13:43:10,227 INFO  log - Logging initialized @52157ms to org.eclipse.jetty.util.log.Slf4jLog
]]></system-out>
  </testcase>
  <testcase name="test017" classname="org.apache.hadoop.hdfs.tools.DFSAdmin_ESTest" time="0.044">
    <system-out><![CDATA[2024-11-12 13:43:10,266 INFO  EvoClassLoader - Seeing class for first time: org.apache.hadoop.mapred.JobConf
2024-11-12 13:43:10,266 INFO  EvoClassLoader - Instrumenting class 'org.apache.hadoop.mapred.JobConf'.
2024-11-12 13:43:10,267 INFO  EvoClassLoader - Error while loading class: java.lang.ClassNotFoundException: Class 'org/apache/hadoop/mapred/JobConf.class' should be in target project, but could not be found!
2024-11-12 13:43:10,269 INFO  EvoClassLoader - Seeing class for first time: libcore.io.Memory
2024-11-12 13:43:10,269 INFO  EvoClassLoader - Instrumenting class 'libcore.io.Memory'.
2024-11-12 13:43:10,269 INFO  EvoClassLoader - Error while loading class: java.lang.ClassNotFoundException: Class 'libcore/io/Memory.class' should be in target project, but could not be found!
2024-11-12 13:43:10,269 INFO  EvoClassLoader - Seeing class for first time: org.robolectric.Robolectric
2024-11-12 13:43:10,269 INFO  EvoClassLoader - Instrumenting class 'org.robolectric.Robolectric'.
2024-11-12 13:43:10,269 INFO  EvoClassLoader - Error while loading class: java.lang.ClassNotFoundException: Class 'org/robolectric/Robolectric.class' should be in target project, but could not be found!
2024-11-12 13:43:10,271 INFO  log - Logging initialized @52201ms to org.eclipse.jetty.util.log.Slf4jLog
]]></system-out>
  </testcase>
  <testcase name="test023" classname="org.apache.hadoop.hdfs.tools.DFSAdmin_ESTest" time="0.039">
    <system-out><![CDATA[2024-11-12 13:43:10,308 INFO  EvoClassLoader - Seeing class for first time: org.apache.hadoop.mapred.JobConf
2024-11-12 13:43:10,308 INFO  EvoClassLoader - Instrumenting class 'org.apache.hadoop.mapred.JobConf'.
2024-11-12 13:43:10,308 INFO  EvoClassLoader - Error while loading class: java.lang.ClassNotFoundException: Class 'org/apache/hadoop/mapred/JobConf.class' should be in target project, but could not be found!
2024-11-12 13:43:10,310 INFO  EvoClassLoader - Seeing class for first time: libcore.io.Memory
2024-11-12 13:43:10,310 INFO  EvoClassLoader - Instrumenting class 'libcore.io.Memory'.
2024-11-12 13:43:10,310 INFO  EvoClassLoader - Error while loading class: java.lang.ClassNotFoundException: Class 'libcore/io/Memory.class' should be in target project, but could not be found!
2024-11-12 13:43:10,311 INFO  EvoClassLoader - Seeing class for first time: org.robolectric.Robolectric
2024-11-12 13:43:10,311 INFO  EvoClassLoader - Instrumenting class 'org.robolectric.Robolectric'.
2024-11-12 13:43:10,311 INFO  EvoClassLoader - Error while loading class: java.lang.ClassNotFoundException: Class 'org/robolectric/Robolectric.class' should be in target project, but could not be found!
2024-11-12 13:43:10,313 INFO  log - Logging initialized @52243ms to org.eclipse.jetty.util.log.Slf4jLog
]]></system-out>
  </testcase>
  <testcase name="test022" classname="org.apache.hadoop.hdfs.tools.DFSAdmin_ESTest" time="0.049">
    <system-out><![CDATA[2024-11-12 13:43:10,352 INFO  EvoClassLoader - Seeing class for first time: org.apache.hadoop.mapred.JobConf
2024-11-12 13:43:10,352 INFO  EvoClassLoader - Instrumenting class 'org.apache.hadoop.mapred.JobConf'.
2024-11-12 13:43:10,352 INFO  EvoClassLoader - Error while loading class: java.lang.ClassNotFoundException: Class 'org/apache/hadoop/mapred/JobConf.class' should be in target project, but could not be found!
2024-11-12 13:43:10,355 INFO  EvoClassLoader - Seeing class for first time: libcore.io.Memory
2024-11-12 13:43:10,355 INFO  EvoClassLoader - Instrumenting class 'libcore.io.Memory'.
2024-11-12 13:43:10,355 INFO  EvoClassLoader - Error while loading class: java.lang.ClassNotFoundException: Class 'libcore/io/Memory.class' should be in target project, but could not be found!
2024-11-12 13:43:10,355 INFO  EvoClassLoader - Seeing class for first time: org.robolectric.Robolectric
2024-11-12 13:43:10,355 INFO  EvoClassLoader - Instrumenting class 'org.robolectric.Robolectric'.
2024-11-12 13:43:10,356 INFO  EvoClassLoader - Error while loading class: java.lang.ClassNotFoundException: Class 'org/robolectric/Robolectric.class' should be in target project, but could not be found!
2024-11-12 13:43:10,358 INFO  log - Logging initialized @52288ms to org.eclipse.jetty.util.log.Slf4jLog
]]></system-out>
  </testcase>
  <testcase name="test021" classname="org.apache.hadoop.hdfs.tools.DFSAdmin_ESTest" time="0.042">
    <system-out><![CDATA[2024-11-12 13:43:10,398 INFO  EvoClassLoader - Seeing class for first time: org.apache.hadoop.mapred.JobConf
2024-11-12 13:43:10,398 INFO  EvoClassLoader - Instrumenting class 'org.apache.hadoop.mapred.JobConf'.
2024-11-12 13:43:10,399 INFO  EvoClassLoader - Error while loading class: java.lang.ClassNotFoundException: Class 'org/apache/hadoop/mapred/JobConf.class' should be in target project, but could not be found!
2024-11-12 13:43:10,400 INFO  EvoClassLoader - Seeing class for first time: libcore.io.Memory
2024-11-12 13:43:10,401 INFO  EvoClassLoader - Instrumenting class 'libcore.io.Memory'.
2024-11-12 13:43:10,401 INFO  EvoClassLoader - Error while loading class: java.lang.ClassNotFoundException: Class 'libcore/io/Memory.class' should be in target project, but could not be found!
2024-11-12 13:43:10,401 INFO  EvoClassLoader - Seeing class for first time: org.robolectric.Robolectric
2024-11-12 13:43:10,401 INFO  EvoClassLoader - Instrumenting class 'org.robolectric.Robolectric'.
2024-11-12 13:43:10,401 INFO  EvoClassLoader - Error while loading class: java.lang.ClassNotFoundException: Class 'org/robolectric/Robolectric.class' should be in target project, but could not be found!
2024-11-12 13:43:10,405 INFO  log - Logging initialized @52335ms to org.eclipse.jetty.util.log.Slf4jLog
]]></system-out>
  </testcase>
  <testcase name="test020" classname="org.apache.hadoop.hdfs.tools.DFSAdmin_ESTest" time="0.057">
    <system-out><![CDATA[2024-11-12 13:43:10,454 INFO  EvoClassLoader - Seeing class for first time: org.apache.hadoop.mapred.JobConf
2024-11-12 13:43:10,454 INFO  EvoClassLoader - Instrumenting class 'org.apache.hadoop.mapred.JobConf'.
2024-11-12 13:43:10,454 INFO  EvoClassLoader - Error while loading class: java.lang.ClassNotFoundException: Class 'org/apache/hadoop/mapred/JobConf.class' should be in target project, but could not be found!
2024-11-12 13:43:10,456 INFO  EvoClassLoader - Seeing class for first time: libcore.io.Memory
2024-11-12 13:43:10,456 INFO  EvoClassLoader - Instrumenting class 'libcore.io.Memory'.
2024-11-12 13:43:10,456 INFO  EvoClassLoader - Error while loading class: java.lang.ClassNotFoundException: Class 'libcore/io/Memory.class' should be in target project, but could not be found!
2024-11-12 13:43:10,456 INFO  EvoClassLoader - Seeing class for first time: org.robolectric.Robolectric
2024-11-12 13:43:10,456 INFO  EvoClassLoader - Instrumenting class 'org.robolectric.Robolectric'.
2024-11-12 13:43:10,457 INFO  EvoClassLoader - Error while loading class: java.lang.ClassNotFoundException: Class 'org/robolectric/Robolectric.class' should be in target project, but could not be found!
2024-11-12 13:43:10,459 INFO  log - Logging initialized @52389ms to org.eclipse.jetty.util.log.Slf4jLog
2024-11-12 13:43:10,461 INFO  EvoClassLoader - Seeing class for first time: org.apache.hadoop.thirdparty.protobuf.DescriptorProtos$1
2024-11-12 13:43:10,461 INFO  EvoClassLoader - Instrumenting class 'org.apache.hadoop.thirdparty.protobuf.DescriptorProtos$1'.
2024-11-12 13:43:10,462 INFO  MethodCallReplacementClassAdapter - Adding mock interface to class org/apache/hadoop/thirdparty/protobuf/DescriptorProtos$1
2024-11-12 13:43:10,462 INFO  EvoClassLoader - Keeping class: org.apache.hadoop.thirdparty.protobuf.DescriptorProtos$1
]]></system-out>
  </testcase>
  <testcase name="test005" classname="org.apache.hadoop.hdfs.tools.DFSAdmin_ESTest" time="0.135">
    <system-out><![CDATA[2024-11-12 13:43:10,595 INFO  EvoClassLoader - Seeing class for first time: org.apache.hadoop.mapred.JobConf
2024-11-12 13:43:10,595 INFO  EvoClassLoader - Instrumenting class 'org.apache.hadoop.mapred.JobConf'.
2024-11-12 13:43:10,595 INFO  EvoClassLoader - Error while loading class: java.lang.ClassNotFoundException: Class 'org/apache/hadoop/mapred/JobConf.class' should be in target project, but could not be found!
2024-11-12 13:43:10,597 INFO  EvoClassLoader - Seeing class for first time: libcore.io.Memory
2024-11-12 13:43:10,597 INFO  EvoClassLoader - Instrumenting class 'libcore.io.Memory'.
2024-11-12 13:43:10,597 INFO  EvoClassLoader - Error while loading class: java.lang.ClassNotFoundException: Class 'libcore/io/Memory.class' should be in target project, but could not be found!
2024-11-12 13:43:10,597 INFO  EvoClassLoader - Seeing class for first time: org.robolectric.Robolectric
2024-11-12 13:43:10,597 INFO  EvoClassLoader - Instrumenting class 'org.robolectric.Robolectric'.
2024-11-12 13:43:10,597 INFO  EvoClassLoader - Error while loading class: java.lang.ClassNotFoundException: Class 'org/robolectric/Robolectric.class' should be in target project, but could not be found!
2024-11-12 13:43:10,599 INFO  log - Logging initialized @52529ms to org.eclipse.jetty.util.log.Slf4jLog
]]></system-out>
    <system-err><![CDATA[Node type org.apache.hadoop.ipc.RemoteException does not support reconfiguration.
]]></system-err>
  </testcase>
  <testcase name="test004" classname="org.apache.hadoop.hdfs.tools.DFSAdmin_ESTest" time="0.042">
    <system-out><![CDATA[2024-11-12 13:43:10,630 INFO  EvoClassLoader - Seeing class for first time: org.apache.hadoop.mapred.JobConf
2024-11-12 13:43:10,630 INFO  EvoClassLoader - Instrumenting class 'org.apache.hadoop.mapred.JobConf'.
2024-11-12 13:43:10,630 INFO  EvoClassLoader - Error while loading class: java.lang.ClassNotFoundException: Class 'org/apache/hadoop/mapred/JobConf.class' should be in target project, but could not be found!
2024-11-12 13:43:10,631 INFO  EvoClassLoader - Seeing class for first time: libcore.io.Memory
2024-11-12 13:43:10,632 INFO  EvoClassLoader - Instrumenting class 'libcore.io.Memory'.
2024-11-12 13:43:10,632 INFO  EvoClassLoader - Error while loading class: java.lang.ClassNotFoundException: Class 'libcore/io/Memory.class' should be in target project, but could not be found!
2024-11-12 13:43:10,632 INFO  EvoClassLoader - Seeing class for first time: org.robolectric.Robolectric
2024-11-12 13:43:10,632 INFO  EvoClassLoader - Instrumenting class 'org.robolectric.Robolectric'.
2024-11-12 13:43:10,632 INFO  EvoClassLoader - Error while loading class: java.lang.ClassNotFoundException: Class 'org/robolectric/Robolectric.class' should be in target project, but could not be found!
2024-11-12 13:43:10,636 INFO  log - Logging initialized @52566ms to org.eclipse.jetty.util.log.Slf4jLog
]]></system-out>
    <system-err><![CDATA[Node type ;0<lN9" does not support reconfiguration.
]]></system-err>
  </testcase>
  <testcase name="test003" classname="org.apache.hadoop.hdfs.tools.DFSAdmin_ESTest" time="0.036">
    <system-out><![CDATA[2024-11-12 13:43:10,673 INFO  EvoClassLoader - Seeing class for first time: org.apache.hadoop.mapred.JobConf
2024-11-12 13:43:10,673 INFO  EvoClassLoader - Instrumenting class 'org.apache.hadoop.mapred.JobConf'.
2024-11-12 13:43:10,673 INFO  EvoClassLoader - Error while loading class: java.lang.ClassNotFoundException: Class 'org/apache/hadoop/mapred/JobConf.class' should be in target project, but could not be found!
2024-11-12 13:43:10,674 INFO  EvoClassLoader - Seeing class for first time: libcore.io.Memory
2024-11-12 13:43:10,674 INFO  EvoClassLoader - Instrumenting class 'libcore.io.Memory'.
2024-11-12 13:43:10,674 INFO  EvoClassLoader - Error while loading class: java.lang.ClassNotFoundException: Class 'libcore/io/Memory.class' should be in target project, but could not be found!
2024-11-12 13:43:10,675 INFO  EvoClassLoader - Seeing class for first time: org.robolectric.Robolectric
2024-11-12 13:43:10,675 INFO  EvoClassLoader - Instrumenting class 'org.robolectric.Robolectric'.
2024-11-12 13:43:10,675 INFO  EvoClassLoader - Error while loading class: java.lang.ClassNotFoundException: Class 'org/robolectric/Robolectric.class' should be in target project, but could not be found!
2024-11-12 13:43:10,677 INFO  log - Logging initialized @52607ms to org.eclipse.jetty.util.log.Slf4jLog
]]></system-out>
    <system-err><![CDATA[Node type  does not support reconfiguration.
]]></system-err>
  </testcase>
  <testcase name="test002" classname="org.apache.hadoop.hdfs.tools.DFSAdmin_ESTest" time="0.037">
    <system-out><![CDATA[2024-11-12 13:43:10,709 INFO  EvoClassLoader - Seeing class for first time: org.apache.hadoop.mapred.JobConf
2024-11-12 13:43:10,709 INFO  EvoClassLoader - Instrumenting class 'org.apache.hadoop.mapred.JobConf'.
2024-11-12 13:43:10,709 INFO  EvoClassLoader - Error while loading class: java.lang.ClassNotFoundException: Class 'org/apache/hadoop/mapred/JobConf.class' should be in target project, but could not be found!
2024-11-12 13:43:10,710 INFO  EvoClassLoader - Seeing class for first time: libcore.io.Memory
2024-11-12 13:43:10,710 INFO  EvoClassLoader - Instrumenting class 'libcore.io.Memory'.
2024-11-12 13:43:10,710 INFO  EvoClassLoader - Error while loading class: java.lang.ClassNotFoundException: Class 'libcore/io/Memory.class' should be in target project, but could not be found!
2024-11-12 13:43:10,710 INFO  EvoClassLoader - Seeing class for first time: org.robolectric.Robolectric
2024-11-12 13:43:10,710 INFO  EvoClassLoader - Instrumenting class 'org.robolectric.Robolectric'.
2024-11-12 13:43:10,711 INFO  EvoClassLoader - Error while loading class: java.lang.ClassNotFoundException: Class 'org/robolectric/Robolectric.class' should be in target project, but could not be found!
2024-11-12 13:43:10,715 INFO  log - Logging initialized @52645ms to org.eclipse.jetty.util.log.Slf4jLog
]]></system-out>
    <system-err><![CDATA[Usage: hdfs dfsadmin [-safemode enter | leave | get | wait | forceExit]
]]></system-err>
  </testcase>
  <testcase name="test009" classname="org.apache.hadoop.hdfs.tools.DFSAdmin_ESTest" time="0.036">
    <system-out><![CDATA[2024-11-12 13:43:10,748 INFO  EvoClassLoader - Seeing class for first time: org.apache.hadoop.mapred.JobConf
2024-11-12 13:43:10,748 INFO  EvoClassLoader - Instrumenting class 'org.apache.hadoop.mapred.JobConf'.
2024-11-12 13:43:10,748 INFO  EvoClassLoader - Error while loading class: java.lang.ClassNotFoundException: Class 'org/apache/hadoop/mapred/JobConf.class' should be in target project, but could not be found!
2024-11-12 13:43:10,749 INFO  EvoClassLoader - Seeing class for first time: libcore.io.Memory
2024-11-12 13:43:10,749 INFO  EvoClassLoader - Instrumenting class 'libcore.io.Memory'.
2024-11-12 13:43:10,750 INFO  EvoClassLoader - Error while loading class: java.lang.ClassNotFoundException: Class 'libcore/io/Memory.class' should be in target project, but could not be found!
2024-11-12 13:43:10,750 INFO  EvoClassLoader - Seeing class for first time: org.robolectric.Robolectric
2024-11-12 13:43:10,750 INFO  EvoClassLoader - Instrumenting class 'org.robolectric.Robolectric'.
2024-11-12 13:43:10,750 INFO  EvoClassLoader - Error while loading class: java.lang.ClassNotFoundException: Class 'org/robolectric/Robolectric.class' should be in target project, but could not be found!
2024-11-12 13:43:10,751 INFO  log - Logging initialized @52681ms to org.eclipse.jetty.util.log.Slf4jLog
]]></system-out>
  </testcase>
  <testcase name="test008" classname="org.apache.hadoop.hdfs.tools.DFSAdmin_ESTest" time="0.038">
    <system-out><![CDATA[2024-11-12 13:43:10,783 INFO  EvoClassLoader - Seeing class for first time: org.apache.hadoop.mapred.JobConf
2024-11-12 13:43:10,783 INFO  EvoClassLoader - Instrumenting class 'org.apache.hadoop.mapred.JobConf'.
2024-11-12 13:43:10,784 INFO  EvoClassLoader - Error while loading class: java.lang.ClassNotFoundException: Class 'org/apache/hadoop/mapred/JobConf.class' should be in target project, but could not be found!
2024-11-12 13:43:10,785 INFO  EvoClassLoader - Seeing class for first time: libcore.io.Memory
2024-11-12 13:43:10,785 INFO  EvoClassLoader - Instrumenting class 'libcore.io.Memory'.
2024-11-12 13:43:10,785 INFO  EvoClassLoader - Error while loading class: java.lang.ClassNotFoundException: Class 'libcore/io/Memory.class' should be in target project, but could not be found!
2024-11-12 13:43:10,785 INFO  EvoClassLoader - Seeing class for first time: org.robolectric.Robolectric
2024-11-12 13:43:10,785 INFO  EvoClassLoader - Instrumenting class 'org.robolectric.Robolectric'.
2024-11-12 13:43:10,785 INFO  EvoClassLoader - Error while loading class: java.lang.ClassNotFoundException: Class 'org/robolectric/Robolectric.class' should be in target project, but could not be found!
2024-11-12 13:43:10,787 INFO  log - Logging initialized @52717ms to org.eclipse.jetty.util.log.Slf4jLog
]]></system-out>
  </testcase>
  <testcase name="test007" classname="org.apache.hadoop.hdfs.tools.DFSAdmin_ESTest" time="0.04">
    <system-out><![CDATA[2024-11-12 13:43:10,822 INFO  EvoClassLoader - Seeing class for first time: org.apache.hadoop.mapred.JobConf
2024-11-12 13:43:10,822 INFO  EvoClassLoader - Instrumenting class 'org.apache.hadoop.mapred.JobConf'.
2024-11-12 13:43:10,822 INFO  EvoClassLoader - Error while loading class: java.lang.ClassNotFoundException: Class 'org/apache/hadoop/mapred/JobConf.class' should be in target project, but could not be found!
2024-11-12 13:43:10,824 INFO  EvoClassLoader - Seeing class for first time: libcore.io.Memory
2024-11-12 13:43:10,824 INFO  EvoClassLoader - Instrumenting class 'libcore.io.Memory'.
2024-11-12 13:43:10,824 INFO  EvoClassLoader - Error while loading class: java.lang.ClassNotFoundException: Class 'libcore/io/Memory.class' should be in target project, but could not be found!
2024-11-12 13:43:10,824 INFO  EvoClassLoader - Seeing class for first time: org.robolectric.Robolectric
2024-11-12 13:43:10,824 INFO  EvoClassLoader - Instrumenting class 'org.robolectric.Robolectric'.
2024-11-12 13:43:10,824 INFO  EvoClassLoader - Error while loading class: java.lang.ClassNotFoundException: Class 'org/robolectric/Robolectric.class' should be in target project, but could not be found!
2024-11-12 13:43:10,826 INFO  log - Logging initialized @52756ms to org.eclipse.jetty.util.log.Slf4jLog
]]></system-out>
  </testcase>
  <testcase name="test006" classname="org.apache.hadoop.hdfs.tools.DFSAdmin_ESTest" time="0.039">
    <system-out><![CDATA[2024-11-12 13:43:10,859 INFO  EvoClassLoader - Seeing class for first time: org.apache.hadoop.mapred.JobConf
2024-11-12 13:43:10,859 INFO  EvoClassLoader - Instrumenting class 'org.apache.hadoop.mapred.JobConf'.
2024-11-12 13:43:10,859 INFO  EvoClassLoader - Error while loading class: java.lang.ClassNotFoundException: Class 'org/apache/hadoop/mapred/JobConf.class' should be in target project, but could not be found!
2024-11-12 13:43:10,861 INFO  EvoClassLoader - Seeing class for first time: libcore.io.Memory
2024-11-12 13:43:10,861 INFO  EvoClassLoader - Instrumenting class 'libcore.io.Memory'.
2024-11-12 13:43:10,861 INFO  EvoClassLoader - Error while loading class: java.lang.ClassNotFoundException: Class 'libcore/io/Memory.class' should be in target project, but could not be found!
2024-11-12 13:43:10,861 INFO  EvoClassLoader - Seeing class for first time: org.robolectric.Robolectric
2024-11-12 13:43:10,861 INFO  EvoClassLoader - Instrumenting class 'org.robolectric.Robolectric'.
2024-11-12 13:43:10,861 INFO  EvoClassLoader - Error while loading class: java.lang.ClassNotFoundException: Class 'org/robolectric/Robolectric.class' should be in target project, but could not be found!
2024-11-12 13:43:10,863 INFO  log - Logging initialized @52793ms to org.eclipse.jetty.util.log.Slf4jLog
]]></system-out>
    <system-err><![CDATA[NumberFormatException: For input string: "datanod"
Usage: hdfs dfsadmin [-setBalancerBandwidth <bandwidth in bytes per second>]
]]></system-err>
  </testcase>
  <testcase name="test096" classname="org.apache.hadoop.hdfs.tools.DFSAdmin_ESTest" time="0.044">
    <system-out><![CDATA[Started reconfiguration task on node [-allowsnapshot].
2024-11-12 13:43:10,903 INFO  EvoClassLoader - Seeing class for first time: org.apache.hadoop.mapred.JobConf
2024-11-12 13:43:10,903 INFO  EvoClassLoader - Instrumenting class 'org.apache.hadoop.mapred.JobConf'.
2024-11-12 13:43:10,903 INFO  EvoClassLoader - Error while loading class: java.lang.ClassNotFoundException: Class 'org/apache/hadoop/mapred/JobConf.class' should be in target project, but could not be found!
2024-11-12 13:43:10,904 INFO  EvoClassLoader - Seeing class for first time: libcore.io.Memory
2024-11-12 13:43:10,904 INFO  EvoClassLoader - Instrumenting class 'libcore.io.Memory'.
2024-11-12 13:43:10,904 INFO  EvoClassLoader - Error while loading class: java.lang.ClassNotFoundException: Class 'libcore/io/Memory.class' should be in target project, but could not be found!
2024-11-12 13:43:10,904 INFO  EvoClassLoader - Seeing class for first time: org.robolectric.Robolectric
2024-11-12 13:43:10,904 INFO  EvoClassLoader - Instrumenting class 'org.robolectric.Robolectric'.
2024-11-12 13:43:10,905 INFO  EvoClassLoader - Error while loading class: java.lang.ClassNotFoundException: Class 'org/robolectric/Robolectric.class' should be in target project, but could not be found!
2024-11-12 13:43:10,906 INFO  log - Logging initialized @52836ms to org.eclipse.jetty.util.log.Slf4jLog
]]></system-out>
    <system-err><![CDATA[Node type vETVB does not support reconfiguration.
]]></system-err>
  </testcase>
  <testcase name="test095" classname="org.apache.hadoop.hdfs.tools.DFSAdmin_ESTest" time="0.03">
    <system-out><![CDATA[2024-11-12 13:43:10,940 INFO  EvoClassLoader - Seeing class for first time: org.apache.hadoop.mapred.JobConf
2024-11-12 13:43:10,940 INFO  EvoClassLoader - Instrumenting class 'org.apache.hadoop.mapred.JobConf'.
2024-11-12 13:43:10,940 INFO  EvoClassLoader - Error while loading class: java.lang.ClassNotFoundException: Class 'org/apache/hadoop/mapred/JobConf.class' should be in target project, but could not be found!
2024-11-12 13:43:10,941 INFO  EvoClassLoader - Seeing class for first time: libcore.io.Memory
2024-11-12 13:43:10,941 INFO  EvoClassLoader - Instrumenting class 'libcore.io.Memory'.
2024-11-12 13:43:10,941 INFO  EvoClassLoader - Error while loading class: java.lang.ClassNotFoundException: Class 'libcore/io/Memory.class' should be in target project, but could not be found!
2024-11-12 13:43:10,941 INFO  EvoClassLoader - Seeing class for first time: org.robolectric.Robolectric
2024-11-12 13:43:10,941 INFO  EvoClassLoader - Instrumenting class 'org.robolectric.Robolectric'.
2024-11-12 13:43:10,941 INFO  EvoClassLoader - Error while loading class: java.lang.ClassNotFoundException: Class 'org/robolectric/Robolectric.class' should be in target project, but could not be found!
2024-11-12 13:43:10,943 INFO  log - Logging initialized @52873ms to org.eclipse.jetty.util.log.Slf4jLog
]]></system-out>
  </testcase>
  <testcase name="test094" classname="org.apache.hadoop.hdfs.tools.DFSAdmin_ESTest" time="0.035">
    <system-out><![CDATA[2024-11-12 13:43:10,975 INFO  EvoClassLoader - Seeing class for first time: org.apache.hadoop.mapred.JobConf
2024-11-12 13:43:10,975 INFO  EvoClassLoader - Instrumenting class 'org.apache.hadoop.mapred.JobConf'.
2024-11-12 13:43:10,975 INFO  EvoClassLoader - Error while loading class: java.lang.ClassNotFoundException: Class 'org/apache/hadoop/mapred/JobConf.class' should be in target project, but could not be found!
2024-11-12 13:43:10,976 INFO  EvoClassLoader - Seeing class for first time: libcore.io.Memory
2024-11-12 13:43:10,976 INFO  EvoClassLoader - Instrumenting class 'libcore.io.Memory'.
2024-11-12 13:43:10,976 INFO  EvoClassLoader - Error while loading class: java.lang.ClassNotFoundException: Class 'libcore/io/Memory.class' should be in target project, but could not be found!
2024-11-12 13:43:10,976 INFO  EvoClassLoader - Seeing class for first time: org.robolectric.Robolectric
2024-11-12 13:43:10,976 INFO  EvoClassLoader - Instrumenting class 'org.robolectric.Robolectric'.
2024-11-12 13:43:10,976 INFO  EvoClassLoader - Error while loading class: java.lang.ClassNotFoundException: Class 'org/robolectric/Robolectric.class' should be in target project, but could not be found!
2024-11-12 13:43:10,978 INFO  log - Logging initialized @52908ms to org.eclipse.jetty.util.log.Slf4jLog
]]></system-out>
  </testcase>
  <testcase name="test093" classname="org.apache.hadoop.hdfs.tools.DFSAdmin_ESTest" time="0.036">
    <system-out><![CDATA[2024-11-12 13:43:11,008 INFO  EvoClassLoader - Seeing class for first time: org.apache.hadoop.mapred.JobConf
2024-11-12 13:43:11,008 INFO  EvoClassLoader - Instrumenting class 'org.apache.hadoop.mapred.JobConf'.
2024-11-12 13:43:11,008 INFO  EvoClassLoader - Error while loading class: java.lang.ClassNotFoundException: Class 'org/apache/hadoop/mapred/JobConf.class' should be in target project, but could not be found!
2024-11-12 13:43:11,009 INFO  EvoClassLoader - Seeing class for first time: libcore.io.Memory
2024-11-12 13:43:11,009 INFO  EvoClassLoader - Instrumenting class 'libcore.io.Memory'.
2024-11-12 13:43:11,009 INFO  EvoClassLoader - Error while loading class: java.lang.ClassNotFoundException: Class 'libcore/io/Memory.class' should be in target project, but could not be found!
2024-11-12 13:43:11,009 INFO  EvoClassLoader - Seeing class for first time: org.robolectric.Robolectric
2024-11-12 13:43:11,009 INFO  EvoClassLoader - Instrumenting class 'org.robolectric.Robolectric'.
2024-11-12 13:43:11,010 INFO  EvoClassLoader - Error while loading class: java.lang.ClassNotFoundException: Class 'org/robolectric/Robolectric.class' should be in target project, but could not be found!
2024-11-12 13:43:11,011 INFO  log - Logging initialized @52941ms to org.eclipse.jetty.util.log.Slf4jLog
]]></system-out>
  </testcase>
  <testcase name="test012" classname="org.apache.hadoop.hdfs.tools.DFSAdmin_ESTest" time="0.036">
    <system-out><![CDATA[2024-11-12 13:43:11,046 INFO  EvoClassLoader - Seeing class for first time: org.apache.hadoop.mapred.JobConf
2024-11-12 13:43:11,046 INFO  EvoClassLoader - Instrumenting class 'org.apache.hadoop.mapred.JobConf'.
2024-11-12 13:43:11,046 INFO  EvoClassLoader - Error while loading class: java.lang.ClassNotFoundException: Class 'org/apache/hadoop/mapred/JobConf.class' should be in target project, but could not be found!
2024-11-12 13:43:11,047 INFO  EvoClassLoader - Seeing class for first time: libcore.io.Memory
2024-11-12 13:43:11,047 INFO  EvoClassLoader - Instrumenting class 'libcore.io.Memory'.
2024-11-12 13:43:11,047 INFO  EvoClassLoader - Error while loading class: java.lang.ClassNotFoundException: Class 'libcore/io/Memory.class' should be in target project, but could not be found!
2024-11-12 13:43:11,047 INFO  EvoClassLoader - Seeing class for first time: org.robolectric.Robolectric
2024-11-12 13:43:11,047 INFO  EvoClassLoader - Instrumenting class 'org.robolectric.Robolectric'.
2024-11-12 13:43:11,047 INFO  EvoClassLoader - Error while loading class: java.lang.ClassNotFoundException: Class 'org/robolectric/Robolectric.class' should be in target project, but could not be found!
2024-11-12 13:43:11,049 INFO  log - Logging initialized @52979ms to org.eclipse.jetty.util.log.Slf4jLog
]]></system-out>
    <system-err><![CDATA[Node type +8UDP does not support reconfiguration.
]]></system-err>
  </testcase>
  <testcase name="test011" classname="org.apache.hadoop.hdfs.tools.DFSAdmin_ESTest" time="0.04">
    <system-out><![CDATA[2024-11-12 13:43:11,083 INFO  EvoClassLoader - Seeing class for first time: org.apache.hadoop.mapred.JobConf
2024-11-12 13:43:11,083 INFO  EvoClassLoader - Instrumenting class 'org.apache.hadoop.mapred.JobConf'.
2024-11-12 13:43:11,084 INFO  EvoClassLoader - Error while loading class: java.lang.ClassNotFoundException: Class 'org/apache/hadoop/mapred/JobConf.class' should be in target project, but could not be found!
2024-11-12 13:43:11,086 INFO  EvoClassLoader - Seeing class for first time: libcore.io.Memory
2024-11-12 13:43:11,086 INFO  EvoClassLoader - Instrumenting class 'libcore.io.Memory'.
2024-11-12 13:43:11,086 INFO  EvoClassLoader - Error while loading class: java.lang.ClassNotFoundException: Class 'libcore/io/Memory.class' should be in target project, but could not be found!
2024-11-12 13:43:11,086 INFO  EvoClassLoader - Seeing class for first time: org.robolectric.Robolectric
2024-11-12 13:43:11,086 INFO  EvoClassLoader - Instrumenting class 'org.robolectric.Robolectric'.
2024-11-12 13:43:11,086 INFO  EvoClassLoader - Error while loading class: java.lang.ClassNotFoundException: Class 'org/robolectric/Robolectric.class' should be in target project, but could not be found!
2024-11-12 13:43:11,088 INFO  log - Logging initialized @53018ms to org.eclipse.jetty.util.log.Slf4jLog
]]></system-out>
  </testcase>
  <testcase name="test099" classname="org.apache.hadoop.hdfs.tools.DFSAdmin_ESTest" time="0.036">
    <system-out><![CDATA[2024-11-12 13:43:11,122 INFO  EvoClassLoader - Seeing class for first time: org.apache.hadoop.mapred.JobConf
2024-11-12 13:43:11,122 INFO  EvoClassLoader - Instrumenting class 'org.apache.hadoop.mapred.JobConf'.
2024-11-12 13:43:11,122 INFO  EvoClassLoader - Error while loading class: java.lang.ClassNotFoundException: Class 'org/apache/hadoop/mapred/JobConf.class' should be in target project, but could not be found!
2024-11-12 13:43:11,123 INFO  EvoClassLoader - Seeing class for first time: libcore.io.Memory
2024-11-12 13:43:11,123 INFO  EvoClassLoader - Instrumenting class 'libcore.io.Memory'.
2024-11-12 13:43:11,123 INFO  EvoClassLoader - Error while loading class: java.lang.ClassNotFoundException: Class 'libcore/io/Memory.class' should be in target project, but could not be found!
2024-11-12 13:43:11,123 INFO  EvoClassLoader - Seeing class for first time: org.robolectric.Robolectric
2024-11-12 13:43:11,123 INFO  EvoClassLoader - Instrumenting class 'org.robolectric.Robolectric'.
2024-11-12 13:43:11,123 INFO  EvoClassLoader - Error while loading class: java.lang.ClassNotFoundException: Class 'org/robolectric/Robolectric.class' should be in target project, but could not be found!
2024-11-12 13:43:11,126 INFO  log - Logging initialized @53056ms to org.eclipse.jetty.util.log.Slf4jLog
]]></system-out>
  </testcase>
  <testcase name="test010" classname="org.apache.hadoop.hdfs.tools.DFSAdmin_ESTest" time="0.036">
    <system-out><![CDATA[2024-11-12 13:43:11,157 INFO  EvoClassLoader - Seeing class for first time: org.apache.hadoop.mapred.JobConf
2024-11-12 13:43:11,157 INFO  EvoClassLoader - Instrumenting class 'org.apache.hadoop.mapred.JobConf'.
2024-11-12 13:43:11,157 INFO  EvoClassLoader - Error while loading class: java.lang.ClassNotFoundException: Class 'org/apache/hadoop/mapred/JobConf.class' should be in target project, but could not be found!
2024-11-12 13:43:11,159 INFO  EvoClassLoader - Seeing class for first time: libcore.io.Memory
2024-11-12 13:43:11,159 INFO  EvoClassLoader - Instrumenting class 'libcore.io.Memory'.
2024-11-12 13:43:11,159 INFO  EvoClassLoader - Error while loading class: java.lang.ClassNotFoundException: Class 'libcore/io/Memory.class' should be in target project, but could not be found!
2024-11-12 13:43:11,159 INFO  EvoClassLoader - Seeing class for first time: org.robolectric.Robolectric
2024-11-12 13:43:11,159 INFO  EvoClassLoader - Instrumenting class 'org.robolectric.Robolectric'.
2024-11-12 13:43:11,160 INFO  EvoClassLoader - Error while loading class: java.lang.ClassNotFoundException: Class 'org/robolectric/Robolectric.class' should be in target project, but could not be found!
2024-11-12 13:43:11,162 INFO  log - Logging initialized @53092ms to org.eclipse.jetty.util.log.Slf4jLog
]]></system-out>
  </testcase>
  <testcase name="test098" classname="org.apache.hadoop.hdfs.tools.DFSAdmin_ESTest" time="0.046">
    <system-out><![CDATA[2024-11-12 13:43:11,207 INFO  EvoClassLoader - Seeing class for first time: org.apache.hadoop.mapred.JobConf
2024-11-12 13:43:11,207 INFO  EvoClassLoader - Instrumenting class 'org.apache.hadoop.mapred.JobConf'.
2024-11-12 13:43:11,207 INFO  EvoClassLoader - Error while loading class: java.lang.ClassNotFoundException: Class 'org/apache/hadoop/mapred/JobConf.class' should be in target project, but could not be found!
2024-11-12 13:43:11,208 INFO  EvoClassLoader - Seeing class for first time: libcore.io.Memory
2024-11-12 13:43:11,208 INFO  EvoClassLoader - Instrumenting class 'libcore.io.Memory'.
2024-11-12 13:43:11,208 INFO  EvoClassLoader - Error while loading class: java.lang.ClassNotFoundException: Class 'libcore/io/Memory.class' should be in target project, but could not be found!
2024-11-12 13:43:11,208 INFO  EvoClassLoader - Seeing class for first time: org.robolectric.Robolectric
2024-11-12 13:43:11,208 INFO  EvoClassLoader - Instrumenting class 'org.robolectric.Robolectric'.
2024-11-12 13:43:11,208 INFO  EvoClassLoader - Error while loading class: java.lang.ClassNotFoundException: Class 'org/robolectric/Robolectric.class' should be in target project, but could not be found!
2024-11-12 13:43:11,210 INFO  log - Logging initialized @53140ms to org.eclipse.jetty.util.log.Slf4jLog
]]></system-out>
    <system-err><![CDATA[Unknown operation: -inmaintenance
]]></system-err>
  </testcase>
  <testcase name="test097" classname="org.apache.hadoop.hdfs.tools.DFSAdmin_ESTest" time="0.031">
    <system-out><![CDATA[2024-11-12 13:43:11,237 INFO  EvoClassLoader - Seeing class for first time: org.apache.hadoop.mapred.JobConf
2024-11-12 13:43:11,237 INFO  EvoClassLoader - Instrumenting class 'org.apache.hadoop.mapred.JobConf'.
2024-11-12 13:43:11,238 INFO  EvoClassLoader - Error while loading class: java.lang.ClassNotFoundException: Class 'org/apache/hadoop/mapred/JobConf.class' should be in target project, but could not be found!
2024-11-12 13:43:11,239 INFO  EvoClassLoader - Seeing class for first time: libcore.io.Memory
2024-11-12 13:43:11,239 INFO  EvoClassLoader - Instrumenting class 'libcore.io.Memory'.
2024-11-12 13:43:11,240 INFO  EvoClassLoader - Error while loading class: java.lang.ClassNotFoundException: Class 'libcore/io/Memory.class' should be in target project, but could not be found!
2024-11-12 13:43:11,240 INFO  EvoClassLoader - Seeing class for first time: org.robolectric.Robolectric
2024-11-12 13:43:11,240 INFO  EvoClassLoader - Instrumenting class 'org.robolectric.Robolectric'.
2024-11-12 13:43:11,240 INFO  EvoClassLoader - Error while loading class: java.lang.ClassNotFoundException: Class 'org/robolectric/Robolectric.class' should be in target project, but could not be found!
2024-11-12 13:43:11,242 INFO  log - Logging initialized @53172ms to org.eclipse.jetty.util.log.Slf4jLog
]]></system-out>
    <system-err><![CDATA[Only datanode type supports reconfiguration in bulk.
]]></system-err>
  </testcase>
  <testcase name="test092" classname="org.apache.hadoop.hdfs.tools.DFSAdmin_ESTest" time="0.037">
    <system-out><![CDATA[2024-11-12 13:43:11,273 INFO  EvoClassLoader - Seeing class for first time: org.apache.hadoop.mapred.JobConf
2024-11-12 13:43:11,273 INFO  EvoClassLoader - Instrumenting class 'org.apache.hadoop.mapred.JobConf'.
2024-11-12 13:43:11,273 INFO  EvoClassLoader - Error while loading class: java.lang.ClassNotFoundException: Class 'org/apache/hadoop/mapred/JobConf.class' should be in target project, but could not be found!
2024-11-12 13:43:11,275 INFO  EvoClassLoader - Seeing class for first time: libcore.io.Memory
2024-11-12 13:43:11,275 INFO  EvoClassLoader - Instrumenting class 'libcore.io.Memory'.
2024-11-12 13:43:11,275 INFO  EvoClassLoader - Error while loading class: java.lang.ClassNotFoundException: Class 'libcore/io/Memory.class' should be in target project, but could not be found!
2024-11-12 13:43:11,275 INFO  EvoClassLoader - Seeing class for first time: org.robolectric.Robolectric
2024-11-12 13:43:11,275 INFO  EvoClassLoader - Instrumenting class 'org.robolectric.Robolectric'.
2024-11-12 13:43:11,275 INFO  EvoClassLoader - Error while loading class: java.lang.ClassNotFoundException: Class 'org/robolectric/Robolectric.class' should be in target project, but could not be found!
2024-11-12 13:43:11,277 INFO  log - Logging initialized @53207ms to org.eclipse.jetty.util.log.Slf4jLog
]]></system-out>
    <system-err><![CDATA[Usage: hdfs dfsadmin [-report] [-live] [-dead] [-decommissioning] [-enteringmaintenance] [-inmaintenance] [-slownodes]
]]></system-err>
  </testcase>
  <testcase name="test091" classname="org.apache.hadoop.hdfs.tools.DFSAdmin_ESTest" time="0.036">
    <system-out><![CDATA[2024-11-12 13:43:11,308 INFO  EvoClassLoader - Seeing class for first time: org.apache.hadoop.mapred.JobConf
2024-11-12 13:43:11,308 INFO  EvoClassLoader - Instrumenting class 'org.apache.hadoop.mapred.JobConf'.
2024-11-12 13:43:11,308 INFO  EvoClassLoader - Error while loading class: java.lang.ClassNotFoundException: Class 'org/apache/hadoop/mapred/JobConf.class' should be in target project, but could not be found!
2024-11-12 13:43:11,309 INFO  EvoClassLoader - Seeing class for first time: libcore.io.Memory
2024-11-12 13:43:11,309 INFO  EvoClassLoader - Instrumenting class 'libcore.io.Memory'.
2024-11-12 13:43:11,309 INFO  EvoClassLoader - Error while loading class: java.lang.ClassNotFoundException: Class 'libcore/io/Memory.class' should be in target project, but could not be found!
2024-11-12 13:43:11,309 INFO  EvoClassLoader - Seeing class for first time: org.robolectric.Robolectric
2024-11-12 13:43:11,309 INFO  EvoClassLoader - Instrumenting class 'org.robolectric.Robolectric'.
2024-11-12 13:43:11,310 INFO  EvoClassLoader - Error while loading class: java.lang.ClassNotFoundException: Class 'org/robolectric/Robolectric.class' should be in target project, but could not be found!
2024-11-12 13:43:11,311 INFO  log - Logging initialized @53241ms to org.eclipse.jetty.util.log.Slf4jLog
]]></system-out>
    <system-err><![CDATA[Usage: hdfs dfsadmin [-allowSnapshot <snapshotDir>]
]]></system-err>
  </testcase>
  <testcase name="test090" classname="org.apache.hadoop.hdfs.tools.DFSAdmin_ESTest" time="0.037">
    <system-out><![CDATA[2024-11-12 13:43:11,342 INFO  EvoClassLoader - Seeing class for first time: org.apache.hadoop.mapred.JobConf
2024-11-12 13:43:11,342 INFO  EvoClassLoader - Instrumenting class 'org.apache.hadoop.mapred.JobConf'.
2024-11-12 13:43:11,342 INFO  EvoClassLoader - Error while loading class: java.lang.ClassNotFoundException: Class 'org/apache/hadoop/mapred/JobConf.class' should be in target project, but could not be found!
2024-11-12 13:43:11,343 INFO  EvoClassLoader - Seeing class for first time: libcore.io.Memory
2024-11-12 13:43:11,343 INFO  EvoClassLoader - Instrumenting class 'libcore.io.Memory'.
2024-11-12 13:43:11,343 INFO  EvoClassLoader - Error while loading class: java.lang.ClassNotFoundException: Class 'libcore/io/Memory.class' should be in target project, but could not be found!
2024-11-12 13:43:11,343 INFO  EvoClassLoader - Seeing class for first time: org.robolectric.Robolectric
2024-11-12 13:43:11,343 INFO  EvoClassLoader - Instrumenting class 'org.robolectric.Robolectric'.
2024-11-12 13:43:11,343 INFO  EvoClassLoader - Error while loading class: java.lang.ClassNotFoundException: Class 'org/robolectric/Robolectric.class' should be in target project, but could not be found!
2024-11-12 13:43:11,345 INFO  log - Logging initialized @53275ms to org.eclipse.jetty.util.log.Slf4jLog
]]></system-out>
    <system-err><![CDATA[Usage: hdfs dfsadmin [-disallowSnapshot <snapshotDir>]
]]></system-err>
  </testcase>
  <testcase name="test115" classname="org.apache.hadoop.hdfs.tools.DFSAdmin_ESTest" time="0.029">
    <system-out><![CDATA[2024-11-12 13:43:11,376 INFO  EvoClassLoader - Seeing class for first time: org.apache.hadoop.mapred.JobConf
2024-11-12 13:43:11,376 INFO  EvoClassLoader - Instrumenting class 'org.apache.hadoop.mapred.JobConf'.
2024-11-12 13:43:11,376 INFO  EvoClassLoader - Error while loading class: java.lang.ClassNotFoundException: Class 'org/apache/hadoop/mapred/JobConf.class' should be in target project, but could not be found!
2024-11-12 13:43:11,378 INFO  EvoClassLoader - Seeing class for first time: libcore.io.Memory
2024-11-12 13:43:11,378 INFO  EvoClassLoader - Instrumenting class 'libcore.io.Memory'.
2024-11-12 13:43:11,378 INFO  EvoClassLoader - Error while loading class: java.lang.ClassNotFoundException: Class 'libcore/io/Memory.class' should be in target project, but could not be found!
2024-11-12 13:43:11,378 INFO  EvoClassLoader - Seeing class for first time: org.robolectric.Robolectric
2024-11-12 13:43:11,378 INFO  EvoClassLoader - Instrumenting class 'org.robolectric.Robolectric'.
2024-11-12 13:43:11,378 INFO  EvoClassLoader - Error while loading class: java.lang.ClassNotFoundException: Class 'org/robolectric/Robolectric.class' should be in target project, but could not be found!
2024-11-12 13:43:11,379 INFO  log - Logging initialized @53309ms to org.eclipse.jetty.util.log.Slf4jLog
]]></system-out>
  </testcase>
  <testcase name="test114" classname="org.apache.hadoop.hdfs.tools.DFSAdmin_ESTest" time="0.037">
    <system-out><![CDATA[2024-11-12 13:43:11,410 INFO  EvoClassLoader - Seeing class for first time: org.apache.hadoop.mapred.JobConf
2024-11-12 13:43:11,410 INFO  EvoClassLoader - Instrumenting class 'org.apache.hadoop.mapred.JobConf'.
2024-11-12 13:43:11,411 INFO  EvoClassLoader - Error while loading class: java.lang.ClassNotFoundException: Class 'org/apache/hadoop/mapred/JobConf.class' should be in target project, but could not be found!
2024-11-12 13:43:11,412 INFO  EvoClassLoader - Seeing class for first time: libcore.io.Memory
2024-11-12 13:43:11,412 INFO  EvoClassLoader - Instrumenting class 'libcore.io.Memory'.
2024-11-12 13:43:11,412 INFO  EvoClassLoader - Error while loading class: java.lang.ClassNotFoundException: Class 'libcore/io/Memory.class' should be in target project, but could not be found!
2024-11-12 13:43:11,412 INFO  EvoClassLoader - Seeing class for first time: org.robolectric.Robolectric
2024-11-12 13:43:11,412 INFO  EvoClassLoader - Instrumenting class 'org.robolectric.Robolectric'.
2024-11-12 13:43:11,412 INFO  EvoClassLoader - Error while loading class: java.lang.ClassNotFoundException: Class 'org/robolectric/Robolectric.class' should be in target project, but could not be found!
2024-11-12 13:43:11,414 INFO  log - Logging initialized @53344ms to org.eclipse.jetty.util.log.Slf4jLog
]]></system-out>
  </testcase>
  <testcase name="test113" classname="org.apache.hadoop.hdfs.tools.DFSAdmin_ESTest" time="0.041">
    <system-out><![CDATA[2024-11-12 13:43:11,452 INFO  EvoClassLoader - Seeing class for first time: org.apache.hadoop.mapred.JobConf
2024-11-12 13:43:11,452 INFO  EvoClassLoader - Instrumenting class 'org.apache.hadoop.mapred.JobConf'.
2024-11-12 13:43:11,452 INFO  EvoClassLoader - Error while loading class: java.lang.ClassNotFoundException: Class 'org/apache/hadoop/mapred/JobConf.class' should be in target project, but could not be found!
2024-11-12 13:43:11,454 INFO  EvoClassLoader - Seeing class for first time: libcore.io.Memory
2024-11-12 13:43:11,454 INFO  EvoClassLoader - Instrumenting class 'libcore.io.Memory'.
2024-11-12 13:43:11,454 INFO  EvoClassLoader - Error while loading class: java.lang.ClassNotFoundException: Class 'libcore/io/Memory.class' should be in target project, but could not be found!
2024-11-12 13:43:11,454 INFO  EvoClassLoader - Seeing class for first time: org.robolectric.Robolectric
2024-11-12 13:43:11,454 INFO  EvoClassLoader - Instrumenting class 'org.robolectric.Robolectric'.
2024-11-12 13:43:11,454 INFO  EvoClassLoader - Error while loading class: java.lang.ClassNotFoundException: Class 'org/robolectric/Robolectric.class' should be in target project, but could not be found!
2024-11-12 13:43:11,456 INFO  log - Logging initialized @53386ms to org.eclipse.jetty.util.log.Slf4jLog
]]></system-out>
  </testcase>
  <testcase name="test079" classname="org.apache.hadoop.hdfs.tools.DFSAdmin_ESTest" time="0.034">
    <system-out><![CDATA[2024-11-12 13:43:11,487 INFO  EvoClassLoader - Seeing class for first time: org.apache.hadoop.mapred.JobConf
2024-11-12 13:43:11,487 INFO  EvoClassLoader - Instrumenting class 'org.apache.hadoop.mapred.JobConf'.
2024-11-12 13:43:11,487 INFO  EvoClassLoader - Error while loading class: java.lang.ClassNotFoundException: Class 'org/apache/hadoop/mapred/JobConf.class' should be in target project, but could not be found!
2024-11-12 13:43:11,488 INFO  EvoClassLoader - Seeing class for first time: libcore.io.Memory
2024-11-12 13:43:11,488 INFO  EvoClassLoader - Instrumenting class 'libcore.io.Memory'.
2024-11-12 13:43:11,489 INFO  EvoClassLoader - Error while loading class: java.lang.ClassNotFoundException: Class 'libcore/io/Memory.class' should be in target project, but could not be found!
2024-11-12 13:43:11,489 INFO  EvoClassLoader - Seeing class for first time: org.robolectric.Robolectric
2024-11-12 13:43:11,489 INFO  EvoClassLoader - Instrumenting class 'org.robolectric.Robolectric'.
2024-11-12 13:43:11,489 INFO  EvoClassLoader - Error while loading class: java.lang.ClassNotFoundException: Class 'org/robolectric/Robolectric.class' should be in target project, but could not be found!
2024-11-12 13:43:11,491 INFO  log - Logging initialized @53421ms to org.eclipse.jetty.util.log.Slf4jLog
]]></system-out>
    <system-err><![CDATA[Usage: hdfs dfsadmin [-upgrade query | finalize]
]]></system-err>
  </testcase>
  <testcase name="test112" classname="org.apache.hadoop.hdfs.tools.DFSAdmin_ESTest" time="0.036">
    <system-out><![CDATA[2024-11-12 13:43:11,522 INFO  EvoClassLoader - Seeing class for first time: org.apache.hadoop.mapred.JobConf
2024-11-12 13:43:11,522 INFO  EvoClassLoader - Instrumenting class 'org.apache.hadoop.mapred.JobConf'.
2024-11-12 13:43:11,522 INFO  EvoClassLoader - Error while loading class: java.lang.ClassNotFoundException: Class 'org/apache/hadoop/mapred/JobConf.class' should be in target project, but could not be found!
2024-11-12 13:43:11,525 INFO  EvoClassLoader - Seeing class for first time: libcore.io.Memory
2024-11-12 13:43:11,525 INFO  EvoClassLoader - Instrumenting class 'libcore.io.Memory'.
2024-11-12 13:43:11,525 INFO  EvoClassLoader - Error while loading class: java.lang.ClassNotFoundException: Class 'libcore/io/Memory.class' should be in target project, but could not be found!
2024-11-12 13:43:11,525 INFO  EvoClassLoader - Seeing class for first time: org.robolectric.Robolectric
2024-11-12 13:43:11,525 INFO  EvoClassLoader - Instrumenting class 'org.robolectric.Robolectric'.
2024-11-12 13:43:11,525 INFO  EvoClassLoader - Error while loading class: java.lang.ClassNotFoundException: Class 'org/robolectric/Robolectric.class' should be in target project, but could not be found!
2024-11-12 13:43:11,527 INFO  log - Logging initialized @53457ms to org.eclipse.jetty.util.log.Slf4jLog
]]></system-out>
  </testcase>
  <testcase name="test119" classname="org.apache.hadoop.hdfs.tools.DFSAdmin_ESTest" time="0.035">
    <system-out><![CDATA[2024-11-12 13:43:11,557 INFO  EvoClassLoader - Seeing class for first time: org.apache.hadoop.mapred.JobConf
2024-11-12 13:43:11,557 INFO  EvoClassLoader - Instrumenting class 'org.apache.hadoop.mapred.JobConf'.
2024-11-12 13:43:11,557 INFO  EvoClassLoader - Error while loading class: java.lang.ClassNotFoundException: Class 'org/apache/hadoop/mapred/JobConf.class' should be in target project, but could not be found!
2024-11-12 13:43:11,559 INFO  EvoClassLoader - Seeing class for first time: libcore.io.Memory
2024-11-12 13:43:11,559 INFO  EvoClassLoader - Instrumenting class 'libcore.io.Memory'.
2024-11-12 13:43:11,559 INFO  EvoClassLoader - Error while loading class: java.lang.ClassNotFoundException: Class 'libcore/io/Memory.class' should be in target project, but could not be found!
2024-11-12 13:43:11,559 INFO  EvoClassLoader - Seeing class for first time: org.robolectric.Robolectric
2024-11-12 13:43:11,559 INFO  EvoClassLoader - Instrumenting class 'org.robolectric.Robolectric'.
2024-11-12 13:43:11,559 INFO  EvoClassLoader - Error while loading class: java.lang.ClassNotFoundException: Class 'org/robolectric/Robolectric.class' should be in target project, but could not be found!
2024-11-12 13:43:11,561 INFO  log - Logging initialized @53491ms to org.eclipse.jetty.util.log.Slf4jLog
]]></system-out>
  </testcase>
  <testcase name="test118" classname="org.apache.hadoop.hdfs.tools.DFSAdmin_ESTest" time="0.037">
    <system-out><![CDATA[2024-11-12 13:43:11,595 INFO  EvoClassLoader - Seeing class for first time: org.apache.hadoop.mapred.JobConf
2024-11-12 13:43:11,595 INFO  EvoClassLoader - Instrumenting class 'org.apache.hadoop.mapred.JobConf'.
2024-11-12 13:43:11,596 INFO  EvoClassLoader - Error while loading class: java.lang.ClassNotFoundException: Class 'org/apache/hadoop/mapred/JobConf.class' should be in target project, but could not be found!
2024-11-12 13:43:11,597 INFO  EvoClassLoader - Seeing class for first time: libcore.io.Memory
2024-11-12 13:43:11,597 INFO  EvoClassLoader - Instrumenting class 'libcore.io.Memory'.
2024-11-12 13:43:11,597 INFO  EvoClassLoader - Error while loading class: java.lang.ClassNotFoundException: Class 'libcore/io/Memory.class' should be in target project, but could not be found!
2024-11-12 13:43:11,597 INFO  EvoClassLoader - Seeing class for first time: org.robolectric.Robolectric
2024-11-12 13:43:11,597 INFO  EvoClassLoader - Instrumenting class 'org.robolectric.Robolectric'.
2024-11-12 13:43:11,598 INFO  EvoClassLoader - Error while loading class: java.lang.ClassNotFoundException: Class 'org/robolectric/Robolectric.class' should be in target project, but could not be found!
2024-11-12 13:43:11,599 INFO  log - Logging initialized @53529ms to org.eclipse.jetty.util.log.Slf4jLog
]]></system-out>
  </testcase>
  <testcase name="test117" classname="org.apache.hadoop.hdfs.tools.DFSAdmin_ESTest" time="0.036">
    <system-out><![CDATA[2024-11-12 13:43:11,630 INFO  EvoClassLoader - Seeing class for first time: org.apache.hadoop.mapred.JobConf
2024-11-12 13:43:11,630 INFO  EvoClassLoader - Instrumenting class 'org.apache.hadoop.mapred.JobConf'.
2024-11-12 13:43:11,630 INFO  EvoClassLoader - Error while loading class: java.lang.ClassNotFoundException: Class 'org/apache/hadoop/mapred/JobConf.class' should be in target project, but could not be found!
2024-11-12 13:43:11,631 INFO  EvoClassLoader - Seeing class for first time: libcore.io.Memory
2024-11-12 13:43:11,632 INFO  EvoClassLoader - Instrumenting class 'libcore.io.Memory'.
2024-11-12 13:43:11,632 INFO  EvoClassLoader - Error while loading class: java.lang.ClassNotFoundException: Class 'libcore/io/Memory.class' should be in target project, but could not be found!
2024-11-12 13:43:11,632 INFO  EvoClassLoader - Seeing class for first time: org.robolectric.Robolectric
2024-11-12 13:43:11,632 INFO  EvoClassLoader - Instrumenting class 'org.robolectric.Robolectric'.
2024-11-12 13:43:11,632 INFO  EvoClassLoader - Error while loading class: java.lang.ClassNotFoundException: Class 'org/robolectric/Robolectric.class' should be in target project, but could not be found!
2024-11-12 13:43:11,635 INFO  log - Logging initialized @53565ms to org.eclipse.jetty.util.log.Slf4jLog
]]></system-out>
  </testcase>
  <testcase name="test116" classname="org.apache.hadoop.hdfs.tools.DFSAdmin_ESTest" time="0.039">
    <system-out><![CDATA[2024-11-12 13:43:11,668 INFO  EvoClassLoader - Seeing class for first time: org.apache.hadoop.mapred.JobConf
2024-11-12 13:43:11,668 INFO  EvoClassLoader - Instrumenting class 'org.apache.hadoop.mapred.JobConf'.
2024-11-12 13:43:11,669 INFO  EvoClassLoader - Error while loading class: java.lang.ClassNotFoundException: Class 'org/apache/hadoop/mapred/JobConf.class' should be in target project, but could not be found!
2024-11-12 13:43:11,670 INFO  EvoClassLoader - Seeing class for first time: libcore.io.Memory
2024-11-12 13:43:11,671 INFO  EvoClassLoader - Instrumenting class 'libcore.io.Memory'.
2024-11-12 13:43:11,671 INFO  EvoClassLoader - Error while loading class: java.lang.ClassNotFoundException: Class 'libcore/io/Memory.class' should be in target project, but could not be found!
2024-11-12 13:43:11,671 INFO  EvoClassLoader - Seeing class for first time: org.robolectric.Robolectric
2024-11-12 13:43:11,671 INFO  EvoClassLoader - Instrumenting class 'org.robolectric.Robolectric'.
2024-11-12 13:43:11,671 INFO  EvoClassLoader - Error while loading class: java.lang.ClassNotFoundException: Class 'org/robolectric/Robolectric.class' should be in target project, but could not be found!
2024-11-12 13:43:11,675 INFO  log - Logging initialized @53605ms to org.eclipse.jetty.util.log.Slf4jLog
]]></system-out>
  </testcase>
  <testcase name="test085" classname="org.apache.hadoop.hdfs.tools.DFSAdmin_ESTest" time="0.035">
    <system-out><![CDATA[2024-11-12 13:43:11,707 INFO  EvoClassLoader - Seeing class for first time: org.apache.hadoop.mapred.JobConf
2024-11-12 13:43:11,707 INFO  EvoClassLoader - Instrumenting class 'org.apache.hadoop.mapred.JobConf'.
2024-11-12 13:43:11,707 INFO  EvoClassLoader - Error while loading class: java.lang.ClassNotFoundException: Class 'org/apache/hadoop/mapred/JobConf.class' should be in target project, but could not be found!
2024-11-12 13:43:11,708 INFO  EvoClassLoader - Seeing class for first time: libcore.io.Memory
2024-11-12 13:43:11,708 INFO  EvoClassLoader - Instrumenting class 'libcore.io.Memory'.
2024-11-12 13:43:11,708 INFO  EvoClassLoader - Error while loading class: java.lang.ClassNotFoundException: Class 'libcore/io/Memory.class' should be in target project, but could not be found!
2024-11-12 13:43:11,708 INFO  EvoClassLoader - Seeing class for first time: org.robolectric.Robolectric
2024-11-12 13:43:11,708 INFO  EvoClassLoader - Instrumenting class 'org.robolectric.Robolectric'.
2024-11-12 13:43:11,708 INFO  EvoClassLoader - Error while loading class: java.lang.ClassNotFoundException: Class 'org/robolectric/Robolectric.class' should be in target project, but could not be found!
2024-11-12 13:43:11,710 INFO  log - Logging initialized @53640ms to org.eclipse.jetty.util.log.Slf4jLog
]]></system-out>
    <system-err><![CDATA[Usage: hdfs dfsadmin [-getVolumeReport datanode-host:ipc_port]
]]></system-err>
  </testcase>
  <testcase name="test084" classname="org.apache.hadoop.hdfs.tools.DFSAdmin_ESTest" time="0.037">
    <system-out><![CDATA[2024-11-12 13:43:11,741 INFO  EvoClassLoader - Seeing class for first time: org.apache.hadoop.mapred.JobConf
2024-11-12 13:43:11,741 INFO  EvoClassLoader - Instrumenting class 'org.apache.hadoop.mapred.JobConf'.
2024-11-12 13:43:11,742 INFO  EvoClassLoader - Error while loading class: java.lang.ClassNotFoundException: Class 'org/apache/hadoop/mapred/JobConf.class' should be in target project, but could not be found!
2024-11-12 13:43:11,743 INFO  EvoClassLoader - Seeing class for first time: libcore.io.Memory
2024-11-12 13:43:11,743 INFO  EvoClassLoader - Instrumenting class 'libcore.io.Memory'.
2024-11-12 13:43:11,743 INFO  EvoClassLoader - Error while loading class: java.lang.ClassNotFoundException: Class 'libcore/io/Memory.class' should be in target project, but could not be found!
2024-11-12 13:43:11,744 INFO  EvoClassLoader - Seeing class for first time: org.robolectric.Robolectric
2024-11-12 13:43:11,744 INFO  EvoClassLoader - Instrumenting class 'org.robolectric.Robolectric'.
2024-11-12 13:43:11,744 INFO  EvoClassLoader - Error while loading class: java.lang.ClassNotFoundException: Class 'org/robolectric/Robolectric.class' should be in target project, but could not be found!
2024-11-12 13:43:11,745 INFO  log - Logging initialized @53675ms to org.eclipse.jetty.util.log.Slf4jLog
]]></system-out>
    <system-err><![CDATA[Usage: hdfs dfsadmin [-setBalancerBandwidth <bandwidth in bytes per second>]
]]></system-err>
  </testcase>
  <testcase name="test083" classname="org.apache.hadoop.hdfs.tools.DFSAdmin_ESTest" time="0.037">
    <system-out><![CDATA[2024-11-12 13:43:11,777 INFO  EvoClassLoader - Seeing class for first time: org.apache.hadoop.mapred.JobConf
2024-11-12 13:43:11,777 INFO  EvoClassLoader - Instrumenting class 'org.apache.hadoop.mapred.JobConf'.
2024-11-12 13:43:11,778 INFO  EvoClassLoader - Error while loading class: java.lang.ClassNotFoundException: Class 'org/apache/hadoop/mapred/JobConf.class' should be in target project, but could not be found!
2024-11-12 13:43:11,779 INFO  EvoClassLoader - Seeing class for first time: libcore.io.Memory
2024-11-12 13:43:11,779 INFO  EvoClassLoader - Instrumenting class 'libcore.io.Memory'.
2024-11-12 13:43:11,779 INFO  EvoClassLoader - Error while loading class: java.lang.ClassNotFoundException: Class 'libcore/io/Memory.class' should be in target project, but could not be found!
2024-11-12 13:43:11,779 INFO  EvoClassLoader - Seeing class for first time: org.robolectric.Robolectric
2024-11-12 13:43:11,779 INFO  EvoClassLoader - Instrumenting class 'org.robolectric.Robolectric'.
2024-11-12 13:43:11,779 INFO  EvoClassLoader - Error while loading class: java.lang.ClassNotFoundException: Class 'org/robolectric/Robolectric.class' should be in target project, but could not be found!
2024-11-12 13:43:11,783 INFO  log - Logging initialized @53713ms to org.eclipse.jetty.util.log.Slf4jLog
]]></system-out>
    <system-err><![CDATA[Usage: hdfs dfsadmin [-getDatanodeInfo <datanode_host:ipc_port>]
]]></system-err>
  </testcase>
  <testcase name="test082" classname="org.apache.hadoop.hdfs.tools.DFSAdmin_ESTest" time="0.035">
    <system-out><![CDATA[2024-11-12 13:43:11,814 INFO  EvoClassLoader - Seeing class for first time: org.apache.hadoop.mapred.JobConf
2024-11-12 13:43:11,814 INFO  EvoClassLoader - Instrumenting class 'org.apache.hadoop.mapred.JobConf'.
2024-11-12 13:43:11,815 INFO  EvoClassLoader - Error while loading class: java.lang.ClassNotFoundException: Class 'org/apache/hadoop/mapred/JobConf.class' should be in target project, but could not be found!
2024-11-12 13:43:11,817 INFO  EvoClassLoader - Seeing class for first time: libcore.io.Memory
2024-11-12 13:43:11,817 INFO  EvoClassLoader - Instrumenting class 'libcore.io.Memory'.
2024-11-12 13:43:11,817 INFO  EvoClassLoader - Error while loading class: java.lang.ClassNotFoundException: Class 'libcore/io/Memory.class' should be in target project, but could not be found!
2024-11-12 13:43:11,817 INFO  EvoClassLoader - Seeing class for first time: org.robolectric.Robolectric
2024-11-12 13:43:11,817 INFO  EvoClassLoader - Instrumenting class 'org.robolectric.Robolectric'.
2024-11-12 13:43:11,817 INFO  EvoClassLoader - Error while loading class: java.lang.ClassNotFoundException: Class 'org/robolectric/Robolectric.class' should be in target project, but could not be found!
2024-11-12 13:43:11,819 INFO  log - Logging initialized @53749ms to org.eclipse.jetty.util.log.Slf4jLog
]]></system-out>
    <system-err><![CDATA[Usage: hdfs dfsadmin [-triggerBlockReport [-incremental] <datanode_host:ipc_port> [-namenode <namenode_host:ipc_port>]]
]]></system-err>
  </testcase>
  <testcase name="test001" classname="org.apache.hadoop.hdfs.tools.DFSAdmin_ESTest" time="0.033">
    <system-out><![CDATA[2024-11-12 13:43:11,849 INFO  EvoClassLoader - Seeing class for first time: org.apache.hadoop.mapred.JobConf
2024-11-12 13:43:11,849 INFO  EvoClassLoader - Instrumenting class 'org.apache.hadoop.mapred.JobConf'.
2024-11-12 13:43:11,849 INFO  EvoClassLoader - Error while loading class: java.lang.ClassNotFoundException: Class 'org/apache/hadoop/mapred/JobConf.class' should be in target project, but could not be found!
2024-11-12 13:43:11,851 INFO  EvoClassLoader - Seeing class for first time: libcore.io.Memory
2024-11-12 13:43:11,851 INFO  EvoClassLoader - Instrumenting class 'libcore.io.Memory'.
2024-11-12 13:43:11,851 INFO  EvoClassLoader - Error while loading class: java.lang.ClassNotFoundException: Class 'libcore/io/Memory.class' should be in target project, but could not be found!
2024-11-12 13:43:11,851 INFO  EvoClassLoader - Seeing class for first time: org.robolectric.Robolectric
2024-11-12 13:43:11,851 INFO  EvoClassLoader - Instrumenting class 'org.robolectric.Robolectric'.
2024-11-12 13:43:11,851 INFO  EvoClassLoader - Error while loading class: java.lang.ClassNotFoundException: Class 'org/robolectric/Robolectric.class' should be in target project, but could not be found!
2024-11-12 13:43:11,853 INFO  log - Logging initialized @53783ms to org.eclipse.jetty.util.log.Slf4jLog
]]></system-out>
    <system-err><![CDATA[You must specify a host:port pair.
]]></system-err>
  </testcase>
  <testcase name="test089" classname="org.apache.hadoop.hdfs.tools.DFSAdmin_ESTest" time="0.035">
    <system-out><![CDATA[2024-11-12 13:43:11,883 INFO  EvoClassLoader - Seeing class for first time: org.apache.hadoop.mapred.JobConf
2024-11-12 13:43:11,883 INFO  EvoClassLoader - Instrumenting class 'org.apache.hadoop.mapred.JobConf'.
2024-11-12 13:43:11,883 INFO  EvoClassLoader - Error while loading class: java.lang.ClassNotFoundException: Class 'org/apache/hadoop/mapred/JobConf.class' should be in target project, but could not be found!
2024-11-12 13:43:11,885 INFO  EvoClassLoader - Seeing class for first time: libcore.io.Memory
2024-11-12 13:43:11,885 INFO  EvoClassLoader - Instrumenting class 'libcore.io.Memory'.
2024-11-12 13:43:11,885 INFO  EvoClassLoader - Error while loading class: java.lang.ClassNotFoundException: Class 'libcore/io/Memory.class' should be in target project, but could not be found!
2024-11-12 13:43:11,885 INFO  EvoClassLoader - Seeing class for first time: org.robolectric.Robolectric
2024-11-12 13:43:11,885 INFO  EvoClassLoader - Instrumenting class 'org.robolectric.Robolectric'.
2024-11-12 13:43:11,885 INFO  EvoClassLoader - Error while loading class: java.lang.ClassNotFoundException: Class 'org/robolectric/Robolectric.class' should be in target project, but could not be found!
2024-11-12 13:43:11,887 INFO  log - Logging initialized @53817ms to org.eclipse.jetty.util.log.Slf4jLog
]]></system-out>
    <system-err><![CDATA[Usage: hdfs dfsadmin [-rollEdits]
]]></system-err>
  </testcase>
  <testcase name="test000" classname="org.apache.hadoop.hdfs.tools.DFSAdmin_ESTest" time="0.032">
    <system-out><![CDATA[2024-11-12 13:43:11,916 INFO  EvoClassLoader - Seeing class for first time: org.apache.hadoop.mapred.JobConf
2024-11-12 13:43:11,916 INFO  EvoClassLoader - Instrumenting class 'org.apache.hadoop.mapred.JobConf'.
2024-11-12 13:43:11,917 INFO  EvoClassLoader - Error while loading class: java.lang.ClassNotFoundException: Class 'org/apache/hadoop/mapred/JobConf.class' should be in target project, but could not be found!
2024-11-12 13:43:11,918 INFO  EvoClassLoader - Seeing class for first time: libcore.io.Memory
2024-11-12 13:43:11,918 INFO  EvoClassLoader - Instrumenting class 'libcore.io.Memory'.
2024-11-12 13:43:11,918 INFO  EvoClassLoader - Error while loading class: java.lang.ClassNotFoundException: Class 'libcore/io/Memory.class' should be in target project, but could not be found!
2024-11-12 13:43:11,918 INFO  EvoClassLoader - Seeing class for first time: org.robolectric.Robolectric
2024-11-12 13:43:11,918 INFO  EvoClassLoader - Instrumenting class 'org.robolectric.Robolectric'.
2024-11-12 13:43:11,918 INFO  EvoClassLoader - Error while loading class: java.lang.ClassNotFoundException: Class 'org/robolectric/Robolectric.class' should be in target project, but could not be found!
2024-11-12 13:43:11,920 INFO  log - Logging initialized @53850ms to org.eclipse.jetty.util.log.Slf4jLog
]]></system-out>
    <system-err><![CDATA[Usage: hdfs dfsadmin [-allowSnapshot <snapshotDir>]
]]></system-err>
  </testcase>
  <testcase name="test088" classname="org.apache.hadoop.hdfs.tools.DFSAdmin_ESTest" time="0.037">
    <system-out><![CDATA[2024-11-12 13:43:11,954 INFO  EvoClassLoader - Seeing class for first time: org.apache.hadoop.mapred.JobConf
2024-11-12 13:43:11,954 INFO  EvoClassLoader - Instrumenting class 'org.apache.hadoop.mapred.JobConf'.
2024-11-12 13:43:11,954 INFO  EvoClassLoader - Error while loading class: java.lang.ClassNotFoundException: Class 'org/apache/hadoop/mapred/JobConf.class' should be in target project, but could not be found!
2024-11-12 13:43:11,955 INFO  EvoClassLoader - Seeing class for first time: libcore.io.Memory
2024-11-12 13:43:11,955 INFO  EvoClassLoader - Instrumenting class 'libcore.io.Memory'.
2024-11-12 13:43:11,956 INFO  EvoClassLoader - Error while loading class: java.lang.ClassNotFoundException: Class 'libcore/io/Memory.class' should be in target project, but could not be found!
2024-11-12 13:43:11,956 INFO  EvoClassLoader - Seeing class for first time: org.robolectric.Robolectric
2024-11-12 13:43:11,956 INFO  EvoClassLoader - Instrumenting class 'org.robolectric.Robolectric'.
2024-11-12 13:43:11,956 INFO  EvoClassLoader - Error while loading class: java.lang.ClassNotFoundException: Class 'org/robolectric/Robolectric.class' should be in target project, but could not be found!
2024-11-12 13:43:11,957 INFO  log - Logging initialized @53887ms to org.eclipse.jetty.util.log.Slf4jLog
]]></system-out>
    <system-err><![CDATA[Usage: hdfs dfsadmin [-refreshNodes]
]]></system-err>
  </testcase>
  <testcase name="test087" classname="org.apache.hadoop.hdfs.tools.DFSAdmin_ESTest" time="0.034">
    <system-out><![CDATA[2024-11-12 13:43:11,985 INFO  EvoClassLoader - Seeing class for first time: org.apache.hadoop.mapred.JobConf
2024-11-12 13:43:11,985 INFO  EvoClassLoader - Instrumenting class 'org.apache.hadoop.mapred.JobConf'.
2024-11-12 13:43:11,985 INFO  EvoClassLoader - Error while loading class: java.lang.ClassNotFoundException: Class 'org/apache/hadoop/mapred/JobConf.class' should be in target project, but could not be found!
2024-11-12 13:43:11,986 INFO  EvoClassLoader - Seeing class for first time: libcore.io.Memory
2024-11-12 13:43:11,986 INFO  EvoClassLoader - Instrumenting class 'libcore.io.Memory'.
2024-11-12 13:43:11,986 INFO  EvoClassLoader - Error while loading class: java.lang.ClassNotFoundException: Class 'libcore/io/Memory.class' should be in target project, but could not be found!
2024-11-12 13:43:11,986 INFO  EvoClassLoader - Seeing class for first time: org.robolectric.Robolectric
2024-11-12 13:43:11,986 INFO  EvoClassLoader - Instrumenting class 'org.robolectric.Robolectric'.
2024-11-12 13:43:11,986 INFO  EvoClassLoader - Error while loading class: java.lang.ClassNotFoundException: Class 'org/robolectric/Robolectric.class' should be in target project, but could not be found!
2024-11-12 13:43:11,988 INFO  log - Logging initialized @53918ms to org.eclipse.jetty.util.log.Slf4jLog
]]></system-out>
    <system-err><![CDATA[Usage: hdfs dfsadmin [-reconfig <namenode|datanode> <host:ipc_port|livenodes> <start|status|properties>]
]]></system-err>
  </testcase>
  <testcase name="test086" classname="org.apache.hadoop.hdfs.tools.DFSAdmin_ESTest" time="0.033">
    <system-out><![CDATA[2024-11-12 13:43:12,018 INFO  EvoClassLoader - Seeing class for first time: org.apache.hadoop.mapred.JobConf
2024-11-12 13:43:12,018 INFO  EvoClassLoader - Instrumenting class 'org.apache.hadoop.mapred.JobConf'.
2024-11-12 13:43:12,018 INFO  EvoClassLoader - Error while loading class: java.lang.ClassNotFoundException: Class 'org/apache/hadoop/mapred/JobConf.class' should be in target project, but could not be found!
2024-11-12 13:43:12,020 INFO  EvoClassLoader - Seeing class for first time: libcore.io.Memory
2024-11-12 13:43:12,020 INFO  EvoClassLoader - Instrumenting class 'libcore.io.Memory'.
2024-11-12 13:43:12,020 INFO  EvoClassLoader - Error while loading class: java.lang.ClassNotFoundException: Class 'libcore/io/Memory.class' should be in target project, but could not be found!
2024-11-12 13:43:12,020 INFO  EvoClassLoader - Seeing class for first time: org.robolectric.Robolectric
2024-11-12 13:43:12,020 INFO  EvoClassLoader - Instrumenting class 'org.robolectric.Robolectric'.
2024-11-12 13:43:12,021 INFO  EvoClassLoader - Error while loading class: java.lang.ClassNotFoundException: Class 'org/robolectric/Robolectric.class' should be in target project, but could not be found!
2024-11-12 13:43:12,022 INFO  log - Logging initialized @53952ms to org.eclipse.jetty.util.log.Slf4jLog
]]></system-out>
    <system-err><![CDATA[Usage: hdfs dfsadmin [-refresh <hostname:ipc_port> <resource_identifier> [arg1..argn]
]]></system-err>
  </testcase>
  <testcase name="test081" classname="org.apache.hadoop.hdfs.tools.DFSAdmin_ESTest" time="0.034">
    <system-out><![CDATA[2024-11-12 13:43:12,053 INFO  EvoClassLoader - Seeing class for first time: org.apache.hadoop.mapred.JobConf
2024-11-12 13:43:12,053 INFO  EvoClassLoader - Instrumenting class 'org.apache.hadoop.mapred.JobConf'.
2024-11-12 13:43:12,053 INFO  EvoClassLoader - Error while loading class: java.lang.ClassNotFoundException: Class 'org/apache/hadoop/mapred/JobConf.class' should be in target project, but could not be found!
2024-11-12 13:43:12,055 INFO  EvoClassLoader - Seeing class for first time: libcore.io.Memory
2024-11-12 13:43:12,055 INFO  EvoClassLoader - Instrumenting class 'libcore.io.Memory'.
2024-11-12 13:43:12,055 INFO  EvoClassLoader - Error while loading class: java.lang.ClassNotFoundException: Class 'libcore/io/Memory.class' should be in target project, but could not be found!
2024-11-12 13:43:12,055 INFO  EvoClassLoader - Seeing class for first time: org.robolectric.Robolectric
2024-11-12 13:43:12,055 INFO  EvoClassLoader - Instrumenting class 'org.robolectric.Robolectric'.
2024-11-12 13:43:12,055 INFO  EvoClassLoader - Error while loading class: java.lang.ClassNotFoundException: Class 'org/robolectric/Robolectric.class' should be in target project, but could not be found!
2024-11-12 13:43:12,057 INFO  log - Logging initialized @53987ms to org.eclipse.jetty.util.log.Slf4jLog
]]></system-out>
  </testcase>
  <testcase name="test080" classname="org.apache.hadoop.hdfs.tools.DFSAdmin_ESTest" time="0.037">
    <system-out><![CDATA[2024-11-12 13:43:12,090 INFO  EvoClassLoader - Seeing class for first time: org.apache.hadoop.mapred.JobConf
2024-11-12 13:43:12,090 INFO  EvoClassLoader - Instrumenting class 'org.apache.hadoop.mapred.JobConf'.
2024-11-12 13:43:12,090 INFO  EvoClassLoader - Error while loading class: java.lang.ClassNotFoundException: Class 'org/apache/hadoop/mapred/JobConf.class' should be in target project, but could not be found!
2024-11-12 13:43:12,091 INFO  EvoClassLoader - Seeing class for first time: libcore.io.Memory
2024-11-12 13:43:12,091 INFO  EvoClassLoader - Instrumenting class 'libcore.io.Memory'.
2024-11-12 13:43:12,092 INFO  EvoClassLoader - Error while loading class: java.lang.ClassNotFoundException: Class 'libcore/io/Memory.class' should be in target project, but could not be found!
2024-11-12 13:43:12,092 INFO  EvoClassLoader - Seeing class for first time: org.robolectric.Robolectric
2024-11-12 13:43:12,092 INFO  EvoClassLoader - Instrumenting class 'org.robolectric.Robolectric'.
2024-11-12 13:43:12,092 INFO  EvoClassLoader - Error while loading class: java.lang.ClassNotFoundException: Class 'org/robolectric/Robolectric.class' should be in target project, but could not be found!
2024-11-12 13:43:12,093 INFO  log - Logging initialized @54023ms to org.eclipse.jetty.util.log.Slf4jLog
]]></system-out>
  </testcase>
  <testcase name="test109" classname="org.apache.hadoop.hdfs.tools.DFSAdmin_ESTest" time="0.043">
    <system-out><![CDATA[2024-11-12 13:43:12,124 INFO  EvoClassLoader - Seeing class for first time: org.apache.hadoop.mapred.JobConf
2024-11-12 13:43:12,124 INFO  EvoClassLoader - Instrumenting class 'org.apache.hadoop.mapred.JobConf'.
2024-11-12 13:43:12,124 INFO  EvoClassLoader - Error while loading class: java.lang.ClassNotFoundException: Class 'org/apache/hadoop/mapred/JobConf.class' should be in target project, but could not be found!
2024-11-12 13:43:12,126 INFO  EvoClassLoader - Seeing class for first time: libcore.io.Memory
2024-11-12 13:43:12,126 INFO  EvoClassLoader - Instrumenting class 'libcore.io.Memory'.
2024-11-12 13:43:12,126 INFO  EvoClassLoader - Error while loading class: java.lang.ClassNotFoundException: Class 'libcore/io/Memory.class' should be in target project, but could not be found!
2024-11-12 13:43:12,126 INFO  EvoClassLoader - Seeing class for first time: org.robolectric.Robolectric
2024-11-12 13:43:12,126 INFO  EvoClassLoader - Instrumenting class 'org.robolectric.Robolectric'.
2024-11-12 13:43:12,126 INFO  EvoClassLoader - Error while loading class: java.lang.ClassNotFoundException: Class 'org/robolectric/Robolectric.class' should be in target project, but could not be found!
2024-11-12 13:43:12,128 INFO  log - Logging initialized @54058ms to org.eclipse.jetty.util.log.Slf4jLog
]]></system-out>
    <system-err><![CDATA[Usage: hdfs dfsadmin
Note: Administrative commands can only be run as the HDFS superuser.
	[-report [-live] [-dead] [-decommissioning] [-enteringmaintenance] [-inmaintenance] [-slownodes]]
	[-safemode <enter | leave | get | wait | forceExit>]
	[-saveNamespace [-beforeShutdown]]
	[-rollEdits]
	[-restoreFailedStorage true|false|check]
	[-refreshNodes]
	[-setQuota <quota> <dirname>...<dirname>]
	[-clrQuota <dirname>...<dirname>]
	[-setSpaceQuota <quota> [-storageType <storagetype>] <dirname>...<dirname>]
	[-clrSpaceQuota [-storageType <storagetype>] <dirname>...<dirname>]
	[-finalizeUpgrade]
	[-rollingUpgrade [<query|prepare|finalize>]]
	[-upgrade <query | finalize>]
	[-refreshServiceAcl]
	[-refreshUserToGroupsMappings]
	[-refreshSuperUserGroupsConfiguration]
	[-refreshCallQueue]
	[-refresh <host:ipc_port> <key> [arg1..argn]
	[-reconfig <namenode|datanode> <host:ipc_port|livenodes> <start|status|properties>]
	[-printTopology]
	[-refreshNamenodes datanode_host:ipc_port]
	[-getVolumeReport datanode_host:ipc_port]
	[-deleteBlockPool datanode_host:ipc_port blockpoolId [force]]
	[-setBalancerBandwidth <bandwidth in bytes per second>]
	[-getBalancerBandwidth <datanode_host:ipc_port>]
	[-fetchImage <local directory>]
	[-allowSnapshot <snapshotDir>]
	[-disallowSnapshot <snapshotDir>]
	[-provisionSnapshotTrash <snapshotDir> [-all]]
	[-shutdownDatanode <datanode_host:ipc_port> [upgrade]]
	[-evictWriters <datanode_host:ipc_port>]
	[-getDatanodeInfo <datanode_host:ipc_port>]
	[-metasave filename]
	[-triggerBlockReport [-incremental] <datanode_host:ipc_port> [-namenode <namenode_host:ipc_port>]]
	[-listOpenFiles [-blockingDecommission] [-path <path>]]
	[-help [cmd]]

Generic options supported are:
-conf <configuration file>        specify an application configuration file
-D <property=value>               define a value for a given property
-fs <file:///|hdfs://namenode:port> specify default filesystem URL to use, overrides 'fs.defaultFS' property from configurations.
-jt <local|resourcemanager:port>  specify a ResourceManager
-files <file1,...>                specify a comma-separated list of files to be copied to the map reduce cluster
-libjars <jar1,...>               specify a comma-separated list of jar files to be included in the classpath
-archives <archive1,...>          specify a comma-separated list of archives to be unarchived on the compute machines

The general command line syntax is:
command [genericOptions] [commandOptions]

]]></system-err>
  </testcase>
  <testcase name="test104" classname="org.apache.hadoop.hdfs.tools.DFSAdmin_ESTest" time="0.03">
    <system-out><![CDATA[2024-11-12 13:43:12,162 INFO  EvoClassLoader - Seeing class for first time: org.apache.hadoop.mapred.JobConf
2024-11-12 13:43:12,162 INFO  EvoClassLoader - Instrumenting class 'org.apache.hadoop.mapred.JobConf'.
2024-11-12 13:43:12,162 INFO  EvoClassLoader - Error while loading class: java.lang.ClassNotFoundException: Class 'org/apache/hadoop/mapred/JobConf.class' should be in target project, but could not be found!
2024-11-12 13:43:12,163 INFO  EvoClassLoader - Seeing class for first time: libcore.io.Memory
2024-11-12 13:43:12,164 INFO  EvoClassLoader - Instrumenting class 'libcore.io.Memory'.
2024-11-12 13:43:12,164 INFO  EvoClassLoader - Error while loading class: java.lang.ClassNotFoundException: Class 'libcore/io/Memory.class' should be in target project, but could not be found!
2024-11-12 13:43:12,164 INFO  EvoClassLoader - Seeing class for first time: org.robolectric.Robolectric
2024-11-12 13:43:12,164 INFO  EvoClassLoader - Instrumenting class 'org.robolectric.Robolectric'.
2024-11-12 13:43:12,164 INFO  EvoClassLoader - Error while loading class: java.lang.ClassNotFoundException: Class 'org/robolectric/Robolectric.class' should be in target project, but could not be found!
2024-11-12 13:43:12,166 INFO  log - Logging initialized @54096ms to org.eclipse.jetty.util.log.Slf4jLog
]]></system-out>
    <system-err><![CDATA[restoreFailedStorage valid args are true|false|check
]]></system-err>
  </testcase>
  <testcase name="test103" classname="org.apache.hadoop.hdfs.tools.DFSAdmin_ESTest" time="0.035">
    <system-out><![CDATA[2024-11-12 13:43:12,198 INFO  EvoClassLoader - Seeing class for first time: org.apache.hadoop.mapred.JobConf
2024-11-12 13:43:12,198 INFO  EvoClassLoader - Instrumenting class 'org.apache.hadoop.mapred.JobConf'.
2024-11-12 13:43:12,198 INFO  EvoClassLoader - Error while loading class: java.lang.ClassNotFoundException: Class 'org/apache/hadoop/mapred/JobConf.class' should be in target project, but could not be found!
2024-11-12 13:43:12,199 INFO  EvoClassLoader - Seeing class for first time: libcore.io.Memory
2024-11-12 13:43:12,199 INFO  EvoClassLoader - Instrumenting class 'libcore.io.Memory'.
2024-11-12 13:43:12,199 INFO  EvoClassLoader - Error while loading class: java.lang.ClassNotFoundException: Class 'libcore/io/Memory.class' should be in target project, but could not be found!
2024-11-12 13:43:12,199 INFO  EvoClassLoader - Seeing class for first time: org.robolectric.Robolectric
2024-11-12 13:43:12,199 INFO  EvoClassLoader - Instrumenting class 'org.robolectric.Robolectric'.
2024-11-12 13:43:12,200 INFO  EvoClassLoader - Error while loading class: java.lang.ClassNotFoundException: Class 'org/robolectric/Robolectric.class' should be in target project, but could not be found!
2024-11-12 13:43:12,202 INFO  log - Logging initialized @54132ms to org.eclipse.jetty.util.log.Slf4jLog
]]></system-out>
  </testcase>
  <testcase name="test069" classname="org.apache.hadoop.hdfs.tools.DFSAdmin_ESTest" time="0.036">
    <system-out><![CDATA[2024-11-12 13:43:12,232 INFO  EvoClassLoader - Seeing class for first time: org.apache.hadoop.mapred.JobConf
2024-11-12 13:43:12,232 INFO  EvoClassLoader - Instrumenting class 'org.apache.hadoop.mapred.JobConf'.
2024-11-12 13:43:12,232 INFO  EvoClassLoader - Error while loading class: java.lang.ClassNotFoundException: Class 'org/apache/hadoop/mapred/JobConf.class' should be in target project, but could not be found!
2024-11-12 13:43:12,234 INFO  EvoClassLoader - Seeing class for first time: libcore.io.Memory
2024-11-12 13:43:12,234 INFO  EvoClassLoader - Instrumenting class 'libcore.io.Memory'.
2024-11-12 13:43:12,234 INFO  EvoClassLoader - Error while loading class: java.lang.ClassNotFoundException: Class 'libcore/io/Memory.class' should be in target project, but could not be found!
2024-11-12 13:43:12,234 INFO  EvoClassLoader - Seeing class for first time: org.robolectric.Robolectric
2024-11-12 13:43:12,234 INFO  EvoClassLoader - Instrumenting class 'org.robolectric.Robolectric'.
2024-11-12 13:43:12,234 INFO  EvoClassLoader - Error while loading class: java.lang.ClassNotFoundException: Class 'org/robolectric/Robolectric.class' should be in target project, but could not be found!
2024-11-12 13:43:12,236 INFO  log - Logging initialized @54166ms to org.eclipse.jetty.util.log.Slf4jLog
]]></system-out>
  </testcase>
  <testcase name="test102" classname="org.apache.hadoop.hdfs.tools.DFSAdmin_ESTest" time="0.036">
    <system-out><![CDATA[2024-11-12 13:43:12,269 INFO  EvoClassLoader - Seeing class for first time: org.apache.hadoop.mapred.JobConf
2024-11-12 13:43:12,269 INFO  EvoClassLoader - Instrumenting class 'org.apache.hadoop.mapred.JobConf'.
2024-11-12 13:43:12,269 INFO  EvoClassLoader - Error while loading class: java.lang.ClassNotFoundException: Class 'org/apache/hadoop/mapred/JobConf.class' should be in target project, but could not be found!
2024-11-12 13:43:12,270 INFO  EvoClassLoader - Seeing class for first time: libcore.io.Memory
2024-11-12 13:43:12,270 INFO  EvoClassLoader - Instrumenting class 'libcore.io.Memory'.
2024-11-12 13:43:12,271 INFO  EvoClassLoader - Error while loading class: java.lang.ClassNotFoundException: Class 'libcore/io/Memory.class' should be in target project, but could not be found!
2024-11-12 13:43:12,271 INFO  EvoClassLoader - Seeing class for first time: org.robolectric.Robolectric
2024-11-12 13:43:12,271 INFO  EvoClassLoader - Instrumenting class 'org.robolectric.Robolectric'.
2024-11-12 13:43:12,271 INFO  EvoClassLoader - Error while loading class: java.lang.ClassNotFoundException: Class 'org/robolectric/Robolectric.class' should be in target project, but could not be found!
2024-11-12 13:43:12,273 INFO  log - Logging initialized @54203ms to org.eclipse.jetty.util.log.Slf4jLog
]]></system-out>
  </testcase>
  <testcase name="test068" classname="org.apache.hadoop.hdfs.tools.DFSAdmin_ESTest" time="0.038">
    <system-out><![CDATA[2024-11-12 13:43:12,307 INFO  EvoClassLoader - Seeing class for first time: org.apache.hadoop.mapred.JobConf
2024-11-12 13:43:12,307 INFO  EvoClassLoader - Instrumenting class 'org.apache.hadoop.mapred.JobConf'.
2024-11-12 13:43:12,307 INFO  EvoClassLoader - Error while loading class: java.lang.ClassNotFoundException: Class 'org/apache/hadoop/mapred/JobConf.class' should be in target project, but could not be found!
2024-11-12 13:43:12,309 INFO  EvoClassLoader - Seeing class for first time: libcore.io.Memory
2024-11-12 13:43:12,309 INFO  EvoClassLoader - Instrumenting class 'libcore.io.Memory'.
2024-11-12 13:43:12,309 INFO  EvoClassLoader - Error while loading class: java.lang.ClassNotFoundException: Class 'libcore/io/Memory.class' should be in target project, but could not be found!
2024-11-12 13:43:12,309 INFO  EvoClassLoader - Seeing class for first time: org.robolectric.Robolectric
2024-11-12 13:43:12,309 INFO  EvoClassLoader - Instrumenting class 'org.robolectric.Robolectric'.
2024-11-12 13:43:12,309 INFO  EvoClassLoader - Error while loading class: java.lang.ClassNotFoundException: Class 'org/robolectric/Robolectric.class' should be in target project, but could not be found!
2024-11-12 13:43:12,310 INFO  log - Logging initialized @54240ms to org.eclipse.jetty.util.log.Slf4jLog
]]></system-out>
  </testcase>
  <testcase name="test101" classname="org.apache.hadoop.hdfs.tools.DFSAdmin_ESTest" time="0.044">
    <system-out><![CDATA[2024-11-12 13:43:12,352 INFO  EvoClassLoader - Seeing class for first time: org.apache.hadoop.mapred.JobConf
2024-11-12 13:43:12,352 INFO  EvoClassLoader - Instrumenting class 'org.apache.hadoop.mapred.JobConf'.
2024-11-12 13:43:12,352 INFO  EvoClassLoader - Error while loading class: java.lang.ClassNotFoundException: Class 'org/apache/hadoop/mapred/JobConf.class' should be in target project, but could not be found!
2024-11-12 13:43:12,353 INFO  EvoClassLoader - Seeing class for first time: libcore.io.Memory
2024-11-12 13:43:12,353 INFO  EvoClassLoader - Instrumenting class 'libcore.io.Memory'.
2024-11-12 13:43:12,354 INFO  EvoClassLoader - Error while loading class: java.lang.ClassNotFoundException: Class 'libcore/io/Memory.class' should be in target project, but could not be found!
2024-11-12 13:43:12,354 INFO  EvoClassLoader - Seeing class for first time: org.robolectric.Robolectric
2024-11-12 13:43:12,354 INFO  EvoClassLoader - Instrumenting class 'org.robolectric.Robolectric'.
2024-11-12 13:43:12,354 INFO  EvoClassLoader - Error while loading class: java.lang.ClassNotFoundException: Class 'org/robolectric/Robolectric.class' should be in target project, but could not be found!
2024-11-12 13:43:12,355 INFO  log - Logging initialized @54285ms to org.eclipse.jetty.util.log.Slf4jLog
]]></system-out>
    <system-err><![CDATA[Usage: hdfs dfsadmin [-upgrade query | finalize]
]]></system-err>
  </testcase>
  <testcase name="test108" classname="org.apache.hadoop.hdfs.tools.DFSAdmin_ESTest" time="0.03">
    <system-out><![CDATA[2024-11-12 13:43:12,383 INFO  EvoClassLoader - Seeing class for first time: org.apache.hadoop.mapred.JobConf
2024-11-12 13:43:12,383 INFO  EvoClassLoader - Instrumenting class 'org.apache.hadoop.mapred.JobConf'.
2024-11-12 13:43:12,383 INFO  EvoClassLoader - Error while loading class: java.lang.ClassNotFoundException: Class 'org/apache/hadoop/mapred/JobConf.class' should be in target project, but could not be found!
2024-11-12 13:43:12,384 INFO  EvoClassLoader - Seeing class for first time: libcore.io.Memory
2024-11-12 13:43:12,384 INFO  EvoClassLoader - Instrumenting class 'libcore.io.Memory'.
2024-11-12 13:43:12,384 INFO  EvoClassLoader - Error while loading class: java.lang.ClassNotFoundException: Class 'libcore/io/Memory.class' should be in target project, but could not be found!
2024-11-12 13:43:12,384 INFO  EvoClassLoader - Seeing class for first time: org.robolectric.Robolectric
2024-11-12 13:43:12,384 INFO  EvoClassLoader - Instrumenting class 'org.robolectric.Robolectric'.
2024-11-12 13:43:12,385 INFO  EvoClassLoader - Error while loading class: java.lang.ClassNotFoundException: Class 'org/robolectric/Robolectric.class' should be in target project, but could not be found!
2024-11-12 13:43:12,386 INFO  log - Logging initialized @54316ms to org.eclipse.jetty.util.log.Slf4jLog
]]></system-out>
    <system-err><![CDATA[Usage: hdfs dfsadmin [-safemode enter | leave | get | wait | forceExit]
]]></system-err>
  </testcase>
  <testcase name="test107" classname="org.apache.hadoop.hdfs.tools.DFSAdmin_ESTest" time="0.034">
    <system-out><![CDATA[2024-11-12 13:43:12,413 INFO  EvoClassLoader - Seeing class for first time: org.apache.hadoop.mapred.JobConf
2024-11-12 13:43:12,413 INFO  EvoClassLoader - Instrumenting class 'org.apache.hadoop.mapred.JobConf'.
2024-11-12 13:43:12,413 INFO  EvoClassLoader - Error while loading class: java.lang.ClassNotFoundException: Class 'org/apache/hadoop/mapred/JobConf.class' should be in target project, but could not be found!
2024-11-12 13:43:12,414 INFO  EvoClassLoader - Seeing class for first time: libcore.io.Memory
2024-11-12 13:43:12,414 INFO  EvoClassLoader - Instrumenting class 'libcore.io.Memory'.
2024-11-12 13:43:12,414 INFO  EvoClassLoader - Error while loading class: java.lang.ClassNotFoundException: Class 'libcore/io/Memory.class' should be in target project, but could not be found!
2024-11-12 13:43:12,414 INFO  EvoClassLoader - Seeing class for first time: org.robolectric.Robolectric
2024-11-12 13:43:12,414 INFO  EvoClassLoader - Instrumenting class 'org.robolectric.Robolectric'.
2024-11-12 13:43:12,414 INFO  EvoClassLoader - Error while loading class: java.lang.ClassNotFoundException: Class 'org/robolectric/Robolectric.class' should be in target project, but could not be found!
2024-11-12 13:43:12,416 INFO  log - Logging initialized @54346ms to org.eclipse.jetty.util.log.Slf4jLog
]]></system-out>
    <system-err><![CDATA[Usage: hdfs dfsadmin [-safemode enter | leave | get | wait | forceExit]
]]></system-err>
  </testcase>
  <testcase name="test106" classname="org.apache.hadoop.hdfs.tools.DFSAdmin_ESTest" time="0.039">
    <system-out><![CDATA[2024-11-12 13:43:12,451 INFO  EvoClassLoader - Seeing class for first time: org.apache.hadoop.mapred.JobConf
2024-11-12 13:43:12,451 INFO  EvoClassLoader - Instrumenting class 'org.apache.hadoop.mapred.JobConf'.
2024-11-12 13:43:12,451 INFO  EvoClassLoader - Error while loading class: java.lang.ClassNotFoundException: Class 'org/apache/hadoop/mapred/JobConf.class' should be in target project, but could not be found!
2024-11-12 13:43:12,453 INFO  EvoClassLoader - Seeing class for first time: libcore.io.Memory
2024-11-12 13:43:12,453 INFO  EvoClassLoader - Instrumenting class 'libcore.io.Memory'.
2024-11-12 13:43:12,453 INFO  EvoClassLoader - Error while loading class: java.lang.ClassNotFoundException: Class 'libcore/io/Memory.class' should be in target project, but could not be found!
2024-11-12 13:43:12,453 INFO  EvoClassLoader - Seeing class for first time: org.robolectric.Robolectric
2024-11-12 13:43:12,453 INFO  EvoClassLoader - Instrumenting class 'org.robolectric.Robolectric'.
2024-11-12 13:43:12,453 INFO  EvoClassLoader - Error while loading class: java.lang.ClassNotFoundException: Class 'org/robolectric/Robolectric.class' should be in target project, but could not be found!
2024-11-12 13:43:12,455 INFO  log - Logging initialized @54385ms to org.eclipse.jetty.util.log.Slf4jLog
]]></system-out>
    <system-err><![CDATA[Can't understand arguments: |FZ*`4QT):"}8 r2p -finalizeUpgrade: Finalize upgrade of HDFS.
		Datanodes delete their previous version working directories,
		followed by Namenode doing the same.
		This completes the upgrade process.
 Can't understand arguments:  ;
]]></system-err>
  </testcase>
  <testcase name="test105" classname="org.apache.hadoop.hdfs.tools.DFSAdmin_ESTest" time="0.052">
    <system-out><![CDATA[2024-11-12 13:43:12,497 INFO  EvoClassLoader - Seeing class for first time: org.apache.hadoop.mapred.JobConf
2024-11-12 13:43:12,497 INFO  EvoClassLoader - Instrumenting class 'org.apache.hadoop.mapred.JobConf'.
2024-11-12 13:43:12,498 INFO  EvoClassLoader - Error while loading class: java.lang.ClassNotFoundException: Class 'org/apache/hadoop/mapred/JobConf.class' should be in target project, but could not be found!
2024-11-12 13:43:12,500 INFO  EvoClassLoader - Seeing class for first time: libcore.io.Memory
2024-11-12 13:43:12,500 INFO  EvoClassLoader - Instrumenting class 'libcore.io.Memory'.
2024-11-12 13:43:12,501 INFO  EvoClassLoader - Error while loading class: java.lang.ClassNotFoundException: Class 'libcore/io/Memory.class' should be in target project, but could not be found!
2024-11-12 13:43:12,501 INFO  EvoClassLoader - Seeing class for first time: org.robolectric.Robolectric
2024-11-12 13:43:12,501 INFO  EvoClassLoader - Instrumenting class 'org.robolectric.Robolectric'.
2024-11-12 13:43:12,501 INFO  EvoClassLoader - Error while loading class: java.lang.ClassNotFoundException: Class 'org/robolectric/Robolectric.class' should be in target project, but could not be found!
2024-11-12 13:43:12,504 INFO  log - Logging initialized @54434ms to org.eclipse.jetty.util.log.Slf4jLog
]]></system-out>
  </testcase>
  <testcase name="test074" classname="org.apache.hadoop.hdfs.tools.DFSAdmin_ESTest" time="0.052">
    <system-out><![CDATA[2024-11-12 13:43:12,552 INFO  EvoClassLoader - Seeing class for first time: org.apache.hadoop.mapred.JobConf
2024-11-12 13:43:12,552 INFO  EvoClassLoader - Instrumenting class 'org.apache.hadoop.mapred.JobConf'.
2024-11-12 13:43:12,552 INFO  EvoClassLoader - Error while loading class: java.lang.ClassNotFoundException: Class 'org/apache/hadoop/mapred/JobConf.class' should be in target project, but could not be found!
2024-11-12 13:43:12,554 INFO  EvoClassLoader - Seeing class for first time: libcore.io.Memory
2024-11-12 13:43:12,554 INFO  EvoClassLoader - Instrumenting class 'libcore.io.Memory'.
2024-11-12 13:43:12,554 INFO  EvoClassLoader - Error while loading class: java.lang.ClassNotFoundException: Class 'libcore/io/Memory.class' should be in target project, but could not be found!
2024-11-12 13:43:12,554 INFO  EvoClassLoader - Seeing class for first time: org.robolectric.Robolectric
2024-11-12 13:43:12,554 INFO  EvoClassLoader - Instrumenting class 'org.robolectric.Robolectric'.
2024-11-12 13:43:12,554 INFO  EvoClassLoader - Error while loading class: java.lang.ClassNotFoundException: Class 'org/robolectric/Robolectric.class' should be in target project, but could not be found!
2024-11-12 13:43:12,556 INFO  log - Logging initialized @54486ms to org.eclipse.jetty.util.log.Slf4jLog
]]></system-out>
  </testcase>
  <testcase name="test073" classname="org.apache.hadoop.hdfs.tools.DFSAdmin_ESTest" time="0.06">
    <system-out><![CDATA[2024-11-12 13:43:12,610 INFO  EvoClassLoader - Seeing class for first time: org.apache.hadoop.mapred.JobConf
2024-11-12 13:43:12,610 INFO  EvoClassLoader - Instrumenting class 'org.apache.hadoop.mapred.JobConf'.
2024-11-12 13:43:12,610 INFO  EvoClassLoader - Error while loading class: java.lang.ClassNotFoundException: Class 'org/apache/hadoop/mapred/JobConf.class' should be in target project, but could not be found!
2024-11-12 13:43:12,612 INFO  EvoClassLoader - Seeing class for first time: libcore.io.Memory
2024-11-12 13:43:12,612 INFO  EvoClassLoader - Instrumenting class 'libcore.io.Memory'.
2024-11-12 13:43:12,613 INFO  EvoClassLoader - Error while loading class: java.lang.ClassNotFoundException: Class 'libcore/io/Memory.class' should be in target project, but could not be found!
2024-11-12 13:43:12,613 INFO  EvoClassLoader - Seeing class for first time: org.robolectric.Robolectric
2024-11-12 13:43:12,613 INFO  EvoClassLoader - Instrumenting class 'org.robolectric.Robolectric'.
2024-11-12 13:43:12,613 INFO  EvoClassLoader - Error while loading class: java.lang.ClassNotFoundException: Class 'org/robolectric/Robolectric.class' should be in target project, but could not be found!
2024-11-12 13:43:12,616 INFO  log - Logging initialized @54546ms to org.eclipse.jetty.util.log.Slf4jLog
]]></system-out>
    <system-err><![CDATA[Usage: hdfs dfsadmin [-triggerBlockReport [-incremental] <datanode_host:ipc_port> [-namenode <namenode_host:ipc_port>]]
]]></system-err>
  </testcase>
  <testcase name="test072" classname="org.apache.hadoop.hdfs.tools.DFSAdmin_ESTest" time="0.055">
    <system-out><![CDATA[2024-11-12 13:43:12,665 INFO  EvoClassLoader - Seeing class for first time: org.apache.hadoop.mapred.JobConf
2024-11-12 13:43:12,665 INFO  EvoClassLoader - Instrumenting class 'org.apache.hadoop.mapred.JobConf'.
2024-11-12 13:43:12,665 INFO  EvoClassLoader - Error while loading class: java.lang.ClassNotFoundException: Class 'org/apache/hadoop/mapred/JobConf.class' should be in target project, but could not be found!
2024-11-12 13:43:12,669 INFO  EvoClassLoader - Seeing class for first time: libcore.io.Memory
2024-11-12 13:43:12,669 INFO  EvoClassLoader - Instrumenting class 'libcore.io.Memory'.
2024-11-12 13:43:12,669 INFO  EvoClassLoader - Error while loading class: java.lang.ClassNotFoundException: Class 'libcore/io/Memory.class' should be in target project, but could not be found!
2024-11-12 13:43:12,669 INFO  EvoClassLoader - Seeing class for first time: org.robolectric.Robolectric
2024-11-12 13:43:12,669 INFO  EvoClassLoader - Instrumenting class 'org.robolectric.Robolectric'.
2024-11-12 13:43:12,670 INFO  EvoClassLoader - Error while loading class: java.lang.ClassNotFoundException: Class 'org/robolectric/Robolectric.class' should be in target project, but could not be found!
2024-11-12 13:43:12,672 INFO  log - Logging initialized @54602ms to org.eclipse.jetty.util.log.Slf4jLog
]]></system-out>
  </testcase>
  <testcase name="test071" classname="org.apache.hadoop.hdfs.tools.DFSAdmin_ESTest" time="0.046">
    <system-out><![CDATA[2024-11-12 13:43:12,715 INFO  EvoClassLoader - Seeing class for first time: org.apache.hadoop.mapred.JobConf
2024-11-12 13:43:12,715 INFO  EvoClassLoader - Instrumenting class 'org.apache.hadoop.mapred.JobConf'.
2024-11-12 13:43:12,715 INFO  EvoClassLoader - Error while loading class: java.lang.ClassNotFoundException: Class 'org/apache/hadoop/mapred/JobConf.class' should be in target project, but could not be found!
2024-11-12 13:43:12,717 INFO  EvoClassLoader - Seeing class for first time: libcore.io.Memory
2024-11-12 13:43:12,717 INFO  EvoClassLoader - Instrumenting class 'libcore.io.Memory'.
2024-11-12 13:43:12,717 INFO  EvoClassLoader - Error while loading class: java.lang.ClassNotFoundException: Class 'libcore/io/Memory.class' should be in target project, but could not be found!
2024-11-12 13:43:12,717 INFO  EvoClassLoader - Seeing class for first time: org.robolectric.Robolectric
2024-11-12 13:43:12,717 INFO  EvoClassLoader - Instrumenting class 'org.robolectric.Robolectric'.
2024-11-12 13:43:12,717 INFO  EvoClassLoader - Error while loading class: java.lang.ClassNotFoundException: Class 'org/robolectric/Robolectric.class' should be in target project, but could not be found!
2024-11-12 13:43:12,719 INFO  log - Logging initialized @54649ms to org.eclipse.jetty.util.log.Slf4jLog
]]></system-out>
  </testcase>
  <testcase name="test078" classname="org.apache.hadoop.hdfs.tools.DFSAdmin_ESTest" time="0.042">
    <system-out><![CDATA[2024-11-12 13:43:12,759 INFO  EvoClassLoader - Seeing class for first time: org.apache.hadoop.mapred.JobConf
2024-11-12 13:43:12,759 INFO  EvoClassLoader - Instrumenting class 'org.apache.hadoop.mapred.JobConf'.
2024-11-12 13:43:12,759 INFO  EvoClassLoader - Error while loading class: java.lang.ClassNotFoundException: Class 'org/apache/hadoop/mapred/JobConf.class' should be in target project, but could not be found!
2024-11-12 13:43:12,761 INFO  EvoClassLoader - Seeing class for first time: libcore.io.Memory
2024-11-12 13:43:12,761 INFO  EvoClassLoader - Instrumenting class 'libcore.io.Memory'.
2024-11-12 13:43:12,761 INFO  EvoClassLoader - Error while loading class: java.lang.ClassNotFoundException: Class 'libcore/io/Memory.class' should be in target project, but could not be found!
2024-11-12 13:43:12,761 INFO  EvoClassLoader - Seeing class for first time: org.robolectric.Robolectric
2024-11-12 13:43:12,761 INFO  EvoClassLoader - Instrumenting class 'org.robolectric.Robolectric'.
2024-11-12 13:43:12,761 INFO  EvoClassLoader - Error while loading class: java.lang.ClassNotFoundException: Class 'org/robolectric/Robolectric.class' should be in target project, but could not be found!
2024-11-12 13:43:12,763 INFO  log - Logging initialized @54693ms to org.eclipse.jetty.util.log.Slf4jLog
]]></system-out>
  </testcase>
  <testcase name="test111" classname="org.apache.hadoop.hdfs.tools.DFSAdmin_ESTest" time="0.038">
    <system-out><![CDATA[2024-11-12 13:43:12,799 INFO  EvoClassLoader - Seeing class for first time: org.apache.hadoop.mapred.JobConf
2024-11-12 13:43:12,799 INFO  EvoClassLoader - Instrumenting class 'org.apache.hadoop.mapred.JobConf'.
2024-11-12 13:43:12,799 INFO  EvoClassLoader - Error while loading class: java.lang.ClassNotFoundException: Class 'org/apache/hadoop/mapred/JobConf.class' should be in target project, but could not be found!
2024-11-12 13:43:12,801 INFO  EvoClassLoader - Seeing class for first time: libcore.io.Memory
2024-11-12 13:43:12,801 INFO  EvoClassLoader - Instrumenting class 'libcore.io.Memory'.
2024-11-12 13:43:12,801 INFO  EvoClassLoader - Error while loading class: java.lang.ClassNotFoundException: Class 'libcore/io/Memory.class' should be in target project, but could not be found!
2024-11-12 13:43:12,801 INFO  EvoClassLoader - Seeing class for first time: org.robolectric.Robolectric
2024-11-12 13:43:12,801 INFO  EvoClassLoader - Instrumenting class 'org.robolectric.Robolectric'.
2024-11-12 13:43:12,801 INFO  EvoClassLoader - Error while loading class: java.lang.ClassNotFoundException: Class 'org/robolectric/Robolectric.class' should be in target project, but could not be found!
2024-11-12 13:43:12,803 INFO  log - Logging initialized @54733ms to org.eclipse.jetty.util.log.Slf4jLog
]]></system-out>
  </testcase>
  <testcase name="test077" classname="org.apache.hadoop.hdfs.tools.DFSAdmin_ESTest" time="0.04">
    <system-out><![CDATA[2024-11-12 13:43:12,838 INFO  EvoClassLoader - Seeing class for first time: org.apache.hadoop.mapred.JobConf
2024-11-12 13:43:12,838 INFO  EvoClassLoader - Instrumenting class 'org.apache.hadoop.mapred.JobConf'.
2024-11-12 13:43:12,838 INFO  EvoClassLoader - Error while loading class: java.lang.ClassNotFoundException: Class 'org/apache/hadoop/mapred/JobConf.class' should be in target project, but could not be found!
2024-11-12 13:43:12,840 INFO  EvoClassLoader - Seeing class for first time: libcore.io.Memory
2024-11-12 13:43:12,840 INFO  EvoClassLoader - Instrumenting class 'libcore.io.Memory'.
2024-11-12 13:43:12,840 INFO  EvoClassLoader - Error while loading class: java.lang.ClassNotFoundException: Class 'libcore/io/Memory.class' should be in target project, but could not be found!
2024-11-12 13:43:12,840 INFO  EvoClassLoader - Seeing class for first time: org.robolectric.Robolectric
2024-11-12 13:43:12,840 INFO  EvoClassLoader - Instrumenting class 'org.robolectric.Robolectric'.
2024-11-12 13:43:12,840 INFO  EvoClassLoader - Error while loading class: java.lang.ClassNotFoundException: Class 'org/robolectric/Robolectric.class' should be in target project, but could not be found!
2024-11-12 13:43:12,842 INFO  log - Logging initialized @54772ms to org.eclipse.jetty.util.log.Slf4jLog
]]></system-out>
  </testcase>
  <testcase name="test110" classname="org.apache.hadoop.hdfs.tools.DFSAdmin_ESTest" time="0.042">
    <system-out><![CDATA[2024-11-12 13:43:12,879 INFO  EvoClassLoader - Seeing class for first time: org.apache.hadoop.mapred.JobConf
2024-11-12 13:43:12,879 INFO  EvoClassLoader - Instrumenting class 'org.apache.hadoop.mapred.JobConf'.
2024-11-12 13:43:12,879 INFO  EvoClassLoader - Error while loading class: java.lang.ClassNotFoundException: Class 'org/apache/hadoop/mapred/JobConf.class' should be in target project, but could not be found!
2024-11-12 13:43:12,880 INFO  EvoClassLoader - Seeing class for first time: libcore.io.Memory
2024-11-12 13:43:12,880 INFO  EvoClassLoader - Instrumenting class 'libcore.io.Memory'.
2024-11-12 13:43:12,880 INFO  EvoClassLoader - Error while loading class: java.lang.ClassNotFoundException: Class 'libcore/io/Memory.class' should be in target project, but could not be found!
2024-11-12 13:43:12,881 INFO  EvoClassLoader - Seeing class for first time: org.robolectric.Robolectric
2024-11-12 13:43:12,881 INFO  EvoClassLoader - Instrumenting class 'org.robolectric.Robolectric'.
2024-11-12 13:43:12,881 INFO  EvoClassLoader - Error while loading class: java.lang.ClassNotFoundException: Class 'org/robolectric/Robolectric.class' should be in target project, but could not be found!
2024-11-12 13:43:12,883 INFO  log - Logging initialized @54813ms to org.eclipse.jetty.util.log.Slf4jLog
]]></system-out>
  </testcase>
  <testcase name="test076" classname="org.apache.hadoop.hdfs.tools.DFSAdmin_ESTest" time="0.041">
    <system-out><![CDATA[2024-11-12 13:43:12,918 INFO  EvoClassLoader - Seeing class for first time: org.apache.hadoop.mapred.JobConf
2024-11-12 13:43:12,918 INFO  EvoClassLoader - Instrumenting class 'org.apache.hadoop.mapred.JobConf'.
2024-11-12 13:43:12,918 INFO  EvoClassLoader - Error while loading class: java.lang.ClassNotFoundException: Class 'org/apache/hadoop/mapred/JobConf.class' should be in target project, but could not be found!
2024-11-12 13:43:12,920 INFO  EvoClassLoader - Seeing class for first time: libcore.io.Memory
2024-11-12 13:43:12,920 INFO  EvoClassLoader - Instrumenting class 'libcore.io.Memory'.
2024-11-12 13:43:12,920 INFO  EvoClassLoader - Error while loading class: java.lang.ClassNotFoundException: Class 'libcore/io/Memory.class' should be in target project, but could not be found!
2024-11-12 13:43:12,920 INFO  EvoClassLoader - Seeing class for first time: org.robolectric.Robolectric
2024-11-12 13:43:12,920 INFO  EvoClassLoader - Instrumenting class 'org.robolectric.Robolectric'.
2024-11-12 13:43:12,921 INFO  EvoClassLoader - Error while loading class: java.lang.ClassNotFoundException: Class 'org/robolectric/Robolectric.class' should be in target project, but could not be found!
2024-11-12 13:43:12,923 INFO  log - Logging initialized @54853ms to org.eclipse.jetty.util.log.Slf4jLog
]]></system-out>
  </testcase>
  <testcase name="test075" classname="org.apache.hadoop.hdfs.tools.DFSAdmin_ESTest" time="0.035">
    <system-out><![CDATA[2024-11-12 13:43:12,958 INFO  EvoClassLoader - Seeing class for first time: org.apache.hadoop.mapred.JobConf
2024-11-12 13:43:12,958 INFO  EvoClassLoader - Instrumenting class 'org.apache.hadoop.mapred.JobConf'.
2024-11-12 13:43:12,958 INFO  EvoClassLoader - Error while loading class: java.lang.ClassNotFoundException: Class 'org/apache/hadoop/mapred/JobConf.class' should be in target project, but could not be found!
2024-11-12 13:43:12,960 INFO  EvoClassLoader - Seeing class for first time: libcore.io.Memory
2024-11-12 13:43:12,960 INFO  EvoClassLoader - Instrumenting class 'libcore.io.Memory'.
2024-11-12 13:43:12,960 INFO  EvoClassLoader - Error while loading class: java.lang.ClassNotFoundException: Class 'libcore/io/Memory.class' should be in target project, but could not be found!
2024-11-12 13:43:12,960 INFO  EvoClassLoader - Seeing class for first time: org.robolectric.Robolectric
2024-11-12 13:43:12,960 INFO  EvoClassLoader - Instrumenting class 'org.robolectric.Robolectric'.
2024-11-12 13:43:12,960 INFO  EvoClassLoader - Error while loading class: java.lang.ClassNotFoundException: Class 'org/robolectric/Robolectric.class' should be in target project, but could not be found!
2024-11-12 13:43:12,962 INFO  log - Logging initialized @54892ms to org.eclipse.jetty.util.log.Slf4jLog
]]></system-out>
  </testcase>
  <testcase name="test070" classname="org.apache.hadoop.hdfs.tools.DFSAdmin_ESTest" time="0.044">
    <system-out><![CDATA[2024-11-12 13:43:13,000 INFO  EvoClassLoader - Seeing class for first time: org.apache.hadoop.mapred.JobConf
2024-11-12 13:43:13,000 INFO  EvoClassLoader - Instrumenting class 'org.apache.hadoop.mapred.JobConf'.
2024-11-12 13:43:13,000 INFO  EvoClassLoader - Error while loading class: java.lang.ClassNotFoundException: Class 'org/apache/hadoop/mapred/JobConf.class' should be in target project, but could not be found!
2024-11-12 13:43:13,001 INFO  EvoClassLoader - Seeing class for first time: libcore.io.Memory
2024-11-12 13:43:13,001 INFO  EvoClassLoader - Instrumenting class 'libcore.io.Memory'.
2024-11-12 13:43:13,001 INFO  EvoClassLoader - Error while loading class: java.lang.ClassNotFoundException: Class 'libcore/io/Memory.class' should be in target project, but could not be found!
2024-11-12 13:43:13,001 INFO  EvoClassLoader - Seeing class for first time: org.robolectric.Robolectric
2024-11-12 13:43:13,001 INFO  EvoClassLoader - Instrumenting class 'org.robolectric.Robolectric'.
2024-11-12 13:43:13,001 INFO  EvoClassLoader - Error while loading class: java.lang.ClassNotFoundException: Class 'org/robolectric/Robolectric.class' should be in target project, but could not be found!
2024-11-12 13:43:13,003 INFO  log - Logging initialized @54933ms to org.eclipse.jetty.util.log.Slf4jLog
]]></system-out>
  </testcase>
  <testcase name="test059" classname="org.apache.hadoop.hdfs.tools.DFSAdmin_ESTest" time="0.036">
    <system-out><![CDATA[2024-11-12 13:43:13,034 INFO  EvoClassLoader - Seeing class for first time: org.apache.hadoop.mapred.JobConf
2024-11-12 13:43:13,034 INFO  EvoClassLoader - Instrumenting class 'org.apache.hadoop.mapred.JobConf'.
2024-11-12 13:43:13,034 INFO  EvoClassLoader - Error while loading class: java.lang.ClassNotFoundException: Class 'org/apache/hadoop/mapred/JobConf.class' should be in target project, but could not be found!
2024-11-12 13:43:13,036 INFO  EvoClassLoader - Seeing class for first time: libcore.io.Memory
2024-11-12 13:43:13,036 INFO  EvoClassLoader - Instrumenting class 'libcore.io.Memory'.
2024-11-12 13:43:13,036 INFO  EvoClassLoader - Error while loading class: java.lang.ClassNotFoundException: Class 'libcore/io/Memory.class' should be in target project, but could not be found!
2024-11-12 13:43:13,036 INFO  EvoClassLoader - Seeing class for first time: org.robolectric.Robolectric
2024-11-12 13:43:13,036 INFO  EvoClassLoader - Instrumenting class 'org.robolectric.Robolectric'.
2024-11-12 13:43:13,036 INFO  EvoClassLoader - Error while loading class: java.lang.ClassNotFoundException: Class 'org/robolectric/Robolectric.class' should be in target project, but could not be found!
2024-11-12 13:43:13,038 INFO  log - Logging initialized @54968ms to org.eclipse.jetty.util.log.Slf4jLog
]]></system-out>
  </testcase>
  <testcase name="test058" classname="org.apache.hadoop.hdfs.tools.DFSAdmin_ESTest" time="0.035">
    <system-out><![CDATA[2024-11-12 13:43:13,070 INFO  EvoClassLoader - Seeing class for first time: org.apache.hadoop.mapred.JobConf
2024-11-12 13:43:13,070 INFO  EvoClassLoader - Instrumenting class 'org.apache.hadoop.mapred.JobConf'.
2024-11-12 13:43:13,071 INFO  EvoClassLoader - Error while loading class: java.lang.ClassNotFoundException: Class 'org/apache/hadoop/mapred/JobConf.class' should be in target project, but could not be found!
2024-11-12 13:43:13,072 INFO  EvoClassLoader - Seeing class for first time: libcore.io.Memory
2024-11-12 13:43:13,072 INFO  EvoClassLoader - Instrumenting class 'libcore.io.Memory'.
2024-11-12 13:43:13,072 INFO  EvoClassLoader - Error while loading class: java.lang.ClassNotFoundException: Class 'libcore/io/Memory.class' should be in target project, but could not be found!
2024-11-12 13:43:13,072 INFO  EvoClassLoader - Seeing class for first time: org.robolectric.Robolectric
2024-11-12 13:43:13,072 INFO  EvoClassLoader - Instrumenting class 'org.robolectric.Robolectric'.
2024-11-12 13:43:13,072 INFO  EvoClassLoader - Error while loading class: java.lang.ClassNotFoundException: Class 'org/robolectric/Robolectric.class' should be in target project, but could not be found!
2024-11-12 13:43:13,074 INFO  log - Logging initialized @55004ms to org.eclipse.jetty.util.log.Slf4jLog
]]></system-out>
  </testcase>
  <testcase name="test057" classname="org.apache.hadoop.hdfs.tools.DFSAdmin_ESTest" time="0.034">
    <system-out><![CDATA[2024-11-12 13:43:13,107 INFO  EvoClassLoader - Seeing class for first time: org.apache.hadoop.mapred.JobConf
2024-11-12 13:43:13,107 INFO  EvoClassLoader - Instrumenting class 'org.apache.hadoop.mapred.JobConf'.
2024-11-12 13:43:13,107 INFO  EvoClassLoader - Error while loading class: java.lang.ClassNotFoundException: Class 'org/apache/hadoop/mapred/JobConf.class' should be in target project, but could not be found!
2024-11-12 13:43:13,109 INFO  EvoClassLoader - Seeing class for first time: libcore.io.Memory
2024-11-12 13:43:13,109 INFO  EvoClassLoader - Instrumenting class 'libcore.io.Memory'.
2024-11-12 13:43:13,109 INFO  EvoClassLoader - Error while loading class: java.lang.ClassNotFoundException: Class 'libcore/io/Memory.class' should be in target project, but could not be found!
2024-11-12 13:43:13,109 INFO  EvoClassLoader - Seeing class for first time: org.robolectric.Robolectric
2024-11-12 13:43:13,109 INFO  EvoClassLoader - Instrumenting class 'org.robolectric.Robolectric'.
2024-11-12 13:43:13,109 INFO  EvoClassLoader - Error while loading class: java.lang.ClassNotFoundException: Class 'org/robolectric/Robolectric.class' should be in target project, but could not be found!
2024-11-12 13:43:13,111 INFO  log - Logging initialized @55041ms to org.eclipse.jetty.util.log.Slf4jLog
]]></system-out>
  </testcase>
  <testcase name="test063" classname="org.apache.hadoop.hdfs.tools.DFSAdmin_ESTest" time="0.033">
    <system-out><![CDATA[2024-11-12 13:43:13,139 INFO  EvoClassLoader - Seeing class for first time: org.apache.hadoop.mapred.JobConf
2024-11-12 13:43:13,139 INFO  EvoClassLoader - Instrumenting class 'org.apache.hadoop.mapred.JobConf'.
2024-11-12 13:43:13,139 INFO  EvoClassLoader - Error while loading class: java.lang.ClassNotFoundException: Class 'org/apache/hadoop/mapred/JobConf.class' should be in target project, but could not be found!
2024-11-12 13:43:13,141 INFO  EvoClassLoader - Seeing class for first time: libcore.io.Memory
2024-11-12 13:43:13,141 INFO  EvoClassLoader - Instrumenting class 'libcore.io.Memory'.
2024-11-12 13:43:13,141 INFO  EvoClassLoader - Error while loading class: java.lang.ClassNotFoundException: Class 'libcore/io/Memory.class' should be in target project, but could not be found!
2024-11-12 13:43:13,141 INFO  EvoClassLoader - Seeing class for first time: org.robolectric.Robolectric
2024-11-12 13:43:13,141 INFO  EvoClassLoader - Instrumenting class 'org.robolectric.Robolectric'.
2024-11-12 13:43:13,141 INFO  EvoClassLoader - Error while loading class: java.lang.ClassNotFoundException: Class 'org/robolectric/Robolectric.class' should be in target project, but could not be found!
2024-11-12 13:43:13,143 INFO  log - Logging initialized @55073ms to org.eclipse.jetty.util.log.Slf4jLog
]]></system-out>
  </testcase>
  <testcase name="test062" classname="org.apache.hadoop.hdfs.tools.DFSAdmin_ESTest" time="0.049">
    <system-out><![CDATA[2024-11-12 13:43:13,186 INFO  EvoClassLoader - Seeing class for first time: org.apache.hadoop.mapred.JobConf
2024-11-12 13:43:13,186 INFO  EvoClassLoader - Instrumenting class 'org.apache.hadoop.mapred.JobConf'.
2024-11-12 13:43:13,186 INFO  EvoClassLoader - Error while loading class: java.lang.ClassNotFoundException: Class 'org/apache/hadoop/mapred/JobConf.class' should be in target project, but could not be found!
2024-11-12 13:43:13,188 INFO  EvoClassLoader - Seeing class for first time: libcore.io.Memory
2024-11-12 13:43:13,188 INFO  EvoClassLoader - Instrumenting class 'libcore.io.Memory'.
2024-11-12 13:43:13,189 INFO  EvoClassLoader - Error while loading class: java.lang.ClassNotFoundException: Class 'libcore/io/Memory.class' should be in target project, but could not be found!
2024-11-12 13:43:13,189 INFO  EvoClassLoader - Seeing class for first time: org.robolectric.Robolectric
2024-11-12 13:43:13,189 INFO  EvoClassLoader - Instrumenting class 'org.robolectric.Robolectric'.
2024-11-12 13:43:13,189 INFO  EvoClassLoader - Error while loading class: java.lang.ClassNotFoundException: Class 'org/robolectric/Robolectric.class' should be in target project, but could not be found!
2024-11-12 13:43:13,190 INFO  log - Logging initialized @55121ms to org.eclipse.jetty.util.log.Slf4jLog
]]></system-out>
  </testcase>
  <testcase name="test061" classname="org.apache.hadoop.hdfs.tools.DFSAdmin_ESTest" time="0.033">
    <system-out><![CDATA[2024-11-12 13:43:13,222 INFO  EvoClassLoader - Seeing class for first time: org.apache.hadoop.mapred.JobConf
2024-11-12 13:43:13,222 INFO  EvoClassLoader - Instrumenting class 'org.apache.hadoop.mapred.JobConf'.
2024-11-12 13:43:13,222 INFO  EvoClassLoader - Error while loading class: java.lang.ClassNotFoundException: Class 'org/apache/hadoop/mapred/JobConf.class' should be in target project, but could not be found!
2024-11-12 13:43:13,223 INFO  EvoClassLoader - Seeing class for first time: libcore.io.Memory
2024-11-12 13:43:13,223 INFO  EvoClassLoader - Instrumenting class 'libcore.io.Memory'.
2024-11-12 13:43:13,223 INFO  EvoClassLoader - Error while loading class: java.lang.ClassNotFoundException: Class 'libcore/io/Memory.class' should be in target project, but could not be found!
2024-11-12 13:43:13,223 INFO  EvoClassLoader - Seeing class for first time: org.robolectric.Robolectric
2024-11-12 13:43:13,223 INFO  EvoClassLoader - Instrumenting class 'org.robolectric.Robolectric'.
2024-11-12 13:43:13,223 INFO  EvoClassLoader - Error while loading class: java.lang.ClassNotFoundException: Class 'org/robolectric/Robolectric.class' should be in target project, but could not be found!
2024-11-12 13:43:13,225 INFO  log - Logging initialized @55155ms to org.eclipse.jetty.util.log.Slf4jLog
]]></system-out>
  </testcase>
  <testcase name="test060" classname="org.apache.hadoop.hdfs.tools.DFSAdmin_ESTest" time="0.031">
    <system-out><![CDATA[2024-11-12 13:43:13,254 INFO  EvoClassLoader - Seeing class for first time: org.apache.hadoop.mapred.JobConf
2024-11-12 13:43:13,254 INFO  EvoClassLoader - Instrumenting class 'org.apache.hadoop.mapred.JobConf'.
2024-11-12 13:43:13,254 INFO  EvoClassLoader - Error while loading class: java.lang.ClassNotFoundException: Class 'org/apache/hadoop/mapred/JobConf.class' should be in target project, but could not be found!
2024-11-12 13:43:13,255 INFO  EvoClassLoader - Seeing class for first time: libcore.io.Memory
2024-11-12 13:43:13,255 INFO  EvoClassLoader - Instrumenting class 'libcore.io.Memory'.
2024-11-12 13:43:13,255 INFO  EvoClassLoader - Error while loading class: java.lang.ClassNotFoundException: Class 'libcore/io/Memory.class' should be in target project, but could not be found!
2024-11-12 13:43:13,255 INFO  EvoClassLoader - Seeing class for first time: org.robolectric.Robolectric
2024-11-12 13:43:13,255 INFO  EvoClassLoader - Instrumenting class 'org.robolectric.Robolectric'.
2024-11-12 13:43:13,256 INFO  EvoClassLoader - Error while loading class: java.lang.ClassNotFoundException: Class 'org/robolectric/Robolectric.class' should be in target project, but could not be found!
2024-11-12 13:43:13,257 INFO  log - Logging initialized @55187ms to org.eclipse.jetty.util.log.Slf4jLog
]]></system-out>
  </testcase>
  <testcase name="test067" classname="org.apache.hadoop.hdfs.tools.DFSAdmin_ESTest" time="0.032">
    <system-out><![CDATA[2024-11-12 13:43:13,286 INFO  EvoClassLoader - Seeing class for first time: org.apache.hadoop.mapred.JobConf
2024-11-12 13:43:13,286 INFO  EvoClassLoader - Instrumenting class 'org.apache.hadoop.mapred.JobConf'.
2024-11-12 13:43:13,286 INFO  EvoClassLoader - Error while loading class: java.lang.ClassNotFoundException: Class 'org/apache/hadoop/mapred/JobConf.class' should be in target project, but could not be found!
2024-11-12 13:43:13,287 INFO  EvoClassLoader - Seeing class for first time: libcore.io.Memory
2024-11-12 13:43:13,287 INFO  EvoClassLoader - Instrumenting class 'libcore.io.Memory'.
2024-11-12 13:43:13,288 INFO  EvoClassLoader - Error while loading class: java.lang.ClassNotFoundException: Class 'libcore/io/Memory.class' should be in target project, but could not be found!
2024-11-12 13:43:13,288 INFO  EvoClassLoader - Seeing class for first time: org.robolectric.Robolectric
2024-11-12 13:43:13,288 INFO  EvoClassLoader - Instrumenting class 'org.robolectric.Robolectric'.
2024-11-12 13:43:13,288 INFO  EvoClassLoader - Error while loading class: java.lang.ClassNotFoundException: Class 'org/robolectric/Robolectric.class' should be in target project, but could not be found!
2024-11-12 13:43:13,289 INFO  log - Logging initialized @55219ms to org.eclipse.jetty.util.log.Slf4jLog
]]></system-out>
  </testcase>
  <testcase name="test100" classname="org.apache.hadoop.hdfs.tools.DFSAdmin_ESTest" time="0.036">
    <system-out><![CDATA[2024-11-12 13:43:13,321 INFO  EvoClassLoader - Seeing class for first time: org.apache.hadoop.mapred.JobConf
2024-11-12 13:43:13,321 INFO  EvoClassLoader - Instrumenting class 'org.apache.hadoop.mapred.JobConf'.
2024-11-12 13:43:13,321 INFO  EvoClassLoader - Error while loading class: java.lang.ClassNotFoundException: Class 'org/apache/hadoop/mapred/JobConf.class' should be in target project, but could not be found!
2024-11-12 13:43:13,322 INFO  EvoClassLoader - Seeing class for first time: libcore.io.Memory
2024-11-12 13:43:13,322 INFO  EvoClassLoader - Instrumenting class 'libcore.io.Memory'.
2024-11-12 13:43:13,322 INFO  EvoClassLoader - Error while loading class: java.lang.ClassNotFoundException: Class 'libcore/io/Memory.class' should be in target project, but could not be found!
2024-11-12 13:43:13,322 INFO  EvoClassLoader - Seeing class for first time: org.robolectric.Robolectric
2024-11-12 13:43:13,322 INFO  EvoClassLoader - Instrumenting class 'org.robolectric.Robolectric'.
2024-11-12 13:43:13,322 INFO  EvoClassLoader - Error while loading class: java.lang.ClassNotFoundException: Class 'org/robolectric/Robolectric.class' should be in target project, but could not be found!
2024-11-12 13:43:13,324 INFO  log - Logging initialized @55254ms to org.eclipse.jetty.util.log.Slf4jLog
]]></system-out>
  </testcase>
  <testcase name="test066" classname="org.apache.hadoop.hdfs.tools.DFSAdmin_ESTest" time="0.032">
    <system-out><![CDATA[2024-11-12 13:43:13,354 INFO  EvoClassLoader - Seeing class for first time: org.apache.hadoop.mapred.JobConf
2024-11-12 13:43:13,354 INFO  EvoClassLoader - Instrumenting class 'org.apache.hadoop.mapred.JobConf'.
2024-11-12 13:43:13,355 INFO  EvoClassLoader - Error while loading class: java.lang.ClassNotFoundException: Class 'org/apache/hadoop/mapred/JobConf.class' should be in target project, but could not be found!
2024-11-12 13:43:13,356 INFO  EvoClassLoader - Seeing class for first time: libcore.io.Memory
2024-11-12 13:43:13,356 INFO  EvoClassLoader - Instrumenting class 'libcore.io.Memory'.
2024-11-12 13:43:13,356 INFO  EvoClassLoader - Error while loading class: java.lang.ClassNotFoundException: Class 'libcore/io/Memory.class' should be in target project, but could not be found!
2024-11-12 13:43:13,356 INFO  EvoClassLoader - Seeing class for first time: org.robolectric.Robolectric
2024-11-12 13:43:13,356 INFO  EvoClassLoader - Instrumenting class 'org.robolectric.Robolectric'.
2024-11-12 13:43:13,356 INFO  EvoClassLoader - Error while loading class: java.lang.ClassNotFoundException: Class 'org/robolectric/Robolectric.class' should be in target project, but could not be found!
2024-11-12 13:43:13,358 INFO  log - Logging initialized @55288ms to org.eclipse.jetty.util.log.Slf4jLog
]]></system-out>
  </testcase>
  <testcase name="test065" classname="org.apache.hadoop.hdfs.tools.DFSAdmin_ESTest" time="0.033">
    <system-out><![CDATA[2024-11-12 13:43:13,387 INFO  EvoClassLoader - Seeing class for first time: org.apache.hadoop.mapred.JobConf
2024-11-12 13:43:13,387 INFO  EvoClassLoader - Instrumenting class 'org.apache.hadoop.mapred.JobConf'.
2024-11-12 13:43:13,388 INFO  EvoClassLoader - Error while loading class: java.lang.ClassNotFoundException: Class 'org/apache/hadoop/mapred/JobConf.class' should be in target project, but could not be found!
2024-11-12 13:43:13,389 INFO  EvoClassLoader - Seeing class for first time: libcore.io.Memory
2024-11-12 13:43:13,389 INFO  EvoClassLoader - Instrumenting class 'libcore.io.Memory'.
2024-11-12 13:43:13,389 INFO  EvoClassLoader - Error while loading class: java.lang.ClassNotFoundException: Class 'libcore/io/Memory.class' should be in target project, but could not be found!
2024-11-12 13:43:13,389 INFO  EvoClassLoader - Seeing class for first time: org.robolectric.Robolectric
2024-11-12 13:43:13,389 INFO  EvoClassLoader - Instrumenting class 'org.robolectric.Robolectric'.
2024-11-12 13:43:13,389 INFO  EvoClassLoader - Error while loading class: java.lang.ClassNotFoundException: Class 'org/robolectric/Robolectric.class' should be in target project, but could not be found!
2024-11-12 13:43:13,390 INFO  log - Logging initialized @55320ms to org.eclipse.jetty.util.log.Slf4jLog
]]></system-out>
  </testcase>
  <testcase name="test064" classname="org.apache.hadoop.hdfs.tools.DFSAdmin_ESTest" time="0.037">
    <system-out><![CDATA[2024-11-12 13:43:13,423 INFO  EvoClassLoader - Seeing class for first time: org.apache.hadoop.mapred.JobConf
2024-11-12 13:43:13,424 INFO  EvoClassLoader - Instrumenting class 'org.apache.hadoop.mapred.JobConf'.
2024-11-12 13:43:13,424 INFO  EvoClassLoader - Error while loading class: java.lang.ClassNotFoundException: Class 'org/apache/hadoop/mapred/JobConf.class' should be in target project, but could not be found!
2024-11-12 13:43:13,425 INFO  EvoClassLoader - Seeing class for first time: libcore.io.Memory
2024-11-12 13:43:13,425 INFO  EvoClassLoader - Instrumenting class 'libcore.io.Memory'.
2024-11-12 13:43:13,425 INFO  EvoClassLoader - Error while loading class: java.lang.ClassNotFoundException: Class 'libcore/io/Memory.class' should be in target project, but could not be found!
2024-11-12 13:43:13,425 INFO  EvoClassLoader - Seeing class for first time: org.robolectric.Robolectric
2024-11-12 13:43:13,425 INFO  EvoClassLoader - Instrumenting class 'org.robolectric.Robolectric'.
2024-11-12 13:43:13,425 INFO  EvoClassLoader - Error while loading class: java.lang.ClassNotFoundException: Class 'org/robolectric/Robolectric.class' should be in target project, but could not be found!
2024-11-12 13:43:13,427 INFO  log - Logging initialized @55357ms to org.eclipse.jetty.util.log.Slf4jLog
]]></system-out>
  </testcase>
</testsuite>