<?xml version="1.0" encoding="UTF-8"?>
<testsuite xmlns:xsi="http://www.w3.org/2001/XMLSchema-instance" xsi:noNamespaceSchemaLocation="https://maven.apache.org/surefire/maven-surefire-plugin/xsd/surefire-test-report-3.0.xsd" version="3.0" name="org.flywaydb.core.internal.configuration.TomlUtils_ESTest" time="2.198" tests="13" errors="0" skipped="0" failures="0">
  <properties>
    <property name="awt.toolkit" value="sun.awt.X11.XToolkit"/>
    <property name="file.encoding.pkg" value="sun.io"/>
    <property name="java.specification.version" value="1.8"/>
    <property name="sun.cpu.isalist" value=""/>
    <property name="sun.jnu.encoding" value="UTF-8"/>
    <property name="java.class.path" value="/home/wtwhite/code/regression-test-generation/find-diff-classes/compile/gaoss/org/flywaydb/flyway-core/9.16.1/target/test-classes:/home/wtwhite/code/regression-test-generation/find-diff-classes/compile/gaoss/org/flywaydb/flyway-core/9.16.1/target/classes:/home/wtwhite/code/craw-redhat-oss/wget/crawl/google-aoss/org/flywaydb/flyway-core/9.16.1/flyway-core-9.16.1.jar:/home/wtwhite/code/regression-test-generation/find-diff-classes/compile/gaoss/org/flywaydb/flyway-core/9.16.1/t/dependency/annotations-2.19.0.jar:/home/wtwhite/code/regression-test-generation/find-diff-classes/compile/gaoss/org/flywaydb/flyway-core/9.16.1/t/dependency/apache-client-2.19.0.jar:/home/wtwhite/code/regression-test-generation/find-diff-classes/compile/gaoss/org/flywaydb/flyway-core/9.16.1/t/dependency/api-common-2.2.1.jar:/home/wtwhite/code/regression-test-generation/find-diff-classes/compile/gaoss/org/flywaydb/flyway-core/9.16.1/t/dependency/arns-2.19.0.jar:/home/wtwhite/code/regression-test-generation/find-diff-classes/compile/gaoss/org/flywaydb/flyway-core/9.16.1/t/dependency/auth-2.19.0.jar:/home/wtwhite/code/regression-test-generation/find-diff-classes/compile/gaoss/org/flywaydb/flyway-core/9.16.1/t/dependency/auto-value-annotations-1.9.jar:/home/wtwhite/code/regression-test-generation/find-diff-classes/compile/gaoss/org/flywaydb/flyway-core/9.16.1/t/dependency/aws-core-2.19.0.jar:/home/wtwhite/code/regression-test-generation/find-diff-classes/compile/gaoss/org/flywaydb/flyway-core/9.16.1/t/dependency/aws-java-sdk-core-1.12.252.jar:/home/wtwhite/code/regression-test-generation/find-diff-classes/compile/gaoss/org/flywaydb/flyway-core/9.16.1/t/dependency/aws-java-sdk-secretsmanager-1.12.252.jar:/home/wtwhite/code/regression-test-generation/find-diff-classes/compile/gaoss/org/flywaydb/flyway-core/9.16.1/t/dependency/aws-query-protocol-2.19.0.jar:/home/wtwhite/code/regression-test-generation/find-diff-classes/compile/gaoss/org/flywaydb/flyway-core/9.16.1/t/dependency/aws-secretsmanager-caching-java-1.0.2.jar:/home/wtwhite/code/regression-test-generation/find-diff-classes/compile/gaoss/org/flywaydb/flyway-core/9.16.1/t/dependency/aws-secretsmanager-jdbc-1.0.9.jar:/home/wtwhite/code/regression-test-generation/find-diff-classes/compile/gaoss/org/flywaydb/flyway-core/9.16.1/t/dependency/aws-xml-protocol-2.19.0.jar:/home/wtwhite/code/regression-test-generation/find-diff-classes/compile/gaoss/org/flywaydb/flyway-core/9.16.1/t/dependency/checker-qual-3.25.0.jar:/home/wtwhite/code/regression-test-generation/find-diff-classes/compile/gaoss/org/flywaydb/flyway-core/9.16.1/t/dependency/commons-codec-1.11.jar:/home/wtwhite/code/regression-test-generation/find-diff-classes/compile/gaoss/org/flywaydb/flyway-core/9.16.1/t/dependency/commons-logging-1.2.jar:/home/wtwhite/code/regression-test-generation/find-diff-classes/compile/gaoss/org/flywaydb/flyway-core/9.16.1/t/dependency/endpoints-spi-2.19.0.jar:/home/wtwhite/code/regression-test-generation/find-diff-classes/compile/gaoss/org/flywaydb/flyway-core/9.16.1/t/dependency/eventstream-1.0.1.jar:/home/wtwhite/code/regression-test-generation/find-diff-classes/compile/gaoss/org/flywaydb/flyway-core/9.16.1/t/dependency/failureaccess-1.0.1.jar:/home/wtwhite/code/regression-test-generation/find-diff-classes/compile/gaoss/org/flywaydb/flyway-core/9.16.1/t/dependency/gax-2.19.2.jar:/home/wtwhite/code/regression-test-generation/find-diff-classes/compile/gaoss/org/flywaydb/flyway-core/9.16.1/t/dependency/gax-httpjson-0.104.2.jar:/home/wtwhite/code/regression-test-generation/find-diff-classes/compile/gaoss/org/flywaydb/flyway-core/9.16.1/t/dependency/google-api-client-2.0.0.jar:/home/wtwhite/code/regression-test-generation/find-diff-classes/compile/gaoss/org/flywaydb/flyway-core/9.16.1/t/dependency/google-api-services-storage-v1-rev20220705-2.0.0.jar:/home/wtwhite/code/regression-test-generation/find-diff-classes/compile/gaoss/org/flywaydb/flyway-core/9.16.1/t/dependency/google-auth-library-credentials-1.11.0.jar:/home/wtwhite/code/regression-test-generation/find-diff-classes/compile/gaoss/org/flywaydb/flyway-core/9.16.1/t/dependency/google-auth-library-oauth2-http-1.11.0.jar:/home/wtwhite/code/regression-test-generation/find-diff-classes/compile/gaoss/org/flywaydb/flyway-core/9.16.1/t/dependency/google-cloud-core-2.8.20.jar:/home/wtwhite/code/regression-test-generation/find-diff-classes/compile/gaoss/org/flywaydb/flyway-core/9.16.1/t/dependency/google-cloud-core-http-2.8.20.jar:/home/wtwhite/code/regression-test-generation/find-diff-classes/compile/gaoss/org/flywaydb/flyway-core/9.16.1/t/dependency/google-cloud-storage-2.13.0.jar:/home/wtwhite/code/regression-test-generation/find-diff-classes/compile/gaoss/org/flywaydb/flyway-core/9.16.1/t/dependency/google-http-client-1.42.2.jar:/home/wtwhite/code/regression-test-generation/find-diff-classes/compile/gaoss/org/flywaydb/flyway-core/9.16.1/t/dependency/google-http-client-apache-v2-1.42.2.jar:/home/wtwhite/code/regression-test-generation/find-diff-classes/compile/gaoss/org/flywaydb/flyway-core/9.16.1/t/dependency/google-http-client-appengine-1.42.2.jar:/home/wtwhite/code/regression-test-generation/find-diff-classes/compile/gaoss/org/flywaydb/flyway-core/9.16.1/t/dependency/google-http-client-gson-1.42.2.jar:/home/wtwhite/code/regression-test-generation/find-diff-classes/compile/gaoss/org/flywaydb/flyway-core/9.16.1/t/dependency/google-http-client-jackson2-1.42.2.jar:/home/wtwhite/code/regression-test-generation/find-diff-classes/compile/gaoss/org/flywaydb/flyway-core/9.16.1/t/dependency/google-oauth-client-1.34.1.jar:/home/wtwhite/code/regression-test-generation/find-diff-classes/compile/gaoss/org/flywaydb/flyway-core/9.16.1/t/dependency/grpc-context-1.49.2.jar:/home/wtwhite/code/regression-test-generation/find-diff-classes/compile/gaoss/org/flywaydb/flyway-core/9.16.1/t/dependency/gson-2.8.9.jar:/home/wtwhite/code/regression-test-generation/find-diff-classes/compile/gaoss/org/flywaydb/flyway-core/9.16.1/t/dependency/guava-31.1-jre.jar:/home/wtwhite/code/regression-test-generation/find-diff-classes/compile/gaoss/org/flywaydb/flyway-core/9.16.1/t/dependency/http-client-spi-2.19.0.jar:/home/wtwhite/code/regression-test-generation/find-diff-classes/compile/gaoss/org/flywaydb/flyway-core/9.16.1/t/dependency/httpclient-4.5.13.jar:/home/wtwhite/code/regression-test-generation/find-diff-classes/compile/gaoss/org/flywaydb/flyway-core/9.16.1/t/dependency/httpcore-4.4.13.jar:/home/wtwhite/code/regression-test-generation/find-diff-classes/compile/gaoss/org/flywaydb/flyway-core/9.16.1/t/dependency/ion-java-1.0.2.jar:/home/wtwhite/code/regression-test-generation/find-diff-classes/compile/gaoss/org/flywaydb/flyway-core/9.16.1/t/dependency/j2objc-annotations-1.3.jar:/home/wtwhite/code/regression-test-generation/find-diff-classes/compile/gaoss/org/flywaydb/flyway-core/9.16.1/t/dependency/jackson-annotations-2.14.0.jar:/home/wtwhite/code/regression-test-generation/find-diff-classes/compile/gaoss/org/flywaydb/flyway-core/9.16.1/t/dependency/jackson-core-2.14.0.jar:/home/wtwhite/code/regression-test-generation/find-diff-classes/compile/gaoss/org/flywaydb/flyway-core/9.16.1/t/dependency/jackson-databind-2.14.0.jar:/home/wtwhite/code/regression-test-generation/find-diff-classes/compile/gaoss/org/flywaydb/flyway-core/9.16.1/t/dependency/jackson-dataformat-cbor-2.12.6.jar:/home/wtwhite/code/regression-test-generation/find-diff-classes/compile/gaoss/org/flywaydb/flyway-core/9.16.1/t/dependency/jackson-dataformat-toml-2.14.0.jar:/home/wtwhite/code/regression-test-generation/find-diff-classes/compile/gaoss/org/flywaydb/flyway-core/9.16.1/t/dependency/javax.annotation-api-1.3.2.jar:/home/wtwhite/code/regression-test-generation/find-diff-classes/compile/gaoss/org/flywaydb/flyway-core/9.16.1/t/dependency/jboss-logging-3.1.4.GA.jar:/home/wtwhite/code/regression-test-generation/find-diff-classes/compile/gaoss/org/flywaydb/flyway-core/9.16.1/t/dependency/jboss-vfs-3.2.15.Final.jar:/home/wtwhite/code/regression-test-generation/find-diff-classes/compile/gaoss/org/flywaydb/flyway-core/9.16.1/t/dependency/jmespath-java-1.12.252.jar:/home/wtwhite/code/regression-test-generation/find-diff-classes/compile/gaoss/org/flywaydb/flyway-core/9.16.1/t/dependency/joda-time-2.8.1.jar:/home/wtwhite/code/regression-test-generation/find-diff-classes/compile/gaoss/org/flywaydb/flyway-core/9.16.1/t/dependency/json-utils-2.19.0.jar:/home/wtwhite/code/regression-test-generation/find-diff-classes/compile/gaoss/org/flywaydb/flyway-core/9.16.1/t/dependency/jsr305-3.0.2.jar:/home/wtwhite/code/regression-test-generation/find-diff-classes/compile/gaoss/org/flywaydb/flyway-core/9.16.1/t/dependency/listenablefuture-9999.0-empty-to-avoid-conflict-with-guava.jar:/home/wtwhite/code/regression-test-generation/find-diff-classes/compile/gaoss/org/flywaydb/flyway-core/9.16.1/t/dependency/log4j-api-2.17.1.jar:/home/wtwhite/code/regression-test-generation/find-diff-classes/compile/gaoss/org/flywaydb/flyway-core/9.16.1/t/dependency/lombok-1.18.20.jar:/home/wtwhite/code/regression-test-generation/find-diff-classes/compile/gaoss/org/flywaydb/flyway-core/9.16.1/t/dependency/metrics-spi-2.19.0.jar:/home/wtwhite/code/regression-test-generation/find-diff-classes/compile/gaoss/org/flywaydb/flyway-core/9.16.1/t/dependency/netty-buffer-4.1.86.Final.jar:/home/wtwhite/code/regression-test-generation/find-diff-classes/compile/gaoss/org/flywaydb/flyway-core/9.16.1/t/dependency/netty-codec-4.1.86.Final.jar:/home/wtwhite/code/regression-test-generation/find-diff-classes/compile/gaoss/org/flywaydb/flyway-core/9.16.1/t/dependency/netty-codec-http-4.1.86.Final.jar:/home/wtwhite/code/regression-test-generation/find-diff-classes/compile/gaoss/org/flywaydb/flyway-core/9.16.1/t/dependency/netty-codec-http2-4.1.86.Final.jar:/home/wtwhite/code/regression-test-generation/find-diff-classes/compile/gaoss/org/flywaydb/flyway-core/9.16.1/t/dependency/netty-common-4.1.86.Final.jar:/home/wtwhite/code/regression-test-generation/find-diff-classes/compile/gaoss/org/flywaydb/flyway-core/9.16.1/t/dependency/netty-handler-4.1.86.Final.jar:/home/wtwhite/code/regression-test-generation/find-diff-classes/compile/gaoss/org/flywaydb/flyway-core/9.16.1/t/dependency/netty-nio-client-2.19.0.jar:/home/wtwhite/code/regression-test-generation/find-diff-classes/compile/gaoss/org/flywaydb/flyway-core/9.16.1/t/dependency/netty-resolver-4.1.86.Final.jar:/home/wtwhite/code/regression-test-generation/find-diff-classes/compile/gaoss/org/flywaydb/flyway-core/9.16.1/t/dependency/netty-transport-4.1.86.Final.jar:/home/wtwhite/code/regression-test-generation/find-diff-classes/compile/gaoss/org/flywaydb/flyway-core/9.16.1/t/dependency/netty-transport-classes-epoll-4.1.86.Final.jar:/home/wtwhite/code/regression-test-generation/find-diff-classes/compile/gaoss/org/flywaydb/flyway-core/9.16.1/t/dependency/netty-transport-native-unix-common-4.1.86.Final.jar:/home/wtwhite/code/regression-test-generation/find-diff-classes/compile/gaoss/org/flywaydb/flyway-core/9.16.1/t/dependency/ojdbc8-19.6.0.0.jar:/home/wtwhite/code/regression-test-generation/find-diff-classes/compile/gaoss/org/flywaydb/flyway-core/9.16.1/t/dependency/ons-19.6.0.0.jar:/home/wtwhite/code/regression-test-generation/find-diff-classes/compile/gaoss/org/flywaydb/flyway-core/9.16.1/t/dependency/opencensus-api-0.31.1.jar:/home/wtwhite/code/regression-test-generation/find-diff-classes/compile/gaoss/org/flywaydb/flyway-core/9.16.1/t/dependency/opencensus-contrib-http-util-0.31.1.jar:/home/wtwhite/code/regression-test-generation/find-diff-classes/compile/gaoss/org/flywaydb/flyway-core/9.16.1/t/dependency/oraclepki-19.6.0.0.jar:/home/wtwhite/code/regression-test-generation/find-diff-classes/compile/gaoss/org/flywaydb/flyway-core/9.16.1/t/dependency/org.jacoco.agent-0.8.8-runtime.jar:/home/wtwhite/code/regression-test-generation/find-diff-classes/compile/gaoss/org/flywaydb/flyway-core/9.16.1/t/dependency/org.osgi.core-4.3.1.jar:/home/wtwhite/code/regression-test-generation/find-diff-classes/compile/gaoss/org/flywaydb/flyway-core/9.16.1/t/dependency/osdt_cert-19.6.0.0.jar:/home/wtwhite/code/regression-test-generation/find-diff-classes/compile/gaoss/org/flywaydb/flyway-core/9.16.1/t/dependency/osdt_core-19.6.0.0.jar:/home/wtwhite/code/regression-test-generation/find-diff-classes/compile/gaoss/org/flywaydb/flyway-core/9.16.1/t/dependency/postgresql-42.4.3.jar:/home/wtwhite/code/regression-test-generation/find-diff-classes/compile/gaoss/org/flywaydb/flyway-core/9.16.1/t/dependency/profiles-2.19.0.jar:/home/wtwhite/code/regression-test-generation/find-diff-classes/compile/gaoss/org/flywaydb/flyway-core/9.16.1/t/dependency/proto-google-common-protos-2.9.6.jar:/home/wtwhite/code/regression-test-generation/find-diff-classes/compile/gaoss/org/flywaydb/flyway-core/9.16.1/t/dependency/proto-google-iam-v1-1.6.2.jar:/home/wtwhite/code/regression-test-generation/find-diff-classes/compile/gaoss/org/flywaydb/flyway-core/9.16.1/t/dependency/protobuf-java-3.21.7.jar:/home/wtwhite/code/regression-test-generation/find-diff-classes/compile/gaoss/org/flywaydb/flyway-core/9.16.1/t/dependency/protobuf-java-util-3.21.7.jar:/home/wtwhite/code/regression-test-generation/find-diff-classes/compile/gaoss/org/flywaydb/flyway-core/9.16.1/t/dependency/protocol-core-2.19.0.jar:/home/wtwhite/code/regression-test-generation/find-diff-classes/compile/gaoss/org/flywaydb/flyway-core/9.16.1/t/dependency/reactive-streams-1.0.3.jar:/home/wtwhite/code/regression-test-generation/find-diff-classes/compile/gaoss/org/flywaydb/flyway-core/9.16.1/t/dependency/regions-2.19.0.jar:/home/wtwhite/code/regression-test-generation/find-diff-classes/compile/gaoss/org/flywaydb/flyway-core/9.16.1/t/dependency/s3-2.19.0.jar:/home/wtwhite/code/regression-test-generation/find-diff-classes/compile/gaoss/org/flywaydb/flyway-core/9.16.1/t/dependency/sdk-core-2.19.0.jar:/home/wtwhite/code/regression-test-generation/find-diff-classes/compile/gaoss/org/flywaydb/flyway-core/9.16.1/t/dependency/simplefan-19.6.0.0.jar:/home/wtwhite/code/regression-test-generation/find-diff-classes/compile/gaoss/org/flywaydb/flyway-core/9.16.1/t/dependency/slf4j-api-1.7.30.jar:/home/wtwhite/code/regression-test-generation/find-diff-classes/compile/gaoss/org/flywaydb/flyway-core/9.16.1/t/dependency/third-party-jackson-core-2.19.0.jar:/home/wtwhite/code/regression-test-generation/find-diff-classes/compile/gaoss/org/flywaydb/flyway-core/9.16.1/t/dependency/threetenbp-1.6.2.jar:/home/wtwhite/code/regression-test-generation/find-diff-classes/compile/gaoss/org/flywaydb/flyway-core/9.16.1/t/dependency/ucp-19.6.0.0.jar:/home/wtwhite/code/regression-test-generation/find-diff-classes/compile/gaoss/org/flywaydb/flyway-core/9.16.1/t/dependency/utils-2.19.0.jar:/home/wtwhite/code/regression-test-generation/evosuite/evosuite-standalone-runtime-1.2.0.jar:/home/wtwhite/.m2/repository/junit/junit/4.13.2/junit-4.13.2.jar:/home/wtwhite/.m2/repository/org/hamcrest/hamcrest-core/1.3/hamcrest-core-1.3.jar:"/>
    <property name="java.vm.vendor" value="Private Build"/>
    <property name="sun.arch.data.model" value="64"/>
    <property name="java.vendor.url" value="http://java.oracle.com/"/>
    <property name="user.timezone" value=""/>
    <property name="java.vm.specification.version" value="1.8"/>
    <property name="os.name" value="Linux"/>
    <property name="RUNDIR" value="/home/wtwhite/code/regression-test-generation/find-diff-classes/run-mvn"/>
    <property name="user.country" value="NZ"/>
    <property name="sun.java.launcher" value="SUN_STANDARD"/>
    <property name="sun.boot.library.path" value="/usr/lib/jvm/java-8-openjdk-amd64/jre/lib/amd64"/>
    <property name="sun.java.command" value="/home/wtwhite/code/regression-test-generation/find-diff-classes/compile/gaoss/org/flywaydb/flyway-core/9.16.1/target/surefire/surefirebooter-20241106181007161_3.jar /home/wtwhite/code/regression-test-generation/find-diff-classes/compile/gaoss/org/flywaydb/flyway-core/9.16.1/target/surefire 2024-11-06T18-10-07_046-jvmRun1 surefire-20241106181007161_1tmp surefire_0-20241106181007161_2tmp"/>
    <property name="surefire.test.class.path" value="/home/wtwhite/code/regression-test-generation/find-diff-classes/compile/gaoss/org/flywaydb/flyway-core/9.16.1/target/test-classes:/home/wtwhite/code/regression-test-generation/find-diff-classes/compile/gaoss/org/flywaydb/flyway-core/9.16.1/target/classes:/home/wtwhite/code/craw-redhat-oss/wget/crawl/google-aoss/org/flywaydb/flyway-core/9.16.1/flyway-core-9.16.1.jar:/home/wtwhite/code/regression-test-generation/find-diff-classes/compile/gaoss/org/flywaydb/flyway-core/9.16.1/t/dependency/annotations-2.19.0.jar:/home/wtwhite/code/regression-test-generation/find-diff-classes/compile/gaoss/org/flywaydb/flyway-core/9.16.1/t/dependency/apache-client-2.19.0.jar:/home/wtwhite/code/regression-test-generation/find-diff-classes/compile/gaoss/org/flywaydb/flyway-core/9.16.1/t/dependency/api-common-2.2.1.jar:/home/wtwhite/code/regression-test-generation/find-diff-classes/compile/gaoss/org/flywaydb/flyway-core/9.16.1/t/dependency/arns-2.19.0.jar:/home/wtwhite/code/regression-test-generation/find-diff-classes/compile/gaoss/org/flywaydb/flyway-core/9.16.1/t/dependency/auth-2.19.0.jar:/home/wtwhite/code/regression-test-generation/find-diff-classes/compile/gaoss/org/flywaydb/flyway-core/9.16.1/t/dependency/auto-value-annotations-1.9.jar:/home/wtwhite/code/regression-test-generation/find-diff-classes/compile/gaoss/org/flywaydb/flyway-core/9.16.1/t/dependency/aws-core-2.19.0.jar:/home/wtwhite/code/regression-test-generation/find-diff-classes/compile/gaoss/org/flywaydb/flyway-core/9.16.1/t/dependency/aws-java-sdk-core-1.12.252.jar:/home/wtwhite/code/regression-test-generation/find-diff-classes/compile/gaoss/org/flywaydb/flyway-core/9.16.1/t/dependency/aws-java-sdk-secretsmanager-1.12.252.jar:/home/wtwhite/code/regression-test-generation/find-diff-classes/compile/gaoss/org/flywaydb/flyway-core/9.16.1/t/dependency/aws-query-protocol-2.19.0.jar:/home/wtwhite/code/regression-test-generation/find-diff-classes/compile/gaoss/org/flywaydb/flyway-core/9.16.1/t/dependency/aws-secretsmanager-caching-java-1.0.2.jar:/home/wtwhite/code/regression-test-generation/find-diff-classes/compile/gaoss/org/flywaydb/flyway-core/9.16.1/t/dependency/aws-secretsmanager-jdbc-1.0.9.jar:/home/wtwhite/code/regression-test-generation/find-diff-classes/compile/gaoss/org/flywaydb/flyway-core/9.16.1/t/dependency/aws-xml-protocol-2.19.0.jar:/home/wtwhite/code/regression-test-generation/find-diff-classes/compile/gaoss/org/flywaydb/flyway-core/9.16.1/t/dependency/checker-qual-3.25.0.jar:/home/wtwhite/code/regression-test-generation/find-diff-classes/compile/gaoss/org/flywaydb/flyway-core/9.16.1/t/dependency/commons-codec-1.11.jar:/home/wtwhite/code/regression-test-generation/find-diff-classes/compile/gaoss/org/flywaydb/flyway-core/9.16.1/t/dependency/commons-logging-1.2.jar:/home/wtwhite/code/regression-test-generation/find-diff-classes/compile/gaoss/org/flywaydb/flyway-core/9.16.1/t/dependency/endpoints-spi-2.19.0.jar:/home/wtwhite/code/regression-test-generation/find-diff-classes/compile/gaoss/org/flywaydb/flyway-core/9.16.1/t/dependency/eventstream-1.0.1.jar:/home/wtwhite/code/regression-test-generation/find-diff-classes/compile/gaoss/org/flywaydb/flyway-core/9.16.1/t/dependency/failureaccess-1.0.1.jar:/home/wtwhite/code/regression-test-generation/find-diff-classes/compile/gaoss/org/flywaydb/flyway-core/9.16.1/t/dependency/gax-2.19.2.jar:/home/wtwhite/code/regression-test-generation/find-diff-classes/compile/gaoss/org/flywaydb/flyway-core/9.16.1/t/dependency/gax-httpjson-0.104.2.jar:/home/wtwhite/code/regression-test-generation/find-diff-classes/compile/gaoss/org/flywaydb/flyway-core/9.16.1/t/dependency/google-api-client-2.0.0.jar:/home/wtwhite/code/regression-test-generation/find-diff-classes/compile/gaoss/org/flywaydb/flyway-core/9.16.1/t/dependency/google-api-services-storage-v1-rev20220705-2.0.0.jar:/home/wtwhite/code/regression-test-generation/find-diff-classes/compile/gaoss/org/flywaydb/flyway-core/9.16.1/t/dependency/google-auth-library-credentials-1.11.0.jar:/home/wtwhite/code/regression-test-generation/find-diff-classes/compile/gaoss/org/flywaydb/flyway-core/9.16.1/t/dependency/google-auth-library-oauth2-http-1.11.0.jar:/home/wtwhite/code/regression-test-generation/find-diff-classes/compile/gaoss/org/flywaydb/flyway-core/9.16.1/t/dependency/google-cloud-core-2.8.20.jar:/home/wtwhite/code/regression-test-generation/find-diff-classes/compile/gaoss/org/flywaydb/flyway-core/9.16.1/t/dependency/google-cloud-core-http-2.8.20.jar:/home/wtwhite/code/regression-test-generation/find-diff-classes/compile/gaoss/org/flywaydb/flyway-core/9.16.1/t/dependency/google-cloud-storage-2.13.0.jar:/home/wtwhite/code/regression-test-generation/find-diff-classes/compile/gaoss/org/flywaydb/flyway-core/9.16.1/t/dependency/google-http-client-1.42.2.jar:/home/wtwhite/code/regression-test-generation/find-diff-classes/compile/gaoss/org/flywaydb/flyway-core/9.16.1/t/dependency/google-http-client-apache-v2-1.42.2.jar:/home/wtwhite/code/regression-test-generation/find-diff-classes/compile/gaoss/org/flywaydb/flyway-core/9.16.1/t/dependency/google-http-client-appengine-1.42.2.jar:/home/wtwhite/code/regression-test-generation/find-diff-classes/compile/gaoss/org/flywaydb/flyway-core/9.16.1/t/dependency/google-http-client-gson-1.42.2.jar:/home/wtwhite/code/regression-test-generation/find-diff-classes/compile/gaoss/org/flywaydb/flyway-core/9.16.1/t/dependency/google-http-client-jackson2-1.42.2.jar:/home/wtwhite/code/regression-test-generation/find-diff-classes/compile/gaoss/org/flywaydb/flyway-core/9.16.1/t/dependency/google-oauth-client-1.34.1.jar:/home/wtwhite/code/regression-test-generation/find-diff-classes/compile/gaoss/org/flywaydb/flyway-core/9.16.1/t/dependency/grpc-context-1.49.2.jar:/home/wtwhite/code/regression-test-generation/find-diff-classes/compile/gaoss/org/flywaydb/flyway-core/9.16.1/t/dependency/gson-2.8.9.jar:/home/wtwhite/code/regression-test-generation/find-diff-classes/compile/gaoss/org/flywaydb/flyway-core/9.16.1/t/dependency/guava-31.1-jre.jar:/home/wtwhite/code/regression-test-generation/find-diff-classes/compile/gaoss/org/flywaydb/flyway-core/9.16.1/t/dependency/http-client-spi-2.19.0.jar:/home/wtwhite/code/regression-test-generation/find-diff-classes/compile/gaoss/org/flywaydb/flyway-core/9.16.1/t/dependency/httpclient-4.5.13.jar:/home/wtwhite/code/regression-test-generation/find-diff-classes/compile/gaoss/org/flywaydb/flyway-core/9.16.1/t/dependency/httpcore-4.4.13.jar:/home/wtwhite/code/regression-test-generation/find-diff-classes/compile/gaoss/org/flywaydb/flyway-core/9.16.1/t/dependency/ion-java-1.0.2.jar:/home/wtwhite/code/regression-test-generation/find-diff-classes/compile/gaoss/org/flywaydb/flyway-core/9.16.1/t/dependency/j2objc-annotations-1.3.jar:/home/wtwhite/code/regression-test-generation/find-diff-classes/compile/gaoss/org/flywaydb/flyway-core/9.16.1/t/dependency/jackson-annotations-2.14.0.jar:/home/wtwhite/code/regression-test-generation/find-diff-classes/compile/gaoss/org/flywaydb/flyway-core/9.16.1/t/dependency/jackson-core-2.14.0.jar:/home/wtwhite/code/regression-test-generation/find-diff-classes/compile/gaoss/org/flywaydb/flyway-core/9.16.1/t/dependency/jackson-databind-2.14.0.jar:/home/wtwhite/code/regression-test-generation/find-diff-classes/compile/gaoss/org/flywaydb/flyway-core/9.16.1/t/dependency/jackson-dataformat-cbor-2.12.6.jar:/home/wtwhite/code/regression-test-generation/find-diff-classes/compile/gaoss/org/flywaydb/flyway-core/9.16.1/t/dependency/jackson-dataformat-toml-2.14.0.jar:/home/wtwhite/code/regression-test-generation/find-diff-classes/compile/gaoss/org/flywaydb/flyway-core/9.16.1/t/dependency/javax.annotation-api-1.3.2.jar:/home/wtwhite/code/regression-test-generation/find-diff-classes/compile/gaoss/org/flywaydb/flyway-core/9.16.1/t/dependency/jboss-logging-3.1.4.GA.jar:/home/wtwhite/code/regression-test-generation/find-diff-classes/compile/gaoss/org/flywaydb/flyway-core/9.16.1/t/dependency/jboss-vfs-3.2.15.Final.jar:/home/wtwhite/code/regression-test-generation/find-diff-classes/compile/gaoss/org/flywaydb/flyway-core/9.16.1/t/dependency/jmespath-java-1.12.252.jar:/home/wtwhite/code/regression-test-generation/find-diff-classes/compile/gaoss/org/flywaydb/flyway-core/9.16.1/t/dependency/joda-time-2.8.1.jar:/home/wtwhite/code/regression-test-generation/find-diff-classes/compile/gaoss/org/flywaydb/flyway-core/9.16.1/t/dependency/json-utils-2.19.0.jar:/home/wtwhite/code/regression-test-generation/find-diff-classes/compile/gaoss/org/flywaydb/flyway-core/9.16.1/t/dependency/jsr305-3.0.2.jar:/home/wtwhite/code/regression-test-generation/find-diff-classes/compile/gaoss/org/flywaydb/flyway-core/9.16.1/t/dependency/listenablefuture-9999.0-empty-to-avoid-conflict-with-guava.jar:/home/wtwhite/code/regression-test-generation/find-diff-classes/compile/gaoss/org/flywaydb/flyway-core/9.16.1/t/dependency/log4j-api-2.17.1.jar:/home/wtwhite/code/regression-test-generation/find-diff-classes/compile/gaoss/org/flywaydb/flyway-core/9.16.1/t/dependency/lombok-1.18.20.jar:/home/wtwhite/code/regression-test-generation/find-diff-classes/compile/gaoss/org/flywaydb/flyway-core/9.16.1/t/dependency/metrics-spi-2.19.0.jar:/home/wtwhite/code/regression-test-generation/find-diff-classes/compile/gaoss/org/flywaydb/flyway-core/9.16.1/t/dependency/netty-buffer-4.1.86.Final.jar:/home/wtwhite/code/regression-test-generation/find-diff-classes/compile/gaoss/org/flywaydb/flyway-core/9.16.1/t/dependency/netty-codec-4.1.86.Final.jar:/home/wtwhite/code/regression-test-generation/find-diff-classes/compile/gaoss/org/flywaydb/flyway-core/9.16.1/t/dependency/netty-codec-http-4.1.86.Final.jar:/home/wtwhite/code/regression-test-generation/find-diff-classes/compile/gaoss/org/flywaydb/flyway-core/9.16.1/t/dependency/netty-codec-http2-4.1.86.Final.jar:/home/wtwhite/code/regression-test-generation/find-diff-classes/compile/gaoss/org/flywaydb/flyway-core/9.16.1/t/dependency/netty-common-4.1.86.Final.jar:/home/wtwhite/code/regression-test-generation/find-diff-classes/compile/gaoss/org/flywaydb/flyway-core/9.16.1/t/dependency/netty-handler-4.1.86.Final.jar:/home/wtwhite/code/regression-test-generation/find-diff-classes/compile/gaoss/org/flywaydb/flyway-core/9.16.1/t/dependency/netty-nio-client-2.19.0.jar:/home/wtwhite/code/regression-test-generation/find-diff-classes/compile/gaoss/org/flywaydb/flyway-core/9.16.1/t/dependency/netty-resolver-4.1.86.Final.jar:/home/wtwhite/code/regression-test-generation/find-diff-classes/compile/gaoss/org/flywaydb/flyway-core/9.16.1/t/dependency/netty-transport-4.1.86.Final.jar:/home/wtwhite/code/regression-test-generation/find-diff-classes/compile/gaoss/org/flywaydb/flyway-core/9.16.1/t/dependency/netty-transport-classes-epoll-4.1.86.Final.jar:/home/wtwhite/code/regression-test-generation/find-diff-classes/compile/gaoss/org/flywaydb/flyway-core/9.16.1/t/dependency/netty-transport-native-unix-common-4.1.86.Final.jar:/home/wtwhite/code/regression-test-generation/find-diff-classes/compile/gaoss/org/flywaydb/flyway-core/9.16.1/t/dependency/ojdbc8-19.6.0.0.jar:/home/wtwhite/code/regression-test-generation/find-diff-classes/compile/gaoss/org/flywaydb/flyway-core/9.16.1/t/dependency/ons-19.6.0.0.jar:/home/wtwhite/code/regression-test-generation/find-diff-classes/compile/gaoss/org/flywaydb/flyway-core/9.16.1/t/dependency/opencensus-api-0.31.1.jar:/home/wtwhite/code/regression-test-generation/find-diff-classes/compile/gaoss/org/flywaydb/flyway-core/9.16.1/t/dependency/opencensus-contrib-http-util-0.31.1.jar:/home/wtwhite/code/regression-test-generation/find-diff-classes/compile/gaoss/org/flywaydb/flyway-core/9.16.1/t/dependency/oraclepki-19.6.0.0.jar:/home/wtwhite/code/regression-test-generation/find-diff-classes/compile/gaoss/org/flywaydb/flyway-core/9.16.1/t/dependency/org.jacoco.agent-0.8.8-runtime.jar:/home/wtwhite/code/regression-test-generation/find-diff-classes/compile/gaoss/org/flywaydb/flyway-core/9.16.1/t/dependency/org.osgi.core-4.3.1.jar:/home/wtwhite/code/regression-test-generation/find-diff-classes/compile/gaoss/org/flywaydb/flyway-core/9.16.1/t/dependency/osdt_cert-19.6.0.0.jar:/home/wtwhite/code/regression-test-generation/find-diff-classes/compile/gaoss/org/flywaydb/flyway-core/9.16.1/t/dependency/osdt_core-19.6.0.0.jar:/home/wtwhite/code/regression-test-generation/find-diff-classes/compile/gaoss/org/flywaydb/flyway-core/9.16.1/t/dependency/postgresql-42.4.3.jar:/home/wtwhite/code/regression-test-generation/find-diff-classes/compile/gaoss/org/flywaydb/flyway-core/9.16.1/t/dependency/profiles-2.19.0.jar:/home/wtwhite/code/regression-test-generation/find-diff-classes/compile/gaoss/org/flywaydb/flyway-core/9.16.1/t/dependency/proto-google-common-protos-2.9.6.jar:/home/wtwhite/code/regression-test-generation/find-diff-classes/compile/gaoss/org/flywaydb/flyway-core/9.16.1/t/dependency/proto-google-iam-v1-1.6.2.jar:/home/wtwhite/code/regression-test-generation/find-diff-classes/compile/gaoss/org/flywaydb/flyway-core/9.16.1/t/dependency/protobuf-java-3.21.7.jar:/home/wtwhite/code/regression-test-generation/find-diff-classes/compile/gaoss/org/flywaydb/flyway-core/9.16.1/t/dependency/protobuf-java-util-3.21.7.jar:/home/wtwhite/code/regression-test-generation/find-diff-classes/compile/gaoss/org/flywaydb/flyway-core/9.16.1/t/dependency/protocol-core-2.19.0.jar:/home/wtwhite/code/regression-test-generation/find-diff-classes/compile/gaoss/org/flywaydb/flyway-core/9.16.1/t/dependency/reactive-streams-1.0.3.jar:/home/wtwhite/code/regression-test-generation/find-diff-classes/compile/gaoss/org/flywaydb/flyway-core/9.16.1/t/dependency/regions-2.19.0.jar:/home/wtwhite/code/regression-test-generation/find-diff-classes/compile/gaoss/org/flywaydb/flyway-core/9.16.1/t/dependency/s3-2.19.0.jar:/home/wtwhite/code/regression-test-generation/find-diff-classes/compile/gaoss/org/flywaydb/flyway-core/9.16.1/t/dependency/sdk-core-2.19.0.jar:/home/wtwhite/code/regression-test-generation/find-diff-classes/compile/gaoss/org/flywaydb/flyway-core/9.16.1/t/dependency/simplefan-19.6.0.0.jar:/home/wtwhite/code/regression-test-generation/find-diff-classes/compile/gaoss/org/flywaydb/flyway-core/9.16.1/t/dependency/slf4j-api-1.7.30.jar:/home/wtwhite/code/regression-test-generation/find-diff-classes/compile/gaoss/org/flywaydb/flyway-core/9.16.1/t/dependency/third-party-jackson-core-2.19.0.jar:/home/wtwhite/code/regression-test-generation/find-diff-classes/compile/gaoss/org/flywaydb/flyway-core/9.16.1/t/dependency/threetenbp-1.6.2.jar:/home/wtwhite/code/regression-test-generation/find-diff-classes/compile/gaoss/org/flywaydb/flyway-core/9.16.1/t/dependency/ucp-19.6.0.0.jar:/home/wtwhite/code/regression-test-generation/find-diff-classes/compile/gaoss/org/flywaydb/flyway-core/9.16.1/t/dependency/utils-2.19.0.jar:/home/wtwhite/code/regression-test-generation/evosuite/evosuite-standalone-runtime-1.2.0.jar:/home/wtwhite/.m2/repository/junit/junit/4.13.2/junit-4.13.2.jar:/home/wtwhite/.m2/repository/org/hamcrest/hamcrest-core/1.3/hamcrest-core-1.3.jar:"/>
    <property name="sun.cpu.endian" value="little"/>
    <property name="user.home" value="/home/wtwhite"/>
    <property name="user.language" value="en"/>
    <property name="java.specification.vendor" value="Oracle Corporation"/>
    <property name="java.home" value="/usr/lib/jvm/java-8-openjdk-amd64/jre"/>
    <property name="basedir" value="/home/wtwhite/code/regression-test-generation/find-diff-classes/compile/gaoss/org/flywaydb/flyway-core/9.16.1"/>
    <property name="file.separator" value="/"/>
    <property name="line.separator" value="&#10;"/>
    <property name="java.vm.specification.vendor" value="Oracle Corporation"/>
    <property name="java.specification.name" value="Java Platform API Specification"/>
    <property name="java.awt.graphicsenv" value="sun.awt.X11GraphicsEnvironment"/>
    <property name="surefire.real.class.path" value="/home/wtwhite/code/regression-test-generation/find-diff-classes/compile/gaoss/org/flywaydb/flyway-core/9.16.1/target/surefire/surefirebooter-20241106181007161_3.jar"/>
    <property name="sun.boot.class.path" value="/usr/lib/jvm/java-8-openjdk-amd64/jre/lib/resources.jar:/usr/lib/jvm/java-8-openjdk-amd64/jre/lib/rt.jar:/usr/lib/jvm/java-8-openjdk-amd64/jre/lib/sunrsasign.jar:/usr/lib/jvm/java-8-openjdk-amd64/jre/lib/jsse.jar:/usr/lib/jvm/java-8-openjdk-amd64/jre/lib/jce.jar:/usr/lib/jvm/java-8-openjdk-amd64/jre/lib/charsets.jar:/usr/lib/jvm/java-8-openjdk-amd64/jre/lib/jfr.jar:/usr/lib/jvm/java-8-openjdk-amd64/jre/classes"/>
    <property name="sun.management.compiler" value="HotSpot 64-Bit Tiered Compilers"/>
    <property name="java.runtime.version" value="1.8.0_382-8u382-ga-1~22.04.1-b05"/>
    <property name="user.name" value="wtwhite"/>
    <property name="path.separator" value=":"/>
    <property name="os.version" value="5.15.0-87-generic"/>
    <property name="java.endorsed.dirs" value="/usr/lib/jvm/java-8-openjdk-amd64/jre/lib/endorsed"/>
    <property name="java.runtime.name" value="OpenJDK Runtime Environment"/>
    <property name="file.encoding" value="UTF-8"/>
    <property name="java.vm.name" value="OpenJDK 64-Bit Server VM"/>
    <property name="localRepository" value="/home/wtwhite/.m2/repository"/>
    <property name="java.vendor.url.bug" value="http://bugreport.sun.com/bugreport/"/>
    <property name="java.io.tmpdir" value="/tmp"/>
    <property name="java.version" value="1.8.0_382"/>
    <property name="user.dir" value="/home/wtwhite/code/regression-test-generation/find-diff-classes/compile/gaoss/org/flywaydb/flyway-core/9.16.1"/>
    <property name="os.arch" value="amd64"/>
    <property name="java.vm.specification.name" value="Java Virtual Machine Specification"/>
    <property name="java.awt.printerjob" value="sun.print.PSPrinterJob"/>
    <property name="sun.os.patch.level" value="unknown"/>
    <property name="java.library.path" value="/usr/java/packages/lib/amd64:/usr/lib/x86_64-linux-gnu/jni:/lib/x86_64-linux-gnu:/usr/lib/x86_64-linux-gnu:/usr/lib/jni:/lib:/usr/lib"/>
    <property name="java.vm.info" value="mixed mode"/>
    <property name="java.vendor" value="Private Build"/>
    <property name="java.vm.version" value="25.382-b05"/>
    <property name="java.specification.maintenance.version" value="5"/>
    <property name="java.ext.dirs" value="/usr/lib/jvm/java-8-openjdk-amd64/jre/lib/ext:/usr/java/packages/lib/ext"/>
    <property name="sun.io.unicode.encoding" value="UnicodeLittle"/>
    <property name="java.class.version" value="52.0"/>
  </properties>
  <testcase name="test10" classname="org.flywaydb.core.internal.configuration.TomlUtils_ESTest" time="0.079">
    <system-err><![CDATA[SLF4J: Failed to load class "org.slf4j.impl.StaticLoggerBinder".
SLF4J: Defaulting to no-operation (NOP) logger implementation
SLF4J: See http://www.slf4j.org/codes.html#StaticLoggerBinder for further details.
]]></system-err>
  </testcase>
  <testcase name="test01" classname="org.flywaydb.core.internal.configuration.TomlUtils_ESTest" time="0.007"/>
  <testcase name="test12" classname="org.flywaydb.core.internal.configuration.TomlUtils_ESTest" time="0.05"/>
  <testcase name="test00" classname="org.flywaydb.core.internal.configuration.TomlUtils_ESTest" time="0.047"/>
  <testcase name="test11" classname="org.flywaydb.core.internal.configuration.TomlUtils_ESTest" time="0.01"/>
  <testcase name="test03" classname="org.flywaydb.core.internal.configuration.TomlUtils_ESTest" time="0.008"/>
  <testcase name="test02" classname="org.flywaydb.core.internal.configuration.TomlUtils_ESTest" time="0.01"/>
  <testcase name="test05" classname="org.flywaydb.core.internal.configuration.TomlUtils_ESTest" time="0.011"/>
  <testcase name="test04" classname="org.flywaydb.core.internal.configuration.TomlUtils_ESTest" time="0.009"/>
  <testcase name="test07" classname="org.flywaydb.core.internal.configuration.TomlUtils_ESTest" time="0.012"/>
  <testcase name="test06" classname="org.flywaydb.core.internal.configuration.TomlUtils_ESTest" time="0.009"/>
  <testcase name="test09" classname="org.flywaydb.core.internal.configuration.TomlUtils_ESTest" time="0.036"/>
  <testcase name="test08" classname="org.flywaydb.core.internal.configuration.TomlUtils_ESTest" time="0.043"/>
</testsuite>