<?xml version="1.0" encoding="UTF-8"?>
<testsuite xmlns:xsi="http://www.w3.org/2001/XMLSchema-instance" xsi:noNamespaceSchemaLocation="https://maven.apache.org/surefire/maven-surefire-plugin/xsd/surefire-test-report-3.0.xsd" version="3.0" name="io.netty.handler.codec.spdy.SpdyHeaders_ESTest" time="0.164" tests="1" errors="0" skipped="0" failures="0">
  <properties>
    <property name="awt.toolkit" value="sun.awt.X11.XToolkit"/>
    <property name="file.encoding.pkg" value="sun.io"/>
    <property name="java.specification.version" value="1.8"/>
    <property name="sun.cpu.isalist" value=""/>
    <property name="sun.jnu.encoding" value="UTF-8"/>
    <property name="java.class.path" value="/home/wtwhite/code/regression-test-generation/find-diff-classes/compile/gaoss/io/netty/netty-codec-http/4.1.102.Final/target/test-classes:/home/wtwhite/code/regression-test-generation/find-diff-classes/compile/gaoss/io/netty/netty-codec-http/4.1.102.Final/target/classes:/home/wtwhite/code/craw-redhat-oss/wget/crawl/google-aoss/io/netty/netty-codec-http/4.1.102.Final/netty-codec-http-4.1.102.Final.jar:/home/wtwhite/code/regression-test-generation/find-diff-classes/compile/gaoss/io/netty/netty-codec-http/4.1.102.Final/t/dependency/Saxon-HE-9.9.1-6.jar:/home/wtwhite/code/regression-test-generation/find-diff-classes/compile/gaoss/io/netty/netty-codec-http/4.1.102.Final/t/dependency/antlr-2.7.7.jar:/home/wtwhite/code/regression-test-generation/find-diff-classes/compile/gaoss/io/netty/netty-codec-http/4.1.102.Final/t/dependency/antlr4-runtime-4.8-1.jar:/home/wtwhite/code/regression-test-generation/find-diff-classes/compile/gaoss/io/netty/netty-codec-http/4.1.102.Final/t/dependency/apiguardian-api-1.1.2.jar:/home/wtwhite/code/regression-test-generation/find-diff-classes/compile/gaoss/io/netty/netty-codec-http/4.1.102.Final/t/dependency/assertj-core-3.18.0.jar:/home/wtwhite/code/regression-test-generation/find-diff-classes/compile/gaoss/io/netty/netty-codec-http/4.1.102.Final/t/dependency/brotli4j-1.13.0.jar:/home/wtwhite/code/regression-test-generation/find-diff-classes/compile/gaoss/io/netty/netty-codec-http/4.1.102.Final/t/dependency/byte-buddy-1.8.5.jar:/home/wtwhite/code/regression-test-generation/find-diff-classes/compile/gaoss/io/netty/netty-codec-http/4.1.102.Final/t/dependency/byte-buddy-agent-1.8.5.jar:/home/wtwhite/code/regression-test-generation/find-diff-classes/compile/gaoss/io/netty/netty-codec-http/4.1.102.Final/t/dependency/checker-qual-2.10.0.jar:/home/wtwhite/code/regression-test-generation/find-diff-classes/compile/gaoss/io/netty/netty-codec-http/4.1.102.Final/t/dependency/checkstyle-8.29.jar:/home/wtwhite/code/regression-test-generation/find-diff-classes/compile/gaoss/io/netty/netty-codec-http/4.1.102.Final/t/dependency/commons-beanutils-1.9.4.jar:/home/wtwhite/code/regression-test-generation/find-diff-classes/compile/gaoss/io/netty/netty-codec-http/4.1.102.Final/t/dependency/commons-collections-3.2.2.jar:/home/wtwhite/code/regression-test-generation/find-diff-classes/compile/gaoss/io/netty/netty-codec-http/4.1.102.Final/t/dependency/commons-io-2.8.0.jar:/home/wtwhite/code/regression-test-generation/find-diff-classes/compile/gaoss/io/netty/netty-codec-http/4.1.102.Final/t/dependency/commons-logging-1.2.jar:/home/wtwhite/code/regression-test-generation/find-diff-classes/compile/gaoss/io/netty/netty-codec-http/4.1.102.Final/t/dependency/error_prone_annotations-2.3.4.jar:/home/wtwhite/code/regression-test-generation/find-diff-classes/compile/gaoss/io/netty/netty-codec-http/4.1.102.Final/t/dependency/failureaccess-1.0.1.jar:/home/wtwhite/code/regression-test-generation/find-diff-classes/compile/gaoss/io/netty/netty-codec-http/4.1.102.Final/t/dependency/gson-2.8.9.jar:/home/wtwhite/code/regression-test-generation/find-diff-classes/compile/gaoss/io/netty/netty-codec-http/4.1.102.Final/t/dependency/guava-28.2-jre.jar:/home/wtwhite/code/regression-test-generation/find-diff-classes/compile/gaoss/io/netty/netty-codec-http/4.1.102.Final/t/dependency/hamcrest-core-1.3.jar:/home/wtwhite/code/regression-test-generation/find-diff-classes/compile/gaoss/io/netty/netty-codec-http/4.1.102.Final/t/dependency/hamcrest-library-1.3.jar:/home/wtwhite/code/regression-test-generation/find-diff-classes/compile/gaoss/io/netty/netty-codec-http/4.1.102.Final/t/dependency/j2objc-annotations-1.3.jar:/home/wtwhite/code/regression-test-generation/find-diff-classes/compile/gaoss/io/netty/netty-codec-http/4.1.102.Final/t/dependency/javassist-3.28.0-GA.jar:/home/wtwhite/code/regression-test-generation/find-diff-classes/compile/gaoss/io/netty/netty-codec-http/4.1.102.Final/t/dependency/jsr305-3.0.2.jar:/home/wtwhite/code/regression-test-generation/find-diff-classes/compile/gaoss/io/netty/netty-codec-http/4.1.102.Final/t/dependency/junit-jupiter-api-5.9.0.jar:/home/wtwhite/code/regression-test-generation/find-diff-classes/compile/gaoss/io/netty/netty-codec-http/4.1.102.Final/t/dependency/junit-jupiter-engine-5.9.0.jar:/home/wtwhite/code/regression-test-generation/find-diff-classes/compile/gaoss/io/netty/netty-codec-http/4.1.102.Final/t/dependency/junit-jupiter-params-5.9.0.jar:/home/wtwhite/code/regression-test-generation/find-diff-classes/compile/gaoss/io/netty/netty-codec-http/4.1.102.Final/t/dependency/junit-platform-commons-1.9.0.jar:/home/wtwhite/code/regression-test-generation/find-diff-classes/compile/gaoss/io/netty/netty-codec-http/4.1.102.Final/t/dependency/junit-platform-engine-1.9.0.jar:/home/wtwhite/code/regression-test-generation/find-diff-classes/compile/gaoss/io/netty/netty-codec-http/4.1.102.Final/t/dependency/jzlib-1.1.3.jar:/home/wtwhite/code/regression-test-generation/find-diff-classes/compile/gaoss/io/netty/netty-codec-http/4.1.102.Final/t/dependency/listenablefuture-9999.0-empty-to-avoid-conflict-with-guava.jar:/home/wtwhite/code/regression-test-generation/find-diff-classes/compile/gaoss/io/netty/netty-codec-http/4.1.102.Final/t/dependency/logback-classic-1.2.13.jar:/home/wtwhite/code/regression-test-generation/find-diff-classes/compile/gaoss/io/netty/netty-codec-http/4.1.102.Final/t/dependency/logback-core-1.2.13.jar:/home/wtwhite/code/regression-test-generation/find-diff-classes/compile/gaoss/io/netty/netty-codec-http/4.1.102.Final/t/dependency/mockito-core-2.18.3.jar:/home/wtwhite/code/regression-test-generation/find-diff-classes/compile/gaoss/io/netty/netty-codec-http/4.1.102.Final/t/dependency/native-linux-aarch64-1.13.0.jar:/home/wtwhite/code/regression-test-generation/find-diff-classes/compile/gaoss/io/netty/netty-codec-http/4.1.102.Final/t/dependency/native-linux-riscv64-1.13.0.jar:/home/wtwhite/code/regression-test-generation/find-diff-classes/compile/gaoss/io/netty/netty-codec-http/4.1.102.Final/t/dependency/native-linux-x86_64-1.13.0.jar:/home/wtwhite/code/regression-test-generation/find-diff-classes/compile/gaoss/io/netty/netty-codec-http/4.1.102.Final/t/dependency/native-osx-aarch64-1.13.0.jar:/home/wtwhite/code/regression-test-generation/find-diff-classes/compile/gaoss/io/netty/netty-codec-http/4.1.102.Final/t/dependency/native-osx-x86_64-1.13.0.jar:/home/wtwhite/code/regression-test-generation/find-diff-classes/compile/gaoss/io/netty/netty-codec-http/4.1.102.Final/t/dependency/native-windows-x86_64-1.13.0.jar:/home/wtwhite/code/regression-test-generation/find-diff-classes/compile/gaoss/io/netty/netty-codec-http/4.1.102.Final/t/dependency/netty-buffer-4.1.102.Final.jar:/home/wtwhite/code/regression-test-generation/find-diff-classes/compile/gaoss/io/netty/netty-codec-http/4.1.102.Final/t/dependency/netty-build-common-31.jar:/home/wtwhite/code/regression-test-generation/find-diff-classes/compile/gaoss/io/netty/netty-codec-http/4.1.102.Final/t/dependency/netty-codec-4.1.102.Final.jar:/home/wtwhite/code/regression-test-generation/find-diff-classes/compile/gaoss/io/netty/netty-codec-http/4.1.102.Final/t/dependency/netty-common-4.1.102.Final.jar:/home/wtwhite/code/regression-test-generation/find-diff-classes/compile/gaoss/io/netty/netty-codec-http/4.1.102.Final/t/dependency/netty-handler-4.1.102.Final.jar:/home/wtwhite/code/regression-test-generation/find-diff-classes/compile/gaoss/io/netty/netty-codec-http/4.1.102.Final/t/dependency/netty-resolver-4.1.102.Final.jar:/home/wtwhite/code/regression-test-generation/find-diff-classes/compile/gaoss/io/netty/netty-codec-http/4.1.102.Final/t/dependency/netty-transport-4.1.102.Final-tests.jar:/home/wtwhite/code/regression-test-generation/find-diff-classes/compile/gaoss/io/netty/netty-codec-http/4.1.102.Final/t/dependency/netty-transport-4.1.102.Final.jar:/home/wtwhite/code/regression-test-generation/find-diff-classes/compile/gaoss/io/netty/netty-codec-http/4.1.102.Final/t/dependency/netty-transport-native-unix-common-4.1.102.Final.jar:/home/wtwhite/code/regression-test-generation/find-diff-classes/compile/gaoss/io/netty/netty-codec-http/4.1.102.Final/t/dependency/objenesis-2.6.jar:/home/wtwhite/code/regression-test-generation/find-diff-classes/compile/gaoss/io/netty/netty-codec-http/4.1.102.Final/t/dependency/opentest4j-1.2.0.jar:/home/wtwhite/code/regression-test-generation/find-diff-classes/compile/gaoss/io/netty/netty-codec-http/4.1.102.Final/t/dependency/picocli-4.1.4.jar:/home/wtwhite/code/regression-test-generation/find-diff-classes/compile/gaoss/io/netty/netty-codec-http/4.1.102.Final/t/dependency/reflections-0.10.2.jar:/home/wtwhite/code/regression-test-generation/find-diff-classes/compile/gaoss/io/netty/netty-codec-http/4.1.102.Final/t/dependency/service-1.13.0.jar:/home/wtwhite/code/regression-test-generation/find-diff-classes/compile/gaoss/io/netty/netty-codec-http/4.1.102.Final/t/dependency/slf4j-api-1.7.30.jar:/home/wtwhite/code/regression-test-generation/find-diff-classes/compile/gaoss/io/netty/netty-codec-http/4.1.102.Final/t/dependency/zstd-jni-1.5.0-2.jar:/home/wtwhite/code/regression-test-generation/evosuite/evosuite-standalone-runtime-1.2.0.jar:/home/wtwhite/.m2/repository/junit/junit/4.13.2/junit-4.13.2.jar:/home/wtwhite/.m2/repository/org/hamcrest/hamcrest-core/1.3/hamcrest-core-1.3.jar:"/>
    <property name="java.vm.vendor" value="Private Build"/>
    <property name="sun.arch.data.model" value="64"/>
    <property name="java.vendor.url" value="http://java.oracle.com/"/>
    <property name="user.timezone" value=""/>
    <property name="java.vm.specification.version" value="1.8"/>
    <property name="os.name" value="Linux"/>
    <property name="RUNDIR" value="/home/wtwhite/code/regression-test-generation/find-diff-classes/run-mvn"/>
    <property name="user.country" value="NZ"/>
    <property name="sun.java.launcher" value="SUN_STANDARD"/>
    <property name="sun.boot.library.path" value="/usr/lib/jvm/java-8-openjdk-amd64/jre/lib/amd64"/>
    <property name="sun.java.command" value="/home/wtwhite/code/regression-test-generation/find-diff-classes/compile/gaoss/io/netty/netty-codec-http/4.1.102.Final/target/surefire/surefirebooter-20241106180733005_3.jar /home/wtwhite/code/regression-test-generation/find-diff-classes/compile/gaoss/io/netty/netty-codec-http/4.1.102.Final/target/surefire 2024-11-06T18-07-32_853-jvmRun1 surefire-20241106180733005_1tmp surefire_0-20241106180733005_2tmp"/>
    <property name="surefire.test.class.path" value="/home/wtwhite/code/regression-test-generation/find-diff-classes/compile/gaoss/io/netty/netty-codec-http/4.1.102.Final/target/test-classes:/home/wtwhite/code/regression-test-generation/find-diff-classes/compile/gaoss/io/netty/netty-codec-http/4.1.102.Final/target/classes:/home/wtwhite/code/craw-redhat-oss/wget/crawl/google-aoss/io/netty/netty-codec-http/4.1.102.Final/netty-codec-http-4.1.102.Final.jar:/home/wtwhite/code/regression-test-generation/find-diff-classes/compile/gaoss/io/netty/netty-codec-http/4.1.102.Final/t/dependency/Saxon-HE-9.9.1-6.jar:/home/wtwhite/code/regression-test-generation/find-diff-classes/compile/gaoss/io/netty/netty-codec-http/4.1.102.Final/t/dependency/antlr-2.7.7.jar:/home/wtwhite/code/regression-test-generation/find-diff-classes/compile/gaoss/io/netty/netty-codec-http/4.1.102.Final/t/dependency/antlr4-runtime-4.8-1.jar:/home/wtwhite/code/regression-test-generation/find-diff-classes/compile/gaoss/io/netty/netty-codec-http/4.1.102.Final/t/dependency/apiguardian-api-1.1.2.jar:/home/wtwhite/code/regression-test-generation/find-diff-classes/compile/gaoss/io/netty/netty-codec-http/4.1.102.Final/t/dependency/assertj-core-3.18.0.jar:/home/wtwhite/code/regression-test-generation/find-diff-classes/compile/gaoss/io/netty/netty-codec-http/4.1.102.Final/t/dependency/brotli4j-1.13.0.jar:/home/wtwhite/code/regression-test-generation/find-diff-classes/compile/gaoss/io/netty/netty-codec-http/4.1.102.Final/t/dependency/byte-buddy-1.8.5.jar:/home/wtwhite/code/regression-test-generation/find-diff-classes/compile/gaoss/io/netty/netty-codec-http/4.1.102.Final/t/dependency/byte-buddy-agent-1.8.5.jar:/home/wtwhite/code/regression-test-generation/find-diff-classes/compile/gaoss/io/netty/netty-codec-http/4.1.102.Final/t/dependency/checker-qual-2.10.0.jar:/home/wtwhite/code/regression-test-generation/find-diff-classes/compile/gaoss/io/netty/netty-codec-http/4.1.102.Final/t/dependency/checkstyle-8.29.jar:/home/wtwhite/code/regression-test-generation/find-diff-classes/compile/gaoss/io/netty/netty-codec-http/4.1.102.Final/t/dependency/commons-beanutils-1.9.4.jar:/home/wtwhite/code/regression-test-generation/find-diff-classes/compile/gaoss/io/netty/netty-codec-http/4.1.102.Final/t/dependency/commons-collections-3.2.2.jar:/home/wtwhite/code/regression-test-generation/find-diff-classes/compile/gaoss/io/netty/netty-codec-http/4.1.102.Final/t/dependency/commons-io-2.8.0.jar:/home/wtwhite/code/regression-test-generation/find-diff-classes/compile/gaoss/io/netty/netty-codec-http/4.1.102.Final/t/dependency/commons-logging-1.2.jar:/home/wtwhite/code/regression-test-generation/find-diff-classes/compile/gaoss/io/netty/netty-codec-http/4.1.102.Final/t/dependency/error_prone_annotations-2.3.4.jar:/home/wtwhite/code/regression-test-generation/find-diff-classes/compile/gaoss/io/netty/netty-codec-http/4.1.102.Final/t/dependency/failureaccess-1.0.1.jar:/home/wtwhite/code/regression-test-generation/find-diff-classes/compile/gaoss/io/netty/netty-codec-http/4.1.102.Final/t/dependency/gson-2.8.9.jar:/home/wtwhite/code/regression-test-generation/find-diff-classes/compile/gaoss/io/netty/netty-codec-http/4.1.102.Final/t/dependency/guava-28.2-jre.jar:/home/wtwhite/code/regression-test-generation/find-diff-classes/compile/gaoss/io/netty/netty-codec-http/4.1.102.Final/t/dependency/hamcrest-core-1.3.jar:/home/wtwhite/code/regression-test-generation/find-diff-classes/compile/gaoss/io/netty/netty-codec-http/4.1.102.Final/t/dependency/hamcrest-library-1.3.jar:/home/wtwhite/code/regression-test-generation/find-diff-classes/compile/gaoss/io/netty/netty-codec-http/4.1.102.Final/t/dependency/j2objc-annotations-1.3.jar:/home/wtwhite/code/regression-test-generation/find-diff-classes/compile/gaoss/io/netty/netty-codec-http/4.1.102.Final/t/dependency/javassist-3.28.0-GA.jar:/home/wtwhite/code/regression-test-generation/find-diff-classes/compile/gaoss/io/netty/netty-codec-http/4.1.102.Final/t/dependency/jsr305-3.0.2.jar:/home/wtwhite/code/regression-test-generation/find-diff-classes/compile/gaoss/io/netty/netty-codec-http/4.1.102.Final/t/dependency/junit-jupiter-api-5.9.0.jar:/home/wtwhite/code/regression-test-generation/find-diff-classes/compile/gaoss/io/netty/netty-codec-http/4.1.102.Final/t/dependency/junit-jupiter-engine-5.9.0.jar:/home/wtwhite/code/regression-test-generation/find-diff-classes/compile/gaoss/io/netty/netty-codec-http/4.1.102.Final/t/dependency/junit-jupiter-params-5.9.0.jar:/home/wtwhite/code/regression-test-generation/find-diff-classes/compile/gaoss/io/netty/netty-codec-http/4.1.102.Final/t/dependency/junit-platform-commons-1.9.0.jar:/home/wtwhite/code/regression-test-generation/find-diff-classes/compile/gaoss/io/netty/netty-codec-http/4.1.102.Final/t/dependency/junit-platform-engine-1.9.0.jar:/home/wtwhite/code/regression-test-generation/find-diff-classes/compile/gaoss/io/netty/netty-codec-http/4.1.102.Final/t/dependency/jzlib-1.1.3.jar:/home/wtwhite/code/regression-test-generation/find-diff-classes/compile/gaoss/io/netty/netty-codec-http/4.1.102.Final/t/dependency/listenablefuture-9999.0-empty-to-avoid-conflict-with-guava.jar:/home/wtwhite/code/regression-test-generation/find-diff-classes/compile/gaoss/io/netty/netty-codec-http/4.1.102.Final/t/dependency/logback-classic-1.2.13.jar:/home/wtwhite/code/regression-test-generation/find-diff-classes/compile/gaoss/io/netty/netty-codec-http/4.1.102.Final/t/dependency/logback-core-1.2.13.jar:/home/wtwhite/code/regression-test-generation/find-diff-classes/compile/gaoss/io/netty/netty-codec-http/4.1.102.Final/t/dependency/mockito-core-2.18.3.jar:/home/wtwhite/code/regression-test-generation/find-diff-classes/compile/gaoss/io/netty/netty-codec-http/4.1.102.Final/t/dependency/native-linux-aarch64-1.13.0.jar:/home/wtwhite/code/regression-test-generation/find-diff-classes/compile/gaoss/io/netty/netty-codec-http/4.1.102.Final/t/dependency/native-linux-riscv64-1.13.0.jar:/home/wtwhite/code/regression-test-generation/find-diff-classes/compile/gaoss/io/netty/netty-codec-http/4.1.102.Final/t/dependency/native-linux-x86_64-1.13.0.jar:/home/wtwhite/code/regression-test-generation/find-diff-classes/compile/gaoss/io/netty/netty-codec-http/4.1.102.Final/t/dependency/native-osx-aarch64-1.13.0.jar:/home/wtwhite/code/regression-test-generation/find-diff-classes/compile/gaoss/io/netty/netty-codec-http/4.1.102.Final/t/dependency/native-osx-x86_64-1.13.0.jar:/home/wtwhite/code/regression-test-generation/find-diff-classes/compile/gaoss/io/netty/netty-codec-http/4.1.102.Final/t/dependency/native-windows-x86_64-1.13.0.jar:/home/wtwhite/code/regression-test-generation/find-diff-classes/compile/gaoss/io/netty/netty-codec-http/4.1.102.Final/t/dependency/netty-buffer-4.1.102.Final.jar:/home/wtwhite/code/regression-test-generation/find-diff-classes/compile/gaoss/io/netty/netty-codec-http/4.1.102.Final/t/dependency/netty-build-common-31.jar:/home/wtwhite/code/regression-test-generation/find-diff-classes/compile/gaoss/io/netty/netty-codec-http/4.1.102.Final/t/dependency/netty-codec-4.1.102.Final.jar:/home/wtwhite/code/regression-test-generation/find-diff-classes/compile/gaoss/io/netty/netty-codec-http/4.1.102.Final/t/dependency/netty-common-4.1.102.Final.jar:/home/wtwhite/code/regression-test-generation/find-diff-classes/compile/gaoss/io/netty/netty-codec-http/4.1.102.Final/t/dependency/netty-handler-4.1.102.Final.jar:/home/wtwhite/code/regression-test-generation/find-diff-classes/compile/gaoss/io/netty/netty-codec-http/4.1.102.Final/t/dependency/netty-resolver-4.1.102.Final.jar:/home/wtwhite/code/regression-test-generation/find-diff-classes/compile/gaoss/io/netty/netty-codec-http/4.1.102.Final/t/dependency/netty-transport-4.1.102.Final-tests.jar:/home/wtwhite/code/regression-test-generation/find-diff-classes/compile/gaoss/io/netty/netty-codec-http/4.1.102.Final/t/dependency/netty-transport-4.1.102.Final.jar:/home/wtwhite/code/regression-test-generation/find-diff-classes/compile/gaoss/io/netty/netty-codec-http/4.1.102.Final/t/dependency/netty-transport-native-unix-common-4.1.102.Final.jar:/home/wtwhite/code/regression-test-generation/find-diff-classes/compile/gaoss/io/netty/netty-codec-http/4.1.102.Final/t/dependency/objenesis-2.6.jar:/home/wtwhite/code/regression-test-generation/find-diff-classes/compile/gaoss/io/netty/netty-codec-http/4.1.102.Final/t/dependency/opentest4j-1.2.0.jar:/home/wtwhite/code/regression-test-generation/find-diff-classes/compile/gaoss/io/netty/netty-codec-http/4.1.102.Final/t/dependency/picocli-4.1.4.jar:/home/wtwhite/code/regression-test-generation/find-diff-classes/compile/gaoss/io/netty/netty-codec-http/4.1.102.Final/t/dependency/reflections-0.10.2.jar:/home/wtwhite/code/regression-test-generation/find-diff-classes/compile/gaoss/io/netty/netty-codec-http/4.1.102.Final/t/dependency/service-1.13.0.jar:/home/wtwhite/code/regression-test-generation/find-diff-classes/compile/gaoss/io/netty/netty-codec-http/4.1.102.Final/t/dependency/slf4j-api-1.7.30.jar:/home/wtwhite/code/regression-test-generation/find-diff-classes/compile/gaoss/io/netty/netty-codec-http/4.1.102.Final/t/dependency/zstd-jni-1.5.0-2.jar:/home/wtwhite/code/regression-test-generation/evosuite/evosuite-standalone-runtime-1.2.0.jar:/home/wtwhite/.m2/repository/junit/junit/4.13.2/junit-4.13.2.jar:/home/wtwhite/.m2/repository/org/hamcrest/hamcrest-core/1.3/hamcrest-core-1.3.jar:"/>
    <property name="sun.cpu.endian" value="little"/>
    <property name="user.home" value="/home/wtwhite"/>
    <property name="user.language" value="en"/>
    <property name="java.specification.vendor" value="Oracle Corporation"/>
    <property name="java.home" value="/usr/lib/jvm/java-8-openjdk-amd64/jre"/>
    <property name="basedir" value="/home/wtwhite/code/regression-test-generation/find-diff-classes/compile/gaoss/io/netty/netty-codec-http/4.1.102.Final"/>
    <property name="file.separator" value="/"/>
    <property name="line.separator" value="&#10;"/>
    <property name="java.vm.specification.vendor" value="Oracle Corporation"/>
    <property name="java.specification.name" value="Java Platform API Specification"/>
    <property name="java.awt.graphicsenv" value="sun.awt.X11GraphicsEnvironment"/>
    <property name="surefire.real.class.path" value="/home/wtwhite/code/regression-test-generation/find-diff-classes/compile/gaoss/io/netty/netty-codec-http/4.1.102.Final/target/surefire/surefirebooter-20241106180733005_3.jar"/>
    <property name="sun.boot.class.path" value="/usr/lib/jvm/java-8-openjdk-amd64/jre/lib/resources.jar:/usr/lib/jvm/java-8-openjdk-amd64/jre/lib/rt.jar:/usr/lib/jvm/java-8-openjdk-amd64/jre/lib/sunrsasign.jar:/usr/lib/jvm/java-8-openjdk-amd64/jre/lib/jsse.jar:/usr/lib/jvm/java-8-openjdk-amd64/jre/lib/jce.jar:/usr/lib/jvm/java-8-openjdk-amd64/jre/lib/charsets.jar:/usr/lib/jvm/java-8-openjdk-amd64/jre/lib/jfr.jar:/usr/lib/jvm/java-8-openjdk-amd64/jre/classes"/>
    <property name="sun.management.compiler" value="HotSpot 64-Bit Tiered Compilers"/>
    <property name="java.runtime.version" value="1.8.0_382-8u382-ga-1~22.04.1-b05"/>
    <property name="user.name" value="wtwhite"/>
    <property name="path.separator" value=":"/>
    <property name="os.version" value="5.15.0-87-generic"/>
    <property name="java.endorsed.dirs" value="/usr/lib/jvm/java-8-openjdk-amd64/jre/lib/endorsed"/>
    <property name="java.runtime.name" value="OpenJDK Runtime Environment"/>
    <property name="file.encoding" value="UTF-8"/>
    <property name="java.vm.name" value="OpenJDK 64-Bit Server VM"/>
    <property name="localRepository" value="/home/wtwhite/.m2/repository"/>
    <property name="java.vendor.url.bug" value="http://bugreport.sun.com/bugreport/"/>
    <property name="java.io.tmpdir" value="/tmp"/>
    <property name="java.version" value="1.8.0_382"/>
    <property name="user.dir" value="/home/wtwhite/code/regression-test-generation/find-diff-classes/compile/gaoss/io/netty/netty-codec-http/4.1.102.Final"/>
    <property name="os.arch" value="amd64"/>
    <property name="java.vm.specification.name" value="Java Virtual Machine Specification"/>
    <property name="java.awt.printerjob" value="sun.print.PSPrinterJob"/>
    <property name="sun.os.patch.level" value="unknown"/>
    <property name="java.library.path" value="/usr/java/packages/lib/amd64:/usr/lib/x86_64-linux-gnu/jni:/lib/x86_64-linux-gnu:/usr/lib/x86_64-linux-gnu:/usr/lib/jni:/lib:/usr/lib"/>
    <property name="java.vm.info" value="mixed mode"/>
    <property name="java.vendor" value="Private Build"/>
    <property name="java.vm.version" value="25.382-b05"/>
    <property name="java.specification.maintenance.version" value="5"/>
    <property name="java.ext.dirs" value="/usr/lib/jvm/java-8-openjdk-amd64/jre/lib/ext:/usr/java/packages/lib/ext"/>
    <property name="sun.io.unicode.encoding" value="UnicodeLittle"/>
    <property name="java.class.version" value="52.0"/>
  </properties>
  <testcase name="notGeneratedAnyTest" classname="io.netty.handler.codec.spdy.SpdyHeaders_ESTest" time="0.001">
    <system-out><![CDATA[18:07:33.485 [main] INFO org.evosuite.runtime.instrumentation.EvoClassLoader - Seeing class for first time: io.netty.handler.codec.spdy.SpdyHeaders_ESTest
18:07:33.487 [main] INFO org.evosuite.runtime.instrumentation.EvoClassLoader - Instrumenting class 'io.netty.handler.codec.spdy.SpdyHeaders_ESTest'.
18:07:33.528 [main] INFO org.evosuite.runtime.instrumentation.EvoClassLoader - Seeing class for first time: io.netty.handler.codec.spdy.SpdyHeaders_ESTest_scaffolding
18:07:33.528 [main] INFO org.evosuite.runtime.instrumentation.EvoClassLoader - Instrumenting class 'io.netty.handler.codec.spdy.SpdyHeaders_ESTest_scaffolding'.
18:07:33.529 [main] INFO org.evosuite.runtime.instrumentation.EvoClassLoader - Keeping class: io.netty.handler.codec.spdy.SpdyHeaders_ESTest_scaffolding
18:07:33.529 [main] INFO org.evosuite.runtime.instrumentation.EvoClassLoader - Keeping class: io.netty.handler.codec.spdy.SpdyHeaders_ESTest
]]></system-out>
  </testcase>
</testsuite>