<?xml version="1.0" encoding="UTF-8"?>
<testsuite xmlns:xsi="http://www.w3.org/2001/XMLSchema-instance" xsi:noNamespaceSchemaLocation="https://maven.apache.org/surefire/maven-surefire-plugin/xsd/surefire-test-report-3.0.xsd" version="3.0" name="io.netty.handler.codec.http.multipart.AbstractDiskHttpData_ESTest" time="9.956" tests="68" errors="0" skipped="0" failures="3">
  <properties>
    <property name="awt.toolkit" value="sun.awt.X11.XToolkit"/>
    <property name="file.encoding.pkg" value="sun.io"/>
    <property name="java.specification.version" value="1.8"/>
    <property name="sun.cpu.isalist" value=""/>
    <property name="sun.jnu.encoding" value="UTF-8"/>
    <property name="java.class.path" value="/home/wtwhite/code/regression-test-generation/find-diff-classes/compile/gaoss/io/netty/netty-codec-http/4.1.102.Final/target/test-classes:/home/wtwhite/code/regression-test-generation/find-diff-classes/compile/gaoss/io/netty/netty-codec-http/4.1.102.Final/target/classes:/home/wtwhite/code/craw-redhat-oss/wget/crawl/google-aoss/io/netty/netty-codec-http/4.1.102.Final/netty-codec-http-4.1.102.Final.jar:/home/wtwhite/code/regression-test-generation/find-diff-classes/compile/gaoss/io/netty/netty-codec-http/4.1.102.Final/t/dependency/Saxon-HE-9.9.1-6.jar:/home/wtwhite/code/regression-test-generation/find-diff-classes/compile/gaoss/io/netty/netty-codec-http/4.1.102.Final/t/dependency/antlr-2.7.7.jar:/home/wtwhite/code/regression-test-generation/find-diff-classes/compile/gaoss/io/netty/netty-codec-http/4.1.102.Final/t/dependency/antlr4-runtime-4.8-1.jar:/home/wtwhite/code/regression-test-generation/find-diff-classes/compile/gaoss/io/netty/netty-codec-http/4.1.102.Final/t/dependency/apiguardian-api-1.1.2.jar:/home/wtwhite/code/regression-test-generation/find-diff-classes/compile/gaoss/io/netty/netty-codec-http/4.1.102.Final/t/dependency/assertj-core-3.18.0.jar:/home/wtwhite/code/regression-test-generation/find-diff-classes/compile/gaoss/io/netty/netty-codec-http/4.1.102.Final/t/dependency/brotli4j-1.13.0.jar:/home/wtwhite/code/regression-test-generation/find-diff-classes/compile/gaoss/io/netty/netty-codec-http/4.1.102.Final/t/dependency/byte-buddy-1.8.5.jar:/home/wtwhite/code/regression-test-generation/find-diff-classes/compile/gaoss/io/netty/netty-codec-http/4.1.102.Final/t/dependency/byte-buddy-agent-1.8.5.jar:/home/wtwhite/code/regression-test-generation/find-diff-classes/compile/gaoss/io/netty/netty-codec-http/4.1.102.Final/t/dependency/checker-qual-2.10.0.jar:/home/wtwhite/code/regression-test-generation/find-diff-classes/compile/gaoss/io/netty/netty-codec-http/4.1.102.Final/t/dependency/checkstyle-8.29.jar:/home/wtwhite/code/regression-test-generation/find-diff-classes/compile/gaoss/io/netty/netty-codec-http/4.1.102.Final/t/dependency/commons-beanutils-1.9.4.jar:/home/wtwhite/code/regression-test-generation/find-diff-classes/compile/gaoss/io/netty/netty-codec-http/4.1.102.Final/t/dependency/commons-collections-3.2.2.jar:/home/wtwhite/code/regression-test-generation/find-diff-classes/compile/gaoss/io/netty/netty-codec-http/4.1.102.Final/t/dependency/commons-io-2.8.0.jar:/home/wtwhite/code/regression-test-generation/find-diff-classes/compile/gaoss/io/netty/netty-codec-http/4.1.102.Final/t/dependency/commons-logging-1.2.jar:/home/wtwhite/code/regression-test-generation/find-diff-classes/compile/gaoss/io/netty/netty-codec-http/4.1.102.Final/t/dependency/error_prone_annotations-2.3.4.jar:/home/wtwhite/code/regression-test-generation/find-diff-classes/compile/gaoss/io/netty/netty-codec-http/4.1.102.Final/t/dependency/failureaccess-1.0.1.jar:/home/wtwhite/code/regression-test-generation/find-diff-classes/compile/gaoss/io/netty/netty-codec-http/4.1.102.Final/t/dependency/gson-2.8.9.jar:/home/wtwhite/code/regression-test-generation/find-diff-classes/compile/gaoss/io/netty/netty-codec-http/4.1.102.Final/t/dependency/guava-28.2-jre.jar:/home/wtwhite/code/regression-test-generation/find-diff-classes/compile/gaoss/io/netty/netty-codec-http/4.1.102.Final/t/dependency/hamcrest-core-1.3.jar:/home/wtwhite/code/regression-test-generation/find-diff-classes/compile/gaoss/io/netty/netty-codec-http/4.1.102.Final/t/dependency/hamcrest-library-1.3.jar:/home/wtwhite/code/regression-test-generation/find-diff-classes/compile/gaoss/io/netty/netty-codec-http/4.1.102.Final/t/dependency/j2objc-annotations-1.3.jar:/home/wtwhite/code/regression-test-generation/find-diff-classes/compile/gaoss/io/netty/netty-codec-http/4.1.102.Final/t/dependency/javassist-3.28.0-GA.jar:/home/wtwhite/code/regression-test-generation/find-diff-classes/compile/gaoss/io/netty/netty-codec-http/4.1.102.Final/t/dependency/jsr305-3.0.2.jar:/home/wtwhite/code/regression-test-generation/find-diff-classes/compile/gaoss/io/netty/netty-codec-http/4.1.102.Final/t/dependency/junit-jupiter-api-5.9.0.jar:/home/wtwhite/code/regression-test-generation/find-diff-classes/compile/gaoss/io/netty/netty-codec-http/4.1.102.Final/t/dependency/junit-jupiter-engine-5.9.0.jar:/home/wtwhite/code/regression-test-generation/find-diff-classes/compile/gaoss/io/netty/netty-codec-http/4.1.102.Final/t/dependency/junit-jupiter-params-5.9.0.jar:/home/wtwhite/code/regression-test-generation/find-diff-classes/compile/gaoss/io/netty/netty-codec-http/4.1.102.Final/t/dependency/junit-platform-commons-1.9.0.jar:/home/wtwhite/code/regression-test-generation/find-diff-classes/compile/gaoss/io/netty/netty-codec-http/4.1.102.Final/t/dependency/junit-platform-engine-1.9.0.jar:/home/wtwhite/code/regression-test-generation/find-diff-classes/compile/gaoss/io/netty/netty-codec-http/4.1.102.Final/t/dependency/jzlib-1.1.3.jar:/home/wtwhite/code/regression-test-generation/find-diff-classes/compile/gaoss/io/netty/netty-codec-http/4.1.102.Final/t/dependency/listenablefuture-9999.0-empty-to-avoid-conflict-with-guava.jar:/home/wtwhite/code/regression-test-generation/find-diff-classes/compile/gaoss/io/netty/netty-codec-http/4.1.102.Final/t/dependency/logback-classic-1.2.13.jar:/home/wtwhite/code/regression-test-generation/find-diff-classes/compile/gaoss/io/netty/netty-codec-http/4.1.102.Final/t/dependency/logback-core-1.2.13.jar:/home/wtwhite/code/regression-test-generation/find-diff-classes/compile/gaoss/io/netty/netty-codec-http/4.1.102.Final/t/dependency/mockito-core-2.18.3.jar:/home/wtwhite/code/regression-test-generation/find-diff-classes/compile/gaoss/io/netty/netty-codec-http/4.1.102.Final/t/dependency/native-linux-aarch64-1.13.0.jar:/home/wtwhite/code/regression-test-generation/find-diff-classes/compile/gaoss/io/netty/netty-codec-http/4.1.102.Final/t/dependency/native-linux-riscv64-1.13.0.jar:/home/wtwhite/code/regression-test-generation/find-diff-classes/compile/gaoss/io/netty/netty-codec-http/4.1.102.Final/t/dependency/native-linux-x86_64-1.13.0.jar:/home/wtwhite/code/regression-test-generation/find-diff-classes/compile/gaoss/io/netty/netty-codec-http/4.1.102.Final/t/dependency/native-osx-aarch64-1.13.0.jar:/home/wtwhite/code/regression-test-generation/find-diff-classes/compile/gaoss/io/netty/netty-codec-http/4.1.102.Final/t/dependency/native-osx-x86_64-1.13.0.jar:/home/wtwhite/code/regression-test-generation/find-diff-classes/compile/gaoss/io/netty/netty-codec-http/4.1.102.Final/t/dependency/native-windows-x86_64-1.13.0.jar:/home/wtwhite/code/regression-test-generation/find-diff-classes/compile/gaoss/io/netty/netty-codec-http/4.1.102.Final/t/dependency/netty-buffer-4.1.102.Final.jar:/home/wtwhite/code/regression-test-generation/find-diff-classes/compile/gaoss/io/netty/netty-codec-http/4.1.102.Final/t/dependency/netty-build-common-31.jar:/home/wtwhite/code/regression-test-generation/find-diff-classes/compile/gaoss/io/netty/netty-codec-http/4.1.102.Final/t/dependency/netty-codec-4.1.102.Final.jar:/home/wtwhite/code/regression-test-generation/find-diff-classes/compile/gaoss/io/netty/netty-codec-http/4.1.102.Final/t/dependency/netty-common-4.1.102.Final.jar:/home/wtwhite/code/regression-test-generation/find-diff-classes/compile/gaoss/io/netty/netty-codec-http/4.1.102.Final/t/dependency/netty-handler-4.1.102.Final.jar:/home/wtwhite/code/regression-test-generation/find-diff-classes/compile/gaoss/io/netty/netty-codec-http/4.1.102.Final/t/dependency/netty-resolver-4.1.102.Final.jar:/home/wtwhite/code/regression-test-generation/find-diff-classes/compile/gaoss/io/netty/netty-codec-http/4.1.102.Final/t/dependency/netty-transport-4.1.102.Final-tests.jar:/home/wtwhite/code/regression-test-generation/find-diff-classes/compile/gaoss/io/netty/netty-codec-http/4.1.102.Final/t/dependency/netty-transport-4.1.102.Final.jar:/home/wtwhite/code/regression-test-generation/find-diff-classes/compile/gaoss/io/netty/netty-codec-http/4.1.102.Final/t/dependency/netty-transport-native-unix-common-4.1.102.Final.jar:/home/wtwhite/code/regression-test-generation/find-diff-classes/compile/gaoss/io/netty/netty-codec-http/4.1.102.Final/t/dependency/objenesis-2.6.jar:/home/wtwhite/code/regression-test-generation/find-diff-classes/compile/gaoss/io/netty/netty-codec-http/4.1.102.Final/t/dependency/opentest4j-1.2.0.jar:/home/wtwhite/code/regression-test-generation/find-diff-classes/compile/gaoss/io/netty/netty-codec-http/4.1.102.Final/t/dependency/picocli-4.1.4.jar:/home/wtwhite/code/regression-test-generation/find-diff-classes/compile/gaoss/io/netty/netty-codec-http/4.1.102.Final/t/dependency/reflections-0.10.2.jar:/home/wtwhite/code/regression-test-generation/find-diff-classes/compile/gaoss/io/netty/netty-codec-http/4.1.102.Final/t/dependency/service-1.13.0.jar:/home/wtwhite/code/regression-test-generation/find-diff-classes/compile/gaoss/io/netty/netty-codec-http/4.1.102.Final/t/dependency/slf4j-api-1.7.30.jar:/home/wtwhite/code/regression-test-generation/find-diff-classes/compile/gaoss/io/netty/netty-codec-http/4.1.102.Final/t/dependency/zstd-jni-1.5.0-2.jar:/home/wtwhite/code/regression-test-generation/evosuite/evosuite-standalone-runtime-1.2.0.jar:/home/wtwhite/.m2/repository/junit/junit/4.13.2/junit-4.13.2.jar:/home/wtwhite/.m2/repository/org/hamcrest/hamcrest-core/1.3/hamcrest-core-1.3.jar:"/>
    <property name="java.vm.vendor" value="Private Build"/>
    <property name="sun.arch.data.model" value="64"/>
    <property name="java.vendor.url" value="http://java.oracle.com/"/>
    <property name="user.timezone" value="Pacific/Auckland"/>
    <property name="java.vm.specification.version" value="1.8"/>
    <property name="os.name" value="Linux"/>
    <property name="RUNDIR" value="/home/wtwhite/code/regression-test-generation/find-diff-classes/run-mvn"/>
    <property name="user.country" value="NZ"/>
    <property name="sun.java.launcher" value="SUN_STANDARD"/>
    <property name="sun.boot.library.path" value="/usr/lib/jvm/java-8-openjdk-amd64/jre/lib/amd64"/>
    <property name="sun.java.command" value="/home/wtwhite/code/regression-test-generation/find-diff-classes/compile/gaoss/io/netty/netty-codec-http/4.1.102.Final/target/surefire/surefirebooter-20241106180733005_3.jar /home/wtwhite/code/regression-test-generation/find-diff-classes/compile/gaoss/io/netty/netty-codec-http/4.1.102.Final/target/surefire 2024-11-06T18-07-32_853-jvmRun1 surefire-20241106180733005_1tmp surefire_0-20241106180733005_2tmp"/>
    <property name="surefire.test.class.path" value="/home/wtwhite/code/regression-test-generation/find-diff-classes/compile/gaoss/io/netty/netty-codec-http/4.1.102.Final/target/test-classes:/home/wtwhite/code/regression-test-generation/find-diff-classes/compile/gaoss/io/netty/netty-codec-http/4.1.102.Final/target/classes:/home/wtwhite/code/craw-redhat-oss/wget/crawl/google-aoss/io/netty/netty-codec-http/4.1.102.Final/netty-codec-http-4.1.102.Final.jar:/home/wtwhite/code/regression-test-generation/find-diff-classes/compile/gaoss/io/netty/netty-codec-http/4.1.102.Final/t/dependency/Saxon-HE-9.9.1-6.jar:/home/wtwhite/code/regression-test-generation/find-diff-classes/compile/gaoss/io/netty/netty-codec-http/4.1.102.Final/t/dependency/antlr-2.7.7.jar:/home/wtwhite/code/regression-test-generation/find-diff-classes/compile/gaoss/io/netty/netty-codec-http/4.1.102.Final/t/dependency/antlr4-runtime-4.8-1.jar:/home/wtwhite/code/regression-test-generation/find-diff-classes/compile/gaoss/io/netty/netty-codec-http/4.1.102.Final/t/dependency/apiguardian-api-1.1.2.jar:/home/wtwhite/code/regression-test-generation/find-diff-classes/compile/gaoss/io/netty/netty-codec-http/4.1.102.Final/t/dependency/assertj-core-3.18.0.jar:/home/wtwhite/code/regression-test-generation/find-diff-classes/compile/gaoss/io/netty/netty-codec-http/4.1.102.Final/t/dependency/brotli4j-1.13.0.jar:/home/wtwhite/code/regression-test-generation/find-diff-classes/compile/gaoss/io/netty/netty-codec-http/4.1.102.Final/t/dependency/byte-buddy-1.8.5.jar:/home/wtwhite/code/regression-test-generation/find-diff-classes/compile/gaoss/io/netty/netty-codec-http/4.1.102.Final/t/dependency/byte-buddy-agent-1.8.5.jar:/home/wtwhite/code/regression-test-generation/find-diff-classes/compile/gaoss/io/netty/netty-codec-http/4.1.102.Final/t/dependency/checker-qual-2.10.0.jar:/home/wtwhite/code/regression-test-generation/find-diff-classes/compile/gaoss/io/netty/netty-codec-http/4.1.102.Final/t/dependency/checkstyle-8.29.jar:/home/wtwhite/code/regression-test-generation/find-diff-classes/compile/gaoss/io/netty/netty-codec-http/4.1.102.Final/t/dependency/commons-beanutils-1.9.4.jar:/home/wtwhite/code/regression-test-generation/find-diff-classes/compile/gaoss/io/netty/netty-codec-http/4.1.102.Final/t/dependency/commons-collections-3.2.2.jar:/home/wtwhite/code/regression-test-generation/find-diff-classes/compile/gaoss/io/netty/netty-codec-http/4.1.102.Final/t/dependency/commons-io-2.8.0.jar:/home/wtwhite/code/regression-test-generation/find-diff-classes/compile/gaoss/io/netty/netty-codec-http/4.1.102.Final/t/dependency/commons-logging-1.2.jar:/home/wtwhite/code/regression-test-generation/find-diff-classes/compile/gaoss/io/netty/netty-codec-http/4.1.102.Final/t/dependency/error_prone_annotations-2.3.4.jar:/home/wtwhite/code/regression-test-generation/find-diff-classes/compile/gaoss/io/netty/netty-codec-http/4.1.102.Final/t/dependency/failureaccess-1.0.1.jar:/home/wtwhite/code/regression-test-generation/find-diff-classes/compile/gaoss/io/netty/netty-codec-http/4.1.102.Final/t/dependency/gson-2.8.9.jar:/home/wtwhite/code/regression-test-generation/find-diff-classes/compile/gaoss/io/netty/netty-codec-http/4.1.102.Final/t/dependency/guava-28.2-jre.jar:/home/wtwhite/code/regression-test-generation/find-diff-classes/compile/gaoss/io/netty/netty-codec-http/4.1.102.Final/t/dependency/hamcrest-core-1.3.jar:/home/wtwhite/code/regression-test-generation/find-diff-classes/compile/gaoss/io/netty/netty-codec-http/4.1.102.Final/t/dependency/hamcrest-library-1.3.jar:/home/wtwhite/code/regression-test-generation/find-diff-classes/compile/gaoss/io/netty/netty-codec-http/4.1.102.Final/t/dependency/j2objc-annotations-1.3.jar:/home/wtwhite/code/regression-test-generation/find-diff-classes/compile/gaoss/io/netty/netty-codec-http/4.1.102.Final/t/dependency/javassist-3.28.0-GA.jar:/home/wtwhite/code/regression-test-generation/find-diff-classes/compile/gaoss/io/netty/netty-codec-http/4.1.102.Final/t/dependency/jsr305-3.0.2.jar:/home/wtwhite/code/regression-test-generation/find-diff-classes/compile/gaoss/io/netty/netty-codec-http/4.1.102.Final/t/dependency/junit-jupiter-api-5.9.0.jar:/home/wtwhite/code/regression-test-generation/find-diff-classes/compile/gaoss/io/netty/netty-codec-http/4.1.102.Final/t/dependency/junit-jupiter-engine-5.9.0.jar:/home/wtwhite/code/regression-test-generation/find-diff-classes/compile/gaoss/io/netty/netty-codec-http/4.1.102.Final/t/dependency/junit-jupiter-params-5.9.0.jar:/home/wtwhite/code/regression-test-generation/find-diff-classes/compile/gaoss/io/netty/netty-codec-http/4.1.102.Final/t/dependency/junit-platform-commons-1.9.0.jar:/home/wtwhite/code/regression-test-generation/find-diff-classes/compile/gaoss/io/netty/netty-codec-http/4.1.102.Final/t/dependency/junit-platform-engine-1.9.0.jar:/home/wtwhite/code/regression-test-generation/find-diff-classes/compile/gaoss/io/netty/netty-codec-http/4.1.102.Final/t/dependency/jzlib-1.1.3.jar:/home/wtwhite/code/regression-test-generation/find-diff-classes/compile/gaoss/io/netty/netty-codec-http/4.1.102.Final/t/dependency/listenablefuture-9999.0-empty-to-avoid-conflict-with-guava.jar:/home/wtwhite/code/regression-test-generation/find-diff-classes/compile/gaoss/io/netty/netty-codec-http/4.1.102.Final/t/dependency/logback-classic-1.2.13.jar:/home/wtwhite/code/regression-test-generation/find-diff-classes/compile/gaoss/io/netty/netty-codec-http/4.1.102.Final/t/dependency/logback-core-1.2.13.jar:/home/wtwhite/code/regression-test-generation/find-diff-classes/compile/gaoss/io/netty/netty-codec-http/4.1.102.Final/t/dependency/mockito-core-2.18.3.jar:/home/wtwhite/code/regression-test-generation/find-diff-classes/compile/gaoss/io/netty/netty-codec-http/4.1.102.Final/t/dependency/native-linux-aarch64-1.13.0.jar:/home/wtwhite/code/regression-test-generation/find-diff-classes/compile/gaoss/io/netty/netty-codec-http/4.1.102.Final/t/dependency/native-linux-riscv64-1.13.0.jar:/home/wtwhite/code/regression-test-generation/find-diff-classes/compile/gaoss/io/netty/netty-codec-http/4.1.102.Final/t/dependency/native-linux-x86_64-1.13.0.jar:/home/wtwhite/code/regression-test-generation/find-diff-classes/compile/gaoss/io/netty/netty-codec-http/4.1.102.Final/t/dependency/native-osx-aarch64-1.13.0.jar:/home/wtwhite/code/regression-test-generation/find-diff-classes/compile/gaoss/io/netty/netty-codec-http/4.1.102.Final/t/dependency/native-osx-x86_64-1.13.0.jar:/home/wtwhite/code/regression-test-generation/find-diff-classes/compile/gaoss/io/netty/netty-codec-http/4.1.102.Final/t/dependency/native-windows-x86_64-1.13.0.jar:/home/wtwhite/code/regression-test-generation/find-diff-classes/compile/gaoss/io/netty/netty-codec-http/4.1.102.Final/t/dependency/netty-buffer-4.1.102.Final.jar:/home/wtwhite/code/regression-test-generation/find-diff-classes/compile/gaoss/io/netty/netty-codec-http/4.1.102.Final/t/dependency/netty-build-common-31.jar:/home/wtwhite/code/regression-test-generation/find-diff-classes/compile/gaoss/io/netty/netty-codec-http/4.1.102.Final/t/dependency/netty-codec-4.1.102.Final.jar:/home/wtwhite/code/regression-test-generation/find-diff-classes/compile/gaoss/io/netty/netty-codec-http/4.1.102.Final/t/dependency/netty-common-4.1.102.Final.jar:/home/wtwhite/code/regression-test-generation/find-diff-classes/compile/gaoss/io/netty/netty-codec-http/4.1.102.Final/t/dependency/netty-handler-4.1.102.Final.jar:/home/wtwhite/code/regression-test-generation/find-diff-classes/compile/gaoss/io/netty/netty-codec-http/4.1.102.Final/t/dependency/netty-resolver-4.1.102.Final.jar:/home/wtwhite/code/regression-test-generation/find-diff-classes/compile/gaoss/io/netty/netty-codec-http/4.1.102.Final/t/dependency/netty-transport-4.1.102.Final-tests.jar:/home/wtwhite/code/regression-test-generation/find-diff-classes/compile/gaoss/io/netty/netty-codec-http/4.1.102.Final/t/dependency/netty-transport-4.1.102.Final.jar:/home/wtwhite/code/regression-test-generation/find-diff-classes/compile/gaoss/io/netty/netty-codec-http/4.1.102.Final/t/dependency/netty-transport-native-unix-common-4.1.102.Final.jar:/home/wtwhite/code/regression-test-generation/find-diff-classes/compile/gaoss/io/netty/netty-codec-http/4.1.102.Final/t/dependency/objenesis-2.6.jar:/home/wtwhite/code/regression-test-generation/find-diff-classes/compile/gaoss/io/netty/netty-codec-http/4.1.102.Final/t/dependency/opentest4j-1.2.0.jar:/home/wtwhite/code/regression-test-generation/find-diff-classes/compile/gaoss/io/netty/netty-codec-http/4.1.102.Final/t/dependency/picocli-4.1.4.jar:/home/wtwhite/code/regression-test-generation/find-diff-classes/compile/gaoss/io/netty/netty-codec-http/4.1.102.Final/t/dependency/reflections-0.10.2.jar:/home/wtwhite/code/regression-test-generation/find-diff-classes/compile/gaoss/io/netty/netty-codec-http/4.1.102.Final/t/dependency/service-1.13.0.jar:/home/wtwhite/code/regression-test-generation/find-diff-classes/compile/gaoss/io/netty/netty-codec-http/4.1.102.Final/t/dependency/slf4j-api-1.7.30.jar:/home/wtwhite/code/regression-test-generation/find-diff-classes/compile/gaoss/io/netty/netty-codec-http/4.1.102.Final/t/dependency/zstd-jni-1.5.0-2.jar:/home/wtwhite/code/regression-test-generation/evosuite/evosuite-standalone-runtime-1.2.0.jar:/home/wtwhite/.m2/repository/junit/junit/4.13.2/junit-4.13.2.jar:/home/wtwhite/.m2/repository/org/hamcrest/hamcrest-core/1.3/hamcrest-core-1.3.jar:"/>
    <property name="sun.cpu.endian" value="little"/>
    <property name="user.home" value="/home/wtwhite"/>
    <property name="user.language" value="en"/>
    <property name="java.specification.vendor" value="Oracle Corporation"/>
    <property name="java.home" value="/usr/lib/jvm/java-8-openjdk-amd64/jre"/>
    <property name="basedir" value="/home/wtwhite/code/regression-test-generation/find-diff-classes/compile/gaoss/io/netty/netty-codec-http/4.1.102.Final"/>
    <property name="file.separator" value="/"/>
    <property name="line.separator" value="&#10;"/>
    <property name="java.vm.specification.vendor" value="Oracle Corporation"/>
    <property name="java.specification.name" value="Java Platform API Specification"/>
    <property name="java.awt.graphicsenv" value="sun.awt.X11GraphicsEnvironment"/>
    <property name="surefire.real.class.path" value="/home/wtwhite/code/regression-test-generation/find-diff-classes/compile/gaoss/io/netty/netty-codec-http/4.1.102.Final/target/surefire/surefirebooter-20241106180733005_3.jar"/>
    <property name="sun.boot.class.path" value="/usr/lib/jvm/java-8-openjdk-amd64/jre/lib/resources.jar:/usr/lib/jvm/java-8-openjdk-amd64/jre/lib/rt.jar:/usr/lib/jvm/java-8-openjdk-amd64/jre/lib/sunrsasign.jar:/usr/lib/jvm/java-8-openjdk-amd64/jre/lib/jsse.jar:/usr/lib/jvm/java-8-openjdk-amd64/jre/lib/jce.jar:/usr/lib/jvm/java-8-openjdk-amd64/jre/lib/charsets.jar:/usr/lib/jvm/java-8-openjdk-amd64/jre/lib/jfr.jar:/usr/lib/jvm/java-8-openjdk-amd64/jre/classes"/>
    <property name="sun.management.compiler" value="HotSpot 64-Bit Tiered Compilers"/>
    <property name="java.runtime.version" value="1.8.0_382-8u382-ga-1~22.04.1-b05"/>
    <property name="user.name" value="wtwhite"/>
    <property name="path.separator" value=":"/>
    <property name="os.version" value="5.15.0-87-generic"/>
    <property name="java.endorsed.dirs" value="/usr/lib/jvm/java-8-openjdk-amd64/jre/lib/endorsed"/>
    <property name="java.runtime.name" value="OpenJDK Runtime Environment"/>
    <property name="file.encoding" value="UTF-8"/>
    <property name="java.vm.name" value="OpenJDK 64-Bit Server VM"/>
    <property name="localRepository" value="/home/wtwhite/.m2/repository"/>
    <property name="java.vendor.url.bug" value="http://bugreport.sun.com/bugreport/"/>
    <property name="java.io.tmpdir" value="/tmp"/>
    <property name="java.version" value="1.8.0_382"/>
    <property name="user.dir" value="/home/wtwhite/code/regression-test-generation/find-diff-classes/compile/gaoss/io/netty/netty-codec-http/4.1.102.Final"/>
    <property name="os.arch" value="amd64"/>
    <property name="java.vm.specification.name" value="Java Virtual Machine Specification"/>
    <property name="java.awt.printerjob" value="sun.print.PSPrinterJob"/>
    <property name="sun.os.patch.level" value="unknown"/>
    <property name="java.library.path" value="/usr/java/packages/lib/amd64:/usr/lib/x86_64-linux-gnu/jni:/lib/x86_64-linux-gnu:/usr/lib/x86_64-linux-gnu:/usr/lib/jni:/lib:/usr/lib"/>
    <property name="java.vm.info" value="mixed mode"/>
    <property name="java.vendor" value="Private Build"/>
    <property name="java.vm.version" value="25.382-b05"/>
    <property name="java.specification.maintenance.version" value="5"/>
    <property name="java.ext.dirs" value="/usr/lib/jvm/java-8-openjdk-amd64/jre/lib/ext:/usr/java/packages/lib/ext"/>
    <property name="sun.io.unicode.encoding" value="UnicodeLittle"/>
    <property name="java.class.version" value="52.0"/>
  </properties>
  <testcase name="test61" classname="io.netty.handler.codec.http.multipart.AbstractDiskHttpData_ESTest" time="2.274">
    <system-out><![CDATA[18:07:33.562 [main] INFO org.evosuite.runtime.instrumentation.EvoClassLoader - Seeing class for first time: io.netty.handler.codec.http.multipart.AbstractDiskHttpData_ESTest
18:07:33.563 [main] INFO org.evosuite.runtime.instrumentation.EvoClassLoader - Instrumenting class 'io.netty.handler.codec.http.multipart.AbstractDiskHttpData_ESTest'.
18:07:33.587 [main] INFO org.evosuite.runtime.instrumentation.EvoClassLoader - Seeing class for first time: io.netty.handler.codec.http.multipart.AbstractDiskHttpData_ESTest_scaffolding
18:07:33.587 [main] INFO org.evosuite.runtime.instrumentation.EvoClassLoader - Instrumenting class 'io.netty.handler.codec.http.multipart.AbstractDiskHttpData_ESTest_scaffolding'.
18:07:33.601 [main] INFO org.evosuite.runtime.instrumentation.EvoClassLoader - Keeping class: io.netty.handler.codec.http.multipart.AbstractDiskHttpData_ESTest_scaffolding
18:07:33.601 [main] INFO org.evosuite.runtime.instrumentation.EvoClassLoader - Keeping class: io.netty.handler.codec.http.multipart.AbstractDiskHttpData_ESTest
18:07:33.602 [main] INFO org.evosuite.runtime.instrumentation.EvoClassLoader - Seeing class for first time: io.netty.handler.codec.http.multipart.HttpData
18:07:33.602 [main] INFO org.evosuite.runtime.instrumentation.EvoClassLoader - Instrumenting class 'io.netty.handler.codec.http.multipart.HttpData'.
18:07:33.658 [main] INFO org.evosuite.runtime.instrumentation.EvoClassLoader - Seeing class for first time: io.netty.handler.codec.http.multipart.InterfaceHttpData
18:07:33.658 [main] INFO org.evosuite.runtime.instrumentation.EvoClassLoader - Instrumenting class 'io.netty.handler.codec.http.multipart.InterfaceHttpData'.
18:07:33.660 [main] INFO org.evosuite.runtime.instrumentation.EvoClassLoader - Seeing class for first time: io.netty.util.ReferenceCounted
18:07:33.660 [main] INFO org.evosuite.runtime.instrumentation.EvoClassLoader - Instrumenting class 'io.netty.util.ReferenceCounted'.
18:07:33.664 [main] INFO org.evosuite.runtime.instrumentation.EvoClassLoader - Keeping class: io.netty.util.ReferenceCounted
18:07:33.664 [main] INFO org.evosuite.runtime.instrumentation.EvoClassLoader - Keeping class: io.netty.handler.codec.http.multipart.InterfaceHttpData
18:07:33.664 [main] INFO org.evosuite.runtime.instrumentation.EvoClassLoader - Seeing class for first time: io.netty.buffer.ByteBufHolder
18:07:33.664 [main] INFO org.evosuite.runtime.instrumentation.EvoClassLoader - Instrumenting class 'io.netty.buffer.ByteBufHolder'.
18:07:33.742 [main] INFO org.evosuite.runtime.instrumentation.EvoClassLoader - Keeping class: io.netty.buffer.ByteBufHolder
18:07:33.742 [main] INFO org.evosuite.runtime.instrumentation.EvoClassLoader - Keeping class: io.netty.handler.codec.http.multipart.HttpData
18:07:33.743 [main] INFO org.evosuite.runtime.instrumentation.EvoClassLoader - Seeing class for first time: io.netty.buffer.ByteBufAllocator
18:07:33.743 [main] INFO org.evosuite.runtime.instrumentation.EvoClassLoader - Instrumenting class 'io.netty.buffer.ByteBufAllocator'.
18:07:33.745 [main] INFO org.evosuite.runtime.instrumentation.EvoClassLoader - Keeping class: io.netty.buffer.ByteBufAllocator
18:07:33.745 [main] INFO org.evosuite.runtime.instrumentation.EvoClassLoader - Seeing class for first time: io.netty.buffer.ByteBuf
18:07:33.745 [main] INFO org.evosuite.runtime.instrumentation.EvoClassLoader - Instrumenting class 'io.netty.buffer.ByteBuf'.
18:07:33.746 [main] INFO org.evosuite.runtime.instrumentation.MethodCallReplacementClassAdapter - Adding mock interface to class io/netty/buffer/ByteBuf
18:07:33.752 [main] INFO org.evosuite.runtime.instrumentation.CreateClassResetClassAdapter - Creating brand-new static initializer in class io/netty/buffer/ByteBuf
18:07:33.753 [main] INFO org.evosuite.runtime.instrumentation.EvoClassLoader - Seeing class for first time: io.netty.buffer.ByteBufConvertible
18:07:33.753 [main] INFO org.evosuite.runtime.instrumentation.EvoClassLoader - Instrumenting class 'io.netty.buffer.ByteBufConvertible'.
18:07:33.754 [main] INFO org.evosuite.runtime.instrumentation.EvoClassLoader - Keeping class: io.netty.buffer.ByteBufConvertible
18:07:33.754 [main] INFO org.evosuite.runtime.instrumentation.EvoClassLoader - Keeping class: io.netty.buffer.ByteBuf
18:07:33.755 [main] INFO org.evosuite.runtime.instrumentation.EvoClassLoader - Seeing class for first time: io.netty.buffer.CompositeByteBuf
18:07:33.755 [main] INFO org.evosuite.runtime.instrumentation.EvoClassLoader - Instrumenting class 'io.netty.buffer.CompositeByteBuf'.
18:07:33.762 [main] INFO org.evosuite.runtime.instrumentation.MethodCallReplacementClassAdapter - Adding mock interface to class io/netty/buffer/CompositeByteBuf
18:07:33.801 [main] INFO org.evosuite.runtime.instrumentation.CreateClassResetClassAdapter - Found static initializer in class io/netty/buffer/CompositeByteBuf
18:07:33.805 [main] INFO org.evosuite.runtime.instrumentation.EvoClassLoader - Seeing class for first time: io.netty.buffer.AbstractReferenceCountedByteBuf
18:07:33.805 [main] INFO org.evosuite.runtime.instrumentation.EvoClassLoader - Instrumenting class 'io.netty.buffer.AbstractReferenceCountedByteBuf'.
18:07:33.806 [main] INFO org.evosuite.runtime.instrumentation.MethodCallReplacementClassAdapter - Adding mock interface to class io/netty/buffer/AbstractReferenceCountedByteBuf
18:07:33.808 [main] INFO org.evosuite.runtime.instrumentation.CreateClassResetClassAdapter - Found static initializer in class io/netty/buffer/AbstractReferenceCountedByteBuf
18:07:33.808 [main] INFO org.evosuite.runtime.instrumentation.EvoClassLoader - Seeing class for first time: io.netty.buffer.AbstractByteBuf
18:07:33.808 [main] INFO org.evosuite.runtime.instrumentation.EvoClassLoader - Instrumenting class 'io.netty.buffer.AbstractByteBuf'.
18:07:33.811 [main] INFO org.evosuite.runtime.instrumentation.MethodCallReplacementClassAdapter - Adding mock interface to class io/netty/buffer/AbstractByteBuf
18:07:33.827 [main] INFO org.evosuite.runtime.instrumentation.CreateClassResetClassAdapter - Found static initializer in class io/netty/buffer/AbstractByteBuf
18:07:33.829 [main] INFO org.evosuite.runtime.instrumentation.EvoClassLoader - Keeping class: io.netty.buffer.AbstractByteBuf
18:07:33.829 [main] INFO org.evosuite.runtime.instrumentation.EvoClassLoader - Keeping class: io.netty.buffer.AbstractReferenceCountedByteBuf
18:07:33.830 [main] INFO org.evosuite.runtime.instrumentation.EvoClassLoader - Keeping class: io.netty.buffer.CompositeByteBuf
18:07:33.936 [main] DEBUG org.evosuite.runtime.sandbox.MSecurityManager - Adding privileged thread: "Reference Handler"
18:07:33.936 [main] DEBUG org.evosuite.runtime.sandbox.MSecurityManager - Adding privileged thread: "Finalizer"
18:07:33.936 [main] DEBUG org.evosuite.runtime.sandbox.MSecurityManager - Adding privileged thread: "Signal Dispatcher"
18:07:33.936 [main] DEBUG org.evosuite.runtime.sandbox.MSecurityManager - Adding privileged thread: "Java2D Disposer"
18:07:33.936 [main] DEBUG org.evosuite.runtime.sandbox.MSecurityManager - Adding privileged thread: "AWT-XAWT"
18:07:33.936 [main] DEBUG org.evosuite.runtime.sandbox.MSecurityManager - Adding privileged thread: "process reaper"
18:07:33.936 [main] DEBUG org.evosuite.runtime.sandbox.MSecurityManager - Adding privileged thread: "main"
18:07:33.937 [main] DEBUG org.evosuite.runtime.sandbox.MSecurityManager - Adding privileged thread: "surefire-forkedjvm-stream-flusher"
18:07:33.937 [main] DEBUG org.evosuite.runtime.sandbox.MSecurityManager - Adding privileged thread: "surefire-forkedjvm-command-thread"
18:07:33.950 [main] INFO org.evosuite.runtime.instrumentation.EvoClassLoader - Seeing class for first time: io.netty.util.internal.SystemPropertyUtil$1
18:07:33.950 [main] INFO org.evosuite.runtime.instrumentation.EvoClassLoader - Instrumenting class 'io.netty.util.internal.SystemPropertyUtil$1'.
18:07:33.950 [main] INFO org.evosuite.runtime.instrumentation.MethodCallReplacementClassAdapter - Adding mock interface to class io/netty/util/internal/SystemPropertyUtil$1
18:07:33.951 [main] INFO org.evosuite.runtime.instrumentation.EvoClassLoader - Defined package (3): package io.netty.util.internal, 1713044053
18:07:33.951 [main] INFO org.evosuite.runtime.instrumentation.EvoClassLoader - Keeping class: io.netty.util.internal.SystemPropertyUtil$1
18:07:33.952 [main] INFO org.evosuite.runtime.instrumentation.EvoClassLoader - Seeing class for first time: io.netty.util.internal.shaded.org.jctools.queues.LinkedArrayQueueUtil
18:07:33.952 [main] INFO org.evosuite.runtime.instrumentation.EvoClassLoader - Instrumenting class 'io.netty.util.internal.shaded.org.jctools.queues.LinkedArrayQueueUtil'.
18:07:33.952 [main] INFO org.evosuite.runtime.instrumentation.MethodCallReplacementClassAdapter - Adding mock interface to class io/netty/util/internal/shaded/org/jctools/queues/LinkedArrayQueueUtil
18:07:33.952 [main] INFO org.evosuite.runtime.instrumentation.CreateClassResetClassAdapter - Creating brand-new static initializer in class io/netty/util/internal/shaded/org/jctools/queues/LinkedArrayQueueUtil
18:07:33.953 [main] INFO org.evosuite.runtime.instrumentation.EvoClassLoader - Defined package (3): package io.netty.util.internal.shaded.org.jctools.queues, 1012279830
18:07:33.953 [main] INFO org.evosuite.runtime.instrumentation.EvoClassLoader - Keeping class: io.netty.util.internal.shaded.org.jctools.queues.LinkedArrayQueueUtil
18:07:33.953 [main] INFO org.evosuite.runtime.instrumentation.EvoClassLoader - Seeing class for first time: io.netty.util.internal.Cleaner
18:07:33.953 [main] INFO org.evosuite.runtime.instrumentation.EvoClassLoader - Instrumenting class 'io.netty.util.internal.Cleaner'.
18:07:33.954 [main] INFO org.evosuite.runtime.instrumentation.EvoClassLoader - Keeping class: io.netty.util.internal.Cleaner
18:07:33.954 [main] INFO org.evosuite.runtime.instrumentation.EvoClassLoader - Seeing class for first time: io.netty.util.IllegalReferenceCountException
18:07:33.954 [main] INFO org.evosuite.runtime.instrumentation.EvoClassLoader - Instrumenting class 'io.netty.util.IllegalReferenceCountException'.
18:07:33.954 [main] INFO org.evosuite.runtime.instrumentation.MethodCallReplacementClassAdapter - Adding mock interface to class io/netty/util/IllegalReferenceCountException
18:07:33.958 [main] INFO org.evosuite.runtime.instrumentation.CreateClassResetClassAdapter - Creating brand-new static initializer in class io/netty/util/IllegalReferenceCountException
18:07:33.959 [main] INFO org.evosuite.runtime.instrumentation.EvoClassLoader - Keeping class: io.netty.util.IllegalReferenceCountException
18:07:33.959 [main] INFO org.evosuite.runtime.instrumentation.EvoClassLoader - Seeing class for first time: io.netty.util.internal.shaded.org.jctools.queues.MpscArrayQueueL1Pad
18:07:33.959 [main] INFO org.evosuite.runtime.instrumentation.EvoClassLoader - Instrumenting class 'io.netty.util.internal.shaded.org.jctools.queues.MpscArrayQueueL1Pad'.
18:07:33.960 [main] INFO org.evosuite.runtime.instrumentation.MethodCallReplacementClassAdapter - Adding mock interface to class io/netty/util/internal/shaded/org/jctools/queues/MpscArrayQueueL1Pad
18:07:33.960 [main] INFO org.evosuite.runtime.instrumentation.CreateClassResetClassAdapter - Creating brand-new static initializer in class io/netty/util/internal/shaded/org/jctools/queues/MpscArrayQueueL1Pad
18:07:33.960 [main] INFO org.evosuite.runtime.instrumentation.EvoClassLoader - Seeing class for first time: io.netty.util.internal.shaded.org.jctools.queues.ConcurrentCircularArrayQueue
18:07:33.960 [main] INFO org.evosuite.runtime.instrumentation.EvoClassLoader - Instrumenting class 'io.netty.util.internal.shaded.org.jctools.queues.ConcurrentCircularArrayQueue'.
18:07:33.961 [main] INFO org.evosuite.runtime.instrumentation.MethodCallReplacementClassAdapter - Adding mock interface to class io/netty/util/internal/shaded/org/jctools/queues/ConcurrentCircularArrayQueue
18:07:33.962 [main] INFO org.evosuite.runtime.instrumentation.CreateClassResetClassAdapter - Creating brand-new static initializer in class io/netty/util/internal/shaded/org/jctools/queues/ConcurrentCircularArrayQueue
18:07:33.962 [main] INFO org.evosuite.runtime.instrumentation.EvoClassLoader - Seeing class for first time: io.netty.util.internal.shaded.org.jctools.queues.MessagePassingQueue
18:07:33.962 [main] INFO org.evosuite.runtime.instrumentation.EvoClassLoader - Instrumenting class 'io.netty.util.internal.shaded.org.jctools.queues.MessagePassingQueue'.
18:07:33.963 [main] INFO org.evosuite.runtime.instrumentation.EvoClassLoader - Keeping class: io.netty.util.internal.shaded.org.jctools.queues.MessagePassingQueue
18:07:33.963 [main] INFO org.evosuite.runtime.instrumentation.EvoClassLoader - Seeing class for first time: io.netty.util.internal.shaded.org.jctools.queues.IndexedQueueSizeUtil$IndexedQueue
18:07:33.963 [main] INFO org.evosuite.runtime.instrumentation.EvoClassLoader - Instrumenting class 'io.netty.util.internal.shaded.org.jctools.queues.IndexedQueueSizeUtil$IndexedQueue'.
18:07:33.963 [main] INFO org.evosuite.runtime.instrumentation.EvoClassLoader - Keeping class: io.netty.util.internal.shaded.org.jctools.queues.IndexedQueueSizeUtil$IndexedQueue
18:07:33.963 [main] INFO org.evosuite.runtime.instrumentation.EvoClassLoader - Seeing class for first time: io.netty.util.internal.shaded.org.jctools.queues.QueueProgressIndicators
18:07:33.964 [main] INFO org.evosuite.runtime.instrumentation.EvoClassLoader - Instrumenting class 'io.netty.util.internal.shaded.org.jctools.queues.QueueProgressIndicators'.
18:07:33.964 [main] INFO org.evosuite.runtime.instrumentation.EvoClassLoader - Keeping class: io.netty.util.internal.shaded.org.jctools.queues.QueueProgressIndicators
18:07:33.964 [main] INFO org.evosuite.runtime.instrumentation.EvoClassLoader - Seeing class for first time: io.netty.util.internal.shaded.org.jctools.queues.SupportsIterator
18:07:33.964 [main] INFO org.evosuite.runtime.instrumentation.EvoClassLoader - Instrumenting class 'io.netty.util.internal.shaded.org.jctools.queues.SupportsIterator'.
18:07:33.965 [main] INFO org.evosuite.runtime.instrumentation.EvoClassLoader - Keeping class: io.netty.util.internal.shaded.org.jctools.queues.SupportsIterator
18:07:33.965 [main] INFO org.evosuite.runtime.instrumentation.EvoClassLoader - Seeing class for first time: io.netty.util.internal.shaded.org.jctools.queues.ConcurrentCircularArrayQueueL0Pad
18:07:33.965 [main] INFO org.evosuite.runtime.instrumentation.EvoClassLoader - Instrumenting class 'io.netty.util.internal.shaded.org.jctools.queues.ConcurrentCircularArrayQueueL0Pad'.
18:07:33.965 [main] INFO org.evosuite.runtime.instrumentation.MethodCallReplacementClassAdapter - Adding mock interface to class io/netty/util/internal/shaded/org/jctools/queues/ConcurrentCircularArrayQueueL0Pad
18:07:33.966 [main] INFO org.evosuite.runtime.instrumentation.CreateClassResetClassAdapter - Creating brand-new static initializer in class io/netty/util/internal/shaded/org/jctools/queues/ConcurrentCircularArrayQueueL0Pad
18:07:33.966 [main] INFO org.evosuite.runtime.instrumentation.EvoClassLoader - Keeping class: io.netty.util.internal.shaded.org.jctools.queues.ConcurrentCircularArrayQueueL0Pad
18:07:33.966 [main] INFO org.evosuite.runtime.instrumentation.EvoClassLoader - Keeping class: io.netty.util.internal.shaded.org.jctools.queues.ConcurrentCircularArrayQueue
18:07:33.966 [main] INFO org.evosuite.runtime.instrumentation.EvoClassLoader - Keeping class: io.netty.util.internal.shaded.org.jctools.queues.MpscArrayQueueL1Pad
18:07:33.966 [main] INFO org.evosuite.runtime.instrumentation.EvoClassLoader - Seeing class for first time: io.netty.util.internal.logging.LocationAwareSlf4JLogger
18:07:33.966 [main] INFO org.evosuite.runtime.instrumentation.EvoClassLoader - Instrumenting class 'io.netty.util.internal.logging.LocationAwareSlf4JLogger'.
18:07:33.967 [main] INFO org.evosuite.runtime.instrumentation.MethodCallReplacementClassAdapter - Adding mock interface to class io/netty/util/internal/logging/LocationAwareSlf4JLogger
18:07:33.968 [main] INFO org.evosuite.runtime.instrumentation.CreateClassResetClassAdapter - Found static initializer in class io/netty/util/internal/logging/LocationAwareSlf4JLogger
18:07:33.968 [main] INFO org.evosuite.runtime.instrumentation.EvoClassLoader - Defined package (3): package io.netty.util.internal.logging, 2048307398
18:07:33.968 [main] INFO org.evosuite.runtime.instrumentation.EvoClassLoader - Seeing class for first time: io.netty.util.internal.logging.AbstractInternalLogger
18:07:33.968 [main] INFO org.evosuite.runtime.instrumentation.EvoClassLoader - Instrumenting class 'io.netty.util.internal.logging.AbstractInternalLogger'.
18:07:33.969 [main] INFO org.evosuite.runtime.instrumentation.MethodCallReplacementClassAdapter - Adding mock interface to class io/netty/util/internal/logging/AbstractInternalLogger
18:07:33.970 [main] INFO org.evosuite.runtime.instrumentation.CreateClassResetClassAdapter - Creating brand-new static initializer in class io/netty/util/internal/logging/AbstractInternalLogger
18:07:33.970 [main] INFO org.evosuite.runtime.instrumentation.CreateClassResetClassAdapter - Adding bytecode for initializing field EXCEPTION_MESSAGE
18:07:33.970 [main] INFO org.evosuite.runtime.instrumentation.EvoClassLoader - Seeing class for first time: io.netty.util.internal.logging.InternalLogger
18:07:33.970 [main] INFO org.evosuite.runtime.instrumentation.EvoClassLoader - Instrumenting class 'io.netty.util.internal.logging.InternalLogger'.
18:07:33.971 [main] INFO org.evosuite.runtime.instrumentation.EvoClassLoader - Keeping class: io.netty.util.internal.logging.InternalLogger
18:07:33.971 [main] INFO org.evosuite.runtime.instrumentation.EvoClassLoader - Keeping class: io.netty.util.internal.logging.AbstractInternalLogger
18:07:33.971 [main] INFO org.evosuite.runtime.instrumentation.EvoClassLoader - Keeping class: io.netty.util.internal.logging.LocationAwareSlf4JLogger
18:07:33.972 [main] INFO org.evosuite.runtime.instrumentation.EvoClassLoader - Seeing class for first time: io.netty.util.internal.PlatformDependent0
18:07:33.972 [main] INFO org.evosuite.runtime.instrumentation.EvoClassLoader - Instrumenting class 'io.netty.util.internal.PlatformDependent0'.
18:07:33.973 [main] INFO org.evosuite.runtime.instrumentation.MethodCallReplacementClassAdapter - Adding mock interface to class io/netty/util/internal/PlatformDependent0
18:07:33.976 [main] INFO org.evosuite.runtime.instrumentation.CreateClassResetClassAdapter - Found static initializer in class io/netty/util/internal/PlatformDependent0
18:07:33.980 [main] INFO org.evosuite.runtime.instrumentation.EvoClassLoader - Keeping class: io.netty.util.internal.PlatformDependent0
18:07:33.981 [main] INFO org.evosuite.runtime.instrumentation.EvoClassLoader - Seeing class for first time: io.netty.util.internal.logging.InternalLoggerFactory
18:07:33.981 [main] INFO org.evosuite.runtime.instrumentation.EvoClassLoader - Instrumenting class 'io.netty.util.internal.logging.InternalLoggerFactory'.
18:07:33.982 [main] INFO org.evosuite.runtime.instrumentation.MethodCallReplacementClassAdapter - Adding mock interface to class io/netty/util/internal/logging/InternalLoggerFactory
18:07:33.982 [main] INFO org.evosuite.runtime.instrumentation.CreateClassResetClassAdapter - Creating brand-new static initializer in class io/netty/util/internal/logging/InternalLoggerFactory
18:07:33.982 [main] INFO org.evosuite.runtime.instrumentation.CreateClassResetClassAdapter - Adding bytecode for initializing field defaultFactory
18:07:33.983 [main] INFO org.evosuite.runtime.instrumentation.EvoClassLoader - Keeping class: io.netty.util.internal.logging.InternalLoggerFactory
18:07:33.984 [main] INFO org.evosuite.runtime.instrumentation.EvoClassLoader - Seeing class for first time: io.netty.util.internal.logging.Slf4JLoggerFactory
18:07:33.984 [main] INFO org.evosuite.runtime.instrumentation.EvoClassLoader - Instrumenting class 'io.netty.util.internal.logging.Slf4JLoggerFactory'.
18:07:33.984 [main] INFO org.evosuite.runtime.instrumentation.MethodCallReplacementClassAdapter - Adding mock interface to class io/netty/util/internal/logging/Slf4JLoggerFactory
18:07:33.986 [main] INFO org.evosuite.runtime.instrumentation.CreateClassResetClassAdapter - Found static initializer in class io/netty/util/internal/logging/Slf4JLoggerFactory
18:07:33.986 [main] INFO org.evosuite.runtime.instrumentation.EvoClassLoader - Keeping class: io.netty.util.internal.logging.Slf4JLoggerFactory
18:07:33.986 [main] INFO org.evosuite.runtime.instrumentation.EvoClassLoader - Seeing class for first time: io.netty.util.internal.logging.Slf4JLogger
18:07:33.986 [main] INFO org.evosuite.runtime.instrumentation.EvoClassLoader - Instrumenting class 'io.netty.util.internal.logging.Slf4JLogger'.
18:07:33.987 [main] INFO org.evosuite.runtime.instrumentation.MethodCallReplacementClassAdapter - Adding mock interface to class io/netty/util/internal/logging/Slf4JLogger
18:07:33.989 [main] INFO org.evosuite.runtime.instrumentation.CreateClassResetClassAdapter - Creating brand-new static initializer in class io/netty/util/internal/logging/Slf4JLogger
18:07:33.992 [main] INFO org.evosuite.runtime.instrumentation.EvoClassLoader - Keeping class: io.netty.util.internal.logging.Slf4JLogger
18:07:33.992 [main] INFO org.evosuite.runtime.instrumentation.EvoClassLoader - Seeing class for first time: io.netty.util.internal.logging.Slf4JLoggerFactory$NopInstanceHolder
18:07:33.992 [main] INFO org.evosuite.runtime.instrumentation.EvoClassLoader - Instrumenting class 'io.netty.util.internal.logging.Slf4JLoggerFactory$NopInstanceHolder'.
18:07:33.994 [main] INFO org.evosuite.runtime.instrumentation.MethodCallReplacementClassAdapter - Adding mock interface to class io/netty/util/internal/logging/Slf4JLoggerFactory$NopInstanceHolder
18:07:33.994 [main] INFO org.evosuite.runtime.instrumentation.CreateClassResetClassAdapter - Found static initializer in class io/netty/util/internal/logging/Slf4JLoggerFactory$NopInstanceHolder
18:07:33.995 [main] INFO org.evosuite.runtime.instrumentation.EvoClassLoader - Keeping class: io.netty.util.internal.logging.Slf4JLoggerFactory$NopInstanceHolder
18:07:33.995 [main] INFO org.evosuite.runtime.instrumentation.EvoClassLoader - Seeing class for first time: io.netty.util.internal.ObjectUtil
18:07:33.995 [main] INFO org.evosuite.runtime.instrumentation.EvoClassLoader - Instrumenting class 'io.netty.util.internal.ObjectUtil'.
18:07:33.998 [main] INFO org.evosuite.runtime.instrumentation.MethodCallReplacementClassAdapter - Adding mock interface to class io/netty/util/internal/ObjectUtil
18:07:34.007 [main] INFO org.evosuite.runtime.instrumentation.CreateClassResetClassAdapter - Creating brand-new static initializer in class io/netty/util/internal/ObjectUtil
18:07:34.008 [main] INFO org.evosuite.runtime.instrumentation.CreateClassResetClassAdapter - Adding bytecode for initializing field FLOAT_ZERO
18:07:34.008 [main] INFO org.evosuite.runtime.instrumentation.CreateClassResetClassAdapter - Adding bytecode for initializing field DOUBLE_ZERO
18:07:34.008 [main] INFO org.evosuite.runtime.instrumentation.CreateClassResetClassAdapter - Adding bytecode for initializing field LONG_ZERO
18:07:34.008 [main] INFO org.evosuite.runtime.instrumentation.CreateClassResetClassAdapter - Adding bytecode for initializing field INT_ZERO
18:07:34.008 [main] INFO org.evosuite.runtime.instrumentation.EvoClassLoader - Keeping class: io.netty.util.internal.ObjectUtil
18:07:34.009 [main] DEBUG io.netty.util.internal.logging.InternalLoggerFactory - Using SLF4J as the default logging framework
18:07:34.010 [main] INFO org.evosuite.runtime.instrumentation.EvoClassLoader - Seeing class for first time: io.netty.util.internal.SystemPropertyUtil
18:07:34.010 [main] INFO org.evosuite.runtime.instrumentation.EvoClassLoader - Instrumenting class 'io.netty.util.internal.SystemPropertyUtil'.
18:07:34.011 [main] INFO org.evosuite.runtime.instrumentation.MethodCallReplacementClassAdapter - Adding mock interface to class io/netty/util/internal/SystemPropertyUtil
18:07:34.013 [main] INFO org.evosuite.runtime.instrumentation.CreateClassResetClassAdapter - Found static initializer in class io/netty/util/internal/SystemPropertyUtil
18:07:34.013 [main] INFO org.evosuite.runtime.instrumentation.EvoClassLoader - Keeping class: io.netty.util.internal.SystemPropertyUtil
18:07:34.017 [main] DEBUG io.netty.util.internal.PlatformDependent0 - -Dio.netty.noUnsafe: false
18:07:34.018 [main] DEBUG io.netty.util.internal.PlatformDependent0 - Java version: 8
18:07:34.018 [main] INFO org.evosuite.runtime.instrumentation.EvoClassLoader - Seeing class for first time: io.netty.util.internal.PlatformDependent0$1
18:07:34.018 [main] INFO org.evosuite.runtime.instrumentation.EvoClassLoader - Instrumenting class 'io.netty.util.internal.PlatformDependent0$1'.
18:07:34.032 [main] INFO org.evosuite.runtime.instrumentation.MethodCallReplacementClassAdapter - Adding mock interface to class io/netty/util/internal/PlatformDependent0$1
18:07:34.034 [main] INFO org.evosuite.runtime.instrumentation.EvoClassLoader - Keeping class: io.netty.util.internal.PlatformDependent0$1
18:07:34.035 [main] INFO org.evosuite.runtime.instrumentation.EvoClassLoader - Seeing class for first time: io.netty.util.internal.ReflectionUtil
18:07:34.035 [main] INFO org.evosuite.runtime.instrumentation.EvoClassLoader - Instrumenting class 'io.netty.util.internal.ReflectionUtil'.
18:07:34.037 [main] INFO org.evosuite.runtime.instrumentation.MethodCallReplacementClassAdapter - Adding mock interface to class io/netty/util/internal/ReflectionUtil
18:07:34.038 [main] INFO org.evosuite.runtime.instrumentation.CreateClassResetClassAdapter - Creating brand-new static initializer in class io/netty/util/internal/ReflectionUtil
18:07:34.038 [main] INFO org.evosuite.runtime.instrumentation.EvoClassLoader - Keeping class: io.netty.util.internal.ReflectionUtil
18:07:34.039 [main] DEBUG io.netty.util.internal.PlatformDependent0 - sun.misc.Unsafe.theUnsafe: available
18:07:34.039 [main] INFO org.evosuite.runtime.instrumentation.EvoClassLoader - Seeing class for first time: io.netty.util.internal.PlatformDependent0$2
18:07:34.039 [main] INFO org.evosuite.runtime.instrumentation.EvoClassLoader - Instrumenting class 'io.netty.util.internal.PlatformDependent0$2'.
18:07:34.041 [main] INFO org.evosuite.runtime.instrumentation.MethodCallReplacementClassAdapter - Adding mock interface to class io/netty/util/internal/PlatformDependent0$2
18:07:34.042 [main] INFO org.evosuite.runtime.instrumentation.EvoClassLoader - Keeping class: io.netty.util.internal.PlatformDependent0$2
18:07:34.043 [main] DEBUG io.netty.util.internal.PlatformDependent0 - sun.misc.Unsafe.copyMemory: available
18:07:34.043 [main] INFO org.evosuite.runtime.instrumentation.EvoClassLoader - Seeing class for first time: io.netty.util.internal.PlatformDependent0$3
18:07:34.043 [main] INFO org.evosuite.runtime.instrumentation.EvoClassLoader - Instrumenting class 'io.netty.util.internal.PlatformDependent0$3'.
18:07:34.045 [main] INFO org.evosuite.runtime.instrumentation.MethodCallReplacementClassAdapter - Adding mock interface to class io/netty/util/internal/PlatformDependent0$3
18:07:34.046 [main] INFO org.evosuite.runtime.instrumentation.EvoClassLoader - Keeping class: io.netty.util.internal.PlatformDependent0$3
18:07:34.046 [main] DEBUG io.netty.util.internal.PlatformDependent0 - sun.misc.Unsafe.storeFence: available
18:07:34.047 [main] INFO org.evosuite.runtime.instrumentation.EvoClassLoader - Seeing class for first time: io.netty.util.internal.PlatformDependent0$4
18:07:34.047 [main] INFO org.evosuite.runtime.instrumentation.EvoClassLoader - Instrumenting class 'io.netty.util.internal.PlatformDependent0$4'.
18:07:34.048 [main] INFO org.evosuite.runtime.instrumentation.MethodCallReplacementClassAdapter - Adding mock interface to class io/netty/util/internal/PlatformDependent0$4
18:07:34.049 [main] INFO org.evosuite.runtime.instrumentation.EvoClassLoader - Keeping class: io.netty.util.internal.PlatformDependent0$4
18:07:34.049 [main] DEBUG io.netty.util.internal.PlatformDependent0 - java.nio.Buffer.address: available
18:07:34.050 [main] INFO org.evosuite.runtime.instrumentation.EvoClassLoader - Seeing class for first time: io.netty.util.internal.PlatformDependent0$5
18:07:34.050 [main] INFO org.evosuite.runtime.instrumentation.EvoClassLoader - Instrumenting class 'io.netty.util.internal.PlatformDependent0$5'.
18:07:34.050 [main] INFO org.evosuite.runtime.instrumentation.MethodCallReplacementClassAdapter - Adding mock interface to class io/netty/util/internal/PlatformDependent0$5
18:07:34.056 [main] INFO org.evosuite.runtime.instrumentation.EvoClassLoader - Keeping class: io.netty.util.internal.PlatformDependent0$5
18:07:34.057 [main] DEBUG io.netty.util.internal.PlatformDependent0 - direct buffer constructor: available
18:07:34.057 [main] INFO org.evosuite.runtime.instrumentation.EvoClassLoader - Seeing class for first time: io.netty.util.internal.PlatformDependent0$6
18:07:34.057 [main] INFO org.evosuite.runtime.instrumentation.EvoClassLoader - Instrumenting class 'io.netty.util.internal.PlatformDependent0$6'.
18:07:34.058 [main] INFO org.evosuite.runtime.instrumentation.MethodCallReplacementClassAdapter - Adding mock interface to class io/netty/util/internal/PlatformDependent0$6
18:07:34.061 [main] INFO org.evosuite.runtime.instrumentation.EvoClassLoader - Keeping class: io.netty.util.internal.PlatformDependent0$6
18:07:34.061 [main] INFO org.evosuite.runtime.instrumentation.EvoClassLoader - Seeing class for first time: io.netty.util.internal.PlatformDependent0$12
18:07:34.061 [main] INFO org.evosuite.runtime.instrumentation.EvoClassLoader - Instrumenting class 'io.netty.util.internal.PlatformDependent0$12'.
18:07:34.062 [main] INFO org.evosuite.runtime.instrumentation.MethodCallReplacementClassAdapter - Adding mock interface to class io/netty/util/internal/PlatformDependent0$12
18:07:34.063 [main] INFO org.evosuite.runtime.instrumentation.EvoClassLoader - Keeping class: io.netty.util.internal.PlatformDependent0$12
18:07:34.064 [main] DEBUG io.netty.util.internal.PlatformDependent0 - java.nio.Bits.unaligned: available, true
18:07:34.064 [main] DEBUG io.netty.util.internal.PlatformDependent0 - jdk.internal.misc.Unsafe.allocateUninitializedArray(int): unavailable prior to Java9
18:07:34.064 [main] DEBUG io.netty.util.internal.PlatformDependent0 - java.nio.DirectByteBuffer.<init>(long, {int,long}): available
18:07:34.065 [main] INFO org.evosuite.runtime.instrumentation.EvoClassLoader - Seeing class for first time: io.netty.buffer.UnpooledByteBufAllocator$InstrumentedUnpooledDirectByteBuf
18:07:34.065 [main] INFO org.evosuite.runtime.instrumentation.EvoClassLoader - Instrumenting class 'io.netty.buffer.UnpooledByteBufAllocator$InstrumentedUnpooledDirectByteBuf'.
18:07:34.065 [main] INFO org.evosuite.runtime.instrumentation.MethodCallReplacementClassAdapter - Adding mock interface to class io/netty/buffer/UnpooledByteBufAllocator$InstrumentedUnpooledDirectByteBuf
18:07:34.066 [main] INFO org.evosuite.runtime.instrumentation.CreateClassResetClassAdapter - Creating brand-new static initializer in class io/netty/buffer/UnpooledByteBufAllocator$InstrumentedUnpooledDirectByteBuf
18:07:34.066 [main] INFO org.evosuite.runtime.instrumentation.EvoClassLoader - Seeing class for first time: io.netty.buffer.UnpooledDirectByteBuf
18:07:34.066 [main] INFO org.evosuite.runtime.instrumentation.EvoClassLoader - Instrumenting class 'io.netty.buffer.UnpooledDirectByteBuf'.
18:07:34.067 [main] INFO org.evosuite.runtime.instrumentation.MethodCallReplacementClassAdapter - Adding mock interface to class io/netty/buffer/UnpooledDirectByteBuf
18:07:34.069 [main] INFO org.evosuite.runtime.instrumentation.CreateClassResetClassAdapter - Creating brand-new static initializer in class io/netty/buffer/UnpooledDirectByteBuf
18:07:34.069 [main] INFO org.evosuite.runtime.instrumentation.EvoClassLoader - Keeping class: io.netty.buffer.UnpooledDirectByteBuf
18:07:34.069 [main] INFO org.evosuite.runtime.instrumentation.EvoClassLoader - Keeping class: io.netty.buffer.UnpooledByteBufAllocator$InstrumentedUnpooledDirectByteBuf
18:07:34.070 [main] INFO org.evosuite.runtime.instrumentation.EvoClassLoader - Seeing class for first time: io.netty.buffer.UnpooledDuplicatedByteBuf
18:07:34.070 [main] INFO org.evosuite.runtime.instrumentation.EvoClassLoader - Instrumenting class 'io.netty.buffer.UnpooledDuplicatedByteBuf'.
18:07:34.071 [main] INFO org.evosuite.runtime.instrumentation.MethodCallReplacementClassAdapter - Adding mock interface to class io/netty/buffer/UnpooledDuplicatedByteBuf
18:07:34.071 [main] INFO org.evosuite.runtime.instrumentation.CreateClassResetClassAdapter - Creating brand-new static initializer in class io/netty/buffer/UnpooledDuplicatedByteBuf
18:07:34.071 [main] INFO org.evosuite.runtime.instrumentation.EvoClassLoader - Seeing class for first time: io.netty.buffer.DuplicatedByteBuf
18:07:34.071 [main] INFO org.evosuite.runtime.instrumentation.EvoClassLoader - Instrumenting class 'io.netty.buffer.DuplicatedByteBuf'.
18:07:34.072 [main] INFO org.evosuite.runtime.instrumentation.MethodCallReplacementClassAdapter - Adding mock interface to class io/netty/buffer/DuplicatedByteBuf
18:07:34.073 [main] INFO org.evosuite.runtime.instrumentation.CreateClassResetClassAdapter - Creating brand-new static initializer in class io/netty/buffer/DuplicatedByteBuf
18:07:34.073 [main] INFO org.evosuite.runtime.instrumentation.EvoClassLoader - Seeing class for first time: io.netty.buffer.AbstractDerivedByteBuf
18:07:34.073 [main] INFO org.evosuite.runtime.instrumentation.EvoClassLoader - Instrumenting class 'io.netty.buffer.AbstractDerivedByteBuf'.
18:07:34.074 [main] INFO org.evosuite.runtime.instrumentation.MethodCallReplacementClassAdapter - Adding mock interface to class io/netty/buffer/AbstractDerivedByteBuf
18:07:34.074 [main] INFO org.evosuite.runtime.instrumentation.CreateClassResetClassAdapter - Creating brand-new static initializer in class io/netty/buffer/AbstractDerivedByteBuf
18:07:34.074 [main] INFO org.evosuite.runtime.instrumentation.EvoClassLoader - Keeping class: io.netty.buffer.AbstractDerivedByteBuf
18:07:34.074 [main] INFO org.evosuite.runtime.instrumentation.EvoClassLoader - Keeping class: io.netty.buffer.DuplicatedByteBuf
18:07:34.074 [main] INFO org.evosuite.runtime.instrumentation.EvoClassLoader - Keeping class: io.netty.buffer.UnpooledDuplicatedByteBuf
18:07:34.075 [main] INFO org.evosuite.runtime.instrumentation.EvoClassLoader - Seeing class for first time: io.netty.buffer.UnpooledSlicedByteBuf
18:07:34.075 [main] INFO org.evosuite.runtime.instrumentation.EvoClassLoader - Instrumenting class 'io.netty.buffer.UnpooledSlicedByteBuf'.
18:07:34.076 [main] INFO org.evosuite.runtime.instrumentation.MethodCallReplacementClassAdapter - Adding mock interface to class io/netty/buffer/UnpooledSlicedByteBuf
18:07:34.077 [main] INFO org.evosuite.runtime.instrumentation.CreateClassResetClassAdapter - Creating brand-new static initializer in class io/netty/buffer/UnpooledSlicedByteBuf
18:07:34.077 [main] INFO org.evosuite.runtime.instrumentation.EvoClassLoader - Seeing class for first time: io.netty.buffer.AbstractUnpooledSlicedByteBuf
18:07:34.077 [main] INFO org.evosuite.runtime.instrumentation.EvoClassLoader - Instrumenting class 'io.netty.buffer.AbstractUnpooledSlicedByteBuf'.
18:07:34.078 [main] INFO org.evosuite.runtime.instrumentation.MethodCallReplacementClassAdapter - Adding mock interface to class io/netty/buffer/AbstractUnpooledSlicedByteBuf
18:07:34.080 [main] INFO org.evosuite.runtime.instrumentation.CreateClassResetClassAdapter - Creating brand-new static initializer in class io/netty/buffer/AbstractUnpooledSlicedByteBuf
18:07:34.080 [main] INFO org.evosuite.runtime.instrumentation.EvoClassLoader - Keeping class: io.netty.buffer.AbstractUnpooledSlicedByteBuf
18:07:34.080 [main] INFO org.evosuite.runtime.instrumentation.EvoClassLoader - Keeping class: io.netty.buffer.UnpooledSlicedByteBuf
18:07:34.080 [main] INFO org.evosuite.runtime.instrumentation.EvoClassLoader - Seeing class for first time: io.netty.buffer.SwappedByteBuf
18:07:34.080 [main] INFO org.evosuite.runtime.instrumentation.EvoClassLoader - Instrumenting class 'io.netty.buffer.SwappedByteBuf'.
18:07:34.081 [main] INFO org.evosuite.runtime.instrumentation.MethodCallReplacementClassAdapter - Adding mock interface to class io/netty/buffer/SwappedByteBuf
18:07:34.084 [main] INFO org.evosuite.runtime.instrumentation.CreateClassResetClassAdapter - Creating brand-new static initializer in class io/netty/buffer/SwappedByteBuf
18:07:34.085 [main] INFO org.evosuite.runtime.instrumentation.EvoClassLoader - Keeping class: io.netty.buffer.SwappedByteBuf
18:07:34.085 [main] INFO org.evosuite.runtime.instrumentation.EvoClassLoader - Seeing class for first time: io.netty.util.internal.ReferenceCountUpdater
18:07:34.085 [main] INFO org.evosuite.runtime.instrumentation.EvoClassLoader - Instrumenting class 'io.netty.util.internal.ReferenceCountUpdater'.
18:07:34.087 [main] INFO org.evosuite.runtime.instrumentation.MethodCallReplacementClassAdapter - Adding mock interface to class io/netty/util/internal/ReferenceCountUpdater
18:07:34.093 [main] INFO org.evosuite.runtime.instrumentation.CreateClassResetClassAdapter - Creating brand-new static initializer in class io/netty/util/internal/ReferenceCountUpdater
18:07:34.094 [main] INFO org.evosuite.runtime.instrumentation.EvoClassLoader - Keeping class: io.netty.util.internal.ReferenceCountUpdater
18:07:34.094 [main] INFO org.evosuite.runtime.instrumentation.EvoClassLoader - Seeing class for first time: io.netty.buffer.AbstractReferenceCountedByteBuf$1
18:07:34.094 [main] INFO org.evosuite.runtime.instrumentation.EvoClassLoader - Instrumenting class 'io.netty.buffer.AbstractReferenceCountedByteBuf$1'.
18:07:34.095 [main] INFO org.evosuite.runtime.instrumentation.MethodCallReplacementClassAdapter - Adding mock interface to class io/netty/buffer/AbstractReferenceCountedByteBuf$1
18:07:34.096 [main] INFO org.evosuite.runtime.instrumentation.EvoClassLoader - Keeping class: io.netty.buffer.AbstractReferenceCountedByteBuf$1
18:07:34.098 [main] DEBUG io.netty.buffer.AbstractByteBuf - -Dio.netty.buffer.checkAccessible: true
18:07:34.098 [main] DEBUG io.netty.buffer.AbstractByteBuf - -Dio.netty.buffer.checkBounds: true
18:07:34.098 [main] INFO org.evosuite.runtime.instrumentation.EvoClassLoader - Seeing class for first time: io.netty.util.ResourceLeakDetectorFactory
18:07:34.098 [main] INFO org.evosuite.runtime.instrumentation.EvoClassLoader - Instrumenting class 'io.netty.util.ResourceLeakDetectorFactory'.
18:07:34.100 [main] INFO org.evosuite.runtime.instrumentation.MethodCallReplacementClassAdapter - Adding mock interface to class io/netty/util/ResourceLeakDetectorFactory
18:07:34.101 [main] INFO org.evosuite.runtime.instrumentation.CreateClassResetClassAdapter - Found static initializer in class io/netty/util/ResourceLeakDetectorFactory
18:07:34.102 [main] INFO org.evosuite.runtime.instrumentation.EvoClassLoader - Keeping class: io.netty.util.ResourceLeakDetectorFactory
18:07:34.102 [main] INFO org.evosuite.runtime.instrumentation.EvoClassLoader - Seeing class for first time: io.netty.util.ResourceLeakDetectorFactory$DefaultResourceLeakDetectorFactory
18:07:34.102 [main] INFO org.evosuite.runtime.instrumentation.EvoClassLoader - Instrumenting class 'io.netty.util.ResourceLeakDetectorFactory$DefaultResourceLeakDetectorFactory'.
18:07:34.104 [main] INFO org.evosuite.runtime.instrumentation.MethodCallReplacementClassAdapter - Adding mock interface to class io/netty/util/ResourceLeakDetectorFactory$DefaultResourceLeakDetectorFactory
18:07:34.110 [main] INFO org.evosuite.runtime.instrumentation.CreateClassResetClassAdapter - Creating brand-new static initializer in class io/netty/util/ResourceLeakDetectorFactory$DefaultResourceLeakDetectorFactory
18:07:34.110 [main] INFO org.evosuite.runtime.instrumentation.EvoClassLoader - Keeping class: io.netty.util.ResourceLeakDetectorFactory$DefaultResourceLeakDetectorFactory
18:07:34.111 [main] INFO org.evosuite.runtime.instrumentation.EvoClassLoader - Seeing class for first time: io.netty.util.ResourceLeakDetector
18:07:34.111 [main] INFO org.evosuite.runtime.instrumentation.EvoClassLoader - Instrumenting class 'io.netty.util.ResourceLeakDetector'.
18:07:34.113 [main] INFO org.evosuite.runtime.instrumentation.MethodCallReplacementClassAdapter - Adding mock interface to class io/netty/util/ResourceLeakDetector
18:07:34.120 [main] INFO org.evosuite.runtime.instrumentation.CreateClassResetClassAdapter - Found static initializer in class io/netty/util/ResourceLeakDetector
18:07:34.121 [main] INFO org.evosuite.runtime.instrumentation.EvoClassLoader - Keeping class: io.netty.util.ResourceLeakDetector
18:07:34.122 [main] INFO org.evosuite.runtime.instrumentation.EvoClassLoader - Seeing class for first time: io.netty.util.ResourceLeakTracker
18:07:34.122 [main] INFO org.evosuite.runtime.instrumentation.EvoClassLoader - Instrumenting class 'io.netty.util.ResourceLeakTracker'.
18:07:34.122 [main] INFO org.evosuite.runtime.instrumentation.EvoClassLoader - Keeping class: io.netty.util.ResourceLeakTracker
18:07:34.123 [main] INFO org.evosuite.runtime.instrumentation.EvoClassLoader - Seeing class for first time: io.netty.util.ResourceLeak
18:07:34.123 [main] INFO org.evosuite.runtime.instrumentation.EvoClassLoader - Instrumenting class 'io.netty.util.ResourceLeak'.
18:07:34.124 [main] INFO org.evosuite.runtime.instrumentation.EvoClassLoader - Keeping class: io.netty.util.ResourceLeak
18:07:34.124 [main] INFO org.evosuite.runtime.instrumentation.EvoClassLoader - Seeing class for first time: io.netty.util.ResourceLeakDetector$Level
18:07:34.124 [main] INFO org.evosuite.runtime.instrumentation.EvoClassLoader - Instrumenting class 'io.netty.util.ResourceLeakDetector$Level'.
18:07:34.125 [main] INFO org.evosuite.runtime.instrumentation.MethodCallReplacementClassAdapter - Adding mock interface to class io/netty/util/ResourceLeakDetector$Level
18:07:34.125 [main] INFO org.evosuite.runtime.instrumentation.CreateClassResetClassAdapter - Found static initializer in class io/netty/util/ResourceLeakDetector$Level
18:07:34.125 [main] INFO org.evosuite.runtime.instrumentation.EvoClassLoader - Keeping class: io.netty.util.ResourceLeakDetector$Level
18:07:34.126 [main] DEBUG io.netty.util.ResourceLeakDetector - -Dio.netty.leakDetection.level: simple
18:07:34.126 [main] DEBUG io.netty.util.ResourceLeakDetector - -Dio.netty.leakDetection.targetRecords: 4
18:07:34.126 [main] INFO org.evosuite.runtime.instrumentation.EvoClassLoader - Seeing class for first time: io.netty.util.internal.EmptyArrays
18:07:34.126 [main] INFO org.evosuite.runtime.instrumentation.EvoClassLoader - Instrumenting class 'io.netty.util.internal.EmptyArrays'.
18:07:34.127 [main] INFO org.evosuite.runtime.instrumentation.MethodCallReplacementClassAdapter - Adding mock interface to class io/netty/util/internal/EmptyArrays
18:07:34.127 [main] INFO org.evosuite.runtime.instrumentation.CreateClassResetClassAdapter - Found static initializer in class io/netty/util/internal/EmptyArrays
18:07:34.129 [main] INFO org.evosuite.runtime.instrumentation.EvoClassLoader - Keeping class: io.netty.util.internal.EmptyArrays
18:07:34.130 [main] INFO org.evosuite.runtime.instrumentation.EvoClassLoader - Seeing class for first time: io.netty.util.AsciiString
18:07:34.130 [main] INFO org.evosuite.runtime.instrumentation.EvoClassLoader - Instrumenting class 'io.netty.util.AsciiString'.
18:07:34.133 [main] INFO org.evosuite.runtime.instrumentation.MethodCallReplacementClassAdapter - Adding mock interface to class io/netty/util/AsciiString
18:07:34.149 [main] INFO org.evosuite.runtime.instrumentation.CreateClassResetClassAdapter - Found static initializer in class io/netty/util/AsciiString
18:07:34.151 [main] INFO org.evosuite.runtime.instrumentation.EvoClassLoader - Keeping class: io.netty.util.AsciiString
18:07:34.162 [main] INFO org.evosuite.runtime.instrumentation.EvoClassLoader - Seeing class for first time: io.netty.util.internal.StringUtil
18:07:34.162 [main] INFO org.evosuite.runtime.instrumentation.EvoClassLoader - Instrumenting class 'io.netty.util.internal.StringUtil'.
18:07:34.164 [main] INFO org.evosuite.runtime.instrumentation.MethodCallReplacementClassAdapter - Adding mock interface to class io/netty/util/internal/StringUtil
18:07:34.171 [main] INFO org.evosuite.runtime.instrumentation.CreateClassResetClassAdapter - Found static initializer in class io/netty/util/internal/StringUtil
18:07:34.173 [main] INFO org.evosuite.runtime.instrumentation.EvoClassLoader - Keeping class: io.netty.util.internal.StringUtil
18:07:34.178 [main] DEBUG io.netty.util.ResourceLeakDetectorFactory - Loaded default ResourceLeakDetector: io.netty.util.ResourceLeakDetector@13
18:07:34.178 [main] INFO org.evosuite.runtime.instrumentation.EvoClassLoader - Seeing class for first time: io.netty.util.internal.PlatformDependent
18:07:34.178 [main] INFO org.evosuite.runtime.instrumentation.EvoClassLoader - Instrumenting class 'io.netty.util.internal.PlatformDependent'.
18:07:34.181 [main] INFO org.evosuite.runtime.instrumentation.MethodCallReplacementClassAdapter - Adding mock interface to class io/netty/util/internal/PlatformDependent
18:07:34.226 [main] INFO org.evosuite.runtime.instrumentation.CreateClassResetClassAdapter - Found static initializer in class io/netty/util/internal/PlatformDependent
18:07:34.232 [main] INFO org.evosuite.runtime.instrumentation.EvoClassLoader - Keeping class: io.netty.util.internal.PlatformDependent
18:07:34.232 [main] INFO org.evosuite.runtime.instrumentation.EvoClassLoader - Seeing class for first time: io.netty.util.internal.PlatformDependent$ThreadLocalRandomProvider
18:07:34.232 [main] INFO org.evosuite.runtime.instrumentation.EvoClassLoader - Instrumenting class 'io.netty.util.internal.PlatformDependent$ThreadLocalRandomProvider'.
18:07:34.241 [main] INFO org.evosuite.runtime.instrumentation.EvoClassLoader - Keeping class: io.netty.util.internal.PlatformDependent$ThreadLocalRandomProvider
18:07:34.242 [main] INFO org.evosuite.runtime.instrumentation.EvoClassLoader - Seeing class for first time: io.netty.util.internal.LongCounter
18:07:34.242 [main] INFO org.evosuite.runtime.instrumentation.EvoClassLoader - Instrumenting class 'io.netty.util.internal.LongCounter'.
18:07:34.244 [main] INFO org.evosuite.runtime.instrumentation.EvoClassLoader - Keeping class: io.netty.util.internal.LongCounter
18:07:34.245 [main] INFO org.evosuite.runtime.instrumentation.EvoClassLoader - Seeing class for first time: io.netty.util.internal.OutOfDirectMemoryError
18:07:34.245 [main] INFO org.evosuite.runtime.instrumentation.EvoClassLoader - Instrumenting class 'io.netty.util.internal.OutOfDirectMemoryError'.
18:07:34.246 [main] INFO org.evosuite.runtime.instrumentation.MethodCallReplacementClassAdapter - Adding mock interface to class io/netty/util/internal/OutOfDirectMemoryError
18:07:34.247 [main] INFO org.evosuite.runtime.instrumentation.CreateClassResetClassAdapter - Creating brand-new static initializer in class io/netty/util/internal/OutOfDirectMemoryError
18:07:34.248 [main] INFO org.evosuite.runtime.instrumentation.EvoClassLoader - Keeping class: io.netty.util.internal.OutOfDirectMemoryError
18:07:34.248 [main] INFO org.evosuite.runtime.instrumentation.EvoClassLoader - Seeing class for first time: io.netty.util.internal.shaded.org.jctools.queues.SpscLinkedQueue
18:07:34.248 [main] INFO org.evosuite.runtime.instrumentation.EvoClassLoader - Instrumenting class 'io.netty.util.internal.shaded.org.jctools.queues.SpscLinkedQueue'.
18:07:34.249 [main] INFO org.evosuite.runtime.instrumentation.MethodCallReplacementClassAdapter - Adding mock interface to class io/netty/util/internal/shaded/org/jctools/queues/SpscLinkedQueue
18:07:34.251 [main] INFO org.evosuite.runtime.instrumentation.CreateClassResetClassAdapter - Creating brand-new static initializer in class io/netty/util/internal/shaded/org/jctools/queues/SpscLinkedQueue
18:07:34.251 [main] INFO org.evosuite.runtime.instrumentation.EvoClassLoader - Seeing class for first time: io.netty.util.internal.shaded.org.jctools.queues.BaseLinkedQueue
18:07:34.251 [main] INFO org.evosuite.runtime.instrumentation.EvoClassLoader - Instrumenting class 'io.netty.util.internal.shaded.org.jctools.queues.BaseLinkedQueue'.
18:07:34.252 [main] INFO org.evosuite.runtime.instrumentation.MethodCallReplacementClassAdapter - Adding mock interface to class io/netty/util/internal/shaded/org/jctools/queues/BaseLinkedQueue
18:07:34.253 [main] INFO org.evosuite.runtime.instrumentation.CreateClassResetClassAdapter - Creating brand-new static initializer in class io/netty/util/internal/shaded/org/jctools/queues/BaseLinkedQueue
18:07:34.254 [main] INFO org.evosuite.runtime.instrumentation.EvoClassLoader - Seeing class for first time: io.netty.util.internal.shaded.org.jctools.queues.BaseLinkedQueuePad2
18:07:34.254 [main] INFO org.evosuite.runtime.instrumentation.EvoClassLoader - Instrumenting class 'io.netty.util.internal.shaded.org.jctools.queues.BaseLinkedQueuePad2'.
18:07:34.254 [main] INFO org.evosuite.runtime.instrumentation.MethodCallReplacementClassAdapter - Adding mock interface to class io/netty/util/internal/shaded/org/jctools/queues/BaseLinkedQueuePad2
18:07:34.255 [main] INFO org.evosuite.runtime.instrumentation.CreateClassResetClassAdapter - Creating brand-new static initializer in class io/netty/util/internal/shaded/org/jctools/queues/BaseLinkedQueuePad2
18:07:34.255 [main] INFO org.evosuite.runtime.instrumentation.EvoClassLoader - Seeing class for first time: io.netty.util.internal.shaded.org.jctools.queues.BaseLinkedQueueConsumerNodeRef
18:07:34.255 [main] INFO org.evosuite.runtime.instrumentation.EvoClassLoader - Instrumenting class 'io.netty.util.internal.shaded.org.jctools.queues.BaseLinkedQueueConsumerNodeRef'.
18:07:34.255 [main] INFO org.evosuite.runtime.instrumentation.MethodCallReplacementClassAdapter - Adding mock interface to class io/netty/util/internal/shaded/org/jctools/queues/BaseLinkedQueueConsumerNodeRef
18:07:34.255 [main] INFO org.evosuite.runtime.instrumentation.CreateClassResetClassAdapter - Found static initializer in class io/netty/util/internal/shaded/org/jctools/queues/BaseLinkedQueueConsumerNodeRef
18:07:34.256 [main] INFO org.evosuite.runtime.instrumentation.EvoClassLoader - Seeing class for first time: io.netty.util.internal.shaded.org.jctools.queues.BaseLinkedQueuePad1
18:07:34.256 [main] INFO org.evosuite.runtime.instrumentation.EvoClassLoader - Instrumenting class 'io.netty.util.internal.shaded.org.jctools.queues.BaseLinkedQueuePad1'.
18:07:34.256 [main] INFO org.evosuite.runtime.instrumentation.MethodCallReplacementClassAdapter - Adding mock interface to class io/netty/util/internal/shaded/org/jctools/queues/BaseLinkedQueuePad1
18:07:34.256 [main] INFO org.evosuite.runtime.instrumentation.CreateClassResetClassAdapter - Creating brand-new static initializer in class io/netty/util/internal/shaded/org/jctools/queues/BaseLinkedQueuePad1
18:07:34.257 [main] INFO org.evosuite.runtime.instrumentation.EvoClassLoader - Seeing class for first time: io.netty.util.internal.shaded.org.jctools.queues.BaseLinkedQueueProducerNodeRef
18:07:34.257 [main] INFO org.evosuite.runtime.instrumentation.EvoClassLoader - Instrumenting class 'io.netty.util.internal.shaded.org.jctools.queues.BaseLinkedQueueProducerNodeRef'.
18:07:34.257 [main] INFO org.evosuite.runtime.instrumentation.MethodCallReplacementClassAdapter - Adding mock interface to class io/netty/util/internal/shaded/org/jctools/queues/BaseLinkedQueueProducerNodeRef
18:07:34.257 [main] INFO org.evosuite.runtime.instrumentation.CreateClassResetClassAdapter - Found static initializer in class io/netty/util/internal/shaded/org/jctools/queues/BaseLinkedQueueProducerNodeRef
18:07:34.257 [main] INFO org.evosuite.runtime.instrumentation.EvoClassLoader - Seeing class for first time: io.netty.util.internal.shaded.org.jctools.queues.BaseLinkedQueuePad0
18:07:34.257 [main] INFO org.evosuite.runtime.instrumentation.EvoClassLoader - Instrumenting class 'io.netty.util.internal.shaded.org.jctools.queues.BaseLinkedQueuePad0'.
18:07:34.258 [main] INFO org.evosuite.runtime.instrumentation.MethodCallReplacementClassAdapter - Adding mock interface to class io/netty/util/internal/shaded/org/jctools/queues/BaseLinkedQueuePad0
18:07:34.258 [main] INFO org.evosuite.runtime.instrumentation.CreateClassResetClassAdapter - Creating brand-new static initializer in class io/netty/util/internal/shaded/org/jctools/queues/BaseLinkedQueuePad0
18:07:34.259 [main] INFO org.evosuite.runtime.instrumentation.EvoClassLoader - Keeping class: io.netty.util.internal.shaded.org.jctools.queues.BaseLinkedQueuePad0
18:07:34.259 [main] INFO org.evosuite.runtime.instrumentation.EvoClassLoader - Keeping class: io.netty.util.internal.shaded.org.jctools.queues.BaseLinkedQueueProducerNodeRef
18:07:34.259 [main] INFO org.evosuite.runtime.instrumentation.EvoClassLoader - Keeping class: io.netty.util.internal.shaded.org.jctools.queues.BaseLinkedQueuePad1
18:07:34.259 [main] INFO org.evosuite.runtime.instrumentation.EvoClassLoader - Keeping class: io.netty.util.internal.shaded.org.jctools.queues.BaseLinkedQueueConsumerNodeRef
18:07:34.259 [main] INFO org.evosuite.runtime.instrumentation.EvoClassLoader - Keeping class: io.netty.util.internal.shaded.org.jctools.queues.BaseLinkedQueuePad2
18:07:34.259 [main] INFO org.evosuite.runtime.instrumentation.EvoClassLoader - Keeping class: io.netty.util.internal.shaded.org.jctools.queues.BaseLinkedQueue
18:07:34.259 [main] INFO org.evosuite.runtime.instrumentation.EvoClassLoader - Keeping class: io.netty.util.internal.shaded.org.jctools.queues.SpscLinkedQueue
18:07:34.259 [main] INFO org.evosuite.runtime.instrumentation.EvoClassLoader - Seeing class for first time: io.netty.util.internal.shaded.org.jctools.queues.atomic.SpscLinkedAtomicQueue
18:07:34.259 [main] INFO org.evosuite.runtime.instrumentation.EvoClassLoader - Instrumenting class 'io.netty.util.internal.shaded.org.jctools.queues.atomic.SpscLinkedAtomicQueue'.
18:07:34.260 [main] INFO org.evosuite.runtime.instrumentation.MethodCallReplacementClassAdapter - Adding mock interface to class io/netty/util/internal/shaded/org/jctools/queues/atomic/SpscLinkedAtomicQueue
18:07:34.262 [main] INFO org.evosuite.runtime.instrumentation.CreateClassResetClassAdapter - Creating brand-new static initializer in class io/netty/util/internal/shaded/org/jctools/queues/atomic/SpscLinkedAtomicQueue
18:07:34.262 [main] INFO org.evosuite.runtime.instrumentation.EvoClassLoader - Defined package (3): package io.netty.util.internal.shaded.org.jctools.queues.atomic, 1662774531
18:07:34.262 [main] INFO org.evosuite.runtime.instrumentation.EvoClassLoader - Seeing class for first time: io.netty.util.internal.shaded.org.jctools.queues.atomic.BaseLinkedAtomicQueue
18:07:34.262 [main] INFO org.evosuite.runtime.instrumentation.EvoClassLoader - Instrumenting class 'io.netty.util.internal.shaded.org.jctools.queues.atomic.BaseLinkedAtomicQueue'.
18:07:34.263 [main] INFO org.evosuite.runtime.instrumentation.MethodCallReplacementClassAdapter - Adding mock interface to class io/netty/util/internal/shaded/org/jctools/queues/atomic/BaseLinkedAtomicQueue
18:07:34.264 [main] INFO org.evosuite.runtime.instrumentation.CreateClassResetClassAdapter - Creating brand-new static initializer in class io/netty/util/internal/shaded/org/jctools/queues/atomic/BaseLinkedAtomicQueue
18:07:34.265 [main] INFO org.evosuite.runtime.instrumentation.EvoClassLoader - Seeing class for first time: io.netty.util.internal.shaded.org.jctools.queues.atomic.BaseLinkedAtomicQueuePad2
18:07:34.265 [main] INFO org.evosuite.runtime.instrumentation.EvoClassLoader - Instrumenting class 'io.netty.util.internal.shaded.org.jctools.queues.atomic.BaseLinkedAtomicQueuePad2'.
18:07:34.266 [main] INFO org.evosuite.runtime.instrumentation.MethodCallReplacementClassAdapter - Adding mock interface to class io/netty/util/internal/shaded/org/jctools/queues/atomic/BaseLinkedAtomicQueuePad2
18:07:34.266 [main] INFO org.evosuite.runtime.instrumentation.CreateClassResetClassAdapter - Creating brand-new static initializer in class io/netty/util/internal/shaded/org/jctools/queues/atomic/BaseLinkedAtomicQueuePad2
18:07:34.267 [main] INFO org.evosuite.runtime.instrumentation.EvoClassLoader - Seeing class for first time: io.netty.util.internal.shaded.org.jctools.queues.atomic.BaseLinkedAtomicQueueConsumerNodeRef
18:07:34.267 [main] INFO org.evosuite.runtime.instrumentation.EvoClassLoader - Instrumenting class 'io.netty.util.internal.shaded.org.jctools.queues.atomic.BaseLinkedAtomicQueueConsumerNodeRef'.
18:07:34.267 [main] INFO org.evosuite.runtime.instrumentation.MethodCallReplacementClassAdapter - Adding mock interface to class io/netty/util/internal/shaded/org/jctools/queues/atomic/BaseLinkedAtomicQueueConsumerNodeRef
18:07:34.268 [main] INFO org.evosuite.runtime.instrumentation.CreateClassResetClassAdapter - Found static initializer in class io/netty/util/internal/shaded/org/jctools/queues/atomic/BaseLinkedAtomicQueueConsumerNodeRef
18:07:34.268 [main] INFO org.evosuite.runtime.instrumentation.EvoClassLoader - Seeing class for first time: io.netty.util.internal.shaded.org.jctools.queues.atomic.BaseLinkedAtomicQueuePad1
18:07:34.268 [main] INFO org.evosuite.runtime.instrumentation.EvoClassLoader - Instrumenting class 'io.netty.util.internal.shaded.org.jctools.queues.atomic.BaseLinkedAtomicQueuePad1'.
18:07:34.269 [main] INFO org.evosuite.runtime.instrumentation.MethodCallReplacementClassAdapter - Adding mock interface to class io/netty/util/internal/shaded/org/jctools/queues/atomic/BaseLinkedAtomicQueuePad1
18:07:34.270 [main] INFO org.evosuite.runtime.instrumentation.CreateClassResetClassAdapter - Creating brand-new static initializer in class io/netty/util/internal/shaded/org/jctools/queues/atomic/BaseLinkedAtomicQueuePad1
18:07:34.270 [main] INFO org.evosuite.runtime.instrumentation.EvoClassLoader - Seeing class for first time: io.netty.util.internal.shaded.org.jctools.queues.atomic.BaseLinkedAtomicQueueProducerNodeRef
18:07:34.270 [main] INFO org.evosuite.runtime.instrumentation.EvoClassLoader - Instrumenting class 'io.netty.util.internal.shaded.org.jctools.queues.atomic.BaseLinkedAtomicQueueProducerNodeRef'.
18:07:34.271 [main] INFO org.evosuite.runtime.instrumentation.MethodCallReplacementClassAdapter - Adding mock interface to class io/netty/util/internal/shaded/org/jctools/queues/atomic/BaseLinkedAtomicQueueProducerNodeRef
18:07:34.271 [main] INFO org.evosuite.runtime.instrumentation.CreateClassResetClassAdapter - Found static initializer in class io/netty/util/internal/shaded/org/jctools/queues/atomic/BaseLinkedAtomicQueueProducerNodeRef
18:07:34.272 [main] INFO org.evosuite.runtime.instrumentation.EvoClassLoader - Seeing class for first time: io.netty.util.internal.shaded.org.jctools.queues.atomic.BaseLinkedAtomicQueuePad0
18:07:34.272 [main] INFO org.evosuite.runtime.instrumentation.EvoClassLoader - Instrumenting class 'io.netty.util.internal.shaded.org.jctools.queues.atomic.BaseLinkedAtomicQueuePad0'.
18:07:34.273 [main] INFO org.evosuite.runtime.instrumentation.MethodCallReplacementClassAdapter - Adding mock interface to class io/netty/util/internal/shaded/org/jctools/queues/atomic/BaseLinkedAtomicQueuePad0
18:07:34.273 [main] INFO org.evosuite.runtime.instrumentation.CreateClassResetClassAdapter - Creating brand-new static initializer in class io/netty/util/internal/shaded/org/jctools/queues/atomic/BaseLinkedAtomicQueuePad0
18:07:34.273 [main] INFO org.evosuite.runtime.instrumentation.EvoClassLoader - Keeping class: io.netty.util.internal.shaded.org.jctools.queues.atomic.BaseLinkedAtomicQueuePad0
18:07:34.274 [main] INFO org.evosuite.runtime.instrumentation.EvoClassLoader - Keeping class: io.netty.util.internal.shaded.org.jctools.queues.atomic.BaseLinkedAtomicQueueProducerNodeRef
18:07:34.274 [main] INFO org.evosuite.runtime.instrumentation.EvoClassLoader - Keeping class: io.netty.util.internal.shaded.org.jctools.queues.atomic.BaseLinkedAtomicQueuePad1
18:07:34.274 [main] INFO org.evosuite.runtime.instrumentation.EvoClassLoader - Keeping class: io.netty.util.internal.shaded.org.jctools.queues.atomic.BaseLinkedAtomicQueueConsumerNodeRef
18:07:34.274 [main] INFO org.evosuite.runtime.instrumentation.EvoClassLoader - Keeping class: io.netty.util.internal.shaded.org.jctools.queues.atomic.BaseLinkedAtomicQueuePad2
18:07:34.274 [main] INFO org.evosuite.runtime.instrumentation.EvoClassLoader - Keeping class: io.netty.util.internal.shaded.org.jctools.queues.atomic.BaseLinkedAtomicQueue
18:07:34.274 [main] INFO org.evosuite.runtime.instrumentation.EvoClassLoader - Keeping class: io.netty.util.internal.shaded.org.jctools.queues.atomic.SpscLinkedAtomicQueue
18:07:34.274 [main] INFO org.evosuite.runtime.instrumentation.EvoClassLoader - Seeing class for first time: io.netty.util.internal.shaded.org.jctools.queues.MpscArrayQueue
18:07:34.274 [main] INFO org.evosuite.runtime.instrumentation.EvoClassLoader - Instrumenting class 'io.netty.util.internal.shaded.org.jctools.queues.MpscArrayQueue'.
18:07:34.275 [main] INFO org.evosuite.runtime.instrumentation.MethodCallReplacementClassAdapter - Adding mock interface to class io/netty/util/internal/shaded/org/jctools/queues/MpscArrayQueue
18:07:34.277 [main] INFO org.evosuite.runtime.instrumentation.CreateClassResetClassAdapter - Creating brand-new static initializer in class io/netty/util/internal/shaded/org/jctools/queues/MpscArrayQueue
18:07:34.278 [main] INFO org.evosuite.runtime.instrumentation.EvoClassLoader - Seeing class for first time: io.netty.util.internal.shaded.org.jctools.queues.MpscArrayQueueL3Pad
18:07:34.278 [main] INFO org.evosuite.runtime.instrumentation.EvoClassLoader - Instrumenting class 'io.netty.util.internal.shaded.org.jctools.queues.MpscArrayQueueL3Pad'.
18:07:34.279 [main] INFO org.evosuite.runtime.instrumentation.MethodCallReplacementClassAdapter - Adding mock interface to class io/netty/util/internal/shaded/org/jctools/queues/MpscArrayQueueL3Pad
18:07:34.279 [main] INFO org.evosuite.runtime.instrumentation.CreateClassResetClassAdapter - Creating brand-new static initializer in class io/netty/util/internal/shaded/org/jctools/queues/MpscArrayQueueL3Pad
18:07:34.280 [main] INFO org.evosuite.runtime.instrumentation.EvoClassLoader - Seeing class for first time: io.netty.util.internal.shaded.org.jctools.queues.MpscArrayQueueConsumerIndexField
18:07:34.280 [main] INFO org.evosuite.runtime.instrumentation.EvoClassLoader - Instrumenting class 'io.netty.util.internal.shaded.org.jctools.queues.MpscArrayQueueConsumerIndexField'.
18:07:34.280 [main] INFO org.evosuite.runtime.instrumentation.MethodCallReplacementClassAdapter - Adding mock interface to class io/netty/util/internal/shaded/org/jctools/queues/MpscArrayQueueConsumerIndexField
18:07:34.280 [main] INFO org.evosuite.runtime.instrumentation.CreateClassResetClassAdapter - Found static initializer in class io/netty/util/internal/shaded/org/jctools/queues/MpscArrayQueueConsumerIndexField
18:07:34.281 [main] INFO org.evosuite.runtime.instrumentation.EvoClassLoader - Seeing class for first time: io.netty.util.internal.shaded.org.jctools.queues.MpscArrayQueueL2Pad
18:07:34.281 [main] INFO org.evosuite.runtime.instrumentation.EvoClassLoader - Instrumenting class 'io.netty.util.internal.shaded.org.jctools.queues.MpscArrayQueueL2Pad'.
18:07:34.281 [main] INFO org.evosuite.runtime.instrumentation.MethodCallReplacementClassAdapter - Adding mock interface to class io/netty/util/internal/shaded/org/jctools/queues/MpscArrayQueueL2Pad
18:07:34.281 [main] INFO org.evosuite.runtime.instrumentation.CreateClassResetClassAdapter - Creating brand-new static initializer in class io/netty/util/internal/shaded/org/jctools/queues/MpscArrayQueueL2Pad
18:07:34.281 [main] INFO org.evosuite.runtime.instrumentation.EvoClassLoader - Seeing class for first time: io.netty.util.internal.shaded.org.jctools.queues.MpscArrayQueueProducerLimitField
18:07:34.281 [main] INFO org.evosuite.runtime.instrumentation.EvoClassLoader - Instrumenting class 'io.netty.util.internal.shaded.org.jctools.queues.MpscArrayQueueProducerLimitField'.
18:07:34.282 [main] INFO org.evosuite.runtime.instrumentation.MethodCallReplacementClassAdapter - Adding mock interface to class io/netty/util/internal/shaded/org/jctools/queues/MpscArrayQueueProducerLimitField
18:07:34.282 [main] INFO org.evosuite.runtime.instrumentation.CreateClassResetClassAdapter - Found static initializer in class io/netty/util/internal/shaded/org/jctools/queues/MpscArrayQueueProducerLimitField
18:07:34.282 [main] INFO org.evosuite.runtime.instrumentation.EvoClassLoader - Seeing class for first time: io.netty.util.internal.shaded.org.jctools.queues.MpscArrayQueueMidPad
18:07:34.282 [main] INFO org.evosuite.runtime.instrumentation.EvoClassLoader - Instrumenting class 'io.netty.util.internal.shaded.org.jctools.queues.MpscArrayQueueMidPad'.
18:07:34.283 [main] INFO org.evosuite.runtime.instrumentation.MethodCallReplacementClassAdapter - Adding mock interface to class io/netty/util/internal/shaded/org/jctools/queues/MpscArrayQueueMidPad
18:07:34.283 [main] INFO org.evosuite.runtime.instrumentation.CreateClassResetClassAdapter - Creating brand-new static initializer in class io/netty/util/internal/shaded/org/jctools/queues/MpscArrayQueueMidPad
18:07:34.283 [main] INFO org.evosuite.runtime.instrumentation.EvoClassLoader - Seeing class for first time: io.netty.util.internal.shaded.org.jctools.queues.MpscArrayQueueProducerIndexField
18:07:34.283 [main] INFO org.evosuite.runtime.instrumentation.EvoClassLoader - Instrumenting class 'io.netty.util.internal.shaded.org.jctools.queues.MpscArrayQueueProducerIndexField'.
18:07:34.283 [main] INFO org.evosuite.runtime.instrumentation.MethodCallReplacementClassAdapter - Adding mock interface to class io/netty/util/internal/shaded/org/jctools/queues/MpscArrayQueueProducerIndexField
18:07:34.283 [main] INFO org.evosuite.runtime.instrumentation.CreateClassResetClassAdapter - Found static initializer in class io/netty/util/internal/shaded/org/jctools/queues/MpscArrayQueueProducerIndexField
18:07:34.284 [main] INFO org.evosuite.runtime.instrumentation.EvoClassLoader - Keeping class: io.netty.util.internal.shaded.org.jctools.queues.MpscArrayQueueProducerIndexField
18:07:34.284 [main] INFO org.evosuite.runtime.instrumentation.EvoClassLoader - Keeping class: io.netty.util.internal.shaded.org.jctools.queues.MpscArrayQueueMidPad
18:07:34.284 [main] INFO org.evosuite.runtime.instrumentation.EvoClassLoader - Keeping class: io.netty.util.internal.shaded.org.jctools.queues.MpscArrayQueueProducerLimitField
18:07:34.284 [main] INFO org.evosuite.runtime.instrumentation.EvoClassLoader - Keeping class: io.netty.util.internal.shaded.org.jctools.queues.MpscArrayQueueL2Pad
18:07:34.284 [main] INFO org.evosuite.runtime.instrumentation.EvoClassLoader - Keeping class: io.netty.util.internal.shaded.org.jctools.queues.MpscArrayQueueConsumerIndexField
18:07:34.285 [main] INFO org.evosuite.runtime.instrumentation.EvoClassLoader - Keeping class: io.netty.util.internal.shaded.org.jctools.queues.MpscArrayQueueL3Pad
18:07:34.285 [main] INFO org.evosuite.runtime.instrumentation.EvoClassLoader - Keeping class: io.netty.util.internal.shaded.org.jctools.queues.MpscArrayQueue
18:07:34.285 [main] INFO org.evosuite.runtime.instrumentation.EvoClassLoader - Seeing class for first time: io.netty.util.internal.shaded.org.jctools.queues.atomic.MpscAtomicArrayQueue
18:07:34.285 [main] INFO org.evosuite.runtime.instrumentation.EvoClassLoader - Instrumenting class 'io.netty.util.internal.shaded.org.jctools.queues.atomic.MpscAtomicArrayQueue'.
18:07:34.285 [main] INFO org.evosuite.runtime.instrumentation.MethodCallReplacementClassAdapter - Adding mock interface to class io/netty/util/internal/shaded/org/jctools/queues/atomic/MpscAtomicArrayQueue
18:07:34.288 [main] INFO org.evosuite.runtime.instrumentation.CreateClassResetClassAdapter - Creating brand-new static initializer in class io/netty/util/internal/shaded/org/jctools/queues/atomic/MpscAtomicArrayQueue
18:07:34.288 [main] INFO org.evosuite.runtime.instrumentation.EvoClassLoader - Seeing class for first time: io.netty.util.internal.shaded.org.jctools.queues.atomic.MpscAtomicArrayQueueL3Pad
18:07:34.289 [main] INFO org.evosuite.runtime.instrumentation.EvoClassLoader - Instrumenting class 'io.netty.util.internal.shaded.org.jctools.queues.atomic.MpscAtomicArrayQueueL3Pad'.
18:07:34.289 [main] INFO org.evosuite.runtime.instrumentation.MethodCallReplacementClassAdapter - Adding mock interface to class io/netty/util/internal/shaded/org/jctools/queues/atomic/MpscAtomicArrayQueueL3Pad
18:07:34.290 [main] INFO org.evosuite.runtime.instrumentation.CreateClassResetClassAdapter - Creating brand-new static initializer in class io/netty/util/internal/shaded/org/jctools/queues/atomic/MpscAtomicArrayQueueL3Pad
18:07:34.291 [main] INFO org.evosuite.runtime.instrumentation.EvoClassLoader - Seeing class for first time: io.netty.util.internal.shaded.org.jctools.queues.atomic.MpscAtomicArrayQueueConsumerIndexField
18:07:34.291 [main] INFO org.evosuite.runtime.instrumentation.EvoClassLoader - Instrumenting class 'io.netty.util.internal.shaded.org.jctools.queues.atomic.MpscAtomicArrayQueueConsumerIndexField'.
18:07:34.291 [main] INFO org.evosuite.runtime.instrumentation.MethodCallReplacementClassAdapter - Adding mock interface to class io/netty/util/internal/shaded/org/jctools/queues/atomic/MpscAtomicArrayQueueConsumerIndexField
18:07:34.292 [main] INFO org.evosuite.runtime.instrumentation.CreateClassResetClassAdapter - Found static initializer in class io/netty/util/internal/shaded/org/jctools/queues/atomic/MpscAtomicArrayQueueConsumerIndexField
18:07:34.292 [main] INFO org.evosuite.runtime.instrumentation.EvoClassLoader - Seeing class for first time: io.netty.util.internal.shaded.org.jctools.queues.atomic.MpscAtomicArrayQueueL2Pad
18:07:34.292 [main] INFO org.evosuite.runtime.instrumentation.EvoClassLoader - Instrumenting class 'io.netty.util.internal.shaded.org.jctools.queues.atomic.MpscAtomicArrayQueueL2Pad'.
18:07:34.292 [main] INFO org.evosuite.runtime.instrumentation.MethodCallReplacementClassAdapter - Adding mock interface to class io/netty/util/internal/shaded/org/jctools/queues/atomic/MpscAtomicArrayQueueL2Pad
18:07:34.293 [main] INFO org.evosuite.runtime.instrumentation.CreateClassResetClassAdapter - Creating brand-new static initializer in class io/netty/util/internal/shaded/org/jctools/queues/atomic/MpscAtomicArrayQueueL2Pad
18:07:34.293 [main] INFO org.evosuite.runtime.instrumentation.EvoClassLoader - Seeing class for first time: io.netty.util.internal.shaded.org.jctools.queues.atomic.MpscAtomicArrayQueueProducerLimitField
18:07:34.293 [main] INFO org.evosuite.runtime.instrumentation.EvoClassLoader - Instrumenting class 'io.netty.util.internal.shaded.org.jctools.queues.atomic.MpscAtomicArrayQueueProducerLimitField'.
18:07:34.293 [main] INFO org.evosuite.runtime.instrumentation.MethodCallReplacementClassAdapter - Adding mock interface to class io/netty/util/internal/shaded/org/jctools/queues/atomic/MpscAtomicArrayQueueProducerLimitField
18:07:34.293 [main] INFO org.evosuite.runtime.instrumentation.CreateClassResetClassAdapter - Found static initializer in class io/netty/util/internal/shaded/org/jctools/queues/atomic/MpscAtomicArrayQueueProducerLimitField
18:07:34.293 [main] INFO org.evosuite.runtime.instrumentation.EvoClassLoader - Seeing class for first time: io.netty.util.internal.shaded.org.jctools.queues.atomic.MpscAtomicArrayQueueMidPad
18:07:34.294 [main] INFO org.evosuite.runtime.instrumentation.EvoClassLoader - Instrumenting class 'io.netty.util.internal.shaded.org.jctools.queues.atomic.MpscAtomicArrayQueueMidPad'.
18:07:34.294 [main] INFO org.evosuite.runtime.instrumentation.MethodCallReplacementClassAdapter - Adding mock interface to class io/netty/util/internal/shaded/org/jctools/queues/atomic/MpscAtomicArrayQueueMidPad
18:07:34.294 [main] INFO org.evosuite.runtime.instrumentation.CreateClassResetClassAdapter - Creating brand-new static initializer in class io/netty/util/internal/shaded/org/jctools/queues/atomic/MpscAtomicArrayQueueMidPad
18:07:34.294 [main] INFO org.evosuite.runtime.instrumentation.EvoClassLoader - Seeing class for first time: io.netty.util.internal.shaded.org.jctools.queues.atomic.MpscAtomicArrayQueueProducerIndexField
18:07:34.294 [main] INFO org.evosuite.runtime.instrumentation.EvoClassLoader - Instrumenting class 'io.netty.util.internal.shaded.org.jctools.queues.atomic.MpscAtomicArrayQueueProducerIndexField'.
18:07:34.294 [main] INFO org.evosuite.runtime.instrumentation.MethodCallReplacementClassAdapter - Adding mock interface to class io/netty/util/internal/shaded/org/jctools/queues/atomic/MpscAtomicArrayQueueProducerIndexField
18:07:34.295 [main] INFO org.evosuite.runtime.instrumentation.CreateClassResetClassAdapter - Found static initializer in class io/netty/util/internal/shaded/org/jctools/queues/atomic/MpscAtomicArrayQueueProducerIndexField
18:07:34.295 [main] INFO org.evosuite.runtime.instrumentation.EvoClassLoader - Seeing class for first time: io.netty.util.internal.shaded.org.jctools.queues.atomic.MpscAtomicArrayQueueL1Pad
18:07:34.295 [main] INFO org.evosuite.runtime.instrumentation.EvoClassLoader - Instrumenting class 'io.netty.util.internal.shaded.org.jctools.queues.atomic.MpscAtomicArrayQueueL1Pad'.
18:07:34.295 [main] INFO org.evosuite.runtime.instrumentation.MethodCallReplacementClassAdapter - Adding mock interface to class io/netty/util/internal/shaded/org/jctools/queues/atomic/MpscAtomicArrayQueueL1Pad
18:07:34.296 [main] INFO org.evosuite.runtime.instrumentation.CreateClassResetClassAdapter - Creating brand-new static initializer in class io/netty/util/internal/shaded/org/jctools/queues/atomic/MpscAtomicArrayQueueL1Pad
18:07:34.296 [main] INFO org.evosuite.runtime.instrumentation.EvoClassLoader - Seeing class for first time: io.netty.util.internal.shaded.org.jctools.queues.atomic.AtomicReferenceArrayQueue
18:07:34.296 [main] INFO org.evosuite.runtime.instrumentation.EvoClassLoader - Instrumenting class 'io.netty.util.internal.shaded.org.jctools.queues.atomic.AtomicReferenceArrayQueue'.
18:07:34.296 [main] INFO org.evosuite.runtime.instrumentation.MethodCallReplacementClassAdapter - Adding mock interface to class io/netty/util/internal/shaded/org/jctools/queues/atomic/AtomicReferenceArrayQueue
18:07:34.297 [main] INFO org.evosuite.runtime.instrumentation.CreateClassResetClassAdapter - Creating brand-new static initializer in class io/netty/util/internal/shaded/org/jctools/queues/atomic/AtomicReferenceArrayQueue
18:07:34.297 [main] INFO org.evosuite.runtime.instrumentation.EvoClassLoader - Keeping class: io.netty.util.internal.shaded.org.jctools.queues.atomic.AtomicReferenceArrayQueue
18:07:34.297 [main] INFO org.evosuite.runtime.instrumentation.EvoClassLoader - Keeping class: io.netty.util.internal.shaded.org.jctools.queues.atomic.MpscAtomicArrayQueueL1Pad
18:07:34.297 [main] INFO org.evosuite.runtime.instrumentation.EvoClassLoader - Keeping class: io.netty.util.internal.shaded.org.jctools.queues.atomic.MpscAtomicArrayQueueProducerIndexField
18:07:34.297 [main] INFO org.evosuite.runtime.instrumentation.EvoClassLoader - Keeping class: io.netty.util.internal.shaded.org.jctools.queues.atomic.MpscAtomicArrayQueueMidPad
18:07:34.297 [main] INFO org.evosuite.runtime.instrumentation.EvoClassLoader - Keeping class: io.netty.util.internal.shaded.org.jctools.queues.atomic.MpscAtomicArrayQueueProducerLimitField
18:07:34.297 [main] INFO org.evosuite.runtime.instrumentation.EvoClassLoader - Keeping class: io.netty.util.internal.shaded.org.jctools.queues.atomic.MpscAtomicArrayQueueL2Pad
18:07:34.298 [main] INFO org.evosuite.runtime.instrumentation.EvoClassLoader - Keeping class: io.netty.util.internal.shaded.org.jctools.queues.atomic.MpscAtomicArrayQueueConsumerIndexField
18:07:34.298 [main] INFO org.evosuite.runtime.instrumentation.EvoClassLoader - Keeping class: io.netty.util.internal.shaded.org.jctools.queues.atomic.MpscAtomicArrayQueueL3Pad
18:07:34.298 [main] INFO org.evosuite.runtime.instrumentation.EvoClassLoader - Keeping class: io.netty.util.internal.shaded.org.jctools.queues.atomic.MpscAtomicArrayQueue
18:07:34.299 [main] DEBUG io.netty.util.internal.PlatformDependent - sun.misc.Unsafe: available
18:07:34.299 [main] DEBUG io.netty.util.internal.PlatformDependent - -Dio.netty.tmpdir: /tmp (java.io.tmpdir)
18:07:34.299 [main] DEBUG io.netty.util.internal.PlatformDependent - -Dio.netty.bitMode: 64 (sun.arch.data.model)
18:07:34.300 [main] INFO org.evosuite.runtime.instrumentation.EvoClassLoader - Seeing class for first time: io.netty.util.internal.PlatformDependent$1
18:07:34.300 [main] INFO org.evosuite.runtime.instrumentation.EvoClassLoader - Instrumenting class 'io.netty.util.internal.PlatformDependent$1'.
18:07:34.301 [main] INFO org.evosuite.runtime.instrumentation.MethodCallReplacementClassAdapter - Adding mock interface to class io/netty/util/internal/PlatformDependent$1
18:07:34.302 [main] INFO org.evosuite.runtime.instrumentation.EvoClassLoader - Keeping class: io.netty.util.internal.PlatformDependent$1
18:07:34.302 [main] INFO org.evosuite.runtime.instrumentation.EvoClassLoader - Seeing class for first time: io.netty.util.internal.PlatformDependent$2
18:07:34.302 [main] INFO org.evosuite.runtime.instrumentation.EvoClassLoader - Instrumenting class 'io.netty.util.internal.PlatformDependent$2'.
18:07:34.303 [main] INFO org.evosuite.runtime.instrumentation.MethodCallReplacementClassAdapter - Adding mock interface to class io/netty/util/internal/PlatformDependent$2
18:07:34.304 [main] INFO org.evosuite.runtime.instrumentation.EvoClassLoader - Keeping class: io.netty.util.internal.PlatformDependent$2
18:07:34.304 [main] DEBUG io.netty.util.internal.PlatformDependent - -Dio.netty.maxDirectMemory: 11420041216 bytes
18:07:34.304 [main] DEBUG io.netty.util.internal.PlatformDependent - -Dio.netty.uninitializedArrayAllocationThreshold: -1
18:07:34.304 [main] INFO org.evosuite.runtime.instrumentation.EvoClassLoader - Seeing class for first time: io.netty.util.internal.CleanerJava6
18:07:34.304 [main] INFO org.evosuite.runtime.instrumentation.EvoClassLoader - Instrumenting class 'io.netty.util.internal.CleanerJava6'.
18:07:34.305 [main] INFO org.evosuite.runtime.instrumentation.MethodCallReplacementClassAdapter - Adding mock interface to class io/netty/util/internal/CleanerJava6
18:07:34.305 [main] INFO org.evosuite.runtime.instrumentation.CreateClassResetClassAdapter - Found static initializer in class io/netty/util/internal/CleanerJava6
18:07:34.306 [main] INFO org.evosuite.runtime.instrumentation.EvoClassLoader - Keeping class: io.netty.util.internal.CleanerJava6
18:07:34.306 [main] INFO org.evosuite.runtime.instrumentation.EvoClassLoader - Seeing class for first time: io.netty.util.internal.CleanerJava6$1
18:07:34.306 [main] INFO org.evosuite.runtime.instrumentation.EvoClassLoader - Instrumenting class 'io.netty.util.internal.CleanerJava6$1'.
18:07:34.307 [main] INFO org.evosuite.runtime.instrumentation.MethodCallReplacementClassAdapter - Adding mock interface to class io/netty/util/internal/CleanerJava6$1
18:07:34.308 [main] INFO org.evosuite.runtime.instrumentation.EvoClassLoader - Keeping class: io.netty.util.internal.CleanerJava6$1
18:07:34.309 [main] DEBUG io.netty.util.internal.CleanerJava6 - java.nio.ByteBuffer.cleaner(): available
18:07:34.309 [main] DEBUG io.netty.util.internal.PlatformDependent - -Dio.netty.noPreferDirect: false
18:07:34.309 [main] INFO org.evosuite.runtime.instrumentation.EvoClassLoader - Seeing class for first time: io.netty.util.internal.PlatformDependent$4
18:07:34.309 [main] INFO org.evosuite.runtime.instrumentation.EvoClassLoader - Instrumenting class 'io.netty.util.internal.PlatformDependent$4'.
18:07:34.310 [main] INFO org.evosuite.runtime.instrumentation.MethodCallReplacementClassAdapter - Adding mock interface to class io/netty/util/internal/PlatformDependent$4
18:07:34.315 [main] INFO org.evosuite.runtime.instrumentation.EvoClassLoader - Keeping class: io.netty.util.internal.PlatformDependent$4
18:07:34.318 [main] INFO org.evosuite.runtime.instrumentation.EvoClassLoader - Seeing class for first time: io.netty.buffer.CompositeByteBuf$Component
18:07:34.318 [main] INFO org.evosuite.runtime.instrumentation.EvoClassLoader - Instrumenting class 'io.netty.buffer.CompositeByteBuf$Component'.
18:07:34.319 [main] INFO org.evosuite.runtime.instrumentation.MethodCallReplacementClassAdapter - Adding mock interface to class io/netty/buffer/CompositeByteBuf$Component
18:07:34.320 [main] INFO org.evosuite.runtime.instrumentation.CreateClassResetClassAdapter - Creating brand-new static initializer in class io/netty/buffer/CompositeByteBuf$Component
18:07:34.320 [main] INFO org.evosuite.runtime.instrumentation.EvoClassLoader - Keeping class: io.netty.buffer.CompositeByteBuf$Component
18:07:34.321 [main] INFO org.evosuite.runtime.instrumentation.EvoClassLoader - Seeing class for first time: io.netty.util.concurrent.FastThreadLocalThread
18:07:34.321 [main] INFO org.evosuite.runtime.instrumentation.EvoClassLoader - Instrumenting class 'io.netty.util.concurrent.FastThreadLocalThread'.
18:07:34.322 [main] INFO org.evosuite.runtime.instrumentation.MethodCallReplacementClassAdapter - Adding mock interface to class io/netty/util/concurrent/FastThreadLocalThread
18:07:34.323 [main] INFO org.evosuite.runtime.instrumentation.CreateClassResetClassAdapter - Found static initializer in class io/netty/util/concurrent/FastThreadLocalThread
18:07:34.323 [main] INFO org.evosuite.runtime.instrumentation.EvoClassLoader - Defined package (3): package io.netty.util.concurrent, 1377604431
18:07:34.323 [main] INFO org.evosuite.runtime.instrumentation.EvoClassLoader - Keeping class: io.netty.util.concurrent.FastThreadLocalThread
18:07:34.324 [main] INFO org.evosuite.runtime.instrumentation.EvoClassLoader - Seeing class for first time: io.netty.handler.codec.http.multipart.InterfaceHttpData$HttpDataType
18:07:34.324 [main] INFO org.evosuite.runtime.instrumentation.EvoClassLoader - Instrumenting class 'io.netty.handler.codec.http.multipart.InterfaceHttpData$HttpDataType'.
18:07:34.325 [main] INFO org.evosuite.runtime.instrumentation.MethodCallReplacementClassAdapter - Adding mock interface to class io/netty/handler/codec/http/multipart/InterfaceHttpData$HttpDataType
18:07:34.326 [main] INFO org.evosuite.runtime.instrumentation.CreateClassResetClassAdapter - Found static initializer in class io/netty/handler/codec/http/multipart/InterfaceHttpData$HttpDataType
18:07:34.326 [main] INFO org.evosuite.runtime.instrumentation.EvoClassLoader - Keeping class: io.netty.handler.codec.http.multipart.InterfaceHttpData$HttpDataType
18:07:34.327 [main] INFO org.evosuite.runtime.instrumentation.EvoClassLoader - Seeing class for first time: io.netty.handler.codec.http.multipart.AbstractDiskHttpData
18:07:34.328 [main] INFO org.evosuite.runtime.instrumentation.EvoClassLoader - Instrumenting class 'io.netty.handler.codec.http.multipart.AbstractDiskHttpData'.
18:07:34.329 [main] INFO org.evosuite.runtime.instrumentation.MethodCallReplacementClassAdapter - Adding mock interface to class io/netty/handler/codec/http/multipart/AbstractDiskHttpData
18:07:34.340 [main] INFO org.evosuite.runtime.instrumentation.CreateClassResetClassAdapter - Found static initializer in class io/netty/handler/codec/http/multipart/AbstractDiskHttpData
18:07:34.341 [main] INFO org.evosuite.runtime.instrumentation.EvoClassLoader - Seeing class for first time: io.netty.handler.codec.http.multipart.AbstractHttpData
18:07:34.341 [main] INFO org.evosuite.runtime.instrumentation.EvoClassLoader - Instrumenting class 'io.netty.handler.codec.http.multipart.AbstractHttpData'.
18:07:34.341 [main] INFO org.evosuite.runtime.instrumentation.MethodCallReplacementClassAdapter - Adding mock interface to class io/netty/handler/codec/http/multipart/AbstractHttpData
18:07:34.343 [main] INFO org.evosuite.runtime.instrumentation.CreateClassResetClassAdapter - Found static initializer in class io/netty/handler/codec/http/multipart/AbstractHttpData
18:07:34.343 [main] INFO org.evosuite.runtime.instrumentation.EvoClassLoader - Seeing class for first time: io.netty.util.AbstractReferenceCounted
18:07:34.343 [main] INFO org.evosuite.runtime.instrumentation.EvoClassLoader - Instrumenting class 'io.netty.util.AbstractReferenceCounted'.
18:07:34.344 [main] INFO org.evosuite.runtime.instrumentation.MethodCallReplacementClassAdapter - Adding mock interface to class io/netty/util/AbstractReferenceCounted
18:07:34.344 [main] INFO org.evosuite.runtime.instrumentation.CreateClassResetClassAdapter - Found static initializer in class io/netty/util/AbstractReferenceCounted
18:07:34.344 [main] INFO org.evosuite.runtime.instrumentation.EvoClassLoader - Keeping class: io.netty.util.AbstractReferenceCounted
18:07:34.345 [main] INFO org.evosuite.runtime.instrumentation.EvoClassLoader - Keeping class: io.netty.handler.codec.http.multipart.AbstractHttpData
18:07:34.345 [main] INFO org.evosuite.runtime.instrumentation.EvoClassLoader - Keeping class: io.netty.handler.codec.http.multipart.AbstractDiskHttpData
18:07:34.345 [main] INFO org.evosuite.runtime.instrumentation.EvoClassLoader - Seeing class for first time: io.netty.util.AbstractReferenceCounted$1
18:07:34.345 [main] INFO org.evosuite.runtime.instrumentation.EvoClassLoader - Instrumenting class 'io.netty.util.AbstractReferenceCounted$1'.
18:07:34.345 [main] INFO org.evosuite.runtime.instrumentation.MethodCallReplacementClassAdapter - Adding mock interface to class io/netty/util/AbstractReferenceCounted$1
18:07:34.346 [main] INFO org.evosuite.runtime.instrumentation.EvoClassLoader - Keeping class: io.netty.util.AbstractReferenceCounted$1
18:07:34.346 [main] INFO org.evosuite.runtime.instrumentation.EvoClassLoader - Seeing class for first time: io.netty.channel.ChannelException
18:07:34.346 [main] INFO org.evosuite.runtime.instrumentation.EvoClassLoader - Instrumenting class 'io.netty.channel.ChannelException'.
18:07:34.346 [main] INFO org.evosuite.runtime.instrumentation.MethodCallReplacementClassAdapter - Adding mock interface to class io/netty/channel/ChannelException
18:07:34.347 [main] INFO org.evosuite.runtime.instrumentation.CreateClassResetClassAdapter - Found static initializer in class io/netty/channel/ChannelException
18:07:34.347 [main] INFO org.evosuite.runtime.instrumentation.EvoClassLoader - Defined package (3): package io.netty.channel, -1443455697
18:07:34.347 [main] INFO org.evosuite.runtime.instrumentation.EvoClassLoader - Keeping class: io.netty.channel.ChannelException
18:07:34.350 [main] INFO org.evosuite.runtime.instrumentation.EvoClassLoader - Seeing class for first time: io.netty.buffer.UnpooledByteBufAllocator$InstrumentedUnpooledUnsafeNoCleanerDirectByteBuf
18:07:34.350 [main] INFO org.evosuite.runtime.instrumentation.EvoClassLoader - Instrumenting class 'io.netty.buffer.UnpooledByteBufAllocator$InstrumentedUnpooledUnsafeNoCleanerDirectByteBuf'.
18:07:34.351 [main] INFO org.evosuite.runtime.instrumentation.MethodCallReplacementClassAdapter - Adding mock interface to class io/netty/buffer/UnpooledByteBufAllocator$InstrumentedUnpooledUnsafeNoCleanerDirectByteBuf
18:07:34.352 [main] INFO org.evosuite.runtime.instrumentation.CreateClassResetClassAdapter - Creating brand-new static initializer in class io/netty/buffer/UnpooledByteBufAllocator$InstrumentedUnpooledUnsafeNoCleanerDirectByteBuf
18:07:34.352 [main] INFO org.evosuite.runtime.instrumentation.EvoClassLoader - Seeing class for first time: io.netty.buffer.UnpooledUnsafeNoCleanerDirectByteBuf
18:07:34.352 [main] INFO org.evosuite.runtime.instrumentation.EvoClassLoader - Instrumenting class 'io.netty.buffer.UnpooledUnsafeNoCleanerDirectByteBuf'.
18:07:34.353 [main] INFO org.evosuite.runtime.instrumentation.MethodCallReplacementClassAdapter - Adding mock interface to class io/netty/buffer/UnpooledUnsafeNoCleanerDirectByteBuf
18:07:34.353 [main] INFO org.evosuite.runtime.instrumentation.CreateClassResetClassAdapter - Creating brand-new static initializer in class io/netty/buffer/UnpooledUnsafeNoCleanerDirectByteBuf
18:07:34.354 [main] INFO org.evosuite.runtime.instrumentation.EvoClassLoader - Seeing class for first time: io.netty.buffer.UnpooledUnsafeDirectByteBuf
18:07:34.354 [main] INFO org.evosuite.runtime.instrumentation.EvoClassLoader - Instrumenting class 'io.netty.buffer.UnpooledUnsafeDirectByteBuf'.
18:07:34.355 [main] INFO org.evosuite.runtime.instrumentation.MethodCallReplacementClassAdapter - Adding mock interface to class io/netty/buffer/UnpooledUnsafeDirectByteBuf
18:07:34.356 [main] INFO org.evosuite.runtime.instrumentation.CreateClassResetClassAdapter - Creating brand-new static initializer in class io/netty/buffer/UnpooledUnsafeDirectByteBuf
18:07:34.357 [main] INFO org.evosuite.runtime.instrumentation.EvoClassLoader - Keeping class: io.netty.buffer.UnpooledUnsafeDirectByteBuf
18:07:34.357 [main] INFO org.evosuite.runtime.instrumentation.EvoClassLoader - Keeping class: io.netty.buffer.UnpooledUnsafeNoCleanerDirectByteBuf
18:07:34.358 [main] INFO org.evosuite.runtime.instrumentation.EvoClassLoader - Keeping class: io.netty.buffer.UnpooledByteBufAllocator$InstrumentedUnpooledUnsafeNoCleanerDirectByteBuf
18:07:34.358 [main] INFO org.evosuite.runtime.instrumentation.EvoClassLoader - Seeing class for first time: io.netty.buffer.UnsafeDirectSwappedByteBuf
18:07:34.358 [main] INFO org.evosuite.runtime.instrumentation.EvoClassLoader - Instrumenting class 'io.netty.buffer.UnsafeDirectSwappedByteBuf'.
18:07:34.359 [main] INFO org.evosuite.runtime.instrumentation.MethodCallReplacementClassAdapter - Adding mock interface to class io/netty/buffer/UnsafeDirectSwappedByteBuf
18:07:34.360 [main] INFO org.evosuite.runtime.instrumentation.CreateClassResetClassAdapter - Creating brand-new static initializer in class io/netty/buffer/UnsafeDirectSwappedByteBuf
18:07:34.360 [main] INFO org.evosuite.runtime.instrumentation.EvoClassLoader - Seeing class for first time: io.netty.buffer.AbstractUnsafeSwappedByteBuf
18:07:34.360 [main] INFO org.evosuite.runtime.instrumentation.EvoClassLoader - Instrumenting class 'io.netty.buffer.AbstractUnsafeSwappedByteBuf'.
18:07:34.361 [main] INFO org.evosuite.runtime.instrumentation.MethodCallReplacementClassAdapter - Adding mock interface to class io/netty/buffer/AbstractUnsafeSwappedByteBuf
18:07:34.362 [main] INFO org.evosuite.runtime.instrumentation.CreateClassResetClassAdapter - Found static initializer in class io/netty/buffer/AbstractUnsafeSwappedByteBuf
18:07:34.363 [main] INFO org.evosuite.runtime.instrumentation.EvoClassLoader - Keeping class: io.netty.buffer.AbstractUnsafeSwappedByteBuf
18:07:34.363 [main] INFO org.evosuite.runtime.instrumentation.EvoClassLoader - Keeping class: io.netty.buffer.UnsafeDirectSwappedByteBuf
18:07:34.365 [main] INFO org.evosuite.runtime.instrumentation.EvoClassLoader - Seeing class for first time: io.netty.util.internal.ObjectPool$RecyclerObjectPool
18:07:34.370 [main] INFO org.evosuite.runtime.instrumentation.EvoClassLoader - Instrumenting class 'io.netty.util.internal.ObjectPool$RecyclerObjectPool'.
18:07:34.372 [main] INFO org.evosuite.runtime.instrumentation.MethodCallReplacementClassAdapter - Adding mock interface to class io/netty/util/internal/ObjectPool$RecyclerObjectPool
18:07:34.373 [main] INFO org.evosuite.runtime.instrumentation.CreateClassResetClassAdapter - Creating brand-new static initializer in class io/netty/util/internal/ObjectPool$RecyclerObjectPool
18:07:34.373 [main] INFO org.evosuite.runtime.instrumentation.EvoClassLoader - Seeing class for first time: io.netty.util.internal.ObjectPool
18:07:34.373 [main] INFO org.evosuite.runtime.instrumentation.EvoClassLoader - Instrumenting class 'io.netty.util.internal.ObjectPool'.
18:07:34.374 [main] INFO org.evosuite.runtime.instrumentation.MethodCallReplacementClassAdapter - Adding mock interface to class io/netty/util/internal/ObjectPool
18:07:34.375 [main] INFO org.evosuite.runtime.instrumentation.CreateClassResetClassAdapter - Creating brand-new static initializer in class io/netty/util/internal/ObjectPool
18:07:34.375 [main] INFO org.evosuite.runtime.instrumentation.EvoClassLoader - Keeping class: io.netty.util.internal.ObjectPool
18:07:34.376 [main] INFO org.evosuite.runtime.instrumentation.EvoClassLoader - Keeping class: io.netty.util.internal.ObjectPool$RecyclerObjectPool
18:07:34.376 [main] INFO org.evosuite.runtime.instrumentation.EvoClassLoader - Seeing class for first time: io.netty.util.Recycler
18:07:34.376 [main] INFO org.evosuite.runtime.instrumentation.EvoClassLoader - Instrumenting class 'io.netty.util.Recycler'.
18:07:34.377 [main] INFO org.evosuite.runtime.instrumentation.MethodCallReplacementClassAdapter - Adding mock interface to class io/netty/util/Recycler
18:07:34.378 [main] INFO org.evosuite.runtime.instrumentation.CreateClassResetClassAdapter - Found static initializer in class io/netty/util/Recycler
18:07:34.379 [main] INFO org.evosuite.runtime.instrumentation.EvoClassLoader - Keeping class: io.netty.util.Recycler
18:07:34.380 [main] INFO org.evosuite.runtime.instrumentation.EvoClassLoader - Seeing class for first time: io.netty.util.internal.ObjectPool$RecyclerObjectPool$1
18:07:34.380 [main] INFO org.evosuite.runtime.instrumentation.EvoClassLoader - Instrumenting class 'io.netty.util.internal.ObjectPool$RecyclerObjectPool$1'.
18:07:34.381 [main] INFO org.evosuite.runtime.instrumentation.MethodCallReplacementClassAdapter - Adding mock interface to class io/netty/util/internal/ObjectPool$RecyclerObjectPool$1
18:07:34.382 [main] INFO org.evosuite.runtime.instrumentation.EvoClassLoader - Keeping class: io.netty.util.internal.ObjectPool$RecyclerObjectPool$1
18:07:34.383 [main] INFO org.evosuite.runtime.instrumentation.EvoClassLoader - Seeing class for first time: io.netty.util.internal.shaded.org.jctools.queues.atomic.LinkedQueueAtomicNode
18:07:34.383 [main] INFO org.evosuite.runtime.instrumentation.EvoClassLoader - Instrumenting class 'io.netty.util.internal.shaded.org.jctools.queues.atomic.LinkedQueueAtomicNode'.
18:07:34.384 [main] INFO org.evosuite.runtime.instrumentation.MethodCallReplacementClassAdapter - Adding mock interface to class io/netty/util/internal/shaded/org/jctools/queues/atomic/LinkedQueueAtomicNode
18:07:34.385 [main] INFO org.evosuite.runtime.instrumentation.CreateClassResetClassAdapter - Creating brand-new static initializer in class io/netty/util/internal/shaded/org/jctools/queues/atomic/LinkedQueueAtomicNode
18:07:34.385 [main] INFO org.evosuite.runtime.instrumentation.EvoClassLoader - Keeping class: io.netty.util.internal.shaded.org.jctools.queues.atomic.LinkedQueueAtomicNode
18:07:34.386 [main] INFO org.evosuite.runtime.instrumentation.EvoClassLoader - Seeing class for first time: io.netty.buffer.PooledByteBufAllocator
18:07:34.386 [main] INFO org.evosuite.runtime.instrumentation.EvoClassLoader - Instrumenting class 'io.netty.buffer.PooledByteBufAllocator'.
18:07:34.388 [main] INFO org.evosuite.runtime.instrumentation.MethodCallReplacementClassAdapter - Adding mock interface to class io/netty/buffer/PooledByteBufAllocator
18:07:34.406 [main] INFO org.evosuite.runtime.instrumentation.CreateClassResetClassAdapter - Found static initializer in class io/netty/buffer/PooledByteBufAllocator
18:07:34.408 [main] INFO org.evosuite.runtime.instrumentation.EvoClassLoader - Seeing class for first time: io.netty.buffer.ByteBufAllocatorMetricProvider
18:07:34.408 [main] INFO org.evosuite.runtime.instrumentation.EvoClassLoader - Instrumenting class 'io.netty.buffer.ByteBufAllocatorMetricProvider'.
18:07:34.410 [main] INFO org.evosuite.runtime.instrumentation.EvoClassLoader - Keeping class: io.netty.buffer.ByteBufAllocatorMetricProvider
18:07:34.410 [main] INFO org.evosuite.runtime.instrumentation.EvoClassLoader - Seeing class for first time: io.netty.buffer.AbstractByteBufAllocator
18:07:34.410 [main] INFO org.evosuite.runtime.instrumentation.EvoClassLoader - Instrumenting class 'io.netty.buffer.AbstractByteBufAllocator'.
18:07:34.411 [main] INFO org.evosuite.runtime.instrumentation.MethodCallReplacementClassAdapter - Adding mock interface to class io/netty/buffer/AbstractByteBufAllocator
18:07:34.436 [main] INFO org.evosuite.runtime.instrumentation.CreateClassResetClassAdapter - Found static initializer in class io/netty/buffer/AbstractByteBufAllocator
18:07:34.437 [main] INFO org.evosuite.runtime.instrumentation.EvoClassLoader - Keeping class: io.netty.buffer.AbstractByteBufAllocator
18:07:34.437 [main] INFO org.evosuite.runtime.instrumentation.EvoClassLoader - Keeping class: io.netty.buffer.PooledByteBufAllocator
18:07:34.437 [main] INFO org.evosuite.runtime.instrumentation.EvoClassLoader - Seeing class for first time: io.netty.buffer.SimpleLeakAwareByteBuf
18:07:34.437 [main] INFO org.evosuite.runtime.instrumentation.EvoClassLoader - Instrumenting class 'io.netty.buffer.SimpleLeakAwareByteBuf'.
18:07:34.438 [main] INFO org.evosuite.runtime.instrumentation.MethodCallReplacementClassAdapter - Adding mock interface to class io/netty/buffer/SimpleLeakAwareByteBuf
18:07:34.439 [main] INFO org.evosuite.runtime.instrumentation.CreateClassResetClassAdapter - Found static initializer in class io/netty/buffer/SimpleLeakAwareByteBuf
18:07:34.440 [main] INFO org.evosuite.runtime.instrumentation.EvoClassLoader - Seeing class for first time: io.netty.buffer.WrappedByteBuf
18:07:34.440 [main] INFO org.evosuite.runtime.instrumentation.EvoClassLoader - Instrumenting class 'io.netty.buffer.WrappedByteBuf'.
18:07:34.442 [main] INFO org.evosuite.runtime.instrumentation.MethodCallReplacementClassAdapter - Adding mock interface to class io/netty/buffer/WrappedByteBuf
18:07:34.448 [main] INFO org.evosuite.runtime.instrumentation.CreateClassResetClassAdapter - Creating brand-new static initializer in class io/netty/buffer/WrappedByteBuf
18:07:34.449 [main] INFO org.evosuite.runtime.instrumentation.EvoClassLoader - Keeping class: io.netty.buffer.WrappedByteBuf
18:07:34.449 [main] INFO org.evosuite.runtime.instrumentation.EvoClassLoader - Keeping class: io.netty.buffer.SimpleLeakAwareByteBuf
18:07:34.449 [main] INFO org.evosuite.runtime.instrumentation.EvoClassLoader - Seeing class for first time: io.netty.buffer.AdvancedLeakAwareByteBuf
18:07:34.449 [main] INFO org.evosuite.runtime.instrumentation.EvoClassLoader - Instrumenting class 'io.netty.buffer.AdvancedLeakAwareByteBuf'.
18:07:34.451 [main] INFO org.evosuite.runtime.instrumentation.MethodCallReplacementClassAdapter - Adding mock interface to class io/netty/buffer/AdvancedLeakAwareByteBuf
18:07:34.456 [main] INFO org.evosuite.runtime.instrumentation.CreateClassResetClassAdapter - Found static initializer in class io/netty/buffer/AdvancedLeakAwareByteBuf
18:07:34.457 [main] INFO org.evosuite.runtime.instrumentation.EvoClassLoader - Keeping class: io.netty.buffer.AdvancedLeakAwareByteBuf
18:07:34.458 [main] INFO org.evosuite.runtime.instrumentation.EvoClassLoader - Seeing class for first time: io.netty.buffer.SimpleLeakAwareCompositeByteBuf
18:07:34.458 [main] INFO org.evosuite.runtime.instrumentation.EvoClassLoader - Instrumenting class 'io.netty.buffer.SimpleLeakAwareCompositeByteBuf'.
18:07:34.459 [main] INFO org.evosuite.runtime.instrumentation.MethodCallReplacementClassAdapter - Adding mock interface to class io/netty/buffer/SimpleLeakAwareCompositeByteBuf
18:07:34.460 [main] INFO org.evosuite.runtime.instrumentation.CreateClassResetClassAdapter - Found static initializer in class io/netty/buffer/SimpleLeakAwareCompositeByteBuf
18:07:34.460 [main] INFO org.evosuite.runtime.instrumentation.EvoClassLoader - Seeing class for first time: io.netty.buffer.WrappedCompositeByteBuf
18:07:34.460 [main] INFO org.evosuite.runtime.instrumentation.EvoClassLoader - Instrumenting class 'io.netty.buffer.WrappedCompositeByteBuf'.
18:07:34.462 [main] INFO org.evosuite.runtime.instrumentation.MethodCallReplacementClassAdapter - Adding mock interface to class io/netty/buffer/WrappedCompositeByteBuf
18:07:34.468 [main] INFO org.evosuite.runtime.instrumentation.CreateClassResetClassAdapter - Creating brand-new static initializer in class io/netty/buffer/WrappedCompositeByteBuf
18:07:34.469 [main] INFO org.evosuite.runtime.instrumentation.EvoClassLoader - Keeping class: io.netty.buffer.WrappedCompositeByteBuf
18:07:34.469 [main] INFO org.evosuite.runtime.instrumentation.EvoClassLoader - Keeping class: io.netty.buffer.SimpleLeakAwareCompositeByteBuf
18:07:34.469 [main] INFO org.evosuite.runtime.instrumentation.EvoClassLoader - Seeing class for first time: io.netty.buffer.AdvancedLeakAwareCompositeByteBuf
18:07:34.469 [main] INFO org.evosuite.runtime.instrumentation.EvoClassLoader - Instrumenting class 'io.netty.buffer.AdvancedLeakAwareCompositeByteBuf'.
18:07:34.470 [main] INFO org.evosuite.runtime.instrumentation.MethodCallReplacementClassAdapter - Adding mock interface to class io/netty/buffer/AdvancedLeakAwareCompositeByteBuf
18:07:34.472 [main] INFO org.evosuite.runtime.instrumentation.CreateClassResetClassAdapter - Creating brand-new static initializer in class io/netty/buffer/AdvancedLeakAwareCompositeByteBuf
18:07:34.473 [main] INFO org.evosuite.runtime.instrumentation.EvoClassLoader - Keeping class: io.netty.buffer.AdvancedLeakAwareCompositeByteBuf
18:07:34.473 [main] INFO org.evosuite.runtime.instrumentation.EvoClassLoader - Seeing class for first time: io.netty.buffer.EmptyByteBuf
18:07:34.473 [main] INFO org.evosuite.runtime.instrumentation.EvoClassLoader - Instrumenting class 'io.netty.buffer.EmptyByteBuf'.
18:07:34.475 [main] INFO org.evosuite.runtime.instrumentation.MethodCallReplacementClassAdapter - Adding mock interface to class io/netty/buffer/EmptyByteBuf
18:07:34.477 [main] INFO org.evosuite.runtime.instrumentation.CreateClassResetClassAdapter - Found static initializer in class io/netty/buffer/EmptyByteBuf
18:07:34.478 [main] INFO org.evosuite.runtime.instrumentation.EvoClassLoader - Keeping class: io.netty.buffer.EmptyByteBuf
18:07:34.478 [main] INFO org.evosuite.runtime.instrumentation.EvoClassLoader - Seeing class for first time: io.netty.buffer.PooledByteBuf
18:07:34.478 [main] INFO org.evosuite.runtime.instrumentation.EvoClassLoader - Instrumenting class 'io.netty.buffer.PooledByteBuf'.
18:07:34.479 [main] INFO org.evosuite.runtime.instrumentation.MethodCallReplacementClassAdapter - Adding mock interface to class io/netty/buffer/PooledByteBuf
18:07:34.480 [main] INFO org.evosuite.runtime.instrumentation.CreateClassResetClassAdapter - Found static initializer in class io/netty/buffer/PooledByteBuf
18:07:34.480 [main] INFO org.evosuite.runtime.instrumentation.EvoClassLoader - Keeping class: io.netty.buffer.PooledByteBuf
18:07:34.481 [main] INFO org.evosuite.runtime.instrumentation.EvoClassLoader - Seeing class for first time: io.netty.buffer.ByteBufAllocatorMetric
18:07:34.481 [main] INFO org.evosuite.runtime.instrumentation.EvoClassLoader - Instrumenting class 'io.netty.buffer.ByteBufAllocatorMetric'.
18:07:34.482 [main] INFO org.evosuite.runtime.instrumentation.EvoClassLoader - Keeping class: io.netty.buffer.ByteBufAllocatorMetric
18:07:34.482 [main] INFO org.evosuite.runtime.instrumentation.EvoClassLoader - Seeing class for first time: io.netty.buffer.UnpooledHeapByteBuf
18:07:34.482 [main] INFO org.evosuite.runtime.instrumentation.EvoClassLoader - Instrumenting class 'io.netty.buffer.UnpooledHeapByteBuf'.
18:07:34.483 [main] INFO org.evosuite.runtime.instrumentation.MethodCallReplacementClassAdapter - Adding mock interface to class io/netty/buffer/UnpooledHeapByteBuf
18:07:34.487 [main] INFO org.evosuite.runtime.instrumentation.CreateClassResetClassAdapter - Creating brand-new static initializer in class io/netty/buffer/UnpooledHeapByteBuf
18:07:34.488 [main] INFO org.evosuite.runtime.instrumentation.EvoClassLoader - Keeping class: io.netty.buffer.UnpooledHeapByteBuf
18:07:34.488 [main] INFO org.evosuite.runtime.instrumentation.EvoClassLoader - Seeing class for first time: io.netty.buffer.UnpooledUnsafeHeapByteBuf
18:07:34.488 [main] INFO org.evosuite.runtime.instrumentation.EvoClassLoader - Instrumenting class 'io.netty.buffer.UnpooledUnsafeHeapByteBuf'.
18:07:34.490 [main] INFO org.evosuite.runtime.instrumentation.MethodCallReplacementClassAdapter - Adding mock interface to class io/netty/buffer/UnpooledUnsafeHeapByteBuf
18:07:34.491 [main] INFO org.evosuite.runtime.instrumentation.CreateClassResetClassAdapter - Creating brand-new static initializer in class io/netty/buffer/UnpooledUnsafeHeapByteBuf
18:07:34.492 [main] INFO org.evosuite.runtime.instrumentation.EvoClassLoader - Keeping class: io.netty.buffer.UnpooledUnsafeHeapByteBuf
18:07:34.500 [main] INFO org.evosuite.runtime.instrumentation.EvoClassLoader - Seeing class for first time: io.netty.util.NettyRuntime
18:07:34.500 [main] INFO org.evosuite.runtime.instrumentation.EvoClassLoader - Instrumenting class 'io.netty.util.NettyRuntime'.
18:07:34.500 [main] INFO org.evosuite.runtime.instrumentation.MethodCallReplacementClassAdapter - Adding mock interface to class io/netty/util/NettyRuntime
18:07:34.501 [main] INFO org.evosuite.runtime.instrumentation.CreateClassResetClassAdapter - Found static initializer in class io/netty/util/NettyRuntime
18:07:34.501 [main] INFO org.evosuite.runtime.instrumentation.EvoClassLoader - Keeping class: io.netty.util.NettyRuntime
18:07:34.501 [main] INFO org.evosuite.runtime.instrumentation.EvoClassLoader - Seeing class for first time: io.netty.util.NettyRuntime$AvailableProcessorsHolder
18:07:34.501 [main] INFO org.evosuite.runtime.instrumentation.EvoClassLoader - Instrumenting class 'io.netty.util.NettyRuntime$AvailableProcessorsHolder'.
18:07:34.502 [main] INFO org.evosuite.runtime.instrumentation.MethodCallReplacementClassAdapter - Adding mock interface to class io/netty/util/NettyRuntime$AvailableProcessorsHolder
18:07:34.505 [main] INFO org.evosuite.runtime.instrumentation.CreateClassResetClassAdapter - Creating brand-new static initializer in class io/netty/util/NettyRuntime$AvailableProcessorsHolder
18:07:34.505 [main] INFO org.evosuite.runtime.instrumentation.EvoClassLoader - Keeping class: io.netty.util.NettyRuntime$AvailableProcessorsHolder
18:07:34.506 [main] DEBUG io.netty.buffer.PooledByteBufAllocator - -Dio.netty.allocator.numHeapArenas: 0
18:07:34.506 [main] DEBUG io.netty.buffer.PooledByteBufAllocator - -Dio.netty.allocator.numDirectArenas: 2
18:07:34.507 [main] DEBUG io.netty.buffer.PooledByteBufAllocator - -Dio.netty.allocator.pageSize: 8192
18:07:34.507 [main] DEBUG io.netty.buffer.PooledByteBufAllocator - -Dio.netty.allocator.maxOrder: 9
18:07:34.507 [main] DEBUG io.netty.buffer.PooledByteBufAllocator - -Dio.netty.allocator.chunkSize: 4194304
18:07:34.507 [main] DEBUG io.netty.buffer.PooledByteBufAllocator - -Dio.netty.allocator.smallCacheSize: 256
18:07:34.507 [main] DEBUG io.netty.buffer.PooledByteBufAllocator - -Dio.netty.allocator.normalCacheSize: 64
18:07:34.507 [main] DEBUG io.netty.buffer.PooledByteBufAllocator - -Dio.netty.allocator.maxCachedBufferCapacity: 32768
18:07:34.507 [main] DEBUG io.netty.buffer.PooledByteBufAllocator - -Dio.netty.allocator.cacheTrimInterval: 8192
18:07:34.507 [main] DEBUG io.netty.buffer.PooledByteBufAllocator - -Dio.netty.allocator.cacheTrimIntervalMillis: 0
18:07:34.507 [main] DEBUG io.netty.buffer.PooledByteBufAllocator - -Dio.netty.allocator.useCacheForAllThreads: false
18:07:34.507 [main] DEBUG io.netty.buffer.PooledByteBufAllocator - -Dio.netty.allocator.maxCachedByteBuffersPerChunk: 1023
18:07:34.509 [main] INFO org.evosuite.runtime.instrumentation.EvoClassLoader - Seeing class for first time: io.netty.buffer.PooledByteBufAllocator$1
18:07:34.509 [main] INFO org.evosuite.runtime.instrumentation.EvoClassLoader - Instrumenting class 'io.netty.buffer.PooledByteBufAllocator$1'.
18:07:34.510 [main] INFO org.evosuite.runtime.instrumentation.MethodCallReplacementClassAdapter - Adding mock interface to class io/netty/buffer/PooledByteBufAllocator$1
18:07:34.511 [main] INFO org.evosuite.runtime.instrumentation.EvoClassLoader - Keeping class: io.netty.buffer.PooledByteBufAllocator$1
18:07:34.511 [main] INFO org.evosuite.runtime.instrumentation.EvoClassLoader - Seeing class for first time: io.netty.buffer.PooledByteBufAllocator$PoolThreadLocalCache
18:07:34.511 [main] INFO org.evosuite.runtime.instrumentation.EvoClassLoader - Instrumenting class 'io.netty.buffer.PooledByteBufAllocator$PoolThreadLocalCache'.
18:07:34.512 [main] INFO org.evosuite.runtime.instrumentation.MethodCallReplacementClassAdapter - Adding mock interface to class io/netty/buffer/PooledByteBufAllocator$PoolThreadLocalCache
18:07:34.513 [main] INFO org.evosuite.runtime.instrumentation.CreateClassResetClassAdapter - Creating brand-new static initializer in class io/netty/buffer/PooledByteBufAllocator$PoolThreadLocalCache
18:07:34.514 [main] INFO org.evosuite.runtime.instrumentation.EvoClassLoader - Seeing class for first time: io.netty.util.concurrent.FastThreadLocal
18:07:34.514 [main] INFO org.evosuite.runtime.instrumentation.EvoClassLoader - Instrumenting class 'io.netty.util.concurrent.FastThreadLocal'.
18:07:34.515 [main] INFO org.evosuite.runtime.instrumentation.MethodCallReplacementClassAdapter - Adding mock interface to class io/netty/util/concurrent/FastThreadLocal
18:07:34.518 [main] INFO org.evosuite.runtime.instrumentation.CreateClassResetClassAdapter - Creating brand-new static initializer in class io/netty/util/concurrent/FastThreadLocal
18:07:34.519 [main] INFO org.evosuite.runtime.instrumentation.EvoClassLoader - Keeping class: io.netty.util.concurrent.FastThreadLocal
18:07:34.519 [main] INFO org.evosuite.runtime.instrumentation.EvoClassLoader - Keeping class: io.netty.buffer.PooledByteBufAllocator$PoolThreadLocalCache
18:07:34.519 [main] INFO org.evosuite.runtime.instrumentation.EvoClassLoader - Seeing class for first time: io.netty.util.internal.InternalThreadLocalMap
18:07:34.519 [main] INFO org.evosuite.runtime.instrumentation.EvoClassLoader - Instrumenting class 'io.netty.util.internal.InternalThreadLocalMap'.
18:07:34.520 [main] INFO org.evosuite.runtime.instrumentation.MethodCallReplacementClassAdapter - Adding mock interface to class io/netty/util/internal/InternalThreadLocalMap
18:07:34.522 [main] INFO org.evosuite.runtime.instrumentation.CreateClassResetClassAdapter - Found static initializer in class io/netty/util/internal/InternalThreadLocalMap
18:07:34.523 [main] INFO org.evosuite.runtime.instrumentation.EvoClassLoader - Seeing class for first time: io.netty.util.internal.UnpaddedInternalThreadLocalMap
18:07:34.523 [main] INFO org.evosuite.runtime.instrumentation.EvoClassLoader - Instrumenting class 'io.netty.util.internal.UnpaddedInternalThreadLocalMap'.
18:07:34.523 [main] INFO org.evosuite.runtime.instrumentation.MethodCallReplacementClassAdapter - Adding mock interface to class io/netty/util/internal/UnpaddedInternalThreadLocalMap
18:07:34.524 [main] INFO org.evosuite.runtime.instrumentation.CreateClassResetClassAdapter - Creating brand-new static initializer in class io/netty/util/internal/UnpaddedInternalThreadLocalMap
18:07:34.525 [main] INFO org.evosuite.runtime.instrumentation.EvoClassLoader - Keeping class: io.netty.util.internal.UnpaddedInternalThreadLocalMap
18:07:34.526 [main] INFO org.evosuite.runtime.instrumentation.EvoClassLoader - Keeping class: io.netty.util.internal.InternalThreadLocalMap
18:07:34.527 [main] DEBUG io.netty.util.internal.InternalThreadLocalMap - -Dio.netty.threadLocalMap.stringBuilder.initialSize: 1024
18:07:34.527 [main] DEBUG io.netty.util.internal.InternalThreadLocalMap - -Dio.netty.threadLocalMap.stringBuilder.maxSize: 4096
18:07:34.527 [main] INFO org.evosuite.runtime.instrumentation.EvoClassLoader - Seeing class for first time: io.netty.buffer.PoolArena
18:07:34.527 [main] INFO org.evosuite.runtime.instrumentation.EvoClassLoader - Instrumenting class 'io.netty.buffer.PoolArena'.
18:07:34.529 [main] INFO org.evosuite.runtime.instrumentation.MethodCallReplacementClassAdapter - Adding mock interface to class io/netty/buffer/PoolArena
18:07:34.534 [main] INFO org.evosuite.runtime.instrumentation.CreateClassResetClassAdapter - Found static initializer in class io/netty/buffer/PoolArena
18:07:34.536 [main] INFO org.evosuite.runtime.instrumentation.EvoClassLoader - Seeing class for first time: io.netty.buffer.PoolArenaMetric
18:07:34.536 [main] INFO org.evosuite.runtime.instrumentation.EvoClassLoader - Instrumenting class 'io.netty.buffer.PoolArenaMetric'.
18:07:34.537 [main] INFO org.evosuite.runtime.instrumentation.EvoClassLoader - Seeing class for first time: io.netty.buffer.SizeClassesMetric
18:07:34.537 [main] INFO org.evosuite.runtime.instrumentation.EvoClassLoader - Instrumenting class 'io.netty.buffer.SizeClassesMetric'.
18:07:34.538 [main] INFO org.evosuite.runtime.instrumentation.EvoClassLoader - Keeping class: io.netty.buffer.SizeClassesMetric
18:07:34.538 [main] INFO org.evosuite.runtime.instrumentation.EvoClassLoader - Keeping class: io.netty.buffer.PoolArenaMetric
18:07:34.539 [main] INFO org.evosuite.runtime.instrumentation.EvoClassLoader - Keeping class: io.netty.buffer.PoolArena
18:07:34.539 [main] INFO org.evosuite.runtime.instrumentation.EvoClassLoader - Seeing class for first time: io.netty.buffer.SizeClasses
18:07:34.539 [main] INFO org.evosuite.runtime.instrumentation.EvoClassLoader - Instrumenting class 'io.netty.buffer.SizeClasses'.
18:07:34.540 [main] INFO org.evosuite.runtime.instrumentation.MethodCallReplacementClassAdapter - Adding mock interface to class io/netty/buffer/SizeClasses
18:07:34.543 [main] INFO org.evosuite.runtime.instrumentation.CreateClassResetClassAdapter - Found static initializer in class io/netty/buffer/SizeClasses
18:07:34.544 [main] INFO org.evosuite.runtime.instrumentation.EvoClassLoader - Keeping class: io.netty.buffer.SizeClasses
18:07:34.545 [main] INFO org.evosuite.runtime.instrumentation.EvoClassLoader - Seeing class for first time: io.netty.buffer.PoolThreadCache
18:07:34.545 [main] INFO org.evosuite.runtime.instrumentation.EvoClassLoader - Instrumenting class 'io.netty.buffer.PoolThreadCache'.
18:07:34.546 [main] INFO org.evosuite.runtime.instrumentation.MethodCallReplacementClassAdapter - Adding mock interface to class io/netty/buffer/PoolThreadCache
18:07:34.551 [main] INFO org.evosuite.runtime.instrumentation.CreateClassResetClassAdapter - Found static initializer in class io/netty/buffer/PoolThreadCache
18:07:34.552 [main] INFO org.evosuite.runtime.instrumentation.EvoClassLoader - Keeping class: io.netty.buffer.PoolThreadCache
18:07:34.552 [main] INFO org.evosuite.runtime.instrumentation.EvoClassLoader - Seeing class for first time: io.netty.buffer.PoolArena$DirectArena
18:07:34.552 [main] INFO org.evosuite.runtime.instrumentation.EvoClassLoader - Instrumenting class 'io.netty.buffer.PoolArena$DirectArena'.
18:07:34.553 [main] INFO org.evosuite.runtime.instrumentation.MethodCallReplacementClassAdapter - Adding mock interface to class io/netty/buffer/PoolArena$DirectArena
18:07:34.553 [main] INFO org.evosuite.runtime.instrumentation.CreateClassResetClassAdapter - Creating brand-new static initializer in class io/netty/buffer/PoolArena$DirectArena
18:07:34.554 [main] INFO org.evosuite.runtime.instrumentation.EvoClassLoader - Keeping class: io.netty.buffer.PoolArena$DirectArena
18:07:34.554 [main] INFO org.evosuite.runtime.instrumentation.EvoClassLoader - Seeing class for first time: io.netty.buffer.PooledUnsafeDirectByteBuf
18:07:34.554 [main] INFO org.evosuite.runtime.instrumentation.EvoClassLoader - Instrumenting class 'io.netty.buffer.PooledUnsafeDirectByteBuf'.
18:07:34.555 [main] INFO org.evosuite.runtime.instrumentation.MethodCallReplacementClassAdapter - Adding mock interface to class io/netty/buffer/PooledUnsafeDirectByteBuf
18:07:34.556 [main] INFO org.evosuite.runtime.instrumentation.CreateClassResetClassAdapter - Found static initializer in class io/netty/buffer/PooledUnsafeDirectByteBuf
18:07:34.557 [main] INFO org.evosuite.runtime.instrumentation.EvoClassLoader - Keeping class: io.netty.buffer.PooledUnsafeDirectByteBuf
18:07:34.557 [main] INFO org.evosuite.runtime.instrumentation.EvoClassLoader - Seeing class for first time: io.netty.buffer.PooledDirectByteBuf
18:07:34.557 [main] INFO org.evosuite.runtime.instrumentation.EvoClassLoader - Instrumenting class 'io.netty.buffer.PooledDirectByteBuf'.
18:07:34.558 [main] INFO org.evosuite.runtime.instrumentation.MethodCallReplacementClassAdapter - Adding mock interface to class io/netty/buffer/PooledDirectByteBuf
18:07:34.560 [main] INFO org.evosuite.runtime.instrumentation.CreateClassResetClassAdapter - Found static initializer in class io/netty/buffer/PooledDirectByteBuf
18:07:34.561 [main] INFO org.evosuite.runtime.instrumentation.EvoClassLoader - Keeping class: io.netty.buffer.PooledDirectByteBuf
18:07:34.562 [main] INFO org.evosuite.runtime.instrumentation.EvoClassLoader - Seeing class for first time: io.netty.util.internal.LongAdderCounter
18:07:34.562 [main] INFO org.evosuite.runtime.instrumentation.EvoClassLoader - Instrumenting class 'io.netty.util.internal.LongAdderCounter'.
18:07:34.563 [main] INFO org.evosuite.runtime.instrumentation.MethodCallReplacementClassAdapter - Adding mock interface to class io/netty/util/internal/LongAdderCounter
18:07:34.563 [main] INFO org.evosuite.runtime.instrumentation.CreateClassResetClassAdapter - Creating brand-new static initializer in class io/netty/util/internal/LongAdderCounter
18:07:34.564 [main] INFO org.evosuite.runtime.instrumentation.EvoClassLoader - Keeping class: io.netty.util.internal.LongAdderCounter
18:07:34.564 [main] INFO org.evosuite.runtime.instrumentation.EvoClassLoader - Seeing class for first time: io.netty.buffer.PoolSubpage
18:07:34.564 [main] INFO org.evosuite.runtime.instrumentation.EvoClassLoader - Instrumenting class 'io.netty.buffer.PoolSubpage'.
18:07:34.565 [main] INFO org.evosuite.runtime.instrumentation.MethodCallReplacementClassAdapter - Adding mock interface to class io/netty/buffer/PoolSubpage
18:07:34.567 [main] INFO org.evosuite.runtime.instrumentation.CreateClassResetClassAdapter - Found static initializer in class io/netty/buffer/PoolSubpage
18:07:34.568 [main] INFO org.evosuite.runtime.instrumentation.EvoClassLoader - Seeing class for first time: io.netty.buffer.PoolSubpageMetric
18:07:34.568 [main] INFO org.evosuite.runtime.instrumentation.EvoClassLoader - Instrumenting class 'io.netty.buffer.PoolSubpageMetric'.
18:07:34.569 [main] INFO org.evosuite.runtime.instrumentation.EvoClassLoader - Keeping class: io.netty.buffer.PoolSubpageMetric
18:07:34.569 [main] INFO org.evosuite.runtime.instrumentation.EvoClassLoader - Keeping class: io.netty.buffer.PoolSubpage
18:07:34.570 [main] INFO org.evosuite.runtime.instrumentation.EvoClassLoader - Seeing class for first time: io.netty.buffer.PoolChunkList
18:07:34.570 [main] INFO org.evosuite.runtime.instrumentation.EvoClassLoader - Instrumenting class 'io.netty.buffer.PoolChunkList'.
18:07:34.571 [main] INFO org.evosuite.runtime.instrumentation.MethodCallReplacementClassAdapter - Adding mock interface to class io/netty/buffer/PoolChunkList
18:07:34.573 [main] INFO org.evosuite.runtime.instrumentation.CreateClassResetClassAdapter - Found static initializer in class io/netty/buffer/PoolChunkList
18:07:34.573 [main] INFO org.evosuite.runtime.instrumentation.EvoClassLoader - Seeing class for first time: io.netty.buffer.PoolChunkListMetric
18:07:34.573 [main] INFO org.evosuite.runtime.instrumentation.EvoClassLoader - Instrumenting class 'io.netty.buffer.PoolChunkListMetric'.
18:07:34.574 [main] INFO org.evosuite.runtime.instrumentation.EvoClassLoader - Keeping class: io.netty.buffer.PoolChunkListMetric
18:07:34.575 [main] INFO org.evosuite.runtime.instrumentation.EvoClassLoader - Keeping class: io.netty.buffer.PoolChunkList
18:07:34.575 [main] INFO org.evosuite.runtime.instrumentation.EvoClassLoader - Seeing class for first time: io.netty.buffer.PooledByteBufAllocatorMetric
18:07:34.575 [main] INFO org.evosuite.runtime.instrumentation.EvoClassLoader - Instrumenting class 'io.netty.buffer.PooledByteBufAllocatorMetric'.
18:07:34.576 [main] INFO org.evosuite.runtime.instrumentation.MethodCallReplacementClassAdapter - Adding mock interface to class io/netty/buffer/PooledByteBufAllocatorMetric
18:07:34.576 [main] INFO org.evosuite.runtime.instrumentation.CreateClassResetClassAdapter - Creating brand-new static initializer in class io/netty/buffer/PooledByteBufAllocatorMetric
18:07:34.577 [main] INFO org.evosuite.runtime.instrumentation.EvoClassLoader - Keeping class: io.netty.buffer.PooledByteBufAllocatorMetric
18:07:34.577 [main] INFO org.evosuite.runtime.instrumentation.EvoClassLoader - Seeing class for first time: io.netty.util.internal.shaded.org.jctools.queues.BaseMpscLinkedArrayQueueConsumerFields
18:07:34.577 [main] INFO org.evosuite.runtime.instrumentation.EvoClassLoader - Instrumenting class 'io.netty.util.internal.shaded.org.jctools.queues.BaseMpscLinkedArrayQueueConsumerFields'.
18:07:34.578 [main] INFO org.evosuite.runtime.instrumentation.MethodCallReplacementClassAdapter - Adding mock interface to class io/netty/util/internal/shaded/org/jctools/queues/BaseMpscLinkedArrayQueueConsumerFields
18:07:34.578 [main] INFO org.evosuite.runtime.instrumentation.CreateClassResetClassAdapter - Found static initializer in class io/netty/util/internal/shaded/org/jctools/queues/BaseMpscLinkedArrayQueueConsumerFields
18:07:34.579 [main] INFO org.evosuite.runtime.instrumentation.EvoClassLoader - Seeing class for first time: io.netty.util.internal.shaded.org.jctools.queues.BaseMpscLinkedArrayQueuePad2
18:07:34.579 [main] INFO org.evosuite.runtime.instrumentation.EvoClassLoader - Instrumenting class 'io.netty.util.internal.shaded.org.jctools.queues.BaseMpscLinkedArrayQueuePad2'.
18:07:34.580 [main] INFO org.evosuite.runtime.instrumentation.MethodCallReplacementClassAdapter - Adding mock interface to class io/netty/util/internal/shaded/org/jctools/queues/BaseMpscLinkedArrayQueuePad2
18:07:34.581 [main] INFO org.evosuite.runtime.instrumentation.CreateClassResetClassAdapter - Creating brand-new static initializer in class io/netty/util/internal/shaded/org/jctools/queues/BaseMpscLinkedArrayQueuePad2
18:07:34.582 [main] INFO org.evosuite.runtime.instrumentation.EvoClassLoader - Seeing class for first time: io.netty.util.internal.shaded.org.jctools.queues.BaseMpscLinkedArrayQueueProducerFields
18:07:34.582 [main] INFO org.evosuite.runtime.instrumentation.EvoClassLoader - Instrumenting class 'io.netty.util.internal.shaded.org.jctools.queues.BaseMpscLinkedArrayQueueProducerFields'.
18:07:34.583 [main] INFO org.evosuite.runtime.instrumentation.MethodCallReplacementClassAdapter - Adding mock interface to class io/netty/util/internal/shaded/org/jctools/queues/BaseMpscLinkedArrayQueueProducerFields
18:07:34.583 [main] INFO org.evosuite.runtime.instrumentation.CreateClassResetClassAdapter - Found static initializer in class io/netty/util/internal/shaded/org/jctools/queues/BaseMpscLinkedArrayQueueProducerFields
18:07:34.584 [main] INFO org.evosuite.runtime.instrumentation.EvoClassLoader - Seeing class for first time: io.netty.util.internal.shaded.org.jctools.queues.BaseMpscLinkedArrayQueuePad1
18:07:34.584 [main] INFO org.evosuite.runtime.instrumentation.EvoClassLoader - Instrumenting class 'io.netty.util.internal.shaded.org.jctools.queues.BaseMpscLinkedArrayQueuePad1'.
18:07:34.585 [main] INFO org.evosuite.runtime.instrumentation.MethodCallReplacementClassAdapter - Adding mock interface to class io/netty/util/internal/shaded/org/jctools/queues/BaseMpscLinkedArrayQueuePad1
18:07:34.585 [main] INFO org.evosuite.runtime.instrumentation.CreateClassResetClassAdapter - Creating brand-new static initializer in class io/netty/util/internal/shaded/org/jctools/queues/BaseMpscLinkedArrayQueuePad1
18:07:34.586 [main] INFO org.evosuite.runtime.instrumentation.EvoClassLoader - Keeping class: io.netty.util.internal.shaded.org.jctools.queues.BaseMpscLinkedArrayQueuePad1
18:07:34.586 [main] INFO org.evosuite.runtime.instrumentation.EvoClassLoader - Keeping class: io.netty.util.internal.shaded.org.jctools.queues.BaseMpscLinkedArrayQueueProducerFields
18:07:34.586 [main] INFO org.evosuite.runtime.instrumentation.EvoClassLoader - Keeping class: io.netty.util.internal.shaded.org.jctools.queues.BaseMpscLinkedArrayQueuePad2
18:07:34.586 [main] INFO org.evosuite.runtime.instrumentation.EvoClassLoader - Keeping class: io.netty.util.internal.shaded.org.jctools.queues.BaseMpscLinkedArrayQueueConsumerFields
18:07:34.586 [main] INFO org.evosuite.runtime.instrumentation.EvoClassLoader - Seeing class for first time: io.netty.util.internal.shaded.org.jctools.util.UnsafeAccess
18:07:34.586 [main] INFO org.evosuite.runtime.instrumentation.EvoClassLoader - Instrumenting class 'io.netty.util.internal.shaded.org.jctools.util.UnsafeAccess'.
18:07:34.588 [main] INFO org.evosuite.runtime.instrumentation.MethodCallReplacementClassAdapter - Adding mock interface to class io/netty/util/internal/shaded/org/jctools/util/UnsafeAccess
18:07:34.591 [main] INFO org.evosuite.runtime.instrumentation.CreateClassResetClassAdapter - Found static initializer in class io/netty/util/internal/shaded/org/jctools/util/UnsafeAccess
18:07:34.591 [main] INFO org.evosuite.runtime.instrumentation.EvoClassLoader - Defined package (3): package io.netty.util.internal.shaded.org.jctools.util, -1500502634
18:07:34.593 [main] INFO org.evosuite.runtime.instrumentation.EvoClassLoader - Keeping class: io.netty.util.internal.shaded.org.jctools.util.UnsafeAccess
18:07:34.597 [main] INFO org.evosuite.runtime.instrumentation.EvoClassLoader - Seeing class for first time: io.netty.util.internal.shaded.org.jctools.queues.LinkedQueueNode
18:07:34.597 [main] INFO org.evosuite.runtime.instrumentation.EvoClassLoader - Instrumenting class 'io.netty.util.internal.shaded.org.jctools.queues.LinkedQueueNode'.
18:07:34.598 [main] INFO org.evosuite.runtime.instrumentation.MethodCallReplacementClassAdapter - Adding mock interface to class io/netty/util/internal/shaded/org/jctools/queues/LinkedQueueNode
18:07:34.599 [main] INFO org.evosuite.runtime.instrumentation.CreateClassResetClassAdapter - Found static initializer in class io/netty/util/internal/shaded/org/jctools/queues/LinkedQueueNode
18:07:34.600 [main] INFO org.evosuite.runtime.instrumentation.EvoClassLoader - Keeping class: io.netty.util.internal.shaded.org.jctools.queues.LinkedQueueNode
18:07:34.602 [main] DEBUG io.netty.buffer.AdvancedLeakAwareByteBuf - -Dio.netty.leakDetection.acquireAndReleaseOnly: false
18:07:34.603 [main] INFO org.evosuite.runtime.instrumentation.EvoClassLoader - Seeing class for first time: io.netty.util.ByteProcessor
18:07:34.603 [main] INFO org.evosuite.runtime.instrumentation.EvoClassLoader - Instrumenting class 'io.netty.util.ByteProcessor'.
18:07:34.605 [main] INFO org.evosuite.runtime.instrumentation.EvoClassLoader - Keeping class: io.netty.util.ByteProcessor
18:07:34.615 [main] INFO org.evosuite.runtime.instrumentation.EvoClassLoader - Seeing class for first time: io.netty.buffer.FixedCompositeByteBuf
18:07:34.616 [main] INFO org.evosuite.runtime.instrumentation.EvoClassLoader - Instrumenting class 'io.netty.buffer.FixedCompositeByteBuf'.
18:07:34.617 [main] INFO org.evosuite.runtime.instrumentation.MethodCallReplacementClassAdapter - Adding mock interface to class io/netty/buffer/FixedCompositeByteBuf
18:07:34.624 [main] INFO org.evosuite.runtime.instrumentation.CreateClassResetClassAdapter - Found static initializer in class io/netty/buffer/FixedCompositeByteBuf
18:07:34.625 [main] INFO org.evosuite.runtime.instrumentation.EvoClassLoader - Keeping class: io.netty.buffer.FixedCompositeByteBuf
18:07:34.625 [main] INFO org.evosuite.runtime.instrumentation.EvoClassLoader - Seeing class for first time: io.netty.buffer.Unpooled
18:07:34.625 [main] INFO org.evosuite.runtime.instrumentation.EvoClassLoader - Instrumenting class 'io.netty.buffer.Unpooled'.
18:07:34.626 [main] INFO org.evosuite.runtime.instrumentation.MethodCallReplacementClassAdapter - Adding mock interface to class io/netty/buffer/Unpooled
18:07:34.630 [main] INFO org.evosuite.runtime.instrumentation.CreateClassResetClassAdapter - Found static initializer in class io/netty/buffer/Unpooled
18:07:34.630 [main] INFO org.evosuite.runtime.instrumentation.EvoClassLoader - Keeping class: io.netty.buffer.Unpooled
18:07:34.630 [main] INFO org.evosuite.runtime.instrumentation.EvoClassLoader - Seeing class for first time: io.netty.buffer.ReadOnlyByteBuf
18:07:34.630 [main] INFO org.evosuite.runtime.instrumentation.EvoClassLoader - Instrumenting class 'io.netty.buffer.ReadOnlyByteBuf'.
18:07:34.631 [main] INFO org.evosuite.runtime.instrumentation.MethodCallReplacementClassAdapter - Adding mock interface to class io/netty/buffer/ReadOnlyByteBuf
18:07:34.632 [main] INFO org.evosuite.runtime.instrumentation.CreateClassResetClassAdapter - Creating brand-new static initializer in class io/netty/buffer/ReadOnlyByteBuf
18:07:34.632 [main] INFO org.evosuite.runtime.instrumentation.EvoClassLoader - Keeping class: io.netty.buffer.ReadOnlyByteBuf
18:07:34.632 [main] INFO org.evosuite.runtime.instrumentation.EvoClassLoader - Seeing class for first time: io.netty.buffer.WrappedUnpooledUnsafeDirectByteBuf
18:07:34.632 [main] INFO org.evosuite.runtime.instrumentation.EvoClassLoader - Instrumenting class 'io.netty.buffer.WrappedUnpooledUnsafeDirectByteBuf'.
18:07:34.633 [main] INFO org.evosuite.runtime.instrumentation.MethodCallReplacementClassAdapter - Adding mock interface to class io/netty/buffer/WrappedUnpooledUnsafeDirectByteBuf
18:07:34.634 [main] INFO org.evosuite.runtime.instrumentation.CreateClassResetClassAdapter - Creating brand-new static initializer in class io/netty/buffer/WrappedUnpooledUnsafeDirectByteBuf
18:07:34.634 [main] INFO org.evosuite.runtime.instrumentation.EvoClassLoader - Keeping class: io.netty.buffer.WrappedUnpooledUnsafeDirectByteBuf
18:07:34.634 [main] INFO org.evosuite.runtime.instrumentation.EvoClassLoader - Seeing class for first time: io.netty.buffer.ReadOnlyUnsafeDirectByteBuf
18:07:34.634 [main] INFO org.evosuite.runtime.instrumentation.EvoClassLoader - Instrumenting class 'io.netty.buffer.ReadOnlyUnsafeDirectByteBuf'.
18:07:34.635 [main] INFO org.evosuite.runtime.instrumentation.MethodCallReplacementClassAdapter - Adding mock interface to class io/netty/buffer/ReadOnlyUnsafeDirectByteBuf
18:07:34.636 [main] INFO org.evosuite.runtime.instrumentation.CreateClassResetClassAdapter - Creating brand-new static initializer in class io/netty/buffer/ReadOnlyUnsafeDirectByteBuf
18:07:34.636 [main] INFO org.evosuite.runtime.instrumentation.EvoClassLoader - Seeing class for first time: io.netty.buffer.ReadOnlyByteBufferBuf
18:07:34.636 [main] INFO org.evosuite.runtime.instrumentation.EvoClassLoader - Instrumenting class 'io.netty.buffer.ReadOnlyByteBufferBuf'.
18:07:34.636 [main] INFO org.evosuite.runtime.instrumentation.MethodCallReplacementClassAdapter - Adding mock interface to class io/netty/buffer/ReadOnlyByteBufferBuf
18:07:34.638 [main] INFO org.evosuite.runtime.instrumentation.CreateClassResetClassAdapter - Creating brand-new static initializer in class io/netty/buffer/ReadOnlyByteBufferBuf
18:07:34.638 [main] INFO org.evosuite.runtime.instrumentation.EvoClassLoader - Keeping class: io.netty.buffer.ReadOnlyByteBufferBuf
18:07:34.638 [main] INFO org.evosuite.runtime.instrumentation.EvoClassLoader - Keeping class: io.netty.buffer.ReadOnlyUnsafeDirectByteBuf
18:07:34.638 [main] INFO org.evosuite.runtime.instrumentation.EvoClassLoader - Seeing class for first time: io.netty.buffer.UnreleasableByteBuf
18:07:34.638 [main] INFO org.evosuite.runtime.instrumentation.EvoClassLoader - Instrumenting class 'io.netty.buffer.UnreleasableByteBuf'.
18:07:34.638 [main] INFO org.evosuite.runtime.instrumentation.MethodCallReplacementClassAdapter - Adding mock interface to class io/netty/buffer/UnreleasableByteBuf
18:07:34.639 [main] INFO org.evosuite.runtime.instrumentation.CreateClassResetClassAdapter - Creating brand-new static initializer in class io/netty/buffer/UnreleasableByteBuf
18:07:34.639 [main] INFO org.evosuite.runtime.instrumentation.EvoClassLoader - Keeping class: io.netty.buffer.UnreleasableByteBuf
18:07:34.639 [main] INFO org.evosuite.runtime.instrumentation.EvoClassLoader - Seeing class for first time: io.netty.buffer.UnpooledByteBufAllocator
18:07:34.639 [main] INFO org.evosuite.runtime.instrumentation.EvoClassLoader - Instrumenting class 'io.netty.buffer.UnpooledByteBufAllocator'.
18:07:34.640 [main] INFO org.evosuite.runtime.instrumentation.MethodCallReplacementClassAdapter - Adding mock interface to class io/netty/buffer/UnpooledByteBufAllocator
18:07:34.653 [main] INFO org.evosuite.runtime.instrumentation.CreateClassResetClassAdapter - Found static initializer in class io/netty/buffer/UnpooledByteBufAllocator
18:07:34.653 [main] INFO org.evosuite.runtime.instrumentation.EvoClassLoader - Keeping class: io.netty.buffer.UnpooledByteBufAllocator
18:07:34.653 [main] INFO org.evosuite.runtime.instrumentation.EvoClassLoader - Seeing class for first time: io.netty.buffer.UnpooledByteBufAllocator$InstrumentedUnpooledUnsafeDirectByteBuf
18:07:34.653 [main] INFO org.evosuite.runtime.instrumentation.EvoClassLoader - Instrumenting class 'io.netty.buffer.UnpooledByteBufAllocator$InstrumentedUnpooledUnsafeDirectByteBuf'.
18:07:34.654 [main] INFO org.evosuite.runtime.instrumentation.MethodCallReplacementClassAdapter - Adding mock interface to class io/netty/buffer/UnpooledByteBufAllocator$InstrumentedUnpooledUnsafeDirectByteBuf
18:07:34.654 [main] INFO org.evosuite.runtime.instrumentation.CreateClassResetClassAdapter - Creating brand-new static initializer in class io/netty/buffer/UnpooledByteBufAllocator$InstrumentedUnpooledUnsafeDirectByteBuf
18:07:34.654 [main] INFO org.evosuite.runtime.instrumentation.EvoClassLoader - Keeping class: io.netty.buffer.UnpooledByteBufAllocator$InstrumentedUnpooledUnsafeDirectByteBuf
18:07:34.654 [main] INFO org.evosuite.runtime.instrumentation.EvoClassLoader - Seeing class for first time: io.netty.buffer.UnpooledByteBufAllocator$InstrumentedUnpooledUnsafeHeapByteBuf
18:07:34.654 [main] INFO org.evosuite.runtime.instrumentation.EvoClassLoader - Instrumenting class 'io.netty.buffer.UnpooledByteBufAllocator$InstrumentedUnpooledUnsafeHeapByteBuf'.
18:07:34.654 [main] INFO org.evosuite.runtime.instrumentation.MethodCallReplacementClassAdapter - Adding mock interface to class io/netty/buffer/UnpooledByteBufAllocator$InstrumentedUnpooledUnsafeHeapByteBuf
18:07:34.655 [main] INFO org.evosuite.runtime.instrumentation.CreateClassResetClassAdapter - Creating brand-new static initializer in class io/netty/buffer/UnpooledByteBufAllocator$InstrumentedUnpooledUnsafeHeapByteBuf
18:07:34.655 [main] INFO org.evosuite.runtime.instrumentation.EvoClassLoader - Keeping class: io.netty.buffer.UnpooledByteBufAllocator$InstrumentedUnpooledUnsafeHeapByteBuf
18:07:34.655 [main] INFO org.evosuite.runtime.instrumentation.EvoClassLoader - Seeing class for first time: io.netty.buffer.UnpooledByteBufAllocator$InstrumentedUnpooledHeapByteBuf
18:07:34.655 [main] INFO org.evosuite.runtime.instrumentation.EvoClassLoader - Instrumenting class 'io.netty.buffer.UnpooledByteBufAllocator$InstrumentedUnpooledHeapByteBuf'.
18:07:34.655 [main] INFO org.evosuite.runtime.instrumentation.MethodCallReplacementClassAdapter - Adding mock interface to class io/netty/buffer/UnpooledByteBufAllocator$InstrumentedUnpooledHeapByteBuf
18:07:34.655 [main] INFO org.evosuite.runtime.instrumentation.CreateClassResetClassAdapter - Creating brand-new static initializer in class io/netty/buffer/UnpooledByteBufAllocator$InstrumentedUnpooledHeapByteBuf
18:07:34.655 [main] INFO org.evosuite.runtime.instrumentation.EvoClassLoader - Keeping class: io.netty.buffer.UnpooledByteBufAllocator$InstrumentedUnpooledHeapByteBuf
18:07:34.656 [main] INFO org.evosuite.runtime.instrumentation.EvoClassLoader - Seeing class for first time: io.netty.buffer.UnpooledByteBufAllocator$UnpooledByteBufAllocatorMetric
18:07:34.656 [main] INFO org.evosuite.runtime.instrumentation.EvoClassLoader - Instrumenting class 'io.netty.buffer.UnpooledByteBufAllocator$UnpooledByteBufAllocatorMetric'.
18:07:34.656 [main] INFO org.evosuite.runtime.instrumentation.MethodCallReplacementClassAdapter - Adding mock interface to class io/netty/buffer/UnpooledByteBufAllocator$UnpooledByteBufAllocatorMetric
18:07:34.656 [main] INFO org.evosuite.runtime.instrumentation.CreateClassResetClassAdapter - Creating brand-new static initializer in class io/netty/buffer/UnpooledByteBufAllocator$UnpooledByteBufAllocatorMetric
18:07:34.656 [main] INFO org.evosuite.runtime.instrumentation.EvoClassLoader - Keeping class: io.netty.buffer.UnpooledByteBufAllocator$UnpooledByteBufAllocatorMetric
18:07:34.657 [main] INFO org.evosuite.runtime.instrumentation.EvoClassLoader - Seeing class for first time: io.netty.util.internal.shaded.org.jctools.queues.MessagePassingQueue$Consumer
18:07:34.657 [main] INFO org.evosuite.runtime.instrumentation.EvoClassLoader - Instrumenting class 'io.netty.util.internal.shaded.org.jctools.queues.MessagePassingQueue$Consumer'.
18:07:34.657 [main] INFO org.evosuite.runtime.instrumentation.EvoClassLoader - Keeping class: io.netty.util.internal.shaded.org.jctools.queues.MessagePassingQueue$Consumer
18:07:34.658 [main] INFO org.evosuite.runtime.instrumentation.EvoClassLoader - Seeing class for first time: io.netty.util.internal.shaded.org.jctools.queues.atomic.MpscChunkedAtomicArrayQueueColdProducerFields
18:07:34.658 [main] INFO org.evosuite.runtime.instrumentation.EvoClassLoader - Instrumenting class 'io.netty.util.internal.shaded.org.jctools.queues.atomic.MpscChunkedAtomicArrayQueueColdProducerFields'.
18:07:34.658 [main] INFO org.evosuite.runtime.instrumentation.MethodCallReplacementClassAdapter - Adding mock interface to class io/netty/util/internal/shaded/org/jctools/queues/atomic/MpscChunkedAtomicArrayQueueColdProducerFields
18:07:34.658 [main] INFO org.evosuite.runtime.instrumentation.CreateClassResetClassAdapter - Creating brand-new static initializer in class io/netty/util/internal/shaded/org/jctools/queues/atomic/MpscChunkedAtomicArrayQueueColdProducerFields
18:07:34.659 [main] INFO org.evosuite.runtime.instrumentation.EvoClassLoader - Seeing class for first time: io.netty.util.internal.shaded.org.jctools.queues.atomic.BaseMpscLinkedAtomicArrayQueue
18:07:34.659 [main] INFO org.evosuite.runtime.instrumentation.EvoClassLoader - Instrumenting class 'io.netty.util.internal.shaded.org.jctools.queues.atomic.BaseMpscLinkedAtomicArrayQueue'.
18:07:34.659 [main] INFO org.evosuite.runtime.instrumentation.MethodCallReplacementClassAdapter - Adding mock interface to class io/netty/util/internal/shaded/org/jctools/queues/atomic/BaseMpscLinkedAtomicArrayQueue
18:07:34.667 [main] INFO org.evosuite.runtime.instrumentation.CreateClassResetClassAdapter - Found static initializer in class io/netty/util/internal/shaded/org/jctools/queues/atomic/BaseMpscLinkedAtomicArrayQueue
18:07:34.668 [main] INFO org.evosuite.runtime.instrumentation.EvoClassLoader - Seeing class for first time: io.netty.util.internal.shaded.org.jctools.queues.atomic.BaseMpscLinkedAtomicArrayQueueColdProducerFields
18:07:34.668 [main] INFO org.evosuite.runtime.instrumentation.EvoClassLoader - Instrumenting class 'io.netty.util.internal.shaded.org.jctools.queues.atomic.BaseMpscLinkedAtomicArrayQueueColdProducerFields'.
18:07:34.669 [main] INFO org.evosuite.runtime.instrumentation.MethodCallReplacementClassAdapter - Adding mock interface to class io/netty/util/internal/shaded/org/jctools/queues/atomic/BaseMpscLinkedAtomicArrayQueueColdProducerFields
18:07:34.669 [main] INFO org.evosuite.runtime.instrumentation.CreateClassResetClassAdapter - Found static initializer in class io/netty/util/internal/shaded/org/jctools/queues/atomic/BaseMpscLinkedAtomicArrayQueueColdProducerFields
18:07:34.670 [main] INFO org.evosuite.runtime.instrumentation.EvoClassLoader - Seeing class for first time: io.netty.util.internal.shaded.org.jctools.queues.atomic.BaseMpscLinkedAtomicArrayQueuePad3
18:07:34.670 [main] INFO org.evosuite.runtime.instrumentation.EvoClassLoader - Instrumenting class 'io.netty.util.internal.shaded.org.jctools.queues.atomic.BaseMpscLinkedAtomicArrayQueuePad3'.
18:07:34.670 [main] INFO org.evosuite.runtime.instrumentation.MethodCallReplacementClassAdapter - Adding mock interface to class io/netty/util/internal/shaded/org/jctools/queues/atomic/BaseMpscLinkedAtomicArrayQueuePad3
18:07:34.671 [main] INFO org.evosuite.runtime.instrumentation.CreateClassResetClassAdapter - Creating brand-new static initializer in class io/netty/util/internal/shaded/org/jctools/queues/atomic/BaseMpscLinkedAtomicArrayQueuePad3
18:07:34.671 [main] INFO org.evosuite.runtime.instrumentation.EvoClassLoader - Seeing class for first time: io.netty.util.internal.shaded.org.jctools.queues.atomic.BaseMpscLinkedAtomicArrayQueueConsumerFields
18:07:34.671 [main] INFO org.evosuite.runtime.instrumentation.EvoClassLoader - Instrumenting class 'io.netty.util.internal.shaded.org.jctools.queues.atomic.BaseMpscLinkedAtomicArrayQueueConsumerFields'.
18:07:34.672 [main] INFO org.evosuite.runtime.instrumentation.MethodCallReplacementClassAdapter - Adding mock interface to class io/netty/util/internal/shaded/org/jctools/queues/atomic/BaseMpscLinkedAtomicArrayQueueConsumerFields
18:07:34.673 [main] INFO org.evosuite.runtime.instrumentation.CreateClassResetClassAdapter - Found static initializer in class io/netty/util/internal/shaded/org/jctools/queues/atomic/BaseMpscLinkedAtomicArrayQueueConsumerFields
18:07:34.673 [main] INFO org.evosuite.runtime.instrumentation.EvoClassLoader - Seeing class for first time: io.netty.util.internal.shaded.org.jctools.queues.atomic.BaseMpscLinkedAtomicArrayQueuePad2
18:07:34.673 [main] INFO org.evosuite.runtime.instrumentation.EvoClassLoader - Instrumenting class 'io.netty.util.internal.shaded.org.jctools.queues.atomic.BaseMpscLinkedAtomicArrayQueuePad2'.
18:07:34.674 [main] INFO org.evosuite.runtime.instrumentation.MethodCallReplacementClassAdapter - Adding mock interface to class io/netty/util/internal/shaded/org/jctools/queues/atomic/BaseMpscLinkedAtomicArrayQueuePad2
18:07:34.674 [main] INFO org.evosuite.runtime.instrumentation.CreateClassResetClassAdapter - Creating brand-new static initializer in class io/netty/util/internal/shaded/org/jctools/queues/atomic/BaseMpscLinkedAtomicArrayQueuePad2
18:07:34.674 [main] INFO org.evosuite.runtime.instrumentation.EvoClassLoader - Seeing class for first time: io.netty.util.internal.shaded.org.jctools.queues.atomic.BaseMpscLinkedAtomicArrayQueueProducerFields
18:07:34.675 [main] INFO org.evosuite.runtime.instrumentation.EvoClassLoader - Instrumenting class 'io.netty.util.internal.shaded.org.jctools.queues.atomic.BaseMpscLinkedAtomicArrayQueueProducerFields'.
18:07:34.675 [main] INFO org.evosuite.runtime.instrumentation.MethodCallReplacementClassAdapter - Adding mock interface to class io/netty/util/internal/shaded/org/jctools/queues/atomic/BaseMpscLinkedAtomicArrayQueueProducerFields
18:07:34.676 [main] INFO org.evosuite.runtime.instrumentation.CreateClassResetClassAdapter - Found static initializer in class io/netty/util/internal/shaded/org/jctools/queues/atomic/BaseMpscLinkedAtomicArrayQueueProducerFields
18:07:34.676 [main] INFO org.evosuite.runtime.instrumentation.EvoClassLoader - Seeing class for first time: io.netty.util.internal.shaded.org.jctools.queues.atomic.BaseMpscLinkedAtomicArrayQueuePad1
18:07:34.677 [main] INFO org.evosuite.runtime.instrumentation.EvoClassLoader - Instrumenting class 'io.netty.util.internal.shaded.org.jctools.queues.atomic.BaseMpscLinkedAtomicArrayQueuePad1'.
18:07:34.678 [main] INFO org.evosuite.runtime.instrumentation.MethodCallReplacementClassAdapter - Adding mock interface to class io/netty/util/internal/shaded/org/jctools/queues/atomic/BaseMpscLinkedAtomicArrayQueuePad1
18:07:34.679 [main] INFO org.evosuite.runtime.instrumentation.CreateClassResetClassAdapter - Creating brand-new static initializer in class io/netty/util/internal/shaded/org/jctools/queues/atomic/BaseMpscLinkedAtomicArrayQueuePad1
18:07:34.679 [main] INFO org.evosuite.runtime.instrumentation.EvoClassLoader - Keeping class: io.netty.util.internal.shaded.org.jctools.queues.atomic.BaseMpscLinkedAtomicArrayQueuePad1
18:07:34.680 [main] INFO org.evosuite.runtime.instrumentation.EvoClassLoader - Keeping class: io.netty.util.internal.shaded.org.jctools.queues.atomic.BaseMpscLinkedAtomicArrayQueueProducerFields
18:07:34.680 [main] INFO org.evosuite.runtime.instrumentation.EvoClassLoader - Keeping class: io.netty.util.internal.shaded.org.jctools.queues.atomic.BaseMpscLinkedAtomicArrayQueuePad2
18:07:34.680 [main] INFO org.evosuite.runtime.instrumentation.EvoClassLoader - Keeping class: io.netty.util.internal.shaded.org.jctools.queues.atomic.BaseMpscLinkedAtomicArrayQueueConsumerFields
18:07:34.680 [main] INFO org.evosuite.runtime.instrumentation.EvoClassLoader - Keeping class: io.netty.util.internal.shaded.org.jctools.queues.atomic.BaseMpscLinkedAtomicArrayQueuePad3
18:07:34.680 [main] INFO org.evosuite.runtime.instrumentation.EvoClassLoader - Keeping class: io.netty.util.internal.shaded.org.jctools.queues.atomic.BaseMpscLinkedAtomicArrayQueueColdProducerFields
18:07:34.680 [main] INFO org.evosuite.runtime.instrumentation.EvoClassLoader - Keeping class: io.netty.util.internal.shaded.org.jctools.queues.atomic.BaseMpscLinkedAtomicArrayQueue
18:07:34.681 [main] INFO org.evosuite.runtime.instrumentation.EvoClassLoader - Keeping class: io.netty.util.internal.shaded.org.jctools.queues.atomic.MpscChunkedAtomicArrayQueueColdProducerFields
18:07:34.684 [main] INFO org.evosuite.runtime.instrumentation.EvoClassLoader - Seeing class for first time: io.netty.util.internal.shaded.org.jctools.util.RangeUtil
18:07:34.684 [main] INFO org.evosuite.runtime.instrumentation.EvoClassLoader - Instrumenting class 'io.netty.util.internal.shaded.org.jctools.util.RangeUtil'.
18:07:34.684 [main] INFO org.evosuite.runtime.instrumentation.MethodCallReplacementClassAdapter - Adding mock interface to class io/netty/util/internal/shaded/org/jctools/util/RangeUtil
18:07:34.685 [main] INFO org.evosuite.runtime.instrumentation.CreateClassResetClassAdapter - Creating brand-new static initializer in class io/netty/util/internal/shaded/org/jctools/util/RangeUtil
18:07:34.685 [main] INFO org.evosuite.runtime.instrumentation.EvoClassLoader - Keeping class: io.netty.util.internal.shaded.org.jctools.util.RangeUtil
18:07:34.686 [main] INFO org.evosuite.runtime.instrumentation.EvoClassLoader - Seeing class for first time: io.netty.util.Recycler$1
18:07:34.686 [main] INFO org.evosuite.runtime.instrumentation.EvoClassLoader - Instrumenting class 'io.netty.util.Recycler$1'.
18:07:34.686 [main] INFO org.evosuite.runtime.instrumentation.MethodCallReplacementClassAdapter - Adding mock interface to class io/netty/util/Recycler$1
18:07:34.687 [main] INFO org.evosuite.runtime.instrumentation.EvoClassLoader - Seeing class for first time: io.netty.util.Recycler$EnhancedHandle
18:07:34.687 [main] INFO org.evosuite.runtime.instrumentation.EvoClassLoader - Instrumenting class 'io.netty.util.Recycler$EnhancedHandle'.
18:07:34.687 [main] INFO org.evosuite.runtime.instrumentation.MethodCallReplacementClassAdapter - Adding mock interface to class io/netty/util/Recycler$EnhancedHandle
18:07:34.687 [main] INFO org.evosuite.runtime.instrumentation.CreateClassResetClassAdapter - Creating brand-new static initializer in class io/netty/util/Recycler$EnhancedHandle
18:07:34.687 [main] INFO org.evosuite.runtime.instrumentation.EvoClassLoader - Seeing class for first time: io.netty.util.Recycler$Handle
18:07:34.687 [main] INFO org.evosuite.runtime.instrumentation.EvoClassLoader - Instrumenting class 'io.netty.util.Recycler$Handle'.
18:07:34.688 [main] INFO org.evosuite.runtime.instrumentation.EvoClassLoader - Seeing class for first time: io.netty.util.internal.ObjectPool$Handle
18:07:34.688 [main] INFO org.evosuite.runtime.instrumentation.EvoClassLoader - Instrumenting class 'io.netty.util.internal.ObjectPool$Handle'.
18:07:34.688 [main] INFO org.evosuite.runtime.instrumentation.EvoClassLoader - Keeping class: io.netty.util.internal.ObjectPool$Handle
18:07:34.688 [main] INFO org.evosuite.runtime.instrumentation.EvoClassLoader - Keeping class: io.netty.util.Recycler$Handle
18:07:34.688 [main] INFO org.evosuite.runtime.instrumentation.EvoClassLoader - Keeping class: io.netty.util.Recycler$EnhancedHandle
18:07:34.688 [main] INFO org.evosuite.runtime.instrumentation.EvoClassLoader - Keeping class: io.netty.util.Recycler$1
18:07:34.688 [main] INFO org.evosuite.runtime.instrumentation.EvoClassLoader - Seeing class for first time: io.netty.util.Recycler$2
18:07:34.688 [main] INFO org.evosuite.runtime.instrumentation.EvoClassLoader - Instrumenting class 'io.netty.util.Recycler$2'.
18:07:34.688 [main] INFO org.evosuite.runtime.instrumentation.MethodCallReplacementClassAdapter - Adding mock interface to class io/netty/util/Recycler$2
18:07:34.689 [main] INFO org.evosuite.runtime.instrumentation.EvoClassLoader - Keeping class: io.netty.util.Recycler$2
18:07:34.689 [main] INFO org.evosuite.runtime.instrumentation.EvoClassLoader - Seeing class for first time: io.netty.handler.codec.http.multipart.FileUpload
18:07:34.689 [main] INFO org.evosuite.runtime.instrumentation.EvoClassLoader - Instrumenting class 'io.netty.handler.codec.http.multipart.FileUpload'.
18:07:34.690 [main] INFO org.evosuite.runtime.instrumentation.EvoClassLoader - Keeping class: io.netty.handler.codec.http.multipart.FileUpload
18:07:34.690 [main] INFO org.evosuite.runtime.instrumentation.EvoClassLoader - Seeing class for first time: io.netty.buffer.PooledDuplicatedByteBuf
18:07:34.690 [main] INFO org.evosuite.runtime.instrumentation.EvoClassLoader - Instrumenting class 'io.netty.buffer.PooledDuplicatedByteBuf'.
18:07:34.691 [main] INFO org.evosuite.runtime.instrumentation.MethodCallReplacementClassAdapter - Adding mock interface to class io/netty/buffer/PooledDuplicatedByteBuf
18:07:34.691 [main] INFO org.evosuite.runtime.instrumentation.CreateClassResetClassAdapter - Found static initializer in class io/netty/buffer/PooledDuplicatedByteBuf
18:07:34.692 [main] INFO org.evosuite.runtime.instrumentation.EvoClassLoader - Seeing class for first time: io.netty.buffer.AbstractPooledDerivedByteBuf
18:07:34.692 [main] INFO org.evosuite.runtime.instrumentation.EvoClassLoader - Instrumenting class 'io.netty.buffer.AbstractPooledDerivedByteBuf'.
18:07:34.692 [main] INFO org.evosuite.runtime.instrumentation.MethodCallReplacementClassAdapter - Adding mock interface to class io/netty/buffer/AbstractPooledDerivedByteBuf
18:07:34.693 [main] INFO org.evosuite.runtime.instrumentation.CreateClassResetClassAdapter - Found static initializer in class io/netty/buffer/AbstractPooledDerivedByteBuf
18:07:34.694 [main] INFO org.evosuite.runtime.instrumentation.EvoClassLoader - Keeping class: io.netty.buffer.AbstractPooledDerivedByteBuf
18:07:34.694 [main] INFO org.evosuite.runtime.instrumentation.EvoClassLoader - Keeping class: io.netty.buffer.PooledDuplicatedByteBuf
18:07:34.694 [main] INFO org.evosuite.runtime.instrumentation.EvoClassLoader - Seeing class for first time: io.netty.buffer.PooledSlicedByteBuf
18:07:34.694 [main] INFO org.evosuite.runtime.instrumentation.EvoClassLoader - Instrumenting class 'io.netty.buffer.PooledSlicedByteBuf'.
18:07:34.695 [main] INFO org.evosuite.runtime.instrumentation.MethodCallReplacementClassAdapter - Adding mock interface to class io/netty/buffer/PooledSlicedByteBuf
18:07:34.696 [main] INFO org.evosuite.runtime.instrumentation.CreateClassResetClassAdapter - Found static initializer in class io/netty/buffer/PooledSlicedByteBuf
18:07:34.696 [main] INFO org.evosuite.runtime.instrumentation.EvoClassLoader - Keeping class: io.netty.buffer.PooledSlicedByteBuf
18:07:34.697 [main] INFO org.evosuite.runtime.instrumentation.EvoClassLoader - Seeing class for first time: io.netty.buffer.AbstractPooledDerivedByteBuf$PooledNonRetainedDuplicateByteBuf
18:07:34.697 [main] INFO org.evosuite.runtime.instrumentation.EvoClassLoader - Instrumenting class 'io.netty.buffer.AbstractPooledDerivedByteBuf$PooledNonRetainedDuplicateByteBuf'.
18:07:34.697 [main] INFO org.evosuite.runtime.instrumentation.MethodCallReplacementClassAdapter - Adding mock interface to class io/netty/buffer/AbstractPooledDerivedByteBuf$PooledNonRetainedDuplicateByteBuf
18:07:34.698 [main] INFO org.evosuite.runtime.instrumentation.CreateClassResetClassAdapter - Creating brand-new static initializer in class io/netty/buffer/AbstractPooledDerivedByteBuf$PooledNonRetainedDuplicateByteBuf
18:07:34.698 [main] INFO org.evosuite.runtime.instrumentation.EvoClassLoader - Keeping class: io.netty.buffer.AbstractPooledDerivedByteBuf$PooledNonRetainedDuplicateByteBuf
18:07:34.698 [main] INFO org.evosuite.runtime.instrumentation.EvoClassLoader - Seeing class for first time: io.netty.buffer.AbstractPooledDerivedByteBuf$PooledNonRetainedSlicedByteBuf
18:07:34.698 [main] INFO org.evosuite.runtime.instrumentation.EvoClassLoader - Instrumenting class 'io.netty.buffer.AbstractPooledDerivedByteBuf$PooledNonRetainedSlicedByteBuf'.
18:07:34.698 [main] INFO org.evosuite.runtime.instrumentation.MethodCallReplacementClassAdapter - Adding mock interface to class io/netty/buffer/AbstractPooledDerivedByteBuf$PooledNonRetainedSlicedByteBuf
18:07:34.699 [main] INFO org.evosuite.runtime.instrumentation.CreateClassResetClassAdapter - Creating brand-new static initializer in class io/netty/buffer/AbstractPooledDerivedByteBuf$PooledNonRetainedSlicedByteBuf
18:07:34.699 [main] INFO org.evosuite.runtime.instrumentation.EvoClassLoader - Keeping class: io.netty.buffer.AbstractPooledDerivedByteBuf$PooledNonRetainedSlicedByteBuf
18:07:34.700 [main] INFO org.evosuite.runtime.instrumentation.EvoClassLoader - Seeing class for first time: io.netty.util.internal.shaded.org.jctools.util.UnsafeRefArrayAccess
18:07:34.700 [main] INFO org.evosuite.runtime.instrumentation.EvoClassLoader - Instrumenting class 'io.netty.util.internal.shaded.org.jctools.util.UnsafeRefArrayAccess'.
18:07:34.700 [main] INFO org.evosuite.runtime.instrumentation.MethodCallReplacementClassAdapter - Adding mock interface to class io/netty/util/internal/shaded/org/jctools/util/UnsafeRefArrayAccess
18:07:34.700 [main] INFO org.evosuite.runtime.instrumentation.CreateClassResetClassAdapter - Found static initializer in class io/netty/util/internal/shaded/org/jctools/util/UnsafeRefArrayAccess
18:07:34.701 [main] INFO org.evosuite.runtime.instrumentation.EvoClassLoader - Keeping class: io.netty.util.internal.shaded.org.jctools.util.UnsafeRefArrayAccess
18:07:34.701 [main] INFO org.evosuite.runtime.instrumentation.EvoClassLoader - Seeing class for first time: io.netty.buffer.UnsafeHeapSwappedByteBuf
18:07:34.702 [main] INFO org.evosuite.runtime.instrumentation.EvoClassLoader - Instrumenting class 'io.netty.buffer.UnsafeHeapSwappedByteBuf'.
18:07:34.702 [main] INFO org.evosuite.runtime.instrumentation.MethodCallReplacementClassAdapter - Adding mock interface to class io/netty/buffer/UnsafeHeapSwappedByteBuf
18:07:34.702 [main] INFO org.evosuite.runtime.instrumentation.CreateClassResetClassAdapter - Creating brand-new static initializer in class io/netty/buffer/UnsafeHeapSwappedByteBuf
18:07:34.702 [main] INFO org.evosuite.runtime.instrumentation.EvoClassLoader - Keeping class: io.netty.buffer.UnsafeHeapSwappedByteBuf
18:07:34.703 [main] INFO org.evosuite.runtime.instrumentation.EvoClassLoader - Seeing class for first time: io.netty.handler.codec.http.HttpHeaderNames
18:07:34.703 [main] INFO org.evosuite.runtime.instrumentation.EvoClassLoader - Instrumenting class 'io.netty.handler.codec.http.HttpHeaderNames'.
18:07:34.703 [main] INFO org.evosuite.runtime.instrumentation.MethodCallReplacementClassAdapter - Adding mock interface to class io/netty/handler/codec/http/HttpHeaderNames
18:07:34.703 [main] INFO org.evosuite.runtime.instrumentation.CreateClassResetClassAdapter - Found static initializer in class io/netty/handler/codec/http/HttpHeaderNames
18:07:34.704 [main] INFO org.evosuite.runtime.instrumentation.EvoClassLoader - Keeping class: io.netty.handler.codec.http.HttpHeaderNames
18:07:34.705 [main] INFO org.evosuite.runtime.instrumentation.EvoClassLoader - Seeing class for first time: io.netty.util.AsciiString$CharEqualityComparator
18:07:34.705 [main] INFO org.evosuite.runtime.instrumentation.EvoClassLoader - Instrumenting class 'io.netty.util.AsciiString$CharEqualityComparator'.
18:07:34.706 [main] INFO org.evosuite.runtime.instrumentation.EvoClassLoader - Keeping class: io.netty.util.AsciiString$CharEqualityComparator
18:07:34.706 [main] INFO org.evosuite.runtime.instrumentation.EvoClassLoader - Seeing class for first time: io.netty.util.HashingStrategy
18:07:34.706 [main] INFO org.evosuite.runtime.instrumentation.EvoClassLoader - Instrumenting class 'io.netty.util.HashingStrategy'.
18:07:34.706 [main] INFO org.evosuite.runtime.instrumentation.EvoClassLoader - Keeping class: io.netty.util.HashingStrategy
18:07:34.707 [main] INFO org.evosuite.runtime.instrumentation.EvoClassLoader - Seeing class for first time: io.netty.util.internal.MathUtil
18:07:34.707 [main] INFO org.evosuite.runtime.instrumentation.EvoClassLoader - Instrumenting class 'io.netty.util.internal.MathUtil'.
18:07:34.707 [main] INFO org.evosuite.runtime.instrumentation.MethodCallReplacementClassAdapter - Adding mock interface to class io/netty/util/internal/MathUtil
18:07:34.708 [main] INFO org.evosuite.runtime.instrumentation.CreateClassResetClassAdapter - Found static initializer in class io/netty/util/internal/MathUtil
18:07:34.708 [main] INFO org.evosuite.runtime.instrumentation.EvoClassLoader - Keeping class: io.netty.util.internal.MathUtil
18:07:34.708 [main] INFO org.evosuite.runtime.instrumentation.EvoClassLoader - Seeing class for first time: io.netty.util.AsciiString$1
18:07:34.708 [main] INFO org.evosuite.runtime.instrumentation.EvoClassLoader - Instrumenting class 'io.netty.util.AsciiString$1'.
18:07:34.708 [main] INFO org.evosuite.runtime.instrumentation.MethodCallReplacementClassAdapter - Adding mock interface to class io/netty/util/AsciiString$1
18:07:34.709 [main] INFO org.evosuite.runtime.instrumentation.EvoClassLoader - Keeping class: io.netty.util.AsciiString$1
18:07:34.709 [main] INFO org.evosuite.runtime.instrumentation.EvoClassLoader - Seeing class for first time: io.netty.util.AsciiString$2
18:07:34.709 [main] INFO org.evosuite.runtime.instrumentation.EvoClassLoader - Instrumenting class 'io.netty.util.AsciiString$2'.
18:07:34.709 [main] INFO org.evosuite.runtime.instrumentation.MethodCallReplacementClassAdapter - Adding mock interface to class io/netty/util/AsciiString$2
18:07:34.709 [main] INFO org.evosuite.runtime.instrumentation.EvoClassLoader - Keeping class: io.netty.util.AsciiString$2
18:07:34.712 [main] INFO org.evosuite.runtime.instrumentation.EvoClassLoader - Seeing class for first time: io.netty.buffer.ByteBufUtil
18:07:34.712 [main] INFO org.evosuite.runtime.instrumentation.EvoClassLoader - Instrumenting class 'io.netty.buffer.ByteBufUtil'.
18:07:34.714 [main] INFO org.evosuite.runtime.instrumentation.MethodCallReplacementClassAdapter - Adding mock interface to class io/netty/buffer/ByteBufUtil
18:07:34.724 [main] INFO org.evosuite.runtime.instrumentation.CreateClassResetClassAdapter - Found static initializer in class io/netty/buffer/ByteBufUtil
18:07:34.729 [main] INFO org.evosuite.runtime.instrumentation.EvoClassLoader - Keeping class: io.netty.buffer.ByteBufUtil
18:07:34.730 [main] INFO org.evosuite.runtime.instrumentation.EvoClassLoader - Seeing class for first time: io.netty.buffer.ByteBufUtil$1
18:07:34.730 [main] INFO org.evosuite.runtime.instrumentation.EvoClassLoader - Instrumenting class 'io.netty.buffer.ByteBufUtil$1'.
18:07:34.730 [main] INFO org.evosuite.runtime.instrumentation.MethodCallReplacementClassAdapter - Adding mock interface to class io/netty/buffer/ByteBufUtil$1
18:07:34.731 [main] INFO org.evosuite.runtime.instrumentation.EvoClassLoader - Keeping class: io.netty.buffer.ByteBufUtil$1
18:07:34.731 [main] INFO org.evosuite.runtime.instrumentation.EvoClassLoader - Seeing class for first time: io.netty.buffer.ByteBufUtil$ThreadLocalUnsafeDirectByteBuf
18:07:34.731 [main] INFO org.evosuite.runtime.instrumentation.EvoClassLoader - Instrumenting class 'io.netty.buffer.ByteBufUtil$ThreadLocalUnsafeDirectByteBuf'.
18:07:34.732 [main] INFO org.evosuite.runtime.instrumentation.MethodCallReplacementClassAdapter - Adding mock interface to class io/netty/buffer/ByteBufUtil$ThreadLocalUnsafeDirectByteBuf
18:07:34.732 [main] INFO org.evosuite.runtime.instrumentation.CreateClassResetClassAdapter - Found static initializer in class io/netty/buffer/ByteBufUtil$ThreadLocalUnsafeDirectByteBuf
18:07:34.732 [main] INFO org.evosuite.runtime.instrumentation.EvoClassLoader - Keeping class: io.netty.buffer.ByteBufUtil$ThreadLocalUnsafeDirectByteBuf
18:07:34.732 [main] INFO org.evosuite.runtime.instrumentation.EvoClassLoader - Seeing class for first time: io.netty.buffer.ByteBufUtil$ThreadLocalDirectByteBuf
18:07:34.732 [main] INFO org.evosuite.runtime.instrumentation.EvoClassLoader - Instrumenting class 'io.netty.buffer.ByteBufUtil$ThreadLocalDirectByteBuf'.
18:07:34.733 [main] INFO org.evosuite.runtime.instrumentation.MethodCallReplacementClassAdapter - Adding mock interface to class io/netty/buffer/ByteBufUtil$ThreadLocalDirectByteBuf
18:07:34.739 [main] INFO org.evosuite.runtime.instrumentation.CreateClassResetClassAdapter - Found static initializer in class io/netty/buffer/ByteBufUtil$ThreadLocalDirectByteBuf
18:07:34.739 [main] INFO org.evosuite.runtime.instrumentation.EvoClassLoader - Keeping class: io.netty.buffer.ByteBufUtil$ThreadLocalDirectByteBuf
18:07:34.740 [main] INFO org.evosuite.runtime.instrumentation.EvoClassLoader - Seeing class for first time: io.netty.util.CharsetUtil
18:07:34.740 [main] INFO org.evosuite.runtime.instrumentation.EvoClassLoader - Instrumenting class 'io.netty.util.CharsetUtil'.
18:07:34.741 [main] INFO org.evosuite.runtime.instrumentation.MethodCallReplacementClassAdapter - Adding mock interface to class io/netty/util/CharsetUtil
18:07:34.741 [main] INFO org.evosuite.runtime.instrumentation.CreateClassResetClassAdapter - Found static initializer in class io/netty/util/CharsetUtil
18:07:34.742 [main] INFO org.evosuite.runtime.instrumentation.EvoClassLoader - Keeping class: io.netty.util.CharsetUtil
18:07:34.742 [main] DEBUG io.netty.buffer.ByteBufUtil - -Dio.netty.allocator.type: pooled
18:07:34.742 [main] DEBUG io.netty.buffer.ByteBufUtil - -Dio.netty.threadLocalDirectBufferSize: 0
18:07:34.742 [main] DEBUG io.netty.buffer.ByteBufUtil - -Dio.netty.maxThreadLocalCharBufferSize: 16384
18:07:34.742 [main] INFO org.evosuite.runtime.instrumentation.EvoClassLoader - Seeing class for first time: io.netty.buffer.ByteBufUtil$2
18:07:34.742 [main] INFO org.evosuite.runtime.instrumentation.EvoClassLoader - Instrumenting class 'io.netty.buffer.ByteBufUtil$2'.
18:07:34.743 [main] INFO org.evosuite.runtime.instrumentation.MethodCallReplacementClassAdapter - Adding mock interface to class io/netty/buffer/ByteBufUtil$2
18:07:34.743 [main] INFO org.evosuite.runtime.instrumentation.EvoClassLoader - Keeping class: io.netty.buffer.ByteBufUtil$2
18:07:34.744 [main] INFO org.evosuite.runtime.instrumentation.EvoClassLoader - Seeing class for first time: io.netty.handler.codec.http.HttpConstants
18:07:34.744 [main] INFO org.evosuite.runtime.instrumentation.EvoClassLoader - Instrumenting class 'io.netty.handler.codec.http.HttpConstants'.
18:07:34.745 [main] INFO org.evosuite.runtime.instrumentation.MethodCallReplacementClassAdapter - Adding mock interface to class io/netty/handler/codec/http/HttpConstants
18:07:34.745 [main] INFO org.evosuite.runtime.instrumentation.CreateClassResetClassAdapter - Found static initializer in class io/netty/handler/codec/http/HttpConstants
18:07:34.746 [main] INFO org.evosuite.runtime.instrumentation.EvoClassLoader - Keeping class: io.netty.handler.codec.http.HttpConstants
18:07:34.747 [main] INFO org.evosuite.runtime.instrumentation.EvoClassLoader - Seeing class for first time: io.netty.handler.codec.http.multipart.DiskFileUpload
18:07:34.747 [main] INFO org.evosuite.runtime.instrumentation.EvoClassLoader - Instrumenting class 'io.netty.handler.codec.http.multipart.DiskFileUpload'.
18:07:34.748 [main] INFO org.evosuite.runtime.instrumentation.MethodCallReplacementClassAdapter - Adding mock interface to class io/netty/handler/codec/http/multipart/DiskFileUpload
18:07:34.750 [main] INFO org.evosuite.runtime.instrumentation.CreateClassResetClassAdapter - Found static initializer in class io/netty/handler/codec/http/multipart/DiskFileUpload
18:07:34.750 [main] INFO org.evosuite.runtime.instrumentation.EvoClassLoader - Keeping class: io.netty.handler.codec.http.multipart.DiskFileUpload
18:07:34.753 [main] INFO org.evosuite.runtime.instrumentation.EvoClassLoader - Seeing class for first time: io.netty.util.internal.ObjectPool$ObjectCreator
18:07:34.753 [main] INFO org.evosuite.runtime.instrumentation.EvoClassLoader - Instrumenting class 'io.netty.util.internal.ObjectPool$ObjectCreator'.
18:07:34.754 [main] INFO org.evosuite.runtime.instrumentation.EvoClassLoader - Keeping class: io.netty.util.internal.ObjectPool$ObjectCreator
18:07:34.754 [main] INFO org.evosuite.runtime.instrumentation.EvoClassLoader - Seeing class for first time: io.netty.buffer.PooledDuplicatedByteBuf$1
18:07:34.754 [main] INFO org.evosuite.runtime.instrumentation.EvoClassLoader - Instrumenting class 'io.netty.buffer.PooledDuplicatedByteBuf$1'.
18:07:34.755 [main] INFO org.evosuite.runtime.instrumentation.MethodCallReplacementClassAdapter - Adding mock interface to class io/netty/buffer/PooledDuplicatedByteBuf$1
18:07:34.756 [main] INFO org.evosuite.runtime.instrumentation.EvoClassLoader - Keeping class: io.netty.buffer.PooledDuplicatedByteBuf$1
18:07:34.756 [main] DEBUG io.netty.util.Recycler - -Dio.netty.recycler.maxCapacityPerThread: 4096
18:07:34.756 [main] DEBUG io.netty.util.Recycler - -Dio.netty.recycler.ratio: 8
18:07:34.756 [main] DEBUG io.netty.util.Recycler - -Dio.netty.recycler.chunkSize: 32
18:07:34.756 [main] DEBUG io.netty.util.Recycler - -Dio.netty.recycler.blocking: false
18:07:34.756 [main] DEBUG io.netty.util.Recycler - -Dio.netty.recycler.batchFastThreadLocalOnly: true
18:07:34.758 [main] INFO org.evosuite.runtime.instrumentation.EvoClassLoader - Seeing class for first time: io.netty.buffer.PooledUnsafeDirectByteBuf$1
18:07:34.758 [main] INFO org.evosuite.runtime.instrumentation.EvoClassLoader - Instrumenting class 'io.netty.buffer.PooledUnsafeDirectByteBuf$1'.
18:07:34.759 [main] INFO org.evosuite.runtime.instrumentation.MethodCallReplacementClassAdapter - Adding mock interface to class io/netty/buffer/PooledUnsafeDirectByteBuf$1
18:07:34.759 [main] INFO org.evosuite.runtime.instrumentation.EvoClassLoader - Keeping class: io.netty.buffer.PooledUnsafeDirectByteBuf$1
18:07:34.760 [main] INFO org.evosuite.runtime.instrumentation.EvoClassLoader - Seeing class for first time: io.netty.util.HashingStrategy$1
18:07:34.760 [main] INFO org.evosuite.runtime.instrumentation.EvoClassLoader - Instrumenting class 'io.netty.util.HashingStrategy$1'.
18:07:34.760 [main] INFO org.evosuite.runtime.instrumentation.MethodCallReplacementClassAdapter - Adding mock interface to class io/netty/util/HashingStrategy$1
18:07:34.761 [main] INFO org.evosuite.runtime.instrumentation.EvoClassLoader - Keeping class: io.netty.util.HashingStrategy$1
18:07:34.761 [main] INFO org.evosuite.runtime.instrumentation.EvoClassLoader - Seeing class for first time: io.netty.util.internal.shaded.org.jctools.queues.MessagePassingQueueUtil
18:07:34.761 [main] INFO org.evosuite.runtime.instrumentation.EvoClassLoader - Instrumenting class 'io.netty.util.internal.shaded.org.jctools.queues.MessagePassingQueueUtil'.
18:07:34.762 [main] INFO org.evosuite.runtime.instrumentation.MethodCallReplacementClassAdapter - Adding mock interface to class io/netty/util/internal/shaded/org/jctools/queues/MessagePassingQueueUtil
18:07:34.764 [main] INFO org.evosuite.runtime.instrumentation.CreateClassResetClassAdapter - Creating brand-new static initializer in class io/netty/util/internal/shaded/org/jctools/queues/MessagePassingQueueUtil
18:07:34.764 [main] INFO org.evosuite.runtime.instrumentation.EvoClassLoader - Keeping class: io.netty.util.internal.shaded.org.jctools.queues.MessagePassingQueueUtil
18:07:34.765 [main] INFO org.evosuite.runtime.instrumentation.EvoClassLoader - Seeing class for first time: io.netty.util.internal.shaded.org.jctools.queues.BaseMpscLinkedArrayQueue
18:07:34.765 [main] INFO org.evosuite.runtime.instrumentation.EvoClassLoader - Instrumenting class 'io.netty.util.internal.shaded.org.jctools.queues.BaseMpscLinkedArrayQueue'.
18:07:34.765 [main] INFO org.evosuite.runtime.instrumentation.MethodCallReplacementClassAdapter - Adding mock interface to class io/netty/util/internal/shaded/org/jctools/queues/BaseMpscLinkedArrayQueue
18:07:34.768 [main] INFO org.evosuite.runtime.instrumentation.CreateClassResetClassAdapter - Found static initializer in class io/netty/util/internal/shaded/org/jctools/queues/BaseMpscLinkedArrayQueue
18:07:34.769 [main] INFO org.evosuite.runtime.instrumentation.EvoClassLoader - Seeing class for first time: io.netty.util.internal.shaded.org.jctools.queues.BaseMpscLinkedArrayQueueColdProducerFields
18:07:34.769 [main] INFO org.evosuite.runtime.instrumentation.EvoClassLoader - Instrumenting class 'io.netty.util.internal.shaded.org.jctools.queues.BaseMpscLinkedArrayQueueColdProducerFields'.
18:07:34.769 [main] INFO org.evosuite.runtime.instrumentation.MethodCallReplacementClassAdapter - Adding mock interface to class io/netty/util/internal/shaded/org/jctools/queues/BaseMpscLinkedArrayQueueColdProducerFields
18:07:34.770 [main] INFO org.evosuite.runtime.instrumentation.CreateClassResetClassAdapter - Found static initializer in class io/netty/util/internal/shaded/org/jctools/queues/BaseMpscLinkedArrayQueueColdProducerFields
18:07:34.770 [main] INFO org.evosuite.runtime.instrumentation.EvoClassLoader - Seeing class for first time: io.netty.util.internal.shaded.org.jctools.queues.BaseMpscLinkedArrayQueuePad3
18:07:34.770 [main] INFO org.evosuite.runtime.instrumentation.EvoClassLoader - Instrumenting class 'io.netty.util.internal.shaded.org.jctools.queues.BaseMpscLinkedArrayQueuePad3'.
18:07:34.771 [main] INFO org.evosuite.runtime.instrumentation.MethodCallReplacementClassAdapter - Adding mock interface to class io/netty/util/internal/shaded/org/jctools/queues/BaseMpscLinkedArrayQueuePad3
18:07:34.771 [main] INFO org.evosuite.runtime.instrumentation.CreateClassResetClassAdapter - Creating brand-new static initializer in class io/netty/util/internal/shaded/org/jctools/queues/BaseMpscLinkedArrayQueuePad3
18:07:34.771 [main] INFO org.evosuite.runtime.instrumentation.EvoClassLoader - Keeping class: io.netty.util.internal.shaded.org.jctools.queues.BaseMpscLinkedArrayQueuePad3
18:07:34.771 [main] INFO org.evosuite.runtime.instrumentation.EvoClassLoader - Keeping class: io.netty.util.internal.shaded.org.jctools.queues.BaseMpscLinkedArrayQueueColdProducerFields
18:07:34.772 [main] INFO org.evosuite.runtime.instrumentation.EvoClassLoader - Keeping class: io.netty.util.internal.shaded.org.jctools.queues.BaseMpscLinkedArrayQueue
18:07:34.776 [main] INFO org.evosuite.runtime.instrumentation.EvoClassLoader - Seeing class for first time: io.netty.util.internal.shaded.org.jctools.queues.atomic.MpscUnboundedAtomicArrayQueue
18:07:34.776 [main] INFO org.evosuite.runtime.instrumentation.EvoClassLoader - Instrumenting class 'io.netty.util.internal.shaded.org.jctools.queues.atomic.MpscUnboundedAtomicArrayQueue'.
18:07:34.777 [main] INFO org.evosuite.runtime.instrumentation.MethodCallReplacementClassAdapter - Adding mock interface to class io/netty/util/internal/shaded/org/jctools/queues/atomic/MpscUnboundedAtomicArrayQueue
18:07:34.778 [main] INFO org.evosuite.runtime.instrumentation.CreateClassResetClassAdapter - Creating brand-new static initializer in class io/netty/util/internal/shaded/org/jctools/queues/atomic/MpscUnboundedAtomicArrayQueue
18:07:34.779 [main] INFO org.evosuite.runtime.instrumentation.EvoClassLoader - Keeping class: io.netty.util.internal.shaded.org.jctools.queues.atomic.MpscUnboundedAtomicArrayQueue
18:07:34.780 [main] INFO org.evosuite.runtime.instrumentation.EvoClassLoader - Seeing class for first time: io.netty.buffer.UnsafeByteBufUtil
18:07:34.780 [main] INFO org.evosuite.runtime.instrumentation.EvoClassLoader - Instrumenting class 'io.netty.buffer.UnsafeByteBufUtil'.
18:07:34.782 [main] INFO org.evosuite.runtime.instrumentation.MethodCallReplacementClassAdapter - Adding mock interface to class io/netty/buffer/UnsafeByteBufUtil
18:07:34.787 [main] INFO org.evosuite.runtime.instrumentation.CreateClassResetClassAdapter - Found static initializer in class io/netty/buffer/UnsafeByteBufUtil
18:07:34.788 [main] INFO org.evosuite.runtime.instrumentation.EvoClassLoader - Keeping class: io.netty.buffer.UnsafeByteBufUtil
18:07:34.790 [main] INFO org.evosuite.runtime.instrumentation.EvoClassLoader - Seeing class for first time: io.netty.util.Recycler$LocalPool
18:07:34.790 [main] INFO org.evosuite.runtime.instrumentation.EvoClassLoader - Instrumenting class 'io.netty.util.Recycler$LocalPool'.
18:07:34.791 [main] INFO org.evosuite.runtime.instrumentation.MethodCallReplacementClassAdapter - Adding mock interface to class io/netty/util/Recycler$LocalPool
18:07:34.793 [main] INFO org.evosuite.runtime.instrumentation.CreateClassResetClassAdapter - Creating brand-new static initializer in class io/netty/util/Recycler$LocalPool
18:07:34.794 [main] INFO org.evosuite.runtime.instrumentation.EvoClassLoader - Keeping class: io.netty.util.Recycler$LocalPool
18:07:34.795 [main] INFO org.evosuite.runtime.instrumentation.EvoClassLoader - Seeing class for first time: io.netty.buffer.PooledDirectByteBuf$1
18:07:34.795 [main] INFO org.evosuite.runtime.instrumentation.EvoClassLoader - Instrumenting class 'io.netty.buffer.PooledDirectByteBuf$1'.
18:07:34.796 [main] INFO org.evosuite.runtime.instrumentation.MethodCallReplacementClassAdapter - Adding mock interface to class io/netty/buffer/PooledDirectByteBuf$1
18:07:34.796 [main] INFO org.evosuite.runtime.instrumentation.EvoClassLoader - Keeping class: io.netty.buffer.PooledDirectByteBuf$1
18:07:34.798 [main] INFO org.evosuite.runtime.instrumentation.EvoClassLoader - Seeing class for first time: io.netty.buffer.PooledSlicedByteBuf$1
18:07:34.798 [main] INFO org.evosuite.runtime.instrumentation.EvoClassLoader - Instrumenting class 'io.netty.buffer.PooledSlicedByteBuf$1'.
18:07:34.798 [main] INFO org.evosuite.runtime.instrumentation.MethodCallReplacementClassAdapter - Adding mock interface to class io/netty/buffer/PooledSlicedByteBuf$1
18:07:34.799 [main] INFO org.evosuite.runtime.instrumentation.EvoClassLoader - Keeping class: io.netty.buffer.PooledSlicedByteBuf$1
18:07:34.799 [main] INFO org.evosuite.runtime.instrumentation.EvoClassLoader - Seeing class for first time: io.netty.channel.ChannelException$StacklessChannelException
18:07:34.799 [main] INFO org.evosuite.runtime.instrumentation.EvoClassLoader - Instrumenting class 'io.netty.channel.ChannelException$StacklessChannelException'.
18:07:34.800 [main] INFO org.evosuite.runtime.instrumentation.MethodCallReplacementClassAdapter - Adding mock interface to class io/netty/channel/ChannelException$StacklessChannelException
18:07:34.801 [main] INFO org.evosuite.runtime.instrumentation.CreateClassResetClassAdapter - Creating brand-new static initializer in class io/netty/channel/ChannelException$StacklessChannelException
18:07:34.802 [main] INFO org.evosuite.runtime.instrumentation.EvoClassLoader - Keeping class: io.netty.channel.ChannelException$StacklessChannelException
18:07:34.803 [main] INFO org.evosuite.runtime.instrumentation.EvoClassLoader - Seeing class for first time: io.netty.util.internal.shaded.org.jctools.util.Pow2
18:07:34.803 [main] INFO org.evosuite.runtime.instrumentation.EvoClassLoader - Instrumenting class 'io.netty.util.internal.shaded.org.jctools.util.Pow2'.
18:07:34.804 [main] INFO org.evosuite.runtime.instrumentation.MethodCallReplacementClassAdapter - Adding mock interface to class io/netty/util/internal/shaded/org/jctools/util/Pow2
18:07:34.806 [main] INFO org.evosuite.runtime.instrumentation.CreateClassResetClassAdapter - Creating brand-new static initializer in class io/netty/util/internal/shaded/org/jctools/util/Pow2
18:07:34.806 [main] INFO org.evosuite.runtime.instrumentation.CreateClassResetClassAdapter - Adding bytecode for initializing field MAX_POW2
18:07:34.806 [main] INFO org.evosuite.runtime.instrumentation.EvoClassLoader - Keeping class: io.netty.util.internal.shaded.org.jctools.util.Pow2
18:07:34.809 [main] INFO org.evosuite.runtime.instrumentation.EvoClassLoader - Seeing class for first time: io.netty.util.Recycler$DefaultHandle
18:07:34.810 [main] INFO org.evosuite.runtime.instrumentation.EvoClassLoader - Instrumenting class 'io.netty.util.Recycler$DefaultHandle'.
18:07:34.810 [main] INFO org.evosuite.runtime.instrumentation.MethodCallReplacementClassAdapter - Adding mock interface to class io/netty/util/Recycler$DefaultHandle
18:07:34.812 [main] INFO org.evosuite.runtime.instrumentation.CreateClassResetClassAdapter - Found static initializer in class io/netty/util/Recycler$DefaultHandle
18:07:34.813 [main] INFO org.evosuite.runtime.instrumentation.EvoClassLoader - Keeping class: io.netty.util.Recycler$DefaultHandle
18:07:34.813 [main] INFO org.evosuite.runtime.instrumentation.EvoClassLoader - Seeing class for first time: io.netty.util.internal.PlatformDependent$Mpsc
18:07:34.813 [main] INFO org.evosuite.runtime.instrumentation.EvoClassLoader - Instrumenting class 'io.netty.util.internal.PlatformDependent$Mpsc'.
18:07:34.814 [main] INFO org.evosuite.runtime.instrumentation.MethodCallReplacementClassAdapter - Adding mock interface to class io/netty/util/internal/PlatformDependent$Mpsc
18:07:34.820 [main] INFO org.evosuite.runtime.instrumentation.CreateClassResetClassAdapter - Found static initializer in class io/netty/util/internal/PlatformDependent$Mpsc
18:07:34.821 [main] INFO org.evosuite.runtime.instrumentation.EvoClassLoader - Keeping class: io.netty.util.internal.PlatformDependent$Mpsc
18:07:34.821 [main] INFO org.evosuite.runtime.instrumentation.EvoClassLoader - Seeing class for first time: io.netty.util.internal.shaded.org.jctools.queues.MpscUnboundedArrayQueue
18:07:34.821 [main] INFO org.evosuite.runtime.instrumentation.EvoClassLoader - Instrumenting class 'io.netty.util.internal.shaded.org.jctools.queues.MpscUnboundedArrayQueue'.
18:07:34.822 [main] INFO org.evosuite.runtime.instrumentation.MethodCallReplacementClassAdapter - Adding mock interface to class io/netty/util/internal/shaded/org/jctools/queues/MpscUnboundedArrayQueue
18:07:34.823 [main] INFO org.evosuite.runtime.instrumentation.CreateClassResetClassAdapter - Creating brand-new static initializer in class io/netty/util/internal/shaded/org/jctools/queues/MpscUnboundedArrayQueue
18:07:34.823 [main] INFO org.evosuite.runtime.instrumentation.EvoClassLoader - Keeping class: io.netty.util.internal.shaded.org.jctools.queues.MpscUnboundedArrayQueue
18:07:34.823 [main] INFO org.evosuite.runtime.instrumentation.EvoClassLoader - Seeing class for first time: io.netty.util.internal.shaded.org.jctools.queues.MpscChunkedArrayQueue
18:07:34.823 [main] INFO org.evosuite.runtime.instrumentation.EvoClassLoader - Instrumenting class 'io.netty.util.internal.shaded.org.jctools.queues.MpscChunkedArrayQueue'.
18:07:34.824 [main] INFO org.evosuite.runtime.instrumentation.MethodCallReplacementClassAdapter - Adding mock interface to class io/netty/util/internal/shaded/org/jctools/queues/MpscChunkedArrayQueue
18:07:34.825 [main] INFO org.evosuite.runtime.instrumentation.CreateClassResetClassAdapter - Creating brand-new static initializer in class io/netty/util/internal/shaded/org/jctools/queues/MpscChunkedArrayQueue
18:07:34.825 [main] INFO org.evosuite.runtime.instrumentation.EvoClassLoader - Seeing class for first time: io.netty.util.internal.shaded.org.jctools.queues.MpscChunkedArrayQueueColdProducerFields
18:07:34.826 [main] INFO org.evosuite.runtime.instrumentation.EvoClassLoader - Instrumenting class 'io.netty.util.internal.shaded.org.jctools.queues.MpscChunkedArrayQueueColdProducerFields'.
18:07:34.826 [main] INFO org.evosuite.runtime.instrumentation.MethodCallReplacementClassAdapter - Adding mock interface to class io/netty/util/internal/shaded/org/jctools/queues/MpscChunkedArrayQueueColdProducerFields
18:07:34.827 [main] INFO org.evosuite.runtime.instrumentation.CreateClassResetClassAdapter - Creating brand-new static initializer in class io/netty/util/internal/shaded/org/jctools/queues/MpscChunkedArrayQueueColdProducerFields
18:07:34.827 [main] INFO org.evosuite.runtime.instrumentation.EvoClassLoader - Keeping class: io.netty.util.internal.shaded.org.jctools.queues.MpscChunkedArrayQueueColdProducerFields
18:07:34.828 [main] INFO org.evosuite.runtime.instrumentation.EvoClassLoader - Keeping class: io.netty.util.internal.shaded.org.jctools.queues.MpscChunkedArrayQueue
18:07:34.828 [main] INFO org.evosuite.runtime.instrumentation.EvoClassLoader - Seeing class for first time: io.netty.util.internal.shaded.org.jctools.queues.atomic.MpscChunkedAtomicArrayQueue
18:07:34.828 [main] INFO org.evosuite.runtime.instrumentation.EvoClassLoader - Instrumenting class 'io.netty.util.internal.shaded.org.jctools.queues.atomic.MpscChunkedAtomicArrayQueue'.
18:07:34.829 [main] INFO org.evosuite.runtime.instrumentation.MethodCallReplacementClassAdapter - Adding mock interface to class io/netty/util/internal/shaded/org/jctools/queues/atomic/MpscChunkedAtomicArrayQueue
18:07:34.830 [main] INFO org.evosuite.runtime.instrumentation.CreateClassResetClassAdapter - Creating brand-new static initializer in class io/netty/util/internal/shaded/org/jctools/queues/atomic/MpscChunkedAtomicArrayQueue
18:07:34.830 [main] INFO org.evosuite.runtime.instrumentation.EvoClassLoader - Keeping class: io.netty.util.internal.shaded.org.jctools.queues.atomic.MpscChunkedAtomicArrayQueue
18:07:34.831 [main] INFO org.evosuite.runtime.instrumentation.EvoClassLoader - Seeing class for first time: io.netty.util.internal.PlatformDependent$Mpsc$1
18:07:34.831 [main] INFO org.evosuite.runtime.instrumentation.EvoClassLoader - Instrumenting class 'io.netty.util.internal.PlatformDependent$Mpsc$1'.
18:07:34.831 [main] INFO org.evosuite.runtime.instrumentation.MethodCallReplacementClassAdapter - Adding mock interface to class io/netty/util/internal/PlatformDependent$Mpsc$1
18:07:34.832 [main] INFO org.evosuite.runtime.instrumentation.EvoClassLoader - Keeping class: io.netty.util.internal.PlatformDependent$Mpsc$1
18:07:34.833 [main] DEBUG io.netty.util.internal.PlatformDependent - org.jctools-core.MpscChunkedArrayQueue: available
18:07:34.835 [main] INFO org.evosuite.runtime.instrumentation.EvoClassLoader - Seeing class for first time: io.netty.util.ByteProcessor$IndexOfProcessor
18:07:34.835 [main] INFO org.evosuite.runtime.instrumentation.EvoClassLoader - Instrumenting class 'io.netty.util.ByteProcessor$IndexOfProcessor'.
18:07:34.836 [main] INFO org.evosuite.runtime.instrumentation.MethodCallReplacementClassAdapter - Adding mock interface to class io/netty/util/ByteProcessor$IndexOfProcessor
18:07:34.836 [main] INFO org.evosuite.runtime.instrumentation.CreateClassResetClassAdapter - Creating brand-new static initializer in class io/netty/util/ByteProcessor$IndexOfProcessor
18:07:34.836 [main] INFO org.evosuite.runtime.instrumentation.EvoClassLoader - Keeping class: io.netty.util.ByteProcessor$IndexOfProcessor
18:07:34.836 [main] INFO org.evosuite.runtime.instrumentation.EvoClassLoader - Seeing class for first time: io.netty.util.ByteProcessor$IndexNotOfProcessor
18:07:34.836 [main] INFO org.evosuite.runtime.instrumentation.EvoClassLoader - Instrumenting class 'io.netty.util.ByteProcessor$IndexNotOfProcessor'.
18:07:34.837 [main] INFO org.evosuite.runtime.instrumentation.MethodCallReplacementClassAdapter - Adding mock interface to class io/netty/util/ByteProcessor$IndexNotOfProcessor
18:07:34.837 [main] INFO org.evosuite.runtime.instrumentation.CreateClassResetClassAdapter - Creating brand-new static initializer in class io/netty/util/ByteProcessor$IndexNotOfProcessor
18:07:34.838 [main] INFO org.evosuite.runtime.instrumentation.EvoClassLoader - Keeping class: io.netty.util.ByteProcessor$IndexNotOfProcessor
18:07:34.838 [main] INFO org.evosuite.runtime.instrumentation.EvoClassLoader - Seeing class for first time: io.netty.util.ByteProcessor$1
18:07:34.838 [main] INFO org.evosuite.runtime.instrumentation.EvoClassLoader - Instrumenting class 'io.netty.util.ByteProcessor$1'.
18:07:34.838 [main] INFO org.evosuite.runtime.instrumentation.MethodCallReplacementClassAdapter - Adding mock interface to class io/netty/util/ByteProcessor$1
18:07:34.839 [main] INFO org.evosuite.runtime.instrumentation.EvoClassLoader - Keeping class: io.netty.util.ByteProcessor$1
18:07:34.839 [main] INFO org.evosuite.runtime.instrumentation.EvoClassLoader - Seeing class for first time: io.netty.util.ByteProcessor$2
18:07:34.839 [main] INFO org.evosuite.runtime.instrumentation.EvoClassLoader - Instrumenting class 'io.netty.util.ByteProcessor$2'.
18:07:34.839 [main] INFO org.evosuite.runtime.instrumentation.MethodCallReplacementClassAdapter - Adding mock interface to class io/netty/util/ByteProcessor$2
18:07:34.840 [main] INFO org.evosuite.runtime.instrumentation.EvoClassLoader - Keeping class: io.netty.util.ByteProcessor$2
18:07:34.840 [main] INFO org.evosuite.runtime.instrumentation.EvoClassLoader - Seeing class for first time: io.netty.util.ByteProcessor$3
18:07:34.840 [main] INFO org.evosuite.runtime.instrumentation.EvoClassLoader - Instrumenting class 'io.netty.util.ByteProcessor$3'.
18:07:34.841 [main] INFO org.evosuite.runtime.instrumentation.MethodCallReplacementClassAdapter - Adding mock interface to class io/netty/util/ByteProcessor$3
18:07:34.841 [main] INFO org.evosuite.runtime.instrumentation.EvoClassLoader - Keeping class: io.netty.util.ByteProcessor$3
18:07:34.841 [main] INFO org.evosuite.runtime.instrumentation.EvoClassLoader - Seeing class for first time: io.netty.util.ByteProcessor$4
18:07:34.841 [main] INFO org.evosuite.runtime.instrumentation.EvoClassLoader - Instrumenting class 'io.netty.util.ByteProcessor$4'.
18:07:34.842 [main] INFO org.evosuite.runtime.instrumentation.MethodCallReplacementClassAdapter - Adding mock interface to class io/netty/util/ByteProcessor$4
18:07:34.842 [main] INFO org.evosuite.runtime.instrumentation.EvoClassLoader - Keeping class: io.netty.util.ByteProcessor$4
18:07:34.845 [main] INFO org.evosuite.runtime.instrumentation.EvoClassLoader - Seeing class for first time: io.netty.util.internal.RecyclableArrayList$1
18:07:34.845 [main] INFO org.evosuite.runtime.instrumentation.EvoClassLoader - Instrumenting class 'io.netty.util.internal.RecyclableArrayList$1'.
18:07:34.846 [main] INFO org.evosuite.runtime.instrumentation.MethodCallReplacementClassAdapter - Adding mock interface to class io/netty/util/internal/RecyclableArrayList$1
18:07:34.847 [main] INFO org.evosuite.runtime.instrumentation.EvoClassLoader - Keeping class: io.netty.util.internal.RecyclableArrayList$1
18:07:34.849 [main] INFO org.evosuite.runtime.instrumentation.EvoClassLoader - Seeing class for first time: io.netty.buffer.CompositeByteBuf$ByteWrapper
18:07:34.849 [main] INFO org.evosuite.runtime.instrumentation.EvoClassLoader - Instrumenting class 'io.netty.buffer.CompositeByteBuf$ByteWrapper'.
18:07:34.850 [main] INFO org.evosuite.runtime.instrumentation.EvoClassLoader - Keeping class: io.netty.buffer.CompositeByteBuf$ByteWrapper
18:07:34.855 [main] INFO org.evosuite.runtime.instrumentation.EvoClassLoader - Seeing class for first time: io.netty.buffer.CompositeByteBuf$1
18:07:34.855 [main] INFO org.evosuite.runtime.instrumentation.EvoClassLoader - Instrumenting class 'io.netty.buffer.CompositeByteBuf$1'.
18:07:34.856 [main] INFO org.evosuite.runtime.instrumentation.MethodCallReplacementClassAdapter - Adding mock interface to class io/netty/buffer/CompositeByteBuf$1
18:07:34.857 [main] INFO org.evosuite.runtime.instrumentation.EvoClassLoader - Keeping class: io.netty.buffer.CompositeByteBuf$1
18:07:34.857 [main] INFO org.evosuite.runtime.instrumentation.EvoClassLoader - Seeing class for first time: io.netty.buffer.CompositeByteBuf$2
18:07:34.857 [main] INFO org.evosuite.runtime.instrumentation.EvoClassLoader - Instrumenting class 'io.netty.buffer.CompositeByteBuf$2'.
18:07:34.858 [main] INFO org.evosuite.runtime.instrumentation.MethodCallReplacementClassAdapter - Adding mock interface to class io/netty/buffer/CompositeByteBuf$2
18:07:34.859 [main] INFO org.evosuite.runtime.instrumentation.EvoClassLoader - Keeping class: io.netty.buffer.CompositeByteBuf$2
18:07:34.863 [main] INFO org.evosuite.runtime.instrumentation.EvoClassLoader - Seeing class for first time: io.netty.handler.codec.http.multipart.Attribute
18:07:34.863 [main] INFO org.evosuite.runtime.instrumentation.EvoClassLoader - Instrumenting class 'io.netty.handler.codec.http.multipart.Attribute'.
18:07:34.864 [main] INFO org.evosuite.runtime.instrumentation.EvoClassLoader - Keeping class: io.netty.handler.codec.http.multipart.Attribute
18:07:34.866 [main] INFO org.evosuite.runtime.instrumentation.EvoClassLoader - Seeing class for first time: io.netty.handler.codec.http.multipart.DiskAttribute
18:07:34.866 [main] INFO org.evosuite.runtime.instrumentation.EvoClassLoader - Instrumenting class 'io.netty.handler.codec.http.multipart.DiskAttribute'.
18:07:34.867 [main] INFO org.evosuite.runtime.instrumentation.MethodCallReplacementClassAdapter - Adding mock interface to class io/netty/handler/codec/http/multipart/DiskAttribute
18:07:34.869 [main] INFO org.evosuite.runtime.instrumentation.CreateClassResetClassAdapter - Found static initializer in class io/netty/handler/codec/http/multipart/DiskAttribute
18:07:34.869 [main] INFO org.evosuite.runtime.instrumentation.EvoClassLoader - Keeping class: io.netty.handler.codec.http.multipart.DiskAttribute
18:07:34.871 [main] INFO org.evosuite.runtime.instrumentation.EvoClassLoader - Seeing class for first time: io.netty.util.internal.RecyclableArrayList
18:07:34.871 [main] INFO org.evosuite.runtime.instrumentation.EvoClassLoader - Instrumenting class 'io.netty.util.internal.RecyclableArrayList'.
18:07:34.872 [main] INFO org.evosuite.runtime.instrumentation.MethodCallReplacementClassAdapter - Adding mock interface to class io/netty/util/internal/RecyclableArrayList
18:07:34.876 [main] INFO org.evosuite.runtime.instrumentation.CreateClassResetClassAdapter - Found static initializer in class io/netty/util/internal/RecyclableArrayList
18:07:34.877 [main] INFO org.evosuite.runtime.instrumentation.EvoClassLoader - Keeping class: io.netty.util.internal.RecyclableArrayList
18:07:34.880 [main] INFO org.evosuite.runtime.instrumentation.EvoClassLoader - Seeing class for first time: io.netty.handler.codec.http.HttpHeaderValues
18:07:34.880 [main] INFO org.evosuite.runtime.instrumentation.EvoClassLoader - Instrumenting class 'io.netty.handler.codec.http.HttpHeaderValues'.
18:07:34.882 [main] INFO org.evosuite.runtime.instrumentation.MethodCallReplacementClassAdapter - Adding mock interface to class io/netty/handler/codec/http/HttpHeaderValues
18:07:34.882 [main] INFO org.evosuite.runtime.instrumentation.CreateClassResetClassAdapter - Found static initializer in class io/netty/handler/codec/http/HttpHeaderValues
18:07:34.884 [main] INFO org.evosuite.runtime.instrumentation.EvoClassLoader - Keeping class: io.netty.handler.codec.http.HttpHeaderValues
18:07:34.885 [main] INFO org.evosuite.runtime.instrumentation.EvoClassLoader - Seeing class for first time: io.netty.handler.codec.http.multipart.InternalAttribute
18:07:34.886 [main] INFO org.evosuite.runtime.instrumentation.EvoClassLoader - Instrumenting class 'io.netty.handler.codec.http.multipart.InternalAttribute'.
18:07:34.886 [main] INFO org.evosuite.runtime.instrumentation.MethodCallReplacementClassAdapter - Adding mock interface to class io/netty/handler/codec/http/multipart/InternalAttribute
18:07:34.888 [main] INFO org.evosuite.runtime.instrumentation.CreateClassResetClassAdapter - Creating brand-new static initializer in class io/netty/handler/codec/http/multipart/InternalAttribute
18:07:34.888 [main] INFO org.evosuite.runtime.instrumentation.EvoClassLoader - Keeping class: io.netty.handler.codec.http.multipart.InternalAttribute
18:07:34.891 [main] INFO org.evosuite.runtime.instrumentation.EvoClassLoader - Seeing class for first time: io.netty.util.internal.shaded.org.jctools.queues.MessagePassingQueue$WaitStrategy
18:07:34.891 [main] INFO org.evosuite.runtime.instrumentation.EvoClassLoader - Instrumenting class 'io.netty.util.internal.shaded.org.jctools.queues.MessagePassingQueue$WaitStrategy'.
18:07:34.892 [main] INFO org.evosuite.runtime.instrumentation.EvoClassLoader - Keeping class: io.netty.util.internal.shaded.org.jctools.queues.MessagePassingQueue$WaitStrategy
18:07:34.893 [main] INFO org.evosuite.runtime.instrumentation.EvoClassLoader - Seeing class for first time: io.netty.util.internal.shaded.org.jctools.queues.MessagePassingQueue$ExitCondition
18:07:34.893 [main] INFO org.evosuite.runtime.instrumentation.EvoClassLoader - Instrumenting class 'io.netty.util.internal.shaded.org.jctools.queues.MessagePassingQueue$ExitCondition'.
18:07:34.894 [main] INFO org.evosuite.runtime.instrumentation.EvoClassLoader - Keeping class: io.netty.util.internal.shaded.org.jctools.queues.MessagePassingQueue$ExitCondition
18:07:34.894 [main] INFO org.evosuite.runtime.instrumentation.EvoClassLoader - Seeing class for first time: io.netty.util.internal.shaded.org.jctools.queues.MessagePassingQueue$Supplier
18:07:34.894 [main] INFO org.evosuite.runtime.instrumentation.EvoClassLoader - Instrumenting class 'io.netty.util.internal.shaded.org.jctools.queues.MessagePassingQueue$Supplier'.
18:07:34.896 [main] INFO org.evosuite.runtime.instrumentation.EvoClassLoader - Keeping class: io.netty.util.internal.shaded.org.jctools.queues.MessagePassingQueue$Supplier
18:07:34.897 [main] INFO org.evosuite.runtime.instrumentation.EvoClassLoader - Seeing class for first time: io.netty.util.internal.logging.InternalLogLevel
18:07:34.897 [main] INFO org.evosuite.runtime.instrumentation.EvoClassLoader - Instrumenting class 'io.netty.util.internal.logging.InternalLogLevel'.
18:07:34.898 [main] INFO org.evosuite.runtime.instrumentation.MethodCallReplacementClassAdapter - Adding mock interface to class io/netty/util/internal/logging/InternalLogLevel
18:07:34.898 [main] INFO org.evosuite.runtime.instrumentation.CreateClassResetClassAdapter - Found static initializer in class io/netty/util/internal/logging/InternalLogLevel
18:07:34.898 [main] INFO org.evosuite.runtime.instrumentation.EvoClassLoader - Keeping class: io.netty.util.internal.logging.InternalLogLevel
18:07:34.899 [main] INFO org.evosuite.runtime.instrumentation.EvoClassLoader - Seeing class for first time: io.netty.buffer.FixedCompositeByteBuf$Component
18:07:34.899 [main] INFO org.evosuite.runtime.instrumentation.EvoClassLoader - Instrumenting class 'io.netty.buffer.FixedCompositeByteBuf$Component'.
18:07:34.899 [main] INFO org.evosuite.runtime.instrumentation.MethodCallReplacementClassAdapter - Adding mock interface to class io/netty/buffer/FixedCompositeByteBuf$Component
18:07:34.899 [main] INFO org.evosuite.runtime.instrumentation.CreateClassResetClassAdapter - Creating brand-new static initializer in class io/netty/buffer/FixedCompositeByteBuf$Component
18:07:34.899 [main] INFO org.evosuite.runtime.instrumentation.EvoClassLoader - Keeping class: io.netty.buffer.FixedCompositeByteBuf$Component
18:07:34.900 [main] INFO org.evosuite.runtime.instrumentation.EvoClassLoader - Seeing class for first time: io.netty.buffer.PoolChunk
18:07:34.900 [main] INFO org.evosuite.runtime.instrumentation.EvoClassLoader - Instrumenting class 'io.netty.buffer.PoolChunk'.
18:07:34.900 [main] INFO org.evosuite.runtime.instrumentation.MethodCallReplacementClassAdapter - Adding mock interface to class io/netty/buffer/PoolChunk
18:07:34.902 [main] INFO org.evosuite.runtime.instrumentation.CreateClassResetClassAdapter - Found static initializer in class io/netty/buffer/PoolChunk
18:07:34.902 [main] INFO org.evosuite.runtime.instrumentation.EvoClassLoader - Seeing class for first time: io.netty.buffer.PoolChunkMetric
18:07:34.902 [main] INFO org.evosuite.runtime.instrumentation.EvoClassLoader - Instrumenting class 'io.netty.buffer.PoolChunkMetric'.
18:07:34.903 [main] INFO org.evosuite.runtime.instrumentation.EvoClassLoader - Keeping class: io.netty.buffer.PoolChunkMetric
18:07:34.903 [main] INFO org.evosuite.runtime.instrumentation.EvoClassLoader - Keeping class: io.netty.buffer.PoolChunk
18:07:34.905 [main] INFO org.evosuite.runtime.instrumentation.EvoClassLoader - Seeing class for first time: io.netty.buffer.PoolThreadCache$MemoryRegionCache
18:07:34.905 [main] INFO org.evosuite.runtime.instrumentation.EvoClassLoader - Instrumenting class 'io.netty.buffer.PoolThreadCache$MemoryRegionCache'.
18:07:34.906 [main] INFO org.evosuite.runtime.instrumentation.MethodCallReplacementClassAdapter - Adding mock interface to class io/netty/buffer/PoolThreadCache$MemoryRegionCache
18:07:34.907 [main] INFO org.evosuite.runtime.instrumentation.CreateClassResetClassAdapter - Found static initializer in class io/netty/buffer/PoolThreadCache$MemoryRegionCache
18:07:34.908 [main] INFO org.evosuite.runtime.instrumentation.EvoClassLoader - Keeping class: io.netty.buffer.PoolThreadCache$MemoryRegionCache
18:07:34.908 [main] INFO org.evosuite.runtime.instrumentation.EvoClassLoader - Seeing class for first time: io.netty.buffer.PoolArena$SizeClass
18:07:34.908 [main] INFO org.evosuite.runtime.instrumentation.EvoClassLoader - Instrumenting class 'io.netty.buffer.PoolArena$SizeClass'.
18:07:34.909 [main] INFO org.evosuite.runtime.instrumentation.MethodCallReplacementClassAdapter - Adding mock interface to class io/netty/buffer/PoolArena$SizeClass
18:07:34.909 [main] INFO org.evosuite.runtime.instrumentation.CreateClassResetClassAdapter - Found static initializer in class io/netty/buffer/PoolArena$SizeClass
18:07:34.910 [main] INFO org.evosuite.runtime.instrumentation.EvoClassLoader - Keeping class: io.netty.buffer.PoolArena$SizeClass
18:07:34.910 [main] INFO org.evosuite.runtime.instrumentation.EvoClassLoader - Seeing class for first time: io.netty.util.internal.IntegerHolder
18:07:34.910 [main] INFO org.evosuite.runtime.instrumentation.EvoClassLoader - Instrumenting class 'io.netty.util.internal.IntegerHolder'.
18:07:34.911 [main] INFO org.evosuite.runtime.instrumentation.MethodCallReplacementClassAdapter - Adding mock interface to class io/netty/util/internal/IntegerHolder
18:07:34.912 [main] INFO org.evosuite.runtime.instrumentation.CreateClassResetClassAdapter - Creating brand-new static initializer in class io/netty/util/internal/IntegerHolder
18:07:34.912 [main] INFO org.evosuite.runtime.instrumentation.EvoClassLoader - Keeping class: io.netty.util.internal.IntegerHolder
18:07:34.912 [main] INFO org.evosuite.runtime.instrumentation.EvoClassLoader - Seeing class for first time: io.netty.util.internal.ThreadLocalRandom
18:07:34.912 [main] INFO org.evosuite.runtime.instrumentation.EvoClassLoader - Instrumenting class 'io.netty.util.internal.ThreadLocalRandom'.
18:07:34.936 [main] INFO org.evosuite.runtime.instrumentation.MethodCallReplacementClassAdapter - Adding mock interface to class io/netty/util/internal/ThreadLocalRandom
18:07:34.939 [main] INFO org.evosuite.runtime.instrumentation.CreateClassResetClassAdapter - Found static initializer in class io/netty/util/internal/ThreadLocalRandom
18:07:34.940 [main] INFO org.evosuite.runtime.instrumentation.EvoClassLoader - Keeping class: io.netty.util.internal.ThreadLocalRandom
18:07:34.943 [main] INFO org.evosuite.runtime.instrumentation.EvoClassLoader - Seeing class for first time: io.netty.util.ResourceLeakDetector$DefaultResourceLeak
18:07:34.943 [main] INFO org.evosuite.runtime.instrumentation.EvoClassLoader - Instrumenting class 'io.netty.util.ResourceLeakDetector$DefaultResourceLeak'.
18:07:34.944 [main] INFO org.evosuite.runtime.instrumentation.MethodCallReplacementClassAdapter - Adding mock interface to class io/netty/util/ResourceLeakDetector$DefaultResourceLeak
18:07:34.945 [main] INFO org.evosuite.runtime.instrumentation.CreateClassResetClassAdapter - Found static initializer in class io/netty/util/ResourceLeakDetector$DefaultResourceLeak
18:07:34.946 [main] INFO org.evosuite.runtime.instrumentation.EvoClassLoader - Keeping class: io.netty.util.ResourceLeakDetector$DefaultResourceLeak
18:07:34.946 [main] INFO org.evosuite.runtime.instrumentation.EvoClassLoader - Seeing class for first time: io.netty.util.ResourceLeakDetector$LeakListener
18:07:34.946 [main] INFO org.evosuite.runtime.instrumentation.EvoClassLoader - Instrumenting class 'io.netty.util.ResourceLeakDetector$LeakListener'.
18:07:34.946 [main] INFO org.evosuite.runtime.instrumentation.EvoClassLoader - Keeping class: io.netty.util.ResourceLeakDetector$LeakListener
18:07:34.966 [main] DEBUG io.netty.util.internal.logging.InternalLoggerFactory - Using SLF4J as the default logging framework
18:07:34.967 [main] DEBUG io.netty.util.internal.PlatformDependent0 - -Dio.netty.noUnsafe: false
18:07:34.967 [main] DEBUG io.netty.util.internal.PlatformDependent0 - Java version: 8
18:07:34.967 [main] DEBUG io.netty.util.internal.PlatformDependent0 - sun.misc.Unsafe.theUnsafe: available
18:07:34.967 [main] DEBUG io.netty.util.internal.PlatformDependent0 - sun.misc.Unsafe.copyMemory: available
18:07:34.967 [main] DEBUG io.netty.util.internal.PlatformDependent0 - sun.misc.Unsafe.storeFence: available
18:07:34.967 [main] DEBUG io.netty.util.internal.PlatformDependent0 - java.nio.Buffer.address: available
18:07:34.967 [main] DEBUG io.netty.util.internal.PlatformDependent0 - direct buffer constructor: available
18:07:34.968 [main] DEBUG io.netty.util.internal.PlatformDependent0 - java.nio.Bits.unaligned: available, true
18:07:34.968 [main] DEBUG io.netty.util.internal.PlatformDependent0 - jdk.internal.misc.Unsafe.allocateUninitializedArray(int): unavailable prior to Java9
18:07:34.968 [main] DEBUG io.netty.util.internal.PlatformDependent0 - java.nio.DirectByteBuffer.<init>(long, {int,long}): available
18:07:34.968 [main] DEBUG io.netty.util.internal.CleanerJava6 - java.nio.ByteBuffer.cleaner(): available
18:07:34.968 [main] DEBUG io.netty.util.internal.PlatformDependent - sun.misc.Unsafe: available
18:07:34.968 [main] DEBUG io.netty.util.internal.PlatformDependent - -Dio.netty.tmpdir: /tmp (java.io.tmpdir)
18:07:34.968 [main] DEBUG io.netty.util.internal.PlatformDependent - -Dio.netty.bitMode: 64 (sun.arch.data.model)
18:07:34.968 [main] DEBUG io.netty.util.internal.PlatformDependent - -Dio.netty.maxDirectMemory: 11420041216 bytes
18:07:34.968 [main] DEBUG io.netty.util.internal.PlatformDependent - -Dio.netty.uninitializedArrayAllocationThreshold: -1
18:07:34.968 [main] DEBUG io.netty.util.internal.PlatformDependent - -Dio.netty.noPreferDirect: false
18:07:34.969 [main] INFO org.evosuite.runtime.instrumentation.EvoClassLoader - Seeing class for first time: io.netty.util.internal.logging.Log4J2LoggerFactory
18:07:34.969 [main] INFO org.evosuite.runtime.instrumentation.EvoClassLoader - Instrumenting class 'io.netty.util.internal.logging.Log4J2LoggerFactory'.
18:07:34.969 [main] INFO org.evosuite.runtime.instrumentation.MethodCallReplacementClassAdapter - Adding mock interface to class io/netty/util/internal/logging/Log4J2LoggerFactory
18:07:34.969 [main] INFO org.evosuite.runtime.instrumentation.CreateClassResetClassAdapter - Found static initializer in class io/netty/util/internal/logging/Log4J2LoggerFactory
18:07:34.970 [main] INFO org.evosuite.runtime.instrumentation.EvoClassLoader - Keeping class: io.netty.util.internal.logging.Log4J2LoggerFactory
18:07:34.970 [main] INFO org.evosuite.runtime.instrumentation.EvoClassLoader - Seeing class for first time: io.netty.util.internal.logging.Log4JLoggerFactory
18:07:34.970 [main] INFO org.evosuite.runtime.instrumentation.EvoClassLoader - Instrumenting class 'io.netty.util.internal.logging.Log4JLoggerFactory'.
18:07:34.970 [main] INFO org.evosuite.runtime.instrumentation.MethodCallReplacementClassAdapter - Adding mock interface to class io/netty/util/internal/logging/Log4JLoggerFactory
18:07:34.970 [main] INFO org.evosuite.runtime.instrumentation.CreateClassResetClassAdapter - Found static initializer in class io/netty/util/internal/logging/Log4JLoggerFactory
18:07:34.971 [main] INFO org.evosuite.runtime.instrumentation.EvoClassLoader - Keeping class: io.netty.util.internal.logging.Log4JLoggerFactory
18:07:34.971 [main] INFO org.evosuite.runtime.instrumentation.EvoClassLoader - Seeing class for first time: io.netty.util.internal.logging.JdkLoggerFactory
18:07:34.971 [main] INFO org.evosuite.runtime.instrumentation.EvoClassLoader - Instrumenting class 'io.netty.util.internal.logging.JdkLoggerFactory'.
18:07:34.971 [main] INFO org.evosuite.runtime.instrumentation.MethodCallReplacementClassAdapter - Adding mock interface to class io/netty/util/internal/logging/JdkLoggerFactory
18:07:34.971 [main] INFO org.evosuite.runtime.instrumentation.CreateClassResetClassAdapter - Found static initializer in class io/netty/util/internal/logging/JdkLoggerFactory
18:07:34.972 [main] INFO org.evosuite.runtime.instrumentation.EvoClassLoader - Keeping class: io.netty.util.internal.logging.JdkLoggerFactory
18:07:34.972 [main] INFO org.evosuite.runtime.instrumentation.EvoClassLoader - Seeing class for first time: io.netty.util.internal.CleanerJava9$1
18:07:34.972 [main] INFO org.evosuite.runtime.instrumentation.EvoClassLoader - Instrumenting class 'io.netty.util.internal.CleanerJava9$1'.
18:07:34.972 [main] INFO org.evosuite.runtime.instrumentation.MethodCallReplacementClassAdapter - Adding mock interface to class io/netty/util/internal/CleanerJava9$1
18:07:34.973 [main] INFO org.evosuite.runtime.instrumentation.EvoClassLoader - Keeping class: io.netty.util.internal.CleanerJava9$1
18:07:34.973 [main] INFO org.evosuite.runtime.instrumentation.EvoClassLoader - Seeing class for first time: io.netty.util.internal.CleanerJava9
18:07:34.973 [main] INFO org.evosuite.runtime.instrumentation.EvoClassLoader - Instrumenting class 'io.netty.util.internal.CleanerJava9'.
18:07:34.973 [main] INFO org.evosuite.runtime.instrumentation.MethodCallReplacementClassAdapter - Adding mock interface to class io/netty/util/internal/CleanerJava9
18:07:34.973 [main] INFO org.evosuite.runtime.instrumentation.CreateClassResetClassAdapter - Found static initializer in class io/netty/util/internal/CleanerJava9
18:07:34.974 [main] INFO org.evosuite.runtime.instrumentation.EvoClassLoader - Keeping class: io.netty.util.internal.CleanerJava9
18:07:34.977 [main] DEBUG io.netty.util.internal.CleanerJava9 - java.nio.ByteBuffer.cleaner(): unavailable
java.lang.NoSuchMethodException: sun.misc.Unsafe.invokeCleaner(java.nio.ByteBuffer)
	at java.lang.Class.getDeclaredMethod(Class.java:2130)
	at io.netty.util.internal.CleanerJava9$1.run(CleanerJava9.java:45)
	at java.security.AccessController.doPrivileged(Native Method)
	at io.netty.util.internal.CleanerJava9.<clinit>(CleanerJava9.java)
	at sun.reflect.NativeMethodAccessorImpl.invoke0(Native Method)
	at sun.reflect.NativeMethodAccessorImpl.invoke(NativeMethodAccessorImpl.java:62)
	at sun.reflect.DelegatingMethodAccessorImpl.invoke(DelegatingMethodAccessorImpl.java:43)
	at java.lang.reflect.Method.invoke(Method.java:498)
	at org.evosuite.runtime.classhandling.ClassResetter.reset(ClassResetter.java:159)
	at org.evosuite.runtime.classhandling.ClassStateSupport.resetClasses(ClassStateSupport.java:137)
	at io.netty.handler.codec.http.multipart.AbstractDiskHttpData_ESTest_scaffolding.resetClasses(AbstractDiskHttpData_ESTest_scaffolding.java:318)
	at io.netty.handler.codec.http.multipart.AbstractDiskHttpData_ESTest_scaffolding.doneWithTestCase(AbstractDiskHttpData_ESTest_scaffolding.java:74)
	at sun.reflect.NativeMethodAccessorImpl.invoke0(Native Method)
	at sun.reflect.NativeMethodAccessorImpl.invoke(NativeMethodAccessorImpl.java:62)
	at sun.reflect.DelegatingMethodAccessorImpl.invoke(DelegatingMethodAccessorImpl.java:43)
	at java.lang.reflect.Method.invoke(Method.java:498)
	at org.junit.runners.model.FrameworkMethod$1.runReflectiveCall(FrameworkMethod.java:59)
	at org.junit.internal.runners.model.ReflectiveCallable.run(ReflectiveCallable.java:12)
	at org.junit.runners.model.FrameworkMethod.invokeExplosively(FrameworkMethod.java:56)
	at org.junit.internal.runners.statements.RunAfters.invokeMethod(RunAfters.java:46)
	at org.junit.internal.runners.statements.RunAfters.evaluate(RunAfters.java:33)
	at org.evosuite.runtime.vnet.NonFunctionalRequirementRule$1.evaluate(NonFunctionalRequirementRule.java:41)
	at org.junit.runners.ParentRunner$3.evaluate(ParentRunner.java:306)
	at org.junit.runners.BlockJUnit4ClassRunner$1.evaluate(BlockJUnit4ClassRunner.java:100)
	at org.junit.runners.ParentRunner.runLeaf(ParentRunner.java:366)
	at org.junit.runners.BlockJUnit4ClassRunner.runChild(BlockJUnit4ClassRunner.java:103)
	at org.junit.runners.BlockJUnit4ClassRunner.runChild(BlockJUnit4ClassRunner.java:63)
	at org.junit.runners.ParentRunner$4.run(ParentRunner.java:331)
	at org.junit.runners.ParentRunner$1.schedule(ParentRunner.java:79)
	at org.junit.runners.ParentRunner.runChildren(ParentRunner.java:329)
	at org.junit.runners.ParentRunner.access$100(ParentRunner.java:66)
	at org.junit.runners.ParentRunner$2.evaluate(ParentRunner.java:293)
	at org.junit.internal.runners.statements.RunBefores.evaluate(RunBefores.java:26)
	at org.junit.internal.runners.statements.RunAfters.evaluate(RunAfters.java:27)
	at org.junit.runners.ParentRunner$3.evaluate(ParentRunner.java:306)
	at org.junit.runners.ParentRunner.run(ParentRunner.java:413)
	at org.apache.maven.surefire.junit4.JUnit4Provider.execute(JUnit4Provider.java:316)
	at org.apache.maven.surefire.junit4.JUnit4Provider.executeWithRerun(JUnit4Provider.java:240)
	at org.apache.maven.surefire.junit4.JUnit4Provider.executeTestSet(JUnit4Provider.java:214)
	at org.apache.maven.surefire.junit4.JUnit4Provider.invoke(JUnit4Provider.java:155)
	at org.apache.maven.surefire.booter.ForkedBooter.runSuitesInProcess(ForkedBooter.java:385)
	at org.apache.maven.surefire.booter.ForkedBooter.execute(ForkedBooter.java:162)
	at org.apache.maven.surefire.booter.ForkedBooter.run(ForkedBooter.java:507)
	at org.apache.maven.surefire.booter.ForkedBooter.main(ForkedBooter.java:495)
18:07:34.978 [main] DEBUG io.netty.util.internal.CleanerJava9 - java.nio.ByteBuffer.cleaner(): unavailable
java.lang.NoSuchMethodException: sun.misc.Unsafe.invokeCleaner(java.nio.ByteBuffer)
	at java.lang.Class.getDeclaredMethod(Class.java:2130)
	at io.netty.util.internal.CleanerJava9$1.run(CleanerJava9.java:45)
	at java.security.AccessController.doPrivileged(Native Method)
	at io.netty.util.internal.CleanerJava9.__STATIC_RESET(CleanerJava9.java:40)
	at sun.reflect.NativeMethodAccessorImpl.invoke0(Native Method)
	at sun.reflect.NativeMethodAccessorImpl.invoke(NativeMethodAccessorImpl.java:62)
	at sun.reflect.DelegatingMethodAccessorImpl.invoke(DelegatingMethodAccessorImpl.java:43)
	at java.lang.reflect.Method.invoke(Method.java:498)
	at org.evosuite.runtime.classhandling.ClassResetter.reset(ClassResetter.java:159)
	at org.evosuite.runtime.classhandling.ClassStateSupport.resetClasses(ClassStateSupport.java:137)
	at io.netty.handler.codec.http.multipart.AbstractDiskHttpData_ESTest_scaffolding.resetClasses(AbstractDiskHttpData_ESTest_scaffolding.java:318)
	at io.netty.handler.codec.http.multipart.AbstractDiskHttpData_ESTest_scaffolding.doneWithTestCase(AbstractDiskHttpData_ESTest_scaffolding.java:74)
	at sun.reflect.NativeMethodAccessorImpl.invoke0(Native Method)
	at sun.reflect.NativeMethodAccessorImpl.invoke(NativeMethodAccessorImpl.java:62)
	at sun.reflect.DelegatingMethodAccessorImpl.invoke(DelegatingMethodAccessorImpl.java:43)
	at java.lang.reflect.Method.invoke(Method.java:498)
	at org.junit.runners.model.FrameworkMethod$1.runReflectiveCall(FrameworkMethod.java:59)
	at org.junit.internal.runners.model.ReflectiveCallable.run(ReflectiveCallable.java:12)
	at org.junit.runners.model.FrameworkMethod.invokeExplosively(FrameworkMethod.java:56)
	at org.junit.internal.runners.statements.RunAfters.invokeMethod(RunAfters.java:46)
	at org.junit.internal.runners.statements.RunAfters.evaluate(RunAfters.java:33)
	at org.evosuite.runtime.vnet.NonFunctionalRequirementRule$1.evaluate(NonFunctionalRequirementRule.java:41)
	at org.junit.runners.ParentRunner$3.evaluate(ParentRunner.java:306)
	at org.junit.runners.BlockJUnit4ClassRunner$1.evaluate(BlockJUnit4ClassRunner.java:100)
	at org.junit.runners.ParentRunner.runLeaf(ParentRunner.java:366)
	at org.junit.runners.BlockJUnit4ClassRunner.runChild(BlockJUnit4ClassRunner.java:103)
	at org.junit.runners.BlockJUnit4ClassRunner.runChild(BlockJUnit4ClassRunner.java:63)
	at org.junit.runners.ParentRunner$4.run(ParentRunner.java:331)
	at org.junit.runners.ParentRunner$1.schedule(ParentRunner.java:79)
	at org.junit.runners.ParentRunner.runChildren(ParentRunner.java:329)
	at org.junit.runners.ParentRunner.access$100(ParentRunner.java:66)
	at org.junit.runners.ParentRunner$2.evaluate(ParentRunner.java:293)
	at org.junit.internal.runners.statements.RunBefores.evaluate(RunBefores.java:26)
	at org.junit.internal.runners.statements.RunAfters.evaluate(RunAfters.java:27)
	at org.junit.runners.ParentRunner$3.evaluate(ParentRunner.java:306)
	at org.junit.runners.ParentRunner.run(ParentRunner.java:413)
	at org.apache.maven.surefire.junit4.JUnit4Provider.execute(JUnit4Provider.java:316)
	at org.apache.maven.surefire.junit4.JUnit4Provider.executeWithRerun(JUnit4Provider.java:240)
	at org.apache.maven.surefire.junit4.JUnit4Provider.executeTestSet(JUnit4Provider.java:214)
	at org.apache.maven.surefire.junit4.JUnit4Provider.invoke(JUnit4Provider.java:155)
	at org.apache.maven.surefire.booter.ForkedBooter.runSuitesInProcess(ForkedBooter.java:385)
	at org.apache.maven.surefire.booter.ForkedBooter.execute(ForkedBooter.java:162)
	at org.apache.maven.surefire.booter.ForkedBooter.run(ForkedBooter.java:507)
	at org.apache.maven.surefire.booter.ForkedBooter.main(ForkedBooter.java:495)
18:07:34.978 [main] INFO org.evosuite.runtime.instrumentation.EvoClassLoader - Seeing class for first time: io.netty.handler.codec.http.multipart.DeleteFileOnExitHook$1
18:07:34.978 [main] INFO org.evosuite.runtime.instrumentation.EvoClassLoader - Instrumenting class 'io.netty.handler.codec.http.multipart.DeleteFileOnExitHook$1'.
18:07:34.978 [main] INFO org.evosuite.runtime.instrumentation.MethodCallReplacementClassAdapter - Adding mock interface to class io/netty/handler/codec/http/multipart/DeleteFileOnExitHook$1
18:07:34.979 [main] INFO org.evosuite.runtime.instrumentation.EvoClassLoader - Keeping class: io.netty.handler.codec.http.multipart.DeleteFileOnExitHook$1
18:07:34.979 [main] INFO org.evosuite.runtime.instrumentation.EvoClassLoader - Seeing class for first time: io.netty.handler.codec.http.multipart.DeleteFileOnExitHook
18:07:34.979 [main] INFO org.evosuite.runtime.instrumentation.EvoClassLoader - Instrumenting class 'io.netty.handler.codec.http.multipart.DeleteFileOnExitHook'.
18:07:34.980 [main] INFO org.evosuite.runtime.instrumentation.MethodCallReplacementClassAdapter - Adding mock interface to class io/netty/handler/codec/http/multipart/DeleteFileOnExitHook
18:07:34.981 [main] INFO org.evosuite.runtime.instrumentation.CreateClassResetClassAdapter - Found static initializer in class io/netty/handler/codec/http/multipart/DeleteFileOnExitHook
18:07:34.981 [main] INFO org.evosuite.runtime.instrumentation.EvoClassLoader - Keeping class: io.netty.handler.codec.http.multipart.DeleteFileOnExitHook
18:07:34.985 [main] DEBUG io.netty.util.ResourceLeakDetector - -Dio.netty.leakDetection.level: simple
18:07:34.985 [main] DEBUG io.netty.util.ResourceLeakDetector - -Dio.netty.leakDetection.targetRecords: 4
18:07:34.991 [main] DEBUG io.netty.buffer.AbstractByteBuf - -Dio.netty.buffer.checkAccessible: true
18:07:34.991 [main] DEBUG io.netty.buffer.AbstractByteBuf - -Dio.netty.buffer.checkBounds: true
18:07:34.991 [main] DEBUG io.netty.util.ResourceLeakDetectorFactory - Loaded default ResourceLeakDetector: io.netty.util.ResourceLeakDetector@5
18:07:34.994 [main] DEBUG io.netty.util.internal.InternalThreadLocalMap - -Dio.netty.threadLocalMap.stringBuilder.initialSize: 1024
18:07:34.994 [main] DEBUG io.netty.util.internal.InternalThreadLocalMap - -Dio.netty.threadLocalMap.stringBuilder.maxSize: 4096
18:07:34.997 [main] DEBUG io.netty.buffer.PooledByteBufAllocator - -Dio.netty.allocator.numHeapArenas: 0
18:07:34.997 [main] DEBUG io.netty.buffer.PooledByteBufAllocator - -Dio.netty.allocator.numDirectArenas: 2
18:07:34.997 [main] DEBUG io.netty.buffer.PooledByteBufAllocator - -Dio.netty.allocator.pageSize: 8192
18:07:34.997 [main] DEBUG io.netty.buffer.PooledByteBufAllocator - -Dio.netty.allocator.maxOrder: 9
18:07:34.997 [main] DEBUG io.netty.buffer.PooledByteBufAllocator - -Dio.netty.allocator.chunkSize: 4194304
18:07:34.997 [main] DEBUG io.netty.buffer.PooledByteBufAllocator - -Dio.netty.allocator.smallCacheSize: 256
18:07:34.997 [main] DEBUG io.netty.buffer.PooledByteBufAllocator - -Dio.netty.allocator.normalCacheSize: 64
18:07:34.997 [main] DEBUG io.netty.buffer.PooledByteBufAllocator - -Dio.netty.allocator.maxCachedBufferCapacity: 32768
18:07:34.997 [main] DEBUG io.netty.buffer.PooledByteBufAllocator - -Dio.netty.allocator.cacheTrimInterval: 8192
18:07:34.997 [main] DEBUG io.netty.buffer.PooledByteBufAllocator - -Dio.netty.allocator.cacheTrimIntervalMillis: 0
18:07:34.997 [main] DEBUG io.netty.buffer.PooledByteBufAllocator - -Dio.netty.allocator.useCacheForAllThreads: false
18:07:34.997 [main] DEBUG io.netty.buffer.PooledByteBufAllocator - -Dio.netty.allocator.maxCachedByteBuffersPerChunk: 1023
18:07:34.999 [main] INFO org.evosuite.runtime.instrumentation.EvoClassLoader - Seeing class for first time: io.netty.handler.codec.http.multipart.AbstractMixedHttpData
18:07:34.999 [main] INFO org.evosuite.runtime.instrumentation.EvoClassLoader - Instrumenting class 'io.netty.handler.codec.http.multipart.AbstractMixedHttpData'.
18:07:35.000 [main] INFO org.evosuite.runtime.instrumentation.MethodCallReplacementClassAdapter - Adding mock interface to class io/netty/handler/codec/http/multipart/AbstractMixedHttpData
18:07:35.001 [main] INFO org.evosuite.runtime.instrumentation.CreateClassResetClassAdapter - Creating brand-new static initializer in class io/netty/handler/codec/http/multipart/AbstractMixedHttpData
18:07:35.002 [main] INFO org.evosuite.runtime.instrumentation.EvoClassLoader - Keeping class: io.netty.handler.codec.http.multipart.AbstractMixedHttpData
18:07:35.002 [main] INFO org.evosuite.runtime.instrumentation.EvoClassLoader - Seeing class for first time: io.netty.handler.codec.http.multipart.MixedFileUpload
18:07:35.002 [main] INFO org.evosuite.runtime.instrumentation.EvoClassLoader - Instrumenting class 'io.netty.handler.codec.http.multipart.MixedFileUpload'.
18:07:35.002 [main] INFO org.evosuite.runtime.instrumentation.MethodCallReplacementClassAdapter - Adding mock interface to class io/netty/handler/codec/http/multipart/MixedFileUpload
18:07:35.004 [main] INFO org.evosuite.runtime.instrumentation.CreateClassResetClassAdapter - Creating brand-new static initializer in class io/netty/handler/codec/http/multipart/MixedFileUpload
18:07:35.005 [main] INFO org.evosuite.runtime.instrumentation.EvoClassLoader - Keeping class: io.netty.handler.codec.http.multipart.MixedFileUpload
18:07:35.005 [main] INFO org.evosuite.runtime.instrumentation.EvoClassLoader - Seeing class for first time: io.netty.handler.codec.http.multipart.MemoryFileUpload
18:07:35.005 [main] INFO org.evosuite.runtime.instrumentation.EvoClassLoader - Instrumenting class 'io.netty.handler.codec.http.multipart.MemoryFileUpload'.
18:07:35.005 [main] INFO org.evosuite.runtime.instrumentation.MethodCallReplacementClassAdapter - Adding mock interface to class io/netty/handler/codec/http/multipart/MemoryFileUpload
18:07:35.006 [main] INFO org.evosuite.runtime.instrumentation.CreateClassResetClassAdapter - Creating brand-new static initializer in class io/netty/handler/codec/http/multipart/MemoryFileUpload
18:07:35.006 [main] INFO org.evosuite.runtime.instrumentation.EvoClassLoader - Seeing class for first time: io.netty.handler.codec.http.multipart.AbstractMemoryHttpData
18:07:35.006 [main] INFO org.evosuite.runtime.instrumentation.EvoClassLoader - Instrumenting class 'io.netty.handler.codec.http.multipart.AbstractMemoryHttpData'.
18:07:35.006 [main] INFO org.evosuite.runtime.instrumentation.MethodCallReplacementClassAdapter - Adding mock interface to class io/netty/handler/codec/http/multipart/AbstractMemoryHttpData
18:07:35.008 [main] INFO org.evosuite.runtime.instrumentation.CreateClassResetClassAdapter - Creating brand-new static initializer in class io/netty/handler/codec/http/multipart/AbstractMemoryHttpData
18:07:35.008 [main] INFO org.evosuite.runtime.instrumentation.EvoClassLoader - Keeping class: io.netty.handler.codec.http.multipart.AbstractMemoryHttpData
18:07:35.008 [main] INFO org.evosuite.runtime.instrumentation.EvoClassLoader - Keeping class: io.netty.handler.codec.http.multipart.MemoryFileUpload
18:07:35.009 [main] INFO org.evosuite.runtime.instrumentation.EvoClassLoader - Seeing class for first time: io.netty.handler.codec.http.multipart.FileUploadUtil
18:07:35.009 [main] INFO org.evosuite.runtime.instrumentation.EvoClassLoader - Instrumenting class 'io.netty.handler.codec.http.multipart.FileUploadUtil'.
18:07:35.010 [main] INFO org.evosuite.runtime.instrumentation.MethodCallReplacementClassAdapter - Adding mock interface to class io/netty/handler/codec/http/multipart/FileUploadUtil
18:07:35.010 [main] INFO org.evosuite.runtime.instrumentation.CreateClassResetClassAdapter - Creating brand-new static initializer in class io/netty/handler/codec/http/multipart/FileUploadUtil
18:07:35.010 [main] INFO org.evosuite.runtime.instrumentation.EvoClassLoader - Keeping class: io.netty.handler.codec.http.multipart.FileUploadUtil
18:07:35.011 [main] DEBUG io.netty.buffer.ByteBufUtil - -Dio.netty.allocator.type: pooled
18:07:35.011 [main] DEBUG io.netty.buffer.ByteBufUtil - -Dio.netty.threadLocalDirectBufferSize: 0
18:07:35.011 [main] DEBUG io.netty.buffer.ByteBufUtil - -Dio.netty.maxThreadLocalCharBufferSize: 16384
18:07:35.014 [main] INFO org.evosuite.runtime.instrumentation.EvoClassLoader - Seeing class for first time: io.netty.handler.codec.http.multipart.MixedAttribute
18:07:35.014 [main] INFO org.evosuite.runtime.instrumentation.EvoClassLoader - Instrumenting class 'io.netty.handler.codec.http.multipart.MixedAttribute'.
18:07:35.015 [main] INFO org.evosuite.runtime.instrumentation.MethodCallReplacementClassAdapter - Adding mock interface to class io/netty/handler/codec/http/multipart/MixedAttribute
18:07:35.016 [main] INFO org.evosuite.runtime.instrumentation.CreateClassResetClassAdapter - Creating brand-new static initializer in class io/netty/handler/codec/http/multipart/MixedAttribute
18:07:35.017 [main] INFO org.evosuite.runtime.instrumentation.EvoClassLoader - Keeping class: io.netty.handler.codec.http.multipart.MixedAttribute
18:07:35.019 [main] INFO org.evosuite.runtime.instrumentation.EvoClassLoader - Seeing class for first time: io.netty.handler.codec.http.multipart.MemoryAttribute
18:07:35.019 [main] INFO org.evosuite.runtime.instrumentation.EvoClassLoader - Instrumenting class 'io.netty.handler.codec.http.multipart.MemoryAttribute'.
18:07:35.020 [main] INFO org.evosuite.runtime.instrumentation.MethodCallReplacementClassAdapter - Adding mock interface to class io/netty/handler/codec/http/multipart/MemoryAttribute
18:07:35.021 [main] INFO org.evosuite.runtime.instrumentation.CreateClassResetClassAdapter - Creating brand-new static initializer in class io/netty/handler/codec/http/multipart/MemoryAttribute
18:07:35.021 [main] INFO org.evosuite.runtime.instrumentation.EvoClassLoader - Keeping class: io.netty.handler.codec.http.multipart.MemoryAttribute
18:07:35.022 [main] INFO org.evosuite.runtime.instrumentation.EvoClassLoader - Seeing class for first time: io.netty.util.internal.ThreadExecutorMap
18:07:35.022 [main] INFO org.evosuite.runtime.instrumentation.EvoClassLoader - Instrumenting class 'io.netty.util.internal.ThreadExecutorMap'.
18:07:35.023 [main] INFO org.evosuite.runtime.instrumentation.MethodCallReplacementClassAdapter - Adding mock interface to class io/netty/util/internal/ThreadExecutorMap
18:07:35.024 [main] INFO org.evosuite.runtime.instrumentation.CreateClassResetClassAdapter - Found static initializer in class io/netty/util/internal/ThreadExecutorMap
18:07:35.024 [main] INFO org.evosuite.runtime.instrumentation.EvoClassLoader - Keeping class: io.netty.util.internal.ThreadExecutorMap
18:07:35.024 [main] INFO org.evosuite.runtime.instrumentation.EvoClassLoader - Seeing class for first time: io.netty.util.concurrent.EventExecutor
18:07:35.024 [main] INFO org.evosuite.runtime.instrumentation.EvoClassLoader - Instrumenting class 'io.netty.util.concurrent.EventExecutor'.
18:07:35.025 [main] INFO org.evosuite.runtime.instrumentation.EvoClassLoader - Seeing class for first time: io.netty.util.concurrent.EventExecutorGroup
18:07:35.025 [main] INFO org.evosuite.runtime.instrumentation.EvoClassLoader - Instrumenting class 'io.netty.util.concurrent.EventExecutorGroup'.
18:07:35.026 [main] INFO org.evosuite.runtime.instrumentation.EvoClassLoader - Keeping class: io.netty.util.concurrent.EventExecutorGroup
18:07:35.026 [main] INFO org.evosuite.runtime.instrumentation.EvoClassLoader - Keeping class: io.netty.util.concurrent.EventExecutor
18:07:35.027 [main] INFO org.evosuite.runtime.instrumentation.EvoClassLoader - Seeing class for first time: io.netty.buffer.AbstractByteBufAllocator$1
18:07:35.027 [main] INFO org.evosuite.runtime.instrumentation.EvoClassLoader - Instrumenting class 'io.netty.buffer.AbstractByteBufAllocator$1'.
18:07:35.027 [main] INFO org.evosuite.runtime.instrumentation.MethodCallReplacementClassAdapter - Adding mock interface to class io/netty/buffer/AbstractByteBufAllocator$1
18:07:35.028 [main] INFO org.evosuite.runtime.instrumentation.EvoClassLoader - Keeping class: io.netty.buffer.AbstractByteBufAllocator$1
18:07:35.029 [main] INFO org.evosuite.runtime.instrumentation.EvoClassLoader - Seeing class for first time: net.sf.saxon.tree.linked.NodeImpl
18:07:35.029 [main] INFO org.evosuite.runtime.instrumentation.EvoClassLoader - Instrumenting class 'net.sf.saxon.tree.linked.NodeImpl'.
18:07:35.229 [main] INFO org.evosuite.runtime.instrumentation.MethodCallReplacementClassAdapter - Adding mock interface to class net/sf/saxon/tree/linked/NodeImpl
18:07:35.232 [main] INFO org.evosuite.runtime.instrumentation.CreateClassResetClassAdapter - Found static initializer in class net/sf/saxon/tree/linked/NodeImpl
18:07:35.232 [main] INFO org.evosuite.runtime.instrumentation.EvoClassLoader - Defined package (3): package net.sf.saxon.tree.linked, -1279255526
18:07:35.232 [main] INFO org.evosuite.runtime.instrumentation.EvoClassLoader - Seeing class for first time: net.sf.saxon.om.MutableNodeInfo
18:07:35.232 [main] INFO org.evosuite.runtime.instrumentation.EvoClassLoader - Instrumenting class 'net.sf.saxon.om.MutableNodeInfo'.
18:07:35.233 [main] INFO org.evosuite.runtime.instrumentation.EvoClassLoader - Defined package (3): package net.sf.saxon.om, -1831452403
18:07:35.233 [main] INFO org.evosuite.runtime.instrumentation.EvoClassLoader - Seeing class for first time: net.sf.saxon.om.NodeInfo
18:07:35.233 [main] INFO org.evosuite.runtime.instrumentation.EvoClassLoader - Instrumenting class 'net.sf.saxon.om.NodeInfo'.
18:07:35.234 [main] INFO org.evosuite.runtime.instrumentation.EvoClassLoader - Seeing class for first time: net.sf.saxon.om.Item
18:07:35.234 [main] INFO org.evosuite.runtime.instrumentation.EvoClassLoader - Instrumenting class 'net.sf.saxon.om.Item'.
18:07:35.238 [main] INFO org.evosuite.runtime.instrumentation.EvoClassLoader - Seeing class for first time: net.sf.saxon.om.GroundedValue
18:07:35.238 [main] INFO org.evosuite.runtime.instrumentation.EvoClassLoader - Instrumenting class 'net.sf.saxon.om.GroundedValue'.
18:07:35.239 [main] INFO org.evosuite.runtime.instrumentation.EvoClassLoader - Seeing class for first time: net.sf.saxon.om.Sequence
18:07:35.239 [main] INFO org.evosuite.runtime.instrumentation.EvoClassLoader - Instrumenting class 'net.sf.saxon.om.Sequence'.
18:07:35.240 [main] INFO org.evosuite.runtime.instrumentation.EvoClassLoader - Keeping class: net.sf.saxon.om.Sequence
18:07:35.240 [main] INFO org.evosuite.runtime.instrumentation.EvoClassLoader - Keeping class: net.sf.saxon.om.GroundedValue
18:07:35.240 [main] INFO org.evosuite.runtime.instrumentation.EvoClassLoader - Keeping class: net.sf.saxon.om.Item
18:07:35.240 [main] INFO org.evosuite.runtime.instrumentation.EvoClassLoader - Seeing class for first time: net.sf.saxon.expr.parser.Location
18:07:35.240 [main] INFO org.evosuite.runtime.instrumentation.EvoClassLoader - Instrumenting class 'net.sf.saxon.expr.parser.Location'.
18:07:35.242 [main] INFO org.evosuite.runtime.instrumentation.EvoClassLoader - Defined package (3): package net.sf.saxon.expr.parser, 1607920617
18:07:35.242 [main] INFO org.evosuite.runtime.instrumentation.EvoClassLoader - Keeping class: net.sf.saxon.expr.parser.Location
18:07:35.242 [main] INFO org.evosuite.runtime.instrumentation.EvoClassLoader - Keeping class: net.sf.saxon.om.NodeInfo
18:07:35.242 [main] INFO org.evosuite.runtime.instrumentation.EvoClassLoader - Keeping class: net.sf.saxon.om.MutableNodeInfo
18:07:35.243 [main] INFO org.evosuite.runtime.instrumentation.EvoClassLoader - Seeing class for first time: net.sf.saxon.tree.util.SteppingNode
18:07:35.243 [main] INFO org.evosuite.runtime.instrumentation.EvoClassLoader - Instrumenting class 'net.sf.saxon.tree.util.SteppingNode'.
18:07:35.244 [main] INFO org.evosuite.runtime.instrumentation.EvoClassLoader - Defined package (3): package net.sf.saxon.tree.util, -1645743549
18:07:35.244 [main] INFO org.evosuite.runtime.instrumentation.EvoClassLoader - Keeping class: net.sf.saxon.tree.util.SteppingNode
18:07:35.244 [main] INFO org.evosuite.runtime.instrumentation.EvoClassLoader - Seeing class for first time: net.sf.saxon.tree.wrapper.SiblingCountingNode
18:07:35.244 [main] INFO org.evosuite.runtime.instrumentation.EvoClassLoader - Instrumenting class 'net.sf.saxon.tree.wrapper.SiblingCountingNode'.
18:07:35.246 [main] INFO org.evosuite.runtime.instrumentation.EvoClassLoader - Defined package (3): package net.sf.saxon.tree.wrapper, 416206514
18:07:35.246 [main] INFO org.evosuite.runtime.instrumentation.EvoClassLoader - Keeping class: net.sf.saxon.tree.wrapper.SiblingCountingNode
18:07:35.246 [main] INFO org.evosuite.runtime.instrumentation.EvoClassLoader - Keeping class: net.sf.saxon.tree.linked.NodeImpl
18:07:35.247 [main] INFO org.evosuite.runtime.instrumentation.EvoClassLoader - Seeing class for first time: net.sf.saxon.om.SequenceIterator
18:07:35.247 [main] INFO org.evosuite.runtime.instrumentation.EvoClassLoader - Instrumenting class 'net.sf.saxon.om.SequenceIterator'.
18:07:35.248 [main] INFO org.evosuite.runtime.instrumentation.EvoClassLoader - Keeping class: net.sf.saxon.om.SequenceIterator
18:07:35.248 [main] INFO org.evosuite.runtime.instrumentation.EvoClassLoader - Seeing class for first time: net.sf.saxon.type.SchemaType
18:07:35.249 [main] INFO org.evosuite.runtime.instrumentation.EvoClassLoader - Instrumenting class 'net.sf.saxon.type.SchemaType'.
18:07:35.250 [main] INFO org.evosuite.runtime.instrumentation.EvoClassLoader - Defined package (3): package net.sf.saxon.type, 910996137
18:07:35.250 [main] INFO org.evosuite.runtime.instrumentation.EvoClassLoader - Seeing class for first time: net.sf.saxon.type.SchemaComponent
18:07:35.250 [main] INFO org.evosuite.runtime.instrumentation.EvoClassLoader - Instrumenting class 'net.sf.saxon.type.SchemaComponent'.
18:07:35.250 [main] INFO org.evosuite.runtime.instrumentation.EvoClassLoader - Keeping class: net.sf.saxon.type.SchemaComponent
18:07:35.251 [main] INFO org.evosuite.runtime.instrumentation.EvoClassLoader - Keeping class: net.sf.saxon.type.SchemaType
18:07:35.251 [main] INFO org.evosuite.runtime.instrumentation.EvoClassLoader - Seeing class for first time: net.sf.saxon.pattern.NodeTest
18:07:35.251 [main] INFO org.evosuite.runtime.instrumentation.EvoClassLoader - Instrumenting class 'net.sf.saxon.pattern.NodeTest'.
18:07:35.253 [main] INFO org.evosuite.runtime.instrumentation.MethodCallReplacementClassAdapter - Adding mock interface to class net/sf/saxon/pattern/NodeTest
18:07:35.254 [main] INFO org.evosuite.runtime.instrumentation.CreateClassResetClassAdapter - Creating brand-new static initializer in class net/sf/saxon/pattern/NodeTest
18:07:35.254 [main] INFO org.evosuite.runtime.instrumentation.EvoClassLoader - Defined package (3): package net.sf.saxon.pattern, -350331455
18:07:35.254 [main] INFO org.evosuite.runtime.instrumentation.EvoClassLoader - Seeing class for first time: net.sf.saxon.type.ItemType$WithSequenceTypeCache
18:07:35.254 [main] INFO org.evosuite.runtime.instrumentation.EvoClassLoader - Instrumenting class 'net.sf.saxon.type.ItemType$WithSequenceTypeCache'.
18:07:35.255 [main] INFO org.evosuite.runtime.instrumentation.EvoClassLoader - Seeing class for first time: net.sf.saxon.type.ItemType
18:07:35.255 [main] INFO org.evosuite.runtime.instrumentation.EvoClassLoader - Instrumenting class 'net.sf.saxon.type.ItemType'.
18:07:35.256 [main] INFO org.evosuite.runtime.instrumentation.EvoClassLoader - Keeping class: net.sf.saxon.type.ItemType
18:07:35.256 [main] INFO org.evosuite.runtime.instrumentation.EvoClassLoader - Keeping class: net.sf.saxon.type.ItemType$WithSequenceTypeCache
18:07:35.256 [main] INFO org.evosuite.runtime.instrumentation.EvoClassLoader - Keeping class: net.sf.saxon.pattern.NodeTest
18:07:35.256 [main] INFO org.evosuite.runtime.instrumentation.EvoClassLoader - Seeing class for first time: net.sf.saxon.pattern.AnyNodeTest
18:07:35.257 [main] INFO org.evosuite.runtime.instrumentation.EvoClassLoader - Instrumenting class 'net.sf.saxon.pattern.AnyNodeTest'.
18:07:35.257 [main] INFO org.evosuite.runtime.instrumentation.MethodCallReplacementClassAdapter - Adding mock interface to class net/sf/saxon/pattern/AnyNodeTest
18:07:35.258 [main] INFO org.evosuite.runtime.instrumentation.CreateClassResetClassAdapter - Found static initializer in class net/sf/saxon/pattern/AnyNodeTest
18:07:35.258 [main] INFO org.evosuite.runtime.instrumentation.EvoClassLoader - Seeing class for first time: net.sf.saxon.pattern.QNameTest
18:07:35.258 [main] INFO org.evosuite.runtime.instrumentation.EvoClassLoader - Instrumenting class 'net.sf.saxon.pattern.QNameTest'.
18:07:35.258 [main] INFO org.evosuite.runtime.instrumentation.EvoClassLoader - Keeping class: net.sf.saxon.pattern.QNameTest
18:07:35.259 [main] INFO org.evosuite.runtime.instrumentation.EvoClassLoader - Keeping class: net.sf.saxon.pattern.AnyNodeTest
18:07:35.259 [main] INFO org.evosuite.runtime.instrumentation.EvoClassLoader - Seeing class for first time: net.sf.saxon.om.AtomicSequence
18:07:35.259 [main] INFO org.evosuite.runtime.instrumentation.EvoClassLoader - Instrumenting class 'net.sf.saxon.om.AtomicSequence'.
18:07:35.260 [main] INFO org.evosuite.runtime.instrumentation.EvoClassLoader - Keeping class: net.sf.saxon.om.AtomicSequence
18:07:35.260 [main] INFO org.evosuite.runtime.instrumentation.EvoClassLoader - Seeing class for first time: net.sf.saxon.om.TreeInfo
18:07:35.260 [main] INFO org.evosuite.runtime.instrumentation.EvoClassLoader - Instrumenting class 'net.sf.saxon.om.TreeInfo'.
18:07:35.260 [main] INFO org.evosuite.runtime.instrumentation.EvoClassLoader - Keeping class: net.sf.saxon.om.TreeInfo
18:07:35.261 [main] INFO org.evosuite.runtime.instrumentation.EvoClassLoader - Seeing class for first time: net.sf.saxon.tree.iter.AxisIterator
18:07:35.261 [main] INFO org.evosuite.runtime.instrumentation.EvoClassLoader - Instrumenting class 'net.sf.saxon.tree.iter.AxisIterator'.
18:07:35.261 [main] INFO org.evosuite.runtime.instrumentation.EvoClassLoader - Defined package (3): package net.sf.saxon.tree.iter, -1646101159
18:07:35.261 [main] INFO org.evosuite.runtime.instrumentation.EvoClassLoader - Seeing class for first time: net.sf.saxon.tree.iter.UnfailingIterator
18:07:35.262 [main] INFO org.evosuite.runtime.instrumentation.EvoClassLoader - Instrumenting class 'net.sf.saxon.tree.iter.UnfailingIterator'.
18:07:35.263 [main] INFO org.evosuite.runtime.instrumentation.EvoClassLoader - Keeping class: net.sf.saxon.tree.iter.UnfailingIterator
18:07:35.263 [main] INFO org.evosuite.runtime.instrumentation.EvoClassLoader - Keeping class: net.sf.saxon.tree.iter.AxisIterator
18:07:35.263 [main] INFO org.evosuite.runtime.instrumentation.EvoClassLoader - Seeing class for first time: net.sf.saxon.tree.linked.ParentNodeImpl
18:07:35.263 [main] INFO org.evosuite.runtime.instrumentation.EvoClassLoader - Instrumenting class 'net.sf.saxon.tree.linked.ParentNodeImpl'.
18:07:35.264 [main] INFO org.evosuite.runtime.instrumentation.MethodCallReplacementClassAdapter - Adding mock interface to class net/sf/saxon/tree/linked/ParentNodeImpl
18:07:35.266 [main] INFO org.evosuite.runtime.instrumentation.CreateClassResetClassAdapter - Creating brand-new static initializer in class net/sf/saxon/tree/linked/ParentNodeImpl
18:07:35.267 [main] INFO org.evosuite.runtime.instrumentation.EvoClassLoader - Keeping class: net.sf.saxon.tree.linked.ParentNodeImpl
18:07:35.267 [main] INFO org.evosuite.runtime.instrumentation.EvoClassLoader - Seeing class for first time: net.sf.saxon.tree.linked.DocumentImpl
18:07:35.267 [main] INFO org.evosuite.runtime.instrumentation.EvoClassLoader - Instrumenting class 'net.sf.saxon.tree.linked.DocumentImpl'.
18:07:35.269 [main] INFO org.evosuite.runtime.instrumentation.MethodCallReplacementClassAdapter - Adding mock interface to class net/sf/saxon/tree/linked/DocumentImpl
18:07:35.272 [main] INFO org.evosuite.runtime.instrumentation.CreateClassResetClassAdapter - Found static initializer in class net/sf/saxon/tree/linked/DocumentImpl
18:07:35.273 [main] INFO org.evosuite.runtime.instrumentation.EvoClassLoader - Seeing class for first time: net.sf.saxon.om.MutableDocumentInfo
18:07:35.273 [main] INFO org.evosuite.runtime.instrumentation.EvoClassLoader - Instrumenting class 'net.sf.saxon.om.MutableDocumentInfo'.
18:07:35.274 [main] INFO org.evosuite.runtime.instrumentation.EvoClassLoader - Keeping class: net.sf.saxon.om.MutableDocumentInfo
18:07:35.274 [main] INFO org.evosuite.runtime.instrumentation.EvoClassLoader - Keeping class: net.sf.saxon.tree.linked.DocumentImpl
18:07:35.276 [main] INFO org.evosuite.runtime.instrumentation.EvoClassLoader - Seeing class for first time: net.sf.saxon.trans.XPathException
18:07:35.276 [main] INFO org.evosuite.runtime.instrumentation.EvoClassLoader - Instrumenting class 'net.sf.saxon.trans.XPathException'.
18:07:35.280 [main] INFO org.evosuite.runtime.instrumentation.MethodCallReplacementClassAdapter - Adding mock interface to class net/sf/saxon/trans/XPathException
18:07:35.280 [main] INFO org.evosuite.runtime.instrumentation.CreateClassResetClassAdapter - Creating brand-new static initializer in class net/sf/saxon/trans/XPathException
18:07:35.280 [main] INFO org.evosuite.runtime.instrumentation.EvoClassLoader - Defined package (3): package net.sf.saxon.trans, -1824113383
18:07:35.281 [main] INFO org.evosuite.runtime.instrumentation.EvoClassLoader - Keeping class: net.sf.saxon.trans.XPathException
18:07:35.281 [main] INFO org.evosuite.runtime.instrumentation.EvoClassLoader - Seeing class for first time: net.sf.saxon.om.NodeName
18:07:35.281 [main] INFO org.evosuite.runtime.instrumentation.EvoClassLoader - Instrumenting class 'net.sf.saxon.om.NodeName'.
18:07:35.281 [main] INFO org.evosuite.runtime.instrumentation.EvoClassLoader - Seeing class for first time: net.sf.saxon.om.IdentityComparable
18:07:35.281 [main] INFO org.evosuite.runtime.instrumentation.EvoClassLoader - Instrumenting class 'net.sf.saxon.om.IdentityComparable'.
18:07:35.282 [main] INFO org.evosuite.runtime.instrumentation.EvoClassLoader - Keeping class: net.sf.saxon.om.IdentityComparable
18:07:35.282 [main] INFO org.evosuite.runtime.instrumentation.EvoClassLoader - Keeping class: net.sf.saxon.om.NodeName
18:07:35.282 [main] INFO org.evosuite.runtime.instrumentation.EvoClassLoader - Seeing class for first time: net.sf.saxon.type.SimpleType
18:07:35.282 [main] INFO org.evosuite.runtime.instrumentation.EvoClassLoader - Instrumenting class 'net.sf.saxon.type.SimpleType'.
18:07:35.282 [main] INFO org.evosuite.runtime.instrumentation.EvoClassLoader - Keeping class: net.sf.saxon.type.SimpleType
18:07:35.282 [main] INFO org.evosuite.runtime.instrumentation.EvoClassLoader - Seeing class for first time: net.sf.saxon.om.NamespaceBinding
18:07:35.282 [main] INFO org.evosuite.runtime.instrumentation.EvoClassLoader - Instrumenting class 'net.sf.saxon.om.NamespaceBinding'.
18:07:35.283 [main] INFO org.evosuite.runtime.instrumentation.MethodCallReplacementClassAdapter - Adding mock interface to class net/sf/saxon/om/NamespaceBinding
18:07:35.284 [main] INFO org.evosuite.runtime.instrumentation.CreateClassResetClassAdapter - Found static initializer in class net/sf/saxon/om/NamespaceBinding
18:07:35.284 [main] INFO org.evosuite.runtime.instrumentation.EvoClassLoader - Seeing class for first time: net.sf.saxon.om.NamespaceBindingSet
18:07:35.284 [main] INFO org.evosuite.runtime.instrumentation.EvoClassLoader - Instrumenting class 'net.sf.saxon.om.NamespaceBindingSet'.
18:07:35.284 [main] INFO org.evosuite.runtime.instrumentation.EvoClassLoader - Keeping class: net.sf.saxon.om.NamespaceBindingSet
18:07:35.284 [main] INFO org.evosuite.runtime.instrumentation.EvoClassLoader - Keeping class: net.sf.saxon.om.NamespaceBinding
18:07:35.284 [main] INFO org.evosuite.runtime.instrumentation.EvoClassLoader - Seeing class for first time: net.sf.saxon.event.Builder
18:07:35.284 [main] INFO org.evosuite.runtime.instrumentation.EvoClassLoader - Instrumenting class 'net.sf.saxon.event.Builder'.
18:07:35.285 [main] INFO org.evosuite.runtime.instrumentation.MethodCallReplacementClassAdapter - Adding mock interface to class net/sf/saxon/event/Builder
18:07:35.285 [main] INFO org.evosuite.runtime.instrumentation.CreateClassResetClassAdapter - Creating brand-new static initializer in class net/sf/saxon/event/Builder
18:07:35.285 [main] INFO org.evosuite.runtime.instrumentation.CreateClassResetClassAdapter - Adding bytecode for initializing field UNSPECIFIED_TREE_MODEL
18:07:35.285 [main] INFO org.evosuite.runtime.instrumentation.CreateClassResetClassAdapter - Adding bytecode for initializing field LINKED_TREE
18:07:35.285 [main] INFO org.evosuite.runtime.instrumentation.CreateClassResetClassAdapter - Adding bytecode for initializing field STANDARD_TREE
18:07:35.285 [main] INFO org.evosuite.runtime.instrumentation.CreateClassResetClassAdapter - Adding bytecode for initializing field TINY_TREE
18:07:35.285 [main] INFO org.evosuite.runtime.instrumentation.CreateClassResetClassAdapter - Adding bytecode for initializing field TINY_TREE_CONDENSED
18:07:35.285 [main] INFO org.evosuite.runtime.instrumentation.CreateClassResetClassAdapter - Adding bytecode for initializing field JDOM_TREE
18:07:35.285 [main] INFO org.evosuite.runtime.instrumentation.CreateClassResetClassAdapter - Adding bytecode for initializing field JDOM2_TREE
18:07:35.285 [main] INFO org.evosuite.runtime.instrumentation.CreateClassResetClassAdapter - Adding bytecode for initializing field AXIOM_TREE
18:07:35.285 [main] INFO org.evosuite.runtime.instrumentation.CreateClassResetClassAdapter - Adding bytecode for initializing field DOMINO_TREE
18:07:35.285 [main] INFO org.evosuite.runtime.instrumentation.CreateClassResetClassAdapter - Adding bytecode for initializing field K_TREE
18:07:35.285 [main] INFO org.evosuite.runtime.instrumentation.EvoClassLoader - Defined package (3): package net.sf.saxon.event, -1837843189
18:07:35.285 [main] INFO org.evosuite.runtime.instrumentation.EvoClassLoader - Seeing class for first time: net.sf.saxon.event.Receiver
18:07:35.285 [main] INFO org.evosuite.runtime.instrumentation.EvoClassLoader - Instrumenting class 'net.sf.saxon.event.Receiver'.
18:07:35.286 [main] INFO org.evosuite.runtime.instrumentation.EvoClassLoader - Keeping class: net.sf.saxon.event.Receiver
18:07:35.286 [main] INFO org.evosuite.runtime.instrumentation.EvoClassLoader - Keeping class: net.sf.saxon.event.Builder
18:07:35.286 [main] INFO org.evosuite.runtime.instrumentation.EvoClassLoader - Seeing class for first time: net.sf.saxon.tree.util.FastStringBuffer
18:07:35.286 [main] INFO org.evosuite.runtime.instrumentation.EvoClassLoader - Instrumenting class 'net.sf.saxon.tree.util.FastStringBuffer'.
18:07:35.287 [main] INFO org.evosuite.runtime.instrumentation.MethodCallReplacementClassAdapter - Adding mock interface to class net/sf/saxon/tree/util/FastStringBuffer
18:07:35.287 [main] INFO org.evosuite.runtime.instrumentation.CreateClassResetClassAdapter - Creating brand-new static initializer in class net/sf/saxon/tree/util/FastStringBuffer
18:07:35.287 [main] INFO org.evosuite.runtime.instrumentation.CreateClassResetClassAdapter - Adding bytecode for initializing field C16
18:07:35.287 [main] INFO org.evosuite.runtime.instrumentation.CreateClassResetClassAdapter - Adding bytecode for initializing field C64
18:07:35.287 [main] INFO org.evosuite.runtime.instrumentation.CreateClassResetClassAdapter - Adding bytecode for initializing field C256
18:07:35.287 [main] INFO org.evosuite.runtime.instrumentation.CreateClassResetClassAdapter - Adding bytecode for initializing field C1024
18:07:35.287 [main] INFO org.evosuite.runtime.instrumentation.EvoClassLoader - Seeing class for first time: net.sf.saxon.tree.tiny.AppendableCharSequence
18:07:35.287 [main] INFO org.evosuite.runtime.instrumentation.EvoClassLoader - Instrumenting class 'net.sf.saxon.tree.tiny.AppendableCharSequence'.
18:07:35.288 [main] INFO org.evosuite.runtime.instrumentation.EvoClassLoader - Defined package (3): package net.sf.saxon.tree.tiny, -1645783743
18:07:35.288 [main] INFO org.evosuite.runtime.instrumentation.EvoClassLoader - Keeping class: net.sf.saxon.tree.tiny.AppendableCharSequence
18:07:35.288 [main] INFO org.evosuite.runtime.instrumentation.EvoClassLoader - Keeping class: net.sf.saxon.tree.util.FastStringBuffer
18:07:35.288 [main] INFO org.evosuite.runtime.instrumentation.EvoClassLoader - Seeing class for first time: net.sf.saxon.Configuration
18:07:35.288 [main] INFO org.evosuite.runtime.instrumentation.EvoClassLoader - Instrumenting class 'net.sf.saxon.Configuration'.
18:07:35.290 [main] INFO org.evosuite.runtime.instrumentation.MethodCallReplacementClassAdapter - Adding mock interface to class net/sf/saxon/Configuration
18:07:35.301 [main] INFO org.evosuite.runtime.instrumentation.CreateClassResetClassAdapter - Found static initializer in class net/sf/saxon/Configuration
18:07:35.302 [main] INFO org.evosuite.runtime.instrumentation.EvoClassLoader - Defined package (3): package net.sf.saxon, 1963389215
18:07:35.304 [main] INFO org.evosuite.runtime.instrumentation.EvoClassLoader - Seeing class for first time: net.sf.saxon.lib.SourceResolver
18:07:35.304 [main] INFO org.evosuite.runtime.instrumentation.EvoClassLoader - Instrumenting class 'net.sf.saxon.lib.SourceResolver'.
18:07:35.305 [main] INFO org.evosuite.runtime.instrumentation.EvoClassLoader - Defined package (3): package net.sf.saxon.lib, -940452554
18:07:35.305 [main] INFO org.evosuite.runtime.instrumentation.EvoClassLoader - Keeping class: net.sf.saxon.lib.SourceResolver
18:07:35.305 [main] INFO org.evosuite.runtime.instrumentation.EvoClassLoader - Seeing class for first time: net.sf.saxon.om.NotationSet
18:07:35.305 [main] INFO org.evosuite.runtime.instrumentation.EvoClassLoader - Instrumenting class 'net.sf.saxon.om.NotationSet'.
18:07:35.306 [main] INFO org.evosuite.runtime.instrumentation.EvoClassLoader - Keeping class: net.sf.saxon.om.NotationSet
18:07:35.307 [main] INFO org.evosuite.runtime.instrumentation.EvoClassLoader - Keeping class: net.sf.saxon.Configuration
18:07:35.307 [main] INFO org.evosuite.runtime.instrumentation.EvoClassLoader - Seeing class for first time: net.sf.saxon.om.NamePool
18:07:35.307 [main] INFO org.evosuite.runtime.instrumentation.EvoClassLoader - Instrumenting class 'net.sf.saxon.om.NamePool'.
18:07:35.308 [main] INFO org.evosuite.runtime.instrumentation.MethodCallReplacementClassAdapter - Adding mock interface to class net/sf/saxon/om/NamePool
18:07:35.309 [main] INFO org.evosuite.runtime.instrumentation.CreateClassResetClassAdapter - Creating brand-new static initializer in class net/sf/saxon/om/NamePool
18:07:35.309 [main] INFO org.evosuite.runtime.instrumentation.CreateClassResetClassAdapter - Adding bytecode for initializing field FP_MASK
18:07:35.309 [main] INFO org.evosuite.runtime.instrumentation.CreateClassResetClassAdapter - Adding bytecode for initializing field USER_DEFINED_MASK
18:07:35.309 [main] INFO org.evosuite.runtime.instrumentation.CreateClassResetClassAdapter - Adding bytecode for initializing field MAX_FINGERPRINT
18:07:35.310 [main] INFO org.evosuite.runtime.instrumentation.EvoClassLoader - Keeping class: net.sf.saxon.om.NamePool
18:07:35.310 [main] INFO org.evosuite.runtime.instrumentation.EvoClassLoader - Seeing class for first time: net.sf.saxon.tree.linked.TextImpl
18:07:35.310 [main] INFO org.evosuite.runtime.instrumentation.EvoClassLoader - Instrumenting class 'net.sf.saxon.tree.linked.TextImpl'.
18:07:35.311 [main] INFO org.evosuite.runtime.instrumentation.MethodCallReplacementClassAdapter - Adding mock interface to class net/sf/saxon/tree/linked/TextImpl
18:07:35.311 [main] INFO org.evosuite.runtime.instrumentation.CreateClassResetClassAdapter - Creating brand-new static initializer in class net/sf/saxon/tree/linked/TextImpl
18:07:35.312 [main] INFO org.evosuite.runtime.instrumentation.EvoClassLoader - Keeping class: net.sf.saxon.tree.linked.TextImpl
18:07:35.312 [main] INFO org.evosuite.runtime.instrumentation.EvoClassLoader - Seeing class for first time: net.sf.saxon.tree.linked.CommentImpl
18:07:35.312 [main] INFO org.evosuite.runtime.instrumentation.EvoClassLoader - Instrumenting class 'net.sf.saxon.tree.linked.CommentImpl'.
18:07:35.313 [main] INFO org.evosuite.runtime.instrumentation.MethodCallReplacementClassAdapter - Adding mock interface to class net/sf/saxon/tree/linked/CommentImpl
18:07:35.313 [main] INFO org.evosuite.runtime.instrumentation.CreateClassResetClassAdapter - Creating brand-new static initializer in class net/sf/saxon/tree/linked/CommentImpl
18:07:35.313 [main] INFO org.evosuite.runtime.instrumentation.EvoClassLoader - Keeping class: net.sf.saxon.tree.linked.CommentImpl
18:07:35.313 [main] INFO org.evosuite.runtime.instrumentation.EvoClassLoader - Seeing class for first time: net.sf.saxon.tree.linked.ProcInstImpl
18:07:35.313 [main] INFO org.evosuite.runtime.instrumentation.EvoClassLoader - Instrumenting class 'net.sf.saxon.tree.linked.ProcInstImpl'.
18:07:35.314 [main] INFO org.evosuite.runtime.instrumentation.MethodCallReplacementClassAdapter - Adding mock interface to class net/sf/saxon/tree/linked/ProcInstImpl
18:07:35.314 [main] INFO org.evosuite.runtime.instrumentation.CreateClassResetClassAdapter - Creating brand-new static initializer in class net/sf/saxon/tree/linked/ProcInstImpl
18:07:35.315 [main] INFO org.evosuite.runtime.instrumentation.EvoClassLoader - Keeping class: net.sf.saxon.tree.linked.ProcInstImpl
18:07:35.316 [main] INFO org.evosuite.runtime.instrumentation.EvoClassLoader - Seeing class for first time: net.sf.saxon.tree.linked.ElementImpl
18:07:35.316 [main] INFO org.evosuite.runtime.instrumentation.EvoClassLoader - Instrumenting class 'net.sf.saxon.tree.linked.ElementImpl'.
18:07:35.318 [main] INFO org.evosuite.runtime.instrumentation.MethodCallReplacementClassAdapter - Adding mock interface to class net/sf/saxon/tree/linked/ElementImpl
18:07:35.323 [main] INFO org.evosuite.runtime.instrumentation.CreateClassResetClassAdapter - Creating brand-new static initializer in class net/sf/saxon/tree/linked/ElementImpl
18:07:35.324 [main] INFO org.evosuite.runtime.instrumentation.EvoClassLoader - Seeing class for first time: net.sf.saxon.om.NamespaceResolver
18:07:35.324 [main] INFO org.evosuite.runtime.instrumentation.EvoClassLoader - Instrumenting class 'net.sf.saxon.om.NamespaceResolver'.
18:07:35.325 [main] INFO org.evosuite.runtime.instrumentation.EvoClassLoader - Keeping class: net.sf.saxon.om.NamespaceResolver
18:07:35.325 [main] INFO org.evosuite.runtime.instrumentation.EvoClassLoader - Keeping class: net.sf.saxon.tree.linked.ElementImpl
18:07:35.325 [main] INFO org.evosuite.runtime.instrumentation.EvoClassLoader - Seeing class for first time: net.sf.saxon.om.AttributeCollection
18:07:35.325 [main] INFO org.evosuite.runtime.instrumentation.EvoClassLoader - Instrumenting class 'net.sf.saxon.om.AttributeCollection'.
18:07:35.326 [main] INFO org.evosuite.runtime.instrumentation.EvoClassLoader - Keeping class: net.sf.saxon.om.AttributeCollection
18:07:35.326 [main] INFO org.evosuite.runtime.instrumentation.EvoClassLoader - Seeing class for first time: net.sf.saxon.type.MissingComponentException
18:07:35.326 [main] INFO org.evosuite.runtime.instrumentation.EvoClassLoader - Instrumenting class 'net.sf.saxon.type.MissingComponentException'.
18:07:35.327 [main] INFO org.evosuite.runtime.instrumentation.MethodCallReplacementClassAdapter - Adding mock interface to class net/sf/saxon/type/MissingComponentException
18:07:35.327 [main] INFO org.evosuite.runtime.instrumentation.CreateClassResetClassAdapter - Creating brand-new static initializer in class net/sf/saxon/type/MissingComponentException
18:07:35.327 [main] INFO org.evosuite.runtime.instrumentation.EvoClassLoader - Seeing class for first time: net.sf.saxon.type.SchemaException
18:07:35.327 [main] INFO org.evosuite.runtime.instrumentation.EvoClassLoader - Instrumenting class 'net.sf.saxon.type.SchemaException'.
18:07:35.327 [main] INFO org.evosuite.runtime.instrumentation.MethodCallReplacementClassAdapter - Adding mock interface to class net/sf/saxon/type/SchemaException
18:07:35.328 [main] INFO org.evosuite.runtime.instrumentation.CreateClassResetClassAdapter - Creating brand-new static initializer in class net/sf/saxon/type/SchemaException
18:07:35.328 [main] INFO org.evosuite.runtime.instrumentation.EvoClassLoader - Keeping class: net.sf.saxon.type.SchemaException
18:07:35.328 [main] INFO org.evosuite.runtime.instrumentation.EvoClassLoader - Keeping class: net.sf.saxon.type.MissingComponentException
18:07:35.329 [main] INFO org.evosuite.runtime.instrumentation.EvoClassLoader - Seeing class for first time: net.sf.saxon.pattern.NodeKindTest
18:07:35.329 [main] INFO org.evosuite.runtime.instrumentation.EvoClassLoader - Instrumenting class 'net.sf.saxon.pattern.NodeKindTest'.
18:07:35.330 [main] INFO org.evosuite.runtime.instrumentation.MethodCallReplacementClassAdapter - Adding mock interface to class net/sf/saxon/pattern/NodeKindTest
18:07:35.331 [main] INFO org.evosuite.runtime.instrumentation.CreateClassResetClassAdapter - Found static initializer in class net/sf/saxon/pattern/NodeKindTest
18:07:35.332 [main] INFO org.evosuite.runtime.instrumentation.EvoClassLoader - Keeping class: net.sf.saxon.pattern.NodeKindTest
18:07:35.333 [main] INFO org.evosuite.runtime.instrumentation.EvoClassLoader - Seeing class for first time: net.sf.saxon.tree.util.AttributeCollectionImpl
18:07:35.333 [main] INFO org.evosuite.runtime.instrumentation.EvoClassLoader - Instrumenting class 'net.sf.saxon.tree.util.AttributeCollectionImpl'.
18:07:35.334 [main] INFO org.evosuite.runtime.instrumentation.MethodCallReplacementClassAdapter - Adding mock interface to class net/sf/saxon/tree/util/AttributeCollectionImpl
18:07:35.336 [main] INFO org.evosuite.runtime.instrumentation.CreateClassResetClassAdapter - Found static initializer in class net/sf/saxon/tree/util/AttributeCollectionImpl
18:07:35.337 [main] INFO org.evosuite.runtime.instrumentation.EvoClassLoader - Keeping class: net.sf.saxon.tree.util.AttributeCollectionImpl
18:07:35.337 [main] INFO org.evosuite.runtime.instrumentation.EvoClassLoader - Seeing class for first time: net.sf.saxon.style.StyleElement
18:07:35.337 [main] INFO org.evosuite.runtime.instrumentation.EvoClassLoader - Instrumenting class 'net.sf.saxon.style.StyleElement'.
18:07:35.340 [main] INFO org.evosuite.runtime.instrumentation.MethodCallReplacementClassAdapter - Adding mock interface to class net/sf/saxon/style/StyleElement
18:07:35.367 [main] INFO org.evosuite.runtime.instrumentation.CreateClassResetClassAdapter - Found static initializer in class net/sf/saxon/style/StyleElement
18:07:35.368 [main] INFO org.evosuite.runtime.instrumentation.EvoClassLoader - Defined package (3): package net.sf.saxon.style, -1824954334
18:07:35.370 [main] INFO org.evosuite.runtime.instrumentation.EvoClassLoader - Keeping class: net.sf.saxon.style.StyleElement
18:07:35.370 [main] INFO org.evosuite.runtime.instrumentation.EvoClassLoader - Seeing class for first time: net.sf.saxon.expr.StaticContext
18:07:35.370 [main] INFO org.evosuite.runtime.instrumentation.EvoClassLoader - Instrumenting class 'net.sf.saxon.expr.StaticContext'.
18:07:35.371 [main] INFO org.evosuite.runtime.instrumentation.EvoClassLoader - Defined package (3): package net.sf.saxon.expr, 910548324
18:07:35.371 [main] INFO org.evosuite.runtime.instrumentation.EvoClassLoader - Keeping class: net.sf.saxon.expr.StaticContext
18:07:35.371 [main] INFO org.evosuite.runtime.instrumentation.EvoClassLoader - Seeing class for first time: net.sf.saxon.expr.Expression
18:07:35.371 [main] INFO org.evosuite.runtime.instrumentation.EvoClassLoader - Instrumenting class 'net.sf.saxon.expr.Expression'.
18:07:35.373 [main] INFO org.evosuite.runtime.instrumentation.MethodCallReplacementClassAdapter - Adding mock interface to class net/sf/saxon/expr/Expression
18:07:35.376 [main] INFO org.evosuite.runtime.instrumentation.CreateClassResetClassAdapter - Found static initializer in class net/sf/saxon/expr/Expression
18:07:35.376 [main] INFO org.evosuite.runtime.instrumentation.EvoClassLoader - Seeing class for first time: net.sf.saxon.expr.ExportAgent
18:07:35.376 [main] INFO org.evosuite.runtime.instrumentation.EvoClassLoader - Instrumenting class 'net.sf.saxon.expr.ExportAgent'.
18:07:35.377 [main] INFO org.evosuite.runtime.instrumentation.EvoClassLoader - Keeping class: net.sf.saxon.expr.ExportAgent
18:07:35.377 [main] INFO org.evosuite.runtime.instrumentation.EvoClassLoader - Seeing class for first time: net.sf.saxon.expr.Locatable
18:07:35.377 [main] INFO org.evosuite.runtime.instrumentation.EvoClassLoader - Instrumenting class 'net.sf.saxon.expr.Locatable'.
18:07:35.377 [main] INFO org.evosuite.runtime.instrumentation.EvoClassLoader - Keeping class: net.sf.saxon.expr.Locatable
18:07:35.377 [main] INFO org.evosuite.runtime.instrumentation.EvoClassLoader - Keeping class: net.sf.saxon.expr.Expression
18:07:35.377 [main] INFO org.evosuite.runtime.instrumentation.EvoClassLoader - Seeing class for first time: net.sf.saxon.expr.ErrorExpression
18:07:35.377 [main] INFO org.evosuite.runtime.instrumentation.EvoClassLoader - Instrumenting class 'net.sf.saxon.expr.ErrorExpression'.
18:07:35.378 [main] INFO org.evosuite.runtime.instrumentation.MethodCallReplacementClassAdapter - Adding mock interface to class net/sf/saxon/expr/ErrorExpression
18:07:35.378 [main] INFO org.evosuite.runtime.instrumentation.CreateClassResetClassAdapter - Creating brand-new static initializer in class net/sf/saxon/expr/ErrorExpression
18:07:35.378 [main] INFO org.evosuite.runtime.instrumentation.EvoClassLoader - Keeping class: net.sf.saxon.expr.ErrorExpression
18:07:35.378 [main] INFO org.evosuite.runtime.instrumentation.EvoClassLoader - Seeing class for first time: net.sf.saxon.pattern.Pattern
18:07:35.378 [main] INFO org.evosuite.runtime.instrumentation.EvoClassLoader - Instrumenting class 'net.sf.saxon.pattern.Pattern'.
18:07:35.379 [main] INFO org.evosuite.runtime.instrumentation.MethodCallReplacementClassAdapter - Adding mock interface to class net/sf/saxon/pattern/Pattern
18:07:35.381 [main] INFO org.evosuite.runtime.instrumentation.CreateClassResetClassAdapter - Creating brand-new static initializer in class net/sf/saxon/pattern/Pattern
18:07:35.381 [main] INFO org.evosuite.runtime.instrumentation.EvoClassLoader - Seeing class for first time: net.sf.saxon.expr.PseudoExpression
18:07:35.381 [main] INFO org.evosuite.runtime.instrumentation.EvoClassLoader - Instrumenting class 'net.sf.saxon.expr.PseudoExpression'.
18:07:35.381 [main] INFO org.evosuite.runtime.instrumentation.MethodCallReplacementClassAdapter - Adding mock interface to class net/sf/saxon/expr/PseudoExpression
18:07:35.381 [main] INFO org.evosuite.runtime.instrumentation.CreateClassResetClassAdapter - Creating brand-new static initializer in class net/sf/saxon/expr/PseudoExpression
18:07:35.382 [main] INFO org.evosuite.runtime.instrumentation.EvoClassLoader - Keeping class: net.sf.saxon.expr.PseudoExpression
18:07:35.382 [main] INFO org.evosuite.runtime.instrumentation.EvoClassLoader - Keeping class: net.sf.saxon.pattern.Pattern
18:07:35.382 [main] INFO org.evosuite.runtime.instrumentation.EvoClassLoader - Seeing class for first time: net.sf.saxon.pattern.PatternThatSetsCurrent
18:07:35.382 [main] INFO org.evosuite.runtime.instrumentation.EvoClassLoader - Instrumenting class 'net.sf.saxon.pattern.PatternThatSetsCurrent'.
18:07:35.382 [main] INFO org.evosuite.runtime.instrumentation.MethodCallReplacementClassAdapter - Adding mock interface to class net/sf/saxon/pattern/PatternThatSetsCurrent
18:07:35.382 [main] INFO org.evosuite.runtime.instrumentation.CreateClassResetClassAdapter - Creating brand-new static initializer in class net/sf/saxon/pattern/PatternThatSetsCurrent
18:07:35.383 [main] INFO org.evosuite.runtime.instrumentation.EvoClassLoader - Keeping class: net.sf.saxon.pattern.PatternThatSetsCurrent
18:07:35.383 [main] INFO org.evosuite.runtime.instrumentation.EvoClassLoader - Seeing class for first time: net.sf.saxon.type.ErrorType
18:07:35.383 [main] INFO org.evosuite.runtime.instrumentation.EvoClassLoader - Instrumenting class 'net.sf.saxon.type.ErrorType'.
18:07:35.383 [main] INFO org.evosuite.runtime.instrumentation.MethodCallReplacementClassAdapter - Adding mock interface to class net/sf/saxon/type/ErrorType
18:07:35.384 [main] INFO org.evosuite.runtime.instrumentation.CreateClassResetClassAdapter - Found static initializer in class net/sf/saxon/type/ErrorType
18:07:35.384 [main] INFO org.evosuite.runtime.instrumentation.EvoClassLoader - Seeing class for first time: net.sf.saxon.type.AtomicType
18:07:35.384 [main] INFO org.evosuite.runtime.instrumentation.EvoClassLoader - Instrumenting class 'net.sf.saxon.type.AtomicType'.
18:07:35.384 [main] INFO org.evosuite.runtime.instrumentation.EvoClassLoader - Seeing class for first time: net.sf.saxon.type.PlainType
18:07:35.384 [main] INFO org.evosuite.runtime.instrumentation.EvoClassLoader - Instrumenting class 'net.sf.saxon.type.PlainType'.
18:07:35.385 [main] INFO org.evosuite.runtime.instrumentation.EvoClassLoader - Keeping class: net.sf.saxon.type.PlainType
18:07:35.385 [main] INFO org.evosuite.runtime.instrumentation.EvoClassLoader - Keeping class: net.sf.saxon.type.AtomicType
18:07:35.385 [main] INFO org.evosuite.runtime.instrumentation.EvoClassLoader - Seeing class for first time: net.sf.saxon.type.UnionType
18:07:35.385 [main] INFO org.evosuite.runtime.instrumentation.EvoClassLoader - Instrumenting class 'net.sf.saxon.type.UnionType'.
18:07:35.386 [main] INFO org.evosuite.runtime.instrumentation.EvoClassLoader - Keeping class: net.sf.saxon.type.UnionType
18:07:35.386 [main] INFO org.evosuite.runtime.instrumentation.EvoClassLoader - Keeping class: net.sf.saxon.type.ErrorType
18:07:35.386 [main] INFO org.evosuite.runtime.instrumentation.EvoClassLoader - Seeing class for first time: net.sf.saxon.pattern.NodeTestPattern
18:07:35.386 [main] INFO org.evosuite.runtime.instrumentation.EvoClassLoader - Instrumenting class 'net.sf.saxon.pattern.NodeTestPattern'.
18:07:35.387 [main] INFO org.evosuite.runtime.instrumentation.MethodCallReplacementClassAdapter - Adding mock interface to class net/sf/saxon/pattern/NodeTestPattern
18:07:35.387 [main] INFO org.evosuite.runtime.instrumentation.CreateClassResetClassAdapter - Creating brand-new static initializer in class net/sf/saxon/pattern/NodeTestPattern
18:07:35.387 [main] INFO org.evosuite.runtime.instrumentation.EvoClassLoader - Keeping class: net.sf.saxon.pattern.NodeTestPattern
18:07:35.387 [main] INFO org.evosuite.runtime.instrumentation.EvoClassLoader - Seeing class for first time: net.sf.saxon.pattern.BasePatternWithPredicate
18:07:35.387 [main] INFO org.evosuite.runtime.instrumentation.EvoClassLoader - Instrumenting class 'net.sf.saxon.pattern.BasePatternWithPredicate'.
18:07:35.388 [main] INFO org.evosuite.runtime.instrumentation.MethodCallReplacementClassAdapter - Adding mock interface to class net/sf/saxon/pattern/BasePatternWithPredicate
18:07:35.389 [main] INFO org.evosuite.runtime.instrumentation.CreateClassResetClassAdapter - Creating brand-new static initializer in class net/sf/saxon/pattern/BasePatternWithPredicate
18:07:35.389 [main] INFO org.evosuite.runtime.instrumentation.EvoClassLoader - Seeing class for first time: net.sf.saxon.pattern.PatternWithPredicate
18:07:35.390 [main] INFO org.evosuite.runtime.instrumentation.EvoClassLoader - Instrumenting class 'net.sf.saxon.pattern.PatternWithPredicate'.
18:07:35.390 [main] INFO org.evosuite.runtime.instrumentation.EvoClassLoader - Keeping class: net.sf.saxon.pattern.PatternWithPredicate
18:07:35.390 [main] INFO org.evosuite.runtime.instrumentation.EvoClassLoader - Keeping class: net.sf.saxon.pattern.BasePatternWithPredicate
18:07:35.390 [main] INFO org.evosuite.runtime.instrumentation.EvoClassLoader - Seeing class for first time: net.sf.saxon.expr.StringLiteral
18:07:35.390 [main] INFO org.evosuite.runtime.instrumentation.EvoClassLoader - Instrumenting class 'net.sf.saxon.expr.StringLiteral'.
18:07:35.390 [main] INFO org.evosuite.runtime.instrumentation.MethodCallReplacementClassAdapter - Adding mock interface to class net/sf/saxon/expr/StringLiteral
18:07:35.391 [main] INFO org.evosuite.runtime.instrumentation.CreateClassResetClassAdapter - Creating brand-new static initializer in class net/sf/saxon/expr/StringLiteral
18:07:35.391 [main] INFO org.evosuite.runtime.instrumentation.EvoClassLoader - Seeing class for first time: net.sf.saxon.expr.Literal
18:07:35.391 [main] INFO org.evosuite.runtime.instrumentation.EvoClassLoader - Instrumenting class 'net.sf.saxon.expr.Literal'.
18:07:35.391 [main] INFO org.evosuite.runtime.instrumentation.MethodCallReplacementClassAdapter - Adding mock interface to class net/sf/saxon/expr/Literal
18:07:35.393 [main] INFO org.evosuite.runtime.instrumentation.CreateClassResetClassAdapter - Found static initializer in class net/sf/saxon/expr/Literal
18:07:35.394 [main] INFO org.evosuite.runtime.instrumentation.EvoClassLoader - Keeping class: net.sf.saxon.expr.Literal
18:07:35.394 [main] INFO org.evosuite.runtime.instrumentation.EvoClassLoader - Keeping class: net.sf.saxon.expr.StringLiteral
18:07:35.394 [main] INFO org.evosuite.runtime.instrumentation.EvoClassLoader - Seeing class for first time: net.sf.saxon.expr.instruct.ValueOf
18:07:35.394 [main] INFO org.evosuite.runtime.instrumentation.EvoClassLoader - Instrumenting class 'net.sf.saxon.expr.instruct.ValueOf'.
18:07:35.395 [main] INFO org.evosuite.runtime.instrumentation.MethodCallReplacementClassAdapter - Adding mock interface to class net/sf/saxon/expr/instruct/ValueOf
18:07:35.396 [main] INFO org.evosuite.runtime.instrumentation.CreateClassResetClassAdapter - Found static initializer in class net/sf/saxon/expr/instruct/ValueOf
18:07:35.396 [main] INFO org.evosuite.runtime.instrumentation.EvoClassLoader - Defined package (3): package net.sf.saxon.expr.instruct, -1608692092
18:07:35.396 [main] INFO org.evosuite.runtime.instrumentation.EvoClassLoader - Seeing class for first time: net.sf.saxon.expr.instruct.SimpleNodeConstructor
18:07:35.396 [main] INFO org.evosuite.runtime.instrumentation.EvoClassLoader - Instrumenting class 'net.sf.saxon.expr.instruct.SimpleNodeConstructor'.
18:07:35.398 [main] INFO org.evosuite.runtime.instrumentation.MethodCallReplacementClassAdapter - Adding mock interface to class net/sf/saxon/expr/instruct/SimpleNodeConstructor
18:07:35.399 [main] INFO org.evosuite.runtime.instrumentation.CreateClassResetClassAdapter - Creating brand-new static initializer in class net/sf/saxon/expr/instruct/SimpleNodeConstructor
18:07:35.399 [main] INFO org.evosuite.runtime.instrumentation.EvoClassLoader - Seeing class for first time: net.sf.saxon.expr.instruct.Instruction
18:07:35.399 [main] INFO org.evosuite.runtime.instrumentation.EvoClassLoader - Instrumenting class 'net.sf.saxon.expr.instruct.Instruction'.
18:07:35.401 [main] INFO org.evosuite.runtime.instrumentation.MethodCallReplacementClassAdapter - Adding mock interface to class net/sf/saxon/expr/instruct/Instruction
18:07:35.401 [main] INFO org.evosuite.runtime.instrumentation.CreateClassResetClassAdapter - Creating brand-new static initializer in class net/sf/saxon/expr/instruct/Instruction
18:07:35.402 [main] INFO org.evosuite.runtime.instrumentation.EvoClassLoader - Seeing class for first time: net.sf.saxon.expr.instruct.TailCallReturner
18:07:35.402 [main] INFO org.evosuite.runtime.instrumentation.EvoClassLoader - Instrumenting class 'net.sf.saxon.expr.instruct.TailCallReturner'.
18:07:35.402 [main] INFO org.evosuite.runtime.instrumentation.EvoClassLoader - Keeping class: net.sf.saxon.expr.instruct.TailCallReturner
18:07:35.403 [main] INFO org.evosuite.runtime.instrumentation.EvoClassLoader - Keeping class: net.sf.saxon.expr.instruct.Instruction
18:07:35.403 [main] INFO org.evosuite.runtime.instrumentation.EvoClassLoader - Keeping class: net.sf.saxon.expr.instruct.SimpleNodeConstructor
18:07:35.403 [main] INFO org.evosuite.runtime.instrumentation.EvoClassLoader - Keeping class: net.sf.saxon.expr.instruct.ValueOf
18:07:35.403 [main] INFO org.evosuite.runtime.instrumentation.EvoClassLoader - Seeing class for first time: net.sf.saxon.expr.Binding
18:07:35.403 [main] INFO org.evosuite.runtime.instrumentation.EvoClassLoader - Instrumenting class 'net.sf.saxon.expr.Binding'.
18:07:35.404 [main] INFO org.evosuite.runtime.instrumentation.EvoClassLoader - Keeping class: net.sf.saxon.expr.Binding
18:07:35.404 [main] INFO org.evosuite.runtime.instrumentation.EvoClassLoader - Seeing class for first time: net.sf.saxon.expr.LetExpression
18:07:35.404 [main] INFO org.evosuite.runtime.instrumentation.EvoClassLoader - Instrumenting class 'net.sf.saxon.expr.LetExpression'.
18:07:35.405 [main] INFO org.evosuite.runtime.instrumentation.MethodCallReplacementClassAdapter - Adding mock interface to class net/sf/saxon/expr/LetExpression
18:07:35.406 [main] INFO org.evosuite.runtime.instrumentation.CreateClassResetClassAdapter - Found static initializer in class net/sf/saxon/expr/LetExpression
18:07:35.407 [main] INFO org.evosuite.runtime.instrumentation.EvoClassLoader - Seeing class for first time: net.sf.saxon.expr.Assignation
18:07:35.407 [main] INFO org.evosuite.runtime.instrumentation.EvoClassLoader - Instrumenting class 'net.sf.saxon.expr.Assignation'.
18:07:35.408 [main] INFO org.evosuite.runtime.instrumentation.MethodCallReplacementClassAdapter - Adding mock interface to class net/sf/saxon/expr/Assignation
18:07:35.410 [main] INFO org.evosuite.runtime.instrumentation.CreateClassResetClassAdapter - Found static initializer in class net/sf/saxon/expr/Assignation
18:07:35.410 [main] INFO org.evosuite.runtime.instrumentation.EvoClassLoader - Seeing class for first time: net.sf.saxon.expr.LocalBinding
18:07:35.410 [main] INFO org.evosuite.runtime.instrumentation.EvoClassLoader - Instrumenting class 'net.sf.saxon.expr.LocalBinding'.
18:07:35.411 [main] INFO org.evosuite.runtime.instrumentation.EvoClassLoader - Keeping class: net.sf.saxon.expr.LocalBinding
18:07:35.412 [main] INFO org.evosuite.runtime.instrumentation.EvoClassLoader - Keeping class: net.sf.saxon.expr.Assignation
18:07:35.412 [main] INFO org.evosuite.runtime.instrumentation.EvoClassLoader - Keeping class: net.sf.saxon.expr.LetExpression
18:07:35.412 [main] INFO org.evosuite.runtime.instrumentation.EvoClassLoader - Seeing class for first time: net.sf.saxon.expr.instruct.ConditionalBlock
18:07:35.412 [main] INFO org.evosuite.runtime.instrumentation.EvoClassLoader - Instrumenting class 'net.sf.saxon.expr.instruct.ConditionalBlock'.
18:07:35.413 [main] INFO org.evosuite.runtime.instrumentation.MethodCallReplacementClassAdapter - Adding mock interface to class net/sf/saxon/expr/instruct/ConditionalBlock
18:07:35.414 [main] INFO org.evosuite.runtime.instrumentation.CreateClassResetClassAdapter - Creating brand-new static initializer in class net/sf/saxon/expr/instruct/ConditionalBlock
18:07:35.415 [main] INFO org.evosuite.runtime.instrumentation.EvoClassLoader - Keeping class: net.sf.saxon.expr.instruct.ConditionalBlock
18:07:35.415 [main] INFO org.evosuite.runtime.instrumentation.EvoClassLoader - Seeing class for first time: net.sf.saxon.expr.instruct.SequenceInstr
18:07:35.415 [main] INFO org.evosuite.runtime.instrumentation.EvoClassLoader - Instrumenting class 'net.sf.saxon.expr.instruct.SequenceInstr'.
18:07:35.416 [main] INFO org.evosuite.runtime.instrumentation.MethodCallReplacementClassAdapter - Adding mock interface to class net/sf/saxon/expr/instruct/SequenceInstr
18:07:35.416 [main] INFO org.evosuite.runtime.instrumentation.CreateClassResetClassAdapter - Creating brand-new static initializer in class net/sf/saxon/expr/instruct/SequenceInstr
18:07:35.417 [main] INFO org.evosuite.runtime.instrumentation.EvoClassLoader - Seeing class for first time: net.sf.saxon.expr.UnaryExpression
18:07:35.417 [main] INFO org.evosuite.runtime.instrumentation.EvoClassLoader - Instrumenting class 'net.sf.saxon.expr.UnaryExpression'.
18:07:35.417 [main] INFO org.evosuite.runtime.instrumentation.MethodCallReplacementClassAdapter - Adding mock interface to class net/sf/saxon/expr/UnaryExpression
18:07:35.418 [main] INFO org.evosuite.runtime.instrumentation.CreateClassResetClassAdapter - Creating brand-new static initializer in class net/sf/saxon/expr/UnaryExpression
18:07:35.418 [main] INFO org.evosuite.runtime.instrumentation.EvoClassLoader - Keeping class: net.sf.saxon.expr.UnaryExpression
18:07:35.418 [main] INFO org.evosuite.runtime.instrumentation.EvoClassLoader - Keeping class: net.sf.saxon.expr.instruct.SequenceInstr
18:07:35.420 [main] INFO org.evosuite.runtime.instrumentation.EvoClassLoader - Seeing class for first time: net.sf.saxon.om.QNameException
18:07:35.420 [main] INFO org.evosuite.runtime.instrumentation.EvoClassLoader - Instrumenting class 'net.sf.saxon.om.QNameException'.
18:07:35.421 [main] INFO org.evosuite.runtime.instrumentation.MethodCallReplacementClassAdapter - Adding mock interface to class net/sf/saxon/om/QNameException
18:07:35.421 [main] INFO org.evosuite.runtime.instrumentation.CreateClassResetClassAdapter - Creating brand-new static initializer in class net/sf/saxon/om/QNameException
18:07:35.422 [main] INFO org.evosuite.runtime.instrumentation.EvoClassLoader - Keeping class: net.sf.saxon.om.QNameException
18:07:35.422 [main] INFO org.evosuite.runtime.instrumentation.EvoClassLoader - Seeing class for first time: net.sf.saxon.om.StructuredQName
18:07:35.422 [main] INFO org.evosuite.runtime.instrumentation.EvoClassLoader - Instrumenting class 'net.sf.saxon.om.StructuredQName'.
18:07:35.424 [main] INFO org.evosuite.runtime.instrumentation.MethodCallReplacementClassAdapter - Adding mock interface to class net/sf/saxon/om/StructuredQName
18:07:35.426 [main] INFO org.evosuite.runtime.instrumentation.CreateClassResetClassAdapter - Creating brand-new static initializer in class net/sf/saxon/om/StructuredQName
18:07:35.426 [main] INFO org.evosuite.runtime.instrumentation.EvoClassLoader - Keeping class: net.sf.saxon.om.StructuredQName
18:07:35.426 [main] INFO org.evosuite.runtime.instrumentation.EvoClassLoader - Seeing class for first time: net.sf.saxon.style.Compilation
18:07:35.426 [main] INFO org.evosuite.runtime.instrumentation.EvoClassLoader - Instrumenting class 'net.sf.saxon.style.Compilation'.
18:07:35.428 [main] INFO org.evosuite.runtime.instrumentation.MethodCallReplacementClassAdapter - Adding mock interface to class net/sf/saxon/style/Compilation
18:07:35.431 [main] INFO org.evosuite.runtime.instrumentation.CreateClassResetClassAdapter - Creating brand-new static initializer in class net/sf/saxon/style/Compilation
18:07:35.431 [main] INFO org.evosuite.runtime.instrumentation.CreateClassResetClassAdapter - Adding bytecode for initializing field TIMING
18:07:35.432 [main] INFO org.evosuite.runtime.instrumentation.EvoClassLoader - Keeping class: net.sf.saxon.style.Compilation
18:07:35.432 [main] INFO org.evosuite.runtime.instrumentation.EvoClassLoader - Seeing class for first time: net.sf.saxon.style.ComponentDeclaration
18:07:35.432 [main] INFO org.evosuite.runtime.instrumentation.EvoClassLoader - Instrumenting class 'net.sf.saxon.style.ComponentDeclaration'.
18:07:35.433 [main] INFO org.evosuite.runtime.instrumentation.MethodCallReplacementClassAdapter - Adding mock interface to class net/sf/saxon/style/ComponentDeclaration
18:07:35.433 [main] INFO org.evosuite.runtime.instrumentation.CreateClassResetClassAdapter - Creating brand-new static initializer in class net/sf/saxon/style/ComponentDeclaration
18:07:35.434 [main] INFO org.evosuite.runtime.instrumentation.EvoClassLoader - Keeping class: net.sf.saxon.style.ComponentDeclaration
18:07:35.434 [main] INFO org.evosuite.runtime.instrumentation.EvoClassLoader - Seeing class for first time: net.sf.saxon.expr.sort.SortKeyDefinitionList
18:07:35.434 [main] INFO org.evosuite.runtime.instrumentation.EvoClassLoader - Instrumenting class 'net.sf.saxon.expr.sort.SortKeyDefinitionList'.
18:07:35.435 [main] INFO org.evosuite.runtime.instrumentation.MethodCallReplacementClassAdapter - Adding mock interface to class net/sf/saxon/expr/sort/SortKeyDefinitionList
18:07:35.435 [main] INFO org.evosuite.runtime.instrumentation.CreateClassResetClassAdapter - Creating brand-new static initializer in class net/sf/saxon/expr/sort/SortKeyDefinitionList
18:07:35.435 [main] INFO org.evosuite.runtime.instrumentation.EvoClassLoader - Defined package (3): package net.sf.saxon.expr.sort, -1187049496
18:07:35.435 [main] INFO org.evosuite.runtime.instrumentation.EvoClassLoader - Keeping class: net.sf.saxon.expr.sort.SortKeyDefinitionList
18:07:35.436 [main] INFO org.evosuite.runtime.instrumentation.EvoClassLoader - Seeing class for first time: net.sf.saxon.expr.instruct.WithParam
18:07:35.436 [main] INFO org.evosuite.runtime.instrumentation.EvoClassLoader - Instrumenting class 'net.sf.saxon.expr.instruct.WithParam'.
18:07:35.437 [main] INFO org.evosuite.runtime.instrumentation.MethodCallReplacementClassAdapter - Adding mock interface to class net/sf/saxon/expr/instruct/WithParam
18:07:35.437 [main] INFO org.evosuite.runtime.instrumentation.CreateClassResetClassAdapter - Found static initializer in class net/sf/saxon/expr/instruct/WithParam
18:07:35.438 [main] INFO org.evosuite.runtime.instrumentation.EvoClassLoader - Keeping class: net.sf.saxon.expr.instruct.WithParam
18:07:35.438 [main] INFO org.evosuite.runtime.instrumentation.EvoClassLoader - Seeing class for first time: net.sf.saxon.style.SourceBinding
18:07:35.438 [main] INFO org.evosuite.runtime.instrumentation.EvoClassLoader - Instrumenting class 'net.sf.saxon.style.SourceBinding'.
18:07:35.439 [main] INFO org.evosuite.runtime.instrumentation.MethodCallReplacementClassAdapter - Adding mock interface to class net/sf/saxon/style/SourceBinding
18:07:35.442 [main] INFO org.evosuite.runtime.instrumentation.CreateClassResetClassAdapter - Creating brand-new static initializer in class net/sf/saxon/style/SourceBinding
18:07:35.442 [main] INFO org.evosuite.runtime.instrumentation.CreateClassResetClassAdapter - Adding bytecode for initializing field PRIVATE
18:07:35.442 [main] INFO org.evosuite.runtime.instrumentation.CreateClassResetClassAdapter - Adding bytecode for initializing field GLOBAL
18:07:35.442 [main] INFO org.evosuite.runtime.instrumentation.CreateClassResetClassAdapter - Adding bytecode for initializing field PARAM
18:07:35.442 [main] INFO org.evosuite.runtime.instrumentation.CreateClassResetClassAdapter - Adding bytecode for initializing field TUNNEL
18:07:35.442 [main] INFO org.evosuite.runtime.instrumentation.CreateClassResetClassAdapter - Adding bytecode for initializing field REQUIRED
18:07:35.442 [main] INFO org.evosuite.runtime.instrumentation.CreateClassResetClassAdapter - Adding bytecode for initializing field IMPLICITLY_REQUIRED
18:07:35.442 [main] INFO org.evosuite.runtime.instrumentation.CreateClassResetClassAdapter - Adding bytecode for initializing field ASSIGNABLE
18:07:35.442 [main] INFO org.evosuite.runtime.instrumentation.CreateClassResetClassAdapter - Adding bytecode for initializing field SELECT
18:07:35.442 [main] INFO org.evosuite.runtime.instrumentation.CreateClassResetClassAdapter - Adding bytecode for initializing field AS
18:07:35.442 [main] INFO org.evosuite.runtime.instrumentation.CreateClassResetClassAdapter - Adding bytecode for initializing field DISALLOWS_CONTENT
18:07:35.442 [main] INFO org.evosuite.runtime.instrumentation.CreateClassResetClassAdapter - Adding bytecode for initializing field STATIC
18:07:35.442 [main] INFO org.evosuite.runtime.instrumentation.CreateClassResetClassAdapter - Adding bytecode for initializing field VISIBILITY
18:07:35.442 [main] INFO org.evosuite.runtime.instrumentation.CreateClassResetClassAdapter - Adding bytecode for initializing field IMPLICITLY_DECLARED
18:07:35.443 [main] INFO org.evosuite.runtime.instrumentation.EvoClassLoader - Keeping class: net.sf.saxon.style.SourceBinding
18:07:35.443 [main] INFO org.evosuite.runtime.instrumentation.EvoClassLoader - Seeing class for first time: net.sf.saxon.value.SequenceType
18:07:35.443 [main] INFO org.evosuite.runtime.instrumentation.EvoClassLoader - Instrumenting class 'net.sf.saxon.value.SequenceType'.
18:07:35.444 [main] INFO org.evosuite.runtime.instrumentation.MethodCallReplacementClassAdapter - Adding mock interface to class net/sf/saxon/value/SequenceType
18:07:35.445 [main] INFO org.evosuite.runtime.instrumentation.CreateClassResetClassAdapter - Found static initializer in class net/sf/saxon/value/SequenceType
18:07:35.446 [main] INFO org.evosuite.runtime.instrumentation.EvoClassLoader - Defined package (3): package net.sf.saxon.value, -1822762014
18:07:35.446 [main] INFO org.evosuite.runtime.instrumentation.EvoClassLoader - Keeping class: net.sf.saxon.value.SequenceType
18:07:35.447 [main] INFO org.evosuite.runtime.instrumentation.EvoClassLoader - Seeing class for first time: net.sf.saxon.lib.StringCollator
18:07:35.447 [main] INFO org.evosuite.runtime.instrumentation.EvoClassLoader - Instrumenting class 'net.sf.saxon.lib.StringCollator'.
18:07:35.448 [main] INFO org.evosuite.runtime.instrumentation.EvoClassLoader - Keeping class: net.sf.saxon.lib.StringCollator
18:07:35.448 [main] INFO org.evosuite.runtime.instrumentation.EvoClassLoader - Seeing class for first time: net.sf.saxon.style.PrincipalStylesheetModule
18:07:35.448 [main] INFO org.evosuite.runtime.instrumentation.EvoClassLoader - Instrumenting class 'net.sf.saxon.style.PrincipalStylesheetModule'.
18:07:35.452 [main] INFO org.evosuite.runtime.instrumentation.MethodCallReplacementClassAdapter - Adding mock interface to class net/sf/saxon/style/PrincipalStylesheetModule
18:07:35.456 [main] INFO org.evosuite.runtime.instrumentation.CreateClassResetClassAdapter - Creating brand-new static initializer in class net/sf/saxon/style/PrincipalStylesheetModule
18:07:35.457 [main] INFO org.evosuite.runtime.instrumentation.EvoClassLoader - Seeing class for first time: net.sf.saxon.trans.GlobalVariableManager
18:07:35.457 [main] INFO org.evosuite.runtime.instrumentation.EvoClassLoader - Instrumenting class 'net.sf.saxon.trans.GlobalVariableManager'.
18:07:35.458 [main] INFO org.evosuite.runtime.instrumentation.EvoClassLoader - Keeping class: net.sf.saxon.trans.GlobalVariableManager
18:07:35.459 [main] INFO org.evosuite.runtime.instrumentation.EvoClassLoader - Seeing class for first time: net.sf.saxon.style.StylesheetModule
18:07:35.459 [main] INFO org.evosuite.runtime.instrumentation.EvoClassLoader - Instrumenting class 'net.sf.saxon.style.StylesheetModule'.
18:07:35.460 [main] INFO org.evosuite.runtime.instrumentation.MethodCallReplacementClassAdapter - Adding mock interface to class net/sf/saxon/style/StylesheetModule
18:07:35.462 [main] INFO org.evosuite.runtime.instrumentation.CreateClassResetClassAdapter - Creating brand-new static initializer in class net/sf/saxon/style/StylesheetModule
18:07:35.462 [main] INFO org.evosuite.runtime.instrumentation.EvoClassLoader - Keeping class: net.sf.saxon.style.StylesheetModule
18:07:35.463 [main] INFO org.evosuite.runtime.instrumentation.EvoClassLoader - Keeping class: net.sf.saxon.style.PrincipalStylesheetModule
18:07:35.463 [main] INFO org.evosuite.runtime.instrumentation.EvoClassLoader - Seeing class for first time: net.sf.saxon.expr.instruct.SlotManager
18:07:35.463 [main] INFO org.evosuite.runtime.instrumentation.EvoClassLoader - Instrumenting class 'net.sf.saxon.expr.instruct.SlotManager'.
18:07:35.463 [main] INFO org.evosuite.runtime.instrumentation.MethodCallReplacementClassAdapter - Adding mock interface to class net/sf/saxon/expr/instruct/SlotManager
18:07:35.463 [main] INFO org.evosuite.runtime.instrumentation.CreateClassResetClassAdapter - Found static initializer in class net/sf/saxon/expr/instruct/SlotManager
18:07:35.464 [main] INFO org.evosuite.runtime.instrumentation.EvoClassLoader - Keeping class: net.sf.saxon.expr.instruct.SlotManager
18:07:35.464 [main] INFO org.evosuite.runtime.instrumentation.EvoClassLoader - Seeing class for first time: net.sf.saxon.style.StylesheetPackage
18:07:35.464 [main] INFO org.evosuite.runtime.instrumentation.EvoClassLoader - Instrumenting class 'net.sf.saxon.style.StylesheetPackage'.
18:07:35.465 [main] INFO org.evosuite.runtime.instrumentation.MethodCallReplacementClassAdapter - Adding mock interface to class net/sf/saxon/style/StylesheetPackage
18:07:35.467 [main] INFO org.evosuite.runtime.instrumentation.CreateClassResetClassAdapter - Creating brand-new static initializer in class net/sf/saxon/style/StylesheetPackage
18:07:35.467 [main] INFO org.evosuite.runtime.instrumentation.CreateClassResetClassAdapter - Adding bytecode for initializing field TRACING
18:07:35.468 [main] INFO org.evosuite.runtime.instrumentation.EvoClassLoader - Seeing class for first time: net.sf.saxon.expr.PackageData
18:07:35.468 [main] INFO org.evosuite.runtime.instrumentation.EvoClassLoader - Instrumenting class 'net.sf.saxon.expr.PackageData'.
18:07:35.468 [main] INFO org.evosuite.runtime.instrumentation.MethodCallReplacementClassAdapter - Adding mock interface to class net/sf/saxon/expr/PackageData
18:07:35.470 [main] INFO org.evosuite.runtime.instrumentation.CreateClassResetClassAdapter - Creating brand-new static initializer in class net/sf/saxon/expr/PackageData
18:07:35.470 [main] INFO org.evosuite.runtime.instrumentation.EvoClassLoader - Keeping class: net.sf.saxon.expr.PackageData
18:07:35.470 [main] INFO org.evosuite.runtime.instrumentation.EvoClassLoader - Keeping class: net.sf.saxon.style.StylesheetPackage
18:07:35.470 [main] INFO org.evosuite.runtime.instrumentation.EvoClassLoader - Seeing class for first time: net.sf.saxon.trans.Visibility
18:07:35.470 [main] INFO org.evosuite.runtime.instrumentation.EvoClassLoader - Instrumenting class 'net.sf.saxon.trans.Visibility'.
18:07:35.471 [main] INFO org.evosuite.runtime.instrumentation.MethodCallReplacementClassAdapter - Adding mock interface to class net/sf/saxon/trans/Visibility
18:07:35.471 [main] INFO org.evosuite.runtime.instrumentation.CreateClassResetClassAdapter - Found static initializer in class net/sf/saxon/trans/Visibility
18:07:35.471 [main] INFO org.evosuite.runtime.instrumentation.EvoClassLoader - Keeping class: net.sf.saxon.trans.Visibility
18:07:35.471 [main] INFO org.evosuite.runtime.instrumentation.EvoClassLoader - Seeing class for first time: net.sf.saxon.style.XSLModuleRoot
18:07:35.471 [main] INFO org.evosuite.runtime.instrumentation.EvoClassLoader - Instrumenting class 'net.sf.saxon.style.XSLModuleRoot'.
18:07:35.472 [main] INFO org.evosuite.runtime.instrumentation.MethodCallReplacementClassAdapter - Adding mock interface to class net/sf/saxon/style/XSLModuleRoot
18:07:35.473 [main] INFO org.evosuite.runtime.instrumentation.CreateClassResetClassAdapter - Creating brand-new static initializer in class net/sf/saxon/style/XSLModuleRoot
18:07:35.473 [main] INFO org.evosuite.runtime.instrumentation.CreateClassResetClassAdapter - Adding bytecode for initializing field ANNOTATION_UNSPECIFIED
18:07:35.473 [main] INFO org.evosuite.runtime.instrumentation.CreateClassResetClassAdapter - Adding bytecode for initializing field ANNOTATION_STRIP
18:07:35.473 [main] INFO org.evosuite.runtime.instrumentation.CreateClassResetClassAdapter - Adding bytecode for initializing field ANNOTATION_PRESERVE
18:07:35.474 [main] INFO org.evosuite.runtime.instrumentation.EvoClassLoader - Keeping class: net.sf.saxon.style.XSLModuleRoot
18:07:35.474 [main] INFO org.evosuite.runtime.instrumentation.EvoClassLoader - Seeing class for first time: net.sf.saxon.expr.instruct.Actor
18:07:35.474 [main] INFO org.evosuite.runtime.instrumentation.EvoClassLoader - Instrumenting class 'net.sf.saxon.expr.instruct.Actor'.
18:07:35.476 [main] INFO org.evosuite.runtime.instrumentation.MethodCallReplacementClassAdapter - Adding mock interface to class net/sf/saxon/expr/instruct/Actor
18:07:35.477 [main] INFO org.evosuite.runtime.instrumentation.CreateClassResetClassAdapter - Creating brand-new static initializer in class net/sf/saxon/expr/instruct/Actor
18:07:35.477 [main] INFO org.evosuite.runtime.instrumentation.EvoClassLoader - Seeing class for first time: net.sf.saxon.trace.InstructionInfo
18:07:35.477 [main] INFO org.evosuite.runtime.instrumentation.EvoClassLoader - Instrumenting class 'net.sf.saxon.trace.InstructionInfo'.
18:07:35.479 [main] INFO org.evosuite.runtime.instrumentation.EvoClassLoader - Defined package (3): package net.sf.saxon.trace, -1824113738
18:07:35.479 [main] INFO org.evosuite.runtime.instrumentation.EvoClassLoader - Keeping class: net.sf.saxon.trace.InstructionInfo
18:07:35.479 [main] INFO org.evosuite.runtime.instrumentation.EvoClassLoader - Seeing class for first time: net.sf.saxon.expr.ExpressionOwner
18:07:35.479 [main] INFO org.evosuite.runtime.instrumentation.EvoClassLoader - Instrumenting class 'net.sf.saxon.expr.ExpressionOwner'.
18:07:35.480 [main] INFO org.evosuite.runtime.instrumentation.EvoClassLoader - Keeping class: net.sf.saxon.expr.ExpressionOwner
18:07:35.480 [main] INFO org.evosuite.runtime.instrumentation.EvoClassLoader - Keeping class: net.sf.saxon.expr.instruct.Actor
18:07:35.480 [main] INFO org.evosuite.runtime.instrumentation.EvoClassLoader - Seeing class for first time: net.sf.saxon.expr.Component
18:07:35.480 [main] INFO org.evosuite.runtime.instrumentation.EvoClassLoader - Instrumenting class 'net.sf.saxon.expr.Component'.
18:07:35.481 [main] INFO org.evosuite.runtime.instrumentation.MethodCallReplacementClassAdapter - Adding mock interface to class net/sf/saxon/expr/Component
18:07:35.485 [main] INFO org.evosuite.runtime.instrumentation.CreateClassResetClassAdapter - Creating brand-new static initializer in class net/sf/saxon/expr/Component
18:07:35.486 [main] INFO org.evosuite.runtime.instrumentation.EvoClassLoader - Keeping class: net.sf.saxon.expr.Component
18:07:35.486 [main] INFO org.evosuite.runtime.instrumentation.EvoClassLoader - Seeing class for first time: net.sf.saxon.expr.instruct.SavedNamespaceContext
18:07:35.486 [main] INFO org.evosuite.runtime.instrumentation.EvoClassLoader - Instrumenting class 'net.sf.saxon.expr.instruct.SavedNamespaceContext'.
18:07:35.487 [main] INFO org.evosuite.runtime.instrumentation.MethodCallReplacementClassAdapter - Adding mock interface to class net/sf/saxon/expr/instruct/SavedNamespaceContext
18:07:35.488 [main] INFO org.evosuite.runtime.instrumentation.CreateClassResetClassAdapter - Creating brand-new static initializer in class net/sf/saxon/expr/instruct/SavedNamespaceContext
18:07:35.488 [main] INFO org.evosuite.runtime.instrumentation.EvoClassLoader - Keeping class: net.sf.saxon.expr.instruct.SavedNamespaceContext
18:07:35.488 [main] INFO org.evosuite.runtime.instrumentation.EvoClassLoader - Seeing class for first time: net.sf.saxon.expr.parser.RetainedStaticContext
18:07:35.488 [main] INFO org.evosuite.runtime.instrumentation.EvoClassLoader - Instrumenting class 'net.sf.saxon.expr.parser.RetainedStaticContext'.
18:07:35.489 [main] INFO org.evosuite.runtime.instrumentation.MethodCallReplacementClassAdapter - Adding mock interface to class net/sf/saxon/expr/parser/RetainedStaticContext
18:07:35.491 [main] INFO org.evosuite.runtime.instrumentation.CreateClassResetClassAdapter - Creating brand-new static initializer in class net/sf/saxon/expr/parser/RetainedStaticContext
18:07:35.491 [main] INFO org.evosuite.runtime.instrumentation.EvoClassLoader - Keeping class: net.sf.saxon.expr.parser.RetainedStaticContext
18:07:35.492 [main] INFO org.evosuite.runtime.instrumentation.EvoClassLoader - Seeing class for first time: net.sf.saxon.style.ExpressionContext
18:07:35.492 [main] INFO org.evosuite.runtime.instrumentation.EvoClassLoader - Instrumenting class 'net.sf.saxon.style.ExpressionContext'.
18:07:35.493 [main] INFO org.evosuite.runtime.instrumentation.MethodCallReplacementClassAdapter - Adding mock interface to class net/sf/saxon/style/ExpressionContext
18:07:35.496 [main] INFO org.evosuite.runtime.instrumentation.CreateClassResetClassAdapter - Creating brand-new static initializer in class net/sf/saxon/style/ExpressionContext
18:07:35.497 [main] INFO org.evosuite.runtime.instrumentation.EvoClassLoader - Seeing class for first time: net.sf.saxon.style.XSLTStaticContext
18:07:35.497 [main] INFO org.evosuite.runtime.instrumentation.EvoClassLoader - Instrumenting class 'net.sf.saxon.style.XSLTStaticContext'.
18:07:35.498 [main] INFO org.evosuite.runtime.instrumentation.EvoClassLoader - Keeping class: net.sf.saxon.style.XSLTStaticContext
18:07:35.498 [main] INFO org.evosuite.runtime.instrumentation.EvoClassLoader - Keeping class: net.sf.saxon.style.ExpressionContext
18:07:35.498 [main] INFO org.evosuite.runtime.instrumentation.EvoClassLoader - Seeing class for first time: net.sf.saxon.expr.parser.ExpressionVisitor
18:07:35.498 [main] INFO org.evosuite.runtime.instrumentation.EvoClassLoader - Instrumenting class 'net.sf.saxon.expr.parser.ExpressionVisitor'.
18:07:35.499 [main] INFO org.evosuite.runtime.instrumentation.MethodCallReplacementClassAdapter - Adding mock interface to class net/sf/saxon/expr/parser/ExpressionVisitor
18:07:35.500 [main] INFO org.evosuite.runtime.instrumentation.CreateClassResetClassAdapter - Creating brand-new static initializer in class net/sf/saxon/expr/parser/ExpressionVisitor
18:07:35.500 [main] INFO org.evosuite.runtime.instrumentation.CreateClassResetClassAdapter - Adding bytecode for initializing field MAX_DEPTH
18:07:35.500 [main] INFO org.evosuite.runtime.instrumentation.EvoClassLoader - Keeping class: net.sf.saxon.expr.parser.ExpressionVisitor
18:07:35.501 [main] INFO org.evosuite.runtime.instrumentation.EvoClassLoader - Seeing class for first time: net.sf.saxon.style.XSLGlobalVariable
18:07:35.501 [main] INFO org.evosuite.runtime.instrumentation.EvoClassLoader - Instrumenting class 'net.sf.saxon.style.XSLGlobalVariable'.
18:07:35.503 [main] INFO org.evosuite.runtime.instrumentation.MethodCallReplacementClassAdapter - Adding mock interface to class net/sf/saxon/style/XSLGlobalVariable
18:07:35.513 [main] INFO org.evosuite.runtime.instrumentation.CreateClassResetClassAdapter - Creating brand-new static initializer in class net/sf/saxon/style/XSLGlobalVariable
18:07:35.514 [main] INFO org.evosuite.runtime.instrumentation.EvoClassLoader - Seeing class for first time: net.sf.saxon.style.StylesheetComponent
18:07:35.514 [main] INFO org.evosuite.runtime.instrumentation.EvoClassLoader - Instrumenting class 'net.sf.saxon.style.StylesheetComponent'.
18:07:35.515 [main] INFO org.evosuite.runtime.instrumentation.EvoClassLoader - Keeping class: net.sf.saxon.style.StylesheetComponent
18:07:35.516 [main] INFO org.evosuite.runtime.instrumentation.EvoClassLoader - Keeping class: net.sf.saxon.style.XSLGlobalVariable
18:07:35.516 [main] INFO org.evosuite.runtime.instrumentation.EvoClassLoader - Seeing class for first time: net.sf.saxon.expr.instruct.GlobalVariable
18:07:35.516 [main] INFO org.evosuite.runtime.instrumentation.EvoClassLoader - Instrumenting class 'net.sf.saxon.expr.instruct.GlobalVariable'.
18:07:35.518 [main] INFO org.evosuite.runtime.instrumentation.MethodCallReplacementClassAdapter - Adding mock interface to class net/sf/saxon/expr/instruct/GlobalVariable
18:07:35.523 [main] INFO org.evosuite.runtime.instrumentation.CreateClassResetClassAdapter - Found static initializer in class net/sf/saxon/expr/instruct/GlobalVariable
18:07:35.524 [main] INFO org.evosuite.runtime.instrumentation.EvoClassLoader - Seeing class for first time: net.sf.saxon.query.Declaration
18:07:35.524 [main] INFO org.evosuite.runtime.instrumentation.EvoClassLoader - Instrumenting class 'net.sf.saxon.query.Declaration'.
18:07:35.525 [main] INFO org.evosuite.runtime.instrumentation.EvoClassLoader - Defined package (3): package net.sf.saxon.query, -1826790599
18:07:35.525 [main] INFO org.evosuite.runtime.instrumentation.EvoClassLoader - Keeping class: net.sf.saxon.query.Declaration
18:07:35.525 [main] INFO org.evosuite.runtime.instrumentation.EvoClassLoader - Seeing class for first time: net.sf.saxon.expr.ContextOriginator
18:07:35.525 [main] INFO org.evosuite.runtime.instrumentation.EvoClassLoader - Instrumenting class 'net.sf.saxon.expr.ContextOriginator'.
18:07:35.526 [main] INFO org.evosuite.runtime.instrumentation.EvoClassLoader - Keeping class: net.sf.saxon.expr.ContextOriginator
18:07:35.527 [main] INFO org.evosuite.runtime.instrumentation.EvoClassLoader - Keeping class: net.sf.saxon.expr.instruct.GlobalVariable
18:07:35.527 [main] INFO org.evosuite.runtime.instrumentation.EvoClassLoader - Seeing class for first time: net.sf.saxon.expr.instruct.GlobalParam
18:07:35.527 [main] INFO org.evosuite.runtime.instrumentation.EvoClassLoader - Instrumenting class 'net.sf.saxon.expr.instruct.GlobalParam'.
18:07:35.528 [main] INFO org.evosuite.runtime.instrumentation.MethodCallReplacementClassAdapter - Adding mock interface to class net/sf/saxon/expr/instruct/GlobalParam
18:07:35.529 [main] INFO org.evosuite.runtime.instrumentation.CreateClassResetClassAdapter - Found static initializer in class net/sf/saxon/expr/instruct/GlobalParam
18:07:35.530 [main] INFO org.evosuite.runtime.instrumentation.EvoClassLoader - Keeping class: net.sf.saxon.expr.instruct.GlobalParam
18:07:35.530 [main] INFO org.evosuite.runtime.instrumentation.EvoClassLoader - Seeing class for first time: net.sf.saxon.expr.parser.Optimizer
18:07:35.530 [main] INFO org.evosuite.runtime.instrumentation.EvoClassLoader - Instrumenting class 'net.sf.saxon.expr.parser.Optimizer'.
18:07:35.532 [main] INFO org.evosuite.runtime.instrumentation.MethodCallReplacementClassAdapter - Adding mock interface to class net/sf/saxon/expr/parser/Optimizer
18:07:35.533 [main] INFO org.evosuite.runtime.instrumentation.CreateClassResetClassAdapter - Creating brand-new static initializer in class net/sf/saxon/expr/parser/Optimizer
18:07:35.533 [main] INFO org.evosuite.runtime.instrumentation.CreateClassResetClassAdapter - Adding bytecode for initializing field NO_OPTIMIZATION
18:07:35.533 [main] INFO org.evosuite.runtime.instrumentation.CreateClassResetClassAdapter - Adding bytecode for initializing field FULL_OPTIMIZATION
18:07:35.534 [main] INFO org.evosuite.runtime.instrumentation.EvoClassLoader - Keeping class: net.sf.saxon.expr.parser.Optimizer
18:07:35.534 [main] INFO org.evosuite.runtime.instrumentation.EvoClassLoader - Seeing class for first time: net.sf.saxon.trans.SymbolicName
18:07:35.534 [main] INFO org.evosuite.runtime.instrumentation.EvoClassLoader - Instrumenting class 'net.sf.saxon.trans.SymbolicName'.
18:07:35.535 [main] INFO org.evosuite.runtime.instrumentation.MethodCallReplacementClassAdapter - Adding mock interface to class net/sf/saxon/trans/SymbolicName
18:07:35.535 [main] INFO org.evosuite.runtime.instrumentation.CreateClassResetClassAdapter - Creating brand-new static initializer in class net/sf/saxon/trans/SymbolicName
18:07:35.536 [main] INFO org.evosuite.runtime.instrumentation.EvoClassLoader - Keeping class: net.sf.saxon.trans.SymbolicName
18:07:35.536 [main] INFO org.evosuite.runtime.instrumentation.EvoClassLoader - Seeing class for first time: net.sf.saxon.style.XSLGlobalParam
18:07:35.536 [main] INFO org.evosuite.runtime.instrumentation.EvoClassLoader - Instrumenting class 'net.sf.saxon.style.XSLGlobalParam'.
18:07:35.537 [main] INFO org.evosuite.runtime.instrumentation.MethodCallReplacementClassAdapter - Adding mock interface to class net/sf/saxon/style/XSLGlobalParam
18:07:35.537 [main] INFO org.evosuite.runtime.instrumentation.CreateClassResetClassAdapter - Creating brand-new static initializer in class net/sf/saxon/style/XSLGlobalParam
18:07:35.538 [main] INFO org.evosuite.runtime.instrumentation.EvoClassLoader - Keeping class: net.sf.saxon.style.XSLGlobalParam
18:07:35.539 [main] INFO org.evosuite.runtime.instrumentation.EvoClassLoader - Seeing class for first time: net.sf.saxon.type.Untyped
18:07:35.539 [main] INFO org.evosuite.runtime.instrumentation.EvoClassLoader - Instrumenting class 'net.sf.saxon.type.Untyped'.
18:07:35.540 [main] INFO org.evosuite.runtime.instrumentation.MethodCallReplacementClassAdapter - Adding mock interface to class net/sf/saxon/type/Untyped
18:07:35.541 [main] INFO org.evosuite.runtime.instrumentation.CreateClassResetClassAdapter - Found static initializer in class net/sf/saxon/type/Untyped
18:07:35.541 [main] INFO org.evosuite.runtime.instrumentation.EvoClassLoader - Seeing class for first time: net.sf.saxon.type.ComplexType
18:07:35.541 [main] INFO org.evosuite.runtime.instrumentation.EvoClassLoader - Instrumenting class 'net.sf.saxon.type.ComplexType'.
18:07:35.542 [main] INFO org.evosuite.runtime.instrumentation.EvoClassLoader - Keeping class: net.sf.saxon.type.ComplexType
18:07:35.543 [main] INFO org.evosuite.runtime.instrumentation.EvoClassLoader - Keeping class: net.sf.saxon.type.Untyped
18:07:35.543 [main] INFO org.evosuite.runtime.instrumentation.EvoClassLoader - Seeing class for first time: net.sf.saxon.type.SchemaComponent$ValidationStatus
18:07:35.543 [main] INFO org.evosuite.runtime.instrumentation.EvoClassLoader - Instrumenting class 'net.sf.saxon.type.SchemaComponent$ValidationStatus'.
18:07:35.544 [main] INFO org.evosuite.runtime.instrumentation.MethodCallReplacementClassAdapter - Adding mock interface to class net/sf/saxon/type/SchemaComponent$ValidationStatus
18:07:35.544 [main] INFO org.evosuite.runtime.instrumentation.CreateClassResetClassAdapter - Found static initializer in class net/sf/saxon/type/SchemaComponent$ValidationStatus
18:07:35.545 [main] INFO org.evosuite.runtime.instrumentation.EvoClassLoader - Keeping class: net.sf.saxon.type.SchemaComponent$ValidationStatus
18:07:35.545 [main] INFO org.evosuite.runtime.instrumentation.EvoClassLoader - Seeing class for first time: net.sf.saxon.z.IntHashSet
18:07:35.545 [main] INFO org.evosuite.runtime.instrumentation.EvoClassLoader - Instrumenting class 'net.sf.saxon.z.IntHashSet'.
18:07:35.546 [main] INFO org.evosuite.runtime.instrumentation.MethodCallReplacementClassAdapter - Adding mock interface to class net/sf/saxon/z/IntHashSet
18:07:35.550 [main] INFO org.evosuite.runtime.instrumentation.CreateClassResetClassAdapter - Creating brand-new static initializer in class net/sf/saxon/z/IntHashSet
18:07:35.550 [main] INFO org.evosuite.runtime.instrumentation.CreateClassResetClassAdapter - Adding bytecode for initializing field NBIT
18:07:35.550 [main] INFO org.evosuite.runtime.instrumentation.CreateClassResetClassAdapter - Adding bytecode for initializing field MAX_SIZE
18:07:35.551 [main] INFO org.evosuite.runtime.instrumentation.EvoClassLoader - Defined package (3): package net.sf.saxon.z, 1326394219
18:07:35.551 [main] INFO org.evosuite.runtime.instrumentation.EvoClassLoader - Seeing class for first time: net.sf.saxon.z.IntSet
18:07:35.551 [main] INFO org.evosuite.runtime.instrumentation.EvoClassLoader - Instrumenting class 'net.sf.saxon.z.IntSet'.
18:07:35.552 [main] INFO org.evosuite.runtime.instrumentation.EvoClassLoader - Keeping class: net.sf.saxon.z.IntSet
18:07:35.552 [main] INFO org.evosuite.runtime.instrumentation.EvoClassLoader - Keeping class: net.sf.saxon.z.IntHashSet
18:07:35.553 [main] INFO org.evosuite.runtime.instrumentation.EvoClassLoader - Seeing class for first time: net.sf.saxon.expr.instruct.DocumentInstr
18:07:35.553 [main] INFO org.evosuite.runtime.instrumentation.EvoClassLoader - Instrumenting class 'net.sf.saxon.expr.instruct.DocumentInstr'.
18:07:35.554 [main] INFO org.evosuite.runtime.instrumentation.MethodCallReplacementClassAdapter - Adding mock interface to class net/sf/saxon/expr/instruct/DocumentInstr
18:07:35.563 [main] INFO org.evosuite.runtime.instrumentation.CreateClassResetClassAdapter - Found static initializer in class net/sf/saxon/expr/instruct/DocumentInstr
18:07:35.564 [main] INFO org.evosuite.runtime.instrumentation.EvoClassLoader - Seeing class for first time: net.sf.saxon.expr.instruct.ParentNodeConstructor
18:07:35.564 [main] INFO org.evosuite.runtime.instrumentation.EvoClassLoader - Instrumenting class 'net.sf.saxon.expr.instruct.ParentNodeConstructor'.
18:07:35.565 [main] INFO org.evosuite.runtime.instrumentation.MethodCallReplacementClassAdapter - Adding mock interface to class net/sf/saxon/expr/instruct/ParentNodeConstructor
18:07:35.565 [main] INFO org.evosuite.runtime.instrumentation.CreateClassResetClassAdapter - Found static initializer in class net/sf/saxon/expr/instruct/ParentNodeConstructor
18:07:35.565 [main] INFO org.evosuite.runtime.instrumentation.EvoClassLoader - Seeing class for first time: net.sf.saxon.expr.instruct.ValidatingInstruction
18:07:35.565 [main] INFO org.evosuite.runtime.instrumentation.EvoClassLoader - Instrumenting class 'net.sf.saxon.expr.instruct.ValidatingInstruction'.
18:07:35.566 [main] INFO org.evosuite.runtime.instrumentation.EvoClassLoader - Keeping class: net.sf.saxon.expr.instruct.ValidatingInstruction
18:07:35.566 [main] INFO org.evosuite.runtime.instrumentation.EvoClassLoader - Seeing class for first time: net.sf.saxon.expr.instruct.InstructionWithComplexContent
18:07:35.566 [main] INFO org.evosuite.runtime.instrumentation.EvoClassLoader - Instrumenting class 'net.sf.saxon.expr.instruct.InstructionWithComplexContent'.
18:07:35.566 [main] INFO org.evosuite.runtime.instrumentation.EvoClassLoader - Keeping class: net.sf.saxon.expr.instruct.InstructionWithComplexContent
18:07:35.566 [main] INFO org.evosuite.runtime.instrumentation.EvoClassLoader - Keeping class: net.sf.saxon.expr.instruct.ParentNodeConstructor
18:07:35.566 [main] INFO org.evosuite.runtime.instrumentation.EvoClassLoader - Keeping class: net.sf.saxon.expr.instruct.DocumentInstr
18:07:35.567 [main] INFO org.evosuite.runtime.instrumentation.EvoClassLoader - Seeing class for first time: net.sf.saxon.expr.BindingReference
18:07:35.567 [main] INFO org.evosuite.runtime.instrumentation.EvoClassLoader - Instrumenting class 'net.sf.saxon.expr.BindingReference'.
18:07:35.567 [main] INFO org.evosuite.runtime.instrumentation.EvoClassLoader - Keeping class: net.sf.saxon.expr.BindingReference
18:07:35.568 [main] INFO org.evosuite.runtime.instrumentation.EvoClassLoader - Seeing class for first time: net.sf.saxon.tree.linked.NodeFactory
18:07:35.568 [main] INFO org.evosuite.runtime.instrumentation.EvoClassLoader - Instrumenting class 'net.sf.saxon.tree.linked.NodeFactory'.
18:07:35.569 [main] INFO org.evosuite.runtime.instrumentation.EvoClassLoader - Keeping class: net.sf.saxon.tree.linked.NodeFactory
18:07:35.569 [main] INFO org.evosuite.runtime.instrumentation.EvoClassLoader - Seeing class for first time: net.sf.saxon.om.SpaceStrippingRule
18:07:35.569 [main] INFO org.evosuite.runtime.instrumentation.EvoClassLoader - Instrumenting class 'net.sf.saxon.om.SpaceStrippingRule'.
18:07:35.570 [main] INFO org.evosuite.runtime.instrumentation.EvoClassLoader - Keeping class: net.sf.saxon.om.SpaceStrippingRule
18:07:35.571 [main] INFO org.evosuite.runtime.instrumentation.EvoClassLoader - Seeing class for first time: net.sf.saxon.PreparedStylesheet
18:07:35.571 [main] INFO org.evosuite.runtime.instrumentation.EvoClassLoader - Instrumenting class 'net.sf.saxon.PreparedStylesheet'.
18:07:35.572 [main] INFO org.evosuite.runtime.instrumentation.MethodCallReplacementClassAdapter - Adding mock interface to class net/sf/saxon/PreparedStylesheet
18:07:35.573 [main] INFO org.evosuite.runtime.instrumentation.CreateClassResetClassAdapter - Creating brand-new static initializer in class net/sf/saxon/PreparedStylesheet
18:07:35.574 [main] INFO org.evosuite.runtime.instrumentation.EvoClassLoader - Seeing class for first time: net.sf.saxon.expr.instruct.Executable
18:07:35.574 [main] INFO org.evosuite.runtime.instrumentation.EvoClassLoader - Instrumenting class 'net.sf.saxon.expr.instruct.Executable'.
18:07:35.575 [main] INFO org.evosuite.runtime.instrumentation.MethodCallReplacementClassAdapter - Adding mock interface to class net/sf/saxon/expr/instruct/Executable
18:07:35.577 [main] INFO org.evosuite.runtime.instrumentation.CreateClassResetClassAdapter - Creating brand-new static initializer in class net/sf/saxon/expr/instruct/Executable
18:07:35.577 [main] INFO org.evosuite.runtime.instrumentation.EvoClassLoader - Keeping class: net.sf.saxon.expr.instruct.Executable
18:07:35.577 [main] INFO org.evosuite.runtime.instrumentation.EvoClassLoader - Keeping class: net.sf.saxon.PreparedStylesheet
18:07:35.577 [main] INFO org.evosuite.runtime.instrumentation.EvoClassLoader - Seeing class for first time: net.sf.saxon.value.NestedIntegerValue
18:07:35.577 [main] INFO org.evosuite.runtime.instrumentation.EvoClassLoader - Instrumenting class 'net.sf.saxon.value.NestedIntegerValue'.
18:07:35.578 [main] INFO org.evosuite.runtime.instrumentation.MethodCallReplacementClassAdapter - Adding mock interface to class net/sf/saxon/value/NestedIntegerValue
18:07:35.579 [main] INFO org.evosuite.runtime.instrumentation.CreateClassResetClassAdapter - Found static initializer in class net/sf/saxon/value/NestedIntegerValue
18:07:35.580 [main] INFO org.evosuite.runtime.instrumentation.EvoClassLoader - Seeing class for first time: net.sf.saxon.expr.sort.AtomicMatchKey
18:07:35.580 [main] INFO org.evosuite.runtime.instrumentation.EvoClassLoader - Instrumenting class 'net.sf.saxon.expr.sort.AtomicMatchKey'.
18:07:35.581 [main] INFO org.evosuite.runtime.instrumentation.EvoClassLoader - Keeping class: net.sf.saxon.expr.sort.AtomicMatchKey
18:07:35.581 [main] INFO org.evosuite.runtime.instrumentation.EvoClassLoader - Seeing class for first time: net.sf.saxon.value.AtomicValue
18:07:35.582 [main] INFO org.evosuite.runtime.instrumentation.EvoClassLoader - Instrumenting class 'net.sf.saxon.value.AtomicValue'.
18:07:35.584 [main] INFO org.evosuite.runtime.instrumentation.MethodCallReplacementClassAdapter - Adding mock interface to class net/sf/saxon/value/AtomicValue
18:07:35.585 [main] INFO org.evosuite.runtime.instrumentation.CreateClassResetClassAdapter - Creating brand-new static initializer in class net/sf/saxon/value/AtomicValue
18:07:35.586 [main] INFO org.evosuite.runtime.instrumentation.EvoClassLoader - Seeing class for first time: net.sf.saxon.type.ConversionResult
18:07:35.586 [main] INFO org.evosuite.runtime.instrumentation.EvoClassLoader - Instrumenting class 'net.sf.saxon.type.ConversionResult'.
18:07:35.586 [main] INFO org.evosuite.runtime.instrumentation.EvoClassLoader - Keeping class: net.sf.saxon.type.ConversionResult
18:07:35.587 [main] INFO org.evosuite.runtime.instrumentation.EvoClassLoader - Keeping class: net.sf.saxon.value.AtomicValue
18:07:35.587 [main] INFO org.evosuite.runtime.instrumentation.EvoClassLoader - Keeping class: net.sf.saxon.value.NestedIntegerValue
18:07:35.587 [main] INFO org.evosuite.runtime.instrumentation.EvoClassLoader - Seeing class for first time: net.sf.saxon.event.PipelineConfiguration
18:07:35.587 [main] INFO org.evosuite.runtime.instrumentation.EvoClassLoader - Instrumenting class 'net.sf.saxon.event.PipelineConfiguration'.
18:07:35.588 [main] INFO org.evosuite.runtime.instrumentation.MethodCallReplacementClassAdapter - Adding mock interface to class net/sf/saxon/event/PipelineConfiguration
18:07:35.588 [main] INFO org.evosuite.runtime.instrumentation.CreateClassResetClassAdapter - Creating brand-new static initializer in class net/sf/saxon/event/PipelineConfiguration
18:07:35.589 [main] INFO org.evosuite.runtime.instrumentation.EvoClassLoader - Keeping class: net.sf.saxon.event.PipelineConfiguration
18:07:35.589 [main] INFO org.evosuite.runtime.instrumentation.EvoClassLoader - Seeing class for first time: net.sf.saxon.lib.ParseOptions
18:07:35.589 [main] INFO org.evosuite.runtime.instrumentation.EvoClassLoader - Instrumenting class 'net.sf.saxon.lib.ParseOptions'.
18:07:35.591 [main] INFO org.evosuite.runtime.instrumentation.MethodCallReplacementClassAdapter - Adding mock interface to class net/sf/saxon/lib/ParseOptions
18:07:35.593 [main] INFO org.evosuite.runtime.instrumentation.CreateClassResetClassAdapter - Creating brand-new static initializer in class net/sf/saxon/lib/ParseOptions
18:07:35.594 [main] INFO org.evosuite.runtime.instrumentation.EvoClassLoader - Keeping class: net.sf.saxon.lib.ParseOptions
18:07:35.595 [main] INFO org.evosuite.runtime.instrumentation.EvoClassLoader - Seeing class for first time: net.sf.saxon.trace.ExpressionPresenter
18:07:35.595 [main] INFO org.evosuite.runtime.instrumentation.EvoClassLoader - Instrumenting class 'net.sf.saxon.trace.ExpressionPresenter'.
18:07:35.596 [main] INFO org.evosuite.runtime.instrumentation.MethodCallReplacementClassAdapter - Adding mock interface to class net/sf/saxon/trace/ExpressionPresenter
18:07:35.600 [main] INFO org.evosuite.runtime.instrumentation.CreateClassResetClassAdapter - Creating brand-new static initializer in class net/sf/saxon/trace/ExpressionPresenter
18:07:35.600 [main] INFO org.evosuite.runtime.instrumentation.EvoClassLoader - Keeping class: net.sf.saxon.trace.ExpressionPresenter
18:07:35.601 [main] INFO org.evosuite.runtime.instrumentation.EvoClassLoader - Seeing class for first time: net.sf.saxon.expr.ComponentInvocation
18:07:35.601 [main] INFO org.evosuite.runtime.instrumentation.EvoClassLoader - Instrumenting class 'net.sf.saxon.expr.ComponentInvocation'.
18:07:35.601 [main] INFO org.evosuite.runtime.instrumentation.EvoClassLoader - Keeping class: net.sf.saxon.expr.ComponentInvocation
18:07:35.602 [main] INFO org.evosuite.runtime.instrumentation.EvoClassLoader - Seeing class for first time: net.sf.saxon.trans.Mode
18:07:35.602 [main] INFO org.evosuite.runtime.instrumentation.EvoClassLoader - Instrumenting class 'net.sf.saxon.trans.Mode'.
18:07:35.603 [main] INFO org.evosuite.runtime.instrumentation.MethodCallReplacementClassAdapter - Adding mock interface to class net/sf/saxon/trans/Mode
18:07:35.613 [main] INFO org.evosuite.runtime.instrumentation.CreateClassResetClassAdapter - Found static initializer in class net/sf/saxon/trans/Mode
18:07:35.614 [main] INFO org.evosuite.runtime.instrumentation.EvoClassLoader - Keeping class: net.sf.saxon.trans.Mode
18:07:35.614 [main] INFO org.evosuite.runtime.instrumentation.EvoClassLoader - Seeing class for first time: net.sf.saxon.expr.Component$M
18:07:35.614 [main] INFO org.evosuite.runtime.instrumentation.EvoClassLoader - Instrumenting class 'net.sf.saxon.expr.Component$M'.
18:07:35.614 [main] INFO org.evosuite.runtime.instrumentation.MethodCallReplacementClassAdapter - Adding mock interface to class net/sf/saxon/expr/Component$M
18:07:35.614 [main] INFO org.evosuite.runtime.instrumentation.CreateClassResetClassAdapter - Creating brand-new static initializer in class net/sf/saxon/expr/Component$M
18:07:35.615 [main] INFO org.evosuite.runtime.instrumentation.EvoClassLoader - Keeping class: net.sf.saxon.expr.Component$M
18:07:35.615 [main] INFO org.evosuite.runtime.instrumentation.EvoClassLoader - Seeing class for first time: net.sf.saxon.expr.XPathContext
18:07:35.615 [main] INFO org.evosuite.runtime.instrumentation.EvoClassLoader - Instrumenting class 'net.sf.saxon.expr.XPathContext'.
18:07:35.615 [main] INFO org.evosuite.runtime.instrumentation.EvoClassLoader - Keeping class: net.sf.saxon.expr.XPathContext
18:07:35.615 [main] INFO org.evosuite.runtime.instrumentation.EvoClassLoader - Seeing class for first time: net.sf.saxon.lib.TraceListener
18:07:35.615 [main] INFO org.evosuite.runtime.instrumentation.EvoClassLoader - Instrumenting class 'net.sf.saxon.lib.TraceListener'.
18:07:35.616 [main] INFO org.evosuite.runtime.instrumentation.EvoClassLoader - Keeping class: net.sf.saxon.lib.TraceListener
18:07:35.616 [main] INFO org.evosuite.runtime.instrumentation.EvoClassLoader - Seeing class for first time: net.sf.saxon.trans.rules.BuiltInRuleSet
18:07:35.616 [main] INFO org.evosuite.runtime.instrumentation.EvoClassLoader - Instrumenting class 'net.sf.saxon.trans.rules.BuiltInRuleSet'.
18:07:35.617 [main] INFO org.evosuite.runtime.instrumentation.EvoClassLoader - Defined package (3): package net.sf.saxon.trans.rules, -497255454
18:07:35.617 [main] INFO org.evosuite.runtime.instrumentation.EvoClassLoader - Keeping class: net.sf.saxon.trans.rules.BuiltInRuleSet
18:07:35.618 [main] INFO org.evosuite.runtime.instrumentation.EvoClassLoader - Seeing class for first time: net.sf.saxon.trans.rules.Rule
18:07:35.618 [main] INFO org.evosuite.runtime.instrumentation.EvoClassLoader - Instrumenting class 'net.sf.saxon.trans.rules.Rule'.
18:07:35.618 [main] INFO org.evosuite.runtime.instrumentation.MethodCallReplacementClassAdapter - Adding mock interface to class net/sf/saxon/trans/rules/Rule
18:07:35.621 [main] INFO org.evosuite.runtime.instrumentation.CreateClassResetClassAdapter - Creating brand-new static initializer in class net/sf/saxon/trans/rules/Rule
18:07:35.622 [main] INFO org.evosuite.runtime.instrumentation.EvoClassLoader - Keeping class: net.sf.saxon.trans.rules.Rule
18:07:35.622 [main] INFO org.evosuite.runtime.instrumentation.EvoClassLoader - Seeing class for first time: net.sf.saxon.trans.Mode$RuleFilter
18:07:35.622 [main] INFO org.evosuite.runtime.instrumentation.EvoClassLoader - Instrumenting class 'net.sf.saxon.trans.Mode$RuleFilter'.
18:07:35.623 [main] INFO org.evosuite.runtime.instrumentation.EvoClassLoader - Keeping class: net.sf.saxon.trans.Mode$RuleFilter
18:07:35.623 [main] INFO org.evosuite.runtime.instrumentation.EvoClassLoader - Seeing class for first time: net.sf.saxon.trans.Mode$RuleAction
18:07:35.623 [main] INFO org.evosuite.runtime.instrumentation.EvoClassLoader - Instrumenting class 'net.sf.saxon.trans.Mode$RuleAction'.
18:07:35.623 [main] INFO org.evosuite.runtime.instrumentation.EvoClassLoader - Keeping class: net.sf.saxon.trans.Mode$RuleAction
18:07:35.623 [main] INFO org.evosuite.runtime.instrumentation.EvoClassLoader - Seeing class for first time: net.sf.saxon.expr.instruct.ParameterSet
18:07:35.623 [main] INFO org.evosuite.runtime.instrumentation.EvoClassLoader - Instrumenting class 'net.sf.saxon.expr.instruct.ParameterSet'.
18:07:35.624 [main] INFO org.evosuite.runtime.instrumentation.MethodCallReplacementClassAdapter - Adding mock interface to class net/sf/saxon/expr/instruct/ParameterSet
18:07:35.625 [main] INFO org.evosuite.runtime.instrumentation.CreateClassResetClassAdapter - Found static initializer in class net/sf/saxon/expr/instruct/ParameterSet
18:07:35.625 [main] INFO org.evosuite.runtime.instrumentation.EvoClassLoader - Keeping class: net.sf.saxon.expr.instruct.ParameterSet
18:07:35.625 [main] INFO org.evosuite.runtime.instrumentation.EvoClassLoader - Seeing class for first time: net.sf.saxon.expr.XPathContextMajor
18:07:35.625 [main] INFO org.evosuite.runtime.instrumentation.EvoClassLoader - Instrumenting class 'net.sf.saxon.expr.XPathContextMajor'.
18:07:35.626 [main] INFO org.evosuite.runtime.instrumentation.MethodCallReplacementClassAdapter - Adding mock interface to class net/sf/saxon/expr/XPathContextMajor
18:07:35.634 [main] INFO org.evosuite.runtime.instrumentation.CreateClassResetClassAdapter - Creating brand-new static initializer in class net/sf/saxon/expr/XPathContextMajor
18:07:35.635 [main] INFO org.evosuite.runtime.instrumentation.EvoClassLoader - Seeing class for first time: net.sf.saxon.expr.XPathContextMinor
18:07:35.635 [main] INFO org.evosuite.runtime.instrumentation.EvoClassLoader - Instrumenting class 'net.sf.saxon.expr.XPathContextMinor'.
18:07:35.637 [main] INFO org.evosuite.runtime.instrumentation.MethodCallReplacementClassAdapter - Adding mock interface to class net/sf/saxon/expr/XPathContextMinor
18:07:35.638 [main] INFO org.evosuite.runtime.instrumentation.CreateClassResetClassAdapter - Creating brand-new static initializer in class net/sf/saxon/expr/XPathContextMinor
18:07:35.639 [main] INFO org.evosuite.runtime.instrumentation.EvoClassLoader - Keeping class: net.sf.saxon.expr.XPathContextMinor
18:07:35.639 [main] INFO org.evosuite.runtime.instrumentation.EvoClassLoader - Keeping class: net.sf.saxon.expr.XPathContextMajor
18:07:35.639 [main] INFO org.evosuite.runtime.instrumentation.EvoClassLoader - Seeing class for first time: net.sf.saxon.expr.instruct.TailCall
18:07:35.639 [main] INFO org.evosuite.runtime.instrumentation.EvoClassLoader - Instrumenting class 'net.sf.saxon.expr.instruct.TailCall'.
18:07:35.640 [main] INFO org.evosuite.runtime.instrumentation.EvoClassLoader - Keeping class: net.sf.saxon.expr.instruct.TailCall
18:07:35.641 [main] INFO org.evosuite.runtime.instrumentation.EvoClassLoader - Seeing class for first time: net.sf.saxon.trans.SimpleMode
18:07:35.641 [main] INFO org.evosuite.runtime.instrumentation.EvoClassLoader - Instrumenting class 'net.sf.saxon.trans.SimpleMode'.
18:07:35.643 [main] INFO org.evosuite.runtime.instrumentation.MethodCallReplacementClassAdapter - Adding mock interface to class net/sf/saxon/trans/SimpleMode
18:07:35.654 [main] INFO org.evosuite.runtime.instrumentation.CreateClassResetClassAdapter - Found static initializer in class net/sf/saxon/trans/SimpleMode
18:07:35.655 [main] INFO org.evosuite.runtime.instrumentation.EvoClassLoader - Keeping class: net.sf.saxon.trans.SimpleMode
18:07:35.657 [main] INFO org.evosuite.runtime.instrumentation.EvoClassLoader - Seeing class for first time: net.sf.saxon.trans.SimpleMode$RuleGroupAction
18:07:35.657 [main] INFO org.evosuite.runtime.instrumentation.EvoClassLoader - Instrumenting class 'net.sf.saxon.trans.SimpleMode$RuleGroupAction'.
18:07:35.658 [main] INFO org.evosuite.runtime.instrumentation.EvoClassLoader - Keeping class: net.sf.saxon.trans.SimpleMode$RuleGroupAction
18:07:35.658 [main] INFO org.evosuite.runtime.instrumentation.EvoClassLoader - Seeing class for first time: net.sf.saxon.trans.rules.RuleChain
18:07:35.658 [main] INFO org.evosuite.runtime.instrumentation.EvoClassLoader - Instrumenting class 'net.sf.saxon.trans.rules.RuleChain'.
18:07:35.659 [main] INFO org.evosuite.runtime.instrumentation.MethodCallReplacementClassAdapter - Adding mock interface to class net/sf/saxon/trans/rules/RuleChain
18:07:35.660 [main] INFO org.evosuite.runtime.instrumentation.CreateClassResetClassAdapter - Creating brand-new static initializer in class net/sf/saxon/trans/rules/RuleChain
18:07:35.660 [main] INFO org.evosuite.runtime.instrumentation.EvoClassLoader - Keeping class: net.sf.saxon.trans.rules.RuleChain
18:07:35.660 [main] INFO org.evosuite.runtime.instrumentation.EvoClassLoader - Seeing class for first time: net.sf.saxon.trans.rules.RuleSearchState
18:07:35.660 [main] INFO org.evosuite.runtime.instrumentation.EvoClassLoader - Instrumenting class 'net.sf.saxon.trans.rules.RuleSearchState'.
18:07:35.661 [main] INFO org.evosuite.runtime.instrumentation.MethodCallReplacementClassAdapter - Adding mock interface to class net/sf/saxon/trans/rules/RuleSearchState
18:07:35.661 [main] INFO org.evosuite.runtime.instrumentation.CreateClassResetClassAdapter - Creating brand-new static initializer in class net/sf/saxon/trans/rules/RuleSearchState
18:07:35.662 [main] INFO org.evosuite.runtime.instrumentation.EvoClassLoader - Keeping class: net.sf.saxon.trans.rules.RuleSearchState
18:07:35.662 [main] INFO org.evosuite.runtime.instrumentation.EvoClassLoader - Seeing class for first time: net.sf.saxon.trans.rules.RuleTarget
18:07:35.662 [main] INFO org.evosuite.runtime.instrumentation.EvoClassLoader - Instrumenting class 'net.sf.saxon.trans.rules.RuleTarget'.
18:07:35.663 [main] INFO org.evosuite.runtime.instrumentation.EvoClassLoader - Keeping class: net.sf.saxon.trans.rules.RuleTarget
18:07:35.663 [main] INFO org.evosuite.runtime.instrumentation.EvoClassLoader - Seeing class for first time: net.sf.saxon.z.IntHashMap
18:07:35.663 [main] INFO org.evosuite.runtime.instrumentation.EvoClassLoader - Instrumenting class 'net.sf.saxon.z.IntHashMap'.
18:07:35.664 [main] INFO org.evosuite.runtime.instrumentation.MethodCallReplacementClassAdapter - Adding mock interface to class net/sf/saxon/z/IntHashMap
18:07:35.667 [main] INFO org.evosuite.runtime.instrumentation.CreateClassResetClassAdapter - Creating brand-new static initializer in class net/sf/saxon/z/IntHashMap
18:07:35.667 [main] INFO org.evosuite.runtime.instrumentation.CreateClassResetClassAdapter - Adding bytecode for initializing field NBIT
18:07:35.667 [main] INFO org.evosuite.runtime.instrumentation.CreateClassResetClassAdapter - Adding bytecode for initializing field NMAX
18:07:35.668 [main] INFO org.evosuite.runtime.instrumentation.EvoClassLoader - Keeping class: net.sf.saxon.z.IntHashMap
18:07:35.668 [main] INFO org.evosuite.runtime.instrumentation.EvoClassLoader - Seeing class for first time: net.sf.saxon.z.IntIterator
18:07:35.668 [main] INFO org.evosuite.runtime.instrumentation.EvoClassLoader - Instrumenting class 'net.sf.saxon.z.IntIterator'.
18:07:35.669 [main] INFO org.evosuite.runtime.instrumentation.EvoClassLoader - Keeping class: net.sf.saxon.z.IntIterator
18:07:35.669 [main] INFO org.evosuite.runtime.instrumentation.EvoClassLoader - Seeing class for first time: net.sf.saxon.trans.rules.TextOnlyCopyRuleSet
18:07:35.669 [main] INFO org.evosuite.runtime.instrumentation.EvoClassLoader - Instrumenting class 'net.sf.saxon.trans.rules.TextOnlyCopyRuleSet'.
18:07:35.669 [main] INFO org.evosuite.runtime.instrumentation.MethodCallReplacementClassAdapter - Adding mock interface to class net/sf/saxon/trans/rules/TextOnlyCopyRuleSet
18:07:35.670 [main] INFO org.evosuite.runtime.instrumentation.CreateClassResetClassAdapter - Found static initializer in class net/sf/saxon/trans/rules/TextOnlyCopyRuleSet
18:07:35.670 [main] INFO org.evosuite.runtime.instrumentation.EvoClassLoader - Keeping class: net.sf.saxon.trans.rules.TextOnlyCopyRuleSet
18:07:35.670 [main] DEBUG io.netty.util.Recycler - -Dio.netty.recycler.maxCapacityPerThread: 4096
18:07:35.671 [main] DEBUG io.netty.util.Recycler - -Dio.netty.recycler.ratio: 8
18:07:35.671 [main] DEBUG io.netty.util.Recycler - -Dio.netty.recycler.chunkSize: 32
18:07:35.671 [main] DEBUG io.netty.util.Recycler - -Dio.netty.recycler.blocking: false
18:07:35.671 [main] DEBUG io.netty.util.Recycler - -Dio.netty.recycler.batchFastThreadLocalOnly: true
18:07:35.671 [main] INFO org.evosuite.runtime.instrumentation.EvoClassLoader - Seeing class for first time: io.netty.util.internal.PlatformDependent$AtomicLongCounter
18:07:35.671 [main] INFO org.evosuite.runtime.instrumentation.EvoClassLoader - Instrumenting class 'io.netty.util.internal.PlatformDependent$AtomicLongCounter'.
18:07:35.671 [main] INFO org.evosuite.runtime.instrumentation.MethodCallReplacementClassAdapter - Adding mock interface to class io/netty/util/internal/PlatformDependent$AtomicLongCounter
18:07:35.671 [main] INFO org.evosuite.runtime.instrumentation.CreateClassResetClassAdapter - Creating brand-new static initializer in class io/netty/util/internal/PlatformDependent$AtomicLongCounter
18:07:35.673 [main] INFO org.evosuite.runtime.instrumentation.EvoClassLoader - Keeping class: io.netty.util.internal.PlatformDependent$AtomicLongCounter
18:07:35.673 [main] DEBUG io.netty.util.internal.PlatformDependent - org.jctools-core.MpscChunkedArrayQueue: available
18:07:35.676 [main] INFO org.evosuite.runtime.instrumentation.EvoClassLoader - Seeing class for first time: io.netty.buffer.IntPriorityQueue
18:07:35.676 [main] INFO org.evosuite.runtime.instrumentation.EvoClassLoader - Instrumenting class 'io.netty.buffer.IntPriorityQueue'.
18:07:35.677 [main] INFO org.evosuite.runtime.instrumentation.MethodCallReplacementClassAdapter - Adding mock interface to class io/netty/buffer/IntPriorityQueue
18:07:35.678 [main] INFO org.evosuite.runtime.instrumentation.CreateClassResetClassAdapter - Creating brand-new static initializer in class io/netty/buffer/IntPriorityQueue
18:07:35.678 [main] INFO org.evosuite.runtime.instrumentation.CreateClassResetClassAdapter - Adding bytecode for initializing field NO_VALUE
18:07:35.679 [main] INFO org.evosuite.runtime.instrumentation.EvoClassLoader - Keeping class: io.netty.buffer.IntPriorityQueue
18:07:35.680 [main] INFO org.evosuite.runtime.instrumentation.EvoClassLoader - Seeing class for first time: io.netty.buffer.LongLongHashMap
18:07:35.680 [main] INFO org.evosuite.runtime.instrumentation.EvoClassLoader - Instrumenting class 'io.netty.buffer.LongLongHashMap'.
18:07:35.681 [main] INFO org.evosuite.runtime.instrumentation.MethodCallReplacementClassAdapter - Adding mock interface to class io/netty/buffer/LongLongHashMap
18:07:35.681 [main] INFO org.evosuite.runtime.instrumentation.CreateClassResetClassAdapter - Creating brand-new static initializer in class io/netty/buffer/LongLongHashMap
18:07:35.681 [main] INFO org.evosuite.runtime.instrumentation.CreateClassResetClassAdapter - Adding bytecode for initializing field MASK_TEMPLATE
18:07:35.681 [main] INFO org.evosuite.runtime.instrumentation.EvoClassLoader - Keeping class: io.netty.buffer.LongLongHashMap
18:07:35.682 [main] INFO org.evosuite.runtime.instrumentation.EvoClassLoader - Seeing class for first time: net.sf.saxon.s9api.AbstractDestination
18:07:35.682 [main] INFO org.evosuite.runtime.instrumentation.EvoClassLoader - Instrumenting class 'net.sf.saxon.s9api.AbstractDestination'.
18:07:35.683 [main] INFO org.evosuite.runtime.instrumentation.MethodCallReplacementClassAdapter - Adding mock interface to class net/sf/saxon/s9api/AbstractDestination
18:07:35.683 [main] INFO org.evosuite.runtime.instrumentation.CreateClassResetClassAdapter - Creating brand-new static initializer in class net/sf/saxon/s9api/AbstractDestination
18:07:35.683 [main] INFO org.evosuite.runtime.instrumentation.EvoClassLoader - Defined package (3): package net.sf.saxon.s9api, -1826734939
18:07:35.683 [main] INFO org.evosuite.runtime.instrumentation.EvoClassLoader - Seeing class for first time: net.sf.saxon.s9api.Destination
18:07:35.683 [main] INFO org.evosuite.runtime.instrumentation.EvoClassLoader - Instrumenting class 'net.sf.saxon.s9api.Destination'.
18:07:35.684 [main] INFO org.evosuite.runtime.instrumentation.EvoClassLoader - Keeping class: net.sf.saxon.s9api.Destination
18:07:35.684 [main] INFO org.evosuite.runtime.instrumentation.EvoClassLoader - Keeping class: net.sf.saxon.s9api.AbstractDestination
18:07:35.684 [main] INFO org.evosuite.runtime.instrumentation.EvoClassLoader - Seeing class for first time: net.sf.saxon.s9api.Action
18:07:35.684 [main] INFO org.evosuite.runtime.instrumentation.EvoClassLoader - Instrumenting class 'net.sf.saxon.s9api.Action'.
18:07:35.685 [main] INFO org.evosuite.runtime.instrumentation.EvoClassLoader - Keeping class: net.sf.saxon.s9api.Action
18:07:35.685 [main] INFO org.evosuite.runtime.instrumentation.EvoClassLoader - Seeing class for first time: net.sf.saxon.s9api.SaxonApiException
18:07:35.685 [main] INFO org.evosuite.runtime.instrumentation.EvoClassLoader - Instrumenting class 'net.sf.saxon.s9api.SaxonApiException'.
18:07:35.686 [main] INFO org.evosuite.runtime.instrumentation.MethodCallReplacementClassAdapter - Adding mock interface to class net/sf/saxon/s9api/SaxonApiException
18:07:35.686 [main] INFO org.evosuite.runtime.instrumentation.CreateClassResetClassAdapter - Creating brand-new static initializer in class net/sf/saxon/s9api/SaxonApiException
18:07:35.686 [main] INFO org.evosuite.runtime.instrumentation.EvoClassLoader - Keeping class: net.sf.saxon.s9api.SaxonApiException
18:07:35.686 [main] INFO org.evosuite.runtime.instrumentation.EvoClassLoader - Seeing class for first time: net.sf.saxon.s9api.XdmDestination
18:07:35.686 [main] INFO org.evosuite.runtime.instrumentation.EvoClassLoader - Instrumenting class 'net.sf.saxon.s9api.XdmDestination'.
18:07:35.687 [main] INFO org.evosuite.runtime.instrumentation.MethodCallReplacementClassAdapter - Adding mock interface to class net/sf/saxon/s9api/XdmDestination
18:07:35.689 [main] INFO org.evosuite.runtime.instrumentation.CreateClassResetClassAdapter - Creating brand-new static initializer in class net/sf/saxon/s9api/XdmDestination
18:07:35.690 [main] INFO org.evosuite.runtime.instrumentation.EvoClassLoader - Keeping class: net.sf.saxon.s9api.XdmDestination
18:07:35.690 [main] INFO org.evosuite.runtime.instrumentation.EvoClassLoader - Seeing class for first time: net.sf.saxon.om.TreeModel
18:07:35.690 [main] INFO org.evosuite.runtime.instrumentation.EvoClassLoader - Instrumenting class 'net.sf.saxon.om.TreeModel'.
18:07:35.691 [main] INFO org.evosuite.runtime.instrumentation.MethodCallReplacementClassAdapter - Adding mock interface to class net/sf/saxon/om/TreeModel
18:07:35.692 [main] INFO org.evosuite.runtime.instrumentation.CreateClassResetClassAdapter - Found static initializer in class net/sf/saxon/om/TreeModel
18:07:35.693 [main] INFO org.evosuite.runtime.instrumentation.EvoClassLoader - Keeping class: net.sf.saxon.om.TreeModel
18:07:35.693 [main] INFO org.evosuite.runtime.instrumentation.EvoClassLoader - Seeing class for first time: net.sf.saxon.s9api.XdmNode
18:07:35.693 [main] INFO org.evosuite.runtime.instrumentation.EvoClassLoader - Instrumenting class 'net.sf.saxon.s9api.XdmNode'.
18:07:35.695 [main] INFO org.evosuite.runtime.instrumentation.MethodCallReplacementClassAdapter - Adding mock interface to class net/sf/saxon/s9api/XdmNode
18:07:35.697 [main] INFO org.evosuite.runtime.instrumentation.CreateClassResetClassAdapter - Creating brand-new static initializer in class net/sf/saxon/s9api/XdmNode
18:07:35.697 [main] INFO org.evosuite.runtime.instrumentation.EvoClassLoader - Seeing class for first time: net.sf.saxon.s9api.XdmItem
18:07:35.697 [main] INFO org.evosuite.runtime.instrumentation.EvoClassLoader - Instrumenting class 'net.sf.saxon.s9api.XdmItem'.
18:07:35.698 [main] INFO org.evosuite.runtime.instrumentation.MethodCallReplacementClassAdapter - Adding mock interface to class net/sf/saxon/s9api/XdmItem
18:07:35.699 [main] INFO org.evosuite.runtime.instrumentation.CreateClassResetClassAdapter - Creating brand-new static initializer in class net/sf/saxon/s9api/XdmItem
18:07:35.699 [main] INFO org.evosuite.runtime.instrumentation.EvoClassLoader - Seeing class for first time: net.sf.saxon.s9api.XdmValue
18:07:35.699 [main] INFO org.evosuite.runtime.instrumentation.EvoClassLoader - Instrumenting class 'net.sf.saxon.s9api.XdmValue'.
18:07:35.700 [main] INFO org.evosuite.runtime.instrumentation.MethodCallReplacementClassAdapter - Adding mock interface to class net/sf/saxon/s9api/XdmValue
18:07:35.702 [main] INFO org.evosuite.runtime.instrumentation.CreateClassResetClassAdapter - Creating brand-new static initializer in class net/sf/saxon/s9api/XdmValue
18:07:35.703 [main] INFO org.evosuite.runtime.instrumentation.EvoClassLoader - Keeping class: net.sf.saxon.s9api.XdmValue
18:07:35.704 [main] INFO org.evosuite.runtime.instrumentation.EvoClassLoader - Keeping class: net.sf.saxon.s9api.XdmItem
18:07:35.704 [main] INFO org.evosuite.runtime.instrumentation.EvoClassLoader - Keeping class: net.sf.saxon.s9api.XdmNode
18:07:35.704 [main] INFO org.evosuite.runtime.instrumentation.EvoClassLoader - Seeing class for first time: net.sf.saxon.serialize.SerializationProperties
18:07:35.704 [main] INFO org.evosuite.runtime.instrumentation.EvoClassLoader - Instrumenting class 'net.sf.saxon.serialize.SerializationProperties'.
18:07:35.705 [main] INFO org.evosuite.runtime.instrumentation.MethodCallReplacementClassAdapter - Adding mock interface to class net/sf/saxon/serialize/SerializationProperties
18:07:35.709 [main] INFO org.evosuite.runtime.instrumentation.CreateClassResetClassAdapter - Creating brand-new static initializer in class net/sf/saxon/serialize/SerializationProperties
18:07:35.709 [main] INFO org.evosuite.runtime.instrumentation.EvoClassLoader - Defined package (3): package net.sf.saxon.serialize, 2088964305
18:07:35.710 [main] INFO org.evosuite.runtime.instrumentation.EvoClassLoader - Keeping class: net.sf.saxon.serialize.SerializationProperties
18:07:35.710 [main] INFO org.evosuite.runtime.instrumentation.EvoClassLoader - Seeing class for first time: net.sf.saxon.s9api.DestinationHelper
18:07:35.710 [main] INFO org.evosuite.runtime.instrumentation.EvoClassLoader - Instrumenting class 'net.sf.saxon.s9api.DestinationHelper'.
18:07:35.711 [main] INFO org.evosuite.runtime.instrumentation.MethodCallReplacementClassAdapter - Adding mock interface to class net/sf/saxon/s9api/DestinationHelper
18:07:35.712 [main] INFO org.evosuite.runtime.instrumentation.CreateClassResetClassAdapter - Creating brand-new static initializer in class net/sf/saxon/s9api/DestinationHelper
18:07:35.712 [main] INFO org.evosuite.runtime.instrumentation.EvoClassLoader - Keeping class: net.sf.saxon.s9api.DestinationHelper
18:07:35.712 [main] INFO org.evosuite.runtime.instrumentation.EvoClassLoader - Seeing class for first time: net.sf.saxon.om.TreeModel$TinyTree
18:07:35.712 [main] INFO org.evosuite.runtime.instrumentation.EvoClassLoader - Instrumenting class 'net.sf.saxon.om.TreeModel$TinyTree'.
18:07:35.713 [main] INFO org.evosuite.runtime.instrumentation.MethodCallReplacementClassAdapter - Adding mock interface to class net/sf/saxon/om/TreeModel$TinyTree
18:07:35.713 [main] INFO org.evosuite.runtime.instrumentation.CreateClassResetClassAdapter - Creating brand-new static initializer in class net/sf/saxon/om/TreeModel$TinyTree
18:07:35.714 [main] INFO org.evosuite.runtime.instrumentation.EvoClassLoader - Keeping class: net.sf.saxon.om.TreeModel$TinyTree
18:07:35.714 [main] INFO org.evosuite.runtime.instrumentation.EvoClassLoader - Seeing class for first time: net.sf.saxon.om.TreeModel$LinkedTree
18:07:35.714 [main] INFO org.evosuite.runtime.instrumentation.EvoClassLoader - Instrumenting class 'net.sf.saxon.om.TreeModel$LinkedTree'.
18:07:35.714 [main] INFO org.evosuite.runtime.instrumentation.MethodCallReplacementClassAdapter - Adding mock interface to class net/sf/saxon/om/TreeModel$LinkedTree
18:07:35.715 [main] INFO org.evosuite.runtime.instrumentation.CreateClassResetClassAdapter - Creating brand-new static initializer in class net/sf/saxon/om/TreeModel$LinkedTree
18:07:35.715 [main] INFO org.evosuite.runtime.instrumentation.EvoClassLoader - Keeping class: net.sf.saxon.om.TreeModel$LinkedTree
18:07:35.715 [main] INFO org.evosuite.runtime.instrumentation.EvoClassLoader - Seeing class for first time: net.sf.saxon.om.TreeModel$TinyTreeCondensed
18:07:35.715 [main] INFO org.evosuite.runtime.instrumentation.EvoClassLoader - Instrumenting class 'net.sf.saxon.om.TreeModel$TinyTreeCondensed'.
18:07:35.715 [main] INFO org.evosuite.runtime.instrumentation.MethodCallReplacementClassAdapter - Adding mock interface to class net/sf/saxon/om/TreeModel$TinyTreeCondensed
18:07:35.715 [main] INFO org.evosuite.runtime.instrumentation.CreateClassResetClassAdapter - Creating brand-new static initializer in class net/sf/saxon/om/TreeModel$TinyTreeCondensed
18:07:35.716 [main] INFO org.evosuite.runtime.instrumentation.EvoClassLoader - Keeping class: net.sf.saxon.om.TreeModel$TinyTreeCondensed
18:07:35.716 [main] INFO org.evosuite.runtime.instrumentation.EvoClassLoader - Seeing class for first time: net.sf.saxon.tree.tiny.TinyBuilder
18:07:35.716 [main] INFO org.evosuite.runtime.instrumentation.EvoClassLoader - Instrumenting class 'net.sf.saxon.tree.tiny.TinyBuilder'.
18:07:35.717 [main] INFO org.evosuite.runtime.instrumentation.MethodCallReplacementClassAdapter - Adding mock interface to class net/sf/saxon/tree/tiny/TinyBuilder
18:07:35.718 [main] INFO org.evosuite.runtime.instrumentation.CreateClassResetClassAdapter - Found static initializer in class net/sf/saxon/tree/tiny/TinyBuilder
18:07:35.719 [main] INFO org.evosuite.runtime.instrumentation.EvoClassLoader - Keeping class: net.sf.saxon.tree.tiny.TinyBuilder
18:07:35.720 [main] INFO org.evosuite.runtime.instrumentation.EvoClassLoader - Seeing class for first time: net.sf.saxon.tree.tiny.TinyBuilderCondensed
18:07:35.720 [main] INFO org.evosuite.runtime.instrumentation.EvoClassLoader - Instrumenting class 'net.sf.saxon.tree.tiny.TinyBuilderCondensed'.
18:07:35.720 [main] INFO org.evosuite.runtime.instrumentation.MethodCallReplacementClassAdapter - Adding mock interface to class net/sf/saxon/tree/tiny/TinyBuilderCondensed
18:07:35.721 [main] INFO org.evosuite.runtime.instrumentation.CreateClassResetClassAdapter - Creating brand-new static initializer in class net/sf/saxon/tree/tiny/TinyBuilderCondensed
18:07:35.721 [main] INFO org.evosuite.runtime.instrumentation.EvoClassLoader - Keeping class: net.sf.saxon.tree.tiny.TinyBuilderCondensed
18:07:35.721 [main] INFO org.evosuite.runtime.instrumentation.EvoClassLoader - Seeing class for first time: net.sf.saxon.tree.linked.LinkedTreeBuilder
18:07:35.721 [main] INFO org.evosuite.runtime.instrumentation.EvoClassLoader - Instrumenting class 'net.sf.saxon.tree.linked.LinkedTreeBuilder'.
18:07:35.723 [main] INFO org.evosuite.runtime.instrumentation.MethodCallReplacementClassAdapter - Adding mock interface to class net/sf/saxon/tree/linked/LinkedTreeBuilder
18:07:35.725 [main] INFO org.evosuite.runtime.instrumentation.CreateClassResetClassAdapter - Found static initializer in class net/sf/saxon/tree/linked/LinkedTreeBuilder
18:07:35.726 [main] INFO org.evosuite.runtime.instrumentation.EvoClassLoader - Keeping class: net.sf.saxon.tree.linked.LinkedTreeBuilder
18:07:35.727 [main] INFO org.evosuite.runtime.instrumentation.EvoClassLoader - Seeing class for first time: net.sf.saxon.lib.Feature
18:07:35.727 [main] INFO org.evosuite.runtime.instrumentation.EvoClassLoader - Instrumenting class 'net.sf.saxon.lib.Feature'.
18:07:35.729 [main] INFO org.evosuite.runtime.instrumentation.MethodCallReplacementClassAdapter - Adding mock interface to class net/sf/saxon/lib/Feature
18:07:35.729 [main] INFO org.evosuite.runtime.instrumentation.CreateClassResetClassAdapter - Found static initializer in class net/sf/saxon/lib/Feature
18:07:35.731 [main] INFO org.evosuite.runtime.instrumentation.EvoClassLoader - Keeping class: net.sf.saxon.lib.Feature
18:07:35.733 [main] INFO org.evosuite.runtime.instrumentation.EvoClassLoader - Seeing class for first time: net.sf.saxon.lib.CollationURIResolver
18:07:35.733 [main] INFO org.evosuite.runtime.instrumentation.EvoClassLoader - Instrumenting class 'net.sf.saxon.lib.CollationURIResolver'.
18:07:35.734 [main] INFO org.evosuite.runtime.instrumentation.EvoClassLoader - Keeping class: net.sf.saxon.lib.CollationURIResolver
18:07:35.734 [main] INFO org.evosuite.runtime.instrumentation.EvoClassLoader - Seeing class for first time: net.sf.saxon.lib.CollectionFinder
18:07:35.734 [main] INFO org.evosuite.runtime.instrumentation.EvoClassLoader - Instrumenting class 'net.sf.saxon.lib.CollectionFinder'.
18:07:35.735 [main] INFO org.evosuite.runtime.instrumentation.EvoClassLoader - Keeping class: net.sf.saxon.lib.CollectionFinder
18:07:35.735 [main] INFO org.evosuite.runtime.instrumentation.EvoClassLoader - Seeing class for first time: net.sf.saxon.lib.CollectionURIResolver
18:07:35.735 [main] INFO org.evosuite.runtime.instrumentation.EvoClassLoader - Instrumenting class 'net.sf.saxon.lib.CollectionURIResolver'.
18:07:35.735 [main] INFO org.evosuite.runtime.instrumentation.EvoClassLoader - Keeping class: net.sf.saxon.lib.CollectionURIResolver
18:07:35.735 [main] INFO org.evosuite.runtime.instrumentation.EvoClassLoader - Seeing class for first time: net.sf.saxon.lib.EnvironmentVariableResolver
18:07:35.735 [main] INFO org.evosuite.runtime.instrumentation.EvoClassLoader - Instrumenting class 'net.sf.saxon.lib.EnvironmentVariableResolver'.
18:07:35.736 [main] INFO org.evosuite.runtime.instrumentation.EvoClassLoader - Keeping class: net.sf.saxon.lib.EnvironmentVariableResolver
18:07:35.736 [main] INFO org.evosuite.runtime.instrumentation.EvoClassLoader - Seeing class for first time: net.sf.saxon.lib.ModuleURIResolver
18:07:35.736 [main] INFO org.evosuite.runtime.instrumentation.EvoClassLoader - Instrumenting class 'net.sf.saxon.lib.ModuleURIResolver'.
18:07:35.737 [main] INFO org.evosuite.runtime.instrumentation.EvoClassLoader - Keeping class: net.sf.saxon.lib.ModuleURIResolver
18:07:35.737 [main] INFO org.evosuite.runtime.instrumentation.EvoClassLoader - Seeing class for first time: net.sf.saxon.lib.OutputURIResolver
18:07:35.737 [main] INFO org.evosuite.runtime.instrumentation.EvoClassLoader - Instrumenting class 'net.sf.saxon.lib.OutputURIResolver'.
18:07:35.738 [main] INFO org.evosuite.runtime.instrumentation.EvoClassLoader - Keeping class: net.sf.saxon.lib.OutputURIResolver
18:07:35.738 [main] INFO org.evosuite.runtime.instrumentation.EvoClassLoader - Seeing class for first time: net.sf.saxon.lib.SchemaURIResolver
18:07:35.738 [main] INFO org.evosuite.runtime.instrumentation.EvoClassLoader - Instrumenting class 'net.sf.saxon.lib.SchemaURIResolver'.
18:07:35.738 [main] INFO org.evosuite.runtime.instrumentation.EvoClassLoader - Keeping class: net.sf.saxon.lib.SchemaURIResolver
18:07:35.738 [main] INFO org.evosuite.runtime.instrumentation.EvoClassLoader - Seeing class for first time: net.sf.saxon.lib.UnparsedTextURIResolver
18:07:35.738 [main] INFO org.evosuite.runtime.instrumentation.EvoClassLoader - Instrumenting class 'net.sf.saxon.lib.UnparsedTextURIResolver'.
18:07:35.739 [main] INFO org.evosuite.runtime.instrumentation.EvoClassLoader - Keeping class: net.sf.saxon.lib.UnparsedTextURIResolver
18:07:35.739 [main] INFO org.evosuite.runtime.instrumentation.EvoClassLoader - Seeing class for first time: net.sf.saxon.trans.LicenseException
18:07:35.739 [main] INFO org.evosuite.runtime.instrumentation.EvoClassLoader - Instrumenting class 'net.sf.saxon.trans.LicenseException'.
18:07:35.740 [main] INFO org.evosuite.runtime.instrumentation.MethodCallReplacementClassAdapter - Adding mock interface to class net/sf/saxon/trans/LicenseException
18:07:35.740 [main] INFO org.evosuite.runtime.instrumentation.CreateClassResetClassAdapter - Creating brand-new static initializer in class net/sf/saxon/trans/LicenseException
18:07:35.740 [main] INFO org.evosuite.runtime.instrumentation.CreateClassResetClassAdapter - Adding bytecode for initializing field EXPIRED
18:07:35.740 [main] INFO org.evosuite.runtime.instrumentation.CreateClassResetClassAdapter - Adding bytecode for initializing field INVALID
18:07:35.740 [main] INFO org.evosuite.runtime.instrumentation.CreateClassResetClassAdapter - Adding bytecode for initializing field NOT_FOUND
18:07:35.740 [main] INFO org.evosuite.runtime.instrumentation.CreateClassResetClassAdapter - Adding bytecode for initializing field WRONG_FEATURES
18:07:35.740 [main] INFO org.evosuite.runtime.instrumentation.CreateClassResetClassAdapter - Adding bytecode for initializing field CANNOT_READ
18:07:35.740 [main] INFO org.evosuite.runtime.instrumentation.CreateClassResetClassAdapter - Adding bytecode for initializing field WRONG_CONFIGURATION
18:07:35.740 [main] INFO org.evosuite.runtime.instrumentation.EvoClassLoader - Keeping class: net.sf.saxon.trans.LicenseException
18:07:35.740 [main] INFO org.evosuite.runtime.instrumentation.EvoClassLoader - Seeing class for first time: net.sf.saxon.lib.UnfailingErrorListener
18:07:35.740 [main] INFO org.evosuite.runtime.instrumentation.EvoClassLoader - Instrumenting class 'net.sf.saxon.lib.UnfailingErrorListener'.
18:07:35.741 [main] INFO org.evosuite.runtime.instrumentation.EvoClassLoader - Keeping class: net.sf.saxon.lib.UnfailingErrorListener
18:07:35.741 [main] INFO org.evosuite.runtime.instrumentation.EvoClassLoader - Seeing class for first time: net.sf.saxon.lib.Logger
18:07:35.741 [main] INFO org.evosuite.runtime.instrumentation.EvoClassLoader - Instrumenting class 'net.sf.saxon.lib.Logger'.
18:07:35.741 [main] INFO org.evosuite.runtime.instrumentation.MethodCallReplacementClassAdapter - Adding mock interface to class net/sf/saxon/lib/Logger
18:07:35.741 [main] INFO org.evosuite.runtime.instrumentation.CreateClassResetClassAdapter - Creating brand-new static initializer in class net/sf/saxon/lib/Logger
18:07:35.741 [main] INFO org.evosuite.runtime.instrumentation.CreateClassResetClassAdapter - Adding bytecode for initializing field INFO
18:07:35.741 [main] INFO org.evosuite.runtime.instrumentation.CreateClassResetClassAdapter - Adding bytecode for initializing field WARNING
18:07:35.741 [main] INFO org.evosuite.runtime.instrumentation.CreateClassResetClassAdapter - Adding bytecode for initializing field ERROR
18:07:35.741 [main] INFO org.evosuite.runtime.instrumentation.CreateClassResetClassAdapter - Adding bytecode for initializing field DISASTER
18:07:35.741 [main] INFO org.evosuite.runtime.instrumentation.EvoClassLoader - Keeping class: net.sf.saxon.lib.Logger
18:07:35.741 [main] INFO org.evosuite.runtime.instrumentation.EvoClassLoader - Seeing class for first time: net.sf.saxon.lib.StandardLogger
18:07:35.741 [main] INFO org.evosuite.runtime.instrumentation.EvoClassLoader - Instrumenting class 'net.sf.saxon.lib.StandardLogger'.
18:07:35.742 [main] INFO org.evosuite.runtime.instrumentation.MethodCallReplacementClassAdapter - Adding mock interface to class net/sf/saxon/lib/StandardLogger
18:07:35.742 [main] INFO org.evosuite.runtime.instrumentation.CreateClassResetClassAdapter - Creating brand-new static initializer in class net/sf/saxon/lib/StandardLogger
18:07:35.742 [main] INFO org.evosuite.runtime.instrumentation.EvoClassLoader - Keeping class: net.sf.saxon.lib.StandardLogger
18:07:35.742 [main] INFO org.evosuite.runtime.instrumentation.EvoClassLoader - Seeing class for first time: net.sf.saxon.lib.URIChecker
18:07:35.742 [main] INFO org.evosuite.runtime.instrumentation.EvoClassLoader - Instrumenting class 'net.sf.saxon.lib.URIChecker'.
18:07:35.743 [main] INFO org.evosuite.runtime.instrumentation.EvoClassLoader - Keeping class: net.sf.saxon.lib.URIChecker
18:07:35.743 [main] INFO org.evosuite.runtime.instrumentation.EvoClassLoader - Seeing class for first time: net.sf.saxon.type.StringToDouble
18:07:35.743 [main] INFO org.evosuite.runtime.instrumentation.EvoClassLoader - Instrumenting class 'net.sf.saxon.type.StringToDouble'.
18:07:35.744 [main] INFO org.evosuite.runtime.instrumentation.MethodCallReplacementClassAdapter - Adding mock interface to class net/sf/saxon/type/StringToDouble
18:07:35.744 [main] INFO org.evosuite.runtime.instrumentation.CreateClassResetClassAdapter - Found static initializer in class net/sf/saxon/type/StringToDouble
18:07:35.745 [main] INFO org.evosuite.runtime.instrumentation.EvoClassLoader - Seeing class for first time: net.sf.saxon.type.StringConverter
18:07:35.745 [main] INFO org.evosuite.runtime.instrumentation.EvoClassLoader - Instrumenting class 'net.sf.saxon.type.StringConverter'.
18:07:35.746 [main] INFO org.evosuite.runtime.instrumentation.MethodCallReplacementClassAdapter - Adding mock interface to class net/sf/saxon/type/StringConverter
18:07:35.746 [main] INFO org.evosuite.runtime.instrumentation.CreateClassResetClassAdapter - Creating brand-new static initializer in class net/sf/saxon/type/StringConverter
18:07:35.746 [main] INFO org.evosuite.runtime.instrumentation.EvoClassLoader - Seeing class for first time: net.sf.saxon.type.Converter
18:07:35.746 [main] INFO org.evosuite.runtime.instrumentation.EvoClassLoader - Instrumenting class 'net.sf.saxon.type.Converter'.
18:07:35.747 [main] INFO org.evosuite.runtime.instrumentation.MethodCallReplacementClassAdapter - Adding mock interface to class net/sf/saxon/type/Converter
18:07:35.748 [main] INFO org.evosuite.runtime.instrumentation.CreateClassResetClassAdapter - Creating brand-new static initializer in class net/sf/saxon/type/Converter
18:07:35.748 [main] INFO org.evosuite.runtime.instrumentation.EvoClassLoader - Keeping class: net.sf.saxon.type.Converter
18:07:35.748 [main] INFO org.evosuite.runtime.instrumentation.EvoClassLoader - Keeping class: net.sf.saxon.type.StringConverter
18:07:35.748 [main] INFO org.evosuite.runtime.instrumentation.EvoClassLoader - Keeping class: net.sf.saxon.type.StringToDouble
18:07:35.748 [main] INFO org.evosuite.runtime.instrumentation.EvoClassLoader - Seeing class for first time: net.sf.saxon.value.StringToDouble11
18:07:35.748 [main] INFO org.evosuite.runtime.instrumentation.EvoClassLoader - Instrumenting class 'net.sf.saxon.value.StringToDouble11'.
18:07:35.749 [main] INFO org.evosuite.runtime.instrumentation.MethodCallReplacementClassAdapter - Adding mock interface to class net/sf/saxon/value/StringToDouble11
18:07:35.749 [main] INFO org.evosuite.runtime.instrumentation.CreateClassResetClassAdapter - Found static initializer in class net/sf/saxon/value/StringToDouble11
18:07:35.749 [main] INFO org.evosuite.runtime.instrumentation.EvoClassLoader - Keeping class: net.sf.saxon.value.StringToDouble11
18:07:35.749 [main] INFO org.evosuite.runtime.instrumentation.EvoClassLoader - Seeing class for first time: net.sf.saxon.expr.parser.CodeInjector
18:07:35.749 [main] INFO org.evosuite.runtime.instrumentation.EvoClassLoader - Instrumenting class 'net.sf.saxon.expr.parser.CodeInjector'.
18:07:35.750 [main] INFO org.evosuite.runtime.instrumentation.EvoClassLoader - Keeping class: net.sf.saxon.expr.parser.CodeInjector
18:07:35.750 [main] INFO org.evosuite.runtime.instrumentation.EvoClassLoader - Seeing class for first time: net.sf.saxon.functions.registry.BuiltInFunctionSet
18:07:35.750 [main] INFO org.evosuite.runtime.instrumentation.EvoClassLoader - Instrumenting class 'net.sf.saxon.functions.registry.BuiltInFunctionSet'.
18:07:35.751 [main] INFO org.evosuite.runtime.instrumentation.MethodCallReplacementClassAdapter - Adding mock interface to class net/sf/saxon/functions/registry/BuiltInFunctionSet
18:07:35.753 [main] INFO org.evosuite.runtime.instrumentation.CreateClassResetClassAdapter - Found static initializer in class net/sf/saxon/functions/registry/BuiltInFunctionSet
18:07:35.754 [main] INFO org.evosuite.runtime.instrumentation.EvoClassLoader - Defined package (3): package net.sf.saxon.functions.registry, 1580756575
18:07:35.754 [main] INFO org.evosuite.runtime.instrumentation.EvoClassLoader - Seeing class for first time: net.sf.saxon.functions.FunctionLibrary
18:07:35.754 [main] INFO org.evosuite.runtime.instrumentation.EvoClassLoader - Instrumenting class 'net.sf.saxon.functions.FunctionLibrary'.
18:07:35.755 [main] INFO org.evosuite.runtime.instrumentation.EvoClassLoader - Defined package (3): package net.sf.saxon.functions, -1773096564
18:07:35.756 [main] INFO org.evosuite.runtime.instrumentation.EvoClassLoader - Keeping class: net.sf.saxon.functions.FunctionLibrary
18:07:35.756 [main] INFO org.evosuite.runtime.instrumentation.EvoClassLoader - Keeping class: net.sf.saxon.functions.registry.BuiltInFunctionSet
18:07:35.756 [main] INFO org.evosuite.runtime.instrumentation.EvoClassLoader - Seeing class for first time: net.sf.saxon.functions.registry.XSLT30FunctionSet
18:07:35.756 [main] INFO org.evosuite.runtime.instrumentation.EvoClassLoader - Instrumenting class 'net.sf.saxon.functions.registry.XSLT30FunctionSet'.
18:07:35.757 [main] INFO org.evosuite.runtime.instrumentation.MethodCallReplacementClassAdapter - Adding mock interface to class net/sf/saxon/functions/registry/XSLT30FunctionSet
18:07:35.758 [main] INFO org.evosuite.runtime.instrumentation.CreateClassResetClassAdapter - Found static initializer in class net/sf/saxon/functions/registry/XSLT30FunctionSet
18:07:35.758 [main] INFO org.evosuite.runtime.instrumentation.EvoClassLoader - Keeping class: net.sf.saxon.functions.registry.XSLT30FunctionSet
18:07:35.758 [main] INFO org.evosuite.runtime.instrumentation.EvoClassLoader - Seeing class for first time: net.sf.saxon.functions.registry.UseWhen30FunctionSet
18:07:35.758 [main] INFO org.evosuite.runtime.instrumentation.EvoClassLoader - Instrumenting class 'net.sf.saxon.functions.registry.UseWhen30FunctionSet'.
18:07:35.759 [main] INFO org.evosuite.runtime.instrumentation.MethodCallReplacementClassAdapter - Adding mock interface to class net/sf/saxon/functions/registry/UseWhen30FunctionSet
18:07:35.761 [main] INFO org.evosuite.runtime.instrumentation.CreateClassResetClassAdapter - Found static initializer in class net/sf/saxon/functions/registry/UseWhen30FunctionSet
18:07:35.761 [main] INFO org.evosuite.runtime.instrumentation.EvoClassLoader - Keeping class: net.sf.saxon.functions.registry.UseWhen30FunctionSet
18:07:35.761 [main] INFO org.evosuite.runtime.instrumentation.EvoClassLoader - Seeing class for first time: net.sf.saxon.functions.registry.XPath30FunctionSet
18:07:35.761 [main] INFO org.evosuite.runtime.instrumentation.EvoClassLoader - Instrumenting class 'net.sf.saxon.functions.registry.XPath30FunctionSet'.
18:07:35.762 [main] INFO org.evosuite.runtime.instrumentation.MethodCallReplacementClassAdapter - Adding mock interface to class net/sf/saxon/functions/registry/XPath30FunctionSet
18:07:35.763 [main] INFO org.evosuite.runtime.instrumentation.CreateClassResetClassAdapter - Found static initializer in class net/sf/saxon/functions/registry/XPath30FunctionSet
18:07:35.764 [main] INFO org.evosuite.runtime.instrumentation.EvoClassLoader - Keeping class: net.sf.saxon.functions.registry.XPath30FunctionSet
18:07:35.764 [main] INFO org.evosuite.runtime.instrumentation.EvoClassLoader - Seeing class for first time: net.sf.saxon.functions.registry.XPath31FunctionSet
18:07:35.764 [main] INFO org.evosuite.runtime.instrumentation.EvoClassLoader - Instrumenting class 'net.sf.saxon.functions.registry.XPath31FunctionSet'.
18:07:35.765 [main] INFO org.evosuite.runtime.instrumentation.MethodCallReplacementClassAdapter - Adding mock interface to class net/sf/saxon/functions/registry/XPath31FunctionSet
18:07:35.765 [main] INFO org.evosuite.runtime.instrumentation.CreateClassResetClassAdapter - Found static initializer in class net/sf/saxon/functions/registry/XPath31FunctionSet
18:07:35.766 [main] INFO org.evosuite.runtime.instrumentation.EvoClassLoader - Keeping class: net.sf.saxon.functions.registry.XPath31FunctionSet
18:07:35.767 [main] INFO org.evosuite.runtime.instrumentation.EvoClassLoader - Seeing class for first time: net.sf.saxon.trans.packages.IPackageLoader
18:07:35.767 [main] INFO org.evosuite.runtime.instrumentation.EvoClassLoader - Instrumenting class 'net.sf.saxon.trans.packages.IPackageLoader'.
18:07:35.768 [main] INFO org.evosuite.runtime.instrumentation.EvoClassLoader - Defined package (3): package net.sf.saxon.trans.packages, -408439262
18:07:35.769 [main] INFO org.evosuite.runtime.instrumentation.EvoClassLoader - Keeping class: net.sf.saxon.trans.packages.IPackageLoader
18:07:35.769 [main] INFO org.evosuite.runtime.instrumentation.EvoClassLoader - Seeing class for first time: net.sf.saxon.lib.Numberer
18:07:35.769 [main] INFO org.evosuite.runtime.instrumentation.EvoClassLoader - Instrumenting class 'net.sf.saxon.lib.Numberer'.
18:07:35.770 [main] INFO org.evosuite.runtime.instrumentation.EvoClassLoader - Keeping class: net.sf.saxon.lib.Numberer
18:07:35.770 [main] INFO org.evosuite.runtime.instrumentation.EvoClassLoader - Seeing class for first time: net.sf.saxon.expr.parser.TypeChecker
18:07:35.770 [main] INFO org.evosuite.runtime.instrumentation.EvoClassLoader - Instrumenting class 'net.sf.saxon.expr.parser.TypeChecker'.
18:07:35.771 [main] INFO org.evosuite.runtime.instrumentation.MethodCallReplacementClassAdapter - Adding mock interface to class net/sf/saxon/expr/parser/TypeChecker
18:07:35.787 [main] INFO org.evosuite.runtime.instrumentation.CreateClassResetClassAdapter - Creating brand-new static initializer in class net/sf/saxon/expr/parser/TypeChecker
18:07:35.788 [main] INFO org.evosuite.runtime.instrumentation.EvoClassLoader - Keeping class: net.sf.saxon.expr.parser.TypeChecker
18:07:35.788 [main] INFO org.evosuite.runtime.instrumentation.EvoClassLoader - Seeing class for first time: net.sf.saxon.expr.compat.TypeChecker10
18:07:35.788 [main] INFO org.evosuite.runtime.instrumentation.EvoClassLoader - Instrumenting class 'net.sf.saxon.expr.compat.TypeChecker10'.
18:07:35.789 [main] INFO org.evosuite.runtime.instrumentation.MethodCallReplacementClassAdapter - Adding mock interface to class net/sf/saxon/expr/compat/TypeChecker10
18:07:35.792 [main] INFO org.evosuite.runtime.instrumentation.CreateClassResetClassAdapter - Creating brand-new static initializer in class net/sf/saxon/expr/compat/TypeChecker10
18:07:35.792 [main] INFO org.evosuite.runtime.instrumentation.EvoClassLoader - Defined package (3): package net.sf.saxon.expr.compat, 1248518988
18:07:35.793 [main] INFO org.evosuite.runtime.instrumentation.EvoClassLoader - Keeping class: net.sf.saxon.expr.compat.TypeChecker10
18:07:35.794 [main] INFO org.evosuite.runtime.instrumentation.EvoClassLoader - Seeing class for first time: net.sf.saxon.expr.parser.XPathParser
18:07:35.794 [main] INFO org.evosuite.runtime.instrumentation.EvoClassLoader - Instrumenting class 'net.sf.saxon.expr.parser.XPathParser'.
18:07:35.799 [main] INFO org.evosuite.runtime.instrumentation.MethodCallReplacementClassAdapter - Adding mock interface to class net/sf/saxon/expr/parser/XPathParser
18:07:35.846 [main] INFO org.evosuite.runtime.instrumentation.CreateClassResetClassAdapter - Found static initializer in class net/sf/saxon/expr/parser/XPathParser
18:07:35.848 [main] INFO org.evosuite.runtime.instrumentation.EvoClassLoader - Keeping class: net.sf.saxon.expr.parser.XPathParser
18:07:35.848 [main] INFO org.evosuite.runtime.instrumentation.EvoClassLoader - Seeing class for first time: net.sf.saxon.query.XQueryParser
18:07:35.848 [main] INFO org.evosuite.runtime.instrumentation.EvoClassLoader - Instrumenting class 'net.sf.saxon.query.XQueryParser'.
18:07:35.856 [main] INFO org.evosuite.runtime.instrumentation.MethodCallReplacementClassAdapter - Adding mock interface to class net/sf/saxon/query/XQueryParser
18:07:35.899 [main] INFO org.evosuite.runtime.instrumentation.CreateClassResetClassAdapter - Found static initializer in class net/sf/saxon/query/XQueryParser
18:07:35.902 [main] INFO org.evosuite.runtime.instrumentation.EvoClassLoader - Keeping class: net.sf.saxon.query.XQueryParser
18:07:35.902 [main] INFO org.evosuite.runtime.instrumentation.EvoClassLoader - Seeing class for first time: net.sf.saxon.pattern.PatternParser30
18:07:35.902 [main] INFO org.evosuite.runtime.instrumentation.EvoClassLoader - Instrumenting class 'net.sf.saxon.pattern.PatternParser30'.
18:07:35.903 [main] INFO org.evosuite.runtime.instrumentation.MethodCallReplacementClassAdapter - Adding mock interface to class net/sf/saxon/pattern/PatternParser30
18:07:35.916 [main] INFO org.evosuite.runtime.instrumentation.CreateClassResetClassAdapter - Creating brand-new static initializer in class net/sf/saxon/pattern/PatternParser30
18:07:35.916 [main] INFO org.evosuite.runtime.instrumentation.EvoClassLoader - Seeing class for first time: net.sf.saxon.pattern.PatternParser
18:07:35.916 [main] INFO org.evosuite.runtime.instrumentation.EvoClassLoader - Instrumenting class 'net.sf.saxon.pattern.PatternParser'.
18:07:35.917 [main] INFO org.evosuite.runtime.instrumentation.EvoClassLoader - Keeping class: net.sf.saxon.pattern.PatternParser
18:07:35.917 [main] INFO org.evosuite.runtime.instrumentation.EvoClassLoader - Keeping class: net.sf.saxon.pattern.PatternParser30
18:07:35.917 [main] INFO org.evosuite.runtime.instrumentation.EvoClassLoader - Seeing class for first time: net.sf.saxon.expr.instruct.SourceDocument
18:07:35.917 [main] INFO org.evosuite.runtime.instrumentation.EvoClassLoader - Instrumenting class 'net.sf.saxon.expr.instruct.SourceDocument'.
18:07:35.918 [main] INFO org.evosuite.runtime.instrumentation.MethodCallReplacementClassAdapter - Adding mock interface to class net/sf/saxon/expr/instruct/SourceDocument
18:07:35.918 [main] INFO org.evosuite.runtime.instrumentation.CreateClassResetClassAdapter - Creating brand-new static initializer in class net/sf/saxon/expr/instruct/SourceDocument
18:07:35.919 [main] INFO org.evosuite.runtime.instrumentation.EvoClassLoader - Keeping class: net.sf.saxon.expr.instruct.SourceDocument
18:07:35.919 [main] INFO org.evosuite.runtime.instrumentation.EvoClassLoader - Seeing class for first time: net.sf.saxon.value.Closure
18:07:35.919 [main] INFO org.evosuite.runtime.instrumentation.EvoClassLoader - Instrumenting class 'net.sf.saxon.value.Closure'.
18:07:35.919 [main] INFO org.evosuite.runtime.instrumentation.MethodCallReplacementClassAdapter - Adding mock interface to class net/sf/saxon/value/Closure
18:07:35.920 [main] INFO org.evosuite.runtime.instrumentation.CreateClassResetClassAdapter - Found static initializer in class net/sf/saxon/value/Closure
18:07:35.921 [main] INFO org.evosuite.runtime.instrumentation.EvoClassLoader - Keeping class: net.sf.saxon.value.Closure
18:07:35.921 [main] INFO org.evosuite.runtime.instrumentation.EvoClassLoader - Seeing class for first time: net.sf.saxon.value.MemoClosure
18:07:35.921 [main] INFO org.evosuite.runtime.instrumentation.EvoClassLoader - Instrumenting class 'net.sf.saxon.value.MemoClosure'.
18:07:35.922 [main] INFO org.evosuite.runtime.instrumentation.MethodCallReplacementClassAdapter - Adding mock interface to class net/sf/saxon/value/MemoClosure
18:07:35.922 [main] INFO org.evosuite.runtime.instrumentation.CreateClassResetClassAdapter - Creating brand-new static initializer in class net/sf/saxon/value/MemoClosure
18:07:35.923 [main] INFO org.evosuite.runtime.instrumentation.EvoClassLoader - Keeping class: net.sf.saxon.value.MemoClosure
18:07:35.924 [main] INFO org.evosuite.runtime.instrumentation.EvoClassLoader - Seeing class for first time: net.sf.saxon.lib.FunctionAnnotationHandler
18:07:35.924 [main] INFO org.evosuite.runtime.instrumentation.EvoClassLoader - Instrumenting class 'net.sf.saxon.lib.FunctionAnnotationHandler'.
18:07:35.925 [main] INFO org.evosuite.runtime.instrumentation.EvoClassLoader - Keeping class: net.sf.saxon.lib.FunctionAnnotationHandler
18:07:35.926 [main] INFO org.evosuite.runtime.instrumentation.EvoClassLoader - Seeing class for first time: net.sf.saxon.tree.util.DocumentNumberAllocator
18:07:35.926 [main] INFO org.evosuite.runtime.instrumentation.EvoClassLoader - Instrumenting class 'net.sf.saxon.tree.util.DocumentNumberAllocator'.
18:07:35.926 [main] INFO org.evosuite.runtime.instrumentation.MethodCallReplacementClassAdapter - Adding mock interface to class net/sf/saxon/tree/util/DocumentNumberAllocator
18:07:35.926 [main] INFO org.evosuite.runtime.instrumentation.CreateClassResetClassAdapter - Creating brand-new static initializer in class net/sf/saxon/tree/util/DocumentNumberAllocator
18:07:35.927 [main] INFO org.evosuite.runtime.instrumentation.EvoClassLoader - Keeping class: net.sf.saxon.tree.util.DocumentNumberAllocator
18:07:35.927 [main] INFO org.evosuite.runtime.instrumentation.EvoClassLoader - Seeing class for first time: net.sf.saxon.trans.CompilerInfo
18:07:35.927 [main] INFO org.evosuite.runtime.instrumentation.EvoClassLoader - Instrumenting class 'net.sf.saxon.trans.CompilerInfo'.
18:07:35.928 [main] INFO org.evosuite.runtime.instrumentation.MethodCallReplacementClassAdapter - Adding mock interface to class net/sf/saxon/trans/CompilerInfo
18:07:35.929 [main] INFO org.evosuite.runtime.instrumentation.CreateClassResetClassAdapter - Creating brand-new static initializer in class net/sf/saxon/trans/CompilerInfo
18:07:35.929 [main] INFO org.evosuite.runtime.instrumentation.EvoClassLoader - Keeping class: net.sf.saxon.trans.CompilerInfo
18:07:35.930 [main] INFO org.evosuite.runtime.instrumentation.EvoClassLoader - Seeing class for first time: net.sf.saxon.trans.ConfigurationReader
18:07:35.930 [main] INFO org.evosuite.runtime.instrumentation.EvoClassLoader - Instrumenting class 'net.sf.saxon.trans.ConfigurationReader'.
18:07:35.932 [main] INFO org.evosuite.runtime.instrumentation.MethodCallReplacementClassAdapter - Adding mock interface to class net/sf/saxon/trans/ConfigurationReader
18:07:35.945 [main] INFO org.evosuite.runtime.instrumentation.CreateClassResetClassAdapter - Creating brand-new static initializer in class net/sf/saxon/trans/ConfigurationReader
18:07:35.946 [main] INFO org.evosuite.runtime.instrumentation.EvoClassLoader - Keeping class: net.sf.saxon.trans.ConfigurationReader
18:07:35.946 [main] INFO org.evosuite.runtime.instrumentation.EvoClassLoader - Seeing class for first time: net.sf.saxon.lib.StandardURIResolver
18:07:35.946 [main] INFO org.evosuite.runtime.instrumentation.EvoClassLoader - Instrumenting class 'net.sf.saxon.lib.StandardURIResolver'.
18:07:35.947 [main] INFO org.evosuite.runtime.instrumentation.MethodCallReplacementClassAdapter - Adding mock interface to class net/sf/saxon/lib/StandardURIResolver
18:07:35.950 [main] INFO org.evosuite.runtime.instrumentation.CreateClassResetClassAdapter - Found static initializer in class net/sf/saxon/lib/StandardURIResolver
18:07:35.951 [main] INFO org.evosuite.runtime.instrumentation.EvoClassLoader - Seeing class for first time: net.sf.saxon.trans.NonDelegatingURIResolver
18:07:35.951 [main] INFO org.evosuite.runtime.instrumentation.EvoClassLoader - Instrumenting class 'net.sf.saxon.trans.NonDelegatingURIResolver'.
18:07:35.952 [main] INFO org.evosuite.runtime.instrumentation.EvoClassLoader - Keeping class: net.sf.saxon.trans.NonDelegatingURIResolver
18:07:35.952 [main] INFO org.evosuite.runtime.instrumentation.EvoClassLoader - Keeping class: net.sf.saxon.lib.StandardURIResolver
18:07:35.952 [main] INFO org.evosuite.runtime.instrumentation.EvoClassLoader - Seeing class for first time: net.sf.saxon.lib.ResourceFactory
18:07:35.952 [main] INFO org.evosuite.runtime.instrumentation.EvoClassLoader - Instrumenting class 'net.sf.saxon.lib.ResourceFactory'.
18:07:35.953 [main] INFO org.evosuite.runtime.instrumentation.EvoClassLoader - Keeping class: net.sf.saxon.lib.ResourceFactory
18:07:35.953 [main] INFO org.evosuite.runtime.instrumentation.EvoClassLoader - Seeing class for first time: net.sf.saxon.Configuration$ApiProvider
18:07:35.953 [main] INFO org.evosuite.runtime.instrumentation.EvoClassLoader - Instrumenting class 'net.sf.saxon.Configuration$ApiProvider'.
18:07:35.953 [main] INFO org.evosuite.runtime.instrumentation.EvoClassLoader - Keeping class: net.sf.saxon.Configuration$ApiProvider
18:07:35.953 [main] INFO org.evosuite.runtime.instrumentation.EvoClassLoader - Seeing class for first time: net.sf.saxon.trans.DynamicLoader
18:07:35.953 [main] INFO org.evosuite.runtime.instrumentation.EvoClassLoader - Instrumenting class 'net.sf.saxon.trans.DynamicLoader'.
18:07:35.954 [main] INFO org.evosuite.runtime.instrumentation.MethodCallReplacementClassAdapter - Adding mock interface to class net/sf/saxon/trans/DynamicLoader
18:07:35.955 [main] INFO org.evosuite.runtime.instrumentation.CreateClassResetClassAdapter - Creating brand-new static initializer in class net/sf/saxon/trans/DynamicLoader
18:07:35.956 [main] INFO org.evosuite.runtime.instrumentation.EvoClassLoader - Keeping class: net.sf.saxon.trans.DynamicLoader
18:07:35.956 [main] INFO org.evosuite.runtime.instrumentation.EvoClassLoader - Seeing class for first time: net.sf.saxon.query.StaticQueryContext
18:07:35.956 [main] INFO org.evosuite.runtime.instrumentation.EvoClassLoader - Instrumenting class 'net.sf.saxon.query.StaticQueryContext'.
18:07:35.958 [main] INFO org.evosuite.runtime.instrumentation.MethodCallReplacementClassAdapter - Adding mock interface to class net/sf/saxon/query/StaticQueryContext
18:07:35.964 [main] INFO org.evosuite.runtime.instrumentation.CreateClassResetClassAdapter - Creating brand-new static initializer in class net/sf/saxon/query/StaticQueryContext
18:07:35.965 [main] INFO org.evosuite.runtime.instrumentation.EvoClassLoader - Keeping class: net.sf.saxon.query.StaticQueryContext
18:07:35.965 [main] INFO org.evosuite.runtime.instrumentation.EvoClassLoader - Seeing class for first time: net.sf.saxon.lib.ConversionRules
18:07:35.965 [main] INFO org.evosuite.runtime.instrumentation.EvoClassLoader - Instrumenting class 'net.sf.saxon.lib.ConversionRules'.
18:07:35.967 [main] INFO org.evosuite.runtime.instrumentation.MethodCallReplacementClassAdapter - Adding mock interface to class net/sf/saxon/lib/ConversionRules
18:07:35.969 [main] INFO org.evosuite.runtime.instrumentation.CreateClassResetClassAdapter - Found static initializer in class net/sf/saxon/lib/ConversionRules
18:07:35.970 [main] INFO org.evosuite.runtime.instrumentation.EvoClassLoader - Keeping class: net.sf.saxon.lib.ConversionRules
18:07:35.970 [main] INFO org.evosuite.runtime.instrumentation.EvoClassLoader - Seeing class for first time: net.sf.saxon.type.TypeHierarchy
18:07:35.970 [main] INFO org.evosuite.runtime.instrumentation.EvoClassLoader - Instrumenting class 'net.sf.saxon.type.TypeHierarchy'.
18:07:35.972 [main] INFO org.evosuite.runtime.instrumentation.MethodCallReplacementClassAdapter - Adding mock interface to class net/sf/saxon/type/TypeHierarchy
18:07:35.979 [main] INFO org.evosuite.runtime.instrumentation.CreateClassResetClassAdapter - Creating brand-new static initializer in class net/sf/saxon/type/TypeHierarchy
18:07:35.979 [main] INFO org.evosuite.runtime.instrumentation.CreateClassResetClassAdapter - Adding bytecode for initializing field SAME_TYPE
18:07:35.979 [main] INFO org.evosuite.runtime.instrumentation.CreateClassResetClassAdapter - Adding bytecode for initializing field SUBSUMES
18:07:35.979 [main] INFO org.evosuite.runtime.instrumentation.CreateClassResetClassAdapter - Adding bytecode for initializing field SUBSUMED_BY
18:07:35.979 [main] INFO org.evosuite.runtime.instrumentation.CreateClassResetClassAdapter - Adding bytecode for initializing field OVERLAPS
18:07:35.979 [main] INFO org.evosuite.runtime.instrumentation.CreateClassResetClassAdapter - Adding bytecode for initializing field DISJOINT
18:07:35.980 [main] INFO org.evosuite.runtime.instrumentation.EvoClassLoader - Keeping class: net.sf.saxon.type.TypeHierarchy
18:07:35.980 [main] INFO org.evosuite.runtime.instrumentation.EvoClassLoader - Seeing class for first time: net.sf.saxon.functions.SystemFunction
18:07:35.980 [main] INFO org.evosuite.runtime.instrumentation.EvoClassLoader - Instrumenting class 'net.sf.saxon.functions.SystemFunction'.
18:07:35.982 [main] INFO org.evosuite.runtime.instrumentation.MethodCallReplacementClassAdapter - Adding mock interface to class net/sf/saxon/functions/SystemFunction
18:07:35.984 [main] INFO org.evosuite.runtime.instrumentation.CreateClassResetClassAdapter - Creating brand-new static initializer in class net/sf/saxon/functions/SystemFunction
18:07:35.984 [main] INFO org.evosuite.runtime.instrumentation.EvoClassLoader - Seeing class for first time: net.sf.saxon.functions.AbstractFunction
18:07:35.985 [main] INFO org.evosuite.runtime.instrumentation.EvoClassLoader - Instrumenting class 'net.sf.saxon.functions.AbstractFunction'.
18:07:35.985 [main] INFO org.evosuite.runtime.instrumentation.MethodCallReplacementClassAdapter - Adding mock interface to class net/sf/saxon/functions/AbstractFunction
18:07:35.986 [main] INFO org.evosuite.runtime.instrumentation.CreateClassResetClassAdapter - Creating brand-new static initializer in class net/sf/saxon/functions/AbstractFunction
18:07:35.986 [main] INFO org.evosuite.runtime.instrumentation.EvoClassLoader - Seeing class for first time: net.sf.saxon.om.Function
18:07:35.986 [main] INFO org.evosuite.runtime.instrumentation.EvoClassLoader - Instrumenting class 'net.sf.saxon.om.Function'.
18:07:35.987 [main] INFO org.evosuite.runtime.instrumentation.EvoClassLoader - Seeing class for first time: net.sf.saxon.expr.Callable
18:07:35.987 [main] INFO org.evosuite.runtime.instrumentation.EvoClassLoader - Instrumenting class 'net.sf.saxon.expr.Callable'.
18:07:35.988 [main] INFO org.evosuite.runtime.instrumentation.EvoClassLoader - Keeping class: net.sf.saxon.expr.Callable
18:07:35.989 [main] INFO org.evosuite.runtime.instrumentation.EvoClassLoader - Keeping class: net.sf.saxon.om.Function
18:07:35.989 [main] INFO org.evosuite.runtime.instrumentation.EvoClassLoader - Keeping class: net.sf.saxon.functions.AbstractFunction
18:07:35.989 [main] INFO org.evosuite.runtime.instrumentation.EvoClassLoader - Keeping class: net.sf.saxon.functions.SystemFunction
18:07:35.989 [main] INFO org.evosuite.runtime.instrumentation.EvoClassLoader - Seeing class for first time: net.sf.saxon.lib.ExtensionFunctionDefinition
18:07:35.989 [main] INFO org.evosuite.runtime.instrumentation.EvoClassLoader - Instrumenting class 'net.sf.saxon.lib.ExtensionFunctionDefinition'.
18:07:35.990 [main] INFO org.evosuite.runtime.instrumentation.MethodCallReplacementClassAdapter - Adding mock interface to class net/sf/saxon/lib/ExtensionFunctionDefinition
18:07:35.990 [main] INFO org.evosuite.runtime.instrumentation.CreateClassResetClassAdapter - Creating brand-new static initializer in class net/sf/saxon/lib/ExtensionFunctionDefinition
18:07:35.991 [main] INFO org.evosuite.runtime.instrumentation.EvoClassLoader - Keeping class: net.sf.saxon.lib.ExtensionFunctionDefinition
18:07:35.991 [main] INFO org.evosuite.runtime.instrumentation.EvoClassLoader - Seeing class for first time: net.sf.saxon.functions.IntegratedFunctionLibrary
18:07:35.991 [main] INFO org.evosuite.runtime.instrumentation.EvoClassLoader - Instrumenting class 'net.sf.saxon.functions.IntegratedFunctionLibrary'.
18:07:35.991 [main] INFO org.evosuite.runtime.instrumentation.MethodCallReplacementClassAdapter - Adding mock interface to class net/sf/saxon/functions/IntegratedFunctionLibrary
18:07:35.992 [main] INFO org.evosuite.runtime.instrumentation.CreateClassResetClassAdapter - Creating brand-new static initializer in class net/sf/saxon/functions/IntegratedFunctionLibrary
18:07:35.992 [main] INFO org.evosuite.runtime.instrumentation.EvoClassLoader - Keeping class: net.sf.saxon.functions.IntegratedFunctionLibrary
18:07:35.992 [main] INFO org.evosuite.runtime.instrumentation.EvoClassLoader - Seeing class for first time: net.sf.saxon.functions.FunctionLibraryList
18:07:35.992 [main] INFO org.evosuite.runtime.instrumentation.EvoClassLoader - Instrumenting class 'net.sf.saxon.functions.FunctionLibraryList'.
18:07:35.993 [main] INFO org.evosuite.runtime.instrumentation.MethodCallReplacementClassAdapter - Adding mock interface to class net/sf/saxon/functions/FunctionLibraryList
18:07:35.993 [main] INFO org.evosuite.runtime.instrumentation.CreateClassResetClassAdapter - Creating brand-new static initializer in class net/sf/saxon/functions/FunctionLibraryList
18:07:35.993 [main] INFO org.evosuite.runtime.instrumentation.EvoClassLoader - Seeing class for first time: net.sf.saxon.query.XQueryFunctionBinder
18:07:35.993 [main] INFO org.evosuite.runtime.instrumentation.EvoClassLoader - Instrumenting class 'net.sf.saxon.query.XQueryFunctionBinder'.
18:07:35.994 [main] INFO org.evosuite.runtime.instrumentation.EvoClassLoader - Keeping class: net.sf.saxon.query.XQueryFunctionBinder
18:07:35.994 [main] INFO org.evosuite.runtime.instrumentation.EvoClassLoader - Keeping class: net.sf.saxon.functions.FunctionLibraryList
18:07:35.994 [main] INFO org.evosuite.runtime.instrumentation.EvoClassLoader - Seeing class for first time: net.sf.saxon.trans.FunctionStreamability
18:07:35.994 [main] INFO org.evosuite.runtime.instrumentation.EvoClassLoader - Instrumenting class 'net.sf.saxon.trans.FunctionStreamability'.
18:07:35.995 [main] INFO org.evosuite.runtime.instrumentation.MethodCallReplacementClassAdapter - Adding mock interface to class net/sf/saxon/trans/FunctionStreamability
18:07:35.995 [main] INFO org.evosuite.runtime.instrumentation.CreateClassResetClassAdapter - Found static initializer in class net/sf/saxon/trans/FunctionStreamability
18:07:35.995 [main] INFO org.evosuite.runtime.instrumentation.EvoClassLoader - Keeping class: net.sf.saxon.trans.FunctionStreamability
18:07:35.995 [main] INFO org.evosuite.runtime.instrumentation.EvoClassLoader - Seeing class for first time: net.sf.saxon.expr.instruct.UserFunction
18:07:35.995 [main] INFO org.evosuite.runtime.instrumentation.EvoClassLoader - Instrumenting class 'net.sf.saxon.expr.instruct.UserFunction'.
18:07:35.996 [main] INFO org.evosuite.runtime.instrumentation.MethodCallReplacementClassAdapter - Adding mock interface to class net/sf/saxon/expr/instruct/UserFunction
18:07:35.999 [main] INFO org.evosuite.runtime.instrumentation.CreateClassResetClassAdapter - Creating brand-new static initializer in class net/sf/saxon/expr/instruct/UserFunction
18:07:35.999 [main] INFO org.evosuite.runtime.instrumentation.CreateClassResetClassAdapter - Adding bytecode for initializing field MAX_INLININGS
18:07:36.000 [main] INFO org.evosuite.runtime.instrumentation.EvoClassLoader - Keeping class: net.sf.saxon.expr.instruct.UserFunction
18:07:36.000 [main] INFO org.evosuite.runtime.instrumentation.EvoClassLoader - Seeing class for first time: net.sf.saxon.lib.ResourceCollection
18:07:36.000 [main] INFO org.evosuite.runtime.instrumentation.EvoClassLoader - Instrumenting class 'net.sf.saxon.lib.ResourceCollection'.
18:07:36.000 [main] INFO org.evosuite.runtime.instrumentation.EvoClassLoader - Keeping class: net.sf.saxon.lib.ResourceCollection
18:07:36.000 [main] INFO org.evosuite.runtime.instrumentation.EvoClassLoader - Seeing class for first time: net.sf.saxon.lib.LocalizerFactory
18:07:36.000 [main] INFO org.evosuite.runtime.instrumentation.EvoClassLoader - Instrumenting class 'net.sf.saxon.lib.LocalizerFactory'.
18:07:36.001 [main] INFO org.evosuite.runtime.instrumentation.MethodCallReplacementClassAdapter - Adding mock interface to class net/sf/saxon/lib/LocalizerFactory
18:07:36.001 [main] INFO org.evosuite.runtime.instrumentation.CreateClassResetClassAdapter - Creating brand-new static initializer in class net/sf/saxon/lib/LocalizerFactory
18:07:36.001 [main] INFO org.evosuite.runtime.instrumentation.EvoClassLoader - Keeping class: net.sf.saxon.lib.LocalizerFactory
18:07:36.001 [main] INFO org.evosuite.runtime.instrumentation.EvoClassLoader - Seeing class for first time: net.sf.saxon.lib.StaticQueryContextFactory
18:07:36.001 [main] INFO org.evosuite.runtime.instrumentation.EvoClassLoader - Instrumenting class 'net.sf.saxon.lib.StaticQueryContextFactory'.
18:07:36.001 [main] INFO org.evosuite.runtime.instrumentation.MethodCallReplacementClassAdapter - Adding mock interface to class net/sf/saxon/lib/StaticQueryContextFactory
18:07:36.001 [main] INFO org.evosuite.runtime.instrumentation.CreateClassResetClassAdapter - Creating brand-new static initializer in class net/sf/saxon/lib/StaticQueryContextFactory
18:07:36.001 [main] INFO org.evosuite.runtime.instrumentation.EvoClassLoader - Keeping class: net.sf.saxon.lib.StaticQueryContextFactory
18:07:36.001 [main] INFO org.evosuite.runtime.instrumentation.EvoClassLoader - Seeing class for first time: net.sf.saxon.expr.PendingUpdateList
18:07:36.001 [main] INFO org.evosuite.runtime.instrumentation.EvoClassLoader - Instrumenting class 'net.sf.saxon.expr.PendingUpdateList'.
18:07:36.002 [main] INFO org.evosuite.runtime.instrumentation.EvoClassLoader - Keeping class: net.sf.saxon.expr.PendingUpdateList
18:07:36.002 [main] INFO org.evosuite.runtime.instrumentation.EvoClassLoader - Seeing class for first time: net.sf.saxon.om.DocumentInfo
18:07:36.002 [main] INFO org.evosuite.runtime.instrumentation.EvoClassLoader - Instrumenting class 'net.sf.saxon.om.DocumentInfo'.
18:07:36.002 [main] INFO org.evosuite.runtime.instrumentation.MethodCallReplacementClassAdapter - Adding mock interface to class net/sf/saxon/om/DocumentInfo
18:07:36.002 [main] INFO org.evosuite.runtime.instrumentation.CreateClassResetClassAdapter - Creating brand-new static initializer in class net/sf/saxon/om/DocumentInfo
18:07:36.003 [main] INFO org.evosuite.runtime.instrumentation.EvoClassLoader - Seeing class for first time: net.sf.saxon.tree.wrapper.AbstractVirtualNode
18:07:36.003 [main] INFO org.evosuite.runtime.instrumentation.EvoClassLoader - Instrumenting class 'net.sf.saxon.tree.wrapper.AbstractVirtualNode'.
18:07:36.003 [main] INFO org.evosuite.runtime.instrumentation.MethodCallReplacementClassAdapter - Adding mock interface to class net/sf/saxon/tree/wrapper/AbstractVirtualNode
18:07:36.006 [main] INFO org.evosuite.runtime.instrumentation.CreateClassResetClassAdapter - Creating brand-new static initializer in class net/sf/saxon/tree/wrapper/AbstractVirtualNode
18:07:36.006 [main] INFO org.evosuite.runtime.instrumentation.EvoClassLoader - Seeing class for first time: net.sf.saxon.tree.wrapper.VirtualNode
18:07:36.006 [main] INFO org.evosuite.runtime.instrumentation.EvoClassLoader - Instrumenting class 'net.sf.saxon.tree.wrapper.VirtualNode'.
18:07:36.007 [main] INFO org.evosuite.runtime.instrumentation.EvoClassLoader - Keeping class: net.sf.saxon.tree.wrapper.VirtualNode
18:07:36.008 [main] INFO org.evosuite.runtime.instrumentation.EvoClassLoader - Keeping class: net.sf.saxon.tree.wrapper.AbstractVirtualNode
18:07:36.008 [main] INFO org.evosuite.runtime.instrumentation.EvoClassLoader - Keeping class: net.sf.saxon.om.DocumentInfo
18:07:36.008 [main] INFO org.evosuite.runtime.instrumentation.EvoClassLoader - Seeing class for first time: net.sf.saxon.tree.tiny.TreeStatistics
18:07:36.008 [main] INFO org.evosuite.runtime.instrumentation.EvoClassLoader - Instrumenting class 'net.sf.saxon.tree.tiny.TreeStatistics'.
18:07:36.009 [main] INFO org.evosuite.runtime.instrumentation.MethodCallReplacementClassAdapter - Adding mock interface to class net/sf/saxon/tree/tiny/TreeStatistics
18:07:36.009 [main] INFO org.evosuite.runtime.instrumentation.CreateClassResetClassAdapter - Creating brand-new static initializer in class net/sf/saxon/tree/tiny/TreeStatistics
18:07:36.009 [main] INFO org.evosuite.runtime.instrumentation.EvoClassLoader - Keeping class: net.sf.saxon.tree.tiny.TreeStatistics
18:07:36.009 [main] INFO org.evosuite.runtime.instrumentation.EvoClassLoader - Seeing class for first time: net.sf.saxon.lib.InvalidityReportGenerator
18:07:36.009 [main] INFO org.evosuite.runtime.instrumentation.EvoClassLoader - Instrumenting class 'net.sf.saxon.lib.InvalidityReportGenerator'.
18:07:36.010 [main] INFO org.evosuite.runtime.instrumentation.MethodCallReplacementClassAdapter - Adding mock interface to class net/sf/saxon/lib/InvalidityReportGenerator
18:07:36.010 [main] INFO org.evosuite.runtime.instrumentation.CreateClassResetClassAdapter - Creating brand-new static initializer in class net/sf/saxon/lib/InvalidityReportGenerator
18:07:36.010 [main] INFO org.evosuite.runtime.instrumentation.CreateClassResetClassAdapter - Adding bytecode for initializing field REPORT_NS
18:07:36.010 [main] INFO org.evosuite.runtime.instrumentation.EvoClassLoader - Seeing class for first time: net.sf.saxon.lib.StandardInvalidityHandler
18:07:36.010 [main] INFO org.evosuite.runtime.instrumentation.EvoClassLoader - Instrumenting class 'net.sf.saxon.lib.StandardInvalidityHandler'.
18:07:36.011 [main] INFO org.evosuite.runtime.instrumentation.MethodCallReplacementClassAdapter - Adding mock interface to class net/sf/saxon/lib/StandardInvalidityHandler
18:07:36.012 [main] INFO org.evosuite.runtime.instrumentation.CreateClassResetClassAdapter - Creating brand-new static initializer in class net/sf/saxon/lib/StandardInvalidityHandler
18:07:36.013 [main] INFO org.evosuite.runtime.instrumentation.EvoClassLoader - Seeing class for first time: net.sf.saxon.lib.InvalidityHandler
18:07:36.013 [main] INFO org.evosuite.runtime.instrumentation.EvoClassLoader - Instrumenting class 'net.sf.saxon.lib.InvalidityHandler'.
18:07:36.014 [main] INFO org.evosuite.runtime.instrumentation.EvoClassLoader - Keeping class: net.sf.saxon.lib.InvalidityHandler
18:07:36.014 [main] INFO org.evosuite.runtime.instrumentation.EvoClassLoader - Keeping class: net.sf.saxon.lib.StandardInvalidityHandler
18:07:36.014 [main] INFO org.evosuite.runtime.instrumentation.EvoClassLoader - Keeping class: net.sf.saxon.lib.InvalidityReportGenerator
18:07:36.014 [main] INFO org.evosuite.runtime.instrumentation.EvoClassLoader - Seeing class for first time: net.sf.saxon.expr.instruct.TemplateRule
18:07:36.014 [main] INFO org.evosuite.runtime.instrumentation.EvoClassLoader - Instrumenting class 'net.sf.saxon.expr.instruct.TemplateRule'.
18:07:36.015 [main] INFO org.evosuite.runtime.instrumentation.MethodCallReplacementClassAdapter - Adding mock interface to class net/sf/saxon/expr/instruct/TemplateRule
18:07:36.017 [main] INFO org.evosuite.runtime.instrumentation.CreateClassResetClassAdapter - Creating brand-new static initializer in class net/sf/saxon/expr/instruct/TemplateRule
18:07:36.018 [main] INFO org.evosuite.runtime.instrumentation.EvoClassLoader - Keeping class: net.sf.saxon.expr.instruct.TemplateRule
18:07:36.018 [main] INFO org.evosuite.runtime.instrumentation.EvoClassLoader - Seeing class for first time: net.sf.saxon.expr.XPathContextMajor$ThreadManager
18:07:36.018 [main] INFO org.evosuite.runtime.instrumentation.EvoClassLoader - Instrumenting class 'net.sf.saxon.expr.XPathContextMajor$ThreadManager'.
18:07:36.019 [main] INFO org.evosuite.runtime.instrumentation.MethodCallReplacementClassAdapter - Adding mock interface to class net/sf/saxon/expr/XPathContextMajor$ThreadManager
18:07:36.019 [main] INFO org.evosuite.runtime.instrumentation.CreateClassResetClassAdapter - Creating brand-new static initializer in class net/sf/saxon/expr/XPathContextMajor$ThreadManager
18:07:36.019 [main] INFO org.evosuite.runtime.instrumentation.EvoClassLoader - Keeping class: net.sf.saxon.expr.XPathContextMajor$ThreadManager
18:07:36.020 [main] INFO org.evosuite.runtime.instrumentation.EvoClassLoader - Seeing class for first time: net.sf.saxon.expr.parser.ICompilerService
18:07:36.020 [main] INFO org.evosuite.runtime.instrumentation.EvoClassLoader - Instrumenting class 'net.sf.saxon.expr.parser.ICompilerService'.
18:07:36.020 [main] INFO org.evosuite.runtime.instrumentation.EvoClassLoader - Keeping class: net.sf.saxon.expr.parser.ICompilerService
18:07:36.020 [main] INFO org.evosuite.runtime.instrumentation.EvoClassLoader - Seeing class for first time: net.sf.saxon.regex.RegularExpression
18:07:36.020 [main] INFO org.evosuite.runtime.instrumentation.EvoClassLoader - Instrumenting class 'net.sf.saxon.regex.RegularExpression'.
18:07:36.021 [main] INFO org.evosuite.runtime.instrumentation.EvoClassLoader - Defined package (3): package net.sf.saxon.regex, -1826342216
18:07:36.021 [main] INFO org.evosuite.runtime.instrumentation.EvoClassLoader - Keeping class: net.sf.saxon.regex.RegularExpression
18:07:36.022 [main] INFO org.evosuite.runtime.instrumentation.EvoClassLoader - Seeing class for first time: net.sf.saxon.lib.SerializerFactory
18:07:36.022 [main] INFO org.evosuite.runtime.instrumentation.EvoClassLoader - Instrumenting class 'net.sf.saxon.lib.SerializerFactory'.
18:07:36.024 [main] INFO org.evosuite.runtime.instrumentation.MethodCallReplacementClassAdapter - Adding mock interface to class net/sf/saxon/lib/SerializerFactory
18:07:36.049 [main] INFO org.evosuite.runtime.instrumentation.CreateClassResetClassAdapter - Found static initializer in class net/sf/saxon/lib/SerializerFactory
18:07:36.051 [main] INFO org.evosuite.runtime.instrumentation.EvoClassLoader - Keeping class: net.sf.saxon.lib.SerializerFactory
18:07:36.051 [main] INFO org.evosuite.runtime.instrumentation.EvoClassLoader - Seeing class for first time: net.sf.saxon.serialize.charcode.CharacterSetFactory
18:07:36.051 [main] INFO org.evosuite.runtime.instrumentation.EvoClassLoader - Instrumenting class 'net.sf.saxon.serialize.charcode.CharacterSetFactory'.
18:07:36.052 [main] INFO org.evosuite.runtime.instrumentation.MethodCallReplacementClassAdapter - Adding mock interface to class net/sf/saxon/serialize/charcode/CharacterSetFactory
18:07:36.053 [main] INFO org.evosuite.runtime.instrumentation.CreateClassResetClassAdapter - Creating brand-new static initializer in class net/sf/saxon/serialize/charcode/CharacterSetFactory
18:07:36.053 [main] INFO org.evosuite.runtime.instrumentation.EvoClassLoader - Defined package (3): package net.sf.saxon.serialize.charcode, -406330688
18:07:36.054 [main] INFO org.evosuite.runtime.instrumentation.EvoClassLoader - Keeping class: net.sf.saxon.serialize.charcode.CharacterSetFactory
18:07:36.054 [main] INFO org.evosuite.runtime.instrumentation.EvoClassLoader - Seeing class for first time: net.sf.saxon.expr.instruct.ResultDocument
18:07:36.054 [main] INFO org.evosuite.runtime.instrumentation.EvoClassLoader - Instrumenting class 'net.sf.saxon.expr.instruct.ResultDocument'.
18:07:36.056 [main] INFO org.evosuite.runtime.instrumentation.MethodCallReplacementClassAdapter - Adding mock interface to class net/sf/saxon/expr/instruct/ResultDocument
18:07:36.058 [main] INFO org.evosuite.runtime.instrumentation.CreateClassResetClassAdapter - Found static initializer in class net/sf/saxon/expr/instruct/ResultDocument
18:07:36.060 [main] INFO org.evosuite.runtime.instrumentation.EvoClassLoader - Keeping class: net.sf.saxon.expr.instruct.ResultDocument
18:07:36.060 [main] INFO org.evosuite.runtime.instrumentation.EvoClassLoader - Seeing class for first time: net.sf.saxon.expr.ItemMappingFunction
18:07:36.060 [main] INFO org.evosuite.runtime.instrumentation.EvoClassLoader - Instrumenting class 'net.sf.saxon.expr.ItemMappingFunction'.
18:07:36.061 [main] INFO org.evosuite.runtime.instrumentation.EvoClassLoader - Keeping class: net.sf.saxon.expr.ItemMappingFunction
18:07:36.061 [main] INFO org.evosuite.runtime.instrumentation.EvoClassLoader - Seeing class for first time: net.sf.saxon.expr.parser.PathMap$PathMapRoot
18:07:36.061 [main] INFO org.evosuite.runtime.instrumentation.EvoClassLoader - Instrumenting class 'net.sf.saxon.expr.parser.PathMap$PathMapRoot'.
18:07:36.062 [main] INFO org.evosuite.runtime.instrumentation.MethodCallReplacementClassAdapter - Adding mock interface to class net/sf/saxon/expr/parser/PathMap$PathMapRoot
18:07:36.062 [main] INFO org.evosuite.runtime.instrumentation.CreateClassResetClassAdapter - Creating brand-new static initializer in class net/sf/saxon/expr/parser/PathMap$PathMapRoot
18:07:36.063 [main] INFO org.evosuite.runtime.instrumentation.EvoClassLoader - Seeing class for first time: net.sf.saxon.expr.parser.PathMap$PathMapNode
18:07:36.063 [main] INFO org.evosuite.runtime.instrumentation.EvoClassLoader - Instrumenting class 'net.sf.saxon.expr.parser.PathMap$PathMapNode'.
18:07:36.063 [main] INFO org.evosuite.runtime.instrumentation.MethodCallReplacementClassAdapter - Adding mock interface to class net/sf/saxon/expr/parser/PathMap$PathMapNode
18:07:36.064 [main] INFO org.evosuite.runtime.instrumentation.CreateClassResetClassAdapter - Creating brand-new static initializer in class net/sf/saxon/expr/parser/PathMap$PathMapNode
18:07:36.064 [main] INFO org.evosuite.runtime.instrumentation.EvoClassLoader - Keeping class: net.sf.saxon.expr.parser.PathMap$PathMapNode
18:07:36.064 [main] INFO org.evosuite.runtime.instrumentation.EvoClassLoader - Keeping class: net.sf.saxon.expr.parser.PathMap$PathMapRoot
18:07:36.064 [main] INFO org.evosuite.runtime.instrumentation.EvoClassLoader - Seeing class for first time: net.sf.saxon.event.FilterFactory
18:07:36.064 [main] INFO org.evosuite.runtime.instrumentation.EvoClassLoader - Instrumenting class 'net.sf.saxon.event.FilterFactory'.
18:07:36.065 [main] INFO org.evosuite.runtime.instrumentation.EvoClassLoader - Keeping class: net.sf.saxon.event.FilterFactory
18:07:36.065 [main] INFO org.evosuite.runtime.instrumentation.EvoClassLoader - Seeing class for first time: net.sf.saxon.query.XQueryExpression
18:07:36.065 [main] INFO org.evosuite.runtime.instrumentation.EvoClassLoader - Instrumenting class 'net.sf.saxon.query.XQueryExpression'.
18:07:36.067 [main] INFO org.evosuite.runtime.instrumentation.MethodCallReplacementClassAdapter - Adding mock interface to class net/sf/saxon/query/XQueryExpression
18:07:36.072 [main] INFO org.evosuite.runtime.instrumentation.CreateClassResetClassAdapter - Creating brand-new static initializer in class net/sf/saxon/query/XQueryExpression
18:07:36.072 [main] INFO org.evosuite.runtime.instrumentation.EvoClassLoader - Keeping class: net.sf.saxon.query.XQueryExpression
18:07:36.073 [main] INFO org.evosuite.runtime.instrumentation.EvoClassLoader - Seeing class for first time: net.sf.saxon.trans.TypeAliasManager
18:07:36.073 [main] INFO org.evosuite.runtime.instrumentation.EvoClassLoader - Instrumenting class 'net.sf.saxon.trans.TypeAliasManager'.
18:07:36.073 [main] INFO org.evosuite.runtime.instrumentation.MethodCallReplacementClassAdapter - Adding mock interface to class net/sf/saxon/trans/TypeAliasManager
18:07:36.073 [main] INFO org.evosuite.runtime.instrumentation.CreateClassResetClassAdapter - Creating brand-new static initializer in class net/sf/saxon/trans/TypeAliasManager
18:07:36.073 [main] INFO org.evosuite.runtime.instrumentation.EvoClassLoader - Keeping class: net.sf.saxon.trans.TypeAliasManager
18:07:36.073 [main] INFO org.evosuite.runtime.instrumentation.EvoClassLoader - Seeing class for first time: net.sf.saxon.om.DocumentPool
18:07:36.073 [main] INFO org.evosuite.runtime.instrumentation.EvoClassLoader - Instrumenting class 'net.sf.saxon.om.DocumentPool'.
18:07:36.074 [main] INFO org.evosuite.runtime.instrumentation.MethodCallReplacementClassAdapter - Adding mock interface to class net/sf/saxon/om/DocumentPool
18:07:36.074 [main] INFO org.evosuite.runtime.instrumentation.CreateClassResetClassAdapter - Creating brand-new static initializer in class net/sf/saxon/om/DocumentPool
18:07:36.074 [main] INFO org.evosuite.runtime.instrumentation.EvoClassLoader - Keeping class: net.sf.saxon.om.DocumentPool
18:07:36.074 [main] INFO org.evosuite.runtime.instrumentation.EvoClassLoader - Seeing class for first time: net.sf.saxon.value.QNameValue
18:07:36.074 [main] INFO org.evosuite.runtime.instrumentation.EvoClassLoader - Instrumenting class 'net.sf.saxon.value.QNameValue'.
18:07:36.075 [main] INFO org.evosuite.runtime.instrumentation.MethodCallReplacementClassAdapter - Adding mock interface to class net/sf/saxon/value/QNameValue
18:07:36.076 [main] INFO org.evosuite.runtime.instrumentation.CreateClassResetClassAdapter - Creating brand-new static initializer in class net/sf/saxon/value/QNameValue
18:07:36.076 [main] INFO org.evosuite.runtime.instrumentation.EvoClassLoader - Seeing class for first time: net.sf.saxon.value.QualifiedNameValue
18:07:36.076 [main] INFO org.evosuite.runtime.instrumentation.EvoClassLoader - Instrumenting class 'net.sf.saxon.value.QualifiedNameValue'.
18:07:36.076 [main] INFO org.evosuite.runtime.instrumentation.MethodCallReplacementClassAdapter - Adding mock interface to class net/sf/saxon/value/QualifiedNameValue
18:07:36.078 [main] INFO org.evosuite.runtime.instrumentation.CreateClassResetClassAdapter - Creating brand-new static initializer in class net/sf/saxon/value/QualifiedNameValue
18:07:36.078 [main] INFO org.evosuite.runtime.instrumentation.EvoClassLoader - Keeping class: net.sf.saxon.value.QualifiedNameValue
18:07:36.078 [main] INFO org.evosuite.runtime.instrumentation.EvoClassLoader - Keeping class: net.sf.saxon.value.QNameValue
18:07:36.078 [main] INFO org.evosuite.runtime.instrumentation.EvoClassLoader - Seeing class for first time: net.sf.saxon.type.SchemaDeclaration
18:07:36.078 [main] INFO org.evosuite.runtime.instrumentation.EvoClassLoader - Instrumenting class 'net.sf.saxon.type.SchemaDeclaration'.
18:07:36.079 [main] INFO org.evosuite.runtime.instrumentation.EvoClassLoader - Keeping class: net.sf.saxon.type.SchemaDeclaration
18:07:36.079 [main] INFO org.evosuite.runtime.instrumentation.EvoClassLoader - Seeing class for first time: net.sf.saxon.type.ValidationException
18:07:36.079 [main] INFO org.evosuite.runtime.instrumentation.EvoClassLoader - Instrumenting class 'net.sf.saxon.type.ValidationException'.
18:07:36.079 [main] INFO org.evosuite.runtime.instrumentation.MethodCallReplacementClassAdapter - Adding mock interface to class net/sf/saxon/type/ValidationException
18:07:36.080 [main] INFO org.evosuite.runtime.instrumentation.CreateClassResetClassAdapter - Creating brand-new static initializer in class net/sf/saxon/type/ValidationException
18:07:36.080 [main] INFO org.evosuite.runtime.instrumentation.EvoClassLoader - Keeping class: net.sf.saxon.type.ValidationException
18:07:36.080 [main] INFO org.evosuite.runtime.instrumentation.EvoClassLoader - Seeing class for first time: net.sf.saxon.expr.instruct.Debugger
18:07:36.080 [main] INFO org.evosuite.runtime.instrumentation.EvoClassLoader - Instrumenting class 'net.sf.saxon.expr.instruct.Debugger'.
18:07:36.081 [main] INFO org.evosuite.runtime.instrumentation.EvoClassLoader - Keeping class: net.sf.saxon.expr.instruct.Debugger
18:07:36.081 [main] INFO org.evosuite.runtime.instrumentation.EvoClassLoader - Seeing class for first time: net.sf.saxon.style.XSLTemplate
18:07:36.081 [main] INFO org.evosuite.runtime.instrumentation.EvoClassLoader - Instrumenting class 'net.sf.saxon.style.XSLTemplate'.
18:07:36.084 [main] INFO org.evosuite.runtime.instrumentation.MethodCallReplacementClassAdapter - Adding mock interface to class net/sf/saxon/style/XSLTemplate
18:07:36.089 [main] INFO org.evosuite.runtime.instrumentation.CreateClassResetClassAdapter - Creating brand-new static initializer in class net/sf/saxon/style/XSLTemplate
18:07:36.090 [main] INFO org.evosuite.runtime.instrumentation.EvoClassLoader - Keeping class: net.sf.saxon.style.XSLTemplate
18:07:36.090 [main] INFO org.evosuite.runtime.instrumentation.EvoClassLoader - Seeing class for first time: net.sf.saxon.expr.parser.OptimizerOptions
18:07:36.090 [main] INFO org.evosuite.runtime.instrumentation.EvoClassLoader - Instrumenting class 'net.sf.saxon.expr.parser.OptimizerOptions'.
18:07:36.090 [main] INFO org.evosuite.runtime.instrumentation.MethodCallReplacementClassAdapter - Adding mock interface to class net/sf/saxon/expr/parser/OptimizerOptions
18:07:36.091 [main] INFO org.evosuite.runtime.instrumentation.CreateClassResetClassAdapter - Found static initializer in class net/sf/saxon/expr/parser/OptimizerOptions
18:07:36.091 [main] INFO org.evosuite.runtime.instrumentation.EvoClassLoader - Keeping class: net.sf.saxon.expr.parser.OptimizerOptions
18:07:36.091 [main] INFO org.evosuite.runtime.instrumentation.EvoClassLoader - Seeing class for first time: net.sf.saxon.type.SpecificFunctionType
18:07:36.091 [main] INFO org.evosuite.runtime.instrumentation.EvoClassLoader - Instrumenting class 'net.sf.saxon.type.SpecificFunctionType'.
18:07:36.092 [main] INFO org.evosuite.runtime.instrumentation.MethodCallReplacementClassAdapter - Adding mock interface to class net/sf/saxon/type/SpecificFunctionType
18:07:36.092 [main] INFO org.evosuite.runtime.instrumentation.CreateClassResetClassAdapter - Creating brand-new static initializer in class net/sf/saxon/type/SpecificFunctionType
18:07:36.093 [main] INFO org.evosuite.runtime.instrumentation.EvoClassLoader - Seeing class for first time: net.sf.saxon.type.AnyFunctionType
18:07:36.093 [main] INFO org.evosuite.runtime.instrumentation.EvoClassLoader - Instrumenting class 'net.sf.saxon.type.AnyFunctionType'.
18:07:36.093 [main] INFO org.evosuite.runtime.instrumentation.MethodCallReplacementClassAdapter - Adding mock interface to class net/sf/saxon/type/AnyFunctionType
18:07:36.094 [main] INFO org.evosuite.runtime.instrumentation.CreateClassResetClassAdapter - Found static initializer in class net/sf/saxon/type/AnyFunctionType
18:07:36.094 [main] INFO org.evosuite.runtime.instrumentation.EvoClassLoader - Seeing class for first time: net.sf.saxon.type.FunctionItemType
18:07:36.094 [main] INFO org.evosuite.runtime.instrumentation.EvoClassLoader - Instrumenting class 'net.sf.saxon.type.FunctionItemType'.
18:07:36.094 [main] INFO org.evosuite.runtime.instrumentation.EvoClassLoader - Keeping class: net.sf.saxon.type.FunctionItemType
18:07:36.094 [main] INFO org.evosuite.runtime.instrumentation.EvoClassLoader - Keeping class: net.sf.saxon.type.AnyFunctionType
18:07:36.094 [main] INFO org.evosuite.runtime.instrumentation.EvoClassLoader - Keeping class: net.sf.saxon.type.SpecificFunctionType
18:07:36.094 [main] INFO org.evosuite.runtime.instrumentation.EvoClassLoader - Seeing class for first time: net.sf.saxon.expr.parser.RoleDiagnostic
18:07:36.094 [main] INFO org.evosuite.runtime.instrumentation.EvoClassLoader - Instrumenting class 'net.sf.saxon.expr.parser.RoleDiagnostic'.
18:07:36.095 [main] INFO org.evosuite.runtime.instrumentation.MethodCallReplacementClassAdapter - Adding mock interface to class net/sf/saxon/expr/parser/RoleDiagnostic
18:07:36.096 [main] INFO org.evosuite.runtime.instrumentation.CreateClassResetClassAdapter - Creating brand-new static initializer in class net/sf/saxon/expr/parser/RoleDiagnostic
18:07:36.096 [main] INFO org.evosuite.runtime.instrumentation.CreateClassResetClassAdapter - Adding bytecode for initializing field FUNCTION
18:07:36.096 [main] INFO org.evosuite.runtime.instrumentation.CreateClassResetClassAdapter - Adding bytecode for initializing field BINARY_EXPR
18:07:36.096 [main] INFO org.evosuite.runtime.instrumentation.CreateClassResetClassAdapter - Adding bytecode for initializing field TYPE_OP
18:07:36.096 [main] INFO org.evosuite.runtime.instrumentation.CreateClassResetClassAdapter - Adding bytecode for initializing field VARIABLE
18:07:36.096 [main] INFO org.evosuite.runtime.instrumentation.CreateClassResetClassAdapter - Adding bytecode for initializing field INSTRUCTION
18:07:36.096 [main] INFO org.evosuite.runtime.instrumentation.CreateClassResetClassAdapter - Adding bytecode for initializing field FUNCTION_RESULT
18:07:36.096 [main] INFO org.evosuite.runtime.instrumentation.CreateClassResetClassAdapter - Adding bytecode for initializing field ORDER_BY
18:07:36.096 [main] INFO org.evosuite.runtime.instrumentation.CreateClassResetClassAdapter - Adding bytecode for initializing field TEMPLATE_RESULT
18:07:36.096 [main] INFO org.evosuite.runtime.instrumentation.CreateClassResetClassAdapter - Adding bytecode for initializing field PARAM
18:07:36.096 [main] INFO org.evosuite.runtime.instrumentation.CreateClassResetClassAdapter - Adding bytecode for initializing field UNARY_EXPR
18:07:36.096 [main] INFO org.evosuite.runtime.instrumentation.CreateClassResetClassAdapter - Adding bytecode for initializing field UPDATING_EXPR
18:07:36.096 [main] INFO org.evosuite.runtime.instrumentation.CreateClassResetClassAdapter - Adding bytecode for initializing field EVALUATE_RESULT
18:07:36.096 [main] INFO org.evosuite.runtime.instrumentation.CreateClassResetClassAdapter - Adding bytecode for initializing field CONTEXT_ITEM
18:07:36.096 [main] INFO org.evosuite.runtime.instrumentation.CreateClassResetClassAdapter - Adding bytecode for initializing field AXIS_STEP
18:07:36.096 [main] INFO org.evosuite.runtime.instrumentation.CreateClassResetClassAdapter - Adding bytecode for initializing field OPTION
18:07:36.096 [main] INFO org.evosuite.runtime.instrumentation.CreateClassResetClassAdapter - Adding bytecode for initializing field CHARACTER_MAP_EXPANSION
18:07:36.096 [main] INFO org.evosuite.runtime.instrumentation.CreateClassResetClassAdapter - Adding bytecode for initializing field MATCH_PATTERN
18:07:36.096 [main] INFO org.evosuite.runtime.instrumentation.CreateClassResetClassAdapter - Adding bytecode for initializing field MISC
18:07:36.096 [main] INFO org.evosuite.runtime.instrumentation.EvoClassLoader - Keeping class: net.sf.saxon.expr.parser.RoleDiagnostic
18:07:36.096 [main] INFO org.evosuite.runtime.instrumentation.EvoClassLoader - Seeing class for first time: net.sf.saxon.expr.parser.ContextItemStaticInfo
18:07:36.096 [main] INFO org.evosuite.runtime.instrumentation.EvoClassLoader - Instrumenting class 'net.sf.saxon.expr.parser.ContextItemStaticInfo'.
18:07:36.096 [main] INFO org.evosuite.runtime.instrumentation.MethodCallReplacementClassAdapter - Adding mock interface to class net/sf/saxon/expr/parser/ContextItemStaticInfo
18:07:36.097 [main] INFO org.evosuite.runtime.instrumentation.CreateClassResetClassAdapter - Found static initializer in class net/sf/saxon/expr/parser/ContextItemStaticInfo
18:07:36.097 [main] INFO org.evosuite.runtime.instrumentation.EvoClassLoader - Keeping class: net.sf.saxon.expr.parser.ContextItemStaticInfo
18:07:36.097 [main] INFO org.evosuite.runtime.instrumentation.EvoClassLoader - Seeing class for first time: net.sf.saxon.query.QueryModule
18:07:36.097 [main] INFO org.evosuite.runtime.instrumentation.EvoClassLoader - Instrumenting class 'net.sf.saxon.query.QueryModule'.
18:07:36.098 [main] INFO org.evosuite.runtime.instrumentation.MethodCallReplacementClassAdapter - Adding mock interface to class net/sf/saxon/query/QueryModule
18:07:36.101 [main] INFO org.evosuite.runtime.instrumentation.CreateClassResetClassAdapter - Creating brand-new static initializer in class net/sf/saxon/query/QueryModule
18:07:36.102 [main] INFO org.evosuite.runtime.instrumentation.EvoClassLoader - Keeping class: net.sf.saxon.query.QueryModule
18:07:36.102 [main] INFO org.evosuite.runtime.instrumentation.EvoClassLoader - Seeing class for first time: net.sf.saxon.style.StyleNodeFactory
18:07:36.102 [main] INFO org.evosuite.runtime.instrumentation.EvoClassLoader - Instrumenting class 'net.sf.saxon.style.StyleNodeFactory'.
18:07:36.102 [main] INFO org.evosuite.runtime.instrumentation.MethodCallReplacementClassAdapter - Adding mock interface to class net/sf/saxon/style/StyleNodeFactory
18:07:36.141 [main] INFO org.evosuite.runtime.instrumentation.CreateClassResetClassAdapter - Creating brand-new static initializer in class net/sf/saxon/style/StyleNodeFactory
18:07:36.142 [main] INFO org.evosuite.runtime.instrumentation.EvoClassLoader - Keeping class: net.sf.saxon.style.StyleNodeFactory
18:07:36.142 [main] INFO org.evosuite.runtime.instrumentation.EvoClassLoader - Seeing class for first time: net.sf.saxon.style.XSLEvaluate
18:07:36.142 [main] INFO org.evosuite.runtime.instrumentation.EvoClassLoader - Instrumenting class 'net.sf.saxon.style.XSLEvaluate'.
18:07:36.142 [main] INFO org.evosuite.runtime.instrumentation.MethodCallReplacementClassAdapter - Adding mock interface to class net/sf/saxon/style/XSLEvaluate
18:07:36.143 [main] INFO org.evosuite.runtime.instrumentation.CreateClassResetClassAdapter - Creating brand-new static initializer in class net/sf/saxon/style/XSLEvaluate
18:07:36.144 [main] INFO org.evosuite.runtime.instrumentation.EvoClassLoader - Keeping class: net.sf.saxon.style.XSLEvaluate
18:07:36.144 [main] INFO org.evosuite.runtime.instrumentation.EvoClassLoader - Seeing class for first time: net.sf.saxon.expr.accum.AccumulatorRegistry
18:07:36.144 [main] INFO org.evosuite.runtime.instrumentation.EvoClassLoader - Instrumenting class 'net.sf.saxon.expr.accum.AccumulatorRegistry'.
18:07:36.144 [main] INFO org.evosuite.runtime.instrumentation.MethodCallReplacementClassAdapter - Adding mock interface to class net/sf/saxon/expr/accum/AccumulatorRegistry
18:07:36.145 [main] INFO org.evosuite.runtime.instrumentation.CreateClassResetClassAdapter - Creating brand-new static initializer in class net/sf/saxon/expr/accum/AccumulatorRegistry
18:07:36.145 [main] INFO org.evosuite.runtime.instrumentation.EvoClassLoader - Defined package (3): package net.sf.saxon.expr.accum, 1839176143
18:07:36.145 [main] INFO org.evosuite.runtime.instrumentation.EvoClassLoader - Keeping class: net.sf.saxon.expr.accum.AccumulatorRegistry
18:07:36.145 [main] INFO org.evosuite.runtime.instrumentation.EvoClassLoader - Seeing class for first time: net.sf.saxon.lib.ExternalObjectModel
18:07:36.145 [main] INFO org.evosuite.runtime.instrumentation.EvoClassLoader - Instrumenting class 'net.sf.saxon.lib.ExternalObjectModel'.
18:07:36.146 [main] INFO org.evosuite.runtime.instrumentation.EvoClassLoader - Keeping class: net.sf.saxon.lib.ExternalObjectModel
18:07:36.146 [main] INFO org.evosuite.runtime.instrumentation.EvoClassLoader - Seeing class for first time: net.sf.saxon.type.JavaExternalObjectType
18:07:36.146 [main] INFO org.evosuite.runtime.instrumentation.EvoClassLoader - Instrumenting class 'net.sf.saxon.type.JavaExternalObjectType'.
18:07:36.146 [main] INFO org.evosuite.runtime.instrumentation.MethodCallReplacementClassAdapter - Adding mock interface to class net/sf/saxon/type/JavaExternalObjectType
18:07:36.146 [main] INFO org.evosuite.runtime.instrumentation.CreateClassResetClassAdapter - Creating brand-new static initializer in class net/sf/saxon/type/JavaExternalObjectType
18:07:36.146 [main] INFO org.evosuite.runtime.instrumentation.EvoClassLoader - Seeing class for first time: net.sf.saxon.type.ExternalObjectType
18:07:36.146 [main] INFO org.evosuite.runtime.instrumentation.EvoClassLoader - Instrumenting class 'net.sf.saxon.type.ExternalObjectType'.
18:07:36.147 [main] INFO org.evosuite.runtime.instrumentation.MethodCallReplacementClassAdapter - Adding mock interface to class net/sf/saxon/type/ExternalObjectType
18:07:36.147 [main] INFO org.evosuite.runtime.instrumentation.CreateClassResetClassAdapter - Creating brand-new static initializer in class net/sf/saxon/type/ExternalObjectType
18:07:36.147 [main] INFO org.evosuite.runtime.instrumentation.EvoClassLoader - Seeing class for first time: net.sf.saxon.type.AnyExternalObjectType
18:07:36.147 [main] INFO org.evosuite.runtime.instrumentation.EvoClassLoader - Instrumenting class 'net.sf.saxon.type.AnyExternalObjectType'.
18:07:36.147 [main] INFO org.evosuite.runtime.instrumentation.MethodCallReplacementClassAdapter - Adding mock interface to class net/sf/saxon/type/AnyExternalObjectType
18:07:36.147 [main] INFO org.evosuite.runtime.instrumentation.CreateClassResetClassAdapter - Found static initializer in class net/sf/saxon/type/AnyExternalObjectType
18:07:36.147 [main] INFO org.evosuite.runtime.instrumentation.EvoClassLoader - Keeping class: net.sf.saxon.type.AnyExternalObjectType
18:07:36.147 [main] INFO org.evosuite.runtime.instrumentation.EvoClassLoader - Keeping class: net.sf.saxon.type.ExternalObjectType
18:07:36.147 [main] INFO org.evosuite.runtime.instrumentation.EvoClassLoader - Keeping class: net.sf.saxon.type.JavaExternalObjectType
18:07:36.147 [main] INFO org.evosuite.runtime.instrumentation.EvoClassLoader - Seeing class for first time: net.sf.saxon.value.ObjectValue
18:07:36.147 [main] INFO org.evosuite.runtime.instrumentation.EvoClassLoader - Instrumenting class 'net.sf.saxon.value.ObjectValue'.
18:07:36.148 [main] INFO org.evosuite.runtime.instrumentation.MethodCallReplacementClassAdapter - Adding mock interface to class net/sf/saxon/value/ObjectValue
18:07:36.148 [main] INFO org.evosuite.runtime.instrumentation.CreateClassResetClassAdapter - Creating brand-new static initializer in class net/sf/saxon/value/ObjectValue
18:07:36.148 [main] INFO org.evosuite.runtime.instrumentation.EvoClassLoader - Seeing class for first time: net.sf.saxon.value.ExternalObject
18:07:36.148 [main] INFO org.evosuite.runtime.instrumentation.EvoClassLoader - Instrumenting class 'net.sf.saxon.value.ExternalObject'.
18:07:36.148 [main] INFO org.evosuite.runtime.instrumentation.EvoClassLoader - Keeping class: net.sf.saxon.value.ExternalObject
18:07:36.148 [main] INFO org.evosuite.runtime.instrumentation.EvoClassLoader - Keeping class: net.sf.saxon.value.ObjectValue
18:07:36.148 [main] INFO org.evosuite.runtime.instrumentation.EvoClassLoader - Seeing class for first time: net.sf.saxon.ma.map.MapItem
18:07:36.148 [main] INFO org.evosuite.runtime.instrumentation.EvoClassLoader - Instrumenting class 'net.sf.saxon.ma.map.MapItem'.
18:07:36.150 [main] INFO org.evosuite.runtime.instrumentation.EvoClassLoader - Defined package (3): package net.sf.saxon.ma.map, -930564687
18:07:36.150 [main] INFO org.evosuite.runtime.instrumentation.EvoClassLoader - Keeping class: net.sf.saxon.ma.map.MapItem
18:07:36.150 [main] INFO org.evosuite.runtime.instrumentation.EvoClassLoader - Seeing class for first time: net.sf.saxon.lib.StandardCollationURIResolver
18:07:36.150 [main] INFO org.evosuite.runtime.instrumentation.EvoClassLoader - Instrumenting class 'net.sf.saxon.lib.StandardCollationURIResolver'.
18:07:36.151 [main] INFO org.evosuite.runtime.instrumentation.MethodCallReplacementClassAdapter - Adding mock interface to class net/sf/saxon/lib/StandardCollationURIResolver
18:07:36.151 [main] INFO org.evosuite.runtime.instrumentation.CreateClassResetClassAdapter - Found static initializer in class net/sf/saxon/lib/StandardCollationURIResolver
18:07:36.151 [main] INFO org.evosuite.runtime.instrumentation.EvoClassLoader - Keeping class: net.sf.saxon.lib.StandardCollationURIResolver
18:07:36.152 [main] INFO org.evosuite.runtime.instrumentation.EvoClassLoader - Seeing class for first time: net.sf.saxon.resource.StandardCollectionFinder
18:07:36.152 [main] INFO org.evosuite.runtime.instrumentation.EvoClassLoader - Instrumenting class 'net.sf.saxon.resource.StandardCollectionFinder'.
18:07:36.152 [main] INFO org.evosuite.runtime.instrumentation.MethodCallReplacementClassAdapter - Adding mock interface to class net/sf/saxon/resource/StandardCollectionFinder
18:07:36.153 [main] INFO org.evosuite.runtime.instrumentation.CreateClassResetClassAdapter - Creating brand-new static initializer in class net/sf/saxon/resource/StandardCollectionFinder
18:07:36.153 [main] INFO org.evosuite.runtime.instrumentation.EvoClassLoader - Defined package (3): package net.sf.saxon.resource, 437557245
18:07:36.153 [main] INFO org.evosuite.runtime.instrumentation.EvoClassLoader - Keeping class: net.sf.saxon.resource.StandardCollectionFinder
18:07:36.153 [main] INFO org.evosuite.runtime.instrumentation.EvoClassLoader - Seeing class for first time: net.sf.saxon.lib.StandardEnvironmentVariableResolver
18:07:36.153 [main] INFO org.evosuite.runtime.instrumentation.EvoClassLoader - Instrumenting class 'net.sf.saxon.lib.StandardEnvironmentVariableResolver'.
18:07:36.153 [main] INFO org.evosuite.runtime.instrumentation.MethodCallReplacementClassAdapter - Adding mock interface to class net/sf/saxon/lib/StandardEnvironmentVariableResolver
18:07:36.154 [main] INFO org.evosuite.runtime.instrumentation.CreateClassResetClassAdapter - Creating brand-new static initializer in class net/sf/saxon/lib/StandardEnvironmentVariableResolver
18:07:36.154 [main] INFO org.evosuite.runtime.instrumentation.EvoClassLoader - Keeping class: net.sf.saxon.lib.StandardEnvironmentVariableResolver
18:07:36.154 [main] INFO org.evosuite.runtime.instrumentation.EvoClassLoader - Seeing class for first time: net.sf.saxon.lib.ValidationStatisticsRecipient
18:07:36.154 [main] INFO org.evosuite.runtime.instrumentation.EvoClassLoader - Instrumenting class 'net.sf.saxon.lib.ValidationStatisticsRecipient'.
18:07:36.155 [main] INFO org.evosuite.runtime.instrumentation.EvoClassLoader - Keeping class: net.sf.saxon.lib.ValidationStatisticsRecipient
18:07:36.155 [main] INFO org.evosuite.runtime.instrumentation.EvoClassLoader - Seeing class for first time: net.sf.saxon.trans.Maker
18:07:36.155 [main] INFO org.evosuite.runtime.instrumentation.EvoClassLoader - Instrumenting class 'net.sf.saxon.trans.Maker'.
18:07:36.155 [main] INFO org.evosuite.runtime.instrumentation.EvoClassLoader - Keeping class: net.sf.saxon.trans.Maker
18:07:36.155 [main] INFO org.evosuite.runtime.instrumentation.EvoClassLoader - Seeing class for first time: net.sf.saxon.type.ValidationParams
18:07:36.155 [main] INFO org.evosuite.runtime.instrumentation.EvoClassLoader - Instrumenting class 'net.sf.saxon.type.ValidationParams'.
18:07:36.155 [main] INFO org.evosuite.runtime.instrumentation.MethodCallReplacementClassAdapter - Adding mock interface to class net/sf/saxon/type/ValidationParams
18:07:36.156 [main] INFO org.evosuite.runtime.instrumentation.CreateClassResetClassAdapter - Creating brand-new static initializer in class net/sf/saxon/type/ValidationParams
18:07:36.156 [main] INFO org.evosuite.runtime.instrumentation.EvoClassLoader - Keeping class: net.sf.saxon.type.ValidationParams
18:07:36.157 [main] INFO org.evosuite.runtime.instrumentation.EvoClassLoader - Seeing class for first time: net.sf.saxon.trans.packages.PackageLibrary
18:07:36.157 [main] INFO org.evosuite.runtime.instrumentation.EvoClassLoader - Instrumenting class 'net.sf.saxon.trans.packages.PackageLibrary'.
18:07:36.157 [main] INFO org.evosuite.runtime.instrumentation.MethodCallReplacementClassAdapter - Adding mock interface to class net/sf/saxon/trans/packages/PackageLibrary
18:07:36.158 [main] INFO org.evosuite.runtime.instrumentation.CreateClassResetClassAdapter - Found static initializer in class net/sf/saxon/trans/packages/PackageLibrary
18:07:36.158 [main] INFO org.evosuite.runtime.instrumentation.EvoClassLoader - Keeping class: net.sf.saxon.trans.packages.PackageLibrary
18:07:36.158 [main] INFO org.evosuite.runtime.instrumentation.EvoClassLoader - Seeing class for first time: net.sf.saxon.expr.instruct.GlobalParameterSet
18:07:36.158 [main] INFO org.evosuite.runtime.instrumentation.EvoClassLoader - Instrumenting class 'net.sf.saxon.expr.instruct.GlobalParameterSet'.
18:07:36.159 [main] INFO org.evosuite.runtime.instrumentation.MethodCallReplacementClassAdapter - Adding mock interface to class net/sf/saxon/expr/instruct/GlobalParameterSet
18:07:36.159 [main] INFO org.evosuite.runtime.instrumentation.CreateClassResetClassAdapter - Creating brand-new static initializer in class net/sf/saxon/expr/instruct/GlobalParameterSet
18:07:36.159 [main] INFO org.evosuite.runtime.instrumentation.EvoClassLoader - Keeping class: net.sf.saxon.expr.instruct.GlobalParameterSet
18:07:36.159 [main] INFO org.evosuite.runtime.instrumentation.EvoClassLoader - Seeing class for first time: net.sf.saxon.lib.StandardOutputResolver
18:07:36.159 [main] INFO org.evosuite.runtime.instrumentation.EvoClassLoader - Instrumenting class 'net.sf.saxon.lib.StandardOutputResolver'.
18:07:36.160 [main] INFO org.evosuite.runtime.instrumentation.MethodCallReplacementClassAdapter - Adding mock interface to class net/sf/saxon/lib/StandardOutputResolver
18:07:36.160 [main] INFO org.evosuite.runtime.instrumentation.CreateClassResetClassAdapter - Found static initializer in class net/sf/saxon/lib/StandardOutputResolver
18:07:36.160 [main] INFO org.evosuite.runtime.instrumentation.EvoClassLoader - Keeping class: net.sf.saxon.lib.StandardOutputResolver
18:07:36.161 [main] INFO org.evosuite.runtime.instrumentation.EvoClassLoader - Seeing class for first time: net.sf.saxon.style.PackageVersionRanges
18:07:36.161 [main] INFO org.evosuite.runtime.instrumentation.EvoClassLoader - Instrumenting class 'net.sf.saxon.style.PackageVersionRanges'.
18:07:36.161 [main] INFO org.evosuite.runtime.instrumentation.MethodCallReplacementClassAdapter - Adding mock interface to class net/sf/saxon/style/PackageVersionRanges
18:07:36.161 [main] INFO org.evosuite.runtime.instrumentation.CreateClassResetClassAdapter - Creating brand-new static initializer in class net/sf/saxon/style/PackageVersionRanges
18:07:36.162 [main] INFO org.evosuite.runtime.instrumentation.EvoClassLoader - Keeping class: net.sf.saxon.style.PackageVersionRanges
18:07:36.162 [main] INFO org.evosuite.runtime.instrumentation.EvoClassLoader - Seeing class for first time: net.sf.saxon.trans.packages.PackageDetails
18:07:36.162 [main] INFO org.evosuite.runtime.instrumentation.EvoClassLoader - Instrumenting class 'net.sf.saxon.trans.packages.PackageDetails'.
18:07:36.162 [main] INFO org.evosuite.runtime.instrumentation.MethodCallReplacementClassAdapter - Adding mock interface to class net/sf/saxon/trans/packages/PackageDetails
18:07:36.162 [main] INFO org.evosuite.runtime.instrumentation.CreateClassResetClassAdapter - Creating brand-new static initializer in class net/sf/saxon/trans/packages/PackageDetails
18:07:36.162 [main] INFO org.evosuite.runtime.instrumentation.EvoClassLoader - Keeping class: net.sf.saxon.trans.packages.PackageDetails
18:07:36.163 [main] INFO org.evosuite.runtime.instrumentation.EvoClassLoader - Seeing class for first time: net.sf.saxon.om.DocumentURI
18:07:36.163 [main] INFO org.evosuite.runtime.instrumentation.EvoClassLoader - Instrumenting class 'net.sf.saxon.om.DocumentURI'.
18:07:36.164 [main] INFO org.evosuite.runtime.instrumentation.MethodCallReplacementClassAdapter - Adding mock interface to class net/sf/saxon/om/DocumentURI
18:07:36.164 [main] INFO org.evosuite.runtime.instrumentation.CreateClassResetClassAdapter - Found static initializer in class net/sf/saxon/om/DocumentURI
18:07:36.165 [main] INFO org.evosuite.runtime.instrumentation.EvoClassLoader - Keeping class: net.sf.saxon.om.DocumentURI
18:07:36.165 [main] INFO org.evosuite.runtime.instrumentation.EvoClassLoader - Seeing class for first time: net.sf.saxon.trans.KeyManager
18:07:36.165 [main] INFO org.evosuite.runtime.instrumentation.EvoClassLoader - Instrumenting class 'net.sf.saxon.trans.KeyManager'.
18:07:36.165 [main] INFO org.evosuite.runtime.instrumentation.MethodCallReplacementClassAdapter - Adding mock interface to class net/sf/saxon/trans/KeyManager
18:07:36.167 [main] INFO org.evosuite.runtime.instrumentation.CreateClassResetClassAdapter - Creating brand-new static initializer in class net/sf/saxon/trans/KeyManager
18:07:36.168 [main] INFO org.evosuite.runtime.instrumentation.EvoClassLoader - Keeping class: net.sf.saxon.trans.KeyManager
18:07:36.168 [main] INFO org.evosuite.runtime.instrumentation.EvoClassLoader - Seeing class for first time: net.sf.saxon.functions.IntegratedFunctionCall
18:07:36.168 [main] INFO org.evosuite.runtime.instrumentation.EvoClassLoader - Instrumenting class 'net.sf.saxon.functions.IntegratedFunctionCall'.
18:07:36.169 [main] INFO org.evosuite.runtime.instrumentation.MethodCallReplacementClassAdapter - Adding mock interface to class net/sf/saxon/functions/IntegratedFunctionCall
18:07:36.170 [main] INFO org.evosuite.runtime.instrumentation.CreateClassResetClassAdapter - Creating brand-new static initializer in class net/sf/saxon/functions/IntegratedFunctionCall
18:07:36.170 [main] INFO org.evosuite.runtime.instrumentation.EvoClassLoader - Seeing class for first time: net.sf.saxon.expr.FunctionCall
18:07:36.171 [main] INFO org.evosuite.runtime.instrumentation.EvoClassLoader - Instrumenting class 'net.sf.saxon.expr.FunctionCall'.
18:07:36.171 [main] INFO org.evosuite.runtime.instrumentation.MethodCallReplacementClassAdapter - Adding mock interface to class net/sf/saxon/expr/FunctionCall
18:07:36.173 [main] INFO org.evosuite.runtime.instrumentation.CreateClassResetClassAdapter - Creating brand-new static initializer in class net/sf/saxon/expr/FunctionCall
18:07:36.174 [main] INFO org.evosuite.runtime.instrumentation.EvoClassLoader - Keeping class: net.sf.saxon.expr.FunctionCall
18:07:36.174 [main] INFO org.evosuite.runtime.instrumentation.EvoClassLoader - Keeping class: net.sf.saxon.functions.IntegratedFunctionCall
18:07:36.174 [main] INFO org.evosuite.runtime.instrumentation.EvoClassLoader - Seeing class for first time: net.sf.saxon.trans.SymbolicName$F
18:07:36.174 [main] INFO org.evosuite.runtime.instrumentation.EvoClassLoader - Instrumenting class 'net.sf.saxon.trans.SymbolicName$F'.
18:07:36.174 [main] INFO org.evosuite.runtime.instrumentation.MethodCallReplacementClassAdapter - Adding mock interface to class net/sf/saxon/trans/SymbolicName$F
18:07:36.174 [main] INFO org.evosuite.runtime.instrumentation.CreateClassResetClassAdapter - Creating brand-new static initializer in class net/sf/saxon/trans/SymbolicName$F
18:07:36.175 [main] INFO org.evosuite.runtime.instrumentation.EvoClassLoader - Keeping class: net.sf.saxon.trans.SymbolicName$F
18:07:36.175 [main] INFO org.evosuite.runtime.instrumentation.EvoClassLoader - Seeing class for first time: net.sf.saxon.om.NamePool$NamePoolLimitException
18:07:36.175 [main] INFO org.evosuite.runtime.instrumentation.EvoClassLoader - Instrumenting class 'net.sf.saxon.om.NamePool$NamePoolLimitException'.
18:07:36.176 [main] INFO org.evosuite.runtime.instrumentation.MethodCallReplacementClassAdapter - Adding mock interface to class net/sf/saxon/om/NamePool$NamePoolLimitException
18:07:36.176 [main] INFO org.evosuite.runtime.instrumentation.CreateClassResetClassAdapter - Creating brand-new static initializer in class net/sf/saxon/om/NamePool$NamePoolLimitException
18:07:36.176 [main] INFO org.evosuite.runtime.instrumentation.EvoClassLoader - Keeping class: net.sf.saxon.om.NamePool$NamePoolLimitException
18:07:36.177 [main] INFO org.evosuite.runtime.instrumentation.EvoClassLoader - Seeing class for first time: net.sf.saxon.event.SequenceReceiver
18:07:36.177 [main] INFO org.evosuite.runtime.instrumentation.EvoClassLoader - Instrumenting class 'net.sf.saxon.event.SequenceReceiver'.
18:07:36.177 [main] INFO org.evosuite.runtime.instrumentation.MethodCallReplacementClassAdapter - Adding mock interface to class net/sf/saxon/event/SequenceReceiver
18:07:36.178 [main] INFO org.evosuite.runtime.instrumentation.CreateClassResetClassAdapter - Creating brand-new static initializer in class net/sf/saxon/event/SequenceReceiver
18:07:36.179 [main] INFO org.evosuite.runtime.instrumentation.EvoClassLoader - Keeping class: net.sf.saxon.event.SequenceReceiver
18:07:36.179 [main] INFO org.evosuite.runtime.instrumentation.EvoClassLoader - Seeing class for first time: net.sf.saxon.event.TreeReceiver
18:07:36.179 [main] INFO org.evosuite.runtime.instrumentation.EvoClassLoader - Instrumenting class 'net.sf.saxon.event.TreeReceiver'.
18:07:36.180 [main] INFO org.evosuite.runtime.instrumentation.MethodCallReplacementClassAdapter - Adding mock interface to class net/sf/saxon/event/TreeReceiver
18:07:36.181 [main] INFO org.evosuite.runtime.instrumentation.CreateClassResetClassAdapter - Creating brand-new static initializer in class net/sf/saxon/event/TreeReceiver
18:07:36.181 [main] INFO org.evosuite.runtime.instrumentation.EvoClassLoader - Keeping class: net.sf.saxon.event.TreeReceiver
18:07:36.181 [main] INFO org.evosuite.runtime.instrumentation.EvoClassLoader - Seeing class for first time: net.sf.saxon.event.SequenceNormalizer
18:07:36.181 [main] INFO org.evosuite.runtime.instrumentation.EvoClassLoader - Instrumenting class 'net.sf.saxon.event.SequenceNormalizer'.
18:07:36.182 [main] INFO org.evosuite.runtime.instrumentation.MethodCallReplacementClassAdapter - Adding mock interface to class net/sf/saxon/event/SequenceNormalizer
18:07:36.182 [main] INFO org.evosuite.runtime.instrumentation.CreateClassResetClassAdapter - Creating brand-new static initializer in class net/sf/saxon/event/SequenceNormalizer
18:07:36.182 [main] INFO org.evosuite.runtime.instrumentation.EvoClassLoader - Seeing class for first time: net.sf.saxon.event.ProxyReceiver
18:07:36.182 [main] INFO org.evosuite.runtime.instrumentation.EvoClassLoader - Instrumenting class 'net.sf.saxon.event.ProxyReceiver'.
18:07:36.183 [main] INFO org.evosuite.runtime.instrumentation.MethodCallReplacementClassAdapter - Adding mock interface to class net/sf/saxon/event/ProxyReceiver
18:07:36.183 [main] INFO org.evosuite.runtime.instrumentation.CreateClassResetClassAdapter - Creating brand-new static initializer in class net/sf/saxon/event/ProxyReceiver
18:07:36.183 [main] INFO org.evosuite.runtime.instrumentation.EvoClassLoader - Keeping class: net.sf.saxon.event.ProxyReceiver
18:07:36.183 [main] INFO org.evosuite.runtime.instrumentation.EvoClassLoader - Keeping class: net.sf.saxon.event.SequenceNormalizer
18:07:36.183 [main] INFO org.evosuite.runtime.instrumentation.EvoClassLoader - Seeing class for first time: net.sf.saxon.event.SequenceNormalizerWithSpaceSeparator
18:07:36.183 [main] INFO org.evosuite.runtime.instrumentation.EvoClassLoader - Instrumenting class 'net.sf.saxon.event.SequenceNormalizerWithSpaceSeparator'.
18:07:36.184 [main] INFO org.evosuite.runtime.instrumentation.MethodCallReplacementClassAdapter - Adding mock interface to class net/sf/saxon/event/SequenceNormalizerWithSpaceSeparator
18:07:36.184 [main] INFO org.evosuite.runtime.instrumentation.CreateClassResetClassAdapter - Creating brand-new static initializer in class net/sf/saxon/event/SequenceNormalizerWithSpaceSeparator
18:07:36.184 [main] INFO org.evosuite.runtime.instrumentation.EvoClassLoader - Keeping class: net.sf.saxon.event.SequenceNormalizerWithSpaceSeparator
18:07:36.184 [main] INFO org.evosuite.runtime.instrumentation.EvoClassLoader - Seeing class for first time: net.sf.saxon.event.SequenceNormalizerWithItemSeparator
18:07:36.184 [main] INFO org.evosuite.runtime.instrumentation.EvoClassLoader - Instrumenting class 'net.sf.saxon.event.SequenceNormalizerWithItemSeparator'.
18:07:36.185 [main] INFO org.evosuite.runtime.instrumentation.MethodCallReplacementClassAdapter - Adding mock interface to class net/sf/saxon/event/SequenceNormalizerWithItemSeparator
18:07:36.185 [main] INFO org.evosuite.runtime.instrumentation.CreateClassResetClassAdapter - Creating brand-new static initializer in class net/sf/saxon/event/SequenceNormalizerWithItemSeparator
18:07:36.185 [main] INFO org.evosuite.runtime.instrumentation.EvoClassLoader - Keeping class: net.sf.saxon.event.SequenceNormalizerWithItemSeparator
18:07:36.186 [main] INFO org.evosuite.runtime.instrumentation.EvoClassLoader - Seeing class for first time: net.sf.saxon.serialize.JSONSerializer
18:07:36.186 [main] INFO org.evosuite.runtime.instrumentation.EvoClassLoader - Instrumenting class 'net.sf.saxon.serialize.JSONSerializer'.
18:07:36.186 [main] INFO org.evosuite.runtime.instrumentation.MethodCallReplacementClassAdapter - Adding mock interface to class net/sf/saxon/serialize/JSONSerializer
18:07:36.187 [main] INFO org.evosuite.runtime.instrumentation.CreateClassResetClassAdapter - Creating brand-new static initializer in class net/sf/saxon/serialize/JSONSerializer
18:07:36.188 [main] INFO org.evosuite.runtime.instrumentation.EvoClassLoader - Seeing class for first time: net.sf.saxon.event.ReceiverWithOutputProperties
18:07:36.188 [main] INFO org.evosuite.runtime.instrumentation.EvoClassLoader - Instrumenting class 'net.sf.saxon.event.ReceiverWithOutputProperties'.
18:07:36.188 [main] INFO org.evosuite.runtime.instrumentation.EvoClassLoader - Keeping class: net.sf.saxon.event.ReceiverWithOutputProperties
18:07:36.188 [main] INFO org.evosuite.runtime.instrumentation.EvoClassLoader - Seeing class for first time: net.sf.saxon.event.SequenceWriter
18:07:36.188 [main] INFO org.evosuite.runtime.instrumentation.EvoClassLoader - Instrumenting class 'net.sf.saxon.event.SequenceWriter'.
18:07:36.189 [main] INFO org.evosuite.runtime.instrumentation.MethodCallReplacementClassAdapter - Adding mock interface to class net/sf/saxon/event/SequenceWriter
18:07:36.189 [main] INFO org.evosuite.runtime.instrumentation.CreateClassResetClassAdapter - Creating brand-new static initializer in class net/sf/saxon/event/SequenceWriter
18:07:36.189 [main] INFO org.evosuite.runtime.instrumentation.EvoClassLoader - Keeping class: net.sf.saxon.event.SequenceWriter
18:07:36.189 [main] INFO org.evosuite.runtime.instrumentation.EvoClassLoader - Keeping class: net.sf.saxon.serialize.JSONSerializer
18:07:36.189 [main] INFO org.evosuite.runtime.instrumentation.EvoClassLoader - Seeing class for first time: net.sf.saxon.serialize.AdaptiveEmitter
18:07:36.189 [main] INFO org.evosuite.runtime.instrumentation.EvoClassLoader - Instrumenting class 'net.sf.saxon.serialize.AdaptiveEmitter'.
18:07:36.190 [main] INFO org.evosuite.runtime.instrumentation.MethodCallReplacementClassAdapter - Adding mock interface to class net/sf/saxon/serialize/AdaptiveEmitter
18:07:36.190 [main] INFO org.evosuite.runtime.instrumentation.CreateClassResetClassAdapter - Creating brand-new static initializer in class net/sf/saxon/serialize/AdaptiveEmitter
18:07:36.193 [main] INFO org.evosuite.runtime.instrumentation.EvoClassLoader - Keeping class: net.sf.saxon.serialize.AdaptiveEmitter
18:07:36.193 [main] INFO org.evosuite.runtime.instrumentation.EvoClassLoader - Seeing class for first time: net.sf.saxon.lib.StAXResultHandler
18:07:36.193 [main] INFO org.evosuite.runtime.instrumentation.EvoClassLoader - Instrumenting class 'net.sf.saxon.lib.StAXResultHandler'.
18:07:36.193 [main] INFO org.evosuite.runtime.instrumentation.EvoClassLoader - Keeping class: net.sf.saxon.lib.StAXResultHandler
18:07:36.193 [main] INFO org.evosuite.runtime.instrumentation.EvoClassLoader - Seeing class for first time: net.sf.saxon.serialize.UnicodeNormalizer
18:07:36.193 [main] INFO org.evosuite.runtime.instrumentation.EvoClassLoader - Instrumenting class 'net.sf.saxon.serialize.UnicodeNormalizer'.
18:07:36.194 [main] INFO org.evosuite.runtime.instrumentation.MethodCallReplacementClassAdapter - Adding mock interface to class net/sf/saxon/serialize/UnicodeNormalizer
18:07:36.194 [main] INFO org.evosuite.runtime.instrumentation.CreateClassResetClassAdapter - Creating brand-new static initializer in class net/sf/saxon/serialize/UnicodeNormalizer
18:07:36.194 [main] INFO org.evosuite.runtime.instrumentation.EvoClassLoader - Keeping class: net.sf.saxon.serialize.UnicodeNormalizer
18:07:36.194 [main] INFO org.evosuite.runtime.instrumentation.EvoClassLoader - Seeing class for first time: net.sf.saxon.serialize.HTMLIndenter
18:07:36.194 [main] INFO org.evosuite.runtime.instrumentation.EvoClassLoader - Instrumenting class 'net.sf.saxon.serialize.HTMLIndenter'.
18:07:36.194 [main] INFO org.evosuite.runtime.instrumentation.MethodCallReplacementClassAdapter - Adding mock interface to class net/sf/saxon/serialize/HTMLIndenter
18:07:36.195 [main] INFO org.evosuite.runtime.instrumentation.CreateClassResetClassAdapter - Found static initializer in class net/sf/saxon/serialize/HTMLIndenter
18:07:36.195 [main] INFO org.evosuite.runtime.instrumentation.EvoClassLoader - Keeping class: net.sf.saxon.serialize.HTMLIndenter
18:07:36.195 [main] INFO org.evosuite.runtime.instrumentation.EvoClassLoader - Seeing class for first time: net.sf.saxon.serialize.Emitter
18:07:36.195 [main] INFO org.evosuite.runtime.instrumentation.EvoClassLoader - Instrumenting class 'net.sf.saxon.serialize.Emitter'.
18:07:36.196 [main] INFO org.evosuite.runtime.instrumentation.MethodCallReplacementClassAdapter - Adding mock interface to class net/sf/saxon/serialize/Emitter
18:07:36.197 [main] INFO org.evosuite.runtime.instrumentation.CreateClassResetClassAdapter - Creating brand-new static initializer in class net/sf/saxon/serialize/Emitter
18:07:36.197 [main] INFO org.evosuite.runtime.instrumentation.EvoClassLoader - Keeping class: net.sf.saxon.serialize.Emitter
18:07:36.198 [main] INFO org.evosuite.runtime.instrumentation.EvoClassLoader - Seeing class for first time: net.sf.saxon.serialize.XMLEmitter
18:07:36.198 [main] INFO org.evosuite.runtime.instrumentation.EvoClassLoader - Instrumenting class 'net.sf.saxon.serialize.XMLEmitter'.
18:07:36.198 [main] INFO org.evosuite.runtime.instrumentation.MethodCallReplacementClassAdapter - Adding mock interface to class net/sf/saxon/serialize/XMLEmitter
18:07:36.200 [main] INFO org.evosuite.runtime.instrumentation.CreateClassResetClassAdapter - Found static initializer in class net/sf/saxon/serialize/XMLEmitter
18:07:36.200 [main] INFO org.evosuite.runtime.instrumentation.EvoClassLoader - Keeping class: net.sf.saxon.serialize.XMLEmitter
18:07:36.200 [main] INFO org.evosuite.runtime.instrumentation.EvoClassLoader - Seeing class for first time: net.sf.saxon.serialize.HTMLEmitter
18:07:36.200 [main] INFO org.evosuite.runtime.instrumentation.EvoClassLoader - Instrumenting class 'net.sf.saxon.serialize.HTMLEmitter'.
18:07:36.201 [main] INFO org.evosuite.runtime.instrumentation.MethodCallReplacementClassAdapter - Adding mock interface to class net/sf/saxon/serialize/HTMLEmitter
18:07:36.201 [main] INFO org.evosuite.runtime.instrumentation.CreateClassResetClassAdapter - Found static initializer in class net/sf/saxon/serialize/HTMLEmitter
18:07:36.202 [main] INFO org.evosuite.runtime.instrumentation.EvoClassLoader - Keeping class: net.sf.saxon.serialize.HTMLEmitter
18:07:36.202 [main] INFO org.evosuite.runtime.instrumentation.EvoClassLoader - Seeing class for first time: net.sf.saxon.serialize.HTML50Emitter
18:07:36.202 [main] INFO org.evosuite.runtime.instrumentation.EvoClassLoader - Instrumenting class 'net.sf.saxon.serialize.HTML50Emitter'.
18:07:36.202 [main] INFO org.evosuite.runtime.instrumentation.MethodCallReplacementClassAdapter - Adding mock interface to class net/sf/saxon/serialize/HTML50Emitter
18:07:36.203 [main] INFO org.evosuite.runtime.instrumentation.CreateClassResetClassAdapter - Found static initializer in class net/sf/saxon/serialize/HTML50Emitter
18:07:36.203 [main] INFO org.evosuite.runtime.instrumentation.EvoClassLoader - Keeping class: net.sf.saxon.serialize.HTML50Emitter
18:07:36.203 [main] INFO org.evosuite.runtime.instrumentation.EvoClassLoader - Seeing class for first time: net.sf.saxon.serialize.HTML40Emitter
18:07:36.203 [main] INFO org.evosuite.runtime.instrumentation.EvoClassLoader - Instrumenting class 'net.sf.saxon.serialize.HTML40Emitter'.
18:07:36.203 [main] INFO org.evosuite.runtime.instrumentation.MethodCallReplacementClassAdapter - Adding mock interface to class net/sf/saxon/serialize/HTML40Emitter
18:07:36.204 [main] INFO org.evosuite.runtime.instrumentation.CreateClassResetClassAdapter - Found static initializer in class net/sf/saxon/serialize/HTML40Emitter
18:07:36.204 [main] INFO org.evosuite.runtime.instrumentation.EvoClassLoader - Keeping class: net.sf.saxon.serialize.HTML40Emitter
18:07:36.204 [main] INFO org.evosuite.runtime.instrumentation.EvoClassLoader - Seeing class for first time: net.sf.saxon.serialize.TEXTEmitter
18:07:36.204 [main] INFO org.evosuite.runtime.instrumentation.EvoClassLoader - Instrumenting class 'net.sf.saxon.serialize.TEXTEmitter'.
18:07:36.204 [main] INFO org.evosuite.runtime.instrumentation.MethodCallReplacementClassAdapter - Adding mock interface to class net/sf/saxon/serialize/TEXTEmitter
18:07:36.205 [main] INFO org.evosuite.runtime.instrumentation.CreateClassResetClassAdapter - Creating brand-new static initializer in class net/sf/saxon/serialize/TEXTEmitter
18:07:36.205 [main] INFO org.evosuite.runtime.instrumentation.EvoClassLoader - Keeping class: net.sf.saxon.serialize.TEXTEmitter
18:07:36.205 [main] INFO org.evosuite.runtime.instrumentation.EvoClassLoader - Seeing class for first time: net.sf.saxon.serialize.XHTML5Emitter
18:07:36.205 [main] INFO org.evosuite.runtime.instrumentation.EvoClassLoader - Instrumenting class 'net.sf.saxon.serialize.XHTML5Emitter'.
18:07:36.205 [main] INFO org.evosuite.runtime.instrumentation.MethodCallReplacementClassAdapter - Adding mock interface to class net/sf/saxon/serialize/XHTML5Emitter
18:07:36.205 [main] INFO org.evosuite.runtime.instrumentation.CreateClassResetClassAdapter - Found static initializer in class net/sf/saxon/serialize/XHTML5Emitter
18:07:36.206 [main] INFO org.evosuite.runtime.instrumentation.EvoClassLoader - Keeping class: net.sf.saxon.serialize.XHTML5Emitter
18:07:36.206 [main] INFO org.evosuite.runtime.instrumentation.EvoClassLoader - Seeing class for first time: net.sf.saxon.serialize.XHTML1Emitter
18:07:36.206 [main] INFO org.evosuite.runtime.instrumentation.EvoClassLoader - Instrumenting class 'net.sf.saxon.serialize.XHTML1Emitter'.
18:07:36.206 [main] INFO org.evosuite.runtime.instrumentation.MethodCallReplacementClassAdapter - Adding mock interface to class net/sf/saxon/serialize/XHTML1Emitter
18:07:36.206 [main] INFO org.evosuite.runtime.instrumentation.CreateClassResetClassAdapter - Found static initializer in class net/sf/saxon/serialize/XHTML1Emitter
18:07:36.206 [main] INFO org.evosuite.runtime.instrumentation.EvoClassLoader - Keeping class: net.sf.saxon.serialize.XHTML1Emitter
18:07:36.206 [main] INFO org.evosuite.runtime.instrumentation.EvoClassLoader - Seeing class for first time: net.sf.saxon.serialize.CDATAFilter
18:07:36.206 [main] INFO org.evosuite.runtime.instrumentation.EvoClassLoader - Instrumenting class 'net.sf.saxon.serialize.CDATAFilter'.
18:07:36.207 [main] INFO org.evosuite.runtime.instrumentation.MethodCallReplacementClassAdapter - Adding mock interface to class net/sf/saxon/serialize/CDATAFilter
18:07:36.207 [main] INFO org.evosuite.runtime.instrumentation.CreateClassResetClassAdapter - Creating brand-new static initializer in class net/sf/saxon/serialize/CDATAFilter
18:07:36.208 [main] INFO org.evosuite.runtime.instrumentation.EvoClassLoader - Keeping class: net.sf.saxon.serialize.CDATAFilter
18:07:36.208 [main] INFO org.evosuite.runtime.instrumentation.EvoClassLoader - Seeing class for first time: net.sf.saxon.serialize.HTMLURIEscaper
18:07:36.208 [main] INFO org.evosuite.runtime.instrumentation.EvoClassLoader - Instrumenting class 'net.sf.saxon.serialize.HTMLURIEscaper'.
18:07:36.208 [main] INFO org.evosuite.runtime.instrumentation.MethodCallReplacementClassAdapter - Adding mock interface to class net/sf/saxon/serialize/HTMLURIEscaper
18:07:36.209 [main] INFO org.evosuite.runtime.instrumentation.CreateClassResetClassAdapter - Found static initializer in class net/sf/saxon/serialize/HTMLURIEscaper
18:07:36.209 [main] INFO org.evosuite.runtime.instrumentation.EvoClassLoader - Keeping class: net.sf.saxon.serialize.HTMLURIEscaper
18:07:36.209 [main] INFO org.evosuite.runtime.instrumentation.EvoClassLoader - Seeing class for first time: net.sf.saxon.serialize.XHTMLURIEscaper
18:07:36.209 [main] INFO org.evosuite.runtime.instrumentation.EvoClassLoader - Instrumenting class 'net.sf.saxon.serialize.XHTMLURIEscaper'.
18:07:36.210 [main] INFO org.evosuite.runtime.instrumentation.MethodCallReplacementClassAdapter - Adding mock interface to class net/sf/saxon/serialize/XHTMLURIEscaper
18:07:36.210 [main] INFO org.evosuite.runtime.instrumentation.CreateClassResetClassAdapter - Found static initializer in class net/sf/saxon/serialize/XHTMLURIEscaper
18:07:36.210 [main] INFO org.evosuite.runtime.instrumentation.EvoClassLoader - Keeping class: net.sf.saxon.serialize.XHTMLURIEscaper
18:07:36.211 [main] INFO org.evosuite.runtime.instrumentation.EvoClassLoader - Seeing class for first time: net.sf.saxon.serialize.XMLIndenter
18:07:36.211 [main] INFO org.evosuite.runtime.instrumentation.EvoClassLoader - Instrumenting class 'net.sf.saxon.serialize.XMLIndenter'.
18:07:36.211 [main] INFO org.evosuite.runtime.instrumentation.MethodCallReplacementClassAdapter - Adding mock interface to class net/sf/saxon/serialize/XMLIndenter
18:07:36.212 [main] INFO org.evosuite.runtime.instrumentation.CreateClassResetClassAdapter - Creating brand-new static initializer in class net/sf/saxon/serialize/XMLIndenter
18:07:36.213 [main] INFO org.evosuite.runtime.instrumentation.EvoClassLoader - Keeping class: net.sf.saxon.serialize.XMLIndenter
18:07:36.213 [main] INFO org.evosuite.runtime.instrumentation.EvoClassLoader - Seeing class for first time: net.sf.saxon.serialize.XML10ContentChecker
18:07:36.213 [main] INFO org.evosuite.runtime.instrumentation.EvoClassLoader - Instrumenting class 'net.sf.saxon.serialize.XML10ContentChecker'.
18:07:36.214 [main] INFO org.evosuite.runtime.instrumentation.MethodCallReplacementClassAdapter - Adding mock interface to class net/sf/saxon/serialize/XML10ContentChecker
18:07:36.214 [main] INFO org.evosuite.runtime.instrumentation.CreateClassResetClassAdapter - Creating brand-new static initializer in class net/sf/saxon/serialize/XML10ContentChecker
18:07:36.214 [main] INFO org.evosuite.runtime.instrumentation.EvoClassLoader - Keeping class: net.sf.saxon.serialize.XML10ContentChecker
18:07:36.215 [main] INFO org.evosuite.runtime.instrumentation.EvoClassLoader - Seeing class for first time: net.sf.saxon.serialize.CharacterMapIndex
18:07:36.215 [main] INFO org.evosuite.runtime.instrumentation.EvoClassLoader - Instrumenting class 'net.sf.saxon.serialize.CharacterMapIndex'.
18:07:36.216 [main] INFO org.evosuite.runtime.instrumentation.MethodCallReplacementClassAdapter - Adding mock interface to class net/sf/saxon/serialize/CharacterMapIndex
18:07:36.216 [main] INFO org.evosuite.runtime.instrumentation.CreateClassResetClassAdapter - Creating brand-new static initializer in class net/sf/saxon/serialize/CharacterMapIndex
18:07:36.217 [main] INFO org.evosuite.runtime.instrumentation.EvoClassLoader - Keeping class: net.sf.saxon.serialize.CharacterMapIndex
18:07:36.217 [main] INFO org.evosuite.runtime.instrumentation.EvoClassLoader - Seeing class for first time: net.sf.saxon.serialize.CharacterMapExpander
18:07:36.217 [main] INFO org.evosuite.runtime.instrumentation.EvoClassLoader - Instrumenting class 'net.sf.saxon.serialize.CharacterMapExpander'.
18:07:36.217 [main] INFO org.evosuite.runtime.instrumentation.MethodCallReplacementClassAdapter - Adding mock interface to class net/sf/saxon/serialize/CharacterMapExpander
18:07:36.217 [main] INFO org.evosuite.runtime.instrumentation.CreateClassResetClassAdapter - Creating brand-new static initializer in class net/sf/saxon/serialize/CharacterMapExpander
18:07:36.217 [main] INFO org.evosuite.runtime.instrumentation.EvoClassLoader - Keeping class: net.sf.saxon.serialize.CharacterMapExpander
18:07:36.218 [main] INFO org.evosuite.runtime.instrumentation.EvoClassLoader - Seeing class for first time: net.sf.saxon.event.ContentHandlerProxy
18:07:36.218 [main] INFO org.evosuite.runtime.instrumentation.EvoClassLoader - Instrumenting class 'net.sf.saxon.event.ContentHandlerProxy'.
18:07:36.218 [main] INFO org.evosuite.runtime.instrumentation.MethodCallReplacementClassAdapter - Adding mock interface to class net/sf/saxon/event/ContentHandlerProxy
18:07:36.219 [main] INFO org.evosuite.runtime.instrumentation.CreateClassResetClassAdapter - Found static initializer in class net/sf/saxon/event/ContentHandlerProxy
18:07:36.220 [main] INFO org.evosuite.runtime.instrumentation.EvoClassLoader - Keeping class: net.sf.saxon.event.ContentHandlerProxy
18:07:36.220 [main] INFO org.evosuite.runtime.instrumentation.EvoClassLoader - Seeing class for first time: net.sf.saxon.event.StreamWriterToReceiver
18:07:36.220 [main] INFO org.evosuite.runtime.instrumentation.EvoClassLoader - Instrumenting class 'net.sf.saxon.event.StreamWriterToReceiver'.
18:07:36.221 [main] INFO org.evosuite.runtime.instrumentation.MethodCallReplacementClassAdapter - Adding mock interface to class net/sf/saxon/event/StreamWriterToReceiver
18:07:36.223 [main] INFO org.evosuite.runtime.instrumentation.CreateClassResetClassAdapter - Found static initializer in class net/sf/saxon/event/StreamWriterToReceiver
18:07:36.223 [main] INFO org.evosuite.runtime.instrumentation.EvoClassLoader - Keeping class: net.sf.saxon.event.StreamWriterToReceiver
18:07:36.223 [main] INFO org.evosuite.runtime.instrumentation.EvoClassLoader - Seeing class for first time: net.sf.saxon.serialize.UncommittedSerializer
18:07:36.223 [main] INFO org.evosuite.runtime.instrumentation.EvoClassLoader - Instrumenting class 'net.sf.saxon.serialize.UncommittedSerializer'.
18:07:36.224 [main] INFO org.evosuite.runtime.instrumentation.MethodCallReplacementClassAdapter - Adding mock interface to class net/sf/saxon/serialize/UncommittedSerializer
18:07:36.224 [main] INFO org.evosuite.runtime.instrumentation.CreateClassResetClassAdapter - Creating brand-new static initializer in class net/sf/saxon/serialize/UncommittedSerializer
18:07:36.224 [main] INFO org.evosuite.runtime.instrumentation.EvoClassLoader - Keeping class: net.sf.saxon.serialize.UncommittedSerializer
18:07:36.224 [main] INFO org.evosuite.runtime.instrumentation.EvoClassLoader - Seeing class for first time: net.sf.saxon.serialize.MetaTagAdjuster
18:07:36.224 [main] INFO org.evosuite.runtime.instrumentation.EvoClassLoader - Instrumenting class 'net.sf.saxon.serialize.MetaTagAdjuster'.
18:07:36.225 [main] INFO org.evosuite.runtime.instrumentation.MethodCallReplacementClassAdapter - Adding mock interface to class net/sf/saxon/serialize/MetaTagAdjuster
18:07:36.225 [main] INFO org.evosuite.runtime.instrumentation.CreateClassResetClassAdapter - Creating brand-new static initializer in class net/sf/saxon/serialize/MetaTagAdjuster
18:07:36.225 [main] INFO org.evosuite.runtime.instrumentation.EvoClassLoader - Keeping class: net.sf.saxon.serialize.MetaTagAdjuster
18:07:36.225 [main] INFO org.evosuite.runtime.instrumentation.EvoClassLoader - Seeing class for first time: net.sf.saxon.query.SequenceWrapper
18:07:36.225 [main] INFO org.evosuite.runtime.instrumentation.EvoClassLoader - Instrumenting class 'net.sf.saxon.query.SequenceWrapper'.
18:07:36.226 [main] INFO org.evosuite.runtime.instrumentation.MethodCallReplacementClassAdapter - Adding mock interface to class net/sf/saxon/query/SequenceWrapper
18:07:36.226 [main] INFO org.evosuite.runtime.instrumentation.CreateClassResetClassAdapter - Found static initializer in class net/sf/saxon/query/SequenceWrapper
18:07:36.226 [main] INFO org.evosuite.runtime.instrumentation.EvoClassLoader - Keeping class: net.sf.saxon.query.SequenceWrapper
18:07:36.227 [main] INFO org.evosuite.runtime.instrumentation.EvoClassLoader - Seeing class for first time: net.sf.saxon.java.JavaPlatform
18:07:36.227 [main] INFO org.evosuite.runtime.instrumentation.EvoClassLoader - Instrumenting class 'net.sf.saxon.java.JavaPlatform'.
18:07:36.228 [main] INFO org.evosuite.runtime.instrumentation.MethodCallReplacementClassAdapter - Adding mock interface to class net/sf/saxon/java/JavaPlatform
18:07:36.228 [main] INFO org.evosuite.runtime.instrumentation.CreateClassResetClassAdapter - Creating brand-new static initializer in class net/sf/saxon/java/JavaPlatform
18:07:36.228 [main] INFO org.evosuite.runtime.instrumentation.EvoClassLoader - Defined package (3): package net.sf.saxon.java, 910675345
18:07:36.228 [main] INFO org.evosuite.runtime.instrumentation.EvoClassLoader - Seeing class for first time: net.sf.saxon.Platform
18:07:36.228 [main] INFO org.evosuite.runtime.instrumentation.EvoClassLoader - Instrumenting class 'net.sf.saxon.Platform'.
18:07:36.229 [main] INFO org.evosuite.runtime.instrumentation.EvoClassLoader - Keeping class: net.sf.saxon.Platform
18:07:36.230 [main] INFO org.evosuite.runtime.instrumentation.EvoClassLoader - Keeping class: net.sf.saxon.java.JavaPlatform
18:07:36.230 [main] INFO org.evosuite.runtime.instrumentation.EvoClassLoader - Seeing class for first time: net.sf.saxon.expr.sort.SimpleCollation
18:07:36.230 [main] INFO org.evosuite.runtime.instrumentation.EvoClassLoader - Instrumenting class 'net.sf.saxon.expr.sort.SimpleCollation'.
18:07:36.230 [main] INFO org.evosuite.runtime.instrumentation.MethodCallReplacementClassAdapter - Adding mock interface to class net/sf/saxon/expr/sort/SimpleCollation
18:07:36.231 [main] INFO org.evosuite.runtime.instrumentation.CreateClassResetClassAdapter - Found static initializer in class net/sf/saxon/expr/sort/SimpleCollation
18:07:36.231 [main] INFO org.evosuite.runtime.instrumentation.EvoClassLoader - Keeping class: net.sf.saxon.expr.sort.SimpleCollation
18:07:36.231 [main] INFO org.evosuite.runtime.instrumentation.EvoClassLoader - Seeing class for first time: net.sf.saxon.xpath.JAXPXPathStaticContext
18:07:36.231 [main] INFO org.evosuite.runtime.instrumentation.EvoClassLoader - Instrumenting class 'net.sf.saxon.xpath.JAXPXPathStaticContext'.
18:07:36.232 [main] INFO org.evosuite.runtime.instrumentation.MethodCallReplacementClassAdapter - Adding mock interface to class net/sf/saxon/xpath/JAXPXPathStaticContext
18:07:36.232 [main] INFO org.evosuite.runtime.instrumentation.CreateClassResetClassAdapter - Creating brand-new static initializer in class net/sf/saxon/xpath/JAXPXPathStaticContext
18:07:36.232 [main] INFO org.evosuite.runtime.instrumentation.EvoClassLoader - Defined package (3): package net.sf.saxon.xpath, -1820478706
18:07:36.232 [main] INFO org.evosuite.runtime.instrumentation.EvoClassLoader - Seeing class for first time: net.sf.saxon.sxpath.AbstractStaticContext
18:07:36.232 [main] INFO org.evosuite.runtime.instrumentation.EvoClassLoader - Instrumenting class 'net.sf.saxon.sxpath.AbstractStaticContext'.
18:07:36.233 [main] INFO org.evosuite.runtime.instrumentation.MethodCallReplacementClassAdapter - Adding mock interface to class net/sf/saxon/sxpath/AbstractStaticContext
18:07:36.234 [main] INFO org.evosuite.runtime.instrumentation.CreateClassResetClassAdapter - Creating brand-new static initializer in class net/sf/saxon/sxpath/AbstractStaticContext
18:07:36.234 [main] INFO org.evosuite.runtime.instrumentation.EvoClassLoader - Defined package (3): package net.sf.saxon.sxpath, -735593543
18:07:36.234 [main] INFO org.evosuite.runtime.instrumentation.EvoClassLoader - Keeping class: net.sf.saxon.sxpath.AbstractStaticContext
18:07:36.234 [main] INFO org.evosuite.runtime.instrumentation.EvoClassLoader - Keeping class: net.sf.saxon.xpath.JAXPXPathStaticContext
18:07:36.234 [main] INFO org.evosuite.runtime.instrumentation.EvoClassLoader - Seeing class for first time: net.sf.saxon.Version
18:07:36.234 [main] INFO org.evosuite.runtime.instrumentation.EvoClassLoader - Instrumenting class 'net.sf.saxon.Version'.
18:07:36.235 [main] INFO org.evosuite.runtime.instrumentation.MethodCallReplacementClassAdapter - Adding mock interface to class net/sf/saxon/Version
18:07:36.235 [main] INFO org.evosuite.runtime.instrumentation.CreateClassResetClassAdapter - Found static initializer in class net/sf/saxon/Version
18:07:36.236 [main] INFO org.evosuite.runtime.instrumentation.EvoClassLoader - Keeping class: net.sf.saxon.Version
18:07:36.236 [main] INFO org.evosuite.runtime.instrumentation.EvoClassLoader - Seeing class for first time: net.sf.saxon.lib.StandardModuleURIResolver
18:07:36.236 [main] INFO org.evosuite.runtime.instrumentation.EvoClassLoader - Instrumenting class 'net.sf.saxon.lib.StandardModuleURIResolver'.
18:07:36.237 [main] INFO org.evosuite.runtime.instrumentation.MethodCallReplacementClassAdapter - Adding mock interface to class net/sf/saxon/lib/StandardModuleURIResolver
18:07:36.239 [main] INFO org.evosuite.runtime.instrumentation.CreateClassResetClassAdapter - Creating brand-new static initializer in class net/sf/saxon/lib/StandardModuleURIResolver
18:07:36.239 [main] INFO org.evosuite.runtime.instrumentation.EvoClassLoader - Keeping class: net.sf.saxon.lib.StandardModuleURIResolver
18:07:36.241 [main] INFO org.evosuite.runtime.instrumentation.EvoClassLoader - Seeing class for first time: net.sf.saxon.lib.StandardUnparsedTextResolver
18:07:36.241 [main] INFO org.evosuite.runtime.instrumentation.EvoClassLoader - Instrumenting class 'net.sf.saxon.lib.StandardUnparsedTextResolver'.
18:07:36.242 [main] INFO org.evosuite.runtime.instrumentation.MethodCallReplacementClassAdapter - Adding mock interface to class net/sf/saxon/lib/StandardUnparsedTextResolver
18:07:36.245 [main] INFO org.evosuite.runtime.instrumentation.CreateClassResetClassAdapter - Found static initializer in class net/sf/saxon/lib/StandardUnparsedTextResolver
18:07:36.245 [main] INFO org.evosuite.runtime.instrumentation.EvoClassLoader - Keeping class: net.sf.saxon.lib.StandardUnparsedTextResolver
18:07:36.246 [main] INFO org.evosuite.runtime.instrumentation.EvoClassLoader - Seeing class for first time: net.sf.saxon.expr.ArithmeticExpression
18:07:36.246 [main] INFO org.evosuite.runtime.instrumentation.EvoClassLoader - Instrumenting class 'net.sf.saxon.expr.ArithmeticExpression'.
18:07:36.247 [main] INFO org.evosuite.runtime.instrumentation.MethodCallReplacementClassAdapter - Adding mock interface to class net/sf/saxon/expr/ArithmeticExpression
18:07:36.250 [main] INFO org.evosuite.runtime.instrumentation.CreateClassResetClassAdapter - Creating brand-new static initializer in class net/sf/saxon/expr/ArithmeticExpression
18:07:36.251 [main] INFO org.evosuite.runtime.instrumentation.EvoClassLoader - Seeing class for first time: net.sf.saxon.expr.BinaryExpression
18:07:36.251 [main] INFO org.evosuite.runtime.instrumentation.EvoClassLoader - Instrumenting class 'net.sf.saxon.expr.BinaryExpression'.
18:07:36.251 [main] INFO org.evosuite.runtime.instrumentation.MethodCallReplacementClassAdapter - Adding mock interface to class net/sf/saxon/expr/BinaryExpression
18:07:36.252 [main] INFO org.evosuite.runtime.instrumentation.CreateClassResetClassAdapter - Creating brand-new static initializer in class net/sf/saxon/expr/BinaryExpression
18:07:36.252 [main] INFO org.evosuite.runtime.instrumentation.EvoClassLoader - Keeping class: net.sf.saxon.expr.BinaryExpression
18:07:36.252 [main] INFO org.evosuite.runtime.instrumentation.EvoClassLoader - Keeping class: net.sf.saxon.expr.ArithmeticExpression
18:07:36.252 [main] INFO org.evosuite.runtime.instrumentation.EvoClassLoader - Seeing class for first time: net.sf.saxon.expr.GeneralComparison20
18:07:36.252 [main] INFO org.evosuite.runtime.instrumentation.EvoClassLoader - Instrumenting class 'net.sf.saxon.expr.GeneralComparison20'.
18:07:36.253 [main] INFO org.evosuite.runtime.instrumentation.MethodCallReplacementClassAdapter - Adding mock interface to class net/sf/saxon/expr/GeneralComparison20
18:07:36.253 [main] INFO org.evosuite.runtime.instrumentation.CreateClassResetClassAdapter - Creating brand-new static initializer in class net/sf/saxon/expr/GeneralComparison20
18:07:36.253 [main] INFO org.evosuite.runtime.instrumentation.EvoClassLoader - Seeing class for first time: net.sf.saxon.expr.GeneralComparison
18:07:36.253 [main] INFO org.evosuite.runtime.instrumentation.EvoClassLoader - Instrumenting class 'net.sf.saxon.expr.GeneralComparison'.
18:07:36.254 [main] INFO org.evosuite.runtime.instrumentation.MethodCallReplacementClassAdapter - Adding mock interface to class net/sf/saxon/expr/GeneralComparison
18:07:36.257 [main] INFO org.evosuite.runtime.instrumentation.CreateClassResetClassAdapter - Found static initializer in class net/sf/saxon/expr/GeneralComparison
18:07:36.258 [main] INFO org.evosuite.runtime.instrumentation.EvoClassLoader - Seeing class for first time: net.sf.saxon.expr.ComparisonExpression
18:07:36.258 [main] INFO org.evosuite.runtime.instrumentation.EvoClassLoader - Instrumenting class 'net.sf.saxon.expr.ComparisonExpression'.
18:07:36.258 [main] INFO org.evosuite.runtime.instrumentation.EvoClassLoader - Keeping class: net.sf.saxon.expr.ComparisonExpression
18:07:36.258 [main] INFO org.evosuite.runtime.instrumentation.EvoClassLoader - Keeping class: net.sf.saxon.expr.GeneralComparison
18:07:36.258 [main] INFO org.evosuite.runtime.instrumentation.EvoClassLoader - Keeping class: net.sf.saxon.expr.GeneralComparison20
18:07:36.258 [main] INFO org.evosuite.runtime.instrumentation.EvoClassLoader - Seeing class for first time: net.sf.saxon.expr.AtomicSequenceConverter
18:07:36.258 [main] INFO org.evosuite.runtime.instrumentation.EvoClassLoader - Instrumenting class 'net.sf.saxon.expr.AtomicSequenceConverter'.
18:07:36.259 [main] INFO org.evosuite.runtime.instrumentation.MethodCallReplacementClassAdapter - Adding mock interface to class net/sf/saxon/expr/AtomicSequenceConverter
18:07:36.261 [main] INFO org.evosuite.runtime.instrumentation.CreateClassResetClassAdapter - Found static initializer in class net/sf/saxon/expr/AtomicSequenceConverter
18:07:36.262 [main] INFO org.evosuite.runtime.instrumentation.EvoClassLoader - Keeping class: net.sf.saxon.expr.AtomicSequenceConverter
18:07:36.262 [main] INFO org.evosuite.runtime.instrumentation.EvoClassLoader - Seeing class for first time: net.sf.saxon.type.Converter$PromoterToDouble
18:07:36.262 [main] INFO org.evosuite.runtime.instrumentation.EvoClassLoader - Instrumenting class 'net.sf.saxon.type.Converter$PromoterToDouble'.
18:07:36.263 [main] INFO org.evosuite.runtime.instrumentation.MethodCallReplacementClassAdapter - Adding mock interface to class net/sf/saxon/type/Converter$PromoterToDouble
18:07:36.263 [main] INFO org.evosuite.runtime.instrumentation.CreateClassResetClassAdapter - Creating brand-new static initializer in class net/sf/saxon/type/Converter$PromoterToDouble
18:07:36.263 [main] INFO org.evosuite.runtime.instrumentation.EvoClassLoader - Keeping class: net.sf.saxon.type.Converter$PromoterToDouble
18:07:36.263 [main] INFO org.evosuite.runtime.instrumentation.EvoClassLoader - Seeing class for first time: net.sf.saxon.type.Converter$PromoterToFloat
18:07:36.263 [main] INFO org.evosuite.runtime.instrumentation.EvoClassLoader - Instrumenting class 'net.sf.saxon.type.Converter$PromoterToFloat'.
18:07:36.264 [main] INFO org.evosuite.runtime.instrumentation.MethodCallReplacementClassAdapter - Adding mock interface to class net/sf/saxon/type/Converter$PromoterToFloat
18:07:36.264 [main] INFO org.evosuite.runtime.instrumentation.CreateClassResetClassAdapter - Creating brand-new static initializer in class net/sf/saxon/type/Converter$PromoterToFloat
18:07:36.264 [main] INFO org.evosuite.runtime.instrumentation.EvoClassLoader - Keeping class: net.sf.saxon.type.Converter$PromoterToFloat
18:07:36.264 [main] INFO org.evosuite.runtime.instrumentation.EvoClassLoader - Seeing class for first time: net.sf.saxon.type.Converter$ToStringConverter
18:07:36.264 [main] INFO org.evosuite.runtime.instrumentation.EvoClassLoader - Instrumenting class 'net.sf.saxon.type.Converter$ToStringConverter'.
18:07:36.264 [main] INFO org.evosuite.runtime.instrumentation.MethodCallReplacementClassAdapter - Adding mock interface to class net/sf/saxon/type/Converter$ToStringConverter
18:07:36.264 [main] INFO org.evosuite.runtime.instrumentation.CreateClassResetClassAdapter - Found static initializer in class net/sf/saxon/type/Converter$ToStringConverter
18:07:36.265 [main] INFO org.evosuite.runtime.instrumentation.EvoClassLoader - Seeing class for first time: net.sf.saxon.type.Converter$UnfailingConverter
18:07:36.265 [main] INFO org.evosuite.runtime.instrumentation.EvoClassLoader - Instrumenting class 'net.sf.saxon.type.Converter$UnfailingConverter'.
18:07:36.265 [main] INFO org.evosuite.runtime.instrumentation.MethodCallReplacementClassAdapter - Adding mock interface to class net/sf/saxon/type/Converter$UnfailingConverter
18:07:36.265 [main] INFO org.evosuite.runtime.instrumentation.CreateClassResetClassAdapter - Creating brand-new static initializer in class net/sf/saxon/type/Converter$UnfailingConverter
18:07:36.265 [main] INFO org.evosuite.runtime.instrumentation.EvoClassLoader - Keeping class: net.sf.saxon.type.Converter$UnfailingConverter
18:07:36.265 [main] INFO org.evosuite.runtime.instrumentation.EvoClassLoader - Keeping class: net.sf.saxon.type.Converter$ToStringConverter
18:07:36.265 [main] INFO org.evosuite.runtime.instrumentation.EvoClassLoader - Seeing class for first time: net.sf.saxon.expr.ItemChecker
18:07:36.265 [main] INFO org.evosuite.runtime.instrumentation.EvoClassLoader - Instrumenting class 'net.sf.saxon.expr.ItemChecker'.
18:07:36.266 [main] INFO org.evosuite.runtime.instrumentation.MethodCallReplacementClassAdapter - Adding mock interface to class net/sf/saxon/expr/ItemChecker
18:07:36.266 [main] INFO org.evosuite.runtime.instrumentation.CreateClassResetClassAdapter - Creating brand-new static initializer in class net/sf/saxon/expr/ItemChecker
18:07:36.267 [main] INFO org.evosuite.runtime.instrumentation.EvoClassLoader - Keeping class: net.sf.saxon.expr.ItemChecker
18:07:36.267 [main] INFO org.evosuite.runtime.instrumentation.EvoClassLoader - Seeing class for first time: net.sf.saxon.expr.UntypedSequenceConverter
18:07:36.267 [main] INFO org.evosuite.runtime.instrumentation.EvoClassLoader - Instrumenting class 'net.sf.saxon.expr.UntypedSequenceConverter'.
18:07:36.267 [main] INFO org.evosuite.runtime.instrumentation.MethodCallReplacementClassAdapter - Adding mock interface to class net/sf/saxon/expr/UntypedSequenceConverter
18:07:36.268 [main] INFO org.evosuite.runtime.instrumentation.CreateClassResetClassAdapter - Creating brand-new static initializer in class net/sf/saxon/expr/UntypedSequenceConverter
18:07:36.268 [main] INFO org.evosuite.runtime.instrumentation.EvoClassLoader - Keeping class: net.sf.saxon.expr.UntypedSequenceConverter
18:07:36.269 [main] INFO org.evosuite.runtime.instrumentation.EvoClassLoader - Seeing class for first time: net.sf.saxon.type.BuiltInAtomicType
18:07:36.269 [main] INFO org.evosuite.runtime.instrumentation.EvoClassLoader - Instrumenting class 'net.sf.saxon.type.BuiltInAtomicType'.
18:07:36.269 [main] INFO org.evosuite.runtime.instrumentation.MethodCallReplacementClassAdapter - Adding mock interface to class net/sf/saxon/type/BuiltInAtomicType
18:07:36.271 [main] INFO org.evosuite.runtime.instrumentation.CreateClassResetClassAdapter - Found static initializer in class net/sf/saxon/type/BuiltInAtomicType
18:07:36.272 [main] INFO org.evosuite.runtime.instrumentation.EvoClassLoader - Keeping class: net.sf.saxon.type.BuiltInAtomicType
18:07:36.272 [main] INFO org.evosuite.runtime.instrumentation.EvoClassLoader - Seeing class for first time: net.sf.saxon.expr.compat.ArithmeticExpression10
18:07:36.272 [main] INFO org.evosuite.runtime.instrumentation.EvoClassLoader - Instrumenting class 'net.sf.saxon.expr.compat.ArithmeticExpression10'.
18:07:36.272 [main] INFO org.evosuite.runtime.instrumentation.MethodCallReplacementClassAdapter - Adding mock interface to class net/sf/saxon/expr/compat/ArithmeticExpression10
18:07:36.273 [main] INFO org.evosuite.runtime.instrumentation.CreateClassResetClassAdapter - Creating brand-new static initializer in class net/sf/saxon/expr/compat/ArithmeticExpression10
18:07:36.274 [main] INFO org.evosuite.runtime.instrumentation.EvoClassLoader - Keeping class: net.sf.saxon.expr.compat.ArithmeticExpression10
18:07:36.274 [main] INFO org.evosuite.runtime.instrumentation.EvoClassLoader - Seeing class for first time: net.sf.saxon.expr.compat.GeneralComparison10
18:07:36.274 [main] INFO org.evosuite.runtime.instrumentation.EvoClassLoader - Instrumenting class 'net.sf.saxon.expr.compat.GeneralComparison10'.
18:07:36.274 [main] INFO org.evosuite.runtime.instrumentation.MethodCallReplacementClassAdapter - Adding mock interface to class net/sf/saxon/expr/compat/GeneralComparison10
18:07:36.276 [main] INFO org.evosuite.runtime.instrumentation.CreateClassResetClassAdapter - Creating brand-new static initializer in class net/sf/saxon/expr/compat/GeneralComparison10
18:07:36.276 [main] INFO org.evosuite.runtime.instrumentation.EvoClassLoader - Keeping class: net.sf.saxon.expr.compat.GeneralComparison10
18:07:36.277 [main] INFO org.evosuite.runtime.instrumentation.EvoClassLoader - Seeing class for first time: net.sf.saxon.tree.tiny.Statistics
18:07:36.277 [main] INFO org.evosuite.runtime.instrumentation.EvoClassLoader - Instrumenting class 'net.sf.saxon.tree.tiny.Statistics'.
18:07:36.277 [main] INFO org.evosuite.runtime.instrumentation.MethodCallReplacementClassAdapter - Adding mock interface to class net/sf/saxon/tree/tiny/Statistics
18:07:36.277 [main] INFO org.evosuite.runtime.instrumentation.CreateClassResetClassAdapter - Creating brand-new static initializer in class net/sf/saxon/tree/tiny/Statistics
18:07:36.277 [main] INFO org.evosuite.runtime.instrumentation.EvoClassLoader - Keeping class: net.sf.saxon.tree.tiny.Statistics
18:07:36.278 [main] INFO org.evosuite.runtime.instrumentation.EvoClassLoader - Seeing class for first time: net.sf.saxon.dom.DOMEnvelope
18:07:36.278 [main] INFO org.evosuite.runtime.instrumentation.EvoClassLoader - Instrumenting class 'net.sf.saxon.dom.DOMEnvelope'.
18:07:36.278 [main] INFO org.evosuite.runtime.instrumentation.MethodCallReplacementClassAdapter - Adding mock interface to class net/sf/saxon/dom/DOMEnvelope
18:07:36.278 [main] INFO org.evosuite.runtime.instrumentation.CreateClassResetClassAdapter - Found static initializer in class net/sf/saxon/dom/DOMEnvelope
18:07:36.278 [main] INFO org.evosuite.runtime.instrumentation.EvoClassLoader - Defined package (3): package net.sf.saxon.dom, -940460045
18:07:36.279 [main] INFO org.evosuite.runtime.instrumentation.EvoClassLoader - Keeping class: net.sf.saxon.dom.DOMEnvelope
18:07:36.279 [main] INFO org.evosuite.runtime.instrumentation.EvoClassLoader - Seeing class for first time: net.sf.saxon.expr.PJConverter
18:07:36.279 [main] INFO org.evosuite.runtime.instrumentation.EvoClassLoader - Instrumenting class 'net.sf.saxon.expr.PJConverter'.
18:07:36.279 [main] INFO org.evosuite.runtime.instrumentation.MethodCallReplacementClassAdapter - Adding mock interface to class net/sf/saxon/expr/PJConverter
18:07:36.280 [main] INFO org.evosuite.runtime.instrumentation.CreateClassResetClassAdapter - Found static initializer in class net/sf/saxon/expr/PJConverter
18:07:36.281 [main] INFO org.evosuite.runtime.instrumentation.EvoClassLoader - Keeping class: net.sf.saxon.expr.PJConverter
18:07:36.281 [main] INFO org.evosuite.runtime.instrumentation.EvoClassLoader - Seeing class for first time: net.sf.saxon.dom.DOMEnvelope$1
18:07:36.281 [main] INFO org.evosuite.runtime.instrumentation.EvoClassLoader - Instrumenting class 'net.sf.saxon.dom.DOMEnvelope$1'.
18:07:36.281 [main] INFO org.evosuite.runtime.instrumentation.MethodCallReplacementClassAdapter - Adding mock interface to class net/sf/saxon/dom/DOMEnvelope$1
18:07:36.281 [main] INFO org.evosuite.runtime.instrumentation.EvoClassLoader - Keeping class: net.sf.saxon.dom.DOMEnvelope$1
18:07:36.281 [main] INFO org.evosuite.runtime.instrumentation.EvoClassLoader - Seeing class for first time: net.sf.saxon.dom.DOMEnvelope$2
18:07:36.281 [main] INFO org.evosuite.runtime.instrumentation.EvoClassLoader - Instrumenting class 'net.sf.saxon.dom.DOMEnvelope$2'.
18:07:36.281 [main] INFO org.evosuite.runtime.instrumentation.MethodCallReplacementClassAdapter - Adding mock interface to class net/sf/saxon/dom/DOMEnvelope$2
18:07:36.282 [main] INFO org.evosuite.runtime.instrumentation.EvoClassLoader - Keeping class: net.sf.saxon.dom.DOMEnvelope$2
18:07:36.282 [main] INFO org.evosuite.runtime.instrumentation.EvoClassLoader - Seeing class for first time: net.sf.saxon.expr.JPConverter
18:07:36.282 [main] INFO org.evosuite.runtime.instrumentation.EvoClassLoader - Instrumenting class 'net.sf.saxon.expr.JPConverter'.
18:07:36.282 [main] INFO org.evosuite.runtime.instrumentation.MethodCallReplacementClassAdapter - Adding mock interface to class net/sf/saxon/expr/JPConverter
18:07:36.282 [main] INFO org.evosuite.runtime.instrumentation.CreateClassResetClassAdapter - Found static initializer in class net/sf/saxon/expr/JPConverter
18:07:36.283 [main] INFO org.evosuite.runtime.instrumentation.EvoClassLoader - Keeping class: net.sf.saxon.expr.JPConverter
18:07:36.283 [main] INFO org.evosuite.runtime.instrumentation.EvoClassLoader - Seeing class for first time: net.sf.saxon.dom.DOMEnvelope$3
18:07:36.283 [main] INFO org.evosuite.runtime.instrumentation.EvoClassLoader - Instrumenting class 'net.sf.saxon.dom.DOMEnvelope$3'.
18:07:36.283 [main] INFO org.evosuite.runtime.instrumentation.MethodCallReplacementClassAdapter - Adding mock interface to class net/sf/saxon/dom/DOMEnvelope$3
18:07:36.284 [main] INFO org.evosuite.runtime.instrumentation.EvoClassLoader - Keeping class: net.sf.saxon.dom.DOMEnvelope$3
18:07:36.284 [main] INFO org.evosuite.runtime.instrumentation.EvoClassLoader - Seeing class for first time: net.sf.saxon.dom.DOMObjectModel
18:07:36.284 [main] INFO org.evosuite.runtime.instrumentation.EvoClassLoader - Instrumenting class 'net.sf.saxon.dom.DOMObjectModel'.
18:07:36.284 [main] INFO org.evosuite.runtime.instrumentation.MethodCallReplacementClassAdapter - Adding mock interface to class net/sf/saxon/dom/DOMObjectModel
18:07:36.286 [main] INFO org.evosuite.runtime.instrumentation.CreateClassResetClassAdapter - Found static initializer in class net/sf/saxon/dom/DOMObjectModel
18:07:36.286 [main] INFO org.evosuite.runtime.instrumentation.EvoClassLoader - Keeping class: net.sf.saxon.dom.DOMObjectModel
18:07:36.286 [main] INFO org.evosuite.runtime.instrumentation.EvoClassLoader - Seeing class for first time: net.sf.saxon.dom.DOMWriter
18:07:36.286 [main] INFO org.evosuite.runtime.instrumentation.EvoClassLoader - Instrumenting class 'net.sf.saxon.dom.DOMWriter'.
18:07:36.287 [main] INFO org.evosuite.runtime.instrumentation.MethodCallReplacementClassAdapter - Adding mock interface to class net/sf/saxon/dom/DOMWriter
18:07:36.287 [main] INFO org.evosuite.runtime.instrumentation.CreateClassResetClassAdapter - Creating brand-new static initializer in class net/sf/saxon/dom/DOMWriter
18:07:36.288 [main] INFO org.evosuite.runtime.instrumentation.EvoClassLoader - Keeping class: net.sf.saxon.dom.DOMWriter
18:07:36.288 [main] INFO org.evosuite.runtime.instrumentation.EvoClassLoader - Seeing class for first time: net.sf.saxon.dom.DOMObjectModel$1
18:07:36.288 [main] INFO org.evosuite.runtime.instrumentation.EvoClassLoader - Instrumenting class 'net.sf.saxon.dom.DOMObjectModel$1'.
18:07:36.288 [main] INFO org.evosuite.runtime.instrumentation.MethodCallReplacementClassAdapter - Adding mock interface to class net/sf/saxon/dom/DOMObjectModel$1
18:07:36.288 [main] INFO org.evosuite.runtime.instrumentation.EvoClassLoader - Keeping class: net.sf.saxon.dom.DOMObjectModel$1
18:07:36.288 [main] INFO org.evosuite.runtime.instrumentation.EvoClassLoader - Seeing class for first time: net.sf.saxon.dom.DOMObjectModel$2
18:07:36.288 [main] INFO org.evosuite.runtime.instrumentation.EvoClassLoader - Instrumenting class 'net.sf.saxon.dom.DOMObjectModel$2'.
18:07:36.289 [main] INFO org.evosuite.runtime.instrumentation.MethodCallReplacementClassAdapter - Adding mock interface to class net/sf/saxon/dom/DOMObjectModel$2
18:07:36.289 [main] INFO org.evosuite.runtime.instrumentation.EvoClassLoader - Keeping class: net.sf.saxon.dom.DOMObjectModel$2
18:07:36.289 [main] INFO org.evosuite.runtime.instrumentation.EvoClassLoader - Seeing class for first time: net.sf.saxon.dom.DOMObjectModel$3
18:07:36.289 [main] INFO org.evosuite.runtime.instrumentation.EvoClassLoader - Instrumenting class 'net.sf.saxon.dom.DOMObjectModel$3'.
18:07:36.289 [main] INFO org.evosuite.runtime.instrumentation.MethodCallReplacementClassAdapter - Adding mock interface to class net/sf/saxon/dom/DOMObjectModel$3
18:07:36.289 [main] INFO org.evosuite.runtime.instrumentation.EvoClassLoader - Keeping class: net.sf.saxon.dom.DOMObjectModel$3
18:07:36.289 [main] INFO org.evosuite.runtime.instrumentation.EvoClassLoader - Seeing class for first time: net.sf.saxon.dom.DOMObjectModel$4
18:07:36.289 [main] INFO org.evosuite.runtime.instrumentation.EvoClassLoader - Instrumenting class 'net.sf.saxon.dom.DOMObjectModel$4'.
18:07:36.290 [main] INFO org.evosuite.runtime.instrumentation.MethodCallReplacementClassAdapter - Adding mock interface to class net/sf/saxon/dom/DOMObjectModel$4
18:07:36.290 [main] INFO org.evosuite.runtime.instrumentation.EvoClassLoader - Keeping class: net.sf.saxon.dom.DOMObjectModel$4
18:07:36.290 [main] INFO org.evosuite.runtime.instrumentation.EvoClassLoader - Seeing class for first time: net.sf.saxon.dom.DOMObjectModel$5
18:07:36.290 [main] INFO org.evosuite.runtime.instrumentation.EvoClassLoader - Instrumenting class 'net.sf.saxon.dom.DOMObjectModel$5'.
18:07:36.290 [main] INFO org.evosuite.runtime.instrumentation.MethodCallReplacementClassAdapter - Adding mock interface to class net/sf/saxon/dom/DOMObjectModel$5
18:07:36.290 [main] INFO org.evosuite.runtime.instrumentation.EvoClassLoader - Keeping class: net.sf.saxon.dom.DOMObjectModel$5
18:07:36.290 [main] INFO org.evosuite.runtime.instrumentation.EvoClassLoader - Seeing class for first time: net.sf.saxon.dom.DOMObjectModel$6
18:07:36.290 [main] INFO org.evosuite.runtime.instrumentation.EvoClassLoader - Instrumenting class 'net.sf.saxon.dom.DOMObjectModel$6'.
18:07:36.291 [main] INFO org.evosuite.runtime.instrumentation.MethodCallReplacementClassAdapter - Adding mock interface to class net/sf/saxon/dom/DOMObjectModel$6
18:07:36.291 [main] INFO org.evosuite.runtime.instrumentation.EvoClassLoader - Keeping class: net.sf.saxon.dom.DOMObjectModel$6
18:07:36.291 [main] INFO org.evosuite.runtime.instrumentation.EvoClassLoader - Seeing class for first time: net.sf.saxon.dom.DOMObjectModel$7
18:07:36.291 [main] INFO org.evosuite.runtime.instrumentation.EvoClassLoader - Instrumenting class 'net.sf.saxon.dom.DOMObjectModel$7'.
18:07:36.291 [main] INFO org.evosuite.runtime.instrumentation.MethodCallReplacementClassAdapter - Adding mock interface to class net/sf/saxon/dom/DOMObjectModel$7
18:07:36.291 [main] INFO org.evosuite.runtime.instrumentation.EvoClassLoader - Keeping class: net.sf.saxon.dom.DOMObjectModel$7
18:07:36.291 [main] INFO org.evosuite.runtime.instrumentation.EvoClassLoader - Seeing class for first time: net.sf.saxon.lib.StandardEntityResolver
18:07:36.292 [main] INFO org.evosuite.runtime.instrumentation.EvoClassLoader - Instrumenting class 'net.sf.saxon.lib.StandardEntityResolver'.
18:07:36.292 [main] INFO org.evosuite.runtime.instrumentation.MethodCallReplacementClassAdapter - Adding mock interface to class net/sf/saxon/lib/StandardEntityResolver
18:07:36.293 [main] INFO org.evosuite.runtime.instrumentation.CreateClassResetClassAdapter - Found static initializer in class net/sf/saxon/lib/StandardEntityResolver
18:07:36.294 [main] INFO org.evosuite.runtime.instrumentation.EvoClassLoader - Keeping class: net.sf.saxon.lib.StandardEntityResolver
18:07:36.295 [main] INFO org.evosuite.runtime.instrumentation.EvoClassLoader - Seeing class for first time: net.sf.saxon.resource.XmlResource$1
18:07:36.295 [main] INFO org.evosuite.runtime.instrumentation.EvoClassLoader - Instrumenting class 'net.sf.saxon.resource.XmlResource$1'.
18:07:36.296 [main] INFO org.evosuite.runtime.instrumentation.MethodCallReplacementClassAdapter - Adding mock interface to class net/sf/saxon/resource/XmlResource$1
18:07:36.297 [main] INFO org.evosuite.runtime.instrumentation.EvoClassLoader - Keeping class: net.sf.saxon.resource.XmlResource$1
18:07:36.297 [main] INFO org.evosuite.runtime.instrumentation.EvoClassLoader - Seeing class for first time: net.sf.saxon.resource.XmlResource
18:07:36.297 [main] INFO org.evosuite.runtime.instrumentation.EvoClassLoader - Instrumenting class 'net.sf.saxon.resource.XmlResource'.
18:07:36.297 [main] INFO org.evosuite.runtime.instrumentation.MethodCallReplacementClassAdapter - Adding mock interface to class net/sf/saxon/resource/XmlResource
18:07:36.299 [main] INFO org.evosuite.runtime.instrumentation.CreateClassResetClassAdapter - Found static initializer in class net/sf/saxon/resource/XmlResource
18:07:36.300 [main] INFO org.evosuite.runtime.instrumentation.EvoClassLoader - Seeing class for first time: net.sf.saxon.lib.Resource
18:07:36.301 [main] INFO org.evosuite.runtime.instrumentation.EvoClassLoader - Instrumenting class 'net.sf.saxon.lib.Resource'.
18:07:36.302 [main] INFO org.evosuite.runtime.instrumentation.EvoClassLoader - Keeping class: net.sf.saxon.lib.Resource
18:07:36.302 [main] INFO org.evosuite.runtime.instrumentation.EvoClassLoader - Keeping class: net.sf.saxon.resource.XmlResource
18:07:36.303 [main] INFO org.evosuite.runtime.instrumentation.EvoClassLoader - Seeing class for first time: net.sf.saxon.resource.UnparsedTextResource$1
18:07:36.303 [main] INFO org.evosuite.runtime.instrumentation.EvoClassLoader - Instrumenting class 'net.sf.saxon.resource.UnparsedTextResource$1'.
18:07:36.304 [main] INFO org.evosuite.runtime.instrumentation.MethodCallReplacementClassAdapter - Adding mock interface to class net/sf/saxon/resource/UnparsedTextResource$1
18:07:36.304 [main] INFO org.evosuite.runtime.instrumentation.EvoClassLoader - Keeping class: net.sf.saxon.resource.UnparsedTextResource$1
18:07:36.304 [main] INFO org.evosuite.runtime.instrumentation.EvoClassLoader - Seeing class for first time: net.sf.saxon.resource.UnparsedTextResource
18:07:36.304 [main] INFO org.evosuite.runtime.instrumentation.EvoClassLoader - Instrumenting class 'net.sf.saxon.resource.UnparsedTextResource'.
18:07:36.305 [main] INFO org.evosuite.runtime.instrumentation.MethodCallReplacementClassAdapter - Adding mock interface to class net/sf/saxon/resource/UnparsedTextResource
18:07:36.305 [main] INFO org.evosuite.runtime.instrumentation.CreateClassResetClassAdapter - Found static initializer in class net/sf/saxon/resource/UnparsedTextResource
18:07:36.306 [main] INFO org.evosuite.runtime.instrumentation.EvoClassLoader - Keeping class: net.sf.saxon.resource.UnparsedTextResource
18:07:36.306 [main] INFO org.evosuite.runtime.instrumentation.EvoClassLoader - Seeing class for first time: net.sf.saxon.resource.BinaryResource$1
18:07:36.306 [main] INFO org.evosuite.runtime.instrumentation.EvoClassLoader - Instrumenting class 'net.sf.saxon.resource.BinaryResource$1'.
18:07:36.307 [main] INFO org.evosuite.runtime.instrumentation.MethodCallReplacementClassAdapter - Adding mock interface to class net/sf/saxon/resource/BinaryResource$1
18:07:36.307 [main] INFO org.evosuite.runtime.instrumentation.EvoClassLoader - Keeping class: net.sf.saxon.resource.BinaryResource$1
18:07:36.307 [main] INFO org.evosuite.runtime.instrumentation.EvoClassLoader - Seeing class for first time: net.sf.saxon.resource.BinaryResource
18:07:36.307 [main] INFO org.evosuite.runtime.instrumentation.EvoClassLoader - Instrumenting class 'net.sf.saxon.resource.BinaryResource'.
18:07:36.308 [main] INFO org.evosuite.runtime.instrumentation.MethodCallReplacementClassAdapter - Adding mock interface to class net/sf/saxon/resource/BinaryResource
18:07:36.308 [main] INFO org.evosuite.runtime.instrumentation.CreateClassResetClassAdapter - Found static initializer in class net/sf/saxon/resource/BinaryResource
18:07:36.308 [main] INFO org.evosuite.runtime.instrumentation.EvoClassLoader - Keeping class: net.sf.saxon.resource.BinaryResource
18:07:36.309 [main] INFO org.evosuite.runtime.instrumentation.EvoClassLoader - Seeing class for first time: net.sf.saxon.resource.JSONResource$1
18:07:36.309 [main] INFO org.evosuite.runtime.instrumentation.EvoClassLoader - Instrumenting class 'net.sf.saxon.resource.JSONResource$1'.
18:07:36.309 [main] INFO org.evosuite.runtime.instrumentation.MethodCallReplacementClassAdapter - Adding mock interface to class net/sf/saxon/resource/JSONResource$1
18:07:36.309 [main] INFO org.evosuite.runtime.instrumentation.EvoClassLoader - Keeping class: net.sf.saxon.resource.JSONResource$1
18:07:36.309 [main] INFO org.evosuite.runtime.instrumentation.EvoClassLoader - Seeing class for first time: net.sf.saxon.resource.JSONResource
18:07:36.309 [main] INFO org.evosuite.runtime.instrumentation.EvoClassLoader - Instrumenting class 'net.sf.saxon.resource.JSONResource'.
18:07:36.309 [main] INFO org.evosuite.runtime.instrumentation.MethodCallReplacementClassAdapter - Adding mock interface to class net/sf/saxon/resource/JSONResource
18:07:36.309 [main] INFO org.evosuite.runtime.instrumentation.CreateClassResetClassAdapter - Found static initializer in class net/sf/saxon/resource/JSONResource
18:07:36.310 [main] INFO org.evosuite.runtime.instrumentation.EvoClassLoader - Keeping class: net.sf.saxon.resource.JSONResource
18:07:36.310 [main] INFO org.evosuite.runtime.instrumentation.EvoClassLoader - Seeing class for first time: net.sf.saxon.lib.XQueryFunctionAnnotationHandler$DisallowedCombination
18:07:36.310 [main] INFO org.evosuite.runtime.instrumentation.EvoClassLoader - Instrumenting class 'net.sf.saxon.lib.XQueryFunctionAnnotationHandler$DisallowedCombination'.
18:07:36.310 [main] INFO org.evosuite.runtime.instrumentation.MethodCallReplacementClassAdapter - Adding mock interface to class net/sf/saxon/lib/XQueryFunctionAnnotationHandler$DisallowedCombination
18:07:36.310 [main] INFO org.evosuite.runtime.instrumentation.CreateClassResetClassAdapter - Creating brand-new static initializer in class net/sf/saxon/lib/XQueryFunctionAnnotationHandler$DisallowedCombination
18:07:36.310 [main] INFO org.evosuite.runtime.instrumentation.EvoClassLoader - Keeping class: net.sf.saxon.lib.XQueryFunctionAnnotationHandler$DisallowedCombination
18:07:36.310 [main] INFO org.evosuite.runtime.instrumentation.EvoClassLoader - Seeing class for first time: net.sf.saxon.lib.XQueryFunctionAnnotationHandler
18:07:36.310 [main] INFO org.evosuite.runtime.instrumentation.EvoClassLoader - Instrumenting class 'net.sf.saxon.lib.XQueryFunctionAnnotationHandler'.
18:07:36.311 [main] INFO org.evosuite.runtime.instrumentation.MethodCallReplacementClassAdapter - Adding mock interface to class net/sf/saxon/lib/XQueryFunctionAnnotationHandler
18:07:36.311 [main] INFO org.evosuite.runtime.instrumentation.CreateClassResetClassAdapter - Found static initializer in class net/sf/saxon/lib/XQueryFunctionAnnotationHandler
18:07:36.311 [main] INFO org.evosuite.runtime.instrumentation.EvoClassLoader - Keeping class: net.sf.saxon.lib.XQueryFunctionAnnotationHandler
18:07:36.311 [main] INFO org.evosuite.runtime.instrumentation.EvoClassLoader - Seeing class for first time: net.sf.saxon.query.Annotation
18:07:36.311 [main] INFO org.evosuite.runtime.instrumentation.EvoClassLoader - Instrumenting class 'net.sf.saxon.query.Annotation'.
18:07:36.312 [main] INFO org.evosuite.runtime.instrumentation.MethodCallReplacementClassAdapter - Adding mock interface to class net/sf/saxon/query/Annotation
18:07:36.312 [main] INFO org.evosuite.runtime.instrumentation.CreateClassResetClassAdapter - Found static initializer in class net/sf/saxon/query/Annotation
18:07:36.313 [main] INFO org.evosuite.runtime.instrumentation.EvoClassLoader - Keeping class: net.sf.saxon.query.Annotation
18:07:36.313 [main] INFO org.evosuite.runtime.instrumentation.EvoClassLoader - Seeing class for first time: net.sf.saxon.query.AnnotationList
18:07:36.313 [main] INFO org.evosuite.runtime.instrumentation.EvoClassLoader - Instrumenting class 'net.sf.saxon.query.AnnotationList'.
18:07:36.314 [main] INFO org.evosuite.runtime.instrumentation.MethodCallReplacementClassAdapter - Adding mock interface to class net/sf/saxon/query/AnnotationList
18:07:36.315 [main] INFO org.evosuite.runtime.instrumentation.CreateClassResetClassAdapter - Found static initializer in class net/sf/saxon/query/AnnotationList
18:07:36.315 [main] INFO org.evosuite.runtime.instrumentation.EvoClassLoader - Keeping class: net.sf.saxon.query.AnnotationList
18:07:36.316 [main] INFO org.evosuite.runtime.instrumentation.EvoClassLoader - Seeing class for first time: net.sf.saxon.trans.ConfigurationReader$1
18:07:36.316 [main] INFO org.evosuite.runtime.instrumentation.EvoClassLoader - Instrumenting class 'net.sf.saxon.trans.ConfigurationReader$1'.
18:07:36.316 [main] INFO org.evosuite.runtime.instrumentation.MethodCallReplacementClassAdapter - Adding mock interface to class net/sf/saxon/trans/ConfigurationReader$1
18:07:36.316 [main] INFO org.evosuite.runtime.instrumentation.EvoClassLoader - Keeping class: net.sf.saxon.trans.ConfigurationReader$1
18:07:36.317 [main] INFO org.evosuite.runtime.instrumentation.EvoClassLoader - Seeing class for first time: net.sf.saxon.regex.UnicodeString
18:07:36.317 [main] INFO org.evosuite.runtime.instrumentation.EvoClassLoader - Instrumenting class 'net.sf.saxon.regex.UnicodeString'.
18:07:36.318 [main] INFO org.evosuite.runtime.instrumentation.MethodCallReplacementClassAdapter - Adding mock interface to class net/sf/saxon/regex/UnicodeString
18:07:36.318 [main] INFO org.evosuite.runtime.instrumentation.CreateClassResetClassAdapter - Creating brand-new static initializer in class net/sf/saxon/regex/UnicodeString
18:07:36.318 [main] INFO org.evosuite.runtime.instrumentation.EvoClassLoader - Keeping class: net.sf.saxon.regex.UnicodeString
18:07:36.318 [main] INFO org.evosuite.runtime.instrumentation.EvoClassLoader - Seeing class for first time: net.sf.saxon.tree.tiny.CharSlice
18:07:36.318 [main] INFO org.evosuite.runtime.instrumentation.EvoClassLoader - Instrumenting class 'net.sf.saxon.tree.tiny.CharSlice'.
18:07:36.319 [main] INFO org.evosuite.runtime.instrumentation.MethodCallReplacementClassAdapter - Adding mock interface to class net/sf/saxon/tree/tiny/CharSlice
18:07:36.319 [main] INFO org.evosuite.runtime.instrumentation.CreateClassResetClassAdapter - Creating brand-new static initializer in class net/sf/saxon/tree/tiny/CharSlice
18:07:36.319 [main] INFO org.evosuite.runtime.instrumentation.EvoClassLoader - Keeping class: net.sf.saxon.tree.tiny.CharSlice
18:07:36.320 [main] INFO org.evosuite.runtime.instrumentation.EvoClassLoader - Seeing class for first time: net.sf.saxon.s9api.XdmMap
18:07:36.320 [main] INFO org.evosuite.runtime.instrumentation.EvoClassLoader - Instrumenting class 'net.sf.saxon.s9api.XdmMap'.
18:07:36.321 [main] INFO org.evosuite.runtime.instrumentation.MethodCallReplacementClassAdapter - Adding mock interface to class net/sf/saxon/s9api/XdmMap
18:07:36.323 [main] INFO org.evosuite.runtime.instrumentation.CreateClassResetClassAdapter - Creating brand-new static initializer in class net/sf/saxon/s9api/XdmMap
18:07:36.324 [main] INFO org.evosuite.runtime.instrumentation.EvoClassLoader - Seeing class for first time: net.sf.saxon.s9api.XdmFunctionItem
18:07:36.324 [main] INFO org.evosuite.runtime.instrumentation.EvoClassLoader - Instrumenting class 'net.sf.saxon.s9api.XdmFunctionItem'.
18:07:36.325 [main] INFO org.evosuite.runtime.instrumentation.MethodCallReplacementClassAdapter - Adding mock interface to class net/sf/saxon/s9api/XdmFunctionItem
18:07:36.328 [main] INFO org.evosuite.runtime.instrumentation.CreateClassResetClassAdapter - Creating brand-new static initializer in class net/sf/saxon/s9api/XdmFunctionItem
18:07:36.329 [main] INFO org.evosuite.runtime.instrumentation.EvoClassLoader - Keeping class: net.sf.saxon.s9api.XdmFunctionItem
18:07:36.329 [main] INFO org.evosuite.runtime.instrumentation.EvoClassLoader - Keeping class: net.sf.saxon.s9api.XdmMap
18:07:36.329 [main] INFO org.evosuite.runtime.instrumentation.EvoClassLoader - Seeing class for first time: net.sf.saxon.s9api.XdmArray
18:07:36.329 [main] INFO org.evosuite.runtime.instrumentation.EvoClassLoader - Instrumenting class 'net.sf.saxon.s9api.XdmArray'.
18:07:36.330 [main] INFO org.evosuite.runtime.instrumentation.MethodCallReplacementClassAdapter - Adding mock interface to class net/sf/saxon/s9api/XdmArray
18:07:36.331 [main] INFO org.evosuite.runtime.instrumentation.CreateClassResetClassAdapter - Creating brand-new static initializer in class net/sf/saxon/s9api/XdmArray
18:07:36.331 [main] INFO org.evosuite.runtime.instrumentation.EvoClassLoader - Keeping class: net.sf.saxon.s9api.XdmArray
18:07:36.331 [main] INFO org.evosuite.runtime.instrumentation.EvoClassLoader - Seeing class for first time: net.sf.saxon.s9api.XdmAtomicValue
18:07:36.331 [main] INFO org.evosuite.runtime.instrumentation.EvoClassLoader - Instrumenting class 'net.sf.saxon.s9api.XdmAtomicValue'.
18:07:36.332 [main] INFO org.evosuite.runtime.instrumentation.MethodCallReplacementClassAdapter - Adding mock interface to class net/sf/saxon/s9api/XdmAtomicValue
18:07:36.335 [main] INFO org.evosuite.runtime.instrumentation.CreateClassResetClassAdapter - Creating brand-new static initializer in class net/sf/saxon/s9api/XdmAtomicValue
18:07:36.336 [main] INFO org.evosuite.runtime.instrumentation.EvoClassLoader - Keeping class: net.sf.saxon.s9api.XdmAtomicValue
18:07:36.336 [main] INFO org.evosuite.runtime.instrumentation.EvoClassLoader - Seeing class for first time: net.sf.saxon.expr.sort.ItemOrderComparer
18:07:36.336 [main] INFO org.evosuite.runtime.instrumentation.EvoClassLoader - Instrumenting class 'net.sf.saxon.expr.sort.ItemOrderComparer'.
18:07:36.336 [main] INFO org.evosuite.runtime.instrumentation.EvoClassLoader - Keeping class: net.sf.saxon.expr.sort.ItemOrderComparer
18:07:36.337 [main] INFO org.evosuite.runtime.instrumentation.EvoClassLoader - Seeing class for first time: net.sf.saxon.s9api.SaxonApiUncheckedException
18:07:36.337 [main] INFO org.evosuite.runtime.instrumentation.EvoClassLoader - Instrumenting class 'net.sf.saxon.s9api.SaxonApiUncheckedException'.
18:07:36.337 [main] INFO org.evosuite.runtime.instrumentation.MethodCallReplacementClassAdapter - Adding mock interface to class net/sf/saxon/s9api/SaxonApiUncheckedException
18:07:36.337 [main] INFO org.evosuite.runtime.instrumentation.CreateClassResetClassAdapter - Creating brand-new static initializer in class net/sf/saxon/s9api/SaxonApiUncheckedException
18:07:36.337 [main] INFO org.evosuite.runtime.instrumentation.EvoClassLoader - Keeping class: net.sf.saxon.s9api.SaxonApiUncheckedException
18:07:36.338 [main] INFO org.evosuite.runtime.instrumentation.EvoClassLoader - Seeing class for first time: net.sf.saxon.s9api.XdmEmptySequence
18:07:36.338 [main] INFO org.evosuite.runtime.instrumentation.EvoClassLoader - Instrumenting class 'net.sf.saxon.s9api.XdmEmptySequence'.
18:07:36.338 [main] INFO org.evosuite.runtime.instrumentation.MethodCallReplacementClassAdapter - Adding mock interface to class net/sf/saxon/s9api/XdmEmptySequence
18:07:36.338 [main] INFO org.evosuite.runtime.instrumentation.CreateClassResetClassAdapter - Found static initializer in class net/sf/saxon/s9api/XdmEmptySequence
18:07:36.339 [main] INFO org.evosuite.runtime.instrumentation.EvoClassLoader - Keeping class: net.sf.saxon.s9api.XdmEmptySequence
18:07:36.339 [main] INFO org.evosuite.runtime.instrumentation.EvoClassLoader - Seeing class for first time: net.sf.saxon.s9api.XdmExternalObject
18:07:36.339 [main] INFO org.evosuite.runtime.instrumentation.EvoClassLoader - Instrumenting class 'net.sf.saxon.s9api.XdmExternalObject'.
18:07:36.340 [main] INFO org.evosuite.runtime.instrumentation.MethodCallReplacementClassAdapter - Adding mock interface to class net/sf/saxon/s9api/XdmExternalObject
18:07:36.340 [main] INFO org.evosuite.runtime.instrumentation.CreateClassResetClassAdapter - Creating brand-new static initializer in class net/sf/saxon/s9api/XdmExternalObject
18:07:36.340 [main] INFO org.evosuite.runtime.instrumentation.EvoClassLoader - Keeping class: net.sf.saxon.s9api.XdmExternalObject
18:07:36.340 [main] INFO org.evosuite.runtime.instrumentation.EvoClassLoader - Seeing class for first time: net.sf.saxon.s9api.streams.Step
18:07:36.340 [main] INFO org.evosuite.runtime.instrumentation.EvoClassLoader - Instrumenting class 'net.sf.saxon.s9api.streams.Step'.
18:07:36.341 [main] INFO org.evosuite.runtime.instrumentation.MethodCallReplacementClassAdapter - Adding mock interface to class net/sf/saxon/s9api/streams/Step
18:07:36.341 [main] INFO org.evosuite.runtime.instrumentation.CreateClassResetClassAdapter - Creating brand-new static initializer in class net/sf/saxon/s9api/streams/Step
18:07:36.341 [main] INFO org.evosuite.runtime.instrumentation.EvoClassLoader - Defined package (3): package net.sf.saxon.s9api.streams, 1770551466
18:07:36.342 [main] INFO org.evosuite.runtime.instrumentation.EvoClassLoader - Keeping class: net.sf.saxon.s9api.streams.Step
18:07:36.342 [main] INFO org.evosuite.runtime.instrumentation.EvoClassLoader - Seeing class for first time: net.sf.saxon.s9api.streams.XdmStream
18:07:36.342 [main] INFO org.evosuite.runtime.instrumentation.EvoClassLoader - Instrumenting class 'net.sf.saxon.s9api.streams.XdmStream'.
18:07:36.343 [main] INFO org.evosuite.runtime.instrumentation.MethodCallReplacementClassAdapter - Adding mock interface to class net/sf/saxon/s9api/streams/XdmStream
18:07:36.345 [main] INFO org.evosuite.runtime.instrumentation.CreateClassResetClassAdapter - Creating brand-new static initializer in class net/sf/saxon/s9api/streams/XdmStream
18:07:36.347 [main] INFO org.evosuite.runtime.instrumentation.EvoClassLoader - Keeping class: net.sf.saxon.s9api.streams.XdmStream
18:07:36.347 [main] INFO org.evosuite.runtime.instrumentation.EvoClassLoader - Seeing class for first time: net.sf.saxon.s9api.ItemType
18:07:36.347 [main] INFO org.evosuite.runtime.instrumentation.EvoClassLoader - Instrumenting class 'net.sf.saxon.s9api.ItemType'.
18:07:36.348 [main] INFO org.evosuite.runtime.instrumentation.MethodCallReplacementClassAdapter - Adding mock interface to class net/sf/saxon/s9api/ItemType
18:07:36.349 [main] INFO org.evosuite.runtime.instrumentation.CreateClassResetClassAdapter - Found static initializer in class net/sf/saxon/s9api/ItemType
18:07:36.350 [main] INFO org.evosuite.runtime.instrumentation.EvoClassLoader - Keeping class: net.sf.saxon.s9api.ItemType
18:07:36.351 [main] INFO org.evosuite.runtime.instrumentation.EvoClassLoader - Seeing class for first time: net.sf.saxon.pattern.NameTest
18:07:36.351 [main] INFO org.evosuite.runtime.instrumentation.EvoClassLoader - Instrumenting class 'net.sf.saxon.pattern.NameTest'.
18:07:36.353 [main] INFO org.evosuite.runtime.instrumentation.MethodCallReplacementClassAdapter - Adding mock interface to class net/sf/saxon/pattern/NameTest
18:07:36.354 [main] INFO org.evosuite.runtime.instrumentation.CreateClassResetClassAdapter - Creating brand-new static initializer in class net/sf/saxon/pattern/NameTest
18:07:36.354 [main] INFO org.evosuite.runtime.instrumentation.EvoClassLoader - Keeping class: net.sf.saxon.pattern.NameTest
18:07:36.354 [main] INFO org.evosuite.runtime.instrumentation.EvoClassLoader - Seeing class for first time: net.sf.saxon.s9api.QName
18:07:36.354 [main] INFO org.evosuite.runtime.instrumentation.EvoClassLoader - Instrumenting class 'net.sf.saxon.s9api.QName'.
18:07:36.355 [main] INFO org.evosuite.runtime.instrumentation.MethodCallReplacementClassAdapter - Adding mock interface to class net/sf/saxon/s9api/QName
18:07:36.356 [main] INFO org.evosuite.runtime.instrumentation.CreateClassResetClassAdapter - Found static initializer in class net/sf/saxon/s9api/QName
18:07:36.357 [main] INFO org.evosuite.runtime.instrumentation.EvoClassLoader - Keeping class: net.sf.saxon.s9api.QName
18:07:36.357 [main] INFO org.evosuite.runtime.instrumentation.EvoClassLoader - Seeing class for first time: net.sf.saxon.s9api.Processor
18:07:36.357 [main] INFO org.evosuite.runtime.instrumentation.EvoClassLoader - Instrumenting class 'net.sf.saxon.s9api.Processor'.
18:07:36.357 [main] INFO org.evosuite.runtime.instrumentation.MethodCallReplacementClassAdapter - Adding mock interface to class net/sf/saxon/s9api/Processor
18:07:36.359 [main] INFO org.evosuite.runtime.instrumentation.CreateClassResetClassAdapter - Creating brand-new static initializer in class net/sf/saxon/s9api/Processor
18:07:36.359 [main] INFO org.evosuite.runtime.instrumentation.EvoClassLoader - Keeping class: net.sf.saxon.s9api.Processor
18:07:36.359 [main] INFO org.evosuite.runtime.instrumentation.EvoClassLoader - Seeing class for first time: net.sf.saxon.s9api.Axis
18:07:36.359 [main] INFO org.evosuite.runtime.instrumentation.EvoClassLoader - Instrumenting class 'net.sf.saxon.s9api.Axis'.
18:07:36.359 [main] INFO org.evosuite.runtime.instrumentation.MethodCallReplacementClassAdapter - Adding mock interface to class net/sf/saxon/s9api/Axis
18:07:36.359 [main] INFO org.evosuite.runtime.instrumentation.CreateClassResetClassAdapter - Found static initializer in class net/sf/saxon/s9api/Axis
18:07:36.360 [main] INFO org.evosuite.runtime.instrumentation.EvoClassLoader - Keeping class: net.sf.saxon.s9api.Axis
18:07:36.360 [main] INFO org.evosuite.runtime.instrumentation.EvoClassLoader - Seeing class for first time: net.sf.saxon.s9api.XdmSequenceIterator
18:07:36.360 [main] INFO org.evosuite.runtime.instrumentation.EvoClassLoader - Instrumenting class 'net.sf.saxon.s9api.XdmSequenceIterator'.
18:07:36.360 [main] INFO org.evosuite.runtime.instrumentation.MethodCallReplacementClassAdapter - Adding mock interface to class net/sf/saxon/s9api/XdmSequenceIterator
18:07:36.361 [main] INFO org.evosuite.runtime.instrumentation.CreateClassResetClassAdapter - Creating brand-new static initializer in class net/sf/saxon/s9api/XdmSequenceIterator
18:07:36.361 [main] INFO org.evosuite.runtime.instrumentation.CreateClassResetClassAdapter - Adding bytecode for initializing field BEFORE_ITEM
18:07:36.361 [main] INFO org.evosuite.runtime.instrumentation.CreateClassResetClassAdapter - Adding bytecode for initializing field ON_ITEM
18:07:36.361 [main] INFO org.evosuite.runtime.instrumentation.CreateClassResetClassAdapter - Adding bytecode for initializing field FINISHED
18:07:36.361 [main] INFO org.evosuite.runtime.instrumentation.EvoClassLoader - Keeping class: net.sf.saxon.s9api.XdmSequenceIterator
18:07:36.361 [main] INFO org.evosuite.runtime.instrumentation.EvoClassLoader - Seeing class for first time: net.sf.saxon.s9api.XdmNodeKind
18:07:36.361 [main] INFO org.evosuite.runtime.instrumentation.EvoClassLoader - Instrumenting class 'net.sf.saxon.s9api.XdmNodeKind'.
18:07:36.362 [main] INFO org.evosuite.runtime.instrumentation.MethodCallReplacementClassAdapter - Adding mock interface to class net/sf/saxon/s9api/XdmNodeKind
18:07:36.363 [main] INFO org.evosuite.runtime.instrumentation.CreateClassResetClassAdapter - Found static initializer in class net/sf/saxon/s9api/XdmNodeKind
18:07:36.363 [main] INFO org.evosuite.runtime.instrumentation.EvoClassLoader - Keeping class: net.sf.saxon.s9api.XdmNodeKind
18:07:36.364 [main] INFO org.evosuite.runtime.instrumentation.EvoClassLoader - Seeing class for first time: net.sf.saxon.s9api.streams.Step$5
18:07:36.364 [main] INFO org.evosuite.runtime.instrumentation.EvoClassLoader - Instrumenting class 'net.sf.saxon.s9api.streams.Step$5'.
18:07:36.364 [main] INFO org.evosuite.runtime.instrumentation.MethodCallReplacementClassAdapter - Adding mock interface to class net/sf/saxon/s9api/streams/Step$5
18:07:36.364 [main] INFO org.evosuite.runtime.instrumentation.EvoClassLoader - Keeping class: net.sf.saxon.s9api.streams.Step$5
18:07:36.365 [main] INFO org.evosuite.runtime.instrumentation.EvoClassLoader - Seeing class for first time: net.sf.saxon.s9api.streams.Step$4
18:07:36.365 [main] INFO org.evosuite.runtime.instrumentation.EvoClassLoader - Instrumenting class 'net.sf.saxon.s9api.streams.Step$4'.
18:07:36.365 [main] INFO org.evosuite.runtime.instrumentation.MethodCallReplacementClassAdapter - Adding mock interface to class net/sf/saxon/s9api/streams/Step$4
18:07:36.365 [main] INFO org.evosuite.runtime.instrumentation.EvoClassLoader - Keeping class: net.sf.saxon.s9api.streams.Step$4
18:07:36.365 [main] INFO org.evosuite.runtime.instrumentation.EvoClassLoader - Seeing class for first time: net.sf.saxon.s9api.streams.Step$1
18:07:36.365 [main] INFO org.evosuite.runtime.instrumentation.EvoClassLoader - Instrumenting class 'net.sf.saxon.s9api.streams.Step$1'.
18:07:36.366 [main] INFO org.evosuite.runtime.instrumentation.MethodCallReplacementClassAdapter - Adding mock interface to class net/sf/saxon/s9api/streams/Step$1
18:07:36.366 [main] INFO org.evosuite.runtime.instrumentation.EvoClassLoader - Keeping class: net.sf.saxon.s9api.streams.Step$1
18:07:36.366 [main] INFO org.evosuite.runtime.instrumentation.EvoClassLoader - Seeing class for first time: net.sf.saxon.s9api.streams.Step$2
18:07:36.366 [main] INFO org.evosuite.runtime.instrumentation.EvoClassLoader - Instrumenting class 'net.sf.saxon.s9api.streams.Step$2'.
18:07:36.367 [main] INFO org.evosuite.runtime.instrumentation.MethodCallReplacementClassAdapter - Adding mock interface to class net/sf/saxon/s9api/streams/Step$2
18:07:36.368 [main] INFO org.evosuite.runtime.instrumentation.EvoClassLoader - Keeping class: net.sf.saxon.s9api.streams.Step$2
18:07:36.368 [main] INFO org.evosuite.runtime.instrumentation.EvoClassLoader - Seeing class for first time: net.sf.saxon.s9api.streams.Step$6
18:07:36.368 [main] INFO org.evosuite.runtime.instrumentation.EvoClassLoader - Instrumenting class 'net.sf.saxon.s9api.streams.Step$6'.
18:07:36.368 [main] INFO org.evosuite.runtime.instrumentation.MethodCallReplacementClassAdapter - Adding mock interface to class net/sf/saxon/s9api/streams/Step$6
18:07:36.369 [main] INFO org.evosuite.runtime.instrumentation.EvoClassLoader - Keeping class: net.sf.saxon.s9api.streams.Step$6
18:07:36.369 [main] INFO org.evosuite.runtime.instrumentation.EvoClassLoader - Seeing class for first time: net.sf.saxon.s9api.streams.Step$3
18:07:36.369 [main] INFO org.evosuite.runtime.instrumentation.EvoClassLoader - Instrumenting class 'net.sf.saxon.s9api.streams.Step$3'.
18:07:36.369 [main] INFO org.evosuite.runtime.instrumentation.MethodCallReplacementClassAdapter - Adding mock interface to class net/sf/saxon/s9api/streams/Step$3
18:07:36.370 [main] INFO org.evosuite.runtime.instrumentation.EvoClassLoader - Keeping class: net.sf.saxon.s9api.streams.Step$3
18:07:36.372 [main] INFO org.evosuite.runtime.instrumentation.EvoClassLoader - Seeing class for first time: net.sf.saxon.s9api.streams.XdmCollectors
18:07:36.372 [main] INFO org.evosuite.runtime.instrumentation.EvoClassLoader - Instrumenting class 'net.sf.saxon.s9api.streams.XdmCollectors'.
18:07:36.372 [main] INFO org.evosuite.runtime.instrumentation.MethodCallReplacementClassAdapter - Adding mock interface to class net/sf/saxon/s9api/streams/XdmCollectors
18:07:36.372 [main] INFO org.evosuite.runtime.instrumentation.CreateClassResetClassAdapter - Creating brand-new static initializer in class net/sf/saxon/s9api/streams/XdmCollectors
18:07:36.372 [main] INFO org.evosuite.runtime.instrumentation.EvoClassLoader - Keeping class: net.sf.saxon.s9api.streams.XdmCollectors
18:07:36.372 [main] INFO org.evosuite.runtime.instrumentation.EvoClassLoader - Seeing class for first time: net.sf.saxon.s9api.streams.XdmCollectors$XdmCollector
18:07:36.372 [main] INFO org.evosuite.runtime.instrumentation.EvoClassLoader - Instrumenting class 'net.sf.saxon.s9api.streams.XdmCollectors$XdmCollector'.
18:07:36.373 [main] INFO org.evosuite.runtime.instrumentation.MethodCallReplacementClassAdapter - Adding mock interface to class net/sf/saxon/s9api/streams/XdmCollectors$XdmCollector
18:07:36.373 [main] INFO org.evosuite.runtime.instrumentation.CreateClassResetClassAdapter - Creating brand-new static initializer in class net/sf/saxon/s9api/streams/XdmCollectors$XdmCollector
18:07:36.373 [main] INFO org.evosuite.runtime.instrumentation.EvoClassLoader - Keeping class: net.sf.saxon.s9api.streams.XdmCollectors$XdmCollector
18:07:36.373 [main] INFO org.evosuite.runtime.instrumentation.EvoClassLoader - Seeing class for first time: net.sf.saxon.s9api.streams.XdmCollectors$9
18:07:36.373 [main] INFO org.evosuite.runtime.instrumentation.EvoClassLoader - Instrumenting class 'net.sf.saxon.s9api.streams.XdmCollectors$9'.
18:07:36.374 [main] INFO org.evosuite.runtime.instrumentation.MethodCallReplacementClassAdapter - Adding mock interface to class net/sf/saxon/s9api/streams/XdmCollectors$9
18:07:36.374 [main] INFO org.evosuite.runtime.instrumentation.EvoClassLoader - Keeping class: net.sf.saxon.s9api.streams.XdmCollectors$9
18:07:36.374 [main] INFO org.evosuite.runtime.instrumentation.EvoClassLoader - Seeing class for first time: net.sf.saxon.s9api.streams.XdmCollectors$4
18:07:36.374 [main] INFO org.evosuite.runtime.instrumentation.EvoClassLoader - Instrumenting class 'net.sf.saxon.s9api.streams.XdmCollectors$4'.
18:07:36.374 [main] INFO org.evosuite.runtime.instrumentation.MethodCallReplacementClassAdapter - Adding mock interface to class net/sf/saxon/s9api/streams/XdmCollectors$4
18:07:36.374 [main] INFO org.evosuite.runtime.instrumentation.EvoClassLoader - Keeping class: net.sf.saxon.s9api.streams.XdmCollectors$4
18:07:36.374 [main] INFO org.evosuite.runtime.instrumentation.EvoClassLoader - Seeing class for first time: net.sf.saxon.s9api.streams.XdmCollectors$7
18:07:36.374 [main] INFO org.evosuite.runtime.instrumentation.EvoClassLoader - Instrumenting class 'net.sf.saxon.s9api.streams.XdmCollectors$7'.
18:07:36.375 [main] INFO org.evosuite.runtime.instrumentation.MethodCallReplacementClassAdapter - Adding mock interface to class net/sf/saxon/s9api/streams/XdmCollectors$7
18:07:36.375 [main] INFO org.evosuite.runtime.instrumentation.EvoClassLoader - Keeping class: net.sf.saxon.s9api.streams.XdmCollectors$7
18:07:36.375 [main] INFO org.evosuite.runtime.instrumentation.EvoClassLoader - Seeing class for first time: net.sf.saxon.s9api.streams.XdmCollectors$1
18:07:36.375 [main] INFO org.evosuite.runtime.instrumentation.EvoClassLoader - Instrumenting class 'net.sf.saxon.s9api.streams.XdmCollectors$1'.
18:07:36.375 [main] INFO org.evosuite.runtime.instrumentation.MethodCallReplacementClassAdapter - Adding mock interface to class net/sf/saxon/s9api/streams/XdmCollectors$1
18:07:36.375 [main] INFO org.evosuite.runtime.instrumentation.EvoClassLoader - Keeping class: net.sf.saxon.s9api.streams.XdmCollectors$1
18:07:36.375 [main] INFO org.evosuite.runtime.instrumentation.EvoClassLoader - Seeing class for first time: net.sf.saxon.s9api.streams.XdmCollectors$3
18:07:36.375 [main] INFO org.evosuite.runtime.instrumentation.EvoClassLoader - Instrumenting class 'net.sf.saxon.s9api.streams.XdmCollectors$3'.
18:07:36.376 [main] INFO org.evosuite.runtime.instrumentation.MethodCallReplacementClassAdapter - Adding mock interface to class net/sf/saxon/s9api/streams/XdmCollectors$3
18:07:36.376 [main] INFO org.evosuite.runtime.instrumentation.EvoClassLoader - Keeping class: net.sf.saxon.s9api.streams.XdmCollectors$3
18:07:36.376 [main] INFO org.evosuite.runtime.instrumentation.EvoClassLoader - Seeing class for first time: net.sf.saxon.s9api.streams.XdmCollectors$2
18:07:36.376 [main] INFO org.evosuite.runtime.instrumentation.EvoClassLoader - Instrumenting class 'net.sf.saxon.s9api.streams.XdmCollectors$2'.
18:07:36.376 [main] INFO org.evosuite.runtime.instrumentation.MethodCallReplacementClassAdapter - Adding mock interface to class net/sf/saxon/s9api/streams/XdmCollectors$2
18:07:36.376 [main] INFO org.evosuite.runtime.instrumentation.EvoClassLoader - Keeping class: net.sf.saxon.s9api.streams.XdmCollectors$2
18:07:36.376 [main] INFO org.evosuite.runtime.instrumentation.EvoClassLoader - Seeing class for first time: net.sf.saxon.s9api.streams.XdmCollectors$5
18:07:36.376 [main] INFO org.evosuite.runtime.instrumentation.EvoClassLoader - Instrumenting class 'net.sf.saxon.s9api.streams.XdmCollectors$5'.
18:07:36.376 [main] INFO org.evosuite.runtime.instrumentation.MethodCallReplacementClassAdapter - Adding mock interface to class net/sf/saxon/s9api/streams/XdmCollectors$5
18:07:36.377 [main] INFO org.evosuite.runtime.instrumentation.EvoClassLoader - Keeping class: net.sf.saxon.s9api.streams.XdmCollectors$5
18:07:36.377 [main] INFO org.evosuite.runtime.instrumentation.EvoClassLoader - Seeing class for first time: net.sf.saxon.s9api.streams.XdmCollectors$6
18:07:36.377 [main] INFO org.evosuite.runtime.instrumentation.EvoClassLoader - Instrumenting class 'net.sf.saxon.s9api.streams.XdmCollectors$6'.
18:07:36.377 [main] INFO org.evosuite.runtime.instrumentation.MethodCallReplacementClassAdapter - Adding mock interface to class net/sf/saxon/s9api/streams/XdmCollectors$6
18:07:36.377 [main] INFO org.evosuite.runtime.instrumentation.EvoClassLoader - Keeping class: net.sf.saxon.s9api.streams.XdmCollectors$6
18:07:36.377 [main] INFO org.evosuite.runtime.instrumentation.EvoClassLoader - Seeing class for first time: net.sf.saxon.s9api.streams.XdmCollectors$8
18:07:36.377 [main] INFO org.evosuite.runtime.instrumentation.EvoClassLoader - Instrumenting class 'net.sf.saxon.s9api.streams.XdmCollectors$8'.
18:07:36.378 [main] INFO org.evosuite.runtime.instrumentation.MethodCallReplacementClassAdapter - Adding mock interface to class net/sf/saxon/s9api/streams/XdmCollectors$8
18:07:36.378 [main] INFO org.evosuite.runtime.instrumentation.EvoClassLoader - Keeping class: net.sf.saxon.s9api.streams.XdmCollectors$8
18:07:36.379 [main] INFO org.evosuite.runtime.instrumentation.EvoClassLoader - Seeing class for first time: net.sf.saxon.resource.AbstractResourceCollection$InputDetails
18:07:36.379 [main] INFO org.evosuite.runtime.instrumentation.EvoClassLoader - Instrumenting class 'net.sf.saxon.resource.AbstractResourceCollection$InputDetails'.
18:07:36.379 [main] INFO org.evosuite.runtime.instrumentation.MethodCallReplacementClassAdapter - Adding mock interface to class net/sf/saxon/resource/AbstractResourceCollection$InputDetails
18:07:36.380 [main] INFO org.evosuite.runtime.instrumentation.CreateClassResetClassAdapter - Creating brand-new static initializer in class net/sf/saxon/resource/AbstractResourceCollection$InputDetails
18:07:36.380 [main] INFO org.evosuite.runtime.instrumentation.EvoClassLoader - Keeping class: net.sf.saxon.resource.AbstractResourceCollection$InputDetails
18:07:36.380 [main] INFO org.evosuite.runtime.instrumentation.EvoClassLoader - Seeing class for first time: net.sf.saxon.resource.AbstractResourceCollection
18:07:36.380 [main] INFO org.evosuite.runtime.instrumentation.EvoClassLoader - Instrumenting class 'net.sf.saxon.resource.AbstractResourceCollection'.
18:07:36.381 [main] INFO org.evosuite.runtime.instrumentation.MethodCallReplacementClassAdapter - Adding mock interface to class net/sf/saxon/resource/AbstractResourceCollection
18:07:36.385 [main] INFO org.evosuite.runtime.instrumentation.CreateClassResetClassAdapter - Creating brand-new static initializer in class net/sf/saxon/resource/AbstractResourceCollection
18:07:36.386 [main] INFO org.evosuite.runtime.instrumentation.EvoClassLoader - Keeping class: net.sf.saxon.resource.AbstractResourceCollection
18:07:36.386 [main] INFO org.evosuite.runtime.instrumentation.EvoClassLoader - Seeing class for first time: net.sf.saxon.tree.iter.AtomicIterator
18:07:36.386 [main] INFO org.evosuite.runtime.instrumentation.EvoClassLoader - Instrumenting class 'net.sf.saxon.tree.iter.AtomicIterator'.
18:07:36.387 [main] INFO org.evosuite.runtime.instrumentation.EvoClassLoader - Keeping class: net.sf.saxon.tree.iter.AtomicIterator
18:07:36.387 [main] INFO org.evosuite.runtime.instrumentation.EvoClassLoader - Seeing class for first time: net.sf.saxon.trans.NoDynamicContextException
18:07:36.387 [main] INFO org.evosuite.runtime.instrumentation.EvoClassLoader - Instrumenting class 'net.sf.saxon.trans.NoDynamicContextException'.
18:07:36.387 [main] INFO org.evosuite.runtime.instrumentation.MethodCallReplacementClassAdapter - Adding mock interface to class net/sf/saxon/trans/NoDynamicContextException
18:07:36.387 [main] INFO org.evosuite.runtime.instrumentation.CreateClassResetClassAdapter - Creating brand-new static initializer in class net/sf/saxon/trans/NoDynamicContextException
18:07:36.387 [main] INFO org.evosuite.runtime.instrumentation.EvoClassLoader - Keeping class: net.sf.saxon.trans.NoDynamicContextException
18:07:36.387 [main] INFO org.evosuite.runtime.instrumentation.EvoClassLoader - Seeing class for first time: net.sf.saxon.tree.iter.SingleAtomicIterator
18:07:36.387 [main] INFO org.evosuite.runtime.instrumentation.EvoClassLoader - Instrumenting class 'net.sf.saxon.tree.iter.SingleAtomicIterator'.
18:07:36.388 [main] INFO org.evosuite.runtime.instrumentation.MethodCallReplacementClassAdapter - Adding mock interface to class net/sf/saxon/tree/iter/SingleAtomicIterator
18:07:36.389 [main] INFO org.evosuite.runtime.instrumentation.CreateClassResetClassAdapter - Creating brand-new static initializer in class net/sf/saxon/tree/iter/SingleAtomicIterator
18:07:36.389 [main] INFO org.evosuite.runtime.instrumentation.EvoClassLoader - Seeing class for first time: net.sf.saxon.tree.iter.ReversibleIterator
18:07:36.389 [main] INFO org.evosuite.runtime.instrumentation.EvoClassLoader - Instrumenting class 'net.sf.saxon.tree.iter.ReversibleIterator'.
18:07:36.389 [main] INFO org.evosuite.runtime.instrumentation.EvoClassLoader - Keeping class: net.sf.saxon.tree.iter.ReversibleIterator
18:07:36.389 [main] INFO org.evosuite.runtime.instrumentation.EvoClassLoader - Seeing class for first time: net.sf.saxon.expr.LastPositionFinder
18:07:36.389 [main] INFO org.evosuite.runtime.instrumentation.EvoClassLoader - Instrumenting class 'net.sf.saxon.expr.LastPositionFinder'.
18:07:36.390 [main] INFO org.evosuite.runtime.instrumentation.EvoClassLoader - Keeping class: net.sf.saxon.expr.LastPositionFinder
18:07:36.390 [main] INFO org.evosuite.runtime.instrumentation.EvoClassLoader - Seeing class for first time: net.sf.saxon.tree.iter.GroundedIterator
18:07:36.390 [main] INFO org.evosuite.runtime.instrumentation.EvoClassLoader - Instrumenting class 'net.sf.saxon.tree.iter.GroundedIterator'.
18:07:36.390 [main] INFO org.evosuite.runtime.instrumentation.EvoClassLoader - Keeping class: net.sf.saxon.tree.iter.GroundedIterator
18:07:36.390 [main] INFO org.evosuite.runtime.instrumentation.EvoClassLoader - Seeing class for first time: net.sf.saxon.tree.iter.LookaheadIterator
18:07:36.390 [main] INFO org.evosuite.runtime.instrumentation.EvoClassLoader - Instrumenting class 'net.sf.saxon.tree.iter.LookaheadIterator'.
18:07:36.390 [main] INFO org.evosuite.runtime.instrumentation.EvoClassLoader - Keeping class: net.sf.saxon.tree.iter.LookaheadIterator
18:07:36.390 [main] INFO org.evosuite.runtime.instrumentation.EvoClassLoader - Keeping class: net.sf.saxon.tree.iter.SingleAtomicIterator
18:07:36.390 [main] INFO org.evosuite.runtime.instrumentation.EvoClassLoader - Seeing class for first time: net.sf.saxon.type.UType
18:07:36.390 [main] INFO org.evosuite.runtime.instrumentation.EvoClassLoader - Instrumenting class 'net.sf.saxon.type.UType'.
18:07:36.391 [main] INFO org.evosuite.runtime.instrumentation.MethodCallReplacementClassAdapter - Adding mock interface to class net/sf/saxon/type/UType
18:07:36.398 [main] INFO org.evosuite.runtime.instrumentation.CreateClassResetClassAdapter - Found static initializer in class net/sf/saxon/type/UType
18:07:36.398 [main] INFO org.evosuite.runtime.instrumentation.EvoClassLoader - Keeping class: net.sf.saxon.type.UType
18:07:36.398 [main] INFO org.evosuite.runtime.instrumentation.EvoClassLoader - Seeing class for first time: net.sf.saxon.om.Genre
18:07:36.398 [main] INFO org.evosuite.runtime.instrumentation.EvoClassLoader - Instrumenting class 'net.sf.saxon.om.Genre'.
18:07:36.399 [main] INFO org.evosuite.runtime.instrumentation.MethodCallReplacementClassAdapter - Adding mock interface to class net/sf/saxon/om/Genre
18:07:36.399 [main] INFO org.evosuite.runtime.instrumentation.CreateClassResetClassAdapter - Found static initializer in class net/sf/saxon/om/Genre
18:07:36.399 [main] INFO org.evosuite.runtime.instrumentation.EvoClassLoader - Keeping class: net.sf.saxon.om.Genre
18:07:36.399 [main] INFO org.evosuite.runtime.instrumentation.EvoClassLoader - Seeing class for first time: net.sf.saxon.functions.AccessorFn$Component
18:07:36.399 [main] INFO org.evosuite.runtime.instrumentation.EvoClassLoader - Instrumenting class 'net.sf.saxon.functions.AccessorFn$Component'.
18:07:36.400 [main] INFO org.evosuite.runtime.instrumentation.MethodCallReplacementClassAdapter - Adding mock interface to class net/sf/saxon/functions/AccessorFn$Component
18:07:36.400 [main] INFO org.evosuite.runtime.instrumentation.CreateClassResetClassAdapter - Found static initializer in class net/sf/saxon/functions/AccessorFn$Component
18:07:36.400 [main] INFO org.evosuite.runtime.instrumentation.EvoClassLoader - Keeping class: net.sf.saxon.functions.AccessorFn$Component
18:07:36.400 [main] INFO org.evosuite.runtime.instrumentation.EvoClassLoader - Seeing class for first time: net.sf.saxon.value.NumericValue
18:07:36.400 [main] INFO org.evosuite.runtime.instrumentation.EvoClassLoader - Instrumenting class 'net.sf.saxon.value.NumericValue'.
18:07:36.401 [main] INFO org.evosuite.runtime.instrumentation.MethodCallReplacementClassAdapter - Adding mock interface to class net/sf/saxon/value/NumericValue
18:07:36.401 [main] INFO org.evosuite.runtime.instrumentation.CreateClassResetClassAdapter - Creating brand-new static initializer in class net/sf/saxon/value/NumericValue
18:07:36.401 [main] INFO org.evosuite.runtime.instrumentation.EvoClassLoader - Keeping class: net.sf.saxon.value.NumericValue
18:07:36.401 [main] INFO org.evosuite.runtime.instrumentation.EvoClassLoader - Seeing class for first time: net.sf.saxon.value.DoubleValue
18:07:36.401 [main] INFO org.evosuite.runtime.instrumentation.EvoClassLoader - Instrumenting class 'net.sf.saxon.value.DoubleValue'.
18:07:36.402 [main] INFO org.evosuite.runtime.instrumentation.MethodCallReplacementClassAdapter - Adding mock interface to class net/sf/saxon/value/DoubleValue
18:07:36.402 [main] INFO org.evosuite.runtime.instrumentation.CreateClassResetClassAdapter - Found static initializer in class net/sf/saxon/value/DoubleValue
18:07:36.402 [main] INFO org.evosuite.runtime.instrumentation.EvoClassLoader - Keeping class: net.sf.saxon.value.DoubleValue
18:07:36.403 [main] INFO org.evosuite.runtime.instrumentation.EvoClassLoader - Seeing class for first time: net.sf.saxon.type.AnySimpleType
18:07:36.403 [main] INFO org.evosuite.runtime.instrumentation.EvoClassLoader - Instrumenting class 'net.sf.saxon.type.AnySimpleType'.
18:07:36.403 [main] INFO org.evosuite.runtime.instrumentation.MethodCallReplacementClassAdapter - Adding mock interface to class net/sf/saxon/type/AnySimpleType
18:07:36.403 [main] INFO org.evosuite.runtime.instrumentation.CreateClassResetClassAdapter - Found static initializer in class net/sf/saxon/type/AnySimpleType
18:07:36.404 [main] INFO org.evosuite.runtime.instrumentation.EvoClassLoader - Keeping class: net.sf.saxon.type.AnySimpleType
18:07:36.404 [main] INFO org.evosuite.runtime.instrumentation.EvoClassLoader - Seeing class for first time: net.sf.saxon.type.ValidationFailure
18:07:36.404 [main] INFO org.evosuite.runtime.instrumentation.EvoClassLoader - Instrumenting class 'net.sf.saxon.type.ValidationFailure'.
18:07:36.404 [main] INFO org.evosuite.runtime.instrumentation.MethodCallReplacementClassAdapter - Adding mock interface to class net/sf/saxon/type/ValidationFailure
18:07:36.405 [main] INFO org.evosuite.runtime.instrumentation.CreateClassResetClassAdapter - Creating brand-new static initializer in class net/sf/saxon/type/ValidationFailure
18:07:36.405 [main] INFO org.evosuite.runtime.instrumentation.EvoClassLoader - Seeing class for first time: net.sf.saxon.lib.Invalidity
18:07:36.405 [main] INFO org.evosuite.runtime.instrumentation.EvoClassLoader - Instrumenting class 'net.sf.saxon.lib.Invalidity'.
18:07:36.406 [main] INFO org.evosuite.runtime.instrumentation.EvoClassLoader - Keeping class: net.sf.saxon.lib.Invalidity
18:07:36.406 [main] INFO org.evosuite.runtime.instrumentation.EvoClassLoader - Keeping class: net.sf.saxon.type.ValidationFailure
18:07:36.406 [main] INFO org.evosuite.runtime.instrumentation.EvoClassLoader - Seeing class for first time: net.sf.saxon.tree.tiny.NodeVectorTree
18:07:36.406 [main] INFO org.evosuite.runtime.instrumentation.EvoClassLoader - Instrumenting class 'net.sf.saxon.tree.tiny.NodeVectorTree'.
18:07:36.407 [main] INFO org.evosuite.runtime.instrumentation.EvoClassLoader - Keeping class: net.sf.saxon.tree.tiny.NodeVectorTree
18:07:36.407 [main] INFO org.evosuite.runtime.instrumentation.EvoClassLoader - Seeing class for first time: net.sf.saxon.type.AnyItemType
18:07:36.407 [main] INFO org.evosuite.runtime.instrumentation.EvoClassLoader - Instrumenting class 'net.sf.saxon.type.AnyItemType'.
18:07:36.407 [main] INFO org.evosuite.runtime.instrumentation.MethodCallReplacementClassAdapter - Adding mock interface to class net/sf/saxon/type/AnyItemType
18:07:36.408 [main] INFO org.evosuite.runtime.instrumentation.CreateClassResetClassAdapter - Found static initializer in class net/sf/saxon/type/AnyItemType
18:07:36.408 [main] INFO org.evosuite.runtime.instrumentation.EvoClassLoader - Keeping class: net.sf.saxon.type.AnyItemType
18:07:36.409 [main] INFO org.evosuite.runtime.instrumentation.EvoClassLoader - Seeing class for first time: net.sf.saxon.type.Type
18:07:36.409 [main] INFO org.evosuite.runtime.instrumentation.EvoClassLoader - Instrumenting class 'net.sf.saxon.type.Type'.
18:07:36.410 [main] INFO org.evosuite.runtime.instrumentation.MethodCallReplacementClassAdapter - Adding mock interface to class net/sf/saxon/type/Type
18:07:36.413 [main] INFO org.evosuite.runtime.instrumentation.CreateClassResetClassAdapter - Found static initializer in class net/sf/saxon/type/Type
18:07:36.414 [main] INFO org.evosuite.runtime.instrumentation.EvoClassLoader - Keeping class: net.sf.saxon.type.Type
18:07:36.414 [main] INFO org.evosuite.runtime.instrumentation.EvoClassLoader - Seeing class for first time: net.sf.saxon.pattern.ContentTypeTest
18:07:36.414 [main] INFO org.evosuite.runtime.instrumentation.EvoClassLoader - Instrumenting class 'net.sf.saxon.pattern.ContentTypeTest'.
18:07:36.415 [main] INFO org.evosuite.runtime.instrumentation.MethodCallReplacementClassAdapter - Adding mock interface to class net/sf/saxon/pattern/ContentTypeTest
18:07:36.417 [main] INFO org.evosuite.runtime.instrumentation.CreateClassResetClassAdapter - Found static initializer in class net/sf/saxon/pattern/ContentTypeTest
18:07:36.417 [main] INFO org.evosuite.runtime.instrumentation.EvoClassLoader - Keeping class: net.sf.saxon.pattern.ContentTypeTest
18:07:36.417 [main] INFO org.evosuite.runtime.instrumentation.EvoClassLoader - Seeing class for first time: net.sf.saxon.pattern.SameNameTest
18:07:36.417 [main] INFO org.evosuite.runtime.instrumentation.EvoClassLoader - Instrumenting class 'net.sf.saxon.pattern.SameNameTest'.
18:07:36.418 [main] INFO org.evosuite.runtime.instrumentation.MethodCallReplacementClassAdapter - Adding mock interface to class net/sf/saxon/pattern/SameNameTest
18:07:36.419 [main] INFO org.evosuite.runtime.instrumentation.CreateClassResetClassAdapter - Creating brand-new static initializer in class net/sf/saxon/pattern/SameNameTest
18:07:36.420 [main] INFO org.evosuite.runtime.instrumentation.EvoClassLoader - Keeping class: net.sf.saxon.pattern.SameNameTest
18:07:36.420 [main] INFO org.evosuite.runtime.instrumentation.EvoClassLoader - Seeing class for first time: net.sf.saxon.type.PrimitiveUType
18:07:36.421 [main] INFO org.evosuite.runtime.instrumentation.EvoClassLoader - Instrumenting class 'net.sf.saxon.type.PrimitiveUType'.
18:07:36.421 [main] INFO org.evosuite.runtime.instrumentation.MethodCallReplacementClassAdapter - Adding mock interface to class net/sf/saxon/type/PrimitiveUType
18:07:36.423 [main] INFO org.evosuite.runtime.instrumentation.CreateClassResetClassAdapter - Found static initializer in class net/sf/saxon/type/PrimitiveUType
18:07:36.424 [main] INFO org.evosuite.runtime.instrumentation.EvoClassLoader - Keeping class: net.sf.saxon.type.PrimitiveUType
18:07:36.425 [main] INFO org.evosuite.runtime.instrumentation.EvoClassLoader - Seeing class for first time: net.sf.saxon.type.AnyType
18:07:36.425 [main] INFO org.evosuite.runtime.instrumentation.EvoClassLoader - Instrumenting class 'net.sf.saxon.type.AnyType'.
18:07:36.426 [main] INFO org.evosuite.runtime.instrumentation.MethodCallReplacementClassAdapter - Adding mock interface to class net/sf/saxon/type/AnyType
18:07:36.427 [main] INFO org.evosuite.runtime.instrumentation.CreateClassResetClassAdapter - Found static initializer in class net/sf/saxon/type/AnyType
18:07:36.428 [main] INFO org.evosuite.runtime.instrumentation.EvoClassLoader - Keeping class: net.sf.saxon.type.AnyType
18:07:36.429 [main] INFO org.evosuite.runtime.instrumentation.EvoClassLoader - Seeing class for first time: net.sf.saxon.type.NumericType
18:07:36.429 [main] INFO org.evosuite.runtime.instrumentation.EvoClassLoader - Instrumenting class 'net.sf.saxon.type.NumericType'.
18:07:36.430 [main] INFO org.evosuite.runtime.instrumentation.MethodCallReplacementClassAdapter - Adding mock interface to class net/sf/saxon/type/NumericType
18:07:36.431 [main] INFO org.evosuite.runtime.instrumentation.CreateClassResetClassAdapter - Found static initializer in class net/sf/saxon/type/NumericType
18:07:36.432 [main] INFO org.evosuite.runtime.instrumentation.EvoClassLoader - Keeping class: net.sf.saxon.type.NumericType
18:07:36.433 [main] INFO org.evosuite.runtime.instrumentation.EvoClassLoader - Seeing class for first time: net.sf.saxon.type.BuiltInType
18:07:36.433 [main] INFO org.evosuite.runtime.instrumentation.EvoClassLoader - Instrumenting class 'net.sf.saxon.type.BuiltInType'.
18:07:36.433 [main] INFO org.evosuite.runtime.instrumentation.MethodCallReplacementClassAdapter - Adding mock interface to class net/sf/saxon/type/BuiltInType
18:07:36.434 [main] INFO org.evosuite.runtime.instrumentation.CreateClassResetClassAdapter - Found static initializer in class net/sf/saxon/type/BuiltInType
18:07:36.434 [main] INFO org.evosuite.runtime.instrumentation.EvoClassLoader - Keeping class: net.sf.saxon.type.BuiltInType
18:07:36.434 [main] INFO org.evosuite.runtime.instrumentation.EvoClassLoader - Seeing class for first time: net.sf.saxon.om.FingerprintedQName
18:07:36.435 [main] INFO org.evosuite.runtime.instrumentation.EvoClassLoader - Instrumenting class 'net.sf.saxon.om.FingerprintedQName'.
18:07:36.435 [main] INFO org.evosuite.runtime.instrumentation.MethodCallReplacementClassAdapter - Adding mock interface to class net/sf/saxon/om/FingerprintedQName
18:07:36.436 [main] INFO org.evosuite.runtime.instrumentation.CreateClassResetClassAdapter - Creating brand-new static initializer in class net/sf/saxon/om/FingerprintedQName
18:07:36.436 [main] INFO org.evosuite.runtime.instrumentation.EvoClassLoader - Keeping class: net.sf.saxon.om.FingerprintedQName
18:07:36.436 [main] INFO org.evosuite.runtime.instrumentation.EvoClassLoader - Seeing class for first time: net.sf.saxon.om.StandardNames
18:07:36.436 [main] INFO org.evosuite.runtime.instrumentation.EvoClassLoader - Instrumenting class 'net.sf.saxon.om.StandardNames'.
18:07:36.437 [main] INFO org.evosuite.runtime.instrumentation.MethodCallReplacementClassAdapter - Adding mock interface to class net/sf/saxon/om/StandardNames
18:07:36.439 [main] INFO org.evosuite.runtime.instrumentation.CreateClassResetClassAdapter - Found static initializer in class net/sf/saxon/om/StandardNames
18:07:36.442 [main] INFO org.evosuite.runtime.instrumentation.EvoClassLoader - Keeping class: net.sf.saxon.om.StandardNames
18:07:36.449 [main] INFO org.evosuite.runtime.instrumentation.EvoClassLoader - Seeing class for first time: net.sf.saxon.type.StringConverter$StringToString
18:07:36.449 [main] INFO org.evosuite.runtime.instrumentation.EvoClassLoader - Instrumenting class 'net.sf.saxon.type.StringConverter$StringToString'.
18:07:36.449 [main] INFO org.evosuite.runtime.instrumentation.MethodCallReplacementClassAdapter - Adding mock interface to class net/sf/saxon/type/StringConverter$StringToString
18:07:36.449 [main] INFO org.evosuite.runtime.instrumentation.CreateClassResetClassAdapter - Found static initializer in class net/sf/saxon/type/StringConverter$StringToString
18:07:36.449 [main] INFO org.evosuite.runtime.instrumentation.EvoClassLoader - Keeping class: net.sf.saxon.type.StringConverter$StringToString
18:07:36.449 [main] INFO org.evosuite.runtime.instrumentation.EvoClassLoader - Seeing class for first time: net.sf.saxon.type.StringConverter$StringToUnionConverter
18:07:36.449 [main] INFO org.evosuite.runtime.instrumentation.EvoClassLoader - Instrumenting class 'net.sf.saxon.type.StringConverter$StringToUnionConverter'.
18:07:36.450 [main] INFO org.evosuite.runtime.instrumentation.MethodCallReplacementClassAdapter - Adding mock interface to class net/sf/saxon/type/StringConverter$StringToUnionConverter
18:07:36.451 [main] INFO org.evosuite.runtime.instrumentation.CreateClassResetClassAdapter - Creating brand-new static initializer in class net/sf/saxon/type/StringConverter$StringToUnionConverter
18:07:36.451 [main] INFO org.evosuite.runtime.instrumentation.EvoClassLoader - Keeping class: net.sf.saxon.type.StringConverter$StringToUnionConverter
18:07:36.451 [main] INFO org.evosuite.runtime.instrumentation.EvoClassLoader - Seeing class for first time: net.sf.saxon.type.StringConverter$StringToAnyURI
18:07:36.451 [main] INFO org.evosuite.runtime.instrumentation.EvoClassLoader - Instrumenting class 'net.sf.saxon.type.StringConverter$StringToAnyURI'.
18:07:36.451 [main] INFO org.evosuite.runtime.instrumentation.MethodCallReplacementClassAdapter - Adding mock interface to class net/sf/saxon/type/StringConverter$StringToAnyURI
18:07:36.451 [main] INFO org.evosuite.runtime.instrumentation.CreateClassResetClassAdapter - Creating brand-new static initializer in class net/sf/saxon/type/StringConverter$StringToAnyURI
18:07:36.451 [main] INFO org.evosuite.runtime.instrumentation.EvoClassLoader - Keeping class: net.sf.saxon.type.StringConverter$StringToAnyURI
18:07:36.451 [main] INFO org.evosuite.runtime.instrumentation.EvoClassLoader - Seeing class for first time: net.sf.saxon.type.StringConverter$StringToNotation
18:07:36.451 [main] INFO org.evosuite.runtime.instrumentation.EvoClassLoader - Instrumenting class 'net.sf.saxon.type.StringConverter$StringToNotation'.
18:07:36.452 [main] INFO org.evosuite.runtime.instrumentation.MethodCallReplacementClassAdapter - Adding mock interface to class net/sf/saxon/type/StringConverter$StringToNotation
18:07:36.452 [main] INFO org.evosuite.runtime.instrumentation.CreateClassResetClassAdapter - Creating brand-new static initializer in class net/sf/saxon/type/StringConverter$StringToNotation
18:07:36.452 [main] INFO org.evosuite.runtime.instrumentation.EvoClassLoader - Keeping class: net.sf.saxon.type.StringConverter$StringToNotation
18:07:36.452 [main] INFO org.evosuite.runtime.instrumentation.EvoClassLoader - Seeing class for first time: net.sf.saxon.type.StringConverter$StringToQName
18:07:36.452 [main] INFO org.evosuite.runtime.instrumentation.EvoClassLoader - Instrumenting class 'net.sf.saxon.type.StringConverter$StringToQName'.
18:07:36.452 [main] INFO org.evosuite.runtime.instrumentation.MethodCallReplacementClassAdapter - Adding mock interface to class net/sf/saxon/type/StringConverter$StringToQName
18:07:36.453 [main] INFO org.evosuite.runtime.instrumentation.CreateClassResetClassAdapter - Creating brand-new static initializer in class net/sf/saxon/type/StringConverter$StringToQName
18:07:36.453 [main] INFO org.evosuite.runtime.instrumentation.EvoClassLoader - Keeping class: net.sf.saxon.type.StringConverter$StringToQName
18:07:36.453 [main] INFO org.evosuite.runtime.instrumentation.EvoClassLoader - Seeing class for first time: net.sf.saxon.type.StringConverter$StringToBase64Binary
18:07:36.453 [main] INFO org.evosuite.runtime.instrumentation.EvoClassLoader - Instrumenting class 'net.sf.saxon.type.StringConverter$StringToBase64Binary'.
18:07:36.453 [main] INFO org.evosuite.runtime.instrumentation.MethodCallReplacementClassAdapter - Adding mock interface to class net/sf/saxon/type/StringConverter$StringToBase64Binary
18:07:36.453 [main] INFO org.evosuite.runtime.instrumentation.CreateClassResetClassAdapter - Found static initializer in class net/sf/saxon/type/StringConverter$StringToBase64Binary
18:07:36.453 [main] INFO org.evosuite.runtime.instrumentation.EvoClassLoader - Keeping class: net.sf.saxon.type.StringConverter$StringToBase64Binary
18:07:36.453 [main] INFO org.evosuite.runtime.instrumentation.EvoClassLoader - Seeing class for first time: net.sf.saxon.type.StringConverter$StringToHexBinary
18:07:36.453 [main] INFO org.evosuite.runtime.instrumentation.EvoClassLoader - Instrumenting class 'net.sf.saxon.type.StringConverter$StringToHexBinary'.
18:07:36.454 [main] INFO org.evosuite.runtime.instrumentation.MethodCallReplacementClassAdapter - Adding mock interface to class net/sf/saxon/type/StringConverter$StringToHexBinary
18:07:36.454 [main] INFO org.evosuite.runtime.instrumentation.CreateClassResetClassAdapter - Found static initializer in class net/sf/saxon/type/StringConverter$StringToHexBinary
18:07:36.454 [main] INFO org.evosuite.runtime.instrumentation.EvoClassLoader - Keeping class: net.sf.saxon.type.StringConverter$StringToHexBinary
18:07:36.454 [main] INFO org.evosuite.runtime.instrumentation.EvoClassLoader - Seeing class for first time: net.sf.saxon.type.StringConverter$StringToBoolean
18:07:36.454 [main] INFO org.evosuite.runtime.instrumentation.EvoClassLoader - Instrumenting class 'net.sf.saxon.type.StringConverter$StringToBoolean'.
18:07:36.454 [main] INFO org.evosuite.runtime.instrumentation.MethodCallReplacementClassAdapter - Adding mock interface to class net/sf/saxon/type/StringConverter$StringToBoolean
18:07:36.454 [main] INFO org.evosuite.runtime.instrumentation.CreateClassResetClassAdapter - Found static initializer in class net/sf/saxon/type/StringConverter$StringToBoolean
18:07:36.454 [main] INFO org.evosuite.runtime.instrumentation.EvoClassLoader - Keeping class: net.sf.saxon.type.StringConverter$StringToBoolean
18:07:36.454 [main] INFO org.evosuite.runtime.instrumentation.EvoClassLoader - Seeing class for first time: net.sf.saxon.type.StringConverter$StringToTime
18:07:36.454 [main] INFO org.evosuite.runtime.instrumentation.EvoClassLoader - Instrumenting class 'net.sf.saxon.type.StringConverter$StringToTime'.
18:07:36.454 [main] INFO org.evosuite.runtime.instrumentation.MethodCallReplacementClassAdapter - Adding mock interface to class net/sf/saxon/type/StringConverter$StringToTime
18:07:36.454 [main] INFO org.evosuite.runtime.instrumentation.CreateClassResetClassAdapter - Found static initializer in class net/sf/saxon/type/StringConverter$StringToTime
18:07:36.454 [main] INFO org.evosuite.runtime.instrumentation.EvoClassLoader - Keeping class: net.sf.saxon.type.StringConverter$StringToTime
18:07:36.455 [main] INFO org.evosuite.runtime.instrumentation.EvoClassLoader - Seeing class for first time: net.sf.saxon.type.StringConverter$StringToGDay
18:07:36.455 [main] INFO org.evosuite.runtime.instrumentation.EvoClassLoader - Instrumenting class 'net.sf.saxon.type.StringConverter$StringToGDay'.
18:07:36.455 [main] INFO org.evosuite.runtime.instrumentation.MethodCallReplacementClassAdapter - Adding mock interface to class net/sf/saxon/type/StringConverter$StringToGDay
18:07:36.455 [main] INFO org.evosuite.runtime.instrumentation.CreateClassResetClassAdapter - Found static initializer in class net/sf/saxon/type/StringConverter$StringToGDay
18:07:36.455 [main] INFO org.evosuite.runtime.instrumentation.EvoClassLoader - Keeping class: net.sf.saxon.type.StringConverter$StringToGDay
18:07:36.455 [main] INFO org.evosuite.runtime.instrumentation.EvoClassLoader - Seeing class for first time: net.sf.saxon.type.StringConverter$StringToGMonthDay
18:07:36.455 [main] INFO org.evosuite.runtime.instrumentation.EvoClassLoader - Instrumenting class 'net.sf.saxon.type.StringConverter$StringToGMonthDay'.
18:07:36.455 [main] INFO org.evosuite.runtime.instrumentation.MethodCallReplacementClassAdapter - Adding mock interface to class net/sf/saxon/type/StringConverter$StringToGMonthDay
18:07:36.455 [main] INFO org.evosuite.runtime.instrumentation.CreateClassResetClassAdapter - Found static initializer in class net/sf/saxon/type/StringConverter$StringToGMonthDay
18:07:36.455 [main] INFO org.evosuite.runtime.instrumentation.EvoClassLoader - Keeping class: net.sf.saxon.type.StringConverter$StringToGMonthDay
18:07:36.455 [main] INFO org.evosuite.runtime.instrumentation.EvoClassLoader - Seeing class for first time: net.sf.saxon.type.StringConverter$StringToGYear
18:07:36.455 [main] INFO org.evosuite.runtime.instrumentation.EvoClassLoader - Instrumenting class 'net.sf.saxon.type.StringConverter$StringToGYear'.
18:07:36.455 [main] INFO org.evosuite.runtime.instrumentation.MethodCallReplacementClassAdapter - Adding mock interface to class net/sf/saxon/type/StringConverter$StringToGYear
18:07:36.455 [main] INFO org.evosuite.runtime.instrumentation.CreateClassResetClassAdapter - Creating brand-new static initializer in class net/sf/saxon/type/StringConverter$StringToGYear
18:07:36.456 [main] INFO org.evosuite.runtime.instrumentation.EvoClassLoader - Keeping class: net.sf.saxon.type.StringConverter$StringToGYear
18:07:36.456 [main] INFO org.evosuite.runtime.instrumentation.EvoClassLoader - Seeing class for first time: net.sf.saxon.type.StringConverter$StringToGYearMonth
18:07:36.456 [main] INFO org.evosuite.runtime.instrumentation.EvoClassLoader - Instrumenting class 'net.sf.saxon.type.StringConverter$StringToGYearMonth'.
18:07:36.456 [main] INFO org.evosuite.runtime.instrumentation.MethodCallReplacementClassAdapter - Adding mock interface to class net/sf/saxon/type/StringConverter$StringToGYearMonth
18:07:36.456 [main] INFO org.evosuite.runtime.instrumentation.CreateClassResetClassAdapter - Creating brand-new static initializer in class net/sf/saxon/type/StringConverter$StringToGYearMonth
18:07:36.456 [main] INFO org.evosuite.runtime.instrumentation.EvoClassLoader - Keeping class: net.sf.saxon.type.StringConverter$StringToGYearMonth
18:07:36.456 [main] INFO org.evosuite.runtime.instrumentation.EvoClassLoader - Seeing class for first time: net.sf.saxon.type.StringConverter$StringToGMonth
18:07:36.456 [main] INFO org.evosuite.runtime.instrumentation.EvoClassLoader - Instrumenting class 'net.sf.saxon.type.StringConverter$StringToGMonth'.
18:07:36.456 [main] INFO org.evosuite.runtime.instrumentation.MethodCallReplacementClassAdapter - Adding mock interface to class net/sf/saxon/type/StringConverter$StringToGMonth
18:07:36.456 [main] INFO org.evosuite.runtime.instrumentation.CreateClassResetClassAdapter - Found static initializer in class net/sf/saxon/type/StringConverter$StringToGMonth
18:07:36.456 [main] INFO org.evosuite.runtime.instrumentation.EvoClassLoader - Keeping class: net.sf.saxon.type.StringConverter$StringToGMonth
18:07:36.456 [main] INFO org.evosuite.runtime.instrumentation.EvoClassLoader - Seeing class for first time: net.sf.saxon.type.StringConverter$StringToDate
18:07:36.456 [main] INFO org.evosuite.runtime.instrumentation.EvoClassLoader - Instrumenting class 'net.sf.saxon.type.StringConverter$StringToDate'.
18:07:36.456 [main] INFO org.evosuite.runtime.instrumentation.MethodCallReplacementClassAdapter - Adding mock interface to class net/sf/saxon/type/StringConverter$StringToDate
18:07:36.456 [main] INFO org.evosuite.runtime.instrumentation.CreateClassResetClassAdapter - Creating brand-new static initializer in class net/sf/saxon/type/StringConverter$StringToDate
18:07:36.456 [main] INFO org.evosuite.runtime.instrumentation.EvoClassLoader - Keeping class: net.sf.saxon.type.StringConverter$StringToDate
18:07:36.456 [main] INFO org.evosuite.runtime.instrumentation.EvoClassLoader - Seeing class for first time: net.sf.saxon.type.StringConverter$StringToDateTimeStamp
18:07:36.456 [main] INFO org.evosuite.runtime.instrumentation.EvoClassLoader - Instrumenting class 'net.sf.saxon.type.StringConverter$StringToDateTimeStamp'.
18:07:36.457 [main] INFO org.evosuite.runtime.instrumentation.MethodCallReplacementClassAdapter - Adding mock interface to class net/sf/saxon/type/StringConverter$StringToDateTimeStamp
18:07:36.457 [main] INFO org.evosuite.runtime.instrumentation.CreateClassResetClassAdapter - Creating brand-new static initializer in class net/sf/saxon/type/StringConverter$StringToDateTimeStamp
18:07:36.457 [main] INFO org.evosuite.runtime.instrumentation.EvoClassLoader - Keeping class: net.sf.saxon.type.StringConverter$StringToDateTimeStamp
18:07:36.457 [main] INFO org.evosuite.runtime.instrumentation.EvoClassLoader - Seeing class for first time: net.sf.saxon.type.StringConverter$StringToDateTime
18:07:36.457 [main] INFO org.evosuite.runtime.instrumentation.EvoClassLoader - Instrumenting class 'net.sf.saxon.type.StringConverter$StringToDateTime'.
18:07:36.457 [main] INFO org.evosuite.runtime.instrumentation.MethodCallReplacementClassAdapter - Adding mock interface to class net/sf/saxon/type/StringConverter$StringToDateTime
18:07:36.457 [main] INFO org.evosuite.runtime.instrumentation.CreateClassResetClassAdapter - Creating brand-new static initializer in class net/sf/saxon/type/StringConverter$StringToDateTime
18:07:36.457 [main] INFO org.evosuite.runtime.instrumentation.EvoClassLoader - Keeping class: net.sf.saxon.type.StringConverter$StringToDateTime
18:07:36.457 [main] INFO org.evosuite.runtime.instrumentation.EvoClassLoader - Seeing class for first time: net.sf.saxon.type.StringConverter$StringToYearMonthDuration
18:07:36.457 [main] INFO org.evosuite.runtime.instrumentation.EvoClassLoader - Instrumenting class 'net.sf.saxon.type.StringConverter$StringToYearMonthDuration'.
18:07:36.457 [main] INFO org.evosuite.runtime.instrumentation.MethodCallReplacementClassAdapter - Adding mock interface to class net/sf/saxon/type/StringConverter$StringToYearMonthDuration
18:07:36.458 [main] INFO org.evosuite.runtime.instrumentation.CreateClassResetClassAdapter - Found static initializer in class net/sf/saxon/type/StringConverter$StringToYearMonthDuration
18:07:36.458 [main] INFO org.evosuite.runtime.instrumentation.EvoClassLoader - Keeping class: net.sf.saxon.type.StringConverter$StringToYearMonthDuration
18:07:36.458 [main] INFO org.evosuite.runtime.instrumentation.EvoClassLoader - Seeing class for first time: net.sf.saxon.type.StringConverter$StringToDayTimeDuration
18:07:36.458 [main] INFO org.evosuite.runtime.instrumentation.EvoClassLoader - Instrumenting class 'net.sf.saxon.type.StringConverter$StringToDayTimeDuration'.
18:07:36.458 [main] INFO org.evosuite.runtime.instrumentation.MethodCallReplacementClassAdapter - Adding mock interface to class net/sf/saxon/type/StringConverter$StringToDayTimeDuration
18:07:36.458 [main] INFO org.evosuite.runtime.instrumentation.CreateClassResetClassAdapter - Found static initializer in class net/sf/saxon/type/StringConverter$StringToDayTimeDuration
18:07:36.458 [main] INFO org.evosuite.runtime.instrumentation.EvoClassLoader - Keeping class: net.sf.saxon.type.StringConverter$StringToDayTimeDuration
18:07:36.458 [main] INFO org.evosuite.runtime.instrumentation.EvoClassLoader - Seeing class for first time: net.sf.saxon.type.StringConverter$StringToDuration
18:07:36.458 [main] INFO org.evosuite.runtime.instrumentation.EvoClassLoader - Instrumenting class 'net.sf.saxon.type.StringConverter$StringToDuration'.
18:07:36.458 [main] INFO org.evosuite.runtime.instrumentation.MethodCallReplacementClassAdapter - Adding mock interface to class net/sf/saxon/type/StringConverter$StringToDuration
18:07:36.458 [main] INFO org.evosuite.runtime.instrumentation.CreateClassResetClassAdapter - Found static initializer in class net/sf/saxon/type/StringConverter$StringToDuration
18:07:36.458 [main] INFO org.evosuite.runtime.instrumentation.EvoClassLoader - Keeping class: net.sf.saxon.type.StringConverter$StringToDuration
18:07:36.458 [main] INFO org.evosuite.runtime.instrumentation.EvoClassLoader - Seeing class for first time: net.sf.saxon.type.StringConverter$StringToIntegerSubtype
18:07:36.459 [main] INFO org.evosuite.runtime.instrumentation.EvoClassLoader - Instrumenting class 'net.sf.saxon.type.StringConverter$StringToIntegerSubtype'.
18:07:36.459 [main] INFO org.evosuite.runtime.instrumentation.MethodCallReplacementClassAdapter - Adding mock interface to class net/sf/saxon/type/StringConverter$StringToIntegerSubtype
18:07:36.459 [main] INFO org.evosuite.runtime.instrumentation.CreateClassResetClassAdapter - Found static initializer in class net/sf/saxon/type/StringConverter$StringToIntegerSubtype
18:07:36.459 [main] INFO org.evosuite.runtime.instrumentation.EvoClassLoader - Keeping class: net.sf.saxon.type.StringConverter$StringToIntegerSubtype
18:07:36.459 [main] INFO org.evosuite.runtime.instrumentation.EvoClassLoader - Seeing class for first time: net.sf.saxon.type.StringConverter$StringToInteger
18:07:36.459 [main] INFO org.evosuite.runtime.instrumentation.EvoClassLoader - Instrumenting class 'net.sf.saxon.type.StringConverter$StringToInteger'.
18:07:36.459 [main] INFO org.evosuite.runtime.instrumentation.MethodCallReplacementClassAdapter - Adding mock interface to class net/sf/saxon/type/StringConverter$StringToInteger
18:07:36.460 [main] INFO org.evosuite.runtime.instrumentation.CreateClassResetClassAdapter - Found static initializer in class net/sf/saxon/type/StringConverter$StringToInteger
18:07:36.460 [main] INFO org.evosuite.runtime.instrumentation.EvoClassLoader - Keeping class: net.sf.saxon.type.StringConverter$StringToInteger
18:07:36.460 [main] INFO org.evosuite.runtime.instrumentation.EvoClassLoader - Seeing class for first time: net.sf.saxon.type.StringConverter$StringToDecimal
18:07:36.460 [main] INFO org.evosuite.runtime.instrumentation.EvoClassLoader - Instrumenting class 'net.sf.saxon.type.StringConverter$StringToDecimal'.
18:07:36.460 [main] INFO org.evosuite.runtime.instrumentation.MethodCallReplacementClassAdapter - Adding mock interface to class net/sf/saxon/type/StringConverter$StringToDecimal
18:07:36.461 [main] INFO org.evosuite.runtime.instrumentation.CreateClassResetClassAdapter - Found static initializer in class net/sf/saxon/type/StringConverter$StringToDecimal
18:07:36.461 [main] INFO org.evosuite.runtime.instrumentation.EvoClassLoader - Keeping class: net.sf.saxon.type.StringConverter$StringToDecimal
18:07:36.461 [main] INFO org.evosuite.runtime.instrumentation.EvoClassLoader - Seeing class for first time: net.sf.saxon.type.StringConverter$StringToFloat
18:07:36.461 [main] INFO org.evosuite.runtime.instrumentation.EvoClassLoader - Instrumenting class 'net.sf.saxon.type.StringConverter$StringToFloat'.
18:07:36.462 [main] INFO org.evosuite.runtime.instrumentation.MethodCallReplacementClassAdapter - Adding mock interface to class net/sf/saxon/type/StringConverter$StringToFloat
18:07:36.462 [main] INFO org.evosuite.runtime.instrumentation.CreateClassResetClassAdapter - Creating brand-new static initializer in class net/sf/saxon/type/StringConverter$StringToFloat
18:07:36.462 [main] INFO org.evosuite.runtime.instrumentation.EvoClassLoader - Keeping class: net.sf.saxon.type.StringConverter$StringToFloat
18:07:36.463 [main] INFO org.evosuite.runtime.instrumentation.EvoClassLoader - Seeing class for first time: net.sf.saxon.type.StringConverter$StringToDerivedStringSubtype
18:07:36.463 [main] INFO org.evosuite.runtime.instrumentation.EvoClassLoader - Instrumenting class 'net.sf.saxon.type.StringConverter$StringToDerivedStringSubtype'.
18:07:36.463 [main] INFO org.evosuite.runtime.instrumentation.MethodCallReplacementClassAdapter - Adding mock interface to class net/sf/saxon/type/StringConverter$StringToDerivedStringSubtype
18:07:36.464 [main] INFO org.evosuite.runtime.instrumentation.CreateClassResetClassAdapter - Creating brand-new static initializer in class net/sf/saxon/type/StringConverter$StringToDerivedStringSubtype
18:07:36.464 [main] INFO org.evosuite.runtime.instrumentation.EvoClassLoader - Keeping class: net.sf.saxon.type.StringConverter$StringToDerivedStringSubtype
18:07:36.464 [main] INFO org.evosuite.runtime.instrumentation.EvoClassLoader - Seeing class for first time: net.sf.saxon.type.StringConverter$StringToStringSubtype
18:07:36.464 [main] INFO org.evosuite.runtime.instrumentation.EvoClassLoader - Instrumenting class 'net.sf.saxon.type.StringConverter$StringToStringSubtype'.
18:07:36.465 [main] INFO org.evosuite.runtime.instrumentation.MethodCallReplacementClassAdapter - Adding mock interface to class net/sf/saxon/type/StringConverter$StringToStringSubtype
18:07:36.465 [main] INFO org.evosuite.runtime.instrumentation.CreateClassResetClassAdapter - Creating brand-new static initializer in class net/sf/saxon/type/StringConverter$StringToStringSubtype
18:07:36.465 [main] INFO org.evosuite.runtime.instrumentation.EvoClassLoader - Keeping class: net.sf.saxon.type.StringConverter$StringToStringSubtype
18:07:36.465 [main] INFO org.evosuite.runtime.instrumentation.EvoClassLoader - Seeing class for first time: net.sf.saxon.type.StringConverter$StringToName
18:07:36.466 [main] INFO org.evosuite.runtime.instrumentation.EvoClassLoader - Instrumenting class 'net.sf.saxon.type.StringConverter$StringToName'.
18:07:36.466 [main] INFO org.evosuite.runtime.instrumentation.MethodCallReplacementClassAdapter - Adding mock interface to class net/sf/saxon/type/StringConverter$StringToName
18:07:36.467 [main] INFO org.evosuite.runtime.instrumentation.CreateClassResetClassAdapter - Found static initializer in class net/sf/saxon/type/StringConverter$StringToName
18:07:36.467 [main] INFO org.evosuite.runtime.instrumentation.EvoClassLoader - Seeing class for first time: net.sf.saxon.type.StringConverter$StringToNCName
18:07:36.467 [main] INFO org.evosuite.runtime.instrumentation.EvoClassLoader - Instrumenting class 'net.sf.saxon.type.StringConverter$StringToNCName'.
18:07:36.467 [main] INFO org.evosuite.runtime.instrumentation.MethodCallReplacementClassAdapter - Adding mock interface to class net/sf/saxon/type/StringConverter$StringToNCName
18:07:36.468 [main] INFO org.evosuite.runtime.instrumentation.CreateClassResetClassAdapter - Found static initializer in class net/sf/saxon/type/StringConverter$StringToNCName
18:07:36.468 [main] INFO org.evosuite.runtime.instrumentation.EvoClassLoader - Keeping class: net.sf.saxon.type.StringConverter$StringToNCName
18:07:36.468 [main] INFO org.evosuite.runtime.instrumentation.EvoClassLoader - Keeping class: net.sf.saxon.type.StringConverter$StringToName
18:07:36.468 [main] INFO org.evosuite.runtime.instrumentation.EvoClassLoader - Seeing class for first time: net.sf.saxon.type.StringConverter$StringToNMTOKEN
18:07:36.468 [main] INFO org.evosuite.runtime.instrumentation.EvoClassLoader - Instrumenting class 'net.sf.saxon.type.StringConverter$StringToNMTOKEN'.
18:07:36.469 [main] INFO org.evosuite.runtime.instrumentation.MethodCallReplacementClassAdapter - Adding mock interface to class net/sf/saxon/type/StringConverter$StringToNMTOKEN
18:07:36.469 [main] INFO org.evosuite.runtime.instrumentation.CreateClassResetClassAdapter - Found static initializer in class net/sf/saxon/type/StringConverter$StringToNMTOKEN
18:07:36.469 [main] INFO org.evosuite.runtime.instrumentation.EvoClassLoader - Keeping class: net.sf.saxon.type.StringConverter$StringToNMTOKEN
18:07:36.469 [main] INFO org.evosuite.runtime.instrumentation.EvoClassLoader - Seeing class for first time: net.sf.saxon.type.StringConverter$StringToLanguage
18:07:36.469 [main] INFO org.evosuite.runtime.instrumentation.EvoClassLoader - Instrumenting class 'net.sf.saxon.type.StringConverter$StringToLanguage'.
18:07:36.470 [main] INFO org.evosuite.runtime.instrumentation.MethodCallReplacementClassAdapter - Adding mock interface to class net/sf/saxon/type/StringConverter$StringToLanguage
18:07:36.470 [main] INFO org.evosuite.runtime.instrumentation.CreateClassResetClassAdapter - Found static initializer in class net/sf/saxon/type/StringConverter$StringToLanguage
18:07:36.470 [main] INFO org.evosuite.runtime.instrumentation.EvoClassLoader - Keeping class: net.sf.saxon.type.StringConverter$StringToLanguage
18:07:36.470 [main] INFO org.evosuite.runtime.instrumentation.EvoClassLoader - Seeing class for first time: net.sf.saxon.type.StringConverter$StringToToken
18:07:36.470 [main] INFO org.evosuite.runtime.instrumentation.EvoClassLoader - Instrumenting class 'net.sf.saxon.type.StringConverter$StringToToken'.
18:07:36.471 [main] INFO org.evosuite.runtime.instrumentation.MethodCallReplacementClassAdapter - Adding mock interface to class net/sf/saxon/type/StringConverter$StringToToken
18:07:36.471 [main] INFO org.evosuite.runtime.instrumentation.CreateClassResetClassAdapter - Found static initializer in class net/sf/saxon/type/StringConverter$StringToToken
18:07:36.471 [main] INFO org.evosuite.runtime.instrumentation.EvoClassLoader - Keeping class: net.sf.saxon.type.StringConverter$StringToToken
18:07:36.471 [main] INFO org.evosuite.runtime.instrumentation.EvoClassLoader - Seeing class for first time: net.sf.saxon.type.StringConverter$StringToNormalizedString
18:07:36.471 [main] INFO org.evosuite.runtime.instrumentation.EvoClassLoader - Instrumenting class 'net.sf.saxon.type.StringConverter$StringToNormalizedString'.
18:07:36.472 [main] INFO org.evosuite.runtime.instrumentation.MethodCallReplacementClassAdapter - Adding mock interface to class net/sf/saxon/type/StringConverter$StringToNormalizedString
18:07:36.472 [main] INFO org.evosuite.runtime.instrumentation.CreateClassResetClassAdapter - Found static initializer in class net/sf/saxon/type/StringConverter$StringToNormalizedString
18:07:36.472 [main] INFO org.evosuite.runtime.instrumentation.EvoClassLoader - Keeping class: net.sf.saxon.type.StringConverter$StringToNormalizedString
18:07:36.472 [main] INFO org.evosuite.runtime.instrumentation.EvoClassLoader - Seeing class for first time: net.sf.saxon.type.StringConverter$StringToUntypedAtomic
18:07:36.472 [main] INFO org.evosuite.runtime.instrumentation.EvoClassLoader - Instrumenting class 'net.sf.saxon.type.StringConverter$StringToUntypedAtomic'.
18:07:36.472 [main] INFO org.evosuite.runtime.instrumentation.MethodCallReplacementClassAdapter - Adding mock interface to class net/sf/saxon/type/StringConverter$StringToUntypedAtomic
18:07:36.472 [main] INFO org.evosuite.runtime.instrumentation.CreateClassResetClassAdapter - Found static initializer in class net/sf/saxon/type/StringConverter$StringToUntypedAtomic
18:07:36.472 [main] INFO org.evosuite.runtime.instrumentation.EvoClassLoader - Keeping class: net.sf.saxon.type.StringConverter$StringToUntypedAtomic
18:07:36.475 [main] INFO org.evosuite.runtime.instrumentation.EvoClassLoader - Seeing class for first time: net.sf.saxon.value.StringValue
18:07:36.475 [main] INFO org.evosuite.runtime.instrumentation.EvoClassLoader - Instrumenting class 'net.sf.saxon.value.StringValue'.
18:07:36.476 [main] INFO org.evosuite.runtime.instrumentation.MethodCallReplacementClassAdapter - Adding mock interface to class net/sf/saxon/value/StringValue
18:07:36.476 [main] INFO org.evosuite.runtime.instrumentation.CreateClassResetClassAdapter - Found static initializer in class net/sf/saxon/value/StringValue
18:07:36.477 [main] INFO org.evosuite.runtime.instrumentation.EvoClassLoader - Keeping class: net.sf.saxon.value.StringValue
18:07:36.477 [main] INFO org.evosuite.runtime.instrumentation.EvoClassLoader - Seeing class for first time: net.sf.saxon.value.UntypedAtomicValue
18:07:36.477 [main] INFO org.evosuite.runtime.instrumentation.EvoClassLoader - Instrumenting class 'net.sf.saxon.value.UntypedAtomicValue'.
18:07:36.478 [main] INFO org.evosuite.runtime.instrumentation.MethodCallReplacementClassAdapter - Adding mock interface to class net/sf/saxon/value/UntypedAtomicValue
18:07:36.478 [main] INFO org.evosuite.runtime.instrumentation.CreateClassResetClassAdapter - Found static initializer in class net/sf/saxon/value/UntypedAtomicValue
18:07:36.479 [main] INFO org.evosuite.runtime.instrumentation.EvoClassLoader - Keeping class: net.sf.saxon.value.UntypedAtomicValue
18:07:36.479 [main] INFO org.evosuite.runtime.instrumentation.EvoClassLoader - Seeing class for first time: net.sf.saxon.value.DecimalValue
18:07:36.479 [main] INFO org.evosuite.runtime.instrumentation.EvoClassLoader - Instrumenting class 'net.sf.saxon.value.DecimalValue'.
18:07:36.480 [main] INFO org.evosuite.runtime.instrumentation.MethodCallReplacementClassAdapter - Adding mock interface to class net/sf/saxon/value/DecimalValue
18:07:36.480 [main] INFO org.evosuite.runtime.instrumentation.CreateClassResetClassAdapter - Creating brand-new static initializer in class net/sf/saxon/value/DecimalValue
18:07:36.480 [main] INFO org.evosuite.runtime.instrumentation.EvoClassLoader - Keeping class: net.sf.saxon.value.DecimalValue
18:07:36.480 [main] INFO org.evosuite.runtime.instrumentation.EvoClassLoader - Seeing class for first time: net.sf.saxon.value.IntegerValue
18:07:36.480 [main] INFO org.evosuite.runtime.instrumentation.EvoClassLoader - Instrumenting class 'net.sf.saxon.value.IntegerValue'.
18:07:36.481 [main] INFO org.evosuite.runtime.instrumentation.MethodCallReplacementClassAdapter - Adding mock interface to class net/sf/saxon/value/IntegerValue
18:07:36.482 [main] INFO org.evosuite.runtime.instrumentation.CreateClassResetClassAdapter - Found static initializer in class net/sf/saxon/value/IntegerValue
18:07:36.482 [main] INFO org.evosuite.runtime.instrumentation.EvoClassLoader - Keeping class: net.sf.saxon.value.IntegerValue
18:07:36.482 [main] INFO org.evosuite.runtime.instrumentation.EvoClassLoader - Seeing class for first time: net.sf.saxon.value.BigIntegerValue
18:07:36.482 [main] INFO org.evosuite.runtime.instrumentation.EvoClassLoader - Instrumenting class 'net.sf.saxon.value.BigIntegerValue'.
18:07:36.483 [main] INFO org.evosuite.runtime.instrumentation.MethodCallReplacementClassAdapter - Adding mock interface to class net/sf/saxon/value/BigIntegerValue
18:07:36.483 [main] INFO org.evosuite.runtime.instrumentation.CreateClassResetClassAdapter - Found static initializer in class net/sf/saxon/value/BigIntegerValue
18:07:36.484 [main] INFO org.evosuite.runtime.instrumentation.EvoClassLoader - Keeping class: net.sf.saxon.value.BigIntegerValue
18:07:36.484 [main] INFO org.evosuite.runtime.instrumentation.EvoClassLoader - Seeing class for first time: net.sf.saxon.value.Int64Value
18:07:36.484 [main] INFO org.evosuite.runtime.instrumentation.EvoClassLoader - Instrumenting class 'net.sf.saxon.value.Int64Value'.
18:07:36.485 [main] INFO org.evosuite.runtime.instrumentation.MethodCallReplacementClassAdapter - Adding mock interface to class net/sf/saxon/value/Int64Value
18:07:36.485 [main] INFO org.evosuite.runtime.instrumentation.CreateClassResetClassAdapter - Found static initializer in class net/sf/saxon/value/Int64Value
18:07:36.486 [main] INFO org.evosuite.runtime.instrumentation.EvoClassLoader - Keeping class: net.sf.saxon.value.Int64Value
18:07:36.487 [main] INFO org.evosuite.runtime.instrumentation.EvoClassLoader - Seeing class for first time: net.sf.saxon.value.BigDecimalValue
18:07:36.487 [main] INFO org.evosuite.runtime.instrumentation.EvoClassLoader - Instrumenting class 'net.sf.saxon.value.BigDecimalValue'.
18:07:36.487 [main] INFO org.evosuite.runtime.instrumentation.MethodCallReplacementClassAdapter - Adding mock interface to class net/sf/saxon/value/BigDecimalValue
18:07:36.488 [main] INFO org.evosuite.runtime.instrumentation.CreateClassResetClassAdapter - Found static initializer in class net/sf/saxon/value/BigDecimalValue
18:07:36.488 [main] INFO org.evosuite.runtime.instrumentation.EvoClassLoader - Keeping class: net.sf.saxon.value.BigDecimalValue
18:07:36.489 [main] INFO org.evosuite.runtime.instrumentation.EvoClassLoader - Seeing class for first time: net.sf.saxon.expr.OperandRole
18:07:36.489 [main] INFO org.evosuite.runtime.instrumentation.EvoClassLoader - Instrumenting class 'net.sf.saxon.expr.OperandRole'.
18:07:36.489 [main] INFO org.evosuite.runtime.instrumentation.MethodCallReplacementClassAdapter - Adding mock interface to class net/sf/saxon/expr/OperandRole
18:07:36.490 [main] INFO org.evosuite.runtime.instrumentation.CreateClassResetClassAdapter - Found static initializer in class net/sf/saxon/expr/OperandRole
18:07:36.490 [main] INFO org.evosuite.runtime.instrumentation.EvoClassLoader - Keeping class: net.sf.saxon.expr.OperandRole
18:07:36.490 [main] INFO org.evosuite.runtime.instrumentation.EvoClassLoader - Seeing class for first time: net.sf.saxon.expr.sort.AtomicComparer
18:07:36.490 [main] INFO org.evosuite.runtime.instrumentation.EvoClassLoader - Instrumenting class 'net.sf.saxon.expr.sort.AtomicComparer'.
18:07:36.490 [main] INFO org.evosuite.runtime.instrumentation.EvoClassLoader - Keeping class: net.sf.saxon.expr.sort.AtomicComparer
18:07:36.491 [main] INFO org.evosuite.runtime.instrumentation.EvoClassLoader - Seeing class for first time: net.sf.saxon.expr.SystemFunctionCall
18:07:36.491 [main] INFO org.evosuite.runtime.instrumentation.EvoClassLoader - Instrumenting class 'net.sf.saxon.expr.SystemFunctionCall'.
18:07:36.491 [main] INFO org.evosuite.runtime.instrumentation.MethodCallReplacementClassAdapter - Adding mock interface to class net/sf/saxon/expr/SystemFunctionCall
18:07:36.492 [main] INFO org.evosuite.runtime.instrumentation.CreateClassResetClassAdapter - Creating brand-new static initializer in class net/sf/saxon/expr/SystemFunctionCall
18:07:36.492 [main] INFO org.evosuite.runtime.instrumentation.EvoClassLoader - Seeing class for first time: net.sf.saxon.expr.Negatable
18:07:36.492 [main] INFO org.evosuite.runtime.instrumentation.EvoClassLoader - Instrumenting class 'net.sf.saxon.expr.Negatable'.
18:07:36.493 [main] INFO org.evosuite.runtime.instrumentation.EvoClassLoader - Keeping class: net.sf.saxon.expr.Negatable
18:07:36.493 [main] INFO org.evosuite.runtime.instrumentation.EvoClassLoader - Seeing class for first time: net.sf.saxon.expr.StaticFunctionCall
18:07:36.493 [main] INFO org.evosuite.runtime.instrumentation.EvoClassLoader - Instrumenting class 'net.sf.saxon.expr.StaticFunctionCall'.
18:07:36.493 [main] INFO org.evosuite.runtime.instrumentation.MethodCallReplacementClassAdapter - Adding mock interface to class net/sf/saxon/expr/StaticFunctionCall
18:07:36.494 [main] INFO org.evosuite.runtime.instrumentation.CreateClassResetClassAdapter - Creating brand-new static initializer in class net/sf/saxon/expr/StaticFunctionCall
18:07:36.494 [main] INFO org.evosuite.runtime.instrumentation.EvoClassLoader - Keeping class: net.sf.saxon.expr.StaticFunctionCall
18:07:36.494 [main] INFO org.evosuite.runtime.instrumentation.EvoClassLoader - Keeping class: net.sf.saxon.expr.SystemFunctionCall
18:07:36.495 [main] INFO org.evosuite.runtime.instrumentation.EvoClassLoader - Seeing class for first time: net.sf.saxon.functions.registry.BuiltInFunctionSet$Entry
18:07:36.495 [main] INFO org.evosuite.runtime.instrumentation.EvoClassLoader - Instrumenting class 'net.sf.saxon.functions.registry.BuiltInFunctionSet$Entry'.
18:07:36.495 [main] INFO org.evosuite.runtime.instrumentation.MethodCallReplacementClassAdapter - Adding mock interface to class net/sf/saxon/functions/registry/BuiltInFunctionSet$Entry
18:07:36.496 [main] INFO org.evosuite.runtime.instrumentation.CreateClassResetClassAdapter - Creating brand-new static initializer in class net/sf/saxon/functions/registry/BuiltInFunctionSet$Entry
18:07:36.496 [main] INFO org.evosuite.runtime.instrumentation.EvoClassLoader - Keeping class: net.sf.saxon.functions.registry.BuiltInFunctionSet$Entry
18:07:36.497 [main] INFO org.evosuite.runtime.instrumentation.EvoClassLoader - Seeing class for first time: net.sf.saxon.functions.FormatNumber
18:07:36.497 [main] INFO org.evosuite.runtime.instrumentation.EvoClassLoader - Instrumenting class 'net.sf.saxon.functions.FormatNumber'.
18:07:36.497 [main] INFO org.evosuite.runtime.instrumentation.MethodCallReplacementClassAdapter - Adding mock interface to class net/sf/saxon/functions/FormatNumber
18:07:36.500 [main] INFO org.evosuite.runtime.instrumentation.CreateClassResetClassAdapter - Found static initializer in class net/sf/saxon/functions/FormatNumber
18:07:36.501 [main] INFO org.evosuite.runtime.instrumentation.EvoClassLoader - Keeping class: net.sf.saxon.functions.FormatNumber
18:07:36.501 [main] INFO org.evosuite.runtime.instrumentation.EvoClassLoader - Seeing class for first time: net.sf.saxon.trans.DecimalFormatManager
18:07:36.501 [main] INFO org.evosuite.runtime.instrumentation.EvoClassLoader - Instrumenting class 'net.sf.saxon.trans.DecimalFormatManager'.
18:07:36.502 [main] INFO org.evosuite.runtime.instrumentation.MethodCallReplacementClassAdapter - Adding mock interface to class net/sf/saxon/trans/DecimalFormatManager
18:07:36.503 [main] INFO org.evosuite.runtime.instrumentation.CreateClassResetClassAdapter - Creating brand-new static initializer in class net/sf/saxon/trans/DecimalFormatManager
18:07:36.503 [main] INFO org.evosuite.runtime.instrumentation.EvoClassLoader - Keeping class: net.sf.saxon.trans.DecimalFormatManager
18:07:36.503 [main] INFO org.evosuite.runtime.instrumentation.EvoClassLoader - Seeing class for first time: net.sf.saxon.trans.DecimalSymbols
18:07:36.503 [main] INFO org.evosuite.runtime.instrumentation.EvoClassLoader - Instrumenting class 'net.sf.saxon.trans.DecimalSymbols'.
18:07:36.504 [main] INFO org.evosuite.runtime.instrumentation.MethodCallReplacementClassAdapter - Adding mock interface to class net/sf/saxon/trans/DecimalSymbols
18:07:36.506 [main] INFO org.evosuite.runtime.instrumentation.CreateClassResetClassAdapter - Found static initializer in class net/sf/saxon/trans/DecimalSymbols
18:07:36.507 [main] INFO org.evosuite.runtime.instrumentation.EvoClassLoader - Keeping class: net.sf.saxon.trans.DecimalSymbols
18:07:36.507 [main] INFO org.evosuite.runtime.instrumentation.EvoClassLoader - Seeing class for first time: net.sf.saxon.functions.FormatNumber$SubPicture
18:07:36.507 [main] INFO org.evosuite.runtime.instrumentation.EvoClassLoader - Instrumenting class 'net.sf.saxon.functions.FormatNumber$SubPicture'.
18:07:36.508 [main] INFO org.evosuite.runtime.instrumentation.MethodCallReplacementClassAdapter - Adding mock interface to class net/sf/saxon/functions/FormatNumber$SubPicture
18:07:36.513 [main] INFO org.evosuite.runtime.instrumentation.CreateClassResetClassAdapter - Creating brand-new static initializer in class net/sf/saxon/functions/FormatNumber$SubPicture
18:07:36.513 [main] INFO org.evosuite.runtime.instrumentation.EvoClassLoader - Keeping class: net.sf.saxon.functions.FormatNumber$SubPicture
18:07:36.517 [main] INFO org.evosuite.runtime.instrumentation.EvoClassLoader - Seeing class for first time: net.sf.saxon.pattern.NodeSetPattern
18:07:36.517 [main] INFO org.evosuite.runtime.instrumentation.EvoClassLoader - Instrumenting class 'net.sf.saxon.pattern.NodeSetPattern'.
18:07:36.518 [main] INFO org.evosuite.runtime.instrumentation.MethodCallReplacementClassAdapter - Adding mock interface to class net/sf/saxon/pattern/NodeSetPattern
18:07:36.522 [main] INFO org.evosuite.runtime.instrumentation.CreateClassResetClassAdapter - Creating brand-new static initializer in class net/sf/saxon/pattern/NodeSetPattern
18:07:36.522 [main] INFO org.evosuite.runtime.instrumentation.EvoClassLoader - Keeping class: net.sf.saxon.pattern.NodeSetPattern
18:07:36.522 [main] INFO org.evosuite.runtime.instrumentation.EvoClassLoader - Seeing class for first time: net.sf.saxon.trace.ExpressionPresenter$Options
18:07:36.523 [main] INFO org.evosuite.runtime.instrumentation.EvoClassLoader - Instrumenting class 'net.sf.saxon.trace.ExpressionPresenter$Options'.
18:07:36.523 [main] INFO org.evosuite.runtime.instrumentation.EvoClassLoader - Keeping class: net.sf.saxon.trace.ExpressionPresenter$Options
18:07:36.523 [main] INFO org.evosuite.runtime.instrumentation.EvoClassLoader - Seeing class for first time: net.sf.saxon.expr.ContextItemExpression
18:07:36.523 [main] INFO org.evosuite.runtime.instrumentation.EvoClassLoader - Instrumenting class 'net.sf.saxon.expr.ContextItemExpression'.
18:07:36.524 [main] INFO org.evosuite.runtime.instrumentation.MethodCallReplacementClassAdapter - Adding mock interface to class net/sf/saxon/expr/ContextItemExpression
18:07:36.525 [main] INFO org.evosuite.runtime.instrumentation.CreateClassResetClassAdapter - Creating brand-new static initializer in class net/sf/saxon/expr/ContextItemExpression
18:07:36.525 [main] INFO org.evosuite.runtime.instrumentation.EvoClassLoader - Keeping class: net.sf.saxon.expr.ContextItemExpression
18:07:36.526 [main] INFO org.evosuite.runtime.instrumentation.EvoClassLoader - Seeing class for first time: net.sf.saxon.expr.Operand
18:07:36.526 [main] INFO org.evosuite.runtime.instrumentation.EvoClassLoader - Instrumenting class 'net.sf.saxon.expr.Operand'.
18:07:36.526 [main] INFO org.evosuite.runtime.instrumentation.MethodCallReplacementClassAdapter - Adding mock interface to class net/sf/saxon/expr/Operand
18:07:36.528 [main] INFO org.evosuite.runtime.instrumentation.CreateClassResetClassAdapter - Found static initializer in class net/sf/saxon/expr/Operand
18:07:36.529 [main] INFO org.evosuite.runtime.instrumentation.EvoClassLoader - Keeping class: net.sf.saxon.expr.Operand
18:07:36.529 [main] INFO org.evosuite.runtime.instrumentation.EvoClassLoader - Seeing class for first time: net.sf.saxon.expr.parser.PathMap
18:07:36.529 [main] INFO org.evosuite.runtime.instrumentation.EvoClassLoader - Instrumenting class 'net.sf.saxon.expr.parser.PathMap'.
18:07:36.530 [main] INFO org.evosuite.runtime.instrumentation.MethodCallReplacementClassAdapter - Adding mock interface to class net/sf/saxon/expr/parser/PathMap
18:07:36.533 [main] INFO org.evosuite.runtime.instrumentation.CreateClassResetClassAdapter - Creating brand-new static initializer in class net/sf/saxon/expr/parser/PathMap
18:07:36.534 [main] INFO org.evosuite.runtime.instrumentation.EvoClassLoader - Keeping class: net.sf.saxon.expr.parser.PathMap
18:07:36.534 [main] INFO org.evosuite.runtime.instrumentation.EvoClassLoader - Seeing class for first time: net.sf.saxon.expr.parser.PathMap$PathMapNodeSet
18:07:36.534 [main] INFO org.evosuite.runtime.instrumentation.EvoClassLoader - Instrumenting class 'net.sf.saxon.expr.parser.PathMap$PathMapNodeSet'.
18:07:36.535 [main] INFO org.evosuite.runtime.instrumentation.MethodCallReplacementClassAdapter - Adding mock interface to class net/sf/saxon/expr/parser/PathMap$PathMapNodeSet
18:07:36.535 [main] INFO org.evosuite.runtime.instrumentation.CreateClassResetClassAdapter - Creating brand-new static initializer in class net/sf/saxon/expr/parser/PathMap$PathMapNodeSet
18:07:36.535 [main] INFO org.evosuite.runtime.instrumentation.EvoClassLoader - Keeping class: net.sf.saxon.expr.parser.PathMap$PathMapNodeSet
18:07:36.536 [main] INFO org.evosuite.runtime.instrumentation.EvoClassLoader - Seeing class for first time: net.sf.saxon.expr.parser.RebindingMap
18:07:36.536 [main] INFO org.evosuite.runtime.instrumentation.EvoClassLoader - Instrumenting class 'net.sf.saxon.expr.parser.RebindingMap'.
18:07:36.536 [main] INFO org.evosuite.runtime.instrumentation.MethodCallReplacementClassAdapter - Adding mock interface to class net/sf/saxon/expr/parser/RebindingMap
18:07:36.536 [main] INFO org.evosuite.runtime.instrumentation.CreateClassResetClassAdapter - Creating brand-new static initializer in class net/sf/saxon/expr/parser/RebindingMap
18:07:36.536 [main] INFO org.evosuite.runtime.instrumentation.EvoClassLoader - Keeping class: net.sf.saxon.expr.parser.RebindingMap
18:07:36.538 [main] INFO org.evosuite.runtime.instrumentation.EvoClassLoader - Seeing class for first time: net.sf.saxon.pattern.AnchorPattern
18:07:36.538 [main] INFO org.evosuite.runtime.instrumentation.EvoClassLoader - Instrumenting class 'net.sf.saxon.pattern.AnchorPattern'.
18:07:36.539 [main] INFO org.evosuite.runtime.instrumentation.MethodCallReplacementClassAdapter - Adding mock interface to class net/sf/saxon/pattern/AnchorPattern
18:07:36.539 [main] INFO org.evosuite.runtime.instrumentation.CreateClassResetClassAdapter - Found static initializer in class net/sf/saxon/pattern/AnchorPattern
18:07:36.539 [main] INFO org.evosuite.runtime.instrumentation.EvoClassLoader - Keeping class: net.sf.saxon.pattern.AnchorPattern
18:07:36.539 [main] INFO org.evosuite.runtime.instrumentation.EvoClassLoader - Seeing class for first time: net.sf.saxon.expr.parser.ExplicitLocation
18:07:36.539 [main] INFO org.evosuite.runtime.instrumentation.EvoClassLoader - Instrumenting class 'net.sf.saxon.expr.parser.ExplicitLocation'.
18:07:36.540 [main] INFO org.evosuite.runtime.instrumentation.MethodCallReplacementClassAdapter - Adding mock interface to class net/sf/saxon/expr/parser/ExplicitLocation
18:07:36.540 [main] INFO org.evosuite.runtime.instrumentation.CreateClassResetClassAdapter - Found static initializer in class net/sf/saxon/expr/parser/ExplicitLocation
18:07:36.540 [main] INFO org.evosuite.runtime.instrumentation.EvoClassLoader - Keeping class: net.sf.saxon.expr.parser.ExplicitLocation
18:07:36.541 [main] INFO org.evosuite.runtime.instrumentation.EvoClassLoader - Seeing class for first time: net.sf.saxon.functions.ResolveURI
18:07:36.541 [main] INFO org.evosuite.runtime.instrumentation.EvoClassLoader - Instrumenting class 'net.sf.saxon.functions.ResolveURI'.
18:07:36.541 [main] INFO org.evosuite.runtime.instrumentation.MethodCallReplacementClassAdapter - Adding mock interface to class net/sf/saxon/functions/ResolveURI
18:07:36.544 [main] INFO org.evosuite.runtime.instrumentation.CreateClassResetClassAdapter - Creating brand-new static initializer in class net/sf/saxon/functions/ResolveURI
18:07:36.544 [main] INFO org.evosuite.runtime.instrumentation.EvoClassLoader - Keeping class: net.sf.saxon.functions.ResolveURI
18:07:36.545 [main] INFO org.evosuite.runtime.instrumentation.EvoClassLoader - Seeing class for first time: net.sf.saxon.om.ZeroOrOne
18:07:36.545 [main] INFO org.evosuite.runtime.instrumentation.EvoClassLoader - Instrumenting class 'net.sf.saxon.om.ZeroOrOne'.
18:07:36.545 [main] INFO org.evosuite.runtime.instrumentation.MethodCallReplacementClassAdapter - Adding mock interface to class net/sf/saxon/om/ZeroOrOne
18:07:36.546 [main] INFO org.evosuite.runtime.instrumentation.CreateClassResetClassAdapter - Found static initializer in class net/sf/saxon/om/ZeroOrOne
18:07:36.546 [main] INFO org.evosuite.runtime.instrumentation.EvoClassLoader - Keeping class: net.sf.saxon.om.ZeroOrOne
18:07:36.546 [main] INFO org.evosuite.runtime.instrumentation.EvoClassLoader - Seeing class for first time: net.sf.saxon.value.AnyURIValue
18:07:36.546 [main] INFO org.evosuite.runtime.instrumentation.EvoClassLoader - Instrumenting class 'net.sf.saxon.value.AnyURIValue'.
18:07:36.546 [main] INFO org.evosuite.runtime.instrumentation.MethodCallReplacementClassAdapter - Adding mock interface to class net/sf/saxon/value/AnyURIValue
18:07:36.547 [main] INFO org.evosuite.runtime.instrumentation.CreateClassResetClassAdapter - Found static initializer in class net/sf/saxon/value/AnyURIValue
18:07:36.547 [main] INFO org.evosuite.runtime.instrumentation.EvoClassLoader - Keeping class: net.sf.saxon.value.AnyURIValue
18:07:36.547 [main] INFO org.evosuite.runtime.instrumentation.EvoClassLoader - Seeing class for first time: net.sf.saxon.style.XSLResultDocument
18:07:36.547 [main] INFO org.evosuite.runtime.instrumentation.EvoClassLoader - Instrumenting class 'net.sf.saxon.style.XSLResultDocument'.
18:07:36.548 [main] INFO org.evosuite.runtime.instrumentation.MethodCallReplacementClassAdapter - Adding mock interface to class net/sf/saxon/style/XSLResultDocument
18:07:36.550 [main] INFO org.evosuite.runtime.instrumentation.CreateClassResetClassAdapter - Found static initializer in class net/sf/saxon/style/XSLResultDocument
18:07:36.551 [main] INFO org.evosuite.runtime.instrumentation.EvoClassLoader - Keeping class: net.sf.saxon.style.XSLResultDocument
18:07:36.551 [main] INFO org.evosuite.runtime.instrumentation.EvoClassLoader - Seeing class for first time: net.sf.saxon.Controller
18:07:36.551 [main] INFO org.evosuite.runtime.instrumentation.EvoClassLoader - Instrumenting class 'net.sf.saxon.Controller'.
18:07:36.552 [main] INFO org.evosuite.runtime.instrumentation.MethodCallReplacementClassAdapter - Adding mock interface to class net/sf/saxon/Controller
18:07:36.560 [main] INFO org.evosuite.runtime.instrumentation.CreateClassResetClassAdapter - Creating brand-new static initializer in class net/sf/saxon/Controller
18:07:36.560 [main] INFO org.evosuite.runtime.instrumentation.CreateClassResetClassAdapter - Adding bytecode for initializing field ANONYMOUS_PRINCIPAL_OUTPUT_URI
18:07:36.561 [main] INFO org.evosuite.runtime.instrumentation.EvoClassLoader - Keeping class: net.sf.saxon.Controller
18:07:36.561 [main] INFO org.evosuite.runtime.instrumentation.EvoClassLoader - Seeing class for first time: net.sf.saxon.trans.XPathException$Circularity
18:07:36.561 [main] INFO org.evosuite.runtime.instrumentation.EvoClassLoader - Instrumenting class 'net.sf.saxon.trans.XPathException$Circularity'.
18:07:36.561 [main] INFO org.evosuite.runtime.instrumentation.MethodCallReplacementClassAdapter - Adding mock interface to class net/sf/saxon/trans/XPathException$Circularity
18:07:36.562 [main] INFO org.evosuite.runtime.instrumentation.CreateClassResetClassAdapter - Creating brand-new static initializer in class net/sf/saxon/trans/XPathException$Circularity
18:07:36.562 [main] INFO org.evosuite.runtime.instrumentation.EvoClassLoader - Keeping class: net.sf.saxon.trans.XPathException$Circularity
18:07:36.563 [main] INFO org.evosuite.runtime.instrumentation.EvoClassLoader - Seeing class for first time: net.sf.saxon.expr.instruct.Bindery
18:07:36.563 [main] INFO org.evosuite.runtime.instrumentation.EvoClassLoader - Instrumenting class 'net.sf.saxon.expr.instruct.Bindery'.
18:07:36.564 [main] INFO org.evosuite.runtime.instrumentation.MethodCallReplacementClassAdapter - Adding mock interface to class net/sf/saxon/expr/instruct/Bindery
18:07:36.564 [main] INFO org.evosuite.runtime.instrumentation.CreateClassResetClassAdapter - Creating brand-new static initializer in class net/sf/saxon/expr/instruct/Bindery
18:07:36.565 [main] INFO org.evosuite.runtime.instrumentation.EvoClassLoader - Keeping class: net.sf.saxon.expr.instruct.Bindery
18:07:36.565 [main] INFO org.evosuite.runtime.instrumentation.EvoClassLoader - Seeing class for first time: net.sf.saxon.value.DateTimeValue
18:07:36.565 [main] INFO org.evosuite.runtime.instrumentation.EvoClassLoader - Instrumenting class 'net.sf.saxon.value.DateTimeValue'.
18:07:36.567 [main] INFO org.evosuite.runtime.instrumentation.MethodCallReplacementClassAdapter - Adding mock interface to class net/sf/saxon/value/DateTimeValue
18:07:36.574 [main] INFO org.evosuite.runtime.instrumentation.CreateClassResetClassAdapter - Found static initializer in class net/sf/saxon/value/DateTimeValue
18:07:36.576 [main] INFO org.evosuite.runtime.instrumentation.EvoClassLoader - Seeing class for first time: net.sf.saxon.value.CalendarValue
18:07:36.576 [main] INFO org.evosuite.runtime.instrumentation.EvoClassLoader - Instrumenting class 'net.sf.saxon.value.CalendarValue'.
18:07:36.576 [main] INFO org.evosuite.runtime.instrumentation.MethodCallReplacementClassAdapter - Adding mock interface to class net/sf/saxon/value/CalendarValue
18:07:36.578 [main] INFO org.evosuite.runtime.instrumentation.CreateClassResetClassAdapter - Creating brand-new static initializer in class net/sf/saxon/value/CalendarValue
18:07:36.578 [main] INFO org.evosuite.runtime.instrumentation.CreateClassResetClassAdapter - Adding bytecode for initializing field NO_TIMEZONE
18:07:36.578 [main] INFO org.evosuite.runtime.instrumentation.CreateClassResetClassAdapter - Adding bytecode for initializing field MISSING_TIMEZONE
18:07:36.579 [main] INFO org.evosuite.runtime.instrumentation.EvoClassLoader - Keeping class: net.sf.saxon.value.CalendarValue
18:07:36.579 [main] INFO org.evosuite.runtime.instrumentation.EvoClassLoader - Keeping class: net.sf.saxon.value.DateTimeValue
18:07:36.579 [main] INFO org.evosuite.runtime.instrumentation.EvoClassLoader - Seeing class for first time: net.sf.saxon.event.Stripper
18:07:36.579 [main] INFO org.evosuite.runtime.instrumentation.EvoClassLoader - Instrumenting class 'net.sf.saxon.event.Stripper'.
18:07:36.580 [main] INFO org.evosuite.runtime.instrumentation.MethodCallReplacementClassAdapter - Adding mock interface to class net/sf/saxon/event/Stripper
18:07:36.580 [main] INFO org.evosuite.runtime.instrumentation.CreateClassResetClassAdapter - Found static initializer in class net/sf/saxon/event/Stripper
18:07:36.581 [main] INFO org.evosuite.runtime.instrumentation.EvoClassLoader - Keeping class: net.sf.saxon.event.Stripper
18:07:36.581 [main] INFO org.evosuite.runtime.instrumentation.EvoClassLoader - Seeing class for first time: net.sf.saxon.trans.rules.RuleManager
18:07:36.581 [main] INFO org.evosuite.runtime.instrumentation.EvoClassLoader - Instrumenting class 'net.sf.saxon.trans.rules.RuleManager'.
18:07:36.582 [main] INFO org.evosuite.runtime.instrumentation.MethodCallReplacementClassAdapter - Adding mock interface to class net/sf/saxon/trans/rules/RuleManager
18:07:36.586 [main] INFO org.evosuite.runtime.instrumentation.CreateClassResetClassAdapter - Creating brand-new static initializer in class net/sf/saxon/trans/rules/RuleManager
18:07:36.586 [main] INFO org.evosuite.runtime.instrumentation.EvoClassLoader - Keeping class: net.sf.saxon.trans.rules.RuleManager
18:07:36.587 [main] INFO org.evosuite.runtime.instrumentation.EvoClassLoader - Seeing class for first time: net.sf.saxon.event.SequenceOutputter
18:07:36.587 [main] INFO org.evosuite.runtime.instrumentation.EvoClassLoader - Instrumenting class 'net.sf.saxon.event.SequenceOutputter'.
18:07:36.587 [main] INFO org.evosuite.runtime.instrumentation.MethodCallReplacementClassAdapter - Adding mock interface to class net/sf/saxon/event/SequenceOutputter
18:07:36.588 [main] INFO org.evosuite.runtime.instrumentation.CreateClassResetClassAdapter - Creating brand-new static initializer in class net/sf/saxon/event/SequenceOutputter
18:07:36.588 [main] INFO org.evosuite.runtime.instrumentation.EvoClassLoader - Keeping class: net.sf.saxon.event.SequenceOutputter
18:07:36.588 [main] INFO org.evosuite.runtime.instrumentation.EvoClassLoader - Seeing class for first time: net.sf.saxon.trans.StylesheetCache
18:07:36.588 [main] INFO org.evosuite.runtime.instrumentation.EvoClassLoader - Instrumenting class 'net.sf.saxon.trans.StylesheetCache'.
18:07:36.589 [main] INFO org.evosuite.runtime.instrumentation.MethodCallReplacementClassAdapter - Adding mock interface to class net/sf/saxon/trans/StylesheetCache
18:07:36.590 [main] INFO org.evosuite.runtime.instrumentation.CreateClassResetClassAdapter - Creating brand-new static initializer in class net/sf/saxon/trans/StylesheetCache
18:07:36.590 [main] INFO org.evosuite.runtime.instrumentation.EvoClassLoader - Keeping class: net.sf.saxon.trans.StylesheetCache
18:07:36.590 [main] INFO org.evosuite.runtime.instrumentation.EvoClassLoader - Seeing class for first time: net.sf.saxon.om.FocusTrackingIterator
18:07:36.590 [main] INFO org.evosuite.runtime.instrumentation.EvoClassLoader - Instrumenting class 'net.sf.saxon.om.FocusTrackingIterator'.
18:07:36.591 [main] INFO org.evosuite.runtime.instrumentation.MethodCallReplacementClassAdapter - Adding mock interface to class net/sf/saxon/om/FocusTrackingIterator
18:07:36.592 [main] INFO org.evosuite.runtime.instrumentation.CreateClassResetClassAdapter - Creating brand-new static initializer in class net/sf/saxon/om/FocusTrackingIterator
18:07:36.592 [main] INFO org.evosuite.runtime.instrumentation.EvoClassLoader - Seeing class for first time: net.sf.saxon.om.FocusIterator
18:07:36.592 [main] INFO org.evosuite.runtime.instrumentation.EvoClassLoader - Instrumenting class 'net.sf.saxon.om.FocusIterator'.
18:07:36.593 [main] INFO org.evosuite.runtime.instrumentation.EvoClassLoader - Keeping class: net.sf.saxon.om.FocusIterator
18:07:36.593 [main] INFO org.evosuite.runtime.instrumentation.EvoClassLoader - Keeping class: net.sf.saxon.om.FocusTrackingIterator
18:07:36.594 [main] INFO org.evosuite.runtime.instrumentation.EvoClassLoader - Seeing class for first time: net.sf.saxon.expr.instruct.GlobalContextRequirement
18:07:36.594 [main] INFO org.evosuite.runtime.instrumentation.EvoClassLoader - Instrumenting class 'net.sf.saxon.expr.instruct.GlobalContextRequirement'.
18:07:36.595 [main] INFO org.evosuite.runtime.instrumentation.MethodCallReplacementClassAdapter - Adding mock interface to class net/sf/saxon/expr/instruct/GlobalContextRequirement
18:07:36.596 [main] INFO org.evosuite.runtime.instrumentation.CreateClassResetClassAdapter - Creating brand-new static initializer in class net/sf/saxon/expr/instruct/GlobalContextRequirement
18:07:36.596 [main] INFO org.evosuite.runtime.instrumentation.EvoClassLoader - Keeping class: net.sf.saxon.expr.instruct.GlobalContextRequirement
18:07:36.596 [main] INFO org.evosuite.runtime.instrumentation.EvoClassLoader - Seeing class for first time: net.sf.saxon.lib.StandardErrorListener
18:07:36.596 [main] INFO org.evosuite.runtime.instrumentation.EvoClassLoader - Instrumenting class 'net.sf.saxon.lib.StandardErrorListener'.
18:07:36.597 [main] INFO org.evosuite.runtime.instrumentation.MethodCallReplacementClassAdapter - Adding mock interface to class net/sf/saxon/lib/StandardErrorListener
18:07:36.601 [main] INFO org.evosuite.runtime.instrumentation.CreateClassResetClassAdapter - Creating brand-new static initializer in class net/sf/saxon/lib/StandardErrorListener
18:07:36.602 [main] INFO org.evosuite.runtime.instrumentation.EvoClassLoader - Keeping class: net.sf.saxon.lib.StandardErrorListener
18:07:36.602 [main] INFO org.evosuite.runtime.instrumentation.EvoClassLoader - Seeing class for first time: net.sf.saxon.regex.LatinString
18:07:36.602 [main] INFO org.evosuite.runtime.instrumentation.EvoClassLoader - Instrumenting class 'net.sf.saxon.regex.LatinString'.
18:07:36.603 [main] INFO org.evosuite.runtime.instrumentation.MethodCallReplacementClassAdapter - Adding mock interface to class net/sf/saxon/regex/LatinString
18:07:36.603 [main] INFO org.evosuite.runtime.instrumentation.CreateClassResetClassAdapter - Found static initializer in class net/sf/saxon/regex/LatinString
18:07:36.603 [main] INFO org.evosuite.runtime.instrumentation.EvoClassLoader - Keeping class: net.sf.saxon.regex.LatinString
18:07:36.603 [main] INFO org.evosuite.runtime.instrumentation.EvoClassLoader - Seeing class for first time: net.sf.saxon.regex.BMPString
18:07:36.603 [main] INFO org.evosuite.runtime.instrumentation.EvoClassLoader - Instrumenting class 'net.sf.saxon.regex.BMPString'.
18:07:36.604 [main] INFO org.evosuite.runtime.instrumentation.MethodCallReplacementClassAdapter - Adding mock interface to class net/sf/saxon/regex/BMPString
18:07:36.604 [main] INFO org.evosuite.runtime.instrumentation.CreateClassResetClassAdapter - Creating brand-new static initializer in class net/sf/saxon/regex/BMPString
18:07:36.605 [main] INFO org.evosuite.runtime.instrumentation.EvoClassLoader - Keeping class: net.sf.saxon.regex.BMPString
18:07:36.605 [main] INFO org.evosuite.runtime.instrumentation.EvoClassLoader - Seeing class for first time: net.sf.saxon.regex.GeneralUnicodeString
18:07:36.605 [main] INFO org.evosuite.runtime.instrumentation.EvoClassLoader - Instrumenting class 'net.sf.saxon.regex.GeneralUnicodeString'.
18:07:36.605 [main] INFO org.evosuite.runtime.instrumentation.MethodCallReplacementClassAdapter - Adding mock interface to class net/sf/saxon/regex/GeneralUnicodeString
18:07:36.606 [main] INFO org.evosuite.runtime.instrumentation.CreateClassResetClassAdapter - Creating brand-new static initializer in class net/sf/saxon/regex/GeneralUnicodeString
18:07:36.606 [main] INFO org.evosuite.runtime.instrumentation.EvoClassLoader - Keeping class: net.sf.saxon.regex.GeneralUnicodeString
18:07:36.607 [main] INFO org.evosuite.runtime.instrumentation.EvoClassLoader - Seeing class for first time: net.sf.saxon.expr.sort.GroupIterator
18:07:36.607 [main] INFO org.evosuite.runtime.instrumentation.EvoClassLoader - Instrumenting class 'net.sf.saxon.expr.sort.GroupIterator'.
18:07:36.609 [main] INFO org.evosuite.runtime.instrumentation.EvoClassLoader - Keeping class: net.sf.saxon.expr.sort.GroupIterator
18:07:36.609 [main] INFO org.evosuite.runtime.instrumentation.EvoClassLoader - Seeing class for first time: net.sf.saxon.regex.RegexIterator
18:07:36.609 [main] INFO org.evosuite.runtime.instrumentation.EvoClassLoader - Instrumenting class 'net.sf.saxon.regex.RegexIterator'.
18:07:36.609 [main] INFO org.evosuite.runtime.instrumentation.EvoClassLoader - Keeping class: net.sf.saxon.regex.RegexIterator
18:07:36.609 [main] INFO org.evosuite.runtime.instrumentation.EvoClassLoader - Seeing class for first time: net.sf.saxon.expr.StackFrame
18:07:36.610 [main] INFO org.evosuite.runtime.instrumentation.EvoClassLoader - Instrumenting class 'net.sf.saxon.expr.StackFrame'.
18:07:36.610 [main] INFO org.evosuite.runtime.instrumentation.MethodCallReplacementClassAdapter - Adding mock interface to class net/sf/saxon/expr/StackFrame
18:07:36.612 [main] INFO org.evosuite.runtime.instrumentation.CreateClassResetClassAdapter - Found static initializer in class net/sf/saxon/expr/StackFrame
18:07:36.612 [main] INFO org.evosuite.runtime.instrumentation.EvoClassLoader - Keeping class: net.sf.saxon.expr.StackFrame
18:07:36.613 [main] INFO org.evosuite.runtime.instrumentation.EvoClassLoader - Seeing class for first time: net.sf.saxon.trans.XsltController
18:07:36.613 [main] INFO org.evosuite.runtime.instrumentation.EvoClassLoader - Instrumenting class 'net.sf.saxon.trans.XsltController'.
18:07:36.614 [main] INFO org.evosuite.runtime.instrumentation.MethodCallReplacementClassAdapter - Adding mock interface to class net/sf/saxon/trans/XsltController
18:07:36.634 [main] INFO org.evosuite.runtime.instrumentation.CreateClassResetClassAdapter - Creating brand-new static initializer in class net/sf/saxon/trans/XsltController
18:07:36.636 [main] INFO org.evosuite.runtime.instrumentation.EvoClassLoader - Keeping class: net.sf.saxon.trans.XsltController
18:07:36.636 [main] INFO org.evosuite.runtime.instrumentation.EvoClassLoader - Seeing class for first time: net.sf.saxon.expr.TailCallLoop$TailCallInfo
18:07:36.636 [main] INFO org.evosuite.runtime.instrumentation.EvoClassLoader - Instrumenting class 'net.sf.saxon.expr.TailCallLoop$TailCallInfo'.
18:07:36.637 [main] INFO org.evosuite.runtime.instrumentation.EvoClassLoader - Keeping class: net.sf.saxon.expr.TailCallLoop$TailCallInfo
18:07:36.638 [main] INFO org.evosuite.runtime.instrumentation.EvoClassLoader - Seeing class for first time: net.sf.saxon.functions.UnparsedTextFunction
18:07:36.638 [main] INFO org.evosuite.runtime.instrumentation.EvoClassLoader - Instrumenting class 'net.sf.saxon.functions.UnparsedTextFunction'.
18:07:36.639 [main] INFO org.evosuite.runtime.instrumentation.MethodCallReplacementClassAdapter - Adding mock interface to class net/sf/saxon/functions/UnparsedTextFunction
18:07:36.640 [main] INFO org.evosuite.runtime.instrumentation.CreateClassResetClassAdapter - Creating brand-new static initializer in class net/sf/saxon/functions/UnparsedTextFunction
18:07:36.641 [main] INFO org.evosuite.runtime.instrumentation.EvoClassLoader - Keeping class: net.sf.saxon.functions.UnparsedTextFunction
18:07:36.642 [main] INFO org.evosuite.runtime.instrumentation.EvoClassLoader - Seeing class for first time: net.sf.saxon.om.One
18:07:36.642 [main] INFO org.evosuite.runtime.instrumentation.EvoClassLoader - Instrumenting class 'net.sf.saxon.om.One'.
18:07:36.643 [main] INFO org.evosuite.runtime.instrumentation.MethodCallReplacementClassAdapter - Adding mock interface to class net/sf/saxon/om/One
18:07:36.645 [main] INFO org.evosuite.runtime.instrumentation.CreateClassResetClassAdapter - Creating brand-new static initializer in class net/sf/saxon/om/One
18:07:36.646 [main] INFO org.evosuite.runtime.instrumentation.EvoClassLoader - Keeping class: net.sf.saxon.om.One
18:07:36.646 [main] INFO org.evosuite.runtime.instrumentation.EvoClassLoader - Seeing class for first time: net.sf.saxon.regex.EmptyString
18:07:36.646 [main] INFO org.evosuite.runtime.instrumentation.EvoClassLoader - Instrumenting class 'net.sf.saxon.regex.EmptyString'.
18:07:36.647 [main] INFO org.evosuite.runtime.instrumentation.MethodCallReplacementClassAdapter - Adding mock interface to class net/sf/saxon/regex/EmptyString
18:07:36.647 [main] INFO org.evosuite.runtime.instrumentation.CreateClassResetClassAdapter - Found static initializer in class net/sf/saxon/regex/EmptyString
18:07:36.648 [main] INFO org.evosuite.runtime.instrumentation.EvoClassLoader - Keeping class: net.sf.saxon.regex.EmptyString
18:07:36.649 [main] INFO org.evosuite.runtime.instrumentation.EvoClassLoader - Seeing class for first time: net.sf.saxon.functions.ScalarSystemFunction
18:07:36.649 [main] INFO org.evosuite.runtime.instrumentation.EvoClassLoader - Instrumenting class 'net.sf.saxon.functions.ScalarSystemFunction'.
18:07:36.650 [main] INFO org.evosuite.runtime.instrumentation.MethodCallReplacementClassAdapter - Adding mock interface to class net/sf/saxon/functions/ScalarSystemFunction
18:07:36.650 [main] INFO org.evosuite.runtime.instrumentation.CreateClassResetClassAdapter - Found static initializer in class net/sf/saxon/functions/ScalarSystemFunction
18:07:36.651 [main] INFO org.evosuite.runtime.instrumentation.EvoClassLoader - Keeping class: net.sf.saxon.functions.ScalarSystemFunction
18:07:36.651 [main] INFO org.evosuite.runtime.instrumentation.EvoClassLoader - Seeing class for first time: net.sf.saxon.functions.ScalarSystemFunction$1
18:07:36.651 [main] INFO org.evosuite.runtime.instrumentation.EvoClassLoader - Instrumenting class 'net.sf.saxon.functions.ScalarSystemFunction$1'.
18:07:36.651 [main] INFO org.evosuite.runtime.instrumentation.MethodCallReplacementClassAdapter - Adding mock interface to class net/sf/saxon/functions/ScalarSystemFunction$1
18:07:36.652 [main] INFO org.evosuite.runtime.instrumentation.EvoClassLoader - Keeping class: net.sf.saxon.functions.ScalarSystemFunction$1
18:07:36.652 [main] INFO org.evosuite.runtime.instrumentation.EvoClassLoader - Seeing class for first time: net.sf.saxon.functions.EncodeForUri
18:07:36.652 [main] INFO org.evosuite.runtime.instrumentation.EvoClassLoader - Instrumenting class 'net.sf.saxon.functions.EncodeForUri'.
18:07:36.653 [main] INFO org.evosuite.runtime.instrumentation.MethodCallReplacementClassAdapter - Adding mock interface to class net/sf/saxon/functions/EncodeForUri
18:07:36.653 [main] INFO org.evosuite.runtime.instrumentation.CreateClassResetClassAdapter - Found static initializer in class net/sf/saxon/functions/EncodeForUri
18:07:36.654 [main] INFO org.evosuite.runtime.instrumentation.EvoClassLoader - Keeping class: net.sf.saxon.functions.EncodeForUri
18:07:36.655 [main] INFO org.evosuite.runtime.instrumentation.EvoClassLoader - Seeing class for first time: net.sf.saxon.style.DataElement
18:07:36.655 [main] INFO org.evosuite.runtime.instrumentation.EvoClassLoader - Instrumenting class 'net.sf.saxon.style.DataElement'.
18:07:36.655 [main] INFO org.evosuite.runtime.instrumentation.MethodCallReplacementClassAdapter - Adding mock interface to class net/sf/saxon/style/DataElement
18:07:36.655 [main] INFO org.evosuite.runtime.instrumentation.CreateClassResetClassAdapter - Creating brand-new static initializer in class net/sf/saxon/style/DataElement
18:07:36.656 [main] INFO org.evosuite.runtime.instrumentation.EvoClassLoader - Keeping class: net.sf.saxon.style.DataElement
18:07:36.656 [main] INFO org.evosuite.runtime.instrumentation.EvoClassLoader - Seeing class for first time: net.sf.saxon.expr.EarlyEvaluationContext
18:07:36.656 [main] INFO org.evosuite.runtime.instrumentation.EvoClassLoader - Instrumenting class 'net.sf.saxon.expr.EarlyEvaluationContext'.
18:07:36.657 [main] INFO org.evosuite.runtime.instrumentation.MethodCallReplacementClassAdapter - Adding mock interface to class net/sf/saxon/expr/EarlyEvaluationContext
18:07:36.658 [main] INFO org.evosuite.runtime.instrumentation.CreateClassResetClassAdapter - Creating brand-new static initializer in class net/sf/saxon/expr/EarlyEvaluationContext
18:07:36.658 [main] INFO org.evosuite.runtime.instrumentation.EvoClassLoader - Keeping class: net.sf.saxon.expr.EarlyEvaluationContext
18:07:36.659 [main] INFO org.evosuite.runtime.instrumentation.EvoClassLoader - Seeing class for first time: net.sf.saxon.style.XSLForEach
18:07:36.659 [main] INFO org.evosuite.runtime.instrumentation.EvoClassLoader - Instrumenting class 'net.sf.saxon.style.XSLForEach'.
18:07:36.659 [main] INFO org.evosuite.runtime.instrumentation.MethodCallReplacementClassAdapter - Adding mock interface to class net/sf/saxon/style/XSLForEach
18:07:36.663 [main] INFO org.evosuite.runtime.instrumentation.CreateClassResetClassAdapter - Found static initializer in class net/sf/saxon/style/XSLForEach
18:07:36.663 [main] INFO org.evosuite.runtime.instrumentation.EvoClassLoader - Keeping class: net.sf.saxon.style.XSLForEach
18:07:36.664 [main] INFO org.evosuite.runtime.instrumentation.EvoClassLoader - Seeing class for first time: net.sf.saxon.expr.sort.SortExpression
18:07:36.664 [main] INFO org.evosuite.runtime.instrumentation.EvoClassLoader - Instrumenting class 'net.sf.saxon.expr.sort.SortExpression'.
18:07:36.665 [main] INFO org.evosuite.runtime.instrumentation.MethodCallReplacementClassAdapter - Adding mock interface to class net/sf/saxon/expr/sort/SortExpression
18:07:36.668 [main] INFO org.evosuite.runtime.instrumentation.CreateClassResetClassAdapter - Found static initializer in class net/sf/saxon/expr/sort/SortExpression
18:07:36.668 [main] INFO org.evosuite.runtime.instrumentation.EvoClassLoader - Seeing class for first time: net.sf.saxon.expr.sort.SortKeyEvaluator
18:07:36.668 [main] INFO org.evosuite.runtime.instrumentation.EvoClassLoader - Instrumenting class 'net.sf.saxon.expr.sort.SortKeyEvaluator'.
18:07:36.668 [main] INFO org.evosuite.runtime.instrumentation.EvoClassLoader - Keeping class: net.sf.saxon.expr.sort.SortKeyEvaluator
18:07:36.668 [main] INFO org.evosuite.runtime.instrumentation.EvoClassLoader - Keeping class: net.sf.saxon.expr.sort.SortExpression
18:07:36.669 [main] INFO org.evosuite.runtime.instrumentation.EvoClassLoader - Seeing class for first time: net.sf.saxon.expr.instruct.ForEach
18:07:36.669 [main] INFO org.evosuite.runtime.instrumentation.EvoClassLoader - Instrumenting class 'net.sf.saxon.expr.instruct.ForEach'.
18:07:36.669 [main] INFO org.evosuite.runtime.instrumentation.MethodCallReplacementClassAdapter - Adding mock interface to class net/sf/saxon/expr/instruct/ForEach
18:07:36.670 [main] INFO org.evosuite.runtime.instrumentation.CreateClassResetClassAdapter - Found static initializer in class net/sf/saxon/expr/instruct/ForEach
18:07:36.670 [main] INFO org.evosuite.runtime.instrumentation.EvoClassLoader - Seeing class for first time: net.sf.saxon.expr.ContextMappingFunction
18:07:36.670 [main] INFO org.evosuite.runtime.instrumentation.EvoClassLoader - Instrumenting class 'net.sf.saxon.expr.ContextMappingFunction'.
18:07:36.670 [main] INFO org.evosuite.runtime.instrumentation.EvoClassLoader - Keeping class: net.sf.saxon.expr.ContextMappingFunction
18:07:36.671 [main] INFO org.evosuite.runtime.instrumentation.EvoClassLoader - Seeing class for first time: net.sf.saxon.expr.ContextSwitchingExpression
18:07:36.671 [main] INFO org.evosuite.runtime.instrumentation.EvoClassLoader - Instrumenting class 'net.sf.saxon.expr.ContextSwitchingExpression'.
18:07:36.671 [main] INFO org.evosuite.runtime.instrumentation.EvoClassLoader - Keeping class: net.sf.saxon.expr.ContextSwitchingExpression
18:07:36.671 [main] INFO org.evosuite.runtime.instrumentation.EvoClassLoader - Keeping class: net.sf.saxon.expr.instruct.ForEach
18:07:36.673 [main] INFO org.evosuite.runtime.instrumentation.EvoClassLoader - Seeing class for first time: net.sf.saxon.trans.packages.VersionedPackageName
18:07:36.673 [main] INFO org.evosuite.runtime.instrumentation.EvoClassLoader - Instrumenting class 'net.sf.saxon.trans.packages.VersionedPackageName'.
18:07:36.673 [main] INFO org.evosuite.runtime.instrumentation.MethodCallReplacementClassAdapter - Adding mock interface to class net/sf/saxon/trans/packages/VersionedPackageName
18:07:36.673 [main] INFO org.evosuite.runtime.instrumentation.CreateClassResetClassAdapter - Creating brand-new static initializer in class net/sf/saxon/trans/packages/VersionedPackageName
18:07:36.674 [main] INFO org.evosuite.runtime.instrumentation.EvoClassLoader - Keeping class: net.sf.saxon.trans.packages.VersionedPackageName
18:07:36.674 [main] INFO org.evosuite.runtime.instrumentation.EvoClassLoader - Seeing class for first time: net.sf.saxon.trans.packages.UsePack
18:07:36.674 [main] INFO org.evosuite.runtime.instrumentation.EvoClassLoader - Instrumenting class 'net.sf.saxon.trans.packages.UsePack'.
18:07:36.674 [main] INFO org.evosuite.runtime.instrumentation.MethodCallReplacementClassAdapter - Adding mock interface to class net/sf/saxon/trans/packages/UsePack
18:07:36.674 [main] INFO org.evosuite.runtime.instrumentation.CreateClassResetClassAdapter - Creating brand-new static initializer in class net/sf/saxon/trans/packages/UsePack
18:07:36.674 [main] INFO org.evosuite.runtime.instrumentation.EvoClassLoader - Keeping class: net.sf.saxon.trans.packages.UsePack
18:07:36.674 [main] INFO org.evosuite.runtime.instrumentation.EvoClassLoader - Seeing class for first time: net.sf.saxon.style.XSLPackage
18:07:36.674 [main] INFO org.evosuite.runtime.instrumentation.EvoClassLoader - Instrumenting class 'net.sf.saxon.style.XSLPackage'.
18:07:36.674 [main] INFO org.evosuite.runtime.instrumentation.MethodCallReplacementClassAdapter - Adding mock interface to class net/sf/saxon/style/XSLPackage
18:07:36.675 [main] INFO org.evosuite.runtime.instrumentation.CreateClassResetClassAdapter - Creating brand-new static initializer in class net/sf/saxon/style/XSLPackage
18:07:36.675 [main] INFO org.evosuite.runtime.instrumentation.EvoClassLoader - Keeping class: net.sf.saxon.style.XSLPackage
18:07:36.675 [main] INFO org.evosuite.runtime.instrumentation.EvoClassLoader - Seeing class for first time: net.sf.saxon.om.QNameParser
18:07:36.675 [main] INFO org.evosuite.runtime.instrumentation.EvoClassLoader - Instrumenting class 'net.sf.saxon.om.QNameParser'.
18:07:36.676 [main] INFO org.evosuite.runtime.instrumentation.MethodCallReplacementClassAdapter - Adding mock interface to class net/sf/saxon/om/QNameParser
18:07:36.676 [main] INFO org.evosuite.runtime.instrumentation.CreateClassResetClassAdapter - Creating brand-new static initializer in class net/sf/saxon/om/QNameParser
18:07:36.676 [main] INFO org.evosuite.runtime.instrumentation.EvoClassLoader - Keeping class: net.sf.saxon.om.QNameParser
18:07:36.676 [main] INFO org.evosuite.runtime.instrumentation.EvoClassLoader - Seeing class for first time: net.sf.saxon.query.XQueryParser$Unescaper
18:07:36.676 [main] INFO org.evosuite.runtime.instrumentation.EvoClassLoader - Instrumenting class 'net.sf.saxon.query.XQueryParser$Unescaper'.
18:07:36.677 [main] INFO org.evosuite.runtime.instrumentation.MethodCallReplacementClassAdapter - Adding mock interface to class net/sf/saxon/query/XQueryParser$Unescaper
18:07:36.677 [main] INFO org.evosuite.runtime.instrumentation.CreateClassResetClassAdapter - Found static initializer in class net/sf/saxon/query/XQueryParser$Unescaper
18:07:36.677 [main] INFO org.evosuite.runtime.instrumentation.EvoClassLoader - Keeping class: net.sf.saxon.query.XQueryParser$Unescaper
18:07:36.678 [main] INFO org.evosuite.runtime.instrumentation.EvoClassLoader - Seeing class for first time: net.sf.saxon.event.BuilderMonitor
18:07:36.678 [main] INFO org.evosuite.runtime.instrumentation.EvoClassLoader - Instrumenting class 'net.sf.saxon.event.BuilderMonitor'.
18:07:36.679 [main] INFO org.evosuite.runtime.instrumentation.MethodCallReplacementClassAdapter - Adding mock interface to class net/sf/saxon/event/BuilderMonitor
18:07:36.679 [main] INFO org.evosuite.runtime.instrumentation.CreateClassResetClassAdapter - Creating brand-new static initializer in class net/sf/saxon/event/BuilderMonitor
18:07:36.679 [main] INFO org.evosuite.runtime.instrumentation.EvoClassLoader - Keeping class: net.sf.saxon.event.BuilderMonitor
18:07:36.680 [main] INFO org.evosuite.runtime.instrumentation.EvoClassLoader - Seeing class for first time: net.sf.saxon.tree.linked.LinkedBuilderMonitor
18:07:36.680 [main] INFO org.evosuite.runtime.instrumentation.EvoClassLoader - Instrumenting class 'net.sf.saxon.tree.linked.LinkedBuilderMonitor'.
18:07:36.680 [main] INFO org.evosuite.runtime.instrumentation.MethodCallReplacementClassAdapter - Adding mock interface to class net/sf/saxon/tree/linked/LinkedBuilderMonitor
18:07:36.680 [main] INFO org.evosuite.runtime.instrumentation.CreateClassResetClassAdapter - Creating brand-new static initializer in class net/sf/saxon/tree/linked/LinkedBuilderMonitor
18:07:36.681 [main] INFO org.evosuite.runtime.instrumentation.EvoClassLoader - Keeping class: net.sf.saxon.tree.linked.LinkedBuilderMonitor
18:07:36.681 [main] INFO org.evosuite.runtime.instrumentation.EvoClassLoader - Seeing class for first time: net.sf.saxon.tree.linked.LinkedTreeBuilder$DefaultNodeFactory
18:07:36.681 [main] INFO org.evosuite.runtime.instrumentation.EvoClassLoader - Instrumenting class 'net.sf.saxon.tree.linked.LinkedTreeBuilder$DefaultNodeFactory'.
18:07:36.681 [main] INFO org.evosuite.runtime.instrumentation.MethodCallReplacementClassAdapter - Adding mock interface to class net/sf/saxon/tree/linked/LinkedTreeBuilder$DefaultNodeFactory
18:07:36.681 [main] INFO org.evosuite.runtime.instrumentation.CreateClassResetClassAdapter - Found static initializer in class net/sf/saxon/tree/linked/LinkedTreeBuilder$DefaultNodeFactory
18:07:36.682 [main] INFO org.evosuite.runtime.instrumentation.EvoClassLoader - Keeping class: net.sf.saxon.tree.linked.LinkedTreeBuilder$DefaultNodeFactory
18:07:36.682 [main] INFO org.evosuite.runtime.instrumentation.EvoClassLoader - Seeing class for first time: net.sf.saxon.style.TextValueTemplateNode
18:07:36.682 [main] INFO org.evosuite.runtime.instrumentation.EvoClassLoader - Instrumenting class 'net.sf.saxon.style.TextValueTemplateNode'.
18:07:36.682 [main] INFO org.evosuite.runtime.instrumentation.MethodCallReplacementClassAdapter - Adding mock interface to class net/sf/saxon/style/TextValueTemplateNode
18:07:36.683 [main] INFO org.evosuite.runtime.instrumentation.CreateClassResetClassAdapter - Creating brand-new static initializer in class net/sf/saxon/style/TextValueTemplateNode
18:07:36.683 [main] INFO org.evosuite.runtime.instrumentation.EvoClassLoader - Keeping class: net.sf.saxon.style.TextValueTemplateNode
18:07:36.683 [main] INFO org.evosuite.runtime.instrumentation.EvoClassLoader - Seeing class for first time: net.sf.saxon.style.AbsentExtensionElement
18:07:36.683 [main] INFO org.evosuite.runtime.instrumentation.EvoClassLoader - Instrumenting class 'net.sf.saxon.style.AbsentExtensionElement'.
18:07:36.684 [main] INFO org.evosuite.runtime.instrumentation.MethodCallReplacementClassAdapter - Adding mock interface to class net/sf/saxon/style/AbsentExtensionElement
18:07:36.684 [main] INFO org.evosuite.runtime.instrumentation.CreateClassResetClassAdapter - Creating brand-new static initializer in class net/sf/saxon/style/AbsentExtensionElement
18:07:36.684 [main] INFO org.evosuite.runtime.instrumentation.EvoClassLoader - Keeping class: net.sf.saxon.style.AbsentExtensionElement
18:07:36.684 [main] INFO org.evosuite.runtime.instrumentation.EvoClassLoader - Seeing class for first time: net.sf.saxon.style.LiteralResultElement
18:07:36.684 [main] INFO org.evosuite.runtime.instrumentation.EvoClassLoader - Instrumenting class 'net.sf.saxon.style.LiteralResultElement'.
18:07:36.685 [main] INFO org.evosuite.runtime.instrumentation.MethodCallReplacementClassAdapter - Adding mock interface to class net/sf/saxon/style/LiteralResultElement
18:07:36.698 [main] INFO org.evosuite.runtime.instrumentation.CreateClassResetClassAdapter - Creating brand-new static initializer in class net/sf/saxon/style/LiteralResultElement
18:07:36.698 [main] INFO org.evosuite.runtime.instrumentation.EvoClassLoader - Keeping class: net.sf.saxon.style.LiteralResultElement
18:07:36.698 [main] INFO org.evosuite.runtime.instrumentation.EvoClassLoader - Seeing class for first time: net.sf.saxon.style.XSLAccept
18:07:36.699 [main] INFO org.evosuite.runtime.instrumentation.EvoClassLoader - Instrumenting class 'net.sf.saxon.style.XSLAccept'.
18:07:36.699 [main] INFO org.evosuite.runtime.instrumentation.MethodCallReplacementClassAdapter - Adding mock interface to class net/sf/saxon/style/XSLAccept
18:07:36.700 [main] INFO org.evosuite.runtime.instrumentation.CreateClassResetClassAdapter - Creating brand-new static initializer in class net/sf/saxon/style/XSLAccept
18:07:36.700 [main] INFO org.evosuite.runtime.instrumentation.EvoClassLoader - Seeing class for first time: net.sf.saxon.style.XSLAcceptExpose
18:07:36.700 [main] INFO org.evosuite.runtime.instrumentation.EvoClassLoader - Instrumenting class 'net.sf.saxon.style.XSLAcceptExpose'.
18:07:36.700 [main] INFO org.evosuite.runtime.instrumentation.MethodCallReplacementClassAdapter - Adding mock interface to class net/sf/saxon/style/XSLAcceptExpose
18:07:36.701 [main] INFO org.evosuite.runtime.instrumentation.CreateClassResetClassAdapter - Creating brand-new static initializer in class net/sf/saxon/style/XSLAcceptExpose
18:07:36.701 [main] INFO org.evosuite.runtime.instrumentation.EvoClassLoader - Keeping class: net.sf.saxon.style.XSLAcceptExpose
18:07:36.701 [main] INFO org.evosuite.runtime.instrumentation.EvoClassLoader - Keeping class: net.sf.saxon.style.XSLAccept
18:07:36.701 [main] INFO org.evosuite.runtime.instrumentation.EvoClassLoader - Seeing class for first time: net.sf.saxon.style.XSLAccumulator
18:07:36.701 [main] INFO org.evosuite.runtime.instrumentation.EvoClassLoader - Instrumenting class 'net.sf.saxon.style.XSLAccumulator'.
18:07:36.702 [main] INFO org.evosuite.runtime.instrumentation.MethodCallReplacementClassAdapter - Adding mock interface to class net/sf/saxon/style/XSLAccumulator
18:07:36.708 [main] INFO org.evosuite.runtime.instrumentation.CreateClassResetClassAdapter - Creating brand-new static initializer in class net/sf/saxon/style/XSLAccumulator
18:07:36.709 [main] INFO org.evosuite.runtime.instrumentation.EvoClassLoader - Keeping class: net.sf.saxon.style.XSLAccumulator
18:07:36.709 [main] INFO org.evosuite.runtime.instrumentation.EvoClassLoader - Seeing class for first time: net.sf.saxon.style.XSLAccumulatorRule
18:07:36.709 [main] INFO org.evosuite.runtime.instrumentation.EvoClassLoader - Instrumenting class 'net.sf.saxon.style.XSLAccumulatorRule'.
18:07:36.709 [main] INFO org.evosuite.runtime.instrumentation.MethodCallReplacementClassAdapter - Adding mock interface to class net/sf/saxon/style/XSLAccumulatorRule
18:07:36.709 [main] INFO org.evosuite.runtime.instrumentation.CreateClassResetClassAdapter - Found static initializer in class net/sf/saxon/style/XSLAccumulatorRule
18:07:36.710 [main] INFO org.evosuite.runtime.instrumentation.EvoClassLoader - Keeping class: net.sf.saxon.style.XSLAccumulatorRule
18:07:36.710 [main] INFO org.evosuite.runtime.instrumentation.EvoClassLoader - Seeing class for first time: net.sf.saxon.style.XSLAnalyzeString
18:07:36.710 [main] INFO org.evosuite.runtime.instrumentation.EvoClassLoader - Instrumenting class 'net.sf.saxon.style.XSLAnalyzeString'.
18:07:36.710 [main] INFO org.evosuite.runtime.instrumentation.MethodCallReplacementClassAdapter - Adding mock interface to class net/sf/saxon/style/XSLAnalyzeString
18:07:36.712 [main] INFO org.evosuite.runtime.instrumentation.CreateClassResetClassAdapter - Creating brand-new static initializer in class net/sf/saxon/style/XSLAnalyzeString
18:07:36.712 [main] INFO org.evosuite.runtime.instrumentation.EvoClassLoader - Keeping class: net.sf.saxon.style.XSLAnalyzeString
18:07:36.712 [main] INFO org.evosuite.runtime.instrumentation.EvoClassLoader - Seeing class for first time: net.sf.saxon.style.XSLApplyImports
18:07:36.712 [main] INFO org.evosuite.runtime.instrumentation.EvoClassLoader - Instrumenting class 'net.sf.saxon.style.XSLApplyImports'.
18:07:36.713 [main] INFO org.evosuite.runtime.instrumentation.MethodCallReplacementClassAdapter - Adding mock interface to class net/sf/saxon/style/XSLApplyImports
18:07:36.714 [main] INFO org.evosuite.runtime.instrumentation.CreateClassResetClassAdapter - Creating brand-new static initializer in class net/sf/saxon/style/XSLApplyImports
18:07:36.715 [main] INFO org.evosuite.runtime.instrumentation.EvoClassLoader - Keeping class: net.sf.saxon.style.XSLApplyImports
18:07:36.715 [main] INFO org.evosuite.runtime.instrumentation.EvoClassLoader - Seeing class for first time: net.sf.saxon.style.XSLApplyTemplates
18:07:36.715 [main] INFO org.evosuite.runtime.instrumentation.EvoClassLoader - Instrumenting class 'net.sf.saxon.style.XSLApplyTemplates'.
18:07:36.716 [main] INFO org.evosuite.runtime.instrumentation.MethodCallReplacementClassAdapter - Adding mock interface to class net/sf/saxon/style/XSLApplyTemplates
18:07:36.725 [main] INFO org.evosuite.runtime.instrumentation.CreateClassResetClassAdapter - Found static initializer in class net/sf/saxon/style/XSLApplyTemplates
18:07:36.726 [main] INFO org.evosuite.runtime.instrumentation.EvoClassLoader - Keeping class: net.sf.saxon.style.XSLApplyTemplates
18:07:36.726 [main] INFO org.evosuite.runtime.instrumentation.EvoClassLoader - Seeing class for first time: net.sf.saxon.style.XSLAssert
18:07:36.726 [main] INFO org.evosuite.runtime.instrumentation.EvoClassLoader - Instrumenting class 'net.sf.saxon.style.XSLAssert'.
18:07:36.727 [main] INFO org.evosuite.runtime.instrumentation.MethodCallReplacementClassAdapter - Adding mock interface to class net/sf/saxon/style/XSLAssert
18:07:36.728 [main] INFO org.evosuite.runtime.instrumentation.CreateClassResetClassAdapter - Creating brand-new static initializer in class net/sf/saxon/style/XSLAssert
18:07:36.729 [main] INFO org.evosuite.runtime.instrumentation.EvoClassLoader - Keeping class: net.sf.saxon.style.XSLAssert
18:07:36.729 [main] INFO org.evosuite.runtime.instrumentation.EvoClassLoader - Seeing class for first time: net.sf.saxon.style.XSLAttribute
18:07:36.729 [main] INFO org.evosuite.runtime.instrumentation.EvoClassLoader - Instrumenting class 'net.sf.saxon.style.XSLAttribute'.
18:07:36.730 [main] INFO org.evosuite.runtime.instrumentation.MethodCallReplacementClassAdapter - Adding mock interface to class net/sf/saxon/style/XSLAttribute
18:07:36.731 [main] INFO org.evosuite.runtime.instrumentation.CreateClassResetClassAdapter - Creating brand-new static initializer in class net/sf/saxon/style/XSLAttribute
18:07:36.731 [main] INFO org.evosuite.runtime.instrumentation.EvoClassLoader - Seeing class for first time: net.sf.saxon.style.XSLLeafNodeConstructor
18:07:36.731 [main] INFO org.evosuite.runtime.instrumentation.EvoClassLoader - Instrumenting class 'net.sf.saxon.style.XSLLeafNodeConstructor'.
18:07:36.732 [main] INFO org.evosuite.runtime.instrumentation.MethodCallReplacementClassAdapter - Adding mock interface to class net/sf/saxon/style/XSLLeafNodeConstructor
18:07:36.738 [main] INFO org.evosuite.runtime.instrumentation.CreateClassResetClassAdapter - Creating brand-new static initializer in class net/sf/saxon/style/XSLLeafNodeConstructor
18:07:36.739 [main] INFO org.evosuite.runtime.instrumentation.EvoClassLoader - Keeping class: net.sf.saxon.style.XSLLeafNodeConstructor
18:07:36.739 [main] INFO org.evosuite.runtime.instrumentation.EvoClassLoader - Keeping class: net.sf.saxon.style.XSLAttribute
18:07:36.739 [main] INFO org.evosuite.runtime.instrumentation.EvoClassLoader - Seeing class for first time: net.sf.saxon.style.XSLAttributeSet
18:07:36.739 [main] INFO org.evosuite.runtime.instrumentation.EvoClassLoader - Instrumenting class 'net.sf.saxon.style.XSLAttributeSet'.
18:07:36.740 [main] INFO org.evosuite.runtime.instrumentation.MethodCallReplacementClassAdapter - Adding mock interface to class net/sf/saxon/style/XSLAttributeSet
18:07:36.741 [main] INFO org.evosuite.runtime.instrumentation.CreateClassResetClassAdapter - Creating brand-new static initializer in class net/sf/saxon/style/XSLAttributeSet
18:07:36.741 [main] INFO org.evosuite.runtime.instrumentation.EvoClassLoader - Keeping class: net.sf.saxon.style.XSLAttributeSet
18:07:36.741 [main] INFO org.evosuite.runtime.instrumentation.EvoClassLoader - Seeing class for first time: net.sf.saxon.style.XSLBreak
18:07:36.741 [main] INFO org.evosuite.runtime.instrumentation.EvoClassLoader - Instrumenting class 'net.sf.saxon.style.XSLBreak'.
18:07:36.742 [main] INFO org.evosuite.runtime.instrumentation.MethodCallReplacementClassAdapter - Adding mock interface to class net/sf/saxon/style/XSLBreak
18:07:36.742 [main] INFO org.evosuite.runtime.instrumentation.CreateClassResetClassAdapter - Creating brand-new static initializer in class net/sf/saxon/style/XSLBreak
18:07:36.742 [main] INFO org.evosuite.runtime.instrumentation.EvoClassLoader - Seeing class for first time: net.sf.saxon.style.XSLBreakOrContinue
18:07:36.742 [main] INFO org.evosuite.runtime.instrumentation.EvoClassLoader - Instrumenting class 'net.sf.saxon.style.XSLBreakOrContinue'.
18:07:36.742 [main] INFO org.evosuite.runtime.instrumentation.MethodCallReplacementClassAdapter - Adding mock interface to class net/sf/saxon/style/XSLBreakOrContinue
18:07:36.745 [main] INFO org.evosuite.runtime.instrumentation.CreateClassResetClassAdapter - Creating brand-new static initializer in class net/sf/saxon/style/XSLBreakOrContinue
18:07:36.746 [main] INFO org.evosuite.runtime.instrumentation.EvoClassLoader - Keeping class: net.sf.saxon.style.XSLBreakOrContinue
18:07:36.746 [main] INFO org.evosuite.runtime.instrumentation.EvoClassLoader - Keeping class: net.sf.saxon.style.XSLBreak
18:07:36.746 [main] INFO org.evosuite.runtime.instrumentation.EvoClassLoader - Seeing class for first time: net.sf.saxon.style.XSLCallTemplate
18:07:36.746 [main] INFO org.evosuite.runtime.instrumentation.EvoClassLoader - Instrumenting class 'net.sf.saxon.style.XSLCallTemplate'.
18:07:36.746 [main] INFO org.evosuite.runtime.instrumentation.MethodCallReplacementClassAdapter - Adding mock interface to class net/sf/saxon/style/XSLCallTemplate
18:07:36.747 [main] INFO org.evosuite.runtime.instrumentation.CreateClassResetClassAdapter - Found static initializer in class net/sf/saxon/style/XSLCallTemplate
18:07:36.748 [main] INFO org.evosuite.runtime.instrumentation.EvoClassLoader - Keeping class: net.sf.saxon.style.XSLCallTemplate
18:07:36.748 [main] INFO org.evosuite.runtime.instrumentation.EvoClassLoader - Seeing class for first time: net.sf.saxon.style.XSLCatch
18:07:36.748 [main] INFO org.evosuite.runtime.instrumentation.EvoClassLoader - Instrumenting class 'net.sf.saxon.style.XSLCatch'.
18:07:36.748 [main] INFO org.evosuite.runtime.instrumentation.MethodCallReplacementClassAdapter - Adding mock interface to class net/sf/saxon/style/XSLCatch
18:07:36.750 [main] INFO org.evosuite.runtime.instrumentation.CreateClassResetClassAdapter - Creating brand-new static initializer in class net/sf/saxon/style/XSLCatch
18:07:36.751 [main] INFO org.evosuite.runtime.instrumentation.EvoClassLoader - Keeping class: net.sf.saxon.style.XSLCatch
18:07:36.751 [main] INFO org.evosuite.runtime.instrumentation.EvoClassLoader - Seeing class for first time: net.sf.saxon.style.XSLContextItem
18:07:36.751 [main] INFO org.evosuite.runtime.instrumentation.EvoClassLoader - Instrumenting class 'net.sf.saxon.style.XSLContextItem'.
18:07:36.751 [main] INFO org.evosuite.runtime.instrumentation.MethodCallReplacementClassAdapter - Adding mock interface to class net/sf/saxon/style/XSLContextItem
18:07:36.752 [main] INFO org.evosuite.runtime.instrumentation.CreateClassResetClassAdapter - Creating brand-new static initializer in class net/sf/saxon/style/XSLContextItem
18:07:36.752 [main] INFO org.evosuite.runtime.instrumentation.EvoClassLoader - Keeping class: net.sf.saxon.style.XSLContextItem
18:07:36.752 [main] INFO org.evosuite.runtime.instrumentation.EvoClassLoader - Seeing class for first time: net.sf.saxon.style.XSLCharacterMap
18:07:36.752 [main] INFO org.evosuite.runtime.instrumentation.EvoClassLoader - Instrumenting class 'net.sf.saxon.style.XSLCharacterMap'.
18:07:36.752 [main] INFO org.evosuite.runtime.instrumentation.MethodCallReplacementClassAdapter - Adding mock interface to class net/sf/saxon/style/XSLCharacterMap
18:07:36.753 [main] INFO org.evosuite.runtime.instrumentation.CreateClassResetClassAdapter - Creating brand-new static initializer in class net/sf/saxon/style/XSLCharacterMap
18:07:36.754 [main] INFO org.evosuite.runtime.instrumentation.EvoClassLoader - Keeping class: net.sf.saxon.style.XSLCharacterMap
18:07:36.754 [main] INFO org.evosuite.runtime.instrumentation.EvoClassLoader - Seeing class for first time: net.sf.saxon.style.XSLChoose
18:07:36.754 [main] INFO org.evosuite.runtime.instrumentation.EvoClassLoader - Instrumenting class 'net.sf.saxon.style.XSLChoose'.
18:07:36.754 [main] INFO org.evosuite.runtime.instrumentation.MethodCallReplacementClassAdapter - Adding mock interface to class net/sf/saxon/style/XSLChoose
18:07:36.756 [main] INFO org.evosuite.runtime.instrumentation.CreateClassResetClassAdapter - Creating brand-new static initializer in class net/sf/saxon/style/XSLChoose
18:07:36.756 [main] INFO org.evosuite.runtime.instrumentation.EvoClassLoader - Keeping class: net.sf.saxon.style.XSLChoose
18:07:36.756 [main] INFO org.evosuite.runtime.instrumentation.EvoClassLoader - Seeing class for first time: net.sf.saxon.style.XSLComment
18:07:36.756 [main] INFO org.evosuite.runtime.instrumentation.EvoClassLoader - Instrumenting class 'net.sf.saxon.style.XSLComment'.
18:07:36.757 [main] INFO org.evosuite.runtime.instrumentation.MethodCallReplacementClassAdapter - Adding mock interface to class net/sf/saxon/style/XSLComment
18:07:36.757 [main] INFO org.evosuite.runtime.instrumentation.CreateClassResetClassAdapter - Creating brand-new static initializer in class net/sf/saxon/style/XSLComment
18:07:36.757 [main] INFO org.evosuite.runtime.instrumentation.EvoClassLoader - Keeping class: net.sf.saxon.style.XSLComment
18:07:36.757 [main] INFO org.evosuite.runtime.instrumentation.EvoClassLoader - Seeing class for first time: net.sf.saxon.style.XSLCopy
18:07:36.757 [main] INFO org.evosuite.runtime.instrumentation.EvoClassLoader - Instrumenting class 'net.sf.saxon.style.XSLCopy'.
18:07:36.757 [main] INFO org.evosuite.runtime.instrumentation.MethodCallReplacementClassAdapter - Adding mock interface to class net/sf/saxon/style/XSLCopy
18:07:36.761 [main] INFO org.evosuite.runtime.instrumentation.CreateClassResetClassAdapter - Creating brand-new static initializer in class net/sf/saxon/style/XSLCopy
18:07:36.761 [main] INFO org.evosuite.runtime.instrumentation.EvoClassLoader - Keeping class: net.sf.saxon.style.XSLCopy
18:07:36.762 [main] INFO org.evosuite.runtime.instrumentation.EvoClassLoader - Seeing class for first time: net.sf.saxon.style.XSLCopyOf
18:07:36.762 [main] INFO org.evosuite.runtime.instrumentation.EvoClassLoader - Instrumenting class 'net.sf.saxon.style.XSLCopyOf'.
18:07:36.762 [main] INFO org.evosuite.runtime.instrumentation.MethodCallReplacementClassAdapter - Adding mock interface to class net/sf/saxon/style/XSLCopyOf
18:07:36.763 [main] INFO org.evosuite.runtime.instrumentation.CreateClassResetClassAdapter - Creating brand-new static initializer in class net/sf/saxon/style/XSLCopyOf
18:07:36.764 [main] INFO org.evosuite.runtime.instrumentation.EvoClassLoader - Keeping class: net.sf.saxon.style.XSLCopyOf
18:07:36.764 [main] INFO org.evosuite.runtime.instrumentation.EvoClassLoader - Seeing class for first time: net.sf.saxon.style.XSLDecimalFormat
18:07:36.764 [main] INFO org.evosuite.runtime.instrumentation.EvoClassLoader - Instrumenting class 'net.sf.saxon.style.XSLDecimalFormat'.
18:07:36.764 [main] INFO org.evosuite.runtime.instrumentation.MethodCallReplacementClassAdapter - Adding mock interface to class net/sf/saxon/style/XSLDecimalFormat
18:07:36.765 [main] INFO org.evosuite.runtime.instrumentation.CreateClassResetClassAdapter - Creating brand-new static initializer in class net/sf/saxon/style/XSLDecimalFormat
18:07:36.765 [main] INFO org.evosuite.runtime.instrumentation.EvoClassLoader - Keeping class: net.sf.saxon.style.XSLDecimalFormat
18:07:36.765 [main] INFO org.evosuite.runtime.instrumentation.EvoClassLoader - Seeing class for first time: net.sf.saxon.style.XSLDocument
18:07:36.765 [main] INFO org.evosuite.runtime.instrumentation.EvoClassLoader - Instrumenting class 'net.sf.saxon.style.XSLDocument'.
18:07:36.766 [main] INFO org.evosuite.runtime.instrumentation.MethodCallReplacementClassAdapter - Adding mock interface to class net/sf/saxon/style/XSLDocument
18:07:36.767 [main] INFO org.evosuite.runtime.instrumentation.CreateClassResetClassAdapter - Creating brand-new static initializer in class net/sf/saxon/style/XSLDocument
18:07:36.767 [main] INFO org.evosuite.runtime.instrumentation.EvoClassLoader - Keeping class: net.sf.saxon.style.XSLDocument
18:07:36.767 [main] INFO org.evosuite.runtime.instrumentation.EvoClassLoader - Seeing class for first time: net.sf.saxon.style.XSLElement
18:07:36.767 [main] INFO org.evosuite.runtime.instrumentation.EvoClassLoader - Instrumenting class 'net.sf.saxon.style.XSLElement'.
18:07:36.768 [main] INFO org.evosuite.runtime.instrumentation.MethodCallReplacementClassAdapter - Adding mock interface to class net/sf/saxon/style/XSLElement
18:07:36.769 [main] INFO org.evosuite.runtime.instrumentation.CreateClassResetClassAdapter - Creating brand-new static initializer in class net/sf/saxon/style/XSLElement
18:07:36.770 [main] INFO org.evosuite.runtime.instrumentation.EvoClassLoader - Keeping class: net.sf.saxon.style.XSLElement
18:07:36.770 [main] INFO org.evosuite.runtime.instrumentation.EvoClassLoader - Seeing class for first time: net.sf.saxon.style.XSLExpose
18:07:36.770 [main] INFO org.evosuite.runtime.instrumentation.EvoClassLoader - Instrumenting class 'net.sf.saxon.style.XSLExpose'.
18:07:36.770 [main] INFO org.evosuite.runtime.instrumentation.MethodCallReplacementClassAdapter - Adding mock interface to class net/sf/saxon/style/XSLExpose
18:07:36.771 [main] INFO org.evosuite.runtime.instrumentation.CreateClassResetClassAdapter - Creating brand-new static initializer in class net/sf/saxon/style/XSLExpose
18:07:36.771 [main] INFO org.evosuite.runtime.instrumentation.EvoClassLoader - Keeping class: net.sf.saxon.style.XSLExpose
18:07:36.771 [main] INFO org.evosuite.runtime.instrumentation.EvoClassLoader - Seeing class for first time: net.sf.saxon.style.XSLFallback
18:07:36.771 [main] INFO org.evosuite.runtime.instrumentation.EvoClassLoader - Instrumenting class 'net.sf.saxon.style.XSLFallback'.
18:07:36.771 [main] INFO org.evosuite.runtime.instrumentation.MethodCallReplacementClassAdapter - Adding mock interface to class net/sf/saxon/style/XSLFallback
18:07:36.772 [main] INFO org.evosuite.runtime.instrumentation.CreateClassResetClassAdapter - Creating brand-new static initializer in class net/sf/saxon/style/XSLFallback
18:07:36.772 [main] INFO org.evosuite.runtime.instrumentation.EvoClassLoader - Keeping class: net.sf.saxon.style.XSLFallback
18:07:36.772 [main] INFO org.evosuite.runtime.instrumentation.EvoClassLoader - Seeing class for first time: net.sf.saxon.style.XSLForEachGroup
18:07:36.772 [main] INFO org.evosuite.runtime.instrumentation.EvoClassLoader - Instrumenting class 'net.sf.saxon.style.XSLForEachGroup'.
18:07:36.772 [main] INFO org.evosuite.runtime.instrumentation.MethodCallReplacementClassAdapter - Adding mock interface to class net/sf/saxon/style/XSLForEachGroup
18:07:36.775 [main] INFO org.evosuite.runtime.instrumentation.CreateClassResetClassAdapter - Creating brand-new static initializer in class net/sf/saxon/style/XSLForEachGroup
18:07:36.775 [main] INFO org.evosuite.runtime.instrumentation.EvoClassLoader - Keeping class: net.sf.saxon.style.XSLForEachGroup
18:07:36.775 [main] INFO org.evosuite.runtime.instrumentation.EvoClassLoader - Seeing class for first time: net.sf.saxon.style.XSLFork
18:07:36.775 [main] INFO org.evosuite.runtime.instrumentation.EvoClassLoader - Instrumenting class 'net.sf.saxon.style.XSLFork'.
18:07:36.775 [main] INFO org.evosuite.runtime.instrumentation.MethodCallReplacementClassAdapter - Adding mock interface to class net/sf/saxon/style/XSLFork
18:07:36.776 [main] INFO org.evosuite.runtime.instrumentation.CreateClassResetClassAdapter - Creating brand-new static initializer in class net/sf/saxon/style/XSLFork
18:07:36.776 [main] INFO org.evosuite.runtime.instrumentation.EvoClassLoader - Keeping class: net.sf.saxon.style.XSLFork
18:07:36.776 [main] INFO org.evosuite.runtime.instrumentation.EvoClassLoader - Seeing class for first time: net.sf.saxon.style.XSLFunction
18:07:36.776 [main] INFO org.evosuite.runtime.instrumentation.EvoClassLoader - Instrumenting class 'net.sf.saxon.style.XSLFunction'.
18:07:36.777 [main] INFO org.evosuite.runtime.instrumentation.MethodCallReplacementClassAdapter - Adding mock interface to class net/sf/saxon/style/XSLFunction
18:07:36.779 [main] INFO org.evosuite.runtime.instrumentation.CreateClassResetClassAdapter - Found static initializer in class net/sf/saxon/style/XSLFunction
18:07:36.780 [main] INFO org.evosuite.runtime.instrumentation.EvoClassLoader - Keeping class: net.sf.saxon.style.XSLFunction
18:07:36.780 [main] INFO org.evosuite.runtime.instrumentation.EvoClassLoader - Seeing class for first time: net.sf.saxon.style.XSLGlobalContextItem
18:07:36.780 [main] INFO org.evosuite.runtime.instrumentation.EvoClassLoader - Instrumenting class 'net.sf.saxon.style.XSLGlobalContextItem'.
18:07:36.780 [main] INFO org.evosuite.runtime.instrumentation.MethodCallReplacementClassAdapter - Adding mock interface to class net/sf/saxon/style/XSLGlobalContextItem
18:07:36.781 [main] INFO org.evosuite.runtime.instrumentation.CreateClassResetClassAdapter - Creating brand-new static initializer in class net/sf/saxon/style/XSLGlobalContextItem
18:07:36.781 [main] INFO org.evosuite.runtime.instrumentation.EvoClassLoader - Keeping class: net.sf.saxon.style.XSLGlobalContextItem
18:07:36.781 [main] INFO org.evosuite.runtime.instrumentation.EvoClassLoader - Seeing class for first time: net.sf.saxon.style.XSLIf
18:07:36.781 [main] INFO org.evosuite.runtime.instrumentation.EvoClassLoader - Instrumenting class 'net.sf.saxon.style.XSLIf'.
18:07:36.781 [main] INFO org.evosuite.runtime.instrumentation.MethodCallReplacementClassAdapter - Adding mock interface to class net/sf/saxon/style/XSLIf
18:07:36.781 [main] INFO org.evosuite.runtime.instrumentation.CreateClassResetClassAdapter - Creating brand-new static initializer in class net/sf/saxon/style/XSLIf
18:07:36.782 [main] INFO org.evosuite.runtime.instrumentation.EvoClassLoader - Keeping class: net.sf.saxon.style.XSLIf
18:07:36.782 [main] INFO org.evosuite.runtime.instrumentation.EvoClassLoader - Seeing class for first time: net.sf.saxon.style.XSLImport
18:07:36.782 [main] INFO org.evosuite.runtime.instrumentation.EvoClassLoader - Instrumenting class 'net.sf.saxon.style.XSLImport'.
18:07:36.782 [main] INFO org.evosuite.runtime.instrumentation.MethodCallReplacementClassAdapter - Adding mock interface to class net/sf/saxon/style/XSLImport
18:07:36.782 [main] INFO org.evosuite.runtime.instrumentation.CreateClassResetClassAdapter - Creating brand-new static initializer in class net/sf/saxon/style/XSLImport
18:07:36.782 [main] INFO org.evosuite.runtime.instrumentation.EvoClassLoader - Seeing class for first time: net.sf.saxon.style.XSLGeneralIncorporate
18:07:36.782 [main] INFO org.evosuite.runtime.instrumentation.EvoClassLoader - Instrumenting class 'net.sf.saxon.style.XSLGeneralIncorporate'.
18:07:36.782 [main] INFO org.evosuite.runtime.instrumentation.MethodCallReplacementClassAdapter - Adding mock interface to class net/sf/saxon/style/XSLGeneralIncorporate
18:07:36.783 [main] INFO org.evosuite.runtime.instrumentation.CreateClassResetClassAdapter - Creating brand-new static initializer in class net/sf/saxon/style/XSLGeneralIncorporate
18:07:36.783 [main] INFO org.evosuite.runtime.instrumentation.EvoClassLoader - Keeping class: net.sf.saxon.style.XSLGeneralIncorporate
18:07:36.783 [main] INFO org.evosuite.runtime.instrumentation.EvoClassLoader - Keeping class: net.sf.saxon.style.XSLImport
18:07:36.783 [main] INFO org.evosuite.runtime.instrumentation.EvoClassLoader - Seeing class for first time: net.sf.saxon.style.XSLImportSchema
18:07:36.783 [main] INFO org.evosuite.runtime.instrumentation.EvoClassLoader - Instrumenting class 'net.sf.saxon.style.XSLImportSchema'.
18:07:36.784 [main] INFO org.evosuite.runtime.instrumentation.MethodCallReplacementClassAdapter - Adding mock interface to class net/sf/saxon/style/XSLImportSchema
18:07:36.786 [main] INFO org.evosuite.runtime.instrumentation.CreateClassResetClassAdapter - Creating brand-new static initializer in class net/sf/saxon/style/XSLImportSchema
18:07:36.786 [main] INFO org.evosuite.runtime.instrumentation.EvoClassLoader - Keeping class: net.sf.saxon.style.XSLImportSchema
18:07:36.787 [main] INFO org.evosuite.runtime.instrumentation.EvoClassLoader - Seeing class for first time: net.sf.saxon.style.XSLInclude
18:07:36.787 [main] INFO org.evosuite.runtime.instrumentation.EvoClassLoader - Instrumenting class 'net.sf.saxon.style.XSLInclude'.
18:07:36.787 [main] INFO org.evosuite.runtime.instrumentation.MethodCallReplacementClassAdapter - Adding mock interface to class net/sf/saxon/style/XSLInclude
18:07:36.787 [main] INFO org.evosuite.runtime.instrumentation.CreateClassResetClassAdapter - Creating brand-new static initializer in class net/sf/saxon/style/XSLInclude
18:07:36.788 [main] INFO org.evosuite.runtime.instrumentation.EvoClassLoader - Keeping class: net.sf.saxon.style.XSLInclude
18:07:36.788 [main] INFO org.evosuite.runtime.instrumentation.EvoClassLoader - Seeing class for first time: net.sf.saxon.style.XSLIterate
18:07:36.788 [main] INFO org.evosuite.runtime.instrumentation.EvoClassLoader - Instrumenting class 'net.sf.saxon.style.XSLIterate'.
18:07:36.789 [main] INFO org.evosuite.runtime.instrumentation.MethodCallReplacementClassAdapter - Adding mock interface to class net/sf/saxon/style/XSLIterate
18:07:36.790 [main] INFO org.evosuite.runtime.instrumentation.CreateClassResetClassAdapter - Creating brand-new static initializer in class net/sf/saxon/style/XSLIterate
18:07:36.791 [main] INFO org.evosuite.runtime.instrumentation.EvoClassLoader - Keeping class: net.sf.saxon.style.XSLIterate
18:07:36.791 [main] INFO org.evosuite.runtime.instrumentation.EvoClassLoader - Seeing class for first time: net.sf.saxon.style.XSLKey
18:07:36.791 [main] INFO org.evosuite.runtime.instrumentation.EvoClassLoader - Instrumenting class 'net.sf.saxon.style.XSLKey'.
18:07:36.792 [main] INFO org.evosuite.runtime.instrumentation.MethodCallReplacementClassAdapter - Adding mock interface to class net/sf/saxon/style/XSLKey
18:07:36.796 [main] INFO org.evosuite.runtime.instrumentation.CreateClassResetClassAdapter - Found static initializer in class net/sf/saxon/style/XSLKey
18:07:36.797 [main] INFO org.evosuite.runtime.instrumentation.EvoClassLoader - Keeping class: net.sf.saxon.style.XSLKey
18:07:36.797 [main] INFO org.evosuite.runtime.instrumentation.EvoClassLoader - Seeing class for first time: net.sf.saxon.style.XSLMap
18:07:36.797 [main] INFO org.evosuite.runtime.instrumentation.EvoClassLoader - Instrumenting class 'net.sf.saxon.style.XSLMap'.
18:07:36.798 [main] INFO org.evosuite.runtime.instrumentation.MethodCallReplacementClassAdapter - Adding mock interface to class net/sf/saxon/style/XSLMap
18:07:36.801 [main] INFO org.evosuite.runtime.instrumentation.CreateClassResetClassAdapter - Creating brand-new static initializer in class net/sf/saxon/style/XSLMap
18:07:36.802 [main] INFO org.evosuite.runtime.instrumentation.EvoClassLoader - Keeping class: net.sf.saxon.style.XSLMap
18:07:36.802 [main] INFO org.evosuite.runtime.instrumentation.EvoClassLoader - Seeing class for first time: net.sf.saxon.style.XSLMapEntry
18:07:36.802 [main] INFO org.evosuite.runtime.instrumentation.EvoClassLoader - Instrumenting class 'net.sf.saxon.style.XSLMapEntry'.
18:07:36.802 [main] INFO org.evosuite.runtime.instrumentation.MethodCallReplacementClassAdapter - Adding mock interface to class net/sf/saxon/style/XSLMapEntry
18:07:36.805 [main] INFO org.evosuite.runtime.instrumentation.CreateClassResetClassAdapter - Creating brand-new static initializer in class net/sf/saxon/style/XSLMapEntry
18:07:36.805 [main] INFO org.evosuite.runtime.instrumentation.EvoClassLoader - Keeping class: net.sf.saxon.style.XSLMapEntry
18:07:36.805 [main] INFO org.evosuite.runtime.instrumentation.EvoClassLoader - Seeing class for first time: net.sf.saxon.style.XSLMatchingSubstring
18:07:36.805 [main] INFO org.evosuite.runtime.instrumentation.EvoClassLoader - Instrumenting class 'net.sf.saxon.style.XSLMatchingSubstring'.
18:07:36.806 [main] INFO org.evosuite.runtime.instrumentation.MethodCallReplacementClassAdapter - Adding mock interface to class net/sf/saxon/style/XSLMatchingSubstring
18:07:36.806 [main] INFO org.evosuite.runtime.instrumentation.CreateClassResetClassAdapter - Creating brand-new static initializer in class net/sf/saxon/style/XSLMatchingSubstring
18:07:36.806 [main] INFO org.evosuite.runtime.instrumentation.EvoClassLoader - Keeping class: net.sf.saxon.style.XSLMatchingSubstring
18:07:36.806 [main] INFO org.evosuite.runtime.instrumentation.EvoClassLoader - Seeing class for first time: net.sf.saxon.style.XSLMerge
18:07:36.806 [main] INFO org.evosuite.runtime.instrumentation.EvoClassLoader - Instrumenting class 'net.sf.saxon.style.XSLMerge'.
18:07:36.806 [main] INFO org.evosuite.runtime.instrumentation.MethodCallReplacementClassAdapter - Adding mock interface to class net/sf/saxon/style/XSLMerge
18:07:36.810 [main] INFO org.evosuite.runtime.instrumentation.CreateClassResetClassAdapter - Creating brand-new static initializer in class net/sf/saxon/style/XSLMerge
18:07:36.810 [main] INFO org.evosuite.runtime.instrumentation.EvoClassLoader - Keeping class: net.sf.saxon.style.XSLMerge
18:07:36.810 [main] INFO org.evosuite.runtime.instrumentation.EvoClassLoader - Seeing class for first time: net.sf.saxon.style.XSLMergeAction
18:07:36.810 [main] INFO org.evosuite.runtime.instrumentation.EvoClassLoader - Instrumenting class 'net.sf.saxon.style.XSLMergeAction'.
18:07:36.811 [main] INFO org.evosuite.runtime.instrumentation.MethodCallReplacementClassAdapter - Adding mock interface to class net/sf/saxon/style/XSLMergeAction
18:07:36.811 [main] INFO org.evosuite.runtime.instrumentation.CreateClassResetClassAdapter - Creating brand-new static initializer in class net/sf/saxon/style/XSLMergeAction
18:07:36.811 [main] INFO org.evosuite.runtime.instrumentation.EvoClassLoader - Keeping class: net.sf.saxon.style.XSLMergeAction
18:07:36.811 [main] INFO org.evosuite.runtime.instrumentation.EvoClassLoader - Seeing class for first time: net.sf.saxon.style.XSLMergeKey
18:07:36.811 [main] INFO org.evosuite.runtime.instrumentation.EvoClassLoader - Instrumenting class 'net.sf.saxon.style.XSLMergeKey'.
18:07:36.811 [main] INFO org.evosuite.runtime.instrumentation.MethodCallReplacementClassAdapter - Adding mock interface to class net/sf/saxon/style/XSLMergeKey
18:07:36.812 [main] INFO org.evosuite.runtime.instrumentation.CreateClassResetClassAdapter - Creating brand-new static initializer in class net/sf/saxon/style/XSLMergeKey
18:07:36.812 [main] INFO org.evosuite.runtime.instrumentation.EvoClassLoader - Seeing class for first time: net.sf.saxon.style.XSLSortOrMergeKey
18:07:36.812 [main] INFO org.evosuite.runtime.instrumentation.EvoClassLoader - Instrumenting class 'net.sf.saxon.style.XSLSortOrMergeKey'.
18:07:36.812 [main] INFO org.evosuite.runtime.instrumentation.MethodCallReplacementClassAdapter - Adding mock interface to class net/sf/saxon/style/XSLSortOrMergeKey
18:07:36.815 [main] INFO org.evosuite.runtime.instrumentation.CreateClassResetClassAdapter - Creating brand-new static initializer in class net/sf/saxon/style/XSLSortOrMergeKey
18:07:36.815 [main] INFO org.evosuite.runtime.instrumentation.EvoClassLoader - Keeping class: net.sf.saxon.style.XSLSortOrMergeKey
18:07:36.816 [main] INFO org.evosuite.runtime.instrumentation.EvoClassLoader - Keeping class: net.sf.saxon.style.XSLMergeKey
18:07:36.816 [main] INFO org.evosuite.runtime.instrumentation.EvoClassLoader - Seeing class for first time: net.sf.saxon.style.XSLMergeSource
18:07:36.816 [main] INFO org.evosuite.runtime.instrumentation.EvoClassLoader - Instrumenting class 'net.sf.saxon.style.XSLMergeSource'.
18:07:36.817 [main] INFO org.evosuite.runtime.instrumentation.MethodCallReplacementClassAdapter - Adding mock interface to class net/sf/saxon/style/XSLMergeSource
18:07:36.818 [main] INFO org.evosuite.runtime.instrumentation.CreateClassResetClassAdapter - Creating brand-new static initializer in class net/sf/saxon/style/XSLMergeSource
18:07:36.819 [main] INFO org.evosuite.runtime.instrumentation.EvoClassLoader - Keeping class: net.sf.saxon.style.XSLMergeSource
18:07:36.819 [main] INFO org.evosuite.runtime.instrumentation.EvoClassLoader - Seeing class for first time: net.sf.saxon.style.XSLMessage
18:07:36.819 [main] INFO org.evosuite.runtime.instrumentation.EvoClassLoader - Instrumenting class 'net.sf.saxon.style.XSLMessage'.
18:07:36.820 [main] INFO org.evosuite.runtime.instrumentation.MethodCallReplacementClassAdapter - Adding mock interface to class net/sf/saxon/style/XSLMessage
18:07:36.820 [main] INFO org.evosuite.runtime.instrumentation.CreateClassResetClassAdapter - Creating brand-new static initializer in class net/sf/saxon/style/XSLMessage
18:07:36.821 [main] INFO org.evosuite.runtime.instrumentation.EvoClassLoader - Keeping class: net.sf.saxon.style.XSLMessage
18:07:36.821 [main] INFO org.evosuite.runtime.instrumentation.EvoClassLoader - Seeing class for first time: net.sf.saxon.style.XSLMode
18:07:36.821 [main] INFO org.evosuite.runtime.instrumentation.EvoClassLoader - Instrumenting class 'net.sf.saxon.style.XSLMode'.
18:07:36.822 [main] INFO org.evosuite.runtime.instrumentation.MethodCallReplacementClassAdapter - Adding mock interface to class net/sf/saxon/style/XSLMode
18:07:36.824 [main] INFO org.evosuite.runtime.instrumentation.CreateClassResetClassAdapter - Found static initializer in class net/sf/saxon/style/XSLMode
18:07:36.825 [main] INFO org.evosuite.runtime.instrumentation.EvoClassLoader - Keeping class: net.sf.saxon.style.XSLMode
18:07:36.825 [main] INFO org.evosuite.runtime.instrumentation.EvoClassLoader - Seeing class for first time: net.sf.saxon.style.XSLNextIteration
18:07:36.825 [main] INFO org.evosuite.runtime.instrumentation.EvoClassLoader - Instrumenting class 'net.sf.saxon.style.XSLNextIteration'.
18:07:36.826 [main] INFO org.evosuite.runtime.instrumentation.MethodCallReplacementClassAdapter - Adding mock interface to class net/sf/saxon/style/XSLNextIteration
18:07:36.827 [main] INFO org.evosuite.runtime.instrumentation.CreateClassResetClassAdapter - Creating brand-new static initializer in class net/sf/saxon/style/XSLNextIteration
18:07:36.828 [main] INFO org.evosuite.runtime.instrumentation.EvoClassLoader - Keeping class: net.sf.saxon.style.XSLNextIteration
18:07:36.828 [main] INFO org.evosuite.runtime.instrumentation.EvoClassLoader - Seeing class for first time: net.sf.saxon.style.XSLNextMatch
18:07:36.828 [main] INFO org.evosuite.runtime.instrumentation.EvoClassLoader - Instrumenting class 'net.sf.saxon.style.XSLNextMatch'.
18:07:36.828 [main] INFO org.evosuite.runtime.instrumentation.MethodCallReplacementClassAdapter - Adding mock interface to class net/sf/saxon/style/XSLNextMatch
18:07:36.828 [main] INFO org.evosuite.runtime.instrumentation.CreateClassResetClassAdapter - Creating brand-new static initializer in class net/sf/saxon/style/XSLNextMatch
18:07:36.829 [main] INFO org.evosuite.runtime.instrumentation.EvoClassLoader - Keeping class: net.sf.saxon.style.XSLNextMatch
18:07:36.829 [main] INFO org.evosuite.runtime.instrumentation.EvoClassLoader - Seeing class for first time: net.sf.saxon.style.XSLNumber
18:07:36.829 [main] INFO org.evosuite.runtime.instrumentation.EvoClassLoader - Instrumenting class 'net.sf.saxon.style.XSLNumber'.
18:07:36.829 [main] INFO org.evosuite.runtime.instrumentation.MethodCallReplacementClassAdapter - Adding mock interface to class net/sf/saxon/style/XSLNumber
18:07:36.830 [main] INFO org.evosuite.runtime.instrumentation.CreateClassResetClassAdapter - Creating brand-new static initializer in class net/sf/saxon/style/XSLNumber
18:07:36.830 [main] INFO org.evosuite.runtime.instrumentation.EvoClassLoader - Keeping class: net.sf.saxon.style.XSLNumber
18:07:36.830 [main] INFO org.evosuite.runtime.instrumentation.EvoClassLoader - Seeing class for first time: net.sf.saxon.style.XSLNamespace
18:07:36.830 [main] INFO org.evosuite.runtime.instrumentation.EvoClassLoader - Instrumenting class 'net.sf.saxon.style.XSLNamespace'.
18:07:36.830 [main] INFO org.evosuite.runtime.instrumentation.MethodCallReplacementClassAdapter - Adding mock interface to class net/sf/saxon/style/XSLNamespace
18:07:36.830 [main] INFO org.evosuite.runtime.instrumentation.CreateClassResetClassAdapter - Creating brand-new static initializer in class net/sf/saxon/style/XSLNamespace
18:07:36.831 [main] INFO org.evosuite.runtime.instrumentation.EvoClassLoader - Keeping class: net.sf.saxon.style.XSLNamespace
18:07:36.831 [main] INFO org.evosuite.runtime.instrumentation.EvoClassLoader - Seeing class for first time: net.sf.saxon.style.XSLNamespaceAlias
18:07:36.831 [main] INFO org.evosuite.runtime.instrumentation.EvoClassLoader - Instrumenting class 'net.sf.saxon.style.XSLNamespaceAlias'.
18:07:36.831 [main] INFO org.evosuite.runtime.instrumentation.MethodCallReplacementClassAdapter - Adding mock interface to class net/sf/saxon/style/XSLNamespaceAlias
18:07:36.831 [main] INFO org.evosuite.runtime.instrumentation.CreateClassResetClassAdapter - Creating brand-new static initializer in class net/sf/saxon/style/XSLNamespaceAlias
18:07:36.831 [main] INFO org.evosuite.runtime.instrumentation.EvoClassLoader - Keeping class: net.sf.saxon.style.XSLNamespaceAlias
18:07:36.831 [main] INFO org.evosuite.runtime.instrumentation.EvoClassLoader - Seeing class for first time: net.sf.saxon.style.XSLOnCompletion
18:07:36.831 [main] INFO org.evosuite.runtime.instrumentation.EvoClassLoader - Instrumenting class 'net.sf.saxon.style.XSLOnCompletion'.
18:07:36.832 [main] INFO org.evosuite.runtime.instrumentation.MethodCallReplacementClassAdapter - Adding mock interface to class net/sf/saxon/style/XSLOnCompletion
18:07:36.832 [main] INFO org.evosuite.runtime.instrumentation.CreateClassResetClassAdapter - Creating brand-new static initializer in class net/sf/saxon/style/XSLOnCompletion
18:07:36.832 [main] INFO org.evosuite.runtime.instrumentation.EvoClassLoader - Keeping class: net.sf.saxon.style.XSLOnCompletion
18:07:36.832 [main] INFO org.evosuite.runtime.instrumentation.EvoClassLoader - Seeing class for first time: net.sf.saxon.style.XSLOnEmpty
18:07:36.832 [main] INFO org.evosuite.runtime.instrumentation.EvoClassLoader - Instrumenting class 'net.sf.saxon.style.XSLOnEmpty'.
18:07:36.832 [main] INFO org.evosuite.runtime.instrumentation.MethodCallReplacementClassAdapter - Adding mock interface to class net/sf/saxon/style/XSLOnEmpty
18:07:36.833 [main] INFO org.evosuite.runtime.instrumentation.CreateClassResetClassAdapter - Creating brand-new static initializer in class net/sf/saxon/style/XSLOnEmpty
18:07:36.833 [main] INFO org.evosuite.runtime.instrumentation.EvoClassLoader - Seeing class for first time: net.sf.saxon.style.XSLSequence
18:07:36.833 [main] INFO org.evosuite.runtime.instrumentation.EvoClassLoader - Instrumenting class 'net.sf.saxon.style.XSLSequence'.
18:07:36.833 [main] INFO org.evosuite.runtime.instrumentation.MethodCallReplacementClassAdapter - Adding mock interface to class net/sf/saxon/style/XSLSequence
18:07:36.833 [main] INFO org.evosuite.runtime.instrumentation.CreateClassResetClassAdapter - Creating brand-new static initializer in class net/sf/saxon/style/XSLSequence
18:07:36.834 [main] INFO org.evosuite.runtime.instrumentation.EvoClassLoader - Keeping class: net.sf.saxon.style.XSLSequence
18:07:36.835 [main] INFO org.evosuite.runtime.instrumentation.EvoClassLoader - Keeping class: net.sf.saxon.style.XSLOnEmpty
18:07:36.835 [main] INFO org.evosuite.runtime.instrumentation.EvoClassLoader - Seeing class for first time: net.sf.saxon.style.XSLOnNonEmpty
18:07:36.835 [main] INFO org.evosuite.runtime.instrumentation.EvoClassLoader - Instrumenting class 'net.sf.saxon.style.XSLOnNonEmpty'.
18:07:36.835 [main] INFO org.evosuite.runtime.instrumentation.MethodCallReplacementClassAdapter - Adding mock interface to class net/sf/saxon/style/XSLOnNonEmpty
18:07:36.835 [main] INFO org.evosuite.runtime.instrumentation.CreateClassResetClassAdapter - Creating brand-new static initializer in class net/sf/saxon/style/XSLOnNonEmpty
18:07:36.835 [main] INFO org.evosuite.runtime.instrumentation.EvoClassLoader - Keeping class: net.sf.saxon.style.XSLOnNonEmpty
18:07:36.835 [main] INFO org.evosuite.runtime.instrumentation.EvoClassLoader - Seeing class for first time: net.sf.saxon.style.XSLOtherwise
18:07:36.835 [main] INFO org.evosuite.runtime.instrumentation.EvoClassLoader - Instrumenting class 'net.sf.saxon.style.XSLOtherwise'.
18:07:36.835 [main] INFO org.evosuite.runtime.instrumentation.MethodCallReplacementClassAdapter - Adding mock interface to class net/sf/saxon/style/XSLOtherwise
18:07:36.836 [main] INFO org.evosuite.runtime.instrumentation.CreateClassResetClassAdapter - Creating brand-new static initializer in class net/sf/saxon/style/XSLOtherwise
18:07:36.836 [main] INFO org.evosuite.runtime.instrumentation.EvoClassLoader - Keeping class: net.sf.saxon.style.XSLOtherwise
18:07:36.836 [main] INFO org.evosuite.runtime.instrumentation.EvoClassLoader - Seeing class for first time: net.sf.saxon.style.XSLOutput
18:07:36.836 [main] INFO org.evosuite.runtime.instrumentation.EvoClassLoader - Instrumenting class 'net.sf.saxon.style.XSLOutput'.
18:07:36.836 [main] INFO org.evosuite.runtime.instrumentation.MethodCallReplacementClassAdapter - Adding mock interface to class net/sf/saxon/style/XSLOutput
18:07:36.837 [main] INFO org.evosuite.runtime.instrumentation.CreateClassResetClassAdapter - Creating brand-new static initializer in class net/sf/saxon/style/XSLOutput
18:07:36.838 [main] INFO org.evosuite.runtime.instrumentation.EvoClassLoader - Keeping class: net.sf.saxon.style.XSLOutput
18:07:36.838 [main] INFO org.evosuite.runtime.instrumentation.EvoClassLoader - Seeing class for first time: net.sf.saxon.style.XSLOutputCharacter
18:07:36.838 [main] INFO org.evosuite.runtime.instrumentation.EvoClassLoader - Instrumenting class 'net.sf.saxon.style.XSLOutputCharacter'.
18:07:36.838 [main] INFO org.evosuite.runtime.instrumentation.MethodCallReplacementClassAdapter - Adding mock interface to class net/sf/saxon/style/XSLOutputCharacter
18:07:36.838 [main] INFO org.evosuite.runtime.instrumentation.CreateClassResetClassAdapter - Creating brand-new static initializer in class net/sf/saxon/style/XSLOutputCharacter
18:07:36.839 [main] INFO org.evosuite.runtime.instrumentation.EvoClassLoader - Keeping class: net.sf.saxon.style.XSLOutputCharacter
18:07:36.839 [main] INFO org.evosuite.runtime.instrumentation.EvoClassLoader - Seeing class for first time: net.sf.saxon.style.XSLOverride
18:07:36.839 [main] INFO org.evosuite.runtime.instrumentation.EvoClassLoader - Instrumenting class 'net.sf.saxon.style.XSLOverride'.
18:07:36.839 [main] INFO org.evosuite.runtime.instrumentation.MethodCallReplacementClassAdapter - Adding mock interface to class net/sf/saxon/style/XSLOverride
18:07:36.842 [main] INFO org.evosuite.runtime.instrumentation.CreateClassResetClassAdapter - Found static initializer in class net/sf/saxon/style/XSLOverride
18:07:36.843 [main] INFO org.evosuite.runtime.instrumentation.EvoClassLoader - Keeping class: net.sf.saxon.style.XSLOverride
18:07:36.843 [main] INFO org.evosuite.runtime.instrumentation.EvoClassLoader - Seeing class for first time: net.sf.saxon.style.XSLLocalParam
18:07:36.843 [main] INFO org.evosuite.runtime.instrumentation.EvoClassLoader - Instrumenting class 'net.sf.saxon.style.XSLLocalParam'.
18:07:36.844 [main] INFO org.evosuite.runtime.instrumentation.MethodCallReplacementClassAdapter - Adding mock interface to class net/sf/saxon/style/XSLLocalParam
18:07:36.845 [main] INFO org.evosuite.runtime.instrumentation.CreateClassResetClassAdapter - Creating brand-new static initializer in class net/sf/saxon/style/XSLLocalParam
18:07:36.845 [main] INFO org.evosuite.runtime.instrumentation.EvoClassLoader - Seeing class for first time: net.sf.saxon.style.XSLGeneralVariable
18:07:36.845 [main] INFO org.evosuite.runtime.instrumentation.EvoClassLoader - Instrumenting class 'net.sf.saxon.style.XSLGeneralVariable'.
18:07:36.846 [main] INFO org.evosuite.runtime.instrumentation.MethodCallReplacementClassAdapter - Adding mock interface to class net/sf/saxon/style/XSLGeneralVariable
18:07:36.846 [main] INFO org.evosuite.runtime.instrumentation.CreateClassResetClassAdapter - Creating brand-new static initializer in class net/sf/saxon/style/XSLGeneralVariable
18:07:36.847 [main] INFO org.evosuite.runtime.instrumentation.EvoClassLoader - Keeping class: net.sf.saxon.style.XSLGeneralVariable
18:07:36.847 [main] INFO org.evosuite.runtime.instrumentation.EvoClassLoader - Keeping class: net.sf.saxon.style.XSLLocalParam
18:07:36.847 [main] INFO org.evosuite.runtime.instrumentation.EvoClassLoader - Seeing class for first time: net.sf.saxon.style.XSLPerformSort
18:07:36.847 [main] INFO org.evosuite.runtime.instrumentation.EvoClassLoader - Instrumenting class 'net.sf.saxon.style.XSLPerformSort'.
18:07:36.848 [main] INFO org.evosuite.runtime.instrumentation.MethodCallReplacementClassAdapter - Adding mock interface to class net/sf/saxon/style/XSLPerformSort
18:07:36.851 [main] INFO org.evosuite.runtime.instrumentation.CreateClassResetClassAdapter - Creating brand-new static initializer in class net/sf/saxon/style/XSLPerformSort
18:07:36.852 [main] INFO org.evosuite.runtime.instrumentation.EvoClassLoader - Keeping class: net.sf.saxon.style.XSLPerformSort
18:07:36.852 [main] INFO org.evosuite.runtime.instrumentation.EvoClassLoader - Seeing class for first time: net.sf.saxon.style.XSLPreserveSpace
18:07:36.852 [main] INFO org.evosuite.runtime.instrumentation.EvoClassLoader - Instrumenting class 'net.sf.saxon.style.XSLPreserveSpace'.
18:07:36.852 [main] INFO org.evosuite.runtime.instrumentation.MethodCallReplacementClassAdapter - Adding mock interface to class net/sf/saxon/style/XSLPreserveSpace
18:07:36.860 [main] INFO org.evosuite.runtime.instrumentation.CreateClassResetClassAdapter - Creating brand-new static initializer in class net/sf/saxon/style/XSLPreserveSpace
18:07:36.861 [main] INFO org.evosuite.runtime.instrumentation.EvoClassLoader - Keeping class: net.sf.saxon.style.XSLPreserveSpace
18:07:36.861 [main] INFO org.evosuite.runtime.instrumentation.EvoClassLoader - Seeing class for first time: net.sf.saxon.style.XSLProcessingInstruction
18:07:36.861 [main] INFO org.evosuite.runtime.instrumentation.EvoClassLoader - Instrumenting class 'net.sf.saxon.style.XSLProcessingInstruction'.
18:07:36.862 [main] INFO org.evosuite.runtime.instrumentation.MethodCallReplacementClassAdapter - Adding mock interface to class net/sf/saxon/style/XSLProcessingInstruction
18:07:36.862 [main] INFO org.evosuite.runtime.instrumentation.CreateClassResetClassAdapter - Creating brand-new static initializer in class net/sf/saxon/style/XSLProcessingInstruction
18:07:36.862 [main] INFO org.evosuite.runtime.instrumentation.EvoClassLoader - Keeping class: net.sf.saxon.style.XSLProcessingInstruction
18:07:36.863 [main] INFO org.evosuite.runtime.instrumentation.EvoClassLoader - Seeing class for first time: net.sf.saxon.style.XSLSort
18:07:36.863 [main] INFO org.evosuite.runtime.instrumentation.EvoClassLoader - Instrumenting class 'net.sf.saxon.style.XSLSort'.
18:07:36.863 [main] INFO org.evosuite.runtime.instrumentation.MethodCallReplacementClassAdapter - Adding mock interface to class net/sf/saxon/style/XSLSort
18:07:36.863 [main] INFO org.evosuite.runtime.instrumentation.CreateClassResetClassAdapter - Creating brand-new static initializer in class net/sf/saxon/style/XSLSort
18:07:36.864 [main] INFO org.evosuite.runtime.instrumentation.EvoClassLoader - Keeping class: net.sf.saxon.style.XSLSort
18:07:36.864 [main] INFO org.evosuite.runtime.instrumentation.EvoClassLoader - Seeing class for first time: net.sf.saxon.style.XSLSourceDocument
18:07:36.864 [main] INFO org.evosuite.runtime.instrumentation.EvoClassLoader - Instrumenting class 'net.sf.saxon.style.XSLSourceDocument'.
18:07:36.865 [main] INFO org.evosuite.runtime.instrumentation.MethodCallReplacementClassAdapter - Adding mock interface to class net/sf/saxon/style/XSLSourceDocument
18:07:36.866 [main] INFO org.evosuite.runtime.instrumentation.CreateClassResetClassAdapter - Creating brand-new static initializer in class net/sf/saxon/style/XSLSourceDocument
18:07:36.866 [main] INFO org.evosuite.runtime.instrumentation.EvoClassLoader - Keeping class: net.sf.saxon.style.XSLSourceDocument
18:07:36.866 [main] INFO org.evosuite.runtime.instrumentation.EvoClassLoader - Seeing class for first time: net.sf.saxon.style.XSLStylesheet
18:07:36.866 [main] INFO org.evosuite.runtime.instrumentation.EvoClassLoader - Instrumenting class 'net.sf.saxon.style.XSLStylesheet'.
18:07:36.867 [main] INFO org.evosuite.runtime.instrumentation.MethodCallReplacementClassAdapter - Adding mock interface to class net/sf/saxon/style/XSLStylesheet
18:07:36.868 [main] INFO org.evosuite.runtime.instrumentation.CreateClassResetClassAdapter - Found static initializer in class net/sf/saxon/style/XSLStylesheet
18:07:36.869 [main] INFO org.evosuite.runtime.instrumentation.EvoClassLoader - Keeping class: net.sf.saxon.style.XSLStylesheet
18:07:36.869 [main] INFO org.evosuite.runtime.instrumentation.EvoClassLoader - Seeing class for first time: net.sf.saxon.style.XSLText
18:07:36.869 [main] INFO org.evosuite.runtime.instrumentation.EvoClassLoader - Instrumenting class 'net.sf.saxon.style.XSLText'.
18:07:36.869 [main] INFO org.evosuite.runtime.instrumentation.MethodCallReplacementClassAdapter - Adding mock interface to class net/sf/saxon/style/XSLText
18:07:36.870 [main] INFO org.evosuite.runtime.instrumentation.CreateClassResetClassAdapter - Creating brand-new static initializer in class net/sf/saxon/style/XSLText
18:07:36.871 [main] INFO org.evosuite.runtime.instrumentation.EvoClassLoader - Keeping class: net.sf.saxon.style.XSLText
18:07:36.871 [main] INFO org.evosuite.runtime.instrumentation.EvoClassLoader - Seeing class for first time: net.sf.saxon.style.XSLTry
18:07:36.871 [main] INFO org.evosuite.runtime.instrumentation.EvoClassLoader - Instrumenting class 'net.sf.saxon.style.XSLTry'.
18:07:36.872 [main] INFO org.evosuite.runtime.instrumentation.MethodCallReplacementClassAdapter - Adding mock interface to class net/sf/saxon/style/XSLTry
18:07:36.872 [main] INFO org.evosuite.runtime.instrumentation.CreateClassResetClassAdapter - Creating brand-new static initializer in class net/sf/saxon/style/XSLTry
18:07:36.873 [main] INFO org.evosuite.runtime.instrumentation.EvoClassLoader - Keeping class: net.sf.saxon.style.XSLTry
18:07:36.873 [main] INFO org.evosuite.runtime.instrumentation.EvoClassLoader - Seeing class for first time: net.sf.saxon.style.XSLUsePackage
18:07:36.873 [main] INFO org.evosuite.runtime.instrumentation.EvoClassLoader - Instrumenting class 'net.sf.saxon.style.XSLUsePackage'.
18:07:36.874 [main] INFO org.evosuite.runtime.instrumentation.MethodCallReplacementClassAdapter - Adding mock interface to class net/sf/saxon/style/XSLUsePackage
18:07:36.874 [main] INFO org.evosuite.runtime.instrumentation.CreateClassResetClassAdapter - Creating brand-new static initializer in class net/sf/saxon/style/XSLUsePackage
18:07:36.875 [main] INFO org.evosuite.runtime.instrumentation.EvoClassLoader - Keeping class: net.sf.saxon.style.XSLUsePackage
18:07:36.875 [main] INFO org.evosuite.runtime.instrumentation.EvoClassLoader - Seeing class for first time: net.sf.saxon.style.XSLValueOf
18:07:36.875 [main] INFO org.evosuite.runtime.instrumentation.EvoClassLoader - Instrumenting class 'net.sf.saxon.style.XSLValueOf'.
18:07:36.875 [main] INFO org.evosuite.runtime.instrumentation.MethodCallReplacementClassAdapter - Adding mock interface to class net/sf/saxon/style/XSLValueOf
18:07:36.876 [main] INFO org.evosuite.runtime.instrumentation.CreateClassResetClassAdapter - Creating brand-new static initializer in class net/sf/saxon/style/XSLValueOf
18:07:36.876 [main] INFO org.evosuite.runtime.instrumentation.EvoClassLoader - Keeping class: net.sf.saxon.style.XSLValueOf
18:07:36.876 [main] INFO org.evosuite.runtime.instrumentation.EvoClassLoader - Seeing class for first time: net.sf.saxon.style.XSLLocalVariable
18:07:36.876 [main] INFO org.evosuite.runtime.instrumentation.EvoClassLoader - Instrumenting class 'net.sf.saxon.style.XSLLocalVariable'.
18:07:36.876 [main] INFO org.evosuite.runtime.instrumentation.MethodCallReplacementClassAdapter - Adding mock interface to class net/sf/saxon/style/XSLLocalVariable
18:07:36.876 [main] INFO org.evosuite.runtime.instrumentation.CreateClassResetClassAdapter - Found static initializer in class net/sf/saxon/style/XSLLocalVariable
18:07:36.877 [main] INFO org.evosuite.runtime.instrumentation.EvoClassLoader - Keeping class: net.sf.saxon.style.XSLLocalVariable
18:07:36.877 [main] INFO org.evosuite.runtime.instrumentation.EvoClassLoader - Seeing class for first time: net.sf.saxon.style.XSLWithParam
18:07:36.877 [main] INFO org.evosuite.runtime.instrumentation.EvoClassLoader - Instrumenting class 'net.sf.saxon.style.XSLWithParam'.
18:07:36.877 [main] INFO org.evosuite.runtime.instrumentation.MethodCallReplacementClassAdapter - Adding mock interface to class net/sf/saxon/style/XSLWithParam
18:07:36.877 [main] INFO org.evosuite.runtime.instrumentation.CreateClassResetClassAdapter - Creating brand-new static initializer in class net/sf/saxon/style/XSLWithParam
18:07:36.877 [main] INFO org.evosuite.runtime.instrumentation.EvoClassLoader - Keeping class: net.sf.saxon.style.XSLWithParam
18:07:36.877 [main] INFO org.evosuite.runtime.instrumentation.EvoClassLoader - Seeing class for first time: net.sf.saxon.style.XSLWhen
18:07:36.877 [main] INFO org.evosuite.runtime.instrumentation.EvoClassLoader - Instrumenting class 'net.sf.saxon.style.XSLWhen'.
18:07:36.878 [main] INFO org.evosuite.runtime.instrumentation.MethodCallReplacementClassAdapter - Adding mock interface to class net/sf/saxon/style/XSLWhen
18:07:36.878 [main] INFO org.evosuite.runtime.instrumentation.CreateClassResetClassAdapter - Creating brand-new static initializer in class net/sf/saxon/style/XSLWhen
18:07:36.878 [main] INFO org.evosuite.runtime.instrumentation.EvoClassLoader - Keeping class: net.sf.saxon.style.XSLWhen
18:07:36.878 [main] INFO org.evosuite.runtime.instrumentation.EvoClassLoader - Seeing class for first time: net.sf.saxon.style.XSLWherePopulated
18:07:36.878 [main] INFO org.evosuite.runtime.instrumentation.EvoClassLoader - Instrumenting class 'net.sf.saxon.style.XSLWherePopulated'.
18:07:36.878 [main] INFO org.evosuite.runtime.instrumentation.MethodCallReplacementClassAdapter - Adding mock interface to class net/sf/saxon/style/XSLWherePopulated
18:07:36.879 [main] INFO org.evosuite.runtime.instrumentation.CreateClassResetClassAdapter - Creating brand-new static initializer in class net/sf/saxon/style/XSLWherePopulated
18:07:36.879 [main] INFO org.evosuite.runtime.instrumentation.EvoClassLoader - Keeping class: net.sf.saxon.style.XSLWherePopulated
18:07:36.879 [main] INFO org.evosuite.runtime.instrumentation.EvoClassLoader - Seeing class for first time: net.sf.saxon.ma.arrays.ArrayItem
18:07:36.879 [main] INFO org.evosuite.runtime.instrumentation.EvoClassLoader - Instrumenting class 'net.sf.saxon.ma.arrays.ArrayItem'.
18:07:36.880 [main] INFO org.evosuite.runtime.instrumentation.EvoClassLoader - Defined package (3): package net.sf.saxon.ma.arrays, 1233611973
18:07:36.880 [main] INFO org.evosuite.runtime.instrumentation.EvoClassLoader - Keeping class: net.sf.saxon.ma.arrays.ArrayItem
18:07:36.880 [main] INFO org.evosuite.runtime.instrumentation.EvoClassLoader - Seeing class for first time: net.sf.saxon.style.UseWhenFilter
18:07:36.880 [main] INFO org.evosuite.runtime.instrumentation.EvoClassLoader - Instrumenting class 'net.sf.saxon.style.UseWhenFilter'.
18:07:36.881 [main] INFO org.evosuite.runtime.instrumentation.MethodCallReplacementClassAdapter - Adding mock interface to class net/sf/saxon/style/UseWhenFilter
18:07:36.885 [main] INFO org.evosuite.runtime.instrumentation.CreateClassResetClassAdapter - Creating brand-new static initializer in class net/sf/saxon/style/UseWhenFilter
18:07:36.885 [main] INFO org.evosuite.runtime.instrumentation.EvoClassLoader - Keeping class: net.sf.saxon.style.UseWhenFilter
18:07:36.886 [main] INFO org.evosuite.runtime.instrumentation.EvoClassLoader - Seeing class for first time: net.sf.saxon.style.UseWhenStaticContext
18:07:36.886 [main] INFO org.evosuite.runtime.instrumentation.EvoClassLoader - Instrumenting class 'net.sf.saxon.style.UseWhenStaticContext'.
18:07:36.886 [main] INFO org.evosuite.runtime.instrumentation.MethodCallReplacementClassAdapter - Adding mock interface to class net/sf/saxon/style/UseWhenStaticContext
18:07:36.886 [main] INFO org.evosuite.runtime.instrumentation.CreateClassResetClassAdapter - Creating brand-new static initializer in class net/sf/saxon/style/UseWhenStaticContext
18:07:36.887 [main] INFO org.evosuite.runtime.instrumentation.EvoClassLoader - Keeping class: net.sf.saxon.style.UseWhenStaticContext
18:07:36.887 [main] INFO org.evosuite.runtime.instrumentation.EvoClassLoader - Seeing class for first time: net.sf.saxon.event.StartTagBuffer
18:07:36.887 [main] INFO org.evosuite.runtime.instrumentation.EvoClassLoader - Instrumenting class 'net.sf.saxon.event.StartTagBuffer'.
18:07:36.887 [main] INFO org.evosuite.runtime.instrumentation.MethodCallReplacementClassAdapter - Adding mock interface to class net/sf/saxon/event/StartTagBuffer
18:07:36.888 [main] INFO org.evosuite.runtime.instrumentation.CreateClassResetClassAdapter - Creating brand-new static initializer in class net/sf/saxon/event/StartTagBuffer
18:07:36.888 [main] INFO org.evosuite.runtime.instrumentation.EvoClassLoader - Keeping class: net.sf.saxon.event.StartTagBuffer
18:07:36.888 [main] INFO org.evosuite.runtime.instrumentation.EvoClassLoader - Seeing class for first time: net.sf.saxon.tree.AttributeLocation
18:07:36.888 [main] INFO org.evosuite.runtime.instrumentation.EvoClassLoader - Instrumenting class 'net.sf.saxon.tree.AttributeLocation'.
18:07:36.888 [main] INFO org.evosuite.runtime.instrumentation.MethodCallReplacementClassAdapter - Adding mock interface to class net/sf/saxon/tree/AttributeLocation
18:07:36.888 [main] INFO org.evosuite.runtime.instrumentation.CreateClassResetClassAdapter - Creating brand-new static initializer in class net/sf/saxon/tree/AttributeLocation
18:07:36.888 [main] INFO org.evosuite.runtime.instrumentation.EvoClassLoader - Defined package (3): package net.sf.saxon.tree, 910989069
18:07:36.889 [main] INFO org.evosuite.runtime.instrumentation.EvoClassLoader - Keeping class: net.sf.saxon.tree.AttributeLocation
18:07:36.889 [main] INFO org.evosuite.runtime.instrumentation.EvoClassLoader - Seeing class for first time: net.sf.saxon.value.SaxonXMLGregorianCalendar
18:07:36.889 [main] INFO org.evosuite.runtime.instrumentation.EvoClassLoader - Instrumenting class 'net.sf.saxon.value.SaxonXMLGregorianCalendar'.
18:07:36.890 [main] INFO org.evosuite.runtime.instrumentation.MethodCallReplacementClassAdapter - Adding mock interface to class net/sf/saxon/value/SaxonXMLGregorianCalendar
18:07:36.892 [main] INFO org.evosuite.runtime.instrumentation.CreateClassResetClassAdapter - Creating brand-new static initializer in class net/sf/saxon/value/SaxonXMLGregorianCalendar
18:07:36.893 [main] INFO org.evosuite.runtime.instrumentation.EvoClassLoader - Keeping class: net.sf.saxon.value.SaxonXMLGregorianCalendar
18:07:36.893 [main] INFO org.evosuite.runtime.instrumentation.EvoClassLoader - Seeing class for first time: net.sf.saxon.value.DayTimeDurationValue
18:07:36.893 [main] INFO org.evosuite.runtime.instrumentation.EvoClassLoader - Instrumenting class 'net.sf.saxon.value.DayTimeDurationValue'.
18:07:36.894 [main] INFO org.evosuite.runtime.instrumentation.MethodCallReplacementClassAdapter - Adding mock interface to class net/sf/saxon/value/DayTimeDurationValue
18:07:36.896 [main] INFO org.evosuite.runtime.instrumentation.CreateClassResetClassAdapter - Creating brand-new static initializer in class net/sf/saxon/value/DayTimeDurationValue
18:07:36.896 [main] INFO org.evosuite.runtime.instrumentation.EvoClassLoader - Seeing class for first time: net.sf.saxon.value.DurationValue
18:07:36.896 [main] INFO org.evosuite.runtime.instrumentation.EvoClassLoader - Instrumenting class 'net.sf.saxon.value.DurationValue'.
18:07:36.897 [main] INFO org.evosuite.runtime.instrumentation.MethodCallReplacementClassAdapter - Adding mock interface to class net/sf/saxon/value/DurationValue
18:07:36.898 [main] INFO org.evosuite.runtime.instrumentation.CreateClassResetClassAdapter - Creating brand-new static initializer in class net/sf/saxon/value/DurationValue
18:07:36.898 [main] INFO org.evosuite.runtime.instrumentation.EvoClassLoader - Keeping class: net.sf.saxon.value.DurationValue
18:07:36.898 [main] INFO org.evosuite.runtime.instrumentation.EvoClassLoader - Keeping class: net.sf.saxon.value.DayTimeDurationValue
18:07:36.900 [main] INFO org.evosuite.runtime.instrumentation.EvoClassLoader - Seeing class for first time: net.sf.saxon.value.DateValue
18:07:36.900 [main] INFO org.evosuite.runtime.instrumentation.EvoClassLoader - Instrumenting class 'net.sf.saxon.value.DateValue'.
18:07:36.900 [main] INFO org.evosuite.runtime.instrumentation.MethodCallReplacementClassAdapter - Adding mock interface to class net/sf/saxon/value/DateValue
18:07:36.901 [main] INFO org.evosuite.runtime.instrumentation.CreateClassResetClassAdapter - Creating brand-new static initializer in class net/sf/saxon/value/DateValue
18:07:36.901 [main] INFO org.evosuite.runtime.instrumentation.EvoClassLoader - Seeing class for first time: net.sf.saxon.value.GDateValue
18:07:36.901 [main] INFO org.evosuite.runtime.instrumentation.EvoClassLoader - Instrumenting class 'net.sf.saxon.value.GDateValue'.
18:07:36.902 [main] INFO org.evosuite.runtime.instrumentation.MethodCallReplacementClassAdapter - Adding mock interface to class net/sf/saxon/value/GDateValue
18:07:36.903 [main] INFO org.evosuite.runtime.instrumentation.CreateClassResetClassAdapter - Found static initializer in class net/sf/saxon/value/GDateValue
18:07:36.904 [main] INFO org.evosuite.runtime.instrumentation.EvoClassLoader - Keeping class: net.sf.saxon.value.GDateValue
18:07:36.904 [main] INFO org.evosuite.runtime.instrumentation.EvoClassLoader - Keeping class: net.sf.saxon.value.DateValue
18:07:36.904 [main] INFO org.evosuite.runtime.instrumentation.EvoClassLoader - Seeing class for first time: net.sf.saxon.value.TimeValue
18:07:36.904 [main] INFO org.evosuite.runtime.instrumentation.EvoClassLoader - Instrumenting class 'net.sf.saxon.value.TimeValue'.
18:07:36.905 [main] INFO org.evosuite.runtime.instrumentation.MethodCallReplacementClassAdapter - Adding mock interface to class net/sf/saxon/value/TimeValue
18:07:36.909 [main] INFO org.evosuite.runtime.instrumentation.CreateClassResetClassAdapter - Creating brand-new static initializer in class net/sf/saxon/value/TimeValue
18:07:36.910 [main] INFO org.evosuite.runtime.instrumentation.EvoClassLoader - Keeping class: net.sf.saxon.value.TimeValue
18:07:36.911 [main] INFO org.evosuite.runtime.instrumentation.EvoClassLoader - Seeing class for first time: net.sf.saxon.event.NoOpenStartTagException
18:07:36.911 [main] INFO org.evosuite.runtime.instrumentation.EvoClassLoader - Instrumenting class 'net.sf.saxon.event.NoOpenStartTagException'.
18:07:36.912 [main] INFO org.evosuite.runtime.instrumentation.MethodCallReplacementClassAdapter - Adding mock interface to class net/sf/saxon/event/NoOpenStartTagException
18:07:36.912 [main] INFO org.evosuite.runtime.instrumentation.CreateClassResetClassAdapter - Creating brand-new static initializer in class net/sf/saxon/event/NoOpenStartTagException
18:07:36.912 [main] INFO org.evosuite.runtime.instrumentation.EvoClassLoader - Keeping class: net.sf.saxon.event.NoOpenStartTagException
18:07:36.914 [main] INFO org.evosuite.runtime.instrumentation.EvoClassLoader - Seeing class for first time: net.sf.saxon.om.StylesheetSpaceStrippingRule
18:07:36.914 [main] INFO org.evosuite.runtime.instrumentation.EvoClassLoader - Instrumenting class 'net.sf.saxon.om.StylesheetSpaceStrippingRule'.
18:07:36.914 [main] INFO org.evosuite.runtime.instrumentation.MethodCallReplacementClassAdapter - Adding mock interface to class net/sf/saxon/om/StylesheetSpaceStrippingRule
18:07:36.914 [main] INFO org.evosuite.runtime.instrumentation.CreateClassResetClassAdapter - Found static initializer in class net/sf/saxon/om/StylesheetSpaceStrippingRule
18:07:36.915 [main] INFO org.evosuite.runtime.instrumentation.EvoClassLoader - Keeping class: net.sf.saxon.om.StylesheetSpaceStrippingRule
18:07:36.915 [main] INFO org.evosuite.runtime.instrumentation.EvoClassLoader - Seeing class for first time: net.sf.saxon.event.Stripper$StripRuleTarget
18:07:36.915 [main] INFO org.evosuite.runtime.instrumentation.EvoClassLoader - Instrumenting class 'net.sf.saxon.event.Stripper$StripRuleTarget'.
18:07:36.915 [main] INFO org.evosuite.runtime.instrumentation.MethodCallReplacementClassAdapter - Adding mock interface to class net/sf/saxon/event/Stripper$StripRuleTarget
18:07:36.916 [main] INFO org.evosuite.runtime.instrumentation.CreateClassResetClassAdapter - Creating brand-new static initializer in class net/sf/saxon/event/Stripper$StripRuleTarget
18:07:36.916 [main] INFO org.evosuite.runtime.instrumentation.EvoClassLoader - Keeping class: net.sf.saxon.event.Stripper$StripRuleTarget
18:07:36.916 [main] INFO org.evosuite.runtime.instrumentation.EvoClassLoader - Seeing class for first time: net.sf.saxon.event.Stripper$1
18:07:36.916 [main] INFO org.evosuite.runtime.instrumentation.EvoClassLoader - Instrumenting class 'net.sf.saxon.event.Stripper$1'.
18:07:36.916 [main] INFO org.evosuite.runtime.instrumentation.MethodCallReplacementClassAdapter - Adding mock interface to class net/sf/saxon/event/Stripper$1
18:07:36.917 [main] INFO org.evosuite.runtime.instrumentation.EvoClassLoader - Keeping class: net.sf.saxon.event.Stripper$1
18:07:36.917 [main] INFO org.evosuite.runtime.instrumentation.EvoClassLoader - Seeing class for first time: net.sf.saxon.event.Stripper$2
18:07:36.917 [main] INFO org.evosuite.runtime.instrumentation.EvoClassLoader - Instrumenting class 'net.sf.saxon.event.Stripper$2'.
18:07:36.917 [main] INFO org.evosuite.runtime.instrumentation.MethodCallReplacementClassAdapter - Adding mock interface to class net/sf/saxon/event/Stripper$2
18:07:36.917 [main] INFO org.evosuite.runtime.instrumentation.EvoClassLoader - Keeping class: net.sf.saxon.event.Stripper$2
18:07:36.918 [main] INFO org.evosuite.runtime.instrumentation.EvoClassLoader - Seeing class for first time: net.sf.saxon.event.CommentStripper
18:07:36.918 [main] INFO org.evosuite.runtime.instrumentation.EvoClassLoader - Instrumenting class 'net.sf.saxon.event.CommentStripper'.
18:07:36.919 [main] INFO org.evosuite.runtime.instrumentation.MethodCallReplacementClassAdapter - Adding mock interface to class net/sf/saxon/event/CommentStripper
18:07:36.919 [main] INFO org.evosuite.runtime.instrumentation.CreateClassResetClassAdapter - Creating brand-new static initializer in class net/sf/saxon/event/CommentStripper
18:07:36.919 [main] INFO org.evosuite.runtime.instrumentation.EvoClassLoader - Keeping class: net.sf.saxon.event.CommentStripper
18:07:36.920 [main] INFO org.evosuite.runtime.instrumentation.EvoClassLoader - Seeing class for first time: net.sf.saxon.tree.tiny.TinyBuilderMonitor
18:07:36.920 [main] INFO org.evosuite.runtime.instrumentation.EvoClassLoader - Instrumenting class 'net.sf.saxon.tree.tiny.TinyBuilderMonitor'.
18:07:36.921 [main] INFO org.evosuite.runtime.instrumentation.MethodCallReplacementClassAdapter - Adding mock interface to class net/sf/saxon/tree/tiny/TinyBuilderMonitor
18:07:36.922 [main] INFO org.evosuite.runtime.instrumentation.CreateClassResetClassAdapter - Creating brand-new static initializer in class net/sf/saxon/tree/tiny/TinyBuilderMonitor
18:07:36.923 [main] INFO org.evosuite.runtime.instrumentation.EvoClassLoader - Keeping class: net.sf.saxon.tree.tiny.TinyBuilderMonitor
18:07:36.923 [main] INFO org.evosuite.runtime.instrumentation.EvoClassLoader - Seeing class for first time: net.sf.saxon.tree.tiny.TinyElementImpl
18:07:36.923 [main] INFO org.evosuite.runtime.instrumentation.EvoClassLoader - Instrumenting class 'net.sf.saxon.tree.tiny.TinyElementImpl'.
18:07:36.924 [main] INFO org.evosuite.runtime.instrumentation.MethodCallReplacementClassAdapter - Adding mock interface to class net/sf/saxon/tree/tiny/TinyElementImpl
18:07:36.929 [main] INFO org.evosuite.runtime.instrumentation.CreateClassResetClassAdapter - Creating brand-new static initializer in class net/sf/saxon/tree/tiny/TinyElementImpl
18:07:36.929 [main] INFO org.evosuite.runtime.instrumentation.EvoClassLoader - Seeing class for first time: net.sf.saxon.tree.tiny.TinyParentNodeImpl
18:07:36.929 [main] INFO org.evosuite.runtime.instrumentation.EvoClassLoader - Instrumenting class 'net.sf.saxon.tree.tiny.TinyParentNodeImpl'.
18:07:36.929 [main] INFO org.evosuite.runtime.instrumentation.MethodCallReplacementClassAdapter - Adding mock interface to class net/sf/saxon/tree/tiny/TinyParentNodeImpl
18:07:36.930 [main] INFO org.evosuite.runtime.instrumentation.CreateClassResetClassAdapter - Creating brand-new static initializer in class net/sf/saxon/tree/tiny/TinyParentNodeImpl
18:07:36.930 [main] INFO org.evosuite.runtime.instrumentation.EvoClassLoader - Seeing class for first time: net.sf.saxon.tree.tiny.TinyNodeImpl
18:07:36.930 [main] INFO org.evosuite.runtime.instrumentation.EvoClassLoader - Instrumenting class 'net.sf.saxon.tree.tiny.TinyNodeImpl'.
18:07:36.930 [main] INFO org.evosuite.runtime.instrumentation.MethodCallReplacementClassAdapter - Adding mock interface to class net/sf/saxon/tree/tiny/TinyNodeImpl
18:07:36.932 [main] INFO org.evosuite.runtime.instrumentation.CreateClassResetClassAdapter - Found static initializer in class net/sf/saxon/tree/tiny/TinyNodeImpl
18:07:36.933 [main] INFO org.evosuite.runtime.instrumentation.EvoClassLoader - Keeping class: net.sf.saxon.tree.tiny.TinyNodeImpl
18:07:36.933 [main] INFO org.evosuite.runtime.instrumentation.EvoClassLoader - Keeping class: net.sf.saxon.tree.tiny.TinyParentNodeImpl
18:07:36.933 [main] INFO org.evosuite.runtime.instrumentation.EvoClassLoader - Keeping class: net.sf.saxon.tree.tiny.TinyElementImpl
18:07:36.933 [main] INFO org.evosuite.runtime.instrumentation.EvoClassLoader - Seeing class for first time: net.sf.saxon.tree.tiny.TinyTree
18:07:36.933 [main] INFO org.evosuite.runtime.instrumentation.EvoClassLoader - Instrumenting class 'net.sf.saxon.tree.tiny.TinyTree'.
18:07:36.935 [main] INFO org.evosuite.runtime.instrumentation.MethodCallReplacementClassAdapter - Adding mock interface to class net/sf/saxon/tree/tiny/TinyTree
18:07:36.943 [main] INFO org.evosuite.runtime.instrumentation.CreateClassResetClassAdapter - Found static initializer in class net/sf/saxon/tree/tiny/TinyTree
18:07:36.945 [main] INFO org.evosuite.runtime.instrumentation.EvoClassLoader - Seeing class for first time: net.sf.saxon.om.GenericTreeInfo
18:07:36.945 [main] INFO org.evosuite.runtime.instrumentation.EvoClassLoader - Instrumenting class 'net.sf.saxon.om.GenericTreeInfo'.
18:07:36.946 [main] INFO org.evosuite.runtime.instrumentation.MethodCallReplacementClassAdapter - Adding mock interface to class net/sf/saxon/om/GenericTreeInfo
18:07:36.947 [main] INFO org.evosuite.runtime.instrumentation.CreateClassResetClassAdapter - Creating brand-new static initializer in class net/sf/saxon/om/GenericTreeInfo
18:07:36.948 [main] INFO org.evosuite.runtime.instrumentation.EvoClassLoader - Keeping class: net.sf.saxon.om.GenericTreeInfo
18:07:36.948 [main] INFO org.evosuite.runtime.instrumentation.EvoClassLoader - Keeping class: net.sf.saxon.tree.tiny.TinyTree
18:07:36.948 [main] INFO org.evosuite.runtime.instrumentation.EvoClassLoader - Seeing class for first time: net.sf.saxon.event.CheckSumFilter
18:07:36.948 [main] INFO org.evosuite.runtime.instrumentation.EvoClassLoader - Instrumenting class 'net.sf.saxon.event.CheckSumFilter'.
18:07:36.949 [main] INFO org.evosuite.runtime.instrumentation.MethodCallReplacementClassAdapter - Adding mock interface to class net/sf/saxon/event/CheckSumFilter
18:07:36.950 [main] INFO org.evosuite.runtime.instrumentation.CreateClassResetClassAdapter - Creating brand-new static initializer in class net/sf/saxon/event/CheckSumFilter
18:07:36.950 [main] INFO org.evosuite.runtime.instrumentation.CreateClassResetClassAdapter - Adding bytecode for initializing field DEBUG
18:07:36.950 [main] INFO org.evosuite.runtime.instrumentation.CreateClassResetClassAdapter - Adding bytecode for initializing field SIGMA
18:07:36.950 [main] INFO org.evosuite.runtime.instrumentation.EvoClassLoader - Keeping class: net.sf.saxon.event.CheckSumFilter
18:07:36.950 [main] INFO org.evosuite.runtime.instrumentation.EvoClassLoader - Seeing class for first time: net.sf.saxon.event.Valve
18:07:36.950 [main] INFO org.evosuite.runtime.instrumentation.EvoClassLoader - Instrumenting class 'net.sf.saxon.event.Valve'.
18:07:36.951 [main] INFO org.evosuite.runtime.instrumentation.MethodCallReplacementClassAdapter - Adding mock interface to class net/sf/saxon/event/Valve
18:07:36.951 [main] INFO org.evosuite.runtime.instrumentation.CreateClassResetClassAdapter - Creating brand-new static initializer in class net/sf/saxon/event/Valve
18:07:36.951 [main] INFO org.evosuite.runtime.instrumentation.EvoClassLoader - Keeping class: net.sf.saxon.event.Valve
18:07:36.952 [main] INFO org.evosuite.runtime.instrumentation.EvoClassLoader - Seeing class for first time: net.sf.saxon.om.NoElementsSpaceStrippingRule
18:07:36.952 [main] INFO org.evosuite.runtime.instrumentation.EvoClassLoader - Instrumenting class 'net.sf.saxon.om.NoElementsSpaceStrippingRule'.
18:07:36.952 [main] INFO org.evosuite.runtime.instrumentation.MethodCallReplacementClassAdapter - Adding mock interface to class net/sf/saxon/om/NoElementsSpaceStrippingRule
18:07:36.952 [main] INFO org.evosuite.runtime.instrumentation.CreateClassResetClassAdapter - Found static initializer in class net/sf/saxon/om/NoElementsSpaceStrippingRule
18:07:36.953 [main] INFO org.evosuite.runtime.instrumentation.EvoClassLoader - Keeping class: net.sf.saxon.om.NoElementsSpaceStrippingRule
18:07:36.953 [main] INFO org.evosuite.runtime.instrumentation.EvoClassLoader - Seeing class for first time: net.sf.saxon.event.Sender
18:07:36.953 [main] INFO org.evosuite.runtime.instrumentation.EvoClassLoader - Instrumenting class 'net.sf.saxon.event.Sender'.
18:07:36.954 [main] INFO org.evosuite.runtime.instrumentation.MethodCallReplacementClassAdapter - Adding mock interface to class net/sf/saxon/event/Sender
18:07:36.962 [main] INFO org.evosuite.runtime.instrumentation.CreateClassResetClassAdapter - Found static initializer in class net/sf/saxon/event/Sender
18:07:36.962 [main] INFO org.evosuite.runtime.instrumentation.EvoClassLoader - Keeping class: net.sf.saxon.event.Sender
18:07:36.963 [main] INFO org.evosuite.runtime.instrumentation.EvoClassLoader - Seeing class for first time: net.sf.saxon.pull.PullProvider
18:07:36.963 [main] INFO org.evosuite.runtime.instrumentation.EvoClassLoader - Instrumenting class 'net.sf.saxon.pull.PullProvider'.
18:07:36.964 [main] INFO org.evosuite.runtime.instrumentation.EvoClassLoader - Defined package (3): package net.sf.saxon.pull, 910873012
18:07:36.964 [main] INFO org.evosuite.runtime.instrumentation.EvoClassLoader - Keeping class: net.sf.saxon.pull.PullProvider
18:07:36.964 [main] INFO org.evosuite.runtime.instrumentation.EvoClassLoader - Seeing class for first time: net.sf.saxon.pull.PullSource
18:07:36.965 [main] INFO org.evosuite.runtime.instrumentation.EvoClassLoader - Instrumenting class 'net.sf.saxon.pull.PullSource'.
18:07:36.965 [main] INFO org.evosuite.runtime.instrumentation.MethodCallReplacementClassAdapter - Adding mock interface to class net/sf/saxon/pull/PullSource
18:07:36.966 [main] INFO org.evosuite.runtime.instrumentation.CreateClassResetClassAdapter - Creating brand-new static initializer in class net/sf/saxon/pull/PullSource
18:07:36.966 [main] INFO org.evosuite.runtime.instrumentation.EvoClassLoader - Keeping class: net.sf.saxon.pull.PullSource
18:07:36.966 [main] INFO org.evosuite.runtime.instrumentation.EvoClassLoader - Seeing class for first time: net.sf.saxon.tree.util.Navigator
18:07:36.966 [main] INFO org.evosuite.runtime.instrumentation.EvoClassLoader - Instrumenting class 'net.sf.saxon.tree.util.Navigator'.
18:07:36.968 [main] INFO org.evosuite.runtime.instrumentation.MethodCallReplacementClassAdapter - Adding mock interface to class net/sf/saxon/tree/util/Navigator
18:07:36.982 [main] INFO org.evosuite.runtime.instrumentation.CreateClassResetClassAdapter - Found static initializer in class net/sf/saxon/tree/util/Navigator
18:07:36.983 [main] INFO org.evosuite.runtime.instrumentation.EvoClassLoader - Keeping class: net.sf.saxon.tree.util.Navigator
18:07:36.983 [main] INFO org.evosuite.runtime.instrumentation.EvoClassLoader - Seeing class for first time: net.sf.saxon.pattern.LocalNameTest
18:07:36.983 [main] INFO org.evosuite.runtime.instrumentation.EvoClassLoader - Instrumenting class 'net.sf.saxon.pattern.LocalNameTest'.
18:07:36.984 [main] INFO org.evosuite.runtime.instrumentation.MethodCallReplacementClassAdapter - Adding mock interface to class net/sf/saxon/pattern/LocalNameTest
18:07:36.984 [main] INFO org.evosuite.runtime.instrumentation.CreateClassResetClassAdapter - Creating brand-new static initializer in class net/sf/saxon/pattern/LocalNameTest
18:07:36.984 [main] INFO org.evosuite.runtime.instrumentation.EvoClassLoader - Keeping class: net.sf.saxon.pattern.LocalNameTest
18:07:36.984 [main] INFO org.evosuite.runtime.instrumentation.EvoClassLoader - Seeing class for first time: net.sf.saxon.pattern.NamespaceTest
18:07:36.984 [main] INFO org.evosuite.runtime.instrumentation.EvoClassLoader - Instrumenting class 'net.sf.saxon.pattern.NamespaceTest'.
18:07:36.985 [main] INFO org.evosuite.runtime.instrumentation.MethodCallReplacementClassAdapter - Adding mock interface to class net/sf/saxon/pattern/NamespaceTest
18:07:36.985 [main] INFO org.evosuite.runtime.instrumentation.CreateClassResetClassAdapter - Creating brand-new static initializer in class net/sf/saxon/pattern/NamespaceTest
18:07:36.985 [main] INFO org.evosuite.runtime.instrumentation.EvoClassLoader - Keeping class: net.sf.saxon.pattern.NamespaceTest
18:07:36.986 [main] INFO org.evosuite.runtime.instrumentation.EvoClassLoader - Seeing class for first time: net.sf.saxon.om.AbsolutePath
18:07:36.986 [main] INFO org.evosuite.runtime.instrumentation.EvoClassLoader - Instrumenting class 'net.sf.saxon.om.AbsolutePath'.
18:07:36.986 [main] INFO org.evosuite.runtime.instrumentation.MethodCallReplacementClassAdapter - Adding mock interface to class net/sf/saxon/om/AbsolutePath
18:07:36.986 [main] INFO org.evosuite.runtime.instrumentation.CreateClassResetClassAdapter - Creating brand-new static initializer in class net/sf/saxon/om/AbsolutePath
18:07:36.986 [main] INFO org.evosuite.runtime.instrumentation.EvoClassLoader - Keeping class: net.sf.saxon.om.AbsolutePath
18:07:36.988 [main] INFO org.evosuite.runtime.instrumentation.EvoClassLoader - Seeing class for first time: net.sf.saxon.regex.Operation
18:07:36.988 [main] INFO org.evosuite.runtime.instrumentation.EvoClassLoader - Instrumenting class 'net.sf.saxon.regex.Operation'.
18:07:36.988 [main] INFO org.evosuite.runtime.instrumentation.MethodCallReplacementClassAdapter - Adding mock interface to class net/sf/saxon/regex/Operation
18:07:36.988 [main] INFO org.evosuite.runtime.instrumentation.CreateClassResetClassAdapter - Creating brand-new static initializer in class net/sf/saxon/regex/Operation
18:07:36.988 [main] INFO org.evosuite.runtime.instrumentation.CreateClassResetClassAdapter - Adding bytecode for initializing field MATCHES_ZLS_AT_START
18:07:36.988 [main] INFO org.evosuite.runtime.instrumentation.CreateClassResetClassAdapter - Adding bytecode for initializing field MATCHES_ZLS_AT_END
18:07:36.988 [main] INFO org.evosuite.runtime.instrumentation.CreateClassResetClassAdapter - Adding bytecode for initializing field MATCHES_ZLS_ANYWHERE
18:07:36.988 [main] INFO org.evosuite.runtime.instrumentation.CreateClassResetClassAdapter - Adding bytecode for initializing field MATCHES_ZLS_NEVER
18:07:36.989 [main] INFO org.evosuite.runtime.instrumentation.EvoClassLoader - Keeping class: net.sf.saxon.regex.Operation
18:07:36.989 [main] INFO org.evosuite.runtime.instrumentation.EvoClassLoader - Seeing class for first time: net.sf.saxon.regex.REMatcher
18:07:36.989 [main] INFO org.evosuite.runtime.instrumentation.EvoClassLoader - Instrumenting class 'net.sf.saxon.regex.REMatcher'.
18:07:36.989 [main] INFO org.evosuite.runtime.instrumentation.MethodCallReplacementClassAdapter - Adding mock interface to class net/sf/saxon/regex/REMatcher
18:07:36.990 [main] INFO org.evosuite.runtime.instrumentation.CreateClassResetClassAdapter - Creating brand-new static initializer in class net/sf/saxon/regex/REMatcher
18:07:36.990 [main] INFO org.evosuite.runtime.instrumentation.CreateClassResetClassAdapter - Adding bytecode for initializing field MAX_PAREN
18:07:36.990 [main] INFO org.evosuite.runtime.instrumentation.EvoClassLoader - Keeping class: net.sf.saxon.regex.REMatcher
18:07:36.990 [main] INFO org.evosuite.runtime.instrumentation.EvoClassLoader - Seeing class for first time: net.sf.saxon.regex.charclass.CharacterClass
18:07:36.990 [main] INFO org.evosuite.runtime.instrumentation.EvoClassLoader - Instrumenting class 'net.sf.saxon.regex.charclass.CharacterClass'.
18:07:36.993 [main] INFO org.evosuite.runtime.instrumentation.EvoClassLoader - Defined package (3): package net.sf.saxon.regex.charclass, 227689516
18:07:36.994 [main] INFO org.evosuite.runtime.instrumentation.EvoClassLoader - Keeping class: net.sf.saxon.regex.charclass.CharacterClass
18:07:36.994 [main] INFO org.evosuite.runtime.instrumentation.EvoClassLoader - Seeing class for first time: net.sf.saxon.regex.REProgram
18:07:36.994 [main] INFO org.evosuite.runtime.instrumentation.EvoClassLoader - Instrumenting class 'net.sf.saxon.regex.REProgram'.
18:07:36.994 [main] INFO org.evosuite.runtime.instrumentation.MethodCallReplacementClassAdapter - Adding mock interface to class net/sf/saxon/regex/REProgram
18:07:36.994 [main] INFO org.evosuite.runtime.instrumentation.CreateClassResetClassAdapter - Creating brand-new static initializer in class net/sf/saxon/regex/REProgram
18:07:36.994 [main] INFO org.evosuite.runtime.instrumentation.CreateClassResetClassAdapter - Adding bytecode for initializing field OPT_HASBACKREFS
18:07:36.994 [main] INFO org.evosuite.runtime.instrumentation.CreateClassResetClassAdapter - Adding bytecode for initializing field OPT_HASBOL
18:07:36.995 [main] INFO org.evosuite.runtime.instrumentation.EvoClassLoader - Keeping class: net.sf.saxon.regex.REProgram
18:07:36.995 [main] INFO org.evosuite.runtime.instrumentation.EvoClassLoader - Seeing class for first time: net.sf.saxon.regex.REFlags
18:07:36.995 [main] INFO org.evosuite.runtime.instrumentation.EvoClassLoader - Instrumenting class 'net.sf.saxon.regex.REFlags'.
18:07:36.995 [main] INFO org.evosuite.runtime.instrumentation.MethodCallReplacementClassAdapter - Adding mock interface to class net/sf/saxon/regex/REFlags
18:07:36.995 [main] INFO org.evosuite.runtime.instrumentation.CreateClassResetClassAdapter - Creating brand-new static initializer in class net/sf/saxon/regex/REFlags
18:07:36.996 [main] INFO org.evosuite.runtime.instrumentation.EvoClassLoader - Keeping class: net.sf.saxon.regex.REFlags
18:07:36.996 [main] INFO org.evosuite.runtime.instrumentation.EvoClassLoader - Seeing class for first time: net.sf.saxon.regex.Operation$OpChoice
18:07:36.996 [main] INFO org.evosuite.runtime.instrumentation.EvoClassLoader - Instrumenting class 'net.sf.saxon.regex.Operation$OpChoice'.
18:07:36.996 [main] INFO org.evosuite.runtime.instrumentation.MethodCallReplacementClassAdapter - Adding mock interface to class net/sf/saxon/regex/Operation$OpChoice
18:07:36.997 [main] INFO org.evosuite.runtime.instrumentation.CreateClassResetClassAdapter - Creating brand-new static initializer in class net/sf/saxon/regex/Operation$OpChoice
18:07:36.997 [main] INFO org.evosuite.runtime.instrumentation.EvoClassLoader - Keeping class: net.sf.saxon.regex.Operation$OpChoice
18:07:36.997 [main] INFO org.evosuite.runtime.instrumentation.EvoClassLoader - Seeing class for first time: net.sf.saxon.regex.Operation$ForceProgressIterator
18:07:36.997 [main] INFO org.evosuite.runtime.instrumentation.EvoClassLoader - Instrumenting class 'net.sf.saxon.regex.Operation$ForceProgressIterator'.
18:07:36.997 [main] INFO org.evosuite.runtime.instrumentation.MethodCallReplacementClassAdapter - Adding mock interface to class net/sf/saxon/regex/Operation$ForceProgressIterator
18:07:36.997 [main] INFO org.evosuite.runtime.instrumentation.CreateClassResetClassAdapter - Creating brand-new static initializer in class net/sf/saxon/regex/Operation$ForceProgressIterator
18:07:36.997 [main] INFO org.evosuite.runtime.instrumentation.EvoClassLoader - Keeping class: net.sf.saxon.regex.Operation$ForceProgressIterator
18:07:36.997 [main] INFO org.evosuite.runtime.instrumentation.EvoClassLoader - Seeing class for first time: net.sf.saxon.regex.Operation$OpTrace
18:07:36.997 [main] INFO org.evosuite.runtime.instrumentation.EvoClassLoader - Instrumenting class 'net.sf.saxon.regex.Operation$OpTrace'.
18:07:36.997 [main] INFO org.evosuite.runtime.instrumentation.MethodCallReplacementClassAdapter - Adding mock interface to class net/sf/saxon/regex/Operation$OpTrace
18:07:36.998 [main] INFO org.evosuite.runtime.instrumentation.CreateClassResetClassAdapter - Found static initializer in class net/sf/saxon/regex/Operation$OpTrace
18:07:36.998 [main] INFO org.evosuite.runtime.instrumentation.EvoClassLoader - Keeping class: net.sf.saxon.regex.Operation$OpTrace
18:07:36.998 [main] INFO org.evosuite.runtime.instrumentation.EvoClassLoader - Seeing class for first time: net.sf.saxon.regex.Operation$OpNothing
18:07:36.998 [main] INFO org.evosuite.runtime.instrumentation.EvoClassLoader - Instrumenting class 'net.sf.saxon.regex.Operation$OpNothing'.
18:07:36.999 [main] INFO org.evosuite.runtime.instrumentation.MethodCallReplacementClassAdapter - Adding mock interface to class net/sf/saxon/regex/Operation$OpNothing
18:07:36.999 [main] INFO org.evosuite.runtime.instrumentation.CreateClassResetClassAdapter - Creating brand-new static initializer in class net/sf/saxon/regex/Operation$OpNothing
18:07:36.999 [main] INFO org.evosuite.runtime.instrumentation.EvoClassLoader - Keeping class: net.sf.saxon.regex.Operation$OpNothing
18:07:36.999 [main] INFO org.evosuite.runtime.instrumentation.EvoClassLoader - Seeing class for first time: net.sf.saxon.regex.Operation$OpBackReference
18:07:36.999 [main] INFO org.evosuite.runtime.instrumentation.EvoClassLoader - Instrumenting class 'net.sf.saxon.regex.Operation$OpBackReference'.
18:07:36.999 [main] INFO org.evosuite.runtime.instrumentation.MethodCallReplacementClassAdapter - Adding mock interface to class net/sf/saxon/regex/Operation$OpBackReference
18:07:36.999 [main] INFO org.evosuite.runtime.instrumentation.CreateClassResetClassAdapter - Creating brand-new static initializer in class net/sf/saxon/regex/Operation$OpBackReference
18:07:36.999 [main] INFO org.evosuite.runtime.instrumentation.EvoClassLoader - Keeping class: net.sf.saxon.regex.Operation$OpBackReference
18:07:36.999 [main] INFO org.evosuite.runtime.instrumentation.EvoClassLoader - Seeing class for first time: net.sf.saxon.regex.Operation$OpCapture
18:07:36.999 [main] INFO org.evosuite.runtime.instrumentation.EvoClassLoader - Instrumenting class 'net.sf.saxon.regex.Operation$OpCapture'.
18:07:36.999 [main] INFO org.evosuite.runtime.instrumentation.MethodCallReplacementClassAdapter - Adding mock interface to class net/sf/saxon/regex/Operation$OpCapture
18:07:37.000 [main] INFO org.evosuite.runtime.instrumentation.CreateClassResetClassAdapter - Creating brand-new static initializer in class net/sf/saxon/regex/Operation$OpCapture
18:07:37.000 [main] INFO org.evosuite.runtime.instrumentation.EvoClassLoader - Keeping class: net.sf.saxon.regex.Operation$OpCapture
18:07:37.000 [main] INFO org.evosuite.runtime.instrumentation.EvoClassLoader - Seeing class for first time: net.sf.saxon.regex.Operation$OpEOL
18:07:37.000 [main] INFO org.evosuite.runtime.instrumentation.EvoClassLoader - Instrumenting class 'net.sf.saxon.regex.Operation$OpEOL'.
18:07:37.000 [main] INFO org.evosuite.runtime.instrumentation.MethodCallReplacementClassAdapter - Adding mock interface to class net/sf/saxon/regex/Operation$OpEOL
18:07:37.000 [main] INFO org.evosuite.runtime.instrumentation.CreateClassResetClassAdapter - Creating brand-new static initializer in class net/sf/saxon/regex/Operation$OpEOL
18:07:37.000 [main] INFO org.evosuite.runtime.instrumentation.EvoClassLoader - Keeping class: net.sf.saxon.regex.Operation$OpEOL
18:07:37.000 [main] INFO org.evosuite.runtime.instrumentation.EvoClassLoader - Seeing class for first time: net.sf.saxon.regex.Operation$OpBOL
18:07:37.000 [main] INFO org.evosuite.runtime.instrumentation.EvoClassLoader - Instrumenting class 'net.sf.saxon.regex.Operation$OpBOL'.
18:07:37.000 [main] INFO org.evosuite.runtime.instrumentation.MethodCallReplacementClassAdapter - Adding mock interface to class net/sf/saxon/regex/Operation$OpBOL
18:07:37.000 [main] INFO org.evosuite.runtime.instrumentation.CreateClassResetClassAdapter - Creating brand-new static initializer in class net/sf/saxon/regex/Operation$OpBOL
18:07:37.000 [main] INFO org.evosuite.runtime.instrumentation.EvoClassLoader - Keeping class: net.sf.saxon.regex.Operation$OpBOL
18:07:37.000 [main] INFO org.evosuite.runtime.instrumentation.EvoClassLoader - Seeing class for first time: net.sf.saxon.regex.Operation$OpEndProgram
18:07:37.000 [main] INFO org.evosuite.runtime.instrumentation.EvoClassLoader - Instrumenting class 'net.sf.saxon.regex.Operation$OpEndProgram'.
18:07:37.001 [main] INFO org.evosuite.runtime.instrumentation.MethodCallReplacementClassAdapter - Adding mock interface to class net/sf/saxon/regex/Operation$OpEndProgram
18:07:37.001 [main] INFO org.evosuite.runtime.instrumentation.CreateClassResetClassAdapter - Creating brand-new static initializer in class net/sf/saxon/regex/Operation$OpEndProgram
18:07:37.001 [main] INFO org.evosuite.runtime.instrumentation.EvoClassLoader - Keeping class: net.sf.saxon.regex.Operation$OpEndProgram
18:07:37.001 [main] INFO org.evosuite.runtime.instrumentation.EvoClassLoader - Seeing class for first time: net.sf.saxon.regex.Operation$OpReluctantFixed
18:07:37.001 [main] INFO org.evosuite.runtime.instrumentation.EvoClassLoader - Instrumenting class 'net.sf.saxon.regex.Operation$OpReluctantFixed'.
18:07:37.001 [main] INFO org.evosuite.runtime.instrumentation.MethodCallReplacementClassAdapter - Adding mock interface to class net/sf/saxon/regex/Operation$OpReluctantFixed
18:07:37.001 [main] INFO org.evosuite.runtime.instrumentation.CreateClassResetClassAdapter - Creating brand-new static initializer in class net/sf/saxon/regex/Operation$OpReluctantFixed
18:07:37.001 [main] INFO org.evosuite.runtime.instrumentation.EvoClassLoader - Seeing class for first time: net.sf.saxon.regex.Operation$OpRepeat
18:07:37.001 [main] INFO org.evosuite.runtime.instrumentation.EvoClassLoader - Instrumenting class 'net.sf.saxon.regex.Operation$OpRepeat'.
18:07:37.001 [main] INFO org.evosuite.runtime.instrumentation.MethodCallReplacementClassAdapter - Adding mock interface to class net/sf/saxon/regex/Operation$OpRepeat
18:07:37.002 [main] INFO org.evosuite.runtime.instrumentation.CreateClassResetClassAdapter - Creating brand-new static initializer in class net/sf/saxon/regex/Operation$OpRepeat
18:07:37.002 [main] INFO org.evosuite.runtime.instrumentation.EvoClassLoader - Keeping class: net.sf.saxon.regex.Operation$OpRepeat
18:07:37.002 [main] INFO org.evosuite.runtime.instrumentation.EvoClassLoader - Keeping class: net.sf.saxon.regex.Operation$OpReluctantFixed
18:07:37.002 [main] INFO org.evosuite.runtime.instrumentation.EvoClassLoader - Seeing class for first time: net.sf.saxon.regex.Operation$OpUnambiguousRepeat
18:07:37.002 [main] INFO org.evosuite.runtime.instrumentation.EvoClassLoader - Instrumenting class 'net.sf.saxon.regex.Operation$OpUnambiguousRepeat'.
18:07:37.002 [main] INFO org.evosuite.runtime.instrumentation.MethodCallReplacementClassAdapter - Adding mock interface to class net/sf/saxon/regex/Operation$OpUnambiguousRepeat
18:07:37.002 [main] INFO org.evosuite.runtime.instrumentation.CreateClassResetClassAdapter - Creating brand-new static initializer in class net/sf/saxon/regex/Operation$OpUnambiguousRepeat
18:07:37.002 [main] INFO org.evosuite.runtime.instrumentation.EvoClassLoader - Keeping class: net.sf.saxon.regex.Operation$OpUnambiguousRepeat
18:07:37.002 [main] INFO org.evosuite.runtime.instrumentation.EvoClassLoader - Seeing class for first time: net.sf.saxon.regex.Operation$OpGreedyFixed
18:07:37.002 [main] INFO org.evosuite.runtime.instrumentation.EvoClassLoader - Instrumenting class 'net.sf.saxon.regex.Operation$OpGreedyFixed'.
18:07:37.002 [main] INFO org.evosuite.runtime.instrumentation.MethodCallReplacementClassAdapter - Adding mock interface to class net/sf/saxon/regex/Operation$OpGreedyFixed
18:07:37.003 [main] INFO org.evosuite.runtime.instrumentation.CreateClassResetClassAdapter - Creating brand-new static initializer in class net/sf/saxon/regex/Operation$OpGreedyFixed
18:07:37.003 [main] INFO org.evosuite.runtime.instrumentation.EvoClassLoader - Keeping class: net.sf.saxon.regex.Operation$OpGreedyFixed
18:07:37.003 [main] INFO org.evosuite.runtime.instrumentation.EvoClassLoader - Seeing class for first time: net.sf.saxon.regex.Operation$OpAtom
18:07:37.003 [main] INFO org.evosuite.runtime.instrumentation.EvoClassLoader - Instrumenting class 'net.sf.saxon.regex.Operation$OpAtom'.
18:07:37.003 [main] INFO org.evosuite.runtime.instrumentation.MethodCallReplacementClassAdapter - Adding mock interface to class net/sf/saxon/regex/Operation$OpAtom
18:07:37.003 [main] INFO org.evosuite.runtime.instrumentation.CreateClassResetClassAdapter - Creating brand-new static initializer in class net/sf/saxon/regex/Operation$OpAtom
18:07:37.003 [main] INFO org.evosuite.runtime.instrumentation.EvoClassLoader - Keeping class: net.sf.saxon.regex.Operation$OpAtom
18:07:37.003 [main] INFO org.evosuite.runtime.instrumentation.EvoClassLoader - Seeing class for first time: net.sf.saxon.regex.Operation$OpCharClass
18:07:37.003 [main] INFO org.evosuite.runtime.instrumentation.EvoClassLoader - Instrumenting class 'net.sf.saxon.regex.Operation$OpCharClass'.
18:07:37.004 [main] INFO org.evosuite.runtime.instrumentation.MethodCallReplacementClassAdapter - Adding mock interface to class net/sf/saxon/regex/Operation$OpCharClass
18:07:37.004 [main] INFO org.evosuite.runtime.instrumentation.CreateClassResetClassAdapter - Creating brand-new static initializer in class net/sf/saxon/regex/Operation$OpCharClass
18:07:37.004 [main] INFO org.evosuite.runtime.instrumentation.EvoClassLoader - Keeping class: net.sf.saxon.regex.Operation$OpCharClass
18:07:37.005 [main] INFO org.evosuite.runtime.instrumentation.EvoClassLoader - Seeing class for first time: net.sf.saxon.regex.Operation$OpSequence
18:07:37.005 [main] INFO org.evosuite.runtime.instrumentation.EvoClassLoader - Instrumenting class 'net.sf.saxon.regex.Operation$OpSequence'.
18:07:37.005 [main] INFO org.evosuite.runtime.instrumentation.MethodCallReplacementClassAdapter - Adding mock interface to class net/sf/saxon/regex/Operation$OpSequence
18:07:37.006 [main] INFO org.evosuite.runtime.instrumentation.CreateClassResetClassAdapter - Creating brand-new static initializer in class net/sf/saxon/regex/Operation$OpSequence
18:07:37.007 [main] INFO org.evosuite.runtime.instrumentation.EvoClassLoader - Keeping class: net.sf.saxon.regex.Operation$OpSequence
18:07:37.007 [main] INFO org.evosuite.runtime.instrumentation.EvoClassLoader - Seeing class for first time: net.sf.saxon.regex.RESyntaxException
18:07:37.007 [main] INFO org.evosuite.runtime.instrumentation.EvoClassLoader - Instrumenting class 'net.sf.saxon.regex.RESyntaxException'.
18:07:37.007 [main] INFO org.evosuite.runtime.instrumentation.MethodCallReplacementClassAdapter - Adding mock interface to class net/sf/saxon/regex/RESyntaxException
18:07:37.007 [main] INFO org.evosuite.runtime.instrumentation.CreateClassResetClassAdapter - Creating brand-new static initializer in class net/sf/saxon/regex/RESyntaxException
18:07:37.008 [main] INFO org.evosuite.runtime.instrumentation.EvoClassLoader - Keeping class: net.sf.saxon.regex.RESyntaxException
18:07:37.008 [main] INFO org.evosuite.runtime.instrumentation.EvoClassLoader - Seeing class for first time: net.sf.saxon.functions.FunctionAvailable
18:07:37.008 [main] INFO org.evosuite.runtime.instrumentation.EvoClassLoader - Instrumenting class 'net.sf.saxon.functions.FunctionAvailable'.
18:07:37.008 [main] INFO org.evosuite.runtime.instrumentation.MethodCallReplacementClassAdapter - Adding mock interface to class net/sf/saxon/functions/FunctionAvailable
18:07:37.008 [main] INFO org.evosuite.runtime.instrumentation.CreateClassResetClassAdapter - Creating brand-new static initializer in class net/sf/saxon/functions/FunctionAvailable
18:07:37.009 [main] INFO org.evosuite.runtime.instrumentation.EvoClassLoader - Keeping class: net.sf.saxon.functions.FunctionAvailable
18:07:37.009 [main] INFO org.evosuite.runtime.instrumentation.EvoClassLoader - Seeing class for first time: net.sf.saxon.value.BooleanValue
18:07:37.009 [main] INFO org.evosuite.runtime.instrumentation.EvoClassLoader - Instrumenting class 'net.sf.saxon.value.BooleanValue'.
18:07:37.009 [main] INFO org.evosuite.runtime.instrumentation.MethodCallReplacementClassAdapter - Adding mock interface to class net/sf/saxon/value/BooleanValue
18:07:37.009 [main] INFO org.evosuite.runtime.instrumentation.CreateClassResetClassAdapter - Found static initializer in class net/sf/saxon/value/BooleanValue
18:07:37.010 [main] INFO org.evosuite.runtime.instrumentation.EvoClassLoader - Keeping class: net.sf.saxon.value.BooleanValue
18:07:37.010 [main] INFO org.evosuite.runtime.instrumentation.EvoClassLoader - Seeing class for first time: io.netty.util.ReferenceCountUtil
18:07:37.010 [main] INFO org.evosuite.runtime.instrumentation.EvoClassLoader - Instrumenting class 'io.netty.util.ReferenceCountUtil'.
18:07:37.010 [main] INFO org.evosuite.runtime.instrumentation.MethodCallReplacementClassAdapter - Adding mock interface to class io/netty/util/ReferenceCountUtil
18:07:37.011 [main] INFO org.evosuite.runtime.instrumentation.CreateClassResetClassAdapter - Found static initializer in class io/netty/util/ReferenceCountUtil
18:07:37.011 [main] INFO org.evosuite.runtime.instrumentation.EvoClassLoader - Keeping class: io.netty.util.ReferenceCountUtil
18:07:37.013 [main] INFO org.evosuite.runtime.instrumentation.EvoClassLoader - Seeing class for first time: net.sf.saxon.functions.Unordered
18:07:37.013 [main] INFO org.evosuite.runtime.instrumentation.EvoClassLoader - Instrumenting class 'net.sf.saxon.functions.Unordered'.
18:07:37.014 [main] INFO org.evosuite.runtime.instrumentation.MethodCallReplacementClassAdapter - Adding mock interface to class net/sf/saxon/functions/Unordered
18:07:37.014 [main] INFO org.evosuite.runtime.instrumentation.CreateClassResetClassAdapter - Creating brand-new static initializer in class net/sf/saxon/functions/Unordered
18:07:37.014 [main] INFO org.evosuite.runtime.instrumentation.EvoClassLoader - Keeping class: net.sf.saxon.functions.Unordered
18:07:37.015 [main] INFO org.evosuite.runtime.instrumentation.EvoClassLoader - Seeing class for first time: net.sf.saxon.expr.instruct.NamespaceConstructor
18:07:37.015 [main] INFO org.evosuite.runtime.instrumentation.EvoClassLoader - Instrumenting class 'net.sf.saxon.expr.instruct.NamespaceConstructor'.
18:07:37.016 [main] INFO org.evosuite.runtime.instrumentation.MethodCallReplacementClassAdapter - Adding mock interface to class net/sf/saxon/expr/instruct/NamespaceConstructor
18:07:37.017 [main] INFO org.evosuite.runtime.instrumentation.CreateClassResetClassAdapter - Found static initializer in class net/sf/saxon/expr/instruct/NamespaceConstructor
18:07:37.018 [main] INFO org.evosuite.runtime.instrumentation.EvoClassLoader - Keeping class: net.sf.saxon.expr.instruct.NamespaceConstructor
18:07:37.019 [main] INFO org.evosuite.runtime.instrumentation.EvoClassLoader - Seeing class for first time: net.sf.saxon.event.ContentHandlerProxy$ContentHandlerProxyTraceListener
18:07:37.019 [main] INFO org.evosuite.runtime.instrumentation.EvoClassLoader - Instrumenting class 'net.sf.saxon.event.ContentHandlerProxy$ContentHandlerProxyTraceListener'.
18:07:37.020 [main] INFO org.evosuite.runtime.instrumentation.MethodCallReplacementClassAdapter - Adding mock interface to class net/sf/saxon/event/ContentHandlerProxy$ContentHandlerProxyTraceListener
18:07:37.020 [main] INFO org.evosuite.runtime.instrumentation.CreateClassResetClassAdapter - Creating brand-new static initializer in class net/sf/saxon/event/ContentHandlerProxy$ContentHandlerProxyTraceListener
18:07:37.020 [main] INFO org.evosuite.runtime.instrumentation.EvoClassLoader - Keeping class: net.sf.saxon.event.ContentHandlerProxy$ContentHandlerProxyTraceListener
18:07:37.021 [main] INFO org.evosuite.runtime.instrumentation.EvoClassLoader - Seeing class for first time: net.sf.saxon.expr.sort.SortKeyDefinition
18:07:37.021 [main] INFO org.evosuite.runtime.instrumentation.EvoClassLoader - Instrumenting class 'net.sf.saxon.expr.sort.SortKeyDefinition'.
18:07:37.022 [main] INFO org.evosuite.runtime.instrumentation.MethodCallReplacementClassAdapter - Adding mock interface to class net/sf/saxon/expr/sort/SortKeyDefinition
18:07:37.034 [main] INFO org.evosuite.runtime.instrumentation.CreateClassResetClassAdapter - Creating brand-new static initializer in class net/sf/saxon/expr/sort/SortKeyDefinition
18:07:37.035 [main] INFO org.evosuite.runtime.instrumentation.EvoClassLoader - Keeping class: net.sf.saxon.expr.sort.SortKeyDefinition
18:07:37.036 [main] INFO org.evosuite.runtime.instrumentation.EvoClassLoader - Seeing class for first time: net.sf.saxon.expr.instruct.ForEachGroup
18:07:37.036 [main] INFO org.evosuite.runtime.instrumentation.EvoClassLoader - Instrumenting class 'net.sf.saxon.expr.instruct.ForEachGroup'.
18:07:37.037 [main] INFO org.evosuite.runtime.instrumentation.MethodCallReplacementClassAdapter - Adding mock interface to class net/sf/saxon/expr/instruct/ForEachGroup
18:07:37.053 [main] INFO org.evosuite.runtime.instrumentation.CreateClassResetClassAdapter - Found static initializer in class net/sf/saxon/expr/instruct/ForEachGroup
18:07:37.054 [main] INFO org.evosuite.runtime.instrumentation.EvoClassLoader - Keeping class: net.sf.saxon.expr.instruct.ForEachGroup
18:07:37.056 [main] INFO org.evosuite.runtime.instrumentation.EvoClassLoader - Seeing class for first time: net.sf.saxon.expr.OperandUsage
18:07:37.056 [main] INFO org.evosuite.runtime.instrumentation.EvoClassLoader - Instrumenting class 'net.sf.saxon.expr.OperandUsage'.
18:07:37.056 [main] INFO org.evosuite.runtime.instrumentation.MethodCallReplacementClassAdapter - Adding mock interface to class net/sf/saxon/expr/OperandUsage
18:07:37.057 [main] INFO org.evosuite.runtime.instrumentation.CreateClassResetClassAdapter - Found static initializer in class net/sf/saxon/expr/OperandUsage
18:07:37.057 [main] INFO org.evosuite.runtime.instrumentation.EvoClassLoader - Keeping class: net.sf.saxon.expr.OperandUsage
18:07:37.058 [main] INFO org.evosuite.runtime.instrumentation.EvoClassLoader - Seeing class for first time: net.sf.saxon.value.Cardinality
18:07:37.058 [main] INFO org.evosuite.runtime.instrumentation.EvoClassLoader - Instrumenting class 'net.sf.saxon.value.Cardinality'.
18:07:37.059 [main] INFO org.evosuite.runtime.instrumentation.MethodCallReplacementClassAdapter - Adding mock interface to class net/sf/saxon/value/Cardinality
18:07:37.060 [main] INFO org.evosuite.runtime.instrumentation.CreateClassResetClassAdapter - Creating brand-new static initializer in class net/sf/saxon/value/Cardinality
18:07:37.060 [main] INFO org.evosuite.runtime.instrumentation.EvoClassLoader - Keeping class: net.sf.saxon.value.Cardinality
18:07:37.062 [main] INFO org.evosuite.runtime.instrumentation.EvoClassLoader - Seeing class for first time: net.sf.saxon.expr.parser.ExpressionTool
18:07:37.062 [main] INFO org.evosuite.runtime.instrumentation.EvoClassLoader - Instrumenting class 'net.sf.saxon.expr.parser.ExpressionTool'.
18:07:37.064 [main] INFO org.evosuite.runtime.instrumentation.MethodCallReplacementClassAdapter - Adding mock interface to class net/sf/saxon/expr/parser/ExpressionTool
18:07:37.089 [main] INFO org.evosuite.runtime.instrumentation.CreateClassResetClassAdapter - Found static initializer in class net/sf/saxon/expr/parser/ExpressionTool
18:07:37.091 [main] INFO org.evosuite.runtime.instrumentation.EvoClassLoader - Keeping class: net.sf.saxon.expr.parser.ExpressionTool
18:07:37.091 [main] INFO org.evosuite.runtime.instrumentation.EvoClassLoader - Seeing class for first time: net.sf.saxon.expr.SlashExpression
18:07:37.091 [main] INFO org.evosuite.runtime.instrumentation.EvoClassLoader - Instrumenting class 'net.sf.saxon.expr.SlashExpression'.
18:07:37.092 [main] INFO org.evosuite.runtime.instrumentation.MethodCallReplacementClassAdapter - Adding mock interface to class net/sf/saxon/expr/SlashExpression
18:07:37.110 [main] INFO org.evosuite.runtime.instrumentation.CreateClassResetClassAdapter - Creating brand-new static initializer in class net/sf/saxon/expr/SlashExpression
18:07:37.111 [main] INFO org.evosuite.runtime.instrumentation.EvoClassLoader - Keeping class: net.sf.saxon.expr.SlashExpression
18:07:37.111 [main] INFO org.evosuite.runtime.instrumentation.EvoClassLoader - Seeing class for first time: net.sf.saxon.expr.VariableReference
18:07:37.111 [main] INFO org.evosuite.runtime.instrumentation.EvoClassLoader - Instrumenting class 'net.sf.saxon.expr.VariableReference'.
18:07:37.112 [main] INFO org.evosuite.runtime.instrumentation.MethodCallReplacementClassAdapter - Adding mock interface to class net/sf/saxon/expr/VariableReference
18:07:37.115 [main] INFO org.evosuite.runtime.instrumentation.CreateClassResetClassAdapter - Found static initializer in class net/sf/saxon/expr/VariableReference
18:07:37.116 [main] INFO org.evosuite.runtime.instrumentation.EvoClassLoader - Keeping class: net.sf.saxon.expr.VariableReference
18:07:37.116 [main] INFO org.evosuite.runtime.instrumentation.EvoClassLoader - Seeing class for first time: net.sf.saxon.expr.CurrentItemExpression
18:07:37.116 [main] INFO org.evosuite.runtime.instrumentation.EvoClassLoader - Instrumenting class 'net.sf.saxon.expr.CurrentItemExpression'.
18:07:37.117 [main] INFO org.evosuite.runtime.instrumentation.MethodCallReplacementClassAdapter - Adding mock interface to class net/sf/saxon/expr/CurrentItemExpression
18:07:37.117 [main] INFO org.evosuite.runtime.instrumentation.CreateClassResetClassAdapter - Creating brand-new static initializer in class net/sf/saxon/expr/CurrentItemExpression
18:07:37.117 [main] INFO org.evosuite.runtime.instrumentation.EvoClassLoader - Keeping class: net.sf.saxon.expr.CurrentItemExpression
18:07:37.118 [main] INFO org.evosuite.runtime.instrumentation.EvoClassLoader - Seeing class for first time: net.sf.saxon.expr.TailExpression
18:07:37.118 [main] INFO org.evosuite.runtime.instrumentation.EvoClassLoader - Instrumenting class 'net.sf.saxon.expr.TailExpression'.
18:07:37.118 [main] INFO org.evosuite.runtime.instrumentation.MethodCallReplacementClassAdapter - Adding mock interface to class net/sf/saxon/expr/TailExpression
18:07:37.119 [main] INFO org.evosuite.runtime.instrumentation.CreateClassResetClassAdapter - Creating brand-new static initializer in class net/sf/saxon/expr/TailExpression
18:07:37.119 [main] INFO org.evosuite.runtime.instrumentation.EvoClassLoader - Keeping class: net.sf.saxon.expr.TailExpression
18:07:37.119 [main] INFO org.evosuite.runtime.instrumentation.EvoClassLoader - Seeing class for first time: net.sf.saxon.expr.LocalVariableReference
18:07:37.119 [main] INFO org.evosuite.runtime.instrumentation.EvoClassLoader - Instrumenting class 'net.sf.saxon.expr.LocalVariableReference'.
18:07:37.120 [main] INFO org.evosuite.runtime.instrumentation.MethodCallReplacementClassAdapter - Adding mock interface to class net/sf/saxon/expr/LocalVariableReference
18:07:37.122 [main] INFO org.evosuite.runtime.instrumentation.CreateClassResetClassAdapter - Creating brand-new static initializer in class net/sf/saxon/expr/LocalVariableReference
18:07:37.122 [main] INFO org.evosuite.runtime.instrumentation.EvoClassLoader - Keeping class: net.sf.saxon.expr.LocalVariableReference
18:07:37.122 [main] INFO org.evosuite.runtime.instrumentation.EvoClassLoader - Seeing class for first time: net.sf.saxon.expr.sort.DocumentSorter
18:07:37.122 [main] INFO org.evosuite.runtime.instrumentation.EvoClassLoader - Instrumenting class 'net.sf.saxon.expr.sort.DocumentSorter'.
18:07:37.123 [main] INFO org.evosuite.runtime.instrumentation.MethodCallReplacementClassAdapter - Adding mock interface to class net/sf/saxon/expr/sort/DocumentSorter
18:07:37.124 [main] INFO org.evosuite.runtime.instrumentation.CreateClassResetClassAdapter - Creating brand-new static initializer in class net/sf/saxon/expr/sort/DocumentSorter
18:07:37.124 [main] INFO org.evosuite.runtime.instrumentation.EvoClassLoader - Keeping class: net.sf.saxon.expr.sort.DocumentSorter
18:07:37.125 [main] INFO org.evosuite.runtime.instrumentation.EvoClassLoader - Seeing class for first time: net.sf.saxon.expr.GlobalVariableReference
18:07:37.125 [main] INFO org.evosuite.runtime.instrumentation.EvoClassLoader - Instrumenting class 'net.sf.saxon.expr.GlobalVariableReference'.
18:07:37.125 [main] INFO org.evosuite.runtime.instrumentation.MethodCallReplacementClassAdapter - Adding mock interface to class net/sf/saxon/expr/GlobalVariableReference
18:07:37.126 [main] INFO org.evosuite.runtime.instrumentation.CreateClassResetClassAdapter - Creating brand-new static initializer in class net/sf/saxon/expr/GlobalVariableReference
18:07:37.126 [main] INFO org.evosuite.runtime.instrumentation.EvoClassLoader - Keeping class: net.sf.saxon.expr.GlobalVariableReference
18:07:37.126 [main] INFO org.evosuite.runtime.instrumentation.EvoClassLoader - Seeing class for first time: net.sf.saxon.expr.parser.Evaluator
18:07:37.126 [main] INFO org.evosuite.runtime.instrumentation.EvoClassLoader - Instrumenting class 'net.sf.saxon.expr.parser.Evaluator'.
18:07:37.127 [main] INFO org.evosuite.runtime.instrumentation.MethodCallReplacementClassAdapter - Adding mock interface to class net/sf/saxon/expr/parser/Evaluator
18:07:37.127 [main] INFO org.evosuite.runtime.instrumentation.CreateClassResetClassAdapter - Found static initializer in class net/sf/saxon/expr/parser/Evaluator
18:07:37.128 [main] INFO org.evosuite.runtime.instrumentation.EvoClassLoader - Keeping class: net.sf.saxon.expr.parser.Evaluator
18:07:37.128 [main] INFO org.evosuite.runtime.instrumentation.EvoClassLoader - Seeing class for first time: net.sf.saxon.expr.parser.ExpressionAction
18:07:37.128 [main] INFO org.evosuite.runtime.instrumentation.EvoClassLoader - Instrumenting class 'net.sf.saxon.expr.parser.ExpressionAction'.
18:07:37.129 [main] INFO org.evosuite.runtime.instrumentation.EvoClassLoader - Keeping class: net.sf.saxon.expr.parser.ExpressionAction
18:07:37.129 [main] INFO org.evosuite.runtime.instrumentation.EvoClassLoader - Seeing class for first time: net.sf.saxon.expr.parser.ExpressionTool$ExpressionSelector
18:07:37.129 [main] INFO org.evosuite.runtime.instrumentation.EvoClassLoader - Instrumenting class 'net.sf.saxon.expr.parser.ExpressionTool$ExpressionSelector'.
18:07:37.130 [main] INFO org.evosuite.runtime.instrumentation.EvoClassLoader - Keeping class: net.sf.saxon.expr.parser.ExpressionTool$ExpressionSelector
18:07:37.131 [main] INFO org.evosuite.runtime.instrumentation.EvoClassLoader - Seeing class for first time: io.netty.util.ResourceLeakDetector$TraceRecord
18:07:37.131 [main] INFO org.evosuite.runtime.instrumentation.EvoClassLoader - Instrumenting class 'io.netty.util.ResourceLeakDetector$TraceRecord'.
18:07:37.131 [main] INFO org.evosuite.runtime.instrumentation.MethodCallReplacementClassAdapter - Adding mock interface to class io/netty/util/ResourceLeakDetector$TraceRecord
18:07:37.132 [main] INFO org.evosuite.runtime.instrumentation.CreateClassResetClassAdapter - Found static initializer in class io/netty/util/ResourceLeakDetector$TraceRecord
18:07:37.133 [main] INFO org.evosuite.runtime.instrumentation.EvoClassLoader - Keeping class: io.netty.util.ResourceLeakDetector$TraceRecord
18:07:37.133 [main] INFO org.evosuite.runtime.instrumentation.EvoClassLoader - Seeing class for first time: io.netty.util.ResourceLeakDetector$TraceRecord$1
18:07:37.133 [main] INFO org.evosuite.runtime.instrumentation.EvoClassLoader - Instrumenting class 'io.netty.util.ResourceLeakDetector$TraceRecord$1'.
18:07:37.134 [main] INFO org.evosuite.runtime.instrumentation.MethodCallReplacementClassAdapter - Adding mock interface to class io/netty/util/ResourceLeakDetector$TraceRecord$1
18:07:37.134 [main] INFO org.evosuite.runtime.instrumentation.EvoClassLoader - Keeping class: io.netty.util.ResourceLeakDetector$TraceRecord$1
18:07:37.135 [main] INFO org.evosuite.runtime.instrumentation.EvoClassLoader - Seeing class for first time: net.sf.saxon.expr.flwor.Clause
18:07:37.135 [main] INFO org.evosuite.runtime.instrumentation.EvoClassLoader - Instrumenting class 'net.sf.saxon.expr.flwor.Clause'.
18:07:37.136 [main] INFO org.evosuite.runtime.instrumentation.MethodCallReplacementClassAdapter - Adding mock interface to class net/sf/saxon/expr/flwor/Clause
18:07:37.136 [main] INFO org.evosuite.runtime.instrumentation.CreateClassResetClassAdapter - Creating brand-new static initializer in class net/sf/saxon/expr/flwor/Clause
18:07:37.136 [main] INFO org.evosuite.runtime.instrumentation.CreateClassResetClassAdapter - Adding bytecode for initializing field FOR
18:07:37.136 [main] INFO org.evosuite.runtime.instrumentation.CreateClassResetClassAdapter - Adding bytecode for initializing field LET
18:07:37.136 [main] INFO org.evosuite.runtime.instrumentation.CreateClassResetClassAdapter - Adding bytecode for initializing field WINDOW
18:07:37.136 [main] INFO org.evosuite.runtime.instrumentation.CreateClassResetClassAdapter - Adding bytecode for initializing field GROUPBYCLAUSE
18:07:37.136 [main] INFO org.evosuite.runtime.instrumentation.CreateClassResetClassAdapter - Adding bytecode for initializing field COUNT
18:07:37.136 [main] INFO org.evosuite.runtime.instrumentation.CreateClassResetClassAdapter - Adding bytecode for initializing field ORDERBYCLAUSE
18:07:37.136 [main] INFO org.evosuite.runtime.instrumentation.CreateClassResetClassAdapter - Adding bytecode for initializing field WHERE
18:07:37.136 [main] INFO org.evosuite.runtime.instrumentation.CreateClassResetClassAdapter - Adding bytecode for initializing field TRACE
18:07:37.137 [main] INFO org.evosuite.runtime.instrumentation.EvoClassLoader - Defined package (3): package net.sf.saxon.expr.flwor, 1844080906
18:07:37.137 [main] INFO org.evosuite.runtime.instrumentation.EvoClassLoader - Keeping class: net.sf.saxon.expr.flwor.Clause
18:07:37.137 [main] INFO org.evosuite.runtime.instrumentation.EvoClassLoader - Seeing class for first time: net.sf.saxon.expr.flwor.LocalVariableBinding
18:07:37.137 [main] INFO org.evosuite.runtime.instrumentation.EvoClassLoader - Instrumenting class 'net.sf.saxon.expr.flwor.LocalVariableBinding'.
18:07:37.138 [main] INFO org.evosuite.runtime.instrumentation.MethodCallReplacementClassAdapter - Adding mock interface to class net/sf/saxon/expr/flwor/LocalVariableBinding
18:07:37.138 [main] INFO org.evosuite.runtime.instrumentation.CreateClassResetClassAdapter - Creating brand-new static initializer in class net/sf/saxon/expr/flwor/LocalVariableBinding
18:07:37.139 [main] INFO org.evosuite.runtime.instrumentation.EvoClassLoader - Keeping class: net.sf.saxon.expr.flwor.LocalVariableBinding
18:07:37.139 [main] INFO org.evosuite.runtime.instrumentation.EvoClassLoader - Seeing class for first time: net.sf.saxon.expr.flwor.TuplePull
18:07:37.139 [main] INFO org.evosuite.runtime.instrumentation.EvoClassLoader - Instrumenting class 'net.sf.saxon.expr.flwor.TuplePull'.
18:07:37.139 [main] INFO org.evosuite.runtime.instrumentation.MethodCallReplacementClassAdapter - Adding mock interface to class net/sf/saxon/expr/flwor/TuplePull
18:07:37.140 [main] INFO org.evosuite.runtime.instrumentation.CreateClassResetClassAdapter - Creating brand-new static initializer in class net/sf/saxon/expr/flwor/TuplePull
18:07:37.140 [main] INFO org.evosuite.runtime.instrumentation.EvoClassLoader - Keeping class: net.sf.saxon.expr.flwor.TuplePull
18:07:37.140 [main] INFO org.evosuite.runtime.instrumentation.EvoClassLoader - Seeing class for first time: net.sf.saxon.expr.flwor.TuplePush
18:07:37.140 [main] INFO org.evosuite.runtime.instrumentation.EvoClassLoader - Instrumenting class 'net.sf.saxon.expr.flwor.TuplePush'.
18:07:37.140 [main] INFO org.evosuite.runtime.instrumentation.MethodCallReplacementClassAdapter - Adding mock interface to class net/sf/saxon/expr/flwor/TuplePush
18:07:37.140 [main] INFO org.evosuite.runtime.instrumentation.CreateClassResetClassAdapter - Creating brand-new static initializer in class net/sf/saxon/expr/flwor/TuplePush
18:07:37.141 [main] INFO org.evosuite.runtime.instrumentation.EvoClassLoader - Keeping class: net.sf.saxon.expr.flwor.TuplePush
18:07:37.141 [main] INFO org.evosuite.runtime.instrumentation.EvoClassLoader - Seeing class for first time: net.sf.saxon.expr.flwor.OperandProcessor
18:07:37.141 [main] INFO org.evosuite.runtime.instrumentation.EvoClassLoader - Instrumenting class 'net.sf.saxon.expr.flwor.OperandProcessor'.
18:07:37.141 [main] INFO org.evosuite.runtime.instrumentation.EvoClassLoader - Keeping class: net.sf.saxon.expr.flwor.OperandProcessor
18:07:37.141 [main] INFO org.evosuite.runtime.instrumentation.EvoClassLoader - Seeing class for first time: net.sf.saxon.expr.flwor.FLWORExpression
18:07:37.141 [main] INFO org.evosuite.runtime.instrumentation.EvoClassLoader - Instrumenting class 'net.sf.saxon.expr.flwor.FLWORExpression'.
18:07:37.143 [main] INFO org.evosuite.runtime.instrumentation.MethodCallReplacementClassAdapter - Adding mock interface to class net/sf/saxon/expr/flwor/FLWORExpression
18:07:37.204 [main] INFO org.evosuite.runtime.instrumentation.CreateClassResetClassAdapter - Found static initializer in class net/sf/saxon/expr/flwor/FLWORExpression
18:07:37.205 [main] INFO org.evosuite.runtime.instrumentation.EvoClassLoader - Keeping class: net.sf.saxon.expr.flwor.FLWORExpression
18:07:37.206 [main] INFO org.evosuite.runtime.instrumentation.EvoClassLoader - Seeing class for first time: net.sf.saxon.expr.flwor.ForClause
18:07:37.206 [main] INFO org.evosuite.runtime.instrumentation.EvoClassLoader - Instrumenting class 'net.sf.saxon.expr.flwor.ForClause'.
18:07:37.206 [main] INFO org.evosuite.runtime.instrumentation.MethodCallReplacementClassAdapter - Adding mock interface to class net/sf/saxon/expr/flwor/ForClause
18:07:37.210 [main] INFO org.evosuite.runtime.instrumentation.CreateClassResetClassAdapter - Found static initializer in class net/sf/saxon/expr/flwor/ForClause
18:07:37.211 [main] INFO org.evosuite.runtime.instrumentation.EvoClassLoader - Keeping class: net.sf.saxon.expr.flwor.ForClause
18:07:37.211 [main] INFO org.evosuite.runtime.instrumentation.EvoClassLoader - Seeing class for first time: net.sf.saxon.expr.FilterExpression
18:07:37.211 [main] INFO org.evosuite.runtime.instrumentation.EvoClassLoader - Instrumenting class 'net.sf.saxon.expr.FilterExpression'.
18:07:37.213 [main] INFO org.evosuite.runtime.instrumentation.MethodCallReplacementClassAdapter - Adding mock interface to class net/sf/saxon/expr/FilterExpression
18:07:37.223 [main] INFO org.evosuite.runtime.instrumentation.CreateClassResetClassAdapter - Found static initializer in class net/sf/saxon/expr/FilterExpression
18:07:37.224 [main] INFO org.evosuite.runtime.instrumentation.EvoClassLoader - Keeping class: net.sf.saxon.expr.FilterExpression
18:07:37.224 [main] INFO org.evosuite.runtime.instrumentation.EvoClassLoader - Seeing class for first time: net.sf.saxon.expr.flwor.ForClauseOuterPull
18:07:37.224 [main] INFO org.evosuite.runtime.instrumentation.EvoClassLoader - Instrumenting class 'net.sf.saxon.expr.flwor.ForClauseOuterPull'.
18:07:37.225 [main] INFO org.evosuite.runtime.instrumentation.MethodCallReplacementClassAdapter - Adding mock interface to class net/sf/saxon/expr/flwor/ForClauseOuterPull
18:07:37.225 [main] INFO org.evosuite.runtime.instrumentation.CreateClassResetClassAdapter - Creating brand-new static initializer in class net/sf/saxon/expr/flwor/ForClauseOuterPull
18:07:37.225 [main] INFO org.evosuite.runtime.instrumentation.EvoClassLoader - Seeing class for first time: net.sf.saxon.expr.flwor.ForClausePull
18:07:37.225 [main] INFO org.evosuite.runtime.instrumentation.EvoClassLoader - Instrumenting class 'net.sf.saxon.expr.flwor.ForClausePull'.
18:07:37.226 [main] INFO org.evosuite.runtime.instrumentation.MethodCallReplacementClassAdapter - Adding mock interface to class net/sf/saxon/expr/flwor/ForClausePull
18:07:37.226 [main] INFO org.evosuite.runtime.instrumentation.CreateClassResetClassAdapter - Creating brand-new static initializer in class net/sf/saxon/expr/flwor/ForClausePull
18:07:37.226 [main] INFO org.evosuite.runtime.instrumentation.EvoClassLoader - Keeping class: net.sf.saxon.expr.flwor.ForClausePull
18:07:37.226 [main] INFO org.evosuite.runtime.instrumentation.EvoClassLoader - Keeping class: net.sf.saxon.expr.flwor.ForClauseOuterPull
18:07:37.226 [main] INFO org.evosuite.runtime.instrumentation.EvoClassLoader - Seeing class for first time: net.sf.saxon.expr.flwor.ForClauseOuterPush
18:07:37.226 [main] INFO org.evosuite.runtime.instrumentation.EvoClassLoader - Instrumenting class 'net.sf.saxon.expr.flwor.ForClauseOuterPush'.
18:07:37.226 [main] INFO org.evosuite.runtime.instrumentation.MethodCallReplacementClassAdapter - Adding mock interface to class net/sf/saxon/expr/flwor/ForClauseOuterPush
18:07:37.227 [main] INFO org.evosuite.runtime.instrumentation.CreateClassResetClassAdapter - Creating brand-new static initializer in class net/sf/saxon/expr/flwor/ForClauseOuterPush
18:07:37.227 [main] INFO org.evosuite.runtime.instrumentation.EvoClassLoader - Keeping class: net.sf.saxon.expr.flwor.ForClauseOuterPush
18:07:37.227 [main] INFO org.evosuite.runtime.instrumentation.EvoClassLoader - Seeing class for first time: net.sf.saxon.expr.flwor.ForClausePush
18:07:37.227 [main] INFO org.evosuite.runtime.instrumentation.EvoClassLoader - Instrumenting class 'net.sf.saxon.expr.flwor.ForClausePush'.
18:07:37.227 [main] INFO org.evosuite.runtime.instrumentation.MethodCallReplacementClassAdapter - Adding mock interface to class net/sf/saxon/expr/flwor/ForClausePush
18:07:37.227 [main] INFO org.evosuite.runtime.instrumentation.CreateClassResetClassAdapter - Creating brand-new static initializer in class net/sf/saxon/expr/flwor/ForClausePush
18:07:37.228 [main] INFO org.evosuite.runtime.instrumentation.EvoClassLoader - Keeping class: net.sf.saxon.expr.flwor.ForClausePush
18:07:37.228 [main] INFO org.evosuite.runtime.instrumentation.EvoClassLoader - Seeing class for first time: io.netty.util.internal.CleanerJava6$2
18:07:37.228 [main] INFO org.evosuite.runtime.instrumentation.EvoClassLoader - Instrumenting class 'io.netty.util.internal.CleanerJava6$2'.
18:07:37.229 [main] INFO org.evosuite.runtime.instrumentation.MethodCallReplacementClassAdapter - Adding mock interface to class io/netty/util/internal/CleanerJava6$2
18:07:37.229 [main] INFO org.evosuite.runtime.instrumentation.EvoClassLoader - Keeping class: io.netty.util.internal.CleanerJava6$2
18:07:37.230 [main] INFO org.evosuite.runtime.instrumentation.EvoClassLoader - Seeing class for first time: net.sf.saxon.expr.instruct.BreakInstr
18:07:37.230 [main] INFO org.evosuite.runtime.instrumentation.EvoClassLoader - Instrumenting class 'net.sf.saxon.expr.instruct.BreakInstr'.
18:07:37.230 [main] INFO org.evosuite.runtime.instrumentation.MethodCallReplacementClassAdapter - Adding mock interface to class net/sf/saxon/expr/instruct/BreakInstr
18:07:37.230 [main] INFO org.evosuite.runtime.instrumentation.CreateClassResetClassAdapter - Creating brand-new static initializer in class net/sf/saxon/expr/instruct/BreakInstr
18:07:37.231 [main] INFO org.evosuite.runtime.instrumentation.EvoClassLoader - Keeping class: net.sf.saxon.expr.instruct.BreakInstr
18:07:37.231 [main] INFO org.evosuite.runtime.instrumentation.EvoClassLoader - Seeing class for first time: io.netty.buffer.HeapByteBufUtil
18:07:37.231 [main] INFO org.evosuite.runtime.instrumentation.EvoClassLoader - Instrumenting class 'io.netty.buffer.HeapByteBufUtil'.
18:07:37.232 [main] INFO org.evosuite.runtime.instrumentation.MethodCallReplacementClassAdapter - Adding mock interface to class io/netty/buffer/HeapByteBufUtil
18:07:37.232 [main] INFO org.evosuite.runtime.instrumentation.CreateClassResetClassAdapter - Creating brand-new static initializer in class io/netty/buffer/HeapByteBufUtil
18:07:37.232 [main] INFO org.evosuite.runtime.instrumentation.EvoClassLoader - Keeping class: io.netty.buffer.HeapByteBufUtil
18:07:37.234 [main] INFO org.evosuite.runtime.instrumentation.EvoClassLoader - Seeing class for first time: net.sf.saxon.expr.instruct.FixedAttribute
18:07:37.234 [main] INFO org.evosuite.runtime.instrumentation.EvoClassLoader - Instrumenting class 'net.sf.saxon.expr.instruct.FixedAttribute'.
18:07:37.234 [main] INFO org.evosuite.runtime.instrumentation.MethodCallReplacementClassAdapter - Adding mock interface to class net/sf/saxon/expr/instruct/FixedAttribute
18:07:37.235 [main] INFO org.evosuite.runtime.instrumentation.CreateClassResetClassAdapter - Found static initializer in class net/sf/saxon/expr/instruct/FixedAttribute
18:07:37.236 [main] INFO org.evosuite.runtime.instrumentation.EvoClassLoader - Seeing class for first time: net.sf.saxon.expr.instruct.AttributeCreator
18:07:37.236 [main] INFO org.evosuite.runtime.instrumentation.EvoClassLoader - Instrumenting class 'net.sf.saxon.expr.instruct.AttributeCreator'.
18:07:37.236 [main] INFO org.evosuite.runtime.instrumentation.MethodCallReplacementClassAdapter - Adding mock interface to class net/sf/saxon/expr/instruct/AttributeCreator
18:07:37.238 [main] INFO org.evosuite.runtime.instrumentation.CreateClassResetClassAdapter - Found static initializer in class net/sf/saxon/expr/instruct/AttributeCreator
18:07:37.239 [main] INFO org.evosuite.runtime.instrumentation.EvoClassLoader - Keeping class: net.sf.saxon.expr.instruct.AttributeCreator
18:07:37.239 [main] INFO org.evosuite.runtime.instrumentation.EvoClassLoader - Keeping class: net.sf.saxon.expr.instruct.FixedAttribute
18:07:37.239 [main] INFO org.evosuite.runtime.instrumentation.EvoClassLoader - Seeing class for first time: net.sf.saxon.expr.instruct.TraceExpression
18:07:37.239 [main] INFO org.evosuite.runtime.instrumentation.EvoClassLoader - Instrumenting class 'net.sf.saxon.expr.instruct.TraceExpression'.
18:07:37.240 [main] INFO org.evosuite.runtime.instrumentation.MethodCallReplacementClassAdapter - Adding mock interface to class net/sf/saxon/expr/instruct/TraceExpression
18:07:37.241 [main] INFO org.evosuite.runtime.instrumentation.CreateClassResetClassAdapter - Found static initializer in class net/sf/saxon/expr/instruct/TraceExpression
18:07:37.242 [main] INFO org.evosuite.runtime.instrumentation.EvoClassLoader - Keeping class: net.sf.saxon.expr.instruct.TraceExpression
18:07:37.242 [main] INFO org.evosuite.runtime.instrumentation.EvoClassLoader - Seeing class for first time: net.sf.saxon.expr.instruct.FixedElement
18:07:37.242 [main] INFO org.evosuite.runtime.instrumentation.EvoClassLoader - Instrumenting class 'net.sf.saxon.expr.instruct.FixedElement'.
18:07:37.243 [main] INFO org.evosuite.runtime.instrumentation.MethodCallReplacementClassAdapter - Adding mock interface to class net/sf/saxon/expr/instruct/FixedElement
18:07:37.247 [main] INFO org.evosuite.runtime.instrumentation.CreateClassResetClassAdapter - Creating brand-new static initializer in class net/sf/saxon/expr/instruct/FixedElement
18:07:37.248 [main] INFO org.evosuite.runtime.instrumentation.EvoClassLoader - Seeing class for first time: net.sf.saxon.expr.instruct.ElementCreator
18:07:37.248 [main] INFO org.evosuite.runtime.instrumentation.EvoClassLoader - Instrumenting class 'net.sf.saxon.expr.instruct.ElementCreator'.
18:07:37.248 [main] INFO org.evosuite.runtime.instrumentation.MethodCallReplacementClassAdapter - Adding mock interface to class net/sf/saxon/expr/instruct/ElementCreator
18:07:37.255 [main] INFO org.evosuite.runtime.instrumentation.CreateClassResetClassAdapter - Creating brand-new static initializer in class net/sf/saxon/expr/instruct/ElementCreator
18:07:37.255 [main] INFO org.evosuite.runtime.instrumentation.EvoClassLoader - Keeping class: net.sf.saxon.expr.instruct.ElementCreator
18:07:37.255 [main] INFO org.evosuite.runtime.instrumentation.EvoClassLoader - Keeping class: net.sf.saxon.expr.instruct.FixedElement
18:07:37.256 [main] INFO org.evosuite.runtime.instrumentation.EvoClassLoader - Seeing class for first time: net.sf.saxon.expr.instruct.Choose
18:07:37.256 [main] INFO org.evosuite.runtime.instrumentation.EvoClassLoader - Instrumenting class 'net.sf.saxon.expr.instruct.Choose'.
18:07:37.257 [main] INFO org.evosuite.runtime.instrumentation.MethodCallReplacementClassAdapter - Adding mock interface to class net/sf/saxon/expr/instruct/Choose
18:07:37.259 [main] INFO org.evosuite.runtime.instrumentation.CreateClassResetClassAdapter - Found static initializer in class net/sf/saxon/expr/instruct/Choose
18:07:37.260 [main] INFO org.evosuite.runtime.instrumentation.EvoClassLoader - Seeing class for first time: net.sf.saxon.expr.instruct.ConditionalInstruction
18:07:37.260 [main] INFO org.evosuite.runtime.instrumentation.EvoClassLoader - Instrumenting class 'net.sf.saxon.expr.instruct.ConditionalInstruction'.
18:07:37.260 [main] INFO org.evosuite.runtime.instrumentation.EvoClassLoader - Keeping class: net.sf.saxon.expr.instruct.ConditionalInstruction
18:07:37.261 [main] INFO org.evosuite.runtime.instrumentation.EvoClassLoader - Keeping class: net.sf.saxon.expr.instruct.Choose
18:07:37.262 [main] INFO org.evosuite.runtime.instrumentation.EvoClassLoader - Seeing class for first time: net.sf.saxon.query.QueryLibrary
18:07:37.262 [main] INFO org.evosuite.runtime.instrumentation.EvoClassLoader - Instrumenting class 'net.sf.saxon.query.QueryLibrary'.
18:07:37.262 [main] INFO org.evosuite.runtime.instrumentation.MethodCallReplacementClassAdapter - Adding mock interface to class net/sf/saxon/query/QueryLibrary
18:07:37.262 [main] INFO org.evosuite.runtime.instrumentation.CreateClassResetClassAdapter - Creating brand-new static initializer in class net/sf/saxon/query/QueryLibrary
18:07:37.262 [main] INFO org.evosuite.runtime.instrumentation.EvoClassLoader - Keeping class: net.sf.saxon.query.QueryLibrary
]]></system-out>
  </testcase>
  <testcase name="test60" classname="io.netty.handler.codec.http.multipart.AbstractDiskHttpData_ESTest" time="0.049">
    <system-out><![CDATA[18:07:37.272 [main] DEBUG io.netty.util.internal.logging.InternalLoggerFactory - Using SLF4J as the default logging framework
18:07:37.272 [main] DEBUG io.netty.util.internal.PlatformDependent0 - -Dio.netty.noUnsafe: false
18:07:37.272 [main] DEBUG io.netty.util.internal.PlatformDependent0 - Java version: 8
18:07:37.272 [main] DEBUG io.netty.util.internal.PlatformDependent0 - sun.misc.Unsafe.theUnsafe: available
18:07:37.272 [main] DEBUG io.netty.util.internal.PlatformDependent0 - sun.misc.Unsafe.copyMemory: available
18:07:37.272 [main] DEBUG io.netty.util.internal.PlatformDependent0 - sun.misc.Unsafe.storeFence: available
18:07:37.272 [main] DEBUG io.netty.util.internal.PlatformDependent0 - java.nio.Buffer.address: available
18:07:37.273 [main] DEBUG io.netty.util.internal.PlatformDependent0 - direct buffer constructor: available
18:07:37.273 [main] DEBUG io.netty.util.internal.PlatformDependent0 - java.nio.Bits.unaligned: available, true
18:07:37.273 [main] DEBUG io.netty.util.internal.PlatformDependent0 - jdk.internal.misc.Unsafe.allocateUninitializedArray(int): unavailable prior to Java9
18:07:37.273 [main] DEBUG io.netty.util.internal.PlatformDependent0 - java.nio.DirectByteBuffer.<init>(long, {int,long}): available
18:07:37.273 [main] DEBUG io.netty.util.internal.CleanerJava6 - java.nio.ByteBuffer.cleaner(): available
18:07:37.273 [main] DEBUG io.netty.util.internal.PlatformDependent - sun.misc.Unsafe: available
18:07:37.273 [main] DEBUG io.netty.util.internal.PlatformDependent - -Dio.netty.tmpdir: /tmp (java.io.tmpdir)
18:07:37.273 [main] DEBUG io.netty.util.internal.PlatformDependent - -Dio.netty.bitMode: 64 (sun.arch.data.model)
18:07:37.273 [main] DEBUG io.netty.util.internal.PlatformDependent - -Dio.netty.maxDirectMemory: 11420041216 bytes
18:07:37.273 [main] DEBUG io.netty.util.internal.PlatformDependent - -Dio.netty.uninitializedArrayAllocationThreshold: -1
18:07:37.273 [main] DEBUG io.netty.util.internal.PlatformDependent - -Dio.netty.noPreferDirect: false
18:07:37.275 [main] DEBUG io.netty.util.internal.CleanerJava9 - java.nio.ByteBuffer.cleaner(): unavailable
java.lang.NoSuchMethodException: sun.misc.Unsafe.invokeCleaner(java.nio.ByteBuffer)
	at java.lang.Class.getDeclaredMethod(Class.java:2130)
	at io.netty.util.internal.CleanerJava9$1.run(CleanerJava9.java:45)
	at java.security.AccessController.doPrivileged(Native Method)
	at io.netty.util.internal.CleanerJava9.__STATIC_RESET(CleanerJava9.java:40)
	at sun.reflect.NativeMethodAccessorImpl.invoke0(Native Method)
	at sun.reflect.NativeMethodAccessorImpl.invoke(NativeMethodAccessorImpl.java:62)
	at sun.reflect.DelegatingMethodAccessorImpl.invoke(DelegatingMethodAccessorImpl.java:43)
	at java.lang.reflect.Method.invoke(Method.java:498)
	at org.evosuite.runtime.classhandling.ClassResetter.reset(ClassResetter.java:159)
	at org.evosuite.runtime.classhandling.ClassStateSupport.resetClasses(ClassStateSupport.java:137)
	at io.netty.handler.codec.http.multipart.AbstractDiskHttpData_ESTest_scaffolding.resetClasses(AbstractDiskHttpData_ESTest_scaffolding.java:318)
	at io.netty.handler.codec.http.multipart.AbstractDiskHttpData_ESTest_scaffolding.doneWithTestCase(AbstractDiskHttpData_ESTest_scaffolding.java:74)
	at sun.reflect.NativeMethodAccessorImpl.invoke0(Native Method)
	at sun.reflect.NativeMethodAccessorImpl.invoke(NativeMethodAccessorImpl.java:62)
	at sun.reflect.DelegatingMethodAccessorImpl.invoke(DelegatingMethodAccessorImpl.java:43)
	at java.lang.reflect.Method.invoke(Method.java:498)
	at org.junit.runners.model.FrameworkMethod$1.runReflectiveCall(FrameworkMethod.java:59)
	at org.junit.internal.runners.model.ReflectiveCallable.run(ReflectiveCallable.java:12)
	at org.junit.runners.model.FrameworkMethod.invokeExplosively(FrameworkMethod.java:56)
	at org.junit.internal.runners.statements.RunAfters.invokeMethod(RunAfters.java:46)
	at org.junit.internal.runners.statements.RunAfters.evaluate(RunAfters.java:33)
	at org.evosuite.runtime.vnet.NonFunctionalRequirementRule$1.evaluate(NonFunctionalRequirementRule.java:41)
	at org.junit.runners.ParentRunner$3.evaluate(ParentRunner.java:306)
	at org.junit.runners.BlockJUnit4ClassRunner$1.evaluate(BlockJUnit4ClassRunner.java:100)
	at org.junit.runners.ParentRunner.runLeaf(ParentRunner.java:366)
	at org.junit.runners.BlockJUnit4ClassRunner.runChild(BlockJUnit4ClassRunner.java:103)
	at org.junit.runners.BlockJUnit4ClassRunner.runChild(BlockJUnit4ClassRunner.java:63)
	at org.junit.runners.ParentRunner$4.run(ParentRunner.java:331)
	at org.junit.runners.ParentRunner$1.schedule(ParentRunner.java:79)
	at org.junit.runners.ParentRunner.runChildren(ParentRunner.java:329)
	at org.junit.runners.ParentRunner.access$100(ParentRunner.java:66)
	at org.junit.runners.ParentRunner$2.evaluate(ParentRunner.java:293)
	at org.junit.internal.runners.statements.RunBefores.evaluate(RunBefores.java:26)
	at org.junit.internal.runners.statements.RunAfters.evaluate(RunAfters.java:27)
	at org.junit.runners.ParentRunner$3.evaluate(ParentRunner.java:306)
	at org.junit.runners.ParentRunner.run(ParentRunner.java:413)
	at org.apache.maven.surefire.junit4.JUnit4Provider.execute(JUnit4Provider.java:316)
	at org.apache.maven.surefire.junit4.JUnit4Provider.executeWithRerun(JUnit4Provider.java:240)
	at org.apache.maven.surefire.junit4.JUnit4Provider.executeTestSet(JUnit4Provider.java:214)
	at org.apache.maven.surefire.junit4.JUnit4Provider.invoke(JUnit4Provider.java:155)
	at org.apache.maven.surefire.booter.ForkedBooter.runSuitesInProcess(ForkedBooter.java:385)
	at org.apache.maven.surefire.booter.ForkedBooter.execute(ForkedBooter.java:162)
	at org.apache.maven.surefire.booter.ForkedBooter.run(ForkedBooter.java:507)
	at org.apache.maven.surefire.booter.ForkedBooter.main(ForkedBooter.java:495)
18:07:37.276 [main] DEBUG io.netty.util.ResourceLeakDetector - -Dio.netty.leakDetection.level: simple
18:07:37.276 [main] DEBUG io.netty.util.ResourceLeakDetector - -Dio.netty.leakDetection.targetRecords: 4
18:07:37.277 [main] DEBUG io.netty.buffer.AbstractByteBuf - -Dio.netty.buffer.checkAccessible: true
18:07:37.277 [main] DEBUG io.netty.buffer.AbstractByteBuf - -Dio.netty.buffer.checkBounds: true
18:07:37.277 [main] DEBUG io.netty.util.ResourceLeakDetectorFactory - Loaded default ResourceLeakDetector: io.netty.util.ResourceLeakDetector@5
18:07:37.277 [main] DEBUG io.netty.util.internal.InternalThreadLocalMap - -Dio.netty.threadLocalMap.stringBuilder.initialSize: 1024
18:07:37.277 [main] DEBUG io.netty.util.internal.InternalThreadLocalMap - -Dio.netty.threadLocalMap.stringBuilder.maxSize: 4096
18:07:37.277 [main] DEBUG io.netty.buffer.PooledByteBufAllocator - -Dio.netty.allocator.numHeapArenas: 0
18:07:37.278 [main] DEBUG io.netty.buffer.PooledByteBufAllocator - -Dio.netty.allocator.numDirectArenas: 2
18:07:37.278 [main] DEBUG io.netty.buffer.PooledByteBufAllocator - -Dio.netty.allocator.pageSize: 8192
18:07:37.278 [main] DEBUG io.netty.buffer.PooledByteBufAllocator - -Dio.netty.allocator.maxOrder: 9
18:07:37.278 [main] DEBUG io.netty.buffer.PooledByteBufAllocator - -Dio.netty.allocator.chunkSize: 4194304
18:07:37.278 [main] DEBUG io.netty.buffer.PooledByteBufAllocator - -Dio.netty.allocator.smallCacheSize: 256
18:07:37.278 [main] DEBUG io.netty.buffer.PooledByteBufAllocator - -Dio.netty.allocator.normalCacheSize: 64
18:07:37.278 [main] DEBUG io.netty.buffer.PooledByteBufAllocator - -Dio.netty.allocator.maxCachedBufferCapacity: 32768
18:07:37.278 [main] DEBUG io.netty.buffer.PooledByteBufAllocator - -Dio.netty.allocator.cacheTrimInterval: 8192
18:07:37.278 [main] DEBUG io.netty.buffer.PooledByteBufAllocator - -Dio.netty.allocator.cacheTrimIntervalMillis: 0
18:07:37.278 [main] DEBUG io.netty.buffer.PooledByteBufAllocator - -Dio.netty.allocator.useCacheForAllThreads: false
18:07:37.278 [main] DEBUG io.netty.buffer.PooledByteBufAllocator - -Dio.netty.allocator.maxCachedByteBuffersPerChunk: 1023
18:07:37.279 [main] DEBUG io.netty.buffer.ByteBufUtil - -Dio.netty.allocator.type: pooled
18:07:37.279 [main] DEBUG io.netty.buffer.ByteBufUtil - -Dio.netty.threadLocalDirectBufferSize: 0
18:07:37.279 [main] DEBUG io.netty.buffer.ByteBufUtil - -Dio.netty.maxThreadLocalCharBufferSize: 16384
18:07:37.281 [main] DEBUG io.netty.util.Recycler - -Dio.netty.recycler.maxCapacityPerThread: 4096
18:07:37.281 [main] DEBUG io.netty.util.Recycler - -Dio.netty.recycler.ratio: 8
18:07:37.281 [main] DEBUG io.netty.util.Recycler - -Dio.netty.recycler.chunkSize: 32
18:07:37.281 [main] DEBUG io.netty.util.Recycler - -Dio.netty.recycler.blocking: false
18:07:37.281 [main] DEBUG io.netty.util.Recycler - -Dio.netty.recycler.batchFastThreadLocalOnly: true
18:07:37.281 [main] DEBUG io.netty.util.internal.PlatformDependent - org.jctools-core.MpscChunkedArrayQueue: available
]]></system-out>
  </testcase>
  <testcase name="test63" classname="io.netty.handler.codec.http.multipart.AbstractDiskHttpData_ESTest" time="0.831">
    <system-out><![CDATA[18:07:38.192 [main] INFO org.evosuite.runtime.thread.ThreadStopper - Found new thread
18:07:38.192 [main] DEBUG io.netty.util.internal.logging.InternalLoggerFactory - Using SLF4J as the default logging framework
18:07:38.192 [main] DEBUG io.netty.util.internal.PlatformDependent0 - -Dio.netty.noUnsafe: false
18:07:38.192 [main] DEBUG io.netty.util.internal.PlatformDependent0 - Java version: 8
18:07:38.192 [main] DEBUG io.netty.util.internal.PlatformDependent0 - sun.misc.Unsafe.theUnsafe: available
18:07:38.192 [main] DEBUG io.netty.util.internal.PlatformDependent0 - sun.misc.Unsafe.copyMemory: available
18:07:38.192 [main] DEBUG io.netty.util.internal.PlatformDependent0 - sun.misc.Unsafe.storeFence: available
18:07:38.192 [main] DEBUG io.netty.util.internal.PlatformDependent0 - java.nio.Buffer.address: available
18:07:38.192 [main] DEBUG io.netty.util.internal.PlatformDependent0 - direct buffer constructor: available
18:07:38.192 [main] DEBUG io.netty.util.internal.PlatformDependent0 - java.nio.Bits.unaligned: available, true
18:07:38.192 [main] DEBUG io.netty.util.internal.PlatformDependent0 - jdk.internal.misc.Unsafe.allocateUninitializedArray(int): unavailable prior to Java9
18:07:38.192 [main] DEBUG io.netty.util.internal.PlatformDependent0 - java.nio.DirectByteBuffer.<init>(long, {int,long}): available
18:07:38.192 [main] DEBUG io.netty.util.internal.CleanerJava6 - java.nio.ByteBuffer.cleaner(): available
18:07:38.193 [main] DEBUG io.netty.util.internal.PlatformDependent - sun.misc.Unsafe: available
18:07:38.193 [main] DEBUG io.netty.util.internal.PlatformDependent - -Dio.netty.tmpdir: /tmp (java.io.tmpdir)
18:07:38.193 [main] DEBUG io.netty.util.internal.PlatformDependent - -Dio.netty.bitMode: 64 (sun.arch.data.model)
18:07:38.193 [main] DEBUG io.netty.util.internal.PlatformDependent - -Dio.netty.maxDirectMemory: 11420041216 bytes
18:07:38.193 [main] DEBUG io.netty.util.internal.PlatformDependent - -Dio.netty.uninitializedArrayAllocationThreshold: -1
18:07:38.193 [main] DEBUG io.netty.util.internal.PlatformDependent - -Dio.netty.noPreferDirect: false
18:07:38.193 [main] DEBUG io.netty.util.internal.CleanerJava9 - java.nio.ByteBuffer.cleaner(): unavailable
java.lang.NoSuchMethodException: sun.misc.Unsafe.invokeCleaner(java.nio.ByteBuffer)
	at java.lang.Class.getDeclaredMethod(Class.java:2130)
	at io.netty.util.internal.CleanerJava9$1.run(CleanerJava9.java:45)
	at java.security.AccessController.doPrivileged(Native Method)
	at io.netty.util.internal.CleanerJava9.__STATIC_RESET(CleanerJava9.java:40)
	at sun.reflect.NativeMethodAccessorImpl.invoke0(Native Method)
	at sun.reflect.NativeMethodAccessorImpl.invoke(NativeMethodAccessorImpl.java:62)
	at sun.reflect.DelegatingMethodAccessorImpl.invoke(DelegatingMethodAccessorImpl.java:43)
	at java.lang.reflect.Method.invoke(Method.java:498)
	at org.evosuite.runtime.classhandling.ClassResetter.reset(ClassResetter.java:159)
	at org.evosuite.runtime.classhandling.ClassStateSupport.resetClasses(ClassStateSupport.java:137)
	at io.netty.handler.codec.http.multipart.AbstractDiskHttpData_ESTest_scaffolding.resetClasses(AbstractDiskHttpData_ESTest_scaffolding.java:318)
	at io.netty.handler.codec.http.multipart.AbstractDiskHttpData_ESTest_scaffolding.doneWithTestCase(AbstractDiskHttpData_ESTest_scaffolding.java:74)
	at sun.reflect.NativeMethodAccessorImpl.invoke0(Native Method)
	at sun.reflect.NativeMethodAccessorImpl.invoke(NativeMethodAccessorImpl.java:62)
	at sun.reflect.DelegatingMethodAccessorImpl.invoke(DelegatingMethodAccessorImpl.java:43)
	at java.lang.reflect.Method.invoke(Method.java:498)
	at org.junit.runners.model.FrameworkMethod$1.runReflectiveCall(FrameworkMethod.java:59)
	at org.junit.internal.runners.model.ReflectiveCallable.run(ReflectiveCallable.java:12)
	at org.junit.runners.model.FrameworkMethod.invokeExplosively(FrameworkMethod.java:56)
	at org.junit.internal.runners.statements.RunAfters.invokeMethod(RunAfters.java:46)
	at org.junit.internal.runners.statements.RunAfters.evaluate(RunAfters.java:33)
	at org.evosuite.runtime.vnet.NonFunctionalRequirementRule$1.evaluate(NonFunctionalRequirementRule.java:41)
	at org.junit.runners.ParentRunner$3.evaluate(ParentRunner.java:306)
	at org.junit.runners.BlockJUnit4ClassRunner$1.evaluate(BlockJUnit4ClassRunner.java:100)
	at org.junit.runners.ParentRunner.runLeaf(ParentRunner.java:366)
	at org.junit.runners.BlockJUnit4ClassRunner.runChild(BlockJUnit4ClassRunner.java:103)
	at org.junit.runners.BlockJUnit4ClassRunner.runChild(BlockJUnit4ClassRunner.java:63)
	at org.junit.runners.ParentRunner$4.run(ParentRunner.java:331)
	at org.junit.runners.ParentRunner$1.schedule(ParentRunner.java:79)
	at org.junit.runners.ParentRunner.runChildren(ParentRunner.java:329)
	at org.junit.runners.ParentRunner.access$100(ParentRunner.java:66)
	at org.junit.runners.ParentRunner$2.evaluate(ParentRunner.java:293)
	at org.junit.internal.runners.statements.RunBefores.evaluate(RunBefores.java:26)
	at org.junit.internal.runners.statements.RunAfters.evaluate(RunAfters.java:27)
	at org.junit.runners.ParentRunner$3.evaluate(ParentRunner.java:306)
	at org.junit.runners.ParentRunner.run(ParentRunner.java:413)
	at org.apache.maven.surefire.junit4.JUnit4Provider.execute(JUnit4Provider.java:316)
	at org.apache.maven.surefire.junit4.JUnit4Provider.executeWithRerun(JUnit4Provider.java:240)
	at org.apache.maven.surefire.junit4.JUnit4Provider.executeTestSet(JUnit4Provider.java:214)
	at org.apache.maven.surefire.junit4.JUnit4Provider.invoke(JUnit4Provider.java:155)
	at org.apache.maven.surefire.booter.ForkedBooter.runSuitesInProcess(ForkedBooter.java:385)
	at org.apache.maven.surefire.booter.ForkedBooter.execute(ForkedBooter.java:162)
	at org.apache.maven.surefire.booter.ForkedBooter.run(ForkedBooter.java:507)
	at org.apache.maven.surefire.booter.ForkedBooter.main(ForkedBooter.java:495)
18:07:38.193 [main] DEBUG io.netty.util.ResourceLeakDetector - -Dio.netty.leakDetection.level: simple
18:07:38.193 [main] DEBUG io.netty.util.ResourceLeakDetector - -Dio.netty.leakDetection.targetRecords: 4
18:07:38.194 [main] DEBUG io.netty.buffer.AbstractByteBuf - -Dio.netty.buffer.checkAccessible: true
18:07:38.194 [main] DEBUG io.netty.buffer.AbstractByteBuf - -Dio.netty.buffer.checkBounds: true
18:07:38.194 [main] DEBUG io.netty.util.ResourceLeakDetectorFactory - Loaded default ResourceLeakDetector: io.netty.util.ResourceLeakDetector@5
18:07:38.194 [main] DEBUG io.netty.util.internal.InternalThreadLocalMap - -Dio.netty.threadLocalMap.stringBuilder.initialSize: 1024
18:07:38.194 [main] DEBUG io.netty.util.internal.InternalThreadLocalMap - -Dio.netty.threadLocalMap.stringBuilder.maxSize: 4096
18:07:38.194 [main] DEBUG io.netty.buffer.PooledByteBufAllocator - -Dio.netty.allocator.numHeapArenas: 0
18:07:38.194 [main] DEBUG io.netty.buffer.PooledByteBufAllocator - -Dio.netty.allocator.numDirectArenas: 2
18:07:38.194 [main] DEBUG io.netty.buffer.PooledByteBufAllocator - -Dio.netty.allocator.pageSize: 8192
18:07:38.194 [main] DEBUG io.netty.buffer.PooledByteBufAllocator - -Dio.netty.allocator.maxOrder: 9
18:07:38.194 [main] DEBUG io.netty.buffer.PooledByteBufAllocator - -Dio.netty.allocator.chunkSize: 4194304
18:07:38.194 [main] DEBUG io.netty.buffer.PooledByteBufAllocator - -Dio.netty.allocator.smallCacheSize: 256
18:07:38.194 [main] DEBUG io.netty.buffer.PooledByteBufAllocator - -Dio.netty.allocator.normalCacheSize: 64
18:07:38.194 [main] DEBUG io.netty.buffer.PooledByteBufAllocator - -Dio.netty.allocator.maxCachedBufferCapacity: 32768
18:07:38.194 [main] DEBUG io.netty.buffer.PooledByteBufAllocator - -Dio.netty.allocator.cacheTrimInterval: 8192
18:07:38.194 [main] DEBUG io.netty.buffer.PooledByteBufAllocator - -Dio.netty.allocator.cacheTrimIntervalMillis: 0
18:07:38.194 [main] DEBUG io.netty.buffer.PooledByteBufAllocator - -Dio.netty.allocator.useCacheForAllThreads: false
18:07:38.194 [main] DEBUG io.netty.buffer.PooledByteBufAllocator - -Dio.netty.allocator.maxCachedByteBuffersPerChunk: 1023
18:07:38.194 [main] DEBUG io.netty.buffer.ByteBufUtil - -Dio.netty.allocator.type: pooled
18:07:38.194 [main] DEBUG io.netty.buffer.ByteBufUtil - -Dio.netty.threadLocalDirectBufferSize: 0
18:07:38.194 [main] DEBUG io.netty.buffer.ByteBufUtil - -Dio.netty.maxThreadLocalCharBufferSize: 16384
18:07:38.195 [main] DEBUG io.netty.util.Recycler - -Dio.netty.recycler.maxCapacityPerThread: 4096
18:07:38.195 [main] DEBUG io.netty.util.Recycler - -Dio.netty.recycler.ratio: 8
18:07:38.195 [main] DEBUG io.netty.util.Recycler - -Dio.netty.recycler.chunkSize: 32
18:07:38.195 [main] DEBUG io.netty.util.Recycler - -Dio.netty.recycler.blocking: false
18:07:38.195 [main] DEBUG io.netty.util.Recycler - -Dio.netty.recycler.batchFastThreadLocalOnly: true
18:07:38.195 [main] DEBUG io.netty.util.internal.PlatformDependent - org.jctools-core.MpscChunkedArrayQueue: available
]]></system-out>
  </testcase>
  <testcase name="test62" classname="io.netty.handler.codec.http.multipart.AbstractDiskHttpData_ESTest" time="0.016">
    <system-out><![CDATA[18:07:38.203 [main] DEBUG io.netty.util.internal.logging.InternalLoggerFactory - Using SLF4J as the default logging framework
18:07:38.203 [main] DEBUG io.netty.util.internal.PlatformDependent0 - -Dio.netty.noUnsafe: false
18:07:38.203 [main] DEBUG io.netty.util.internal.PlatformDependent0 - Java version: 8
18:07:38.203 [main] DEBUG io.netty.util.internal.PlatformDependent0 - sun.misc.Unsafe.theUnsafe: available
18:07:38.203 [main] DEBUG io.netty.util.internal.PlatformDependent0 - sun.misc.Unsafe.copyMemory: available
18:07:38.203 [main] DEBUG io.netty.util.internal.PlatformDependent0 - sun.misc.Unsafe.storeFence: available
18:07:38.203 [main] DEBUG io.netty.util.internal.PlatformDependent0 - java.nio.Buffer.address: available
18:07:38.203 [main] DEBUG io.netty.util.internal.PlatformDependent0 - direct buffer constructor: available
18:07:38.203 [main] DEBUG io.netty.util.internal.PlatformDependent0 - java.nio.Bits.unaligned: available, true
18:07:38.203 [main] DEBUG io.netty.util.internal.PlatformDependent0 - jdk.internal.misc.Unsafe.allocateUninitializedArray(int): unavailable prior to Java9
18:07:38.203 [main] DEBUG io.netty.util.internal.PlatformDependent0 - java.nio.DirectByteBuffer.<init>(long, {int,long}): available
18:07:38.203 [main] DEBUG io.netty.util.internal.CleanerJava6 - java.nio.ByteBuffer.cleaner(): available
18:07:38.203 [main] DEBUG io.netty.util.internal.PlatformDependent - sun.misc.Unsafe: available
18:07:38.204 [main] DEBUG io.netty.util.internal.PlatformDependent - -Dio.netty.tmpdir: /tmp (java.io.tmpdir)
18:07:38.204 [main] DEBUG io.netty.util.internal.PlatformDependent - -Dio.netty.bitMode: 64 (sun.arch.data.model)
18:07:38.204 [main] DEBUG io.netty.util.internal.PlatformDependent - -Dio.netty.maxDirectMemory: 11420041216 bytes
18:07:38.204 [main] DEBUG io.netty.util.internal.PlatformDependent - -Dio.netty.uninitializedArrayAllocationThreshold: -1
18:07:38.204 [main] DEBUG io.netty.util.internal.PlatformDependent - -Dio.netty.noPreferDirect: false
18:07:38.204 [main] DEBUG io.netty.util.internal.CleanerJava9 - java.nio.ByteBuffer.cleaner(): unavailable
java.lang.NoSuchMethodException: sun.misc.Unsafe.invokeCleaner(java.nio.ByteBuffer)
	at java.lang.Class.getDeclaredMethod(Class.java:2130)
	at io.netty.util.internal.CleanerJava9$1.run(CleanerJava9.java:45)
	at java.security.AccessController.doPrivileged(Native Method)
	at io.netty.util.internal.CleanerJava9.__STATIC_RESET(CleanerJava9.java:40)
	at sun.reflect.NativeMethodAccessorImpl.invoke0(Native Method)
	at sun.reflect.NativeMethodAccessorImpl.invoke(NativeMethodAccessorImpl.java:62)
	at sun.reflect.DelegatingMethodAccessorImpl.invoke(DelegatingMethodAccessorImpl.java:43)
	at java.lang.reflect.Method.invoke(Method.java:498)
	at org.evosuite.runtime.classhandling.ClassResetter.reset(ClassResetter.java:159)
	at org.evosuite.runtime.classhandling.ClassStateSupport.resetClasses(ClassStateSupport.java:137)
	at io.netty.handler.codec.http.multipart.AbstractDiskHttpData_ESTest_scaffolding.resetClasses(AbstractDiskHttpData_ESTest_scaffolding.java:318)
	at io.netty.handler.codec.http.multipart.AbstractDiskHttpData_ESTest_scaffolding.doneWithTestCase(AbstractDiskHttpData_ESTest_scaffolding.java:74)
	at sun.reflect.NativeMethodAccessorImpl.invoke0(Native Method)
	at sun.reflect.NativeMethodAccessorImpl.invoke(NativeMethodAccessorImpl.java:62)
	at sun.reflect.DelegatingMethodAccessorImpl.invoke(DelegatingMethodAccessorImpl.java:43)
	at java.lang.reflect.Method.invoke(Method.java:498)
	at org.junit.runners.model.FrameworkMethod$1.runReflectiveCall(FrameworkMethod.java:59)
	at org.junit.internal.runners.model.ReflectiveCallable.run(ReflectiveCallable.java:12)
	at org.junit.runners.model.FrameworkMethod.invokeExplosively(FrameworkMethod.java:56)
	at org.junit.internal.runners.statements.RunAfters.invokeMethod(RunAfters.java:46)
	at org.junit.internal.runners.statements.RunAfters.evaluate(RunAfters.java:33)
	at org.evosuite.runtime.vnet.NonFunctionalRequirementRule$1.evaluate(NonFunctionalRequirementRule.java:41)
	at org.junit.runners.ParentRunner$3.evaluate(ParentRunner.java:306)
	at org.junit.runners.BlockJUnit4ClassRunner$1.evaluate(BlockJUnit4ClassRunner.java:100)
	at org.junit.runners.ParentRunner.runLeaf(ParentRunner.java:366)
	at org.junit.runners.BlockJUnit4ClassRunner.runChild(BlockJUnit4ClassRunner.java:103)
	at org.junit.runners.BlockJUnit4ClassRunner.runChild(BlockJUnit4ClassRunner.java:63)
	at org.junit.runners.ParentRunner$4.run(ParentRunner.java:331)
	at org.junit.runners.ParentRunner$1.schedule(ParentRunner.java:79)
	at org.junit.runners.ParentRunner.runChildren(ParentRunner.java:329)
	at org.junit.runners.ParentRunner.access$100(ParentRunner.java:66)
	at org.junit.runners.ParentRunner$2.evaluate(ParentRunner.java:293)
	at org.junit.internal.runners.statements.RunBefores.evaluate(RunBefores.java:26)
	at org.junit.internal.runners.statements.RunAfters.evaluate(RunAfters.java:27)
	at org.junit.runners.ParentRunner$3.evaluate(ParentRunner.java:306)
	at org.junit.runners.ParentRunner.run(ParentRunner.java:413)
	at org.apache.maven.surefire.junit4.JUnit4Provider.execute(JUnit4Provider.java:316)
	at org.apache.maven.surefire.junit4.JUnit4Provider.executeWithRerun(JUnit4Provider.java:240)
	at org.apache.maven.surefire.junit4.JUnit4Provider.executeTestSet(JUnit4Provider.java:214)
	at org.apache.maven.surefire.junit4.JUnit4Provider.invoke(JUnit4Provider.java:155)
	at org.apache.maven.surefire.booter.ForkedBooter.runSuitesInProcess(ForkedBooter.java:385)
	at org.apache.maven.surefire.booter.ForkedBooter.execute(ForkedBooter.java:162)
	at org.apache.maven.surefire.booter.ForkedBooter.run(ForkedBooter.java:507)
	at org.apache.maven.surefire.booter.ForkedBooter.main(ForkedBooter.java:495)
18:07:38.205 [main] DEBUG io.netty.util.ResourceLeakDetector - -Dio.netty.leakDetection.level: simple
18:07:38.205 [main] DEBUG io.netty.util.ResourceLeakDetector - -Dio.netty.leakDetection.targetRecords: 4
18:07:38.205 [main] DEBUG io.netty.buffer.AbstractByteBuf - -Dio.netty.buffer.checkAccessible: true
18:07:38.205 [main] DEBUG io.netty.buffer.AbstractByteBuf - -Dio.netty.buffer.checkBounds: true
18:07:38.205 [main] DEBUG io.netty.util.ResourceLeakDetectorFactory - Loaded default ResourceLeakDetector: io.netty.util.ResourceLeakDetector@5
18:07:38.206 [main] DEBUG io.netty.util.internal.InternalThreadLocalMap - -Dio.netty.threadLocalMap.stringBuilder.initialSize: 1024
18:07:38.206 [main] DEBUG io.netty.util.internal.InternalThreadLocalMap - -Dio.netty.threadLocalMap.stringBuilder.maxSize: 4096
18:07:38.206 [main] DEBUG io.netty.buffer.PooledByteBufAllocator - -Dio.netty.allocator.numHeapArenas: 0
18:07:38.206 [main] DEBUG io.netty.buffer.PooledByteBufAllocator - -Dio.netty.allocator.numDirectArenas: 2
18:07:38.206 [main] DEBUG io.netty.buffer.PooledByteBufAllocator - -Dio.netty.allocator.pageSize: 8192
18:07:38.206 [main] DEBUG io.netty.buffer.PooledByteBufAllocator - -Dio.netty.allocator.maxOrder: 9
18:07:38.206 [main] DEBUG io.netty.buffer.PooledByteBufAllocator - -Dio.netty.allocator.chunkSize: 4194304
18:07:38.206 [main] DEBUG io.netty.buffer.PooledByteBufAllocator - -Dio.netty.allocator.smallCacheSize: 256
18:07:38.206 [main] DEBUG io.netty.buffer.PooledByteBufAllocator - -Dio.netty.allocator.normalCacheSize: 64
18:07:38.206 [main] DEBUG io.netty.buffer.PooledByteBufAllocator - -Dio.netty.allocator.maxCachedBufferCapacity: 32768
18:07:38.206 [main] DEBUG io.netty.buffer.PooledByteBufAllocator - -Dio.netty.allocator.cacheTrimInterval: 8192
18:07:38.206 [main] DEBUG io.netty.buffer.PooledByteBufAllocator - -Dio.netty.allocator.cacheTrimIntervalMillis: 0
18:07:38.206 [main] DEBUG io.netty.buffer.PooledByteBufAllocator - -Dio.netty.allocator.useCacheForAllThreads: false
18:07:38.206 [main] DEBUG io.netty.buffer.PooledByteBufAllocator - -Dio.netty.allocator.maxCachedByteBuffersPerChunk: 1023
18:07:38.207 [main] DEBUG io.netty.buffer.ByteBufUtil - -Dio.netty.allocator.type: pooled
18:07:38.207 [main] DEBUG io.netty.buffer.ByteBufUtil - -Dio.netty.threadLocalDirectBufferSize: 0
18:07:38.207 [main] DEBUG io.netty.buffer.ByteBufUtil - -Dio.netty.maxThreadLocalCharBufferSize: 16384
18:07:38.208 [main] DEBUG io.netty.util.Recycler - -Dio.netty.recycler.maxCapacityPerThread: 4096
18:07:38.208 [main] DEBUG io.netty.util.Recycler - -Dio.netty.recycler.ratio: 8
18:07:38.208 [main] DEBUG io.netty.util.Recycler - -Dio.netty.recycler.chunkSize: 32
18:07:38.208 [main] DEBUG io.netty.util.Recycler - -Dio.netty.recycler.blocking: false
18:07:38.208 [main] DEBUG io.netty.util.Recycler - -Dio.netty.recycler.batchFastThreadLocalOnly: true
18:07:38.208 [main] DEBUG io.netty.util.internal.PlatformDependent - org.jctools-core.MpscChunkedArrayQueue: available
]]></system-out>
  </testcase>
  <testcase name="test21" classname="io.netty.handler.codec.http.multipart.AbstractDiskHttpData_ESTest" time="0.023">
    <system-out><![CDATA[18:07:38.217 [main] DEBUG io.netty.util.internal.logging.InternalLoggerFactory - Using SLF4J as the default logging framework
18:07:38.218 [main] DEBUG io.netty.util.internal.PlatformDependent0 - -Dio.netty.noUnsafe: false
18:07:38.218 [main] DEBUG io.netty.util.internal.PlatformDependent0 - Java version: 8
18:07:38.218 [main] DEBUG io.netty.util.internal.PlatformDependent0 - sun.misc.Unsafe.theUnsafe: available
18:07:38.218 [main] DEBUG io.netty.util.internal.PlatformDependent0 - sun.misc.Unsafe.copyMemory: available
18:07:38.218 [main] DEBUG io.netty.util.internal.PlatformDependent0 - sun.misc.Unsafe.storeFence: available
18:07:38.218 [main] DEBUG io.netty.util.internal.PlatformDependent0 - java.nio.Buffer.address: available
18:07:38.218 [main] DEBUG io.netty.util.internal.PlatformDependent0 - direct buffer constructor: available
18:07:38.218 [main] DEBUG io.netty.util.internal.PlatformDependent0 - java.nio.Bits.unaligned: available, true
18:07:38.218 [main] DEBUG io.netty.util.internal.PlatformDependent0 - jdk.internal.misc.Unsafe.allocateUninitializedArray(int): unavailable prior to Java9
18:07:38.218 [main] DEBUG io.netty.util.internal.PlatformDependent0 - java.nio.DirectByteBuffer.<init>(long, {int,long}): available
18:07:38.218 [main] DEBUG io.netty.util.internal.CleanerJava6 - java.nio.ByteBuffer.cleaner(): available
18:07:38.218 [main] DEBUG io.netty.util.internal.PlatformDependent - sun.misc.Unsafe: available
18:07:38.218 [main] DEBUG io.netty.util.internal.PlatformDependent - -Dio.netty.tmpdir: /tmp (java.io.tmpdir)
18:07:38.218 [main] DEBUG io.netty.util.internal.PlatformDependent - -Dio.netty.bitMode: 64 (sun.arch.data.model)
18:07:38.218 [main] DEBUG io.netty.util.internal.PlatformDependent - -Dio.netty.maxDirectMemory: 11420041216 bytes
18:07:38.218 [main] DEBUG io.netty.util.internal.PlatformDependent - -Dio.netty.uninitializedArrayAllocationThreshold: -1
18:07:38.218 [main] DEBUG io.netty.util.internal.PlatformDependent - -Dio.netty.noPreferDirect: false
18:07:38.219 [main] DEBUG io.netty.util.internal.CleanerJava9 - java.nio.ByteBuffer.cleaner(): unavailable
java.lang.NoSuchMethodException: sun.misc.Unsafe.invokeCleaner(java.nio.ByteBuffer)
	at java.lang.Class.getDeclaredMethod(Class.java:2130)
	at io.netty.util.internal.CleanerJava9$1.run(CleanerJava9.java:45)
	at java.security.AccessController.doPrivileged(Native Method)
	at io.netty.util.internal.CleanerJava9.__STATIC_RESET(CleanerJava9.java:40)
	at sun.reflect.NativeMethodAccessorImpl.invoke0(Native Method)
	at sun.reflect.NativeMethodAccessorImpl.invoke(NativeMethodAccessorImpl.java:62)
	at sun.reflect.DelegatingMethodAccessorImpl.invoke(DelegatingMethodAccessorImpl.java:43)
	at java.lang.reflect.Method.invoke(Method.java:498)
	at org.evosuite.runtime.classhandling.ClassResetter.reset(ClassResetter.java:159)
	at org.evosuite.runtime.classhandling.ClassStateSupport.resetClasses(ClassStateSupport.java:137)
	at io.netty.handler.codec.http.multipart.AbstractDiskHttpData_ESTest_scaffolding.resetClasses(AbstractDiskHttpData_ESTest_scaffolding.java:318)
	at io.netty.handler.codec.http.multipart.AbstractDiskHttpData_ESTest_scaffolding.doneWithTestCase(AbstractDiskHttpData_ESTest_scaffolding.java:74)
	at sun.reflect.NativeMethodAccessorImpl.invoke0(Native Method)
	at sun.reflect.NativeMethodAccessorImpl.invoke(NativeMethodAccessorImpl.java:62)
	at sun.reflect.DelegatingMethodAccessorImpl.invoke(DelegatingMethodAccessorImpl.java:43)
	at java.lang.reflect.Method.invoke(Method.java:498)
	at org.junit.runners.model.FrameworkMethod$1.runReflectiveCall(FrameworkMethod.java:59)
	at org.junit.internal.runners.model.ReflectiveCallable.run(ReflectiveCallable.java:12)
	at org.junit.runners.model.FrameworkMethod.invokeExplosively(FrameworkMethod.java:56)
	at org.junit.internal.runners.statements.RunAfters.invokeMethod(RunAfters.java:46)
	at org.junit.internal.runners.statements.RunAfters.evaluate(RunAfters.java:33)
	at org.evosuite.runtime.vnet.NonFunctionalRequirementRule$1.evaluate(NonFunctionalRequirementRule.java:41)
	at org.junit.runners.ParentRunner$3.evaluate(ParentRunner.java:306)
	at org.junit.runners.BlockJUnit4ClassRunner$1.evaluate(BlockJUnit4ClassRunner.java:100)
	at org.junit.runners.ParentRunner.runLeaf(ParentRunner.java:366)
	at org.junit.runners.BlockJUnit4ClassRunner.runChild(BlockJUnit4ClassRunner.java:103)
	at org.junit.runners.BlockJUnit4ClassRunner.runChild(BlockJUnit4ClassRunner.java:63)
	at org.junit.runners.ParentRunner$4.run(ParentRunner.java:331)
	at org.junit.runners.ParentRunner$1.schedule(ParentRunner.java:79)
	at org.junit.runners.ParentRunner.runChildren(ParentRunner.java:329)
	at org.junit.runners.ParentRunner.access$100(ParentRunner.java:66)
	at org.junit.runners.ParentRunner$2.evaluate(ParentRunner.java:293)
	at org.junit.internal.runners.statements.RunBefores.evaluate(RunBefores.java:26)
	at org.junit.internal.runners.statements.RunAfters.evaluate(RunAfters.java:27)
	at org.junit.runners.ParentRunner$3.evaluate(ParentRunner.java:306)
	at org.junit.runners.ParentRunner.run(ParentRunner.java:413)
	at org.apache.maven.surefire.junit4.JUnit4Provider.execute(JUnit4Provider.java:316)
	at org.apache.maven.surefire.junit4.JUnit4Provider.executeWithRerun(JUnit4Provider.java:240)
	at org.apache.maven.surefire.junit4.JUnit4Provider.executeTestSet(JUnit4Provider.java:214)
	at org.apache.maven.surefire.junit4.JUnit4Provider.invoke(JUnit4Provider.java:155)
	at org.apache.maven.surefire.booter.ForkedBooter.runSuitesInProcess(ForkedBooter.java:385)
	at org.apache.maven.surefire.booter.ForkedBooter.execute(ForkedBooter.java:162)
	at org.apache.maven.surefire.booter.ForkedBooter.run(ForkedBooter.java:507)
	at org.apache.maven.surefire.booter.ForkedBooter.main(ForkedBooter.java:495)
18:07:38.220 [main] DEBUG io.netty.util.ResourceLeakDetector - -Dio.netty.leakDetection.level: simple
18:07:38.220 [main] DEBUG io.netty.util.ResourceLeakDetector - -Dio.netty.leakDetection.targetRecords: 4
18:07:38.220 [main] DEBUG io.netty.buffer.AbstractByteBuf - -Dio.netty.buffer.checkAccessible: true
18:07:38.220 [main] DEBUG io.netty.buffer.AbstractByteBuf - -Dio.netty.buffer.checkBounds: true
18:07:38.220 [main] DEBUG io.netty.util.ResourceLeakDetectorFactory - Loaded default ResourceLeakDetector: io.netty.util.ResourceLeakDetector@5
18:07:38.221 [main] DEBUG io.netty.util.internal.InternalThreadLocalMap - -Dio.netty.threadLocalMap.stringBuilder.initialSize: 1024
18:07:38.221 [main] DEBUG io.netty.util.internal.InternalThreadLocalMap - -Dio.netty.threadLocalMap.stringBuilder.maxSize: 4096
18:07:38.221 [main] DEBUG io.netty.buffer.PooledByteBufAllocator - -Dio.netty.allocator.numHeapArenas: 0
18:07:38.221 [main] DEBUG io.netty.buffer.PooledByteBufAllocator - -Dio.netty.allocator.numDirectArenas: 2
18:07:38.221 [main] DEBUG io.netty.buffer.PooledByteBufAllocator - -Dio.netty.allocator.pageSize: 8192
18:07:38.221 [main] DEBUG io.netty.buffer.PooledByteBufAllocator - -Dio.netty.allocator.maxOrder: 9
18:07:38.221 [main] DEBUG io.netty.buffer.PooledByteBufAllocator - -Dio.netty.allocator.chunkSize: 4194304
18:07:38.221 [main] DEBUG io.netty.buffer.PooledByteBufAllocator - -Dio.netty.allocator.smallCacheSize: 256
18:07:38.221 [main] DEBUG io.netty.buffer.PooledByteBufAllocator - -Dio.netty.allocator.normalCacheSize: 64
18:07:38.221 [main] DEBUG io.netty.buffer.PooledByteBufAllocator - -Dio.netty.allocator.maxCachedBufferCapacity: 32768
18:07:38.221 [main] DEBUG io.netty.buffer.PooledByteBufAllocator - -Dio.netty.allocator.cacheTrimInterval: 8192
18:07:38.221 [main] DEBUG io.netty.buffer.PooledByteBufAllocator - -Dio.netty.allocator.cacheTrimIntervalMillis: 0
18:07:38.221 [main] DEBUG io.netty.buffer.PooledByteBufAllocator - -Dio.netty.allocator.useCacheForAllThreads: false
18:07:38.221 [main] DEBUG io.netty.buffer.PooledByteBufAllocator - -Dio.netty.allocator.maxCachedByteBuffersPerChunk: 1023
18:07:38.222 [main] DEBUG io.netty.buffer.ByteBufUtil - -Dio.netty.allocator.type: pooled
18:07:38.222 [main] DEBUG io.netty.buffer.ByteBufUtil - -Dio.netty.threadLocalDirectBufferSize: 0
18:07:38.222 [main] DEBUG io.netty.buffer.ByteBufUtil - -Dio.netty.maxThreadLocalCharBufferSize: 16384
18:07:38.223 [main] DEBUG io.netty.util.Recycler - -Dio.netty.recycler.maxCapacityPerThread: 4096
18:07:38.223 [main] DEBUG io.netty.util.Recycler - -Dio.netty.recycler.ratio: 8
18:07:38.223 [main] DEBUG io.netty.util.Recycler - -Dio.netty.recycler.chunkSize: 32
18:07:38.223 [main] DEBUG io.netty.util.Recycler - -Dio.netty.recycler.blocking: false
18:07:38.223 [main] DEBUG io.netty.util.Recycler - -Dio.netty.recycler.batchFastThreadLocalOnly: true
18:07:38.223 [main] DEBUG io.netty.util.internal.PlatformDependent - org.jctools-core.MpscChunkedArrayQueue: available
]]></system-out>
  </testcase>
  <testcase name="test65" classname="io.netty.handler.codec.http.multipart.AbstractDiskHttpData_ESTest" time="3.004">
    <system-out><![CDATA[18:07:38.230 [Time-limited test] INFO org.evosuite.runtime.instrumentation.EvoClassLoader - Seeing class for first time: io.netty.handler.codec.http.multipart.AbstractDiskHttpData_ESTest$10
18:07:38.230 [Time-limited test] INFO org.evosuite.runtime.instrumentation.EvoClassLoader - Instrumenting class 'io.netty.handler.codec.http.multipart.AbstractDiskHttpData_ESTest$10'.
18:07:38.236 [Time-limited test] INFO org.evosuite.runtime.instrumentation.EvoClassLoader - Keeping class: io.netty.handler.codec.http.multipart.AbstractDiskHttpData_ESTest$10
18:07:38.245 [pool-2-thread-1] DEBUG org.evosuite.runtime.sandbox.MSecurityManager - Security manager blocks permission ("java.io.FilePermission" "/tmp/Attr_7745080143093663372_1661587804" "write")
java.lang.Thread.getStackTrace(Thread.java:1564)
org.evosuite.runtime.sandbox.MSecurityManager.checkPermission(MSecurityManager.java:424)
java.lang.SecurityManager.checkWrite(SecurityManager.java:979)
sun.nio.fs.UnixChannelFactory.open(UnixChannelFactory.java:247)
sun.nio.fs.UnixChannelFactory.newFileChannel(UnixChannelFactory.java:136)
sun.nio.fs.UnixChannelFactory.newFileChannel(UnixChannelFactory.java:148)
sun.nio.fs.UnixFileSystemProvider.newByteChannel(UnixFileSystemProvider.java:212)
java.nio.file.Files.newByteChannel(Files.java:361)
java.nio.file.Files.createFile(Files.java:632)
java.nio.file.TempFileHelper.create(TempFileHelper.java:138)
java.nio.file.TempFileHelper.createTempFile(TempFileHelper.java:161)
java.nio.file.Files.createTempFile(Files.java:897)
io.netty.util.internal.PlatformDependent.createTempFile(PlatformDependent.java:1499)
io.netty.handler.codec.http.multipart.AbstractDiskHttpData.tempFile(AbstractDiskHttpData.java:92)
io.netty.handler.codec.http.multipart.AbstractDiskHttpData.setContent(AbstractDiskHttpData.java:114)
io.netty.handler.codec.http.multipart.DiskAttribute.setValue(DiskAttribute.java:123)
io.netty.handler.codec.http.multipart.AbstractDiskHttpData_ESTest$10.run(AbstractDiskHttpData_ESTest.java:1158)
java.util.concurrent.Executors$RunnableAdapter.call(Executors.java:511)
java.util.concurrent.FutureTask.run(FutureTask.java:266)
java.util.concurrent.ThreadPoolExecutor.runWorker(ThreadPoolExecutor.java:1149)
java.util.concurrent.ThreadPoolExecutor$Worker.run(ThreadPoolExecutor.java:624)
java.lang.Thread.run(Thread.java:750)

18:07:38.246 [main] INFO org.evosuite.runtime.thread.ThreadStopper - Found new thread
18:07:41.230 [main] INFO org.evosuite.runtime.thread.ThreadStopper - Thread is still alive: pool-2-thread-1
18:07:41.230 [main] DEBUG io.netty.util.internal.logging.InternalLoggerFactory - Using SLF4J as the default logging framework
18:07:41.231 [main] DEBUG io.netty.util.internal.PlatformDependent0 - -Dio.netty.noUnsafe: false
18:07:41.231 [main] DEBUG io.netty.util.internal.PlatformDependent0 - Java version: 8
18:07:41.231 [main] DEBUG io.netty.util.internal.PlatformDependent0 - sun.misc.Unsafe.theUnsafe: available
18:07:41.231 [main] DEBUG io.netty.util.internal.PlatformDependent0 - sun.misc.Unsafe.copyMemory: available
18:07:41.231 [main] DEBUG io.netty.util.internal.PlatformDependent0 - sun.misc.Unsafe.storeFence: available
18:07:41.231 [main] DEBUG io.netty.util.internal.PlatformDependent0 - java.nio.Buffer.address: available
18:07:41.231 [main] DEBUG io.netty.util.internal.PlatformDependent0 - direct buffer constructor: available
18:07:41.231 [main] DEBUG io.netty.util.internal.PlatformDependent0 - java.nio.Bits.unaligned: available, true
18:07:41.231 [main] DEBUG io.netty.util.internal.PlatformDependent0 - jdk.internal.misc.Unsafe.allocateUninitializedArray(int): unavailable prior to Java9
18:07:41.231 [main] DEBUG io.netty.util.internal.PlatformDependent0 - java.nio.DirectByteBuffer.<init>(long, {int,long}): available
18:07:41.231 [main] DEBUG io.netty.util.internal.CleanerJava6 - java.nio.ByteBuffer.cleaner(): available
18:07:41.231 [main] DEBUG io.netty.util.internal.PlatformDependent - sun.misc.Unsafe: available
18:07:41.231 [main] DEBUG io.netty.util.internal.PlatformDependent - -Dio.netty.tmpdir: /tmp (java.io.tmpdir)
18:07:41.231 [main] DEBUG io.netty.util.internal.PlatformDependent - -Dio.netty.bitMode: 64 (sun.arch.data.model)
18:07:41.231 [main] DEBUG io.netty.util.internal.PlatformDependent - -Dio.netty.maxDirectMemory: 11420041216 bytes
18:07:41.231 [main] DEBUG io.netty.util.internal.PlatformDependent - -Dio.netty.uninitializedArrayAllocationThreshold: -1
18:07:41.231 [main] DEBUG io.netty.util.internal.PlatformDependent - -Dio.netty.noPreferDirect: false
18:07:41.232 [main] DEBUG io.netty.util.internal.CleanerJava9 - java.nio.ByteBuffer.cleaner(): unavailable
java.lang.NoSuchMethodException: sun.misc.Unsafe.invokeCleaner(java.nio.ByteBuffer)
	at java.lang.Class.getDeclaredMethod(Class.java:2130)
	at io.netty.util.internal.CleanerJava9$1.run(CleanerJava9.java:45)
	at java.security.AccessController.doPrivileged(Native Method)
	at io.netty.util.internal.CleanerJava9.__STATIC_RESET(CleanerJava9.java:40)
	at sun.reflect.NativeMethodAccessorImpl.invoke0(Native Method)
	at sun.reflect.NativeMethodAccessorImpl.invoke(NativeMethodAccessorImpl.java:62)
	at sun.reflect.DelegatingMethodAccessorImpl.invoke(DelegatingMethodAccessorImpl.java:43)
	at java.lang.reflect.Method.invoke(Method.java:498)
	at org.evosuite.runtime.classhandling.ClassResetter.reset(ClassResetter.java:159)
	at org.evosuite.runtime.classhandling.ClassStateSupport.resetClasses(ClassStateSupport.java:137)
	at io.netty.handler.codec.http.multipart.AbstractDiskHttpData_ESTest_scaffolding.resetClasses(AbstractDiskHttpData_ESTest_scaffolding.java:318)
	at io.netty.handler.codec.http.multipart.AbstractDiskHttpData_ESTest_scaffolding.doneWithTestCase(AbstractDiskHttpData_ESTest_scaffolding.java:74)
	at sun.reflect.NativeMethodAccessorImpl.invoke0(Native Method)
	at sun.reflect.NativeMethodAccessorImpl.invoke(NativeMethodAccessorImpl.java:62)
	at sun.reflect.DelegatingMethodAccessorImpl.invoke(DelegatingMethodAccessorImpl.java:43)
	at java.lang.reflect.Method.invoke(Method.java:498)
	at org.junit.runners.model.FrameworkMethod$1.runReflectiveCall(FrameworkMethod.java:59)
	at org.junit.internal.runners.model.ReflectiveCallable.run(ReflectiveCallable.java:12)
	at org.junit.runners.model.FrameworkMethod.invokeExplosively(FrameworkMethod.java:56)
	at org.junit.internal.runners.statements.RunAfters.invokeMethod(RunAfters.java:46)
	at org.junit.internal.runners.statements.RunAfters.evaluate(RunAfters.java:33)
	at org.evosuite.runtime.vnet.NonFunctionalRequirementRule$1.evaluate(NonFunctionalRequirementRule.java:41)
	at org.junit.runners.ParentRunner$3.evaluate(ParentRunner.java:306)
	at org.junit.runners.BlockJUnit4ClassRunner$1.evaluate(BlockJUnit4ClassRunner.java:100)
	at org.junit.runners.ParentRunner.runLeaf(ParentRunner.java:366)
	at org.junit.runners.BlockJUnit4ClassRunner.runChild(BlockJUnit4ClassRunner.java:103)
	at org.junit.runners.BlockJUnit4ClassRunner.runChild(BlockJUnit4ClassRunner.java:63)
	at org.junit.runners.ParentRunner$4.run(ParentRunner.java:331)
	at org.junit.runners.ParentRunner$1.schedule(ParentRunner.java:79)
	at org.junit.runners.ParentRunner.runChildren(ParentRunner.java:329)
	at org.junit.runners.ParentRunner.access$100(ParentRunner.java:66)
	at org.junit.runners.ParentRunner$2.evaluate(ParentRunner.java:293)
	at org.junit.internal.runners.statements.RunBefores.evaluate(RunBefores.java:26)
	at org.junit.internal.runners.statements.RunAfters.evaluate(RunAfters.java:27)
	at org.junit.runners.ParentRunner$3.evaluate(ParentRunner.java:306)
	at org.junit.runners.ParentRunner.run(ParentRunner.java:413)
	at org.apache.maven.surefire.junit4.JUnit4Provider.execute(JUnit4Provider.java:316)
	at org.apache.maven.surefire.junit4.JUnit4Provider.executeWithRerun(JUnit4Provider.java:240)
	at org.apache.maven.surefire.junit4.JUnit4Provider.executeTestSet(JUnit4Provider.java:214)
	at org.apache.maven.surefire.junit4.JUnit4Provider.invoke(JUnit4Provider.java:155)
	at org.apache.maven.surefire.booter.ForkedBooter.runSuitesInProcess(ForkedBooter.java:385)
	at org.apache.maven.surefire.booter.ForkedBooter.execute(ForkedBooter.java:162)
	at org.apache.maven.surefire.booter.ForkedBooter.run(ForkedBooter.java:507)
	at org.apache.maven.surefire.booter.ForkedBooter.main(ForkedBooter.java:495)
18:07:41.232 [main] DEBUG io.netty.util.ResourceLeakDetector - -Dio.netty.leakDetection.level: simple
18:07:41.232 [main] DEBUG io.netty.util.ResourceLeakDetector - -Dio.netty.leakDetection.targetRecords: 4
18:07:41.233 [main] DEBUG io.netty.buffer.AbstractByteBuf - -Dio.netty.buffer.checkAccessible: true
18:07:41.233 [main] DEBUG io.netty.buffer.AbstractByteBuf - -Dio.netty.buffer.checkBounds: true
18:07:41.233 [main] DEBUG io.netty.util.ResourceLeakDetectorFactory - Loaded default ResourceLeakDetector: io.netty.util.ResourceLeakDetector@5
18:07:41.233 [main] DEBUG io.netty.util.internal.InternalThreadLocalMap - -Dio.netty.threadLocalMap.stringBuilder.initialSize: 1024
18:07:41.233 [main] DEBUG io.netty.util.internal.InternalThreadLocalMap - -Dio.netty.threadLocalMap.stringBuilder.maxSize: 4096
18:07:41.233 [main] DEBUG io.netty.buffer.PooledByteBufAllocator - -Dio.netty.allocator.numHeapArenas: 0
18:07:41.233 [main] DEBUG io.netty.buffer.PooledByteBufAllocator - -Dio.netty.allocator.numDirectArenas: 2
18:07:41.233 [main] DEBUG io.netty.buffer.PooledByteBufAllocator - -Dio.netty.allocator.pageSize: 8192
18:07:41.233 [main] DEBUG io.netty.buffer.PooledByteBufAllocator - -Dio.netty.allocator.maxOrder: 9
18:07:41.233 [main] DEBUG io.netty.buffer.PooledByteBufAllocator - -Dio.netty.allocator.chunkSize: 4194304
18:07:41.233 [main] DEBUG io.netty.buffer.PooledByteBufAllocator - -Dio.netty.allocator.smallCacheSize: 256
18:07:41.233 [main] DEBUG io.netty.buffer.PooledByteBufAllocator - -Dio.netty.allocator.normalCacheSize: 64
18:07:41.234 [main] DEBUG io.netty.buffer.PooledByteBufAllocator - -Dio.netty.allocator.maxCachedBufferCapacity: 32768
18:07:41.234 [main] DEBUG io.netty.buffer.PooledByteBufAllocator - -Dio.netty.allocator.cacheTrimInterval: 8192
18:07:41.234 [main] DEBUG io.netty.buffer.PooledByteBufAllocator - -Dio.netty.allocator.cacheTrimIntervalMillis: 0
18:07:41.234 [main] DEBUG io.netty.buffer.PooledByteBufAllocator - -Dio.netty.allocator.useCacheForAllThreads: false
18:07:41.234 [main] DEBUG io.netty.buffer.PooledByteBufAllocator - -Dio.netty.allocator.maxCachedByteBuffersPerChunk: 1023
18:07:41.234 [main] DEBUG io.netty.buffer.ByteBufUtil - -Dio.netty.allocator.type: pooled
18:07:41.234 [main] DEBUG io.netty.buffer.ByteBufUtil - -Dio.netty.threadLocalDirectBufferSize: 0
18:07:41.234 [main] DEBUG io.netty.buffer.ByteBufUtil - -Dio.netty.maxThreadLocalCharBufferSize: 16384
18:07:41.235 [main] DEBUG io.netty.util.Recycler - -Dio.netty.recycler.maxCapacityPerThread: 4096
18:07:41.235 [main] DEBUG io.netty.util.Recycler - -Dio.netty.recycler.ratio: 8
18:07:41.235 [main] DEBUG io.netty.util.Recycler - -Dio.netty.recycler.chunkSize: 32
18:07:41.235 [main] DEBUG io.netty.util.Recycler - -Dio.netty.recycler.blocking: false
18:07:41.235 [main] DEBUG io.netty.util.Recycler - -Dio.netty.recycler.batchFastThreadLocalOnly: true
18:07:41.235 [main] DEBUG io.netty.util.internal.PlatformDependent - org.jctools-core.MpscChunkedArrayQueue: available
]]></system-out>
  </testcase>
  <testcase name="test20" classname="io.netty.handler.codec.http.multipart.AbstractDiskHttpData_ESTest" time="0.033">
    <system-out><![CDATA[18:07:41.274 [main] DEBUG io.netty.util.internal.logging.InternalLoggerFactory - Using SLF4J as the default logging framework
18:07:41.274 [main] DEBUG io.netty.util.internal.PlatformDependent0 - -Dio.netty.noUnsafe: false
18:07:41.274 [main] DEBUG io.netty.util.internal.PlatformDependent0 - Java version: 8
18:07:41.274 [main] DEBUG io.netty.util.internal.PlatformDependent0 - sun.misc.Unsafe.theUnsafe: available
18:07:41.275 [main] DEBUG io.netty.util.internal.PlatformDependent0 - sun.misc.Unsafe.copyMemory: available
18:07:41.275 [main] DEBUG io.netty.util.internal.PlatformDependent0 - sun.misc.Unsafe.storeFence: available
18:07:41.275 [main] DEBUG io.netty.util.internal.PlatformDependent0 - java.nio.Buffer.address: available
18:07:41.275 [main] DEBUG io.netty.util.internal.PlatformDependent0 - direct buffer constructor: available
18:07:41.275 [main] DEBUG io.netty.util.internal.PlatformDependent0 - java.nio.Bits.unaligned: available, true
18:07:41.275 [main] DEBUG io.netty.util.internal.PlatformDependent0 - jdk.internal.misc.Unsafe.allocateUninitializedArray(int): unavailable prior to Java9
18:07:41.275 [main] DEBUG io.netty.util.internal.PlatformDependent0 - java.nio.DirectByteBuffer.<init>(long, {int,long}): available
18:07:41.275 [main] DEBUG io.netty.util.internal.CleanerJava6 - java.nio.ByteBuffer.cleaner(): available
18:07:41.275 [main] DEBUG io.netty.util.internal.PlatformDependent - sun.misc.Unsafe: available
18:07:41.275 [main] DEBUG io.netty.util.internal.PlatformDependent - -Dio.netty.tmpdir: /tmp (java.io.tmpdir)
18:07:41.275 [main] DEBUG io.netty.util.internal.PlatformDependent - -Dio.netty.bitMode: 64 (sun.arch.data.model)
18:07:41.275 [main] DEBUG io.netty.util.internal.PlatformDependent - -Dio.netty.maxDirectMemory: 11420041216 bytes
18:07:41.275 [main] DEBUG io.netty.util.internal.PlatformDependent - -Dio.netty.uninitializedArrayAllocationThreshold: -1
18:07:41.275 [main] DEBUG io.netty.util.internal.PlatformDependent - -Dio.netty.noPreferDirect: false
18:07:41.275 [main] DEBUG io.netty.util.internal.CleanerJava9 - java.nio.ByteBuffer.cleaner(): unavailable
java.lang.NoSuchMethodException: sun.misc.Unsafe.invokeCleaner(java.nio.ByteBuffer)
	at java.lang.Class.getDeclaredMethod(Class.java:2130)
	at io.netty.util.internal.CleanerJava9$1.run(CleanerJava9.java:45)
	at java.security.AccessController.doPrivileged(Native Method)
	at io.netty.util.internal.CleanerJava9.__STATIC_RESET(CleanerJava9.java:40)
	at sun.reflect.NativeMethodAccessorImpl.invoke0(Native Method)
	at sun.reflect.NativeMethodAccessorImpl.invoke(NativeMethodAccessorImpl.java:62)
	at sun.reflect.DelegatingMethodAccessorImpl.invoke(DelegatingMethodAccessorImpl.java:43)
	at java.lang.reflect.Method.invoke(Method.java:498)
	at org.evosuite.runtime.classhandling.ClassResetter.reset(ClassResetter.java:159)
	at org.evosuite.runtime.classhandling.ClassStateSupport.resetClasses(ClassStateSupport.java:137)
	at io.netty.handler.codec.http.multipart.AbstractDiskHttpData_ESTest_scaffolding.resetClasses(AbstractDiskHttpData_ESTest_scaffolding.java:318)
	at io.netty.handler.codec.http.multipart.AbstractDiskHttpData_ESTest_scaffolding.doneWithTestCase(AbstractDiskHttpData_ESTest_scaffolding.java:74)
	at sun.reflect.NativeMethodAccessorImpl.invoke0(Native Method)
	at sun.reflect.NativeMethodAccessorImpl.invoke(NativeMethodAccessorImpl.java:62)
	at sun.reflect.DelegatingMethodAccessorImpl.invoke(DelegatingMethodAccessorImpl.java:43)
	at java.lang.reflect.Method.invoke(Method.java:498)
	at org.junit.runners.model.FrameworkMethod$1.runReflectiveCall(FrameworkMethod.java:59)
	at org.junit.internal.runners.model.ReflectiveCallable.run(ReflectiveCallable.java:12)
	at org.junit.runners.model.FrameworkMethod.invokeExplosively(FrameworkMethod.java:56)
	at org.junit.internal.runners.statements.RunAfters.invokeMethod(RunAfters.java:46)
	at org.junit.internal.runners.statements.RunAfters.evaluate(RunAfters.java:33)
	at org.evosuite.runtime.vnet.NonFunctionalRequirementRule$1.evaluate(NonFunctionalRequirementRule.java:41)
	at org.junit.runners.ParentRunner$3.evaluate(ParentRunner.java:306)
	at org.junit.runners.BlockJUnit4ClassRunner$1.evaluate(BlockJUnit4ClassRunner.java:100)
	at org.junit.runners.ParentRunner.runLeaf(ParentRunner.java:366)
	at org.junit.runners.BlockJUnit4ClassRunner.runChild(BlockJUnit4ClassRunner.java:103)
	at org.junit.runners.BlockJUnit4ClassRunner.runChild(BlockJUnit4ClassRunner.java:63)
	at org.junit.runners.ParentRunner$4.run(ParentRunner.java:331)
	at org.junit.runners.ParentRunner$1.schedule(ParentRunner.java:79)
	at org.junit.runners.ParentRunner.runChildren(ParentRunner.java:329)
	at org.junit.runners.ParentRunner.access$100(ParentRunner.java:66)
	at org.junit.runners.ParentRunner$2.evaluate(ParentRunner.java:293)
	at org.junit.internal.runners.statements.RunBefores.evaluate(RunBefores.java:26)
	at org.junit.internal.runners.statements.RunAfters.evaluate(RunAfters.java:27)
	at org.junit.runners.ParentRunner$3.evaluate(ParentRunner.java:306)
	at org.junit.runners.ParentRunner.run(ParentRunner.java:413)
	at org.apache.maven.surefire.junit4.JUnit4Provider.execute(JUnit4Provider.java:316)
	at org.apache.maven.surefire.junit4.JUnit4Provider.executeWithRerun(JUnit4Provider.java:240)
	at org.apache.maven.surefire.junit4.JUnit4Provider.executeTestSet(JUnit4Provider.java:214)
	at org.apache.maven.surefire.junit4.JUnit4Provider.invoke(JUnit4Provider.java:155)
	at org.apache.maven.surefire.booter.ForkedBooter.runSuitesInProcess(ForkedBooter.java:385)
	at org.apache.maven.surefire.booter.ForkedBooter.execute(ForkedBooter.java:162)
	at org.apache.maven.surefire.booter.ForkedBooter.run(ForkedBooter.java:507)
	at org.apache.maven.surefire.booter.ForkedBooter.main(ForkedBooter.java:495)
18:07:41.276 [main] DEBUG io.netty.util.ResourceLeakDetector - -Dio.netty.leakDetection.level: simple
18:07:41.276 [main] DEBUG io.netty.util.ResourceLeakDetector - -Dio.netty.leakDetection.targetRecords: 4
18:07:41.276 [main] DEBUG io.netty.buffer.AbstractByteBuf - -Dio.netty.buffer.checkAccessible: true
18:07:41.276 [main] DEBUG io.netty.buffer.AbstractByteBuf - -Dio.netty.buffer.checkBounds: true
18:07:41.276 [main] DEBUG io.netty.util.ResourceLeakDetectorFactory - Loaded default ResourceLeakDetector: io.netty.util.ResourceLeakDetector@5
18:07:41.276 [main] DEBUG io.netty.util.internal.InternalThreadLocalMap - -Dio.netty.threadLocalMap.stringBuilder.initialSize: 1024
18:07:41.276 [main] DEBUG io.netty.util.internal.InternalThreadLocalMap - -Dio.netty.threadLocalMap.stringBuilder.maxSize: 4096
18:07:41.277 [main] DEBUG io.netty.buffer.PooledByteBufAllocator - -Dio.netty.allocator.numHeapArenas: 0
18:07:41.277 [main] DEBUG io.netty.buffer.PooledByteBufAllocator - -Dio.netty.allocator.numDirectArenas: 2
18:07:41.277 [main] DEBUG io.netty.buffer.PooledByteBufAllocator - -Dio.netty.allocator.pageSize: 8192
18:07:41.277 [main] DEBUG io.netty.buffer.PooledByteBufAllocator - -Dio.netty.allocator.maxOrder: 9
18:07:41.277 [main] DEBUG io.netty.buffer.PooledByteBufAllocator - -Dio.netty.allocator.chunkSize: 4194304
18:07:41.277 [main] DEBUG io.netty.buffer.PooledByteBufAllocator - -Dio.netty.allocator.smallCacheSize: 256
18:07:41.277 [main] DEBUG io.netty.buffer.PooledByteBufAllocator - -Dio.netty.allocator.normalCacheSize: 64
18:07:41.277 [main] DEBUG io.netty.buffer.PooledByteBufAllocator - -Dio.netty.allocator.maxCachedBufferCapacity: 32768
18:07:41.277 [main] DEBUG io.netty.buffer.PooledByteBufAllocator - -Dio.netty.allocator.cacheTrimInterval: 8192
18:07:41.277 [main] DEBUG io.netty.buffer.PooledByteBufAllocator - -Dio.netty.allocator.cacheTrimIntervalMillis: 0
18:07:41.277 [main] DEBUG io.netty.buffer.PooledByteBufAllocator - -Dio.netty.allocator.useCacheForAllThreads: false
18:07:41.277 [main] DEBUG io.netty.buffer.PooledByteBufAllocator - -Dio.netty.allocator.maxCachedByteBuffersPerChunk: 1023
18:07:41.278 [main] DEBUG io.netty.buffer.ByteBufUtil - -Dio.netty.allocator.type: pooled
18:07:41.278 [main] DEBUG io.netty.buffer.ByteBufUtil - -Dio.netty.threadLocalDirectBufferSize: 0
18:07:41.278 [main] DEBUG io.netty.buffer.ByteBufUtil - -Dio.netty.maxThreadLocalCharBufferSize: 16384
18:07:41.278 [main] DEBUG io.netty.util.Recycler - -Dio.netty.recycler.maxCapacityPerThread: 4096
18:07:41.278 [main] DEBUG io.netty.util.Recycler - -Dio.netty.recycler.ratio: 8
18:07:41.278 [main] DEBUG io.netty.util.Recycler - -Dio.netty.recycler.chunkSize: 32
18:07:41.278 [main] DEBUG io.netty.util.Recycler - -Dio.netty.recycler.blocking: false
18:07:41.278 [main] DEBUG io.netty.util.Recycler - -Dio.netty.recycler.batchFastThreadLocalOnly: true
18:07:41.278 [main] DEBUG io.netty.util.internal.PlatformDependent - org.jctools-core.MpscChunkedArrayQueue: available
]]></system-out>
  </testcase>
  <testcase name="test64" classname="io.netty.handler.codec.http.multipart.AbstractDiskHttpData_ESTest" time="0.037">
    <system-out><![CDATA[18:07:41.302 [Time-limited test] INFO org.evosuite.runtime.instrumentation.EvoClassLoader - Seeing class for first time: io.netty.handler.codec.http.multipart.AbstractDiskHttpData_ESTest$9
18:07:41.302 [Time-limited test] INFO org.evosuite.runtime.instrumentation.EvoClassLoader - Instrumenting class 'io.netty.handler.codec.http.multipart.AbstractDiskHttpData_ESTest$9'.
18:07:41.303 [Time-limited test] INFO org.evosuite.runtime.instrumentation.EvoClassLoader - Keeping class: io.netty.handler.codec.http.multipart.AbstractDiskHttpData_ESTest$9
18:07:41.304 [pool-2-thread-1] DEBUG org.evosuite.runtime.sandbox.MSecurityManager - Security manager blocks permission ("java.io.FilePermission" "CZcG+*h$VI]_B/FUp_8167810529226497482_-838595071" "write")
java.lang.Thread.getStackTrace(Thread.java:1564)
org.evosuite.runtime.sandbox.MSecurityManager.checkPermission(MSecurityManager.java:424)
java.lang.SecurityManager.checkWrite(SecurityManager.java:979)
sun.nio.fs.UnixChannelFactory.open(UnixChannelFactory.java:247)
sun.nio.fs.UnixChannelFactory.newFileChannel(UnixChannelFactory.java:136)
sun.nio.fs.UnixChannelFactory.newFileChannel(UnixChannelFactory.java:148)
sun.nio.fs.UnixFileSystemProvider.newByteChannel(UnixFileSystemProvider.java:212)
java.nio.file.Files.newByteChannel(Files.java:361)
java.nio.file.Files.createFile(Files.java:632)
java.nio.file.TempFileHelper.create(TempFileHelper.java:138)
java.nio.file.TempFileHelper.createTempFile(TempFileHelper.java:161)
java.nio.file.Files.createTempFile(Files.java:852)
io.netty.util.internal.PlatformDependent.createTempFile(PlatformDependent.java:1501)
io.netty.handler.codec.http.multipart.AbstractDiskHttpData.tempFile(AbstractDiskHttpData.java:94)
io.netty.handler.codec.http.multipart.AbstractDiskHttpData.setContent(AbstractDiskHttpData.java:114)
io.netty.handler.codec.http.multipart.AbstractDiskHttpData_ESTest$9.run(AbstractDiskHttpData_ESTest.java:1105)
java.util.concurrent.Executors$RunnableAdapter.call(Executors.java:511)
java.util.concurrent.FutureTask.run(FutureTask.java:266)
java.util.concurrent.ThreadPoolExecutor.runWorker(ThreadPoolExecutor.java:1149)
java.util.concurrent.ThreadPoolExecutor$Worker.run(ThreadPoolExecutor.java:624)
java.lang.Thread.run(Thread.java:750)

18:07:41.305 [main] DEBUG io.netty.util.internal.logging.InternalLoggerFactory - Using SLF4J as the default logging framework
18:07:41.306 [main] DEBUG io.netty.util.internal.PlatformDependent0 - -Dio.netty.noUnsafe: false
18:07:41.306 [main] DEBUG io.netty.util.internal.PlatformDependent0 - Java version: 8
18:07:41.306 [main] DEBUG io.netty.util.internal.PlatformDependent0 - sun.misc.Unsafe.theUnsafe: available
18:07:41.306 [main] DEBUG io.netty.util.internal.PlatformDependent0 - sun.misc.Unsafe.copyMemory: available
18:07:41.306 [main] DEBUG io.netty.util.internal.PlatformDependent0 - sun.misc.Unsafe.storeFence: available
18:07:41.306 [main] DEBUG io.netty.util.internal.PlatformDependent0 - java.nio.Buffer.address: available
18:07:41.306 [main] DEBUG io.netty.util.internal.PlatformDependent0 - direct buffer constructor: available
18:07:41.306 [main] DEBUG io.netty.util.internal.PlatformDependent0 - java.nio.Bits.unaligned: available, true
18:07:41.306 [main] DEBUG io.netty.util.internal.PlatformDependent0 - jdk.internal.misc.Unsafe.allocateUninitializedArray(int): unavailable prior to Java9
18:07:41.306 [main] DEBUG io.netty.util.internal.PlatformDependent0 - java.nio.DirectByteBuffer.<init>(long, {int,long}): available
18:07:41.306 [main] DEBUG io.netty.util.internal.CleanerJava6 - java.nio.ByteBuffer.cleaner(): available
18:07:41.306 [main] DEBUG io.netty.util.internal.PlatformDependent - sun.misc.Unsafe: available
18:07:41.306 [main] DEBUG io.netty.util.internal.PlatformDependent - -Dio.netty.tmpdir: /tmp (java.io.tmpdir)
18:07:41.306 [main] DEBUG io.netty.util.internal.PlatformDependent - -Dio.netty.bitMode: 64 (sun.arch.data.model)
18:07:41.306 [main] DEBUG io.netty.util.internal.PlatformDependent - -Dio.netty.maxDirectMemory: 11420041216 bytes
18:07:41.306 [main] DEBUG io.netty.util.internal.PlatformDependent - -Dio.netty.uninitializedArrayAllocationThreshold: -1
18:07:41.306 [main] DEBUG io.netty.util.internal.PlatformDependent - -Dio.netty.noPreferDirect: false
18:07:41.307 [main] DEBUG io.netty.util.internal.CleanerJava9 - java.nio.ByteBuffer.cleaner(): unavailable
java.lang.NoSuchMethodException: sun.misc.Unsafe.invokeCleaner(java.nio.ByteBuffer)
	at java.lang.Class.getDeclaredMethod(Class.java:2130)
	at io.netty.util.internal.CleanerJava9$1.run(CleanerJava9.java:45)
	at java.security.AccessController.doPrivileged(Native Method)
	at io.netty.util.internal.CleanerJava9.__STATIC_RESET(CleanerJava9.java:40)
	at sun.reflect.NativeMethodAccessorImpl.invoke0(Native Method)
	at sun.reflect.NativeMethodAccessorImpl.invoke(NativeMethodAccessorImpl.java:62)
	at sun.reflect.DelegatingMethodAccessorImpl.invoke(DelegatingMethodAccessorImpl.java:43)
	at java.lang.reflect.Method.invoke(Method.java:498)
	at org.evosuite.runtime.classhandling.ClassResetter.reset(ClassResetter.java:159)
	at org.evosuite.runtime.classhandling.ClassStateSupport.resetClasses(ClassStateSupport.java:137)
	at io.netty.handler.codec.http.multipart.AbstractDiskHttpData_ESTest_scaffolding.resetClasses(AbstractDiskHttpData_ESTest_scaffolding.java:318)
	at io.netty.handler.codec.http.multipart.AbstractDiskHttpData_ESTest_scaffolding.doneWithTestCase(AbstractDiskHttpData_ESTest_scaffolding.java:74)
	at sun.reflect.NativeMethodAccessorImpl.invoke0(Native Method)
	at sun.reflect.NativeMethodAccessorImpl.invoke(NativeMethodAccessorImpl.java:62)
	at sun.reflect.DelegatingMethodAccessorImpl.invoke(DelegatingMethodAccessorImpl.java:43)
	at java.lang.reflect.Method.invoke(Method.java:498)
	at org.junit.runners.model.FrameworkMethod$1.runReflectiveCall(FrameworkMethod.java:59)
	at org.junit.internal.runners.model.ReflectiveCallable.run(ReflectiveCallable.java:12)
	at org.junit.runners.model.FrameworkMethod.invokeExplosively(FrameworkMethod.java:56)
	at org.junit.internal.runners.statements.RunAfters.invokeMethod(RunAfters.java:46)
	at org.junit.internal.runners.statements.RunAfters.evaluate(RunAfters.java:33)
	at org.evosuite.runtime.vnet.NonFunctionalRequirementRule$1.evaluate(NonFunctionalRequirementRule.java:41)
	at org.junit.runners.ParentRunner$3.evaluate(ParentRunner.java:306)
	at org.junit.runners.BlockJUnit4ClassRunner$1.evaluate(BlockJUnit4ClassRunner.java:100)
	at org.junit.runners.ParentRunner.runLeaf(ParentRunner.java:366)
	at org.junit.runners.BlockJUnit4ClassRunner.runChild(BlockJUnit4ClassRunner.java:103)
	at org.junit.runners.BlockJUnit4ClassRunner.runChild(BlockJUnit4ClassRunner.java:63)
	at org.junit.runners.ParentRunner$4.run(ParentRunner.java:331)
	at org.junit.runners.ParentRunner$1.schedule(ParentRunner.java:79)
	at org.junit.runners.ParentRunner.runChildren(ParentRunner.java:329)
	at org.junit.runners.ParentRunner.access$100(ParentRunner.java:66)
	at org.junit.runners.ParentRunner$2.evaluate(ParentRunner.java:293)
	at org.junit.internal.runners.statements.RunBefores.evaluate(RunBefores.java:26)
	at org.junit.internal.runners.statements.RunAfters.evaluate(RunAfters.java:27)
	at org.junit.runners.ParentRunner$3.evaluate(ParentRunner.java:306)
	at org.junit.runners.ParentRunner.run(ParentRunner.java:413)
	at org.apache.maven.surefire.junit4.JUnit4Provider.execute(JUnit4Provider.java:316)
	at org.apache.maven.surefire.junit4.JUnit4Provider.executeWithRerun(JUnit4Provider.java:240)
	at org.apache.maven.surefire.junit4.JUnit4Provider.executeTestSet(JUnit4Provider.java:214)
	at org.apache.maven.surefire.junit4.JUnit4Provider.invoke(JUnit4Provider.java:155)
	at org.apache.maven.surefire.booter.ForkedBooter.runSuitesInProcess(ForkedBooter.java:385)
	at org.apache.maven.surefire.booter.ForkedBooter.execute(ForkedBooter.java:162)
	at org.apache.maven.surefire.booter.ForkedBooter.run(ForkedBooter.java:507)
	at org.apache.maven.surefire.booter.ForkedBooter.main(ForkedBooter.java:495)
18:07:41.307 [main] DEBUG io.netty.util.ResourceLeakDetector - -Dio.netty.leakDetection.level: simple
18:07:41.307 [main] DEBUG io.netty.util.ResourceLeakDetector - -Dio.netty.leakDetection.targetRecords: 4
18:07:41.307 [main] DEBUG io.netty.buffer.AbstractByteBuf - -Dio.netty.buffer.checkAccessible: true
18:07:41.307 [main] DEBUG io.netty.buffer.AbstractByteBuf - -Dio.netty.buffer.checkBounds: true
18:07:41.308 [main] DEBUG io.netty.util.ResourceLeakDetectorFactory - Loaded default ResourceLeakDetector: io.netty.util.ResourceLeakDetector@5
18:07:41.308 [main] DEBUG io.netty.util.internal.InternalThreadLocalMap - -Dio.netty.threadLocalMap.stringBuilder.initialSize: 1024
18:07:41.308 [main] DEBUG io.netty.util.internal.InternalThreadLocalMap - -Dio.netty.threadLocalMap.stringBuilder.maxSize: 4096
18:07:41.308 [main] DEBUG io.netty.buffer.PooledByteBufAllocator - -Dio.netty.allocator.numHeapArenas: 0
18:07:41.308 [main] DEBUG io.netty.buffer.PooledByteBufAllocator - -Dio.netty.allocator.numDirectArenas: 2
18:07:41.308 [main] DEBUG io.netty.buffer.PooledByteBufAllocator - -Dio.netty.allocator.pageSize: 8192
18:07:41.308 [main] DEBUG io.netty.buffer.PooledByteBufAllocator - -Dio.netty.allocator.maxOrder: 9
18:07:41.308 [main] DEBUG io.netty.buffer.PooledByteBufAllocator - -Dio.netty.allocator.chunkSize: 4194304
18:07:41.308 [main] DEBUG io.netty.buffer.PooledByteBufAllocator - -Dio.netty.allocator.smallCacheSize: 256
18:07:41.308 [main] DEBUG io.netty.buffer.PooledByteBufAllocator - -Dio.netty.allocator.normalCacheSize: 64
18:07:41.308 [main] DEBUG io.netty.buffer.PooledByteBufAllocator - -Dio.netty.allocator.maxCachedBufferCapacity: 32768
18:07:41.308 [main] DEBUG io.netty.buffer.PooledByteBufAllocator - -Dio.netty.allocator.cacheTrimInterval: 8192
18:07:41.308 [main] DEBUG io.netty.buffer.PooledByteBufAllocator - -Dio.netty.allocator.cacheTrimIntervalMillis: 0
18:07:41.308 [main] DEBUG io.netty.buffer.PooledByteBufAllocator - -Dio.netty.allocator.useCacheForAllThreads: false
18:07:41.308 [main] DEBUG io.netty.buffer.PooledByteBufAllocator - -Dio.netty.allocator.maxCachedByteBuffersPerChunk: 1023
18:07:41.309 [main] DEBUG io.netty.buffer.ByteBufUtil - -Dio.netty.allocator.type: pooled
18:07:41.309 [main] DEBUG io.netty.buffer.ByteBufUtil - -Dio.netty.threadLocalDirectBufferSize: 0
18:07:41.309 [main] DEBUG io.netty.buffer.ByteBufUtil - -Dio.netty.maxThreadLocalCharBufferSize: 16384
18:07:41.309 [main] DEBUG io.netty.util.Recycler - -Dio.netty.recycler.maxCapacityPerThread: 4096
18:07:41.309 [main] DEBUG io.netty.util.Recycler - -Dio.netty.recycler.ratio: 8
18:07:41.309 [main] DEBUG io.netty.util.Recycler - -Dio.netty.recycler.chunkSize: 32
18:07:41.309 [main] DEBUG io.netty.util.Recycler - -Dio.netty.recycler.blocking: false
18:07:41.309 [main] DEBUG io.netty.util.Recycler - -Dio.netty.recycler.batchFastThreadLocalOnly: true
18:07:41.309 [main] DEBUG io.netty.util.internal.PlatformDependent - org.jctools-core.MpscChunkedArrayQueue: available
]]></system-out>
  </testcase>
  <testcase name="test23" classname="io.netty.handler.codec.http.multipart.AbstractDiskHttpData_ESTest" time="0.049">
    <system-out><![CDATA[18:07:41.351 [main] DEBUG io.netty.util.internal.logging.InternalLoggerFactory - Using SLF4J as the default logging framework
18:07:41.352 [main] DEBUG io.netty.util.internal.PlatformDependent0 - -Dio.netty.noUnsafe: false
18:07:41.352 [main] DEBUG io.netty.util.internal.PlatformDependent0 - Java version: 8
18:07:41.352 [main] DEBUG io.netty.util.internal.PlatformDependent0 - sun.misc.Unsafe.theUnsafe: available
18:07:41.352 [main] DEBUG io.netty.util.internal.PlatformDependent0 - sun.misc.Unsafe.copyMemory: available
18:07:41.352 [main] DEBUG io.netty.util.internal.PlatformDependent0 - sun.misc.Unsafe.storeFence: available
18:07:41.352 [main] DEBUG io.netty.util.internal.PlatformDependent0 - java.nio.Buffer.address: available
18:07:41.352 [main] DEBUG io.netty.util.internal.PlatformDependent0 - direct buffer constructor: available
18:07:41.352 [main] DEBUG io.netty.util.internal.PlatformDependent0 - java.nio.Bits.unaligned: available, true
18:07:41.352 [main] DEBUG io.netty.util.internal.PlatformDependent0 - jdk.internal.misc.Unsafe.allocateUninitializedArray(int): unavailable prior to Java9
18:07:41.352 [main] DEBUG io.netty.util.internal.PlatformDependent0 - java.nio.DirectByteBuffer.<init>(long, {int,long}): available
18:07:41.352 [main] DEBUG io.netty.util.internal.CleanerJava6 - java.nio.ByteBuffer.cleaner(): available
18:07:41.352 [main] DEBUG io.netty.util.internal.PlatformDependent - sun.misc.Unsafe: available
18:07:41.352 [main] DEBUG io.netty.util.internal.PlatformDependent - -Dio.netty.tmpdir: /tmp (java.io.tmpdir)
18:07:41.352 [main] DEBUG io.netty.util.internal.PlatformDependent - -Dio.netty.bitMode: 64 (sun.arch.data.model)
18:07:41.352 [main] DEBUG io.netty.util.internal.PlatformDependent - -Dio.netty.maxDirectMemory: 11420041216 bytes
18:07:41.352 [main] DEBUG io.netty.util.internal.PlatformDependent - -Dio.netty.uninitializedArrayAllocationThreshold: -1
18:07:41.352 [main] DEBUG io.netty.util.internal.PlatformDependent - -Dio.netty.noPreferDirect: false
18:07:41.353 [main] DEBUG io.netty.util.internal.CleanerJava9 - java.nio.ByteBuffer.cleaner(): unavailable
java.lang.NoSuchMethodException: sun.misc.Unsafe.invokeCleaner(java.nio.ByteBuffer)
	at java.lang.Class.getDeclaredMethod(Class.java:2130)
	at io.netty.util.internal.CleanerJava9$1.run(CleanerJava9.java:45)
	at java.security.AccessController.doPrivileged(Native Method)
	at io.netty.util.internal.CleanerJava9.__STATIC_RESET(CleanerJava9.java:40)
	at sun.reflect.NativeMethodAccessorImpl.invoke0(Native Method)
	at sun.reflect.NativeMethodAccessorImpl.invoke(NativeMethodAccessorImpl.java:62)
	at sun.reflect.DelegatingMethodAccessorImpl.invoke(DelegatingMethodAccessorImpl.java:43)
	at java.lang.reflect.Method.invoke(Method.java:498)
	at org.evosuite.runtime.classhandling.ClassResetter.reset(ClassResetter.java:159)
	at org.evosuite.runtime.classhandling.ClassStateSupport.resetClasses(ClassStateSupport.java:137)
	at io.netty.handler.codec.http.multipart.AbstractDiskHttpData_ESTest_scaffolding.resetClasses(AbstractDiskHttpData_ESTest_scaffolding.java:318)
	at io.netty.handler.codec.http.multipart.AbstractDiskHttpData_ESTest_scaffolding.doneWithTestCase(AbstractDiskHttpData_ESTest_scaffolding.java:74)
	at sun.reflect.NativeMethodAccessorImpl.invoke0(Native Method)
	at sun.reflect.NativeMethodAccessorImpl.invoke(NativeMethodAccessorImpl.java:62)
	at sun.reflect.DelegatingMethodAccessorImpl.invoke(DelegatingMethodAccessorImpl.java:43)
	at java.lang.reflect.Method.invoke(Method.java:498)
	at org.junit.runners.model.FrameworkMethod$1.runReflectiveCall(FrameworkMethod.java:59)
	at org.junit.internal.runners.model.ReflectiveCallable.run(ReflectiveCallable.java:12)
	at org.junit.runners.model.FrameworkMethod.invokeExplosively(FrameworkMethod.java:56)
	at org.junit.internal.runners.statements.RunAfters.invokeMethod(RunAfters.java:46)
	at org.junit.internal.runners.statements.RunAfters.evaluate(RunAfters.java:33)
	at org.evosuite.runtime.vnet.NonFunctionalRequirementRule$1.evaluate(NonFunctionalRequirementRule.java:41)
	at org.junit.runners.ParentRunner$3.evaluate(ParentRunner.java:306)
	at org.junit.runners.BlockJUnit4ClassRunner$1.evaluate(BlockJUnit4ClassRunner.java:100)
	at org.junit.runners.ParentRunner.runLeaf(ParentRunner.java:366)
	at org.junit.runners.BlockJUnit4ClassRunner.runChild(BlockJUnit4ClassRunner.java:103)
	at org.junit.runners.BlockJUnit4ClassRunner.runChild(BlockJUnit4ClassRunner.java:63)
	at org.junit.runners.ParentRunner$4.run(ParentRunner.java:331)
	at org.junit.runners.ParentRunner$1.schedule(ParentRunner.java:79)
	at org.junit.runners.ParentRunner.runChildren(ParentRunner.java:329)
	at org.junit.runners.ParentRunner.access$100(ParentRunner.java:66)
	at org.junit.runners.ParentRunner$2.evaluate(ParentRunner.java:293)
	at org.junit.internal.runners.statements.RunBefores.evaluate(RunBefores.java:26)
	at org.junit.internal.runners.statements.RunAfters.evaluate(RunAfters.java:27)
	at org.junit.runners.ParentRunner$3.evaluate(ParentRunner.java:306)
	at org.junit.runners.ParentRunner.run(ParentRunner.java:413)
	at org.apache.maven.surefire.junit4.JUnit4Provider.execute(JUnit4Provider.java:316)
	at org.apache.maven.surefire.junit4.JUnit4Provider.executeWithRerun(JUnit4Provider.java:240)
	at org.apache.maven.surefire.junit4.JUnit4Provider.executeTestSet(JUnit4Provider.java:214)
	at org.apache.maven.surefire.junit4.JUnit4Provider.invoke(JUnit4Provider.java:155)
	at org.apache.maven.surefire.booter.ForkedBooter.runSuitesInProcess(ForkedBooter.java:385)
	at org.apache.maven.surefire.booter.ForkedBooter.execute(ForkedBooter.java:162)
	at org.apache.maven.surefire.booter.ForkedBooter.run(ForkedBooter.java:507)
	at org.apache.maven.surefire.booter.ForkedBooter.main(ForkedBooter.java:495)
18:07:41.353 [main] DEBUG io.netty.util.ResourceLeakDetector - -Dio.netty.leakDetection.level: simple
18:07:41.353 [main] DEBUG io.netty.util.ResourceLeakDetector - -Dio.netty.leakDetection.targetRecords: 4
18:07:41.353 [main] DEBUG io.netty.buffer.AbstractByteBuf - -Dio.netty.buffer.checkAccessible: true
18:07:41.353 [main] DEBUG io.netty.buffer.AbstractByteBuf - -Dio.netty.buffer.checkBounds: true
18:07:41.353 [main] DEBUG io.netty.util.ResourceLeakDetectorFactory - Loaded default ResourceLeakDetector: io.netty.util.ResourceLeakDetector@5
18:07:41.353 [main] DEBUG io.netty.util.internal.InternalThreadLocalMap - -Dio.netty.threadLocalMap.stringBuilder.initialSize: 1024
18:07:41.353 [main] DEBUG io.netty.util.internal.InternalThreadLocalMap - -Dio.netty.threadLocalMap.stringBuilder.maxSize: 4096
18:07:41.354 [main] DEBUG io.netty.buffer.PooledByteBufAllocator - -Dio.netty.allocator.numHeapArenas: 0
18:07:41.354 [main] DEBUG io.netty.buffer.PooledByteBufAllocator - -Dio.netty.allocator.numDirectArenas: 2
18:07:41.354 [main] DEBUG io.netty.buffer.PooledByteBufAllocator - -Dio.netty.allocator.pageSize: 8192
18:07:41.354 [main] DEBUG io.netty.buffer.PooledByteBufAllocator - -Dio.netty.allocator.maxOrder: 9
18:07:41.354 [main] DEBUG io.netty.buffer.PooledByteBufAllocator - -Dio.netty.allocator.chunkSize: 4194304
18:07:41.354 [main] DEBUG io.netty.buffer.PooledByteBufAllocator - -Dio.netty.allocator.smallCacheSize: 256
18:07:41.354 [main] DEBUG io.netty.buffer.PooledByteBufAllocator - -Dio.netty.allocator.normalCacheSize: 64
18:07:41.354 [main] DEBUG io.netty.buffer.PooledByteBufAllocator - -Dio.netty.allocator.maxCachedBufferCapacity: 32768
18:07:41.354 [main] DEBUG io.netty.buffer.PooledByteBufAllocator - -Dio.netty.allocator.cacheTrimInterval: 8192
18:07:41.354 [main] DEBUG io.netty.buffer.PooledByteBufAllocator - -Dio.netty.allocator.cacheTrimIntervalMillis: 0
18:07:41.354 [main] DEBUG io.netty.buffer.PooledByteBufAllocator - -Dio.netty.allocator.useCacheForAllThreads: false
18:07:41.354 [main] DEBUG io.netty.buffer.PooledByteBufAllocator - -Dio.netty.allocator.maxCachedByteBuffersPerChunk: 1023
18:07:41.354 [main] DEBUG io.netty.buffer.ByteBufUtil - -Dio.netty.allocator.type: pooled
18:07:41.354 [main] DEBUG io.netty.buffer.ByteBufUtil - -Dio.netty.threadLocalDirectBufferSize: 0
18:07:41.354 [main] DEBUG io.netty.buffer.ByteBufUtil - -Dio.netty.maxThreadLocalCharBufferSize: 16384
18:07:41.354 [main] DEBUG io.netty.util.Recycler - -Dio.netty.recycler.maxCapacityPerThread: 4096
18:07:41.354 [main] DEBUG io.netty.util.Recycler - -Dio.netty.recycler.ratio: 8
18:07:41.354 [main] DEBUG io.netty.util.Recycler - -Dio.netty.recycler.chunkSize: 32
18:07:41.354 [main] DEBUG io.netty.util.Recycler - -Dio.netty.recycler.blocking: false
18:07:41.354 [main] DEBUG io.netty.util.Recycler - -Dio.netty.recycler.batchFastThreadLocalOnly: true
18:07:41.354 [main] DEBUG io.netty.util.internal.PlatformDependent - org.jctools-core.MpscChunkedArrayQueue: available
]]></system-out>
  </testcase>
  <testcase name="test67" classname="io.netty.handler.codec.http.multipart.AbstractDiskHttpData_ESTest" time="0.023">
    <system-out><![CDATA[18:07:41.364 [main] DEBUG io.netty.util.internal.logging.InternalLoggerFactory - Using SLF4J as the default logging framework
18:07:41.364 [main] DEBUG io.netty.util.internal.PlatformDependent0 - -Dio.netty.noUnsafe: false
18:07:41.364 [main] DEBUG io.netty.util.internal.PlatformDependent0 - Java version: 8
18:07:41.364 [main] DEBUG io.netty.util.internal.PlatformDependent0 - sun.misc.Unsafe.theUnsafe: available
18:07:41.364 [main] DEBUG io.netty.util.internal.PlatformDependent0 - sun.misc.Unsafe.copyMemory: available
18:07:41.364 [main] DEBUG io.netty.util.internal.PlatformDependent0 - sun.misc.Unsafe.storeFence: available
18:07:41.364 [main] DEBUG io.netty.util.internal.PlatformDependent0 - java.nio.Buffer.address: available
18:07:41.364 [main] DEBUG io.netty.util.internal.PlatformDependent0 - direct buffer constructor: available
18:07:41.364 [main] DEBUG io.netty.util.internal.PlatformDependent0 - java.nio.Bits.unaligned: available, true
18:07:41.364 [main] DEBUG io.netty.util.internal.PlatformDependent0 - jdk.internal.misc.Unsafe.allocateUninitializedArray(int): unavailable prior to Java9
18:07:41.364 [main] DEBUG io.netty.util.internal.PlatformDependent0 - java.nio.DirectByteBuffer.<init>(long, {int,long}): available
18:07:41.365 [main] DEBUG io.netty.util.internal.CleanerJava6 - java.nio.ByteBuffer.cleaner(): available
18:07:41.365 [main] DEBUG io.netty.util.internal.PlatformDependent - sun.misc.Unsafe: available
18:07:41.365 [main] DEBUG io.netty.util.internal.PlatformDependent - -Dio.netty.tmpdir: /tmp (java.io.tmpdir)
18:07:41.365 [main] DEBUG io.netty.util.internal.PlatformDependent - -Dio.netty.bitMode: 64 (sun.arch.data.model)
18:07:41.365 [main] DEBUG io.netty.util.internal.PlatformDependent - -Dio.netty.maxDirectMemory: 11420041216 bytes
18:07:41.365 [main] DEBUG io.netty.util.internal.PlatformDependent - -Dio.netty.uninitializedArrayAllocationThreshold: -1
18:07:41.365 [main] DEBUG io.netty.util.internal.PlatformDependent - -Dio.netty.noPreferDirect: false
18:07:41.365 [main] DEBUG io.netty.util.internal.CleanerJava9 - java.nio.ByteBuffer.cleaner(): unavailable
java.lang.NoSuchMethodException: sun.misc.Unsafe.invokeCleaner(java.nio.ByteBuffer)
	at java.lang.Class.getDeclaredMethod(Class.java:2130)
	at io.netty.util.internal.CleanerJava9$1.run(CleanerJava9.java:45)
	at java.security.AccessController.doPrivileged(Native Method)
	at io.netty.util.internal.CleanerJava9.__STATIC_RESET(CleanerJava9.java:40)
	at sun.reflect.NativeMethodAccessorImpl.invoke0(Native Method)
	at sun.reflect.NativeMethodAccessorImpl.invoke(NativeMethodAccessorImpl.java:62)
	at sun.reflect.DelegatingMethodAccessorImpl.invoke(DelegatingMethodAccessorImpl.java:43)
	at java.lang.reflect.Method.invoke(Method.java:498)
	at org.evosuite.runtime.classhandling.ClassResetter.reset(ClassResetter.java:159)
	at org.evosuite.runtime.classhandling.ClassStateSupport.resetClasses(ClassStateSupport.java:137)
	at io.netty.handler.codec.http.multipart.AbstractDiskHttpData_ESTest_scaffolding.resetClasses(AbstractDiskHttpData_ESTest_scaffolding.java:318)
	at io.netty.handler.codec.http.multipart.AbstractDiskHttpData_ESTest_scaffolding.doneWithTestCase(AbstractDiskHttpData_ESTest_scaffolding.java:74)
	at sun.reflect.NativeMethodAccessorImpl.invoke0(Native Method)
	at sun.reflect.NativeMethodAccessorImpl.invoke(NativeMethodAccessorImpl.java:62)
	at sun.reflect.DelegatingMethodAccessorImpl.invoke(DelegatingMethodAccessorImpl.java:43)
	at java.lang.reflect.Method.invoke(Method.java:498)
	at org.junit.runners.model.FrameworkMethod$1.runReflectiveCall(FrameworkMethod.java:59)
	at org.junit.internal.runners.model.ReflectiveCallable.run(ReflectiveCallable.java:12)
	at org.junit.runners.model.FrameworkMethod.invokeExplosively(FrameworkMethod.java:56)
	at org.junit.internal.runners.statements.RunAfters.invokeMethod(RunAfters.java:46)
	at org.junit.internal.runners.statements.RunAfters.evaluate(RunAfters.java:33)
	at org.evosuite.runtime.vnet.NonFunctionalRequirementRule$1.evaluate(NonFunctionalRequirementRule.java:41)
	at org.junit.runners.ParentRunner$3.evaluate(ParentRunner.java:306)
	at org.junit.runners.BlockJUnit4ClassRunner$1.evaluate(BlockJUnit4ClassRunner.java:100)
	at org.junit.runners.ParentRunner.runLeaf(ParentRunner.java:366)
	at org.junit.runners.BlockJUnit4ClassRunner.runChild(BlockJUnit4ClassRunner.java:103)
	at org.junit.runners.BlockJUnit4ClassRunner.runChild(BlockJUnit4ClassRunner.java:63)
	at org.junit.runners.ParentRunner$4.run(ParentRunner.java:331)
	at org.junit.runners.ParentRunner$1.schedule(ParentRunner.java:79)
	at org.junit.runners.ParentRunner.runChildren(ParentRunner.java:329)
	at org.junit.runners.ParentRunner.access$100(ParentRunner.java:66)
	at org.junit.runners.ParentRunner$2.evaluate(ParentRunner.java:293)
	at org.junit.internal.runners.statements.RunBefores.evaluate(RunBefores.java:26)
	at org.junit.internal.runners.statements.RunAfters.evaluate(RunAfters.java:27)
	at org.junit.runners.ParentRunner$3.evaluate(ParentRunner.java:306)
	at org.junit.runners.ParentRunner.run(ParentRunner.java:413)
	at org.apache.maven.surefire.junit4.JUnit4Provider.execute(JUnit4Provider.java:316)
	at org.apache.maven.surefire.junit4.JUnit4Provider.executeWithRerun(JUnit4Provider.java:240)
	at org.apache.maven.surefire.junit4.JUnit4Provider.executeTestSet(JUnit4Provider.java:214)
	at org.apache.maven.surefire.junit4.JUnit4Provider.invoke(JUnit4Provider.java:155)
	at org.apache.maven.surefire.booter.ForkedBooter.runSuitesInProcess(ForkedBooter.java:385)
	at org.apache.maven.surefire.booter.ForkedBooter.execute(ForkedBooter.java:162)
	at org.apache.maven.surefire.booter.ForkedBooter.run(ForkedBooter.java:507)
	at org.apache.maven.surefire.booter.ForkedBooter.main(ForkedBooter.java:495)
18:07:41.366 [main] DEBUG io.netty.util.ResourceLeakDetector - -Dio.netty.leakDetection.level: simple
18:07:41.366 [main] DEBUG io.netty.util.ResourceLeakDetector - -Dio.netty.leakDetection.targetRecords: 4
18:07:41.366 [main] DEBUG io.netty.buffer.AbstractByteBuf - -Dio.netty.buffer.checkAccessible: true
18:07:41.366 [main] DEBUG io.netty.buffer.AbstractByteBuf - -Dio.netty.buffer.checkBounds: true
18:07:41.366 [main] DEBUG io.netty.util.ResourceLeakDetectorFactory - Loaded default ResourceLeakDetector: io.netty.util.ResourceLeakDetector@5
18:07:41.367 [main] DEBUG io.netty.util.internal.InternalThreadLocalMap - -Dio.netty.threadLocalMap.stringBuilder.initialSize: 1024
18:07:41.367 [main] DEBUG io.netty.util.internal.InternalThreadLocalMap - -Dio.netty.threadLocalMap.stringBuilder.maxSize: 4096
18:07:41.367 [main] DEBUG io.netty.buffer.PooledByteBufAllocator - -Dio.netty.allocator.numHeapArenas: 0
18:07:41.367 [main] DEBUG io.netty.buffer.PooledByteBufAllocator - -Dio.netty.allocator.numDirectArenas: 2
18:07:41.367 [main] DEBUG io.netty.buffer.PooledByteBufAllocator - -Dio.netty.allocator.pageSize: 8192
18:07:41.367 [main] DEBUG io.netty.buffer.PooledByteBufAllocator - -Dio.netty.allocator.maxOrder: 9
18:07:41.367 [main] DEBUG io.netty.buffer.PooledByteBufAllocator - -Dio.netty.allocator.chunkSize: 4194304
18:07:41.367 [main] DEBUG io.netty.buffer.PooledByteBufAllocator - -Dio.netty.allocator.smallCacheSize: 256
18:07:41.367 [main] DEBUG io.netty.buffer.PooledByteBufAllocator - -Dio.netty.allocator.normalCacheSize: 64
18:07:41.367 [main] DEBUG io.netty.buffer.PooledByteBufAllocator - -Dio.netty.allocator.maxCachedBufferCapacity: 32768
18:07:41.367 [main] DEBUG io.netty.buffer.PooledByteBufAllocator - -Dio.netty.allocator.cacheTrimInterval: 8192
18:07:41.367 [main] DEBUG io.netty.buffer.PooledByteBufAllocator - -Dio.netty.allocator.cacheTrimIntervalMillis: 0
18:07:41.367 [main] DEBUG io.netty.buffer.PooledByteBufAllocator - -Dio.netty.allocator.useCacheForAllThreads: false
18:07:41.367 [main] DEBUG io.netty.buffer.PooledByteBufAllocator - -Dio.netty.allocator.maxCachedByteBuffersPerChunk: 1023
18:07:41.368 [main] DEBUG io.netty.buffer.ByteBufUtil - -Dio.netty.allocator.type: pooled
18:07:41.368 [main] DEBUG io.netty.buffer.ByteBufUtil - -Dio.netty.threadLocalDirectBufferSize: 0
18:07:41.368 [main] DEBUG io.netty.buffer.ByteBufUtil - -Dio.netty.maxThreadLocalCharBufferSize: 16384
18:07:41.369 [main] DEBUG io.netty.util.Recycler - -Dio.netty.recycler.maxCapacityPerThread: 4096
18:07:41.369 [main] DEBUG io.netty.util.Recycler - -Dio.netty.recycler.ratio: 8
18:07:41.369 [main] DEBUG io.netty.util.Recycler - -Dio.netty.recycler.chunkSize: 32
18:07:41.369 [main] DEBUG io.netty.util.Recycler - -Dio.netty.recycler.blocking: false
18:07:41.369 [main] DEBUG io.netty.util.Recycler - -Dio.netty.recycler.batchFastThreadLocalOnly: true
18:07:41.369 [main] DEBUG io.netty.util.internal.PlatformDependent - org.jctools-core.MpscChunkedArrayQueue: available
]]></system-out>
  </testcase>
  <testcase name="test22" classname="io.netty.handler.codec.http.multipart.AbstractDiskHttpData_ESTest" time="0.025">
    <system-out><![CDATA[18:07:41.388 [main] DEBUG io.netty.util.internal.logging.InternalLoggerFactory - Using SLF4J as the default logging framework
18:07:41.388 [main] DEBUG io.netty.util.internal.PlatformDependent0 - -Dio.netty.noUnsafe: false
18:07:41.388 [main] DEBUG io.netty.util.internal.PlatformDependent0 - Java version: 8
18:07:41.388 [main] DEBUG io.netty.util.internal.PlatformDependent0 - sun.misc.Unsafe.theUnsafe: available
18:07:41.388 [main] DEBUG io.netty.util.internal.PlatformDependent0 - sun.misc.Unsafe.copyMemory: available
18:07:41.388 [main] DEBUG io.netty.util.internal.PlatformDependent0 - sun.misc.Unsafe.storeFence: available
18:07:41.388 [main] DEBUG io.netty.util.internal.PlatformDependent0 - java.nio.Buffer.address: available
18:07:41.388 [main] DEBUG io.netty.util.internal.PlatformDependent0 - direct buffer constructor: available
18:07:41.388 [main] DEBUG io.netty.util.internal.PlatformDependent0 - java.nio.Bits.unaligned: available, true
18:07:41.388 [main] DEBUG io.netty.util.internal.PlatformDependent0 - jdk.internal.misc.Unsafe.allocateUninitializedArray(int): unavailable prior to Java9
18:07:41.388 [main] DEBUG io.netty.util.internal.PlatformDependent0 - java.nio.DirectByteBuffer.<init>(long, {int,long}): available
18:07:41.388 [main] DEBUG io.netty.util.internal.CleanerJava6 - java.nio.ByteBuffer.cleaner(): available
18:07:41.389 [main] DEBUG io.netty.util.internal.PlatformDependent - sun.misc.Unsafe: available
18:07:41.389 [main] DEBUG io.netty.util.internal.PlatformDependent - -Dio.netty.tmpdir: /tmp (java.io.tmpdir)
18:07:41.389 [main] DEBUG io.netty.util.internal.PlatformDependent - -Dio.netty.bitMode: 64 (sun.arch.data.model)
18:07:41.389 [main] DEBUG io.netty.util.internal.PlatformDependent - -Dio.netty.maxDirectMemory: 11420041216 bytes
18:07:41.389 [main] DEBUG io.netty.util.internal.PlatformDependent - -Dio.netty.uninitializedArrayAllocationThreshold: -1
18:07:41.389 [main] DEBUG io.netty.util.internal.PlatformDependent - -Dio.netty.noPreferDirect: false
18:07:41.390 [main] DEBUG io.netty.util.internal.CleanerJava9 - java.nio.ByteBuffer.cleaner(): unavailable
java.lang.NoSuchMethodException: sun.misc.Unsafe.invokeCleaner(java.nio.ByteBuffer)
	at java.lang.Class.getDeclaredMethod(Class.java:2130)
	at io.netty.util.internal.CleanerJava9$1.run(CleanerJava9.java:45)
	at java.security.AccessController.doPrivileged(Native Method)
	at io.netty.util.internal.CleanerJava9.__STATIC_RESET(CleanerJava9.java:40)
	at sun.reflect.NativeMethodAccessorImpl.invoke0(Native Method)
	at sun.reflect.NativeMethodAccessorImpl.invoke(NativeMethodAccessorImpl.java:62)
	at sun.reflect.DelegatingMethodAccessorImpl.invoke(DelegatingMethodAccessorImpl.java:43)
	at java.lang.reflect.Method.invoke(Method.java:498)
	at org.evosuite.runtime.classhandling.ClassResetter.reset(ClassResetter.java:159)
	at org.evosuite.runtime.classhandling.ClassStateSupport.resetClasses(ClassStateSupport.java:137)
	at io.netty.handler.codec.http.multipart.AbstractDiskHttpData_ESTest_scaffolding.resetClasses(AbstractDiskHttpData_ESTest_scaffolding.java:318)
	at io.netty.handler.codec.http.multipart.AbstractDiskHttpData_ESTest_scaffolding.doneWithTestCase(AbstractDiskHttpData_ESTest_scaffolding.java:74)
	at sun.reflect.NativeMethodAccessorImpl.invoke0(Native Method)
	at sun.reflect.NativeMethodAccessorImpl.invoke(NativeMethodAccessorImpl.java:62)
	at sun.reflect.DelegatingMethodAccessorImpl.invoke(DelegatingMethodAccessorImpl.java:43)
	at java.lang.reflect.Method.invoke(Method.java:498)
	at org.junit.runners.model.FrameworkMethod$1.runReflectiveCall(FrameworkMethod.java:59)
	at org.junit.internal.runners.model.ReflectiveCallable.run(ReflectiveCallable.java:12)
	at org.junit.runners.model.FrameworkMethod.invokeExplosively(FrameworkMethod.java:56)
	at org.junit.internal.runners.statements.RunAfters.invokeMethod(RunAfters.java:46)
	at org.junit.internal.runners.statements.RunAfters.evaluate(RunAfters.java:33)
	at org.evosuite.runtime.vnet.NonFunctionalRequirementRule$1.evaluate(NonFunctionalRequirementRule.java:41)
	at org.junit.runners.ParentRunner$3.evaluate(ParentRunner.java:306)
	at org.junit.runners.BlockJUnit4ClassRunner$1.evaluate(BlockJUnit4ClassRunner.java:100)
	at org.junit.runners.ParentRunner.runLeaf(ParentRunner.java:366)
	at org.junit.runners.BlockJUnit4ClassRunner.runChild(BlockJUnit4ClassRunner.java:103)
	at org.junit.runners.BlockJUnit4ClassRunner.runChild(BlockJUnit4ClassRunner.java:63)
	at org.junit.runners.ParentRunner$4.run(ParentRunner.java:331)
	at org.junit.runners.ParentRunner$1.schedule(ParentRunner.java:79)
	at org.junit.runners.ParentRunner.runChildren(ParentRunner.java:329)
	at org.junit.runners.ParentRunner.access$100(ParentRunner.java:66)
	at org.junit.runners.ParentRunner$2.evaluate(ParentRunner.java:293)
	at org.junit.internal.runners.statements.RunBefores.evaluate(RunBefores.java:26)
	at org.junit.internal.runners.statements.RunAfters.evaluate(RunAfters.java:27)
	at org.junit.runners.ParentRunner$3.evaluate(ParentRunner.java:306)
	at org.junit.runners.ParentRunner.run(ParentRunner.java:413)
	at org.apache.maven.surefire.junit4.JUnit4Provider.execute(JUnit4Provider.java:316)
	at org.apache.maven.surefire.junit4.JUnit4Provider.executeWithRerun(JUnit4Provider.java:240)
	at org.apache.maven.surefire.junit4.JUnit4Provider.executeTestSet(JUnit4Provider.java:214)
	at org.apache.maven.surefire.junit4.JUnit4Provider.invoke(JUnit4Provider.java:155)
	at org.apache.maven.surefire.booter.ForkedBooter.runSuitesInProcess(ForkedBooter.java:385)
	at org.apache.maven.surefire.booter.ForkedBooter.execute(ForkedBooter.java:162)
	at org.apache.maven.surefire.booter.ForkedBooter.run(ForkedBooter.java:507)
	at org.apache.maven.surefire.booter.ForkedBooter.main(ForkedBooter.java:495)
18:07:41.390 [main] DEBUG io.netty.util.ResourceLeakDetector - -Dio.netty.leakDetection.level: simple
18:07:41.390 [main] DEBUG io.netty.util.ResourceLeakDetector - -Dio.netty.leakDetection.targetRecords: 4
18:07:41.391 [main] DEBUG io.netty.buffer.AbstractByteBuf - -Dio.netty.buffer.checkAccessible: true
18:07:41.391 [main] DEBUG io.netty.buffer.AbstractByteBuf - -Dio.netty.buffer.checkBounds: true
18:07:41.391 [main] DEBUG io.netty.util.ResourceLeakDetectorFactory - Loaded default ResourceLeakDetector: io.netty.util.ResourceLeakDetector@5
18:07:41.392 [main] DEBUG io.netty.util.internal.InternalThreadLocalMap - -Dio.netty.threadLocalMap.stringBuilder.initialSize: 1024
18:07:41.392 [main] DEBUG io.netty.util.internal.InternalThreadLocalMap - -Dio.netty.threadLocalMap.stringBuilder.maxSize: 4096
18:07:41.392 [main] DEBUG io.netty.buffer.PooledByteBufAllocator - -Dio.netty.allocator.numHeapArenas: 0
18:07:41.392 [main] DEBUG io.netty.buffer.PooledByteBufAllocator - -Dio.netty.allocator.numDirectArenas: 2
18:07:41.392 [main] DEBUG io.netty.buffer.PooledByteBufAllocator - -Dio.netty.allocator.pageSize: 8192
18:07:41.392 [main] DEBUG io.netty.buffer.PooledByteBufAllocator - -Dio.netty.allocator.maxOrder: 9
18:07:41.392 [main] DEBUG io.netty.buffer.PooledByteBufAllocator - -Dio.netty.allocator.chunkSize: 4194304
18:07:41.392 [main] DEBUG io.netty.buffer.PooledByteBufAllocator - -Dio.netty.allocator.smallCacheSize: 256
18:07:41.392 [main] DEBUG io.netty.buffer.PooledByteBufAllocator - -Dio.netty.allocator.normalCacheSize: 64
18:07:41.392 [main] DEBUG io.netty.buffer.PooledByteBufAllocator - -Dio.netty.allocator.maxCachedBufferCapacity: 32768
18:07:41.392 [main] DEBUG io.netty.buffer.PooledByteBufAllocator - -Dio.netty.allocator.cacheTrimInterval: 8192
18:07:41.392 [main] DEBUG io.netty.buffer.PooledByteBufAllocator - -Dio.netty.allocator.cacheTrimIntervalMillis: 0
18:07:41.392 [main] DEBUG io.netty.buffer.PooledByteBufAllocator - -Dio.netty.allocator.useCacheForAllThreads: false
18:07:41.392 [main] DEBUG io.netty.buffer.PooledByteBufAllocator - -Dio.netty.allocator.maxCachedByteBuffersPerChunk: 1023
18:07:41.392 [main] DEBUG io.netty.buffer.ByteBufUtil - -Dio.netty.allocator.type: pooled
18:07:41.392 [main] DEBUG io.netty.buffer.ByteBufUtil - -Dio.netty.threadLocalDirectBufferSize: 0
18:07:41.392 [main] DEBUG io.netty.buffer.ByteBufUtil - -Dio.netty.maxThreadLocalCharBufferSize: 16384
18:07:41.393 [main] DEBUG io.netty.util.Recycler - -Dio.netty.recycler.maxCapacityPerThread: 4096
18:07:41.393 [main] DEBUG io.netty.util.Recycler - -Dio.netty.recycler.ratio: 8
18:07:41.393 [main] DEBUG io.netty.util.Recycler - -Dio.netty.recycler.chunkSize: 32
18:07:41.393 [main] DEBUG io.netty.util.Recycler - -Dio.netty.recycler.blocking: false
18:07:41.393 [main] DEBUG io.netty.util.Recycler - -Dio.netty.recycler.batchFastThreadLocalOnly: true
18:07:41.393 [main] DEBUG io.netty.util.internal.PlatformDependent - org.jctools-core.MpscChunkedArrayQueue: available
]]></system-out>
  </testcase>
  <testcase name="test66" classname="io.netty.handler.codec.http.multipart.AbstractDiskHttpData_ESTest" time="0.028">
    <system-out><![CDATA[18:07:41.404 [main] DEBUG io.netty.util.internal.logging.InternalLoggerFactory - Using SLF4J as the default logging framework
18:07:41.404 [main] DEBUG io.netty.util.internal.PlatformDependent0 - -Dio.netty.noUnsafe: false
18:07:41.404 [main] DEBUG io.netty.util.internal.PlatformDependent0 - Java version: 8
18:07:41.404 [main] DEBUG io.netty.util.internal.PlatformDependent0 - sun.misc.Unsafe.theUnsafe: available
18:07:41.404 [main] DEBUG io.netty.util.internal.PlatformDependent0 - sun.misc.Unsafe.copyMemory: available
18:07:41.404 [main] DEBUG io.netty.util.internal.PlatformDependent0 - sun.misc.Unsafe.storeFence: available
18:07:41.404 [main] DEBUG io.netty.util.internal.PlatformDependent0 - java.nio.Buffer.address: available
18:07:41.404 [main] DEBUG io.netty.util.internal.PlatformDependent0 - direct buffer constructor: available
18:07:41.404 [main] DEBUG io.netty.util.internal.PlatformDependent0 - java.nio.Bits.unaligned: available, true
18:07:41.404 [main] DEBUG io.netty.util.internal.PlatformDependent0 - jdk.internal.misc.Unsafe.allocateUninitializedArray(int): unavailable prior to Java9
18:07:41.404 [main] DEBUG io.netty.util.internal.PlatformDependent0 - java.nio.DirectByteBuffer.<init>(long, {int,long}): available
18:07:41.404 [main] DEBUG io.netty.util.internal.CleanerJava6 - java.nio.ByteBuffer.cleaner(): available
18:07:41.404 [main] DEBUG io.netty.util.internal.PlatformDependent - sun.misc.Unsafe: available
18:07:41.404 [main] DEBUG io.netty.util.internal.PlatformDependent - -Dio.netty.tmpdir: /tmp (java.io.tmpdir)
18:07:41.404 [main] DEBUG io.netty.util.internal.PlatformDependent - -Dio.netty.bitMode: 64 (sun.arch.data.model)
18:07:41.404 [main] DEBUG io.netty.util.internal.PlatformDependent - -Dio.netty.maxDirectMemory: 11420041216 bytes
18:07:41.404 [main] DEBUG io.netty.util.internal.PlatformDependent - -Dio.netty.uninitializedArrayAllocationThreshold: -1
18:07:41.404 [main] DEBUG io.netty.util.internal.PlatformDependent - -Dio.netty.noPreferDirect: false
18:07:41.405 [main] DEBUG io.netty.util.internal.CleanerJava9 - java.nio.ByteBuffer.cleaner(): unavailable
java.lang.NoSuchMethodException: sun.misc.Unsafe.invokeCleaner(java.nio.ByteBuffer)
	at java.lang.Class.getDeclaredMethod(Class.java:2130)
	at io.netty.util.internal.CleanerJava9$1.run(CleanerJava9.java:45)
	at java.security.AccessController.doPrivileged(Native Method)
	at io.netty.util.internal.CleanerJava9.__STATIC_RESET(CleanerJava9.java:40)
	at sun.reflect.NativeMethodAccessorImpl.invoke0(Native Method)
	at sun.reflect.NativeMethodAccessorImpl.invoke(NativeMethodAccessorImpl.java:62)
	at sun.reflect.DelegatingMethodAccessorImpl.invoke(DelegatingMethodAccessorImpl.java:43)
	at java.lang.reflect.Method.invoke(Method.java:498)
	at org.evosuite.runtime.classhandling.ClassResetter.reset(ClassResetter.java:159)
	at org.evosuite.runtime.classhandling.ClassStateSupport.resetClasses(ClassStateSupport.java:137)
	at io.netty.handler.codec.http.multipart.AbstractDiskHttpData_ESTest_scaffolding.resetClasses(AbstractDiskHttpData_ESTest_scaffolding.java:318)
	at io.netty.handler.codec.http.multipart.AbstractDiskHttpData_ESTest_scaffolding.doneWithTestCase(AbstractDiskHttpData_ESTest_scaffolding.java:74)
	at sun.reflect.NativeMethodAccessorImpl.invoke0(Native Method)
	at sun.reflect.NativeMethodAccessorImpl.invoke(NativeMethodAccessorImpl.java:62)
	at sun.reflect.DelegatingMethodAccessorImpl.invoke(DelegatingMethodAccessorImpl.java:43)
	at java.lang.reflect.Method.invoke(Method.java:498)
	at org.junit.runners.model.FrameworkMethod$1.runReflectiveCall(FrameworkMethod.java:59)
	at org.junit.internal.runners.model.ReflectiveCallable.run(ReflectiveCallable.java:12)
	at org.junit.runners.model.FrameworkMethod.invokeExplosively(FrameworkMethod.java:56)
	at org.junit.internal.runners.statements.RunAfters.invokeMethod(RunAfters.java:46)
	at org.junit.internal.runners.statements.RunAfters.evaluate(RunAfters.java:33)
	at org.evosuite.runtime.vnet.NonFunctionalRequirementRule$1.evaluate(NonFunctionalRequirementRule.java:41)
	at org.junit.runners.ParentRunner$3.evaluate(ParentRunner.java:306)
	at org.junit.runners.BlockJUnit4ClassRunner$1.evaluate(BlockJUnit4ClassRunner.java:100)
	at org.junit.runners.ParentRunner.runLeaf(ParentRunner.java:366)
	at org.junit.runners.BlockJUnit4ClassRunner.runChild(BlockJUnit4ClassRunner.java:103)
	at org.junit.runners.BlockJUnit4ClassRunner.runChild(BlockJUnit4ClassRunner.java:63)
	at org.junit.runners.ParentRunner$4.run(ParentRunner.java:331)
	at org.junit.runners.ParentRunner$1.schedule(ParentRunner.java:79)
	at org.junit.runners.ParentRunner.runChildren(ParentRunner.java:329)
	at org.junit.runners.ParentRunner.access$100(ParentRunner.java:66)
	at org.junit.runners.ParentRunner$2.evaluate(ParentRunner.java:293)
	at org.junit.internal.runners.statements.RunBefores.evaluate(RunBefores.java:26)
	at org.junit.internal.runners.statements.RunAfters.evaluate(RunAfters.java:27)
	at org.junit.runners.ParentRunner$3.evaluate(ParentRunner.java:306)
	at org.junit.runners.ParentRunner.run(ParentRunner.java:413)
	at org.apache.maven.surefire.junit4.JUnit4Provider.execute(JUnit4Provider.java:316)
	at org.apache.maven.surefire.junit4.JUnit4Provider.executeWithRerun(JUnit4Provider.java:240)
	at org.apache.maven.surefire.junit4.JUnit4Provider.executeTestSet(JUnit4Provider.java:214)
	at org.apache.maven.surefire.junit4.JUnit4Provider.invoke(JUnit4Provider.java:155)
	at org.apache.maven.surefire.booter.ForkedBooter.runSuitesInProcess(ForkedBooter.java:385)
	at org.apache.maven.surefire.booter.ForkedBooter.execute(ForkedBooter.java:162)
	at org.apache.maven.surefire.booter.ForkedBooter.run(ForkedBooter.java:507)
	at org.apache.maven.surefire.booter.ForkedBooter.main(ForkedBooter.java:495)
18:07:41.405 [main] DEBUG io.netty.util.ResourceLeakDetector - -Dio.netty.leakDetection.level: simple
18:07:41.405 [main] DEBUG io.netty.util.ResourceLeakDetector - -Dio.netty.leakDetection.targetRecords: 4
18:07:41.405 [main] DEBUG io.netty.buffer.AbstractByteBuf - -Dio.netty.buffer.checkAccessible: true
18:07:41.405 [main] DEBUG io.netty.buffer.AbstractByteBuf - -Dio.netty.buffer.checkBounds: true
18:07:41.405 [main] DEBUG io.netty.util.ResourceLeakDetectorFactory - Loaded default ResourceLeakDetector: io.netty.util.ResourceLeakDetector@5
18:07:41.405 [main] DEBUG io.netty.util.internal.InternalThreadLocalMap - -Dio.netty.threadLocalMap.stringBuilder.initialSize: 1024
18:07:41.405 [main] DEBUG io.netty.util.internal.InternalThreadLocalMap - -Dio.netty.threadLocalMap.stringBuilder.maxSize: 4096
18:07:41.405 [main] DEBUG io.netty.buffer.PooledByteBufAllocator - -Dio.netty.allocator.numHeapArenas: 0
18:07:41.405 [main] DEBUG io.netty.buffer.PooledByteBufAllocator - -Dio.netty.allocator.numDirectArenas: 2
18:07:41.405 [main] DEBUG io.netty.buffer.PooledByteBufAllocator - -Dio.netty.allocator.pageSize: 8192
18:07:41.405 [main] DEBUG io.netty.buffer.PooledByteBufAllocator - -Dio.netty.allocator.maxOrder: 9
18:07:41.405 [main] DEBUG io.netty.buffer.PooledByteBufAllocator - -Dio.netty.allocator.chunkSize: 4194304
18:07:41.405 [main] DEBUG io.netty.buffer.PooledByteBufAllocator - -Dio.netty.allocator.smallCacheSize: 256
18:07:41.405 [main] DEBUG io.netty.buffer.PooledByteBufAllocator - -Dio.netty.allocator.normalCacheSize: 64
18:07:41.405 [main] DEBUG io.netty.buffer.PooledByteBufAllocator - -Dio.netty.allocator.maxCachedBufferCapacity: 32768
18:07:41.405 [main] DEBUG io.netty.buffer.PooledByteBufAllocator - -Dio.netty.allocator.cacheTrimInterval: 8192
18:07:41.405 [main] DEBUG io.netty.buffer.PooledByteBufAllocator - -Dio.netty.allocator.cacheTrimIntervalMillis: 0
18:07:41.405 [main] DEBUG io.netty.buffer.PooledByteBufAllocator - -Dio.netty.allocator.useCacheForAllThreads: false
18:07:41.405 [main] DEBUG io.netty.buffer.PooledByteBufAllocator - -Dio.netty.allocator.maxCachedByteBuffersPerChunk: 1023
18:07:41.405 [main] DEBUG io.netty.buffer.ByteBufUtil - -Dio.netty.allocator.type: pooled
18:07:41.405 [main] DEBUG io.netty.buffer.ByteBufUtil - -Dio.netty.threadLocalDirectBufferSize: 0
18:07:41.405 [main] DEBUG io.netty.buffer.ByteBufUtil - -Dio.netty.maxThreadLocalCharBufferSize: 16384
18:07:41.406 [main] DEBUG io.netty.util.Recycler - -Dio.netty.recycler.maxCapacityPerThread: 4096
18:07:41.406 [main] DEBUG io.netty.util.Recycler - -Dio.netty.recycler.ratio: 8
18:07:41.406 [main] DEBUG io.netty.util.Recycler - -Dio.netty.recycler.chunkSize: 32
18:07:41.406 [main] DEBUG io.netty.util.Recycler - -Dio.netty.recycler.blocking: false
18:07:41.406 [main] DEBUG io.netty.util.Recycler - -Dio.netty.recycler.batchFastThreadLocalOnly: true
18:07:41.406 [main] DEBUG io.netty.util.internal.PlatformDependent - org.jctools-core.MpscChunkedArrayQueue: available
]]></system-out>
  </testcase>
  <testcase name="test25" classname="io.netty.handler.codec.http.multipart.AbstractDiskHttpData_ESTest" time="0.022">
    <system-out><![CDATA[18:07:41.409 [main] DEBUG io.netty.util.internal.logging.InternalLoggerFactory - Using SLF4J as the default logging framework
18:07:41.409 [main] DEBUG io.netty.util.internal.PlatformDependent0 - -Dio.netty.noUnsafe: false
18:07:41.409 [main] DEBUG io.netty.util.internal.PlatformDependent0 - Java version: 8
18:07:41.410 [main] DEBUG io.netty.util.internal.PlatformDependent0 - sun.misc.Unsafe.theUnsafe: available
18:07:41.410 [main] DEBUG io.netty.util.internal.PlatformDependent0 - sun.misc.Unsafe.copyMemory: available
18:07:41.410 [main] DEBUG io.netty.util.internal.PlatformDependent0 - sun.misc.Unsafe.storeFence: available
18:07:41.410 [main] DEBUG io.netty.util.internal.PlatformDependent0 - java.nio.Buffer.address: available
18:07:41.410 [main] DEBUG io.netty.util.internal.PlatformDependent0 - direct buffer constructor: available
18:07:41.410 [main] DEBUG io.netty.util.internal.PlatformDependent0 - java.nio.Bits.unaligned: available, true
18:07:41.410 [main] DEBUG io.netty.util.internal.PlatformDependent0 - jdk.internal.misc.Unsafe.allocateUninitializedArray(int): unavailable prior to Java9
18:07:41.410 [main] DEBUG io.netty.util.internal.PlatformDependent0 - java.nio.DirectByteBuffer.<init>(long, {int,long}): available
18:07:41.410 [main] DEBUG io.netty.util.internal.CleanerJava6 - java.nio.ByteBuffer.cleaner(): available
18:07:41.410 [main] DEBUG io.netty.util.internal.PlatformDependent - sun.misc.Unsafe: available
18:07:41.410 [main] DEBUG io.netty.util.internal.PlatformDependent - -Dio.netty.tmpdir: /tmp (java.io.tmpdir)
18:07:41.410 [main] DEBUG io.netty.util.internal.PlatformDependent - -Dio.netty.bitMode: 64 (sun.arch.data.model)
18:07:41.410 [main] DEBUG io.netty.util.internal.PlatformDependent - -Dio.netty.maxDirectMemory: 11420041216 bytes
18:07:41.410 [main] DEBUG io.netty.util.internal.PlatformDependent - -Dio.netty.uninitializedArrayAllocationThreshold: -1
18:07:41.410 [main] DEBUG io.netty.util.internal.PlatformDependent - -Dio.netty.noPreferDirect: false
18:07:41.410 [main] DEBUG io.netty.util.internal.CleanerJava9 - java.nio.ByteBuffer.cleaner(): unavailable
java.lang.NoSuchMethodException: sun.misc.Unsafe.invokeCleaner(java.nio.ByteBuffer)
	at java.lang.Class.getDeclaredMethod(Class.java:2130)
	at io.netty.util.internal.CleanerJava9$1.run(CleanerJava9.java:45)
	at java.security.AccessController.doPrivileged(Native Method)
	at io.netty.util.internal.CleanerJava9.__STATIC_RESET(CleanerJava9.java:40)
	at sun.reflect.NativeMethodAccessorImpl.invoke0(Native Method)
	at sun.reflect.NativeMethodAccessorImpl.invoke(NativeMethodAccessorImpl.java:62)
	at sun.reflect.DelegatingMethodAccessorImpl.invoke(DelegatingMethodAccessorImpl.java:43)
	at java.lang.reflect.Method.invoke(Method.java:498)
	at org.evosuite.runtime.classhandling.ClassResetter.reset(ClassResetter.java:159)
	at org.evosuite.runtime.classhandling.ClassStateSupport.resetClasses(ClassStateSupport.java:137)
	at io.netty.handler.codec.http.multipart.AbstractDiskHttpData_ESTest_scaffolding.resetClasses(AbstractDiskHttpData_ESTest_scaffolding.java:318)
	at io.netty.handler.codec.http.multipart.AbstractDiskHttpData_ESTest_scaffolding.doneWithTestCase(AbstractDiskHttpData_ESTest_scaffolding.java:74)
	at sun.reflect.NativeMethodAccessorImpl.invoke0(Native Method)
	at sun.reflect.NativeMethodAccessorImpl.invoke(NativeMethodAccessorImpl.java:62)
	at sun.reflect.DelegatingMethodAccessorImpl.invoke(DelegatingMethodAccessorImpl.java:43)
	at java.lang.reflect.Method.invoke(Method.java:498)
	at org.junit.runners.model.FrameworkMethod$1.runReflectiveCall(FrameworkMethod.java:59)
	at org.junit.internal.runners.model.ReflectiveCallable.run(ReflectiveCallable.java:12)
	at org.junit.runners.model.FrameworkMethod.invokeExplosively(FrameworkMethod.java:56)
	at org.junit.internal.runners.statements.RunAfters.invokeMethod(RunAfters.java:46)
	at org.junit.internal.runners.statements.RunAfters.evaluate(RunAfters.java:33)
	at org.evosuite.runtime.vnet.NonFunctionalRequirementRule$1.evaluate(NonFunctionalRequirementRule.java:41)
	at org.junit.runners.ParentRunner$3.evaluate(ParentRunner.java:306)
	at org.junit.runners.BlockJUnit4ClassRunner$1.evaluate(BlockJUnit4ClassRunner.java:100)
	at org.junit.runners.ParentRunner.runLeaf(ParentRunner.java:366)
	at org.junit.runners.BlockJUnit4ClassRunner.runChild(BlockJUnit4ClassRunner.java:103)
	at org.junit.runners.BlockJUnit4ClassRunner.runChild(BlockJUnit4ClassRunner.java:63)
	at org.junit.runners.ParentRunner$4.run(ParentRunner.java:331)
	at org.junit.runners.ParentRunner$1.schedule(ParentRunner.java:79)
	at org.junit.runners.ParentRunner.runChildren(ParentRunner.java:329)
	at org.junit.runners.ParentRunner.access$100(ParentRunner.java:66)
	at org.junit.runners.ParentRunner$2.evaluate(ParentRunner.java:293)
	at org.junit.internal.runners.statements.RunBefores.evaluate(RunBefores.java:26)
	at org.junit.internal.runners.statements.RunAfters.evaluate(RunAfters.java:27)
	at org.junit.runners.ParentRunner$3.evaluate(ParentRunner.java:306)
	at org.junit.runners.ParentRunner.run(ParentRunner.java:413)
	at org.apache.maven.surefire.junit4.JUnit4Provider.execute(JUnit4Provider.java:316)
	at org.apache.maven.surefire.junit4.JUnit4Provider.executeWithRerun(JUnit4Provider.java:240)
	at org.apache.maven.surefire.junit4.JUnit4Provider.executeTestSet(JUnit4Provider.java:214)
	at org.apache.maven.surefire.junit4.JUnit4Provider.invoke(JUnit4Provider.java:155)
	at org.apache.maven.surefire.booter.ForkedBooter.runSuitesInProcess(ForkedBooter.java:385)
	at org.apache.maven.surefire.booter.ForkedBooter.execute(ForkedBooter.java:162)
	at org.apache.maven.surefire.booter.ForkedBooter.run(ForkedBooter.java:507)
	at org.apache.maven.surefire.booter.ForkedBooter.main(ForkedBooter.java:495)
18:07:41.410 [main] DEBUG io.netty.util.ResourceLeakDetector - -Dio.netty.leakDetection.level: simple
18:07:41.410 [main] DEBUG io.netty.util.ResourceLeakDetector - -Dio.netty.leakDetection.targetRecords: 4
18:07:41.411 [main] DEBUG io.netty.buffer.AbstractByteBuf - -Dio.netty.buffer.checkAccessible: true
18:07:41.411 [main] DEBUG io.netty.buffer.AbstractByteBuf - -Dio.netty.buffer.checkBounds: true
18:07:41.411 [main] DEBUG io.netty.util.ResourceLeakDetectorFactory - Loaded default ResourceLeakDetector: io.netty.util.ResourceLeakDetector@5
18:07:41.411 [main] DEBUG io.netty.util.internal.InternalThreadLocalMap - -Dio.netty.threadLocalMap.stringBuilder.initialSize: 1024
18:07:41.411 [main] DEBUG io.netty.util.internal.InternalThreadLocalMap - -Dio.netty.threadLocalMap.stringBuilder.maxSize: 4096
18:07:41.411 [main] DEBUG io.netty.buffer.PooledByteBufAllocator - -Dio.netty.allocator.numHeapArenas: 0
18:07:41.411 [main] DEBUG io.netty.buffer.PooledByteBufAllocator - -Dio.netty.allocator.numDirectArenas: 2
18:07:41.411 [main] DEBUG io.netty.buffer.PooledByteBufAllocator - -Dio.netty.allocator.pageSize: 8192
18:07:41.411 [main] DEBUG io.netty.buffer.PooledByteBufAllocator - -Dio.netty.allocator.maxOrder: 9
18:07:41.411 [main] DEBUG io.netty.buffer.PooledByteBufAllocator - -Dio.netty.allocator.chunkSize: 4194304
18:07:41.411 [main] DEBUG io.netty.buffer.PooledByteBufAllocator - -Dio.netty.allocator.smallCacheSize: 256
18:07:41.411 [main] DEBUG io.netty.buffer.PooledByteBufAllocator - -Dio.netty.allocator.normalCacheSize: 64
18:07:41.411 [main] DEBUG io.netty.buffer.PooledByteBufAllocator - -Dio.netty.allocator.maxCachedBufferCapacity: 32768
18:07:41.411 [main] DEBUG io.netty.buffer.PooledByteBufAllocator - -Dio.netty.allocator.cacheTrimInterval: 8192
18:07:41.411 [main] DEBUG io.netty.buffer.PooledByteBufAllocator - -Dio.netty.allocator.cacheTrimIntervalMillis: 0
18:07:41.411 [main] DEBUG io.netty.buffer.PooledByteBufAllocator - -Dio.netty.allocator.useCacheForAllThreads: false
18:07:41.411 [main] DEBUG io.netty.buffer.PooledByteBufAllocator - -Dio.netty.allocator.maxCachedByteBuffersPerChunk: 1023
18:07:41.411 [main] DEBUG io.netty.buffer.ByteBufUtil - -Dio.netty.allocator.type: pooled
18:07:41.411 [main] DEBUG io.netty.buffer.ByteBufUtil - -Dio.netty.threadLocalDirectBufferSize: 0
18:07:41.411 [main] DEBUG io.netty.buffer.ByteBufUtil - -Dio.netty.maxThreadLocalCharBufferSize: 16384
18:07:41.411 [main] DEBUG io.netty.util.Recycler - -Dio.netty.recycler.maxCapacityPerThread: 4096
18:07:41.411 [main] DEBUG io.netty.util.Recycler - -Dio.netty.recycler.ratio: 8
18:07:41.411 [main] DEBUG io.netty.util.Recycler - -Dio.netty.recycler.chunkSize: 32
18:07:41.411 [main] DEBUG io.netty.util.Recycler - -Dio.netty.recycler.blocking: false
18:07:41.411 [main] DEBUG io.netty.util.Recycler - -Dio.netty.recycler.batchFastThreadLocalOnly: true
18:07:41.411 [main] DEBUG io.netty.util.internal.PlatformDependent - org.jctools-core.MpscChunkedArrayQueue: available
]]></system-out>
  </testcase>
  <testcase name="test24" classname="io.netty.handler.codec.http.multipart.AbstractDiskHttpData_ESTest" time="0.033">
    <system-out><![CDATA[18:07:41.445 [main] DEBUG io.netty.util.internal.logging.InternalLoggerFactory - Using SLF4J as the default logging framework
18:07:41.446 [main] DEBUG io.netty.util.internal.PlatformDependent0 - -Dio.netty.noUnsafe: false
18:07:41.446 [main] DEBUG io.netty.util.internal.PlatformDependent0 - Java version: 8
18:07:41.446 [main] DEBUG io.netty.util.internal.PlatformDependent0 - sun.misc.Unsafe.theUnsafe: available
18:07:41.446 [main] DEBUG io.netty.util.internal.PlatformDependent0 - sun.misc.Unsafe.copyMemory: available
18:07:41.446 [main] DEBUG io.netty.util.internal.PlatformDependent0 - sun.misc.Unsafe.storeFence: available
18:07:41.446 [main] DEBUG io.netty.util.internal.PlatformDependent0 - java.nio.Buffer.address: available
18:07:41.446 [main] DEBUG io.netty.util.internal.PlatformDependent0 - direct buffer constructor: available
18:07:41.446 [main] DEBUG io.netty.util.internal.PlatformDependent0 - java.nio.Bits.unaligned: available, true
18:07:41.446 [main] DEBUG io.netty.util.internal.PlatformDependent0 - jdk.internal.misc.Unsafe.allocateUninitializedArray(int): unavailable prior to Java9
18:07:41.446 [main] DEBUG io.netty.util.internal.PlatformDependent0 - java.nio.DirectByteBuffer.<init>(long, {int,long}): available
18:07:41.446 [main] DEBUG io.netty.util.internal.CleanerJava6 - java.nio.ByteBuffer.cleaner(): available
18:07:41.446 [main] DEBUG io.netty.util.internal.PlatformDependent - sun.misc.Unsafe: available
18:07:41.446 [main] DEBUG io.netty.util.internal.PlatformDependent - -Dio.netty.tmpdir: /tmp (java.io.tmpdir)
18:07:41.446 [main] DEBUG io.netty.util.internal.PlatformDependent - -Dio.netty.bitMode: 64 (sun.arch.data.model)
18:07:41.446 [main] DEBUG io.netty.util.internal.PlatformDependent - -Dio.netty.maxDirectMemory: 11420041216 bytes
18:07:41.446 [main] DEBUG io.netty.util.internal.PlatformDependent - -Dio.netty.uninitializedArrayAllocationThreshold: -1
18:07:41.446 [main] DEBUG io.netty.util.internal.PlatformDependent - -Dio.netty.noPreferDirect: false
18:07:41.447 [main] DEBUG io.netty.util.internal.CleanerJava9 - java.nio.ByteBuffer.cleaner(): unavailable
java.lang.NoSuchMethodException: sun.misc.Unsafe.invokeCleaner(java.nio.ByteBuffer)
	at java.lang.Class.getDeclaredMethod(Class.java:2130)
	at io.netty.util.internal.CleanerJava9$1.run(CleanerJava9.java:45)
	at java.security.AccessController.doPrivileged(Native Method)
	at io.netty.util.internal.CleanerJava9.__STATIC_RESET(CleanerJava9.java:40)
	at sun.reflect.NativeMethodAccessorImpl.invoke0(Native Method)
	at sun.reflect.NativeMethodAccessorImpl.invoke(NativeMethodAccessorImpl.java:62)
	at sun.reflect.DelegatingMethodAccessorImpl.invoke(DelegatingMethodAccessorImpl.java:43)
	at java.lang.reflect.Method.invoke(Method.java:498)
	at org.evosuite.runtime.classhandling.ClassResetter.reset(ClassResetter.java:159)
	at org.evosuite.runtime.classhandling.ClassStateSupport.resetClasses(ClassStateSupport.java:137)
	at io.netty.handler.codec.http.multipart.AbstractDiskHttpData_ESTest_scaffolding.resetClasses(AbstractDiskHttpData_ESTest_scaffolding.java:318)
	at io.netty.handler.codec.http.multipart.AbstractDiskHttpData_ESTest_scaffolding.doneWithTestCase(AbstractDiskHttpData_ESTest_scaffolding.java:74)
	at sun.reflect.NativeMethodAccessorImpl.invoke0(Native Method)
	at sun.reflect.NativeMethodAccessorImpl.invoke(NativeMethodAccessorImpl.java:62)
	at sun.reflect.DelegatingMethodAccessorImpl.invoke(DelegatingMethodAccessorImpl.java:43)
	at java.lang.reflect.Method.invoke(Method.java:498)
	at org.junit.runners.model.FrameworkMethod$1.runReflectiveCall(FrameworkMethod.java:59)
	at org.junit.internal.runners.model.ReflectiveCallable.run(ReflectiveCallable.java:12)
	at org.junit.runners.model.FrameworkMethod.invokeExplosively(FrameworkMethod.java:56)
	at org.junit.internal.runners.statements.RunAfters.invokeMethod(RunAfters.java:46)
	at org.junit.internal.runners.statements.RunAfters.evaluate(RunAfters.java:33)
	at org.evosuite.runtime.vnet.NonFunctionalRequirementRule$1.evaluate(NonFunctionalRequirementRule.java:41)
	at org.junit.runners.ParentRunner$3.evaluate(ParentRunner.java:306)
	at org.junit.runners.BlockJUnit4ClassRunner$1.evaluate(BlockJUnit4ClassRunner.java:100)
	at org.junit.runners.ParentRunner.runLeaf(ParentRunner.java:366)
	at org.junit.runners.BlockJUnit4ClassRunner.runChild(BlockJUnit4ClassRunner.java:103)
	at org.junit.runners.BlockJUnit4ClassRunner.runChild(BlockJUnit4ClassRunner.java:63)
	at org.junit.runners.ParentRunner$4.run(ParentRunner.java:331)
	at org.junit.runners.ParentRunner$1.schedule(ParentRunner.java:79)
	at org.junit.runners.ParentRunner.runChildren(ParentRunner.java:329)
	at org.junit.runners.ParentRunner.access$100(ParentRunner.java:66)
	at org.junit.runners.ParentRunner$2.evaluate(ParentRunner.java:293)
	at org.junit.internal.runners.statements.RunBefores.evaluate(RunBefores.java:26)
	at org.junit.internal.runners.statements.RunAfters.evaluate(RunAfters.java:27)
	at org.junit.runners.ParentRunner$3.evaluate(ParentRunner.java:306)
	at org.junit.runners.ParentRunner.run(ParentRunner.java:413)
	at org.apache.maven.surefire.junit4.JUnit4Provider.execute(JUnit4Provider.java:316)
	at org.apache.maven.surefire.junit4.JUnit4Provider.executeWithRerun(JUnit4Provider.java:240)
	at org.apache.maven.surefire.junit4.JUnit4Provider.executeTestSet(JUnit4Provider.java:214)
	at org.apache.maven.surefire.junit4.JUnit4Provider.invoke(JUnit4Provider.java:155)
	at org.apache.maven.surefire.booter.ForkedBooter.runSuitesInProcess(ForkedBooter.java:385)
	at org.apache.maven.surefire.booter.ForkedBooter.execute(ForkedBooter.java:162)
	at org.apache.maven.surefire.booter.ForkedBooter.run(ForkedBooter.java:507)
	at org.apache.maven.surefire.booter.ForkedBooter.main(ForkedBooter.java:495)
18:07:41.448 [main] DEBUG io.netty.util.ResourceLeakDetector - -Dio.netty.leakDetection.level: simple
18:07:41.448 [main] DEBUG io.netty.util.ResourceLeakDetector - -Dio.netty.leakDetection.targetRecords: 4
18:07:41.448 [main] DEBUG io.netty.buffer.AbstractByteBuf - -Dio.netty.buffer.checkAccessible: true
18:07:41.448 [main] DEBUG io.netty.buffer.AbstractByteBuf - -Dio.netty.buffer.checkBounds: true
18:07:41.449 [main] DEBUG io.netty.util.ResourceLeakDetectorFactory - Loaded default ResourceLeakDetector: io.netty.util.ResourceLeakDetector@5
18:07:41.449 [main] DEBUG io.netty.util.internal.InternalThreadLocalMap - -Dio.netty.threadLocalMap.stringBuilder.initialSize: 1024
18:07:41.449 [main] DEBUG io.netty.util.internal.InternalThreadLocalMap - -Dio.netty.threadLocalMap.stringBuilder.maxSize: 4096
18:07:41.449 [main] DEBUG io.netty.buffer.PooledByteBufAllocator - -Dio.netty.allocator.numHeapArenas: 0
18:07:41.449 [main] DEBUG io.netty.buffer.PooledByteBufAllocator - -Dio.netty.allocator.numDirectArenas: 2
18:07:41.449 [main] DEBUG io.netty.buffer.PooledByteBufAllocator - -Dio.netty.allocator.pageSize: 8192
18:07:41.449 [main] DEBUG io.netty.buffer.PooledByteBufAllocator - -Dio.netty.allocator.maxOrder: 9
18:07:41.449 [main] DEBUG io.netty.buffer.PooledByteBufAllocator - -Dio.netty.allocator.chunkSize: 4194304
18:07:41.449 [main] DEBUG io.netty.buffer.PooledByteBufAllocator - -Dio.netty.allocator.smallCacheSize: 256
18:07:41.449 [main] DEBUG io.netty.buffer.PooledByteBufAllocator - -Dio.netty.allocator.normalCacheSize: 64
18:07:41.449 [main] DEBUG io.netty.buffer.PooledByteBufAllocator - -Dio.netty.allocator.maxCachedBufferCapacity: 32768
18:07:41.449 [main] DEBUG io.netty.buffer.PooledByteBufAllocator - -Dio.netty.allocator.cacheTrimInterval: 8192
18:07:41.449 [main] DEBUG io.netty.buffer.PooledByteBufAllocator - -Dio.netty.allocator.cacheTrimIntervalMillis: 0
18:07:41.449 [main] DEBUG io.netty.buffer.PooledByteBufAllocator - -Dio.netty.allocator.useCacheForAllThreads: false
18:07:41.449 [main] DEBUG io.netty.buffer.PooledByteBufAllocator - -Dio.netty.allocator.maxCachedByteBuffersPerChunk: 1023
18:07:41.449 [main] DEBUG io.netty.buffer.ByteBufUtil - -Dio.netty.allocator.type: pooled
18:07:41.449 [main] DEBUG io.netty.buffer.ByteBufUtil - -Dio.netty.threadLocalDirectBufferSize: 0
18:07:41.449 [main] DEBUG io.netty.buffer.ByteBufUtil - -Dio.netty.maxThreadLocalCharBufferSize: 16384
18:07:41.449 [main] DEBUG io.netty.util.Recycler - -Dio.netty.recycler.maxCapacityPerThread: 4096
18:07:41.449 [main] DEBUG io.netty.util.Recycler - -Dio.netty.recycler.ratio: 8
18:07:41.449 [main] DEBUG io.netty.util.Recycler - -Dio.netty.recycler.chunkSize: 32
18:07:41.449 [main] DEBUG io.netty.util.Recycler - -Dio.netty.recycler.blocking: false
18:07:41.449 [main] DEBUG io.netty.util.Recycler - -Dio.netty.recycler.batchFastThreadLocalOnly: true
18:07:41.449 [main] DEBUG io.netty.util.internal.PlatformDependent - org.jctools-core.MpscChunkedArrayQueue: available
]]></system-out>
  </testcase>
  <testcase name="test27" classname="io.netty.handler.codec.http.multipart.AbstractDiskHttpData_ESTest" time="0.018">
    <system-out><![CDATA[18:07:41.454 [main] INFO org.evosuite.runtime.thread.ThreadStopper - Found new thread
18:07:41.454 [main] DEBUG io.netty.util.internal.logging.InternalLoggerFactory - Using SLF4J as the default logging framework
18:07:41.454 [main] DEBUG io.netty.util.internal.PlatformDependent0 - -Dio.netty.noUnsafe: false
18:07:41.454 [main] DEBUG io.netty.util.internal.PlatformDependent0 - Java version: 8
18:07:41.455 [main] DEBUG io.netty.util.internal.PlatformDependent0 - sun.misc.Unsafe.theUnsafe: available
18:07:41.455 [main] DEBUG io.netty.util.internal.PlatformDependent0 - sun.misc.Unsafe.copyMemory: available
18:07:41.455 [main] DEBUG io.netty.util.internal.PlatformDependent0 - sun.misc.Unsafe.storeFence: available
18:07:41.455 [main] DEBUG io.netty.util.internal.PlatformDependent0 - java.nio.Buffer.address: available
18:07:41.455 [main] DEBUG io.netty.util.internal.PlatformDependent0 - direct buffer constructor: available
18:07:41.455 [main] DEBUG io.netty.util.internal.PlatformDependent0 - java.nio.Bits.unaligned: available, true
18:07:41.455 [main] DEBUG io.netty.util.internal.PlatformDependent0 - jdk.internal.misc.Unsafe.allocateUninitializedArray(int): unavailable prior to Java9
18:07:41.455 [main] DEBUG io.netty.util.internal.PlatformDependent0 - java.nio.DirectByteBuffer.<init>(long, {int,long}): available
18:07:41.456 [main] DEBUG io.netty.util.internal.CleanerJava6 - java.nio.ByteBuffer.cleaner(): available
18:07:41.456 [main] DEBUG io.netty.util.internal.PlatformDependent - sun.misc.Unsafe: available
18:07:41.456 [main] DEBUG io.netty.util.internal.PlatformDependent - -Dio.netty.tmpdir: /tmp (java.io.tmpdir)
18:07:41.457 [main] DEBUG io.netty.util.internal.PlatformDependent - -Dio.netty.bitMode: 64 (sun.arch.data.model)
18:07:41.457 [main] DEBUG io.netty.util.internal.PlatformDependent - -Dio.netty.maxDirectMemory: 11420041216 bytes
18:07:41.457 [main] DEBUG io.netty.util.internal.PlatformDependent - -Dio.netty.uninitializedArrayAllocationThreshold: -1
18:07:41.457 [main] DEBUG io.netty.util.internal.PlatformDependent - -Dio.netty.noPreferDirect: false
18:07:41.458 [main] DEBUG io.netty.util.internal.CleanerJava9 - java.nio.ByteBuffer.cleaner(): unavailable
java.lang.NoSuchMethodException: sun.misc.Unsafe.invokeCleaner(java.nio.ByteBuffer)
	at java.lang.Class.getDeclaredMethod(Class.java:2130)
	at io.netty.util.internal.CleanerJava9$1.run(CleanerJava9.java:45)
	at java.security.AccessController.doPrivileged(Native Method)
	at io.netty.util.internal.CleanerJava9.__STATIC_RESET(CleanerJava9.java:40)
	at sun.reflect.NativeMethodAccessorImpl.invoke0(Native Method)
	at sun.reflect.NativeMethodAccessorImpl.invoke(NativeMethodAccessorImpl.java:62)
	at sun.reflect.DelegatingMethodAccessorImpl.invoke(DelegatingMethodAccessorImpl.java:43)
	at java.lang.reflect.Method.invoke(Method.java:498)
	at org.evosuite.runtime.classhandling.ClassResetter.reset(ClassResetter.java:159)
	at org.evosuite.runtime.classhandling.ClassStateSupport.resetClasses(ClassStateSupport.java:137)
	at io.netty.handler.codec.http.multipart.AbstractDiskHttpData_ESTest_scaffolding.resetClasses(AbstractDiskHttpData_ESTest_scaffolding.java:318)
	at io.netty.handler.codec.http.multipart.AbstractDiskHttpData_ESTest_scaffolding.doneWithTestCase(AbstractDiskHttpData_ESTest_scaffolding.java:74)
	at sun.reflect.NativeMethodAccessorImpl.invoke0(Native Method)
	at sun.reflect.NativeMethodAccessorImpl.invoke(NativeMethodAccessorImpl.java:62)
	at sun.reflect.DelegatingMethodAccessorImpl.invoke(DelegatingMethodAccessorImpl.java:43)
	at java.lang.reflect.Method.invoke(Method.java:498)
	at org.junit.runners.model.FrameworkMethod$1.runReflectiveCall(FrameworkMethod.java:59)
	at org.junit.internal.runners.model.ReflectiveCallable.run(ReflectiveCallable.java:12)
	at org.junit.runners.model.FrameworkMethod.invokeExplosively(FrameworkMethod.java:56)
	at org.junit.internal.runners.statements.RunAfters.invokeMethod(RunAfters.java:46)
	at org.junit.internal.runners.statements.RunAfters.evaluate(RunAfters.java:33)
	at org.evosuite.runtime.vnet.NonFunctionalRequirementRule$1.evaluate(NonFunctionalRequirementRule.java:41)
	at org.junit.runners.ParentRunner$3.evaluate(ParentRunner.java:306)
	at org.junit.runners.BlockJUnit4ClassRunner$1.evaluate(BlockJUnit4ClassRunner.java:100)
	at org.junit.runners.ParentRunner.runLeaf(ParentRunner.java:366)
	at org.junit.runners.BlockJUnit4ClassRunner.runChild(BlockJUnit4ClassRunner.java:103)
	at org.junit.runners.BlockJUnit4ClassRunner.runChild(BlockJUnit4ClassRunner.java:63)
	at org.junit.runners.ParentRunner$4.run(ParentRunner.java:331)
	at org.junit.runners.ParentRunner$1.schedule(ParentRunner.java:79)
	at org.junit.runners.ParentRunner.runChildren(ParentRunner.java:329)
	at org.junit.runners.ParentRunner.access$100(ParentRunner.java:66)
	at org.junit.runners.ParentRunner$2.evaluate(ParentRunner.java:293)
	at org.junit.internal.runners.statements.RunBefores.evaluate(RunBefores.java:26)
	at org.junit.internal.runners.statements.RunAfters.evaluate(RunAfters.java:27)
	at org.junit.runners.ParentRunner$3.evaluate(ParentRunner.java:306)
	at org.junit.runners.ParentRunner.run(ParentRunner.java:413)
	at org.apache.maven.surefire.junit4.JUnit4Provider.execute(JUnit4Provider.java:316)
	at org.apache.maven.surefire.junit4.JUnit4Provider.executeWithRerun(JUnit4Provider.java:240)
	at org.apache.maven.surefire.junit4.JUnit4Provider.executeTestSet(JUnit4Provider.java:214)
	at org.apache.maven.surefire.junit4.JUnit4Provider.invoke(JUnit4Provider.java:155)
	at org.apache.maven.surefire.booter.ForkedBooter.runSuitesInProcess(ForkedBooter.java:385)
	at org.apache.maven.surefire.booter.ForkedBooter.execute(ForkedBooter.java:162)
	at org.apache.maven.surefire.booter.ForkedBooter.run(ForkedBooter.java:507)
	at org.apache.maven.surefire.booter.ForkedBooter.main(ForkedBooter.java:495)
18:07:41.458 [main] DEBUG io.netty.util.ResourceLeakDetector - -Dio.netty.leakDetection.level: simple
18:07:41.458 [main] DEBUG io.netty.util.ResourceLeakDetector - -Dio.netty.leakDetection.targetRecords: 4
18:07:41.459 [main] DEBUG io.netty.buffer.AbstractByteBuf - -Dio.netty.buffer.checkAccessible: true
18:07:41.459 [main] DEBUG io.netty.buffer.AbstractByteBuf - -Dio.netty.buffer.checkBounds: true
18:07:41.459 [main] DEBUG io.netty.util.ResourceLeakDetectorFactory - Loaded default ResourceLeakDetector: io.netty.util.ResourceLeakDetector@5
18:07:41.459 [main] DEBUG io.netty.util.internal.InternalThreadLocalMap - -Dio.netty.threadLocalMap.stringBuilder.initialSize: 1024
18:07:41.459 [main] DEBUG io.netty.util.internal.InternalThreadLocalMap - -Dio.netty.threadLocalMap.stringBuilder.maxSize: 4096
18:07:41.459 [main] DEBUG io.netty.buffer.PooledByteBufAllocator - -Dio.netty.allocator.numHeapArenas: 0
18:07:41.459 [main] DEBUG io.netty.buffer.PooledByteBufAllocator - -Dio.netty.allocator.numDirectArenas: 2
18:07:41.459 [main] DEBUG io.netty.buffer.PooledByteBufAllocator - -Dio.netty.allocator.pageSize: 8192
18:07:41.459 [main] DEBUG io.netty.buffer.PooledByteBufAllocator - -Dio.netty.allocator.maxOrder: 9
18:07:41.459 [main] DEBUG io.netty.buffer.PooledByteBufAllocator - -Dio.netty.allocator.chunkSize: 4194304
18:07:41.459 [main] DEBUG io.netty.buffer.PooledByteBufAllocator - -Dio.netty.allocator.smallCacheSize: 256
18:07:41.459 [main] DEBUG io.netty.buffer.PooledByteBufAllocator - -Dio.netty.allocator.normalCacheSize: 64
18:07:41.459 [main] DEBUG io.netty.buffer.PooledByteBufAllocator - -Dio.netty.allocator.maxCachedBufferCapacity: 32768
18:07:41.459 [main] DEBUG io.netty.buffer.PooledByteBufAllocator - -Dio.netty.allocator.cacheTrimInterval: 8192
18:07:41.459 [main] DEBUG io.netty.buffer.PooledByteBufAllocator - -Dio.netty.allocator.cacheTrimIntervalMillis: 0
18:07:41.459 [main] DEBUG io.netty.buffer.PooledByteBufAllocator - -Dio.netty.allocator.useCacheForAllThreads: false
18:07:41.459 [main] DEBUG io.netty.buffer.PooledByteBufAllocator - -Dio.netty.allocator.maxCachedByteBuffersPerChunk: 1023
18:07:41.460 [main] DEBUG io.netty.buffer.ByteBufUtil - -Dio.netty.allocator.type: pooled
18:07:41.460 [main] DEBUG io.netty.buffer.ByteBufUtil - -Dio.netty.threadLocalDirectBufferSize: 0
18:07:41.460 [main] DEBUG io.netty.buffer.ByteBufUtil - -Dio.netty.maxThreadLocalCharBufferSize: 16384
18:07:41.460 [main] DEBUG io.netty.util.Recycler - -Dio.netty.recycler.maxCapacityPerThread: 4096
18:07:41.460 [main] DEBUG io.netty.util.Recycler - -Dio.netty.recycler.ratio: 8
18:07:41.460 [main] DEBUG io.netty.util.Recycler - -Dio.netty.recycler.chunkSize: 32
18:07:41.460 [main] DEBUG io.netty.util.Recycler - -Dio.netty.recycler.blocking: false
18:07:41.460 [main] DEBUG io.netty.util.Recycler - -Dio.netty.recycler.batchFastThreadLocalOnly: true
18:07:41.461 [main] DEBUG io.netty.util.internal.PlatformDependent - org.jctools-core.MpscChunkedArrayQueue: available
]]></system-out>
  </testcase>
  <testcase name="test26" classname="io.netty.handler.codec.http.multipart.AbstractDiskHttpData_ESTest" time="0.032">
    <system-out><![CDATA[18:07:41.470 [main] DEBUG io.netty.util.internal.logging.InternalLoggerFactory - Using SLF4J as the default logging framework
18:07:41.471 [main] DEBUG io.netty.util.internal.PlatformDependent0 - -Dio.netty.noUnsafe: false
18:07:41.471 [main] DEBUG io.netty.util.internal.PlatformDependent0 - Java version: 8
18:07:41.471 [main] DEBUG io.netty.util.internal.PlatformDependent0 - sun.misc.Unsafe.theUnsafe: available
18:07:41.471 [main] DEBUG io.netty.util.internal.PlatformDependent0 - sun.misc.Unsafe.copyMemory: available
18:07:41.471 [main] DEBUG io.netty.util.internal.PlatformDependent0 - sun.misc.Unsafe.storeFence: available
18:07:41.471 [main] DEBUG io.netty.util.internal.PlatformDependent0 - java.nio.Buffer.address: available
18:07:41.471 [main] DEBUG io.netty.util.internal.PlatformDependent0 - direct buffer constructor: available
18:07:41.471 [main] DEBUG io.netty.util.internal.PlatformDependent0 - java.nio.Bits.unaligned: available, true
18:07:41.471 [main] DEBUG io.netty.util.internal.PlatformDependent0 - jdk.internal.misc.Unsafe.allocateUninitializedArray(int): unavailable prior to Java9
18:07:41.471 [main] DEBUG io.netty.util.internal.PlatformDependent0 - java.nio.DirectByteBuffer.<init>(long, {int,long}): available
18:07:41.471 [main] DEBUG io.netty.util.internal.CleanerJava6 - java.nio.ByteBuffer.cleaner(): available
18:07:41.471 [main] DEBUG io.netty.util.internal.PlatformDependent - sun.misc.Unsafe: available
18:07:41.471 [main] DEBUG io.netty.util.internal.PlatformDependent - -Dio.netty.tmpdir: /tmp (java.io.tmpdir)
18:07:41.472 [main] DEBUG io.netty.util.internal.PlatformDependent - -Dio.netty.bitMode: 64 (sun.arch.data.model)
18:07:41.472 [main] DEBUG io.netty.util.internal.PlatformDependent - -Dio.netty.maxDirectMemory: 11420041216 bytes
18:07:41.472 [main] DEBUG io.netty.util.internal.PlatformDependent - -Dio.netty.uninitializedArrayAllocationThreshold: -1
18:07:41.472 [main] DEBUG io.netty.util.internal.PlatformDependent - -Dio.netty.noPreferDirect: false
18:07:41.474 [main] DEBUG io.netty.util.internal.CleanerJava9 - java.nio.ByteBuffer.cleaner(): unavailable
java.lang.NoSuchMethodException: sun.misc.Unsafe.invokeCleaner(java.nio.ByteBuffer)
	at java.lang.Class.getDeclaredMethod(Class.java:2130)
	at io.netty.util.internal.CleanerJava9$1.run(CleanerJava9.java:45)
	at java.security.AccessController.doPrivileged(Native Method)
	at io.netty.util.internal.CleanerJava9.__STATIC_RESET(CleanerJava9.java:40)
	at sun.reflect.NativeMethodAccessorImpl.invoke0(Native Method)
	at sun.reflect.NativeMethodAccessorImpl.invoke(NativeMethodAccessorImpl.java:62)
	at sun.reflect.DelegatingMethodAccessorImpl.invoke(DelegatingMethodAccessorImpl.java:43)
	at java.lang.reflect.Method.invoke(Method.java:498)
	at org.evosuite.runtime.classhandling.ClassResetter.reset(ClassResetter.java:159)
	at org.evosuite.runtime.classhandling.ClassStateSupport.resetClasses(ClassStateSupport.java:137)
	at io.netty.handler.codec.http.multipart.AbstractDiskHttpData_ESTest_scaffolding.resetClasses(AbstractDiskHttpData_ESTest_scaffolding.java:318)
	at io.netty.handler.codec.http.multipart.AbstractDiskHttpData_ESTest_scaffolding.doneWithTestCase(AbstractDiskHttpData_ESTest_scaffolding.java:74)
	at sun.reflect.NativeMethodAccessorImpl.invoke0(Native Method)
	at sun.reflect.NativeMethodAccessorImpl.invoke(NativeMethodAccessorImpl.java:62)
	at sun.reflect.DelegatingMethodAccessorImpl.invoke(DelegatingMethodAccessorImpl.java:43)
	at java.lang.reflect.Method.invoke(Method.java:498)
	at org.junit.runners.model.FrameworkMethod$1.runReflectiveCall(FrameworkMethod.java:59)
	at org.junit.internal.runners.model.ReflectiveCallable.run(ReflectiveCallable.java:12)
	at org.junit.runners.model.FrameworkMethod.invokeExplosively(FrameworkMethod.java:56)
	at org.junit.internal.runners.statements.RunAfters.invokeMethod(RunAfters.java:46)
	at org.junit.internal.runners.statements.RunAfters.evaluate(RunAfters.java:33)
	at org.evosuite.runtime.vnet.NonFunctionalRequirementRule$1.evaluate(NonFunctionalRequirementRule.java:41)
	at org.junit.runners.ParentRunner$3.evaluate(ParentRunner.java:306)
	at org.junit.runners.BlockJUnit4ClassRunner$1.evaluate(BlockJUnit4ClassRunner.java:100)
	at org.junit.runners.ParentRunner.runLeaf(ParentRunner.java:366)
	at org.junit.runners.BlockJUnit4ClassRunner.runChild(BlockJUnit4ClassRunner.java:103)
	at org.junit.runners.BlockJUnit4ClassRunner.runChild(BlockJUnit4ClassRunner.java:63)
	at org.junit.runners.ParentRunner$4.run(ParentRunner.java:331)
	at org.junit.runners.ParentRunner$1.schedule(ParentRunner.java:79)
	at org.junit.runners.ParentRunner.runChildren(ParentRunner.java:329)
	at org.junit.runners.ParentRunner.access$100(ParentRunner.java:66)
	at org.junit.runners.ParentRunner$2.evaluate(ParentRunner.java:293)
	at org.junit.internal.runners.statements.RunBefores.evaluate(RunBefores.java:26)
	at org.junit.internal.runners.statements.RunAfters.evaluate(RunAfters.java:27)
	at org.junit.runners.ParentRunner$3.evaluate(ParentRunner.java:306)
	at org.junit.runners.ParentRunner.run(ParentRunner.java:413)
	at org.apache.maven.surefire.junit4.JUnit4Provider.execute(JUnit4Provider.java:316)
	at org.apache.maven.surefire.junit4.JUnit4Provider.executeWithRerun(JUnit4Provider.java:240)
	at org.apache.maven.surefire.junit4.JUnit4Provider.executeTestSet(JUnit4Provider.java:214)
	at org.apache.maven.surefire.junit4.JUnit4Provider.invoke(JUnit4Provider.java:155)
	at org.apache.maven.surefire.booter.ForkedBooter.runSuitesInProcess(ForkedBooter.java:385)
	at org.apache.maven.surefire.booter.ForkedBooter.execute(ForkedBooter.java:162)
	at org.apache.maven.surefire.booter.ForkedBooter.run(ForkedBooter.java:507)
	at org.apache.maven.surefire.booter.ForkedBooter.main(ForkedBooter.java:495)
18:07:41.475 [main] DEBUG io.netty.util.ResourceLeakDetector - -Dio.netty.leakDetection.level: simple
18:07:41.475 [main] DEBUG io.netty.util.ResourceLeakDetector - -Dio.netty.leakDetection.targetRecords: 4
18:07:41.478 [main] DEBUG io.netty.buffer.AbstractByteBuf - -Dio.netty.buffer.checkAccessible: true
18:07:41.478 [main] DEBUG io.netty.buffer.AbstractByteBuf - -Dio.netty.buffer.checkBounds: true
18:07:41.478 [main] DEBUG io.netty.util.ResourceLeakDetectorFactory - Loaded default ResourceLeakDetector: io.netty.util.ResourceLeakDetector@5
18:07:41.478 [main] DEBUG io.netty.util.internal.InternalThreadLocalMap - -Dio.netty.threadLocalMap.stringBuilder.initialSize: 1024
18:07:41.478 [main] DEBUG io.netty.util.internal.InternalThreadLocalMap - -Dio.netty.threadLocalMap.stringBuilder.maxSize: 4096
18:07:41.479 [main] DEBUG io.netty.buffer.PooledByteBufAllocator - -Dio.netty.allocator.numHeapArenas: 0
18:07:41.479 [main] DEBUG io.netty.buffer.PooledByteBufAllocator - -Dio.netty.allocator.numDirectArenas: 2
18:07:41.479 [main] DEBUG io.netty.buffer.PooledByteBufAllocator - -Dio.netty.allocator.pageSize: 8192
18:07:41.479 [main] DEBUG io.netty.buffer.PooledByteBufAllocator - -Dio.netty.allocator.maxOrder: 9
18:07:41.479 [main] DEBUG io.netty.buffer.PooledByteBufAllocator - -Dio.netty.allocator.chunkSize: 4194304
18:07:41.479 [main] DEBUG io.netty.buffer.PooledByteBufAllocator - -Dio.netty.allocator.smallCacheSize: 256
18:07:41.479 [main] DEBUG io.netty.buffer.PooledByteBufAllocator - -Dio.netty.allocator.normalCacheSize: 64
18:07:41.479 [main] DEBUG io.netty.buffer.PooledByteBufAllocator - -Dio.netty.allocator.maxCachedBufferCapacity: 32768
18:07:41.479 [main] DEBUG io.netty.buffer.PooledByteBufAllocator - -Dio.netty.allocator.cacheTrimInterval: 8192
18:07:41.479 [main] DEBUG io.netty.buffer.PooledByteBufAllocator - -Dio.netty.allocator.cacheTrimIntervalMillis: 0
18:07:41.479 [main] DEBUG io.netty.buffer.PooledByteBufAllocator - -Dio.netty.allocator.useCacheForAllThreads: false
18:07:41.479 [main] DEBUG io.netty.buffer.PooledByteBufAllocator - -Dio.netty.allocator.maxCachedByteBuffersPerChunk: 1023
18:07:41.480 [main] DEBUG io.netty.buffer.ByteBufUtil - -Dio.netty.allocator.type: pooled
18:07:41.480 [main] DEBUG io.netty.buffer.ByteBufUtil - -Dio.netty.threadLocalDirectBufferSize: 0
18:07:41.480 [main] DEBUG io.netty.buffer.ByteBufUtil - -Dio.netty.maxThreadLocalCharBufferSize: 16384
18:07:41.487 [main] DEBUG io.netty.util.Recycler - -Dio.netty.recycler.maxCapacityPerThread: 4096
18:07:41.487 [main] DEBUG io.netty.util.Recycler - -Dio.netty.recycler.ratio: 8
18:07:41.487 [main] DEBUG io.netty.util.Recycler - -Dio.netty.recycler.chunkSize: 32
18:07:41.487 [main] DEBUG io.netty.util.Recycler - -Dio.netty.recycler.blocking: false
18:07:41.487 [main] DEBUG io.netty.util.Recycler - -Dio.netty.recycler.batchFastThreadLocalOnly: true
18:07:41.488 [main] DEBUG io.netty.util.internal.PlatformDependent - org.jctools-core.MpscChunkedArrayQueue: available
]]></system-out>
  </testcase>
  <testcase name="test29" classname="io.netty.handler.codec.http.multipart.AbstractDiskHttpData_ESTest" time="0.028">
    <system-out><![CDATA[18:07:41.523 [main] DEBUG io.netty.util.internal.logging.InternalLoggerFactory - Using SLF4J as the default logging framework
18:07:41.523 [main] DEBUG io.netty.util.internal.PlatformDependent0 - -Dio.netty.noUnsafe: false
18:07:41.523 [main] DEBUG io.netty.util.internal.PlatformDependent0 - Java version: 8
18:07:41.523 [main] DEBUG io.netty.util.internal.PlatformDependent0 - sun.misc.Unsafe.theUnsafe: available
18:07:41.523 [main] DEBUG io.netty.util.internal.PlatformDependent0 - sun.misc.Unsafe.copyMemory: available
18:07:41.523 [main] DEBUG io.netty.util.internal.PlatformDependent0 - sun.misc.Unsafe.storeFence: available
18:07:41.523 [main] DEBUG io.netty.util.internal.PlatformDependent0 - java.nio.Buffer.address: available
18:07:41.523 [main] DEBUG io.netty.util.internal.PlatformDependent0 - direct buffer constructor: available
18:07:41.523 [main] DEBUG io.netty.util.internal.PlatformDependent0 - java.nio.Bits.unaligned: available, true
18:07:41.523 [main] DEBUG io.netty.util.internal.PlatformDependent0 - jdk.internal.misc.Unsafe.allocateUninitializedArray(int): unavailable prior to Java9
18:07:41.523 [main] DEBUG io.netty.util.internal.PlatformDependent0 - java.nio.DirectByteBuffer.<init>(long, {int,long}): available
18:07:41.523 [main] DEBUG io.netty.util.internal.CleanerJava6 - java.nio.ByteBuffer.cleaner(): available
18:07:41.523 [main] DEBUG io.netty.util.internal.PlatformDependent - sun.misc.Unsafe: available
18:07:41.523 [main] DEBUG io.netty.util.internal.PlatformDependent - -Dio.netty.tmpdir: /tmp (java.io.tmpdir)
18:07:41.523 [main] DEBUG io.netty.util.internal.PlatformDependent - -Dio.netty.bitMode: 64 (sun.arch.data.model)
18:07:41.524 [main] DEBUG io.netty.util.internal.PlatformDependent - -Dio.netty.maxDirectMemory: 11420041216 bytes
18:07:41.524 [main] DEBUG io.netty.util.internal.PlatformDependent - -Dio.netty.uninitializedArrayAllocationThreshold: -1
18:07:41.524 [main] DEBUG io.netty.util.internal.PlatformDependent - -Dio.netty.noPreferDirect: false
18:07:41.524 [main] DEBUG io.netty.util.internal.CleanerJava9 - java.nio.ByteBuffer.cleaner(): unavailable
java.lang.NoSuchMethodException: sun.misc.Unsafe.invokeCleaner(java.nio.ByteBuffer)
	at java.lang.Class.getDeclaredMethod(Class.java:2130)
	at io.netty.util.internal.CleanerJava9$1.run(CleanerJava9.java:45)
	at java.security.AccessController.doPrivileged(Native Method)
	at io.netty.util.internal.CleanerJava9.__STATIC_RESET(CleanerJava9.java:40)
	at sun.reflect.GeneratedMethodAccessor27.invoke(Unknown Source)
	at sun.reflect.DelegatingMethodAccessorImpl.invoke(DelegatingMethodAccessorImpl.java:43)
	at java.lang.reflect.Method.invoke(Method.java:498)
	at org.evosuite.runtime.classhandling.ClassResetter.reset(ClassResetter.java:159)
	at org.evosuite.runtime.classhandling.ClassStateSupport.resetClasses(ClassStateSupport.java:137)
	at io.netty.handler.codec.http.multipart.AbstractDiskHttpData_ESTest_scaffolding.resetClasses(AbstractDiskHttpData_ESTest_scaffolding.java:318)
	at io.netty.handler.codec.http.multipart.AbstractDiskHttpData_ESTest_scaffolding.doneWithTestCase(AbstractDiskHttpData_ESTest_scaffolding.java:74)
	at sun.reflect.GeneratedMethodAccessor6.invoke(Unknown Source)
	at sun.reflect.DelegatingMethodAccessorImpl.invoke(DelegatingMethodAccessorImpl.java:43)
	at java.lang.reflect.Method.invoke(Method.java:498)
	at org.junit.runners.model.FrameworkMethod$1.runReflectiveCall(FrameworkMethod.java:59)
	at org.junit.internal.runners.model.ReflectiveCallable.run(ReflectiveCallable.java:12)
	at org.junit.runners.model.FrameworkMethod.invokeExplosively(FrameworkMethod.java:56)
	at org.junit.internal.runners.statements.RunAfters.invokeMethod(RunAfters.java:46)
	at org.junit.internal.runners.statements.RunAfters.evaluate(RunAfters.java:33)
	at org.evosuite.runtime.vnet.NonFunctionalRequirementRule$1.evaluate(NonFunctionalRequirementRule.java:41)
	at org.junit.runners.ParentRunner$3.evaluate(ParentRunner.java:306)
	at org.junit.runners.BlockJUnit4ClassRunner$1.evaluate(BlockJUnit4ClassRunner.java:100)
	at org.junit.runners.ParentRunner.runLeaf(ParentRunner.java:366)
	at org.junit.runners.BlockJUnit4ClassRunner.runChild(BlockJUnit4ClassRunner.java:103)
	at org.junit.runners.BlockJUnit4ClassRunner.runChild(BlockJUnit4ClassRunner.java:63)
	at org.junit.runners.ParentRunner$4.run(ParentRunner.java:331)
	at org.junit.runners.ParentRunner$1.schedule(ParentRunner.java:79)
	at org.junit.runners.ParentRunner.runChildren(ParentRunner.java:329)
	at org.junit.runners.ParentRunner.access$100(ParentRunner.java:66)
	at org.junit.runners.ParentRunner$2.evaluate(ParentRunner.java:293)
	at org.junit.internal.runners.statements.RunBefores.evaluate(RunBefores.java:26)
	at org.junit.internal.runners.statements.RunAfters.evaluate(RunAfters.java:27)
	at org.junit.runners.ParentRunner$3.evaluate(ParentRunner.java:306)
	at org.junit.runners.ParentRunner.run(ParentRunner.java:413)
	at org.apache.maven.surefire.junit4.JUnit4Provider.execute(JUnit4Provider.java:316)
	at org.apache.maven.surefire.junit4.JUnit4Provider.executeWithRerun(JUnit4Provider.java:240)
	at org.apache.maven.surefire.junit4.JUnit4Provider.executeTestSet(JUnit4Provider.java:214)
	at org.apache.maven.surefire.junit4.JUnit4Provider.invoke(JUnit4Provider.java:155)
	at org.apache.maven.surefire.booter.ForkedBooter.runSuitesInProcess(ForkedBooter.java:385)
	at org.apache.maven.surefire.booter.ForkedBooter.execute(ForkedBooter.java:162)
	at org.apache.maven.surefire.booter.ForkedBooter.run(ForkedBooter.java:507)
	at org.apache.maven.surefire.booter.ForkedBooter.main(ForkedBooter.java:495)
18:07:41.525 [main] DEBUG io.netty.util.ResourceLeakDetector - -Dio.netty.leakDetection.level: simple
18:07:41.525 [main] DEBUG io.netty.util.ResourceLeakDetector - -Dio.netty.leakDetection.targetRecords: 4
18:07:41.525 [main] DEBUG io.netty.buffer.AbstractByteBuf - -Dio.netty.buffer.checkAccessible: true
18:07:41.525 [main] DEBUG io.netty.buffer.AbstractByteBuf - -Dio.netty.buffer.checkBounds: true
18:07:41.525 [main] DEBUG io.netty.util.ResourceLeakDetectorFactory - Loaded default ResourceLeakDetector: io.netty.util.ResourceLeakDetector@5
18:07:41.525 [main] DEBUG io.netty.util.internal.InternalThreadLocalMap - -Dio.netty.threadLocalMap.stringBuilder.initialSize: 1024
18:07:41.525 [main] DEBUG io.netty.util.internal.InternalThreadLocalMap - -Dio.netty.threadLocalMap.stringBuilder.maxSize: 4096
18:07:41.525 [main] DEBUG io.netty.buffer.PooledByteBufAllocator - -Dio.netty.allocator.numHeapArenas: 0
18:07:41.525 [main] DEBUG io.netty.buffer.PooledByteBufAllocator - -Dio.netty.allocator.numDirectArenas: 2
18:07:41.525 [main] DEBUG io.netty.buffer.PooledByteBufAllocator - -Dio.netty.allocator.pageSize: 8192
18:07:41.525 [main] DEBUG io.netty.buffer.PooledByteBufAllocator - -Dio.netty.allocator.maxOrder: 9
18:07:41.525 [main] DEBUG io.netty.buffer.PooledByteBufAllocator - -Dio.netty.allocator.chunkSize: 4194304
18:07:41.525 [main] DEBUG io.netty.buffer.PooledByteBufAllocator - -Dio.netty.allocator.smallCacheSize: 256
18:07:41.525 [main] DEBUG io.netty.buffer.PooledByteBufAllocator - -Dio.netty.allocator.normalCacheSize: 64
18:07:41.526 [main] DEBUG io.netty.buffer.PooledByteBufAllocator - -Dio.netty.allocator.maxCachedBufferCapacity: 32768
18:07:41.526 [main] DEBUG io.netty.buffer.PooledByteBufAllocator - -Dio.netty.allocator.cacheTrimInterval: 8192
18:07:41.526 [main] DEBUG io.netty.buffer.PooledByteBufAllocator - -Dio.netty.allocator.cacheTrimIntervalMillis: 0
18:07:41.526 [main] DEBUG io.netty.buffer.PooledByteBufAllocator - -Dio.netty.allocator.useCacheForAllThreads: false
18:07:41.526 [main] DEBUG io.netty.buffer.PooledByteBufAllocator - -Dio.netty.allocator.maxCachedByteBuffersPerChunk: 1023
18:07:41.526 [main] DEBUG io.netty.buffer.ByteBufUtil - -Dio.netty.allocator.type: pooled
18:07:41.526 [main] DEBUG io.netty.buffer.ByteBufUtil - -Dio.netty.threadLocalDirectBufferSize: 0
18:07:41.526 [main] DEBUG io.netty.buffer.ByteBufUtil - -Dio.netty.maxThreadLocalCharBufferSize: 16384
18:07:41.527 [main] DEBUG io.netty.util.Recycler - -Dio.netty.recycler.maxCapacityPerThread: 4096
18:07:41.527 [main] DEBUG io.netty.util.Recycler - -Dio.netty.recycler.ratio: 8
18:07:41.527 [main] DEBUG io.netty.util.Recycler - -Dio.netty.recycler.chunkSize: 32
18:07:41.527 [main] DEBUG io.netty.util.Recycler - -Dio.netty.recycler.blocking: false
18:07:41.527 [main] DEBUG io.netty.util.Recycler - -Dio.netty.recycler.batchFastThreadLocalOnly: true
18:07:41.527 [main] DEBUG io.netty.util.internal.PlatformDependent - org.jctools-core.MpscChunkedArrayQueue: available
]]></system-out>
  </testcase>
  <testcase name="test28" classname="io.netty.handler.codec.http.multipart.AbstractDiskHttpData_ESTest" time="0.025">
    <system-out><![CDATA[18:07:41.534 [main] DEBUG io.netty.util.internal.logging.InternalLoggerFactory - Using SLF4J as the default logging framework
18:07:41.534 [main] DEBUG io.netty.util.internal.PlatformDependent0 - -Dio.netty.noUnsafe: false
18:07:41.534 [main] DEBUG io.netty.util.internal.PlatformDependent0 - Java version: 8
18:07:41.534 [main] DEBUG io.netty.util.internal.PlatformDependent0 - sun.misc.Unsafe.theUnsafe: available
18:07:41.534 [main] DEBUG io.netty.util.internal.PlatformDependent0 - sun.misc.Unsafe.copyMemory: available
18:07:41.534 [main] DEBUG io.netty.util.internal.PlatformDependent0 - sun.misc.Unsafe.storeFence: available
18:07:41.534 [main] DEBUG io.netty.util.internal.PlatformDependent0 - java.nio.Buffer.address: available
18:07:41.534 [main] DEBUG io.netty.util.internal.PlatformDependent0 - direct buffer constructor: available
18:07:41.534 [main] DEBUG io.netty.util.internal.PlatformDependent0 - java.nio.Bits.unaligned: available, true
18:07:41.534 [main] DEBUG io.netty.util.internal.PlatformDependent0 - jdk.internal.misc.Unsafe.allocateUninitializedArray(int): unavailable prior to Java9
18:07:41.534 [main] DEBUG io.netty.util.internal.PlatformDependent0 - java.nio.DirectByteBuffer.<init>(long, {int,long}): available
18:07:41.534 [main] DEBUG io.netty.util.internal.CleanerJava6 - java.nio.ByteBuffer.cleaner(): available
18:07:41.534 [main] DEBUG io.netty.util.internal.PlatformDependent - sun.misc.Unsafe: available
18:07:41.534 [main] DEBUG io.netty.util.internal.PlatformDependent - -Dio.netty.tmpdir: /tmp (java.io.tmpdir)
18:07:41.534 [main] DEBUG io.netty.util.internal.PlatformDependent - -Dio.netty.bitMode: 64 (sun.arch.data.model)
18:07:41.534 [main] DEBUG io.netty.util.internal.PlatformDependent - -Dio.netty.maxDirectMemory: 11420041216 bytes
18:07:41.534 [main] DEBUG io.netty.util.internal.PlatformDependent - -Dio.netty.uninitializedArrayAllocationThreshold: -1
18:07:41.534 [main] DEBUG io.netty.util.internal.PlatformDependent - -Dio.netty.noPreferDirect: false
18:07:41.535 [main] DEBUG io.netty.util.internal.CleanerJava9 - java.nio.ByteBuffer.cleaner(): unavailable
java.lang.NoSuchMethodException: sun.misc.Unsafe.invokeCleaner(java.nio.ByteBuffer)
	at java.lang.Class.getDeclaredMethod(Class.java:2130)
	at io.netty.util.internal.CleanerJava9$1.run(CleanerJava9.java:45)
	at java.security.AccessController.doPrivileged(Native Method)
	at io.netty.util.internal.CleanerJava9.__STATIC_RESET(CleanerJava9.java:40)
	at sun.reflect.GeneratedMethodAccessor27.invoke(Unknown Source)
	at sun.reflect.DelegatingMethodAccessorImpl.invoke(DelegatingMethodAccessorImpl.java:43)
	at java.lang.reflect.Method.invoke(Method.java:498)
	at org.evosuite.runtime.classhandling.ClassResetter.reset(ClassResetter.java:159)
	at org.evosuite.runtime.classhandling.ClassStateSupport.resetClasses(ClassStateSupport.java:137)
	at io.netty.handler.codec.http.multipart.AbstractDiskHttpData_ESTest_scaffolding.resetClasses(AbstractDiskHttpData_ESTest_scaffolding.java:318)
	at io.netty.handler.codec.http.multipart.AbstractDiskHttpData_ESTest_scaffolding.doneWithTestCase(AbstractDiskHttpData_ESTest_scaffolding.java:74)
	at sun.reflect.GeneratedMethodAccessor6.invoke(Unknown Source)
	at sun.reflect.DelegatingMethodAccessorImpl.invoke(DelegatingMethodAccessorImpl.java:43)
	at java.lang.reflect.Method.invoke(Method.java:498)
	at org.junit.runners.model.FrameworkMethod$1.runReflectiveCall(FrameworkMethod.java:59)
	at org.junit.internal.runners.model.ReflectiveCallable.run(ReflectiveCallable.java:12)
	at org.junit.runners.model.FrameworkMethod.invokeExplosively(FrameworkMethod.java:56)
	at org.junit.internal.runners.statements.RunAfters.invokeMethod(RunAfters.java:46)
	at org.junit.internal.runners.statements.RunAfters.evaluate(RunAfters.java:33)
	at org.evosuite.runtime.vnet.NonFunctionalRequirementRule$1.evaluate(NonFunctionalRequirementRule.java:41)
	at org.junit.runners.ParentRunner$3.evaluate(ParentRunner.java:306)
	at org.junit.runners.BlockJUnit4ClassRunner$1.evaluate(BlockJUnit4ClassRunner.java:100)
	at org.junit.runners.ParentRunner.runLeaf(ParentRunner.java:366)
	at org.junit.runners.BlockJUnit4ClassRunner.runChild(BlockJUnit4ClassRunner.java:103)
	at org.junit.runners.BlockJUnit4ClassRunner.runChild(BlockJUnit4ClassRunner.java:63)
	at org.junit.runners.ParentRunner$4.run(ParentRunner.java:331)
	at org.junit.runners.ParentRunner$1.schedule(ParentRunner.java:79)
	at org.junit.runners.ParentRunner.runChildren(ParentRunner.java:329)
	at org.junit.runners.ParentRunner.access$100(ParentRunner.java:66)
	at org.junit.runners.ParentRunner$2.evaluate(ParentRunner.java:293)
	at org.junit.internal.runners.statements.RunBefores.evaluate(RunBefores.java:26)
	at org.junit.internal.runners.statements.RunAfters.evaluate(RunAfters.java:27)
	at org.junit.runners.ParentRunner$3.evaluate(ParentRunner.java:306)
	at org.junit.runners.ParentRunner.run(ParentRunner.java:413)
	at org.apache.maven.surefire.junit4.JUnit4Provider.execute(JUnit4Provider.java:316)
	at org.apache.maven.surefire.junit4.JUnit4Provider.executeWithRerun(JUnit4Provider.java:240)
	at org.apache.maven.surefire.junit4.JUnit4Provider.executeTestSet(JUnit4Provider.java:214)
	at org.apache.maven.surefire.junit4.JUnit4Provider.invoke(JUnit4Provider.java:155)
	at org.apache.maven.surefire.booter.ForkedBooter.runSuitesInProcess(ForkedBooter.java:385)
	at org.apache.maven.surefire.booter.ForkedBooter.execute(ForkedBooter.java:162)
	at org.apache.maven.surefire.booter.ForkedBooter.run(ForkedBooter.java:507)
	at org.apache.maven.surefire.booter.ForkedBooter.main(ForkedBooter.java:495)
18:07:41.535 [main] DEBUG io.netty.util.ResourceLeakDetector - -Dio.netty.leakDetection.level: simple
18:07:41.535 [main] DEBUG io.netty.util.ResourceLeakDetector - -Dio.netty.leakDetection.targetRecords: 4
18:07:41.535 [main] DEBUG io.netty.buffer.AbstractByteBuf - -Dio.netty.buffer.checkAccessible: true
18:07:41.535 [main] DEBUG io.netty.buffer.AbstractByteBuf - -Dio.netty.buffer.checkBounds: true
18:07:41.535 [main] DEBUG io.netty.util.ResourceLeakDetectorFactory - Loaded default ResourceLeakDetector: io.netty.util.ResourceLeakDetector@5
18:07:41.536 [main] DEBUG io.netty.util.internal.InternalThreadLocalMap - -Dio.netty.threadLocalMap.stringBuilder.initialSize: 1024
18:07:41.536 [main] DEBUG io.netty.util.internal.InternalThreadLocalMap - -Dio.netty.threadLocalMap.stringBuilder.maxSize: 4096
18:07:41.536 [main] DEBUG io.netty.buffer.PooledByteBufAllocator - -Dio.netty.allocator.numHeapArenas: 0
18:07:41.536 [main] DEBUG io.netty.buffer.PooledByteBufAllocator - -Dio.netty.allocator.numDirectArenas: 2
18:07:41.536 [main] DEBUG io.netty.buffer.PooledByteBufAllocator - -Dio.netty.allocator.pageSize: 8192
18:07:41.536 [main] DEBUG io.netty.buffer.PooledByteBufAllocator - -Dio.netty.allocator.maxOrder: 9
18:07:41.536 [main] DEBUG io.netty.buffer.PooledByteBufAllocator - -Dio.netty.allocator.chunkSize: 4194304
18:07:41.536 [main] DEBUG io.netty.buffer.PooledByteBufAllocator - -Dio.netty.allocator.smallCacheSize: 256
18:07:41.536 [main] DEBUG io.netty.buffer.PooledByteBufAllocator - -Dio.netty.allocator.normalCacheSize: 64
18:07:41.536 [main] DEBUG io.netty.buffer.PooledByteBufAllocator - -Dio.netty.allocator.maxCachedBufferCapacity: 32768
18:07:41.536 [main] DEBUG io.netty.buffer.PooledByteBufAllocator - -Dio.netty.allocator.cacheTrimInterval: 8192
18:07:41.536 [main] DEBUG io.netty.buffer.PooledByteBufAllocator - -Dio.netty.allocator.cacheTrimIntervalMillis: 0
18:07:41.536 [main] DEBUG io.netty.buffer.PooledByteBufAllocator - -Dio.netty.allocator.useCacheForAllThreads: false
18:07:41.536 [main] DEBUG io.netty.buffer.PooledByteBufAllocator - -Dio.netty.allocator.maxCachedByteBuffersPerChunk: 1023
18:07:41.536 [main] DEBUG io.netty.buffer.ByteBufUtil - -Dio.netty.allocator.type: pooled
18:07:41.536 [main] DEBUG io.netty.buffer.ByteBufUtil - -Dio.netty.threadLocalDirectBufferSize: 0
18:07:41.536 [main] DEBUG io.netty.buffer.ByteBufUtil - -Dio.netty.maxThreadLocalCharBufferSize: 16384
18:07:41.537 [main] DEBUG io.netty.util.Recycler - -Dio.netty.recycler.maxCapacityPerThread: 4096
18:07:41.537 [main] DEBUG io.netty.util.Recycler - -Dio.netty.recycler.ratio: 8
18:07:41.537 [main] DEBUG io.netty.util.Recycler - -Dio.netty.recycler.chunkSize: 32
18:07:41.537 [main] DEBUG io.netty.util.Recycler - -Dio.netty.recycler.blocking: false
18:07:41.537 [main] DEBUG io.netty.util.Recycler - -Dio.netty.recycler.batchFastThreadLocalOnly: true
18:07:41.537 [main] DEBUG io.netty.util.internal.PlatformDependent - org.jctools-core.MpscChunkedArrayQueue: available
]]></system-out>
  </testcase>
  <testcase name="test30" classname="io.netty.handler.codec.http.multipart.AbstractDiskHttpData_ESTest" time="0.022">
    <system-out><![CDATA[18:07:41.544 [main] DEBUG io.netty.util.internal.logging.InternalLoggerFactory - Using SLF4J as the default logging framework
18:07:41.544 [main] DEBUG io.netty.util.internal.PlatformDependent0 - -Dio.netty.noUnsafe: false
18:07:41.544 [main] DEBUG io.netty.util.internal.PlatformDependent0 - Java version: 8
18:07:41.544 [main] DEBUG io.netty.util.internal.PlatformDependent0 - sun.misc.Unsafe.theUnsafe: available
18:07:41.544 [main] DEBUG io.netty.util.internal.PlatformDependent0 - sun.misc.Unsafe.copyMemory: available
18:07:41.544 [main] DEBUG io.netty.util.internal.PlatformDependent0 - sun.misc.Unsafe.storeFence: available
18:07:41.544 [main] DEBUG io.netty.util.internal.PlatformDependent0 - java.nio.Buffer.address: available
18:07:41.544 [main] DEBUG io.netty.util.internal.PlatformDependent0 - direct buffer constructor: available
18:07:41.544 [main] DEBUG io.netty.util.internal.PlatformDependent0 - java.nio.Bits.unaligned: available, true
18:07:41.544 [main] DEBUG io.netty.util.internal.PlatformDependent0 - jdk.internal.misc.Unsafe.allocateUninitializedArray(int): unavailable prior to Java9
18:07:41.544 [main] DEBUG io.netty.util.internal.PlatformDependent0 - java.nio.DirectByteBuffer.<init>(long, {int,long}): available
18:07:41.544 [main] DEBUG io.netty.util.internal.CleanerJava6 - java.nio.ByteBuffer.cleaner(): available
18:07:41.544 [main] DEBUG io.netty.util.internal.PlatformDependent - sun.misc.Unsafe: available
18:07:41.544 [main] DEBUG io.netty.util.internal.PlatformDependent - -Dio.netty.tmpdir: /tmp (java.io.tmpdir)
18:07:41.544 [main] DEBUG io.netty.util.internal.PlatformDependent - -Dio.netty.bitMode: 64 (sun.arch.data.model)
18:07:41.544 [main] DEBUG io.netty.util.internal.PlatformDependent - -Dio.netty.maxDirectMemory: 11420041216 bytes
18:07:41.544 [main] DEBUG io.netty.util.internal.PlatformDependent - -Dio.netty.uninitializedArrayAllocationThreshold: -1
18:07:41.544 [main] DEBUG io.netty.util.internal.PlatformDependent - -Dio.netty.noPreferDirect: false
18:07:41.545 [main] DEBUG io.netty.util.internal.CleanerJava9 - java.nio.ByteBuffer.cleaner(): unavailable
java.lang.NoSuchMethodException: sun.misc.Unsafe.invokeCleaner(java.nio.ByteBuffer)
	at java.lang.Class.getDeclaredMethod(Class.java:2130)
	at io.netty.util.internal.CleanerJava9$1.run(CleanerJava9.java:45)
	at java.security.AccessController.doPrivileged(Native Method)
	at io.netty.util.internal.CleanerJava9.__STATIC_RESET(CleanerJava9.java:40)
	at sun.reflect.GeneratedMethodAccessor27.invoke(Unknown Source)
	at sun.reflect.DelegatingMethodAccessorImpl.invoke(DelegatingMethodAccessorImpl.java:43)
	at java.lang.reflect.Method.invoke(Method.java:498)
	at org.evosuite.runtime.classhandling.ClassResetter.reset(ClassResetter.java:159)
	at org.evosuite.runtime.classhandling.ClassStateSupport.resetClasses(ClassStateSupport.java:137)
	at io.netty.handler.codec.http.multipart.AbstractDiskHttpData_ESTest_scaffolding.resetClasses(AbstractDiskHttpData_ESTest_scaffolding.java:318)
	at io.netty.handler.codec.http.multipart.AbstractDiskHttpData_ESTest_scaffolding.doneWithTestCase(AbstractDiskHttpData_ESTest_scaffolding.java:74)
	at sun.reflect.GeneratedMethodAccessor6.invoke(Unknown Source)
	at sun.reflect.DelegatingMethodAccessorImpl.invoke(DelegatingMethodAccessorImpl.java:43)
	at java.lang.reflect.Method.invoke(Method.java:498)
	at org.junit.runners.model.FrameworkMethod$1.runReflectiveCall(FrameworkMethod.java:59)
	at org.junit.internal.runners.model.ReflectiveCallable.run(ReflectiveCallable.java:12)
	at org.junit.runners.model.FrameworkMethod.invokeExplosively(FrameworkMethod.java:56)
	at org.junit.internal.runners.statements.RunAfters.invokeMethod(RunAfters.java:46)
	at org.junit.internal.runners.statements.RunAfters.evaluate(RunAfters.java:33)
	at org.evosuite.runtime.vnet.NonFunctionalRequirementRule$1.evaluate(NonFunctionalRequirementRule.java:41)
	at org.junit.runners.ParentRunner$3.evaluate(ParentRunner.java:306)
	at org.junit.runners.BlockJUnit4ClassRunner$1.evaluate(BlockJUnit4ClassRunner.java:100)
	at org.junit.runners.ParentRunner.runLeaf(ParentRunner.java:366)
	at org.junit.runners.BlockJUnit4ClassRunner.runChild(BlockJUnit4ClassRunner.java:103)
	at org.junit.runners.BlockJUnit4ClassRunner.runChild(BlockJUnit4ClassRunner.java:63)
	at org.junit.runners.ParentRunner$4.run(ParentRunner.java:331)
	at org.junit.runners.ParentRunner$1.schedule(ParentRunner.java:79)
	at org.junit.runners.ParentRunner.runChildren(ParentRunner.java:329)
	at org.junit.runners.ParentRunner.access$100(ParentRunner.java:66)
	at org.junit.runners.ParentRunner$2.evaluate(ParentRunner.java:293)
	at org.junit.internal.runners.statements.RunBefores.evaluate(RunBefores.java:26)
	at org.junit.internal.runners.statements.RunAfters.evaluate(RunAfters.java:27)
	at org.junit.runners.ParentRunner$3.evaluate(ParentRunner.java:306)
	at org.junit.runners.ParentRunner.run(ParentRunner.java:413)
	at org.apache.maven.surefire.junit4.JUnit4Provider.execute(JUnit4Provider.java:316)
	at org.apache.maven.surefire.junit4.JUnit4Provider.executeWithRerun(JUnit4Provider.java:240)
	at org.apache.maven.surefire.junit4.JUnit4Provider.executeTestSet(JUnit4Provider.java:214)
	at org.apache.maven.surefire.junit4.JUnit4Provider.invoke(JUnit4Provider.java:155)
	at org.apache.maven.surefire.booter.ForkedBooter.runSuitesInProcess(ForkedBooter.java:385)
	at org.apache.maven.surefire.booter.ForkedBooter.execute(ForkedBooter.java:162)
	at org.apache.maven.surefire.booter.ForkedBooter.run(ForkedBooter.java:507)
	at org.apache.maven.surefire.booter.ForkedBooter.main(ForkedBooter.java:495)
18:07:41.545 [main] DEBUG io.netty.util.ResourceLeakDetector - -Dio.netty.leakDetection.level: simple
18:07:41.545 [main] DEBUG io.netty.util.ResourceLeakDetector - -Dio.netty.leakDetection.targetRecords: 4
18:07:41.546 [main] DEBUG io.netty.buffer.AbstractByteBuf - -Dio.netty.buffer.checkAccessible: true
18:07:41.546 [main] DEBUG io.netty.buffer.AbstractByteBuf - -Dio.netty.buffer.checkBounds: true
18:07:41.546 [main] DEBUG io.netty.util.ResourceLeakDetectorFactory - Loaded default ResourceLeakDetector: io.netty.util.ResourceLeakDetector@5
18:07:41.546 [main] DEBUG io.netty.util.internal.InternalThreadLocalMap - -Dio.netty.threadLocalMap.stringBuilder.initialSize: 1024
18:07:41.546 [main] DEBUG io.netty.util.internal.InternalThreadLocalMap - -Dio.netty.threadLocalMap.stringBuilder.maxSize: 4096
18:07:41.546 [main] DEBUG io.netty.buffer.PooledByteBufAllocator - -Dio.netty.allocator.numHeapArenas: 0
18:07:41.546 [main] DEBUG io.netty.buffer.PooledByteBufAllocator - -Dio.netty.allocator.numDirectArenas: 2
18:07:41.546 [main] DEBUG io.netty.buffer.PooledByteBufAllocator - -Dio.netty.allocator.pageSize: 8192
18:07:41.546 [main] DEBUG io.netty.buffer.PooledByteBufAllocator - -Dio.netty.allocator.maxOrder: 9
18:07:41.546 [main] DEBUG io.netty.buffer.PooledByteBufAllocator - -Dio.netty.allocator.chunkSize: 4194304
18:07:41.546 [main] DEBUG io.netty.buffer.PooledByteBufAllocator - -Dio.netty.allocator.smallCacheSize: 256
18:07:41.546 [main] DEBUG io.netty.buffer.PooledByteBufAllocator - -Dio.netty.allocator.normalCacheSize: 64
18:07:41.546 [main] DEBUG io.netty.buffer.PooledByteBufAllocator - -Dio.netty.allocator.maxCachedBufferCapacity: 32768
18:07:41.546 [main] DEBUG io.netty.buffer.PooledByteBufAllocator - -Dio.netty.allocator.cacheTrimInterval: 8192
18:07:41.546 [main] DEBUG io.netty.buffer.PooledByteBufAllocator - -Dio.netty.allocator.cacheTrimIntervalMillis: 0
18:07:41.546 [main] DEBUG io.netty.buffer.PooledByteBufAllocator - -Dio.netty.allocator.useCacheForAllThreads: false
18:07:41.546 [main] DEBUG io.netty.buffer.PooledByteBufAllocator - -Dio.netty.allocator.maxCachedByteBuffersPerChunk: 1023
18:07:41.547 [main] DEBUG io.netty.buffer.ByteBufUtil - -Dio.netty.allocator.type: pooled
18:07:41.547 [main] DEBUG io.netty.buffer.ByteBufUtil - -Dio.netty.threadLocalDirectBufferSize: 0
18:07:41.547 [main] DEBUG io.netty.buffer.ByteBufUtil - -Dio.netty.maxThreadLocalCharBufferSize: 16384
18:07:41.547 [main] DEBUG io.netty.util.Recycler - -Dio.netty.recycler.maxCapacityPerThread: 4096
18:07:41.547 [main] DEBUG io.netty.util.Recycler - -Dio.netty.recycler.ratio: 8
18:07:41.547 [main] DEBUG io.netty.util.Recycler - -Dio.netty.recycler.chunkSize: 32
18:07:41.547 [main] DEBUG io.netty.util.Recycler - -Dio.netty.recycler.blocking: false
18:07:41.547 [main] DEBUG io.netty.util.Recycler - -Dio.netty.recycler.batchFastThreadLocalOnly: true
18:07:41.547 [main] DEBUG io.netty.util.internal.PlatformDependent - org.jctools-core.MpscChunkedArrayQueue: available
]]></system-out>
  </testcase>
  <testcase name="test32" classname="io.netty.handler.codec.http.multipart.AbstractDiskHttpData_ESTest" time="0.023">
    <system-out><![CDATA[18:07:41.552 [main] INFO org.evosuite.runtime.thread.ThreadStopper - Found new thread
18:07:41.553 [main] DEBUG io.netty.util.internal.logging.InternalLoggerFactory - Using SLF4J as the default logging framework
18:07:41.554 [main] DEBUG io.netty.util.internal.PlatformDependent0 - -Dio.netty.noUnsafe: false
18:07:41.554 [main] DEBUG io.netty.util.internal.PlatformDependent0 - Java version: 8
18:07:41.554 [main] DEBUG io.netty.util.internal.PlatformDependent0 - sun.misc.Unsafe.theUnsafe: available
18:07:41.554 [main] DEBUG io.netty.util.internal.PlatformDependent0 - sun.misc.Unsafe.copyMemory: available
18:07:41.554 [main] DEBUG io.netty.util.internal.PlatformDependent0 - sun.misc.Unsafe.storeFence: available
18:07:41.554 [main] DEBUG io.netty.util.internal.PlatformDependent0 - java.nio.Buffer.address: available
18:07:41.554 [main] DEBUG io.netty.util.internal.PlatformDependent0 - direct buffer constructor: available
18:07:41.554 [main] DEBUG io.netty.util.internal.PlatformDependent0 - java.nio.Bits.unaligned: available, true
18:07:41.554 [main] DEBUG io.netty.util.internal.PlatformDependent0 - jdk.internal.misc.Unsafe.allocateUninitializedArray(int): unavailable prior to Java9
18:07:41.554 [main] DEBUG io.netty.util.internal.PlatformDependent0 - java.nio.DirectByteBuffer.<init>(long, {int,long}): available
18:07:41.554 [main] DEBUG io.netty.util.internal.CleanerJava6 - java.nio.ByteBuffer.cleaner(): available
18:07:41.554 [main] DEBUG io.netty.util.internal.PlatformDependent - sun.misc.Unsafe: available
18:07:41.554 [main] DEBUG io.netty.util.internal.PlatformDependent - -Dio.netty.tmpdir: /tmp (java.io.tmpdir)
18:07:41.554 [main] DEBUG io.netty.util.internal.PlatformDependent - -Dio.netty.bitMode: 64 (sun.arch.data.model)
18:07:41.554 [main] DEBUG io.netty.util.internal.PlatformDependent - -Dio.netty.maxDirectMemory: 11420041216 bytes
18:07:41.554 [main] DEBUG io.netty.util.internal.PlatformDependent - -Dio.netty.uninitializedArrayAllocationThreshold: -1
18:07:41.554 [main] DEBUG io.netty.util.internal.PlatformDependent - -Dio.netty.noPreferDirect: false
18:07:41.555 [main] DEBUG io.netty.util.internal.CleanerJava9 - java.nio.ByteBuffer.cleaner(): unavailable
java.lang.NoSuchMethodException: sun.misc.Unsafe.invokeCleaner(java.nio.ByteBuffer)
	at java.lang.Class.getDeclaredMethod(Class.java:2130)
	at io.netty.util.internal.CleanerJava9$1.run(CleanerJava9.java:45)
	at java.security.AccessController.doPrivileged(Native Method)
	at io.netty.util.internal.CleanerJava9.__STATIC_RESET(CleanerJava9.java:40)
	at sun.reflect.GeneratedMethodAccessor27.invoke(Unknown Source)
	at sun.reflect.DelegatingMethodAccessorImpl.invoke(DelegatingMethodAccessorImpl.java:43)
	at java.lang.reflect.Method.invoke(Method.java:498)
	at org.evosuite.runtime.classhandling.ClassResetter.reset(ClassResetter.java:159)
	at org.evosuite.runtime.classhandling.ClassStateSupport.resetClasses(ClassStateSupport.java:137)
	at io.netty.handler.codec.http.multipart.AbstractDiskHttpData_ESTest_scaffolding.resetClasses(AbstractDiskHttpData_ESTest_scaffolding.java:318)
	at io.netty.handler.codec.http.multipart.AbstractDiskHttpData_ESTest_scaffolding.doneWithTestCase(AbstractDiskHttpData_ESTest_scaffolding.java:74)
	at sun.reflect.GeneratedMethodAccessor6.invoke(Unknown Source)
	at sun.reflect.DelegatingMethodAccessorImpl.invoke(DelegatingMethodAccessorImpl.java:43)
	at java.lang.reflect.Method.invoke(Method.java:498)
	at org.junit.runners.model.FrameworkMethod$1.runReflectiveCall(FrameworkMethod.java:59)
	at org.junit.internal.runners.model.ReflectiveCallable.run(ReflectiveCallable.java:12)
	at org.junit.runners.model.FrameworkMethod.invokeExplosively(FrameworkMethod.java:56)
	at org.junit.internal.runners.statements.RunAfters.invokeMethod(RunAfters.java:46)
	at org.junit.internal.runners.statements.RunAfters.evaluate(RunAfters.java:33)
	at org.evosuite.runtime.vnet.NonFunctionalRequirementRule$1.evaluate(NonFunctionalRequirementRule.java:41)
	at org.junit.runners.ParentRunner$3.evaluate(ParentRunner.java:306)
	at org.junit.runners.BlockJUnit4ClassRunner$1.evaluate(BlockJUnit4ClassRunner.java:100)
	at org.junit.runners.ParentRunner.runLeaf(ParentRunner.java:366)
	at org.junit.runners.BlockJUnit4ClassRunner.runChild(BlockJUnit4ClassRunner.java:103)
	at org.junit.runners.BlockJUnit4ClassRunner.runChild(BlockJUnit4ClassRunner.java:63)
	at org.junit.runners.ParentRunner$4.run(ParentRunner.java:331)
	at org.junit.runners.ParentRunner$1.schedule(ParentRunner.java:79)
	at org.junit.runners.ParentRunner.runChildren(ParentRunner.java:329)
	at org.junit.runners.ParentRunner.access$100(ParentRunner.java:66)
	at org.junit.runners.ParentRunner$2.evaluate(ParentRunner.java:293)
	at org.junit.internal.runners.statements.RunBefores.evaluate(RunBefores.java:26)
	at org.junit.internal.runners.statements.RunAfters.evaluate(RunAfters.java:27)
	at org.junit.runners.ParentRunner$3.evaluate(ParentRunner.java:306)
	at org.junit.runners.ParentRunner.run(ParentRunner.java:413)
	at org.apache.maven.surefire.junit4.JUnit4Provider.execute(JUnit4Provider.java:316)
	at org.apache.maven.surefire.junit4.JUnit4Provider.executeWithRerun(JUnit4Provider.java:240)
	at org.apache.maven.surefire.junit4.JUnit4Provider.executeTestSet(JUnit4Provider.java:214)
	at org.apache.maven.surefire.junit4.JUnit4Provider.invoke(JUnit4Provider.java:155)
	at org.apache.maven.surefire.booter.ForkedBooter.runSuitesInProcess(ForkedBooter.java:385)
	at org.apache.maven.surefire.booter.ForkedBooter.execute(ForkedBooter.java:162)
	at org.apache.maven.surefire.booter.ForkedBooter.run(ForkedBooter.java:507)
	at org.apache.maven.surefire.booter.ForkedBooter.main(ForkedBooter.java:495)
18:07:41.555 [main] DEBUG io.netty.util.ResourceLeakDetector - -Dio.netty.leakDetection.level: simple
18:07:41.555 [main] DEBUG io.netty.util.ResourceLeakDetector - -Dio.netty.leakDetection.targetRecords: 4
18:07:41.556 [main] DEBUG io.netty.buffer.AbstractByteBuf - -Dio.netty.buffer.checkAccessible: true
18:07:41.556 [main] DEBUG io.netty.buffer.AbstractByteBuf - -Dio.netty.buffer.checkBounds: true
18:07:41.556 [main] DEBUG io.netty.util.ResourceLeakDetectorFactory - Loaded default ResourceLeakDetector: io.netty.util.ResourceLeakDetector@5
18:07:41.556 [main] DEBUG io.netty.util.internal.InternalThreadLocalMap - -Dio.netty.threadLocalMap.stringBuilder.initialSize: 1024
18:07:41.556 [main] DEBUG io.netty.util.internal.InternalThreadLocalMap - -Dio.netty.threadLocalMap.stringBuilder.maxSize: 4096
18:07:41.556 [main] DEBUG io.netty.buffer.PooledByteBufAllocator - -Dio.netty.allocator.numHeapArenas: 0
18:07:41.556 [main] DEBUG io.netty.buffer.PooledByteBufAllocator - -Dio.netty.allocator.numDirectArenas: 2
18:07:41.556 [main] DEBUG io.netty.buffer.PooledByteBufAllocator - -Dio.netty.allocator.pageSize: 8192
18:07:41.556 [main] DEBUG io.netty.buffer.PooledByteBufAllocator - -Dio.netty.allocator.maxOrder: 9
18:07:41.556 [main] DEBUG io.netty.buffer.PooledByteBufAllocator - -Dio.netty.allocator.chunkSize: 4194304
18:07:41.556 [main] DEBUG io.netty.buffer.PooledByteBufAllocator - -Dio.netty.allocator.smallCacheSize: 256
18:07:41.556 [main] DEBUG io.netty.buffer.PooledByteBufAllocator - -Dio.netty.allocator.normalCacheSize: 64
18:07:41.556 [main] DEBUG io.netty.buffer.PooledByteBufAllocator - -Dio.netty.allocator.maxCachedBufferCapacity: 32768
18:07:41.556 [main] DEBUG io.netty.buffer.PooledByteBufAllocator - -Dio.netty.allocator.cacheTrimInterval: 8192
18:07:41.556 [main] DEBUG io.netty.buffer.PooledByteBufAllocator - -Dio.netty.allocator.cacheTrimIntervalMillis: 0
18:07:41.556 [main] DEBUG io.netty.buffer.PooledByteBufAllocator - -Dio.netty.allocator.useCacheForAllThreads: false
18:07:41.556 [main] DEBUG io.netty.buffer.PooledByteBufAllocator - -Dio.netty.allocator.maxCachedByteBuffersPerChunk: 1023
18:07:41.556 [main] DEBUG io.netty.buffer.ByteBufUtil - -Dio.netty.allocator.type: pooled
18:07:41.556 [main] DEBUG io.netty.buffer.ByteBufUtil - -Dio.netty.threadLocalDirectBufferSize: 0
18:07:41.556 [main] DEBUG io.netty.buffer.ByteBufUtil - -Dio.netty.maxThreadLocalCharBufferSize: 16384
18:07:41.557 [main] DEBUG io.netty.util.Recycler - -Dio.netty.recycler.maxCapacityPerThread: 4096
18:07:41.557 [main] DEBUG io.netty.util.Recycler - -Dio.netty.recycler.ratio: 8
18:07:41.557 [main] DEBUG io.netty.util.Recycler - -Dio.netty.recycler.chunkSize: 32
18:07:41.557 [main] DEBUG io.netty.util.Recycler - -Dio.netty.recycler.blocking: false
18:07:41.557 [main] DEBUG io.netty.util.Recycler - -Dio.netty.recycler.batchFastThreadLocalOnly: true
18:07:41.557 [main] DEBUG io.netty.util.internal.PlatformDependent - org.jctools-core.MpscChunkedArrayQueue: available
]]></system-out>
  </testcase>
  <testcase name="test31" classname="io.netty.handler.codec.http.multipart.AbstractDiskHttpData_ESTest" time="0.034">
    <system-out><![CDATA[18:07:41.565 [main] DEBUG io.netty.util.internal.logging.InternalLoggerFactory - Using SLF4J as the default logging framework
18:07:41.565 [main] DEBUG io.netty.util.internal.PlatformDependent0 - -Dio.netty.noUnsafe: false
18:07:41.565 [main] DEBUG io.netty.util.internal.PlatformDependent0 - Java version: 8
18:07:41.565 [main] DEBUG io.netty.util.internal.PlatformDependent0 - sun.misc.Unsafe.theUnsafe: available
18:07:41.565 [main] DEBUG io.netty.util.internal.PlatformDependent0 - sun.misc.Unsafe.copyMemory: available
18:07:41.565 [main] DEBUG io.netty.util.internal.PlatformDependent0 - sun.misc.Unsafe.storeFence: available
18:07:41.565 [main] DEBUG io.netty.util.internal.PlatformDependent0 - java.nio.Buffer.address: available
18:07:41.565 [main] DEBUG io.netty.util.internal.PlatformDependent0 - direct buffer constructor: available
18:07:41.565 [main] DEBUG io.netty.util.internal.PlatformDependent0 - java.nio.Bits.unaligned: available, true
18:07:41.565 [main] DEBUG io.netty.util.internal.PlatformDependent0 - jdk.internal.misc.Unsafe.allocateUninitializedArray(int): unavailable prior to Java9
18:07:41.565 [main] DEBUG io.netty.util.internal.PlatformDependent0 - java.nio.DirectByteBuffer.<init>(long, {int,long}): available
18:07:41.565 [main] DEBUG io.netty.util.internal.CleanerJava6 - java.nio.ByteBuffer.cleaner(): available
18:07:41.565 [main] DEBUG io.netty.util.internal.PlatformDependent - sun.misc.Unsafe: available
18:07:41.565 [main] DEBUG io.netty.util.internal.PlatformDependent - -Dio.netty.tmpdir: /tmp (java.io.tmpdir)
18:07:41.565 [main] DEBUG io.netty.util.internal.PlatformDependent - -Dio.netty.bitMode: 64 (sun.arch.data.model)
18:07:41.565 [main] DEBUG io.netty.util.internal.PlatformDependent - -Dio.netty.maxDirectMemory: 11420041216 bytes
18:07:41.565 [main] DEBUG io.netty.util.internal.PlatformDependent - -Dio.netty.uninitializedArrayAllocationThreshold: -1
18:07:41.565 [main] DEBUG io.netty.util.internal.PlatformDependent - -Dio.netty.noPreferDirect: false
18:07:41.566 [main] DEBUG io.netty.util.internal.CleanerJava9 - java.nio.ByteBuffer.cleaner(): unavailable
java.lang.NoSuchMethodException: sun.misc.Unsafe.invokeCleaner(java.nio.ByteBuffer)
	at java.lang.Class.getDeclaredMethod(Class.java:2130)
	at io.netty.util.internal.CleanerJava9$1.run(CleanerJava9.java:45)
	at java.security.AccessController.doPrivileged(Native Method)
	at io.netty.util.internal.CleanerJava9.__STATIC_RESET(CleanerJava9.java:40)
	at sun.reflect.GeneratedMethodAccessor27.invoke(Unknown Source)
	at sun.reflect.DelegatingMethodAccessorImpl.invoke(DelegatingMethodAccessorImpl.java:43)
	at java.lang.reflect.Method.invoke(Method.java:498)
	at org.evosuite.runtime.classhandling.ClassResetter.reset(ClassResetter.java:159)
	at org.evosuite.runtime.classhandling.ClassStateSupport.resetClasses(ClassStateSupport.java:137)
	at io.netty.handler.codec.http.multipart.AbstractDiskHttpData_ESTest_scaffolding.resetClasses(AbstractDiskHttpData_ESTest_scaffolding.java:318)
	at io.netty.handler.codec.http.multipart.AbstractDiskHttpData_ESTest_scaffolding.doneWithTestCase(AbstractDiskHttpData_ESTest_scaffolding.java:74)
	at sun.reflect.GeneratedMethodAccessor6.invoke(Unknown Source)
	at sun.reflect.DelegatingMethodAccessorImpl.invoke(DelegatingMethodAccessorImpl.java:43)
	at java.lang.reflect.Method.invoke(Method.java:498)
	at org.junit.runners.model.FrameworkMethod$1.runReflectiveCall(FrameworkMethod.java:59)
	at org.junit.internal.runners.model.ReflectiveCallable.run(ReflectiveCallable.java:12)
	at org.junit.runners.model.FrameworkMethod.invokeExplosively(FrameworkMethod.java:56)
	at org.junit.internal.runners.statements.RunAfters.invokeMethod(RunAfters.java:46)
	at org.junit.internal.runners.statements.RunAfters.evaluate(RunAfters.java:33)
	at org.evosuite.runtime.vnet.NonFunctionalRequirementRule$1.evaluate(NonFunctionalRequirementRule.java:41)
	at org.junit.runners.ParentRunner$3.evaluate(ParentRunner.java:306)
	at org.junit.runners.BlockJUnit4ClassRunner$1.evaluate(BlockJUnit4ClassRunner.java:100)
	at org.junit.runners.ParentRunner.runLeaf(ParentRunner.java:366)
	at org.junit.runners.BlockJUnit4ClassRunner.runChild(BlockJUnit4ClassRunner.java:103)
	at org.junit.runners.BlockJUnit4ClassRunner.runChild(BlockJUnit4ClassRunner.java:63)
	at org.junit.runners.ParentRunner$4.run(ParentRunner.java:331)
	at org.junit.runners.ParentRunner$1.schedule(ParentRunner.java:79)
	at org.junit.runners.ParentRunner.runChildren(ParentRunner.java:329)
	at org.junit.runners.ParentRunner.access$100(ParentRunner.java:66)
	at org.junit.runners.ParentRunner$2.evaluate(ParentRunner.java:293)
	at org.junit.internal.runners.statements.RunBefores.evaluate(RunBefores.java:26)
	at org.junit.internal.runners.statements.RunAfters.evaluate(RunAfters.java:27)
	at org.junit.runners.ParentRunner$3.evaluate(ParentRunner.java:306)
	at org.junit.runners.ParentRunner.run(ParentRunner.java:413)
	at org.apache.maven.surefire.junit4.JUnit4Provider.execute(JUnit4Provider.java:316)
	at org.apache.maven.surefire.junit4.JUnit4Provider.executeWithRerun(JUnit4Provider.java:240)
	at org.apache.maven.surefire.junit4.JUnit4Provider.executeTestSet(JUnit4Provider.java:214)
	at org.apache.maven.surefire.junit4.JUnit4Provider.invoke(JUnit4Provider.java:155)
	at org.apache.maven.surefire.booter.ForkedBooter.runSuitesInProcess(ForkedBooter.java:385)
	at org.apache.maven.surefire.booter.ForkedBooter.execute(ForkedBooter.java:162)
	at org.apache.maven.surefire.booter.ForkedBooter.run(ForkedBooter.java:507)
	at org.apache.maven.surefire.booter.ForkedBooter.main(ForkedBooter.java:495)
18:07:41.566 [main] DEBUG io.netty.util.ResourceLeakDetector - -Dio.netty.leakDetection.level: simple
18:07:41.566 [main] DEBUG io.netty.util.ResourceLeakDetector - -Dio.netty.leakDetection.targetRecords: 4
18:07:41.567 [main] DEBUG io.netty.buffer.AbstractByteBuf - -Dio.netty.buffer.checkAccessible: true
18:07:41.567 [main] DEBUG io.netty.buffer.AbstractByteBuf - -Dio.netty.buffer.checkBounds: true
18:07:41.567 [main] DEBUG io.netty.util.ResourceLeakDetectorFactory - Loaded default ResourceLeakDetector: io.netty.util.ResourceLeakDetector@5
18:07:41.567 [main] DEBUG io.netty.util.internal.InternalThreadLocalMap - -Dio.netty.threadLocalMap.stringBuilder.initialSize: 1024
18:07:41.567 [main] DEBUG io.netty.util.internal.InternalThreadLocalMap - -Dio.netty.threadLocalMap.stringBuilder.maxSize: 4096
18:07:41.567 [main] DEBUG io.netty.buffer.PooledByteBufAllocator - -Dio.netty.allocator.numHeapArenas: 0
18:07:41.567 [main] DEBUG io.netty.buffer.PooledByteBufAllocator - -Dio.netty.allocator.numDirectArenas: 2
18:07:41.567 [main] DEBUG io.netty.buffer.PooledByteBufAllocator - -Dio.netty.allocator.pageSize: 8192
18:07:41.567 [main] DEBUG io.netty.buffer.PooledByteBufAllocator - -Dio.netty.allocator.maxOrder: 9
18:07:41.567 [main] DEBUG io.netty.buffer.PooledByteBufAllocator - -Dio.netty.allocator.chunkSize: 4194304
18:07:41.567 [main] DEBUG io.netty.buffer.PooledByteBufAllocator - -Dio.netty.allocator.smallCacheSize: 256
18:07:41.567 [main] DEBUG io.netty.buffer.PooledByteBufAllocator - -Dio.netty.allocator.normalCacheSize: 64
18:07:41.567 [main] DEBUG io.netty.buffer.PooledByteBufAllocator - -Dio.netty.allocator.maxCachedBufferCapacity: 32768
18:07:41.567 [main] DEBUG io.netty.buffer.PooledByteBufAllocator - -Dio.netty.allocator.cacheTrimInterval: 8192
18:07:41.567 [main] DEBUG io.netty.buffer.PooledByteBufAllocator - -Dio.netty.allocator.cacheTrimIntervalMillis: 0
18:07:41.567 [main] DEBUG io.netty.buffer.PooledByteBufAllocator - -Dio.netty.allocator.useCacheForAllThreads: false
18:07:41.567 [main] DEBUG io.netty.buffer.PooledByteBufAllocator - -Dio.netty.allocator.maxCachedByteBuffersPerChunk: 1023
18:07:41.568 [main] DEBUG io.netty.buffer.ByteBufUtil - -Dio.netty.allocator.type: pooled
18:07:41.568 [main] DEBUG io.netty.buffer.ByteBufUtil - -Dio.netty.threadLocalDirectBufferSize: 0
18:07:41.568 [main] DEBUG io.netty.buffer.ByteBufUtil - -Dio.netty.maxThreadLocalCharBufferSize: 16384
18:07:41.568 [main] DEBUG io.netty.util.Recycler - -Dio.netty.recycler.maxCapacityPerThread: 4096
18:07:41.568 [main] DEBUG io.netty.util.Recycler - -Dio.netty.recycler.ratio: 8
18:07:41.568 [main] DEBUG io.netty.util.Recycler - -Dio.netty.recycler.chunkSize: 32
18:07:41.568 [main] DEBUG io.netty.util.Recycler - -Dio.netty.recycler.blocking: false
18:07:41.568 [main] DEBUG io.netty.util.Recycler - -Dio.netty.recycler.batchFastThreadLocalOnly: true
18:07:41.569 [main] DEBUG io.netty.util.internal.PlatformDependent - org.jctools-core.MpscChunkedArrayQueue: available
]]></system-out>
  </testcase>
  <testcase name="test34" classname="io.netty.handler.codec.http.multipart.AbstractDiskHttpData_ESTest" time="0.041">
    <system-out><![CDATA[18:07:41.574 [Time-limited test] INFO org.evosuite.runtime.instrumentation.EvoClassLoader - Seeing class for first time: io.netty.handler.codec.http.multipart.AbstractDiskHttpData_ESTest$6
18:07:41.574 [Time-limited test] INFO org.evosuite.runtime.instrumentation.EvoClassLoader - Instrumenting class 'io.netty.handler.codec.http.multipart.AbstractDiskHttpData_ESTest$6'.
18:07:41.576 [Time-limited test] INFO org.evosuite.runtime.instrumentation.EvoClassLoader - Keeping class: io.netty.handler.codec.http.multipart.AbstractDiskHttpData_ESTest$6
18:07:41.577 [pool-2-thread-1] DEBUG org.evosuite.runtime.sandbox.MSecurityManager - Security manager blocks permission ("java.io.FilePermission" "/tmp/Attr_3334517695709882098_-613242400" "write")
java.lang.Thread.getStackTrace(Thread.java:1564)
org.evosuite.runtime.sandbox.MSecurityManager.checkPermission(MSecurityManager.java:424)
java.lang.SecurityManager.checkWrite(SecurityManager.java:979)
sun.nio.fs.UnixChannelFactory.open(UnixChannelFactory.java:247)
sun.nio.fs.UnixChannelFactory.newFileChannel(UnixChannelFactory.java:136)
sun.nio.fs.UnixChannelFactory.newFileChannel(UnixChannelFactory.java:148)
sun.nio.fs.UnixFileSystemProvider.newByteChannel(UnixFileSystemProvider.java:212)
java.nio.file.Files.newByteChannel(Files.java:361)
java.nio.file.Files.createFile(Files.java:632)
java.nio.file.TempFileHelper.create(TempFileHelper.java:138)
java.nio.file.TempFileHelper.createTempFile(TempFileHelper.java:161)
java.nio.file.Files.createTempFile(Files.java:897)
io.netty.util.internal.PlatformDependent.createTempFile(PlatformDependent.java:1499)
io.netty.handler.codec.http.multipart.AbstractDiskHttpData.tempFile(AbstractDiskHttpData.java:92)
io.netty.handler.codec.http.multipart.AbstractDiskHttpData.addContent(AbstractDiskHttpData.java:163)
io.netty.handler.codec.http.multipart.DiskAttribute.addContent(DiskAttribute.java:138)
io.netty.handler.codec.http.multipart.AbstractDiskHttpData_ESTest$6.run(AbstractDiskHttpData_ESTest.java:605)
java.util.concurrent.Executors$RunnableAdapter.call(Executors.java:511)
java.util.concurrent.FutureTask.run(FutureTask.java:266)
java.util.concurrent.ThreadPoolExecutor.runWorker(ThreadPoolExecutor.java:1149)
java.util.concurrent.ThreadPoolExecutor$Worker.run(ThreadPoolExecutor.java:624)
java.lang.Thread.run(Thread.java:750)

18:07:41.578 [main] DEBUG io.netty.util.internal.logging.InternalLoggerFactory - Using SLF4J as the default logging framework
18:07:41.578 [main] DEBUG io.netty.util.internal.PlatformDependent0 - -Dio.netty.noUnsafe: false
18:07:41.578 [main] DEBUG io.netty.util.internal.PlatformDependent0 - Java version: 8
18:07:41.578 [main] DEBUG io.netty.util.internal.PlatformDependent0 - sun.misc.Unsafe.theUnsafe: available
18:07:41.578 [main] DEBUG io.netty.util.internal.PlatformDependent0 - sun.misc.Unsafe.copyMemory: available
18:07:41.578 [main] DEBUG io.netty.util.internal.PlatformDependent0 - sun.misc.Unsafe.storeFence: available
18:07:41.578 [main] DEBUG io.netty.util.internal.PlatformDependent0 - java.nio.Buffer.address: available
18:07:41.579 [main] DEBUG io.netty.util.internal.PlatformDependent0 - direct buffer constructor: available
18:07:41.579 [main] DEBUG io.netty.util.internal.PlatformDependent0 - java.nio.Bits.unaligned: available, true
18:07:41.579 [main] DEBUG io.netty.util.internal.PlatformDependent0 - jdk.internal.misc.Unsafe.allocateUninitializedArray(int): unavailable prior to Java9
18:07:41.579 [main] DEBUG io.netty.util.internal.PlatformDependent0 - java.nio.DirectByteBuffer.<init>(long, {int,long}): available
18:07:41.579 [main] DEBUG io.netty.util.internal.CleanerJava6 - java.nio.ByteBuffer.cleaner(): available
18:07:41.579 [main] DEBUG io.netty.util.internal.PlatformDependent - sun.misc.Unsafe: available
18:07:41.579 [main] DEBUG io.netty.util.internal.PlatformDependent - -Dio.netty.tmpdir: /tmp (java.io.tmpdir)
18:07:41.579 [main] DEBUG io.netty.util.internal.PlatformDependent - -Dio.netty.bitMode: 64 (sun.arch.data.model)
18:07:41.579 [main] DEBUG io.netty.util.internal.PlatformDependent - -Dio.netty.maxDirectMemory: 11420041216 bytes
18:07:41.579 [main] DEBUG io.netty.util.internal.PlatformDependent - -Dio.netty.uninitializedArrayAllocationThreshold: -1
18:07:41.579 [main] DEBUG io.netty.util.internal.PlatformDependent - -Dio.netty.noPreferDirect: false
18:07:41.580 [main] DEBUG io.netty.util.internal.CleanerJava9 - java.nio.ByteBuffer.cleaner(): unavailable
java.lang.NoSuchMethodException: sun.misc.Unsafe.invokeCleaner(java.nio.ByteBuffer)
	at java.lang.Class.getDeclaredMethod(Class.java:2130)
	at io.netty.util.internal.CleanerJava9$1.run(CleanerJava9.java:45)
	at java.security.AccessController.doPrivileged(Native Method)
	at io.netty.util.internal.CleanerJava9.__STATIC_RESET(CleanerJava9.java:40)
	at sun.reflect.GeneratedMethodAccessor27.invoke(Unknown Source)
	at sun.reflect.DelegatingMethodAccessorImpl.invoke(DelegatingMethodAccessorImpl.java:43)
	at java.lang.reflect.Method.invoke(Method.java:498)
	at org.evosuite.runtime.classhandling.ClassResetter.reset(ClassResetter.java:159)
	at org.evosuite.runtime.classhandling.ClassStateSupport.resetClasses(ClassStateSupport.java:137)
	at io.netty.handler.codec.http.multipart.AbstractDiskHttpData_ESTest_scaffolding.resetClasses(AbstractDiskHttpData_ESTest_scaffolding.java:318)
	at io.netty.handler.codec.http.multipart.AbstractDiskHttpData_ESTest_scaffolding.doneWithTestCase(AbstractDiskHttpData_ESTest_scaffolding.java:74)
	at sun.reflect.GeneratedMethodAccessor6.invoke(Unknown Source)
	at sun.reflect.DelegatingMethodAccessorImpl.invoke(DelegatingMethodAccessorImpl.java:43)
	at java.lang.reflect.Method.invoke(Method.java:498)
	at org.junit.runners.model.FrameworkMethod$1.runReflectiveCall(FrameworkMethod.java:59)
	at org.junit.internal.runners.model.ReflectiveCallable.run(ReflectiveCallable.java:12)
	at org.junit.runners.model.FrameworkMethod.invokeExplosively(FrameworkMethod.java:56)
	at org.junit.internal.runners.statements.RunAfters.invokeMethod(RunAfters.java:46)
	at org.junit.internal.runners.statements.RunAfters.evaluate(RunAfters.java:33)
	at org.evosuite.runtime.vnet.NonFunctionalRequirementRule$1.evaluate(NonFunctionalRequirementRule.java:41)
	at org.junit.runners.ParentRunner$3.evaluate(ParentRunner.java:306)
	at org.junit.runners.BlockJUnit4ClassRunner$1.evaluate(BlockJUnit4ClassRunner.java:100)
	at org.junit.runners.ParentRunner.runLeaf(ParentRunner.java:366)
	at org.junit.runners.BlockJUnit4ClassRunner.runChild(BlockJUnit4ClassRunner.java:103)
	at org.junit.runners.BlockJUnit4ClassRunner.runChild(BlockJUnit4ClassRunner.java:63)
	at org.junit.runners.ParentRunner$4.run(ParentRunner.java:331)
	at org.junit.runners.ParentRunner$1.schedule(ParentRunner.java:79)
	at org.junit.runners.ParentRunner.runChildren(ParentRunner.java:329)
	at org.junit.runners.ParentRunner.access$100(ParentRunner.java:66)
	at org.junit.runners.ParentRunner$2.evaluate(ParentRunner.java:293)
	at org.junit.internal.runners.statements.RunBefores.evaluate(RunBefores.java:26)
	at org.junit.internal.runners.statements.RunAfters.evaluate(RunAfters.java:27)
	at org.junit.runners.ParentRunner$3.evaluate(ParentRunner.java:306)
	at org.junit.runners.ParentRunner.run(ParentRunner.java:413)
	at org.apache.maven.surefire.junit4.JUnit4Provider.execute(JUnit4Provider.java:316)
	at org.apache.maven.surefire.junit4.JUnit4Provider.executeWithRerun(JUnit4Provider.java:240)
	at org.apache.maven.surefire.junit4.JUnit4Provider.executeTestSet(JUnit4Provider.java:214)
	at org.apache.maven.surefire.junit4.JUnit4Provider.invoke(JUnit4Provider.java:155)
	at org.apache.maven.surefire.booter.ForkedBooter.runSuitesInProcess(ForkedBooter.java:385)
	at org.apache.maven.surefire.booter.ForkedBooter.execute(ForkedBooter.java:162)
	at org.apache.maven.surefire.booter.ForkedBooter.run(ForkedBooter.java:507)
	at org.apache.maven.surefire.booter.ForkedBooter.main(ForkedBooter.java:495)
18:07:41.580 [main] DEBUG io.netty.util.ResourceLeakDetector - -Dio.netty.leakDetection.level: simple
18:07:41.580 [main] DEBUG io.netty.util.ResourceLeakDetector - -Dio.netty.leakDetection.targetRecords: 4
18:07:41.581 [main] DEBUG io.netty.buffer.AbstractByteBuf - -Dio.netty.buffer.checkAccessible: true
18:07:41.581 [main] DEBUG io.netty.buffer.AbstractByteBuf - -Dio.netty.buffer.checkBounds: true
18:07:41.581 [main] DEBUG io.netty.util.ResourceLeakDetectorFactory - Loaded default ResourceLeakDetector: io.netty.util.ResourceLeakDetector@5
18:07:41.581 [main] DEBUG io.netty.util.internal.InternalThreadLocalMap - -Dio.netty.threadLocalMap.stringBuilder.initialSize: 1024
18:07:41.581 [main] DEBUG io.netty.util.internal.InternalThreadLocalMap - -Dio.netty.threadLocalMap.stringBuilder.maxSize: 4096
18:07:41.581 [main] DEBUG io.netty.buffer.PooledByteBufAllocator - -Dio.netty.allocator.numHeapArenas: 0
18:07:41.581 [main] DEBUG io.netty.buffer.PooledByteBufAllocator - -Dio.netty.allocator.numDirectArenas: 2
18:07:41.581 [main] DEBUG io.netty.buffer.PooledByteBufAllocator - -Dio.netty.allocator.pageSize: 8192
18:07:41.581 [main] DEBUG io.netty.buffer.PooledByteBufAllocator - -Dio.netty.allocator.maxOrder: 9
18:07:41.581 [main] DEBUG io.netty.buffer.PooledByteBufAllocator - -Dio.netty.allocator.chunkSize: 4194304
18:07:41.581 [main] DEBUG io.netty.buffer.PooledByteBufAllocator - -Dio.netty.allocator.smallCacheSize: 256
18:07:41.581 [main] DEBUG io.netty.buffer.PooledByteBufAllocator - -Dio.netty.allocator.normalCacheSize: 64
18:07:41.581 [main] DEBUG io.netty.buffer.PooledByteBufAllocator - -Dio.netty.allocator.maxCachedBufferCapacity: 32768
18:07:41.581 [main] DEBUG io.netty.buffer.PooledByteBufAllocator - -Dio.netty.allocator.cacheTrimInterval: 8192
18:07:41.581 [main] DEBUG io.netty.buffer.PooledByteBufAllocator - -Dio.netty.allocator.cacheTrimIntervalMillis: 0
18:07:41.581 [main] DEBUG io.netty.buffer.PooledByteBufAllocator - -Dio.netty.allocator.useCacheForAllThreads: false
18:07:41.581 [main] DEBUG io.netty.buffer.PooledByteBufAllocator - -Dio.netty.allocator.maxCachedByteBuffersPerChunk: 1023
18:07:41.582 [main] DEBUG io.netty.buffer.ByteBufUtil - -Dio.netty.allocator.type: pooled
18:07:41.582 [main] DEBUG io.netty.buffer.ByteBufUtil - -Dio.netty.threadLocalDirectBufferSize: 0
18:07:41.582 [main] DEBUG io.netty.buffer.ByteBufUtil - -Dio.netty.maxThreadLocalCharBufferSize: 16384
18:07:41.582 [main] DEBUG io.netty.util.Recycler - -Dio.netty.recycler.maxCapacityPerThread: 4096
18:07:41.582 [main] DEBUG io.netty.util.Recycler - -Dio.netty.recycler.ratio: 8
18:07:41.582 [main] DEBUG io.netty.util.Recycler - -Dio.netty.recycler.chunkSize: 32
18:07:41.582 [main] DEBUG io.netty.util.Recycler - -Dio.netty.recycler.blocking: false
18:07:41.582 [main] DEBUG io.netty.util.Recycler - -Dio.netty.recycler.batchFastThreadLocalOnly: true
18:07:41.582 [main] DEBUG io.netty.util.internal.PlatformDependent - org.jctools-core.MpscChunkedArrayQueue: available
]]></system-out>
  </testcase>
  <testcase name="test33" classname="io.netty.handler.codec.http.multipart.AbstractDiskHttpData_ESTest" time="0.025">
    <system-out><![CDATA[18:07:41.590 [main] DEBUG io.netty.util.internal.logging.InternalLoggerFactory - Using SLF4J as the default logging framework
18:07:41.590 [main] DEBUG io.netty.util.internal.PlatformDependent0 - -Dio.netty.noUnsafe: false
18:07:41.590 [main] DEBUG io.netty.util.internal.PlatformDependent0 - Java version: 8
18:07:41.590 [main] DEBUG io.netty.util.internal.PlatformDependent0 - sun.misc.Unsafe.theUnsafe: available
18:07:41.590 [main] DEBUG io.netty.util.internal.PlatformDependent0 - sun.misc.Unsafe.copyMemory: available
18:07:41.590 [main] DEBUG io.netty.util.internal.PlatformDependent0 - sun.misc.Unsafe.storeFence: available
18:07:41.590 [main] DEBUG io.netty.util.internal.PlatformDependent0 - java.nio.Buffer.address: available
18:07:41.590 [main] DEBUG io.netty.util.internal.PlatformDependent0 - direct buffer constructor: available
18:07:41.590 [main] DEBUG io.netty.util.internal.PlatformDependent0 - java.nio.Bits.unaligned: available, true
18:07:41.590 [main] DEBUG io.netty.util.internal.PlatformDependent0 - jdk.internal.misc.Unsafe.allocateUninitializedArray(int): unavailable prior to Java9
18:07:41.590 [main] DEBUG io.netty.util.internal.PlatformDependent0 - java.nio.DirectByteBuffer.<init>(long, {int,long}): available
18:07:41.590 [main] DEBUG io.netty.util.internal.CleanerJava6 - java.nio.ByteBuffer.cleaner(): available
18:07:41.590 [main] DEBUG io.netty.util.internal.PlatformDependent - sun.misc.Unsafe: available
18:07:41.591 [main] DEBUG io.netty.util.internal.PlatformDependent - -Dio.netty.tmpdir: /tmp (java.io.tmpdir)
18:07:41.591 [main] DEBUG io.netty.util.internal.PlatformDependent - -Dio.netty.bitMode: 64 (sun.arch.data.model)
18:07:41.591 [main] DEBUG io.netty.util.internal.PlatformDependent - -Dio.netty.maxDirectMemory: 11420041216 bytes
18:07:41.591 [main] DEBUG io.netty.util.internal.PlatformDependent - -Dio.netty.uninitializedArrayAllocationThreshold: -1
18:07:41.591 [main] DEBUG io.netty.util.internal.PlatformDependent - -Dio.netty.noPreferDirect: false
18:07:41.591 [main] DEBUG io.netty.util.internal.CleanerJava9 - java.nio.ByteBuffer.cleaner(): unavailable
java.lang.NoSuchMethodException: sun.misc.Unsafe.invokeCleaner(java.nio.ByteBuffer)
	at java.lang.Class.getDeclaredMethod(Class.java:2130)
	at io.netty.util.internal.CleanerJava9$1.run(CleanerJava9.java:45)
	at java.security.AccessController.doPrivileged(Native Method)
	at io.netty.util.internal.CleanerJava9.__STATIC_RESET(CleanerJava9.java:40)
	at sun.reflect.GeneratedMethodAccessor27.invoke(Unknown Source)
	at sun.reflect.DelegatingMethodAccessorImpl.invoke(DelegatingMethodAccessorImpl.java:43)
	at java.lang.reflect.Method.invoke(Method.java:498)
	at org.evosuite.runtime.classhandling.ClassResetter.reset(ClassResetter.java:159)
	at org.evosuite.runtime.classhandling.ClassStateSupport.resetClasses(ClassStateSupport.java:137)
	at io.netty.handler.codec.http.multipart.AbstractDiskHttpData_ESTest_scaffolding.resetClasses(AbstractDiskHttpData_ESTest_scaffolding.java:318)
	at io.netty.handler.codec.http.multipart.AbstractDiskHttpData_ESTest_scaffolding.doneWithTestCase(AbstractDiskHttpData_ESTest_scaffolding.java:74)
	at sun.reflect.GeneratedMethodAccessor6.invoke(Unknown Source)
	at sun.reflect.DelegatingMethodAccessorImpl.invoke(DelegatingMethodAccessorImpl.java:43)
	at java.lang.reflect.Method.invoke(Method.java:498)
	at org.junit.runners.model.FrameworkMethod$1.runReflectiveCall(FrameworkMethod.java:59)
	at org.junit.internal.runners.model.ReflectiveCallable.run(ReflectiveCallable.java:12)
	at org.junit.runners.model.FrameworkMethod.invokeExplosively(FrameworkMethod.java:56)
	at org.junit.internal.runners.statements.RunAfters.invokeMethod(RunAfters.java:46)
	at org.junit.internal.runners.statements.RunAfters.evaluate(RunAfters.java:33)
	at org.evosuite.runtime.vnet.NonFunctionalRequirementRule$1.evaluate(NonFunctionalRequirementRule.java:41)
	at org.junit.runners.ParentRunner$3.evaluate(ParentRunner.java:306)
	at org.junit.runners.BlockJUnit4ClassRunner$1.evaluate(BlockJUnit4ClassRunner.java:100)
	at org.junit.runners.ParentRunner.runLeaf(ParentRunner.java:366)
	at org.junit.runners.BlockJUnit4ClassRunner.runChild(BlockJUnit4ClassRunner.java:103)
	at org.junit.runners.BlockJUnit4ClassRunner.runChild(BlockJUnit4ClassRunner.java:63)
	at org.junit.runners.ParentRunner$4.run(ParentRunner.java:331)
	at org.junit.runners.ParentRunner$1.schedule(ParentRunner.java:79)
	at org.junit.runners.ParentRunner.runChildren(ParentRunner.java:329)
	at org.junit.runners.ParentRunner.access$100(ParentRunner.java:66)
	at org.junit.runners.ParentRunner$2.evaluate(ParentRunner.java:293)
	at org.junit.internal.runners.statements.RunBefores.evaluate(RunBefores.java:26)
	at org.junit.internal.runners.statements.RunAfters.evaluate(RunAfters.java:27)
	at org.junit.runners.ParentRunner$3.evaluate(ParentRunner.java:306)
	at org.junit.runners.ParentRunner.run(ParentRunner.java:413)
	at org.apache.maven.surefire.junit4.JUnit4Provider.execute(JUnit4Provider.java:316)
	at org.apache.maven.surefire.junit4.JUnit4Provider.executeWithRerun(JUnit4Provider.java:240)
	at org.apache.maven.surefire.junit4.JUnit4Provider.executeTestSet(JUnit4Provider.java:214)
	at org.apache.maven.surefire.junit4.JUnit4Provider.invoke(JUnit4Provider.java:155)
	at org.apache.maven.surefire.booter.ForkedBooter.runSuitesInProcess(ForkedBooter.java:385)
	at org.apache.maven.surefire.booter.ForkedBooter.execute(ForkedBooter.java:162)
	at org.apache.maven.surefire.booter.ForkedBooter.run(ForkedBooter.java:507)
	at org.apache.maven.surefire.booter.ForkedBooter.main(ForkedBooter.java:495)
18:07:41.591 [main] DEBUG io.netty.util.ResourceLeakDetector - -Dio.netty.leakDetection.level: simple
18:07:41.591 [main] DEBUG io.netty.util.ResourceLeakDetector - -Dio.netty.leakDetection.targetRecords: 4
18:07:41.592 [main] DEBUG io.netty.buffer.AbstractByteBuf - -Dio.netty.buffer.checkAccessible: true
18:07:41.592 [main] DEBUG io.netty.buffer.AbstractByteBuf - -Dio.netty.buffer.checkBounds: true
18:07:41.592 [main] DEBUG io.netty.util.ResourceLeakDetectorFactory - Loaded default ResourceLeakDetector: io.netty.util.ResourceLeakDetector@5
18:07:41.592 [main] DEBUG io.netty.util.internal.InternalThreadLocalMap - -Dio.netty.threadLocalMap.stringBuilder.initialSize: 1024
18:07:41.592 [main] DEBUG io.netty.util.internal.InternalThreadLocalMap - -Dio.netty.threadLocalMap.stringBuilder.maxSize: 4096
18:07:41.592 [main] DEBUG io.netty.buffer.PooledByteBufAllocator - -Dio.netty.allocator.numHeapArenas: 0
18:07:41.592 [main] DEBUG io.netty.buffer.PooledByteBufAllocator - -Dio.netty.allocator.numDirectArenas: 2
18:07:41.592 [main] DEBUG io.netty.buffer.PooledByteBufAllocator - -Dio.netty.allocator.pageSize: 8192
18:07:41.592 [main] DEBUG io.netty.buffer.PooledByteBufAllocator - -Dio.netty.allocator.maxOrder: 9
18:07:41.592 [main] DEBUG io.netty.buffer.PooledByteBufAllocator - -Dio.netty.allocator.chunkSize: 4194304
18:07:41.592 [main] DEBUG io.netty.buffer.PooledByteBufAllocator - -Dio.netty.allocator.smallCacheSize: 256
18:07:41.592 [main] DEBUG io.netty.buffer.PooledByteBufAllocator - -Dio.netty.allocator.normalCacheSize: 64
18:07:41.592 [main] DEBUG io.netty.buffer.PooledByteBufAllocator - -Dio.netty.allocator.maxCachedBufferCapacity: 32768
18:07:41.592 [main] DEBUG io.netty.buffer.PooledByteBufAllocator - -Dio.netty.allocator.cacheTrimInterval: 8192
18:07:41.592 [main] DEBUG io.netty.buffer.PooledByteBufAllocator - -Dio.netty.allocator.cacheTrimIntervalMillis: 0
18:07:41.592 [main] DEBUG io.netty.buffer.PooledByteBufAllocator - -Dio.netty.allocator.useCacheForAllThreads: false
18:07:41.592 [main] DEBUG io.netty.buffer.PooledByteBufAllocator - -Dio.netty.allocator.maxCachedByteBuffersPerChunk: 1023
18:07:41.592 [main] DEBUG io.netty.buffer.ByteBufUtil - -Dio.netty.allocator.type: pooled
18:07:41.592 [main] DEBUG io.netty.buffer.ByteBufUtil - -Dio.netty.threadLocalDirectBufferSize: 0
18:07:41.592 [main] DEBUG io.netty.buffer.ByteBufUtil - -Dio.netty.maxThreadLocalCharBufferSize: 16384
18:07:41.592 [main] DEBUG io.netty.util.Recycler - -Dio.netty.recycler.maxCapacityPerThread: 4096
18:07:41.592 [main] DEBUG io.netty.util.Recycler - -Dio.netty.recycler.ratio: 8
18:07:41.592 [main] DEBUG io.netty.util.Recycler - -Dio.netty.recycler.chunkSize: 32
18:07:41.592 [main] DEBUG io.netty.util.Recycler - -Dio.netty.recycler.blocking: false
18:07:41.592 [main] DEBUG io.netty.util.Recycler - -Dio.netty.recycler.batchFastThreadLocalOnly: true
18:07:41.592 [main] DEBUG io.netty.util.internal.PlatformDependent - org.jctools-core.MpscChunkedArrayQueue: available
]]></system-out>
  </testcase>
  <testcase name="test36" classname="io.netty.handler.codec.http.multipart.AbstractDiskHttpData_ESTest" time="0.016">
    <system-out><![CDATA[18:07:41.609 [main] DEBUG io.netty.util.internal.logging.InternalLoggerFactory - Using SLF4J as the default logging framework
18:07:41.609 [main] DEBUG io.netty.util.internal.PlatformDependent0 - -Dio.netty.noUnsafe: false
18:07:41.609 [main] DEBUG io.netty.util.internal.PlatformDependent0 - Java version: 8
18:07:41.609 [main] DEBUG io.netty.util.internal.PlatformDependent0 - sun.misc.Unsafe.theUnsafe: available
18:07:41.609 [main] DEBUG io.netty.util.internal.PlatformDependent0 - sun.misc.Unsafe.copyMemory: available
18:07:41.609 [main] DEBUG io.netty.util.internal.PlatformDependent0 - sun.misc.Unsafe.storeFence: available
18:07:41.609 [main] DEBUG io.netty.util.internal.PlatformDependent0 - java.nio.Buffer.address: available
18:07:41.609 [main] DEBUG io.netty.util.internal.PlatformDependent0 - direct buffer constructor: available
18:07:41.609 [main] DEBUG io.netty.util.internal.PlatformDependent0 - java.nio.Bits.unaligned: available, true
18:07:41.609 [main] DEBUG io.netty.util.internal.PlatformDependent0 - jdk.internal.misc.Unsafe.allocateUninitializedArray(int): unavailable prior to Java9
18:07:41.609 [main] DEBUG io.netty.util.internal.PlatformDependent0 - java.nio.DirectByteBuffer.<init>(long, {int,long}): available
18:07:41.609 [main] DEBUG io.netty.util.internal.CleanerJava6 - java.nio.ByteBuffer.cleaner(): available
18:07:41.609 [main] DEBUG io.netty.util.internal.PlatformDependent - sun.misc.Unsafe: available
18:07:41.610 [main] DEBUG io.netty.util.internal.PlatformDependent - -Dio.netty.tmpdir: /tmp (java.io.tmpdir)
18:07:41.610 [main] DEBUG io.netty.util.internal.PlatformDependent - -Dio.netty.bitMode: 64 (sun.arch.data.model)
18:07:41.610 [main] DEBUG io.netty.util.internal.PlatformDependent - -Dio.netty.maxDirectMemory: 11420041216 bytes
18:07:41.610 [main] DEBUG io.netty.util.internal.PlatformDependent - -Dio.netty.uninitializedArrayAllocationThreshold: -1
18:07:41.610 [main] DEBUG io.netty.util.internal.PlatformDependent - -Dio.netty.noPreferDirect: false
18:07:41.610 [main] DEBUG io.netty.util.internal.CleanerJava9 - java.nio.ByteBuffer.cleaner(): unavailable
java.lang.NoSuchMethodException: sun.misc.Unsafe.invokeCleaner(java.nio.ByteBuffer)
	at java.lang.Class.getDeclaredMethod(Class.java:2130)
	at io.netty.util.internal.CleanerJava9$1.run(CleanerJava9.java:45)
	at java.security.AccessController.doPrivileged(Native Method)
	at io.netty.util.internal.CleanerJava9.__STATIC_RESET(CleanerJava9.java:40)
	at sun.reflect.GeneratedMethodAccessor27.invoke(Unknown Source)
	at sun.reflect.DelegatingMethodAccessorImpl.invoke(DelegatingMethodAccessorImpl.java:43)
	at java.lang.reflect.Method.invoke(Method.java:498)
	at org.evosuite.runtime.classhandling.ClassResetter.reset(ClassResetter.java:159)
	at org.evosuite.runtime.classhandling.ClassStateSupport.resetClasses(ClassStateSupport.java:137)
	at io.netty.handler.codec.http.multipart.AbstractDiskHttpData_ESTest_scaffolding.resetClasses(AbstractDiskHttpData_ESTest_scaffolding.java:318)
	at io.netty.handler.codec.http.multipart.AbstractDiskHttpData_ESTest_scaffolding.doneWithTestCase(AbstractDiskHttpData_ESTest_scaffolding.java:74)
	at sun.reflect.GeneratedMethodAccessor6.invoke(Unknown Source)
	at sun.reflect.DelegatingMethodAccessorImpl.invoke(DelegatingMethodAccessorImpl.java:43)
	at java.lang.reflect.Method.invoke(Method.java:498)
	at org.junit.runners.model.FrameworkMethod$1.runReflectiveCall(FrameworkMethod.java:59)
	at org.junit.internal.runners.model.ReflectiveCallable.run(ReflectiveCallable.java:12)
	at org.junit.runners.model.FrameworkMethod.invokeExplosively(FrameworkMethod.java:56)
	at org.junit.internal.runners.statements.RunAfters.invokeMethod(RunAfters.java:46)
	at org.junit.internal.runners.statements.RunAfters.evaluate(RunAfters.java:33)
	at org.evosuite.runtime.vnet.NonFunctionalRequirementRule$1.evaluate(NonFunctionalRequirementRule.java:41)
	at org.junit.runners.ParentRunner$3.evaluate(ParentRunner.java:306)
	at org.junit.runners.BlockJUnit4ClassRunner$1.evaluate(BlockJUnit4ClassRunner.java:100)
	at org.junit.runners.ParentRunner.runLeaf(ParentRunner.java:366)
	at org.junit.runners.BlockJUnit4ClassRunner.runChild(BlockJUnit4ClassRunner.java:103)
	at org.junit.runners.BlockJUnit4ClassRunner.runChild(BlockJUnit4ClassRunner.java:63)
	at org.junit.runners.ParentRunner$4.run(ParentRunner.java:331)
	at org.junit.runners.ParentRunner$1.schedule(ParentRunner.java:79)
	at org.junit.runners.ParentRunner.runChildren(ParentRunner.java:329)
	at org.junit.runners.ParentRunner.access$100(ParentRunner.java:66)
	at org.junit.runners.ParentRunner$2.evaluate(ParentRunner.java:293)
	at org.junit.internal.runners.statements.RunBefores.evaluate(RunBefores.java:26)
	at org.junit.internal.runners.statements.RunAfters.evaluate(RunAfters.java:27)
	at org.junit.runners.ParentRunner$3.evaluate(ParentRunner.java:306)
	at org.junit.runners.ParentRunner.run(ParentRunner.java:413)
	at org.apache.maven.surefire.junit4.JUnit4Provider.execute(JUnit4Provider.java:316)
	at org.apache.maven.surefire.junit4.JUnit4Provider.executeWithRerun(JUnit4Provider.java:240)
	at org.apache.maven.surefire.junit4.JUnit4Provider.executeTestSet(JUnit4Provider.java:214)
	at org.apache.maven.surefire.junit4.JUnit4Provider.invoke(JUnit4Provider.java:155)
	at org.apache.maven.surefire.booter.ForkedBooter.runSuitesInProcess(ForkedBooter.java:385)
	at org.apache.maven.surefire.booter.ForkedBooter.execute(ForkedBooter.java:162)
	at org.apache.maven.surefire.booter.ForkedBooter.run(ForkedBooter.java:507)
	at org.apache.maven.surefire.booter.ForkedBooter.main(ForkedBooter.java:495)
18:07:41.611 [main] DEBUG io.netty.util.ResourceLeakDetector - -Dio.netty.leakDetection.level: simple
18:07:41.611 [main] DEBUG io.netty.util.ResourceLeakDetector - -Dio.netty.leakDetection.targetRecords: 4
18:07:41.612 [main] DEBUG io.netty.buffer.AbstractByteBuf - -Dio.netty.buffer.checkAccessible: true
18:07:41.612 [main] DEBUG io.netty.buffer.AbstractByteBuf - -Dio.netty.buffer.checkBounds: true
18:07:41.612 [main] DEBUG io.netty.util.ResourceLeakDetectorFactory - Loaded default ResourceLeakDetector: io.netty.util.ResourceLeakDetector@5
18:07:41.612 [main] DEBUG io.netty.util.internal.InternalThreadLocalMap - -Dio.netty.threadLocalMap.stringBuilder.initialSize: 1024
18:07:41.612 [main] DEBUG io.netty.util.internal.InternalThreadLocalMap - -Dio.netty.threadLocalMap.stringBuilder.maxSize: 4096
18:07:41.612 [main] DEBUG io.netty.buffer.PooledByteBufAllocator - -Dio.netty.allocator.numHeapArenas: 0
18:07:41.612 [main] DEBUG io.netty.buffer.PooledByteBufAllocator - -Dio.netty.allocator.numDirectArenas: 2
18:07:41.612 [main] DEBUG io.netty.buffer.PooledByteBufAllocator - -Dio.netty.allocator.pageSize: 8192
18:07:41.612 [main] DEBUG io.netty.buffer.PooledByteBufAllocator - -Dio.netty.allocator.maxOrder: 9
18:07:41.612 [main] DEBUG io.netty.buffer.PooledByteBufAllocator - -Dio.netty.allocator.chunkSize: 4194304
18:07:41.612 [main] DEBUG io.netty.buffer.PooledByteBufAllocator - -Dio.netty.allocator.smallCacheSize: 256
18:07:41.612 [main] DEBUG io.netty.buffer.PooledByteBufAllocator - -Dio.netty.allocator.normalCacheSize: 64
18:07:41.612 [main] DEBUG io.netty.buffer.PooledByteBufAllocator - -Dio.netty.allocator.maxCachedBufferCapacity: 32768
18:07:41.612 [main] DEBUG io.netty.buffer.PooledByteBufAllocator - -Dio.netty.allocator.cacheTrimInterval: 8192
18:07:41.612 [main] DEBUG io.netty.buffer.PooledByteBufAllocator - -Dio.netty.allocator.cacheTrimIntervalMillis: 0
18:07:41.612 [main] DEBUG io.netty.buffer.PooledByteBufAllocator - -Dio.netty.allocator.useCacheForAllThreads: false
18:07:41.612 [main] DEBUG io.netty.buffer.PooledByteBufAllocator - -Dio.netty.allocator.maxCachedByteBuffersPerChunk: 1023
18:07:41.613 [main] DEBUG io.netty.buffer.ByteBufUtil - -Dio.netty.allocator.type: pooled
18:07:41.613 [main] DEBUG io.netty.buffer.ByteBufUtil - -Dio.netty.threadLocalDirectBufferSize: 0
18:07:41.613 [main] DEBUG io.netty.buffer.ByteBufUtil - -Dio.netty.maxThreadLocalCharBufferSize: 16384
18:07:41.613 [main] DEBUG io.netty.util.Recycler - -Dio.netty.recycler.maxCapacityPerThread: 4096
18:07:41.613 [main] DEBUG io.netty.util.Recycler - -Dio.netty.recycler.ratio: 8
18:07:41.613 [main] DEBUG io.netty.util.Recycler - -Dio.netty.recycler.chunkSize: 32
18:07:41.614 [main] DEBUG io.netty.util.Recycler - -Dio.netty.recycler.blocking: false
18:07:41.614 [main] DEBUG io.netty.util.Recycler - -Dio.netty.recycler.batchFastThreadLocalOnly: true
18:07:41.614 [main] DEBUG io.netty.util.internal.PlatformDependent - org.jctools-core.MpscChunkedArrayQueue: available
]]></system-out>
  </testcase>
  <testcase name="test35" classname="io.netty.handler.codec.http.multipart.AbstractDiskHttpData_ESTest" time="0.021">
    <system-out><![CDATA[18:07:41.619 [main] INFO org.evosuite.runtime.thread.ThreadStopper - Found new thread
18:07:41.619 [main] DEBUG io.netty.util.internal.logging.InternalLoggerFactory - Using SLF4J as the default logging framework
18:07:41.620 [main] DEBUG io.netty.util.internal.PlatformDependent0 - -Dio.netty.noUnsafe: false
18:07:41.620 [main] DEBUG io.netty.util.internal.PlatformDependent0 - Java version: 8
18:07:41.620 [main] DEBUG io.netty.util.internal.PlatformDependent0 - sun.misc.Unsafe.theUnsafe: available
18:07:41.620 [main] DEBUG io.netty.util.internal.PlatformDependent0 - sun.misc.Unsafe.copyMemory: available
18:07:41.620 [main] DEBUG io.netty.util.internal.PlatformDependent0 - sun.misc.Unsafe.storeFence: available
18:07:41.620 [main] DEBUG io.netty.util.internal.PlatformDependent0 - java.nio.Buffer.address: available
18:07:41.620 [main] DEBUG io.netty.util.internal.PlatformDependent0 - direct buffer constructor: available
18:07:41.620 [main] DEBUG io.netty.util.internal.PlatformDependent0 - java.nio.Bits.unaligned: available, true
18:07:41.620 [main] DEBUG io.netty.util.internal.PlatformDependent0 - jdk.internal.misc.Unsafe.allocateUninitializedArray(int): unavailable prior to Java9
18:07:41.620 [main] DEBUG io.netty.util.internal.PlatformDependent0 - java.nio.DirectByteBuffer.<init>(long, {int,long}): available
18:07:41.620 [main] DEBUG io.netty.util.internal.CleanerJava6 - java.nio.ByteBuffer.cleaner(): available
18:07:41.620 [main] DEBUG io.netty.util.internal.PlatformDependent - sun.misc.Unsafe: available
18:07:41.620 [main] DEBUG io.netty.util.internal.PlatformDependent - -Dio.netty.tmpdir: /tmp (java.io.tmpdir)
18:07:41.620 [main] DEBUG io.netty.util.internal.PlatformDependent - -Dio.netty.bitMode: 64 (sun.arch.data.model)
18:07:41.620 [main] DEBUG io.netty.util.internal.PlatformDependent - -Dio.netty.maxDirectMemory: 11420041216 bytes
18:07:41.620 [main] DEBUG io.netty.util.internal.PlatformDependent - -Dio.netty.uninitializedArrayAllocationThreshold: -1
18:07:41.620 [main] DEBUG io.netty.util.internal.PlatformDependent - -Dio.netty.noPreferDirect: false
18:07:41.621 [main] DEBUG io.netty.util.internal.CleanerJava9 - java.nio.ByteBuffer.cleaner(): unavailable
java.lang.NoSuchMethodException: sun.misc.Unsafe.invokeCleaner(java.nio.ByteBuffer)
	at java.lang.Class.getDeclaredMethod(Class.java:2130)
	at io.netty.util.internal.CleanerJava9$1.run(CleanerJava9.java:45)
	at java.security.AccessController.doPrivileged(Native Method)
	at io.netty.util.internal.CleanerJava9.__STATIC_RESET(CleanerJava9.java:40)
	at sun.reflect.GeneratedMethodAccessor27.invoke(Unknown Source)
	at sun.reflect.DelegatingMethodAccessorImpl.invoke(DelegatingMethodAccessorImpl.java:43)
	at java.lang.reflect.Method.invoke(Method.java:498)
	at org.evosuite.runtime.classhandling.ClassResetter.reset(ClassResetter.java:159)
	at org.evosuite.runtime.classhandling.ClassStateSupport.resetClasses(ClassStateSupport.java:137)
	at io.netty.handler.codec.http.multipart.AbstractDiskHttpData_ESTest_scaffolding.resetClasses(AbstractDiskHttpData_ESTest_scaffolding.java:318)
	at io.netty.handler.codec.http.multipart.AbstractDiskHttpData_ESTest_scaffolding.doneWithTestCase(AbstractDiskHttpData_ESTest_scaffolding.java:74)
	at sun.reflect.GeneratedMethodAccessor6.invoke(Unknown Source)
	at sun.reflect.DelegatingMethodAccessorImpl.invoke(DelegatingMethodAccessorImpl.java:43)
	at java.lang.reflect.Method.invoke(Method.java:498)
	at org.junit.runners.model.FrameworkMethod$1.runReflectiveCall(FrameworkMethod.java:59)
	at org.junit.internal.runners.model.ReflectiveCallable.run(ReflectiveCallable.java:12)
	at org.junit.runners.model.FrameworkMethod.invokeExplosively(FrameworkMethod.java:56)
	at org.junit.internal.runners.statements.RunAfters.invokeMethod(RunAfters.java:46)
	at org.junit.internal.runners.statements.RunAfters.evaluate(RunAfters.java:33)
	at org.evosuite.runtime.vnet.NonFunctionalRequirementRule$1.evaluate(NonFunctionalRequirementRule.java:41)
	at org.junit.runners.ParentRunner$3.evaluate(ParentRunner.java:306)
	at org.junit.runners.BlockJUnit4ClassRunner$1.evaluate(BlockJUnit4ClassRunner.java:100)
	at org.junit.runners.ParentRunner.runLeaf(ParentRunner.java:366)
	at org.junit.runners.BlockJUnit4ClassRunner.runChild(BlockJUnit4ClassRunner.java:103)
	at org.junit.runners.BlockJUnit4ClassRunner.runChild(BlockJUnit4ClassRunner.java:63)
	at org.junit.runners.ParentRunner$4.run(ParentRunner.java:331)
	at org.junit.runners.ParentRunner$1.schedule(ParentRunner.java:79)
	at org.junit.runners.ParentRunner.runChildren(ParentRunner.java:329)
	at org.junit.runners.ParentRunner.access$100(ParentRunner.java:66)
	at org.junit.runners.ParentRunner$2.evaluate(ParentRunner.java:293)
	at org.junit.internal.runners.statements.RunBefores.evaluate(RunBefores.java:26)
	at org.junit.internal.runners.statements.RunAfters.evaluate(RunAfters.java:27)
	at org.junit.runners.ParentRunner$3.evaluate(ParentRunner.java:306)
	at org.junit.runners.ParentRunner.run(ParentRunner.java:413)
	at org.apache.maven.surefire.junit4.JUnit4Provider.execute(JUnit4Provider.java:316)
	at org.apache.maven.surefire.junit4.JUnit4Provider.executeWithRerun(JUnit4Provider.java:240)
	at org.apache.maven.surefire.junit4.JUnit4Provider.executeTestSet(JUnit4Provider.java:214)
	at org.apache.maven.surefire.junit4.JUnit4Provider.invoke(JUnit4Provider.java:155)
	at org.apache.maven.surefire.booter.ForkedBooter.runSuitesInProcess(ForkedBooter.java:385)
	at org.apache.maven.surefire.booter.ForkedBooter.execute(ForkedBooter.java:162)
	at org.apache.maven.surefire.booter.ForkedBooter.run(ForkedBooter.java:507)
	at org.apache.maven.surefire.booter.ForkedBooter.main(ForkedBooter.java:495)
18:07:41.621 [main] DEBUG io.netty.util.ResourceLeakDetector - -Dio.netty.leakDetection.level: simple
18:07:41.621 [main] DEBUG io.netty.util.ResourceLeakDetector - -Dio.netty.leakDetection.targetRecords: 4
18:07:41.621 [main] DEBUG io.netty.buffer.AbstractByteBuf - -Dio.netty.buffer.checkAccessible: true
18:07:41.621 [main] DEBUG io.netty.buffer.AbstractByteBuf - -Dio.netty.buffer.checkBounds: true
18:07:41.621 [main] DEBUG io.netty.util.ResourceLeakDetectorFactory - Loaded default ResourceLeakDetector: io.netty.util.ResourceLeakDetector@5
18:07:41.622 [main] DEBUG io.netty.util.internal.InternalThreadLocalMap - -Dio.netty.threadLocalMap.stringBuilder.initialSize: 1024
18:07:41.622 [main] DEBUG io.netty.util.internal.InternalThreadLocalMap - -Dio.netty.threadLocalMap.stringBuilder.maxSize: 4096
18:07:41.622 [main] DEBUG io.netty.buffer.PooledByteBufAllocator - -Dio.netty.allocator.numHeapArenas: 0
18:07:41.622 [main] DEBUG io.netty.buffer.PooledByteBufAllocator - -Dio.netty.allocator.numDirectArenas: 2
18:07:41.622 [main] DEBUG io.netty.buffer.PooledByteBufAllocator - -Dio.netty.allocator.pageSize: 8192
18:07:41.622 [main] DEBUG io.netty.buffer.PooledByteBufAllocator - -Dio.netty.allocator.maxOrder: 9
18:07:41.622 [main] DEBUG io.netty.buffer.PooledByteBufAllocator - -Dio.netty.allocator.chunkSize: 4194304
18:07:41.622 [main] DEBUG io.netty.buffer.PooledByteBufAllocator - -Dio.netty.allocator.smallCacheSize: 256
18:07:41.622 [main] DEBUG io.netty.buffer.PooledByteBufAllocator - -Dio.netty.allocator.normalCacheSize: 64
18:07:41.622 [main] DEBUG io.netty.buffer.PooledByteBufAllocator - -Dio.netty.allocator.maxCachedBufferCapacity: 32768
18:07:41.622 [main] DEBUG io.netty.buffer.PooledByteBufAllocator - -Dio.netty.allocator.cacheTrimInterval: 8192
18:07:41.622 [main] DEBUG io.netty.buffer.PooledByteBufAllocator - -Dio.netty.allocator.cacheTrimIntervalMillis: 0
18:07:41.622 [main] DEBUG io.netty.buffer.PooledByteBufAllocator - -Dio.netty.allocator.useCacheForAllThreads: false
18:07:41.622 [main] DEBUG io.netty.buffer.PooledByteBufAllocator - -Dio.netty.allocator.maxCachedByteBuffersPerChunk: 1023
18:07:41.622 [main] DEBUG io.netty.buffer.ByteBufUtil - -Dio.netty.allocator.type: pooled
18:07:41.622 [main] DEBUG io.netty.buffer.ByteBufUtil - -Dio.netty.threadLocalDirectBufferSize: 0
18:07:41.622 [main] DEBUG io.netty.buffer.ByteBufUtil - -Dio.netty.maxThreadLocalCharBufferSize: 16384
18:07:41.623 [main] DEBUG io.netty.util.Recycler - -Dio.netty.recycler.maxCapacityPerThread: 4096
18:07:41.623 [main] DEBUG io.netty.util.Recycler - -Dio.netty.recycler.ratio: 8
18:07:41.623 [main] DEBUG io.netty.util.Recycler - -Dio.netty.recycler.chunkSize: 32
18:07:41.623 [main] DEBUG io.netty.util.Recycler - -Dio.netty.recycler.blocking: false
18:07:41.623 [main] DEBUG io.netty.util.Recycler - -Dio.netty.recycler.batchFastThreadLocalOnly: true
18:07:41.623 [main] DEBUG io.netty.util.internal.PlatformDependent - org.jctools-core.MpscChunkedArrayQueue: available
]]></system-out>
  </testcase>
  <testcase name="test38" classname="io.netty.handler.codec.http.multipart.AbstractDiskHttpData_ESTest" time="0.023">
    <system-out><![CDATA[18:07:41.630 [main] DEBUG io.netty.util.internal.logging.InternalLoggerFactory - Using SLF4J as the default logging framework
18:07:41.630 [main] DEBUG io.netty.util.internal.PlatformDependent0 - -Dio.netty.noUnsafe: false
18:07:41.630 [main] DEBUG io.netty.util.internal.PlatformDependent0 - Java version: 8
18:07:41.630 [main] DEBUG io.netty.util.internal.PlatformDependent0 - sun.misc.Unsafe.theUnsafe: available
18:07:41.630 [main] DEBUG io.netty.util.internal.PlatformDependent0 - sun.misc.Unsafe.copyMemory: available
18:07:41.630 [main] DEBUG io.netty.util.internal.PlatformDependent0 - sun.misc.Unsafe.storeFence: available
18:07:41.630 [main] DEBUG io.netty.util.internal.PlatformDependent0 - java.nio.Buffer.address: available
18:07:41.630 [main] DEBUG io.netty.util.internal.PlatformDependent0 - direct buffer constructor: available
18:07:41.630 [main] DEBUG io.netty.util.internal.PlatformDependent0 - java.nio.Bits.unaligned: available, true
18:07:41.630 [main] DEBUG io.netty.util.internal.PlatformDependent0 - jdk.internal.misc.Unsafe.allocateUninitializedArray(int): unavailable prior to Java9
18:07:41.630 [main] DEBUG io.netty.util.internal.PlatformDependent0 - java.nio.DirectByteBuffer.<init>(long, {int,long}): available
18:07:41.630 [main] DEBUG io.netty.util.internal.CleanerJava6 - java.nio.ByteBuffer.cleaner(): available
18:07:41.630 [main] DEBUG io.netty.util.internal.PlatformDependent - sun.misc.Unsafe: available
18:07:41.630 [main] DEBUG io.netty.util.internal.PlatformDependent - -Dio.netty.tmpdir: /tmp (java.io.tmpdir)
18:07:41.630 [main] DEBUG io.netty.util.internal.PlatformDependent - -Dio.netty.bitMode: 64 (sun.arch.data.model)
18:07:41.630 [main] DEBUG io.netty.util.internal.PlatformDependent - -Dio.netty.maxDirectMemory: 11420041216 bytes
18:07:41.630 [main] DEBUG io.netty.util.internal.PlatformDependent - -Dio.netty.uninitializedArrayAllocationThreshold: -1
18:07:41.630 [main] DEBUG io.netty.util.internal.PlatformDependent - -Dio.netty.noPreferDirect: false
18:07:41.631 [main] DEBUG io.netty.util.internal.CleanerJava9 - java.nio.ByteBuffer.cleaner(): unavailable
java.lang.NoSuchMethodException: sun.misc.Unsafe.invokeCleaner(java.nio.ByteBuffer)
	at java.lang.Class.getDeclaredMethod(Class.java:2130)
	at io.netty.util.internal.CleanerJava9$1.run(CleanerJava9.java:45)
	at java.security.AccessController.doPrivileged(Native Method)
	at io.netty.util.internal.CleanerJava9.__STATIC_RESET(CleanerJava9.java:40)
	at sun.reflect.GeneratedMethodAccessor27.invoke(Unknown Source)
	at sun.reflect.DelegatingMethodAccessorImpl.invoke(DelegatingMethodAccessorImpl.java:43)
	at java.lang.reflect.Method.invoke(Method.java:498)
	at org.evosuite.runtime.classhandling.ClassResetter.reset(ClassResetter.java:159)
	at org.evosuite.runtime.classhandling.ClassStateSupport.resetClasses(ClassStateSupport.java:137)
	at io.netty.handler.codec.http.multipart.AbstractDiskHttpData_ESTest_scaffolding.resetClasses(AbstractDiskHttpData_ESTest_scaffolding.java:318)
	at io.netty.handler.codec.http.multipart.AbstractDiskHttpData_ESTest_scaffolding.doneWithTestCase(AbstractDiskHttpData_ESTest_scaffolding.java:74)
	at sun.reflect.GeneratedMethodAccessor6.invoke(Unknown Source)
	at sun.reflect.DelegatingMethodAccessorImpl.invoke(DelegatingMethodAccessorImpl.java:43)
	at java.lang.reflect.Method.invoke(Method.java:498)
	at org.junit.runners.model.FrameworkMethod$1.runReflectiveCall(FrameworkMethod.java:59)
	at org.junit.internal.runners.model.ReflectiveCallable.run(ReflectiveCallable.java:12)
	at org.junit.runners.model.FrameworkMethod.invokeExplosively(FrameworkMethod.java:56)
	at org.junit.internal.runners.statements.RunAfters.invokeMethod(RunAfters.java:46)
	at org.junit.internal.runners.statements.RunAfters.evaluate(RunAfters.java:33)
	at org.evosuite.runtime.vnet.NonFunctionalRequirementRule$1.evaluate(NonFunctionalRequirementRule.java:41)
	at org.junit.runners.ParentRunner$3.evaluate(ParentRunner.java:306)
	at org.junit.runners.BlockJUnit4ClassRunner$1.evaluate(BlockJUnit4ClassRunner.java:100)
	at org.junit.runners.ParentRunner.runLeaf(ParentRunner.java:366)
	at org.junit.runners.BlockJUnit4ClassRunner.runChild(BlockJUnit4ClassRunner.java:103)
	at org.junit.runners.BlockJUnit4ClassRunner.runChild(BlockJUnit4ClassRunner.java:63)
	at org.junit.runners.ParentRunner$4.run(ParentRunner.java:331)
	at org.junit.runners.ParentRunner$1.schedule(ParentRunner.java:79)
	at org.junit.runners.ParentRunner.runChildren(ParentRunner.java:329)
	at org.junit.runners.ParentRunner.access$100(ParentRunner.java:66)
	at org.junit.runners.ParentRunner$2.evaluate(ParentRunner.java:293)
	at org.junit.internal.runners.statements.RunBefores.evaluate(RunBefores.java:26)
	at org.junit.internal.runners.statements.RunAfters.evaluate(RunAfters.java:27)
	at org.junit.runners.ParentRunner$3.evaluate(ParentRunner.java:306)
	at org.junit.runners.ParentRunner.run(ParentRunner.java:413)
	at org.apache.maven.surefire.junit4.JUnit4Provider.execute(JUnit4Provider.java:316)
	at org.apache.maven.surefire.junit4.JUnit4Provider.executeWithRerun(JUnit4Provider.java:240)
	at org.apache.maven.surefire.junit4.JUnit4Provider.executeTestSet(JUnit4Provider.java:214)
	at org.apache.maven.surefire.junit4.JUnit4Provider.invoke(JUnit4Provider.java:155)
	at org.apache.maven.surefire.booter.ForkedBooter.runSuitesInProcess(ForkedBooter.java:385)
	at org.apache.maven.surefire.booter.ForkedBooter.execute(ForkedBooter.java:162)
	at org.apache.maven.surefire.booter.ForkedBooter.run(ForkedBooter.java:507)
	at org.apache.maven.surefire.booter.ForkedBooter.main(ForkedBooter.java:495)
18:07:41.631 [main] DEBUG io.netty.util.ResourceLeakDetector - -Dio.netty.leakDetection.level: simple
18:07:41.631 [main] DEBUG io.netty.util.ResourceLeakDetector - -Dio.netty.leakDetection.targetRecords: 4
18:07:41.631 [main] DEBUG io.netty.buffer.AbstractByteBuf - -Dio.netty.buffer.checkAccessible: true
18:07:41.631 [main] DEBUG io.netty.buffer.AbstractByteBuf - -Dio.netty.buffer.checkBounds: true
18:07:41.631 [main] DEBUG io.netty.util.ResourceLeakDetectorFactory - Loaded default ResourceLeakDetector: io.netty.util.ResourceLeakDetector@5
18:07:41.631 [main] DEBUG io.netty.util.internal.InternalThreadLocalMap - -Dio.netty.threadLocalMap.stringBuilder.initialSize: 1024
18:07:41.631 [main] DEBUG io.netty.util.internal.InternalThreadLocalMap - -Dio.netty.threadLocalMap.stringBuilder.maxSize: 4096
18:07:41.632 [main] DEBUG io.netty.buffer.PooledByteBufAllocator - -Dio.netty.allocator.numHeapArenas: 0
18:07:41.632 [main] DEBUG io.netty.buffer.PooledByteBufAllocator - -Dio.netty.allocator.numDirectArenas: 2
18:07:41.632 [main] DEBUG io.netty.buffer.PooledByteBufAllocator - -Dio.netty.allocator.pageSize: 8192
18:07:41.632 [main] DEBUG io.netty.buffer.PooledByteBufAllocator - -Dio.netty.allocator.maxOrder: 9
18:07:41.632 [main] DEBUG io.netty.buffer.PooledByteBufAllocator - -Dio.netty.allocator.chunkSize: 4194304
18:07:41.632 [main] DEBUG io.netty.buffer.PooledByteBufAllocator - -Dio.netty.allocator.smallCacheSize: 256
18:07:41.632 [main] DEBUG io.netty.buffer.PooledByteBufAllocator - -Dio.netty.allocator.normalCacheSize: 64
18:07:41.632 [main] DEBUG io.netty.buffer.PooledByteBufAllocator - -Dio.netty.allocator.maxCachedBufferCapacity: 32768
18:07:41.632 [main] DEBUG io.netty.buffer.PooledByteBufAllocator - -Dio.netty.allocator.cacheTrimInterval: 8192
18:07:41.632 [main] DEBUG io.netty.buffer.PooledByteBufAllocator - -Dio.netty.allocator.cacheTrimIntervalMillis: 0
18:07:41.632 [main] DEBUG io.netty.buffer.PooledByteBufAllocator - -Dio.netty.allocator.useCacheForAllThreads: false
18:07:41.632 [main] DEBUG io.netty.buffer.PooledByteBufAllocator - -Dio.netty.allocator.maxCachedByteBuffersPerChunk: 1023
18:07:41.632 [main] DEBUG io.netty.buffer.ByteBufUtil - -Dio.netty.allocator.type: pooled
18:07:41.632 [main] DEBUG io.netty.buffer.ByteBufUtil - -Dio.netty.threadLocalDirectBufferSize: 0
18:07:41.632 [main] DEBUG io.netty.buffer.ByteBufUtil - -Dio.netty.maxThreadLocalCharBufferSize: 16384
18:07:41.632 [main] DEBUG io.netty.util.Recycler - -Dio.netty.recycler.maxCapacityPerThread: 4096
18:07:41.632 [main] DEBUG io.netty.util.Recycler - -Dio.netty.recycler.ratio: 8
18:07:41.632 [main] DEBUG io.netty.util.Recycler - -Dio.netty.recycler.chunkSize: 32
18:07:41.633 [main] DEBUG io.netty.util.Recycler - -Dio.netty.recycler.blocking: false
18:07:41.633 [main] DEBUG io.netty.util.Recycler - -Dio.netty.recycler.batchFastThreadLocalOnly: true
18:07:41.633 [main] DEBUG io.netty.util.internal.PlatformDependent - org.jctools-core.MpscChunkedArrayQueue: available
]]></system-out>
  </testcase>
  <testcase name="test37" classname="io.netty.handler.codec.http.multipart.AbstractDiskHttpData_ESTest" time="0.033">
    <system-out><![CDATA[18:07:41.639 [main] DEBUG io.netty.util.internal.logging.InternalLoggerFactory - Using SLF4J as the default logging framework
18:07:41.639 [main] DEBUG io.netty.util.internal.PlatformDependent0 - -Dio.netty.noUnsafe: false
18:07:41.639 [main] DEBUG io.netty.util.internal.PlatformDependent0 - Java version: 8
18:07:41.639 [main] DEBUG io.netty.util.internal.PlatformDependent0 - sun.misc.Unsafe.theUnsafe: available
18:07:41.639 [main] DEBUG io.netty.util.internal.PlatformDependent0 - sun.misc.Unsafe.copyMemory: available
18:07:41.639 [main] DEBUG io.netty.util.internal.PlatformDependent0 - sun.misc.Unsafe.storeFence: available
18:07:41.639 [main] DEBUG io.netty.util.internal.PlatformDependent0 - java.nio.Buffer.address: available
18:07:41.639 [main] DEBUG io.netty.util.internal.PlatformDependent0 - direct buffer constructor: available
18:07:41.639 [main] DEBUG io.netty.util.internal.PlatformDependent0 - java.nio.Bits.unaligned: available, true
18:07:41.639 [main] DEBUG io.netty.util.internal.PlatformDependent0 - jdk.internal.misc.Unsafe.allocateUninitializedArray(int): unavailable prior to Java9
18:07:41.639 [main] DEBUG io.netty.util.internal.PlatformDependent0 - java.nio.DirectByteBuffer.<init>(long, {int,long}): available
18:07:41.639 [main] DEBUG io.netty.util.internal.CleanerJava6 - java.nio.ByteBuffer.cleaner(): available
18:07:41.639 [main] DEBUG io.netty.util.internal.PlatformDependent - sun.misc.Unsafe: available
18:07:41.640 [main] DEBUG io.netty.util.internal.PlatformDependent - -Dio.netty.tmpdir: /tmp (java.io.tmpdir)
18:07:41.640 [main] DEBUG io.netty.util.internal.PlatformDependent - -Dio.netty.bitMode: 64 (sun.arch.data.model)
18:07:41.640 [main] DEBUG io.netty.util.internal.PlatformDependent - -Dio.netty.maxDirectMemory: 11420041216 bytes
18:07:41.640 [main] DEBUG io.netty.util.internal.PlatformDependent - -Dio.netty.uninitializedArrayAllocationThreshold: -1
18:07:41.640 [main] DEBUG io.netty.util.internal.PlatformDependent - -Dio.netty.noPreferDirect: false
18:07:41.640 [main] DEBUG io.netty.util.internal.CleanerJava9 - java.nio.ByteBuffer.cleaner(): unavailable
java.lang.NoSuchMethodException: sun.misc.Unsafe.invokeCleaner(java.nio.ByteBuffer)
	at java.lang.Class.getDeclaredMethod(Class.java:2130)
	at io.netty.util.internal.CleanerJava9$1.run(CleanerJava9.java:45)
	at java.security.AccessController.doPrivileged(Native Method)
	at io.netty.util.internal.CleanerJava9.__STATIC_RESET(CleanerJava9.java:40)
	at sun.reflect.GeneratedMethodAccessor27.invoke(Unknown Source)
	at sun.reflect.DelegatingMethodAccessorImpl.invoke(DelegatingMethodAccessorImpl.java:43)
	at java.lang.reflect.Method.invoke(Method.java:498)
	at org.evosuite.runtime.classhandling.ClassResetter.reset(ClassResetter.java:159)
	at org.evosuite.runtime.classhandling.ClassStateSupport.resetClasses(ClassStateSupport.java:137)
	at io.netty.handler.codec.http.multipart.AbstractDiskHttpData_ESTest_scaffolding.resetClasses(AbstractDiskHttpData_ESTest_scaffolding.java:318)
	at io.netty.handler.codec.http.multipart.AbstractDiskHttpData_ESTest_scaffolding.doneWithTestCase(AbstractDiskHttpData_ESTest_scaffolding.java:74)
	at sun.reflect.GeneratedMethodAccessor6.invoke(Unknown Source)
	at sun.reflect.DelegatingMethodAccessorImpl.invoke(DelegatingMethodAccessorImpl.java:43)
	at java.lang.reflect.Method.invoke(Method.java:498)
	at org.junit.runners.model.FrameworkMethod$1.runReflectiveCall(FrameworkMethod.java:59)
	at org.junit.internal.runners.model.ReflectiveCallable.run(ReflectiveCallable.java:12)
	at org.junit.runners.model.FrameworkMethod.invokeExplosively(FrameworkMethod.java:56)
	at org.junit.internal.runners.statements.RunAfters.invokeMethod(RunAfters.java:46)
	at org.junit.internal.runners.statements.RunAfters.evaluate(RunAfters.java:33)
	at org.evosuite.runtime.vnet.NonFunctionalRequirementRule$1.evaluate(NonFunctionalRequirementRule.java:41)
	at org.junit.runners.ParentRunner$3.evaluate(ParentRunner.java:306)
	at org.junit.runners.BlockJUnit4ClassRunner$1.evaluate(BlockJUnit4ClassRunner.java:100)
	at org.junit.runners.ParentRunner.runLeaf(ParentRunner.java:366)
	at org.junit.runners.BlockJUnit4ClassRunner.runChild(BlockJUnit4ClassRunner.java:103)
	at org.junit.runners.BlockJUnit4ClassRunner.runChild(BlockJUnit4ClassRunner.java:63)
	at org.junit.runners.ParentRunner$4.run(ParentRunner.java:331)
	at org.junit.runners.ParentRunner$1.schedule(ParentRunner.java:79)
	at org.junit.runners.ParentRunner.runChildren(ParentRunner.java:329)
	at org.junit.runners.ParentRunner.access$100(ParentRunner.java:66)
	at org.junit.runners.ParentRunner$2.evaluate(ParentRunner.java:293)
	at org.junit.internal.runners.statements.RunBefores.evaluate(RunBefores.java:26)
	at org.junit.internal.runners.statements.RunAfters.evaluate(RunAfters.java:27)
	at org.junit.runners.ParentRunner$3.evaluate(ParentRunner.java:306)
	at org.junit.runners.ParentRunner.run(ParentRunner.java:413)
	at org.apache.maven.surefire.junit4.JUnit4Provider.execute(JUnit4Provider.java:316)
	at org.apache.maven.surefire.junit4.JUnit4Provider.executeWithRerun(JUnit4Provider.java:240)
	at org.apache.maven.surefire.junit4.JUnit4Provider.executeTestSet(JUnit4Provider.java:214)
	at org.apache.maven.surefire.junit4.JUnit4Provider.invoke(JUnit4Provider.java:155)
	at org.apache.maven.surefire.booter.ForkedBooter.runSuitesInProcess(ForkedBooter.java:385)
	at org.apache.maven.surefire.booter.ForkedBooter.execute(ForkedBooter.java:162)
	at org.apache.maven.surefire.booter.ForkedBooter.run(ForkedBooter.java:507)
	at org.apache.maven.surefire.booter.ForkedBooter.main(ForkedBooter.java:495)
18:07:41.640 [main] DEBUG io.netty.util.ResourceLeakDetector - -Dio.netty.leakDetection.level: simple
18:07:41.640 [main] DEBUG io.netty.util.ResourceLeakDetector - -Dio.netty.leakDetection.targetRecords: 4
18:07:41.641 [main] DEBUG io.netty.buffer.AbstractByteBuf - -Dio.netty.buffer.checkAccessible: true
18:07:41.641 [main] DEBUG io.netty.buffer.AbstractByteBuf - -Dio.netty.buffer.checkBounds: true
18:07:41.641 [main] DEBUG io.netty.util.ResourceLeakDetectorFactory - Loaded default ResourceLeakDetector: io.netty.util.ResourceLeakDetector@5
18:07:41.641 [main] DEBUG io.netty.util.internal.InternalThreadLocalMap - -Dio.netty.threadLocalMap.stringBuilder.initialSize: 1024
18:07:41.641 [main] DEBUG io.netty.util.internal.InternalThreadLocalMap - -Dio.netty.threadLocalMap.stringBuilder.maxSize: 4096
18:07:41.641 [main] DEBUG io.netty.buffer.PooledByteBufAllocator - -Dio.netty.allocator.numHeapArenas: 0
18:07:41.641 [main] DEBUG io.netty.buffer.PooledByteBufAllocator - -Dio.netty.allocator.numDirectArenas: 2
18:07:41.641 [main] DEBUG io.netty.buffer.PooledByteBufAllocator - -Dio.netty.allocator.pageSize: 8192
18:07:41.641 [main] DEBUG io.netty.buffer.PooledByteBufAllocator - -Dio.netty.allocator.maxOrder: 9
18:07:41.641 [main] DEBUG io.netty.buffer.PooledByteBufAllocator - -Dio.netty.allocator.chunkSize: 4194304
18:07:41.641 [main] DEBUG io.netty.buffer.PooledByteBufAllocator - -Dio.netty.allocator.smallCacheSize: 256
18:07:41.641 [main] DEBUG io.netty.buffer.PooledByteBufAllocator - -Dio.netty.allocator.normalCacheSize: 64
18:07:41.641 [main] DEBUG io.netty.buffer.PooledByteBufAllocator - -Dio.netty.allocator.maxCachedBufferCapacity: 32768
18:07:41.641 [main] DEBUG io.netty.buffer.PooledByteBufAllocator - -Dio.netty.allocator.cacheTrimInterval: 8192
18:07:41.641 [main] DEBUG io.netty.buffer.PooledByteBufAllocator - -Dio.netty.allocator.cacheTrimIntervalMillis: 0
18:07:41.641 [main] DEBUG io.netty.buffer.PooledByteBufAllocator - -Dio.netty.allocator.useCacheForAllThreads: false
18:07:41.641 [main] DEBUG io.netty.buffer.PooledByteBufAllocator - -Dio.netty.allocator.maxCachedByteBuffersPerChunk: 1023
18:07:41.642 [main] DEBUG io.netty.buffer.ByteBufUtil - -Dio.netty.allocator.type: pooled
18:07:41.642 [main] DEBUG io.netty.buffer.ByteBufUtil - -Dio.netty.threadLocalDirectBufferSize: 0
18:07:41.642 [main] DEBUG io.netty.buffer.ByteBufUtil - -Dio.netty.maxThreadLocalCharBufferSize: 16384
18:07:41.642 [main] DEBUG io.netty.util.Recycler - -Dio.netty.recycler.maxCapacityPerThread: 4096
18:07:41.642 [main] DEBUG io.netty.util.Recycler - -Dio.netty.recycler.ratio: 8
18:07:41.642 [main] DEBUG io.netty.util.Recycler - -Dio.netty.recycler.chunkSize: 32
18:07:41.642 [main] DEBUG io.netty.util.Recycler - -Dio.netty.recycler.blocking: false
18:07:41.642 [main] DEBUG io.netty.util.Recycler - -Dio.netty.recycler.batchFastThreadLocalOnly: true
18:07:41.642 [main] DEBUG io.netty.util.internal.PlatformDependent - org.jctools-core.MpscChunkedArrayQueue: available
]]></system-out>
  </testcase>
  <testcase name="test39" classname="io.netty.handler.codec.http.multipart.AbstractDiskHttpData_ESTest" time="0.031">
    <system-out><![CDATA[18:07:41.648 [main] DEBUG io.netty.util.internal.logging.InternalLoggerFactory - Using SLF4J as the default logging framework
18:07:41.648 [main] DEBUG io.netty.util.internal.PlatformDependent0 - -Dio.netty.noUnsafe: false
18:07:41.648 [main] DEBUG io.netty.util.internal.PlatformDependent0 - Java version: 8
18:07:41.648 [main] DEBUG io.netty.util.internal.PlatformDependent0 - sun.misc.Unsafe.theUnsafe: available
18:07:41.648 [main] DEBUG io.netty.util.internal.PlatformDependent0 - sun.misc.Unsafe.copyMemory: available
18:07:41.649 [main] DEBUG io.netty.util.internal.PlatformDependent0 - sun.misc.Unsafe.storeFence: available
18:07:41.649 [main] DEBUG io.netty.util.internal.PlatformDependent0 - java.nio.Buffer.address: available
18:07:41.649 [main] DEBUG io.netty.util.internal.PlatformDependent0 - direct buffer constructor: available
18:07:41.649 [main] DEBUG io.netty.util.internal.PlatformDependent0 - java.nio.Bits.unaligned: available, true
18:07:41.649 [main] DEBUG io.netty.util.internal.PlatformDependent0 - jdk.internal.misc.Unsafe.allocateUninitializedArray(int): unavailable prior to Java9
18:07:41.649 [main] DEBUG io.netty.util.internal.PlatformDependent0 - java.nio.DirectByteBuffer.<init>(long, {int,long}): available
18:07:41.649 [main] DEBUG io.netty.util.internal.CleanerJava6 - java.nio.ByteBuffer.cleaner(): available
18:07:41.649 [main] DEBUG io.netty.util.internal.PlatformDependent - sun.misc.Unsafe: available
18:07:41.649 [main] DEBUG io.netty.util.internal.PlatformDependent - -Dio.netty.tmpdir: /tmp (java.io.tmpdir)
18:07:41.649 [main] DEBUG io.netty.util.internal.PlatformDependent - -Dio.netty.bitMode: 64 (sun.arch.data.model)
18:07:41.649 [main] DEBUG io.netty.util.internal.PlatformDependent - -Dio.netty.maxDirectMemory: 11420041216 bytes
18:07:41.649 [main] DEBUG io.netty.util.internal.PlatformDependent - -Dio.netty.uninitializedArrayAllocationThreshold: -1
18:07:41.649 [main] DEBUG io.netty.util.internal.PlatformDependent - -Dio.netty.noPreferDirect: false
18:07:41.649 [main] DEBUG io.netty.util.internal.CleanerJava9 - java.nio.ByteBuffer.cleaner(): unavailable
java.lang.NoSuchMethodException: sun.misc.Unsafe.invokeCleaner(java.nio.ByteBuffer)
	at java.lang.Class.getDeclaredMethod(Class.java:2130)
	at io.netty.util.internal.CleanerJava9$1.run(CleanerJava9.java:45)
	at java.security.AccessController.doPrivileged(Native Method)
	at io.netty.util.internal.CleanerJava9.__STATIC_RESET(CleanerJava9.java:40)
	at sun.reflect.GeneratedMethodAccessor27.invoke(Unknown Source)
	at sun.reflect.DelegatingMethodAccessorImpl.invoke(DelegatingMethodAccessorImpl.java:43)
	at java.lang.reflect.Method.invoke(Method.java:498)
	at org.evosuite.runtime.classhandling.ClassResetter.reset(ClassResetter.java:159)
	at org.evosuite.runtime.classhandling.ClassStateSupport.resetClasses(ClassStateSupport.java:137)
	at io.netty.handler.codec.http.multipart.AbstractDiskHttpData_ESTest_scaffolding.resetClasses(AbstractDiskHttpData_ESTest_scaffolding.java:318)
	at io.netty.handler.codec.http.multipart.AbstractDiskHttpData_ESTest_scaffolding.doneWithTestCase(AbstractDiskHttpData_ESTest_scaffolding.java:74)
	at sun.reflect.GeneratedMethodAccessor6.invoke(Unknown Source)
	at sun.reflect.DelegatingMethodAccessorImpl.invoke(DelegatingMethodAccessorImpl.java:43)
	at java.lang.reflect.Method.invoke(Method.java:498)
	at org.junit.runners.model.FrameworkMethod$1.runReflectiveCall(FrameworkMethod.java:59)
	at org.junit.internal.runners.model.ReflectiveCallable.run(ReflectiveCallable.java:12)
	at org.junit.runners.model.FrameworkMethod.invokeExplosively(FrameworkMethod.java:56)
	at org.junit.internal.runners.statements.RunAfters.invokeMethod(RunAfters.java:46)
	at org.junit.internal.runners.statements.RunAfters.evaluate(RunAfters.java:33)
	at org.evosuite.runtime.vnet.NonFunctionalRequirementRule$1.evaluate(NonFunctionalRequirementRule.java:41)
	at org.junit.runners.ParentRunner$3.evaluate(ParentRunner.java:306)
	at org.junit.runners.BlockJUnit4ClassRunner$1.evaluate(BlockJUnit4ClassRunner.java:100)
	at org.junit.runners.ParentRunner.runLeaf(ParentRunner.java:366)
	at org.junit.runners.BlockJUnit4ClassRunner.runChild(BlockJUnit4ClassRunner.java:103)
	at org.junit.runners.BlockJUnit4ClassRunner.runChild(BlockJUnit4ClassRunner.java:63)
	at org.junit.runners.ParentRunner$4.run(ParentRunner.java:331)
	at org.junit.runners.ParentRunner$1.schedule(ParentRunner.java:79)
	at org.junit.runners.ParentRunner.runChildren(ParentRunner.java:329)
	at org.junit.runners.ParentRunner.access$100(ParentRunner.java:66)
	at org.junit.runners.ParentRunner$2.evaluate(ParentRunner.java:293)
	at org.junit.internal.runners.statements.RunBefores.evaluate(RunBefores.java:26)
	at org.junit.internal.runners.statements.RunAfters.evaluate(RunAfters.java:27)
	at org.junit.runners.ParentRunner$3.evaluate(ParentRunner.java:306)
	at org.junit.runners.ParentRunner.run(ParentRunner.java:413)
	at org.apache.maven.surefire.junit4.JUnit4Provider.execute(JUnit4Provider.java:316)
	at org.apache.maven.surefire.junit4.JUnit4Provider.executeWithRerun(JUnit4Provider.java:240)
	at org.apache.maven.surefire.junit4.JUnit4Provider.executeTestSet(JUnit4Provider.java:214)
	at org.apache.maven.surefire.junit4.JUnit4Provider.invoke(JUnit4Provider.java:155)
	at org.apache.maven.surefire.booter.ForkedBooter.runSuitesInProcess(ForkedBooter.java:385)
	at org.apache.maven.surefire.booter.ForkedBooter.execute(ForkedBooter.java:162)
	at org.apache.maven.surefire.booter.ForkedBooter.run(ForkedBooter.java:507)
	at org.apache.maven.surefire.booter.ForkedBooter.main(ForkedBooter.java:495)
18:07:41.650 [main] DEBUG io.netty.util.ResourceLeakDetector - -Dio.netty.leakDetection.level: simple
18:07:41.650 [main] DEBUG io.netty.util.ResourceLeakDetector - -Dio.netty.leakDetection.targetRecords: 4
18:07:41.650 [main] DEBUG io.netty.buffer.AbstractByteBuf - -Dio.netty.buffer.checkAccessible: true
18:07:41.650 [main] DEBUG io.netty.buffer.AbstractByteBuf - -Dio.netty.buffer.checkBounds: true
18:07:41.650 [main] DEBUG io.netty.util.ResourceLeakDetectorFactory - Loaded default ResourceLeakDetector: io.netty.util.ResourceLeakDetector@5
18:07:41.651 [main] DEBUG io.netty.util.internal.InternalThreadLocalMap - -Dio.netty.threadLocalMap.stringBuilder.initialSize: 1024
18:07:41.651 [main] DEBUG io.netty.util.internal.InternalThreadLocalMap - -Dio.netty.threadLocalMap.stringBuilder.maxSize: 4096
18:07:41.651 [main] DEBUG io.netty.buffer.PooledByteBufAllocator - -Dio.netty.allocator.numHeapArenas: 0
18:07:41.651 [main] DEBUG io.netty.buffer.PooledByteBufAllocator - -Dio.netty.allocator.numDirectArenas: 2
18:07:41.651 [main] DEBUG io.netty.buffer.PooledByteBufAllocator - -Dio.netty.allocator.pageSize: 8192
18:07:41.651 [main] DEBUG io.netty.buffer.PooledByteBufAllocator - -Dio.netty.allocator.maxOrder: 9
18:07:41.651 [main] DEBUG io.netty.buffer.PooledByteBufAllocator - -Dio.netty.allocator.chunkSize: 4194304
18:07:41.651 [main] DEBUG io.netty.buffer.PooledByteBufAllocator - -Dio.netty.allocator.smallCacheSize: 256
18:07:41.651 [main] DEBUG io.netty.buffer.PooledByteBufAllocator - -Dio.netty.allocator.normalCacheSize: 64
18:07:41.651 [main] DEBUG io.netty.buffer.PooledByteBufAllocator - -Dio.netty.allocator.maxCachedBufferCapacity: 32768
18:07:41.651 [main] DEBUG io.netty.buffer.PooledByteBufAllocator - -Dio.netty.allocator.cacheTrimInterval: 8192
18:07:41.651 [main] DEBUG io.netty.buffer.PooledByteBufAllocator - -Dio.netty.allocator.cacheTrimIntervalMillis: 0
18:07:41.651 [main] DEBUG io.netty.buffer.PooledByteBufAllocator - -Dio.netty.allocator.useCacheForAllThreads: false
18:07:41.651 [main] DEBUG io.netty.buffer.PooledByteBufAllocator - -Dio.netty.allocator.maxCachedByteBuffersPerChunk: 1023
18:07:41.651 [main] DEBUG io.netty.buffer.ByteBufUtil - -Dio.netty.allocator.type: pooled
18:07:41.651 [main] DEBUG io.netty.buffer.ByteBufUtil - -Dio.netty.threadLocalDirectBufferSize: 0
18:07:41.651 [main] DEBUG io.netty.buffer.ByteBufUtil - -Dio.netty.maxThreadLocalCharBufferSize: 16384
18:07:41.652 [main] DEBUG io.netty.util.Recycler - -Dio.netty.recycler.maxCapacityPerThread: 4096
18:07:41.652 [main] DEBUG io.netty.util.Recycler - -Dio.netty.recycler.ratio: 8
18:07:41.652 [main] DEBUG io.netty.util.Recycler - -Dio.netty.recycler.chunkSize: 32
18:07:41.652 [main] DEBUG io.netty.util.Recycler - -Dio.netty.recycler.blocking: false
18:07:41.652 [main] DEBUG io.netty.util.Recycler - -Dio.netty.recycler.batchFastThreadLocalOnly: true
18:07:41.652 [main] DEBUG io.netty.util.internal.PlatformDependent - org.jctools-core.MpscChunkedArrayQueue: available
]]></system-out>
  </testcase>
  <testcase name="test41" classname="io.netty.handler.codec.http.multipart.AbstractDiskHttpData_ESTest" time="0.023">
    <system-out><![CDATA[18:07:41.658 [main] DEBUG io.netty.util.internal.logging.InternalLoggerFactory - Using SLF4J as the default logging framework
18:07:41.658 [main] DEBUG io.netty.util.internal.PlatformDependent0 - -Dio.netty.noUnsafe: false
18:07:41.658 [main] DEBUG io.netty.util.internal.PlatformDependent0 - Java version: 8
18:07:41.658 [main] DEBUG io.netty.util.internal.PlatformDependent0 - sun.misc.Unsafe.theUnsafe: available
18:07:41.658 [main] DEBUG io.netty.util.internal.PlatformDependent0 - sun.misc.Unsafe.copyMemory: available
18:07:41.658 [main] DEBUG io.netty.util.internal.PlatformDependent0 - sun.misc.Unsafe.storeFence: available
18:07:41.658 [main] DEBUG io.netty.util.internal.PlatformDependent0 - java.nio.Buffer.address: available
18:07:41.658 [main] DEBUG io.netty.util.internal.PlatformDependent0 - direct buffer constructor: available
18:07:41.658 [main] DEBUG io.netty.util.internal.PlatformDependent0 - java.nio.Bits.unaligned: available, true
18:07:41.658 [main] DEBUG io.netty.util.internal.PlatformDependent0 - jdk.internal.misc.Unsafe.allocateUninitializedArray(int): unavailable prior to Java9
18:07:41.658 [main] DEBUG io.netty.util.internal.PlatformDependent0 - java.nio.DirectByteBuffer.<init>(long, {int,long}): available
18:07:41.658 [main] DEBUG io.netty.util.internal.CleanerJava6 - java.nio.ByteBuffer.cleaner(): available
18:07:41.658 [main] DEBUG io.netty.util.internal.PlatformDependent - sun.misc.Unsafe: available
18:07:41.658 [main] DEBUG io.netty.util.internal.PlatformDependent - -Dio.netty.tmpdir: /tmp (java.io.tmpdir)
18:07:41.658 [main] DEBUG io.netty.util.internal.PlatformDependent - -Dio.netty.bitMode: 64 (sun.arch.data.model)
18:07:41.658 [main] DEBUG io.netty.util.internal.PlatformDependent - -Dio.netty.maxDirectMemory: 11420041216 bytes
18:07:41.658 [main] DEBUG io.netty.util.internal.PlatformDependent - -Dio.netty.uninitializedArrayAllocationThreshold: -1
18:07:41.658 [main] DEBUG io.netty.util.internal.PlatformDependent - -Dio.netty.noPreferDirect: false
18:07:41.659 [main] DEBUG io.netty.util.internal.CleanerJava9 - java.nio.ByteBuffer.cleaner(): unavailable
java.lang.NoSuchMethodException: sun.misc.Unsafe.invokeCleaner(java.nio.ByteBuffer)
	at java.lang.Class.getDeclaredMethod(Class.java:2130)
	at io.netty.util.internal.CleanerJava9$1.run(CleanerJava9.java:45)
	at java.security.AccessController.doPrivileged(Native Method)
	at io.netty.util.internal.CleanerJava9.__STATIC_RESET(CleanerJava9.java:40)
	at sun.reflect.GeneratedMethodAccessor27.invoke(Unknown Source)
	at sun.reflect.DelegatingMethodAccessorImpl.invoke(DelegatingMethodAccessorImpl.java:43)
	at java.lang.reflect.Method.invoke(Method.java:498)
	at org.evosuite.runtime.classhandling.ClassResetter.reset(ClassResetter.java:159)
	at org.evosuite.runtime.classhandling.ClassStateSupport.resetClasses(ClassStateSupport.java:137)
	at io.netty.handler.codec.http.multipart.AbstractDiskHttpData_ESTest_scaffolding.resetClasses(AbstractDiskHttpData_ESTest_scaffolding.java:318)
	at io.netty.handler.codec.http.multipart.AbstractDiskHttpData_ESTest_scaffolding.doneWithTestCase(AbstractDiskHttpData_ESTest_scaffolding.java:74)
	at sun.reflect.GeneratedMethodAccessor6.invoke(Unknown Source)
	at sun.reflect.DelegatingMethodAccessorImpl.invoke(DelegatingMethodAccessorImpl.java:43)
	at java.lang.reflect.Method.invoke(Method.java:498)
	at org.junit.runners.model.FrameworkMethod$1.runReflectiveCall(FrameworkMethod.java:59)
	at org.junit.internal.runners.model.ReflectiveCallable.run(ReflectiveCallable.java:12)
	at org.junit.runners.model.FrameworkMethod.invokeExplosively(FrameworkMethod.java:56)
	at org.junit.internal.runners.statements.RunAfters.invokeMethod(RunAfters.java:46)
	at org.junit.internal.runners.statements.RunAfters.evaluate(RunAfters.java:33)
	at org.evosuite.runtime.vnet.NonFunctionalRequirementRule$1.evaluate(NonFunctionalRequirementRule.java:41)
	at org.junit.runners.ParentRunner$3.evaluate(ParentRunner.java:306)
	at org.junit.runners.BlockJUnit4ClassRunner$1.evaluate(BlockJUnit4ClassRunner.java:100)
	at org.junit.runners.ParentRunner.runLeaf(ParentRunner.java:366)
	at org.junit.runners.BlockJUnit4ClassRunner.runChild(BlockJUnit4ClassRunner.java:103)
	at org.junit.runners.BlockJUnit4ClassRunner.runChild(BlockJUnit4ClassRunner.java:63)
	at org.junit.runners.ParentRunner$4.run(ParentRunner.java:331)
	at org.junit.runners.ParentRunner$1.schedule(ParentRunner.java:79)
	at org.junit.runners.ParentRunner.runChildren(ParentRunner.java:329)
	at org.junit.runners.ParentRunner.access$100(ParentRunner.java:66)
	at org.junit.runners.ParentRunner$2.evaluate(ParentRunner.java:293)
	at org.junit.internal.runners.statements.RunBefores.evaluate(RunBefores.java:26)
	at org.junit.internal.runners.statements.RunAfters.evaluate(RunAfters.java:27)
	at org.junit.runners.ParentRunner$3.evaluate(ParentRunner.java:306)
	at org.junit.runners.ParentRunner.run(ParentRunner.java:413)
	at org.apache.maven.surefire.junit4.JUnit4Provider.execute(JUnit4Provider.java:316)
	at org.apache.maven.surefire.junit4.JUnit4Provider.executeWithRerun(JUnit4Provider.java:240)
	at org.apache.maven.surefire.junit4.JUnit4Provider.executeTestSet(JUnit4Provider.java:214)
	at org.apache.maven.surefire.junit4.JUnit4Provider.invoke(JUnit4Provider.java:155)
	at org.apache.maven.surefire.booter.ForkedBooter.runSuitesInProcess(ForkedBooter.java:385)
	at org.apache.maven.surefire.booter.ForkedBooter.execute(ForkedBooter.java:162)
	at org.apache.maven.surefire.booter.ForkedBooter.run(ForkedBooter.java:507)
	at org.apache.maven.surefire.booter.ForkedBooter.main(ForkedBooter.java:495)
18:07:41.659 [main] DEBUG io.netty.util.ResourceLeakDetector - -Dio.netty.leakDetection.level: simple
18:07:41.659 [main] DEBUG io.netty.util.ResourceLeakDetector - -Dio.netty.leakDetection.targetRecords: 4
18:07:41.659 [main] DEBUG io.netty.buffer.AbstractByteBuf - -Dio.netty.buffer.checkAccessible: true
18:07:41.659 [main] DEBUG io.netty.buffer.AbstractByteBuf - -Dio.netty.buffer.checkBounds: true
18:07:41.659 [main] DEBUG io.netty.util.ResourceLeakDetectorFactory - Loaded default ResourceLeakDetector: io.netty.util.ResourceLeakDetector@5
18:07:41.660 [main] DEBUG io.netty.util.internal.InternalThreadLocalMap - -Dio.netty.threadLocalMap.stringBuilder.initialSize: 1024
18:07:41.660 [main] DEBUG io.netty.util.internal.InternalThreadLocalMap - -Dio.netty.threadLocalMap.stringBuilder.maxSize: 4096
18:07:41.660 [main] DEBUG io.netty.buffer.PooledByteBufAllocator - -Dio.netty.allocator.numHeapArenas: 0
18:07:41.660 [main] DEBUG io.netty.buffer.PooledByteBufAllocator - -Dio.netty.allocator.numDirectArenas: 2
18:07:41.660 [main] DEBUG io.netty.buffer.PooledByteBufAllocator - -Dio.netty.allocator.pageSize: 8192
18:07:41.660 [main] DEBUG io.netty.buffer.PooledByteBufAllocator - -Dio.netty.allocator.maxOrder: 9
18:07:41.660 [main] DEBUG io.netty.buffer.PooledByteBufAllocator - -Dio.netty.allocator.chunkSize: 4194304
18:07:41.660 [main] DEBUG io.netty.buffer.PooledByteBufAllocator - -Dio.netty.allocator.smallCacheSize: 256
18:07:41.660 [main] DEBUG io.netty.buffer.PooledByteBufAllocator - -Dio.netty.allocator.normalCacheSize: 64
18:07:41.660 [main] DEBUG io.netty.buffer.PooledByteBufAllocator - -Dio.netty.allocator.maxCachedBufferCapacity: 32768
18:07:41.660 [main] DEBUG io.netty.buffer.PooledByteBufAllocator - -Dio.netty.allocator.cacheTrimInterval: 8192
18:07:41.660 [main] DEBUG io.netty.buffer.PooledByteBufAllocator - -Dio.netty.allocator.cacheTrimIntervalMillis: 0
18:07:41.660 [main] DEBUG io.netty.buffer.PooledByteBufAllocator - -Dio.netty.allocator.useCacheForAllThreads: false
18:07:41.660 [main] DEBUG io.netty.buffer.PooledByteBufAllocator - -Dio.netty.allocator.maxCachedByteBuffersPerChunk: 1023
18:07:41.660 [main] DEBUG io.netty.buffer.ByteBufUtil - -Dio.netty.allocator.type: pooled
18:07:41.660 [main] DEBUG io.netty.buffer.ByteBufUtil - -Dio.netty.threadLocalDirectBufferSize: 0
18:07:41.660 [main] DEBUG io.netty.buffer.ByteBufUtil - -Dio.netty.maxThreadLocalCharBufferSize: 16384
18:07:41.661 [main] DEBUG io.netty.util.Recycler - -Dio.netty.recycler.maxCapacityPerThread: 4096
18:07:41.661 [main] DEBUG io.netty.util.Recycler - -Dio.netty.recycler.ratio: 8
18:07:41.661 [main] DEBUG io.netty.util.Recycler - -Dio.netty.recycler.chunkSize: 32
18:07:41.661 [main] DEBUG io.netty.util.Recycler - -Dio.netty.recycler.blocking: false
18:07:41.661 [main] DEBUG io.netty.util.Recycler - -Dio.netty.recycler.batchFastThreadLocalOnly: true
18:07:41.661 [main] DEBUG io.netty.util.internal.PlatformDependent - org.jctools-core.MpscChunkedArrayQueue: available
]]></system-out>
  </testcase>
  <testcase name="test40" classname="io.netty.handler.codec.http.multipart.AbstractDiskHttpData_ESTest" time="0.023">
    <failure message="Expecting exception: NoSuchMethodError" type="java.lang.AssertionError"><![CDATA[java.lang.AssertionError: Expecting exception: NoSuchMethodError
	at org.junit.Assert.fail(Assert.java:89)
	at io.netty.handler.codec.http.multipart.AbstractDiskHttpData_ESTest.test40(AbstractDiskHttpData_ESTest.java:715)
	at sun.reflect.NativeMethodAccessorImpl.invoke0(Native Method)
	at sun.reflect.NativeMethodAccessorImpl.invoke(NativeMethodAccessorImpl.java:62)
	at sun.reflect.DelegatingMethodAccessorImpl.invoke(DelegatingMethodAccessorImpl.java:43)
	at java.lang.reflect.Method.invoke(Method.java:498)
	at org.junit.runners.model.FrameworkMethod$1.runReflectiveCall(FrameworkMethod.java:59)
	at org.junit.internal.runners.model.ReflectiveCallable.run(ReflectiveCallable.java:12)
	at org.junit.runners.model.FrameworkMethod.invokeExplosively(FrameworkMethod.java:56)
	at org.junit.internal.runners.statements.InvokeMethod.evaluate(InvokeMethod.java:17)
	at org.junit.internal.runners.statements.FailOnTimeout$CallableStatement.call(FailOnTimeout.java:299)
	at org.junit.internal.runners.statements.FailOnTimeout$CallableStatement.call(FailOnTimeout.java:293)
	at java.util.concurrent.FutureTask.run(FutureTask.java:266)
	at java.lang.Thread.run(Thread.java:750)
]]></failure>
    <system-out><![CDATA[18:07:41.668 [main] DEBUG io.netty.util.internal.logging.InternalLoggerFactory - Using SLF4J as the default logging framework
18:07:41.668 [main] DEBUG io.netty.util.internal.PlatformDependent0 - -Dio.netty.noUnsafe: false
18:07:41.668 [main] DEBUG io.netty.util.internal.PlatformDependent0 - Java version: 8
18:07:41.668 [main] DEBUG io.netty.util.internal.PlatformDependent0 - sun.misc.Unsafe.theUnsafe: available
18:07:41.668 [main] DEBUG io.netty.util.internal.PlatformDependent0 - sun.misc.Unsafe.copyMemory: available
18:07:41.668 [main] DEBUG io.netty.util.internal.PlatformDependent0 - sun.misc.Unsafe.storeFence: available
18:07:41.668 [main] DEBUG io.netty.util.internal.PlatformDependent0 - java.nio.Buffer.address: available
18:07:41.668 [main] DEBUG io.netty.util.internal.PlatformDependent0 - direct buffer constructor: available
18:07:41.668 [main] DEBUG io.netty.util.internal.PlatformDependent0 - java.nio.Bits.unaligned: available, true
18:07:41.668 [main] DEBUG io.netty.util.internal.PlatformDependent0 - jdk.internal.misc.Unsafe.allocateUninitializedArray(int): unavailable prior to Java9
18:07:41.668 [main] DEBUG io.netty.util.internal.PlatformDependent0 - java.nio.DirectByteBuffer.<init>(long, {int,long}): available
18:07:41.668 [main] DEBUG io.netty.util.internal.CleanerJava6 - java.nio.ByteBuffer.cleaner(): available
18:07:41.668 [main] DEBUG io.netty.util.internal.PlatformDependent - sun.misc.Unsafe: available
18:07:41.669 [main] DEBUG io.netty.util.internal.PlatformDependent - -Dio.netty.tmpdir: /tmp (java.io.tmpdir)
18:07:41.669 [main] DEBUG io.netty.util.internal.PlatformDependent - -Dio.netty.bitMode: 64 (sun.arch.data.model)
18:07:41.669 [main] DEBUG io.netty.util.internal.PlatformDependent - -Dio.netty.maxDirectMemory: 11420041216 bytes
18:07:41.669 [main] DEBUG io.netty.util.internal.PlatformDependent - -Dio.netty.uninitializedArrayAllocationThreshold: -1
18:07:41.669 [main] DEBUG io.netty.util.internal.PlatformDependent - -Dio.netty.noPreferDirect: false
18:07:41.669 [main] DEBUG io.netty.util.internal.CleanerJava9 - java.nio.ByteBuffer.cleaner(): unavailable
java.lang.NoSuchMethodException: sun.misc.Unsafe.invokeCleaner(java.nio.ByteBuffer)
	at java.lang.Class.getDeclaredMethod(Class.java:2130)
	at io.netty.util.internal.CleanerJava9$1.run(CleanerJava9.java:45)
	at java.security.AccessController.doPrivileged(Native Method)
	at io.netty.util.internal.CleanerJava9.__STATIC_RESET(CleanerJava9.java:40)
	at sun.reflect.GeneratedMethodAccessor27.invoke(Unknown Source)
	at sun.reflect.DelegatingMethodAccessorImpl.invoke(DelegatingMethodAccessorImpl.java:43)
	at java.lang.reflect.Method.invoke(Method.java:498)
	at org.evosuite.runtime.classhandling.ClassResetter.reset(ClassResetter.java:159)
	at org.evosuite.runtime.classhandling.ClassStateSupport.resetClasses(ClassStateSupport.java:137)
	at io.netty.handler.codec.http.multipart.AbstractDiskHttpData_ESTest_scaffolding.resetClasses(AbstractDiskHttpData_ESTest_scaffolding.java:318)
	at io.netty.handler.codec.http.multipart.AbstractDiskHttpData_ESTest_scaffolding.doneWithTestCase(AbstractDiskHttpData_ESTest_scaffolding.java:74)
	at sun.reflect.GeneratedMethodAccessor6.invoke(Unknown Source)
	at sun.reflect.DelegatingMethodAccessorImpl.invoke(DelegatingMethodAccessorImpl.java:43)
	at java.lang.reflect.Method.invoke(Method.java:498)
	at org.junit.runners.model.FrameworkMethod$1.runReflectiveCall(FrameworkMethod.java:59)
	at org.junit.internal.runners.model.ReflectiveCallable.run(ReflectiveCallable.java:12)
	at org.junit.runners.model.FrameworkMethod.invokeExplosively(FrameworkMethod.java:56)
	at org.junit.internal.runners.statements.RunAfters.invokeMethod(RunAfters.java:46)
	at org.junit.internal.runners.statements.RunAfters.evaluate(RunAfters.java:33)
	at org.evosuite.runtime.vnet.NonFunctionalRequirementRule$1.evaluate(NonFunctionalRequirementRule.java:41)
	at org.junit.runners.ParentRunner$3.evaluate(ParentRunner.java:306)
	at org.junit.runners.BlockJUnit4ClassRunner$1.evaluate(BlockJUnit4ClassRunner.java:100)
	at org.junit.runners.ParentRunner.runLeaf(ParentRunner.java:366)
	at org.junit.runners.BlockJUnit4ClassRunner.runChild(BlockJUnit4ClassRunner.java:103)
	at org.junit.runners.BlockJUnit4ClassRunner.runChild(BlockJUnit4ClassRunner.java:63)
	at org.junit.runners.ParentRunner$4.run(ParentRunner.java:331)
	at org.junit.runners.ParentRunner$1.schedule(ParentRunner.java:79)
	at org.junit.runners.ParentRunner.runChildren(ParentRunner.java:329)
	at org.junit.runners.ParentRunner.access$100(ParentRunner.java:66)
	at org.junit.runners.ParentRunner$2.evaluate(ParentRunner.java:293)
	at org.junit.internal.runners.statements.RunBefores.evaluate(RunBefores.java:26)
	at org.junit.internal.runners.statements.RunAfters.evaluate(RunAfters.java:27)
	at org.junit.runners.ParentRunner$3.evaluate(ParentRunner.java:306)
	at org.junit.runners.ParentRunner.run(ParentRunner.java:413)
	at org.apache.maven.surefire.junit4.JUnit4Provider.execute(JUnit4Provider.java:316)
	at org.apache.maven.surefire.junit4.JUnit4Provider.executeWithRerun(JUnit4Provider.java:240)
	at org.apache.maven.surefire.junit4.JUnit4Provider.executeTestSet(JUnit4Provider.java:214)
	at org.apache.maven.surefire.junit4.JUnit4Provider.invoke(JUnit4Provider.java:155)
	at org.apache.maven.surefire.booter.ForkedBooter.runSuitesInProcess(ForkedBooter.java:385)
	at org.apache.maven.surefire.booter.ForkedBooter.execute(ForkedBooter.java:162)
	at org.apache.maven.surefire.booter.ForkedBooter.run(ForkedBooter.java:507)
	at org.apache.maven.surefire.booter.ForkedBooter.main(ForkedBooter.java:495)
18:07:41.669 [main] DEBUG io.netty.util.ResourceLeakDetector - -Dio.netty.leakDetection.level: simple
18:07:41.669 [main] DEBUG io.netty.util.ResourceLeakDetector - -Dio.netty.leakDetection.targetRecords: 4
18:07:41.670 [main] DEBUG io.netty.buffer.AbstractByteBuf - -Dio.netty.buffer.checkAccessible: true
18:07:41.670 [main] DEBUG io.netty.buffer.AbstractByteBuf - -Dio.netty.buffer.checkBounds: true
18:07:41.670 [main] DEBUG io.netty.util.ResourceLeakDetectorFactory - Loaded default ResourceLeakDetector: io.netty.util.ResourceLeakDetector@5
18:07:41.670 [main] DEBUG io.netty.util.internal.InternalThreadLocalMap - -Dio.netty.threadLocalMap.stringBuilder.initialSize: 1024
18:07:41.670 [main] DEBUG io.netty.util.internal.InternalThreadLocalMap - -Dio.netty.threadLocalMap.stringBuilder.maxSize: 4096
18:07:41.670 [main] DEBUG io.netty.buffer.PooledByteBufAllocator - -Dio.netty.allocator.numHeapArenas: 0
18:07:41.670 [main] DEBUG io.netty.buffer.PooledByteBufAllocator - -Dio.netty.allocator.numDirectArenas: 2
18:07:41.670 [main] DEBUG io.netty.buffer.PooledByteBufAllocator - -Dio.netty.allocator.pageSize: 8192
18:07:41.670 [main] DEBUG io.netty.buffer.PooledByteBufAllocator - -Dio.netty.allocator.maxOrder: 9
18:07:41.670 [main] DEBUG io.netty.buffer.PooledByteBufAllocator - -Dio.netty.allocator.chunkSize: 4194304
18:07:41.670 [main] DEBUG io.netty.buffer.PooledByteBufAllocator - -Dio.netty.allocator.smallCacheSize: 256
18:07:41.670 [main] DEBUG io.netty.buffer.PooledByteBufAllocator - -Dio.netty.allocator.normalCacheSize: 64
18:07:41.670 [main] DEBUG io.netty.buffer.PooledByteBufAllocator - -Dio.netty.allocator.maxCachedBufferCapacity: 32768
18:07:41.670 [main] DEBUG io.netty.buffer.PooledByteBufAllocator - -Dio.netty.allocator.cacheTrimInterval: 8192
18:07:41.670 [main] DEBUG io.netty.buffer.PooledByteBufAllocator - -Dio.netty.allocator.cacheTrimIntervalMillis: 0
18:07:41.670 [main] DEBUG io.netty.buffer.PooledByteBufAllocator - -Dio.netty.allocator.useCacheForAllThreads: false
18:07:41.670 [main] DEBUG io.netty.buffer.PooledByteBufAllocator - -Dio.netty.allocator.maxCachedByteBuffersPerChunk: 1023
18:07:41.671 [main] DEBUG io.netty.buffer.ByteBufUtil - -Dio.netty.allocator.type: pooled
18:07:41.671 [main] DEBUG io.netty.buffer.ByteBufUtil - -Dio.netty.threadLocalDirectBufferSize: 0
18:07:41.671 [main] DEBUG io.netty.buffer.ByteBufUtil - -Dio.netty.maxThreadLocalCharBufferSize: 16384
18:07:41.671 [main] DEBUG io.netty.util.Recycler - -Dio.netty.recycler.maxCapacityPerThread: 4096
18:07:41.671 [main] DEBUG io.netty.util.Recycler - -Dio.netty.recycler.ratio: 8
18:07:41.671 [main] DEBUG io.netty.util.Recycler - -Dio.netty.recycler.chunkSize: 32
18:07:41.671 [main] DEBUG io.netty.util.Recycler - -Dio.netty.recycler.blocking: false
18:07:41.671 [main] DEBUG io.netty.util.Recycler - -Dio.netty.recycler.batchFastThreadLocalOnly: true
18:07:41.672 [main] DEBUG io.netty.util.internal.PlatformDependent - org.jctools-core.MpscChunkedArrayQueue: available
]]></system-out>
  </testcase>
  <testcase name="test43" classname="io.netty.handler.codec.http.multipart.AbstractDiskHttpData_ESTest" time="0.017">
    <system-out><![CDATA[18:07:41.712 [main] DEBUG io.netty.util.internal.logging.InternalLoggerFactory - Using SLF4J as the default logging framework
18:07:41.712 [main] DEBUG io.netty.util.internal.PlatformDependent0 - -Dio.netty.noUnsafe: false
18:07:41.712 [main] DEBUG io.netty.util.internal.PlatformDependent0 - Java version: 8
18:07:41.712 [main] DEBUG io.netty.util.internal.PlatformDependent0 - sun.misc.Unsafe.theUnsafe: available
18:07:41.712 [main] DEBUG io.netty.util.internal.PlatformDependent0 - sun.misc.Unsafe.copyMemory: available
18:07:41.712 [main] DEBUG io.netty.util.internal.PlatformDependent0 - sun.misc.Unsafe.storeFence: available
18:07:41.712 [main] DEBUG io.netty.util.internal.PlatformDependent0 - java.nio.Buffer.address: available
18:07:41.712 [main] DEBUG io.netty.util.internal.PlatformDependent0 - direct buffer constructor: available
18:07:41.712 [main] DEBUG io.netty.util.internal.PlatformDependent0 - java.nio.Bits.unaligned: available, true
18:07:41.712 [main] DEBUG io.netty.util.internal.PlatformDependent0 - jdk.internal.misc.Unsafe.allocateUninitializedArray(int): unavailable prior to Java9
18:07:41.712 [main] DEBUG io.netty.util.internal.PlatformDependent0 - java.nio.DirectByteBuffer.<init>(long, {int,long}): available
18:07:41.712 [main] DEBUG io.netty.util.internal.CleanerJava6 - java.nio.ByteBuffer.cleaner(): available
18:07:41.712 [main] DEBUG io.netty.util.internal.PlatformDependent - sun.misc.Unsafe: available
18:07:41.712 [main] DEBUG io.netty.util.internal.PlatformDependent - -Dio.netty.tmpdir: /tmp (java.io.tmpdir)
18:07:41.712 [main] DEBUG io.netty.util.internal.PlatformDependent - -Dio.netty.bitMode: 64 (sun.arch.data.model)
18:07:41.713 [main] DEBUG io.netty.util.internal.PlatformDependent - -Dio.netty.maxDirectMemory: 11420041216 bytes
18:07:41.713 [main] DEBUG io.netty.util.internal.PlatformDependent - -Dio.netty.uninitializedArrayAllocationThreshold: -1
18:07:41.713 [main] DEBUG io.netty.util.internal.PlatformDependent - -Dio.netty.noPreferDirect: false
18:07:41.713 [main] DEBUG io.netty.util.internal.CleanerJava9 - java.nio.ByteBuffer.cleaner(): unavailable
java.lang.NoSuchMethodException: sun.misc.Unsafe.invokeCleaner(java.nio.ByteBuffer)
	at java.lang.Class.getDeclaredMethod(Class.java:2130)
	at io.netty.util.internal.CleanerJava9$1.run(CleanerJava9.java:45)
	at java.security.AccessController.doPrivileged(Native Method)
	at io.netty.util.internal.CleanerJava9.__STATIC_RESET(CleanerJava9.java:40)
	at sun.reflect.GeneratedMethodAccessor27.invoke(Unknown Source)
	at sun.reflect.DelegatingMethodAccessorImpl.invoke(DelegatingMethodAccessorImpl.java:43)
	at java.lang.reflect.Method.invoke(Method.java:498)
	at org.evosuite.runtime.classhandling.ClassResetter.reset(ClassResetter.java:159)
	at org.evosuite.runtime.classhandling.ClassStateSupport.resetClasses(ClassStateSupport.java:137)
	at io.netty.handler.codec.http.multipart.AbstractDiskHttpData_ESTest_scaffolding.resetClasses(AbstractDiskHttpData_ESTest_scaffolding.java:318)
	at io.netty.handler.codec.http.multipart.AbstractDiskHttpData_ESTest_scaffolding.doneWithTestCase(AbstractDiskHttpData_ESTest_scaffolding.java:74)
	at sun.reflect.GeneratedMethodAccessor6.invoke(Unknown Source)
	at sun.reflect.DelegatingMethodAccessorImpl.invoke(DelegatingMethodAccessorImpl.java:43)
	at java.lang.reflect.Method.invoke(Method.java:498)
	at org.junit.runners.model.FrameworkMethod$1.runReflectiveCall(FrameworkMethod.java:59)
	at org.junit.internal.runners.model.ReflectiveCallable.run(ReflectiveCallable.java:12)
	at org.junit.runners.model.FrameworkMethod.invokeExplosively(FrameworkMethod.java:56)
	at org.junit.internal.runners.statements.RunAfters.invokeMethod(RunAfters.java:46)
	at org.junit.internal.runners.statements.RunAfters.evaluate(RunAfters.java:33)
	at org.evosuite.runtime.vnet.NonFunctionalRequirementRule$1.evaluate(NonFunctionalRequirementRule.java:41)
	at org.junit.runners.ParentRunner$3.evaluate(ParentRunner.java:306)
	at org.junit.runners.BlockJUnit4ClassRunner$1.evaluate(BlockJUnit4ClassRunner.java:100)
	at org.junit.runners.ParentRunner.runLeaf(ParentRunner.java:366)
	at org.junit.runners.BlockJUnit4ClassRunner.runChild(BlockJUnit4ClassRunner.java:103)
	at org.junit.runners.BlockJUnit4ClassRunner.runChild(BlockJUnit4ClassRunner.java:63)
	at org.junit.runners.ParentRunner$4.run(ParentRunner.java:331)
	at org.junit.runners.ParentRunner$1.schedule(ParentRunner.java:79)
	at org.junit.runners.ParentRunner.runChildren(ParentRunner.java:329)
	at org.junit.runners.ParentRunner.access$100(ParentRunner.java:66)
	at org.junit.runners.ParentRunner$2.evaluate(ParentRunner.java:293)
	at org.junit.internal.runners.statements.RunBefores.evaluate(RunBefores.java:26)
	at org.junit.internal.runners.statements.RunAfters.evaluate(RunAfters.java:27)
	at org.junit.runners.ParentRunner$3.evaluate(ParentRunner.java:306)
	at org.junit.runners.ParentRunner.run(ParentRunner.java:413)
	at org.apache.maven.surefire.junit4.JUnit4Provider.execute(JUnit4Provider.java:316)
	at org.apache.maven.surefire.junit4.JUnit4Provider.executeWithRerun(JUnit4Provider.java:240)
	at org.apache.maven.surefire.junit4.JUnit4Provider.executeTestSet(JUnit4Provider.java:214)
	at org.apache.maven.surefire.junit4.JUnit4Provider.invoke(JUnit4Provider.java:155)
	at org.apache.maven.surefire.booter.ForkedBooter.runSuitesInProcess(ForkedBooter.java:385)
	at org.apache.maven.surefire.booter.ForkedBooter.execute(ForkedBooter.java:162)
	at org.apache.maven.surefire.booter.ForkedBooter.run(ForkedBooter.java:507)
	at org.apache.maven.surefire.booter.ForkedBooter.main(ForkedBooter.java:495)
18:07:41.713 [main] DEBUG io.netty.util.ResourceLeakDetector - -Dio.netty.leakDetection.level: simple
18:07:41.713 [main] DEBUG io.netty.util.ResourceLeakDetector - -Dio.netty.leakDetection.targetRecords: 4
18:07:41.714 [main] DEBUG io.netty.buffer.AbstractByteBuf - -Dio.netty.buffer.checkAccessible: true
18:07:41.714 [main] DEBUG io.netty.buffer.AbstractByteBuf - -Dio.netty.buffer.checkBounds: true
18:07:41.714 [main] DEBUG io.netty.util.ResourceLeakDetectorFactory - Loaded default ResourceLeakDetector: io.netty.util.ResourceLeakDetector@5
18:07:41.714 [main] DEBUG io.netty.util.internal.InternalThreadLocalMap - -Dio.netty.threadLocalMap.stringBuilder.initialSize: 1024
18:07:41.714 [main] DEBUG io.netty.util.internal.InternalThreadLocalMap - -Dio.netty.threadLocalMap.stringBuilder.maxSize: 4096
18:07:41.715 [main] DEBUG io.netty.buffer.PooledByteBufAllocator - -Dio.netty.allocator.numHeapArenas: 0
18:07:41.715 [main] DEBUG io.netty.buffer.PooledByteBufAllocator - -Dio.netty.allocator.numDirectArenas: 2
18:07:41.715 [main] DEBUG io.netty.buffer.PooledByteBufAllocator - -Dio.netty.allocator.pageSize: 8192
18:07:41.715 [main] DEBUG io.netty.buffer.PooledByteBufAllocator - -Dio.netty.allocator.maxOrder: 9
18:07:41.715 [main] DEBUG io.netty.buffer.PooledByteBufAllocator - -Dio.netty.allocator.chunkSize: 4194304
18:07:41.715 [main] DEBUG io.netty.buffer.PooledByteBufAllocator - -Dio.netty.allocator.smallCacheSize: 256
18:07:41.715 [main] DEBUG io.netty.buffer.PooledByteBufAllocator - -Dio.netty.allocator.normalCacheSize: 64
18:07:41.715 [main] DEBUG io.netty.buffer.PooledByteBufAllocator - -Dio.netty.allocator.maxCachedBufferCapacity: 32768
18:07:41.715 [main] DEBUG io.netty.buffer.PooledByteBufAllocator - -Dio.netty.allocator.cacheTrimInterval: 8192
18:07:41.715 [main] DEBUG io.netty.buffer.PooledByteBufAllocator - -Dio.netty.allocator.cacheTrimIntervalMillis: 0
18:07:41.715 [main] DEBUG io.netty.buffer.PooledByteBufAllocator - -Dio.netty.allocator.useCacheForAllThreads: false
18:07:41.715 [main] DEBUG io.netty.buffer.PooledByteBufAllocator - -Dio.netty.allocator.maxCachedByteBuffersPerChunk: 1023
18:07:41.715 [main] DEBUG io.netty.buffer.ByteBufUtil - -Dio.netty.allocator.type: pooled
18:07:41.715 [main] DEBUG io.netty.buffer.ByteBufUtil - -Dio.netty.threadLocalDirectBufferSize: 0
18:07:41.715 [main] DEBUG io.netty.buffer.ByteBufUtil - -Dio.netty.maxThreadLocalCharBufferSize: 16384
18:07:41.716 [main] DEBUG io.netty.util.Recycler - -Dio.netty.recycler.maxCapacityPerThread: 4096
18:07:41.716 [main] DEBUG io.netty.util.Recycler - -Dio.netty.recycler.ratio: 8
18:07:41.716 [main] DEBUG io.netty.util.Recycler - -Dio.netty.recycler.chunkSize: 32
18:07:41.716 [main] DEBUG io.netty.util.Recycler - -Dio.netty.recycler.blocking: false
18:07:41.716 [main] DEBUG io.netty.util.Recycler - -Dio.netty.recycler.batchFastThreadLocalOnly: true
18:07:41.716 [main] DEBUG io.netty.util.internal.PlatformDependent - org.jctools-core.MpscChunkedArrayQueue: available
]]></system-out>
  </testcase>
  <testcase name="test42" classname="io.netty.handler.codec.http.multipart.AbstractDiskHttpData_ESTest" time="0.018">
    <system-out><![CDATA[18:07:41.731 [main] DEBUG io.netty.util.internal.logging.InternalLoggerFactory - Using SLF4J as the default logging framework
18:07:41.731 [main] DEBUG io.netty.util.internal.PlatformDependent0 - -Dio.netty.noUnsafe: false
18:07:41.731 [main] DEBUG io.netty.util.internal.PlatformDependent0 - Java version: 8
18:07:41.731 [main] DEBUG io.netty.util.internal.PlatformDependent0 - sun.misc.Unsafe.theUnsafe: available
18:07:41.731 [main] DEBUG io.netty.util.internal.PlatformDependent0 - sun.misc.Unsafe.copyMemory: available
18:07:41.731 [main] DEBUG io.netty.util.internal.PlatformDependent0 - sun.misc.Unsafe.storeFence: available
18:07:41.731 [main] DEBUG io.netty.util.internal.PlatformDependent0 - java.nio.Buffer.address: available
18:07:41.732 [main] DEBUG io.netty.util.internal.PlatformDependent0 - direct buffer constructor: available
18:07:41.732 [main] DEBUG io.netty.util.internal.PlatformDependent0 - java.nio.Bits.unaligned: available, true
18:07:41.732 [main] DEBUG io.netty.util.internal.PlatformDependent0 - jdk.internal.misc.Unsafe.allocateUninitializedArray(int): unavailable prior to Java9
18:07:41.732 [main] DEBUG io.netty.util.internal.PlatformDependent0 - java.nio.DirectByteBuffer.<init>(long, {int,long}): available
18:07:41.732 [main] DEBUG io.netty.util.internal.CleanerJava6 - java.nio.ByteBuffer.cleaner(): available
18:07:41.732 [main] DEBUG io.netty.util.internal.PlatformDependent - sun.misc.Unsafe: available
18:07:41.732 [main] DEBUG io.netty.util.internal.PlatformDependent - -Dio.netty.tmpdir: /tmp (java.io.tmpdir)
18:07:41.732 [main] DEBUG io.netty.util.internal.PlatformDependent - -Dio.netty.bitMode: 64 (sun.arch.data.model)
18:07:41.732 [main] DEBUG io.netty.util.internal.PlatformDependent - -Dio.netty.maxDirectMemory: 11420041216 bytes
18:07:41.732 [main] DEBUG io.netty.util.internal.PlatformDependent - -Dio.netty.uninitializedArrayAllocationThreshold: -1
18:07:41.732 [main] DEBUG io.netty.util.internal.PlatformDependent - -Dio.netty.noPreferDirect: false
18:07:41.732 [main] DEBUG io.netty.util.internal.CleanerJava9 - java.nio.ByteBuffer.cleaner(): unavailable
java.lang.NoSuchMethodException: sun.misc.Unsafe.invokeCleaner(java.nio.ByteBuffer)
	at java.lang.Class.getDeclaredMethod(Class.java:2130)
	at io.netty.util.internal.CleanerJava9$1.run(CleanerJava9.java:45)
	at java.security.AccessController.doPrivileged(Native Method)
	at io.netty.util.internal.CleanerJava9.__STATIC_RESET(CleanerJava9.java:40)
	at sun.reflect.GeneratedMethodAccessor27.invoke(Unknown Source)
	at sun.reflect.DelegatingMethodAccessorImpl.invoke(DelegatingMethodAccessorImpl.java:43)
	at java.lang.reflect.Method.invoke(Method.java:498)
	at org.evosuite.runtime.classhandling.ClassResetter.reset(ClassResetter.java:159)
	at org.evosuite.runtime.classhandling.ClassStateSupport.resetClasses(ClassStateSupport.java:137)
	at io.netty.handler.codec.http.multipart.AbstractDiskHttpData_ESTest_scaffolding.resetClasses(AbstractDiskHttpData_ESTest_scaffolding.java:318)
	at io.netty.handler.codec.http.multipart.AbstractDiskHttpData_ESTest_scaffolding.doneWithTestCase(AbstractDiskHttpData_ESTest_scaffolding.java:74)
	at sun.reflect.GeneratedMethodAccessor6.invoke(Unknown Source)
	at sun.reflect.DelegatingMethodAccessorImpl.invoke(DelegatingMethodAccessorImpl.java:43)
	at java.lang.reflect.Method.invoke(Method.java:498)
	at org.junit.runners.model.FrameworkMethod$1.runReflectiveCall(FrameworkMethod.java:59)
	at org.junit.internal.runners.model.ReflectiveCallable.run(ReflectiveCallable.java:12)
	at org.junit.runners.model.FrameworkMethod.invokeExplosively(FrameworkMethod.java:56)
	at org.junit.internal.runners.statements.RunAfters.invokeMethod(RunAfters.java:46)
	at org.junit.internal.runners.statements.RunAfters.evaluate(RunAfters.java:33)
	at org.evosuite.runtime.vnet.NonFunctionalRequirementRule$1.evaluate(NonFunctionalRequirementRule.java:41)
	at org.junit.runners.ParentRunner$3.evaluate(ParentRunner.java:306)
	at org.junit.runners.BlockJUnit4ClassRunner$1.evaluate(BlockJUnit4ClassRunner.java:100)
	at org.junit.runners.ParentRunner.runLeaf(ParentRunner.java:366)
	at org.junit.runners.BlockJUnit4ClassRunner.runChild(BlockJUnit4ClassRunner.java:103)
	at org.junit.runners.BlockJUnit4ClassRunner.runChild(BlockJUnit4ClassRunner.java:63)
	at org.junit.runners.ParentRunner$4.run(ParentRunner.java:331)
	at org.junit.runners.ParentRunner$1.schedule(ParentRunner.java:79)
	at org.junit.runners.ParentRunner.runChildren(ParentRunner.java:329)
	at org.junit.runners.ParentRunner.access$100(ParentRunner.java:66)
	at org.junit.runners.ParentRunner$2.evaluate(ParentRunner.java:293)
	at org.junit.internal.runners.statements.RunBefores.evaluate(RunBefores.java:26)
	at org.junit.internal.runners.statements.RunAfters.evaluate(RunAfters.java:27)
	at org.junit.runners.ParentRunner$3.evaluate(ParentRunner.java:306)
	at org.junit.runners.ParentRunner.run(ParentRunner.java:413)
	at org.apache.maven.surefire.junit4.JUnit4Provider.execute(JUnit4Provider.java:316)
	at org.apache.maven.surefire.junit4.JUnit4Provider.executeWithRerun(JUnit4Provider.java:240)
	at org.apache.maven.surefire.junit4.JUnit4Provider.executeTestSet(JUnit4Provider.java:214)
	at org.apache.maven.surefire.junit4.JUnit4Provider.invoke(JUnit4Provider.java:155)
	at org.apache.maven.surefire.booter.ForkedBooter.runSuitesInProcess(ForkedBooter.java:385)
	at org.apache.maven.surefire.booter.ForkedBooter.execute(ForkedBooter.java:162)
	at org.apache.maven.surefire.booter.ForkedBooter.run(ForkedBooter.java:507)
	at org.apache.maven.surefire.booter.ForkedBooter.main(ForkedBooter.java:495)
18:07:41.732 [main] DEBUG io.netty.util.ResourceLeakDetector - -Dio.netty.leakDetection.level: simple
18:07:41.732 [main] DEBUG io.netty.util.ResourceLeakDetector - -Dio.netty.leakDetection.targetRecords: 4
18:07:41.733 [main] DEBUG io.netty.buffer.AbstractByteBuf - -Dio.netty.buffer.checkAccessible: true
18:07:41.733 [main] DEBUG io.netty.buffer.AbstractByteBuf - -Dio.netty.buffer.checkBounds: true
18:07:41.733 [main] DEBUG io.netty.util.ResourceLeakDetectorFactory - Loaded default ResourceLeakDetector: io.netty.util.ResourceLeakDetector@5
18:07:41.733 [main] DEBUG io.netty.util.internal.InternalThreadLocalMap - -Dio.netty.threadLocalMap.stringBuilder.initialSize: 1024
18:07:41.733 [main] DEBUG io.netty.util.internal.InternalThreadLocalMap - -Dio.netty.threadLocalMap.stringBuilder.maxSize: 4096
18:07:41.733 [main] DEBUG io.netty.buffer.PooledByteBufAllocator - -Dio.netty.allocator.numHeapArenas: 0
18:07:41.733 [main] DEBUG io.netty.buffer.PooledByteBufAllocator - -Dio.netty.allocator.numDirectArenas: 2
18:07:41.733 [main] DEBUG io.netty.buffer.PooledByteBufAllocator - -Dio.netty.allocator.pageSize: 8192
18:07:41.733 [main] DEBUG io.netty.buffer.PooledByteBufAllocator - -Dio.netty.allocator.maxOrder: 9
18:07:41.733 [main] DEBUG io.netty.buffer.PooledByteBufAllocator - -Dio.netty.allocator.chunkSize: 4194304
18:07:41.733 [main] DEBUG io.netty.buffer.PooledByteBufAllocator - -Dio.netty.allocator.smallCacheSize: 256
18:07:41.733 [main] DEBUG io.netty.buffer.PooledByteBufAllocator - -Dio.netty.allocator.normalCacheSize: 64
18:07:41.733 [main] DEBUG io.netty.buffer.PooledByteBufAllocator - -Dio.netty.allocator.maxCachedBufferCapacity: 32768
18:07:41.733 [main] DEBUG io.netty.buffer.PooledByteBufAllocator - -Dio.netty.allocator.cacheTrimInterval: 8192
18:07:41.733 [main] DEBUG io.netty.buffer.PooledByteBufAllocator - -Dio.netty.allocator.cacheTrimIntervalMillis: 0
18:07:41.733 [main] DEBUG io.netty.buffer.PooledByteBufAllocator - -Dio.netty.allocator.useCacheForAllThreads: false
18:07:41.733 [main] DEBUG io.netty.buffer.PooledByteBufAllocator - -Dio.netty.allocator.maxCachedByteBuffersPerChunk: 1023
18:07:41.734 [main] DEBUG io.netty.buffer.ByteBufUtil - -Dio.netty.allocator.type: pooled
18:07:41.734 [main] DEBUG io.netty.buffer.ByteBufUtil - -Dio.netty.threadLocalDirectBufferSize: 0
18:07:41.734 [main] DEBUG io.netty.buffer.ByteBufUtil - -Dio.netty.maxThreadLocalCharBufferSize: 16384
18:07:41.734 [main] DEBUG io.netty.util.Recycler - -Dio.netty.recycler.maxCapacityPerThread: 4096
18:07:41.734 [main] DEBUG io.netty.util.Recycler - -Dio.netty.recycler.ratio: 8
18:07:41.734 [main] DEBUG io.netty.util.Recycler - -Dio.netty.recycler.chunkSize: 32
18:07:41.734 [main] DEBUG io.netty.util.Recycler - -Dio.netty.recycler.blocking: false
18:07:41.734 [main] DEBUG io.netty.util.Recycler - -Dio.netty.recycler.batchFastThreadLocalOnly: true
18:07:41.734 [main] DEBUG io.netty.util.internal.PlatformDependent - org.jctools-core.MpscChunkedArrayQueue: available
]]></system-out>
  </testcase>
  <testcase name="test01" classname="io.netty.handler.codec.http.multipart.AbstractDiskHttpData_ESTest" time="0.018">
    <system-out><![CDATA[18:07:41.743 [Time-limited test] INFO org.evosuite.runtime.instrumentation.EvoClassLoader - Seeing class for first time: io.netty.handler.codec.http.multipart.AbstractDiskHttpData_ESTest$2
18:07:41.743 [Time-limited test] INFO org.evosuite.runtime.instrumentation.EvoClassLoader - Instrumenting class 'io.netty.handler.codec.http.multipart.AbstractDiskHttpData_ESTest$2'.
18:07:41.745 [Time-limited test] INFO org.evosuite.runtime.instrumentation.EvoClassLoader - Keeping class: io.netty.handler.codec.http.multipart.AbstractDiskHttpData_ESTest$2
18:07:41.746 [pool-2-thread-1] DEBUG org.evosuite.runtime.sandbox.MSecurityManager - Security manager blocks permission ("java.io.FilePermission" "/tmp/Attr_7553602262536804747_-1344275239" "write")
java.lang.Thread.getStackTrace(Thread.java:1564)
org.evosuite.runtime.sandbox.MSecurityManager.checkPermission(MSecurityManager.java:424)
java.lang.SecurityManager.checkWrite(SecurityManager.java:979)
sun.nio.fs.UnixChannelFactory.open(UnixChannelFactory.java:247)
sun.nio.fs.UnixChannelFactory.newFileChannel(UnixChannelFactory.java:136)
sun.nio.fs.UnixChannelFactory.newFileChannel(UnixChannelFactory.java:148)
sun.nio.fs.UnixFileSystemProvider.newByteChannel(UnixFileSystemProvider.java:212)
java.nio.file.Files.newByteChannel(Files.java:361)
java.nio.file.Files.createFile(Files.java:632)
java.nio.file.TempFileHelper.create(TempFileHelper.java:138)
java.nio.file.TempFileHelper.createTempFile(TempFileHelper.java:161)
java.nio.file.Files.createTempFile(Files.java:897)
io.netty.util.internal.PlatformDependent.createTempFile(PlatformDependent.java:1499)
io.netty.handler.codec.http.multipart.AbstractDiskHttpData.tempFile(AbstractDiskHttpData.java:92)
io.netty.handler.codec.http.multipart.AbstractDiskHttpData.addContent(AbstractDiskHttpData.java:163)
io.netty.handler.codec.http.multipart.DiskAttribute.addContent(DiskAttribute.java:138)
io.netty.handler.codec.http.multipart.AbstractDiskHttpData_ESTest$2.run(AbstractDiskHttpData_ESTest.java:112)
java.util.concurrent.Executors$RunnableAdapter.call(Executors.java:511)
java.util.concurrent.FutureTask.run(FutureTask.java:266)
java.util.concurrent.ThreadPoolExecutor.runWorker(ThreadPoolExecutor.java:1149)
java.util.concurrent.ThreadPoolExecutor$Worker.run(ThreadPoolExecutor.java:624)
java.lang.Thread.run(Thread.java:750)

18:07:41.747 [main] DEBUG io.netty.util.internal.logging.InternalLoggerFactory - Using SLF4J as the default logging framework
18:07:41.747 [main] DEBUG io.netty.util.internal.PlatformDependent0 - -Dio.netty.noUnsafe: false
18:07:41.747 [main] DEBUG io.netty.util.internal.PlatformDependent0 - Java version: 8
18:07:41.748 [main] DEBUG io.netty.util.internal.PlatformDependent0 - sun.misc.Unsafe.theUnsafe: available
18:07:41.748 [main] DEBUG io.netty.util.internal.PlatformDependent0 - sun.misc.Unsafe.copyMemory: available
18:07:41.748 [main] DEBUG io.netty.util.internal.PlatformDependent0 - sun.misc.Unsafe.storeFence: available
18:07:41.748 [main] DEBUG io.netty.util.internal.PlatformDependent0 - java.nio.Buffer.address: available
18:07:41.748 [main] DEBUG io.netty.util.internal.PlatformDependent0 - direct buffer constructor: available
18:07:41.748 [main] DEBUG io.netty.util.internal.PlatformDependent0 - java.nio.Bits.unaligned: available, true
18:07:41.748 [main] DEBUG io.netty.util.internal.PlatformDependent0 - jdk.internal.misc.Unsafe.allocateUninitializedArray(int): unavailable prior to Java9
18:07:41.748 [main] DEBUG io.netty.util.internal.PlatformDependent0 - java.nio.DirectByteBuffer.<init>(long, {int,long}): available
18:07:41.748 [main] DEBUG io.netty.util.internal.CleanerJava6 - java.nio.ByteBuffer.cleaner(): available
18:07:41.748 [main] DEBUG io.netty.util.internal.PlatformDependent - sun.misc.Unsafe: available
18:07:41.748 [main] DEBUG io.netty.util.internal.PlatformDependent - -Dio.netty.tmpdir: /tmp (java.io.tmpdir)
18:07:41.748 [main] DEBUG io.netty.util.internal.PlatformDependent - -Dio.netty.bitMode: 64 (sun.arch.data.model)
18:07:41.748 [main] DEBUG io.netty.util.internal.PlatformDependent - -Dio.netty.maxDirectMemory: 11420041216 bytes
18:07:41.748 [main] DEBUG io.netty.util.internal.PlatformDependent - -Dio.netty.uninitializedArrayAllocationThreshold: -1
18:07:41.748 [main] DEBUG io.netty.util.internal.PlatformDependent - -Dio.netty.noPreferDirect: false
18:07:41.748 [main] DEBUG io.netty.util.internal.CleanerJava9 - java.nio.ByteBuffer.cleaner(): unavailable
java.lang.NoSuchMethodException: sun.misc.Unsafe.invokeCleaner(java.nio.ByteBuffer)
	at java.lang.Class.getDeclaredMethod(Class.java:2130)
	at io.netty.util.internal.CleanerJava9$1.run(CleanerJava9.java:45)
	at java.security.AccessController.doPrivileged(Native Method)
	at io.netty.util.internal.CleanerJava9.__STATIC_RESET(CleanerJava9.java:40)
	at sun.reflect.GeneratedMethodAccessor27.invoke(Unknown Source)
	at sun.reflect.DelegatingMethodAccessorImpl.invoke(DelegatingMethodAccessorImpl.java:43)
	at java.lang.reflect.Method.invoke(Method.java:498)
	at org.evosuite.runtime.classhandling.ClassResetter.reset(ClassResetter.java:159)
	at org.evosuite.runtime.classhandling.ClassStateSupport.resetClasses(ClassStateSupport.java:137)
	at io.netty.handler.codec.http.multipart.AbstractDiskHttpData_ESTest_scaffolding.resetClasses(AbstractDiskHttpData_ESTest_scaffolding.java:318)
	at io.netty.handler.codec.http.multipart.AbstractDiskHttpData_ESTest_scaffolding.doneWithTestCase(AbstractDiskHttpData_ESTest_scaffolding.java:74)
	at sun.reflect.GeneratedMethodAccessor6.invoke(Unknown Source)
	at sun.reflect.DelegatingMethodAccessorImpl.invoke(DelegatingMethodAccessorImpl.java:43)
	at java.lang.reflect.Method.invoke(Method.java:498)
	at org.junit.runners.model.FrameworkMethod$1.runReflectiveCall(FrameworkMethod.java:59)
	at org.junit.internal.runners.model.ReflectiveCallable.run(ReflectiveCallable.java:12)
	at org.junit.runners.model.FrameworkMethod.invokeExplosively(FrameworkMethod.java:56)
	at org.junit.internal.runners.statements.RunAfters.invokeMethod(RunAfters.java:46)
	at org.junit.internal.runners.statements.RunAfters.evaluate(RunAfters.java:33)
	at org.evosuite.runtime.vnet.NonFunctionalRequirementRule$1.evaluate(NonFunctionalRequirementRule.java:41)
	at org.junit.runners.ParentRunner$3.evaluate(ParentRunner.java:306)
	at org.junit.runners.BlockJUnit4ClassRunner$1.evaluate(BlockJUnit4ClassRunner.java:100)
	at org.junit.runners.ParentRunner.runLeaf(ParentRunner.java:366)
	at org.junit.runners.BlockJUnit4ClassRunner.runChild(BlockJUnit4ClassRunner.java:103)
	at org.junit.runners.BlockJUnit4ClassRunner.runChild(BlockJUnit4ClassRunner.java:63)
	at org.junit.runners.ParentRunner$4.run(ParentRunner.java:331)
	at org.junit.runners.ParentRunner$1.schedule(ParentRunner.java:79)
	at org.junit.runners.ParentRunner.runChildren(ParentRunner.java:329)
	at org.junit.runners.ParentRunner.access$100(ParentRunner.java:66)
	at org.junit.runners.ParentRunner$2.evaluate(ParentRunner.java:293)
	at org.junit.internal.runners.statements.RunBefores.evaluate(RunBefores.java:26)
	at org.junit.internal.runners.statements.RunAfters.evaluate(RunAfters.java:27)
	at org.junit.runners.ParentRunner$3.evaluate(ParentRunner.java:306)
	at org.junit.runners.ParentRunner.run(ParentRunner.java:413)
	at org.apache.maven.surefire.junit4.JUnit4Provider.execute(JUnit4Provider.java:316)
	at org.apache.maven.surefire.junit4.JUnit4Provider.executeWithRerun(JUnit4Provider.java:240)
	at org.apache.maven.surefire.junit4.JUnit4Provider.executeTestSet(JUnit4Provider.java:214)
	at org.apache.maven.surefire.junit4.JUnit4Provider.invoke(JUnit4Provider.java:155)
	at org.apache.maven.surefire.booter.ForkedBooter.runSuitesInProcess(ForkedBooter.java:385)
	at org.apache.maven.surefire.booter.ForkedBooter.execute(ForkedBooter.java:162)
	at org.apache.maven.surefire.booter.ForkedBooter.run(ForkedBooter.java:507)
	at org.apache.maven.surefire.booter.ForkedBooter.main(ForkedBooter.java:495)
18:07:41.748 [main] DEBUG io.netty.util.ResourceLeakDetector - -Dio.netty.leakDetection.level: simple
18:07:41.748 [main] DEBUG io.netty.util.ResourceLeakDetector - -Dio.netty.leakDetection.targetRecords: 4
18:07:41.748 [main] DEBUG io.netty.buffer.AbstractByteBuf - -Dio.netty.buffer.checkAccessible: true
18:07:41.748 [main] DEBUG io.netty.buffer.AbstractByteBuf - -Dio.netty.buffer.checkBounds: true
18:07:41.748 [main] DEBUG io.netty.util.ResourceLeakDetectorFactory - Loaded default ResourceLeakDetector: io.netty.util.ResourceLeakDetector@5
18:07:41.748 [main] DEBUG io.netty.util.internal.InternalThreadLocalMap - -Dio.netty.threadLocalMap.stringBuilder.initialSize: 1024
18:07:41.748 [main] DEBUG io.netty.util.internal.InternalThreadLocalMap - -Dio.netty.threadLocalMap.stringBuilder.maxSize: 4096
18:07:41.749 [main] DEBUG io.netty.buffer.PooledByteBufAllocator - -Dio.netty.allocator.numHeapArenas: 0
18:07:41.749 [main] DEBUG io.netty.buffer.PooledByteBufAllocator - -Dio.netty.allocator.numDirectArenas: 2
18:07:41.749 [main] DEBUG io.netty.buffer.PooledByteBufAllocator - -Dio.netty.allocator.pageSize: 8192
18:07:41.749 [main] DEBUG io.netty.buffer.PooledByteBufAllocator - -Dio.netty.allocator.maxOrder: 9
18:07:41.749 [main] DEBUG io.netty.buffer.PooledByteBufAllocator - -Dio.netty.allocator.chunkSize: 4194304
18:07:41.749 [main] DEBUG io.netty.buffer.PooledByteBufAllocator - -Dio.netty.allocator.smallCacheSize: 256
18:07:41.749 [main] DEBUG io.netty.buffer.PooledByteBufAllocator - -Dio.netty.allocator.normalCacheSize: 64
18:07:41.749 [main] DEBUG io.netty.buffer.PooledByteBufAllocator - -Dio.netty.allocator.maxCachedBufferCapacity: 32768
18:07:41.749 [main] DEBUG io.netty.buffer.PooledByteBufAllocator - -Dio.netty.allocator.cacheTrimInterval: 8192
18:07:41.749 [main] DEBUG io.netty.buffer.PooledByteBufAllocator - -Dio.netty.allocator.cacheTrimIntervalMillis: 0
18:07:41.749 [main] DEBUG io.netty.buffer.PooledByteBufAllocator - -Dio.netty.allocator.useCacheForAllThreads: false
18:07:41.749 [main] DEBUG io.netty.buffer.PooledByteBufAllocator - -Dio.netty.allocator.maxCachedByteBuffersPerChunk: 1023
18:07:41.749 [main] DEBUG io.netty.buffer.ByteBufUtil - -Dio.netty.allocator.type: pooled
18:07:41.749 [main] DEBUG io.netty.buffer.ByteBufUtil - -Dio.netty.threadLocalDirectBufferSize: 0
18:07:41.749 [main] DEBUG io.netty.buffer.ByteBufUtil - -Dio.netty.maxThreadLocalCharBufferSize: 16384
18:07:41.749 [main] DEBUG io.netty.util.Recycler - -Dio.netty.recycler.maxCapacityPerThread: 4096
18:07:41.749 [main] DEBUG io.netty.util.Recycler - -Dio.netty.recycler.ratio: 8
18:07:41.749 [main] DEBUG io.netty.util.Recycler - -Dio.netty.recycler.chunkSize: 32
18:07:41.749 [main] DEBUG io.netty.util.Recycler - -Dio.netty.recycler.blocking: false
18:07:41.749 [main] DEBUG io.netty.util.Recycler - -Dio.netty.recycler.batchFastThreadLocalOnly: true
18:07:41.749 [main] DEBUG io.netty.util.internal.PlatformDependent - org.jctools-core.MpscChunkedArrayQueue: available
]]></system-out>
  </testcase>
  <testcase name="test45" classname="io.netty.handler.codec.http.multipart.AbstractDiskHttpData_ESTest" time="0.022">
    <system-out><![CDATA[18:07:41.753 [Time-limited test] WARN io.netty.handler.codec.http.multipart.AbstractDiskHttpData - Multiple exceptions detected, the following will be suppressed {}
java.io.IOException: Simulated IOException
	at org.evosuite.runtime.vfs.VirtualFileSystem.throwSimuledIOExceptionIfNeeded(VirtualFileSystem.java:169)
	at org.evosuite.runtime.mock.java.io.MockRandomAccessFile.close(MockRandomAccessFile.java:299)
	at io.netty.handler.codec.http.multipart.AbstractDiskHttpData.renameTo(AbstractDiskHttpData.java:401)
	at io.netty.handler.codec.http.multipart.AbstractDiskHttpData_ESTest.test45(AbstractDiskHttpData_ESTest.java:781)
	at sun.reflect.NativeMethodAccessorImpl.invoke0(Native Method)
	at sun.reflect.NativeMethodAccessorImpl.invoke(NativeMethodAccessorImpl.java:62)
	at sun.reflect.DelegatingMethodAccessorImpl.invoke(DelegatingMethodAccessorImpl.java:43)
	at java.lang.reflect.Method.invoke(Method.java:498)
	at org.junit.runners.model.FrameworkMethod$1.runReflectiveCall(FrameworkMethod.java:59)
	at org.junit.internal.runners.model.ReflectiveCallable.run(ReflectiveCallable.java:12)
	at org.junit.runners.model.FrameworkMethod.invokeExplosively(FrameworkMethod.java:56)
	at org.junit.internal.runners.statements.InvokeMethod.evaluate(InvokeMethod.java:17)
	at org.junit.internal.runners.statements.FailOnTimeout$CallableStatement.call(FailOnTimeout.java:299)
	at org.junit.internal.runners.statements.FailOnTimeout$CallableStatement.call(FailOnTimeout.java:293)
	at java.util.concurrent.FutureTask.run(FutureTask.java:266)
	at java.lang.Thread.run(Thread.java:750)
18:07:41.754 [main] DEBUG io.netty.util.internal.logging.InternalLoggerFactory - Using SLF4J as the default logging framework
18:07:41.754 [main] DEBUG io.netty.util.internal.PlatformDependent0 - -Dio.netty.noUnsafe: false
18:07:41.754 [main] DEBUG io.netty.util.internal.PlatformDependent0 - Java version: 8
18:07:41.754 [main] DEBUG io.netty.util.internal.PlatformDependent0 - sun.misc.Unsafe.theUnsafe: available
18:07:41.754 [main] DEBUG io.netty.util.internal.PlatformDependent0 - sun.misc.Unsafe.copyMemory: available
18:07:41.754 [main] DEBUG io.netty.util.internal.PlatformDependent0 - sun.misc.Unsafe.storeFence: available
18:07:41.754 [main] DEBUG io.netty.util.internal.PlatformDependent0 - java.nio.Buffer.address: available
18:07:41.754 [main] DEBUG io.netty.util.internal.PlatformDependent0 - direct buffer constructor: available
18:07:41.754 [main] DEBUG io.netty.util.internal.PlatformDependent0 - java.nio.Bits.unaligned: available, true
18:07:41.754 [main] DEBUG io.netty.util.internal.PlatformDependent0 - jdk.internal.misc.Unsafe.allocateUninitializedArray(int): unavailable prior to Java9
18:07:41.754 [main] DEBUG io.netty.util.internal.PlatformDependent0 - java.nio.DirectByteBuffer.<init>(long, {int,long}): available
18:07:41.754 [main] DEBUG io.netty.util.internal.CleanerJava6 - java.nio.ByteBuffer.cleaner(): available
18:07:41.754 [main] DEBUG io.netty.util.internal.PlatformDependent - sun.misc.Unsafe: available
18:07:41.754 [main] DEBUG io.netty.util.internal.PlatformDependent - -Dio.netty.tmpdir: /tmp (java.io.tmpdir)
18:07:41.754 [main] DEBUG io.netty.util.internal.PlatformDependent - -Dio.netty.bitMode: 64 (sun.arch.data.model)
18:07:41.754 [main] DEBUG io.netty.util.internal.PlatformDependent - -Dio.netty.maxDirectMemory: 11420041216 bytes
18:07:41.754 [main] DEBUG io.netty.util.internal.PlatformDependent - -Dio.netty.uninitializedArrayAllocationThreshold: -1
18:07:41.754 [main] DEBUG io.netty.util.internal.PlatformDependent - -Dio.netty.noPreferDirect: false
18:07:41.755 [main] DEBUG io.netty.util.internal.CleanerJava9 - java.nio.ByteBuffer.cleaner(): unavailable
java.lang.NoSuchMethodException: sun.misc.Unsafe.invokeCleaner(java.nio.ByteBuffer)
	at java.lang.Class.getDeclaredMethod(Class.java:2130)
	at io.netty.util.internal.CleanerJava9$1.run(CleanerJava9.java:45)
	at java.security.AccessController.doPrivileged(Native Method)
	at io.netty.util.internal.CleanerJava9.__STATIC_RESET(CleanerJava9.java:40)
	at sun.reflect.GeneratedMethodAccessor27.invoke(Unknown Source)
	at sun.reflect.DelegatingMethodAccessorImpl.invoke(DelegatingMethodAccessorImpl.java:43)
	at java.lang.reflect.Method.invoke(Method.java:498)
	at org.evosuite.runtime.classhandling.ClassResetter.reset(ClassResetter.java:159)
	at org.evosuite.runtime.classhandling.ClassStateSupport.resetClasses(ClassStateSupport.java:137)
	at io.netty.handler.codec.http.multipart.AbstractDiskHttpData_ESTest_scaffolding.resetClasses(AbstractDiskHttpData_ESTest_scaffolding.java:318)
	at io.netty.handler.codec.http.multipart.AbstractDiskHttpData_ESTest_scaffolding.doneWithTestCase(AbstractDiskHttpData_ESTest_scaffolding.java:74)
	at sun.reflect.GeneratedMethodAccessor6.invoke(Unknown Source)
	at sun.reflect.DelegatingMethodAccessorImpl.invoke(DelegatingMethodAccessorImpl.java:43)
	at java.lang.reflect.Method.invoke(Method.java:498)
	at org.junit.runners.model.FrameworkMethod$1.runReflectiveCall(FrameworkMethod.java:59)
	at org.junit.internal.runners.model.ReflectiveCallable.run(ReflectiveCallable.java:12)
	at org.junit.runners.model.FrameworkMethod.invokeExplosively(FrameworkMethod.java:56)
	at org.junit.internal.runners.statements.RunAfters.invokeMethod(RunAfters.java:46)
	at org.junit.internal.runners.statements.RunAfters.evaluate(RunAfters.java:33)
	at org.evosuite.runtime.vnet.NonFunctionalRequirementRule$1.evaluate(NonFunctionalRequirementRule.java:41)
	at org.junit.runners.ParentRunner$3.evaluate(ParentRunner.java:306)
	at org.junit.runners.BlockJUnit4ClassRunner$1.evaluate(BlockJUnit4ClassRunner.java:100)
	at org.junit.runners.ParentRunner.runLeaf(ParentRunner.java:366)
	at org.junit.runners.BlockJUnit4ClassRunner.runChild(BlockJUnit4ClassRunner.java:103)
	at org.junit.runners.BlockJUnit4ClassRunner.runChild(BlockJUnit4ClassRunner.java:63)
	at org.junit.runners.ParentRunner$4.run(ParentRunner.java:331)
	at org.junit.runners.ParentRunner$1.schedule(ParentRunner.java:79)
	at org.junit.runners.ParentRunner.runChildren(ParentRunner.java:329)
	at org.junit.runners.ParentRunner.access$100(ParentRunner.java:66)
	at org.junit.runners.ParentRunner$2.evaluate(ParentRunner.java:293)
	at org.junit.internal.runners.statements.RunBefores.evaluate(RunBefores.java:26)
	at org.junit.internal.runners.statements.RunAfters.evaluate(RunAfters.java:27)
	at org.junit.runners.ParentRunner$3.evaluate(ParentRunner.java:306)
	at org.junit.runners.ParentRunner.run(ParentRunner.java:413)
	at org.apache.maven.surefire.junit4.JUnit4Provider.execute(JUnit4Provider.java:316)
	at org.apache.maven.surefire.junit4.JUnit4Provider.executeWithRerun(JUnit4Provider.java:240)
	at org.apache.maven.surefire.junit4.JUnit4Provider.executeTestSet(JUnit4Provider.java:214)
	at org.apache.maven.surefire.junit4.JUnit4Provider.invoke(JUnit4Provider.java:155)
	at org.apache.maven.surefire.booter.ForkedBooter.runSuitesInProcess(ForkedBooter.java:385)
	at org.apache.maven.surefire.booter.ForkedBooter.execute(ForkedBooter.java:162)
	at org.apache.maven.surefire.booter.ForkedBooter.run(ForkedBooter.java:507)
	at org.apache.maven.surefire.booter.ForkedBooter.main(ForkedBooter.java:495)
18:07:41.755 [main] DEBUG io.netty.util.ResourceLeakDetector - -Dio.netty.leakDetection.level: simple
18:07:41.755 [main] DEBUG io.netty.util.ResourceLeakDetector - -Dio.netty.leakDetection.targetRecords: 4
18:07:41.755 [main] DEBUG io.netty.buffer.AbstractByteBuf - -Dio.netty.buffer.checkAccessible: true
18:07:41.755 [main] DEBUG io.netty.buffer.AbstractByteBuf - -Dio.netty.buffer.checkBounds: true
18:07:41.755 [main] DEBUG io.netty.util.ResourceLeakDetectorFactory - Loaded default ResourceLeakDetector: io.netty.util.ResourceLeakDetector@5
18:07:41.755 [main] DEBUG io.netty.util.internal.InternalThreadLocalMap - -Dio.netty.threadLocalMap.stringBuilder.initialSize: 1024
18:07:41.755 [main] DEBUG io.netty.util.internal.InternalThreadLocalMap - -Dio.netty.threadLocalMap.stringBuilder.maxSize: 4096
18:07:41.756 [main] DEBUG io.netty.buffer.PooledByteBufAllocator - -Dio.netty.allocator.numHeapArenas: 0
18:07:41.756 [main] DEBUG io.netty.buffer.PooledByteBufAllocator - -Dio.netty.allocator.numDirectArenas: 2
18:07:41.756 [main] DEBUG io.netty.buffer.PooledByteBufAllocator - -Dio.netty.allocator.pageSize: 8192
18:07:41.756 [main] DEBUG io.netty.buffer.PooledByteBufAllocator - -Dio.netty.allocator.maxOrder: 9
18:07:41.756 [main] DEBUG io.netty.buffer.PooledByteBufAllocator - -Dio.netty.allocator.chunkSize: 4194304
18:07:41.756 [main] DEBUG io.netty.buffer.PooledByteBufAllocator - -Dio.netty.allocator.smallCacheSize: 256
18:07:41.756 [main] DEBUG io.netty.buffer.PooledByteBufAllocator - -Dio.netty.allocator.normalCacheSize: 64
18:07:41.756 [main] DEBUG io.netty.buffer.PooledByteBufAllocator - -Dio.netty.allocator.maxCachedBufferCapacity: 32768
18:07:41.756 [main] DEBUG io.netty.buffer.PooledByteBufAllocator - -Dio.netty.allocator.cacheTrimInterval: 8192
18:07:41.756 [main] DEBUG io.netty.buffer.PooledByteBufAllocator - -Dio.netty.allocator.cacheTrimIntervalMillis: 0
18:07:41.756 [main] DEBUG io.netty.buffer.PooledByteBufAllocator - -Dio.netty.allocator.useCacheForAllThreads: false
18:07:41.756 [main] DEBUG io.netty.buffer.PooledByteBufAllocator - -Dio.netty.allocator.maxCachedByteBuffersPerChunk: 1023
18:07:41.756 [main] DEBUG io.netty.buffer.ByteBufUtil - -Dio.netty.allocator.type: pooled
18:07:41.756 [main] DEBUG io.netty.buffer.ByteBufUtil - -Dio.netty.threadLocalDirectBufferSize: 0
18:07:41.756 [main] DEBUG io.netty.buffer.ByteBufUtil - -Dio.netty.maxThreadLocalCharBufferSize: 16384
18:07:41.757 [main] DEBUG io.netty.util.Recycler - -Dio.netty.recycler.maxCapacityPerThread: 4096
18:07:41.757 [main] DEBUG io.netty.util.Recycler - -Dio.netty.recycler.ratio: 8
18:07:41.757 [main] DEBUG io.netty.util.Recycler - -Dio.netty.recycler.chunkSize: 32
18:07:41.757 [main] DEBUG io.netty.util.Recycler - -Dio.netty.recycler.blocking: false
18:07:41.757 [main] DEBUG io.netty.util.Recycler - -Dio.netty.recycler.batchFastThreadLocalOnly: true
18:07:41.757 [main] DEBUG io.netty.util.internal.PlatformDependent - org.jctools-core.MpscChunkedArrayQueue: available
]]></system-out>
  </testcase>
  <testcase name="test00" classname="io.netty.handler.codec.http.multipart.AbstractDiskHttpData_ESTest" time="0.024">
    <system-out><![CDATA[18:07:41.761 [Time-limited test] INFO org.evosuite.runtime.instrumentation.EvoClassLoader - Seeing class for first time: io.netty.handler.codec.http.multipart.AbstractDiskHttpData_ESTest$1
18:07:41.762 [Time-limited test] INFO org.evosuite.runtime.instrumentation.EvoClassLoader - Instrumenting class 'io.netty.handler.codec.http.multipart.AbstractDiskHttpData_ESTest$1'.
18:07:41.762 [Time-limited test] INFO org.evosuite.runtime.instrumentation.EvoClassLoader - Keeping class: io.netty.handler.codec.http.multipart.AbstractDiskHttpData_ESTest$1
18:07:41.763 [pool-2-thread-1] DEBUG org.evosuite.runtime.sandbox.MSecurityManager - Security manager blocks permission ("java.io.FilePermission" ".att/Attr_1069873754666581967_-2111982106" "write")
java.lang.Thread.getStackTrace(Thread.java:1564)
org.evosuite.runtime.sandbox.MSecurityManager.checkPermission(MSecurityManager.java:424)
java.lang.SecurityManager.checkWrite(SecurityManager.java:979)
sun.nio.fs.UnixChannelFactory.open(UnixChannelFactory.java:247)
sun.nio.fs.UnixChannelFactory.newFileChannel(UnixChannelFactory.java:136)
sun.nio.fs.UnixChannelFactory.newFileChannel(UnixChannelFactory.java:148)
sun.nio.fs.UnixFileSystemProvider.newByteChannel(UnixFileSystemProvider.java:212)
java.nio.file.Files.newByteChannel(Files.java:361)
java.nio.file.Files.createFile(Files.java:632)
java.nio.file.TempFileHelper.create(TempFileHelper.java:138)
java.nio.file.TempFileHelper.createTempFile(TempFileHelper.java:161)
java.nio.file.Files.createTempFile(Files.java:852)
io.netty.util.internal.PlatformDependent.createTempFile(PlatformDependent.java:1501)
io.netty.handler.codec.http.multipart.AbstractDiskHttpData.tempFile(AbstractDiskHttpData.java:94)
io.netty.handler.codec.http.multipart.AbstractDiskHttpData.addContent(AbstractDiskHttpData.java:163)
io.netty.handler.codec.http.multipart.DiskAttribute.addContent(DiskAttribute.java:138)
io.netty.handler.codec.http.multipart.AbstractDiskHttpData_ESTest$1.run(AbstractDiskHttpData_ESTest.java:55)
java.util.concurrent.Executors$RunnableAdapter.call(Executors.java:511)
java.util.concurrent.FutureTask.run(FutureTask.java:266)
java.util.concurrent.ThreadPoolExecutor.runWorker(ThreadPoolExecutor.java:1149)
java.util.concurrent.ThreadPoolExecutor$Worker.run(ThreadPoolExecutor.java:624)
java.lang.Thread.run(Thread.java:750)

18:07:41.764 [main] DEBUG io.netty.util.internal.logging.InternalLoggerFactory - Using SLF4J as the default logging framework
18:07:41.764 [main] DEBUG io.netty.util.internal.PlatformDependent0 - -Dio.netty.noUnsafe: false
18:07:41.764 [main] DEBUG io.netty.util.internal.PlatformDependent0 - Java version: 8
18:07:41.764 [main] DEBUG io.netty.util.internal.PlatformDependent0 - sun.misc.Unsafe.theUnsafe: available
18:07:41.764 [main] DEBUG io.netty.util.internal.PlatformDependent0 - sun.misc.Unsafe.copyMemory: available
18:07:41.764 [main] DEBUG io.netty.util.internal.PlatformDependent0 - sun.misc.Unsafe.storeFence: available
18:07:41.764 [main] DEBUG io.netty.util.internal.PlatformDependent0 - java.nio.Buffer.address: available
18:07:41.764 [main] DEBUG io.netty.util.internal.PlatformDependent0 - direct buffer constructor: available
18:07:41.764 [main] DEBUG io.netty.util.internal.PlatformDependent0 - java.nio.Bits.unaligned: available, true
18:07:41.764 [main] DEBUG io.netty.util.internal.PlatformDependent0 - jdk.internal.misc.Unsafe.allocateUninitializedArray(int): unavailable prior to Java9
18:07:41.764 [main] DEBUG io.netty.util.internal.PlatformDependent0 - java.nio.DirectByteBuffer.<init>(long, {int,long}): available
18:07:41.764 [main] DEBUG io.netty.util.internal.CleanerJava6 - java.nio.ByteBuffer.cleaner(): available
18:07:41.764 [main] DEBUG io.netty.util.internal.PlatformDependent - sun.misc.Unsafe: available
18:07:41.764 [main] DEBUG io.netty.util.internal.PlatformDependent - -Dio.netty.tmpdir: /tmp (java.io.tmpdir)
18:07:41.764 [main] DEBUG io.netty.util.internal.PlatformDependent - -Dio.netty.bitMode: 64 (sun.arch.data.model)
18:07:41.764 [main] DEBUG io.netty.util.internal.PlatformDependent - -Dio.netty.maxDirectMemory: 11420041216 bytes
18:07:41.764 [main] DEBUG io.netty.util.internal.PlatformDependent - -Dio.netty.uninitializedArrayAllocationThreshold: -1
18:07:41.764 [main] DEBUG io.netty.util.internal.PlatformDependent - -Dio.netty.noPreferDirect: false
18:07:41.765 [main] DEBUG io.netty.util.internal.CleanerJava9 - java.nio.ByteBuffer.cleaner(): unavailable
java.lang.NoSuchMethodException: sun.misc.Unsafe.invokeCleaner(java.nio.ByteBuffer)
	at java.lang.Class.getDeclaredMethod(Class.java:2130)
	at io.netty.util.internal.CleanerJava9$1.run(CleanerJava9.java:45)
	at java.security.AccessController.doPrivileged(Native Method)
	at io.netty.util.internal.CleanerJava9.__STATIC_RESET(CleanerJava9.java:40)
	at sun.reflect.GeneratedMethodAccessor27.invoke(Unknown Source)
	at sun.reflect.DelegatingMethodAccessorImpl.invoke(DelegatingMethodAccessorImpl.java:43)
	at java.lang.reflect.Method.invoke(Method.java:498)
	at org.evosuite.runtime.classhandling.ClassResetter.reset(ClassResetter.java:159)
	at org.evosuite.runtime.classhandling.ClassStateSupport.resetClasses(ClassStateSupport.java:137)
	at io.netty.handler.codec.http.multipart.AbstractDiskHttpData_ESTest_scaffolding.resetClasses(AbstractDiskHttpData_ESTest_scaffolding.java:318)
	at io.netty.handler.codec.http.multipart.AbstractDiskHttpData_ESTest_scaffolding.doneWithTestCase(AbstractDiskHttpData_ESTest_scaffolding.java:74)
	at sun.reflect.GeneratedMethodAccessor6.invoke(Unknown Source)
	at sun.reflect.DelegatingMethodAccessorImpl.invoke(DelegatingMethodAccessorImpl.java:43)
	at java.lang.reflect.Method.invoke(Method.java:498)
	at org.junit.runners.model.FrameworkMethod$1.runReflectiveCall(FrameworkMethod.java:59)
	at org.junit.internal.runners.model.ReflectiveCallable.run(ReflectiveCallable.java:12)
	at org.junit.runners.model.FrameworkMethod.invokeExplosively(FrameworkMethod.java:56)
	at org.junit.internal.runners.statements.RunAfters.invokeMethod(RunAfters.java:46)
	at org.junit.internal.runners.statements.RunAfters.evaluate(RunAfters.java:33)
	at org.evosuite.runtime.vnet.NonFunctionalRequirementRule$1.evaluate(NonFunctionalRequirementRule.java:41)
	at org.junit.runners.ParentRunner$3.evaluate(ParentRunner.java:306)
	at org.junit.runners.BlockJUnit4ClassRunner$1.evaluate(BlockJUnit4ClassRunner.java:100)
	at org.junit.runners.ParentRunner.runLeaf(ParentRunner.java:366)
	at org.junit.runners.BlockJUnit4ClassRunner.runChild(BlockJUnit4ClassRunner.java:103)
	at org.junit.runners.BlockJUnit4ClassRunner.runChild(BlockJUnit4ClassRunner.java:63)
	at org.junit.runners.ParentRunner$4.run(ParentRunner.java:331)
	at org.junit.runners.ParentRunner$1.schedule(ParentRunner.java:79)
	at org.junit.runners.ParentRunner.runChildren(ParentRunner.java:329)
	at org.junit.runners.ParentRunner.access$100(ParentRunner.java:66)
	at org.junit.runners.ParentRunner$2.evaluate(ParentRunner.java:293)
	at org.junit.internal.runners.statements.RunBefores.evaluate(RunBefores.java:26)
	at org.junit.internal.runners.statements.RunAfters.evaluate(RunAfters.java:27)
	at org.junit.runners.ParentRunner$3.evaluate(ParentRunner.java:306)
	at org.junit.runners.ParentRunner.run(ParentRunner.java:413)
	at org.apache.maven.surefire.junit4.JUnit4Provider.execute(JUnit4Provider.java:316)
	at org.apache.maven.surefire.junit4.JUnit4Provider.executeWithRerun(JUnit4Provider.java:240)
	at org.apache.maven.surefire.junit4.JUnit4Provider.executeTestSet(JUnit4Provider.java:214)
	at org.apache.maven.surefire.junit4.JUnit4Provider.invoke(JUnit4Provider.java:155)
	at org.apache.maven.surefire.booter.ForkedBooter.runSuitesInProcess(ForkedBooter.java:385)
	at org.apache.maven.surefire.booter.ForkedBooter.execute(ForkedBooter.java:162)
	at org.apache.maven.surefire.booter.ForkedBooter.run(ForkedBooter.java:507)
	at org.apache.maven.surefire.booter.ForkedBooter.main(ForkedBooter.java:495)
18:07:41.765 [main] DEBUG io.netty.util.ResourceLeakDetector - -Dio.netty.leakDetection.level: simple
18:07:41.765 [main] DEBUG io.netty.util.ResourceLeakDetector - -Dio.netty.leakDetection.targetRecords: 4
18:07:41.765 [main] DEBUG io.netty.buffer.AbstractByteBuf - -Dio.netty.buffer.checkAccessible: true
18:07:41.765 [main] DEBUG io.netty.buffer.AbstractByteBuf - -Dio.netty.buffer.checkBounds: true
18:07:41.765 [main] DEBUG io.netty.util.ResourceLeakDetectorFactory - Loaded default ResourceLeakDetector: io.netty.util.ResourceLeakDetector@5
18:07:41.765 [main] DEBUG io.netty.util.internal.InternalThreadLocalMap - -Dio.netty.threadLocalMap.stringBuilder.initialSize: 1024
18:07:41.765 [main] DEBUG io.netty.util.internal.InternalThreadLocalMap - -Dio.netty.threadLocalMap.stringBuilder.maxSize: 4096
18:07:41.765 [main] DEBUG io.netty.buffer.PooledByteBufAllocator - -Dio.netty.allocator.numHeapArenas: 0
18:07:41.765 [main] DEBUG io.netty.buffer.PooledByteBufAllocator - -Dio.netty.allocator.numDirectArenas: 2
18:07:41.765 [main] DEBUG io.netty.buffer.PooledByteBufAllocator - -Dio.netty.allocator.pageSize: 8192
18:07:41.765 [main] DEBUG io.netty.buffer.PooledByteBufAllocator - -Dio.netty.allocator.maxOrder: 9
18:07:41.765 [main] DEBUG io.netty.buffer.PooledByteBufAllocator - -Dio.netty.allocator.chunkSize: 4194304
18:07:41.765 [main] DEBUG io.netty.buffer.PooledByteBufAllocator - -Dio.netty.allocator.smallCacheSize: 256
18:07:41.765 [main] DEBUG io.netty.buffer.PooledByteBufAllocator - -Dio.netty.allocator.normalCacheSize: 64
18:07:41.765 [main] DEBUG io.netty.buffer.PooledByteBufAllocator - -Dio.netty.allocator.maxCachedBufferCapacity: 32768
18:07:41.765 [main] DEBUG io.netty.buffer.PooledByteBufAllocator - -Dio.netty.allocator.cacheTrimInterval: 8192
18:07:41.765 [main] DEBUG io.netty.buffer.PooledByteBufAllocator - -Dio.netty.allocator.cacheTrimIntervalMillis: 0
18:07:41.765 [main] DEBUG io.netty.buffer.PooledByteBufAllocator - -Dio.netty.allocator.useCacheForAllThreads: false
18:07:41.765 [main] DEBUG io.netty.buffer.PooledByteBufAllocator - -Dio.netty.allocator.maxCachedByteBuffersPerChunk: 1023
18:07:41.765 [main] DEBUG io.netty.buffer.ByteBufUtil - -Dio.netty.allocator.type: pooled
18:07:41.765 [main] DEBUG io.netty.buffer.ByteBufUtil - -Dio.netty.threadLocalDirectBufferSize: 0
18:07:41.765 [main] DEBUG io.netty.buffer.ByteBufUtil - -Dio.netty.maxThreadLocalCharBufferSize: 16384
18:07:41.766 [main] DEBUG io.netty.util.Recycler - -Dio.netty.recycler.maxCapacityPerThread: 4096
18:07:41.766 [main] DEBUG io.netty.util.Recycler - -Dio.netty.recycler.ratio: 8
18:07:41.766 [main] DEBUG io.netty.util.Recycler - -Dio.netty.recycler.chunkSize: 32
18:07:41.766 [main] DEBUG io.netty.util.Recycler - -Dio.netty.recycler.blocking: false
18:07:41.766 [main] DEBUG io.netty.util.Recycler - -Dio.netty.recycler.batchFastThreadLocalOnly: true
18:07:41.766 [main] DEBUG io.netty.util.internal.PlatformDependent - org.jctools-core.MpscChunkedArrayQueue: available
]]></system-out>
  </testcase>
  <testcase name="test44" classname="io.netty.handler.codec.http.multipart.AbstractDiskHttpData_ESTest" time="0.016">
    <system-out><![CDATA[18:07:41.770 [Time-limited test] WARN io.netty.handler.codec.http.multipart.AbstractDiskHttpData - Failed to delete: .sVgP;a{C)+Ti%FEr
18:07:41.770 [main] INFO org.evosuite.runtime.thread.ThreadStopper - Found new thread
18:07:41.771 [main] DEBUG io.netty.util.internal.logging.InternalLoggerFactory - Using SLF4J as the default logging framework
18:07:41.771 [main] DEBUG io.netty.util.internal.PlatformDependent0 - -Dio.netty.noUnsafe: false
18:07:41.771 [main] DEBUG io.netty.util.internal.PlatformDependent0 - Java version: 8
18:07:41.771 [main] DEBUG io.netty.util.internal.PlatformDependent0 - sun.misc.Unsafe.theUnsafe: available
18:07:41.771 [main] DEBUG io.netty.util.internal.PlatformDependent0 - sun.misc.Unsafe.copyMemory: available
18:07:41.771 [main] DEBUG io.netty.util.internal.PlatformDependent0 - sun.misc.Unsafe.storeFence: available
18:07:41.771 [main] DEBUG io.netty.util.internal.PlatformDependent0 - java.nio.Buffer.address: available
18:07:41.771 [main] DEBUG io.netty.util.internal.PlatformDependent0 - direct buffer constructor: available
18:07:41.771 [main] DEBUG io.netty.util.internal.PlatformDependent0 - java.nio.Bits.unaligned: available, true
18:07:41.771 [main] DEBUG io.netty.util.internal.PlatformDependent0 - jdk.internal.misc.Unsafe.allocateUninitializedArray(int): unavailable prior to Java9
18:07:41.771 [main] DEBUG io.netty.util.internal.PlatformDependent0 - java.nio.DirectByteBuffer.<init>(long, {int,long}): available
18:07:41.771 [main] DEBUG io.netty.util.internal.CleanerJava6 - java.nio.ByteBuffer.cleaner(): available
18:07:41.771 [main] DEBUG io.netty.util.internal.PlatformDependent - sun.misc.Unsafe: available
18:07:41.771 [main] DEBUG io.netty.util.internal.PlatformDependent - -Dio.netty.tmpdir: /tmp (java.io.tmpdir)
18:07:41.771 [main] DEBUG io.netty.util.internal.PlatformDependent - -Dio.netty.bitMode: 64 (sun.arch.data.model)
18:07:41.771 [main] DEBUG io.netty.util.internal.PlatformDependent - -Dio.netty.maxDirectMemory: 11420041216 bytes
18:07:41.771 [main] DEBUG io.netty.util.internal.PlatformDependent - -Dio.netty.uninitializedArrayAllocationThreshold: -1
18:07:41.771 [main] DEBUG io.netty.util.internal.PlatformDependent - -Dio.netty.noPreferDirect: false
18:07:41.772 [main] DEBUG io.netty.util.internal.CleanerJava9 - java.nio.ByteBuffer.cleaner(): unavailable
java.lang.NoSuchMethodException: sun.misc.Unsafe.invokeCleaner(java.nio.ByteBuffer)
	at java.lang.Class.getDeclaredMethod(Class.java:2130)
	at io.netty.util.internal.CleanerJava9$1.run(CleanerJava9.java:45)
	at java.security.AccessController.doPrivileged(Native Method)
	at io.netty.util.internal.CleanerJava9.__STATIC_RESET(CleanerJava9.java:40)
	at sun.reflect.GeneratedMethodAccessor27.invoke(Unknown Source)
	at sun.reflect.DelegatingMethodAccessorImpl.invoke(DelegatingMethodAccessorImpl.java:43)
	at java.lang.reflect.Method.invoke(Method.java:498)
	at org.evosuite.runtime.classhandling.ClassResetter.reset(ClassResetter.java:159)
	at org.evosuite.runtime.classhandling.ClassStateSupport.resetClasses(ClassStateSupport.java:137)
	at io.netty.handler.codec.http.multipart.AbstractDiskHttpData_ESTest_scaffolding.resetClasses(AbstractDiskHttpData_ESTest_scaffolding.java:318)
	at io.netty.handler.codec.http.multipart.AbstractDiskHttpData_ESTest_scaffolding.doneWithTestCase(AbstractDiskHttpData_ESTest_scaffolding.java:74)
	at sun.reflect.GeneratedMethodAccessor6.invoke(Unknown Source)
	at sun.reflect.DelegatingMethodAccessorImpl.invoke(DelegatingMethodAccessorImpl.java:43)
	at java.lang.reflect.Method.invoke(Method.java:498)
	at org.junit.runners.model.FrameworkMethod$1.runReflectiveCall(FrameworkMethod.java:59)
	at org.junit.internal.runners.model.ReflectiveCallable.run(ReflectiveCallable.java:12)
	at org.junit.runners.model.FrameworkMethod.invokeExplosively(FrameworkMethod.java:56)
	at org.junit.internal.runners.statements.RunAfters.invokeMethod(RunAfters.java:46)
	at org.junit.internal.runners.statements.RunAfters.evaluate(RunAfters.java:33)
	at org.evosuite.runtime.vnet.NonFunctionalRequirementRule$1.evaluate(NonFunctionalRequirementRule.java:41)
	at org.junit.runners.ParentRunner$3.evaluate(ParentRunner.java:306)
	at org.junit.runners.BlockJUnit4ClassRunner$1.evaluate(BlockJUnit4ClassRunner.java:100)
	at org.junit.runners.ParentRunner.runLeaf(ParentRunner.java:366)
	at org.junit.runners.BlockJUnit4ClassRunner.runChild(BlockJUnit4ClassRunner.java:103)
	at org.junit.runners.BlockJUnit4ClassRunner.runChild(BlockJUnit4ClassRunner.java:63)
	at org.junit.runners.ParentRunner$4.run(ParentRunner.java:331)
	at org.junit.runners.ParentRunner$1.schedule(ParentRunner.java:79)
	at org.junit.runners.ParentRunner.runChildren(ParentRunner.java:329)
	at org.junit.runners.ParentRunner.access$100(ParentRunner.java:66)
	at org.junit.runners.ParentRunner$2.evaluate(ParentRunner.java:293)
	at org.junit.internal.runners.statements.RunBefores.evaluate(RunBefores.java:26)
	at org.junit.internal.runners.statements.RunAfters.evaluate(RunAfters.java:27)
	at org.junit.runners.ParentRunner$3.evaluate(ParentRunner.java:306)
	at org.junit.runners.ParentRunner.run(ParentRunner.java:413)
	at org.apache.maven.surefire.junit4.JUnit4Provider.execute(JUnit4Provider.java:316)
	at org.apache.maven.surefire.junit4.JUnit4Provider.executeWithRerun(JUnit4Provider.java:240)
	at org.apache.maven.surefire.junit4.JUnit4Provider.executeTestSet(JUnit4Provider.java:214)
	at org.apache.maven.surefire.junit4.JUnit4Provider.invoke(JUnit4Provider.java:155)
	at org.apache.maven.surefire.booter.ForkedBooter.runSuitesInProcess(ForkedBooter.java:385)
	at org.apache.maven.surefire.booter.ForkedBooter.execute(ForkedBooter.java:162)
	at org.apache.maven.surefire.booter.ForkedBooter.run(ForkedBooter.java:507)
	at org.apache.maven.surefire.booter.ForkedBooter.main(ForkedBooter.java:495)
18:07:41.772 [main] DEBUG io.netty.util.ResourceLeakDetector - -Dio.netty.leakDetection.level: simple
18:07:41.772 [main] DEBUG io.netty.util.ResourceLeakDetector - -Dio.netty.leakDetection.targetRecords: 4
18:07:41.773 [main] DEBUG io.netty.buffer.AbstractByteBuf - -Dio.netty.buffer.checkAccessible: true
18:07:41.773 [main] DEBUG io.netty.buffer.AbstractByteBuf - -Dio.netty.buffer.checkBounds: true
18:07:41.773 [main] DEBUG io.netty.util.ResourceLeakDetectorFactory - Loaded default ResourceLeakDetector: io.netty.util.ResourceLeakDetector@5
18:07:41.773 [main] DEBUG io.netty.util.internal.InternalThreadLocalMap - -Dio.netty.threadLocalMap.stringBuilder.initialSize: 1024
18:07:41.773 [main] DEBUG io.netty.util.internal.InternalThreadLocalMap - -Dio.netty.threadLocalMap.stringBuilder.maxSize: 4096
18:07:41.773 [main] DEBUG io.netty.buffer.PooledByteBufAllocator - -Dio.netty.allocator.numHeapArenas: 0
18:07:41.773 [main] DEBUG io.netty.buffer.PooledByteBufAllocator - -Dio.netty.allocator.numDirectArenas: 2
18:07:41.773 [main] DEBUG io.netty.buffer.PooledByteBufAllocator - -Dio.netty.allocator.pageSize: 8192
18:07:41.773 [main] DEBUG io.netty.buffer.PooledByteBufAllocator - -Dio.netty.allocator.maxOrder: 9
18:07:41.773 [main] DEBUG io.netty.buffer.PooledByteBufAllocator - -Dio.netty.allocator.chunkSize: 4194304
18:07:41.773 [main] DEBUG io.netty.buffer.PooledByteBufAllocator - -Dio.netty.allocator.smallCacheSize: 256
18:07:41.773 [main] DEBUG io.netty.buffer.PooledByteBufAllocator - -Dio.netty.allocator.normalCacheSize: 64
18:07:41.773 [main] DEBUG io.netty.buffer.PooledByteBufAllocator - -Dio.netty.allocator.maxCachedBufferCapacity: 32768
18:07:41.773 [main] DEBUG io.netty.buffer.PooledByteBufAllocator - -Dio.netty.allocator.cacheTrimInterval: 8192
18:07:41.773 [main] DEBUG io.netty.buffer.PooledByteBufAllocator - -Dio.netty.allocator.cacheTrimIntervalMillis: 0
18:07:41.773 [main] DEBUG io.netty.buffer.PooledByteBufAllocator - -Dio.netty.allocator.useCacheForAllThreads: false
18:07:41.773 [main] DEBUG io.netty.buffer.PooledByteBufAllocator - -Dio.netty.allocator.maxCachedByteBuffersPerChunk: 1023
18:07:41.773 [main] DEBUG io.netty.buffer.ByteBufUtil - -Dio.netty.allocator.type: pooled
18:07:41.773 [main] DEBUG io.netty.buffer.ByteBufUtil - -Dio.netty.threadLocalDirectBufferSize: 0
18:07:41.773 [main] DEBUG io.netty.buffer.ByteBufUtil - -Dio.netty.maxThreadLocalCharBufferSize: 16384
18:07:41.774 [main] DEBUG io.netty.util.Recycler - -Dio.netty.recycler.maxCapacityPerThread: 4096
18:07:41.774 [main] DEBUG io.netty.util.Recycler - -Dio.netty.recycler.ratio: 8
18:07:41.774 [main] DEBUG io.netty.util.Recycler - -Dio.netty.recycler.chunkSize: 32
18:07:41.774 [main] DEBUG io.netty.util.Recycler - -Dio.netty.recycler.blocking: false
18:07:41.774 [main] DEBUG io.netty.util.Recycler - -Dio.netty.recycler.batchFastThreadLocalOnly: true
18:07:41.774 [main] DEBUG io.netty.util.internal.PlatformDependent - org.jctools-core.MpscChunkedArrayQueue: available
]]></system-out>
  </testcase>
  <testcase name="test03" classname="io.netty.handler.codec.http.multipart.AbstractDiskHttpData_ESTest" time="0.028">
    <system-out><![CDATA[18:07:41.780 [Time-limited test] INFO org.evosuite.runtime.instrumentation.EvoClassLoader - Seeing class for first time: io.netty.handler.codec.http.multipart.AbstractDiskHttpData_ESTest$4
18:07:41.780 [Time-limited test] INFO org.evosuite.runtime.instrumentation.EvoClassLoader - Instrumenting class 'io.netty.handler.codec.http.multipart.AbstractDiskHttpData_ESTest$4'.
18:07:41.781 [Time-limited test] INFO org.evosuite.runtime.instrumentation.EvoClassLoader - Keeping class: io.netty.handler.codec.http.multipart.AbstractDiskHttpData_ESTest$4
18:07:41.782 [pool-2-thread-1] DEBUG org.evosuite.runtime.sandbox.MSecurityManager - Security manager blocks permission ("java.io.FilePermission" "/tmp/Attr_8324678207607444033_351898304" "write")
java.lang.Thread.getStackTrace(Thread.java:1564)
org.evosuite.runtime.sandbox.MSecurityManager.checkPermission(MSecurityManager.java:424)
java.lang.SecurityManager.checkWrite(SecurityManager.java:979)
sun.nio.fs.UnixChannelFactory.open(UnixChannelFactory.java:247)
sun.nio.fs.UnixChannelFactory.newFileChannel(UnixChannelFactory.java:136)
sun.nio.fs.UnixChannelFactory.newFileChannel(UnixChannelFactory.java:148)
sun.nio.fs.UnixFileSystemProvider.newByteChannel(UnixFileSystemProvider.java:212)
java.nio.file.Files.newByteChannel(Files.java:361)
java.nio.file.Files.createFile(Files.java:632)
java.nio.file.TempFileHelper.create(TempFileHelper.java:138)
java.nio.file.TempFileHelper.createTempFile(TempFileHelper.java:161)
java.nio.file.Files.createTempFile(Files.java:897)
io.netty.util.internal.PlatformDependent.createTempFile(PlatformDependent.java:1499)
io.netty.handler.codec.http.multipart.AbstractDiskHttpData.tempFile(AbstractDiskHttpData.java:92)
io.netty.handler.codec.http.multipart.AbstractDiskHttpData.setContent(AbstractDiskHttpData.java:114)
io.netty.handler.codec.http.multipart.DiskAttribute.setValue(DiskAttribute.java:123)
io.netty.handler.codec.http.multipart.AbstractDiskHttpData_ESTest$4.run(AbstractDiskHttpData_ESTest.java:164)
java.util.concurrent.Executors$RunnableAdapter.call(Executors.java:511)
java.util.concurrent.FutureTask.run(FutureTask.java:266)
java.util.concurrent.ThreadPoolExecutor.runWorker(ThreadPoolExecutor.java:1149)
java.util.concurrent.ThreadPoolExecutor$Worker.run(ThreadPoolExecutor.java:624)
java.lang.Thread.run(Thread.java:750)

18:07:41.782 [main] DEBUG io.netty.util.internal.logging.InternalLoggerFactory - Using SLF4J as the default logging framework
18:07:41.782 [main] DEBUG io.netty.util.internal.PlatformDependent0 - -Dio.netty.noUnsafe: false
18:07:41.782 [main] DEBUG io.netty.util.internal.PlatformDependent0 - Java version: 8
18:07:41.782 [main] DEBUG io.netty.util.internal.PlatformDependent0 - sun.misc.Unsafe.theUnsafe: available
18:07:41.782 [main] DEBUG io.netty.util.internal.PlatformDependent0 - sun.misc.Unsafe.copyMemory: available
18:07:41.782 [main] DEBUG io.netty.util.internal.PlatformDependent0 - sun.misc.Unsafe.storeFence: available
18:07:41.782 [main] DEBUG io.netty.util.internal.PlatformDependent0 - java.nio.Buffer.address: available
18:07:41.782 [main] DEBUG io.netty.util.internal.PlatformDependent0 - direct buffer constructor: available
18:07:41.782 [main] DEBUG io.netty.util.internal.PlatformDependent0 - java.nio.Bits.unaligned: available, true
18:07:41.782 [main] DEBUG io.netty.util.internal.PlatformDependent0 - jdk.internal.misc.Unsafe.allocateUninitializedArray(int): unavailable prior to Java9
18:07:41.782 [main] DEBUG io.netty.util.internal.PlatformDependent0 - java.nio.DirectByteBuffer.<init>(long, {int,long}): available
18:07:41.782 [main] DEBUG io.netty.util.internal.CleanerJava6 - java.nio.ByteBuffer.cleaner(): available
18:07:41.783 [main] DEBUG io.netty.util.internal.PlatformDependent - sun.misc.Unsafe: available
18:07:41.783 [main] DEBUG io.netty.util.internal.PlatformDependent - -Dio.netty.tmpdir: /tmp (java.io.tmpdir)
18:07:41.783 [main] DEBUG io.netty.util.internal.PlatformDependent - -Dio.netty.bitMode: 64 (sun.arch.data.model)
18:07:41.783 [main] DEBUG io.netty.util.internal.PlatformDependent - -Dio.netty.maxDirectMemory: 11420041216 bytes
18:07:41.783 [main] DEBUG io.netty.util.internal.PlatformDependent - -Dio.netty.uninitializedArrayAllocationThreshold: -1
18:07:41.783 [main] DEBUG io.netty.util.internal.PlatformDependent - -Dio.netty.noPreferDirect: false
18:07:41.783 [main] DEBUG io.netty.util.internal.CleanerJava9 - java.nio.ByteBuffer.cleaner(): unavailable
java.lang.NoSuchMethodException: sun.misc.Unsafe.invokeCleaner(java.nio.ByteBuffer)
	at java.lang.Class.getDeclaredMethod(Class.java:2130)
	at io.netty.util.internal.CleanerJava9$1.run(CleanerJava9.java:45)
	at java.security.AccessController.doPrivileged(Native Method)
	at io.netty.util.internal.CleanerJava9.__STATIC_RESET(CleanerJava9.java:40)
	at sun.reflect.GeneratedMethodAccessor27.invoke(Unknown Source)
	at sun.reflect.DelegatingMethodAccessorImpl.invoke(DelegatingMethodAccessorImpl.java:43)
	at java.lang.reflect.Method.invoke(Method.java:498)
	at org.evosuite.runtime.classhandling.ClassResetter.reset(ClassResetter.java:159)
	at org.evosuite.runtime.classhandling.ClassStateSupport.resetClasses(ClassStateSupport.java:137)
	at io.netty.handler.codec.http.multipart.AbstractDiskHttpData_ESTest_scaffolding.resetClasses(AbstractDiskHttpData_ESTest_scaffolding.java:318)
	at io.netty.handler.codec.http.multipart.AbstractDiskHttpData_ESTest_scaffolding.doneWithTestCase(AbstractDiskHttpData_ESTest_scaffolding.java:74)
	at sun.reflect.GeneratedMethodAccessor6.invoke(Unknown Source)
	at sun.reflect.DelegatingMethodAccessorImpl.invoke(DelegatingMethodAccessorImpl.java:43)
	at java.lang.reflect.Method.invoke(Method.java:498)
	at org.junit.runners.model.FrameworkMethod$1.runReflectiveCall(FrameworkMethod.java:59)
	at org.junit.internal.runners.model.ReflectiveCallable.run(ReflectiveCallable.java:12)
	at org.junit.runners.model.FrameworkMethod.invokeExplosively(FrameworkMethod.java:56)
	at org.junit.internal.runners.statements.RunAfters.invokeMethod(RunAfters.java:46)
	at org.junit.internal.runners.statements.RunAfters.evaluate(RunAfters.java:33)
	at org.evosuite.runtime.vnet.NonFunctionalRequirementRule$1.evaluate(NonFunctionalRequirementRule.java:41)
	at org.junit.runners.ParentRunner$3.evaluate(ParentRunner.java:306)
	at org.junit.runners.BlockJUnit4ClassRunner$1.evaluate(BlockJUnit4ClassRunner.java:100)
	at org.junit.runners.ParentRunner.runLeaf(ParentRunner.java:366)
	at org.junit.runners.BlockJUnit4ClassRunner.runChild(BlockJUnit4ClassRunner.java:103)
	at org.junit.runners.BlockJUnit4ClassRunner.runChild(BlockJUnit4ClassRunner.java:63)
	at org.junit.runners.ParentRunner$4.run(ParentRunner.java:331)
	at org.junit.runners.ParentRunner$1.schedule(ParentRunner.java:79)
	at org.junit.runners.ParentRunner.runChildren(ParentRunner.java:329)
	at org.junit.runners.ParentRunner.access$100(ParentRunner.java:66)
	at org.junit.runners.ParentRunner$2.evaluate(ParentRunner.java:293)
	at org.junit.internal.runners.statements.RunBefores.evaluate(RunBefores.java:26)
	at org.junit.internal.runners.statements.RunAfters.evaluate(RunAfters.java:27)
	at org.junit.runners.ParentRunner$3.evaluate(ParentRunner.java:306)
	at org.junit.runners.ParentRunner.run(ParentRunner.java:413)
	at org.apache.maven.surefire.junit4.JUnit4Provider.execute(JUnit4Provider.java:316)
	at org.apache.maven.surefire.junit4.JUnit4Provider.executeWithRerun(JUnit4Provider.java:240)
	at org.apache.maven.surefire.junit4.JUnit4Provider.executeTestSet(JUnit4Provider.java:214)
	at org.apache.maven.surefire.junit4.JUnit4Provider.invoke(JUnit4Provider.java:155)
	at org.apache.maven.surefire.booter.ForkedBooter.runSuitesInProcess(ForkedBooter.java:385)
	at org.apache.maven.surefire.booter.ForkedBooter.execute(ForkedBooter.java:162)
	at org.apache.maven.surefire.booter.ForkedBooter.run(ForkedBooter.java:507)
	at org.apache.maven.surefire.booter.ForkedBooter.main(ForkedBooter.java:495)
18:07:41.784 [main] DEBUG io.netty.util.ResourceLeakDetector - -Dio.netty.leakDetection.level: simple
18:07:41.784 [main] DEBUG io.netty.util.ResourceLeakDetector - -Dio.netty.leakDetection.targetRecords: 4
18:07:41.784 [main] DEBUG io.netty.buffer.AbstractByteBuf - -Dio.netty.buffer.checkAccessible: true
18:07:41.784 [main] DEBUG io.netty.buffer.AbstractByteBuf - -Dio.netty.buffer.checkBounds: true
18:07:41.784 [main] DEBUG io.netty.util.ResourceLeakDetectorFactory - Loaded default ResourceLeakDetector: io.netty.util.ResourceLeakDetector@5
18:07:41.784 [main] DEBUG io.netty.util.internal.InternalThreadLocalMap - -Dio.netty.threadLocalMap.stringBuilder.initialSize: 1024
18:07:41.784 [main] DEBUG io.netty.util.internal.InternalThreadLocalMap - -Dio.netty.threadLocalMap.stringBuilder.maxSize: 4096
18:07:41.784 [main] DEBUG io.netty.buffer.PooledByteBufAllocator - -Dio.netty.allocator.numHeapArenas: 0
18:07:41.784 [main] DEBUG io.netty.buffer.PooledByteBufAllocator - -Dio.netty.allocator.numDirectArenas: 2
18:07:41.784 [main] DEBUG io.netty.buffer.PooledByteBufAllocator - -Dio.netty.allocator.pageSize: 8192
18:07:41.784 [main] DEBUG io.netty.buffer.PooledByteBufAllocator - -Dio.netty.allocator.maxOrder: 9
18:07:41.784 [main] DEBUG io.netty.buffer.PooledByteBufAllocator - -Dio.netty.allocator.chunkSize: 4194304
18:07:41.784 [main] DEBUG io.netty.buffer.PooledByteBufAllocator - -Dio.netty.allocator.smallCacheSize: 256
18:07:41.784 [main] DEBUG io.netty.buffer.PooledByteBufAllocator - -Dio.netty.allocator.normalCacheSize: 64
18:07:41.784 [main] DEBUG io.netty.buffer.PooledByteBufAllocator - -Dio.netty.allocator.maxCachedBufferCapacity: 32768
18:07:41.784 [main] DEBUG io.netty.buffer.PooledByteBufAllocator - -Dio.netty.allocator.cacheTrimInterval: 8192
18:07:41.784 [main] DEBUG io.netty.buffer.PooledByteBufAllocator - -Dio.netty.allocator.cacheTrimIntervalMillis: 0
18:07:41.784 [main] DEBUG io.netty.buffer.PooledByteBufAllocator - -Dio.netty.allocator.useCacheForAllThreads: false
18:07:41.784 [main] DEBUG io.netty.buffer.PooledByteBufAllocator - -Dio.netty.allocator.maxCachedByteBuffersPerChunk: 1023
18:07:41.785 [main] DEBUG io.netty.buffer.ByteBufUtil - -Dio.netty.allocator.type: pooled
18:07:41.785 [main] DEBUG io.netty.buffer.ByteBufUtil - -Dio.netty.threadLocalDirectBufferSize: 0
18:07:41.785 [main] DEBUG io.netty.buffer.ByteBufUtil - -Dio.netty.maxThreadLocalCharBufferSize: 16384
18:07:41.785 [main] DEBUG io.netty.util.Recycler - -Dio.netty.recycler.maxCapacityPerThread: 4096
18:07:41.785 [main] DEBUG io.netty.util.Recycler - -Dio.netty.recycler.ratio: 8
18:07:41.785 [main] DEBUG io.netty.util.Recycler - -Dio.netty.recycler.chunkSize: 32
18:07:41.785 [main] DEBUG io.netty.util.Recycler - -Dio.netty.recycler.blocking: false
18:07:41.785 [main] DEBUG io.netty.util.Recycler - -Dio.netty.recycler.batchFastThreadLocalOnly: true
18:07:41.785 [main] DEBUG io.netty.util.internal.PlatformDependent - org.jctools-core.MpscChunkedArrayQueue: available
]]></system-out>
  </testcase>
  <testcase name="test47" classname="io.netty.handler.codec.http.multipart.AbstractDiskHttpData_ESTest" time="0.017">
    <system-out><![CDATA[18:07:41.791 [main] DEBUG io.netty.util.internal.logging.InternalLoggerFactory - Using SLF4J as the default logging framework
18:07:41.791 [main] DEBUG io.netty.util.internal.PlatformDependent0 - -Dio.netty.noUnsafe: false
18:07:41.791 [main] DEBUG io.netty.util.internal.PlatformDependent0 - Java version: 8
18:07:41.791 [main] DEBUG io.netty.util.internal.PlatformDependent0 - sun.misc.Unsafe.theUnsafe: available
18:07:41.791 [main] DEBUG io.netty.util.internal.PlatformDependent0 - sun.misc.Unsafe.copyMemory: available
18:07:41.791 [main] DEBUG io.netty.util.internal.PlatformDependent0 - sun.misc.Unsafe.storeFence: available
18:07:41.791 [main] DEBUG io.netty.util.internal.PlatformDependent0 - java.nio.Buffer.address: available
18:07:41.791 [main] DEBUG io.netty.util.internal.PlatformDependent0 - direct buffer constructor: available
18:07:41.791 [main] DEBUG io.netty.util.internal.PlatformDependent0 - java.nio.Bits.unaligned: available, true
18:07:41.791 [main] DEBUG io.netty.util.internal.PlatformDependent0 - jdk.internal.misc.Unsafe.allocateUninitializedArray(int): unavailable prior to Java9
18:07:41.791 [main] DEBUG io.netty.util.internal.PlatformDependent0 - java.nio.DirectByteBuffer.<init>(long, {int,long}): available
18:07:41.791 [main] DEBUG io.netty.util.internal.CleanerJava6 - java.nio.ByteBuffer.cleaner(): available
18:07:41.791 [main] DEBUG io.netty.util.internal.PlatformDependent - sun.misc.Unsafe: available
18:07:41.791 [main] DEBUG io.netty.util.internal.PlatformDependent - -Dio.netty.tmpdir: /tmp (java.io.tmpdir)
18:07:41.791 [main] DEBUG io.netty.util.internal.PlatformDependent - -Dio.netty.bitMode: 64 (sun.arch.data.model)
18:07:41.792 [main] DEBUG io.netty.util.internal.PlatformDependent - -Dio.netty.maxDirectMemory: 11420041216 bytes
18:07:41.792 [main] DEBUG io.netty.util.internal.PlatformDependent - -Dio.netty.uninitializedArrayAllocationThreshold: -1
18:07:41.792 [main] DEBUG io.netty.util.internal.PlatformDependent - -Dio.netty.noPreferDirect: false
18:07:41.792 [main] DEBUG io.netty.util.internal.CleanerJava9 - java.nio.ByteBuffer.cleaner(): unavailable
java.lang.NoSuchMethodException: sun.misc.Unsafe.invokeCleaner(java.nio.ByteBuffer)
	at java.lang.Class.getDeclaredMethod(Class.java:2130)
	at io.netty.util.internal.CleanerJava9$1.run(CleanerJava9.java:45)
	at java.security.AccessController.doPrivileged(Native Method)
	at io.netty.util.internal.CleanerJava9.__STATIC_RESET(CleanerJava9.java:40)
	at sun.reflect.GeneratedMethodAccessor27.invoke(Unknown Source)
	at sun.reflect.DelegatingMethodAccessorImpl.invoke(DelegatingMethodAccessorImpl.java:43)
	at java.lang.reflect.Method.invoke(Method.java:498)
	at org.evosuite.runtime.classhandling.ClassResetter.reset(ClassResetter.java:159)
	at org.evosuite.runtime.classhandling.ClassStateSupport.resetClasses(ClassStateSupport.java:137)
	at io.netty.handler.codec.http.multipart.AbstractDiskHttpData_ESTest_scaffolding.resetClasses(AbstractDiskHttpData_ESTest_scaffolding.java:318)
	at io.netty.handler.codec.http.multipart.AbstractDiskHttpData_ESTest_scaffolding.doneWithTestCase(AbstractDiskHttpData_ESTest_scaffolding.java:74)
	at sun.reflect.GeneratedMethodAccessor6.invoke(Unknown Source)
	at sun.reflect.DelegatingMethodAccessorImpl.invoke(DelegatingMethodAccessorImpl.java:43)
	at java.lang.reflect.Method.invoke(Method.java:498)
	at org.junit.runners.model.FrameworkMethod$1.runReflectiveCall(FrameworkMethod.java:59)
	at org.junit.internal.runners.model.ReflectiveCallable.run(ReflectiveCallable.java:12)
	at org.junit.runners.model.FrameworkMethod.invokeExplosively(FrameworkMethod.java:56)
	at org.junit.internal.runners.statements.RunAfters.invokeMethod(RunAfters.java:46)
	at org.junit.internal.runners.statements.RunAfters.evaluate(RunAfters.java:33)
	at org.evosuite.runtime.vnet.NonFunctionalRequirementRule$1.evaluate(NonFunctionalRequirementRule.java:41)
	at org.junit.runners.ParentRunner$3.evaluate(ParentRunner.java:306)
	at org.junit.runners.BlockJUnit4ClassRunner$1.evaluate(BlockJUnit4ClassRunner.java:100)
	at org.junit.runners.ParentRunner.runLeaf(ParentRunner.java:366)
	at org.junit.runners.BlockJUnit4ClassRunner.runChild(BlockJUnit4ClassRunner.java:103)
	at org.junit.runners.BlockJUnit4ClassRunner.runChild(BlockJUnit4ClassRunner.java:63)
	at org.junit.runners.ParentRunner$4.run(ParentRunner.java:331)
	at org.junit.runners.ParentRunner$1.schedule(ParentRunner.java:79)
	at org.junit.runners.ParentRunner.runChildren(ParentRunner.java:329)
	at org.junit.runners.ParentRunner.access$100(ParentRunner.java:66)
	at org.junit.runners.ParentRunner$2.evaluate(ParentRunner.java:293)
	at org.junit.internal.runners.statements.RunBefores.evaluate(RunBefores.java:26)
	at org.junit.internal.runners.statements.RunAfters.evaluate(RunAfters.java:27)
	at org.junit.runners.ParentRunner$3.evaluate(ParentRunner.java:306)
	at org.junit.runners.ParentRunner.run(ParentRunner.java:413)
	at org.apache.maven.surefire.junit4.JUnit4Provider.execute(JUnit4Provider.java:316)
	at org.apache.maven.surefire.junit4.JUnit4Provider.executeWithRerun(JUnit4Provider.java:240)
	at org.apache.maven.surefire.junit4.JUnit4Provider.executeTestSet(JUnit4Provider.java:214)
	at org.apache.maven.surefire.junit4.JUnit4Provider.invoke(JUnit4Provider.java:155)
	at org.apache.maven.surefire.booter.ForkedBooter.runSuitesInProcess(ForkedBooter.java:385)
	at org.apache.maven.surefire.booter.ForkedBooter.execute(ForkedBooter.java:162)
	at org.apache.maven.surefire.booter.ForkedBooter.run(ForkedBooter.java:507)
	at org.apache.maven.surefire.booter.ForkedBooter.main(ForkedBooter.java:495)
18:07:41.792 [main] DEBUG io.netty.util.ResourceLeakDetector - -Dio.netty.leakDetection.level: simple
18:07:41.792 [main] DEBUG io.netty.util.ResourceLeakDetector - -Dio.netty.leakDetection.targetRecords: 4
18:07:41.793 [main] DEBUG io.netty.buffer.AbstractByteBuf - -Dio.netty.buffer.checkAccessible: true
18:07:41.793 [main] DEBUG io.netty.buffer.AbstractByteBuf - -Dio.netty.buffer.checkBounds: true
18:07:41.793 [main] DEBUG io.netty.util.ResourceLeakDetectorFactory - Loaded default ResourceLeakDetector: io.netty.util.ResourceLeakDetector@5
18:07:41.793 [main] DEBUG io.netty.util.internal.InternalThreadLocalMap - -Dio.netty.threadLocalMap.stringBuilder.initialSize: 1024
18:07:41.793 [main] DEBUG io.netty.util.internal.InternalThreadLocalMap - -Dio.netty.threadLocalMap.stringBuilder.maxSize: 4096
18:07:41.793 [main] DEBUG io.netty.buffer.PooledByteBufAllocator - -Dio.netty.allocator.numHeapArenas: 0
18:07:41.793 [main] DEBUG io.netty.buffer.PooledByteBufAllocator - -Dio.netty.allocator.numDirectArenas: 2
18:07:41.793 [main] DEBUG io.netty.buffer.PooledByteBufAllocator - -Dio.netty.allocator.pageSize: 8192
18:07:41.793 [main] DEBUG io.netty.buffer.PooledByteBufAllocator - -Dio.netty.allocator.maxOrder: 9
18:07:41.793 [main] DEBUG io.netty.buffer.PooledByteBufAllocator - -Dio.netty.allocator.chunkSize: 4194304
18:07:41.793 [main] DEBUG io.netty.buffer.PooledByteBufAllocator - -Dio.netty.allocator.smallCacheSize: 256
18:07:41.793 [main] DEBUG io.netty.buffer.PooledByteBufAllocator - -Dio.netty.allocator.normalCacheSize: 64
18:07:41.793 [main] DEBUG io.netty.buffer.PooledByteBufAllocator - -Dio.netty.allocator.maxCachedBufferCapacity: 32768
18:07:41.793 [main] DEBUG io.netty.buffer.PooledByteBufAllocator - -Dio.netty.allocator.cacheTrimInterval: 8192
18:07:41.793 [main] DEBUG io.netty.buffer.PooledByteBufAllocator - -Dio.netty.allocator.cacheTrimIntervalMillis: 0
18:07:41.793 [main] DEBUG io.netty.buffer.PooledByteBufAllocator - -Dio.netty.allocator.useCacheForAllThreads: false
18:07:41.793 [main] DEBUG io.netty.buffer.PooledByteBufAllocator - -Dio.netty.allocator.maxCachedByteBuffersPerChunk: 1023
18:07:41.794 [main] DEBUG io.netty.buffer.ByteBufUtil - -Dio.netty.allocator.type: pooled
18:07:41.794 [main] DEBUG io.netty.buffer.ByteBufUtil - -Dio.netty.threadLocalDirectBufferSize: 0
18:07:41.794 [main] DEBUG io.netty.buffer.ByteBufUtil - -Dio.netty.maxThreadLocalCharBufferSize: 16384
18:07:41.794 [main] DEBUG io.netty.util.Recycler - -Dio.netty.recycler.maxCapacityPerThread: 4096
18:07:41.794 [main] DEBUG io.netty.util.Recycler - -Dio.netty.recycler.ratio: 8
18:07:41.794 [main] DEBUG io.netty.util.Recycler - -Dio.netty.recycler.chunkSize: 32
18:07:41.794 [main] DEBUG io.netty.util.Recycler - -Dio.netty.recycler.blocking: false
18:07:41.794 [main] DEBUG io.netty.util.Recycler - -Dio.netty.recycler.batchFastThreadLocalOnly: true
18:07:41.795 [main] DEBUG io.netty.util.internal.PlatformDependent - org.jctools-core.MpscChunkedArrayQueue: available
]]></system-out>
  </testcase>
  <testcase name="test02" classname="io.netty.handler.codec.http.multipart.AbstractDiskHttpData_ESTest" time="0.022">
    <system-out><![CDATA[18:07:41.799 [Time-limited test] INFO org.evosuite.runtime.instrumentation.EvoClassLoader - Seeing class for first time: io.netty.handler.codec.http.multipart.AbstractDiskHttpData_ESTest$3
18:07:41.799 [Time-limited test] INFO org.evosuite.runtime.instrumentation.EvoClassLoader - Instrumenting class 'io.netty.handler.codec.http.multipart.AbstractDiskHttpData_ESTest$3'.
18:07:41.800 [Time-limited test] INFO org.evosuite.runtime.instrumentation.EvoClassLoader - Keeping class: io.netty.handler.codec.http.multipart.AbstractDiskHttpData_ESTest$3
18:07:41.801 [pool-2-thread-1] DEBUG org.evosuite.runtime.sandbox.MSecurityManager - Security manager blocks permission ("java.io.FilePermission" "/tmp/FUp_5342393623054254896_-838595071" "write")
java.lang.Thread.getStackTrace(Thread.java:1564)
org.evosuite.runtime.sandbox.MSecurityManager.checkPermission(MSecurityManager.java:424)
java.lang.SecurityManager.checkWrite(SecurityManager.java:979)
sun.nio.fs.UnixChannelFactory.open(UnixChannelFactory.java:247)
sun.nio.fs.UnixChannelFactory.newFileChannel(UnixChannelFactory.java:136)
sun.nio.fs.UnixChannelFactory.newFileChannel(UnixChannelFactory.java:148)
sun.nio.fs.UnixFileSystemProvider.newByteChannel(UnixFileSystemProvider.java:212)
java.nio.file.Files.newByteChannel(Files.java:361)
java.nio.file.Files.createFile(Files.java:632)
java.nio.file.TempFileHelper.create(TempFileHelper.java:138)
java.nio.file.TempFileHelper.createTempFile(TempFileHelper.java:161)
java.nio.file.Files.createTempFile(Files.java:897)
io.netty.util.internal.PlatformDependent.createTempFile(PlatformDependent.java:1499)
io.netty.handler.codec.http.multipart.AbstractDiskHttpData.tempFile(AbstractDiskHttpData.java:92)
io.netty.handler.codec.http.multipart.AbstractDiskHttpData.addContent(AbstractDiskHttpData.java:163)
io.netty.handler.codec.http.multipart.AbstractDiskHttpData_ESTest$3.run(AbstractDiskHttpData_ESTest.java:139)
java.util.concurrent.Executors$RunnableAdapter.call(Executors.java:511)
java.util.concurrent.FutureTask.run(FutureTask.java:266)
java.util.concurrent.ThreadPoolExecutor.runWorker(ThreadPoolExecutor.java:1149)
java.util.concurrent.ThreadPoolExecutor$Worker.run(ThreadPoolExecutor.java:624)
java.lang.Thread.run(Thread.java:750)

18:07:41.802 [main] DEBUG io.netty.util.internal.logging.InternalLoggerFactory - Using SLF4J as the default logging framework
18:07:41.802 [main] DEBUG io.netty.util.internal.PlatformDependent0 - -Dio.netty.noUnsafe: false
18:07:41.802 [main] DEBUG io.netty.util.internal.PlatformDependent0 - Java version: 8
18:07:41.802 [main] DEBUG io.netty.util.internal.PlatformDependent0 - sun.misc.Unsafe.theUnsafe: available
18:07:41.802 [main] DEBUG io.netty.util.internal.PlatformDependent0 - sun.misc.Unsafe.copyMemory: available
18:07:41.802 [main] DEBUG io.netty.util.internal.PlatformDependent0 - sun.misc.Unsafe.storeFence: available
18:07:41.802 [main] DEBUG io.netty.util.internal.PlatformDependent0 - java.nio.Buffer.address: available
18:07:41.802 [main] DEBUG io.netty.util.internal.PlatformDependent0 - direct buffer constructor: available
18:07:41.802 [main] DEBUG io.netty.util.internal.PlatformDependent0 - java.nio.Bits.unaligned: available, true
18:07:41.802 [main] DEBUG io.netty.util.internal.PlatformDependent0 - jdk.internal.misc.Unsafe.allocateUninitializedArray(int): unavailable prior to Java9
18:07:41.802 [main] DEBUG io.netty.util.internal.PlatformDependent0 - java.nio.DirectByteBuffer.<init>(long, {int,long}): available
18:07:41.802 [main] DEBUG io.netty.util.internal.CleanerJava6 - java.nio.ByteBuffer.cleaner(): available
18:07:41.802 [main] DEBUG io.netty.util.internal.PlatformDependent - sun.misc.Unsafe: available
18:07:41.802 [main] DEBUG io.netty.util.internal.PlatformDependent - -Dio.netty.tmpdir: /tmp (java.io.tmpdir)
18:07:41.802 [main] DEBUG io.netty.util.internal.PlatformDependent - -Dio.netty.bitMode: 64 (sun.arch.data.model)
18:07:41.803 [main] DEBUG io.netty.util.internal.PlatformDependent - -Dio.netty.maxDirectMemory: 11420041216 bytes
18:07:41.803 [main] DEBUG io.netty.util.internal.PlatformDependent - -Dio.netty.uninitializedArrayAllocationThreshold: -1
18:07:41.803 [main] DEBUG io.netty.util.internal.PlatformDependent - -Dio.netty.noPreferDirect: false
18:07:41.803 [main] DEBUG io.netty.util.internal.CleanerJava9 - java.nio.ByteBuffer.cleaner(): unavailable
java.lang.NoSuchMethodException: sun.misc.Unsafe.invokeCleaner(java.nio.ByteBuffer)
	at java.lang.Class.getDeclaredMethod(Class.java:2130)
	at io.netty.util.internal.CleanerJava9$1.run(CleanerJava9.java:45)
	at java.security.AccessController.doPrivileged(Native Method)
	at io.netty.util.internal.CleanerJava9.__STATIC_RESET(CleanerJava9.java:40)
	at sun.reflect.GeneratedMethodAccessor27.invoke(Unknown Source)
	at sun.reflect.DelegatingMethodAccessorImpl.invoke(DelegatingMethodAccessorImpl.java:43)
	at java.lang.reflect.Method.invoke(Method.java:498)
	at org.evosuite.runtime.classhandling.ClassResetter.reset(ClassResetter.java:159)
	at org.evosuite.runtime.classhandling.ClassStateSupport.resetClasses(ClassStateSupport.java:137)
	at io.netty.handler.codec.http.multipart.AbstractDiskHttpData_ESTest_scaffolding.resetClasses(AbstractDiskHttpData_ESTest_scaffolding.java:318)
	at io.netty.handler.codec.http.multipart.AbstractDiskHttpData_ESTest_scaffolding.doneWithTestCase(AbstractDiskHttpData_ESTest_scaffolding.java:74)
	at sun.reflect.GeneratedMethodAccessor6.invoke(Unknown Source)
	at sun.reflect.DelegatingMethodAccessorImpl.invoke(DelegatingMethodAccessorImpl.java:43)
	at java.lang.reflect.Method.invoke(Method.java:498)
	at org.junit.runners.model.FrameworkMethod$1.runReflectiveCall(FrameworkMethod.java:59)
	at org.junit.internal.runners.model.ReflectiveCallable.run(ReflectiveCallable.java:12)
	at org.junit.runners.model.FrameworkMethod.invokeExplosively(FrameworkMethod.java:56)
	at org.junit.internal.runners.statements.RunAfters.invokeMethod(RunAfters.java:46)
	at org.junit.internal.runners.statements.RunAfters.evaluate(RunAfters.java:33)
	at org.evosuite.runtime.vnet.NonFunctionalRequirementRule$1.evaluate(NonFunctionalRequirementRule.java:41)
	at org.junit.runners.ParentRunner$3.evaluate(ParentRunner.java:306)
	at org.junit.runners.BlockJUnit4ClassRunner$1.evaluate(BlockJUnit4ClassRunner.java:100)
	at org.junit.runners.ParentRunner.runLeaf(ParentRunner.java:366)
	at org.junit.runners.BlockJUnit4ClassRunner.runChild(BlockJUnit4ClassRunner.java:103)
	at org.junit.runners.BlockJUnit4ClassRunner.runChild(BlockJUnit4ClassRunner.java:63)
	at org.junit.runners.ParentRunner$4.run(ParentRunner.java:331)
	at org.junit.runners.ParentRunner$1.schedule(ParentRunner.java:79)
	at org.junit.runners.ParentRunner.runChildren(ParentRunner.java:329)
	at org.junit.runners.ParentRunner.access$100(ParentRunner.java:66)
	at org.junit.runners.ParentRunner$2.evaluate(ParentRunner.java:293)
	at org.junit.internal.runners.statements.RunBefores.evaluate(RunBefores.java:26)
	at org.junit.internal.runners.statements.RunAfters.evaluate(RunAfters.java:27)
	at org.junit.runners.ParentRunner$3.evaluate(ParentRunner.java:306)
	at org.junit.runners.ParentRunner.run(ParentRunner.java:413)
	at org.apache.maven.surefire.junit4.JUnit4Provider.execute(JUnit4Provider.java:316)
	at org.apache.maven.surefire.junit4.JUnit4Provider.executeWithRerun(JUnit4Provider.java:240)
	at org.apache.maven.surefire.junit4.JUnit4Provider.executeTestSet(JUnit4Provider.java:214)
	at org.apache.maven.surefire.junit4.JUnit4Provider.invoke(JUnit4Provider.java:155)
	at org.apache.maven.surefire.booter.ForkedBooter.runSuitesInProcess(ForkedBooter.java:385)
	at org.apache.maven.surefire.booter.ForkedBooter.execute(ForkedBooter.java:162)
	at org.apache.maven.surefire.booter.ForkedBooter.run(ForkedBooter.java:507)
	at org.apache.maven.surefire.booter.ForkedBooter.main(ForkedBooter.java:495)
18:07:41.803 [main] DEBUG io.netty.util.ResourceLeakDetector - -Dio.netty.leakDetection.level: simple
18:07:41.803 [main] DEBUG io.netty.util.ResourceLeakDetector - -Dio.netty.leakDetection.targetRecords: 4
18:07:41.804 [main] DEBUG io.netty.buffer.AbstractByteBuf - -Dio.netty.buffer.checkAccessible: true
18:07:41.804 [main] DEBUG io.netty.buffer.AbstractByteBuf - -Dio.netty.buffer.checkBounds: true
18:07:41.804 [main] DEBUG io.netty.util.ResourceLeakDetectorFactory - Loaded default ResourceLeakDetector: io.netty.util.ResourceLeakDetector@5
18:07:41.804 [main] DEBUG io.netty.util.internal.InternalThreadLocalMap - -Dio.netty.threadLocalMap.stringBuilder.initialSize: 1024
18:07:41.804 [main] DEBUG io.netty.util.internal.InternalThreadLocalMap - -Dio.netty.threadLocalMap.stringBuilder.maxSize: 4096
18:07:41.804 [main] DEBUG io.netty.buffer.PooledByteBufAllocator - -Dio.netty.allocator.numHeapArenas: 0
18:07:41.804 [main] DEBUG io.netty.buffer.PooledByteBufAllocator - -Dio.netty.allocator.numDirectArenas: 2
18:07:41.804 [main] DEBUG io.netty.buffer.PooledByteBufAllocator - -Dio.netty.allocator.pageSize: 8192
18:07:41.804 [main] DEBUG io.netty.buffer.PooledByteBufAllocator - -Dio.netty.allocator.maxOrder: 9
18:07:41.804 [main] DEBUG io.netty.buffer.PooledByteBufAllocator - -Dio.netty.allocator.chunkSize: 4194304
18:07:41.804 [main] DEBUG io.netty.buffer.PooledByteBufAllocator - -Dio.netty.allocator.smallCacheSize: 256
18:07:41.804 [main] DEBUG io.netty.buffer.PooledByteBufAllocator - -Dio.netty.allocator.normalCacheSize: 64
18:07:41.804 [main] DEBUG io.netty.buffer.PooledByteBufAllocator - -Dio.netty.allocator.maxCachedBufferCapacity: 32768
18:07:41.804 [main] DEBUG io.netty.buffer.PooledByteBufAllocator - -Dio.netty.allocator.cacheTrimInterval: 8192
18:07:41.804 [main] DEBUG io.netty.buffer.PooledByteBufAllocator - -Dio.netty.allocator.cacheTrimIntervalMillis: 0
18:07:41.804 [main] DEBUG io.netty.buffer.PooledByteBufAllocator - -Dio.netty.allocator.useCacheForAllThreads: false
18:07:41.804 [main] DEBUG io.netty.buffer.PooledByteBufAllocator - -Dio.netty.allocator.maxCachedByteBuffersPerChunk: 1023
18:07:41.804 [main] DEBUG io.netty.buffer.ByteBufUtil - -Dio.netty.allocator.type: pooled
18:07:41.804 [main] DEBUG io.netty.buffer.ByteBufUtil - -Dio.netty.threadLocalDirectBufferSize: 0
18:07:41.804 [main] DEBUG io.netty.buffer.ByteBufUtil - -Dio.netty.maxThreadLocalCharBufferSize: 16384
18:07:41.804 [main] DEBUG io.netty.util.Recycler - -Dio.netty.recycler.maxCapacityPerThread: 4096
18:07:41.804 [main] DEBUG io.netty.util.Recycler - -Dio.netty.recycler.ratio: 8
18:07:41.804 [main] DEBUG io.netty.util.Recycler - -Dio.netty.recycler.chunkSize: 32
18:07:41.804 [main] DEBUG io.netty.util.Recycler - -Dio.netty.recycler.blocking: false
18:07:41.804 [main] DEBUG io.netty.util.Recycler - -Dio.netty.recycler.batchFastThreadLocalOnly: true
18:07:41.804 [main] DEBUG io.netty.util.internal.PlatformDependent - org.jctools-core.MpscChunkedArrayQueue: available
]]></system-out>
  </testcase>
  <testcase name="test46" classname="io.netty.handler.codec.http.multipart.AbstractDiskHttpData_ESTest" time="0.024">
    <system-out><![CDATA[18:07:41.823 [Time-limited test] WARN io.netty.handler.codec.http.multipart.AbstractDiskHttpData - Multiple exceptions detected, the following will be suppressed {}
java.io.IOException: Simulated IOException
	at org.evosuite.runtime.vfs.VirtualFileSystem.throwSimuledIOExceptionIfNeeded(VirtualFileSystem.java:169)
	at org.evosuite.runtime.mock.java.io.MockRandomAccessFile.close(MockRandomAccessFile.java:299)
	at sun.nio.ch.FileChannelImpl.implCloseChannel(FileChannelImpl.java:139)
	at java.nio.channels.spi.AbstractInterruptibleChannel.close(AbstractInterruptibleChannel.java:115)
	at java.io.RandomAccessFile.close(RandomAccessFile.java:614)
	at org.evosuite.runtime.mock.java.io.MockRandomAccessFile.close(MockRandomAccessFile.java:287)
	at io.netty.handler.codec.http.multipart.AbstractDiskHttpData.renameTo(AbstractDiskHttpData.java:412)
	at io.netty.handler.codec.http.multipart.AbstractDiskHttpData_ESTest.test46(AbstractDiskHttpData_ESTest.java:801)
	at sun.reflect.NativeMethodAccessorImpl.invoke0(Native Method)
	at sun.reflect.NativeMethodAccessorImpl.invoke(NativeMethodAccessorImpl.java:62)
	at sun.reflect.DelegatingMethodAccessorImpl.invoke(DelegatingMethodAccessorImpl.java:43)
	at java.lang.reflect.Method.invoke(Method.java:498)
	at org.junit.runners.model.FrameworkMethod$1.runReflectiveCall(FrameworkMethod.java:59)
	at org.junit.internal.runners.model.ReflectiveCallable.run(ReflectiveCallable.java:12)
	at org.junit.runners.model.FrameworkMethod.invokeExplosively(FrameworkMethod.java:56)
	at org.junit.internal.runners.statements.InvokeMethod.evaluate(InvokeMethod.java:17)
	at org.junit.internal.runners.statements.FailOnTimeout$CallableStatement.call(FailOnTimeout.java:299)
	at org.junit.internal.runners.statements.FailOnTimeout$CallableStatement.call(FailOnTimeout.java:293)
	at java.util.concurrent.FutureTask.run(FutureTask.java:266)
	at java.lang.Thread.run(Thread.java:750)
18:07:41.825 [main] DEBUG io.netty.util.internal.logging.InternalLoggerFactory - Using SLF4J as the default logging framework
18:07:41.825 [main] DEBUG io.netty.util.internal.PlatformDependent0 - -Dio.netty.noUnsafe: false
18:07:41.825 [main] DEBUG io.netty.util.internal.PlatformDependent0 - Java version: 8
18:07:41.825 [main] DEBUG io.netty.util.internal.PlatformDependent0 - sun.misc.Unsafe.theUnsafe: available
18:07:41.825 [main] DEBUG io.netty.util.internal.PlatformDependent0 - sun.misc.Unsafe.copyMemory: available
18:07:41.825 [main] DEBUG io.netty.util.internal.PlatformDependent0 - sun.misc.Unsafe.storeFence: available
18:07:41.825 [main] DEBUG io.netty.util.internal.PlatformDependent0 - java.nio.Buffer.address: available
18:07:41.825 [main] DEBUG io.netty.util.internal.PlatformDependent0 - direct buffer constructor: available
18:07:41.825 [main] DEBUG io.netty.util.internal.PlatformDependent0 - java.nio.Bits.unaligned: available, true
18:07:41.825 [main] DEBUG io.netty.util.internal.PlatformDependent0 - jdk.internal.misc.Unsafe.allocateUninitializedArray(int): unavailable prior to Java9
18:07:41.825 [main] DEBUG io.netty.util.internal.PlatformDependent0 - java.nio.DirectByteBuffer.<init>(long, {int,long}): available
18:07:41.825 [main] DEBUG io.netty.util.internal.CleanerJava6 - java.nio.ByteBuffer.cleaner(): available
18:07:41.825 [main] DEBUG io.netty.util.internal.PlatformDependent - sun.misc.Unsafe: available
18:07:41.825 [main] DEBUG io.netty.util.internal.PlatformDependent - -Dio.netty.tmpdir: /tmp (java.io.tmpdir)
18:07:41.825 [main] DEBUG io.netty.util.internal.PlatformDependent - -Dio.netty.bitMode: 64 (sun.arch.data.model)
18:07:41.825 [main] DEBUG io.netty.util.internal.PlatformDependent - -Dio.netty.maxDirectMemory: 11420041216 bytes
18:07:41.825 [main] DEBUG io.netty.util.internal.PlatformDependent - -Dio.netty.uninitializedArrayAllocationThreshold: -1
18:07:41.825 [main] DEBUG io.netty.util.internal.PlatformDependent - -Dio.netty.noPreferDirect: false
18:07:41.826 [main] DEBUG io.netty.util.internal.CleanerJava9 - java.nio.ByteBuffer.cleaner(): unavailable
java.lang.NoSuchMethodException: sun.misc.Unsafe.invokeCleaner(java.nio.ByteBuffer)
	at java.lang.Class.getDeclaredMethod(Class.java:2130)
	at io.netty.util.internal.CleanerJava9$1.run(CleanerJava9.java:45)
	at java.security.AccessController.doPrivileged(Native Method)
	at io.netty.util.internal.CleanerJava9.__STATIC_RESET(CleanerJava9.java:40)
	at sun.reflect.GeneratedMethodAccessor27.invoke(Unknown Source)
	at sun.reflect.DelegatingMethodAccessorImpl.invoke(DelegatingMethodAccessorImpl.java:43)
	at java.lang.reflect.Method.invoke(Method.java:498)
	at org.evosuite.runtime.classhandling.ClassResetter.reset(ClassResetter.java:159)
	at org.evosuite.runtime.classhandling.ClassStateSupport.resetClasses(ClassStateSupport.java:137)
	at io.netty.handler.codec.http.multipart.AbstractDiskHttpData_ESTest_scaffolding.resetClasses(AbstractDiskHttpData_ESTest_scaffolding.java:318)
	at io.netty.handler.codec.http.multipart.AbstractDiskHttpData_ESTest_scaffolding.doneWithTestCase(AbstractDiskHttpData_ESTest_scaffolding.java:74)
	at sun.reflect.GeneratedMethodAccessor6.invoke(Unknown Source)
	at sun.reflect.DelegatingMethodAccessorImpl.invoke(DelegatingMethodAccessorImpl.java:43)
	at java.lang.reflect.Method.invoke(Method.java:498)
	at org.junit.runners.model.FrameworkMethod$1.runReflectiveCall(FrameworkMethod.java:59)
	at org.junit.internal.runners.model.ReflectiveCallable.run(ReflectiveCallable.java:12)
	at org.junit.runners.model.FrameworkMethod.invokeExplosively(FrameworkMethod.java:56)
	at org.junit.internal.runners.statements.RunAfters.invokeMethod(RunAfters.java:46)
	at org.junit.internal.runners.statements.RunAfters.evaluate(RunAfters.java:33)
	at org.evosuite.runtime.vnet.NonFunctionalRequirementRule$1.evaluate(NonFunctionalRequirementRule.java:41)
	at org.junit.runners.ParentRunner$3.evaluate(ParentRunner.java:306)
	at org.junit.runners.BlockJUnit4ClassRunner$1.evaluate(BlockJUnit4ClassRunner.java:100)
	at org.junit.runners.ParentRunner.runLeaf(ParentRunner.java:366)
	at org.junit.runners.BlockJUnit4ClassRunner.runChild(BlockJUnit4ClassRunner.java:103)
	at org.junit.runners.BlockJUnit4ClassRunner.runChild(BlockJUnit4ClassRunner.java:63)
	at org.junit.runners.ParentRunner$4.run(ParentRunner.java:331)
	at org.junit.runners.ParentRunner$1.schedule(ParentRunner.java:79)
	at org.junit.runners.ParentRunner.runChildren(ParentRunner.java:329)
	at org.junit.runners.ParentRunner.access$100(ParentRunner.java:66)
	at org.junit.runners.ParentRunner$2.evaluate(ParentRunner.java:293)
	at org.junit.internal.runners.statements.RunBefores.evaluate(RunBefores.java:26)
	at org.junit.internal.runners.statements.RunAfters.evaluate(RunAfters.java:27)
	at org.junit.runners.ParentRunner$3.evaluate(ParentRunner.java:306)
	at org.junit.runners.ParentRunner.run(ParentRunner.java:413)
	at org.apache.maven.surefire.junit4.JUnit4Provider.execute(JUnit4Provider.java:316)
	at org.apache.maven.surefire.junit4.JUnit4Provider.executeWithRerun(JUnit4Provider.java:240)
	at org.apache.maven.surefire.junit4.JUnit4Provider.executeTestSet(JUnit4Provider.java:214)
	at org.apache.maven.surefire.junit4.JUnit4Provider.invoke(JUnit4Provider.java:155)
	at org.apache.maven.surefire.booter.ForkedBooter.runSuitesInProcess(ForkedBooter.java:385)
	at org.apache.maven.surefire.booter.ForkedBooter.execute(ForkedBooter.java:162)
	at org.apache.maven.surefire.booter.ForkedBooter.run(ForkedBooter.java:507)
	at org.apache.maven.surefire.booter.ForkedBooter.main(ForkedBooter.java:495)
18:07:41.826 [main] DEBUG io.netty.util.ResourceLeakDetector - -Dio.netty.leakDetection.level: simple
18:07:41.826 [main] DEBUG io.netty.util.ResourceLeakDetector - -Dio.netty.leakDetection.targetRecords: 4
18:07:41.826 [main] DEBUG io.netty.buffer.AbstractByteBuf - -Dio.netty.buffer.checkAccessible: true
18:07:41.826 [main] DEBUG io.netty.buffer.AbstractByteBuf - -Dio.netty.buffer.checkBounds: true
18:07:41.826 [main] DEBUG io.netty.util.ResourceLeakDetectorFactory - Loaded default ResourceLeakDetector: io.netty.util.ResourceLeakDetector@5
18:07:41.827 [main] DEBUG io.netty.util.internal.InternalThreadLocalMap - -Dio.netty.threadLocalMap.stringBuilder.initialSize: 1024
18:07:41.827 [main] DEBUG io.netty.util.internal.InternalThreadLocalMap - -Dio.netty.threadLocalMap.stringBuilder.maxSize: 4096
18:07:41.827 [main] DEBUG io.netty.buffer.PooledByteBufAllocator - -Dio.netty.allocator.numHeapArenas: 0
18:07:41.827 [main] DEBUG io.netty.buffer.PooledByteBufAllocator - -Dio.netty.allocator.numDirectArenas: 2
18:07:41.827 [main] DEBUG io.netty.buffer.PooledByteBufAllocator - -Dio.netty.allocator.pageSize: 8192
18:07:41.827 [main] DEBUG io.netty.buffer.PooledByteBufAllocator - -Dio.netty.allocator.maxOrder: 9
18:07:41.827 [main] DEBUG io.netty.buffer.PooledByteBufAllocator - -Dio.netty.allocator.chunkSize: 4194304
18:07:41.827 [main] DEBUG io.netty.buffer.PooledByteBufAllocator - -Dio.netty.allocator.smallCacheSize: 256
18:07:41.827 [main] DEBUG io.netty.buffer.PooledByteBufAllocator - -Dio.netty.allocator.normalCacheSize: 64
18:07:41.827 [main] DEBUG io.netty.buffer.PooledByteBufAllocator - -Dio.netty.allocator.maxCachedBufferCapacity: 32768
18:07:41.827 [main] DEBUG io.netty.buffer.PooledByteBufAllocator - -Dio.netty.allocator.cacheTrimInterval: 8192
18:07:41.827 [main] DEBUG io.netty.buffer.PooledByteBufAllocator - -Dio.netty.allocator.cacheTrimIntervalMillis: 0
18:07:41.827 [main] DEBUG io.netty.buffer.PooledByteBufAllocator - -Dio.netty.allocator.useCacheForAllThreads: false
18:07:41.827 [main] DEBUG io.netty.buffer.PooledByteBufAllocator - -Dio.netty.allocator.maxCachedByteBuffersPerChunk: 1023
18:07:41.827 [main] DEBUG io.netty.buffer.ByteBufUtil - -Dio.netty.allocator.type: pooled
18:07:41.827 [main] DEBUG io.netty.buffer.ByteBufUtil - -Dio.netty.threadLocalDirectBufferSize: 0
18:07:41.827 [main] DEBUG io.netty.buffer.ByteBufUtil - -Dio.netty.maxThreadLocalCharBufferSize: 16384
18:07:41.828 [main] DEBUG io.netty.util.Recycler - -Dio.netty.recycler.maxCapacityPerThread: 4096
18:07:41.828 [main] DEBUG io.netty.util.Recycler - -Dio.netty.recycler.ratio: 8
18:07:41.828 [main] DEBUG io.netty.util.Recycler - -Dio.netty.recycler.chunkSize: 32
18:07:41.828 [main] DEBUG io.netty.util.Recycler - -Dio.netty.recycler.blocking: false
18:07:41.828 [main] DEBUG io.netty.util.Recycler - -Dio.netty.recycler.batchFastThreadLocalOnly: true
18:07:41.828 [main] DEBUG io.netty.util.internal.PlatformDependent - org.jctools-core.MpscChunkedArrayQueue: available
]]></system-out>
  </testcase>
  <testcase name="test05" classname="io.netty.handler.codec.http.multipart.AbstractDiskHttpData_ESTest" time="0.017">
    <system-out><![CDATA[18:07:41.834 [main] DEBUG io.netty.util.internal.logging.InternalLoggerFactory - Using SLF4J as the default logging framework
18:07:41.834 [main] DEBUG io.netty.util.internal.PlatformDependent0 - -Dio.netty.noUnsafe: false
18:07:41.834 [main] DEBUG io.netty.util.internal.PlatformDependent0 - Java version: 8
18:07:41.834 [main] DEBUG io.netty.util.internal.PlatformDependent0 - sun.misc.Unsafe.theUnsafe: available
18:07:41.834 [main] DEBUG io.netty.util.internal.PlatformDependent0 - sun.misc.Unsafe.copyMemory: available
18:07:41.834 [main] DEBUG io.netty.util.internal.PlatformDependent0 - sun.misc.Unsafe.storeFence: available
18:07:41.834 [main] DEBUG io.netty.util.internal.PlatformDependent0 - java.nio.Buffer.address: available
18:07:41.834 [main] DEBUG io.netty.util.internal.PlatformDependent0 - direct buffer constructor: available
18:07:41.834 [main] DEBUG io.netty.util.internal.PlatformDependent0 - java.nio.Bits.unaligned: available, true
18:07:41.834 [main] DEBUG io.netty.util.internal.PlatformDependent0 - jdk.internal.misc.Unsafe.allocateUninitializedArray(int): unavailable prior to Java9
18:07:41.835 [main] DEBUG io.netty.util.internal.PlatformDependent0 - java.nio.DirectByteBuffer.<init>(long, {int,long}): available
18:07:41.835 [main] DEBUG io.netty.util.internal.CleanerJava6 - java.nio.ByteBuffer.cleaner(): available
18:07:41.835 [main] DEBUG io.netty.util.internal.PlatformDependent - sun.misc.Unsafe: available
18:07:41.835 [main] DEBUG io.netty.util.internal.PlatformDependent - -Dio.netty.tmpdir: /tmp (java.io.tmpdir)
18:07:41.835 [main] DEBUG io.netty.util.internal.PlatformDependent - -Dio.netty.bitMode: 64 (sun.arch.data.model)
18:07:41.835 [main] DEBUG io.netty.util.internal.PlatformDependent - -Dio.netty.maxDirectMemory: 11420041216 bytes
18:07:41.835 [main] DEBUG io.netty.util.internal.PlatformDependent - -Dio.netty.uninitializedArrayAllocationThreshold: -1
18:07:41.835 [main] DEBUG io.netty.util.internal.PlatformDependent - -Dio.netty.noPreferDirect: false
18:07:41.836 [main] DEBUG io.netty.util.internal.CleanerJava9 - java.nio.ByteBuffer.cleaner(): unavailable
java.lang.NoSuchMethodException: sun.misc.Unsafe.invokeCleaner(java.nio.ByteBuffer)
	at java.lang.Class.getDeclaredMethod(Class.java:2130)
	at io.netty.util.internal.CleanerJava9$1.run(CleanerJava9.java:45)
	at java.security.AccessController.doPrivileged(Native Method)
	at io.netty.util.internal.CleanerJava9.__STATIC_RESET(CleanerJava9.java:40)
	at sun.reflect.GeneratedMethodAccessor27.invoke(Unknown Source)
	at sun.reflect.DelegatingMethodAccessorImpl.invoke(DelegatingMethodAccessorImpl.java:43)
	at java.lang.reflect.Method.invoke(Method.java:498)
	at org.evosuite.runtime.classhandling.ClassResetter.reset(ClassResetter.java:159)
	at org.evosuite.runtime.classhandling.ClassStateSupport.resetClasses(ClassStateSupport.java:137)
	at io.netty.handler.codec.http.multipart.AbstractDiskHttpData_ESTest_scaffolding.resetClasses(AbstractDiskHttpData_ESTest_scaffolding.java:318)
	at io.netty.handler.codec.http.multipart.AbstractDiskHttpData_ESTest_scaffolding.doneWithTestCase(AbstractDiskHttpData_ESTest_scaffolding.java:74)
	at sun.reflect.GeneratedMethodAccessor6.invoke(Unknown Source)
	at sun.reflect.DelegatingMethodAccessorImpl.invoke(DelegatingMethodAccessorImpl.java:43)
	at java.lang.reflect.Method.invoke(Method.java:498)
	at org.junit.runners.model.FrameworkMethod$1.runReflectiveCall(FrameworkMethod.java:59)
	at org.junit.internal.runners.model.ReflectiveCallable.run(ReflectiveCallable.java:12)
	at org.junit.runners.model.FrameworkMethod.invokeExplosively(FrameworkMethod.java:56)
	at org.junit.internal.runners.statements.RunAfters.invokeMethod(RunAfters.java:46)
	at org.junit.internal.runners.statements.RunAfters.evaluate(RunAfters.java:33)
	at org.evosuite.runtime.vnet.NonFunctionalRequirementRule$1.evaluate(NonFunctionalRequirementRule.java:41)
	at org.junit.runners.ParentRunner$3.evaluate(ParentRunner.java:306)
	at org.junit.runners.BlockJUnit4ClassRunner$1.evaluate(BlockJUnit4ClassRunner.java:100)
	at org.junit.runners.ParentRunner.runLeaf(ParentRunner.java:366)
	at org.junit.runners.BlockJUnit4ClassRunner.runChild(BlockJUnit4ClassRunner.java:103)
	at org.junit.runners.BlockJUnit4ClassRunner.runChild(BlockJUnit4ClassRunner.java:63)
	at org.junit.runners.ParentRunner$4.run(ParentRunner.java:331)
	at org.junit.runners.ParentRunner$1.schedule(ParentRunner.java:79)
	at org.junit.runners.ParentRunner.runChildren(ParentRunner.java:329)
	at org.junit.runners.ParentRunner.access$100(ParentRunner.java:66)
	at org.junit.runners.ParentRunner$2.evaluate(ParentRunner.java:293)
	at org.junit.internal.runners.statements.RunBefores.evaluate(RunBefores.java:26)
	at org.junit.internal.runners.statements.RunAfters.evaluate(RunAfters.java:27)
	at org.junit.runners.ParentRunner$3.evaluate(ParentRunner.java:306)
	at org.junit.runners.ParentRunner.run(ParentRunner.java:413)
	at org.apache.maven.surefire.junit4.JUnit4Provider.execute(JUnit4Provider.java:316)
	at org.apache.maven.surefire.junit4.JUnit4Provider.executeWithRerun(JUnit4Provider.java:240)
	at org.apache.maven.surefire.junit4.JUnit4Provider.executeTestSet(JUnit4Provider.java:214)
	at org.apache.maven.surefire.junit4.JUnit4Provider.invoke(JUnit4Provider.java:155)
	at org.apache.maven.surefire.booter.ForkedBooter.runSuitesInProcess(ForkedBooter.java:385)
	at org.apache.maven.surefire.booter.ForkedBooter.execute(ForkedBooter.java:162)
	at org.apache.maven.surefire.booter.ForkedBooter.run(ForkedBooter.java:507)
	at org.apache.maven.surefire.booter.ForkedBooter.main(ForkedBooter.java:495)
18:07:41.836 [main] DEBUG io.netty.util.ResourceLeakDetector - -Dio.netty.leakDetection.level: simple
18:07:41.836 [main] DEBUG io.netty.util.ResourceLeakDetector - -Dio.netty.leakDetection.targetRecords: 4
18:07:41.836 [main] DEBUG io.netty.buffer.AbstractByteBuf - -Dio.netty.buffer.checkAccessible: true
18:07:41.836 [main] DEBUG io.netty.buffer.AbstractByteBuf - -Dio.netty.buffer.checkBounds: true
18:07:41.836 [main] DEBUG io.netty.util.ResourceLeakDetectorFactory - Loaded default ResourceLeakDetector: io.netty.util.ResourceLeakDetector@5
18:07:41.837 [main] DEBUG io.netty.util.internal.InternalThreadLocalMap - -Dio.netty.threadLocalMap.stringBuilder.initialSize: 1024
18:07:41.837 [main] DEBUG io.netty.util.internal.InternalThreadLocalMap - -Dio.netty.threadLocalMap.stringBuilder.maxSize: 4096
18:07:41.837 [main] DEBUG io.netty.buffer.PooledByteBufAllocator - -Dio.netty.allocator.numHeapArenas: 0
18:07:41.837 [main] DEBUG io.netty.buffer.PooledByteBufAllocator - -Dio.netty.allocator.numDirectArenas: 2
18:07:41.837 [main] DEBUG io.netty.buffer.PooledByteBufAllocator - -Dio.netty.allocator.pageSize: 8192
18:07:41.837 [main] DEBUG io.netty.buffer.PooledByteBufAllocator - -Dio.netty.allocator.maxOrder: 9
18:07:41.837 [main] DEBUG io.netty.buffer.PooledByteBufAllocator - -Dio.netty.allocator.chunkSize: 4194304
18:07:41.837 [main] DEBUG io.netty.buffer.PooledByteBufAllocator - -Dio.netty.allocator.smallCacheSize: 256
18:07:41.837 [main] DEBUG io.netty.buffer.PooledByteBufAllocator - -Dio.netty.allocator.normalCacheSize: 64
18:07:41.837 [main] DEBUG io.netty.buffer.PooledByteBufAllocator - -Dio.netty.allocator.maxCachedBufferCapacity: 32768
18:07:41.837 [main] DEBUG io.netty.buffer.PooledByteBufAllocator - -Dio.netty.allocator.cacheTrimInterval: 8192
18:07:41.837 [main] DEBUG io.netty.buffer.PooledByteBufAllocator - -Dio.netty.allocator.cacheTrimIntervalMillis: 0
18:07:41.837 [main] DEBUG io.netty.buffer.PooledByteBufAllocator - -Dio.netty.allocator.useCacheForAllThreads: false
18:07:41.837 [main] DEBUG io.netty.buffer.PooledByteBufAllocator - -Dio.netty.allocator.maxCachedByteBuffersPerChunk: 1023
18:07:41.837 [main] DEBUG io.netty.buffer.ByteBufUtil - -Dio.netty.allocator.type: pooled
18:07:41.837 [main] DEBUG io.netty.buffer.ByteBufUtil - -Dio.netty.threadLocalDirectBufferSize: 0
18:07:41.837 [main] DEBUG io.netty.buffer.ByteBufUtil - -Dio.netty.maxThreadLocalCharBufferSize: 16384
18:07:41.838 [main] DEBUG io.netty.util.Recycler - -Dio.netty.recycler.maxCapacityPerThread: 4096
18:07:41.838 [main] DEBUG io.netty.util.Recycler - -Dio.netty.recycler.ratio: 8
18:07:41.838 [main] DEBUG io.netty.util.Recycler - -Dio.netty.recycler.chunkSize: 32
18:07:41.838 [main] DEBUG io.netty.util.Recycler - -Dio.netty.recycler.blocking: false
18:07:41.838 [main] DEBUG io.netty.util.Recycler - -Dio.netty.recycler.batchFastThreadLocalOnly: true
18:07:41.838 [main] DEBUG io.netty.util.internal.PlatformDependent - org.jctools-core.MpscChunkedArrayQueue: available
]]></system-out>
  </testcase>
  <testcase name="test49" classname="io.netty.handler.codec.http.multipart.AbstractDiskHttpData_ESTest" time="0.018">
    <system-out><![CDATA[18:07:41.845 [main] DEBUG io.netty.util.internal.logging.InternalLoggerFactory - Using SLF4J as the default logging framework
18:07:41.845 [main] DEBUG io.netty.util.internal.PlatformDependent0 - -Dio.netty.noUnsafe: false
18:07:41.846 [main] DEBUG io.netty.util.internal.PlatformDependent0 - Java version: 8
18:07:41.846 [main] DEBUG io.netty.util.internal.PlatformDependent0 - sun.misc.Unsafe.theUnsafe: available
18:07:41.846 [main] DEBUG io.netty.util.internal.PlatformDependent0 - sun.misc.Unsafe.copyMemory: available
18:07:41.846 [main] DEBUG io.netty.util.internal.PlatformDependent0 - sun.misc.Unsafe.storeFence: available
18:07:41.846 [main] DEBUG io.netty.util.internal.PlatformDependent0 - java.nio.Buffer.address: available
18:07:41.846 [main] DEBUG io.netty.util.internal.PlatformDependent0 - direct buffer constructor: available
18:07:41.846 [main] DEBUG io.netty.util.internal.PlatformDependent0 - java.nio.Bits.unaligned: available, true
18:07:41.846 [main] DEBUG io.netty.util.internal.PlatformDependent0 - jdk.internal.misc.Unsafe.allocateUninitializedArray(int): unavailable prior to Java9
18:07:41.846 [main] DEBUG io.netty.util.internal.PlatformDependent0 - java.nio.DirectByteBuffer.<init>(long, {int,long}): available
18:07:41.846 [main] DEBUG io.netty.util.internal.CleanerJava6 - java.nio.ByteBuffer.cleaner(): available
18:07:41.846 [main] DEBUG io.netty.util.internal.PlatformDependent - sun.misc.Unsafe: available
18:07:41.846 [main] DEBUG io.netty.util.internal.PlatformDependent - -Dio.netty.tmpdir: /tmp (java.io.tmpdir)
18:07:41.846 [main] DEBUG io.netty.util.internal.PlatformDependent - -Dio.netty.bitMode: 64 (sun.arch.data.model)
18:07:41.846 [main] DEBUG io.netty.util.internal.PlatformDependent - -Dio.netty.maxDirectMemory: 11420041216 bytes
18:07:41.846 [main] DEBUG io.netty.util.internal.PlatformDependent - -Dio.netty.uninitializedArrayAllocationThreshold: -1
18:07:41.846 [main] DEBUG io.netty.util.internal.PlatformDependent - -Dio.netty.noPreferDirect: false
18:07:41.846 [main] DEBUG io.netty.util.internal.CleanerJava9 - java.nio.ByteBuffer.cleaner(): unavailable
java.lang.NoSuchMethodException: sun.misc.Unsafe.invokeCleaner(java.nio.ByteBuffer)
	at java.lang.Class.getDeclaredMethod(Class.java:2130)
	at io.netty.util.internal.CleanerJava9$1.run(CleanerJava9.java:45)
	at java.security.AccessController.doPrivileged(Native Method)
	at io.netty.util.internal.CleanerJava9.__STATIC_RESET(CleanerJava9.java:40)
	at sun.reflect.GeneratedMethodAccessor27.invoke(Unknown Source)
	at sun.reflect.DelegatingMethodAccessorImpl.invoke(DelegatingMethodAccessorImpl.java:43)
	at java.lang.reflect.Method.invoke(Method.java:498)
	at org.evosuite.runtime.classhandling.ClassResetter.reset(ClassResetter.java:159)
	at org.evosuite.runtime.classhandling.ClassStateSupport.resetClasses(ClassStateSupport.java:137)
	at io.netty.handler.codec.http.multipart.AbstractDiskHttpData_ESTest_scaffolding.resetClasses(AbstractDiskHttpData_ESTest_scaffolding.java:318)
	at io.netty.handler.codec.http.multipart.AbstractDiskHttpData_ESTest_scaffolding.doneWithTestCase(AbstractDiskHttpData_ESTest_scaffolding.java:74)
	at sun.reflect.GeneratedMethodAccessor6.invoke(Unknown Source)
	at sun.reflect.DelegatingMethodAccessorImpl.invoke(DelegatingMethodAccessorImpl.java:43)
	at java.lang.reflect.Method.invoke(Method.java:498)
	at org.junit.runners.model.FrameworkMethod$1.runReflectiveCall(FrameworkMethod.java:59)
	at org.junit.internal.runners.model.ReflectiveCallable.run(ReflectiveCallable.java:12)
	at org.junit.runners.model.FrameworkMethod.invokeExplosively(FrameworkMethod.java:56)
	at org.junit.internal.runners.statements.RunAfters.invokeMethod(RunAfters.java:46)
	at org.junit.internal.runners.statements.RunAfters.evaluate(RunAfters.java:33)
	at org.evosuite.runtime.vnet.NonFunctionalRequirementRule$1.evaluate(NonFunctionalRequirementRule.java:41)
	at org.junit.runners.ParentRunner$3.evaluate(ParentRunner.java:306)
	at org.junit.runners.BlockJUnit4ClassRunner$1.evaluate(BlockJUnit4ClassRunner.java:100)
	at org.junit.runners.ParentRunner.runLeaf(ParentRunner.java:366)
	at org.junit.runners.BlockJUnit4ClassRunner.runChild(BlockJUnit4ClassRunner.java:103)
	at org.junit.runners.BlockJUnit4ClassRunner.runChild(BlockJUnit4ClassRunner.java:63)
	at org.junit.runners.ParentRunner$4.run(ParentRunner.java:331)
	at org.junit.runners.ParentRunner$1.schedule(ParentRunner.java:79)
	at org.junit.runners.ParentRunner.runChildren(ParentRunner.java:329)
	at org.junit.runners.ParentRunner.access$100(ParentRunner.java:66)
	at org.junit.runners.ParentRunner$2.evaluate(ParentRunner.java:293)
	at org.junit.internal.runners.statements.RunBefores.evaluate(RunBefores.java:26)
	at org.junit.internal.runners.statements.RunAfters.evaluate(RunAfters.java:27)
	at org.junit.runners.ParentRunner$3.evaluate(ParentRunner.java:306)
	at org.junit.runners.ParentRunner.run(ParentRunner.java:413)
	at org.apache.maven.surefire.junit4.JUnit4Provider.execute(JUnit4Provider.java:316)
	at org.apache.maven.surefire.junit4.JUnit4Provider.executeWithRerun(JUnit4Provider.java:240)
	at org.apache.maven.surefire.junit4.JUnit4Provider.executeTestSet(JUnit4Provider.java:214)
	at org.apache.maven.surefire.junit4.JUnit4Provider.invoke(JUnit4Provider.java:155)
	at org.apache.maven.surefire.booter.ForkedBooter.runSuitesInProcess(ForkedBooter.java:385)
	at org.apache.maven.surefire.booter.ForkedBooter.execute(ForkedBooter.java:162)
	at org.apache.maven.surefire.booter.ForkedBooter.run(ForkedBooter.java:507)
	at org.apache.maven.surefire.booter.ForkedBooter.main(ForkedBooter.java:495)
18:07:41.847 [main] DEBUG io.netty.util.ResourceLeakDetector - -Dio.netty.leakDetection.level: simple
18:07:41.847 [main] DEBUG io.netty.util.ResourceLeakDetector - -Dio.netty.leakDetection.targetRecords: 4
18:07:41.847 [main] DEBUG io.netty.buffer.AbstractByteBuf - -Dio.netty.buffer.checkAccessible: true
18:07:41.847 [main] DEBUG io.netty.buffer.AbstractByteBuf - -Dio.netty.buffer.checkBounds: true
18:07:41.847 [main] DEBUG io.netty.util.ResourceLeakDetectorFactory - Loaded default ResourceLeakDetector: io.netty.util.ResourceLeakDetector@5
18:07:41.848 [main] DEBUG io.netty.util.internal.InternalThreadLocalMap - -Dio.netty.threadLocalMap.stringBuilder.initialSize: 1024
18:07:41.848 [main] DEBUG io.netty.util.internal.InternalThreadLocalMap - -Dio.netty.threadLocalMap.stringBuilder.maxSize: 4096
18:07:41.848 [main] DEBUG io.netty.buffer.PooledByteBufAllocator - -Dio.netty.allocator.numHeapArenas: 0
18:07:41.848 [main] DEBUG io.netty.buffer.PooledByteBufAllocator - -Dio.netty.allocator.numDirectArenas: 2
18:07:41.848 [main] DEBUG io.netty.buffer.PooledByteBufAllocator - -Dio.netty.allocator.pageSize: 8192
18:07:41.848 [main] DEBUG io.netty.buffer.PooledByteBufAllocator - -Dio.netty.allocator.maxOrder: 9
18:07:41.848 [main] DEBUG io.netty.buffer.PooledByteBufAllocator - -Dio.netty.allocator.chunkSize: 4194304
18:07:41.848 [main] DEBUG io.netty.buffer.PooledByteBufAllocator - -Dio.netty.allocator.smallCacheSize: 256
18:07:41.848 [main] DEBUG io.netty.buffer.PooledByteBufAllocator - -Dio.netty.allocator.normalCacheSize: 64
18:07:41.848 [main] DEBUG io.netty.buffer.PooledByteBufAllocator - -Dio.netty.allocator.maxCachedBufferCapacity: 32768
18:07:41.848 [main] DEBUG io.netty.buffer.PooledByteBufAllocator - -Dio.netty.allocator.cacheTrimInterval: 8192
18:07:41.848 [main] DEBUG io.netty.buffer.PooledByteBufAllocator - -Dio.netty.allocator.cacheTrimIntervalMillis: 0
18:07:41.848 [main] DEBUG io.netty.buffer.PooledByteBufAllocator - -Dio.netty.allocator.useCacheForAllThreads: false
18:07:41.848 [main] DEBUG io.netty.buffer.PooledByteBufAllocator - -Dio.netty.allocator.maxCachedByteBuffersPerChunk: 1023
18:07:41.848 [main] DEBUG io.netty.buffer.ByteBufUtil - -Dio.netty.allocator.type: pooled
18:07:41.848 [main] DEBUG io.netty.buffer.ByteBufUtil - -Dio.netty.threadLocalDirectBufferSize: 0
18:07:41.848 [main] DEBUG io.netty.buffer.ByteBufUtil - -Dio.netty.maxThreadLocalCharBufferSize: 16384
18:07:41.849 [main] DEBUG io.netty.util.Recycler - -Dio.netty.recycler.maxCapacityPerThread: 4096
18:07:41.849 [main] DEBUG io.netty.util.Recycler - -Dio.netty.recycler.ratio: 8
18:07:41.849 [main] DEBUG io.netty.util.Recycler - -Dio.netty.recycler.chunkSize: 32
18:07:41.849 [main] DEBUG io.netty.util.Recycler - -Dio.netty.recycler.blocking: false
18:07:41.849 [main] DEBUG io.netty.util.Recycler - -Dio.netty.recycler.batchFastThreadLocalOnly: true
18:07:41.849 [main] DEBUG io.netty.util.internal.PlatformDependent - org.jctools-core.MpscChunkedArrayQueue: available
]]></system-out>
  </testcase>
  <testcase name="test04" classname="io.netty.handler.codec.http.multipart.AbstractDiskHttpData_ESTest" time="0.015">
    <system-out><![CDATA[18:07:41.855 [main] DEBUG io.netty.util.internal.logging.InternalLoggerFactory - Using SLF4J as the default logging framework
18:07:41.855 [main] DEBUG io.netty.util.internal.PlatformDependent0 - -Dio.netty.noUnsafe: false
18:07:41.855 [main] DEBUG io.netty.util.internal.PlatformDependent0 - Java version: 8
18:07:41.855 [main] DEBUG io.netty.util.internal.PlatformDependent0 - sun.misc.Unsafe.theUnsafe: available
18:07:41.855 [main] DEBUG io.netty.util.internal.PlatformDependent0 - sun.misc.Unsafe.copyMemory: available
18:07:41.855 [main] DEBUG io.netty.util.internal.PlatformDependent0 - sun.misc.Unsafe.storeFence: available
18:07:41.855 [main] DEBUG io.netty.util.internal.PlatformDependent0 - java.nio.Buffer.address: available
18:07:41.855 [main] DEBUG io.netty.util.internal.PlatformDependent0 - direct buffer constructor: available
18:07:41.855 [main] DEBUG io.netty.util.internal.PlatformDependent0 - java.nio.Bits.unaligned: available, true
18:07:41.855 [main] DEBUG io.netty.util.internal.PlatformDependent0 - jdk.internal.misc.Unsafe.allocateUninitializedArray(int): unavailable prior to Java9
18:07:41.855 [main] DEBUG io.netty.util.internal.PlatformDependent0 - java.nio.DirectByteBuffer.<init>(long, {int,long}): available
18:07:41.855 [main] DEBUG io.netty.util.internal.CleanerJava6 - java.nio.ByteBuffer.cleaner(): available
18:07:41.855 [main] DEBUG io.netty.util.internal.PlatformDependent - sun.misc.Unsafe: available
18:07:41.855 [main] DEBUG io.netty.util.internal.PlatformDependent - -Dio.netty.tmpdir: /tmp (java.io.tmpdir)
18:07:41.855 [main] DEBUG io.netty.util.internal.PlatformDependent - -Dio.netty.bitMode: 64 (sun.arch.data.model)
18:07:41.855 [main] DEBUG io.netty.util.internal.PlatformDependent - -Dio.netty.maxDirectMemory: 11420041216 bytes
18:07:41.855 [main] DEBUG io.netty.util.internal.PlatformDependent - -Dio.netty.uninitializedArrayAllocationThreshold: -1
18:07:41.855 [main] DEBUG io.netty.util.internal.PlatformDependent - -Dio.netty.noPreferDirect: false
18:07:41.856 [main] DEBUG io.netty.util.internal.CleanerJava9 - java.nio.ByteBuffer.cleaner(): unavailable
java.lang.NoSuchMethodException: sun.misc.Unsafe.invokeCleaner(java.nio.ByteBuffer)
	at java.lang.Class.getDeclaredMethod(Class.java:2130)
	at io.netty.util.internal.CleanerJava9$1.run(CleanerJava9.java:45)
	at java.security.AccessController.doPrivileged(Native Method)
	at io.netty.util.internal.CleanerJava9.__STATIC_RESET(CleanerJava9.java:40)
	at sun.reflect.GeneratedMethodAccessor27.invoke(Unknown Source)
	at sun.reflect.DelegatingMethodAccessorImpl.invoke(DelegatingMethodAccessorImpl.java:43)
	at java.lang.reflect.Method.invoke(Method.java:498)
	at org.evosuite.runtime.classhandling.ClassResetter.reset(ClassResetter.java:159)
	at org.evosuite.runtime.classhandling.ClassStateSupport.resetClasses(ClassStateSupport.java:137)
	at io.netty.handler.codec.http.multipart.AbstractDiskHttpData_ESTest_scaffolding.resetClasses(AbstractDiskHttpData_ESTest_scaffolding.java:318)
	at io.netty.handler.codec.http.multipart.AbstractDiskHttpData_ESTest_scaffolding.doneWithTestCase(AbstractDiskHttpData_ESTest_scaffolding.java:74)
	at sun.reflect.GeneratedMethodAccessor6.invoke(Unknown Source)
	at sun.reflect.DelegatingMethodAccessorImpl.invoke(DelegatingMethodAccessorImpl.java:43)
	at java.lang.reflect.Method.invoke(Method.java:498)
	at org.junit.runners.model.FrameworkMethod$1.runReflectiveCall(FrameworkMethod.java:59)
	at org.junit.internal.runners.model.ReflectiveCallable.run(ReflectiveCallable.java:12)
	at org.junit.runners.model.FrameworkMethod.invokeExplosively(FrameworkMethod.java:56)
	at org.junit.internal.runners.statements.RunAfters.invokeMethod(RunAfters.java:46)
	at org.junit.internal.runners.statements.RunAfters.evaluate(RunAfters.java:33)
	at org.evosuite.runtime.vnet.NonFunctionalRequirementRule$1.evaluate(NonFunctionalRequirementRule.java:41)
	at org.junit.runners.ParentRunner$3.evaluate(ParentRunner.java:306)
	at org.junit.runners.BlockJUnit4ClassRunner$1.evaluate(BlockJUnit4ClassRunner.java:100)
	at org.junit.runners.ParentRunner.runLeaf(ParentRunner.java:366)
	at org.junit.runners.BlockJUnit4ClassRunner.runChild(BlockJUnit4ClassRunner.java:103)
	at org.junit.runners.BlockJUnit4ClassRunner.runChild(BlockJUnit4ClassRunner.java:63)
	at org.junit.runners.ParentRunner$4.run(ParentRunner.java:331)
	at org.junit.runners.ParentRunner$1.schedule(ParentRunner.java:79)
	at org.junit.runners.ParentRunner.runChildren(ParentRunner.java:329)
	at org.junit.runners.ParentRunner.access$100(ParentRunner.java:66)
	at org.junit.runners.ParentRunner$2.evaluate(ParentRunner.java:293)
	at org.junit.internal.runners.statements.RunBefores.evaluate(RunBefores.java:26)
	at org.junit.internal.runners.statements.RunAfters.evaluate(RunAfters.java:27)
	at org.junit.runners.ParentRunner$3.evaluate(ParentRunner.java:306)
	at org.junit.runners.ParentRunner.run(ParentRunner.java:413)
	at org.apache.maven.surefire.junit4.JUnit4Provider.execute(JUnit4Provider.java:316)
	at org.apache.maven.surefire.junit4.JUnit4Provider.executeWithRerun(JUnit4Provider.java:240)
	at org.apache.maven.surefire.junit4.JUnit4Provider.executeTestSet(JUnit4Provider.java:214)
	at org.apache.maven.surefire.junit4.JUnit4Provider.invoke(JUnit4Provider.java:155)
	at org.apache.maven.surefire.booter.ForkedBooter.runSuitesInProcess(ForkedBooter.java:385)
	at org.apache.maven.surefire.booter.ForkedBooter.execute(ForkedBooter.java:162)
	at org.apache.maven.surefire.booter.ForkedBooter.run(ForkedBooter.java:507)
	at org.apache.maven.surefire.booter.ForkedBooter.main(ForkedBooter.java:495)
18:07:41.856 [main] DEBUG io.netty.util.ResourceLeakDetector - -Dio.netty.leakDetection.level: simple
18:07:41.856 [main] DEBUG io.netty.util.ResourceLeakDetector - -Dio.netty.leakDetection.targetRecords: 4
18:07:41.856 [main] DEBUG io.netty.buffer.AbstractByteBuf - -Dio.netty.buffer.checkAccessible: true
18:07:41.856 [main] DEBUG io.netty.buffer.AbstractByteBuf - -Dio.netty.buffer.checkBounds: true
18:07:41.856 [main] DEBUG io.netty.util.ResourceLeakDetectorFactory - Loaded default ResourceLeakDetector: io.netty.util.ResourceLeakDetector@5
18:07:41.857 [main] DEBUG io.netty.util.internal.InternalThreadLocalMap - -Dio.netty.threadLocalMap.stringBuilder.initialSize: 1024
18:07:41.857 [main] DEBUG io.netty.util.internal.InternalThreadLocalMap - -Dio.netty.threadLocalMap.stringBuilder.maxSize: 4096
18:07:41.857 [main] DEBUG io.netty.buffer.PooledByteBufAllocator - -Dio.netty.allocator.numHeapArenas: 0
18:07:41.857 [main] DEBUG io.netty.buffer.PooledByteBufAllocator - -Dio.netty.allocator.numDirectArenas: 2
18:07:41.857 [main] DEBUG io.netty.buffer.PooledByteBufAllocator - -Dio.netty.allocator.pageSize: 8192
18:07:41.857 [main] DEBUG io.netty.buffer.PooledByteBufAllocator - -Dio.netty.allocator.maxOrder: 9
18:07:41.857 [main] DEBUG io.netty.buffer.PooledByteBufAllocator - -Dio.netty.allocator.chunkSize: 4194304
18:07:41.857 [main] DEBUG io.netty.buffer.PooledByteBufAllocator - -Dio.netty.allocator.smallCacheSize: 256
18:07:41.857 [main] DEBUG io.netty.buffer.PooledByteBufAllocator - -Dio.netty.allocator.normalCacheSize: 64
18:07:41.857 [main] DEBUG io.netty.buffer.PooledByteBufAllocator - -Dio.netty.allocator.maxCachedBufferCapacity: 32768
18:07:41.857 [main] DEBUG io.netty.buffer.PooledByteBufAllocator - -Dio.netty.allocator.cacheTrimInterval: 8192
18:07:41.857 [main] DEBUG io.netty.buffer.PooledByteBufAllocator - -Dio.netty.allocator.cacheTrimIntervalMillis: 0
18:07:41.857 [main] DEBUG io.netty.buffer.PooledByteBufAllocator - -Dio.netty.allocator.useCacheForAllThreads: false
18:07:41.857 [main] DEBUG io.netty.buffer.PooledByteBufAllocator - -Dio.netty.allocator.maxCachedByteBuffersPerChunk: 1023
18:07:41.857 [main] DEBUG io.netty.buffer.ByteBufUtil - -Dio.netty.allocator.type: pooled
18:07:41.857 [main] DEBUG io.netty.buffer.ByteBufUtil - -Dio.netty.threadLocalDirectBufferSize: 0
18:07:41.857 [main] DEBUG io.netty.buffer.ByteBufUtil - -Dio.netty.maxThreadLocalCharBufferSize: 16384
18:07:41.858 [main] DEBUG io.netty.util.Recycler - -Dio.netty.recycler.maxCapacityPerThread: 4096
18:07:41.858 [main] DEBUG io.netty.util.Recycler - -Dio.netty.recycler.ratio: 8
18:07:41.858 [main] DEBUG io.netty.util.Recycler - -Dio.netty.recycler.chunkSize: 32
18:07:41.858 [main] DEBUG io.netty.util.Recycler - -Dio.netty.recycler.blocking: false
18:07:41.858 [main] DEBUG io.netty.util.Recycler - -Dio.netty.recycler.batchFastThreadLocalOnly: true
18:07:41.858 [main] DEBUG io.netty.util.internal.PlatformDependent - org.jctools-core.MpscChunkedArrayQueue: available
]]></system-out>
  </testcase>
  <testcase name="test48" classname="io.netty.handler.codec.http.multipart.AbstractDiskHttpData_ESTest" time="0.021">
    <system-out><![CDATA[18:07:41.865 [main] DEBUG io.netty.util.internal.logging.InternalLoggerFactory - Using SLF4J as the default logging framework
18:07:41.866 [main] DEBUG io.netty.util.internal.PlatformDependent0 - -Dio.netty.noUnsafe: false
18:07:41.866 [main] DEBUG io.netty.util.internal.PlatformDependent0 - Java version: 8
18:07:41.866 [main] DEBUG io.netty.util.internal.PlatformDependent0 - sun.misc.Unsafe.theUnsafe: available
18:07:41.866 [main] DEBUG io.netty.util.internal.PlatformDependent0 - sun.misc.Unsafe.copyMemory: available
18:07:41.866 [main] DEBUG io.netty.util.internal.PlatformDependent0 - sun.misc.Unsafe.storeFence: available
18:07:41.866 [main] DEBUG io.netty.util.internal.PlatformDependent0 - java.nio.Buffer.address: available
18:07:41.866 [main] DEBUG io.netty.util.internal.PlatformDependent0 - direct buffer constructor: available
18:07:41.866 [main] DEBUG io.netty.util.internal.PlatformDependent0 - java.nio.Bits.unaligned: available, true
18:07:41.866 [main] DEBUG io.netty.util.internal.PlatformDependent0 - jdk.internal.misc.Unsafe.allocateUninitializedArray(int): unavailable prior to Java9
18:07:41.866 [main] DEBUG io.netty.util.internal.PlatformDependent0 - java.nio.DirectByteBuffer.<init>(long, {int,long}): available
18:07:41.866 [main] DEBUG io.netty.util.internal.CleanerJava6 - java.nio.ByteBuffer.cleaner(): available
18:07:41.866 [main] DEBUG io.netty.util.internal.PlatformDependent - sun.misc.Unsafe: available
18:07:41.866 [main] DEBUG io.netty.util.internal.PlatformDependent - -Dio.netty.tmpdir: /tmp (java.io.tmpdir)
18:07:41.866 [main] DEBUG io.netty.util.internal.PlatformDependent - -Dio.netty.bitMode: 64 (sun.arch.data.model)
18:07:41.866 [main] DEBUG io.netty.util.internal.PlatformDependent - -Dio.netty.maxDirectMemory: 11420041216 bytes
18:07:41.866 [main] DEBUG io.netty.util.internal.PlatformDependent - -Dio.netty.uninitializedArrayAllocationThreshold: -1
18:07:41.866 [main] DEBUG io.netty.util.internal.PlatformDependent - -Dio.netty.noPreferDirect: false
18:07:41.867 [main] DEBUG io.netty.util.internal.CleanerJava9 - java.nio.ByteBuffer.cleaner(): unavailable
java.lang.NoSuchMethodException: sun.misc.Unsafe.invokeCleaner(java.nio.ByteBuffer)
	at java.lang.Class.getDeclaredMethod(Class.java:2130)
	at io.netty.util.internal.CleanerJava9$1.run(CleanerJava9.java:45)
	at java.security.AccessController.doPrivileged(Native Method)
	at io.netty.util.internal.CleanerJava9.__STATIC_RESET(CleanerJava9.java:40)
	at sun.reflect.GeneratedMethodAccessor27.invoke(Unknown Source)
	at sun.reflect.DelegatingMethodAccessorImpl.invoke(DelegatingMethodAccessorImpl.java:43)
	at java.lang.reflect.Method.invoke(Method.java:498)
	at org.evosuite.runtime.classhandling.ClassResetter.reset(ClassResetter.java:159)
	at org.evosuite.runtime.classhandling.ClassStateSupport.resetClasses(ClassStateSupport.java:137)
	at io.netty.handler.codec.http.multipart.AbstractDiskHttpData_ESTest_scaffolding.resetClasses(AbstractDiskHttpData_ESTest_scaffolding.java:318)
	at io.netty.handler.codec.http.multipart.AbstractDiskHttpData_ESTest_scaffolding.doneWithTestCase(AbstractDiskHttpData_ESTest_scaffolding.java:74)
	at sun.reflect.GeneratedMethodAccessor6.invoke(Unknown Source)
	at sun.reflect.DelegatingMethodAccessorImpl.invoke(DelegatingMethodAccessorImpl.java:43)
	at java.lang.reflect.Method.invoke(Method.java:498)
	at org.junit.runners.model.FrameworkMethod$1.runReflectiveCall(FrameworkMethod.java:59)
	at org.junit.internal.runners.model.ReflectiveCallable.run(ReflectiveCallable.java:12)
	at org.junit.runners.model.FrameworkMethod.invokeExplosively(FrameworkMethod.java:56)
	at org.junit.internal.runners.statements.RunAfters.invokeMethod(RunAfters.java:46)
	at org.junit.internal.runners.statements.RunAfters.evaluate(RunAfters.java:33)
	at org.evosuite.runtime.vnet.NonFunctionalRequirementRule$1.evaluate(NonFunctionalRequirementRule.java:41)
	at org.junit.runners.ParentRunner$3.evaluate(ParentRunner.java:306)
	at org.junit.runners.BlockJUnit4ClassRunner$1.evaluate(BlockJUnit4ClassRunner.java:100)
	at org.junit.runners.ParentRunner.runLeaf(ParentRunner.java:366)
	at org.junit.runners.BlockJUnit4ClassRunner.runChild(BlockJUnit4ClassRunner.java:103)
	at org.junit.runners.BlockJUnit4ClassRunner.runChild(BlockJUnit4ClassRunner.java:63)
	at org.junit.runners.ParentRunner$4.run(ParentRunner.java:331)
	at org.junit.runners.ParentRunner$1.schedule(ParentRunner.java:79)
	at org.junit.runners.ParentRunner.runChildren(ParentRunner.java:329)
	at org.junit.runners.ParentRunner.access$100(ParentRunner.java:66)
	at org.junit.runners.ParentRunner$2.evaluate(ParentRunner.java:293)
	at org.junit.internal.runners.statements.RunBefores.evaluate(RunBefores.java:26)
	at org.junit.internal.runners.statements.RunAfters.evaluate(RunAfters.java:27)
	at org.junit.runners.ParentRunner$3.evaluate(ParentRunner.java:306)
	at org.junit.runners.ParentRunner.run(ParentRunner.java:413)
	at org.apache.maven.surefire.junit4.JUnit4Provider.execute(JUnit4Provider.java:316)
	at org.apache.maven.surefire.junit4.JUnit4Provider.executeWithRerun(JUnit4Provider.java:240)
	at org.apache.maven.surefire.junit4.JUnit4Provider.executeTestSet(JUnit4Provider.java:214)
	at org.apache.maven.surefire.junit4.JUnit4Provider.invoke(JUnit4Provider.java:155)
	at org.apache.maven.surefire.booter.ForkedBooter.runSuitesInProcess(ForkedBooter.java:385)
	at org.apache.maven.surefire.booter.ForkedBooter.execute(ForkedBooter.java:162)
	at org.apache.maven.surefire.booter.ForkedBooter.run(ForkedBooter.java:507)
	at org.apache.maven.surefire.booter.ForkedBooter.main(ForkedBooter.java:495)
18:07:41.867 [main] DEBUG io.netty.util.ResourceLeakDetector - -Dio.netty.leakDetection.level: simple
18:07:41.867 [main] DEBUG io.netty.util.ResourceLeakDetector - -Dio.netty.leakDetection.targetRecords: 4
18:07:41.867 [main] DEBUG io.netty.buffer.AbstractByteBuf - -Dio.netty.buffer.checkAccessible: true
18:07:41.867 [main] DEBUG io.netty.buffer.AbstractByteBuf - -Dio.netty.buffer.checkBounds: true
18:07:41.867 [main] DEBUG io.netty.util.ResourceLeakDetectorFactory - Loaded default ResourceLeakDetector: io.netty.util.ResourceLeakDetector@5
18:07:41.868 [main] DEBUG io.netty.util.internal.InternalThreadLocalMap - -Dio.netty.threadLocalMap.stringBuilder.initialSize: 1024
18:07:41.868 [main] DEBUG io.netty.util.internal.InternalThreadLocalMap - -Dio.netty.threadLocalMap.stringBuilder.maxSize: 4096
18:07:41.868 [main] DEBUG io.netty.buffer.PooledByteBufAllocator - -Dio.netty.allocator.numHeapArenas: 0
18:07:41.868 [main] DEBUG io.netty.buffer.PooledByteBufAllocator - -Dio.netty.allocator.numDirectArenas: 2
18:07:41.868 [main] DEBUG io.netty.buffer.PooledByteBufAllocator - -Dio.netty.allocator.pageSize: 8192
18:07:41.868 [main] DEBUG io.netty.buffer.PooledByteBufAllocator - -Dio.netty.allocator.maxOrder: 9
18:07:41.868 [main] DEBUG io.netty.buffer.PooledByteBufAllocator - -Dio.netty.allocator.chunkSize: 4194304
18:07:41.868 [main] DEBUG io.netty.buffer.PooledByteBufAllocator - -Dio.netty.allocator.smallCacheSize: 256
18:07:41.868 [main] DEBUG io.netty.buffer.PooledByteBufAllocator - -Dio.netty.allocator.normalCacheSize: 64
18:07:41.868 [main] DEBUG io.netty.buffer.PooledByteBufAllocator - -Dio.netty.allocator.maxCachedBufferCapacity: 32768
18:07:41.868 [main] DEBUG io.netty.buffer.PooledByteBufAllocator - -Dio.netty.allocator.cacheTrimInterval: 8192
18:07:41.868 [main] DEBUG io.netty.buffer.PooledByteBufAllocator - -Dio.netty.allocator.cacheTrimIntervalMillis: 0
18:07:41.868 [main] DEBUG io.netty.buffer.PooledByteBufAllocator - -Dio.netty.allocator.useCacheForAllThreads: false
18:07:41.868 [main] DEBUG io.netty.buffer.PooledByteBufAllocator - -Dio.netty.allocator.maxCachedByteBuffersPerChunk: 1023
18:07:41.868 [main] DEBUG io.netty.buffer.ByteBufUtil - -Dio.netty.allocator.type: pooled
18:07:41.868 [main] DEBUG io.netty.buffer.ByteBufUtil - -Dio.netty.threadLocalDirectBufferSize: 0
18:07:41.868 [main] DEBUG io.netty.buffer.ByteBufUtil - -Dio.netty.maxThreadLocalCharBufferSize: 16384
18:07:41.869 [main] DEBUG io.netty.util.Recycler - -Dio.netty.recycler.maxCapacityPerThread: 4096
18:07:41.869 [main] DEBUG io.netty.util.Recycler - -Dio.netty.recycler.ratio: 8
18:07:41.869 [main] DEBUG io.netty.util.Recycler - -Dio.netty.recycler.chunkSize: 32
18:07:41.869 [main] DEBUG io.netty.util.Recycler - -Dio.netty.recycler.blocking: false
18:07:41.869 [main] DEBUG io.netty.util.Recycler - -Dio.netty.recycler.batchFastThreadLocalOnly: true
18:07:41.869 [main] DEBUG io.netty.util.internal.PlatformDependent - org.jctools-core.MpscChunkedArrayQueue: available
]]></system-out>
  </testcase>
  <testcase name="test07" classname="io.netty.handler.codec.http.multipart.AbstractDiskHttpData_ESTest" time="0.017">
    <system-out><![CDATA[18:07:41.882 [main] DEBUG io.netty.util.internal.logging.InternalLoggerFactory - Using SLF4J as the default logging framework
18:07:41.882 [main] DEBUG io.netty.util.internal.PlatformDependent0 - -Dio.netty.noUnsafe: false
18:07:41.882 [main] DEBUG io.netty.util.internal.PlatformDependent0 - Java version: 8
18:07:41.882 [main] DEBUG io.netty.util.internal.PlatformDependent0 - sun.misc.Unsafe.theUnsafe: available
18:07:41.882 [main] DEBUG io.netty.util.internal.PlatformDependent0 - sun.misc.Unsafe.copyMemory: available
18:07:41.882 [main] DEBUG io.netty.util.internal.PlatformDependent0 - sun.misc.Unsafe.storeFence: available
18:07:41.882 [main] DEBUG io.netty.util.internal.PlatformDependent0 - java.nio.Buffer.address: available
18:07:41.882 [main] DEBUG io.netty.util.internal.PlatformDependent0 - direct buffer constructor: available
18:07:41.882 [main] DEBUG io.netty.util.internal.PlatformDependent0 - java.nio.Bits.unaligned: available, true
18:07:41.882 [main] DEBUG io.netty.util.internal.PlatformDependent0 - jdk.internal.misc.Unsafe.allocateUninitializedArray(int): unavailable prior to Java9
18:07:41.882 [main] DEBUG io.netty.util.internal.PlatformDependent0 - java.nio.DirectByteBuffer.<init>(long, {int,long}): available
18:07:41.883 [main] DEBUG io.netty.util.internal.CleanerJava6 - java.nio.ByteBuffer.cleaner(): available
18:07:41.883 [main] DEBUG io.netty.util.internal.PlatformDependent - sun.misc.Unsafe: available
18:07:41.883 [main] DEBUG io.netty.util.internal.PlatformDependent - -Dio.netty.tmpdir: /tmp (java.io.tmpdir)
18:07:41.883 [main] DEBUG io.netty.util.internal.PlatformDependent - -Dio.netty.bitMode: 64 (sun.arch.data.model)
18:07:41.883 [main] DEBUG io.netty.util.internal.PlatformDependent - -Dio.netty.maxDirectMemory: 11420041216 bytes
18:07:41.883 [main] DEBUG io.netty.util.internal.PlatformDependent - -Dio.netty.uninitializedArrayAllocationThreshold: -1
18:07:41.883 [main] DEBUG io.netty.util.internal.PlatformDependent - -Dio.netty.noPreferDirect: false
18:07:41.883 [main] DEBUG io.netty.util.internal.CleanerJava9 - java.nio.ByteBuffer.cleaner(): unavailable
java.lang.NoSuchMethodException: sun.misc.Unsafe.invokeCleaner(java.nio.ByteBuffer)
	at java.lang.Class.getDeclaredMethod(Class.java:2130)
	at io.netty.util.internal.CleanerJava9$1.run(CleanerJava9.java:45)
	at java.security.AccessController.doPrivileged(Native Method)
	at io.netty.util.internal.CleanerJava9.__STATIC_RESET(CleanerJava9.java:40)
	at sun.reflect.GeneratedMethodAccessor27.invoke(Unknown Source)
	at sun.reflect.DelegatingMethodAccessorImpl.invoke(DelegatingMethodAccessorImpl.java:43)
	at java.lang.reflect.Method.invoke(Method.java:498)
	at org.evosuite.runtime.classhandling.ClassResetter.reset(ClassResetter.java:159)
	at org.evosuite.runtime.classhandling.ClassStateSupport.resetClasses(ClassStateSupport.java:137)
	at io.netty.handler.codec.http.multipart.AbstractDiskHttpData_ESTest_scaffolding.resetClasses(AbstractDiskHttpData_ESTest_scaffolding.java:318)
	at io.netty.handler.codec.http.multipart.AbstractDiskHttpData_ESTest_scaffolding.doneWithTestCase(AbstractDiskHttpData_ESTest_scaffolding.java:74)
	at sun.reflect.GeneratedMethodAccessor6.invoke(Unknown Source)
	at sun.reflect.DelegatingMethodAccessorImpl.invoke(DelegatingMethodAccessorImpl.java:43)
	at java.lang.reflect.Method.invoke(Method.java:498)
	at org.junit.runners.model.FrameworkMethod$1.runReflectiveCall(FrameworkMethod.java:59)
	at org.junit.internal.runners.model.ReflectiveCallable.run(ReflectiveCallable.java:12)
	at org.junit.runners.model.FrameworkMethod.invokeExplosively(FrameworkMethod.java:56)
	at org.junit.internal.runners.statements.RunAfters.invokeMethod(RunAfters.java:46)
	at org.junit.internal.runners.statements.RunAfters.evaluate(RunAfters.java:33)
	at org.evosuite.runtime.vnet.NonFunctionalRequirementRule$1.evaluate(NonFunctionalRequirementRule.java:41)
	at org.junit.runners.ParentRunner$3.evaluate(ParentRunner.java:306)
	at org.junit.runners.BlockJUnit4ClassRunner$1.evaluate(BlockJUnit4ClassRunner.java:100)
	at org.junit.runners.ParentRunner.runLeaf(ParentRunner.java:366)
	at org.junit.runners.BlockJUnit4ClassRunner.runChild(BlockJUnit4ClassRunner.java:103)
	at org.junit.runners.BlockJUnit4ClassRunner.runChild(BlockJUnit4ClassRunner.java:63)
	at org.junit.runners.ParentRunner$4.run(ParentRunner.java:331)
	at org.junit.runners.ParentRunner$1.schedule(ParentRunner.java:79)
	at org.junit.runners.ParentRunner.runChildren(ParentRunner.java:329)
	at org.junit.runners.ParentRunner.access$100(ParentRunner.java:66)
	at org.junit.runners.ParentRunner$2.evaluate(ParentRunner.java:293)
	at org.junit.internal.runners.statements.RunBefores.evaluate(RunBefores.java:26)
	at org.junit.internal.runners.statements.RunAfters.evaluate(RunAfters.java:27)
	at org.junit.runners.ParentRunner$3.evaluate(ParentRunner.java:306)
	at org.junit.runners.ParentRunner.run(ParentRunner.java:413)
	at org.apache.maven.surefire.junit4.JUnit4Provider.execute(JUnit4Provider.java:316)
	at org.apache.maven.surefire.junit4.JUnit4Provider.executeWithRerun(JUnit4Provider.java:240)
	at org.apache.maven.surefire.junit4.JUnit4Provider.executeTestSet(JUnit4Provider.java:214)
	at org.apache.maven.surefire.junit4.JUnit4Provider.invoke(JUnit4Provider.java:155)
	at org.apache.maven.surefire.booter.ForkedBooter.runSuitesInProcess(ForkedBooter.java:385)
	at org.apache.maven.surefire.booter.ForkedBooter.execute(ForkedBooter.java:162)
	at org.apache.maven.surefire.booter.ForkedBooter.run(ForkedBooter.java:507)
	at org.apache.maven.surefire.booter.ForkedBooter.main(ForkedBooter.java:495)
18:07:41.883 [main] DEBUG io.netty.util.ResourceLeakDetector - -Dio.netty.leakDetection.level: simple
18:07:41.883 [main] DEBUG io.netty.util.ResourceLeakDetector - -Dio.netty.leakDetection.targetRecords: 4
18:07:41.884 [main] DEBUG io.netty.buffer.AbstractByteBuf - -Dio.netty.buffer.checkAccessible: true
18:07:41.884 [main] DEBUG io.netty.buffer.AbstractByteBuf - -Dio.netty.buffer.checkBounds: true
18:07:41.884 [main] DEBUG io.netty.util.ResourceLeakDetectorFactory - Loaded default ResourceLeakDetector: io.netty.util.ResourceLeakDetector@5
18:07:41.884 [main] DEBUG io.netty.util.internal.InternalThreadLocalMap - -Dio.netty.threadLocalMap.stringBuilder.initialSize: 1024
18:07:41.884 [main] DEBUG io.netty.util.internal.InternalThreadLocalMap - -Dio.netty.threadLocalMap.stringBuilder.maxSize: 4096
18:07:41.884 [main] DEBUG io.netty.buffer.PooledByteBufAllocator - -Dio.netty.allocator.numHeapArenas: 0
18:07:41.884 [main] DEBUG io.netty.buffer.PooledByteBufAllocator - -Dio.netty.allocator.numDirectArenas: 2
18:07:41.884 [main] DEBUG io.netty.buffer.PooledByteBufAllocator - -Dio.netty.allocator.pageSize: 8192
18:07:41.884 [main] DEBUG io.netty.buffer.PooledByteBufAllocator - -Dio.netty.allocator.maxOrder: 9
18:07:41.884 [main] DEBUG io.netty.buffer.PooledByteBufAllocator - -Dio.netty.allocator.chunkSize: 4194304
18:07:41.884 [main] DEBUG io.netty.buffer.PooledByteBufAllocator - -Dio.netty.allocator.smallCacheSize: 256
18:07:41.884 [main] DEBUG io.netty.buffer.PooledByteBufAllocator - -Dio.netty.allocator.normalCacheSize: 64
18:07:41.884 [main] DEBUG io.netty.buffer.PooledByteBufAllocator - -Dio.netty.allocator.maxCachedBufferCapacity: 32768
18:07:41.884 [main] DEBUG io.netty.buffer.PooledByteBufAllocator - -Dio.netty.allocator.cacheTrimInterval: 8192
18:07:41.884 [main] DEBUG io.netty.buffer.PooledByteBufAllocator - -Dio.netty.allocator.cacheTrimIntervalMillis: 0
18:07:41.884 [main] DEBUG io.netty.buffer.PooledByteBufAllocator - -Dio.netty.allocator.useCacheForAllThreads: false
18:07:41.884 [main] DEBUG io.netty.buffer.PooledByteBufAllocator - -Dio.netty.allocator.maxCachedByteBuffersPerChunk: 1023
18:07:41.884 [main] DEBUG io.netty.buffer.ByteBufUtil - -Dio.netty.allocator.type: pooled
18:07:41.884 [main] DEBUG io.netty.buffer.ByteBufUtil - -Dio.netty.threadLocalDirectBufferSize: 0
18:07:41.884 [main] DEBUG io.netty.buffer.ByteBufUtil - -Dio.netty.maxThreadLocalCharBufferSize: 16384
18:07:41.884 [main] DEBUG io.netty.util.Recycler - -Dio.netty.recycler.maxCapacityPerThread: 4096
18:07:41.884 [main] DEBUG io.netty.util.Recycler - -Dio.netty.recycler.ratio: 8
18:07:41.884 [main] DEBUG io.netty.util.Recycler - -Dio.netty.recycler.chunkSize: 32
18:07:41.884 [main] DEBUG io.netty.util.Recycler - -Dio.netty.recycler.blocking: false
18:07:41.884 [main] DEBUG io.netty.util.Recycler - -Dio.netty.recycler.batchFastThreadLocalOnly: true
18:07:41.884 [main] DEBUG io.netty.util.internal.PlatformDependent - org.jctools-core.MpscChunkedArrayQueue: available
]]></system-out>
  </testcase>
  <testcase name="test06" classname="io.netty.handler.codec.http.multipart.AbstractDiskHttpData_ESTest" time="0.017">
    <system-out><![CDATA[18:07:41.888 [main] DEBUG io.netty.util.internal.logging.InternalLoggerFactory - Using SLF4J as the default logging framework
18:07:41.888 [main] DEBUG io.netty.util.internal.PlatformDependent0 - -Dio.netty.noUnsafe: false
18:07:41.888 [main] DEBUG io.netty.util.internal.PlatformDependent0 - Java version: 8
18:07:41.888 [main] DEBUG io.netty.util.internal.PlatformDependent0 - sun.misc.Unsafe.theUnsafe: available
18:07:41.888 [main] DEBUG io.netty.util.internal.PlatformDependent0 - sun.misc.Unsafe.copyMemory: available
18:07:41.888 [main] DEBUG io.netty.util.internal.PlatformDependent0 - sun.misc.Unsafe.storeFence: available
18:07:41.888 [main] DEBUG io.netty.util.internal.PlatformDependent0 - java.nio.Buffer.address: available
18:07:41.888 [main] DEBUG io.netty.util.internal.PlatformDependent0 - direct buffer constructor: available
18:07:41.888 [main] DEBUG io.netty.util.internal.PlatformDependent0 - java.nio.Bits.unaligned: available, true
18:07:41.888 [main] DEBUG io.netty.util.internal.PlatformDependent0 - jdk.internal.misc.Unsafe.allocateUninitializedArray(int): unavailable prior to Java9
18:07:41.888 [main] DEBUG io.netty.util.internal.PlatformDependent0 - java.nio.DirectByteBuffer.<init>(long, {int,long}): available
18:07:41.888 [main] DEBUG io.netty.util.internal.CleanerJava6 - java.nio.ByteBuffer.cleaner(): available
18:07:41.888 [main] DEBUG io.netty.util.internal.PlatformDependent - sun.misc.Unsafe: available
18:07:41.888 [main] DEBUG io.netty.util.internal.PlatformDependent - -Dio.netty.tmpdir: /tmp (java.io.tmpdir)
18:07:41.888 [main] DEBUG io.netty.util.internal.PlatformDependent - -Dio.netty.bitMode: 64 (sun.arch.data.model)
18:07:41.888 [main] DEBUG io.netty.util.internal.PlatformDependent - -Dio.netty.maxDirectMemory: 11420041216 bytes
18:07:41.888 [main] DEBUG io.netty.util.internal.PlatformDependent - -Dio.netty.uninitializedArrayAllocationThreshold: -1
18:07:41.888 [main] DEBUG io.netty.util.internal.PlatformDependent - -Dio.netty.noPreferDirect: false
18:07:41.889 [main] DEBUG io.netty.util.internal.CleanerJava9 - java.nio.ByteBuffer.cleaner(): unavailable
java.lang.NoSuchMethodException: sun.misc.Unsafe.invokeCleaner(java.nio.ByteBuffer)
	at java.lang.Class.getDeclaredMethod(Class.java:2130)
	at io.netty.util.internal.CleanerJava9$1.run(CleanerJava9.java:45)
	at java.security.AccessController.doPrivileged(Native Method)
	at io.netty.util.internal.CleanerJava9.__STATIC_RESET(CleanerJava9.java:40)
	at sun.reflect.GeneratedMethodAccessor27.invoke(Unknown Source)
	at sun.reflect.DelegatingMethodAccessorImpl.invoke(DelegatingMethodAccessorImpl.java:43)
	at java.lang.reflect.Method.invoke(Method.java:498)
	at org.evosuite.runtime.classhandling.ClassResetter.reset(ClassResetter.java:159)
	at org.evosuite.runtime.classhandling.ClassStateSupport.resetClasses(ClassStateSupport.java:137)
	at io.netty.handler.codec.http.multipart.AbstractDiskHttpData_ESTest_scaffolding.resetClasses(AbstractDiskHttpData_ESTest_scaffolding.java:318)
	at io.netty.handler.codec.http.multipart.AbstractDiskHttpData_ESTest_scaffolding.doneWithTestCase(AbstractDiskHttpData_ESTest_scaffolding.java:74)
	at sun.reflect.GeneratedMethodAccessor6.invoke(Unknown Source)
	at sun.reflect.DelegatingMethodAccessorImpl.invoke(DelegatingMethodAccessorImpl.java:43)
	at java.lang.reflect.Method.invoke(Method.java:498)
	at org.junit.runners.model.FrameworkMethod$1.runReflectiveCall(FrameworkMethod.java:59)
	at org.junit.internal.runners.model.ReflectiveCallable.run(ReflectiveCallable.java:12)
	at org.junit.runners.model.FrameworkMethod.invokeExplosively(FrameworkMethod.java:56)
	at org.junit.internal.runners.statements.RunAfters.invokeMethod(RunAfters.java:46)
	at org.junit.internal.runners.statements.RunAfters.evaluate(RunAfters.java:33)
	at org.evosuite.runtime.vnet.NonFunctionalRequirementRule$1.evaluate(NonFunctionalRequirementRule.java:41)
	at org.junit.runners.ParentRunner$3.evaluate(ParentRunner.java:306)
	at org.junit.runners.BlockJUnit4ClassRunner$1.evaluate(BlockJUnit4ClassRunner.java:100)
	at org.junit.runners.ParentRunner.runLeaf(ParentRunner.java:366)
	at org.junit.runners.BlockJUnit4ClassRunner.runChild(BlockJUnit4ClassRunner.java:103)
	at org.junit.runners.BlockJUnit4ClassRunner.runChild(BlockJUnit4ClassRunner.java:63)
	at org.junit.runners.ParentRunner$4.run(ParentRunner.java:331)
	at org.junit.runners.ParentRunner$1.schedule(ParentRunner.java:79)
	at org.junit.runners.ParentRunner.runChildren(ParentRunner.java:329)
	at org.junit.runners.ParentRunner.access$100(ParentRunner.java:66)
	at org.junit.runners.ParentRunner$2.evaluate(ParentRunner.java:293)
	at org.junit.internal.runners.statements.RunBefores.evaluate(RunBefores.java:26)
	at org.junit.internal.runners.statements.RunAfters.evaluate(RunAfters.java:27)
	at org.junit.runners.ParentRunner$3.evaluate(ParentRunner.java:306)
	at org.junit.runners.ParentRunner.run(ParentRunner.java:413)
	at org.apache.maven.surefire.junit4.JUnit4Provider.execute(JUnit4Provider.java:316)
	at org.apache.maven.surefire.junit4.JUnit4Provider.executeWithRerun(JUnit4Provider.java:240)
	at org.apache.maven.surefire.junit4.JUnit4Provider.executeTestSet(JUnit4Provider.java:214)
	at org.apache.maven.surefire.junit4.JUnit4Provider.invoke(JUnit4Provider.java:155)
	at org.apache.maven.surefire.booter.ForkedBooter.runSuitesInProcess(ForkedBooter.java:385)
	at org.apache.maven.surefire.booter.ForkedBooter.execute(ForkedBooter.java:162)
	at org.apache.maven.surefire.booter.ForkedBooter.run(ForkedBooter.java:507)
	at org.apache.maven.surefire.booter.ForkedBooter.main(ForkedBooter.java:495)
18:07:41.889 [main] DEBUG io.netty.util.ResourceLeakDetector - -Dio.netty.leakDetection.level: simple
18:07:41.889 [main] DEBUG io.netty.util.ResourceLeakDetector - -Dio.netty.leakDetection.targetRecords: 4
18:07:41.889 [main] DEBUG io.netty.buffer.AbstractByteBuf - -Dio.netty.buffer.checkAccessible: true
18:07:41.889 [main] DEBUG io.netty.buffer.AbstractByteBuf - -Dio.netty.buffer.checkBounds: true
18:07:41.889 [main] DEBUG io.netty.util.ResourceLeakDetectorFactory - Loaded default ResourceLeakDetector: io.netty.util.ResourceLeakDetector@5
18:07:41.889 [main] DEBUG io.netty.util.internal.InternalThreadLocalMap - -Dio.netty.threadLocalMap.stringBuilder.initialSize: 1024
18:07:41.889 [main] DEBUG io.netty.util.internal.InternalThreadLocalMap - -Dio.netty.threadLocalMap.stringBuilder.maxSize: 4096
18:07:41.889 [main] DEBUG io.netty.buffer.PooledByteBufAllocator - -Dio.netty.allocator.numHeapArenas: 0
18:07:41.890 [main] DEBUG io.netty.buffer.PooledByteBufAllocator - -Dio.netty.allocator.numDirectArenas: 2
18:07:41.890 [main] DEBUG io.netty.buffer.PooledByteBufAllocator - -Dio.netty.allocator.pageSize: 8192
18:07:41.890 [main] DEBUG io.netty.buffer.PooledByteBufAllocator - -Dio.netty.allocator.maxOrder: 9
18:07:41.890 [main] DEBUG io.netty.buffer.PooledByteBufAllocator - -Dio.netty.allocator.chunkSize: 4194304
18:07:41.890 [main] DEBUG io.netty.buffer.PooledByteBufAllocator - -Dio.netty.allocator.smallCacheSize: 256
18:07:41.890 [main] DEBUG io.netty.buffer.PooledByteBufAllocator - -Dio.netty.allocator.normalCacheSize: 64
18:07:41.890 [main] DEBUG io.netty.buffer.PooledByteBufAllocator - -Dio.netty.allocator.maxCachedBufferCapacity: 32768
18:07:41.890 [main] DEBUG io.netty.buffer.PooledByteBufAllocator - -Dio.netty.allocator.cacheTrimInterval: 8192
18:07:41.890 [main] DEBUG io.netty.buffer.PooledByteBufAllocator - -Dio.netty.allocator.cacheTrimIntervalMillis: 0
18:07:41.890 [main] DEBUG io.netty.buffer.PooledByteBufAllocator - -Dio.netty.allocator.useCacheForAllThreads: false
18:07:41.890 [main] DEBUG io.netty.buffer.PooledByteBufAllocator - -Dio.netty.allocator.maxCachedByteBuffersPerChunk: 1023
18:07:41.890 [main] DEBUG io.netty.buffer.ByteBufUtil - -Dio.netty.allocator.type: pooled
18:07:41.890 [main] DEBUG io.netty.buffer.ByteBufUtil - -Dio.netty.threadLocalDirectBufferSize: 0
18:07:41.890 [main] DEBUG io.netty.buffer.ByteBufUtil - -Dio.netty.maxThreadLocalCharBufferSize: 16384
18:07:41.891 [main] DEBUG io.netty.util.Recycler - -Dio.netty.recycler.maxCapacityPerThread: 4096
18:07:41.891 [main] DEBUG io.netty.util.Recycler - -Dio.netty.recycler.ratio: 8
18:07:41.891 [main] DEBUG io.netty.util.Recycler - -Dio.netty.recycler.chunkSize: 32
18:07:41.891 [main] DEBUG io.netty.util.Recycler - -Dio.netty.recycler.blocking: false
18:07:41.891 [main] DEBUG io.netty.util.Recycler - -Dio.netty.recycler.batchFastThreadLocalOnly: true
18:07:41.891 [main] DEBUG io.netty.util.internal.PlatformDependent - org.jctools-core.MpscChunkedArrayQueue: available
]]></system-out>
  </testcase>
  <testcase name="test09" classname="io.netty.handler.codec.http.multipart.AbstractDiskHttpData_ESTest" time="0.022">
    <system-out><![CDATA[18:07:41.895 [Time-limited test] INFO org.evosuite.runtime.instrumentation.EvoClassLoader - Seeing class for first time: io.netty.handler.codec.http.multipart.AbstractDiskHttpData_ESTest$5
18:07:41.895 [Time-limited test] INFO org.evosuite.runtime.instrumentation.EvoClassLoader - Instrumenting class 'io.netty.handler.codec.http.multipart.AbstractDiskHttpData_ESTest$5'.
18:07:41.896 [Time-limited test] INFO org.evosuite.runtime.instrumentation.EvoClassLoader - Keeping class: io.netty.handler.codec.http.multipart.AbstractDiskHttpData_ESTest$5
18:07:41.912 [pool-2-thread-1] DEBUG org.evosuite.runtime.sandbox.MSecurityManager - Security manager blocks permission ("java.io.FilePermission" "/tmp/Attr_6538313464871875489_-1306833067" "write")
java.lang.Thread.getStackTrace(Thread.java:1564)
org.evosuite.runtime.sandbox.MSecurityManager.checkPermission(MSecurityManager.java:424)
java.lang.SecurityManager.checkWrite(SecurityManager.java:979)
sun.nio.fs.UnixChannelFactory.open(UnixChannelFactory.java:247)
sun.nio.fs.UnixChannelFactory.newFileChannel(UnixChannelFactory.java:136)
sun.nio.fs.UnixChannelFactory.newFileChannel(UnixChannelFactory.java:148)
sun.nio.fs.UnixFileSystemProvider.newByteChannel(UnixFileSystemProvider.java:212)
java.nio.file.Files.newByteChannel(Files.java:361)
java.nio.file.Files.createFile(Files.java:632)
java.nio.file.TempFileHelper.create(TempFileHelper.java:138)
java.nio.file.TempFileHelper.createTempFile(TempFileHelper.java:161)
java.nio.file.Files.createTempFile(Files.java:897)
io.netty.util.internal.PlatformDependent.createTempFile(PlatformDependent.java:1499)
io.netty.handler.codec.http.multipart.AbstractDiskHttpData.tempFile(AbstractDiskHttpData.java:92)
io.netty.handler.codec.http.multipart.AbstractDiskHttpData.setContent(AbstractDiskHttpData.java:114)
io.netty.handler.codec.http.multipart.DiskAttribute.replace(DiskAttribute.java:240)
io.netty.handler.codec.http.multipart.DiskAttribute.copy(DiskAttribute.java:205)
io.netty.handler.codec.http.multipart.AbstractDiskHttpData_ESTest$5.run(AbstractDiskHttpData_ESTest.java:255)
java.util.concurrent.Executors$RunnableAdapter.call(Executors.java:511)
java.util.concurrent.FutureTask.run(FutureTask.java:266)
java.util.concurrent.ThreadPoolExecutor.runWorker(ThreadPoolExecutor.java:1149)
java.util.concurrent.ThreadPoolExecutor$Worker.run(ThreadPoolExecutor.java:624)
java.lang.Thread.run(Thread.java:750)

18:07:41.913 [main] DEBUG io.netty.util.internal.logging.InternalLoggerFactory - Using SLF4J as the default logging framework
18:07:41.913 [main] DEBUG io.netty.util.internal.PlatformDependent0 - -Dio.netty.noUnsafe: false
18:07:41.913 [main] DEBUG io.netty.util.internal.PlatformDependent0 - Java version: 8
18:07:41.913 [main] DEBUG io.netty.util.internal.PlatformDependent0 - sun.misc.Unsafe.theUnsafe: available
18:07:41.913 [main] DEBUG io.netty.util.internal.PlatformDependent0 - sun.misc.Unsafe.copyMemory: available
18:07:41.913 [main] DEBUG io.netty.util.internal.PlatformDependent0 - sun.misc.Unsafe.storeFence: available
18:07:41.913 [main] DEBUG io.netty.util.internal.PlatformDependent0 - java.nio.Buffer.address: available
18:07:41.913 [main] DEBUG io.netty.util.internal.PlatformDependent0 - direct buffer constructor: available
18:07:41.914 [main] DEBUG io.netty.util.internal.PlatformDependent0 - java.nio.Bits.unaligned: available, true
18:07:41.914 [main] DEBUG io.netty.util.internal.PlatformDependent0 - jdk.internal.misc.Unsafe.allocateUninitializedArray(int): unavailable prior to Java9
18:07:41.914 [main] DEBUG io.netty.util.internal.PlatformDependent0 - java.nio.DirectByteBuffer.<init>(long, {int,long}): available
18:07:41.914 [main] DEBUG io.netty.util.internal.CleanerJava6 - java.nio.ByteBuffer.cleaner(): available
18:07:41.914 [main] DEBUG io.netty.util.internal.PlatformDependent - sun.misc.Unsafe: available
18:07:41.914 [main] DEBUG io.netty.util.internal.PlatformDependent - -Dio.netty.tmpdir: /tmp (java.io.tmpdir)
18:07:41.914 [main] DEBUG io.netty.util.internal.PlatformDependent - -Dio.netty.bitMode: 64 (sun.arch.data.model)
18:07:41.914 [main] DEBUG io.netty.util.internal.PlatformDependent - -Dio.netty.maxDirectMemory: 11420041216 bytes
18:07:41.914 [main] DEBUG io.netty.util.internal.PlatformDependent - -Dio.netty.uninitializedArrayAllocationThreshold: -1
18:07:41.914 [main] DEBUG io.netty.util.internal.PlatformDependent - -Dio.netty.noPreferDirect: false
18:07:41.914 [main] DEBUG io.netty.util.internal.CleanerJava9 - java.nio.ByteBuffer.cleaner(): unavailable
java.lang.NoSuchMethodException: sun.misc.Unsafe.invokeCleaner(java.nio.ByteBuffer)
	at java.lang.Class.getDeclaredMethod(Class.java:2130)
	at io.netty.util.internal.CleanerJava9$1.run(CleanerJava9.java:45)
	at java.security.AccessController.doPrivileged(Native Method)
	at io.netty.util.internal.CleanerJava9.__STATIC_RESET(CleanerJava9.java:40)
	at sun.reflect.GeneratedMethodAccessor27.invoke(Unknown Source)
	at sun.reflect.DelegatingMethodAccessorImpl.invoke(DelegatingMethodAccessorImpl.java:43)
	at java.lang.reflect.Method.invoke(Method.java:498)
	at org.evosuite.runtime.classhandling.ClassResetter.reset(ClassResetter.java:159)
	at org.evosuite.runtime.classhandling.ClassStateSupport.resetClasses(ClassStateSupport.java:137)
	at io.netty.handler.codec.http.multipart.AbstractDiskHttpData_ESTest_scaffolding.resetClasses(AbstractDiskHttpData_ESTest_scaffolding.java:318)
	at io.netty.handler.codec.http.multipart.AbstractDiskHttpData_ESTest_scaffolding.doneWithTestCase(AbstractDiskHttpData_ESTest_scaffolding.java:74)
	at sun.reflect.GeneratedMethodAccessor6.invoke(Unknown Source)
	at sun.reflect.DelegatingMethodAccessorImpl.invoke(DelegatingMethodAccessorImpl.java:43)
	at java.lang.reflect.Method.invoke(Method.java:498)
	at org.junit.runners.model.FrameworkMethod$1.runReflectiveCall(FrameworkMethod.java:59)
	at org.junit.internal.runners.model.ReflectiveCallable.run(ReflectiveCallable.java:12)
	at org.junit.runners.model.FrameworkMethod.invokeExplosively(FrameworkMethod.java:56)
	at org.junit.internal.runners.statements.RunAfters.invokeMethod(RunAfters.java:46)
	at org.junit.internal.runners.statements.RunAfters.evaluate(RunAfters.java:33)
	at org.evosuite.runtime.vnet.NonFunctionalRequirementRule$1.evaluate(NonFunctionalRequirementRule.java:41)
	at org.junit.runners.ParentRunner$3.evaluate(ParentRunner.java:306)
	at org.junit.runners.BlockJUnit4ClassRunner$1.evaluate(BlockJUnit4ClassRunner.java:100)
	at org.junit.runners.ParentRunner.runLeaf(ParentRunner.java:366)
	at org.junit.runners.BlockJUnit4ClassRunner.runChild(BlockJUnit4ClassRunner.java:103)
	at org.junit.runners.BlockJUnit4ClassRunner.runChild(BlockJUnit4ClassRunner.java:63)
	at org.junit.runners.ParentRunner$4.run(ParentRunner.java:331)
	at org.junit.runners.ParentRunner$1.schedule(ParentRunner.java:79)
	at org.junit.runners.ParentRunner.runChildren(ParentRunner.java:329)
	at org.junit.runners.ParentRunner.access$100(ParentRunner.java:66)
	at org.junit.runners.ParentRunner$2.evaluate(ParentRunner.java:293)
	at org.junit.internal.runners.statements.RunBefores.evaluate(RunBefores.java:26)
	at org.junit.internal.runners.statements.RunAfters.evaluate(RunAfters.java:27)
	at org.junit.runners.ParentRunner$3.evaluate(ParentRunner.java:306)
	at org.junit.runners.ParentRunner.run(ParentRunner.java:413)
	at org.apache.maven.surefire.junit4.JUnit4Provider.execute(JUnit4Provider.java:316)
	at org.apache.maven.surefire.junit4.JUnit4Provider.executeWithRerun(JUnit4Provider.java:240)
	at org.apache.maven.surefire.junit4.JUnit4Provider.executeTestSet(JUnit4Provider.java:214)
	at org.apache.maven.surefire.junit4.JUnit4Provider.invoke(JUnit4Provider.java:155)
	at org.apache.maven.surefire.booter.ForkedBooter.runSuitesInProcess(ForkedBooter.java:385)
	at org.apache.maven.surefire.booter.ForkedBooter.execute(ForkedBooter.java:162)
	at org.apache.maven.surefire.booter.ForkedBooter.run(ForkedBooter.java:507)
	at org.apache.maven.surefire.booter.ForkedBooter.main(ForkedBooter.java:495)
18:07:41.914 [main] DEBUG io.netty.util.ResourceLeakDetector - -Dio.netty.leakDetection.level: simple
18:07:41.914 [main] DEBUG io.netty.util.ResourceLeakDetector - -Dio.netty.leakDetection.targetRecords: 4
18:07:41.914 [main] DEBUG io.netty.buffer.AbstractByteBuf - -Dio.netty.buffer.checkAccessible: true
18:07:41.914 [main] DEBUG io.netty.buffer.AbstractByteBuf - -Dio.netty.buffer.checkBounds: true
18:07:41.914 [main] DEBUG io.netty.util.ResourceLeakDetectorFactory - Loaded default ResourceLeakDetector: io.netty.util.ResourceLeakDetector@5
18:07:41.915 [main] DEBUG io.netty.util.internal.InternalThreadLocalMap - -Dio.netty.threadLocalMap.stringBuilder.initialSize: 1024
18:07:41.915 [main] DEBUG io.netty.util.internal.InternalThreadLocalMap - -Dio.netty.threadLocalMap.stringBuilder.maxSize: 4096
18:07:41.915 [main] DEBUG io.netty.buffer.PooledByteBufAllocator - -Dio.netty.allocator.numHeapArenas: 0
18:07:41.915 [main] DEBUG io.netty.buffer.PooledByteBufAllocator - -Dio.netty.allocator.numDirectArenas: 2
18:07:41.915 [main] DEBUG io.netty.buffer.PooledByteBufAllocator - -Dio.netty.allocator.pageSize: 8192
18:07:41.915 [main] DEBUG io.netty.buffer.PooledByteBufAllocator - -Dio.netty.allocator.maxOrder: 9
18:07:41.915 [main] DEBUG io.netty.buffer.PooledByteBufAllocator - -Dio.netty.allocator.chunkSize: 4194304
18:07:41.915 [main] DEBUG io.netty.buffer.PooledByteBufAllocator - -Dio.netty.allocator.smallCacheSize: 256
18:07:41.915 [main] DEBUG io.netty.buffer.PooledByteBufAllocator - -Dio.netty.allocator.normalCacheSize: 64
18:07:41.915 [main] DEBUG io.netty.buffer.PooledByteBufAllocator - -Dio.netty.allocator.maxCachedBufferCapacity: 32768
18:07:41.915 [main] DEBUG io.netty.buffer.PooledByteBufAllocator - -Dio.netty.allocator.cacheTrimInterval: 8192
18:07:41.915 [main] DEBUG io.netty.buffer.PooledByteBufAllocator - -Dio.netty.allocator.cacheTrimIntervalMillis: 0
18:07:41.915 [main] DEBUG io.netty.buffer.PooledByteBufAllocator - -Dio.netty.allocator.useCacheForAllThreads: false
18:07:41.915 [main] DEBUG io.netty.buffer.PooledByteBufAllocator - -Dio.netty.allocator.maxCachedByteBuffersPerChunk: 1023
18:07:41.915 [main] DEBUG io.netty.buffer.ByteBufUtil - -Dio.netty.allocator.type: pooled
18:07:41.915 [main] DEBUG io.netty.buffer.ByteBufUtil - -Dio.netty.threadLocalDirectBufferSize: 0
18:07:41.915 [main] DEBUG io.netty.buffer.ByteBufUtil - -Dio.netty.maxThreadLocalCharBufferSize: 16384
18:07:41.915 [main] DEBUG io.netty.util.Recycler - -Dio.netty.recycler.maxCapacityPerThread: 4096
18:07:41.915 [main] DEBUG io.netty.util.Recycler - -Dio.netty.recycler.ratio: 8
18:07:41.915 [main] DEBUG io.netty.util.Recycler - -Dio.netty.recycler.chunkSize: 32
18:07:41.915 [main] DEBUG io.netty.util.Recycler - -Dio.netty.recycler.blocking: false
18:07:41.915 [main] DEBUG io.netty.util.Recycler - -Dio.netty.recycler.batchFastThreadLocalOnly: true
18:07:41.915 [main] DEBUG io.netty.util.internal.PlatformDependent - org.jctools-core.MpscChunkedArrayQueue: available
]]></system-out>
  </testcase>
  <testcase name="test08" classname="io.netty.handler.codec.http.multipart.AbstractDiskHttpData_ESTest" time="0.998">
    <system-out><![CDATA[18:07:43.250 [main] DEBUG io.netty.util.internal.logging.InternalLoggerFactory - Using SLF4J as the default logging framework
18:07:43.251 [main] DEBUG io.netty.util.internal.PlatformDependent0 - -Dio.netty.noUnsafe: false
18:07:43.251 [main] DEBUG io.netty.util.internal.PlatformDependent0 - Java version: 8
18:07:43.251 [main] DEBUG io.netty.util.internal.PlatformDependent0 - sun.misc.Unsafe.theUnsafe: available
18:07:43.251 [main] DEBUG io.netty.util.internal.PlatformDependent0 - sun.misc.Unsafe.copyMemory: available
18:07:43.251 [main] DEBUG io.netty.util.internal.PlatformDependent0 - sun.misc.Unsafe.storeFence: available
18:07:43.251 [main] DEBUG io.netty.util.internal.PlatformDependent0 - java.nio.Buffer.address: available
18:07:43.251 [main] DEBUG io.netty.util.internal.PlatformDependent0 - direct buffer constructor: available
18:07:43.251 [main] DEBUG io.netty.util.internal.PlatformDependent0 - java.nio.Bits.unaligned: available, true
18:07:43.251 [main] DEBUG io.netty.util.internal.PlatformDependent0 - jdk.internal.misc.Unsafe.allocateUninitializedArray(int): unavailable prior to Java9
18:07:43.251 [main] DEBUG io.netty.util.internal.PlatformDependent0 - java.nio.DirectByteBuffer.<init>(long, {int,long}): available
18:07:43.251 [main] DEBUG io.netty.util.internal.CleanerJava6 - java.nio.ByteBuffer.cleaner(): available
18:07:43.251 [main] DEBUG io.netty.util.internal.PlatformDependent - sun.misc.Unsafe: available
18:07:43.251 [main] DEBUG io.netty.util.internal.PlatformDependent - -Dio.netty.tmpdir: /tmp (java.io.tmpdir)
18:07:43.251 [main] DEBUG io.netty.util.internal.PlatformDependent - -Dio.netty.bitMode: 64 (sun.arch.data.model)
18:07:43.251 [main] DEBUG io.netty.util.internal.PlatformDependent - -Dio.netty.maxDirectMemory: 11420041216 bytes
18:07:43.251 [main] DEBUG io.netty.util.internal.PlatformDependent - -Dio.netty.uninitializedArrayAllocationThreshold: -1
18:07:43.251 [main] DEBUG io.netty.util.internal.PlatformDependent - -Dio.netty.noPreferDirect: false
18:07:43.251 [main] DEBUG io.netty.util.internal.CleanerJava9 - java.nio.ByteBuffer.cleaner(): unavailable
java.lang.NoSuchMethodException: sun.misc.Unsafe.invokeCleaner(java.nio.ByteBuffer)
	at java.lang.Class.getDeclaredMethod(Class.java:2130)
	at io.netty.util.internal.CleanerJava9$1.run(CleanerJava9.java:45)
	at java.security.AccessController.doPrivileged(Native Method)
	at io.netty.util.internal.CleanerJava9.__STATIC_RESET(CleanerJava9.java:40)
	at sun.reflect.GeneratedMethodAccessor27.invoke(Unknown Source)
	at sun.reflect.DelegatingMethodAccessorImpl.invoke(DelegatingMethodAccessorImpl.java:43)
	at java.lang.reflect.Method.invoke(Method.java:498)
	at org.evosuite.runtime.classhandling.ClassResetter.reset(ClassResetter.java:159)
	at org.evosuite.runtime.classhandling.ClassStateSupport.resetClasses(ClassStateSupport.java:137)
	at io.netty.handler.codec.http.multipart.AbstractDiskHttpData_ESTest_scaffolding.resetClasses(AbstractDiskHttpData_ESTest_scaffolding.java:318)
	at io.netty.handler.codec.http.multipart.AbstractDiskHttpData_ESTest_scaffolding.doneWithTestCase(AbstractDiskHttpData_ESTest_scaffolding.java:74)
	at sun.reflect.GeneratedMethodAccessor6.invoke(Unknown Source)
	at sun.reflect.DelegatingMethodAccessorImpl.invoke(DelegatingMethodAccessorImpl.java:43)
	at java.lang.reflect.Method.invoke(Method.java:498)
	at org.junit.runners.model.FrameworkMethod$1.runReflectiveCall(FrameworkMethod.java:59)
	at org.junit.internal.runners.model.ReflectiveCallable.run(ReflectiveCallable.java:12)
	at org.junit.runners.model.FrameworkMethod.invokeExplosively(FrameworkMethod.java:56)
	at org.junit.internal.runners.statements.RunAfters.invokeMethod(RunAfters.java:46)
	at org.junit.internal.runners.statements.RunAfters.evaluate(RunAfters.java:33)
	at org.evosuite.runtime.vnet.NonFunctionalRequirementRule$1.evaluate(NonFunctionalRequirementRule.java:41)
	at org.junit.runners.ParentRunner$3.evaluate(ParentRunner.java:306)
	at org.junit.runners.BlockJUnit4ClassRunner$1.evaluate(BlockJUnit4ClassRunner.java:100)
	at org.junit.runners.ParentRunner.runLeaf(ParentRunner.java:366)
	at org.junit.runners.BlockJUnit4ClassRunner.runChild(BlockJUnit4ClassRunner.java:103)
	at org.junit.runners.BlockJUnit4ClassRunner.runChild(BlockJUnit4ClassRunner.java:63)
	at org.junit.runners.ParentRunner$4.run(ParentRunner.java:331)
	at org.junit.runners.ParentRunner$1.schedule(ParentRunner.java:79)
	at org.junit.runners.ParentRunner.runChildren(ParentRunner.java:329)
	at org.junit.runners.ParentRunner.access$100(ParentRunner.java:66)
	at org.junit.runners.ParentRunner$2.evaluate(ParentRunner.java:293)
	at org.junit.internal.runners.statements.RunBefores.evaluate(RunBefores.java:26)
	at org.junit.internal.runners.statements.RunAfters.evaluate(RunAfters.java:27)
	at org.junit.runners.ParentRunner$3.evaluate(ParentRunner.java:306)
	at org.junit.runners.ParentRunner.run(ParentRunner.java:413)
	at org.apache.maven.surefire.junit4.JUnit4Provider.execute(JUnit4Provider.java:316)
	at org.apache.maven.surefire.junit4.JUnit4Provider.executeWithRerun(JUnit4Provider.java:240)
	at org.apache.maven.surefire.junit4.JUnit4Provider.executeTestSet(JUnit4Provider.java:214)
	at org.apache.maven.surefire.junit4.JUnit4Provider.invoke(JUnit4Provider.java:155)
	at org.apache.maven.surefire.booter.ForkedBooter.runSuitesInProcess(ForkedBooter.java:385)
	at org.apache.maven.surefire.booter.ForkedBooter.execute(ForkedBooter.java:162)
	at org.apache.maven.surefire.booter.ForkedBooter.run(ForkedBooter.java:507)
	at org.apache.maven.surefire.booter.ForkedBooter.main(ForkedBooter.java:495)
18:07:43.251 [main] DEBUG io.netty.util.ResourceLeakDetector - -Dio.netty.leakDetection.level: simple
18:07:43.252 [main] DEBUG io.netty.util.ResourceLeakDetector - -Dio.netty.leakDetection.targetRecords: 4
18:07:43.252 [main] DEBUG io.netty.buffer.AbstractByteBuf - -Dio.netty.buffer.checkAccessible: true
18:07:43.252 [main] DEBUG io.netty.buffer.AbstractByteBuf - -Dio.netty.buffer.checkBounds: true
18:07:43.252 [main] DEBUG io.netty.util.ResourceLeakDetectorFactory - Loaded default ResourceLeakDetector: io.netty.util.ResourceLeakDetector@5
18:07:43.252 [main] DEBUG io.netty.util.internal.InternalThreadLocalMap - -Dio.netty.threadLocalMap.stringBuilder.initialSize: 1024
18:07:43.252 [main] DEBUG io.netty.util.internal.InternalThreadLocalMap - -Dio.netty.threadLocalMap.stringBuilder.maxSize: 4096
18:07:43.252 [main] DEBUG io.netty.buffer.PooledByteBufAllocator - -Dio.netty.allocator.numHeapArenas: 0
18:07:43.252 [main] DEBUG io.netty.buffer.PooledByteBufAllocator - -Dio.netty.allocator.numDirectArenas: 2
18:07:43.252 [main] DEBUG io.netty.buffer.PooledByteBufAllocator - -Dio.netty.allocator.pageSize: 8192
18:07:43.252 [main] DEBUG io.netty.buffer.PooledByteBufAllocator - -Dio.netty.allocator.maxOrder: 9
18:07:43.252 [main] DEBUG io.netty.buffer.PooledByteBufAllocator - -Dio.netty.allocator.chunkSize: 4194304
18:07:43.252 [main] DEBUG io.netty.buffer.PooledByteBufAllocator - -Dio.netty.allocator.smallCacheSize: 256
18:07:43.252 [main] DEBUG io.netty.buffer.PooledByteBufAllocator - -Dio.netty.allocator.normalCacheSize: 64
18:07:43.252 [main] DEBUG io.netty.buffer.PooledByteBufAllocator - -Dio.netty.allocator.maxCachedBufferCapacity: 32768
18:07:43.252 [main] DEBUG io.netty.buffer.PooledByteBufAllocator - -Dio.netty.allocator.cacheTrimInterval: 8192
18:07:43.252 [main] DEBUG io.netty.buffer.PooledByteBufAllocator - -Dio.netty.allocator.cacheTrimIntervalMillis: 0
18:07:43.252 [main] DEBUG io.netty.buffer.PooledByteBufAllocator - -Dio.netty.allocator.useCacheForAllThreads: false
18:07:43.252 [main] DEBUG io.netty.buffer.PooledByteBufAllocator - -Dio.netty.allocator.maxCachedByteBuffersPerChunk: 1023
18:07:43.252 [main] DEBUG io.netty.buffer.ByteBufUtil - -Dio.netty.allocator.type: pooled
18:07:43.252 [main] DEBUG io.netty.buffer.ByteBufUtil - -Dio.netty.threadLocalDirectBufferSize: 0
18:07:43.252 [main] DEBUG io.netty.buffer.ByteBufUtil - -Dio.netty.maxThreadLocalCharBufferSize: 16384
18:07:43.253 [main] DEBUG io.netty.util.Recycler - -Dio.netty.recycler.maxCapacityPerThread: 4096
18:07:43.253 [main] DEBUG io.netty.util.Recycler - -Dio.netty.recycler.ratio: 8
18:07:43.253 [main] DEBUG io.netty.util.Recycler - -Dio.netty.recycler.chunkSize: 32
18:07:43.253 [main] DEBUG io.netty.util.Recycler - -Dio.netty.recycler.blocking: false
18:07:43.253 [main] DEBUG io.netty.util.Recycler - -Dio.netty.recycler.batchFastThreadLocalOnly: true
18:07:43.253 [main] DEBUG io.netty.util.internal.PlatformDependent - org.jctools-core.MpscChunkedArrayQueue: available
]]></system-out>
  </testcase>
  <testcase name="test50" classname="io.netty.handler.codec.http.multipart.AbstractDiskHttpData_ESTest" time="0.02">
    <failure message="Expecting exception: NoSuchMethodError" type="java.lang.AssertionError"><![CDATA[java.lang.AssertionError: Expecting exception: NoSuchMethodError
	at org.junit.Assert.fail(Assert.java:89)
	at io.netty.handler.codec.http.multipart.AbstractDiskHttpData_ESTest.test50(AbstractDiskHttpData_ESTest.java:865)
	at sun.reflect.NativeMethodAccessorImpl.invoke0(Native Method)
	at sun.reflect.NativeMethodAccessorImpl.invoke(NativeMethodAccessorImpl.java:62)
	at sun.reflect.DelegatingMethodAccessorImpl.invoke(DelegatingMethodAccessorImpl.java:43)
	at java.lang.reflect.Method.invoke(Method.java:498)
	at org.junit.runners.model.FrameworkMethod$1.runReflectiveCall(FrameworkMethod.java:59)
	at org.junit.internal.runners.model.ReflectiveCallable.run(ReflectiveCallable.java:12)
	at org.junit.runners.model.FrameworkMethod.invokeExplosively(FrameworkMethod.java:56)
	at org.junit.internal.runners.statements.InvokeMethod.evaluate(InvokeMethod.java:17)
	at org.junit.internal.runners.statements.FailOnTimeout$CallableStatement.call(FailOnTimeout.java:299)
	at org.junit.internal.runners.statements.FailOnTimeout$CallableStatement.call(FailOnTimeout.java:293)
	at java.util.concurrent.FutureTask.run(FutureTask.java:266)
	at java.lang.Thread.run(Thread.java:750)
]]></failure>
    <system-out><![CDATA[18:07:43.258 [main] DEBUG io.netty.util.internal.logging.InternalLoggerFactory - Using SLF4J as the default logging framework
18:07:43.258 [main] DEBUG io.netty.util.internal.PlatformDependent0 - -Dio.netty.noUnsafe: false
18:07:43.258 [main] DEBUG io.netty.util.internal.PlatformDependent0 - Java version: 8
18:07:43.258 [main] DEBUG io.netty.util.internal.PlatformDependent0 - sun.misc.Unsafe.theUnsafe: available
18:07:43.258 [main] DEBUG io.netty.util.internal.PlatformDependent0 - sun.misc.Unsafe.copyMemory: available
18:07:43.258 [main] DEBUG io.netty.util.internal.PlatformDependent0 - sun.misc.Unsafe.storeFence: available
18:07:43.258 [main] DEBUG io.netty.util.internal.PlatformDependent0 - java.nio.Buffer.address: available
18:07:43.258 [main] DEBUG io.netty.util.internal.PlatformDependent0 - direct buffer constructor: available
18:07:43.258 [main] DEBUG io.netty.util.internal.PlatformDependent0 - java.nio.Bits.unaligned: available, true
18:07:43.258 [main] DEBUG io.netty.util.internal.PlatformDependent0 - jdk.internal.misc.Unsafe.allocateUninitializedArray(int): unavailable prior to Java9
18:07:43.258 [main] DEBUG io.netty.util.internal.PlatformDependent0 - java.nio.DirectByteBuffer.<init>(long, {int,long}): available
18:07:43.258 [main] DEBUG io.netty.util.internal.CleanerJava6 - java.nio.ByteBuffer.cleaner(): available
18:07:43.258 [main] DEBUG io.netty.util.internal.PlatformDependent - sun.misc.Unsafe: available
18:07:43.258 [main] DEBUG io.netty.util.internal.PlatformDependent - -Dio.netty.tmpdir: /tmp (java.io.tmpdir)
18:07:43.258 [main] DEBUG io.netty.util.internal.PlatformDependent - -Dio.netty.bitMode: 64 (sun.arch.data.model)
18:07:43.258 [main] DEBUG io.netty.util.internal.PlatformDependent - -Dio.netty.maxDirectMemory: 11420041216 bytes
18:07:43.258 [main] DEBUG io.netty.util.internal.PlatformDependent - -Dio.netty.uninitializedArrayAllocationThreshold: -1
18:07:43.258 [main] DEBUG io.netty.util.internal.PlatformDependent - -Dio.netty.noPreferDirect: false
18:07:43.259 [main] DEBUG io.netty.util.internal.CleanerJava9 - java.nio.ByteBuffer.cleaner(): unavailable
java.lang.NoSuchMethodException: sun.misc.Unsafe.invokeCleaner(java.nio.ByteBuffer)
	at java.lang.Class.getDeclaredMethod(Class.java:2130)
	at io.netty.util.internal.CleanerJava9$1.run(CleanerJava9.java:45)
	at java.security.AccessController.doPrivileged(Native Method)
	at io.netty.util.internal.CleanerJava9.__STATIC_RESET(CleanerJava9.java:40)
	at sun.reflect.GeneratedMethodAccessor27.invoke(Unknown Source)
	at sun.reflect.DelegatingMethodAccessorImpl.invoke(DelegatingMethodAccessorImpl.java:43)
	at java.lang.reflect.Method.invoke(Method.java:498)
	at org.evosuite.runtime.classhandling.ClassResetter.reset(ClassResetter.java:159)
	at org.evosuite.runtime.classhandling.ClassStateSupport.resetClasses(ClassStateSupport.java:137)
	at io.netty.handler.codec.http.multipart.AbstractDiskHttpData_ESTest_scaffolding.resetClasses(AbstractDiskHttpData_ESTest_scaffolding.java:318)
	at io.netty.handler.codec.http.multipart.AbstractDiskHttpData_ESTest_scaffolding.doneWithTestCase(AbstractDiskHttpData_ESTest_scaffolding.java:74)
	at sun.reflect.GeneratedMethodAccessor6.invoke(Unknown Source)
	at sun.reflect.DelegatingMethodAccessorImpl.invoke(DelegatingMethodAccessorImpl.java:43)
	at java.lang.reflect.Method.invoke(Method.java:498)
	at org.junit.runners.model.FrameworkMethod$1.runReflectiveCall(FrameworkMethod.java:59)
	at org.junit.internal.runners.model.ReflectiveCallable.run(ReflectiveCallable.java:12)
	at org.junit.runners.model.FrameworkMethod.invokeExplosively(FrameworkMethod.java:56)
	at org.junit.internal.runners.statements.RunAfters.invokeMethod(RunAfters.java:46)
	at org.junit.internal.runners.statements.RunAfters.evaluate(RunAfters.java:33)
	at org.evosuite.runtime.vnet.NonFunctionalRequirementRule$1.evaluate(NonFunctionalRequirementRule.java:41)
	at org.junit.runners.ParentRunner$3.evaluate(ParentRunner.java:306)
	at org.junit.runners.BlockJUnit4ClassRunner$1.evaluate(BlockJUnit4ClassRunner.java:100)
	at org.junit.runners.ParentRunner.runLeaf(ParentRunner.java:366)
	at org.junit.runners.BlockJUnit4ClassRunner.runChild(BlockJUnit4ClassRunner.java:103)
	at org.junit.runners.BlockJUnit4ClassRunner.runChild(BlockJUnit4ClassRunner.java:63)
	at org.junit.runners.ParentRunner$4.run(ParentRunner.java:331)
	at org.junit.runners.ParentRunner$1.schedule(ParentRunner.java:79)
	at org.junit.runners.ParentRunner.runChildren(ParentRunner.java:329)
	at org.junit.runners.ParentRunner.access$100(ParentRunner.java:66)
	at org.junit.runners.ParentRunner$2.evaluate(ParentRunner.java:293)
	at org.junit.internal.runners.statements.RunBefores.evaluate(RunBefores.java:26)
	at org.junit.internal.runners.statements.RunAfters.evaluate(RunAfters.java:27)
	at org.junit.runners.ParentRunner$3.evaluate(ParentRunner.java:306)
	at org.junit.runners.ParentRunner.run(ParentRunner.java:413)
	at org.apache.maven.surefire.junit4.JUnit4Provider.execute(JUnit4Provider.java:316)
	at org.apache.maven.surefire.junit4.JUnit4Provider.executeWithRerun(JUnit4Provider.java:240)
	at org.apache.maven.surefire.junit4.JUnit4Provider.executeTestSet(JUnit4Provider.java:214)
	at org.apache.maven.surefire.junit4.JUnit4Provider.invoke(JUnit4Provider.java:155)
	at org.apache.maven.surefire.booter.ForkedBooter.runSuitesInProcess(ForkedBooter.java:385)
	at org.apache.maven.surefire.booter.ForkedBooter.execute(ForkedBooter.java:162)
	at org.apache.maven.surefire.booter.ForkedBooter.run(ForkedBooter.java:507)
	at org.apache.maven.surefire.booter.ForkedBooter.main(ForkedBooter.java:495)
18:07:43.259 [main] DEBUG io.netty.util.ResourceLeakDetector - -Dio.netty.leakDetection.level: simple
18:07:43.259 [main] DEBUG io.netty.util.ResourceLeakDetector - -Dio.netty.leakDetection.targetRecords: 4
18:07:43.259 [main] DEBUG io.netty.buffer.AbstractByteBuf - -Dio.netty.buffer.checkAccessible: true
18:07:43.259 [main] DEBUG io.netty.buffer.AbstractByteBuf - -Dio.netty.buffer.checkBounds: true
18:07:43.259 [main] DEBUG io.netty.util.ResourceLeakDetectorFactory - Loaded default ResourceLeakDetector: io.netty.util.ResourceLeakDetector@5
18:07:43.259 [main] DEBUG io.netty.util.internal.InternalThreadLocalMap - -Dio.netty.threadLocalMap.stringBuilder.initialSize: 1024
18:07:43.259 [main] DEBUG io.netty.util.internal.InternalThreadLocalMap - -Dio.netty.threadLocalMap.stringBuilder.maxSize: 4096
18:07:43.259 [main] DEBUG io.netty.buffer.PooledByteBufAllocator - -Dio.netty.allocator.numHeapArenas: 0
18:07:43.259 [main] DEBUG io.netty.buffer.PooledByteBufAllocator - -Dio.netty.allocator.numDirectArenas: 2
18:07:43.259 [main] DEBUG io.netty.buffer.PooledByteBufAllocator - -Dio.netty.allocator.pageSize: 8192
18:07:43.259 [main] DEBUG io.netty.buffer.PooledByteBufAllocator - -Dio.netty.allocator.maxOrder: 9
18:07:43.259 [main] DEBUG io.netty.buffer.PooledByteBufAllocator - -Dio.netty.allocator.chunkSize: 4194304
18:07:43.259 [main] DEBUG io.netty.buffer.PooledByteBufAllocator - -Dio.netty.allocator.smallCacheSize: 256
18:07:43.259 [main] DEBUG io.netty.buffer.PooledByteBufAllocator - -Dio.netty.allocator.normalCacheSize: 64
18:07:43.259 [main] DEBUG io.netty.buffer.PooledByteBufAllocator - -Dio.netty.allocator.maxCachedBufferCapacity: 32768
18:07:43.259 [main] DEBUG io.netty.buffer.PooledByteBufAllocator - -Dio.netty.allocator.cacheTrimInterval: 8192
18:07:43.260 [main] DEBUG io.netty.buffer.PooledByteBufAllocator - -Dio.netty.allocator.cacheTrimIntervalMillis: 0
18:07:43.260 [main] DEBUG io.netty.buffer.PooledByteBufAllocator - -Dio.netty.allocator.useCacheForAllThreads: false
18:07:43.260 [main] DEBUG io.netty.buffer.PooledByteBufAllocator - -Dio.netty.allocator.maxCachedByteBuffersPerChunk: 1023
18:07:43.260 [main] DEBUG io.netty.buffer.ByteBufUtil - -Dio.netty.allocator.type: pooled
18:07:43.260 [main] DEBUG io.netty.buffer.ByteBufUtil - -Dio.netty.threadLocalDirectBufferSize: 0
18:07:43.260 [main] DEBUG io.netty.buffer.ByteBufUtil - -Dio.netty.maxThreadLocalCharBufferSize: 16384
18:07:43.261 [main] DEBUG io.netty.util.Recycler - -Dio.netty.recycler.maxCapacityPerThread: 4096
18:07:43.261 [main] DEBUG io.netty.util.Recycler - -Dio.netty.recycler.ratio: 8
18:07:43.261 [main] DEBUG io.netty.util.Recycler - -Dio.netty.recycler.chunkSize: 32
18:07:43.261 [main] DEBUG io.netty.util.Recycler - -Dio.netty.recycler.blocking: false
18:07:43.261 [main] DEBUG io.netty.util.Recycler - -Dio.netty.recycler.batchFastThreadLocalOnly: true
18:07:43.261 [main] DEBUG io.netty.util.internal.PlatformDependent - org.jctools-core.MpscChunkedArrayQueue: available
]]></system-out>
  </testcase>
  <testcase name="test52" classname="io.netty.handler.codec.http.multipart.AbstractDiskHttpData_ESTest" time="0.02">
    <system-out><![CDATA[18:07:43.265 [main] DEBUG io.netty.util.internal.logging.InternalLoggerFactory - Using SLF4J as the default logging framework
18:07:43.265 [main] DEBUG io.netty.util.internal.PlatformDependent0 - -Dio.netty.noUnsafe: false
18:07:43.265 [main] DEBUG io.netty.util.internal.PlatformDependent0 - Java version: 8
18:07:43.265 [main] DEBUG io.netty.util.internal.PlatformDependent0 - sun.misc.Unsafe.theUnsafe: available
18:07:43.265 [main] DEBUG io.netty.util.internal.PlatformDependent0 - sun.misc.Unsafe.copyMemory: available
18:07:43.265 [main] DEBUG io.netty.util.internal.PlatformDependent0 - sun.misc.Unsafe.storeFence: available
18:07:43.265 [main] DEBUG io.netty.util.internal.PlatformDependent0 - java.nio.Buffer.address: available
18:07:43.265 [main] DEBUG io.netty.util.internal.PlatformDependent0 - direct buffer constructor: available
18:07:43.265 [main] DEBUG io.netty.util.internal.PlatformDependent0 - java.nio.Bits.unaligned: available, true
18:07:43.265 [main] DEBUG io.netty.util.internal.PlatformDependent0 - jdk.internal.misc.Unsafe.allocateUninitializedArray(int): unavailable prior to Java9
18:07:43.265 [main] DEBUG io.netty.util.internal.PlatformDependent0 - java.nio.DirectByteBuffer.<init>(long, {int,long}): available
18:07:43.265 [main] DEBUG io.netty.util.internal.CleanerJava6 - java.nio.ByteBuffer.cleaner(): available
18:07:43.265 [main] DEBUG io.netty.util.internal.PlatformDependent - sun.misc.Unsafe: available
18:07:43.265 [main] DEBUG io.netty.util.internal.PlatformDependent - -Dio.netty.tmpdir: /tmp (java.io.tmpdir)
18:07:43.265 [main] DEBUG io.netty.util.internal.PlatformDependent - -Dio.netty.bitMode: 64 (sun.arch.data.model)
18:07:43.266 [main] DEBUG io.netty.util.internal.PlatformDependent - -Dio.netty.maxDirectMemory: 11420041216 bytes
18:07:43.266 [main] DEBUG io.netty.util.internal.PlatformDependent - -Dio.netty.uninitializedArrayAllocationThreshold: -1
18:07:43.266 [main] DEBUG io.netty.util.internal.PlatformDependent - -Dio.netty.noPreferDirect: false
18:07:43.266 [main] DEBUG io.netty.util.internal.CleanerJava9 - java.nio.ByteBuffer.cleaner(): unavailable
java.lang.NoSuchMethodException: sun.misc.Unsafe.invokeCleaner(java.nio.ByteBuffer)
	at java.lang.Class.getDeclaredMethod(Class.java:2130)
	at io.netty.util.internal.CleanerJava9$1.run(CleanerJava9.java:45)
	at java.security.AccessController.doPrivileged(Native Method)
	at io.netty.util.internal.CleanerJava9.__STATIC_RESET(CleanerJava9.java:40)
	at sun.reflect.GeneratedMethodAccessor27.invoke(Unknown Source)
	at sun.reflect.DelegatingMethodAccessorImpl.invoke(DelegatingMethodAccessorImpl.java:43)
	at java.lang.reflect.Method.invoke(Method.java:498)
	at org.evosuite.runtime.classhandling.ClassResetter.reset(ClassResetter.java:159)
	at org.evosuite.runtime.classhandling.ClassStateSupport.resetClasses(ClassStateSupport.java:137)
	at io.netty.handler.codec.http.multipart.AbstractDiskHttpData_ESTest_scaffolding.resetClasses(AbstractDiskHttpData_ESTest_scaffolding.java:318)
	at io.netty.handler.codec.http.multipart.AbstractDiskHttpData_ESTest_scaffolding.doneWithTestCase(AbstractDiskHttpData_ESTest_scaffolding.java:74)
	at sun.reflect.GeneratedMethodAccessor6.invoke(Unknown Source)
	at sun.reflect.DelegatingMethodAccessorImpl.invoke(DelegatingMethodAccessorImpl.java:43)
	at java.lang.reflect.Method.invoke(Method.java:498)
	at org.junit.runners.model.FrameworkMethod$1.runReflectiveCall(FrameworkMethod.java:59)
	at org.junit.internal.runners.model.ReflectiveCallable.run(ReflectiveCallable.java:12)
	at org.junit.runners.model.FrameworkMethod.invokeExplosively(FrameworkMethod.java:56)
	at org.junit.internal.runners.statements.RunAfters.invokeMethod(RunAfters.java:46)
	at org.junit.internal.runners.statements.RunAfters.evaluate(RunAfters.java:33)
	at org.evosuite.runtime.vnet.NonFunctionalRequirementRule$1.evaluate(NonFunctionalRequirementRule.java:41)
	at org.junit.runners.ParentRunner$3.evaluate(ParentRunner.java:306)
	at org.junit.runners.BlockJUnit4ClassRunner$1.evaluate(BlockJUnit4ClassRunner.java:100)
	at org.junit.runners.ParentRunner.runLeaf(ParentRunner.java:366)
	at org.junit.runners.BlockJUnit4ClassRunner.runChild(BlockJUnit4ClassRunner.java:103)
	at org.junit.runners.BlockJUnit4ClassRunner.runChild(BlockJUnit4ClassRunner.java:63)
	at org.junit.runners.ParentRunner$4.run(ParentRunner.java:331)
	at org.junit.runners.ParentRunner$1.schedule(ParentRunner.java:79)
	at org.junit.runners.ParentRunner.runChildren(ParentRunner.java:329)
	at org.junit.runners.ParentRunner.access$100(ParentRunner.java:66)
	at org.junit.runners.ParentRunner$2.evaluate(ParentRunner.java:293)
	at org.junit.internal.runners.statements.RunBefores.evaluate(RunBefores.java:26)
	at org.junit.internal.runners.statements.RunAfters.evaluate(RunAfters.java:27)
	at org.junit.runners.ParentRunner$3.evaluate(ParentRunner.java:306)
	at org.junit.runners.ParentRunner.run(ParentRunner.java:413)
	at org.apache.maven.surefire.junit4.JUnit4Provider.execute(JUnit4Provider.java:316)
	at org.apache.maven.surefire.junit4.JUnit4Provider.executeWithRerun(JUnit4Provider.java:240)
	at org.apache.maven.surefire.junit4.JUnit4Provider.executeTestSet(JUnit4Provider.java:214)
	at org.apache.maven.surefire.junit4.JUnit4Provider.invoke(JUnit4Provider.java:155)
	at org.apache.maven.surefire.booter.ForkedBooter.runSuitesInProcess(ForkedBooter.java:385)
	at org.apache.maven.surefire.booter.ForkedBooter.execute(ForkedBooter.java:162)
	at org.apache.maven.surefire.booter.ForkedBooter.run(ForkedBooter.java:507)
	at org.apache.maven.surefire.booter.ForkedBooter.main(ForkedBooter.java:495)
18:07:43.266 [main] DEBUG io.netty.util.ResourceLeakDetector - -Dio.netty.leakDetection.level: simple
18:07:43.266 [main] DEBUG io.netty.util.ResourceLeakDetector - -Dio.netty.leakDetection.targetRecords: 4
18:07:43.267 [main] DEBUG io.netty.buffer.AbstractByteBuf - -Dio.netty.buffer.checkAccessible: true
18:07:43.267 [main] DEBUG io.netty.buffer.AbstractByteBuf - -Dio.netty.buffer.checkBounds: true
18:07:43.267 [main] DEBUG io.netty.util.ResourceLeakDetectorFactory - Loaded default ResourceLeakDetector: io.netty.util.ResourceLeakDetector@5
18:07:43.267 [main] DEBUG io.netty.util.internal.InternalThreadLocalMap - -Dio.netty.threadLocalMap.stringBuilder.initialSize: 1024
18:07:43.267 [main] DEBUG io.netty.util.internal.InternalThreadLocalMap - -Dio.netty.threadLocalMap.stringBuilder.maxSize: 4096
18:07:43.267 [main] DEBUG io.netty.buffer.PooledByteBufAllocator - -Dio.netty.allocator.numHeapArenas: 0
18:07:43.267 [main] DEBUG io.netty.buffer.PooledByteBufAllocator - -Dio.netty.allocator.numDirectArenas: 2
18:07:43.267 [main] DEBUG io.netty.buffer.PooledByteBufAllocator - -Dio.netty.allocator.pageSize: 8192
18:07:43.267 [main] DEBUG io.netty.buffer.PooledByteBufAllocator - -Dio.netty.allocator.maxOrder: 9
18:07:43.267 [main] DEBUG io.netty.buffer.PooledByteBufAllocator - -Dio.netty.allocator.chunkSize: 4194304
18:07:43.267 [main] DEBUG io.netty.buffer.PooledByteBufAllocator - -Dio.netty.allocator.smallCacheSize: 256
18:07:43.267 [main] DEBUG io.netty.buffer.PooledByteBufAllocator - -Dio.netty.allocator.normalCacheSize: 64
18:07:43.267 [main] DEBUG io.netty.buffer.PooledByteBufAllocator - -Dio.netty.allocator.maxCachedBufferCapacity: 32768
18:07:43.267 [main] DEBUG io.netty.buffer.PooledByteBufAllocator - -Dio.netty.allocator.cacheTrimInterval: 8192
18:07:43.267 [main] DEBUG io.netty.buffer.PooledByteBufAllocator - -Dio.netty.allocator.cacheTrimIntervalMillis: 0
18:07:43.267 [main] DEBUG io.netty.buffer.PooledByteBufAllocator - -Dio.netty.allocator.useCacheForAllThreads: false
18:07:43.267 [main] DEBUG io.netty.buffer.PooledByteBufAllocator - -Dio.netty.allocator.maxCachedByteBuffersPerChunk: 1023
18:07:43.267 [main] DEBUG io.netty.buffer.ByteBufUtil - -Dio.netty.allocator.type: pooled
18:07:43.267 [main] DEBUG io.netty.buffer.ByteBufUtil - -Dio.netty.threadLocalDirectBufferSize: 0
18:07:43.267 [main] DEBUG io.netty.buffer.ByteBufUtil - -Dio.netty.maxThreadLocalCharBufferSize: 16384
18:07:43.267 [main] DEBUG io.netty.util.Recycler - -Dio.netty.recycler.maxCapacityPerThread: 4096
18:07:43.267 [main] DEBUG io.netty.util.Recycler - -Dio.netty.recycler.ratio: 8
18:07:43.267 [main] DEBUG io.netty.util.Recycler - -Dio.netty.recycler.chunkSize: 32
18:07:43.267 [main] DEBUG io.netty.util.Recycler - -Dio.netty.recycler.blocking: false
18:07:43.267 [main] DEBUG io.netty.util.Recycler - -Dio.netty.recycler.batchFastThreadLocalOnly: true
18:07:43.267 [main] DEBUG io.netty.util.internal.PlatformDependent - org.jctools-core.MpscChunkedArrayQueue: available
]]></system-out>
  </testcase>
  <testcase name="test51" classname="io.netty.handler.codec.http.multipart.AbstractDiskHttpData_ESTest" time="0.034">
    <failure message="Expecting exception: NoSuchMethodError" type="java.lang.AssertionError"><![CDATA[java.lang.AssertionError: Expecting exception: NoSuchMethodError
	at org.junit.Assert.fail(Assert.java:89)
	at io.netty.handler.codec.http.multipart.AbstractDiskHttpData_ESTest.test51(AbstractDiskHttpData_ESTest.java:885)
	at sun.reflect.NativeMethodAccessorImpl.invoke0(Native Method)
	at sun.reflect.NativeMethodAccessorImpl.invoke(NativeMethodAccessorImpl.java:62)
	at sun.reflect.DelegatingMethodAccessorImpl.invoke(DelegatingMethodAccessorImpl.java:43)
	at java.lang.reflect.Method.invoke(Method.java:498)
	at org.junit.runners.model.FrameworkMethod$1.runReflectiveCall(FrameworkMethod.java:59)
	at org.junit.internal.runners.model.ReflectiveCallable.run(ReflectiveCallable.java:12)
	at org.junit.runners.model.FrameworkMethod.invokeExplosively(FrameworkMethod.java:56)
	at org.junit.internal.runners.statements.InvokeMethod.evaluate(InvokeMethod.java:17)
	at org.junit.internal.runners.statements.FailOnTimeout$CallableStatement.call(FailOnTimeout.java:299)
	at org.junit.internal.runners.statements.FailOnTimeout$CallableStatement.call(FailOnTimeout.java:293)
	at java.util.concurrent.FutureTask.run(FutureTask.java:266)
	at java.lang.Thread.run(Thread.java:750)
]]></failure>
    <system-out><![CDATA[18:07:43.274 [main] DEBUG io.netty.util.internal.logging.InternalLoggerFactory - Using SLF4J as the default logging framework
18:07:43.275 [main] DEBUG io.netty.util.internal.PlatformDependent0 - -Dio.netty.noUnsafe: false
18:07:43.275 [main] DEBUG io.netty.util.internal.PlatformDependent0 - Java version: 8
18:07:43.275 [main] DEBUG io.netty.util.internal.PlatformDependent0 - sun.misc.Unsafe.theUnsafe: available
18:07:43.275 [main] DEBUG io.netty.util.internal.PlatformDependent0 - sun.misc.Unsafe.copyMemory: available
18:07:43.275 [main] DEBUG io.netty.util.internal.PlatformDependent0 - sun.misc.Unsafe.storeFence: available
18:07:43.275 [main] DEBUG io.netty.util.internal.PlatformDependent0 - java.nio.Buffer.address: available
18:07:43.275 [main] DEBUG io.netty.util.internal.PlatformDependent0 - direct buffer constructor: available
18:07:43.275 [main] DEBUG io.netty.util.internal.PlatformDependent0 - java.nio.Bits.unaligned: available, true
18:07:43.275 [main] DEBUG io.netty.util.internal.PlatformDependent0 - jdk.internal.misc.Unsafe.allocateUninitializedArray(int): unavailable prior to Java9
18:07:43.275 [main] DEBUG io.netty.util.internal.PlatformDependent0 - java.nio.DirectByteBuffer.<init>(long, {int,long}): available
18:07:43.275 [main] DEBUG io.netty.util.internal.CleanerJava6 - java.nio.ByteBuffer.cleaner(): available
18:07:43.275 [main] DEBUG io.netty.util.internal.PlatformDependent - sun.misc.Unsafe: available
18:07:43.275 [main] DEBUG io.netty.util.internal.PlatformDependent - -Dio.netty.tmpdir: /tmp (java.io.tmpdir)
18:07:43.275 [main] DEBUG io.netty.util.internal.PlatformDependent - -Dio.netty.bitMode: 64 (sun.arch.data.model)
18:07:43.275 [main] DEBUG io.netty.util.internal.PlatformDependent - -Dio.netty.maxDirectMemory: 11420041216 bytes
18:07:43.275 [main] DEBUG io.netty.util.internal.PlatformDependent - -Dio.netty.uninitializedArrayAllocationThreshold: -1
18:07:43.275 [main] DEBUG io.netty.util.internal.PlatformDependent - -Dio.netty.noPreferDirect: false
18:07:43.276 [main] DEBUG io.netty.util.internal.CleanerJava9 - java.nio.ByteBuffer.cleaner(): unavailable
java.lang.NoSuchMethodException: sun.misc.Unsafe.invokeCleaner(java.nio.ByteBuffer)
	at java.lang.Class.getDeclaredMethod(Class.java:2130)
	at io.netty.util.internal.CleanerJava9$1.run(CleanerJava9.java:45)
	at java.security.AccessController.doPrivileged(Native Method)
	at io.netty.util.internal.CleanerJava9.__STATIC_RESET(CleanerJava9.java:40)
	at sun.reflect.GeneratedMethodAccessor27.invoke(Unknown Source)
	at sun.reflect.DelegatingMethodAccessorImpl.invoke(DelegatingMethodAccessorImpl.java:43)
	at java.lang.reflect.Method.invoke(Method.java:498)
	at org.evosuite.runtime.classhandling.ClassResetter.reset(ClassResetter.java:159)
	at org.evosuite.runtime.classhandling.ClassStateSupport.resetClasses(ClassStateSupport.java:137)
	at io.netty.handler.codec.http.multipart.AbstractDiskHttpData_ESTest_scaffolding.resetClasses(AbstractDiskHttpData_ESTest_scaffolding.java:318)
	at io.netty.handler.codec.http.multipart.AbstractDiskHttpData_ESTest_scaffolding.doneWithTestCase(AbstractDiskHttpData_ESTest_scaffolding.java:74)
	at sun.reflect.GeneratedMethodAccessor6.invoke(Unknown Source)
	at sun.reflect.DelegatingMethodAccessorImpl.invoke(DelegatingMethodAccessorImpl.java:43)
	at java.lang.reflect.Method.invoke(Method.java:498)
	at org.junit.runners.model.FrameworkMethod$1.runReflectiveCall(FrameworkMethod.java:59)
	at org.junit.internal.runners.model.ReflectiveCallable.run(ReflectiveCallable.java:12)
	at org.junit.runners.model.FrameworkMethod.invokeExplosively(FrameworkMethod.java:56)
	at org.junit.internal.runners.statements.RunAfters.invokeMethod(RunAfters.java:46)
	at org.junit.internal.runners.statements.RunAfters.evaluate(RunAfters.java:33)
	at org.evosuite.runtime.vnet.NonFunctionalRequirementRule$1.evaluate(NonFunctionalRequirementRule.java:41)
	at org.junit.runners.ParentRunner$3.evaluate(ParentRunner.java:306)
	at org.junit.runners.BlockJUnit4ClassRunner$1.evaluate(BlockJUnit4ClassRunner.java:100)
	at org.junit.runners.ParentRunner.runLeaf(ParentRunner.java:366)
	at org.junit.runners.BlockJUnit4ClassRunner.runChild(BlockJUnit4ClassRunner.java:103)
	at org.junit.runners.BlockJUnit4ClassRunner.runChild(BlockJUnit4ClassRunner.java:63)
	at org.junit.runners.ParentRunner$4.run(ParentRunner.java:331)
	at org.junit.runners.ParentRunner$1.schedule(ParentRunner.java:79)
	at org.junit.runners.ParentRunner.runChildren(ParentRunner.java:329)
	at org.junit.runners.ParentRunner.access$100(ParentRunner.java:66)
	at org.junit.runners.ParentRunner$2.evaluate(ParentRunner.java:293)
	at org.junit.internal.runners.statements.RunBefores.evaluate(RunBefores.java:26)
	at org.junit.internal.runners.statements.RunAfters.evaluate(RunAfters.java:27)
	at org.junit.runners.ParentRunner$3.evaluate(ParentRunner.java:306)
	at org.junit.runners.ParentRunner.run(ParentRunner.java:413)
	at org.apache.maven.surefire.junit4.JUnit4Provider.execute(JUnit4Provider.java:316)
	at org.apache.maven.surefire.junit4.JUnit4Provider.executeWithRerun(JUnit4Provider.java:240)
	at org.apache.maven.surefire.junit4.JUnit4Provider.executeTestSet(JUnit4Provider.java:214)
	at org.apache.maven.surefire.junit4.JUnit4Provider.invoke(JUnit4Provider.java:155)
	at org.apache.maven.surefire.booter.ForkedBooter.runSuitesInProcess(ForkedBooter.java:385)
	at org.apache.maven.surefire.booter.ForkedBooter.execute(ForkedBooter.java:162)
	at org.apache.maven.surefire.booter.ForkedBooter.run(ForkedBooter.java:507)
	at org.apache.maven.surefire.booter.ForkedBooter.main(ForkedBooter.java:495)
18:07:43.276 [main] DEBUG io.netty.util.ResourceLeakDetector - -Dio.netty.leakDetection.level: simple
18:07:43.276 [main] DEBUG io.netty.util.ResourceLeakDetector - -Dio.netty.leakDetection.targetRecords: 4
18:07:43.276 [main] DEBUG io.netty.buffer.AbstractByteBuf - -Dio.netty.buffer.checkAccessible: true
18:07:43.276 [main] DEBUG io.netty.buffer.AbstractByteBuf - -Dio.netty.buffer.checkBounds: true
18:07:43.276 [main] DEBUG io.netty.util.ResourceLeakDetectorFactory - Loaded default ResourceLeakDetector: io.netty.util.ResourceLeakDetector@5
18:07:43.276 [main] DEBUG io.netty.util.internal.InternalThreadLocalMap - -Dio.netty.threadLocalMap.stringBuilder.initialSize: 1024
18:07:43.276 [main] DEBUG io.netty.util.internal.InternalThreadLocalMap - -Dio.netty.threadLocalMap.stringBuilder.maxSize: 4096
18:07:43.276 [main] DEBUG io.netty.buffer.PooledByteBufAllocator - -Dio.netty.allocator.numHeapArenas: 0
18:07:43.276 [main] DEBUG io.netty.buffer.PooledByteBufAllocator - -Dio.netty.allocator.numDirectArenas: 2
18:07:43.276 [main] DEBUG io.netty.buffer.PooledByteBufAllocator - -Dio.netty.allocator.pageSize: 8192
18:07:43.276 [main] DEBUG io.netty.buffer.PooledByteBufAllocator - -Dio.netty.allocator.maxOrder: 9
18:07:43.276 [main] DEBUG io.netty.buffer.PooledByteBufAllocator - -Dio.netty.allocator.chunkSize: 4194304
18:07:43.276 [main] DEBUG io.netty.buffer.PooledByteBufAllocator - -Dio.netty.allocator.smallCacheSize: 256
18:07:43.276 [main] DEBUG io.netty.buffer.PooledByteBufAllocator - -Dio.netty.allocator.normalCacheSize: 64
18:07:43.276 [main] DEBUG io.netty.buffer.PooledByteBufAllocator - -Dio.netty.allocator.maxCachedBufferCapacity: 32768
18:07:43.276 [main] DEBUG io.netty.buffer.PooledByteBufAllocator - -Dio.netty.allocator.cacheTrimInterval: 8192
18:07:43.276 [main] DEBUG io.netty.buffer.PooledByteBufAllocator - -Dio.netty.allocator.cacheTrimIntervalMillis: 0
18:07:43.276 [main] DEBUG io.netty.buffer.PooledByteBufAllocator - -Dio.netty.allocator.useCacheForAllThreads: false
18:07:43.276 [main] DEBUG io.netty.buffer.PooledByteBufAllocator - -Dio.netty.allocator.maxCachedByteBuffersPerChunk: 1023
18:07:43.277 [main] DEBUG io.netty.buffer.ByteBufUtil - -Dio.netty.allocator.type: pooled
18:07:43.277 [main] DEBUG io.netty.buffer.ByteBufUtil - -Dio.netty.threadLocalDirectBufferSize: 0
18:07:43.277 [main] DEBUG io.netty.buffer.ByteBufUtil - -Dio.netty.maxThreadLocalCharBufferSize: 16384
18:07:43.278 [main] DEBUG io.netty.util.Recycler - -Dio.netty.recycler.maxCapacityPerThread: 4096
18:07:43.278 [main] DEBUG io.netty.util.Recycler - -Dio.netty.recycler.ratio: 8
18:07:43.278 [main] DEBUG io.netty.util.Recycler - -Dio.netty.recycler.chunkSize: 32
18:07:43.278 [main] DEBUG io.netty.util.Recycler - -Dio.netty.recycler.blocking: false
18:07:43.278 [main] DEBUG io.netty.util.Recycler - -Dio.netty.recycler.batchFastThreadLocalOnly: true
18:07:43.278 [main] DEBUG io.netty.util.internal.PlatformDependent - org.jctools-core.MpscChunkedArrayQueue: available
]]></system-out>
  </testcase>
  <testcase name="test10" classname="io.netty.handler.codec.http.multipart.AbstractDiskHttpData_ESTest" time="0.015">
    <system-out><![CDATA[18:07:43.289 [main] DEBUG io.netty.util.internal.logging.InternalLoggerFactory - Using SLF4J as the default logging framework
18:07:43.289 [main] DEBUG io.netty.util.internal.PlatformDependent0 - -Dio.netty.noUnsafe: false
18:07:43.290 [main] DEBUG io.netty.util.internal.PlatformDependent0 - Java version: 8
18:07:43.290 [main] DEBUG io.netty.util.internal.PlatformDependent0 - sun.misc.Unsafe.theUnsafe: available
18:07:43.290 [main] DEBUG io.netty.util.internal.PlatformDependent0 - sun.misc.Unsafe.copyMemory: available
18:07:43.290 [main] DEBUG io.netty.util.internal.PlatformDependent0 - sun.misc.Unsafe.storeFence: available
18:07:43.290 [main] DEBUG io.netty.util.internal.PlatformDependent0 - java.nio.Buffer.address: available
18:07:43.290 [main] DEBUG io.netty.util.internal.PlatformDependent0 - direct buffer constructor: available
18:07:43.290 [main] DEBUG io.netty.util.internal.PlatformDependent0 - java.nio.Bits.unaligned: available, true
18:07:43.290 [main] DEBUG io.netty.util.internal.PlatformDependent0 - jdk.internal.misc.Unsafe.allocateUninitializedArray(int): unavailable prior to Java9
18:07:43.290 [main] DEBUG io.netty.util.internal.PlatformDependent0 - java.nio.DirectByteBuffer.<init>(long, {int,long}): available
18:07:43.290 [main] DEBUG io.netty.util.internal.CleanerJava6 - java.nio.ByteBuffer.cleaner(): available
18:07:43.290 [main] DEBUG io.netty.util.internal.PlatformDependent - sun.misc.Unsafe: available
18:07:43.290 [main] DEBUG io.netty.util.internal.PlatformDependent - -Dio.netty.tmpdir: /tmp (java.io.tmpdir)
18:07:43.290 [main] DEBUG io.netty.util.internal.PlatformDependent - -Dio.netty.bitMode: 64 (sun.arch.data.model)
18:07:43.290 [main] DEBUG io.netty.util.internal.PlatformDependent - -Dio.netty.maxDirectMemory: 11420041216 bytes
18:07:43.290 [main] DEBUG io.netty.util.internal.PlatformDependent - -Dio.netty.uninitializedArrayAllocationThreshold: -1
18:07:43.290 [main] DEBUG io.netty.util.internal.PlatformDependent - -Dio.netty.noPreferDirect: false
18:07:43.291 [main] DEBUG io.netty.util.internal.CleanerJava9 - java.nio.ByteBuffer.cleaner(): unavailable
java.lang.NoSuchMethodException: sun.misc.Unsafe.invokeCleaner(java.nio.ByteBuffer)
	at java.lang.Class.getDeclaredMethod(Class.java:2130)
	at io.netty.util.internal.CleanerJava9$1.run(CleanerJava9.java:45)
	at java.security.AccessController.doPrivileged(Native Method)
	at io.netty.util.internal.CleanerJava9.__STATIC_RESET(CleanerJava9.java:40)
	at sun.reflect.GeneratedMethodAccessor27.invoke(Unknown Source)
	at sun.reflect.DelegatingMethodAccessorImpl.invoke(DelegatingMethodAccessorImpl.java:43)
	at java.lang.reflect.Method.invoke(Method.java:498)
	at org.evosuite.runtime.classhandling.ClassResetter.reset(ClassResetter.java:159)
	at org.evosuite.runtime.classhandling.ClassStateSupport.resetClasses(ClassStateSupport.java:137)
	at io.netty.handler.codec.http.multipart.AbstractDiskHttpData_ESTest_scaffolding.resetClasses(AbstractDiskHttpData_ESTest_scaffolding.java:318)
	at io.netty.handler.codec.http.multipart.AbstractDiskHttpData_ESTest_scaffolding.doneWithTestCase(AbstractDiskHttpData_ESTest_scaffolding.java:74)
	at sun.reflect.GeneratedMethodAccessor6.invoke(Unknown Source)
	at sun.reflect.DelegatingMethodAccessorImpl.invoke(DelegatingMethodAccessorImpl.java:43)
	at java.lang.reflect.Method.invoke(Method.java:498)
	at org.junit.runners.model.FrameworkMethod$1.runReflectiveCall(FrameworkMethod.java:59)
	at org.junit.internal.runners.model.ReflectiveCallable.run(ReflectiveCallable.java:12)
	at org.junit.runners.model.FrameworkMethod.invokeExplosively(FrameworkMethod.java:56)
	at org.junit.internal.runners.statements.RunAfters.invokeMethod(RunAfters.java:46)
	at org.junit.internal.runners.statements.RunAfters.evaluate(RunAfters.java:33)
	at org.evosuite.runtime.vnet.NonFunctionalRequirementRule$1.evaluate(NonFunctionalRequirementRule.java:41)
	at org.junit.runners.ParentRunner$3.evaluate(ParentRunner.java:306)
	at org.junit.runners.BlockJUnit4ClassRunner$1.evaluate(BlockJUnit4ClassRunner.java:100)
	at org.junit.runners.ParentRunner.runLeaf(ParentRunner.java:366)
	at org.junit.runners.BlockJUnit4ClassRunner.runChild(BlockJUnit4ClassRunner.java:103)
	at org.junit.runners.BlockJUnit4ClassRunner.runChild(BlockJUnit4ClassRunner.java:63)
	at org.junit.runners.ParentRunner$4.run(ParentRunner.java:331)
	at org.junit.runners.ParentRunner$1.schedule(ParentRunner.java:79)
	at org.junit.runners.ParentRunner.runChildren(ParentRunner.java:329)
	at org.junit.runners.ParentRunner.access$100(ParentRunner.java:66)
	at org.junit.runners.ParentRunner$2.evaluate(ParentRunner.java:293)
	at org.junit.internal.runners.statements.RunBefores.evaluate(RunBefores.java:26)
	at org.junit.internal.runners.statements.RunAfters.evaluate(RunAfters.java:27)
	at org.junit.runners.ParentRunner$3.evaluate(ParentRunner.java:306)
	at org.junit.runners.ParentRunner.run(ParentRunner.java:413)
	at org.apache.maven.surefire.junit4.JUnit4Provider.execute(JUnit4Provider.java:316)
	at org.apache.maven.surefire.junit4.JUnit4Provider.executeWithRerun(JUnit4Provider.java:240)
	at org.apache.maven.surefire.junit4.JUnit4Provider.executeTestSet(JUnit4Provider.java:214)
	at org.apache.maven.surefire.junit4.JUnit4Provider.invoke(JUnit4Provider.java:155)
	at org.apache.maven.surefire.booter.ForkedBooter.runSuitesInProcess(ForkedBooter.java:385)
	at org.apache.maven.surefire.booter.ForkedBooter.execute(ForkedBooter.java:162)
	at org.apache.maven.surefire.booter.ForkedBooter.run(ForkedBooter.java:507)
	at org.apache.maven.surefire.booter.ForkedBooter.main(ForkedBooter.java:495)
18:07:43.291 [main] DEBUG io.netty.util.ResourceLeakDetector - -Dio.netty.leakDetection.level: simple
18:07:43.291 [main] DEBUG io.netty.util.ResourceLeakDetector - -Dio.netty.leakDetection.targetRecords: 4
18:07:43.292 [main] DEBUG io.netty.buffer.AbstractByteBuf - -Dio.netty.buffer.checkAccessible: true
18:07:43.292 [main] DEBUG io.netty.buffer.AbstractByteBuf - -Dio.netty.buffer.checkBounds: true
18:07:43.292 [main] DEBUG io.netty.util.ResourceLeakDetectorFactory - Loaded default ResourceLeakDetector: io.netty.util.ResourceLeakDetector@5
18:07:43.292 [main] DEBUG io.netty.util.internal.InternalThreadLocalMap - -Dio.netty.threadLocalMap.stringBuilder.initialSize: 1024
18:07:43.292 [main] DEBUG io.netty.util.internal.InternalThreadLocalMap - -Dio.netty.threadLocalMap.stringBuilder.maxSize: 4096
18:07:43.292 [main] DEBUG io.netty.buffer.PooledByteBufAllocator - -Dio.netty.allocator.numHeapArenas: 0
18:07:43.292 [main] DEBUG io.netty.buffer.PooledByteBufAllocator - -Dio.netty.allocator.numDirectArenas: 2
18:07:43.292 [main] DEBUG io.netty.buffer.PooledByteBufAllocator - -Dio.netty.allocator.pageSize: 8192
18:07:43.292 [main] DEBUG io.netty.buffer.PooledByteBufAllocator - -Dio.netty.allocator.maxOrder: 9
18:07:43.292 [main] DEBUG io.netty.buffer.PooledByteBufAllocator - -Dio.netty.allocator.chunkSize: 4194304
18:07:43.292 [main] DEBUG io.netty.buffer.PooledByteBufAllocator - -Dio.netty.allocator.smallCacheSize: 256
18:07:43.292 [main] DEBUG io.netty.buffer.PooledByteBufAllocator - -Dio.netty.allocator.normalCacheSize: 64
18:07:43.292 [main] DEBUG io.netty.buffer.PooledByteBufAllocator - -Dio.netty.allocator.maxCachedBufferCapacity: 32768
18:07:43.292 [main] DEBUG io.netty.buffer.PooledByteBufAllocator - -Dio.netty.allocator.cacheTrimInterval: 8192
18:07:43.292 [main] DEBUG io.netty.buffer.PooledByteBufAllocator - -Dio.netty.allocator.cacheTrimIntervalMillis: 0
18:07:43.292 [main] DEBUG io.netty.buffer.PooledByteBufAllocator - -Dio.netty.allocator.useCacheForAllThreads: false
18:07:43.292 [main] DEBUG io.netty.buffer.PooledByteBufAllocator - -Dio.netty.allocator.maxCachedByteBuffersPerChunk: 1023
18:07:43.293 [main] DEBUG io.netty.buffer.ByteBufUtil - -Dio.netty.allocator.type: pooled
18:07:43.293 [main] DEBUG io.netty.buffer.ByteBufUtil - -Dio.netty.threadLocalDirectBufferSize: 0
18:07:43.293 [main] DEBUG io.netty.buffer.ByteBufUtil - -Dio.netty.maxThreadLocalCharBufferSize: 16384
18:07:43.293 [main] DEBUG io.netty.util.Recycler - -Dio.netty.recycler.maxCapacityPerThread: 4096
18:07:43.293 [main] DEBUG io.netty.util.Recycler - -Dio.netty.recycler.ratio: 8
18:07:43.293 [main] DEBUG io.netty.util.Recycler - -Dio.netty.recycler.chunkSize: 32
18:07:43.293 [main] DEBUG io.netty.util.Recycler - -Dio.netty.recycler.blocking: false
18:07:43.293 [main] DEBUG io.netty.util.Recycler - -Dio.netty.recycler.batchFastThreadLocalOnly: true
18:07:43.294 [main] DEBUG io.netty.util.internal.PlatformDependent - org.jctools-core.MpscChunkedArrayQueue: available
]]></system-out>
  </testcase>
  <testcase name="test54" classname="io.netty.handler.codec.http.multipart.AbstractDiskHttpData_ESTest" time="0.013">
    <system-out><![CDATA[18:07:43.301 [main] DEBUG io.netty.util.internal.logging.InternalLoggerFactory - Using SLF4J as the default logging framework
18:07:43.301 [main] DEBUG io.netty.util.internal.PlatformDependent0 - -Dio.netty.noUnsafe: false
18:07:43.301 [main] DEBUG io.netty.util.internal.PlatformDependent0 - Java version: 8
18:07:43.302 [main] DEBUG io.netty.util.internal.PlatformDependent0 - sun.misc.Unsafe.theUnsafe: available
18:07:43.302 [main] DEBUG io.netty.util.internal.PlatformDependent0 - sun.misc.Unsafe.copyMemory: available
18:07:43.302 [main] DEBUG io.netty.util.internal.PlatformDependent0 - sun.misc.Unsafe.storeFence: available
18:07:43.302 [main] DEBUG io.netty.util.internal.PlatformDependent0 - java.nio.Buffer.address: available
18:07:43.302 [main] DEBUG io.netty.util.internal.PlatformDependent0 - direct buffer constructor: available
18:07:43.302 [main] DEBUG io.netty.util.internal.PlatformDependent0 - java.nio.Bits.unaligned: available, true
18:07:43.302 [main] DEBUG io.netty.util.internal.PlatformDependent0 - jdk.internal.misc.Unsafe.allocateUninitializedArray(int): unavailable prior to Java9
18:07:43.302 [main] DEBUG io.netty.util.internal.PlatformDependent0 - java.nio.DirectByteBuffer.<init>(long, {int,long}): available
18:07:43.302 [main] DEBUG io.netty.util.internal.CleanerJava6 - java.nio.ByteBuffer.cleaner(): available
18:07:43.302 [main] DEBUG io.netty.util.internal.PlatformDependent - sun.misc.Unsafe: available
18:07:43.302 [main] DEBUG io.netty.util.internal.PlatformDependent - -Dio.netty.tmpdir: /tmp (java.io.tmpdir)
18:07:43.302 [main] DEBUG io.netty.util.internal.PlatformDependent - -Dio.netty.bitMode: 64 (sun.arch.data.model)
18:07:43.302 [main] DEBUG io.netty.util.internal.PlatformDependent - -Dio.netty.maxDirectMemory: 11420041216 bytes
18:07:43.302 [main] DEBUG io.netty.util.internal.PlatformDependent - -Dio.netty.uninitializedArrayAllocationThreshold: -1
18:07:43.302 [main] DEBUG io.netty.util.internal.PlatformDependent - -Dio.netty.noPreferDirect: false
18:07:43.302 [main] DEBUG io.netty.util.internal.CleanerJava9 - java.nio.ByteBuffer.cleaner(): unavailable
java.lang.NoSuchMethodException: sun.misc.Unsafe.invokeCleaner(java.nio.ByteBuffer)
	at java.lang.Class.getDeclaredMethod(Class.java:2130)
	at io.netty.util.internal.CleanerJava9$1.run(CleanerJava9.java:45)
	at java.security.AccessController.doPrivileged(Native Method)
	at io.netty.util.internal.CleanerJava9.__STATIC_RESET(CleanerJava9.java:40)
	at sun.reflect.GeneratedMethodAccessor27.invoke(Unknown Source)
	at sun.reflect.DelegatingMethodAccessorImpl.invoke(DelegatingMethodAccessorImpl.java:43)
	at java.lang.reflect.Method.invoke(Method.java:498)
	at org.evosuite.runtime.classhandling.ClassResetter.reset(ClassResetter.java:159)
	at org.evosuite.runtime.classhandling.ClassStateSupport.resetClasses(ClassStateSupport.java:137)
	at io.netty.handler.codec.http.multipart.AbstractDiskHttpData_ESTest_scaffolding.resetClasses(AbstractDiskHttpData_ESTest_scaffolding.java:318)
	at io.netty.handler.codec.http.multipart.AbstractDiskHttpData_ESTest_scaffolding.doneWithTestCase(AbstractDiskHttpData_ESTest_scaffolding.java:74)
	at sun.reflect.GeneratedMethodAccessor6.invoke(Unknown Source)
	at sun.reflect.DelegatingMethodAccessorImpl.invoke(DelegatingMethodAccessorImpl.java:43)
	at java.lang.reflect.Method.invoke(Method.java:498)
	at org.junit.runners.model.FrameworkMethod$1.runReflectiveCall(FrameworkMethod.java:59)
	at org.junit.internal.runners.model.ReflectiveCallable.run(ReflectiveCallable.java:12)
	at org.junit.runners.model.FrameworkMethod.invokeExplosively(FrameworkMethod.java:56)
	at org.junit.internal.runners.statements.RunAfters.invokeMethod(RunAfters.java:46)
	at org.junit.internal.runners.statements.RunAfters.evaluate(RunAfters.java:33)
	at org.evosuite.runtime.vnet.NonFunctionalRequirementRule$1.evaluate(NonFunctionalRequirementRule.java:41)
	at org.junit.runners.ParentRunner$3.evaluate(ParentRunner.java:306)
	at org.junit.runners.BlockJUnit4ClassRunner$1.evaluate(BlockJUnit4ClassRunner.java:100)
	at org.junit.runners.ParentRunner.runLeaf(ParentRunner.java:366)
	at org.junit.runners.BlockJUnit4ClassRunner.runChild(BlockJUnit4ClassRunner.java:103)
	at org.junit.runners.BlockJUnit4ClassRunner.runChild(BlockJUnit4ClassRunner.java:63)
	at org.junit.runners.ParentRunner$4.run(ParentRunner.java:331)
	at org.junit.runners.ParentRunner$1.schedule(ParentRunner.java:79)
	at org.junit.runners.ParentRunner.runChildren(ParentRunner.java:329)
	at org.junit.runners.ParentRunner.access$100(ParentRunner.java:66)
	at org.junit.runners.ParentRunner$2.evaluate(ParentRunner.java:293)
	at org.junit.internal.runners.statements.RunBefores.evaluate(RunBefores.java:26)
	at org.junit.internal.runners.statements.RunAfters.evaluate(RunAfters.java:27)
	at org.junit.runners.ParentRunner$3.evaluate(ParentRunner.java:306)
	at org.junit.runners.ParentRunner.run(ParentRunner.java:413)
	at org.apache.maven.surefire.junit4.JUnit4Provider.execute(JUnit4Provider.java:316)
	at org.apache.maven.surefire.junit4.JUnit4Provider.executeWithRerun(JUnit4Provider.java:240)
	at org.apache.maven.surefire.junit4.JUnit4Provider.executeTestSet(JUnit4Provider.java:214)
	at org.apache.maven.surefire.junit4.JUnit4Provider.invoke(JUnit4Provider.java:155)
	at org.apache.maven.surefire.booter.ForkedBooter.runSuitesInProcess(ForkedBooter.java:385)
	at org.apache.maven.surefire.booter.ForkedBooter.execute(ForkedBooter.java:162)
	at org.apache.maven.surefire.booter.ForkedBooter.run(ForkedBooter.java:507)
	at org.apache.maven.surefire.booter.ForkedBooter.main(ForkedBooter.java:495)
18:07:43.303 [main] DEBUG io.netty.util.ResourceLeakDetector - -Dio.netty.leakDetection.level: simple
18:07:43.303 [main] DEBUG io.netty.util.ResourceLeakDetector - -Dio.netty.leakDetection.targetRecords: 4
18:07:43.303 [main] DEBUG io.netty.buffer.AbstractByteBuf - -Dio.netty.buffer.checkAccessible: true
18:07:43.303 [main] DEBUG io.netty.buffer.AbstractByteBuf - -Dio.netty.buffer.checkBounds: true
18:07:43.303 [main] DEBUG io.netty.util.ResourceLeakDetectorFactory - Loaded default ResourceLeakDetector: io.netty.util.ResourceLeakDetector@5
18:07:43.303 [main] DEBUG io.netty.util.internal.InternalThreadLocalMap - -Dio.netty.threadLocalMap.stringBuilder.initialSize: 1024
18:07:43.303 [main] DEBUG io.netty.util.internal.InternalThreadLocalMap - -Dio.netty.threadLocalMap.stringBuilder.maxSize: 4096
18:07:43.303 [main] DEBUG io.netty.buffer.PooledByteBufAllocator - -Dio.netty.allocator.numHeapArenas: 0
18:07:43.303 [main] DEBUG io.netty.buffer.PooledByteBufAllocator - -Dio.netty.allocator.numDirectArenas: 2
18:07:43.303 [main] DEBUG io.netty.buffer.PooledByteBufAllocator - -Dio.netty.allocator.pageSize: 8192
18:07:43.303 [main] DEBUG io.netty.buffer.PooledByteBufAllocator - -Dio.netty.allocator.maxOrder: 9
18:07:43.303 [main] DEBUG io.netty.buffer.PooledByteBufAllocator - -Dio.netty.allocator.chunkSize: 4194304
18:07:43.303 [main] DEBUG io.netty.buffer.PooledByteBufAllocator - -Dio.netty.allocator.smallCacheSize: 256
18:07:43.303 [main] DEBUG io.netty.buffer.PooledByteBufAllocator - -Dio.netty.allocator.normalCacheSize: 64
18:07:43.303 [main] DEBUG io.netty.buffer.PooledByteBufAllocator - -Dio.netty.allocator.maxCachedBufferCapacity: 32768
18:07:43.303 [main] DEBUG io.netty.buffer.PooledByteBufAllocator - -Dio.netty.allocator.cacheTrimInterval: 8192
18:07:43.303 [main] DEBUG io.netty.buffer.PooledByteBufAllocator - -Dio.netty.allocator.cacheTrimIntervalMillis: 0
18:07:43.303 [main] DEBUG io.netty.buffer.PooledByteBufAllocator - -Dio.netty.allocator.useCacheForAllThreads: false
18:07:43.303 [main] DEBUG io.netty.buffer.PooledByteBufAllocator - -Dio.netty.allocator.maxCachedByteBuffersPerChunk: 1023
18:07:43.304 [main] DEBUG io.netty.buffer.ByteBufUtil - -Dio.netty.allocator.type: pooled
18:07:43.304 [main] DEBUG io.netty.buffer.ByteBufUtil - -Dio.netty.threadLocalDirectBufferSize: 0
18:07:43.304 [main] DEBUG io.netty.buffer.ByteBufUtil - -Dio.netty.maxThreadLocalCharBufferSize: 16384
18:07:43.304 [main] DEBUG io.netty.util.Recycler - -Dio.netty.recycler.maxCapacityPerThread: 4096
18:07:43.304 [main] DEBUG io.netty.util.Recycler - -Dio.netty.recycler.ratio: 8
18:07:43.304 [main] DEBUG io.netty.util.Recycler - -Dio.netty.recycler.chunkSize: 32
18:07:43.304 [main] DEBUG io.netty.util.Recycler - -Dio.netty.recycler.blocking: false
18:07:43.304 [main] DEBUG io.netty.util.Recycler - -Dio.netty.recycler.batchFastThreadLocalOnly: true
18:07:43.304 [main] DEBUG io.netty.util.internal.PlatformDependent - org.jctools-core.MpscChunkedArrayQueue: available
]]></system-out>
  </testcase>
  <testcase name="test53" classname="io.netty.handler.codec.http.multipart.AbstractDiskHttpData_ESTest" time="0.014">
    <system-out><![CDATA[18:07:43.309 [main] DEBUG io.netty.util.internal.logging.InternalLoggerFactory - Using SLF4J as the default logging framework
18:07:43.309 [main] DEBUG io.netty.util.internal.PlatformDependent0 - -Dio.netty.noUnsafe: false
18:07:43.309 [main] DEBUG io.netty.util.internal.PlatformDependent0 - Java version: 8
18:07:43.309 [main] DEBUG io.netty.util.internal.PlatformDependent0 - sun.misc.Unsafe.theUnsafe: available
18:07:43.309 [main] DEBUG io.netty.util.internal.PlatformDependent0 - sun.misc.Unsafe.copyMemory: available
18:07:43.309 [main] DEBUG io.netty.util.internal.PlatformDependent0 - sun.misc.Unsafe.storeFence: available
18:07:43.309 [main] DEBUG io.netty.util.internal.PlatformDependent0 - java.nio.Buffer.address: available
18:07:43.309 [main] DEBUG io.netty.util.internal.PlatformDependent0 - direct buffer constructor: available
18:07:43.309 [main] DEBUG io.netty.util.internal.PlatformDependent0 - java.nio.Bits.unaligned: available, true
18:07:43.309 [main] DEBUG io.netty.util.internal.PlatformDependent0 - jdk.internal.misc.Unsafe.allocateUninitializedArray(int): unavailable prior to Java9
18:07:43.309 [main] DEBUG io.netty.util.internal.PlatformDependent0 - java.nio.DirectByteBuffer.<init>(long, {int,long}): available
18:07:43.309 [main] DEBUG io.netty.util.internal.CleanerJava6 - java.nio.ByteBuffer.cleaner(): available
18:07:43.309 [main] DEBUG io.netty.util.internal.PlatformDependent - sun.misc.Unsafe: available
18:07:43.309 [main] DEBUG io.netty.util.internal.PlatformDependent - -Dio.netty.tmpdir: /tmp (java.io.tmpdir)
18:07:43.309 [main] DEBUG io.netty.util.internal.PlatformDependent - -Dio.netty.bitMode: 64 (sun.arch.data.model)
18:07:43.309 [main] DEBUG io.netty.util.internal.PlatformDependent - -Dio.netty.maxDirectMemory: 11420041216 bytes
18:07:43.309 [main] DEBUG io.netty.util.internal.PlatformDependent - -Dio.netty.uninitializedArrayAllocationThreshold: -1
18:07:43.309 [main] DEBUG io.netty.util.internal.PlatformDependent - -Dio.netty.noPreferDirect: false
18:07:43.309 [main] DEBUG io.netty.util.internal.CleanerJava9 - java.nio.ByteBuffer.cleaner(): unavailable
java.lang.NoSuchMethodException: sun.misc.Unsafe.invokeCleaner(java.nio.ByteBuffer)
	at java.lang.Class.getDeclaredMethod(Class.java:2130)
	at io.netty.util.internal.CleanerJava9$1.run(CleanerJava9.java:45)
	at java.security.AccessController.doPrivileged(Native Method)
	at io.netty.util.internal.CleanerJava9.__STATIC_RESET(CleanerJava9.java:40)
	at sun.reflect.GeneratedMethodAccessor27.invoke(Unknown Source)
	at sun.reflect.DelegatingMethodAccessorImpl.invoke(DelegatingMethodAccessorImpl.java:43)
	at java.lang.reflect.Method.invoke(Method.java:498)
	at org.evosuite.runtime.classhandling.ClassResetter.reset(ClassResetter.java:159)
	at org.evosuite.runtime.classhandling.ClassStateSupport.resetClasses(ClassStateSupport.java:137)
	at io.netty.handler.codec.http.multipart.AbstractDiskHttpData_ESTest_scaffolding.resetClasses(AbstractDiskHttpData_ESTest_scaffolding.java:318)
	at io.netty.handler.codec.http.multipart.AbstractDiskHttpData_ESTest_scaffolding.doneWithTestCase(AbstractDiskHttpData_ESTest_scaffolding.java:74)
	at sun.reflect.GeneratedMethodAccessor6.invoke(Unknown Source)
	at sun.reflect.DelegatingMethodAccessorImpl.invoke(DelegatingMethodAccessorImpl.java:43)
	at java.lang.reflect.Method.invoke(Method.java:498)
	at org.junit.runners.model.FrameworkMethod$1.runReflectiveCall(FrameworkMethod.java:59)
	at org.junit.internal.runners.model.ReflectiveCallable.run(ReflectiveCallable.java:12)
	at org.junit.runners.model.FrameworkMethod.invokeExplosively(FrameworkMethod.java:56)
	at org.junit.internal.runners.statements.RunAfters.invokeMethod(RunAfters.java:46)
	at org.junit.internal.runners.statements.RunAfters.evaluate(RunAfters.java:33)
	at org.evosuite.runtime.vnet.NonFunctionalRequirementRule$1.evaluate(NonFunctionalRequirementRule.java:41)
	at org.junit.runners.ParentRunner$3.evaluate(ParentRunner.java:306)
	at org.junit.runners.BlockJUnit4ClassRunner$1.evaluate(BlockJUnit4ClassRunner.java:100)
	at org.junit.runners.ParentRunner.runLeaf(ParentRunner.java:366)
	at org.junit.runners.BlockJUnit4ClassRunner.runChild(BlockJUnit4ClassRunner.java:103)
	at org.junit.runners.BlockJUnit4ClassRunner.runChild(BlockJUnit4ClassRunner.java:63)
	at org.junit.runners.ParentRunner$4.run(ParentRunner.java:331)
	at org.junit.runners.ParentRunner$1.schedule(ParentRunner.java:79)
	at org.junit.runners.ParentRunner.runChildren(ParentRunner.java:329)
	at org.junit.runners.ParentRunner.access$100(ParentRunner.java:66)
	at org.junit.runners.ParentRunner$2.evaluate(ParentRunner.java:293)
	at org.junit.internal.runners.statements.RunBefores.evaluate(RunBefores.java:26)
	at org.junit.internal.runners.statements.RunAfters.evaluate(RunAfters.java:27)
	at org.junit.runners.ParentRunner$3.evaluate(ParentRunner.java:306)
	at org.junit.runners.ParentRunner.run(ParentRunner.java:413)
	at org.apache.maven.surefire.junit4.JUnit4Provider.execute(JUnit4Provider.java:316)
	at org.apache.maven.surefire.junit4.JUnit4Provider.executeWithRerun(JUnit4Provider.java:240)
	at org.apache.maven.surefire.junit4.JUnit4Provider.executeTestSet(JUnit4Provider.java:214)
	at org.apache.maven.surefire.junit4.JUnit4Provider.invoke(JUnit4Provider.java:155)
	at org.apache.maven.surefire.booter.ForkedBooter.runSuitesInProcess(ForkedBooter.java:385)
	at org.apache.maven.surefire.booter.ForkedBooter.execute(ForkedBooter.java:162)
	at org.apache.maven.surefire.booter.ForkedBooter.run(ForkedBooter.java:507)
	at org.apache.maven.surefire.booter.ForkedBooter.main(ForkedBooter.java:495)
18:07:43.309 [main] DEBUG io.netty.util.ResourceLeakDetector - -Dio.netty.leakDetection.level: simple
18:07:43.309 [main] DEBUG io.netty.util.ResourceLeakDetector - -Dio.netty.leakDetection.targetRecords: 4
18:07:43.310 [main] DEBUG io.netty.buffer.AbstractByteBuf - -Dio.netty.buffer.checkAccessible: true
18:07:43.310 [main] DEBUG io.netty.buffer.AbstractByteBuf - -Dio.netty.buffer.checkBounds: true
18:07:43.310 [main] DEBUG io.netty.util.ResourceLeakDetectorFactory - Loaded default ResourceLeakDetector: io.netty.util.ResourceLeakDetector@5
18:07:43.310 [main] DEBUG io.netty.util.internal.InternalThreadLocalMap - -Dio.netty.threadLocalMap.stringBuilder.initialSize: 1024
18:07:43.310 [main] DEBUG io.netty.util.internal.InternalThreadLocalMap - -Dio.netty.threadLocalMap.stringBuilder.maxSize: 4096
18:07:43.310 [main] DEBUG io.netty.buffer.PooledByteBufAllocator - -Dio.netty.allocator.numHeapArenas: 0
18:07:43.310 [main] DEBUG io.netty.buffer.PooledByteBufAllocator - -Dio.netty.allocator.numDirectArenas: 2
18:07:43.310 [main] DEBUG io.netty.buffer.PooledByteBufAllocator - -Dio.netty.allocator.pageSize: 8192
18:07:43.310 [main] DEBUG io.netty.buffer.PooledByteBufAllocator - -Dio.netty.allocator.maxOrder: 9
18:07:43.310 [main] DEBUG io.netty.buffer.PooledByteBufAllocator - -Dio.netty.allocator.chunkSize: 4194304
18:07:43.310 [main] DEBUG io.netty.buffer.PooledByteBufAllocator - -Dio.netty.allocator.smallCacheSize: 256
18:07:43.310 [main] DEBUG io.netty.buffer.PooledByteBufAllocator - -Dio.netty.allocator.normalCacheSize: 64
18:07:43.310 [main] DEBUG io.netty.buffer.PooledByteBufAllocator - -Dio.netty.allocator.maxCachedBufferCapacity: 32768
18:07:43.310 [main] DEBUG io.netty.buffer.PooledByteBufAllocator - -Dio.netty.allocator.cacheTrimInterval: 8192
18:07:43.310 [main] DEBUG io.netty.buffer.PooledByteBufAllocator - -Dio.netty.allocator.cacheTrimIntervalMillis: 0
18:07:43.310 [main] DEBUG io.netty.buffer.PooledByteBufAllocator - -Dio.netty.allocator.useCacheForAllThreads: false
18:07:43.310 [main] DEBUG io.netty.buffer.PooledByteBufAllocator - -Dio.netty.allocator.maxCachedByteBuffersPerChunk: 1023
18:07:43.311 [main] DEBUG io.netty.buffer.ByteBufUtil - -Dio.netty.allocator.type: pooled
18:07:43.311 [main] DEBUG io.netty.buffer.ByteBufUtil - -Dio.netty.threadLocalDirectBufferSize: 0
18:07:43.311 [main] DEBUG io.netty.buffer.ByteBufUtil - -Dio.netty.maxThreadLocalCharBufferSize: 16384
18:07:43.312 [main] DEBUG io.netty.util.Recycler - -Dio.netty.recycler.maxCapacityPerThread: 4096
18:07:43.312 [main] DEBUG io.netty.util.Recycler - -Dio.netty.recycler.ratio: 8
18:07:43.312 [main] DEBUG io.netty.util.Recycler - -Dio.netty.recycler.chunkSize: 32
18:07:43.312 [main] DEBUG io.netty.util.Recycler - -Dio.netty.recycler.blocking: false
18:07:43.312 [main] DEBUG io.netty.util.Recycler - -Dio.netty.recycler.batchFastThreadLocalOnly: true
18:07:43.312 [main] DEBUG io.netty.util.internal.PlatformDependent - org.jctools-core.MpscChunkedArrayQueue: available
]]></system-out>
  </testcase>
  <testcase name="test12" classname="io.netty.handler.codec.http.multipart.AbstractDiskHttpData_ESTest" time="0.011">
    <system-out><![CDATA[18:07:43.317 [main] DEBUG io.netty.util.internal.logging.InternalLoggerFactory - Using SLF4J as the default logging framework
18:07:43.317 [main] DEBUG io.netty.util.internal.PlatformDependent0 - -Dio.netty.noUnsafe: false
18:07:43.317 [main] DEBUG io.netty.util.internal.PlatformDependent0 - Java version: 8
18:07:43.317 [main] DEBUG io.netty.util.internal.PlatformDependent0 - sun.misc.Unsafe.theUnsafe: available
18:07:43.317 [main] DEBUG io.netty.util.internal.PlatformDependent0 - sun.misc.Unsafe.copyMemory: available
18:07:43.317 [main] DEBUG io.netty.util.internal.PlatformDependent0 - sun.misc.Unsafe.storeFence: available
18:07:43.317 [main] DEBUG io.netty.util.internal.PlatformDependent0 - java.nio.Buffer.address: available
18:07:43.317 [main] DEBUG io.netty.util.internal.PlatformDependent0 - direct buffer constructor: available
18:07:43.317 [main] DEBUG io.netty.util.internal.PlatformDependent0 - java.nio.Bits.unaligned: available, true
18:07:43.317 [main] DEBUG io.netty.util.internal.PlatformDependent0 - jdk.internal.misc.Unsafe.allocateUninitializedArray(int): unavailable prior to Java9
18:07:43.317 [main] DEBUG io.netty.util.internal.PlatformDependent0 - java.nio.DirectByteBuffer.<init>(long, {int,long}): available
18:07:43.317 [main] DEBUG io.netty.util.internal.CleanerJava6 - java.nio.ByteBuffer.cleaner(): available
18:07:43.317 [main] DEBUG io.netty.util.internal.PlatformDependent - sun.misc.Unsafe: available
18:07:43.317 [main] DEBUG io.netty.util.internal.PlatformDependent - -Dio.netty.tmpdir: /tmp (java.io.tmpdir)
18:07:43.317 [main] DEBUG io.netty.util.internal.PlatformDependent - -Dio.netty.bitMode: 64 (sun.arch.data.model)
18:07:43.317 [main] DEBUG io.netty.util.internal.PlatformDependent - -Dio.netty.maxDirectMemory: 11420041216 bytes
18:07:43.317 [main] DEBUG io.netty.util.internal.PlatformDependent - -Dio.netty.uninitializedArrayAllocationThreshold: -1
18:07:43.317 [main] DEBUG io.netty.util.internal.PlatformDependent - -Dio.netty.noPreferDirect: false
18:07:43.318 [main] DEBUG io.netty.util.internal.CleanerJava9 - java.nio.ByteBuffer.cleaner(): unavailable
java.lang.NoSuchMethodException: sun.misc.Unsafe.invokeCleaner(java.nio.ByteBuffer)
	at java.lang.Class.getDeclaredMethod(Class.java:2130)
	at io.netty.util.internal.CleanerJava9$1.run(CleanerJava9.java:45)
	at java.security.AccessController.doPrivileged(Native Method)
	at io.netty.util.internal.CleanerJava9.__STATIC_RESET(CleanerJava9.java:40)
	at sun.reflect.GeneratedMethodAccessor27.invoke(Unknown Source)
	at sun.reflect.DelegatingMethodAccessorImpl.invoke(DelegatingMethodAccessorImpl.java:43)
	at java.lang.reflect.Method.invoke(Method.java:498)
	at org.evosuite.runtime.classhandling.ClassResetter.reset(ClassResetter.java:159)
	at org.evosuite.runtime.classhandling.ClassStateSupport.resetClasses(ClassStateSupport.java:137)
	at io.netty.handler.codec.http.multipart.AbstractDiskHttpData_ESTest_scaffolding.resetClasses(AbstractDiskHttpData_ESTest_scaffolding.java:318)
	at io.netty.handler.codec.http.multipart.AbstractDiskHttpData_ESTest_scaffolding.doneWithTestCase(AbstractDiskHttpData_ESTest_scaffolding.java:74)
	at sun.reflect.GeneratedMethodAccessor6.invoke(Unknown Source)
	at sun.reflect.DelegatingMethodAccessorImpl.invoke(DelegatingMethodAccessorImpl.java:43)
	at java.lang.reflect.Method.invoke(Method.java:498)
	at org.junit.runners.model.FrameworkMethod$1.runReflectiveCall(FrameworkMethod.java:59)
	at org.junit.internal.runners.model.ReflectiveCallable.run(ReflectiveCallable.java:12)
	at org.junit.runners.model.FrameworkMethod.invokeExplosively(FrameworkMethod.java:56)
	at org.junit.internal.runners.statements.RunAfters.invokeMethod(RunAfters.java:46)
	at org.junit.internal.runners.statements.RunAfters.evaluate(RunAfters.java:33)
	at org.evosuite.runtime.vnet.NonFunctionalRequirementRule$1.evaluate(NonFunctionalRequirementRule.java:41)
	at org.junit.runners.ParentRunner$3.evaluate(ParentRunner.java:306)
	at org.junit.runners.BlockJUnit4ClassRunner$1.evaluate(BlockJUnit4ClassRunner.java:100)
	at org.junit.runners.ParentRunner.runLeaf(ParentRunner.java:366)
	at org.junit.runners.BlockJUnit4ClassRunner.runChild(BlockJUnit4ClassRunner.java:103)
	at org.junit.runners.BlockJUnit4ClassRunner.runChild(BlockJUnit4ClassRunner.java:63)
	at org.junit.runners.ParentRunner$4.run(ParentRunner.java:331)
	at org.junit.runners.ParentRunner$1.schedule(ParentRunner.java:79)
	at org.junit.runners.ParentRunner.runChildren(ParentRunner.java:329)
	at org.junit.runners.ParentRunner.access$100(ParentRunner.java:66)
	at org.junit.runners.ParentRunner$2.evaluate(ParentRunner.java:293)
	at org.junit.internal.runners.statements.RunBefores.evaluate(RunBefores.java:26)
	at org.junit.internal.runners.statements.RunAfters.evaluate(RunAfters.java:27)
	at org.junit.runners.ParentRunner$3.evaluate(ParentRunner.java:306)
	at org.junit.runners.ParentRunner.run(ParentRunner.java:413)
	at org.apache.maven.surefire.junit4.JUnit4Provider.execute(JUnit4Provider.java:316)
	at org.apache.maven.surefire.junit4.JUnit4Provider.executeWithRerun(JUnit4Provider.java:240)
	at org.apache.maven.surefire.junit4.JUnit4Provider.executeTestSet(JUnit4Provider.java:214)
	at org.apache.maven.surefire.junit4.JUnit4Provider.invoke(JUnit4Provider.java:155)
	at org.apache.maven.surefire.booter.ForkedBooter.runSuitesInProcess(ForkedBooter.java:385)
	at org.apache.maven.surefire.booter.ForkedBooter.execute(ForkedBooter.java:162)
	at org.apache.maven.surefire.booter.ForkedBooter.run(ForkedBooter.java:507)
	at org.apache.maven.surefire.booter.ForkedBooter.main(ForkedBooter.java:495)
18:07:43.318 [main] DEBUG io.netty.util.ResourceLeakDetector - -Dio.netty.leakDetection.level: simple
18:07:43.318 [main] DEBUG io.netty.util.ResourceLeakDetector - -Dio.netty.leakDetection.targetRecords: 4
18:07:43.319 [main] DEBUG io.netty.buffer.AbstractByteBuf - -Dio.netty.buffer.checkAccessible: true
18:07:43.319 [main] DEBUG io.netty.buffer.AbstractByteBuf - -Dio.netty.buffer.checkBounds: true
18:07:43.319 [main] DEBUG io.netty.util.ResourceLeakDetectorFactory - Loaded default ResourceLeakDetector: io.netty.util.ResourceLeakDetector@5
18:07:43.319 [main] DEBUG io.netty.util.internal.InternalThreadLocalMap - -Dio.netty.threadLocalMap.stringBuilder.initialSize: 1024
18:07:43.319 [main] DEBUG io.netty.util.internal.InternalThreadLocalMap - -Dio.netty.threadLocalMap.stringBuilder.maxSize: 4096
18:07:43.319 [main] DEBUG io.netty.buffer.PooledByteBufAllocator - -Dio.netty.allocator.numHeapArenas: 0
18:07:43.319 [main] DEBUG io.netty.buffer.PooledByteBufAllocator - -Dio.netty.allocator.numDirectArenas: 2
18:07:43.319 [main] DEBUG io.netty.buffer.PooledByteBufAllocator - -Dio.netty.allocator.pageSize: 8192
18:07:43.319 [main] DEBUG io.netty.buffer.PooledByteBufAllocator - -Dio.netty.allocator.maxOrder: 9
18:07:43.319 [main] DEBUG io.netty.buffer.PooledByteBufAllocator - -Dio.netty.allocator.chunkSize: 4194304
18:07:43.319 [main] DEBUG io.netty.buffer.PooledByteBufAllocator - -Dio.netty.allocator.smallCacheSize: 256
18:07:43.319 [main] DEBUG io.netty.buffer.PooledByteBufAllocator - -Dio.netty.allocator.normalCacheSize: 64
18:07:43.319 [main] DEBUG io.netty.buffer.PooledByteBufAllocator - -Dio.netty.allocator.maxCachedBufferCapacity: 32768
18:07:43.319 [main] DEBUG io.netty.buffer.PooledByteBufAllocator - -Dio.netty.allocator.cacheTrimInterval: 8192
18:07:43.319 [main] DEBUG io.netty.buffer.PooledByteBufAllocator - -Dio.netty.allocator.cacheTrimIntervalMillis: 0
18:07:43.319 [main] DEBUG io.netty.buffer.PooledByteBufAllocator - -Dio.netty.allocator.useCacheForAllThreads: false
18:07:43.319 [main] DEBUG io.netty.buffer.PooledByteBufAllocator - -Dio.netty.allocator.maxCachedByteBuffersPerChunk: 1023
18:07:43.320 [main] DEBUG io.netty.buffer.ByteBufUtil - -Dio.netty.allocator.type: pooled
18:07:43.320 [main] DEBUG io.netty.buffer.ByteBufUtil - -Dio.netty.threadLocalDirectBufferSize: 0
18:07:43.320 [main] DEBUG io.netty.buffer.ByteBufUtil - -Dio.netty.maxThreadLocalCharBufferSize: 16384
18:07:43.321 [main] DEBUG io.netty.util.Recycler - -Dio.netty.recycler.maxCapacityPerThread: 4096
18:07:43.321 [main] DEBUG io.netty.util.Recycler - -Dio.netty.recycler.ratio: 8
18:07:43.321 [main] DEBUG io.netty.util.Recycler - -Dio.netty.recycler.chunkSize: 32
18:07:43.321 [main] DEBUG io.netty.util.Recycler - -Dio.netty.recycler.blocking: false
18:07:43.321 [main] DEBUG io.netty.util.Recycler - -Dio.netty.recycler.batchFastThreadLocalOnly: true
18:07:43.321 [main] DEBUG io.netty.util.internal.PlatformDependent - org.jctools-core.MpscChunkedArrayQueue: available
]]></system-out>
  </testcase>
  <testcase name="test56" classname="io.netty.handler.codec.http.multipart.AbstractDiskHttpData_ESTest" time="0.013">
    <system-out><![CDATA[18:07:43.326 [Time-limited test] INFO org.evosuite.runtime.instrumentation.EvoClassLoader - Seeing class for first time: io.netty.handler.codec.http.multipart.AbstractDiskHttpData_ESTest$7
18:07:43.328 [Time-limited test] INFO org.evosuite.runtime.instrumentation.EvoClassLoader - Instrumenting class 'io.netty.handler.codec.http.multipart.AbstractDiskHttpData_ESTest$7'.
18:07:43.329 [Time-limited test] INFO org.evosuite.runtime.instrumentation.EvoClassLoader - Keeping class: io.netty.handler.codec.http.multipart.AbstractDiskHttpData_ESTest$7
18:07:43.330 [pool-2-thread-1] DEBUG org.evosuite.runtime.sandbox.MSecurityManager - Security manager blocks permission ("java.io.FilePermission" "/tmp/Attr_8505412137737354820_1623300927" "write")
java.lang.Thread.getStackTrace(Thread.java:1564)
org.evosuite.runtime.sandbox.MSecurityManager.checkPermission(MSecurityManager.java:424)
java.lang.SecurityManager.checkWrite(SecurityManager.java:979)
sun.nio.fs.UnixChannelFactory.open(UnixChannelFactory.java:247)
sun.nio.fs.UnixChannelFactory.newFileChannel(UnixChannelFactory.java:136)
sun.nio.fs.UnixChannelFactory.newFileChannel(UnixChannelFactory.java:148)
sun.nio.fs.UnixFileSystemProvider.newByteChannel(UnixFileSystemProvider.java:212)
java.nio.file.Files.newByteChannel(Files.java:361)
java.nio.file.Files.createFile(Files.java:632)
java.nio.file.TempFileHelper.create(TempFileHelper.java:138)
java.nio.file.TempFileHelper.createTempFile(TempFileHelper.java:161)
java.nio.file.Files.createTempFile(Files.java:897)
io.netty.util.internal.PlatformDependent.createTempFile(PlatformDependent.java:1499)
io.netty.handler.codec.http.multipart.AbstractDiskHttpData.tempFile(AbstractDiskHttpData.java:92)
io.netty.handler.codec.http.multipart.AbstractDiskHttpData.setContent(AbstractDiskHttpData.java:229)
io.netty.handler.codec.http.multipart.AbstractDiskHttpData_ESTest$7.run(AbstractDiskHttpData_ESTest.java:959)
java.util.concurrent.Executors$RunnableAdapter.call(Executors.java:511)
java.util.concurrent.FutureTask.run(FutureTask.java:266)
java.util.concurrent.ThreadPoolExecutor.runWorker(ThreadPoolExecutor.java:1149)
java.util.concurrent.ThreadPoolExecutor$Worker.run(ThreadPoolExecutor.java:624)
java.lang.Thread.run(Thread.java:750)

18:07:43.331 [main] DEBUG io.netty.util.internal.logging.InternalLoggerFactory - Using SLF4J as the default logging framework
18:07:43.331 [main] DEBUG io.netty.util.internal.PlatformDependent0 - -Dio.netty.noUnsafe: false
18:07:43.331 [main] DEBUG io.netty.util.internal.PlatformDependent0 - Java version: 8
18:07:43.331 [main] DEBUG io.netty.util.internal.PlatformDependent0 - sun.misc.Unsafe.theUnsafe: available
18:07:43.331 [main] DEBUG io.netty.util.internal.PlatformDependent0 - sun.misc.Unsafe.copyMemory: available
18:07:43.331 [main] DEBUG io.netty.util.internal.PlatformDependent0 - sun.misc.Unsafe.storeFence: available
18:07:43.331 [main] DEBUG io.netty.util.internal.PlatformDependent0 - java.nio.Buffer.address: available
18:07:43.331 [main] DEBUG io.netty.util.internal.PlatformDependent0 - direct buffer constructor: available
18:07:43.331 [main] DEBUG io.netty.util.internal.PlatformDependent0 - java.nio.Bits.unaligned: available, true
18:07:43.331 [main] DEBUG io.netty.util.internal.PlatformDependent0 - jdk.internal.misc.Unsafe.allocateUninitializedArray(int): unavailable prior to Java9
18:07:43.331 [main] DEBUG io.netty.util.internal.PlatformDependent0 - java.nio.DirectByteBuffer.<init>(long, {int,long}): available
18:07:43.331 [main] DEBUG io.netty.util.internal.CleanerJava6 - java.nio.ByteBuffer.cleaner(): available
18:07:43.331 [main] DEBUG io.netty.util.internal.PlatformDependent - sun.misc.Unsafe: available
18:07:43.331 [main] DEBUG io.netty.util.internal.PlatformDependent - -Dio.netty.tmpdir: /tmp (java.io.tmpdir)
18:07:43.331 [main] DEBUG io.netty.util.internal.PlatformDependent - -Dio.netty.bitMode: 64 (sun.arch.data.model)
18:07:43.332 [main] DEBUG io.netty.util.internal.PlatformDependent - -Dio.netty.maxDirectMemory: 11420041216 bytes
18:07:43.332 [main] DEBUG io.netty.util.internal.PlatformDependent - -Dio.netty.uninitializedArrayAllocationThreshold: -1
18:07:43.332 [main] DEBUG io.netty.util.internal.PlatformDependent - -Dio.netty.noPreferDirect: false
18:07:43.333 [main] DEBUG io.netty.util.internal.CleanerJava9 - java.nio.ByteBuffer.cleaner(): unavailable
java.lang.NoSuchMethodException: sun.misc.Unsafe.invokeCleaner(java.nio.ByteBuffer)
	at java.lang.Class.getDeclaredMethod(Class.java:2130)
	at io.netty.util.internal.CleanerJava9$1.run(CleanerJava9.java:45)
	at java.security.AccessController.doPrivileged(Native Method)
	at io.netty.util.internal.CleanerJava9.__STATIC_RESET(CleanerJava9.java:40)
	at sun.reflect.GeneratedMethodAccessor27.invoke(Unknown Source)
	at sun.reflect.DelegatingMethodAccessorImpl.invoke(DelegatingMethodAccessorImpl.java:43)
	at java.lang.reflect.Method.invoke(Method.java:498)
	at org.evosuite.runtime.classhandling.ClassResetter.reset(ClassResetter.java:159)
	at org.evosuite.runtime.classhandling.ClassStateSupport.resetClasses(ClassStateSupport.java:137)
	at io.netty.handler.codec.http.multipart.AbstractDiskHttpData_ESTest_scaffolding.resetClasses(AbstractDiskHttpData_ESTest_scaffolding.java:318)
	at io.netty.handler.codec.http.multipart.AbstractDiskHttpData_ESTest_scaffolding.doneWithTestCase(AbstractDiskHttpData_ESTest_scaffolding.java:74)
	at sun.reflect.GeneratedMethodAccessor6.invoke(Unknown Source)
	at sun.reflect.DelegatingMethodAccessorImpl.invoke(DelegatingMethodAccessorImpl.java:43)
	at java.lang.reflect.Method.invoke(Method.java:498)
	at org.junit.runners.model.FrameworkMethod$1.runReflectiveCall(FrameworkMethod.java:59)
	at org.junit.internal.runners.model.ReflectiveCallable.run(ReflectiveCallable.java:12)
	at org.junit.runners.model.FrameworkMethod.invokeExplosively(FrameworkMethod.java:56)
	at org.junit.internal.runners.statements.RunAfters.invokeMethod(RunAfters.java:46)
	at org.junit.internal.runners.statements.RunAfters.evaluate(RunAfters.java:33)
	at org.evosuite.runtime.vnet.NonFunctionalRequirementRule$1.evaluate(NonFunctionalRequirementRule.java:41)
	at org.junit.runners.ParentRunner$3.evaluate(ParentRunner.java:306)
	at org.junit.runners.BlockJUnit4ClassRunner$1.evaluate(BlockJUnit4ClassRunner.java:100)
	at org.junit.runners.ParentRunner.runLeaf(ParentRunner.java:366)
	at org.junit.runners.BlockJUnit4ClassRunner.runChild(BlockJUnit4ClassRunner.java:103)
	at org.junit.runners.BlockJUnit4ClassRunner.runChild(BlockJUnit4ClassRunner.java:63)
	at org.junit.runners.ParentRunner$4.run(ParentRunner.java:331)
	at org.junit.runners.ParentRunner$1.schedule(ParentRunner.java:79)
	at org.junit.runners.ParentRunner.runChildren(ParentRunner.java:329)
	at org.junit.runners.ParentRunner.access$100(ParentRunner.java:66)
	at org.junit.runners.ParentRunner$2.evaluate(ParentRunner.java:293)
	at org.junit.internal.runners.statements.RunBefores.evaluate(RunBefores.java:26)
	at org.junit.internal.runners.statements.RunAfters.evaluate(RunAfters.java:27)
	at org.junit.runners.ParentRunner$3.evaluate(ParentRunner.java:306)
	at org.junit.runners.ParentRunner.run(ParentRunner.java:413)
	at org.apache.maven.surefire.junit4.JUnit4Provider.execute(JUnit4Provider.java:316)
	at org.apache.maven.surefire.junit4.JUnit4Provider.executeWithRerun(JUnit4Provider.java:240)
	at org.apache.maven.surefire.junit4.JUnit4Provider.executeTestSet(JUnit4Provider.java:214)
	at org.apache.maven.surefire.junit4.JUnit4Provider.invoke(JUnit4Provider.java:155)
	at org.apache.maven.surefire.booter.ForkedBooter.runSuitesInProcess(ForkedBooter.java:385)
	at org.apache.maven.surefire.booter.ForkedBooter.execute(ForkedBooter.java:162)
	at org.apache.maven.surefire.booter.ForkedBooter.run(ForkedBooter.java:507)
	at org.apache.maven.surefire.booter.ForkedBooter.main(ForkedBooter.java:495)
18:07:43.333 [main] DEBUG io.netty.util.ResourceLeakDetector - -Dio.netty.leakDetection.level: simple
18:07:43.333 [main] DEBUG io.netty.util.ResourceLeakDetector - -Dio.netty.leakDetection.targetRecords: 4
18:07:43.333 [main] DEBUG io.netty.buffer.AbstractByteBuf - -Dio.netty.buffer.checkAccessible: true
18:07:43.333 [main] DEBUG io.netty.buffer.AbstractByteBuf - -Dio.netty.buffer.checkBounds: true
18:07:43.333 [main] DEBUG io.netty.util.ResourceLeakDetectorFactory - Loaded default ResourceLeakDetector: io.netty.util.ResourceLeakDetector@5
18:07:43.333 [main] DEBUG io.netty.util.internal.InternalThreadLocalMap - -Dio.netty.threadLocalMap.stringBuilder.initialSize: 1024
18:07:43.333 [main] DEBUG io.netty.util.internal.InternalThreadLocalMap - -Dio.netty.threadLocalMap.stringBuilder.maxSize: 4096
18:07:43.333 [main] DEBUG io.netty.buffer.PooledByteBufAllocator - -Dio.netty.allocator.numHeapArenas: 0
18:07:43.333 [main] DEBUG io.netty.buffer.PooledByteBufAllocator - -Dio.netty.allocator.numDirectArenas: 2
18:07:43.333 [main] DEBUG io.netty.buffer.PooledByteBufAllocator - -Dio.netty.allocator.pageSize: 8192
18:07:43.333 [main] DEBUG io.netty.buffer.PooledByteBufAllocator - -Dio.netty.allocator.maxOrder: 9
18:07:43.333 [main] DEBUG io.netty.buffer.PooledByteBufAllocator - -Dio.netty.allocator.chunkSize: 4194304
18:07:43.333 [main] DEBUG io.netty.buffer.PooledByteBufAllocator - -Dio.netty.allocator.smallCacheSize: 256
18:07:43.333 [main] DEBUG io.netty.buffer.PooledByteBufAllocator - -Dio.netty.allocator.normalCacheSize: 64
18:07:43.333 [main] DEBUG io.netty.buffer.PooledByteBufAllocator - -Dio.netty.allocator.maxCachedBufferCapacity: 32768
18:07:43.333 [main] DEBUG io.netty.buffer.PooledByteBufAllocator - -Dio.netty.allocator.cacheTrimInterval: 8192
18:07:43.333 [main] DEBUG io.netty.buffer.PooledByteBufAllocator - -Dio.netty.allocator.cacheTrimIntervalMillis: 0
18:07:43.333 [main] DEBUG io.netty.buffer.PooledByteBufAllocator - -Dio.netty.allocator.useCacheForAllThreads: false
18:07:43.333 [main] DEBUG io.netty.buffer.PooledByteBufAllocator - -Dio.netty.allocator.maxCachedByteBuffersPerChunk: 1023
18:07:43.334 [main] DEBUG io.netty.buffer.ByteBufUtil - -Dio.netty.allocator.type: pooled
18:07:43.334 [main] DEBUG io.netty.buffer.ByteBufUtil - -Dio.netty.threadLocalDirectBufferSize: 0
18:07:43.334 [main] DEBUG io.netty.buffer.ByteBufUtil - -Dio.netty.maxThreadLocalCharBufferSize: 16384
18:07:43.353 [main] DEBUG io.netty.util.Recycler - -Dio.netty.recycler.maxCapacityPerThread: 4096
18:07:43.354 [main] DEBUG io.netty.util.Recycler - -Dio.netty.recycler.ratio: 8
18:07:43.354 [main] DEBUG io.netty.util.Recycler - -Dio.netty.recycler.chunkSize: 32
18:07:43.354 [main] DEBUG io.netty.util.Recycler - -Dio.netty.recycler.blocking: false
18:07:43.355 [main] DEBUG io.netty.util.Recycler - -Dio.netty.recycler.batchFastThreadLocalOnly: true
18:07:43.356 [main] DEBUG io.netty.util.internal.PlatformDependent - org.jctools-core.MpscChunkedArrayQueue: available
]]></system-out>
  </testcase>
  <testcase name="test11" classname="io.netty.handler.codec.http.multipart.AbstractDiskHttpData_ESTest" time="0.013">
    <system-out><![CDATA[18:07:43.366 [main] DEBUG io.netty.util.internal.logging.InternalLoggerFactory - Using SLF4J as the default logging framework
18:07:43.366 [main] DEBUG io.netty.util.internal.PlatformDependent0 - -Dio.netty.noUnsafe: false
18:07:43.366 [main] DEBUG io.netty.util.internal.PlatformDependent0 - Java version: 8
18:07:43.366 [main] DEBUG io.netty.util.internal.PlatformDependent0 - sun.misc.Unsafe.theUnsafe: available
18:07:43.366 [main] DEBUG io.netty.util.internal.PlatformDependent0 - sun.misc.Unsafe.copyMemory: available
18:07:43.366 [main] DEBUG io.netty.util.internal.PlatformDependent0 - sun.misc.Unsafe.storeFence: available
18:07:43.366 [main] DEBUG io.netty.util.internal.PlatformDependent0 - java.nio.Buffer.address: available
18:07:43.367 [main] DEBUG io.netty.util.internal.PlatformDependent0 - direct buffer constructor: available
18:07:43.367 [main] DEBUG io.netty.util.internal.PlatformDependent0 - java.nio.Bits.unaligned: available, true
18:07:43.367 [main] DEBUG io.netty.util.internal.PlatformDependent0 - jdk.internal.misc.Unsafe.allocateUninitializedArray(int): unavailable prior to Java9
18:07:43.367 [main] DEBUG io.netty.util.internal.PlatformDependent0 - java.nio.DirectByteBuffer.<init>(long, {int,long}): available
18:07:43.367 [main] DEBUG io.netty.util.internal.CleanerJava6 - java.nio.ByteBuffer.cleaner(): available
18:07:43.367 [main] DEBUG io.netty.util.internal.PlatformDependent - sun.misc.Unsafe: available
18:07:43.367 [main] DEBUG io.netty.util.internal.PlatformDependent - -Dio.netty.tmpdir: /tmp (java.io.tmpdir)
18:07:43.367 [main] DEBUG io.netty.util.internal.PlatformDependent - -Dio.netty.bitMode: 64 (sun.arch.data.model)
18:07:43.367 [main] DEBUG io.netty.util.internal.PlatformDependent - -Dio.netty.maxDirectMemory: 11420041216 bytes
18:07:43.367 [main] DEBUG io.netty.util.internal.PlatformDependent - -Dio.netty.uninitializedArrayAllocationThreshold: -1
18:07:43.367 [main] DEBUG io.netty.util.internal.PlatformDependent - -Dio.netty.noPreferDirect: false
18:07:43.368 [main] DEBUG io.netty.util.internal.CleanerJava9 - java.nio.ByteBuffer.cleaner(): unavailable
java.lang.NoSuchMethodException: sun.misc.Unsafe.invokeCleaner(java.nio.ByteBuffer)
	at java.lang.Class.getDeclaredMethod(Class.java:2130)
	at io.netty.util.internal.CleanerJava9$1.run(CleanerJava9.java:45)
	at java.security.AccessController.doPrivileged(Native Method)
	at io.netty.util.internal.CleanerJava9.__STATIC_RESET(CleanerJava9.java:40)
	at sun.reflect.GeneratedMethodAccessor27.invoke(Unknown Source)
	at sun.reflect.DelegatingMethodAccessorImpl.invoke(DelegatingMethodAccessorImpl.java:43)
	at java.lang.reflect.Method.invoke(Method.java:498)
	at org.evosuite.runtime.classhandling.ClassResetter.reset(ClassResetter.java:159)
	at org.evosuite.runtime.classhandling.ClassStateSupport.resetClasses(ClassStateSupport.java:137)
	at io.netty.handler.codec.http.multipart.AbstractDiskHttpData_ESTest_scaffolding.resetClasses(AbstractDiskHttpData_ESTest_scaffolding.java:318)
	at io.netty.handler.codec.http.multipart.AbstractDiskHttpData_ESTest_scaffolding.doneWithTestCase(AbstractDiskHttpData_ESTest_scaffolding.java:74)
	at sun.reflect.GeneratedMethodAccessor6.invoke(Unknown Source)
	at sun.reflect.DelegatingMethodAccessorImpl.invoke(DelegatingMethodAccessorImpl.java:43)
	at java.lang.reflect.Method.invoke(Method.java:498)
	at org.junit.runners.model.FrameworkMethod$1.runReflectiveCall(FrameworkMethod.java:59)
	at org.junit.internal.runners.model.ReflectiveCallable.run(ReflectiveCallable.java:12)
	at org.junit.runners.model.FrameworkMethod.invokeExplosively(FrameworkMethod.java:56)
	at org.junit.internal.runners.statements.RunAfters.invokeMethod(RunAfters.java:46)
	at org.junit.internal.runners.statements.RunAfters.evaluate(RunAfters.java:33)
	at org.evosuite.runtime.vnet.NonFunctionalRequirementRule$1.evaluate(NonFunctionalRequirementRule.java:41)
	at org.junit.runners.ParentRunner$3.evaluate(ParentRunner.java:306)
	at org.junit.runners.BlockJUnit4ClassRunner$1.evaluate(BlockJUnit4ClassRunner.java:100)
	at org.junit.runners.ParentRunner.runLeaf(ParentRunner.java:366)
	at org.junit.runners.BlockJUnit4ClassRunner.runChild(BlockJUnit4ClassRunner.java:103)
	at org.junit.runners.BlockJUnit4ClassRunner.runChild(BlockJUnit4ClassRunner.java:63)
	at org.junit.runners.ParentRunner$4.run(ParentRunner.java:331)
	at org.junit.runners.ParentRunner$1.schedule(ParentRunner.java:79)
	at org.junit.runners.ParentRunner.runChildren(ParentRunner.java:329)
	at org.junit.runners.ParentRunner.access$100(ParentRunner.java:66)
	at org.junit.runners.ParentRunner$2.evaluate(ParentRunner.java:293)
	at org.junit.internal.runners.statements.RunBefores.evaluate(RunBefores.java:26)
	at org.junit.internal.runners.statements.RunAfters.evaluate(RunAfters.java:27)
	at org.junit.runners.ParentRunner$3.evaluate(ParentRunner.java:306)
	at org.junit.runners.ParentRunner.run(ParentRunner.java:413)
	at org.apache.maven.surefire.junit4.JUnit4Provider.execute(JUnit4Provider.java:316)
	at org.apache.maven.surefire.junit4.JUnit4Provider.executeWithRerun(JUnit4Provider.java:240)
	at org.apache.maven.surefire.junit4.JUnit4Provider.executeTestSet(JUnit4Provider.java:214)
	at org.apache.maven.surefire.junit4.JUnit4Provider.invoke(JUnit4Provider.java:155)
	at org.apache.maven.surefire.booter.ForkedBooter.runSuitesInProcess(ForkedBooter.java:385)
	at org.apache.maven.surefire.booter.ForkedBooter.execute(ForkedBooter.java:162)
	at org.apache.maven.surefire.booter.ForkedBooter.run(ForkedBooter.java:507)
	at org.apache.maven.surefire.booter.ForkedBooter.main(ForkedBooter.java:495)
18:07:43.368 [main] DEBUG io.netty.util.ResourceLeakDetector - -Dio.netty.leakDetection.level: simple
18:07:43.368 [main] DEBUG io.netty.util.ResourceLeakDetector - -Dio.netty.leakDetection.targetRecords: 4
18:07:43.368 [main] DEBUG io.netty.buffer.AbstractByteBuf - -Dio.netty.buffer.checkAccessible: true
18:07:43.368 [main] DEBUG io.netty.buffer.AbstractByteBuf - -Dio.netty.buffer.checkBounds: true
18:07:43.368 [main] DEBUG io.netty.util.ResourceLeakDetectorFactory - Loaded default ResourceLeakDetector: io.netty.util.ResourceLeakDetector@5
18:07:43.368 [main] DEBUG io.netty.util.internal.InternalThreadLocalMap - -Dio.netty.threadLocalMap.stringBuilder.initialSize: 1024
18:07:43.368 [main] DEBUG io.netty.util.internal.InternalThreadLocalMap - -Dio.netty.threadLocalMap.stringBuilder.maxSize: 4096
18:07:43.369 [main] DEBUG io.netty.buffer.PooledByteBufAllocator - -Dio.netty.allocator.numHeapArenas: 0
18:07:43.369 [main] DEBUG io.netty.buffer.PooledByteBufAllocator - -Dio.netty.allocator.numDirectArenas: 2
18:07:43.369 [main] DEBUG io.netty.buffer.PooledByteBufAllocator - -Dio.netty.allocator.pageSize: 8192
18:07:43.369 [main] DEBUG io.netty.buffer.PooledByteBufAllocator - -Dio.netty.allocator.maxOrder: 9
18:07:43.369 [main] DEBUG io.netty.buffer.PooledByteBufAllocator - -Dio.netty.allocator.chunkSize: 4194304
18:07:43.369 [main] DEBUG io.netty.buffer.PooledByteBufAllocator - -Dio.netty.allocator.smallCacheSize: 256
18:07:43.369 [main] DEBUG io.netty.buffer.PooledByteBufAllocator - -Dio.netty.allocator.normalCacheSize: 64
18:07:43.369 [main] DEBUG io.netty.buffer.PooledByteBufAllocator - -Dio.netty.allocator.maxCachedBufferCapacity: 32768
18:07:43.369 [main] DEBUG io.netty.buffer.PooledByteBufAllocator - -Dio.netty.allocator.cacheTrimInterval: 8192
18:07:43.369 [main] DEBUG io.netty.buffer.PooledByteBufAllocator - -Dio.netty.allocator.cacheTrimIntervalMillis: 0
18:07:43.369 [main] DEBUG io.netty.buffer.PooledByteBufAllocator - -Dio.netty.allocator.useCacheForAllThreads: false
18:07:43.369 [main] DEBUG io.netty.buffer.PooledByteBufAllocator - -Dio.netty.allocator.maxCachedByteBuffersPerChunk: 1023
18:07:43.369 [main] DEBUG io.netty.buffer.ByteBufUtil - -Dio.netty.allocator.type: pooled
18:07:43.369 [main] DEBUG io.netty.buffer.ByteBufUtil - -Dio.netty.threadLocalDirectBufferSize: 0
18:07:43.369 [main] DEBUG io.netty.buffer.ByteBufUtil - -Dio.netty.maxThreadLocalCharBufferSize: 16384
18:07:43.369 [main] DEBUG io.netty.util.Recycler - -Dio.netty.recycler.maxCapacityPerThread: 4096
18:07:43.369 [main] DEBUG io.netty.util.Recycler - -Dio.netty.recycler.ratio: 8
18:07:43.369 [main] DEBUG io.netty.util.Recycler - -Dio.netty.recycler.chunkSize: 32
18:07:43.369 [main] DEBUG io.netty.util.Recycler - -Dio.netty.recycler.blocking: false
18:07:43.369 [main] DEBUG io.netty.util.Recycler - -Dio.netty.recycler.batchFastThreadLocalOnly: true
18:07:43.369 [main] DEBUG io.netty.util.internal.PlatformDependent - org.jctools-core.MpscChunkedArrayQueue: available
]]></system-out>
  </testcase>
  <testcase name="test55" classname="io.netty.handler.codec.http.multipart.AbstractDiskHttpData_ESTest" time="0.016">
    <system-out><![CDATA[18:07:43.374 [main] DEBUG io.netty.util.internal.logging.InternalLoggerFactory - Using SLF4J as the default logging framework
18:07:43.374 [main] DEBUG io.netty.util.internal.PlatformDependent0 - -Dio.netty.noUnsafe: false
18:07:43.374 [main] DEBUG io.netty.util.internal.PlatformDependent0 - Java version: 8
18:07:43.374 [main] DEBUG io.netty.util.internal.PlatformDependent0 - sun.misc.Unsafe.theUnsafe: available
18:07:43.374 [main] DEBUG io.netty.util.internal.PlatformDependent0 - sun.misc.Unsafe.copyMemory: available
18:07:43.374 [main] DEBUG io.netty.util.internal.PlatformDependent0 - sun.misc.Unsafe.storeFence: available
18:07:43.374 [main] DEBUG io.netty.util.internal.PlatformDependent0 - java.nio.Buffer.address: available
18:07:43.374 [main] DEBUG io.netty.util.internal.PlatformDependent0 - direct buffer constructor: available
18:07:43.374 [main] DEBUG io.netty.util.internal.PlatformDependent0 - java.nio.Bits.unaligned: available, true
18:07:43.374 [main] DEBUG io.netty.util.internal.PlatformDependent0 - jdk.internal.misc.Unsafe.allocateUninitializedArray(int): unavailable prior to Java9
18:07:43.374 [main] DEBUG io.netty.util.internal.PlatformDependent0 - java.nio.DirectByteBuffer.<init>(long, {int,long}): available
18:07:43.374 [main] DEBUG io.netty.util.internal.CleanerJava6 - java.nio.ByteBuffer.cleaner(): available
18:07:43.374 [main] DEBUG io.netty.util.internal.PlatformDependent - sun.misc.Unsafe: available
18:07:43.374 [main] DEBUG io.netty.util.internal.PlatformDependent - -Dio.netty.tmpdir: /tmp (java.io.tmpdir)
18:07:43.374 [main] DEBUG io.netty.util.internal.PlatformDependent - -Dio.netty.bitMode: 64 (sun.arch.data.model)
18:07:43.375 [main] DEBUG io.netty.util.internal.PlatformDependent - -Dio.netty.maxDirectMemory: 11420041216 bytes
18:07:43.375 [main] DEBUG io.netty.util.internal.PlatformDependent - -Dio.netty.uninitializedArrayAllocationThreshold: -1
18:07:43.375 [main] DEBUG io.netty.util.internal.PlatformDependent - -Dio.netty.noPreferDirect: false
18:07:43.375 [main] DEBUG io.netty.util.internal.CleanerJava9 - java.nio.ByteBuffer.cleaner(): unavailable
java.lang.NoSuchMethodException: sun.misc.Unsafe.invokeCleaner(java.nio.ByteBuffer)
	at java.lang.Class.getDeclaredMethod(Class.java:2130)
	at io.netty.util.internal.CleanerJava9$1.run(CleanerJava9.java:45)
	at java.security.AccessController.doPrivileged(Native Method)
	at io.netty.util.internal.CleanerJava9.__STATIC_RESET(CleanerJava9.java:40)
	at sun.reflect.GeneratedMethodAccessor27.invoke(Unknown Source)
	at sun.reflect.DelegatingMethodAccessorImpl.invoke(DelegatingMethodAccessorImpl.java:43)
	at java.lang.reflect.Method.invoke(Method.java:498)
	at org.evosuite.runtime.classhandling.ClassResetter.reset(ClassResetter.java:159)
	at org.evosuite.runtime.classhandling.ClassStateSupport.resetClasses(ClassStateSupport.java:137)
	at io.netty.handler.codec.http.multipart.AbstractDiskHttpData_ESTest_scaffolding.resetClasses(AbstractDiskHttpData_ESTest_scaffolding.java:318)
	at io.netty.handler.codec.http.multipart.AbstractDiskHttpData_ESTest_scaffolding.doneWithTestCase(AbstractDiskHttpData_ESTest_scaffolding.java:74)
	at sun.reflect.GeneratedMethodAccessor6.invoke(Unknown Source)
	at sun.reflect.DelegatingMethodAccessorImpl.invoke(DelegatingMethodAccessorImpl.java:43)
	at java.lang.reflect.Method.invoke(Method.java:498)
	at org.junit.runners.model.FrameworkMethod$1.runReflectiveCall(FrameworkMethod.java:59)
	at org.junit.internal.runners.model.ReflectiveCallable.run(ReflectiveCallable.java:12)
	at org.junit.runners.model.FrameworkMethod.invokeExplosively(FrameworkMethod.java:56)
	at org.junit.internal.runners.statements.RunAfters.invokeMethod(RunAfters.java:46)
	at org.junit.internal.runners.statements.RunAfters.evaluate(RunAfters.java:33)
	at org.evosuite.runtime.vnet.NonFunctionalRequirementRule$1.evaluate(NonFunctionalRequirementRule.java:41)
	at org.junit.runners.ParentRunner$3.evaluate(ParentRunner.java:306)
	at org.junit.runners.BlockJUnit4ClassRunner$1.evaluate(BlockJUnit4ClassRunner.java:100)
	at org.junit.runners.ParentRunner.runLeaf(ParentRunner.java:366)
	at org.junit.runners.BlockJUnit4ClassRunner.runChild(BlockJUnit4ClassRunner.java:103)
	at org.junit.runners.BlockJUnit4ClassRunner.runChild(BlockJUnit4ClassRunner.java:63)
	at org.junit.runners.ParentRunner$4.run(ParentRunner.java:331)
	at org.junit.runners.ParentRunner$1.schedule(ParentRunner.java:79)
	at org.junit.runners.ParentRunner.runChildren(ParentRunner.java:329)
	at org.junit.runners.ParentRunner.access$100(ParentRunner.java:66)
	at org.junit.runners.ParentRunner$2.evaluate(ParentRunner.java:293)
	at org.junit.internal.runners.statements.RunBefores.evaluate(RunBefores.java:26)
	at org.junit.internal.runners.statements.RunAfters.evaluate(RunAfters.java:27)
	at org.junit.runners.ParentRunner$3.evaluate(ParentRunner.java:306)
	at org.junit.runners.ParentRunner.run(ParentRunner.java:413)
	at org.apache.maven.surefire.junit4.JUnit4Provider.execute(JUnit4Provider.java:316)
	at org.apache.maven.surefire.junit4.JUnit4Provider.executeWithRerun(JUnit4Provider.java:240)
	at org.apache.maven.surefire.junit4.JUnit4Provider.executeTestSet(JUnit4Provider.java:214)
	at org.apache.maven.surefire.junit4.JUnit4Provider.invoke(JUnit4Provider.java:155)
	at org.apache.maven.surefire.booter.ForkedBooter.runSuitesInProcess(ForkedBooter.java:385)
	at org.apache.maven.surefire.booter.ForkedBooter.execute(ForkedBooter.java:162)
	at org.apache.maven.surefire.booter.ForkedBooter.run(ForkedBooter.java:507)
	at org.apache.maven.surefire.booter.ForkedBooter.main(ForkedBooter.java:495)
18:07:43.375 [main] DEBUG io.netty.util.ResourceLeakDetector - -Dio.netty.leakDetection.level: simple
18:07:43.375 [main] DEBUG io.netty.util.ResourceLeakDetector - -Dio.netty.leakDetection.targetRecords: 4
18:07:43.375 [main] DEBUG io.netty.buffer.AbstractByteBuf - -Dio.netty.buffer.checkAccessible: true
18:07:43.375 [main] DEBUG io.netty.buffer.AbstractByteBuf - -Dio.netty.buffer.checkBounds: true
18:07:43.375 [main] DEBUG io.netty.util.ResourceLeakDetectorFactory - Loaded default ResourceLeakDetector: io.netty.util.ResourceLeakDetector@5
18:07:43.375 [main] DEBUG io.netty.util.internal.InternalThreadLocalMap - -Dio.netty.threadLocalMap.stringBuilder.initialSize: 1024
18:07:43.375 [main] DEBUG io.netty.util.internal.InternalThreadLocalMap - -Dio.netty.threadLocalMap.stringBuilder.maxSize: 4096
18:07:43.376 [main] DEBUG io.netty.buffer.PooledByteBufAllocator - -Dio.netty.allocator.numHeapArenas: 0
18:07:43.376 [main] DEBUG io.netty.buffer.PooledByteBufAllocator - -Dio.netty.allocator.numDirectArenas: 2
18:07:43.376 [main] DEBUG io.netty.buffer.PooledByteBufAllocator - -Dio.netty.allocator.pageSize: 8192
18:07:43.376 [main] DEBUG io.netty.buffer.PooledByteBufAllocator - -Dio.netty.allocator.maxOrder: 9
18:07:43.376 [main] DEBUG io.netty.buffer.PooledByteBufAllocator - -Dio.netty.allocator.chunkSize: 4194304
18:07:43.376 [main] DEBUG io.netty.buffer.PooledByteBufAllocator - -Dio.netty.allocator.smallCacheSize: 256
18:07:43.376 [main] DEBUG io.netty.buffer.PooledByteBufAllocator - -Dio.netty.allocator.normalCacheSize: 64
18:07:43.376 [main] DEBUG io.netty.buffer.PooledByteBufAllocator - -Dio.netty.allocator.maxCachedBufferCapacity: 32768
18:07:43.376 [main] DEBUG io.netty.buffer.PooledByteBufAllocator - -Dio.netty.allocator.cacheTrimInterval: 8192
18:07:43.376 [main] DEBUG io.netty.buffer.PooledByteBufAllocator - -Dio.netty.allocator.cacheTrimIntervalMillis: 0
18:07:43.376 [main] DEBUG io.netty.buffer.PooledByteBufAllocator - -Dio.netty.allocator.useCacheForAllThreads: false
18:07:43.376 [main] DEBUG io.netty.buffer.PooledByteBufAllocator - -Dio.netty.allocator.maxCachedByteBuffersPerChunk: 1023
18:07:43.376 [main] DEBUG io.netty.buffer.ByteBufUtil - -Dio.netty.allocator.type: pooled
18:07:43.376 [main] DEBUG io.netty.buffer.ByteBufUtil - -Dio.netty.threadLocalDirectBufferSize: 0
18:07:43.376 [main] DEBUG io.netty.buffer.ByteBufUtil - -Dio.netty.maxThreadLocalCharBufferSize: 16384
18:07:43.376 [main] DEBUG io.netty.util.Recycler - -Dio.netty.recycler.maxCapacityPerThread: 4096
18:07:43.376 [main] DEBUG io.netty.util.Recycler - -Dio.netty.recycler.ratio: 8
18:07:43.376 [main] DEBUG io.netty.util.Recycler - -Dio.netty.recycler.chunkSize: 32
18:07:43.376 [main] DEBUG io.netty.util.Recycler - -Dio.netty.recycler.blocking: false
18:07:43.376 [main] DEBUG io.netty.util.Recycler - -Dio.netty.recycler.batchFastThreadLocalOnly: true
18:07:43.376 [main] DEBUG io.netty.util.internal.PlatformDependent - org.jctools-core.MpscChunkedArrayQueue: available
]]></system-out>
  </testcase>
  <testcase name="test14" classname="io.netty.handler.codec.http.multipart.AbstractDiskHttpData_ESTest" time="0.022">
    <system-out><![CDATA[18:07:43.385 [main] DEBUG io.netty.util.internal.logging.InternalLoggerFactory - Using SLF4J as the default logging framework
18:07:43.385 [main] DEBUG io.netty.util.internal.PlatformDependent0 - -Dio.netty.noUnsafe: false
18:07:43.385 [main] DEBUG io.netty.util.internal.PlatformDependent0 - Java version: 8
18:07:43.385 [main] DEBUG io.netty.util.internal.PlatformDependent0 - sun.misc.Unsafe.theUnsafe: available
18:07:43.385 [main] DEBUG io.netty.util.internal.PlatformDependent0 - sun.misc.Unsafe.copyMemory: available
18:07:43.385 [main] DEBUG io.netty.util.internal.PlatformDependent0 - sun.misc.Unsafe.storeFence: available
18:07:43.385 [main] DEBUG io.netty.util.internal.PlatformDependent0 - java.nio.Buffer.address: available
18:07:43.385 [main] DEBUG io.netty.util.internal.PlatformDependent0 - direct buffer constructor: available
18:07:43.386 [main] DEBUG io.netty.util.internal.PlatformDependent0 - java.nio.Bits.unaligned: available, true
18:07:43.386 [main] DEBUG io.netty.util.internal.PlatformDependent0 - jdk.internal.misc.Unsafe.allocateUninitializedArray(int): unavailable prior to Java9
18:07:43.386 [main] DEBUG io.netty.util.internal.PlatformDependent0 - java.nio.DirectByteBuffer.<init>(long, {int,long}): available
18:07:43.386 [main] DEBUG io.netty.util.internal.CleanerJava6 - java.nio.ByteBuffer.cleaner(): available
18:07:43.386 [main] DEBUG io.netty.util.internal.PlatformDependent - sun.misc.Unsafe: available
18:07:43.386 [main] DEBUG io.netty.util.internal.PlatformDependent - -Dio.netty.tmpdir: /tmp (java.io.tmpdir)
18:07:43.386 [main] DEBUG io.netty.util.internal.PlatformDependent - -Dio.netty.bitMode: 64 (sun.arch.data.model)
18:07:43.386 [main] DEBUG io.netty.util.internal.PlatformDependent - -Dio.netty.maxDirectMemory: 11420041216 bytes
18:07:43.386 [main] DEBUG io.netty.util.internal.PlatformDependent - -Dio.netty.uninitializedArrayAllocationThreshold: -1
18:07:43.386 [main] DEBUG io.netty.util.internal.PlatformDependent - -Dio.netty.noPreferDirect: false
18:07:43.386 [main] DEBUG io.netty.util.internal.CleanerJava9 - java.nio.ByteBuffer.cleaner(): unavailable
java.lang.NoSuchMethodException: sun.misc.Unsafe.invokeCleaner(java.nio.ByteBuffer)
	at java.lang.Class.getDeclaredMethod(Class.java:2130)
	at io.netty.util.internal.CleanerJava9$1.run(CleanerJava9.java:45)
	at java.security.AccessController.doPrivileged(Native Method)
	at io.netty.util.internal.CleanerJava9.__STATIC_RESET(CleanerJava9.java:40)
	at sun.reflect.GeneratedMethodAccessor27.invoke(Unknown Source)
	at sun.reflect.DelegatingMethodAccessorImpl.invoke(DelegatingMethodAccessorImpl.java:43)
	at java.lang.reflect.Method.invoke(Method.java:498)
	at org.evosuite.runtime.classhandling.ClassResetter.reset(ClassResetter.java:159)
	at org.evosuite.runtime.classhandling.ClassStateSupport.resetClasses(ClassStateSupport.java:137)
	at io.netty.handler.codec.http.multipart.AbstractDiskHttpData_ESTest_scaffolding.resetClasses(AbstractDiskHttpData_ESTest_scaffolding.java:318)
	at io.netty.handler.codec.http.multipart.AbstractDiskHttpData_ESTest_scaffolding.doneWithTestCase(AbstractDiskHttpData_ESTest_scaffolding.java:74)
	at sun.reflect.GeneratedMethodAccessor6.invoke(Unknown Source)
	at sun.reflect.DelegatingMethodAccessorImpl.invoke(DelegatingMethodAccessorImpl.java:43)
	at java.lang.reflect.Method.invoke(Method.java:498)
	at org.junit.runners.model.FrameworkMethod$1.runReflectiveCall(FrameworkMethod.java:59)
	at org.junit.internal.runners.model.ReflectiveCallable.run(ReflectiveCallable.java:12)
	at org.junit.runners.model.FrameworkMethod.invokeExplosively(FrameworkMethod.java:56)
	at org.junit.internal.runners.statements.RunAfters.invokeMethod(RunAfters.java:46)
	at org.junit.internal.runners.statements.RunAfters.evaluate(RunAfters.java:33)
	at org.evosuite.runtime.vnet.NonFunctionalRequirementRule$1.evaluate(NonFunctionalRequirementRule.java:41)
	at org.junit.runners.ParentRunner$3.evaluate(ParentRunner.java:306)
	at org.junit.runners.BlockJUnit4ClassRunner$1.evaluate(BlockJUnit4ClassRunner.java:100)
	at org.junit.runners.ParentRunner.runLeaf(ParentRunner.java:366)
	at org.junit.runners.BlockJUnit4ClassRunner.runChild(BlockJUnit4ClassRunner.java:103)
	at org.junit.runners.BlockJUnit4ClassRunner.runChild(BlockJUnit4ClassRunner.java:63)
	at org.junit.runners.ParentRunner$4.run(ParentRunner.java:331)
	at org.junit.runners.ParentRunner$1.schedule(ParentRunner.java:79)
	at org.junit.runners.ParentRunner.runChildren(ParentRunner.java:329)
	at org.junit.runners.ParentRunner.access$100(ParentRunner.java:66)
	at org.junit.runners.ParentRunner$2.evaluate(ParentRunner.java:293)
	at org.junit.internal.runners.statements.RunBefores.evaluate(RunBefores.java:26)
	at org.junit.internal.runners.statements.RunAfters.evaluate(RunAfters.java:27)
	at org.junit.runners.ParentRunner$3.evaluate(ParentRunner.java:306)
	at org.junit.runners.ParentRunner.run(ParentRunner.java:413)
	at org.apache.maven.surefire.junit4.JUnit4Provider.execute(JUnit4Provider.java:316)
	at org.apache.maven.surefire.junit4.JUnit4Provider.executeWithRerun(JUnit4Provider.java:240)
	at org.apache.maven.surefire.junit4.JUnit4Provider.executeTestSet(JUnit4Provider.java:214)
	at org.apache.maven.surefire.junit4.JUnit4Provider.invoke(JUnit4Provider.java:155)
	at org.apache.maven.surefire.booter.ForkedBooter.runSuitesInProcess(ForkedBooter.java:385)
	at org.apache.maven.surefire.booter.ForkedBooter.execute(ForkedBooter.java:162)
	at org.apache.maven.surefire.booter.ForkedBooter.run(ForkedBooter.java:507)
	at org.apache.maven.surefire.booter.ForkedBooter.main(ForkedBooter.java:495)
18:07:43.387 [main] DEBUG io.netty.util.ResourceLeakDetector - -Dio.netty.leakDetection.level: simple
18:07:43.387 [main] DEBUG io.netty.util.ResourceLeakDetector - -Dio.netty.leakDetection.targetRecords: 4
18:07:43.387 [main] DEBUG io.netty.buffer.AbstractByteBuf - -Dio.netty.buffer.checkAccessible: true
18:07:43.387 [main] DEBUG io.netty.buffer.AbstractByteBuf - -Dio.netty.buffer.checkBounds: true
18:07:43.387 [main] DEBUG io.netty.util.ResourceLeakDetectorFactory - Loaded default ResourceLeakDetector: io.netty.util.ResourceLeakDetector@5
18:07:43.388 [main] DEBUG io.netty.util.internal.InternalThreadLocalMap - -Dio.netty.threadLocalMap.stringBuilder.initialSize: 1024
18:07:43.388 [main] DEBUG io.netty.util.internal.InternalThreadLocalMap - -Dio.netty.threadLocalMap.stringBuilder.maxSize: 4096
18:07:43.388 [main] DEBUG io.netty.buffer.PooledByteBufAllocator - -Dio.netty.allocator.numHeapArenas: 0
18:07:43.388 [main] DEBUG io.netty.buffer.PooledByteBufAllocator - -Dio.netty.allocator.numDirectArenas: 2
18:07:43.388 [main] DEBUG io.netty.buffer.PooledByteBufAllocator - -Dio.netty.allocator.pageSize: 8192
18:07:43.388 [main] DEBUG io.netty.buffer.PooledByteBufAllocator - -Dio.netty.allocator.maxOrder: 9
18:07:43.388 [main] DEBUG io.netty.buffer.PooledByteBufAllocator - -Dio.netty.allocator.chunkSize: 4194304
18:07:43.388 [main] DEBUG io.netty.buffer.PooledByteBufAllocator - -Dio.netty.allocator.smallCacheSize: 256
18:07:43.388 [main] DEBUG io.netty.buffer.PooledByteBufAllocator - -Dio.netty.allocator.normalCacheSize: 64
18:07:43.388 [main] DEBUG io.netty.buffer.PooledByteBufAllocator - -Dio.netty.allocator.maxCachedBufferCapacity: 32768
18:07:43.388 [main] DEBUG io.netty.buffer.PooledByteBufAllocator - -Dio.netty.allocator.cacheTrimInterval: 8192
18:07:43.388 [main] DEBUG io.netty.buffer.PooledByteBufAllocator - -Dio.netty.allocator.cacheTrimIntervalMillis: 0
18:07:43.388 [main] DEBUG io.netty.buffer.PooledByteBufAllocator - -Dio.netty.allocator.useCacheForAllThreads: false
18:07:43.388 [main] DEBUG io.netty.buffer.PooledByteBufAllocator - -Dio.netty.allocator.maxCachedByteBuffersPerChunk: 1023
18:07:43.389 [main] DEBUG io.netty.buffer.ByteBufUtil - -Dio.netty.allocator.type: pooled
18:07:43.389 [main] DEBUG io.netty.buffer.ByteBufUtil - -Dio.netty.threadLocalDirectBufferSize: 0
18:07:43.389 [main] DEBUG io.netty.buffer.ByteBufUtil - -Dio.netty.maxThreadLocalCharBufferSize: 16384
18:07:43.390 [main] DEBUG io.netty.util.Recycler - -Dio.netty.recycler.maxCapacityPerThread: 4096
18:07:43.390 [main] DEBUG io.netty.util.Recycler - -Dio.netty.recycler.ratio: 8
18:07:43.390 [main] DEBUG io.netty.util.Recycler - -Dio.netty.recycler.chunkSize: 32
18:07:43.390 [main] DEBUG io.netty.util.Recycler - -Dio.netty.recycler.blocking: false
18:07:43.390 [main] DEBUG io.netty.util.Recycler - -Dio.netty.recycler.batchFastThreadLocalOnly: true
18:07:43.390 [main] DEBUG io.netty.util.internal.PlatformDependent - org.jctools-core.MpscChunkedArrayQueue: available
]]></system-out>
  </testcase>
  <testcase name="test58" classname="io.netty.handler.codec.http.multipart.AbstractDiskHttpData_ESTest" time="0.015">
    <system-out><![CDATA[18:07:43.398 [main] DEBUG io.netty.util.internal.logging.InternalLoggerFactory - Using SLF4J as the default logging framework
18:07:43.398 [main] DEBUG io.netty.util.internal.PlatformDependent0 - -Dio.netty.noUnsafe: false
18:07:43.398 [main] DEBUG io.netty.util.internal.PlatformDependent0 - Java version: 8
18:07:43.398 [main] DEBUG io.netty.util.internal.PlatformDependent0 - sun.misc.Unsafe.theUnsafe: available
18:07:43.398 [main] DEBUG io.netty.util.internal.PlatformDependent0 - sun.misc.Unsafe.copyMemory: available
18:07:43.398 [main] DEBUG io.netty.util.internal.PlatformDependent0 - sun.misc.Unsafe.storeFence: available
18:07:43.398 [main] DEBUG io.netty.util.internal.PlatformDependent0 - java.nio.Buffer.address: available
18:07:43.398 [main] DEBUG io.netty.util.internal.PlatformDependent0 - direct buffer constructor: available
18:07:43.398 [main] DEBUG io.netty.util.internal.PlatformDependent0 - java.nio.Bits.unaligned: available, true
18:07:43.398 [main] DEBUG io.netty.util.internal.PlatformDependent0 - jdk.internal.misc.Unsafe.allocateUninitializedArray(int): unavailable prior to Java9
18:07:43.398 [main] DEBUG io.netty.util.internal.PlatformDependent0 - java.nio.DirectByteBuffer.<init>(long, {int,long}): available
18:07:43.398 [main] DEBUG io.netty.util.internal.CleanerJava6 - java.nio.ByteBuffer.cleaner(): available
18:07:43.398 [main] DEBUG io.netty.util.internal.PlatformDependent - sun.misc.Unsafe: available
18:07:43.398 [main] DEBUG io.netty.util.internal.PlatformDependent - -Dio.netty.tmpdir: /tmp (java.io.tmpdir)
18:07:43.398 [main] DEBUG io.netty.util.internal.PlatformDependent - -Dio.netty.bitMode: 64 (sun.arch.data.model)
18:07:43.398 [main] DEBUG io.netty.util.internal.PlatformDependent - -Dio.netty.maxDirectMemory: 11420041216 bytes
18:07:43.398 [main] DEBUG io.netty.util.internal.PlatformDependent - -Dio.netty.uninitializedArrayAllocationThreshold: -1
18:07:43.398 [main] DEBUG io.netty.util.internal.PlatformDependent - -Dio.netty.noPreferDirect: false
18:07:43.399 [main] DEBUG io.netty.util.internal.CleanerJava9 - java.nio.ByteBuffer.cleaner(): unavailable
java.lang.NoSuchMethodException: sun.misc.Unsafe.invokeCleaner(java.nio.ByteBuffer)
	at java.lang.Class.getDeclaredMethod(Class.java:2130)
	at io.netty.util.internal.CleanerJava9$1.run(CleanerJava9.java:45)
	at java.security.AccessController.doPrivileged(Native Method)
	at io.netty.util.internal.CleanerJava9.__STATIC_RESET(CleanerJava9.java:40)
	at sun.reflect.GeneratedMethodAccessor27.invoke(Unknown Source)
	at sun.reflect.DelegatingMethodAccessorImpl.invoke(DelegatingMethodAccessorImpl.java:43)
	at java.lang.reflect.Method.invoke(Method.java:498)
	at org.evosuite.runtime.classhandling.ClassResetter.reset(ClassResetter.java:159)
	at org.evosuite.runtime.classhandling.ClassStateSupport.resetClasses(ClassStateSupport.java:137)
	at io.netty.handler.codec.http.multipart.AbstractDiskHttpData_ESTest_scaffolding.resetClasses(AbstractDiskHttpData_ESTest_scaffolding.java:318)
	at io.netty.handler.codec.http.multipart.AbstractDiskHttpData_ESTest_scaffolding.doneWithTestCase(AbstractDiskHttpData_ESTest_scaffolding.java:74)
	at sun.reflect.GeneratedMethodAccessor6.invoke(Unknown Source)
	at sun.reflect.DelegatingMethodAccessorImpl.invoke(DelegatingMethodAccessorImpl.java:43)
	at java.lang.reflect.Method.invoke(Method.java:498)
	at org.junit.runners.model.FrameworkMethod$1.runReflectiveCall(FrameworkMethod.java:59)
	at org.junit.internal.runners.model.ReflectiveCallable.run(ReflectiveCallable.java:12)
	at org.junit.runners.model.FrameworkMethod.invokeExplosively(FrameworkMethod.java:56)
	at org.junit.internal.runners.statements.RunAfters.invokeMethod(RunAfters.java:46)
	at org.junit.internal.runners.statements.RunAfters.evaluate(RunAfters.java:33)
	at org.evosuite.runtime.vnet.NonFunctionalRequirementRule$1.evaluate(NonFunctionalRequirementRule.java:41)
	at org.junit.runners.ParentRunner$3.evaluate(ParentRunner.java:306)
	at org.junit.runners.BlockJUnit4ClassRunner$1.evaluate(BlockJUnit4ClassRunner.java:100)
	at org.junit.runners.ParentRunner.runLeaf(ParentRunner.java:366)
	at org.junit.runners.BlockJUnit4ClassRunner.runChild(BlockJUnit4ClassRunner.java:103)
	at org.junit.runners.BlockJUnit4ClassRunner.runChild(BlockJUnit4ClassRunner.java:63)
	at org.junit.runners.ParentRunner$4.run(ParentRunner.java:331)
	at org.junit.runners.ParentRunner$1.schedule(ParentRunner.java:79)
	at org.junit.runners.ParentRunner.runChildren(ParentRunner.java:329)
	at org.junit.runners.ParentRunner.access$100(ParentRunner.java:66)
	at org.junit.runners.ParentRunner$2.evaluate(ParentRunner.java:293)
	at org.junit.internal.runners.statements.RunBefores.evaluate(RunBefores.java:26)
	at org.junit.internal.runners.statements.RunAfters.evaluate(RunAfters.java:27)
	at org.junit.runners.ParentRunner$3.evaluate(ParentRunner.java:306)
	at org.junit.runners.ParentRunner.run(ParentRunner.java:413)
	at org.apache.maven.surefire.junit4.JUnit4Provider.execute(JUnit4Provider.java:316)
	at org.apache.maven.surefire.junit4.JUnit4Provider.executeWithRerun(JUnit4Provider.java:240)
	at org.apache.maven.surefire.junit4.JUnit4Provider.executeTestSet(JUnit4Provider.java:214)
	at org.apache.maven.surefire.junit4.JUnit4Provider.invoke(JUnit4Provider.java:155)
	at org.apache.maven.surefire.booter.ForkedBooter.runSuitesInProcess(ForkedBooter.java:385)
	at org.apache.maven.surefire.booter.ForkedBooter.execute(ForkedBooter.java:162)
	at org.apache.maven.surefire.booter.ForkedBooter.run(ForkedBooter.java:507)
	at org.apache.maven.surefire.booter.ForkedBooter.main(ForkedBooter.java:495)
18:07:43.399 [main] DEBUG io.netty.util.ResourceLeakDetector - -Dio.netty.leakDetection.level: simple
18:07:43.399 [main] DEBUG io.netty.util.ResourceLeakDetector - -Dio.netty.leakDetection.targetRecords: 4
18:07:43.400 [main] DEBUG io.netty.buffer.AbstractByteBuf - -Dio.netty.buffer.checkAccessible: true
18:07:43.400 [main] DEBUG io.netty.buffer.AbstractByteBuf - -Dio.netty.buffer.checkBounds: true
18:07:43.400 [main] DEBUG io.netty.util.ResourceLeakDetectorFactory - Loaded default ResourceLeakDetector: io.netty.util.ResourceLeakDetector@5
18:07:43.400 [main] DEBUG io.netty.util.internal.InternalThreadLocalMap - -Dio.netty.threadLocalMap.stringBuilder.initialSize: 1024
18:07:43.400 [main] DEBUG io.netty.util.internal.InternalThreadLocalMap - -Dio.netty.threadLocalMap.stringBuilder.maxSize: 4096
18:07:43.400 [main] DEBUG io.netty.buffer.PooledByteBufAllocator - -Dio.netty.allocator.numHeapArenas: 0
18:07:43.400 [main] DEBUG io.netty.buffer.PooledByteBufAllocator - -Dio.netty.allocator.numDirectArenas: 2
18:07:43.400 [main] DEBUG io.netty.buffer.PooledByteBufAllocator - -Dio.netty.allocator.pageSize: 8192
18:07:43.400 [main] DEBUG io.netty.buffer.PooledByteBufAllocator - -Dio.netty.allocator.maxOrder: 9
18:07:43.400 [main] DEBUG io.netty.buffer.PooledByteBufAllocator - -Dio.netty.allocator.chunkSize: 4194304
18:07:43.400 [main] DEBUG io.netty.buffer.PooledByteBufAllocator - -Dio.netty.allocator.smallCacheSize: 256
18:07:43.400 [main] DEBUG io.netty.buffer.PooledByteBufAllocator - -Dio.netty.allocator.normalCacheSize: 64
18:07:43.400 [main] DEBUG io.netty.buffer.PooledByteBufAllocator - -Dio.netty.allocator.maxCachedBufferCapacity: 32768
18:07:43.400 [main] DEBUG io.netty.buffer.PooledByteBufAllocator - -Dio.netty.allocator.cacheTrimInterval: 8192
18:07:43.400 [main] DEBUG io.netty.buffer.PooledByteBufAllocator - -Dio.netty.allocator.cacheTrimIntervalMillis: 0
18:07:43.400 [main] DEBUG io.netty.buffer.PooledByteBufAllocator - -Dio.netty.allocator.useCacheForAllThreads: false
18:07:43.400 [main] DEBUG io.netty.buffer.PooledByteBufAllocator - -Dio.netty.allocator.maxCachedByteBuffersPerChunk: 1023
18:07:43.401 [main] DEBUG io.netty.buffer.ByteBufUtil - -Dio.netty.allocator.type: pooled
18:07:43.401 [main] DEBUG io.netty.buffer.ByteBufUtil - -Dio.netty.threadLocalDirectBufferSize: 0
18:07:43.401 [main] DEBUG io.netty.buffer.ByteBufUtil - -Dio.netty.maxThreadLocalCharBufferSize: 16384
18:07:43.401 [main] DEBUG io.netty.util.Recycler - -Dio.netty.recycler.maxCapacityPerThread: 4096
18:07:43.401 [main] DEBUG io.netty.util.Recycler - -Dio.netty.recycler.ratio: 8
18:07:43.401 [main] DEBUG io.netty.util.Recycler - -Dio.netty.recycler.chunkSize: 32
18:07:43.401 [main] DEBUG io.netty.util.Recycler - -Dio.netty.recycler.blocking: false
18:07:43.401 [main] DEBUG io.netty.util.Recycler - -Dio.netty.recycler.batchFastThreadLocalOnly: true
18:07:43.401 [main] DEBUG io.netty.util.internal.PlatformDependent - org.jctools-core.MpscChunkedArrayQueue: available
]]></system-out>
  </testcase>
  <testcase name="test13" classname="io.netty.handler.codec.http.multipart.AbstractDiskHttpData_ESTest" time="0.016">
    <system-out><![CDATA[18:07:43.410 [main] DEBUG io.netty.util.internal.logging.InternalLoggerFactory - Using SLF4J as the default logging framework
18:07:43.410 [main] DEBUG io.netty.util.internal.PlatformDependent0 - -Dio.netty.noUnsafe: false
18:07:43.410 [main] DEBUG io.netty.util.internal.PlatformDependent0 - Java version: 8
18:07:43.411 [main] DEBUG io.netty.util.internal.PlatformDependent0 - sun.misc.Unsafe.theUnsafe: available
18:07:43.411 [main] DEBUG io.netty.util.internal.PlatformDependent0 - sun.misc.Unsafe.copyMemory: available
18:07:43.411 [main] DEBUG io.netty.util.internal.PlatformDependent0 - sun.misc.Unsafe.storeFence: available
18:07:43.411 [main] DEBUG io.netty.util.internal.PlatformDependent0 - java.nio.Buffer.address: available
18:07:43.411 [main] DEBUG io.netty.util.internal.PlatformDependent0 - direct buffer constructor: available
18:07:43.411 [main] DEBUG io.netty.util.internal.PlatformDependent0 - java.nio.Bits.unaligned: available, true
18:07:43.411 [main] DEBUG io.netty.util.internal.PlatformDependent0 - jdk.internal.misc.Unsafe.allocateUninitializedArray(int): unavailable prior to Java9
18:07:43.411 [main] DEBUG io.netty.util.internal.PlatformDependent0 - java.nio.DirectByteBuffer.<init>(long, {int,long}): available
18:07:43.411 [main] DEBUG io.netty.util.internal.CleanerJava6 - java.nio.ByteBuffer.cleaner(): available
18:07:43.411 [main] DEBUG io.netty.util.internal.PlatformDependent - sun.misc.Unsafe: available
18:07:43.411 [main] DEBUG io.netty.util.internal.PlatformDependent - -Dio.netty.tmpdir: /tmp (java.io.tmpdir)
18:07:43.411 [main] DEBUG io.netty.util.internal.PlatformDependent - -Dio.netty.bitMode: 64 (sun.arch.data.model)
18:07:43.412 [main] DEBUG io.netty.util.internal.PlatformDependent - -Dio.netty.maxDirectMemory: 11420041216 bytes
18:07:43.412 [main] DEBUG io.netty.util.internal.PlatformDependent - -Dio.netty.uninitializedArrayAllocationThreshold: -1
18:07:43.412 [main] DEBUG io.netty.util.internal.PlatformDependent - -Dio.netty.noPreferDirect: false
18:07:43.413 [main] DEBUG io.netty.util.internal.CleanerJava9 - java.nio.ByteBuffer.cleaner(): unavailable
java.lang.NoSuchMethodException: sun.misc.Unsafe.invokeCleaner(java.nio.ByteBuffer)
	at java.lang.Class.getDeclaredMethod(Class.java:2130)
	at io.netty.util.internal.CleanerJava9$1.run(CleanerJava9.java:45)
	at java.security.AccessController.doPrivileged(Native Method)
	at io.netty.util.internal.CleanerJava9.__STATIC_RESET(CleanerJava9.java:40)
	at sun.reflect.GeneratedMethodAccessor27.invoke(Unknown Source)
	at sun.reflect.DelegatingMethodAccessorImpl.invoke(DelegatingMethodAccessorImpl.java:43)
	at java.lang.reflect.Method.invoke(Method.java:498)
	at org.evosuite.runtime.classhandling.ClassResetter.reset(ClassResetter.java:159)
	at org.evosuite.runtime.classhandling.ClassStateSupport.resetClasses(ClassStateSupport.java:137)
	at io.netty.handler.codec.http.multipart.AbstractDiskHttpData_ESTest_scaffolding.resetClasses(AbstractDiskHttpData_ESTest_scaffolding.java:318)
	at io.netty.handler.codec.http.multipart.AbstractDiskHttpData_ESTest_scaffolding.doneWithTestCase(AbstractDiskHttpData_ESTest_scaffolding.java:74)
	at sun.reflect.GeneratedMethodAccessor6.invoke(Unknown Source)
	at sun.reflect.DelegatingMethodAccessorImpl.invoke(DelegatingMethodAccessorImpl.java:43)
	at java.lang.reflect.Method.invoke(Method.java:498)
	at org.junit.runners.model.FrameworkMethod$1.runReflectiveCall(FrameworkMethod.java:59)
	at org.junit.internal.runners.model.ReflectiveCallable.run(ReflectiveCallable.java:12)
	at org.junit.runners.model.FrameworkMethod.invokeExplosively(FrameworkMethod.java:56)
	at org.junit.internal.runners.statements.RunAfters.invokeMethod(RunAfters.java:46)
	at org.junit.internal.runners.statements.RunAfters.evaluate(RunAfters.java:33)
	at org.evosuite.runtime.vnet.NonFunctionalRequirementRule$1.evaluate(NonFunctionalRequirementRule.java:41)
	at org.junit.runners.ParentRunner$3.evaluate(ParentRunner.java:306)
	at org.junit.runners.BlockJUnit4ClassRunner$1.evaluate(BlockJUnit4ClassRunner.java:100)
	at org.junit.runners.ParentRunner.runLeaf(ParentRunner.java:366)
	at org.junit.runners.BlockJUnit4ClassRunner.runChild(BlockJUnit4ClassRunner.java:103)
	at org.junit.runners.BlockJUnit4ClassRunner.runChild(BlockJUnit4ClassRunner.java:63)
	at org.junit.runners.ParentRunner$4.run(ParentRunner.java:331)
	at org.junit.runners.ParentRunner$1.schedule(ParentRunner.java:79)
	at org.junit.runners.ParentRunner.runChildren(ParentRunner.java:329)
	at org.junit.runners.ParentRunner.access$100(ParentRunner.java:66)
	at org.junit.runners.ParentRunner$2.evaluate(ParentRunner.java:293)
	at org.junit.internal.runners.statements.RunBefores.evaluate(RunBefores.java:26)
	at org.junit.internal.runners.statements.RunAfters.evaluate(RunAfters.java:27)
	at org.junit.runners.ParentRunner$3.evaluate(ParentRunner.java:306)
	at org.junit.runners.ParentRunner.run(ParentRunner.java:413)
	at org.apache.maven.surefire.junit4.JUnit4Provider.execute(JUnit4Provider.java:316)
	at org.apache.maven.surefire.junit4.JUnit4Provider.executeWithRerun(JUnit4Provider.java:240)
	at org.apache.maven.surefire.junit4.JUnit4Provider.executeTestSet(JUnit4Provider.java:214)
	at org.apache.maven.surefire.junit4.JUnit4Provider.invoke(JUnit4Provider.java:155)
	at org.apache.maven.surefire.booter.ForkedBooter.runSuitesInProcess(ForkedBooter.java:385)
	at org.apache.maven.surefire.booter.ForkedBooter.execute(ForkedBooter.java:162)
	at org.apache.maven.surefire.booter.ForkedBooter.run(ForkedBooter.java:507)
	at org.apache.maven.surefire.booter.ForkedBooter.main(ForkedBooter.java:495)
18:07:43.413 [main] DEBUG io.netty.util.ResourceLeakDetector - -Dio.netty.leakDetection.level: simple
18:07:43.413 [main] DEBUG io.netty.util.ResourceLeakDetector - -Dio.netty.leakDetection.targetRecords: 4
18:07:43.414 [main] DEBUG io.netty.buffer.AbstractByteBuf - -Dio.netty.buffer.checkAccessible: true
18:07:43.414 [main] DEBUG io.netty.buffer.AbstractByteBuf - -Dio.netty.buffer.checkBounds: true
18:07:43.414 [main] DEBUG io.netty.util.ResourceLeakDetectorFactory - Loaded default ResourceLeakDetector: io.netty.util.ResourceLeakDetector@5
18:07:43.414 [main] DEBUG io.netty.util.internal.InternalThreadLocalMap - -Dio.netty.threadLocalMap.stringBuilder.initialSize: 1024
18:07:43.414 [main] DEBUG io.netty.util.internal.InternalThreadLocalMap - -Dio.netty.threadLocalMap.stringBuilder.maxSize: 4096
18:07:43.414 [main] DEBUG io.netty.buffer.PooledByteBufAllocator - -Dio.netty.allocator.numHeapArenas: 0
18:07:43.414 [main] DEBUG io.netty.buffer.PooledByteBufAllocator - -Dio.netty.allocator.numDirectArenas: 2
18:07:43.414 [main] DEBUG io.netty.buffer.PooledByteBufAllocator - -Dio.netty.allocator.pageSize: 8192
18:07:43.414 [main] DEBUG io.netty.buffer.PooledByteBufAllocator - -Dio.netty.allocator.maxOrder: 9
18:07:43.414 [main] DEBUG io.netty.buffer.PooledByteBufAllocator - -Dio.netty.allocator.chunkSize: 4194304
18:07:43.414 [main] DEBUG io.netty.buffer.PooledByteBufAllocator - -Dio.netty.allocator.smallCacheSize: 256
18:07:43.414 [main] DEBUG io.netty.buffer.PooledByteBufAllocator - -Dio.netty.allocator.normalCacheSize: 64
18:07:43.414 [main] DEBUG io.netty.buffer.PooledByteBufAllocator - -Dio.netty.allocator.maxCachedBufferCapacity: 32768
18:07:43.414 [main] DEBUG io.netty.buffer.PooledByteBufAllocator - -Dio.netty.allocator.cacheTrimInterval: 8192
18:07:43.414 [main] DEBUG io.netty.buffer.PooledByteBufAllocator - -Dio.netty.allocator.cacheTrimIntervalMillis: 0
18:07:43.414 [main] DEBUG io.netty.buffer.PooledByteBufAllocator - -Dio.netty.allocator.useCacheForAllThreads: false
18:07:43.414 [main] DEBUG io.netty.buffer.PooledByteBufAllocator - -Dio.netty.allocator.maxCachedByteBuffersPerChunk: 1023
18:07:43.414 [main] DEBUG io.netty.buffer.ByteBufUtil - -Dio.netty.allocator.type: pooled
18:07:43.414 [main] DEBUG io.netty.buffer.ByteBufUtil - -Dio.netty.threadLocalDirectBufferSize: 0
18:07:43.414 [main] DEBUG io.netty.buffer.ByteBufUtil - -Dio.netty.maxThreadLocalCharBufferSize: 16384
18:07:43.415 [main] DEBUG io.netty.util.Recycler - -Dio.netty.recycler.maxCapacityPerThread: 4096
18:07:43.415 [main] DEBUG io.netty.util.Recycler - -Dio.netty.recycler.ratio: 8
18:07:43.415 [main] DEBUG io.netty.util.Recycler - -Dio.netty.recycler.chunkSize: 32
18:07:43.415 [main] DEBUG io.netty.util.Recycler - -Dio.netty.recycler.blocking: false
18:07:43.415 [main] DEBUG io.netty.util.Recycler - -Dio.netty.recycler.batchFastThreadLocalOnly: true
18:07:43.415 [main] DEBUG io.netty.util.internal.PlatformDependent - org.jctools-core.MpscChunkedArrayQueue: available
]]></system-out>
  </testcase>
  <testcase name="test57" classname="io.netty.handler.codec.http.multipart.AbstractDiskHttpData_ESTest" time="0.014">
    <system-out><![CDATA[18:07:43.422 [Time-limited test] INFO org.evosuite.runtime.instrumentation.EvoClassLoader - Seeing class for first time: io.netty.handler.codec.http.multipart.AbstractDiskHttpData_ESTest$8
18:07:43.422 [Time-limited test] INFO org.evosuite.runtime.instrumentation.EvoClassLoader - Instrumenting class 'io.netty.handler.codec.http.multipart.AbstractDiskHttpData_ESTest$8'.
18:07:43.424 [Time-limited test] INFO org.evosuite.runtime.instrumentation.EvoClassLoader - Keeping class: io.netty.handler.codec.http.multipart.AbstractDiskHttpData_ESTest$8
18:07:43.425 [pool-2-thread-1] DEBUG org.evosuite.runtime.sandbox.MSecurityManager - Security manager blocks permission ("java.io.FilePermission" "/tmp/Attr_1462566234147287399_1692388912" "write")
java.lang.Thread.getStackTrace(Thread.java:1564)
org.evosuite.runtime.sandbox.MSecurityManager.checkPermission(MSecurityManager.java:424)
java.lang.SecurityManager.checkWrite(SecurityManager.java:979)
sun.nio.fs.UnixChannelFactory.open(UnixChannelFactory.java:247)
sun.nio.fs.UnixChannelFactory.newFileChannel(UnixChannelFactory.java:136)
sun.nio.fs.UnixChannelFactory.newFileChannel(UnixChannelFactory.java:148)
sun.nio.fs.UnixFileSystemProvider.newByteChannel(UnixFileSystemProvider.java:212)
java.nio.file.Files.newByteChannel(Files.java:361)
java.nio.file.Files.createFile(Files.java:632)
java.nio.file.TempFileHelper.create(TempFileHelper.java:138)
java.nio.file.TempFileHelper.createTempFile(TempFileHelper.java:161)
java.nio.file.Files.createTempFile(Files.java:897)
io.netty.util.internal.PlatformDependent.createTempFile(PlatformDependent.java:1499)
io.netty.handler.codec.http.multipart.AbstractDiskHttpData.tempFile(AbstractDiskHttpData.java:92)
io.netty.handler.codec.http.multipart.AbstractDiskHttpData.setContent(AbstractDiskHttpData.java:229)
io.netty.handler.codec.http.multipart.AbstractDiskHttpData_ESTest$8.run(AbstractDiskHttpData_ESTest.java:987)
java.util.concurrent.Executors$RunnableAdapter.call(Executors.java:511)
java.util.concurrent.FutureTask.run(FutureTask.java:266)
java.util.concurrent.ThreadPoolExecutor.runWorker(ThreadPoolExecutor.java:1149)
java.util.concurrent.ThreadPoolExecutor$Worker.run(ThreadPoolExecutor.java:624)
java.lang.Thread.run(Thread.java:750)

18:07:43.425 [main] INFO org.evosuite.runtime.thread.ThreadStopper - Found new thread
18:07:43.425 [main] DEBUG io.netty.util.internal.logging.InternalLoggerFactory - Using SLF4J as the default logging framework
18:07:43.425 [main] DEBUG io.netty.util.internal.PlatformDependent0 - -Dio.netty.noUnsafe: false
18:07:43.425 [main] DEBUG io.netty.util.internal.PlatformDependent0 - Java version: 8
18:07:43.425 [main] DEBUG io.netty.util.internal.PlatformDependent0 - sun.misc.Unsafe.theUnsafe: available
18:07:43.425 [main] DEBUG io.netty.util.internal.PlatformDependent0 - sun.misc.Unsafe.copyMemory: available
18:07:43.426 [main] DEBUG io.netty.util.internal.PlatformDependent0 - sun.misc.Unsafe.storeFence: available
18:07:43.426 [main] DEBUG io.netty.util.internal.PlatformDependent0 - java.nio.Buffer.address: available
18:07:43.426 [main] DEBUG io.netty.util.internal.PlatformDependent0 - direct buffer constructor: available
18:07:43.426 [main] DEBUG io.netty.util.internal.PlatformDependent0 - java.nio.Bits.unaligned: available, true
18:07:43.426 [main] DEBUG io.netty.util.internal.PlatformDependent0 - jdk.internal.misc.Unsafe.allocateUninitializedArray(int): unavailable prior to Java9
18:07:43.426 [main] DEBUG io.netty.util.internal.PlatformDependent0 - java.nio.DirectByteBuffer.<init>(long, {int,long}): available
18:07:43.426 [main] DEBUG io.netty.util.internal.CleanerJava6 - java.nio.ByteBuffer.cleaner(): available
18:07:43.426 [main] DEBUG io.netty.util.internal.PlatformDependent - sun.misc.Unsafe: available
18:07:43.426 [main] DEBUG io.netty.util.internal.PlatformDependent - -Dio.netty.tmpdir: /tmp (java.io.tmpdir)
18:07:43.426 [main] DEBUG io.netty.util.internal.PlatformDependent - -Dio.netty.bitMode: 64 (sun.arch.data.model)
18:07:43.426 [main] DEBUG io.netty.util.internal.PlatformDependent - -Dio.netty.maxDirectMemory: 11420041216 bytes
18:07:43.426 [main] DEBUG io.netty.util.internal.PlatformDependent - -Dio.netty.uninitializedArrayAllocationThreshold: -1
18:07:43.426 [main] DEBUG io.netty.util.internal.PlatformDependent - -Dio.netty.noPreferDirect: false
18:07:43.426 [main] DEBUG io.netty.util.internal.CleanerJava9 - java.nio.ByteBuffer.cleaner(): unavailable
java.lang.NoSuchMethodException: sun.misc.Unsafe.invokeCleaner(java.nio.ByteBuffer)
	at java.lang.Class.getDeclaredMethod(Class.java:2130)
	at io.netty.util.internal.CleanerJava9$1.run(CleanerJava9.java:45)
	at java.security.AccessController.doPrivileged(Native Method)
	at io.netty.util.internal.CleanerJava9.__STATIC_RESET(CleanerJava9.java:40)
	at sun.reflect.GeneratedMethodAccessor27.invoke(Unknown Source)
	at sun.reflect.DelegatingMethodAccessorImpl.invoke(DelegatingMethodAccessorImpl.java:43)
	at java.lang.reflect.Method.invoke(Method.java:498)
	at org.evosuite.runtime.classhandling.ClassResetter.reset(ClassResetter.java:159)
	at org.evosuite.runtime.classhandling.ClassStateSupport.resetClasses(ClassStateSupport.java:137)
	at io.netty.handler.codec.http.multipart.AbstractDiskHttpData_ESTest_scaffolding.resetClasses(AbstractDiskHttpData_ESTest_scaffolding.java:318)
	at io.netty.handler.codec.http.multipart.AbstractDiskHttpData_ESTest_scaffolding.doneWithTestCase(AbstractDiskHttpData_ESTest_scaffolding.java:74)
	at sun.reflect.GeneratedMethodAccessor6.invoke(Unknown Source)
	at sun.reflect.DelegatingMethodAccessorImpl.invoke(DelegatingMethodAccessorImpl.java:43)
	at java.lang.reflect.Method.invoke(Method.java:498)
	at org.junit.runners.model.FrameworkMethod$1.runReflectiveCall(FrameworkMethod.java:59)
	at org.junit.internal.runners.model.ReflectiveCallable.run(ReflectiveCallable.java:12)
	at org.junit.runners.model.FrameworkMethod.invokeExplosively(FrameworkMethod.java:56)
	at org.junit.internal.runners.statements.RunAfters.invokeMethod(RunAfters.java:46)
	at org.junit.internal.runners.statements.RunAfters.evaluate(RunAfters.java:33)
	at org.evosuite.runtime.vnet.NonFunctionalRequirementRule$1.evaluate(NonFunctionalRequirementRule.java:41)
	at org.junit.runners.ParentRunner$3.evaluate(ParentRunner.java:306)
	at org.junit.runners.BlockJUnit4ClassRunner$1.evaluate(BlockJUnit4ClassRunner.java:100)
	at org.junit.runners.ParentRunner.runLeaf(ParentRunner.java:366)
	at org.junit.runners.BlockJUnit4ClassRunner.runChild(BlockJUnit4ClassRunner.java:103)
	at org.junit.runners.BlockJUnit4ClassRunner.runChild(BlockJUnit4ClassRunner.java:63)
	at org.junit.runners.ParentRunner$4.run(ParentRunner.java:331)
	at org.junit.runners.ParentRunner$1.schedule(ParentRunner.java:79)
	at org.junit.runners.ParentRunner.runChildren(ParentRunner.java:329)
	at org.junit.runners.ParentRunner.access$100(ParentRunner.java:66)
	at org.junit.runners.ParentRunner$2.evaluate(ParentRunner.java:293)
	at org.junit.internal.runners.statements.RunBefores.evaluate(RunBefores.java:26)
	at org.junit.internal.runners.statements.RunAfters.evaluate(RunAfters.java:27)
	at org.junit.runners.ParentRunner$3.evaluate(ParentRunner.java:306)
	at org.junit.runners.ParentRunner.run(ParentRunner.java:413)
	at org.apache.maven.surefire.junit4.JUnit4Provider.execute(JUnit4Provider.java:316)
	at org.apache.maven.surefire.junit4.JUnit4Provider.executeWithRerun(JUnit4Provider.java:240)
	at org.apache.maven.surefire.junit4.JUnit4Provider.executeTestSet(JUnit4Provider.java:214)
	at org.apache.maven.surefire.junit4.JUnit4Provider.invoke(JUnit4Provider.java:155)
	at org.apache.maven.surefire.booter.ForkedBooter.runSuitesInProcess(ForkedBooter.java:385)
	at org.apache.maven.surefire.booter.ForkedBooter.execute(ForkedBooter.java:162)
	at org.apache.maven.surefire.booter.ForkedBooter.run(ForkedBooter.java:507)
	at org.apache.maven.surefire.booter.ForkedBooter.main(ForkedBooter.java:495)
18:07:43.426 [main] DEBUG io.netty.util.ResourceLeakDetector - -Dio.netty.leakDetection.level: simple
18:07:43.426 [main] DEBUG io.netty.util.ResourceLeakDetector - -Dio.netty.leakDetection.targetRecords: 4
18:07:43.427 [main] DEBUG io.netty.buffer.AbstractByteBuf - -Dio.netty.buffer.checkAccessible: true
18:07:43.427 [main] DEBUG io.netty.buffer.AbstractByteBuf - -Dio.netty.buffer.checkBounds: true
18:07:43.427 [main] DEBUG io.netty.util.ResourceLeakDetectorFactory - Loaded default ResourceLeakDetector: io.netty.util.ResourceLeakDetector@5
18:07:43.427 [main] DEBUG io.netty.util.internal.InternalThreadLocalMap - -Dio.netty.threadLocalMap.stringBuilder.initialSize: 1024
18:07:43.427 [main] DEBUG io.netty.util.internal.InternalThreadLocalMap - -Dio.netty.threadLocalMap.stringBuilder.maxSize: 4096
18:07:43.427 [main] DEBUG io.netty.buffer.PooledByteBufAllocator - -Dio.netty.allocator.numHeapArenas: 0
18:07:43.427 [main] DEBUG io.netty.buffer.PooledByteBufAllocator - -Dio.netty.allocator.numDirectArenas: 2
18:07:43.427 [main] DEBUG io.netty.buffer.PooledByteBufAllocator - -Dio.netty.allocator.pageSize: 8192
18:07:43.427 [main] DEBUG io.netty.buffer.PooledByteBufAllocator - -Dio.netty.allocator.maxOrder: 9
18:07:43.427 [main] DEBUG io.netty.buffer.PooledByteBufAllocator - -Dio.netty.allocator.chunkSize: 4194304
18:07:43.427 [main] DEBUG io.netty.buffer.PooledByteBufAllocator - -Dio.netty.allocator.smallCacheSize: 256
18:07:43.427 [main] DEBUG io.netty.buffer.PooledByteBufAllocator - -Dio.netty.allocator.normalCacheSize: 64
18:07:43.427 [main] DEBUG io.netty.buffer.PooledByteBufAllocator - -Dio.netty.allocator.maxCachedBufferCapacity: 32768
18:07:43.427 [main] DEBUG io.netty.buffer.PooledByteBufAllocator - -Dio.netty.allocator.cacheTrimInterval: 8192
18:07:43.427 [main] DEBUG io.netty.buffer.PooledByteBufAllocator - -Dio.netty.allocator.cacheTrimIntervalMillis: 0
18:07:43.427 [main] DEBUG io.netty.buffer.PooledByteBufAllocator - -Dio.netty.allocator.useCacheForAllThreads: false
18:07:43.427 [main] DEBUG io.netty.buffer.PooledByteBufAllocator - -Dio.netty.allocator.maxCachedByteBuffersPerChunk: 1023
18:07:43.428 [main] DEBUG io.netty.buffer.ByteBufUtil - -Dio.netty.allocator.type: pooled
18:07:43.428 [main] DEBUG io.netty.buffer.ByteBufUtil - -Dio.netty.threadLocalDirectBufferSize: 0
18:07:43.428 [main] DEBUG io.netty.buffer.ByteBufUtil - -Dio.netty.maxThreadLocalCharBufferSize: 16384
18:07:43.429 [main] DEBUG io.netty.util.Recycler - -Dio.netty.recycler.maxCapacityPerThread: 4096
18:07:43.429 [main] DEBUG io.netty.util.Recycler - -Dio.netty.recycler.ratio: 8
18:07:43.429 [main] DEBUG io.netty.util.Recycler - -Dio.netty.recycler.chunkSize: 32
18:07:43.429 [main] DEBUG io.netty.util.Recycler - -Dio.netty.recycler.blocking: false
18:07:43.429 [main] DEBUG io.netty.util.Recycler - -Dio.netty.recycler.batchFastThreadLocalOnly: true
18:07:43.429 [main] DEBUG io.netty.util.internal.PlatformDependent - org.jctools-core.MpscChunkedArrayQueue: available
]]></system-out>
  </testcase>
  <testcase name="test16" classname="io.netty.handler.codec.http.multipart.AbstractDiskHttpData_ESTest" time="0.01">
    <system-out><![CDATA[18:07:43.436 [main] DEBUG io.netty.util.internal.logging.InternalLoggerFactory - Using SLF4J as the default logging framework
18:07:43.436 [main] DEBUG io.netty.util.internal.PlatformDependent0 - -Dio.netty.noUnsafe: false
18:07:43.436 [main] DEBUG io.netty.util.internal.PlatformDependent0 - Java version: 8
18:07:43.436 [main] DEBUG io.netty.util.internal.PlatformDependent0 - sun.misc.Unsafe.theUnsafe: available
18:07:43.436 [main] DEBUG io.netty.util.internal.PlatformDependent0 - sun.misc.Unsafe.copyMemory: available
18:07:43.436 [main] DEBUG io.netty.util.internal.PlatformDependent0 - sun.misc.Unsafe.storeFence: available
18:07:43.436 [main] DEBUG io.netty.util.internal.PlatformDependent0 - java.nio.Buffer.address: available
18:07:43.436 [main] DEBUG io.netty.util.internal.PlatformDependent0 - direct buffer constructor: available
18:07:43.436 [main] DEBUG io.netty.util.internal.PlatformDependent0 - java.nio.Bits.unaligned: available, true
18:07:43.436 [main] DEBUG io.netty.util.internal.PlatformDependent0 - jdk.internal.misc.Unsafe.allocateUninitializedArray(int): unavailable prior to Java9
18:07:43.436 [main] DEBUG io.netty.util.internal.PlatformDependent0 - java.nio.DirectByteBuffer.<init>(long, {int,long}): available
18:07:43.436 [main] DEBUG io.netty.util.internal.CleanerJava6 - java.nio.ByteBuffer.cleaner(): available
18:07:43.436 [main] DEBUG io.netty.util.internal.PlatformDependent - sun.misc.Unsafe: available
18:07:43.436 [main] DEBUG io.netty.util.internal.PlatformDependent - -Dio.netty.tmpdir: /tmp (java.io.tmpdir)
18:07:43.436 [main] DEBUG io.netty.util.internal.PlatformDependent - -Dio.netty.bitMode: 64 (sun.arch.data.model)
18:07:43.436 [main] DEBUG io.netty.util.internal.PlatformDependent - -Dio.netty.maxDirectMemory: 11420041216 bytes
18:07:43.436 [main] DEBUG io.netty.util.internal.PlatformDependent - -Dio.netty.uninitializedArrayAllocationThreshold: -1
18:07:43.436 [main] DEBUG io.netty.util.internal.PlatformDependent - -Dio.netty.noPreferDirect: false
18:07:43.436 [main] DEBUG io.netty.util.internal.CleanerJava9 - java.nio.ByteBuffer.cleaner(): unavailable
java.lang.NoSuchMethodException: sun.misc.Unsafe.invokeCleaner(java.nio.ByteBuffer)
	at java.lang.Class.getDeclaredMethod(Class.java:2130)
	at io.netty.util.internal.CleanerJava9$1.run(CleanerJava9.java:45)
	at java.security.AccessController.doPrivileged(Native Method)
	at io.netty.util.internal.CleanerJava9.__STATIC_RESET(CleanerJava9.java:40)
	at sun.reflect.GeneratedMethodAccessor27.invoke(Unknown Source)
	at sun.reflect.DelegatingMethodAccessorImpl.invoke(DelegatingMethodAccessorImpl.java:43)
	at java.lang.reflect.Method.invoke(Method.java:498)
	at org.evosuite.runtime.classhandling.ClassResetter.reset(ClassResetter.java:159)
	at org.evosuite.runtime.classhandling.ClassStateSupport.resetClasses(ClassStateSupport.java:137)
	at io.netty.handler.codec.http.multipart.AbstractDiskHttpData_ESTest_scaffolding.resetClasses(AbstractDiskHttpData_ESTest_scaffolding.java:318)
	at io.netty.handler.codec.http.multipart.AbstractDiskHttpData_ESTest_scaffolding.doneWithTestCase(AbstractDiskHttpData_ESTest_scaffolding.java:74)
	at sun.reflect.GeneratedMethodAccessor6.invoke(Unknown Source)
	at sun.reflect.DelegatingMethodAccessorImpl.invoke(DelegatingMethodAccessorImpl.java:43)
	at java.lang.reflect.Method.invoke(Method.java:498)
	at org.junit.runners.model.FrameworkMethod$1.runReflectiveCall(FrameworkMethod.java:59)
	at org.junit.internal.runners.model.ReflectiveCallable.run(ReflectiveCallable.java:12)
	at org.junit.runners.model.FrameworkMethod.invokeExplosively(FrameworkMethod.java:56)
	at org.junit.internal.runners.statements.RunAfters.invokeMethod(RunAfters.java:46)
	at org.junit.internal.runners.statements.RunAfters.evaluate(RunAfters.java:33)
	at org.evosuite.runtime.vnet.NonFunctionalRequirementRule$1.evaluate(NonFunctionalRequirementRule.java:41)
	at org.junit.runners.ParentRunner$3.evaluate(ParentRunner.java:306)
	at org.junit.runners.BlockJUnit4ClassRunner$1.evaluate(BlockJUnit4ClassRunner.java:100)
	at org.junit.runners.ParentRunner.runLeaf(ParentRunner.java:366)
	at org.junit.runners.BlockJUnit4ClassRunner.runChild(BlockJUnit4ClassRunner.java:103)
	at org.junit.runners.BlockJUnit4ClassRunner.runChild(BlockJUnit4ClassRunner.java:63)
	at org.junit.runners.ParentRunner$4.run(ParentRunner.java:331)
	at org.junit.runners.ParentRunner$1.schedule(ParentRunner.java:79)
	at org.junit.runners.ParentRunner.runChildren(ParentRunner.java:329)
	at org.junit.runners.ParentRunner.access$100(ParentRunner.java:66)
	at org.junit.runners.ParentRunner$2.evaluate(ParentRunner.java:293)
	at org.junit.internal.runners.statements.RunBefores.evaluate(RunBefores.java:26)
	at org.junit.internal.runners.statements.RunAfters.evaluate(RunAfters.java:27)
	at org.junit.runners.ParentRunner$3.evaluate(ParentRunner.java:306)
	at org.junit.runners.ParentRunner.run(ParentRunner.java:413)
	at org.apache.maven.surefire.junit4.JUnit4Provider.execute(JUnit4Provider.java:316)
	at org.apache.maven.surefire.junit4.JUnit4Provider.executeWithRerun(JUnit4Provider.java:240)
	at org.apache.maven.surefire.junit4.JUnit4Provider.executeTestSet(JUnit4Provider.java:214)
	at org.apache.maven.surefire.junit4.JUnit4Provider.invoke(JUnit4Provider.java:155)
	at org.apache.maven.surefire.booter.ForkedBooter.runSuitesInProcess(ForkedBooter.java:385)
	at org.apache.maven.surefire.booter.ForkedBooter.execute(ForkedBooter.java:162)
	at org.apache.maven.surefire.booter.ForkedBooter.run(ForkedBooter.java:507)
	at org.apache.maven.surefire.booter.ForkedBooter.main(ForkedBooter.java:495)
18:07:43.437 [main] DEBUG io.netty.util.ResourceLeakDetector - -Dio.netty.leakDetection.level: simple
18:07:43.437 [main] DEBUG io.netty.util.ResourceLeakDetector - -Dio.netty.leakDetection.targetRecords: 4
18:07:43.437 [main] DEBUG io.netty.buffer.AbstractByteBuf - -Dio.netty.buffer.checkAccessible: true
18:07:43.437 [main] DEBUG io.netty.buffer.AbstractByteBuf - -Dio.netty.buffer.checkBounds: true
18:07:43.437 [main] DEBUG io.netty.util.ResourceLeakDetectorFactory - Loaded default ResourceLeakDetector: io.netty.util.ResourceLeakDetector@5
18:07:43.437 [main] DEBUG io.netty.util.internal.InternalThreadLocalMap - -Dio.netty.threadLocalMap.stringBuilder.initialSize: 1024
18:07:43.437 [main] DEBUG io.netty.util.internal.InternalThreadLocalMap - -Dio.netty.threadLocalMap.stringBuilder.maxSize: 4096
18:07:43.437 [main] DEBUG io.netty.buffer.PooledByteBufAllocator - -Dio.netty.allocator.numHeapArenas: 0
18:07:43.437 [main] DEBUG io.netty.buffer.PooledByteBufAllocator - -Dio.netty.allocator.numDirectArenas: 2
18:07:43.437 [main] DEBUG io.netty.buffer.PooledByteBufAllocator - -Dio.netty.allocator.pageSize: 8192
18:07:43.437 [main] DEBUG io.netty.buffer.PooledByteBufAllocator - -Dio.netty.allocator.maxOrder: 9
18:07:43.437 [main] DEBUG io.netty.buffer.PooledByteBufAllocator - -Dio.netty.allocator.chunkSize: 4194304
18:07:43.437 [main] DEBUG io.netty.buffer.PooledByteBufAllocator - -Dio.netty.allocator.smallCacheSize: 256
18:07:43.437 [main] DEBUG io.netty.buffer.PooledByteBufAllocator - -Dio.netty.allocator.normalCacheSize: 64
18:07:43.437 [main] DEBUG io.netty.buffer.PooledByteBufAllocator - -Dio.netty.allocator.maxCachedBufferCapacity: 32768
18:07:43.437 [main] DEBUG io.netty.buffer.PooledByteBufAllocator - -Dio.netty.allocator.cacheTrimInterval: 8192
18:07:43.437 [main] DEBUG io.netty.buffer.PooledByteBufAllocator - -Dio.netty.allocator.cacheTrimIntervalMillis: 0
18:07:43.437 [main] DEBUG io.netty.buffer.PooledByteBufAllocator - -Dio.netty.allocator.useCacheForAllThreads: false
18:07:43.437 [main] DEBUG io.netty.buffer.PooledByteBufAllocator - -Dio.netty.allocator.maxCachedByteBuffersPerChunk: 1023
18:07:43.437 [main] DEBUG io.netty.buffer.ByteBufUtil - -Dio.netty.allocator.type: pooled
18:07:43.437 [main] DEBUG io.netty.buffer.ByteBufUtil - -Dio.netty.threadLocalDirectBufferSize: 0
18:07:43.437 [main] DEBUG io.netty.buffer.ByteBufUtil - -Dio.netty.maxThreadLocalCharBufferSize: 16384
18:07:43.438 [main] DEBUG io.netty.util.Recycler - -Dio.netty.recycler.maxCapacityPerThread: 4096
18:07:43.438 [main] DEBUG io.netty.util.Recycler - -Dio.netty.recycler.ratio: 8
18:07:43.438 [main] DEBUG io.netty.util.Recycler - -Dio.netty.recycler.chunkSize: 32
18:07:43.438 [main] DEBUG io.netty.util.Recycler - -Dio.netty.recycler.blocking: false
18:07:43.438 [main] DEBUG io.netty.util.Recycler - -Dio.netty.recycler.batchFastThreadLocalOnly: true
18:07:43.438 [main] DEBUG io.netty.util.internal.PlatformDependent - org.jctools-core.MpscChunkedArrayQueue: available
]]></system-out>
  </testcase>
  <testcase name="test15" classname="io.netty.handler.codec.http.multipart.AbstractDiskHttpData_ESTest" time="0.011">
    <system-out><![CDATA[18:07:43.444 [main] DEBUG io.netty.util.internal.logging.InternalLoggerFactory - Using SLF4J as the default logging framework
18:07:43.444 [main] DEBUG io.netty.util.internal.PlatformDependent0 - -Dio.netty.noUnsafe: false
18:07:43.444 [main] DEBUG io.netty.util.internal.PlatformDependent0 - Java version: 8
18:07:43.444 [main] DEBUG io.netty.util.internal.PlatformDependent0 - sun.misc.Unsafe.theUnsafe: available
18:07:43.444 [main] DEBUG io.netty.util.internal.PlatformDependent0 - sun.misc.Unsafe.copyMemory: available
18:07:43.444 [main] DEBUG io.netty.util.internal.PlatformDependent0 - sun.misc.Unsafe.storeFence: available
18:07:43.444 [main] DEBUG io.netty.util.internal.PlatformDependent0 - java.nio.Buffer.address: available
18:07:43.445 [main] DEBUG io.netty.util.internal.PlatformDependent0 - direct buffer constructor: available
18:07:43.445 [main] DEBUG io.netty.util.internal.PlatformDependent0 - java.nio.Bits.unaligned: available, true
18:07:43.445 [main] DEBUG io.netty.util.internal.PlatformDependent0 - jdk.internal.misc.Unsafe.allocateUninitializedArray(int): unavailable prior to Java9
18:07:43.445 [main] DEBUG io.netty.util.internal.PlatformDependent0 - java.nio.DirectByteBuffer.<init>(long, {int,long}): available
18:07:43.445 [main] DEBUG io.netty.util.internal.CleanerJava6 - java.nio.ByteBuffer.cleaner(): available
18:07:43.445 [main] DEBUG io.netty.util.internal.PlatformDependent - sun.misc.Unsafe: available
18:07:43.445 [main] DEBUG io.netty.util.internal.PlatformDependent - -Dio.netty.tmpdir: /tmp (java.io.tmpdir)
18:07:43.445 [main] DEBUG io.netty.util.internal.PlatformDependent - -Dio.netty.bitMode: 64 (sun.arch.data.model)
18:07:43.445 [main] DEBUG io.netty.util.internal.PlatformDependent - -Dio.netty.maxDirectMemory: 11420041216 bytes
18:07:43.445 [main] DEBUG io.netty.util.internal.PlatformDependent - -Dio.netty.uninitializedArrayAllocationThreshold: -1
18:07:43.445 [main] DEBUG io.netty.util.internal.PlatformDependent - -Dio.netty.noPreferDirect: false
18:07:43.445 [main] DEBUG io.netty.util.internal.CleanerJava9 - java.nio.ByteBuffer.cleaner(): unavailable
java.lang.NoSuchMethodException: sun.misc.Unsafe.invokeCleaner(java.nio.ByteBuffer)
	at java.lang.Class.getDeclaredMethod(Class.java:2130)
	at io.netty.util.internal.CleanerJava9$1.run(CleanerJava9.java:45)
	at java.security.AccessController.doPrivileged(Native Method)
	at io.netty.util.internal.CleanerJava9.__STATIC_RESET(CleanerJava9.java:40)
	at sun.reflect.GeneratedMethodAccessor27.invoke(Unknown Source)
	at sun.reflect.DelegatingMethodAccessorImpl.invoke(DelegatingMethodAccessorImpl.java:43)
	at java.lang.reflect.Method.invoke(Method.java:498)
	at org.evosuite.runtime.classhandling.ClassResetter.reset(ClassResetter.java:159)
	at org.evosuite.runtime.classhandling.ClassStateSupport.resetClasses(ClassStateSupport.java:137)
	at io.netty.handler.codec.http.multipart.AbstractDiskHttpData_ESTest_scaffolding.resetClasses(AbstractDiskHttpData_ESTest_scaffolding.java:318)
	at io.netty.handler.codec.http.multipart.AbstractDiskHttpData_ESTest_scaffolding.doneWithTestCase(AbstractDiskHttpData_ESTest_scaffolding.java:74)
	at sun.reflect.GeneratedMethodAccessor6.invoke(Unknown Source)
	at sun.reflect.DelegatingMethodAccessorImpl.invoke(DelegatingMethodAccessorImpl.java:43)
	at java.lang.reflect.Method.invoke(Method.java:498)
	at org.junit.runners.model.FrameworkMethod$1.runReflectiveCall(FrameworkMethod.java:59)
	at org.junit.internal.runners.model.ReflectiveCallable.run(ReflectiveCallable.java:12)
	at org.junit.runners.model.FrameworkMethod.invokeExplosively(FrameworkMethod.java:56)
	at org.junit.internal.runners.statements.RunAfters.invokeMethod(RunAfters.java:46)
	at org.junit.internal.runners.statements.RunAfters.evaluate(RunAfters.java:33)
	at org.evosuite.runtime.vnet.NonFunctionalRequirementRule$1.evaluate(NonFunctionalRequirementRule.java:41)
	at org.junit.runners.ParentRunner$3.evaluate(ParentRunner.java:306)
	at org.junit.runners.BlockJUnit4ClassRunner$1.evaluate(BlockJUnit4ClassRunner.java:100)
	at org.junit.runners.ParentRunner.runLeaf(ParentRunner.java:366)
	at org.junit.runners.BlockJUnit4ClassRunner.runChild(BlockJUnit4ClassRunner.java:103)
	at org.junit.runners.BlockJUnit4ClassRunner.runChild(BlockJUnit4ClassRunner.java:63)
	at org.junit.runners.ParentRunner$4.run(ParentRunner.java:331)
	at org.junit.runners.ParentRunner$1.schedule(ParentRunner.java:79)
	at org.junit.runners.ParentRunner.runChildren(ParentRunner.java:329)
	at org.junit.runners.ParentRunner.access$100(ParentRunner.java:66)
	at org.junit.runners.ParentRunner$2.evaluate(ParentRunner.java:293)
	at org.junit.internal.runners.statements.RunBefores.evaluate(RunBefores.java:26)
	at org.junit.internal.runners.statements.RunAfters.evaluate(RunAfters.java:27)
	at org.junit.runners.ParentRunner$3.evaluate(ParentRunner.java:306)
	at org.junit.runners.ParentRunner.run(ParentRunner.java:413)
	at org.apache.maven.surefire.junit4.JUnit4Provider.execute(JUnit4Provider.java:316)
	at org.apache.maven.surefire.junit4.JUnit4Provider.executeWithRerun(JUnit4Provider.java:240)
	at org.apache.maven.surefire.junit4.JUnit4Provider.executeTestSet(JUnit4Provider.java:214)
	at org.apache.maven.surefire.junit4.JUnit4Provider.invoke(JUnit4Provider.java:155)
	at org.apache.maven.surefire.booter.ForkedBooter.runSuitesInProcess(ForkedBooter.java:385)
	at org.apache.maven.surefire.booter.ForkedBooter.execute(ForkedBooter.java:162)
	at org.apache.maven.surefire.booter.ForkedBooter.run(ForkedBooter.java:507)
	at org.apache.maven.surefire.booter.ForkedBooter.main(ForkedBooter.java:495)
18:07:43.446 [main] DEBUG io.netty.util.ResourceLeakDetector - -Dio.netty.leakDetection.level: simple
18:07:43.446 [main] DEBUG io.netty.util.ResourceLeakDetector - -Dio.netty.leakDetection.targetRecords: 4
18:07:43.446 [main] DEBUG io.netty.buffer.AbstractByteBuf - -Dio.netty.buffer.checkAccessible: true
18:07:43.446 [main] DEBUG io.netty.buffer.AbstractByteBuf - -Dio.netty.buffer.checkBounds: true
18:07:43.446 [main] DEBUG io.netty.util.ResourceLeakDetectorFactory - Loaded default ResourceLeakDetector: io.netty.util.ResourceLeakDetector@5
18:07:43.447 [main] DEBUG io.netty.util.internal.InternalThreadLocalMap - -Dio.netty.threadLocalMap.stringBuilder.initialSize: 1024
18:07:43.447 [main] DEBUG io.netty.util.internal.InternalThreadLocalMap - -Dio.netty.threadLocalMap.stringBuilder.maxSize: 4096
18:07:43.447 [main] DEBUG io.netty.buffer.PooledByteBufAllocator - -Dio.netty.allocator.numHeapArenas: 0
18:07:43.447 [main] DEBUG io.netty.buffer.PooledByteBufAllocator - -Dio.netty.allocator.numDirectArenas: 2
18:07:43.447 [main] DEBUG io.netty.buffer.PooledByteBufAllocator - -Dio.netty.allocator.pageSize: 8192
18:07:43.447 [main] DEBUG io.netty.buffer.PooledByteBufAllocator - -Dio.netty.allocator.maxOrder: 9
18:07:43.447 [main] DEBUG io.netty.buffer.PooledByteBufAllocator - -Dio.netty.allocator.chunkSize: 4194304
18:07:43.447 [main] DEBUG io.netty.buffer.PooledByteBufAllocator - -Dio.netty.allocator.smallCacheSize: 256
18:07:43.447 [main] DEBUG io.netty.buffer.PooledByteBufAllocator - -Dio.netty.allocator.normalCacheSize: 64
18:07:43.447 [main] DEBUG io.netty.buffer.PooledByteBufAllocator - -Dio.netty.allocator.maxCachedBufferCapacity: 32768
18:07:43.447 [main] DEBUG io.netty.buffer.PooledByteBufAllocator - -Dio.netty.allocator.cacheTrimInterval: 8192
18:07:43.447 [main] DEBUG io.netty.buffer.PooledByteBufAllocator - -Dio.netty.allocator.cacheTrimIntervalMillis: 0
18:07:43.447 [main] DEBUG io.netty.buffer.PooledByteBufAllocator - -Dio.netty.allocator.useCacheForAllThreads: false
18:07:43.447 [main] DEBUG io.netty.buffer.PooledByteBufAllocator - -Dio.netty.allocator.maxCachedByteBuffersPerChunk: 1023
18:07:43.448 [main] DEBUG io.netty.buffer.ByteBufUtil - -Dio.netty.allocator.type: pooled
18:07:43.448 [main] DEBUG io.netty.buffer.ByteBufUtil - -Dio.netty.threadLocalDirectBufferSize: 0
18:07:43.448 [main] DEBUG io.netty.buffer.ByteBufUtil - -Dio.netty.maxThreadLocalCharBufferSize: 16384
18:07:43.449 [main] DEBUG io.netty.util.Recycler - -Dio.netty.recycler.maxCapacityPerThread: 4096
18:07:43.449 [main] DEBUG io.netty.util.Recycler - -Dio.netty.recycler.ratio: 8
18:07:43.449 [main] DEBUG io.netty.util.Recycler - -Dio.netty.recycler.chunkSize: 32
18:07:43.449 [main] DEBUG io.netty.util.Recycler - -Dio.netty.recycler.blocking: false
18:07:43.449 [main] DEBUG io.netty.util.Recycler - -Dio.netty.recycler.batchFastThreadLocalOnly: true
18:07:43.449 [main] DEBUG io.netty.util.internal.PlatformDependent - org.jctools-core.MpscChunkedArrayQueue: available
]]></system-out>
  </testcase>
  <testcase name="test59" classname="io.netty.handler.codec.http.multipart.AbstractDiskHttpData_ESTest" time="0.009">
    <system-out><![CDATA[18:07:43.498 [main] INFO org.evosuite.runtime.thread.ThreadStopper - Found new thread
18:07:43.499 [main] DEBUG io.netty.util.internal.logging.InternalLoggerFactory - Using SLF4J as the default logging framework
18:07:43.499 [main] DEBUG io.netty.util.internal.PlatformDependent0 - -Dio.netty.noUnsafe: false
18:07:43.499 [main] DEBUG io.netty.util.internal.PlatformDependent0 - Java version: 8
18:07:43.499 [main] DEBUG io.netty.util.internal.PlatformDependent0 - sun.misc.Unsafe.theUnsafe: available
18:07:43.499 [main] DEBUG io.netty.util.internal.PlatformDependent0 - sun.misc.Unsafe.copyMemory: available
18:07:43.499 [main] DEBUG io.netty.util.internal.PlatformDependent0 - sun.misc.Unsafe.storeFence: available
18:07:43.499 [main] DEBUG io.netty.util.internal.PlatformDependent0 - java.nio.Buffer.address: available
18:07:43.499 [main] DEBUG io.netty.util.internal.PlatformDependent0 - direct buffer constructor: available
18:07:43.499 [main] DEBUG io.netty.util.internal.PlatformDependent0 - java.nio.Bits.unaligned: available, true
18:07:43.499 [main] DEBUG io.netty.util.internal.PlatformDependent0 - jdk.internal.misc.Unsafe.allocateUninitializedArray(int): unavailable prior to Java9
18:07:43.499 [main] DEBUG io.netty.util.internal.PlatformDependent0 - java.nio.DirectByteBuffer.<init>(long, {int,long}): available
18:07:43.499 [main] DEBUG io.netty.util.internal.CleanerJava6 - java.nio.ByteBuffer.cleaner(): available
18:07:43.500 [main] DEBUG io.netty.util.internal.PlatformDependent - sun.misc.Unsafe: available
18:07:43.500 [main] DEBUG io.netty.util.internal.PlatformDependent - -Dio.netty.tmpdir: /tmp (java.io.tmpdir)
18:07:43.500 [main] DEBUG io.netty.util.internal.PlatformDependent - -Dio.netty.bitMode: 64 (sun.arch.data.model)
18:07:43.500 [main] DEBUG io.netty.util.internal.PlatformDependent - -Dio.netty.maxDirectMemory: 11420041216 bytes
18:07:43.500 [main] DEBUG io.netty.util.internal.PlatformDependent - -Dio.netty.uninitializedArrayAllocationThreshold: -1
18:07:43.500 [main] DEBUG io.netty.util.internal.PlatformDependent - -Dio.netty.noPreferDirect: false
18:07:43.501 [main] DEBUG io.netty.util.internal.CleanerJava9 - java.nio.ByteBuffer.cleaner(): unavailable
java.lang.NoSuchMethodException: sun.misc.Unsafe.invokeCleaner(java.nio.ByteBuffer)
	at java.lang.Class.getDeclaredMethod(Class.java:2130)
	at io.netty.util.internal.CleanerJava9$1.run(CleanerJava9.java:45)
	at java.security.AccessController.doPrivileged(Native Method)
	at io.netty.util.internal.CleanerJava9.__STATIC_RESET(CleanerJava9.java:40)
	at sun.reflect.GeneratedMethodAccessor27.invoke(Unknown Source)
	at sun.reflect.DelegatingMethodAccessorImpl.invoke(DelegatingMethodAccessorImpl.java:43)
	at java.lang.reflect.Method.invoke(Method.java:498)
	at org.evosuite.runtime.classhandling.ClassResetter.reset(ClassResetter.java:159)
	at org.evosuite.runtime.classhandling.ClassStateSupport.resetClasses(ClassStateSupport.java:137)
	at io.netty.handler.codec.http.multipart.AbstractDiskHttpData_ESTest_scaffolding.resetClasses(AbstractDiskHttpData_ESTest_scaffolding.java:318)
	at io.netty.handler.codec.http.multipart.AbstractDiskHttpData_ESTest_scaffolding.doneWithTestCase(AbstractDiskHttpData_ESTest_scaffolding.java:74)
	at sun.reflect.GeneratedMethodAccessor6.invoke(Unknown Source)
	at sun.reflect.DelegatingMethodAccessorImpl.invoke(DelegatingMethodAccessorImpl.java:43)
	at java.lang.reflect.Method.invoke(Method.java:498)
	at org.junit.runners.model.FrameworkMethod$1.runReflectiveCall(FrameworkMethod.java:59)
	at org.junit.internal.runners.model.ReflectiveCallable.run(ReflectiveCallable.java:12)
	at org.junit.runners.model.FrameworkMethod.invokeExplosively(FrameworkMethod.java:56)
	at org.junit.internal.runners.statements.RunAfters.invokeMethod(RunAfters.java:46)
	at org.junit.internal.runners.statements.RunAfters.evaluate(RunAfters.java:33)
	at org.evosuite.runtime.vnet.NonFunctionalRequirementRule$1.evaluate(NonFunctionalRequirementRule.java:41)
	at org.junit.runners.ParentRunner$3.evaluate(ParentRunner.java:306)
	at org.junit.runners.BlockJUnit4ClassRunner$1.evaluate(BlockJUnit4ClassRunner.java:100)
	at org.junit.runners.ParentRunner.runLeaf(ParentRunner.java:366)
	at org.junit.runners.BlockJUnit4ClassRunner.runChild(BlockJUnit4ClassRunner.java:103)
	at org.junit.runners.BlockJUnit4ClassRunner.runChild(BlockJUnit4ClassRunner.java:63)
	at org.junit.runners.ParentRunner$4.run(ParentRunner.java:331)
	at org.junit.runners.ParentRunner$1.schedule(ParentRunner.java:79)
	at org.junit.runners.ParentRunner.runChildren(ParentRunner.java:329)
	at org.junit.runners.ParentRunner.access$100(ParentRunner.java:66)
	at org.junit.runners.ParentRunner$2.evaluate(ParentRunner.java:293)
	at org.junit.internal.runners.statements.RunBefores.evaluate(RunBefores.java:26)
	at org.junit.internal.runners.statements.RunAfters.evaluate(RunAfters.java:27)
	at org.junit.runners.ParentRunner$3.evaluate(ParentRunner.java:306)
	at org.junit.runners.ParentRunner.run(ParentRunner.java:413)
	at org.apache.maven.surefire.junit4.JUnit4Provider.execute(JUnit4Provider.java:316)
	at org.apache.maven.surefire.junit4.JUnit4Provider.executeWithRerun(JUnit4Provider.java:240)
	at org.apache.maven.surefire.junit4.JUnit4Provider.executeTestSet(JUnit4Provider.java:214)
	at org.apache.maven.surefire.junit4.JUnit4Provider.invoke(JUnit4Provider.java:155)
	at org.apache.maven.surefire.booter.ForkedBooter.runSuitesInProcess(ForkedBooter.java:385)
	at org.apache.maven.surefire.booter.ForkedBooter.execute(ForkedBooter.java:162)
	at org.apache.maven.surefire.booter.ForkedBooter.run(ForkedBooter.java:507)
	at org.apache.maven.surefire.booter.ForkedBooter.main(ForkedBooter.java:495)
18:07:43.501 [main] DEBUG io.netty.util.ResourceLeakDetector - -Dio.netty.leakDetection.level: simple
18:07:43.501 [main] DEBUG io.netty.util.ResourceLeakDetector - -Dio.netty.leakDetection.targetRecords: 4
18:07:43.502 [main] DEBUG io.netty.buffer.AbstractByteBuf - -Dio.netty.buffer.checkAccessible: true
18:07:43.502 [main] DEBUG io.netty.buffer.AbstractByteBuf - -Dio.netty.buffer.checkBounds: true
18:07:43.502 [main] DEBUG io.netty.util.ResourceLeakDetectorFactory - Loaded default ResourceLeakDetector: io.netty.util.ResourceLeakDetector@5
18:07:43.502 [main] DEBUG io.netty.util.internal.InternalThreadLocalMap - -Dio.netty.threadLocalMap.stringBuilder.initialSize: 1024
18:07:43.502 [main] DEBUG io.netty.util.internal.InternalThreadLocalMap - -Dio.netty.threadLocalMap.stringBuilder.maxSize: 4096
18:07:43.502 [main] DEBUG io.netty.buffer.PooledByteBufAllocator - -Dio.netty.allocator.numHeapArenas: 0
18:07:43.502 [main] DEBUG io.netty.buffer.PooledByteBufAllocator - -Dio.netty.allocator.numDirectArenas: 2
18:07:43.502 [main] DEBUG io.netty.buffer.PooledByteBufAllocator - -Dio.netty.allocator.pageSize: 8192
18:07:43.502 [main] DEBUG io.netty.buffer.PooledByteBufAllocator - -Dio.netty.allocator.maxOrder: 9
18:07:43.502 [main] DEBUG io.netty.buffer.PooledByteBufAllocator - -Dio.netty.allocator.chunkSize: 4194304
18:07:43.502 [main] DEBUG io.netty.buffer.PooledByteBufAllocator - -Dio.netty.allocator.smallCacheSize: 256
18:07:43.502 [main] DEBUG io.netty.buffer.PooledByteBufAllocator - -Dio.netty.allocator.normalCacheSize: 64
18:07:43.502 [main] DEBUG io.netty.buffer.PooledByteBufAllocator - -Dio.netty.allocator.maxCachedBufferCapacity: 32768
18:07:43.502 [main] DEBUG io.netty.buffer.PooledByteBufAllocator - -Dio.netty.allocator.cacheTrimInterval: 8192
18:07:43.502 [main] DEBUG io.netty.buffer.PooledByteBufAllocator - -Dio.netty.allocator.cacheTrimIntervalMillis: 0
18:07:43.502 [main] DEBUG io.netty.buffer.PooledByteBufAllocator - -Dio.netty.allocator.useCacheForAllThreads: false
18:07:43.502 [main] DEBUG io.netty.buffer.PooledByteBufAllocator - -Dio.netty.allocator.maxCachedByteBuffersPerChunk: 1023
18:07:43.503 [main] DEBUG io.netty.buffer.ByteBufUtil - -Dio.netty.allocator.type: pooled
18:07:43.503 [main] DEBUG io.netty.buffer.ByteBufUtil - -Dio.netty.threadLocalDirectBufferSize: 0
18:07:43.503 [main] DEBUG io.netty.buffer.ByteBufUtil - -Dio.netty.maxThreadLocalCharBufferSize: 16384
18:07:43.503 [main] DEBUG io.netty.util.Recycler - -Dio.netty.recycler.maxCapacityPerThread: 4096
18:07:43.503 [main] DEBUG io.netty.util.Recycler - -Dio.netty.recycler.ratio: 8
18:07:43.503 [main] DEBUG io.netty.util.Recycler - -Dio.netty.recycler.chunkSize: 32
18:07:43.503 [main] DEBUG io.netty.util.Recycler - -Dio.netty.recycler.blocking: false
18:07:43.503 [main] DEBUG io.netty.util.Recycler - -Dio.netty.recycler.batchFastThreadLocalOnly: true
18:07:43.503 [main] DEBUG io.netty.util.internal.PlatformDependent - org.jctools-core.MpscChunkedArrayQueue: available
]]></system-out>
  </testcase>
  <testcase name="test18" classname="io.netty.handler.codec.http.multipart.AbstractDiskHttpData_ESTest" time="0.009">
    <system-out><![CDATA[18:07:43.507 [main] DEBUG io.netty.util.internal.logging.InternalLoggerFactory - Using SLF4J as the default logging framework
18:07:43.507 [main] DEBUG io.netty.util.internal.PlatformDependent0 - -Dio.netty.noUnsafe: false
18:07:43.507 [main] DEBUG io.netty.util.internal.PlatformDependent0 - Java version: 8
18:07:43.507 [main] DEBUG io.netty.util.internal.PlatformDependent0 - sun.misc.Unsafe.theUnsafe: available
18:07:43.507 [main] DEBUG io.netty.util.internal.PlatformDependent0 - sun.misc.Unsafe.copyMemory: available
18:07:43.507 [main] DEBUG io.netty.util.internal.PlatformDependent0 - sun.misc.Unsafe.storeFence: available
18:07:43.507 [main] DEBUG io.netty.util.internal.PlatformDependent0 - java.nio.Buffer.address: available
18:07:43.507 [main] DEBUG io.netty.util.internal.PlatformDependent0 - direct buffer constructor: available
18:07:43.508 [main] DEBUG io.netty.util.internal.PlatformDependent0 - java.nio.Bits.unaligned: available, true
18:07:43.508 [main] DEBUG io.netty.util.internal.PlatformDependent0 - jdk.internal.misc.Unsafe.allocateUninitializedArray(int): unavailable prior to Java9
18:07:43.508 [main] DEBUG io.netty.util.internal.PlatformDependent0 - java.nio.DirectByteBuffer.<init>(long, {int,long}): available
18:07:43.508 [main] DEBUG io.netty.util.internal.CleanerJava6 - java.nio.ByteBuffer.cleaner(): available
18:07:43.508 [main] DEBUG io.netty.util.internal.PlatformDependent - sun.misc.Unsafe: available
18:07:43.508 [main] DEBUG io.netty.util.internal.PlatformDependent - -Dio.netty.tmpdir: /tmp (java.io.tmpdir)
18:07:43.508 [main] DEBUG io.netty.util.internal.PlatformDependent - -Dio.netty.bitMode: 64 (sun.arch.data.model)
18:07:43.508 [main] DEBUG io.netty.util.internal.PlatformDependent - -Dio.netty.maxDirectMemory: 11420041216 bytes
18:07:43.508 [main] DEBUG io.netty.util.internal.PlatformDependent - -Dio.netty.uninitializedArrayAllocationThreshold: -1
18:07:43.508 [main] DEBUG io.netty.util.internal.PlatformDependent - -Dio.netty.noPreferDirect: false
18:07:43.508 [main] DEBUG io.netty.util.internal.CleanerJava9 - java.nio.ByteBuffer.cleaner(): unavailable
java.lang.NoSuchMethodException: sun.misc.Unsafe.invokeCleaner(java.nio.ByteBuffer)
	at java.lang.Class.getDeclaredMethod(Class.java:2130)
	at io.netty.util.internal.CleanerJava9$1.run(CleanerJava9.java:45)
	at java.security.AccessController.doPrivileged(Native Method)
	at io.netty.util.internal.CleanerJava9.__STATIC_RESET(CleanerJava9.java:40)
	at sun.reflect.GeneratedMethodAccessor27.invoke(Unknown Source)
	at sun.reflect.DelegatingMethodAccessorImpl.invoke(DelegatingMethodAccessorImpl.java:43)
	at java.lang.reflect.Method.invoke(Method.java:498)
	at org.evosuite.runtime.classhandling.ClassResetter.reset(ClassResetter.java:159)
	at org.evosuite.runtime.classhandling.ClassStateSupport.resetClasses(ClassStateSupport.java:137)
	at io.netty.handler.codec.http.multipart.AbstractDiskHttpData_ESTest_scaffolding.resetClasses(AbstractDiskHttpData_ESTest_scaffolding.java:318)
	at io.netty.handler.codec.http.multipart.AbstractDiskHttpData_ESTest_scaffolding.doneWithTestCase(AbstractDiskHttpData_ESTest_scaffolding.java:74)
	at sun.reflect.GeneratedMethodAccessor6.invoke(Unknown Source)
	at sun.reflect.DelegatingMethodAccessorImpl.invoke(DelegatingMethodAccessorImpl.java:43)
	at java.lang.reflect.Method.invoke(Method.java:498)
	at org.junit.runners.model.FrameworkMethod$1.runReflectiveCall(FrameworkMethod.java:59)
	at org.junit.internal.runners.model.ReflectiveCallable.run(ReflectiveCallable.java:12)
	at org.junit.runners.model.FrameworkMethod.invokeExplosively(FrameworkMethod.java:56)
	at org.junit.internal.runners.statements.RunAfters.invokeMethod(RunAfters.java:46)
	at org.junit.internal.runners.statements.RunAfters.evaluate(RunAfters.java:33)
	at org.evosuite.runtime.vnet.NonFunctionalRequirementRule$1.evaluate(NonFunctionalRequirementRule.java:41)
	at org.junit.runners.ParentRunner$3.evaluate(ParentRunner.java:306)
	at org.junit.runners.BlockJUnit4ClassRunner$1.evaluate(BlockJUnit4ClassRunner.java:100)
	at org.junit.runners.ParentRunner.runLeaf(ParentRunner.java:366)
	at org.junit.runners.BlockJUnit4ClassRunner.runChild(BlockJUnit4ClassRunner.java:103)
	at org.junit.runners.BlockJUnit4ClassRunner.runChild(BlockJUnit4ClassRunner.java:63)
	at org.junit.runners.ParentRunner$4.run(ParentRunner.java:331)
	at org.junit.runners.ParentRunner$1.schedule(ParentRunner.java:79)
	at org.junit.runners.ParentRunner.runChildren(ParentRunner.java:329)
	at org.junit.runners.ParentRunner.access$100(ParentRunner.java:66)
	at org.junit.runners.ParentRunner$2.evaluate(ParentRunner.java:293)
	at org.junit.internal.runners.statements.RunBefores.evaluate(RunBefores.java:26)
	at org.junit.internal.runners.statements.RunAfters.evaluate(RunAfters.java:27)
	at org.junit.runners.ParentRunner$3.evaluate(ParentRunner.java:306)
	at org.junit.runners.ParentRunner.run(ParentRunner.java:413)
	at org.apache.maven.surefire.junit4.JUnit4Provider.execute(JUnit4Provider.java:316)
	at org.apache.maven.surefire.junit4.JUnit4Provider.executeWithRerun(JUnit4Provider.java:240)
	at org.apache.maven.surefire.junit4.JUnit4Provider.executeTestSet(JUnit4Provider.java:214)
	at org.apache.maven.surefire.junit4.JUnit4Provider.invoke(JUnit4Provider.java:155)
	at org.apache.maven.surefire.booter.ForkedBooter.runSuitesInProcess(ForkedBooter.java:385)
	at org.apache.maven.surefire.booter.ForkedBooter.execute(ForkedBooter.java:162)
	at org.apache.maven.surefire.booter.ForkedBooter.run(ForkedBooter.java:507)
	at org.apache.maven.surefire.booter.ForkedBooter.main(ForkedBooter.java:495)
18:07:43.508 [main] DEBUG io.netty.util.ResourceLeakDetector - -Dio.netty.leakDetection.level: simple
18:07:43.508 [main] DEBUG io.netty.util.ResourceLeakDetector - -Dio.netty.leakDetection.targetRecords: 4
18:07:43.508 [main] DEBUG io.netty.buffer.AbstractByteBuf - -Dio.netty.buffer.checkAccessible: true
18:07:43.508 [main] DEBUG io.netty.buffer.AbstractByteBuf - -Dio.netty.buffer.checkBounds: true
18:07:43.508 [main] DEBUG io.netty.util.ResourceLeakDetectorFactory - Loaded default ResourceLeakDetector: io.netty.util.ResourceLeakDetector@5
18:07:43.508 [main] DEBUG io.netty.util.internal.InternalThreadLocalMap - -Dio.netty.threadLocalMap.stringBuilder.initialSize: 1024
18:07:43.508 [main] DEBUG io.netty.util.internal.InternalThreadLocalMap - -Dio.netty.threadLocalMap.stringBuilder.maxSize: 4096
18:07:43.508 [main] DEBUG io.netty.buffer.PooledByteBufAllocator - -Dio.netty.allocator.numHeapArenas: 0
18:07:43.508 [main] DEBUG io.netty.buffer.PooledByteBufAllocator - -Dio.netty.allocator.numDirectArenas: 2
18:07:43.508 [main] DEBUG io.netty.buffer.PooledByteBufAllocator - -Dio.netty.allocator.pageSize: 8192
18:07:43.508 [main] DEBUG io.netty.buffer.PooledByteBufAllocator - -Dio.netty.allocator.maxOrder: 9
18:07:43.508 [main] DEBUG io.netty.buffer.PooledByteBufAllocator - -Dio.netty.allocator.chunkSize: 4194304
18:07:43.508 [main] DEBUG io.netty.buffer.PooledByteBufAllocator - -Dio.netty.allocator.smallCacheSize: 256
18:07:43.508 [main] DEBUG io.netty.buffer.PooledByteBufAllocator - -Dio.netty.allocator.normalCacheSize: 64
18:07:43.508 [main] DEBUG io.netty.buffer.PooledByteBufAllocator - -Dio.netty.allocator.maxCachedBufferCapacity: 32768
18:07:43.508 [main] DEBUG io.netty.buffer.PooledByteBufAllocator - -Dio.netty.allocator.cacheTrimInterval: 8192
18:07:43.508 [main] DEBUG io.netty.buffer.PooledByteBufAllocator - -Dio.netty.allocator.cacheTrimIntervalMillis: 0
18:07:43.508 [main] DEBUG io.netty.buffer.PooledByteBufAllocator - -Dio.netty.allocator.useCacheForAllThreads: false
18:07:43.508 [main] DEBUG io.netty.buffer.PooledByteBufAllocator - -Dio.netty.allocator.maxCachedByteBuffersPerChunk: 1023
18:07:43.509 [main] DEBUG io.netty.buffer.ByteBufUtil - -Dio.netty.allocator.type: pooled
18:07:43.509 [main] DEBUG io.netty.buffer.ByteBufUtil - -Dio.netty.threadLocalDirectBufferSize: 0
18:07:43.509 [main] DEBUG io.netty.buffer.ByteBufUtil - -Dio.netty.maxThreadLocalCharBufferSize: 16384
18:07:43.509 [main] DEBUG io.netty.util.Recycler - -Dio.netty.recycler.maxCapacityPerThread: 4096
18:07:43.509 [main] DEBUG io.netty.util.Recycler - -Dio.netty.recycler.ratio: 8
18:07:43.509 [main] DEBUG io.netty.util.Recycler - -Dio.netty.recycler.chunkSize: 32
18:07:43.509 [main] DEBUG io.netty.util.Recycler - -Dio.netty.recycler.blocking: false
18:07:43.509 [main] DEBUG io.netty.util.Recycler - -Dio.netty.recycler.batchFastThreadLocalOnly: true
18:07:43.509 [main] DEBUG io.netty.util.internal.PlatformDependent - org.jctools-core.MpscChunkedArrayQueue: available
]]></system-out>
  </testcase>
  <testcase name="test17" classname="io.netty.handler.codec.http.multipart.AbstractDiskHttpData_ESTest" time="0.009">
    <system-out><![CDATA[18:07:43.514 [main] DEBUG io.netty.util.internal.logging.InternalLoggerFactory - Using SLF4J as the default logging framework
18:07:43.514 [main] DEBUG io.netty.util.internal.PlatformDependent0 - -Dio.netty.noUnsafe: false
18:07:43.514 [main] DEBUG io.netty.util.internal.PlatformDependent0 - Java version: 8
18:07:43.514 [main] DEBUG io.netty.util.internal.PlatformDependent0 - sun.misc.Unsafe.theUnsafe: available
18:07:43.514 [main] DEBUG io.netty.util.internal.PlatformDependent0 - sun.misc.Unsafe.copyMemory: available
18:07:43.514 [main] DEBUG io.netty.util.internal.PlatformDependent0 - sun.misc.Unsafe.storeFence: available
18:07:43.514 [main] DEBUG io.netty.util.internal.PlatformDependent0 - java.nio.Buffer.address: available
18:07:43.514 [main] DEBUG io.netty.util.internal.PlatformDependent0 - direct buffer constructor: available
18:07:43.514 [main] DEBUG io.netty.util.internal.PlatformDependent0 - java.nio.Bits.unaligned: available, true
18:07:43.514 [main] DEBUG io.netty.util.internal.PlatformDependent0 - jdk.internal.misc.Unsafe.allocateUninitializedArray(int): unavailable prior to Java9
18:07:43.514 [main] DEBUG io.netty.util.internal.PlatformDependent0 - java.nio.DirectByteBuffer.<init>(long, {int,long}): available
18:07:43.514 [main] DEBUG io.netty.util.internal.CleanerJava6 - java.nio.ByteBuffer.cleaner(): available
18:07:43.514 [main] DEBUG io.netty.util.internal.PlatformDependent - sun.misc.Unsafe: available
18:07:43.514 [main] DEBUG io.netty.util.internal.PlatformDependent - -Dio.netty.tmpdir: /tmp (java.io.tmpdir)
18:07:43.514 [main] DEBUG io.netty.util.internal.PlatformDependent - -Dio.netty.bitMode: 64 (sun.arch.data.model)
18:07:43.514 [main] DEBUG io.netty.util.internal.PlatformDependent - -Dio.netty.maxDirectMemory: 11420041216 bytes
18:07:43.514 [main] DEBUG io.netty.util.internal.PlatformDependent - -Dio.netty.uninitializedArrayAllocationThreshold: -1
18:07:43.514 [main] DEBUG io.netty.util.internal.PlatformDependent - -Dio.netty.noPreferDirect: false
18:07:43.515 [main] DEBUG io.netty.util.internal.CleanerJava9 - java.nio.ByteBuffer.cleaner(): unavailable
java.lang.NoSuchMethodException: sun.misc.Unsafe.invokeCleaner(java.nio.ByteBuffer)
	at java.lang.Class.getDeclaredMethod(Class.java:2130)
	at io.netty.util.internal.CleanerJava9$1.run(CleanerJava9.java:45)
	at java.security.AccessController.doPrivileged(Native Method)
	at io.netty.util.internal.CleanerJava9.__STATIC_RESET(CleanerJava9.java:40)
	at sun.reflect.GeneratedMethodAccessor27.invoke(Unknown Source)
	at sun.reflect.DelegatingMethodAccessorImpl.invoke(DelegatingMethodAccessorImpl.java:43)
	at java.lang.reflect.Method.invoke(Method.java:498)
	at org.evosuite.runtime.classhandling.ClassResetter.reset(ClassResetter.java:159)
	at org.evosuite.runtime.classhandling.ClassStateSupport.resetClasses(ClassStateSupport.java:137)
	at io.netty.handler.codec.http.multipart.AbstractDiskHttpData_ESTest_scaffolding.resetClasses(AbstractDiskHttpData_ESTest_scaffolding.java:318)
	at io.netty.handler.codec.http.multipart.AbstractDiskHttpData_ESTest_scaffolding.doneWithTestCase(AbstractDiskHttpData_ESTest_scaffolding.java:74)
	at sun.reflect.GeneratedMethodAccessor6.invoke(Unknown Source)
	at sun.reflect.DelegatingMethodAccessorImpl.invoke(DelegatingMethodAccessorImpl.java:43)
	at java.lang.reflect.Method.invoke(Method.java:498)
	at org.junit.runners.model.FrameworkMethod$1.runReflectiveCall(FrameworkMethod.java:59)
	at org.junit.internal.runners.model.ReflectiveCallable.run(ReflectiveCallable.java:12)
	at org.junit.runners.model.FrameworkMethod.invokeExplosively(FrameworkMethod.java:56)
	at org.junit.internal.runners.statements.RunAfters.invokeMethod(RunAfters.java:46)
	at org.junit.internal.runners.statements.RunAfters.evaluate(RunAfters.java:33)
	at org.evosuite.runtime.vnet.NonFunctionalRequirementRule$1.evaluate(NonFunctionalRequirementRule.java:41)
	at org.junit.runners.ParentRunner$3.evaluate(ParentRunner.java:306)
	at org.junit.runners.BlockJUnit4ClassRunner$1.evaluate(BlockJUnit4ClassRunner.java:100)
	at org.junit.runners.ParentRunner.runLeaf(ParentRunner.java:366)
	at org.junit.runners.BlockJUnit4ClassRunner.runChild(BlockJUnit4ClassRunner.java:103)
	at org.junit.runners.BlockJUnit4ClassRunner.runChild(BlockJUnit4ClassRunner.java:63)
	at org.junit.runners.ParentRunner$4.run(ParentRunner.java:331)
	at org.junit.runners.ParentRunner$1.schedule(ParentRunner.java:79)
	at org.junit.runners.ParentRunner.runChildren(ParentRunner.java:329)
	at org.junit.runners.ParentRunner.access$100(ParentRunner.java:66)
	at org.junit.runners.ParentRunner$2.evaluate(ParentRunner.java:293)
	at org.junit.internal.runners.statements.RunBefores.evaluate(RunBefores.java:26)
	at org.junit.internal.runners.statements.RunAfters.evaluate(RunAfters.java:27)
	at org.junit.runners.ParentRunner$3.evaluate(ParentRunner.java:306)
	at org.junit.runners.ParentRunner.run(ParentRunner.java:413)
	at org.apache.maven.surefire.junit4.JUnit4Provider.execute(JUnit4Provider.java:316)
	at org.apache.maven.surefire.junit4.JUnit4Provider.executeWithRerun(JUnit4Provider.java:240)
	at org.apache.maven.surefire.junit4.JUnit4Provider.executeTestSet(JUnit4Provider.java:214)
	at org.apache.maven.surefire.junit4.JUnit4Provider.invoke(JUnit4Provider.java:155)
	at org.apache.maven.surefire.booter.ForkedBooter.runSuitesInProcess(ForkedBooter.java:385)
	at org.apache.maven.surefire.booter.ForkedBooter.execute(ForkedBooter.java:162)
	at org.apache.maven.surefire.booter.ForkedBooter.run(ForkedBooter.java:507)
	at org.apache.maven.surefire.booter.ForkedBooter.main(ForkedBooter.java:495)
18:07:43.515 [main] DEBUG io.netty.util.ResourceLeakDetector - -Dio.netty.leakDetection.level: simple
18:07:43.515 [main] DEBUG io.netty.util.ResourceLeakDetector - -Dio.netty.leakDetection.targetRecords: 4
18:07:43.515 [main] DEBUG io.netty.buffer.AbstractByteBuf - -Dio.netty.buffer.checkAccessible: true
18:07:43.515 [main] DEBUG io.netty.buffer.AbstractByteBuf - -Dio.netty.buffer.checkBounds: true
18:07:43.515 [main] DEBUG io.netty.util.ResourceLeakDetectorFactory - Loaded default ResourceLeakDetector: io.netty.util.ResourceLeakDetector@5
18:07:43.515 [main] DEBUG io.netty.util.internal.InternalThreadLocalMap - -Dio.netty.threadLocalMap.stringBuilder.initialSize: 1024
18:07:43.515 [main] DEBUG io.netty.util.internal.InternalThreadLocalMap - -Dio.netty.threadLocalMap.stringBuilder.maxSize: 4096
18:07:43.516 [main] DEBUG io.netty.buffer.PooledByteBufAllocator - -Dio.netty.allocator.numHeapArenas: 0
18:07:43.516 [main] DEBUG io.netty.buffer.PooledByteBufAllocator - -Dio.netty.allocator.numDirectArenas: 2
18:07:43.516 [main] DEBUG io.netty.buffer.PooledByteBufAllocator - -Dio.netty.allocator.pageSize: 8192
18:07:43.516 [main] DEBUG io.netty.buffer.PooledByteBufAllocator - -Dio.netty.allocator.maxOrder: 9
18:07:43.516 [main] DEBUG io.netty.buffer.PooledByteBufAllocator - -Dio.netty.allocator.chunkSize: 4194304
18:07:43.516 [main] DEBUG io.netty.buffer.PooledByteBufAllocator - -Dio.netty.allocator.smallCacheSize: 256
18:07:43.516 [main] DEBUG io.netty.buffer.PooledByteBufAllocator - -Dio.netty.allocator.normalCacheSize: 64
18:07:43.516 [main] DEBUG io.netty.buffer.PooledByteBufAllocator - -Dio.netty.allocator.maxCachedBufferCapacity: 32768
18:07:43.516 [main] DEBUG io.netty.buffer.PooledByteBufAllocator - -Dio.netty.allocator.cacheTrimInterval: 8192
18:07:43.516 [main] DEBUG io.netty.buffer.PooledByteBufAllocator - -Dio.netty.allocator.cacheTrimIntervalMillis: 0
18:07:43.516 [main] DEBUG io.netty.buffer.PooledByteBufAllocator - -Dio.netty.allocator.useCacheForAllThreads: false
18:07:43.516 [main] DEBUG io.netty.buffer.PooledByteBufAllocator - -Dio.netty.allocator.maxCachedByteBuffersPerChunk: 1023
18:07:43.516 [main] DEBUG io.netty.buffer.ByteBufUtil - -Dio.netty.allocator.type: pooled
18:07:43.516 [main] DEBUG io.netty.buffer.ByteBufUtil - -Dio.netty.threadLocalDirectBufferSize: 0
18:07:43.516 [main] DEBUG io.netty.buffer.ByteBufUtil - -Dio.netty.maxThreadLocalCharBufferSize: 16384
18:07:43.516 [main] DEBUG io.netty.util.Recycler - -Dio.netty.recycler.maxCapacityPerThread: 4096
18:07:43.516 [main] DEBUG io.netty.util.Recycler - -Dio.netty.recycler.ratio: 8
18:07:43.516 [main] DEBUG io.netty.util.Recycler - -Dio.netty.recycler.chunkSize: 32
18:07:43.516 [main] DEBUG io.netty.util.Recycler - -Dio.netty.recycler.blocking: false
18:07:43.516 [main] DEBUG io.netty.util.Recycler - -Dio.netty.recycler.batchFastThreadLocalOnly: true
18:07:43.516 [main] DEBUG io.netty.util.internal.PlatformDependent - org.jctools-core.MpscChunkedArrayQueue: available
]]></system-out>
  </testcase>
  <testcase name="test19" classname="io.netty.handler.codec.http.multipart.AbstractDiskHttpData_ESTest" time="0.008">
    <system-out><![CDATA[18:07:43.520 [main] DEBUG io.netty.util.internal.logging.InternalLoggerFactory - Using SLF4J as the default logging framework
18:07:43.520 [main] DEBUG io.netty.util.internal.PlatformDependent0 - -Dio.netty.noUnsafe: false
18:07:43.520 [main] DEBUG io.netty.util.internal.PlatformDependent0 - Java version: 8
18:07:43.520 [main] DEBUG io.netty.util.internal.PlatformDependent0 - sun.misc.Unsafe.theUnsafe: available
18:07:43.520 [main] DEBUG io.netty.util.internal.PlatformDependent0 - sun.misc.Unsafe.copyMemory: available
18:07:43.520 [main] DEBUG io.netty.util.internal.PlatformDependent0 - sun.misc.Unsafe.storeFence: available
18:07:43.520 [main] DEBUG io.netty.util.internal.PlatformDependent0 - java.nio.Buffer.address: available
18:07:43.520 [main] DEBUG io.netty.util.internal.PlatformDependent0 - direct buffer constructor: available
18:07:43.521 [main] DEBUG io.netty.util.internal.PlatformDependent0 - java.nio.Bits.unaligned: available, true
18:07:43.521 [main] DEBUG io.netty.util.internal.PlatformDependent0 - jdk.internal.misc.Unsafe.allocateUninitializedArray(int): unavailable prior to Java9
18:07:43.521 [main] DEBUG io.netty.util.internal.PlatformDependent0 - java.nio.DirectByteBuffer.<init>(long, {int,long}): available
18:07:43.521 [main] DEBUG io.netty.util.internal.CleanerJava6 - java.nio.ByteBuffer.cleaner(): available
18:07:43.521 [main] DEBUG io.netty.util.internal.PlatformDependent - sun.misc.Unsafe: available
18:07:43.521 [main] DEBUG io.netty.util.internal.PlatformDependent - -Dio.netty.tmpdir: /tmp (java.io.tmpdir)
18:07:43.521 [main] DEBUG io.netty.util.internal.PlatformDependent - -Dio.netty.bitMode: 64 (sun.arch.data.model)
18:07:43.521 [main] DEBUG io.netty.util.internal.PlatformDependent - -Dio.netty.maxDirectMemory: 11420041216 bytes
18:07:43.521 [main] DEBUG io.netty.util.internal.PlatformDependent - -Dio.netty.uninitializedArrayAllocationThreshold: -1
18:07:43.521 [main] DEBUG io.netty.util.internal.PlatformDependent - -Dio.netty.noPreferDirect: false
18:07:43.521 [main] DEBUG io.netty.util.internal.CleanerJava9 - java.nio.ByteBuffer.cleaner(): unavailable
java.lang.NoSuchMethodException: sun.misc.Unsafe.invokeCleaner(java.nio.ByteBuffer)
	at java.lang.Class.getDeclaredMethod(Class.java:2130)
	at io.netty.util.internal.CleanerJava9$1.run(CleanerJava9.java:45)
	at java.security.AccessController.doPrivileged(Native Method)
	at io.netty.util.internal.CleanerJava9.__STATIC_RESET(CleanerJava9.java:40)
	at sun.reflect.GeneratedMethodAccessor27.invoke(Unknown Source)
	at sun.reflect.DelegatingMethodAccessorImpl.invoke(DelegatingMethodAccessorImpl.java:43)
	at java.lang.reflect.Method.invoke(Method.java:498)
	at org.evosuite.runtime.classhandling.ClassResetter.reset(ClassResetter.java:159)
	at org.evosuite.runtime.classhandling.ClassStateSupport.resetClasses(ClassStateSupport.java:137)
	at io.netty.handler.codec.http.multipart.AbstractDiskHttpData_ESTest_scaffolding.resetClasses(AbstractDiskHttpData_ESTest_scaffolding.java:318)
	at io.netty.handler.codec.http.multipart.AbstractDiskHttpData_ESTest_scaffolding.doneWithTestCase(AbstractDiskHttpData_ESTest_scaffolding.java:74)
	at sun.reflect.GeneratedMethodAccessor6.invoke(Unknown Source)
	at sun.reflect.DelegatingMethodAccessorImpl.invoke(DelegatingMethodAccessorImpl.java:43)
	at java.lang.reflect.Method.invoke(Method.java:498)
	at org.junit.runners.model.FrameworkMethod$1.runReflectiveCall(FrameworkMethod.java:59)
	at org.junit.internal.runners.model.ReflectiveCallable.run(ReflectiveCallable.java:12)
	at org.junit.runners.model.FrameworkMethod.invokeExplosively(FrameworkMethod.java:56)
	at org.junit.internal.runners.statements.RunAfters.invokeMethod(RunAfters.java:46)
	at org.junit.internal.runners.statements.RunAfters.evaluate(RunAfters.java:33)
	at org.evosuite.runtime.vnet.NonFunctionalRequirementRule$1.evaluate(NonFunctionalRequirementRule.java:41)
	at org.junit.runners.ParentRunner$3.evaluate(ParentRunner.java:306)
	at org.junit.runners.BlockJUnit4ClassRunner$1.evaluate(BlockJUnit4ClassRunner.java:100)
	at org.junit.runners.ParentRunner.runLeaf(ParentRunner.java:366)
	at org.junit.runners.BlockJUnit4ClassRunner.runChild(BlockJUnit4ClassRunner.java:103)
	at org.junit.runners.BlockJUnit4ClassRunner.runChild(BlockJUnit4ClassRunner.java:63)
	at org.junit.runners.ParentRunner$4.run(ParentRunner.java:331)
	at org.junit.runners.ParentRunner$1.schedule(ParentRunner.java:79)
	at org.junit.runners.ParentRunner.runChildren(ParentRunner.java:329)
	at org.junit.runners.ParentRunner.access$100(ParentRunner.java:66)
	at org.junit.runners.ParentRunner$2.evaluate(ParentRunner.java:293)
	at org.junit.internal.runners.statements.RunBefores.evaluate(RunBefores.java:26)
	at org.junit.internal.runners.statements.RunAfters.evaluate(RunAfters.java:27)
	at org.junit.runners.ParentRunner$3.evaluate(ParentRunner.java:306)
	at org.junit.runners.ParentRunner.run(ParentRunner.java:413)
	at org.apache.maven.surefire.junit4.JUnit4Provider.execute(JUnit4Provider.java:316)
	at org.apache.maven.surefire.junit4.JUnit4Provider.executeWithRerun(JUnit4Provider.java:240)
	at org.apache.maven.surefire.junit4.JUnit4Provider.executeTestSet(JUnit4Provider.java:214)
	at org.apache.maven.surefire.junit4.JUnit4Provider.invoke(JUnit4Provider.java:155)
	at org.apache.maven.surefire.booter.ForkedBooter.runSuitesInProcess(ForkedBooter.java:385)
	at org.apache.maven.surefire.booter.ForkedBooter.execute(ForkedBooter.java:162)
	at org.apache.maven.surefire.booter.ForkedBooter.run(ForkedBooter.java:507)
	at org.apache.maven.surefire.booter.ForkedBooter.main(ForkedBooter.java:495)
18:07:43.522 [main] DEBUG io.netty.util.ResourceLeakDetector - -Dio.netty.leakDetection.level: simple
18:07:43.522 [main] DEBUG io.netty.util.ResourceLeakDetector - -Dio.netty.leakDetection.targetRecords: 4
18:07:43.522 [main] DEBUG io.netty.buffer.AbstractByteBuf - -Dio.netty.buffer.checkAccessible: true
18:07:43.522 [main] DEBUG io.netty.buffer.AbstractByteBuf - -Dio.netty.buffer.checkBounds: true
18:07:43.522 [main] DEBUG io.netty.util.ResourceLeakDetectorFactory - Loaded default ResourceLeakDetector: io.netty.util.ResourceLeakDetector@5
18:07:43.522 [main] DEBUG io.netty.util.internal.InternalThreadLocalMap - -Dio.netty.threadLocalMap.stringBuilder.initialSize: 1024
18:07:43.522 [main] DEBUG io.netty.util.internal.InternalThreadLocalMap - -Dio.netty.threadLocalMap.stringBuilder.maxSize: 4096
18:07:43.522 [main] DEBUG io.netty.buffer.PooledByteBufAllocator - -Dio.netty.allocator.numHeapArenas: 0
18:07:43.522 [main] DEBUG io.netty.buffer.PooledByteBufAllocator - -Dio.netty.allocator.numDirectArenas: 2
18:07:43.522 [main] DEBUG io.netty.buffer.PooledByteBufAllocator - -Dio.netty.allocator.pageSize: 8192
18:07:43.522 [main] DEBUG io.netty.buffer.PooledByteBufAllocator - -Dio.netty.allocator.maxOrder: 9
18:07:43.522 [main] DEBUG io.netty.buffer.PooledByteBufAllocator - -Dio.netty.allocator.chunkSize: 4194304
18:07:43.522 [main] DEBUG io.netty.buffer.PooledByteBufAllocator - -Dio.netty.allocator.smallCacheSize: 256
18:07:43.522 [main] DEBUG io.netty.buffer.PooledByteBufAllocator - -Dio.netty.allocator.normalCacheSize: 64
18:07:43.522 [main] DEBUG io.netty.buffer.PooledByteBufAllocator - -Dio.netty.allocator.maxCachedBufferCapacity: 32768
18:07:43.522 [main] DEBUG io.netty.buffer.PooledByteBufAllocator - -Dio.netty.allocator.cacheTrimInterval: 8192
18:07:43.522 [main] DEBUG io.netty.buffer.PooledByteBufAllocator - -Dio.netty.allocator.cacheTrimIntervalMillis: 0
18:07:43.522 [main] DEBUG io.netty.buffer.PooledByteBufAllocator - -Dio.netty.allocator.useCacheForAllThreads: false
18:07:43.522 [main] DEBUG io.netty.buffer.PooledByteBufAllocator - -Dio.netty.allocator.maxCachedByteBuffersPerChunk: 1023
18:07:43.523 [main] DEBUG io.netty.buffer.ByteBufUtil - -Dio.netty.allocator.type: pooled
18:07:43.523 [main] DEBUG io.netty.buffer.ByteBufUtil - -Dio.netty.threadLocalDirectBufferSize: 0
18:07:43.523 [main] DEBUG io.netty.buffer.ByteBufUtil - -Dio.netty.maxThreadLocalCharBufferSize: 16384
18:07:43.523 [main] DEBUG io.netty.util.Recycler - -Dio.netty.recycler.maxCapacityPerThread: 4096
18:07:43.524 [main] DEBUG io.netty.util.Recycler - -Dio.netty.recycler.ratio: 8
18:07:43.524 [main] DEBUG io.netty.util.Recycler - -Dio.netty.recycler.chunkSize: 32
18:07:43.524 [main] DEBUG io.netty.util.Recycler - -Dio.netty.recycler.blocking: false
18:07:43.524 [main] DEBUG io.netty.util.Recycler - -Dio.netty.recycler.batchFastThreadLocalOnly: true
18:07:43.524 [main] DEBUG io.netty.util.internal.PlatformDependent - org.jctools-core.MpscChunkedArrayQueue: available
]]></system-out>
  </testcase>
</testsuite>