<?xml version="1.0" encoding="UTF-8"?>
<testsuite xmlns:xsi="http://www.w3.org/2001/XMLSchema-instance" xsi:noNamespaceSchemaLocation="https://maven.apache.org/surefire/maven-surefire-plugin/xsd/surefire-test-report-3.0.xsd" version="3.0" name="com.google.common.base.Preconditions_ESTest" time="0.354" tests="176" errors="0" skipped="0" failures="0">
  <properties>
    <property name="awt.toolkit" value="sun.awt.X11.XToolkit"/>
    <property name="file.encoding.pkg" value="sun.io"/>
    <property name="java.specification.version" value="1.8"/>
    <property name="sun.cpu.isalist" value=""/>
    <property name="sun.jnu.encoding" value="UTF-8"/>
    <property name="java.class.path" value="/home/wtwhite/code/regression-test-generation/find-diff-classes/compile/mvnc/com/google/guava/guava/31.0.1-jre/target/test-classes:/home/wtwhite/code/regression-test-generation/find-diff-classes/compile/mvnc/com/google/guava/guava/31.0.1-jre/target/classes:/home/wtwhite/code/craw-redhat-oss/wget/crawl/repo1.maven.org/maven2/com/google/guava/guava/31.0.1-jre/guava-31.0.1-jre.jar:/home/wtwhite/code/regression-test-generation/find-diff-classes/compile/mvnc/com/google/guava/guava/31.0.1-jre/t/dependency/checker-qual-3.12.0.jar:/home/wtwhite/code/regression-test-generation/find-diff-classes/compile/mvnc/com/google/guava/guava/31.0.1-jre/t/dependency/error_prone_annotations-2.7.1.jar:/home/wtwhite/code/regression-test-generation/find-diff-classes/compile/mvnc/com/google/guava/guava/31.0.1-jre/t/dependency/failureaccess-1.0.1.jar:/home/wtwhite/code/regression-test-generation/find-diff-classes/compile/mvnc/com/google/guava/guava/31.0.1-jre/t/dependency/j2objc-annotations-1.3.jar:/home/wtwhite/code/regression-test-generation/find-diff-classes/compile/mvnc/com/google/guava/guava/31.0.1-jre/t/dependency/jsr305-3.0.2.jar:/home/wtwhite/code/regression-test-generation/find-diff-classes/compile/mvnc/com/google/guava/guava/31.0.1-jre/t/dependency/listenablefuture-9999.0-empty-to-avoid-conflict-with-guava.jar:/home/wtwhite/code/regression-test-generation/evosuite/evosuite-standalone-runtime-1.2.0.jar:/home/wtwhite/.m2/repository/junit/junit/4.13.2/junit-4.13.2.jar:/home/wtwhite/.m2/repository/org/hamcrest/hamcrest-core/1.3/hamcrest-core-1.3.jar:"/>
    <property name="java.vm.vendor" value="Private Build"/>
    <property name="sun.arch.data.model" value="64"/>
    <property name="java.vendor.url" value="http://java.oracle.com/"/>
    <property name="user.timezone" value=""/>
    <property name="java.vm.specification.version" value="1.8"/>
    <property name="os.name" value="Linux"/>
    <property name="RUNDIR" value="/home/wtwhite/code/regression-test-generation/find-diff-classes/run-mvn"/>
    <property name="user.country" value="NZ"/>
    <property name="sun.java.launcher" value="SUN_STANDARD"/>
    <property name="sun.boot.library.path" value="/usr/lib/jvm/java-8-openjdk-amd64/jre/lib/amd64"/>
    <property name="sun.java.command" value="/home/wtwhite/code/regression-test-generation/find-diff-classes/compile/mvnc/com/google/guava/guava/31.0.1-jre/target/surefire/surefirebooter-20241106132943550_3.jar /home/wtwhite/code/regression-test-generation/find-diff-classes/compile/mvnc/com/google/guava/guava/31.0.1-jre/target/surefire 2024-11-06T13-29-43_318-jvmRun1 surefire-20241106132943550_1tmp surefire_0-20241106132943550_2tmp"/>
    <property name="surefire.test.class.path" value="/home/wtwhite/code/regression-test-generation/find-diff-classes/compile/mvnc/com/google/guava/guava/31.0.1-jre/target/test-classes:/home/wtwhite/code/regression-test-generation/find-diff-classes/compile/mvnc/com/google/guava/guava/31.0.1-jre/target/classes:/home/wtwhite/code/craw-redhat-oss/wget/crawl/repo1.maven.org/maven2/com/google/guava/guava/31.0.1-jre/guava-31.0.1-jre.jar:/home/wtwhite/code/regression-test-generation/find-diff-classes/compile/mvnc/com/google/guava/guava/31.0.1-jre/t/dependency/checker-qual-3.12.0.jar:/home/wtwhite/code/regression-test-generation/find-diff-classes/compile/mvnc/com/google/guava/guava/31.0.1-jre/t/dependency/error_prone_annotations-2.7.1.jar:/home/wtwhite/code/regression-test-generation/find-diff-classes/compile/mvnc/com/google/guava/guava/31.0.1-jre/t/dependency/failureaccess-1.0.1.jar:/home/wtwhite/code/regression-test-generation/find-diff-classes/compile/mvnc/com/google/guava/guava/31.0.1-jre/t/dependency/j2objc-annotations-1.3.jar:/home/wtwhite/code/regression-test-generation/find-diff-classes/compile/mvnc/com/google/guava/guava/31.0.1-jre/t/dependency/jsr305-3.0.2.jar:/home/wtwhite/code/regression-test-generation/find-diff-classes/compile/mvnc/com/google/guava/guava/31.0.1-jre/t/dependency/listenablefuture-9999.0-empty-to-avoid-conflict-with-guava.jar:/home/wtwhite/code/regression-test-generation/evosuite/evosuite-standalone-runtime-1.2.0.jar:/home/wtwhite/.m2/repository/junit/junit/4.13.2/junit-4.13.2.jar:/home/wtwhite/.m2/repository/org/hamcrest/hamcrest-core/1.3/hamcrest-core-1.3.jar:"/>
    <property name="sun.cpu.endian" value="little"/>
    <property name="user.home" value="/home/wtwhite"/>
    <property name="user.language" value="en"/>
    <property name="java.specification.vendor" value="Oracle Corporation"/>
    <property name="java.home" value="/usr/lib/jvm/java-8-openjdk-amd64/jre"/>
    <property name="basedir" value="/home/wtwhite/code/regression-test-generation/find-diff-classes/compile/mvnc/com/google/guava/guava/31.0.1-jre"/>
    <property name="file.separator" value="/"/>
    <property name="line.separator" value="&#10;"/>
    <property name="java.vm.specification.vendor" value="Oracle Corporation"/>
    <property name="java.specification.name" value="Java Platform API Specification"/>
    <property name="java.awt.graphicsenv" value="sun.awt.X11GraphicsEnvironment"/>
    <property name="surefire.real.class.path" value="/home/wtwhite/code/regression-test-generation/find-diff-classes/compile/mvnc/com/google/guava/guava/31.0.1-jre/target/surefire/surefirebooter-20241106132943550_3.jar"/>
    <property name="sun.boot.class.path" value="/usr/lib/jvm/java-8-openjdk-amd64/jre/lib/resources.jar:/usr/lib/jvm/java-8-openjdk-amd64/jre/lib/rt.jar:/usr/lib/jvm/java-8-openjdk-amd64/jre/lib/sunrsasign.jar:/usr/lib/jvm/java-8-openjdk-amd64/jre/lib/jsse.jar:/usr/lib/jvm/java-8-openjdk-amd64/jre/lib/jce.jar:/usr/lib/jvm/java-8-openjdk-amd64/jre/lib/charsets.jar:/usr/lib/jvm/java-8-openjdk-amd64/jre/lib/jfr.jar:/usr/lib/jvm/java-8-openjdk-amd64/jre/classes"/>
    <property name="sun.management.compiler" value="HotSpot 64-Bit Tiered Compilers"/>
    <property name="java.runtime.version" value="1.8.0_382-8u382-ga-1~22.04.1-b05"/>
    <property name="user.name" value="wtwhite"/>
    <property name="path.separator" value=":"/>
    <property name="os.version" value="5.15.0-87-generic"/>
    <property name="java.endorsed.dirs" value="/usr/lib/jvm/java-8-openjdk-amd64/jre/lib/endorsed"/>
    <property name="java.runtime.name" value="OpenJDK Runtime Environment"/>
    <property name="file.encoding" value="UTF-8"/>
    <property name="java.vm.name" value="OpenJDK 64-Bit Server VM"/>
    <property name="localRepository" value="/home/wtwhite/.m2/repository"/>
    <property name="java.vendor.url.bug" value="http://bugreport.sun.com/bugreport/"/>
    <property name="java.io.tmpdir" value="/tmp"/>
    <property name="java.version" value="1.8.0_382"/>
    <property name="user.dir" value="/home/wtwhite/code/regression-test-generation/find-diff-classes/compile/mvnc/com/google/guava/guava/31.0.1-jre"/>
    <property name="os.arch" value="amd64"/>
    <property name="java.vm.specification.name" value="Java Virtual Machine Specification"/>
    <property name="java.awt.printerjob" value="sun.print.PSPrinterJob"/>
    <property name="sun.os.patch.level" value="unknown"/>
    <property name="java.library.path" value="/usr/java/packages/lib/amd64:/usr/lib/x86_64-linux-gnu/jni:/lib/x86_64-linux-gnu:/usr/lib/x86_64-linux-gnu:/usr/lib/jni:/lib:/usr/lib"/>
    <property name="java.vm.info" value="mixed mode"/>
    <property name="java.vendor" value="Private Build"/>
    <property name="java.vm.version" value="25.382-b05"/>
    <property name="java.specification.maintenance.version" value="5"/>
    <property name="java.ext.dirs" value="/usr/lib/jvm/java-8-openjdk-amd64/jre/lib/ext:/usr/java/packages/lib/ext"/>
    <property name="sun.io.unicode.encoding" value="UnicodeLittle"/>
    <property name="java.class.version" value="52.0"/>
  </properties>
  <testcase name="test008" classname="com.google.common.base.Preconditions_ESTest" time="0.002"/>
  <testcase name="test129" classname="com.google.common.base.Preconditions_ESTest" time="0.002"/>
  <testcase name="test009" classname="com.google.common.base.Preconditions_ESTest" time="0.001"/>
  <testcase name="test006" classname="com.google.common.base.Preconditions_ESTest" time="0.002"/>
  <testcase name="test127" classname="com.google.common.base.Preconditions_ESTest" time="0.002"/>
  <testcase name="test007" classname="com.google.common.base.Preconditions_ESTest" time="0.001"/>
  <testcase name="test128" classname="com.google.common.base.Preconditions_ESTest" time="0.001"/>
  <testcase name="test004" classname="com.google.common.base.Preconditions_ESTest" time="0.001"/>
  <testcase name="test125" classname="com.google.common.base.Preconditions_ESTest" time="0.002"/>
  <testcase name="test005" classname="com.google.common.base.Preconditions_ESTest" time="0.001"/>
  <testcase name="test126" classname="com.google.common.base.Preconditions_ESTest" time="0.001"/>
  <testcase name="test002" classname="com.google.common.base.Preconditions_ESTest" time="0.002"/>
  <testcase name="test123" classname="com.google.common.base.Preconditions_ESTest" time="0.002"/>
  <testcase name="test003" classname="com.google.common.base.Preconditions_ESTest" time="0.002"/>
  <testcase name="test124" classname="com.google.common.base.Preconditions_ESTest" time="0.001"/>
  <testcase name="test011" classname="com.google.common.base.Preconditions_ESTest" time="0.004"/>
  <testcase name="test099" classname="com.google.common.base.Preconditions_ESTest" time="0.003"/>
  <testcase name="test132" classname="com.google.common.base.Preconditions_ESTest" time="0.002"/>
  <testcase name="test012" classname="com.google.common.base.Preconditions_ESTest" time="0.001"/>
  <testcase name="test133" classname="com.google.common.base.Preconditions_ESTest" time="0.003"/>
  <testcase name="test097" classname="com.google.common.base.Preconditions_ESTest" time="0.002"/>
  <testcase name="test130" classname="com.google.common.base.Preconditions_ESTest" time="0.019"/>
  <testcase name="test010" classname="com.google.common.base.Preconditions_ESTest" time="0.002"/>
  <testcase name="test098" classname="com.google.common.base.Preconditions_ESTest" time="0.002"/>
  <testcase name="test131" classname="com.google.common.base.Preconditions_ESTest" time="0.002"/>
  <testcase name="test095" classname="com.google.common.base.Preconditions_ESTest" time="0.002"/>
  <testcase name="test096" classname="com.google.common.base.Preconditions_ESTest" time="0.002"/>
  <testcase name="test093" classname="com.google.common.base.Preconditions_ESTest" time="0.002"/>
  <testcase name="test094" classname="com.google.common.base.Preconditions_ESTest" time="0.002"/>
  <testcase name="test091" classname="com.google.common.base.Preconditions_ESTest" time="0.003"/>
  <testcase name="test092" classname="com.google.common.base.Preconditions_ESTest" time="0.001"/>
  <testcase name="test090" classname="com.google.common.base.Preconditions_ESTest" time="0.002"/>
  <testcase name="test118" classname="com.google.common.base.Preconditions_ESTest" time="0.002"/>
  <testcase name="test119" classname="com.google.common.base.Preconditions_ESTest" time="0.001"/>
  <testcase name="test116" classname="com.google.common.base.Preconditions_ESTest" time="0.002"/>
  <testcase name="test117" classname="com.google.common.base.Preconditions_ESTest" time="0.002"/>
  <testcase name="test114" classname="com.google.common.base.Preconditions_ESTest" time="0.002"/>
  <testcase name="test115" classname="com.google.common.base.Preconditions_ESTest" time="0.002"/>
  <testcase name="test079" classname="com.google.common.base.Preconditions_ESTest" time="0.002"/>
  <testcase name="test112" classname="com.google.common.base.Preconditions_ESTest" time="0.002"/>
  <testcase name="test113" classname="com.google.common.base.Preconditions_ESTest" time="0.001"/>
  <testcase name="test000" classname="com.google.common.base.Preconditions_ESTest" time="0.001"/>
  <testcase name="test088" classname="com.google.common.base.Preconditions_ESTest" time="0.002"/>
  <testcase name="test121" classname="com.google.common.base.Preconditions_ESTest" time="0.002"/>
  <testcase name="test001" classname="com.google.common.base.Preconditions_ESTest" time="0.002"/>
  <testcase name="test089" classname="com.google.common.base.Preconditions_ESTest" time="0.002"/>
  <testcase name="test122" classname="com.google.common.base.Preconditions_ESTest" time="0.001"/>
  <testcase name="test086" classname="com.google.common.base.Preconditions_ESTest" time="0.002"/>
  <testcase name="test087" classname="com.google.common.base.Preconditions_ESTest" time="0.002"/>
  <testcase name="test120" classname="com.google.common.base.Preconditions_ESTest" time="0.002"/>
  <testcase name="test084" classname="com.google.common.base.Preconditions_ESTest" time="0.001"/>
  <testcase name="test085" classname="com.google.common.base.Preconditions_ESTest" time="0.002"/>
  <testcase name="test082" classname="com.google.common.base.Preconditions_ESTest" time="0.002"/>
  <testcase name="test083" classname="com.google.common.base.Preconditions_ESTest" time="0.002"/>
  <testcase name="test080" classname="com.google.common.base.Preconditions_ESTest" time="0.001"/>
  <testcase name="test081" classname="com.google.common.base.Preconditions_ESTest" time="0.002"/>
  <testcase name="test109" classname="com.google.common.base.Preconditions_ESTest" time="0.005"/>
  <testcase name="test107" classname="com.google.common.base.Preconditions_ESTest" time="0.003"/>
  <testcase name="test108" classname="com.google.common.base.Preconditions_ESTest" time="0.002"/>
  <testcase name="test105" classname="com.google.common.base.Preconditions_ESTest" time="0.001"/>
  <testcase name="test106" classname="com.google.common.base.Preconditions_ESTest" time="0.002"/>
  <testcase name="test103" classname="com.google.common.base.Preconditions_ESTest" time="0.002"/>
  <testcase name="test104" classname="com.google.common.base.Preconditions_ESTest" time="0.002"/>
  <testcase name="test068" classname="com.google.common.base.Preconditions_ESTest" time="0.003"/>
  <testcase name="test101" classname="com.google.common.base.Preconditions_ESTest" time="0.001"/>
  <testcase name="test069" classname="com.google.common.base.Preconditions_ESTest" time="0.003"/>
  <testcase name="test102" classname="com.google.common.base.Preconditions_ESTest" time="0.003"/>
  <testcase name="test077" classname="com.google.common.base.Preconditions_ESTest" time="0.001"/>
  <testcase name="test110" classname="com.google.common.base.Preconditions_ESTest" time="0.002"/>
  <testcase name="test078" classname="com.google.common.base.Preconditions_ESTest" time="0.002"/>
  <testcase name="test111" classname="com.google.common.base.Preconditions_ESTest" time="0.002"/>
  <testcase name="test075" classname="com.google.common.base.Preconditions_ESTest" time="0.002"/>
  <testcase name="test076" classname="com.google.common.base.Preconditions_ESTest" time="0.002"/>
  <testcase name="test073" classname="com.google.common.base.Preconditions_ESTest" time="0.003"/>
  <testcase name="test074" classname="com.google.common.base.Preconditions_ESTest" time="0.003"/>
  <testcase name="test071" classname="com.google.common.base.Preconditions_ESTest" time="0.002"/>
  <testcase name="test072" classname="com.google.common.base.Preconditions_ESTest" time="0.002"/>
  <testcase name="test070" classname="com.google.common.base.Preconditions_ESTest" time="0.002"/>
  <testcase name="test059" classname="com.google.common.base.Preconditions_ESTest" time="0.002"/>
  <testcase name="test057" classname="com.google.common.base.Preconditions_ESTest" time="0.002"/>
  <testcase name="test058" classname="com.google.common.base.Preconditions_ESTest" time="0.003"/>
  <testcase name="test066" classname="com.google.common.base.Preconditions_ESTest" time="0.002"/>
  <testcase name="test067" classname="com.google.common.base.Preconditions_ESTest" time="0.002"/>
  <testcase name="test100" classname="com.google.common.base.Preconditions_ESTest" time="0.002"/>
  <testcase name="test064" classname="com.google.common.base.Preconditions_ESTest" time="0.003"/>
  <testcase name="test065" classname="com.google.common.base.Preconditions_ESTest" time="0.001"/>
  <testcase name="test062" classname="com.google.common.base.Preconditions_ESTest" time="0.002"/>
  <testcase name="test063" classname="com.google.common.base.Preconditions_ESTest" time="0.002"/>
  <testcase name="test060" classname="com.google.common.base.Preconditions_ESTest" time="0.002"/>
  <testcase name="test061" classname="com.google.common.base.Preconditions_ESTest" time="0.002"/>
  <testcase name="test048" classname="com.google.common.base.Preconditions_ESTest" time="0.001"/>
  <testcase name="test169" classname="com.google.common.base.Preconditions_ESTest" time="0.003"/>
  <testcase name="test049" classname="com.google.common.base.Preconditions_ESTest" time="0.002"/>
  <testcase name="test046" classname="com.google.common.base.Preconditions_ESTest" time="0.001"/>
  <testcase name="test167" classname="com.google.common.base.Preconditions_ESTest" time="0.002"/>
  <testcase name="test047" classname="com.google.common.base.Preconditions_ESTest" time="0.002"/>
  <testcase name="test168" classname="com.google.common.base.Preconditions_ESTest" time="0.001"/>
  <testcase name="test055" classname="com.google.common.base.Preconditions_ESTest" time="0.002"/>
  <testcase name="test056" classname="com.google.common.base.Preconditions_ESTest" time="0.002"/>
  <testcase name="test053" classname="com.google.common.base.Preconditions_ESTest" time="0.002"/>
  <testcase name="test174" classname="com.google.common.base.Preconditions_ESTest" time="0.001"/>
  <testcase name="test054" classname="com.google.common.base.Preconditions_ESTest" time="0.002"/>
  <testcase name="test175" classname="com.google.common.base.Preconditions_ESTest" time="0.001"/>
  <testcase name="test051" classname="com.google.common.base.Preconditions_ESTest" time="0.001"/>
  <testcase name="test172" classname="com.google.common.base.Preconditions_ESTest" time="0.002"/>
  <testcase name="test052" classname="com.google.common.base.Preconditions_ESTest" time="0.004"/>
  <testcase name="test173" classname="com.google.common.base.Preconditions_ESTest" time="0.002"/>
  <testcase name="test170" classname="com.google.common.base.Preconditions_ESTest" time="0.001"/>
  <testcase name="test050" classname="com.google.common.base.Preconditions_ESTest" time="0.002"/>
  <testcase name="test171" classname="com.google.common.base.Preconditions_ESTest" time="0.002"/>
  <testcase name="test039" classname="com.google.common.base.Preconditions_ESTest" time="0.002"/>
  <testcase name="test037" classname="com.google.common.base.Preconditions_ESTest" time="0.002"/>
  <testcase name="test158" classname="com.google.common.base.Preconditions_ESTest" time="0.001"/>
  <testcase name="test038" classname="com.google.common.base.Preconditions_ESTest" time="0.002"/>
  <testcase name="test159" classname="com.google.common.base.Preconditions_ESTest" time="0.002"/>
  <testcase name="test035" classname="com.google.common.base.Preconditions_ESTest" time="0.002"/>
  <testcase name="test156" classname="com.google.common.base.Preconditions_ESTest" time="0.001"/>
  <testcase name="test036" classname="com.google.common.base.Preconditions_ESTest" time="0.001"/>
  <testcase name="test157" classname="com.google.common.base.Preconditions_ESTest" time="0.002"/>
  <testcase name="test044" classname="com.google.common.base.Preconditions_ESTest" time="0.002"/>
  <testcase name="test165" classname="com.google.common.base.Preconditions_ESTest" time="0.002"/>
  <testcase name="test045" classname="com.google.common.base.Preconditions_ESTest" time="0.002"/>
  <testcase name="test166" classname="com.google.common.base.Preconditions_ESTest" time="0.001"/>
  <testcase name="test042" classname="com.google.common.base.Preconditions_ESTest" time="0.001"/>
  <testcase name="test163" classname="com.google.common.base.Preconditions_ESTest" time="0.001"/>
  <testcase name="test043" classname="com.google.common.base.Preconditions_ESTest" time="0.001"/>
  <testcase name="test164" classname="com.google.common.base.Preconditions_ESTest" time="0.002"/>
  <testcase name="test040" classname="com.google.common.base.Preconditions_ESTest" time="0.002"/>
  <testcase name="test161" classname="com.google.common.base.Preconditions_ESTest" time="0.002"/>
  <testcase name="test041" classname="com.google.common.base.Preconditions_ESTest" time="0.001"/>
  <testcase name="test162" classname="com.google.common.base.Preconditions_ESTest" time="0.002"/>
  <testcase name="test160" classname="com.google.common.base.Preconditions_ESTest" time="0.001"/>
  <testcase name="test028" classname="com.google.common.base.Preconditions_ESTest" time="0.002"/>
  <testcase name="test149" classname="com.google.common.base.Preconditions_ESTest" time="0.001"/>
  <testcase name="test029" classname="com.google.common.base.Preconditions_ESTest" time="0.002"/>
  <testcase name="test026" classname="com.google.common.base.Preconditions_ESTest" time="0.001"/>
  <testcase name="test147" classname="com.google.common.base.Preconditions_ESTest" time="0.002"/>
  <testcase name="test027" classname="com.google.common.base.Preconditions_ESTest" time="0.002"/>
  <testcase name="test148" classname="com.google.common.base.Preconditions_ESTest" time="0.002"/>
  <testcase name="test024" classname="com.google.common.base.Preconditions_ESTest" time="0.002"/>
  <testcase name="test145" classname="com.google.common.base.Preconditions_ESTest" time="0.002"/>
  <testcase name="test025" classname="com.google.common.base.Preconditions_ESTest" time="0.003"/>
  <testcase name="test146" classname="com.google.common.base.Preconditions_ESTest" time="0.001"/>
  <testcase name="test033" classname="com.google.common.base.Preconditions_ESTest" time="0.001"/>
  <testcase name="test154" classname="com.google.common.base.Preconditions_ESTest" time="0.002"/>
  <testcase name="test034" classname="com.google.common.base.Preconditions_ESTest" time="0.002"/>
  <testcase name="test155" classname="com.google.common.base.Preconditions_ESTest" time="0.002"/>
  <testcase name="test031" classname="com.google.common.base.Preconditions_ESTest" time="0.002"/>
  <testcase name="test152" classname="com.google.common.base.Preconditions_ESTest" time="0.001"/>
  <testcase name="test032" classname="com.google.common.base.Preconditions_ESTest" time="0.002"/>
  <testcase name="test153" classname="com.google.common.base.Preconditions_ESTest" time="0.002"/>
  <testcase name="test150" classname="com.google.common.base.Preconditions_ESTest" time="0.001"/>
  <testcase name="test030" classname="com.google.common.base.Preconditions_ESTest" time="0.002"/>
  <testcase name="test151" classname="com.google.common.base.Preconditions_ESTest" time="0.001"/>
  <testcase name="test019" classname="com.google.common.base.Preconditions_ESTest" time="0.001"/>
  <testcase name="test017" classname="com.google.common.base.Preconditions_ESTest" time="0.002"/>
  <testcase name="test138" classname="com.google.common.base.Preconditions_ESTest" time="0.001"/>
  <testcase name="test018" classname="com.google.common.base.Preconditions_ESTest" time="0.001"/>
  <testcase name="test139" classname="com.google.common.base.Preconditions_ESTest" time="0.001"/>
  <testcase name="test015" classname="com.google.common.base.Preconditions_ESTest" time="0.001"/>
  <testcase name="test136" classname="com.google.common.base.Preconditions_ESTest" time="0.002"/>
  <testcase name="test016" classname="com.google.common.base.Preconditions_ESTest" time="0.002"/>
  <testcase name="test137" classname="com.google.common.base.Preconditions_ESTest" time="0.001"/>
  <testcase name="test013" classname="com.google.common.base.Preconditions_ESTest" time="0.002"/>
  <testcase name="test134" classname="com.google.common.base.Preconditions_ESTest" time="0.001"/>
  <testcase name="test014" classname="com.google.common.base.Preconditions_ESTest" time="0.001"/>
  <testcase name="test135" classname="com.google.common.base.Preconditions_ESTest" time="0.002"/>
  <testcase name="test022" classname="com.google.common.base.Preconditions_ESTest" time="0.001"/>
  <testcase name="test143" classname="com.google.common.base.Preconditions_ESTest" time="0.002"/>
  <testcase name="test023" classname="com.google.common.base.Preconditions_ESTest" time="0.002"/>
  <testcase name="test144" classname="com.google.common.base.Preconditions_ESTest" time="0.002"/>
  <testcase name="test020" classname="com.google.common.base.Preconditions_ESTest" time="0.002"/>
  <testcase name="test141" classname="com.google.common.base.Preconditions_ESTest" time="0.003"/>
  <testcase name="test021" classname="com.google.common.base.Preconditions_ESTest" time="0.001"/>
  <testcase name="test142" classname="com.google.common.base.Preconditions_ESTest" time="0.002"/>
  <testcase name="test140" classname="com.google.common.base.Preconditions_ESTest" time="0.006"/>
</testsuite>