<?xml version="1.0" encoding="UTF-8"?>
<testsuite xmlns:xsi="http://www.w3.org/2001/XMLSchema-instance" xsi:noNamespaceSchemaLocation="https://maven.apache.org/surefire/maven-surefire-plugin/xsd/surefire-test-report-3.0.xsd" version="3.0" name="org.apache.commons.logging.impl.Slf4jLogFactory_ESTest" time="3.26" tests="12" errors="2" skipped="0" failures="0">
  <properties>
    <property name="awt.toolkit" value="sun.awt.X11.XToolkit"/>
    <property name="file.encoding.pkg" value="sun.io"/>
    <property name="java.specification.version" value="1.8"/>
    <property name="sun.cpu.isalist" value=""/>
    <property name="sun.jnu.encoding" value="UTF-8"/>
    <property name="java.class.path" value="/home/wtwhite/code/regression-test-generation/find-diff-classes/compile/obfs/commons-logging/commons-logging/1.3.0/target/test-classes:/home/wtwhite/code/regression-test-generation/find-diff-classes/compile/obfs/commons-logging/commons-logging/1.3.0/target/classes:/home/wtwhite/code/craw-redhat-oss/wget/crawl/bfs-dataset/maven-artifacts/commons-logging/commons-logging/1.3.0/commons-logging-1.3.0.jar:/home/wtwhite/code/regression-test-generation/find-diff-classes/compile/obfs/commons-logging/commons-logging/1.3.0/t/dependency/aopalliance-1.0.jar:/home/wtwhite/code/regression-test-generation/find-diff-classes/compile/obfs/commons-logging/commons-logging/1.3.0/t/dependency/apiguardian-api-1.1.2.jar:/home/wtwhite/code/regression-test-generation/find-diff-classes/compile/obfs/commons-logging/commons-logging/1.3.0/t/dependency/assertj-core-3.24.2.jar:/home/wtwhite/code/regression-test-generation/find-diff-classes/compile/obfs/commons-logging/commons-logging/1.3.0/t/dependency/avalon-framework-4.1.5.jar:/home/wtwhite/code/regression-test-generation/find-diff-classes/compile/obfs/commons-logging/commons-logging/1.3.0/t/dependency/awaitility-4.2.0.jar:/home/wtwhite/code/regression-test-generation/find-diff-classes/compile/obfs/commons-logging/commons-logging/1.3.0/t/dependency/byte-buddy-1.12.21.jar:/home/wtwhite/code/regression-test-generation/find-diff-classes/compile/obfs/commons-logging/commons-logging/1.3.0/t/dependency/commons-io-2.11.0.jar:/home/wtwhite/code/regression-test-generation/find-diff-classes/compile/obfs/commons-logging/commons-logging/1.3.0/t/dependency/commons-lang3-3.13.0.jar:/home/wtwhite/code/regression-test-generation/find-diff-classes/compile/obfs/commons-logging/commons-logging/1.3.0/t/dependency/failureaccess-1.0.1.jar:/home/wtwhite/code/regression-test-generation/find-diff-classes/compile/obfs/commons-logging/commons-logging/1.3.0/t/dependency/guava-30.1-jre.jar:/home/wtwhite/code/regression-test-generation/find-diff-classes/compile/obfs/commons-logging/commons-logging/1.3.0/t/dependency/guice-5.1.0.jar:/home/wtwhite/code/regression-test-generation/find-diff-classes/compile/obfs/commons-logging/commons-logging/1.3.0/t/dependency/hamcrest-2.2.jar:/home/wtwhite/code/regression-test-generation/find-diff-classes/compile/obfs/commons-logging/commons-logging/1.3.0/t/dependency/hamcrest-core-1.3.jar:/home/wtwhite/code/regression-test-generation/find-diff-classes/compile/obfs/commons-logging/commons-logging/1.3.0/t/dependency/java-allocation-instrumenter-3.3.3.jar:/home/wtwhite/code/regression-test-generation/find-diff-classes/compile/obfs/commons-logging/commons-logging/1.3.0/t/dependency/javax.annotation-api-1.2.jar:/home/wtwhite/code/regression-test-generation/find-diff-classes/compile/obfs/commons-logging/commons-logging/1.3.0/t/dependency/javax.inject-1.jar:/home/wtwhite/code/regression-test-generation/find-diff-classes/compile/obfs/commons-logging/commons-logging/1.3.0/t/dependency/junit-4.13.2.jar:/home/wtwhite/code/regression-test-generation/find-diff-classes/compile/obfs/commons-logging/commons-logging/1.3.0/t/dependency/junit-jupiter-api-5.10.1.jar:/home/wtwhite/code/regression-test-generation/find-diff-classes/compile/obfs/commons-logging/commons-logging/1.3.0/t/dependency/junit-jupiter-params-5.10.1.jar:/home/wtwhite/code/regression-test-generation/find-diff-classes/compile/obfs/commons-logging/commons-logging/1.3.0/t/dependency/junit-pioneer-1.9.1.jar:/home/wtwhite/code/regression-test-generation/find-diff-classes/compile/obfs/commons-logging/commons-logging/1.3.0/t/dependency/junit-platform-commons-1.10.1.jar:/home/wtwhite/code/regression-test-generation/find-diff-classes/compile/obfs/commons-logging/commons-logging/1.3.0/t/dependency/junit-platform-engine-1.10.1.jar:/home/wtwhite/code/regression-test-generation/find-diff-classes/compile/obfs/commons-logging/commons-logging/1.3.0/t/dependency/junit-platform-launcher-1.10.1.jar:/home/wtwhite/code/regression-test-generation/find-diff-classes/compile/obfs/commons-logging/commons-logging/1.3.0/t/dependency/junit-vintage-engine-5.10.1.jar:/home/wtwhite/code/regression-test-generation/find-diff-classes/compile/obfs/commons-logging/commons-logging/1.3.0/t/dependency/log4j-1.2.17.jar:/home/wtwhite/code/regression-test-generation/find-diff-classes/compile/obfs/commons-logging/commons-logging/1.3.0/t/dependency/log4j-api-2.21.1.jar:/home/wtwhite/code/regression-test-generation/find-diff-classes/compile/obfs/commons-logging/commons-logging/1.3.0/t/dependency/log4j-api-test-2.21.1.jar:/home/wtwhite/code/regression-test-generation/find-diff-classes/compile/obfs/commons-logging/commons-logging/1.3.0/t/dependency/log4j-core-2.21.1.jar:/home/wtwhite/code/regression-test-generation/find-diff-classes/compile/obfs/commons-logging/commons-logging/1.3.0/t/dependency/log4j-core-test-2.21.1.jar:/home/wtwhite/code/regression-test-generation/find-diff-classes/compile/obfs/commons-logging/commons-logging/1.3.0/t/dependency/logback-classic-1.3.11.jar:/home/wtwhite/code/regression-test-generation/find-diff-classes/compile/obfs/commons-logging/commons-logging/1.3.0/t/dependency/logback-core-1.3.11-tests.jar:/home/wtwhite/code/regression-test-generation/find-diff-classes/compile/obfs/commons-logging/commons-logging/1.3.0/t/dependency/logback-core-1.3.11.jar:/home/wtwhite/code/regression-test-generation/find-diff-classes/compile/obfs/commons-logging/commons-logging/1.3.0/t/dependency/logkit-1.0.1.jar:/home/wtwhite/code/regression-test-generation/find-diff-classes/compile/obfs/commons-logging/commons-logging/1.3.0/t/dependency/maven-artifact-3.9.0.jar:/home/wtwhite/code/regression-test-generation/find-diff-classes/compile/obfs/commons-logging/commons-logging/1.3.0/t/dependency/maven-builder-support-3.9.0.jar:/home/wtwhite/code/regression-test-generation/find-diff-classes/compile/obfs/commons-logging/commons-logging/1.3.0/t/dependency/maven-core-3.9.0.jar:/home/wtwhite/code/regression-test-generation/find-diff-classes/compile/obfs/commons-logging/commons-logging/1.3.0/t/dependency/maven-model-3.9.0.jar:/home/wtwhite/code/regression-test-generation/find-diff-classes/compile/obfs/commons-logging/commons-logging/1.3.0/t/dependency/maven-model-builder-3.9.0.jar:/home/wtwhite/code/regression-test-generation/find-diff-classes/compile/obfs/commons-logging/commons-logging/1.3.0/t/dependency/maven-plugin-api-3.9.0.jar:/home/wtwhite/code/regression-test-generation/find-diff-classes/compile/obfs/commons-logging/commons-logging/1.3.0/t/dependency/maven-repository-metadata-3.9.0.jar:/home/wtwhite/code/regression-test-generation/find-diff-classes/compile/obfs/commons-logging/commons-logging/1.3.0/t/dependency/maven-resolver-api-1.9.4.jar:/home/wtwhite/code/regression-test-generation/find-diff-classes/compile/obfs/commons-logging/commons-logging/1.3.0/t/dependency/maven-resolver-impl-1.9.4.jar:/home/wtwhite/code/regression-test-generation/find-diff-classes/compile/obfs/commons-logging/commons-logging/1.3.0/t/dependency/maven-resolver-named-locks-1.9.4.jar:/home/wtwhite/code/regression-test-generation/find-diff-classes/compile/obfs/commons-logging/commons-logging/1.3.0/t/dependency/maven-resolver-provider-3.9.0.jar:/home/wtwhite/code/regression-test-generation/find-diff-classes/compile/obfs/commons-logging/commons-logging/1.3.0/t/dependency/maven-resolver-spi-1.9.4.jar:/home/wtwhite/code/regression-test-generation/find-diff-classes/compile/obfs/commons-logging/commons-logging/1.3.0/t/dependency/maven-resolver-util-1.9.4.jar:/home/wtwhite/code/regression-test-generation/find-diff-classes/compile/obfs/commons-logging/commons-logging/1.3.0/t/dependency/maven-settings-3.9.0.jar:/home/wtwhite/code/regression-test-generation/find-diff-classes/compile/obfs/commons-logging/commons-logging/1.3.0/t/dependency/maven-settings-builder-3.9.0.jar:/home/wtwhite/code/regression-test-generation/find-diff-classes/compile/obfs/commons-logging/commons-logging/1.3.0/t/dependency/maven-shared-utils-3.3.4.jar:/home/wtwhite/code/regression-test-generation/find-diff-classes/compile/obfs/commons-logging/commons-logging/1.3.0/t/dependency/opentest4j-1.3.0.jar:/home/wtwhite/code/regression-test-generation/find-diff-classes/compile/obfs/commons-logging/commons-logging/1.3.0/t/dependency/org.eclipse.sisu.inject-0.3.5.jar:/home/wtwhite/code/regression-test-generation/find-diff-classes/compile/obfs/commons-logging/commons-logging/1.3.0/t/dependency/org.eclipse.sisu.plexus-0.3.5.jar:/home/wtwhite/code/regression-test-generation/find-diff-classes/compile/obfs/commons-logging/commons-logging/1.3.0/t/dependency/plexus-cipher-2.0.jar:/home/wtwhite/code/regression-test-generation/find-diff-classes/compile/obfs/commons-logging/commons-logging/1.3.0/t/dependency/plexus-classworlds-2.6.0.jar:/home/wtwhite/code/regression-test-generation/find-diff-classes/compile/obfs/commons-logging/commons-logging/1.3.0/t/dependency/plexus-component-annotations-2.1.0.jar:/home/wtwhite/code/regression-test-generation/find-diff-classes/compile/obfs/commons-logging/commons-logging/1.3.0/t/dependency/plexus-interpolation-1.26.jar:/home/wtwhite/code/regression-test-generation/find-diff-classes/compile/obfs/commons-logging/commons-logging/1.3.0/t/dependency/plexus-sec-dispatcher-2.0.jar:/home/wtwhite/code/regression-test-generation/find-diff-classes/compile/obfs/commons-logging/commons-logging/1.3.0/t/dependency/plexus-utils-3.4.2.jar:/home/wtwhite/code/regression-test-generation/find-diff-classes/compile/obfs/commons-logging/commons-logging/1.3.0/t/dependency/servlet-api-2.5.jar:/home/wtwhite/code/regression-test-generation/find-diff-classes/compile/obfs/commons-logging/commons-logging/1.3.0/t/dependency/slf4j-api-2.0.9.jar:/home/wtwhite/code/regression-test-generation/find-diff-classes/compile/obfs/commons-logging/commons-logging/1.3.0/t/dependency/spring-core-5.3.29.jar:/home/wtwhite/code/regression-test-generation/find-diff-classes/compile/obfs/commons-logging/commons-logging/1.3.0/t/dependency/spring-test-5.3.29.jar:/home/wtwhite/code/regression-test-generation/evosuite/evosuite-standalone-runtime-1.2.0.jar:/home/wtwhite/.m2/repository/junit/junit/4.13.2/junit-4.13.2.jar:/home/wtwhite/.m2/repository/org/hamcrest/hamcrest-core/1.3/hamcrest-core-1.3.jar:"/>
    <property name="java.vm.vendor" value="Private Build"/>
    <property name="sun.arch.data.model" value="64"/>
    <property name="java.vendor.url" value="http://java.oracle.com/"/>
    <property name="user.timezone" value=""/>
    <property name="java.vm.specification.version" value="1.8"/>
    <property name="os.name" value="Linux"/>
    <property name="RUNDIR" value="/home/wtwhite/code/regression-test-generation/find-diff-classes/run-mvn"/>
    <property name="user.country" value="NZ"/>
    <property name="sun.java.launcher" value="SUN_STANDARD"/>
    <property name="sun.boot.library.path" value="/usr/lib/jvm/java-8-openjdk-amd64/jre/lib/amd64"/>
    <property name="sun.java.command" value="/home/wtwhite/code/regression-test-generation/find-diff-classes/compile/obfs/commons-logging/commons-logging/1.3.0/target/surefire/surefirebooter-20241106132344929_3.jar /home/wtwhite/code/regression-test-generation/find-diff-classes/compile/obfs/commons-logging/commons-logging/1.3.0/target/surefire 2024-11-06T13-23-44_679-jvmRun1 surefire-20241106132344929_1tmp surefire_0-20241106132344929_2tmp"/>
    <property name="surefire.test.class.path" value="/home/wtwhite/code/regression-test-generation/find-diff-classes/compile/obfs/commons-logging/commons-logging/1.3.0/target/test-classes:/home/wtwhite/code/regression-test-generation/find-diff-classes/compile/obfs/commons-logging/commons-logging/1.3.0/target/classes:/home/wtwhite/code/craw-redhat-oss/wget/crawl/bfs-dataset/maven-artifacts/commons-logging/commons-logging/1.3.0/commons-logging-1.3.0.jar:/home/wtwhite/code/regression-test-generation/find-diff-classes/compile/obfs/commons-logging/commons-logging/1.3.0/t/dependency/aopalliance-1.0.jar:/home/wtwhite/code/regression-test-generation/find-diff-classes/compile/obfs/commons-logging/commons-logging/1.3.0/t/dependency/apiguardian-api-1.1.2.jar:/home/wtwhite/code/regression-test-generation/find-diff-classes/compile/obfs/commons-logging/commons-logging/1.3.0/t/dependency/assertj-core-3.24.2.jar:/home/wtwhite/code/regression-test-generation/find-diff-classes/compile/obfs/commons-logging/commons-logging/1.3.0/t/dependency/avalon-framework-4.1.5.jar:/home/wtwhite/code/regression-test-generation/find-diff-classes/compile/obfs/commons-logging/commons-logging/1.3.0/t/dependency/awaitility-4.2.0.jar:/home/wtwhite/code/regression-test-generation/find-diff-classes/compile/obfs/commons-logging/commons-logging/1.3.0/t/dependency/byte-buddy-1.12.21.jar:/home/wtwhite/code/regression-test-generation/find-diff-classes/compile/obfs/commons-logging/commons-logging/1.3.0/t/dependency/commons-io-2.11.0.jar:/home/wtwhite/code/regression-test-generation/find-diff-classes/compile/obfs/commons-logging/commons-logging/1.3.0/t/dependency/commons-lang3-3.13.0.jar:/home/wtwhite/code/regression-test-generation/find-diff-classes/compile/obfs/commons-logging/commons-logging/1.3.0/t/dependency/failureaccess-1.0.1.jar:/home/wtwhite/code/regression-test-generation/find-diff-classes/compile/obfs/commons-logging/commons-logging/1.3.0/t/dependency/guava-30.1-jre.jar:/home/wtwhite/code/regression-test-generation/find-diff-classes/compile/obfs/commons-logging/commons-logging/1.3.0/t/dependency/guice-5.1.0.jar:/home/wtwhite/code/regression-test-generation/find-diff-classes/compile/obfs/commons-logging/commons-logging/1.3.0/t/dependency/hamcrest-2.2.jar:/home/wtwhite/code/regression-test-generation/find-diff-classes/compile/obfs/commons-logging/commons-logging/1.3.0/t/dependency/hamcrest-core-1.3.jar:/home/wtwhite/code/regression-test-generation/find-diff-classes/compile/obfs/commons-logging/commons-logging/1.3.0/t/dependency/java-allocation-instrumenter-3.3.3.jar:/home/wtwhite/code/regression-test-generation/find-diff-classes/compile/obfs/commons-logging/commons-logging/1.3.0/t/dependency/javax.annotation-api-1.2.jar:/home/wtwhite/code/regression-test-generation/find-diff-classes/compile/obfs/commons-logging/commons-logging/1.3.0/t/dependency/javax.inject-1.jar:/home/wtwhite/code/regression-test-generation/find-diff-classes/compile/obfs/commons-logging/commons-logging/1.3.0/t/dependency/junit-4.13.2.jar:/home/wtwhite/code/regression-test-generation/find-diff-classes/compile/obfs/commons-logging/commons-logging/1.3.0/t/dependency/junit-jupiter-api-5.10.1.jar:/home/wtwhite/code/regression-test-generation/find-diff-classes/compile/obfs/commons-logging/commons-logging/1.3.0/t/dependency/junit-jupiter-params-5.10.1.jar:/home/wtwhite/code/regression-test-generation/find-diff-classes/compile/obfs/commons-logging/commons-logging/1.3.0/t/dependency/junit-pioneer-1.9.1.jar:/home/wtwhite/code/regression-test-generation/find-diff-classes/compile/obfs/commons-logging/commons-logging/1.3.0/t/dependency/junit-platform-commons-1.10.1.jar:/home/wtwhite/code/regression-test-generation/find-diff-classes/compile/obfs/commons-logging/commons-logging/1.3.0/t/dependency/junit-platform-engine-1.10.1.jar:/home/wtwhite/code/regression-test-generation/find-diff-classes/compile/obfs/commons-logging/commons-logging/1.3.0/t/dependency/junit-platform-launcher-1.10.1.jar:/home/wtwhite/code/regression-test-generation/find-diff-classes/compile/obfs/commons-logging/commons-logging/1.3.0/t/dependency/junit-vintage-engine-5.10.1.jar:/home/wtwhite/code/regression-test-generation/find-diff-classes/compile/obfs/commons-logging/commons-logging/1.3.0/t/dependency/log4j-1.2.17.jar:/home/wtwhite/code/regression-test-generation/find-diff-classes/compile/obfs/commons-logging/commons-logging/1.3.0/t/dependency/log4j-api-2.21.1.jar:/home/wtwhite/code/regression-test-generation/find-diff-classes/compile/obfs/commons-logging/commons-logging/1.3.0/t/dependency/log4j-api-test-2.21.1.jar:/home/wtwhite/code/regression-test-generation/find-diff-classes/compile/obfs/commons-logging/commons-logging/1.3.0/t/dependency/log4j-core-2.21.1.jar:/home/wtwhite/code/regression-test-generation/find-diff-classes/compile/obfs/commons-logging/commons-logging/1.3.0/t/dependency/log4j-core-test-2.21.1.jar:/home/wtwhite/code/regression-test-generation/find-diff-classes/compile/obfs/commons-logging/commons-logging/1.3.0/t/dependency/logback-classic-1.3.11.jar:/home/wtwhite/code/regression-test-generation/find-diff-classes/compile/obfs/commons-logging/commons-logging/1.3.0/t/dependency/logback-core-1.3.11-tests.jar:/home/wtwhite/code/regression-test-generation/find-diff-classes/compile/obfs/commons-logging/commons-logging/1.3.0/t/dependency/logback-core-1.3.11.jar:/home/wtwhite/code/regression-test-generation/find-diff-classes/compile/obfs/commons-logging/commons-logging/1.3.0/t/dependency/logkit-1.0.1.jar:/home/wtwhite/code/regression-test-generation/find-diff-classes/compile/obfs/commons-logging/commons-logging/1.3.0/t/dependency/maven-artifact-3.9.0.jar:/home/wtwhite/code/regression-test-generation/find-diff-classes/compile/obfs/commons-logging/commons-logging/1.3.0/t/dependency/maven-builder-support-3.9.0.jar:/home/wtwhite/code/regression-test-generation/find-diff-classes/compile/obfs/commons-logging/commons-logging/1.3.0/t/dependency/maven-core-3.9.0.jar:/home/wtwhite/code/regression-test-generation/find-diff-classes/compile/obfs/commons-logging/commons-logging/1.3.0/t/dependency/maven-model-3.9.0.jar:/home/wtwhite/code/regression-test-generation/find-diff-classes/compile/obfs/commons-logging/commons-logging/1.3.0/t/dependency/maven-model-builder-3.9.0.jar:/home/wtwhite/code/regression-test-generation/find-diff-classes/compile/obfs/commons-logging/commons-logging/1.3.0/t/dependency/maven-plugin-api-3.9.0.jar:/home/wtwhite/code/regression-test-generation/find-diff-classes/compile/obfs/commons-logging/commons-logging/1.3.0/t/dependency/maven-repository-metadata-3.9.0.jar:/home/wtwhite/code/regression-test-generation/find-diff-classes/compile/obfs/commons-logging/commons-logging/1.3.0/t/dependency/maven-resolver-api-1.9.4.jar:/home/wtwhite/code/regression-test-generation/find-diff-classes/compile/obfs/commons-logging/commons-logging/1.3.0/t/dependency/maven-resolver-impl-1.9.4.jar:/home/wtwhite/code/regression-test-generation/find-diff-classes/compile/obfs/commons-logging/commons-logging/1.3.0/t/dependency/maven-resolver-named-locks-1.9.4.jar:/home/wtwhite/code/regression-test-generation/find-diff-classes/compile/obfs/commons-logging/commons-logging/1.3.0/t/dependency/maven-resolver-provider-3.9.0.jar:/home/wtwhite/code/regression-test-generation/find-diff-classes/compile/obfs/commons-logging/commons-logging/1.3.0/t/dependency/maven-resolver-spi-1.9.4.jar:/home/wtwhite/code/regression-test-generation/find-diff-classes/compile/obfs/commons-logging/commons-logging/1.3.0/t/dependency/maven-resolver-util-1.9.4.jar:/home/wtwhite/code/regression-test-generation/find-diff-classes/compile/obfs/commons-logging/commons-logging/1.3.0/t/dependency/maven-settings-3.9.0.jar:/home/wtwhite/code/regression-test-generation/find-diff-classes/compile/obfs/commons-logging/commons-logging/1.3.0/t/dependency/maven-settings-builder-3.9.0.jar:/home/wtwhite/code/regression-test-generation/find-diff-classes/compile/obfs/commons-logging/commons-logging/1.3.0/t/dependency/maven-shared-utils-3.3.4.jar:/home/wtwhite/code/regression-test-generation/find-diff-classes/compile/obfs/commons-logging/commons-logging/1.3.0/t/dependency/opentest4j-1.3.0.jar:/home/wtwhite/code/regression-test-generation/find-diff-classes/compile/obfs/commons-logging/commons-logging/1.3.0/t/dependency/org.eclipse.sisu.inject-0.3.5.jar:/home/wtwhite/code/regression-test-generation/find-diff-classes/compile/obfs/commons-logging/commons-logging/1.3.0/t/dependency/org.eclipse.sisu.plexus-0.3.5.jar:/home/wtwhite/code/regression-test-generation/find-diff-classes/compile/obfs/commons-logging/commons-logging/1.3.0/t/dependency/plexus-cipher-2.0.jar:/home/wtwhite/code/regression-test-generation/find-diff-classes/compile/obfs/commons-logging/commons-logging/1.3.0/t/dependency/plexus-classworlds-2.6.0.jar:/home/wtwhite/code/regression-test-generation/find-diff-classes/compile/obfs/commons-logging/commons-logging/1.3.0/t/dependency/plexus-component-annotations-2.1.0.jar:/home/wtwhite/code/regression-test-generation/find-diff-classes/compile/obfs/commons-logging/commons-logging/1.3.0/t/dependency/plexus-interpolation-1.26.jar:/home/wtwhite/code/regression-test-generation/find-diff-classes/compile/obfs/commons-logging/commons-logging/1.3.0/t/dependency/plexus-sec-dispatcher-2.0.jar:/home/wtwhite/code/regression-test-generation/find-diff-classes/compile/obfs/commons-logging/commons-logging/1.3.0/t/dependency/plexus-utils-3.4.2.jar:/home/wtwhite/code/regression-test-generation/find-diff-classes/compile/obfs/commons-logging/commons-logging/1.3.0/t/dependency/servlet-api-2.5.jar:/home/wtwhite/code/regression-test-generation/find-diff-classes/compile/obfs/commons-logging/commons-logging/1.3.0/t/dependency/slf4j-api-2.0.9.jar:/home/wtwhite/code/regression-test-generation/find-diff-classes/compile/obfs/commons-logging/commons-logging/1.3.0/t/dependency/spring-core-5.3.29.jar:/home/wtwhite/code/regression-test-generation/find-diff-classes/compile/obfs/commons-logging/commons-logging/1.3.0/t/dependency/spring-test-5.3.29.jar:/home/wtwhite/code/regression-test-generation/evosuite/evosuite-standalone-runtime-1.2.0.jar:/home/wtwhite/.m2/repository/junit/junit/4.13.2/junit-4.13.2.jar:/home/wtwhite/.m2/repository/org/hamcrest/hamcrest-core/1.3/hamcrest-core-1.3.jar:"/>
    <property name="sun.cpu.endian" value="little"/>
    <property name="user.home" value="/home/wtwhite"/>
    <property name="user.language" value="en"/>
    <property name="java.specification.vendor" value="Oracle Corporation"/>
    <property name="java.home" value="/usr/lib/jvm/java-8-openjdk-amd64/jre"/>
    <property name="basedir" value="/home/wtwhite/code/regression-test-generation/find-diff-classes/compile/obfs/commons-logging/commons-logging/1.3.0"/>
    <property name="file.separator" value="/"/>
    <property name="line.separator" value="&#10;"/>
    <property name="java.vm.specification.vendor" value="Oracle Corporation"/>
    <property name="java.specification.name" value="Java Platform API Specification"/>
    <property name="java.awt.graphicsenv" value="sun.awt.X11GraphicsEnvironment"/>
    <property name="surefire.real.class.path" value="/home/wtwhite/code/regression-test-generation/find-diff-classes/compile/obfs/commons-logging/commons-logging/1.3.0/target/surefire/surefirebooter-20241106132344929_3.jar"/>
    <property name="sun.boot.class.path" value="/usr/lib/jvm/java-8-openjdk-amd64/jre/lib/resources.jar:/usr/lib/jvm/java-8-openjdk-amd64/jre/lib/rt.jar:/usr/lib/jvm/java-8-openjdk-amd64/jre/lib/sunrsasign.jar:/usr/lib/jvm/java-8-openjdk-amd64/jre/lib/jsse.jar:/usr/lib/jvm/java-8-openjdk-amd64/jre/lib/jce.jar:/usr/lib/jvm/java-8-openjdk-amd64/jre/lib/charsets.jar:/usr/lib/jvm/java-8-openjdk-amd64/jre/lib/jfr.jar:/usr/lib/jvm/java-8-openjdk-amd64/jre/classes"/>
    <property name="sun.management.compiler" value="HotSpot 64-Bit Tiered Compilers"/>
    <property name="java.runtime.version" value="1.8.0_382-8u382-ga-1~22.04.1-b05"/>
    <property name="user.name" value="wtwhite"/>
    <property name="path.separator" value=":"/>
    <property name="os.version" value="5.15.0-87-generic"/>
    <property name="java.endorsed.dirs" value="/usr/lib/jvm/java-8-openjdk-amd64/jre/lib/endorsed"/>
    <property name="java.runtime.name" value="OpenJDK Runtime Environment"/>
    <property name="file.encoding" value="UTF-8"/>
    <property name="java.vm.name" value="OpenJDK 64-Bit Server VM"/>
    <property name="localRepository" value="/home/wtwhite/.m2/repository"/>
    <property name="java.vendor.url.bug" value="http://bugreport.sun.com/bugreport/"/>
    <property name="java.io.tmpdir" value="/tmp"/>
    <property name="java.version" value="1.8.0_382"/>
    <property name="user.dir" value="/home/wtwhite/code/regression-test-generation/find-diff-classes/compile/obfs/commons-logging/commons-logging/1.3.0"/>
    <property name="os.arch" value="amd64"/>
    <property name="java.vm.specification.name" value="Java Virtual Machine Specification"/>
    <property name="java.awt.printerjob" value="sun.print.PSPrinterJob"/>
    <property name="sun.os.patch.level" value="unknown"/>
    <property name="java.library.path" value="/usr/java/packages/lib/amd64:/usr/lib/x86_64-linux-gnu/jni:/lib/x86_64-linux-gnu:/usr/lib/x86_64-linux-gnu:/usr/lib/jni:/lib:/usr/lib"/>
    <property name="java.vm.info" value="mixed mode"/>
    <property name="java.vendor" value="Private Build"/>
    <property name="java.vm.version" value="25.382-b05"/>
    <property name="java.specification.maintenance.version" value="5"/>
    <property name="java.ext.dirs" value="/usr/lib/jvm/java-8-openjdk-amd64/jre/lib/ext:/usr/java/packages/lib/ext"/>
    <property name="sun.io.unicode.encoding" value="UnicodeLittle"/>
    <property name="java.class.version" value="52.0"/>
  </properties>
  <testcase name="test10" classname="org.apache.commons.logging.impl.Slf4jLogFactory_ESTest" time="2.238">
    <error message="org.evosuite.runtime.mock.java.util.MockUUID.UUID(JJ)Ljava/util/UUID;" type="java.lang.NoSuchMethodError"><![CDATA[java.lang.NoSuchMethodError: org.evosuite.runtime.mock.java.util.MockUUID.UUID(JJ)Ljava/util/UUID;
	at org.apache.logging.log4j.core.util.WatchManager$LocalUUID.get(WatchManager.java:99)
	at org.apache.logging.log4j.core.util.WatchManager.<init>(WatchManager.java:137)
	at org.apache.logging.log4j.core.config.AbstractConfiguration.<init>(AbstractConfiguration.java:142)
	at org.apache.logging.log4j.core.config.NullConfiguration.<init>(NullConfiguration.java:32)
	at org.apache.logging.log4j.core.LoggerContext.<clinit>(LoggerContext.java)
	at sun.reflect.NativeMethodAccessorImpl.invoke0(Native Method)
	at sun.reflect.NativeMethodAccessorImpl.invoke(NativeMethodAccessorImpl.java:62)
	at sun.reflect.DelegatingMethodAccessorImpl.invoke(DelegatingMethodAccessorImpl.java:43)
	at java.lang.reflect.Method.invoke(Method.java:498)
	at org.evosuite.runtime.classhandling.ClassResetter.reset(ClassResetter.java:159)
	at org.evosuite.runtime.classhandling.ClassStateSupport.resetClasses(ClassStateSupport.java:137)
	at org.apache.commons.logging.impl.Slf4jLogFactory_ESTest_scaffolding.resetClasses(Slf4jLogFactory_ESTest_scaffolding.java:125)
	at org.apache.commons.logging.impl.Slf4jLogFactory_ESTest_scaffolding.doneWithTestCase(Slf4jLogFactory_ESTest_scaffolding.java:66)
	at sun.reflect.NativeMethodAccessorImpl.invoke0(Native Method)
	at sun.reflect.NativeMethodAccessorImpl.invoke(NativeMethodAccessorImpl.java:62)
	at sun.reflect.DelegatingMethodAccessorImpl.invoke(DelegatingMethodAccessorImpl.java:43)
	at java.lang.reflect.Method.invoke(Method.java:498)
	at org.junit.runners.model.FrameworkMethod$1.runReflectiveCall(FrameworkMethod.java:59)
	at org.junit.internal.runners.model.ReflectiveCallable.run(ReflectiveCallable.java:12)
	at org.junit.runners.model.FrameworkMethod.invokeExplosively(FrameworkMethod.java:56)
	at org.junit.internal.runners.statements.RunAfters.invokeMethod(RunAfters.java:46)
	at org.junit.internal.runners.statements.RunAfters.evaluate(RunAfters.java:33)
	at org.evosuite.runtime.vnet.NonFunctionalRequirementRule$1.evaluate(NonFunctionalRequirementRule.java:41)
	at org.junit.runners.ParentRunner$3.evaluate(ParentRunner.java:306)
	at org.junit.runners.BlockJUnit4ClassRunner$1.evaluate(BlockJUnit4ClassRunner.java:100)
	at org.junit.runners.ParentRunner.runLeaf(ParentRunner.java:366)
	at org.junit.runners.BlockJUnit4ClassRunner.runChild(BlockJUnit4ClassRunner.java:103)
	at org.junit.runners.BlockJUnit4ClassRunner.runChild(BlockJUnit4ClassRunner.java:63)
	at org.junit.runners.ParentRunner$4.run(ParentRunner.java:331)
	at org.junit.runners.ParentRunner$1.schedule(ParentRunner.java:79)
	at org.junit.runners.ParentRunner.runChildren(ParentRunner.java:329)
	at org.junit.runners.ParentRunner.access$100(ParentRunner.java:66)
	at org.junit.runners.ParentRunner$2.evaluate(ParentRunner.java:293)
	at org.junit.internal.runners.statements.RunBefores.evaluate(RunBefores.java:26)
	at org.junit.internal.runners.statements.RunAfters.evaluate(RunAfters.java:27)
	at org.junit.runners.ParentRunner$3.evaluate(ParentRunner.java:306)
	at org.junit.runners.ParentRunner.run(ParentRunner.java:413)
	at org.apache.maven.surefire.junit4.JUnit4Provider.execute(JUnit4Provider.java:316)
	at org.apache.maven.surefire.junit4.JUnit4Provider.executeWithRerun(JUnit4Provider.java:240)
	at org.apache.maven.surefire.junit4.JUnit4Provider.executeTestSet(JUnit4Provider.java:214)
	at org.apache.maven.surefire.junit4.JUnit4Provider.invoke(JUnit4Provider.java:155)
	at org.apache.maven.surefire.booter.ForkedBooter.runSuitesInProcess(ForkedBooter.java:385)
	at org.apache.maven.surefire.booter.ForkedBooter.execute(ForkedBooter.java:162)
	at org.apache.maven.surefire.booter.ForkedBooter.run(ForkedBooter.java:507)
	at org.apache.maven.surefire.booter.ForkedBooter.main(ForkedBooter.java:495)
]]></error>
    <system-out><![CDATA[13:23:45.527 [main] INFO org.evosuite.runtime.instrumentation.EvoClassLoader -- Seeing class for first time: org.apache.commons.logging.impl.Slf4jLogFactory_ESTest
13:23:45.534 [main] INFO org.evosuite.runtime.instrumentation.EvoClassLoader -- Instrumenting class 'org.apache.commons.logging.impl.Slf4jLogFactory_ESTest'.
13:23:45.571 [main] INFO org.evosuite.runtime.instrumentation.EvoClassLoader -- Seeing class for first time: org.apache.commons.logging.impl.Slf4jLogFactory_ESTest_scaffolding
13:23:45.571 [main] INFO org.evosuite.runtime.instrumentation.EvoClassLoader -- Instrumenting class 'org.apache.commons.logging.impl.Slf4jLogFactory_ESTest_scaffolding'.
13:23:45.575 [main] INFO org.evosuite.runtime.instrumentation.EvoClassLoader -- Keeping class: org.apache.commons.logging.impl.Slf4jLogFactory_ESTest_scaffolding
13:23:45.575 [main] INFO org.evosuite.runtime.instrumentation.EvoClassLoader -- Keeping class: org.apache.commons.logging.impl.Slf4jLogFactory_ESTest
13:23:45.793 [main] DEBUG org.evosuite.runtime.sandbox.MSecurityManager -- Adding privileged thread: "Reference Handler"
13:23:45.794 [main] DEBUG org.evosuite.runtime.sandbox.MSecurityManager -- Adding privileged thread: "Finalizer"
13:23:45.794 [main] DEBUG org.evosuite.runtime.sandbox.MSecurityManager -- Adding privileged thread: "Signal Dispatcher"
13:23:45.794 [main] DEBUG org.evosuite.runtime.sandbox.MSecurityManager -- Adding privileged thread: "Java2D Disposer"
13:23:45.794 [main] DEBUG org.evosuite.runtime.sandbox.MSecurityManager -- Adding privileged thread: "AWT-XAWT"
13:23:45.794 [main] DEBUG org.evosuite.runtime.sandbox.MSecurityManager -- Adding privileged thread: "process reaper"
13:23:45.794 [main] DEBUG org.evosuite.runtime.sandbox.MSecurityManager -- Adding privileged thread: "main"
13:23:45.794 [main] DEBUG org.evosuite.runtime.sandbox.MSecurityManager -- Adding privileged thread: "surefire-forkedjvm-stream-flusher"
13:23:45.794 [main] DEBUG org.evosuite.runtime.sandbox.MSecurityManager -- Adding privileged thread: "surefire-forkedjvm-command-thread"
13:23:45.823 [main] INFO org.evosuite.runtime.instrumentation.EvoClassLoader -- Seeing class for first time: org.apache.commons.logging.impl.Slf4jLogFactory$Slf4jLocationAwareLog
13:23:45.823 [main] INFO org.evosuite.runtime.instrumentation.EvoClassLoader -- Instrumenting class 'org.apache.commons.logging.impl.Slf4jLogFactory$Slf4jLocationAwareLog'.
13:23:45.833 [main] INFO org.evosuite.runtime.instrumentation.MethodCallReplacementClassAdapter -- Adding mock interface to class org/apache/commons/logging/impl/Slf4jLogFactory$Slf4jLocationAwareLog
13:23:46.025 [main] INFO org.evosuite.runtime.instrumentation.CreateClassResetClassAdapter -- Found static initializer in class org/apache/commons/logging/impl/Slf4jLogFactory$Slf4jLocationAwareLog
13:23:46.027 [main] INFO org.evosuite.runtime.instrumentation.EvoClassLoader -- Keeping class: org.apache.commons.logging.impl.Slf4jLogFactory$Slf4jLocationAwareLog
13:23:46.027 [main] INFO org.evosuite.runtime.instrumentation.EvoClassLoader -- Seeing class for first time: org.apache.commons.logging.impl.Slf4jLogFactory$Slf4jLog
13:23:46.028 [main] INFO org.evosuite.runtime.instrumentation.EvoClassLoader -- Instrumenting class 'org.apache.commons.logging.impl.Slf4jLogFactory$Slf4jLog'.
13:23:46.028 [main] INFO org.evosuite.runtime.instrumentation.MethodCallReplacementClassAdapter -- Adding mock interface to class org/apache/commons/logging/impl/Slf4jLogFactory$Slf4jLog
13:23:46.030 [main] INFO org.evosuite.runtime.instrumentation.CreateClassResetClassAdapter -- Creating brand-new static initializer in class org/apache/commons/logging/impl/Slf4jLogFactory$Slf4jLog
13:23:46.030 [main] INFO org.evosuite.runtime.instrumentation.EvoClassLoader -- Keeping class: org.apache.commons.logging.impl.Slf4jLogFactory$Slf4jLog
13:23:46.031 [main] INFO org.evosuite.runtime.instrumentation.EvoClassLoader -- Seeing class for first time: org.apache.commons.logging.impl.Slf4jLogFactory
13:23:46.031 [main] INFO org.evosuite.runtime.instrumentation.EvoClassLoader -- Instrumenting class 'org.apache.commons.logging.impl.Slf4jLogFactory'.
13:23:46.032 [main] INFO org.evosuite.runtime.instrumentation.MethodCallReplacementClassAdapter -- Adding mock interface to class org/apache/commons/logging/impl/Slf4jLogFactory
13:23:46.036 [main] INFO org.evosuite.runtime.instrumentation.CreateClassResetClassAdapter -- Found static initializer in class org/apache/commons/logging/impl/Slf4jLogFactory
13:23:46.038 [main] INFO org.evosuite.runtime.instrumentation.EvoClassLoader -- Keeping class: org.apache.commons.logging.impl.Slf4jLogFactory
13:23:46.077 [main] INFO org.evosuite.runtime.instrumentation.EvoClassLoader -- Seeing class for first time: org.apache.commons.logging.impl.Jdk14Logger
13:23:46.077 [main] INFO org.evosuite.runtime.instrumentation.EvoClassLoader -- Instrumenting class 'org.apache.commons.logging.impl.Jdk14Logger'.
13:23:46.078 [main] INFO org.evosuite.runtime.instrumentation.MethodCallReplacementClassAdapter -- Adding mock interface to class org/apache/commons/logging/impl/Jdk14Logger
13:23:46.080 [main] INFO org.evosuite.runtime.instrumentation.CreateClassResetClassAdapter -- Found static initializer in class org/apache/commons/logging/impl/Jdk14Logger
13:23:46.081 [main] INFO org.evosuite.runtime.instrumentation.EvoClassLoader -- Keeping class: org.apache.commons.logging.impl.Jdk14Logger
13:23:46.084 [main] INFO org.evosuite.runtime.instrumentation.EvoClassLoader -- Seeing class for first time: org.apache.logging.log4j.MarkerManager
13:23:46.085 [main] INFO org.evosuite.runtime.instrumentation.EvoClassLoader -- Instrumenting class 'org.apache.logging.log4j.MarkerManager'.
13:23:46.088 [main] INFO org.evosuite.runtime.instrumentation.MethodCallReplacementClassAdapter -- Adding mock interface to class org/apache/logging/log4j/MarkerManager
13:23:46.093 [main] INFO org.evosuite.runtime.instrumentation.CreateClassResetClassAdapter -- Found static initializer in class org/apache/logging/log4j/MarkerManager
13:23:46.093 [main] INFO org.evosuite.runtime.instrumentation.EvoClassLoader -- Defined package (3): package org.apache.logging.log4j, 25596373
13:23:46.094 [main] INFO org.evosuite.runtime.instrumentation.EvoClassLoader -- Keeping class: org.apache.logging.log4j.MarkerManager
13:23:46.094 [main] INFO org.evosuite.runtime.instrumentation.EvoClassLoader -- Seeing class for first time: org.apache.logging.log4j.Marker
13:23:46.094 [main] INFO org.evosuite.runtime.instrumentation.EvoClassLoader -- Instrumenting class 'org.apache.logging.log4j.Marker'.
13:23:46.095 [main] INFO org.evosuite.runtime.instrumentation.EvoClassLoader -- Keeping class: org.apache.logging.log4j.Marker
13:23:46.096 [main] INFO org.evosuite.runtime.instrumentation.EvoClassLoader -- Seeing class for first time: org.apache.logging.log4j.MarkerManager$Log4jMarker
13:23:46.097 [main] INFO org.evosuite.runtime.instrumentation.EvoClassLoader -- Instrumenting class 'org.apache.logging.log4j.MarkerManager$Log4jMarker'.
13:23:46.099 [main] INFO org.evosuite.runtime.instrumentation.MethodCallReplacementClassAdapter -- Adding mock interface to class org/apache/logging/log4j/MarkerManager$Log4jMarker
13:23:46.110 [main] INFO org.evosuite.runtime.instrumentation.CreateClassResetClassAdapter -- Creating brand-new static initializer in class org/apache/logging/log4j/MarkerManager$Log4jMarker
13:23:46.111 [main] INFO org.evosuite.runtime.instrumentation.EvoClassLoader -- Seeing class for first time: org.apache.logging.log4j.util.StringBuilderFormattable
13:23:46.111 [main] INFO org.evosuite.runtime.instrumentation.EvoClassLoader -- Instrumenting class 'org.apache.logging.log4j.util.StringBuilderFormattable'.
13:23:46.114 [main] INFO org.evosuite.runtime.instrumentation.EvoClassLoader -- Defined package (3): package org.apache.logging.log4j.util, -551324549
13:23:46.114 [main] INFO org.evosuite.runtime.instrumentation.EvoClassLoader -- Keeping class: org.apache.logging.log4j.util.StringBuilderFormattable
13:23:46.115 [main] INFO org.evosuite.runtime.instrumentation.EvoClassLoader -- Keeping class: org.apache.logging.log4j.MarkerManager$Log4jMarker
13:23:46.117 [main] INFO org.evosuite.runtime.instrumentation.EvoClassLoader -- Seeing class for first time: org.apache.commons.logging.impl.Log4jApiLogFactory
13:23:46.117 [main] INFO org.evosuite.runtime.instrumentation.EvoClassLoader -- Instrumenting class 'org.apache.commons.logging.impl.Log4jApiLogFactory'.
13:23:46.119 [main] INFO org.evosuite.runtime.instrumentation.MethodCallReplacementClassAdapter -- Adding mock interface to class org/apache/commons/logging/impl/Log4jApiLogFactory
13:23:46.121 [main] INFO org.evosuite.runtime.instrumentation.CreateClassResetClassAdapter -- Found static initializer in class org/apache/commons/logging/impl/Log4jApiLogFactory
13:23:46.122 [main] INFO org.evosuite.runtime.instrumentation.EvoClassLoader -- Keeping class: org.apache.commons.logging.impl.Log4jApiLogFactory
13:23:46.123 [main] INFO org.evosuite.runtime.instrumentation.EvoClassLoader -- Seeing class for first time: org.apache.logging.log4j.spi.LoggerAdapter
13:23:46.123 [main] INFO org.evosuite.runtime.instrumentation.EvoClassLoader -- Instrumenting class 'org.apache.logging.log4j.spi.LoggerAdapter'.
13:23:46.125 [main] INFO org.evosuite.runtime.instrumentation.EvoClassLoader -- Defined package (3): package org.apache.logging.log4j.spi, -710523373
13:23:46.126 [main] INFO org.evosuite.runtime.instrumentation.EvoClassLoader -- Keeping class: org.apache.logging.log4j.spi.LoggerAdapter
13:23:46.127 [main] INFO org.evosuite.runtime.instrumentation.EvoClassLoader -- Seeing class for first time: org.apache.logging.log4j.spi.AbstractLoggerAdapter
13:23:46.127 [main] INFO org.evosuite.runtime.instrumentation.EvoClassLoader -- Instrumenting class 'org.apache.logging.log4j.spi.AbstractLoggerAdapter'.
13:23:46.129 [main] INFO org.evosuite.runtime.instrumentation.MethodCallReplacementClassAdapter -- Adding mock interface to class org/apache/logging/log4j/spi/AbstractLoggerAdapter
13:23:46.130 [main] INFO org.evosuite.runtime.instrumentation.CreateClassResetClassAdapter -- Creating brand-new static initializer in class org/apache/logging/log4j/spi/AbstractLoggerAdapter
13:23:46.131 [main] INFO org.evosuite.runtime.instrumentation.EvoClassLoader -- Seeing class for first time: org.apache.logging.log4j.spi.LoggerContextShutdownAware
13:23:46.131 [main] INFO org.evosuite.runtime.instrumentation.EvoClassLoader -- Instrumenting class 'org.apache.logging.log4j.spi.LoggerContextShutdownAware'.
13:23:46.133 [main] INFO org.evosuite.runtime.instrumentation.EvoClassLoader -- Keeping class: org.apache.logging.log4j.spi.LoggerContextShutdownAware
13:23:46.133 [main] INFO org.evosuite.runtime.instrumentation.EvoClassLoader -- Keeping class: org.apache.logging.log4j.spi.AbstractLoggerAdapter
13:23:46.134 [main] INFO org.evosuite.runtime.instrumentation.EvoClassLoader -- Seeing class for first time: org.apache.logging.log4j.spi.LoggerContext
13:23:46.135 [main] INFO org.evosuite.runtime.instrumentation.EvoClassLoader -- Instrumenting class 'org.apache.logging.log4j.spi.LoggerContext'.
13:23:46.138 [main] INFO org.evosuite.runtime.instrumentation.EvoClassLoader -- Keeping class: org.apache.logging.log4j.spi.LoggerContext
13:23:46.139 [main] INFO org.evosuite.runtime.instrumentation.EvoClassLoader -- Seeing class for first time: org.apache.commons.logging.impl.Log4jApiLogFactory$LogAdapter
13:23:46.139 [main] INFO org.evosuite.runtime.instrumentation.EvoClassLoader -- Instrumenting class 'org.apache.commons.logging.impl.Log4jApiLogFactory$LogAdapter'.
13:23:46.140 [main] INFO org.evosuite.runtime.instrumentation.MethodCallReplacementClassAdapter -- Adding mock interface to class org/apache/commons/logging/impl/Log4jApiLogFactory$LogAdapter
13:23:46.141 [main] INFO org.evosuite.runtime.instrumentation.CreateClassResetClassAdapter -- Creating brand-new static initializer in class org/apache/commons/logging/impl/Log4jApiLogFactory$LogAdapter
13:23:46.141 [main] INFO org.evosuite.runtime.instrumentation.EvoClassLoader -- Keeping class: org.apache.commons.logging.impl.Log4jApiLogFactory$LogAdapter
13:23:46.142 [main] INFO org.evosuite.runtime.instrumentation.EvoClassLoader -- Seeing class for first time: org.apache.logging.log4j.util.PropertiesPropertySource
13:23:46.143 [main] INFO org.evosuite.runtime.instrumentation.EvoClassLoader -- Instrumenting class 'org.apache.logging.log4j.util.PropertiesPropertySource'.
13:23:46.145 [main] INFO org.evosuite.runtime.instrumentation.MethodCallReplacementClassAdapter -- Adding mock interface to class org/apache/logging/log4j/util/PropertiesPropertySource
13:23:46.160 [main] INFO org.evosuite.runtime.instrumentation.CreateClassResetClassAdapter -- Creating brand-new static initializer in class org/apache/logging/log4j/util/PropertiesPropertySource
13:23:46.161 [main] INFO org.evosuite.runtime.instrumentation.CreateClassResetClassAdapter -- Adding bytecode for initializing field DEFAULT_PRIORITY
13:23:46.161 [main] INFO org.evosuite.runtime.instrumentation.CreateClassResetClassAdapter -- Adding bytecode for initializing field PREFIX
13:23:46.162 [main] INFO org.evosuite.runtime.instrumentation.EvoClassLoader -- Seeing class for first time: org.apache.logging.log4j.util.PropertySource
13:23:46.162 [main] INFO org.evosuite.runtime.instrumentation.EvoClassLoader -- Instrumenting class 'org.apache.logging.log4j.util.PropertySource'.
13:23:46.165 [main] INFO org.evosuite.runtime.instrumentation.EvoClassLoader -- Keeping class: org.apache.logging.log4j.util.PropertySource
13:23:46.166 [main] INFO org.evosuite.runtime.instrumentation.EvoClassLoader -- Keeping class: org.apache.logging.log4j.util.PropertiesPropertySource
13:23:46.167 [main] INFO org.evosuite.runtime.instrumentation.EvoClassLoader -- Seeing class for first time: org.apache.logging.log4j.util.BiConsumer
13:23:46.168 [main] INFO org.evosuite.runtime.instrumentation.EvoClassLoader -- Instrumenting class 'org.apache.logging.log4j.util.BiConsumer'.
13:23:46.170 [main] INFO org.evosuite.runtime.instrumentation.EvoClassLoader -- Keeping class: org.apache.logging.log4j.util.BiConsumer
13:23:46.171 [main] INFO org.evosuite.runtime.instrumentation.EvoClassLoader -- Seeing class for first time: org.apache.logging.log4j.util.PropertyFilePropertySource
13:23:46.171 [main] INFO org.evosuite.runtime.instrumentation.EvoClassLoader -- Instrumenting class 'org.apache.logging.log4j.util.PropertyFilePropertySource'.
13:23:46.173 [main] INFO org.evosuite.runtime.instrumentation.MethodCallReplacementClassAdapter -- Adding mock interface to class org/apache/logging/log4j/util/PropertyFilePropertySource
13:23:46.177 [main] INFO org.evosuite.runtime.instrumentation.CreateClassResetClassAdapter -- Creating brand-new static initializer in class org/apache/logging/log4j/util/PropertyFilePropertySource
13:23:46.178 [main] INFO org.evosuite.runtime.instrumentation.EvoClassLoader -- Keeping class: org.apache.logging.log4j.util.PropertyFilePropertySource
13:23:46.179 [main] INFO org.evosuite.runtime.instrumentation.EvoClassLoader -- Seeing class for first time: org.apache.logging.log4j.util.LoaderUtil$ThreadContextClassLoaderGetter
13:23:46.179 [main] INFO org.evosuite.runtime.instrumentation.EvoClassLoader -- Instrumenting class 'org.apache.logging.log4j.util.LoaderUtil$ThreadContextClassLoaderGetter'.
13:23:46.181 [main] INFO org.evosuite.runtime.instrumentation.MethodCallReplacementClassAdapter -- Adding mock interface to class org/apache/logging/log4j/util/LoaderUtil$ThreadContextClassLoaderGetter
13:23:46.184 [main] INFO org.evosuite.runtime.instrumentation.CreateClassResetClassAdapter -- Creating brand-new static initializer in class org/apache/logging/log4j/util/LoaderUtil$ThreadContextClassLoaderGetter
13:23:46.185 [main] INFO org.evosuite.runtime.instrumentation.EvoClassLoader -- Keeping class: org.apache.logging.log4j.util.LoaderUtil$ThreadContextClassLoaderGetter
13:23:46.186 [main] INFO org.evosuite.runtime.instrumentation.EvoClassLoader -- Seeing class for first time: org.apache.logging.log4j.util.LoaderUtil
13:23:46.186 [main] INFO org.evosuite.runtime.instrumentation.EvoClassLoader -- Instrumenting class 'org.apache.logging.log4j.util.LoaderUtil'.
13:23:46.189 [main] INFO org.evosuite.runtime.instrumentation.MethodCallReplacementClassAdapter -- Adding mock interface to class org/apache/logging/log4j/util/LoaderUtil
13:23:46.201 [main] INFO org.evosuite.runtime.instrumentation.CreateClassResetClassAdapter -- Found static initializer in class org/apache/logging/log4j/util/LoaderUtil
13:23:46.203 [main] INFO org.evosuite.runtime.instrumentation.EvoClassLoader -- Keeping class: org.apache.logging.log4j.util.LoaderUtil
13:23:46.204 [main] INFO org.evosuite.runtime.instrumentation.EvoClassLoader -- Seeing class for first time: org.apache.logging.log4j.util.LoaderUtil$UrlResource
13:23:46.204 [main] INFO org.evosuite.runtime.instrumentation.EvoClassLoader -- Instrumenting class 'org.apache.logging.log4j.util.LoaderUtil$UrlResource'.
13:23:46.205 [main] INFO org.evosuite.runtime.instrumentation.MethodCallReplacementClassAdapter -- Adding mock interface to class org/apache/logging/log4j/util/LoaderUtil$UrlResource
13:23:46.207 [main] INFO org.evosuite.runtime.instrumentation.CreateClassResetClassAdapter -- Creating brand-new static initializer in class org/apache/logging/log4j/util/LoaderUtil$UrlResource
13:23:46.208 [main] INFO org.evosuite.runtime.instrumentation.EvoClassLoader -- Keeping class: org.apache.logging.log4j.util.LoaderUtil$UrlResource
13:23:46.209 [main] INFO org.evosuite.runtime.instrumentation.EvoClassLoader -- Seeing class for first time: org.apache.logging.log4j.util.PropertiesUtil$Environment
13:23:46.210 [main] INFO org.evosuite.runtime.instrumentation.EvoClassLoader -- Instrumenting class 'org.apache.logging.log4j.util.PropertiesUtil$Environment'.
13:23:46.210 [main] INFO org.evosuite.runtime.instrumentation.MethodCallReplacementClassAdapter -- Adding mock interface to class org/apache/logging/log4j/util/PropertiesUtil$Environment
13:23:46.213 [main] INFO org.evosuite.runtime.instrumentation.CreateClassResetClassAdapter -- Creating brand-new static initializer in class org/apache/logging/log4j/util/PropertiesUtil$Environment
13:23:46.213 [main] INFO org.evosuite.runtime.instrumentation.EvoClassLoader -- Keeping class: org.apache.logging.log4j.util.PropertiesUtil$Environment
13:23:46.213 [main] INFO org.evosuite.runtime.instrumentation.EvoClassLoader -- Seeing class for first time: org.apache.logging.log4j.util.PropertiesUtil
13:23:46.213 [main] INFO org.evosuite.runtime.instrumentation.EvoClassLoader -- Instrumenting class 'org.apache.logging.log4j.util.PropertiesUtil'.
13:23:46.215 [main] INFO org.evosuite.runtime.instrumentation.MethodCallReplacementClassAdapter -- Adding mock interface to class org/apache/logging/log4j/util/PropertiesUtil
13:23:46.219 [main] INFO org.evosuite.runtime.instrumentation.CreateClassResetClassAdapter -- Found static initializer in class org/apache/logging/log4j/util/PropertiesUtil
13:23:46.220 [main] INFO org.evosuite.runtime.instrumentation.EvoClassLoader -- Keeping class: org.apache.logging.log4j.util.PropertiesUtil
13:23:46.220 [main] INFO org.evosuite.runtime.instrumentation.EvoClassLoader -- Seeing class for first time: org.apache.logging.log4j.util.PropertiesUtil$TimeUnit
13:23:46.220 [main] INFO org.evosuite.runtime.instrumentation.EvoClassLoader -- Instrumenting class 'org.apache.logging.log4j.util.PropertiesUtil$TimeUnit'.
13:23:46.221 [main] INFO org.evosuite.runtime.instrumentation.MethodCallReplacementClassAdapter -- Adding mock interface to class org/apache/logging/log4j/util/PropertiesUtil$TimeUnit
13:23:46.222 [main] INFO org.evosuite.runtime.instrumentation.CreateClassResetClassAdapter -- Found static initializer in class org/apache/logging/log4j/util/PropertiesUtil$TimeUnit
13:23:46.223 [main] INFO org.evosuite.runtime.instrumentation.EvoClassLoader -- Keeping class: org.apache.logging.log4j.util.PropertiesUtil$TimeUnit
13:23:46.224 [main] INFO org.evosuite.runtime.instrumentation.EvoClassLoader -- Seeing class for first time: org.apache.logging.log4j.util.PropertySource$Comparator
13:23:46.224 [main] INFO org.evosuite.runtime.instrumentation.EvoClassLoader -- Instrumenting class 'org.apache.logging.log4j.util.PropertySource$Comparator'.
13:23:46.226 [main] INFO org.evosuite.runtime.instrumentation.MethodCallReplacementClassAdapter -- Adding mock interface to class org/apache/logging/log4j/util/PropertySource$Comparator
13:23:46.227 [main] INFO org.evosuite.runtime.instrumentation.CreateClassResetClassAdapter -- Creating brand-new static initializer in class org/apache/logging/log4j/util/PropertySource$Comparator
13:23:46.227 [main] INFO org.evosuite.runtime.instrumentation.EvoClassLoader -- Keeping class: org.apache.logging.log4j.util.PropertySource$Comparator
13:23:46.227 [main] INFO org.evosuite.runtime.instrumentation.EvoClassLoader -- Seeing class for first time: org.apache.logging.log4j.util.PropertySource$Util
13:23:46.228 [main] INFO org.evosuite.runtime.instrumentation.EvoClassLoader -- Instrumenting class 'org.apache.logging.log4j.util.PropertySource$Util'.
13:23:46.229 [main] INFO org.evosuite.runtime.instrumentation.MethodCallReplacementClassAdapter -- Adding mock interface to class org/apache/logging/log4j/util/PropertySource$Util
13:23:46.231 [main] INFO org.evosuite.runtime.instrumentation.CreateClassResetClassAdapter -- Found static initializer in class org/apache/logging/log4j/util/PropertySource$Util
13:23:46.232 [main] INFO org.evosuite.runtime.instrumentation.EvoClassLoader -- Keeping class: org.apache.logging.log4j.util.PropertySource$Util
13:23:46.233 [main] INFO org.evosuite.runtime.instrumentation.EvoClassLoader -- Seeing class for first time: org.apache.logging.log4j.util.ServiceLoaderUtil
13:23:46.234 [main] INFO org.evosuite.runtime.instrumentation.EvoClassLoader -- Instrumenting class 'org.apache.logging.log4j.util.ServiceLoaderUtil'.
13:23:46.235 [main] INFO org.evosuite.runtime.instrumentation.MethodCallReplacementClassAdapter -- Adding mock interface to class org/apache/logging/log4j/util/ServiceLoaderUtil
13:23:46.237 [main] INFO org.evosuite.runtime.instrumentation.CreateClassResetClassAdapter -- Creating brand-new static initializer in class org/apache/logging/log4j/util/ServiceLoaderUtil
13:23:46.238 [main] INFO org.evosuite.runtime.instrumentation.CreateClassResetClassAdapter -- Adding bytecode for initializing field MAX_BROKEN_SERVICES
13:23:46.239 [main] INFO org.evosuite.runtime.instrumentation.EvoClassLoader -- Keeping class: org.apache.logging.log4j.util.ServiceLoaderUtil
13:23:46.240 [main] INFO org.evosuite.runtime.instrumentation.EvoClassLoader -- Seeing class for first time: org.apache.logging.log4j.util.ServiceLoaderUtil$ServiceLoaderSpliterator
13:23:46.241 [main] INFO org.evosuite.runtime.instrumentation.EvoClassLoader -- Instrumenting class 'org.apache.logging.log4j.util.ServiceLoaderUtil$ServiceLoaderSpliterator'.
13:23:46.243 [main] INFO org.evosuite.runtime.instrumentation.MethodCallReplacementClassAdapter -- Adding mock interface to class org/apache/logging/log4j/util/ServiceLoaderUtil$ServiceLoaderSpliterator
13:23:46.249 [main] INFO org.evosuite.runtime.instrumentation.CreateClassResetClassAdapter -- Creating brand-new static initializer in class org/apache/logging/log4j/util/ServiceLoaderUtil$ServiceLoaderSpliterator
13:23:46.250 [main] INFO org.evosuite.runtime.instrumentation.EvoClassLoader -- Keeping class: org.apache.logging.log4j.util.ServiceLoaderUtil$ServiceLoaderSpliterator
13:23:46.251 [main] INFO org.evosuite.runtime.instrumentation.EvoClassLoader -- Seeing class for first time: org.apache.logging.log4j.Logger
13:23:46.251 [main] INFO org.evosuite.runtime.instrumentation.EvoClassLoader -- Instrumenting class 'org.apache.logging.log4j.Logger'.
13:23:46.265 [main] INFO org.evosuite.runtime.instrumentation.EvoClassLoader -- Keeping class: org.apache.logging.log4j.Logger
13:23:46.267 [main] INFO org.evosuite.runtime.instrumentation.EvoClassLoader -- Seeing class for first time: org.apache.logging.log4j.util.OsgiServiceLocator
13:23:46.267 [main] INFO org.evosuite.runtime.instrumentation.EvoClassLoader -- Instrumenting class 'org.apache.logging.log4j.util.OsgiServiceLocator'.
13:23:46.269 [main] INFO org.evosuite.runtime.instrumentation.MethodCallReplacementClassAdapter -- Adding mock interface to class org/apache/logging/log4j/util/OsgiServiceLocator
13:23:46.277 [main] INFO org.evosuite.runtime.instrumentation.CreateClassResetClassAdapter -- Found static initializer in class org/apache/logging/log4j/util/OsgiServiceLocator
13:23:46.278 [main] INFO org.evosuite.runtime.instrumentation.EvoClassLoader -- Keeping class: org.apache.logging.log4j.util.OsgiServiceLocator
13:23:46.280 [main] INFO org.evosuite.runtime.instrumentation.EvoClassLoader -- Seeing class for first time: org.osgi.framework.FrameworkUtil
13:23:46.280 [main] INFO org.evosuite.runtime.instrumentation.EvoClassLoader -- Instrumenting class 'org.osgi.framework.FrameworkUtil'.
13:23:46.281 [main] INFO org.evosuite.runtime.instrumentation.EvoClassLoader -- Error while loading class: java.lang.ClassNotFoundException: Class 'org/osgi/framework/FrameworkUtil.class' should be in target project, but could not be found!
13:23:46.281 [main] INFO org.evosuite.runtime.instrumentation.EvoClassLoader -- Seeing class for first time: org.osgi.framework.FrameworkUtil
13:23:46.281 [main] INFO org.evosuite.runtime.instrumentation.EvoClassLoader -- Instrumenting class 'org.osgi.framework.FrameworkUtil'.
13:23:46.281 [main] INFO org.evosuite.runtime.instrumentation.EvoClassLoader -- Error while loading class: java.lang.ClassNotFoundException: Class 'org/osgi/framework/FrameworkUtil.class' should be in target project, but could not be found!
13:23:46.281 [main] INFO org.evosuite.runtime.instrumentation.EvoClassLoader -- Seeing class for first time: org.apache.logging.log4j.util.EnvironmentPropertySource
13:23:46.281 [main] INFO org.evosuite.runtime.instrumentation.EvoClassLoader -- Instrumenting class 'org.apache.logging.log4j.util.EnvironmentPropertySource'.
13:23:46.283 [main] INFO org.evosuite.runtime.instrumentation.MethodCallReplacementClassAdapter -- Adding mock interface to class org/apache/logging/log4j/util/EnvironmentPropertySource
13:23:46.285 [main] INFO org.evosuite.runtime.instrumentation.CreateClassResetClassAdapter -- Creating brand-new static initializer in class org/apache/logging/log4j/util/EnvironmentPropertySource
13:23:46.286 [main] INFO org.evosuite.runtime.instrumentation.CreateClassResetClassAdapter -- Adding bytecode for initializing field PREFIX
13:23:46.286 [main] INFO org.evosuite.runtime.instrumentation.CreateClassResetClassAdapter -- Adding bytecode for initializing field DEFAULT_PRIORITY
13:23:46.286 [main] INFO org.evosuite.runtime.instrumentation.EvoClassLoader -- Keeping class: org.apache.logging.log4j.util.EnvironmentPropertySource
13:23:46.287 [main] INFO org.evosuite.runtime.instrumentation.EvoClassLoader -- Seeing class for first time: org.apache.logging.log4j.util.SystemPropertiesPropertySource
13:23:46.287 [main] INFO org.evosuite.runtime.instrumentation.EvoClassLoader -- Instrumenting class 'org.apache.logging.log4j.util.SystemPropertiesPropertySource'.
13:23:46.288 [main] INFO org.evosuite.runtime.instrumentation.MethodCallReplacementClassAdapter -- Adding mock interface to class org/apache/logging/log4j/util/SystemPropertiesPropertySource
13:23:46.290 [main] INFO org.evosuite.runtime.instrumentation.CreateClassResetClassAdapter -- Creating brand-new static initializer in class org/apache/logging/log4j/util/SystemPropertiesPropertySource
13:23:46.290 [main] INFO org.evosuite.runtime.instrumentation.CreateClassResetClassAdapter -- Adding bytecode for initializing field DEFAULT_PRIORITY
13:23:46.290 [main] INFO org.evosuite.runtime.instrumentation.CreateClassResetClassAdapter -- Adding bytecode for initializing field PREFIX
13:23:46.290 [main] INFO org.evosuite.runtime.instrumentation.EvoClassLoader -- Keeping class: org.apache.logging.log4j.util.SystemPropertiesPropertySource
13:23:46.291 [main] INFO org.evosuite.runtime.instrumentation.EvoClassLoader -- Seeing class for first time: org.apache.logging.log4j.test.junit.ExtensionContextAnchor
13:23:46.291 [main] INFO org.evosuite.runtime.instrumentation.EvoClassLoader -- Instrumenting class 'org.apache.logging.log4j.test.junit.ExtensionContextAnchor'.
13:23:46.292 [main] INFO org.evosuite.runtime.instrumentation.MethodCallReplacementClassAdapter -- Adding mock interface to class org/apache/logging/log4j/test/junit/ExtensionContextAnchor
13:23:46.293 [main] INFO org.evosuite.runtime.instrumentation.CreateClassResetClassAdapter -- Found static initializer in class org/apache/logging/log4j/test/junit/ExtensionContextAnchor
13:23:46.293 [main] INFO org.evosuite.runtime.instrumentation.EvoClassLoader -- Defined package (3): package org.apache.logging.log4j.test.junit, -594012597
13:23:46.294 [main] INFO org.evosuite.runtime.instrumentation.EvoClassLoader -- Keeping class: org.apache.logging.log4j.test.junit.ExtensionContextAnchor
13:23:46.301 [main] INFO org.evosuite.runtime.instrumentation.EvoClassLoader -- Seeing class for first time: org.apache.logging.log4j.test.junit.TestPropertySource$EmptyTestProperties
13:23:46.301 [main] INFO org.evosuite.runtime.instrumentation.EvoClassLoader -- Instrumenting class 'org.apache.logging.log4j.test.junit.TestPropertySource$EmptyTestProperties'.
13:23:46.302 [main] INFO org.evosuite.runtime.instrumentation.MethodCallReplacementClassAdapter -- Adding mock interface to class org/apache/logging/log4j/test/junit/TestPropertySource$EmptyTestProperties
13:23:46.302 [main] INFO org.evosuite.runtime.instrumentation.CreateClassResetClassAdapter -- Creating brand-new static initializer in class org/apache/logging/log4j/test/junit/TestPropertySource$EmptyTestProperties
13:23:46.302 [main] INFO org.evosuite.runtime.instrumentation.EvoClassLoader -- Seeing class for first time: org.apache.logging.log4j.test.TestProperties
13:23:46.302 [main] INFO org.evosuite.runtime.instrumentation.EvoClassLoader -- Instrumenting class 'org.apache.logging.log4j.test.TestProperties'.
13:23:46.304 [main] INFO org.evosuite.runtime.instrumentation.EvoClassLoader -- Defined package (3): package org.apache.logging.log4j.test, -551368437
13:23:46.304 [main] INFO org.evosuite.runtime.instrumentation.EvoClassLoader -- Keeping class: org.apache.logging.log4j.test.TestProperties
13:23:46.304 [main] INFO org.evosuite.runtime.instrumentation.EvoClassLoader -- Keeping class: org.apache.logging.log4j.test.junit.TestPropertySource$EmptyTestProperties
13:23:46.304 [main] INFO org.evosuite.runtime.instrumentation.EvoClassLoader -- Seeing class for first time: org.apache.logging.log4j.test.junit.TestPropertySource
13:23:46.304 [main] INFO org.evosuite.runtime.instrumentation.EvoClassLoader -- Instrumenting class 'org.apache.logging.log4j.test.junit.TestPropertySource'.
13:23:46.305 [main] INFO org.evosuite.runtime.instrumentation.MethodCallReplacementClassAdapter -- Adding mock interface to class org/apache/logging/log4j/test/junit/TestPropertySource
13:23:46.307 [main] INFO org.evosuite.runtime.instrumentation.CreateClassResetClassAdapter -- Found static initializer in class org/apache/logging/log4j/test/junit/TestPropertySource
13:23:46.308 [main] INFO org.evosuite.runtime.instrumentation.EvoClassLoader -- Keeping class: org.apache.logging.log4j.test.junit.TestPropertySource
13:23:46.311 [main] INFO org.evosuite.runtime.instrumentation.EvoClassLoader -- Seeing class for first time: org.apache.logging.log4j.util.Strings
13:23:46.312 [main] INFO org.evosuite.runtime.instrumentation.EvoClassLoader -- Instrumenting class 'org.apache.logging.log4j.util.Strings'.
13:23:46.313 [main] INFO org.evosuite.runtime.instrumentation.MethodCallReplacementClassAdapter -- Adding mock interface to class org/apache/logging/log4j/util/Strings
13:23:46.318 [main] INFO org.evosuite.runtime.instrumentation.CreateClassResetClassAdapter -- Found static initializer in class org/apache/logging/log4j/util/Strings
13:23:46.319 [main] INFO org.evosuite.runtime.instrumentation.EvoClassLoader -- Keeping class: org.apache.logging.log4j.util.Strings
13:23:46.324 [main] INFO org.evosuite.runtime.instrumentation.EvoClassLoader -- Seeing class for first time: org.apache.logging.log4j.util.Supplier
13:23:46.324 [main] INFO org.evosuite.runtime.instrumentation.EvoClassLoader -- Instrumenting class 'org.apache.logging.log4j.util.Supplier'.
13:23:46.326 [main] INFO org.evosuite.runtime.instrumentation.EvoClassLoader -- Keeping class: org.apache.logging.log4j.util.Supplier
13:23:46.410 [main] INFO org.evosuite.runtime.instrumentation.EvoClassLoader -- Seeing class for first time: org.apache.logging.log4j.util.Constants
13:23:46.410 [main] INFO org.evosuite.runtime.instrumentation.EvoClassLoader -- Instrumenting class 'org.apache.logging.log4j.util.Constants'.
13:23:46.412 [main] INFO org.evosuite.runtime.instrumentation.MethodCallReplacementClassAdapter -- Adding mock interface to class org/apache/logging/log4j/util/Constants
13:23:46.414 [main] INFO org.evosuite.runtime.instrumentation.CreateClassResetClassAdapter -- Found static initializer in class org/apache/logging/log4j/util/Constants
13:23:46.415 [main] INFO org.evosuite.runtime.instrumentation.EvoClassLoader -- Keeping class: org.apache.logging.log4j.util.Constants
13:23:46.423 [main] INFO org.evosuite.runtime.instrumentation.EvoClassLoader -- Seeing class for first time: org.apache.logging.log4j.spi.AbstractLogger
13:23:46.424 [main] INFO org.evosuite.runtime.instrumentation.EvoClassLoader -- Instrumenting class 'org.apache.logging.log4j.spi.AbstractLogger'.
13:23:46.431 [main] INFO org.evosuite.runtime.instrumentation.MethodCallReplacementClassAdapter -- Adding mock interface to class org/apache/logging/log4j/spi/AbstractLogger
13:23:46.475 [main] INFO org.evosuite.runtime.instrumentation.CreateClassResetClassAdapter -- Found static initializer in class org/apache/logging/log4j/spi/AbstractLogger
13:23:46.478 [main] INFO org.evosuite.runtime.instrumentation.EvoClassLoader -- Seeing class for first time: org.apache.logging.log4j.spi.ExtendedLogger
13:23:46.478 [main] INFO org.evosuite.runtime.instrumentation.EvoClassLoader -- Instrumenting class 'org.apache.logging.log4j.spi.ExtendedLogger'.
13:23:46.482 [main] INFO org.evosuite.runtime.instrumentation.EvoClassLoader -- Keeping class: org.apache.logging.log4j.spi.ExtendedLogger
13:23:46.483 [main] INFO org.evosuite.runtime.instrumentation.EvoClassLoader -- Seeing class for first time: org.apache.logging.log4j.spi.LocationAwareLogger
13:23:46.483 [main] INFO org.evosuite.runtime.instrumentation.EvoClassLoader -- Instrumenting class 'org.apache.logging.log4j.spi.LocationAwareLogger'.
13:23:46.485 [main] INFO org.evosuite.runtime.instrumentation.EvoClassLoader -- Keeping class: org.apache.logging.log4j.spi.LocationAwareLogger
13:23:46.487 [main] INFO org.evosuite.runtime.instrumentation.EvoClassLoader -- Keeping class: org.apache.logging.log4j.spi.AbstractLogger
13:23:46.489 [main] INFO org.evosuite.runtime.instrumentation.EvoClassLoader -- Seeing class for first time: org.apache.logging.log4j.message.MessageFactory
13:23:46.489 [main] INFO org.evosuite.runtime.instrumentation.EvoClassLoader -- Instrumenting class 'org.apache.logging.log4j.message.MessageFactory'.
13:23:46.490 [main] INFO org.evosuite.runtime.instrumentation.EvoClassLoader -- Defined package (3): package org.apache.logging.log4j.message, 515308782
13:23:46.490 [main] INFO org.evosuite.runtime.instrumentation.EvoClassLoader -- Keeping class: org.apache.logging.log4j.message.MessageFactory
13:23:46.490 [main] INFO org.evosuite.runtime.instrumentation.EvoClassLoader -- Seeing class for first time: org.apache.logging.log4j.message.Message
13:23:46.490 [main] INFO org.evosuite.runtime.instrumentation.EvoClassLoader -- Instrumenting class 'org.apache.logging.log4j.message.Message'.
13:23:46.492 [main] INFO org.evosuite.runtime.instrumentation.EvoClassLoader -- Keeping class: org.apache.logging.log4j.message.Message
13:23:46.492 [main] INFO org.evosuite.runtime.instrumentation.EvoClassLoader -- Seeing class for first time: org.apache.logging.log4j.message.MessageFactory2
13:23:46.492 [main] INFO org.evosuite.runtime.instrumentation.EvoClassLoader -- Instrumenting class 'org.apache.logging.log4j.message.MessageFactory2'.
13:23:46.493 [main] INFO org.evosuite.runtime.instrumentation.EvoClassLoader -- Keeping class: org.apache.logging.log4j.message.MessageFactory2
13:23:46.494 [main] INFO org.evosuite.runtime.instrumentation.EvoClassLoader -- Seeing class for first time: org.apache.logging.log4j.LoggingException
13:23:46.494 [main] INFO org.evosuite.runtime.instrumentation.EvoClassLoader -- Instrumenting class 'org.apache.logging.log4j.LoggingException'.
13:23:46.496 [main] INFO org.evosuite.runtime.instrumentation.MethodCallReplacementClassAdapter -- Adding mock interface to class org/apache/logging/log4j/LoggingException
13:23:46.497 [main] INFO org.evosuite.runtime.instrumentation.CreateClassResetClassAdapter -- Creating brand-new static initializer in class org/apache/logging/log4j/LoggingException
13:23:46.497 [main] INFO org.evosuite.runtime.instrumentation.EvoClassLoader -- Keeping class: org.apache.logging.log4j.LoggingException
13:23:46.498 [main] INFO org.evosuite.runtime.instrumentation.EvoClassLoader -- Seeing class for first time: org.apache.logging.log4j.LogBuilder
13:23:46.498 [main] INFO org.evosuite.runtime.instrumentation.EvoClassLoader -- Instrumenting class 'org.apache.logging.log4j.LogBuilder'.
13:23:46.501 [main] INFO org.evosuite.runtime.instrumentation.EvoClassLoader -- Keeping class: org.apache.logging.log4j.LogBuilder
13:23:46.503 [main] INFO org.evosuite.runtime.instrumentation.EvoClassLoader -- Seeing class for first time: org.apache.logging.log4j.Level
13:23:46.503 [main] INFO org.evosuite.runtime.instrumentation.EvoClassLoader -- Instrumenting class 'org.apache.logging.log4j.Level'.
13:23:46.505 [main] INFO org.evosuite.runtime.instrumentation.MethodCallReplacementClassAdapter -- Adding mock interface to class org/apache/logging/log4j/Level
13:23:46.511 [main] INFO org.evosuite.runtime.instrumentation.CreateClassResetClassAdapter -- Found static initializer in class org/apache/logging/log4j/Level
13:23:46.513 [main] INFO org.evosuite.runtime.instrumentation.EvoClassLoader -- Keeping class: org.apache.logging.log4j.Level
13:23:46.513 [main] INFO org.evosuite.runtime.instrumentation.EvoClassLoader -- Seeing class for first time: org.apache.logging.log4j.util.MessageSupplier
13:23:46.513 [main] INFO org.evosuite.runtime.instrumentation.EvoClassLoader -- Instrumenting class 'org.apache.logging.log4j.util.MessageSupplier'.
13:23:46.515 [main] INFO org.evosuite.runtime.instrumentation.EvoClassLoader -- Keeping class: org.apache.logging.log4j.util.MessageSupplier
13:23:46.516 [main] INFO org.evosuite.runtime.instrumentation.EvoClassLoader -- Seeing class for first time: org.apache.logging.log4j.message.FlowMessageFactory
13:23:46.516 [main] INFO org.evosuite.runtime.instrumentation.EvoClassLoader -- Instrumenting class 'org.apache.logging.log4j.message.FlowMessageFactory'.
13:23:46.517 [main] INFO org.evosuite.runtime.instrumentation.EvoClassLoader -- Keeping class: org.apache.logging.log4j.message.FlowMessageFactory
13:23:46.518 [main] INFO org.evosuite.runtime.instrumentation.EvoClassLoader -- Seeing class for first time: org.apache.logging.log4j.message.EntryMessage
13:23:46.518 [main] INFO org.evosuite.runtime.instrumentation.EvoClassLoader -- Instrumenting class 'org.apache.logging.log4j.message.EntryMessage'.
13:23:46.519 [main] INFO org.evosuite.runtime.instrumentation.EvoClassLoader -- Seeing class for first time: org.apache.logging.log4j.message.FlowMessage
13:23:46.519 [main] INFO org.evosuite.runtime.instrumentation.EvoClassLoader -- Instrumenting class 'org.apache.logging.log4j.message.FlowMessage'.
13:23:46.521 [main] INFO org.evosuite.runtime.instrumentation.EvoClassLoader -- Keeping class: org.apache.logging.log4j.message.FlowMessage
13:23:46.521 [main] INFO org.evosuite.runtime.instrumentation.EvoClassLoader -- Keeping class: org.apache.logging.log4j.message.EntryMessage
13:23:46.523 [main] INFO org.evosuite.runtime.instrumentation.EvoClassLoader -- Seeing class for first time: org.apache.logging.log4j.message.ReusableMessageFactory
13:23:46.523 [main] INFO org.evosuite.runtime.instrumentation.EvoClassLoader -- Instrumenting class 'org.apache.logging.log4j.message.ReusableMessageFactory'.
13:23:46.524 [main] INFO org.evosuite.runtime.instrumentation.MethodCallReplacementClassAdapter -- Adding mock interface to class org/apache/logging/log4j/message/ReusableMessageFactory
13:23:46.529 [main] INFO org.evosuite.runtime.instrumentation.CreateClassResetClassAdapter -- Found static initializer in class org/apache/logging/log4j/message/ReusableMessageFactory
13:23:46.529 [main] INFO org.evosuite.runtime.instrumentation.EvoClassLoader -- Keeping class: org.apache.logging.log4j.message.ReusableMessageFactory
13:23:46.530 [main] INFO org.evosuite.runtime.instrumentation.EvoClassLoader -- Seeing class for first time: org.apache.logging.log4j.message.ParameterizedMessageFactory
13:23:46.530 [main] INFO org.evosuite.runtime.instrumentation.EvoClassLoader -- Instrumenting class 'org.apache.logging.log4j.message.ParameterizedMessageFactory'.
13:23:46.530 [main] INFO org.evosuite.runtime.instrumentation.MethodCallReplacementClassAdapter -- Adding mock interface to class org/apache/logging/log4j/message/ParameterizedMessageFactory
13:23:46.531 [main] INFO org.evosuite.runtime.instrumentation.CreateClassResetClassAdapter -- Found static initializer in class org/apache/logging/log4j/message/ParameterizedMessageFactory
13:23:46.531 [main] INFO org.evosuite.runtime.instrumentation.EvoClassLoader -- Seeing class for first time: org.apache.logging.log4j.message.AbstractMessageFactory
13:23:46.531 [main] INFO org.evosuite.runtime.instrumentation.EvoClassLoader -- Instrumenting class 'org.apache.logging.log4j.message.AbstractMessageFactory'.
13:23:46.532 [main] INFO org.evosuite.runtime.instrumentation.MethodCallReplacementClassAdapter -- Adding mock interface to class org/apache/logging/log4j/message/AbstractMessageFactory
13:23:46.532 [main] INFO org.evosuite.runtime.instrumentation.CreateClassResetClassAdapter -- Creating brand-new static initializer in class org/apache/logging/log4j/message/AbstractMessageFactory
13:23:46.533 [main] INFO org.evosuite.runtime.instrumentation.EvoClassLoader -- Keeping class: org.apache.logging.log4j.message.AbstractMessageFactory
13:23:46.533 [main] INFO org.evosuite.runtime.instrumentation.EvoClassLoader -- Keeping class: org.apache.logging.log4j.message.ParameterizedMessageFactory
13:23:46.534 [main] INFO org.evosuite.runtime.instrumentation.EvoClassLoader -- Seeing class for first time: org.apache.logging.log4j.message.DefaultFlowMessageFactory
13:23:46.534 [main] INFO org.evosuite.runtime.instrumentation.EvoClassLoader -- Instrumenting class 'org.apache.logging.log4j.message.DefaultFlowMessageFactory'.
13:23:46.535 [main] INFO org.evosuite.runtime.instrumentation.MethodCallReplacementClassAdapter -- Adding mock interface to class org/apache/logging/log4j/message/DefaultFlowMessageFactory
13:23:46.537 [main] INFO org.evosuite.runtime.instrumentation.CreateClassResetClassAdapter -- Creating brand-new static initializer in class org/apache/logging/log4j/message/DefaultFlowMessageFactory
13:23:46.538 [main] INFO org.evosuite.runtime.instrumentation.CreateClassResetClassAdapter -- Adding bytecode for initializing field EXIT_DEFAULT_PREFIX
13:23:46.538 [main] INFO org.evosuite.runtime.instrumentation.CreateClassResetClassAdapter -- Adding bytecode for initializing field ENTRY_DEFAULT_PREFIX
13:23:46.538 [main] INFO org.evosuite.runtime.instrumentation.EvoClassLoader -- Keeping class: org.apache.logging.log4j.message.DefaultFlowMessageFactory
13:23:46.538 [main] INFO org.evosuite.runtime.instrumentation.EvoClassLoader -- Seeing class for first time: org.apache.logging.log4j.internal.DefaultLogBuilder
13:23:46.538 [main] INFO org.evosuite.runtime.instrumentation.EvoClassLoader -- Instrumenting class 'org.apache.logging.log4j.internal.DefaultLogBuilder'.
13:23:46.539 [main] INFO org.evosuite.runtime.instrumentation.MethodCallReplacementClassAdapter -- Adding mock interface to class org/apache/logging/log4j/internal/DefaultLogBuilder
13:23:46.541 [main] INFO org.evosuite.runtime.instrumentation.CreateClassResetClassAdapter -- Found static initializer in class org/apache/logging/log4j/internal/DefaultLogBuilder
13:23:46.541 [main] INFO org.evosuite.runtime.instrumentation.EvoClassLoader -- Defined package (3): package org.apache.logging.log4j.internal, -172792138
13:23:46.542 [main] INFO org.evosuite.runtime.instrumentation.EvoClassLoader -- Seeing class for first time: org.apache.logging.log4j.BridgeAware
13:23:46.542 [main] INFO org.evosuite.runtime.instrumentation.EvoClassLoader -- Instrumenting class 'org.apache.logging.log4j.BridgeAware'.
13:23:46.543 [main] INFO org.evosuite.runtime.instrumentation.EvoClassLoader -- Keeping class: org.apache.logging.log4j.BridgeAware
13:23:46.543 [main] INFO org.evosuite.runtime.instrumentation.EvoClassLoader -- Keeping class: org.apache.logging.log4j.internal.DefaultLogBuilder
13:23:46.545 [main] INFO org.evosuite.runtime.instrumentation.EvoClassLoader -- Seeing class for first time: org.apache.logging.log4j.message.ParameterizedNoReferenceMessageFactory
13:23:46.545 [main] INFO org.evosuite.runtime.instrumentation.EvoClassLoader -- Instrumenting class 'org.apache.logging.log4j.message.ParameterizedNoReferenceMessageFactory'.
13:23:46.545 [main] INFO org.evosuite.runtime.instrumentation.MethodCallReplacementClassAdapter -- Adding mock interface to class org/apache/logging/log4j/message/ParameterizedNoReferenceMessageFactory
13:23:46.546 [main] INFO org.evosuite.runtime.instrumentation.CreateClassResetClassAdapter -- Found static initializer in class org/apache/logging/log4j/message/ParameterizedNoReferenceMessageFactory
13:23:46.546 [main] INFO org.evosuite.runtime.instrumentation.EvoClassLoader -- Keeping class: org.apache.logging.log4j.message.ParameterizedNoReferenceMessageFactory
13:23:46.546 [main] INFO org.evosuite.runtime.instrumentation.EvoClassLoader -- Seeing class for first time: org.apache.logging.log4j.status.SimpleLoggerFactory
13:23:46.546 [main] INFO org.evosuite.runtime.instrumentation.EvoClassLoader -- Instrumenting class 'org.apache.logging.log4j.status.SimpleLoggerFactory'.
13:23:46.547 [main] INFO org.evosuite.runtime.instrumentation.MethodCallReplacementClassAdapter -- Adding mock interface to class org/apache/logging/log4j/status/SimpleLoggerFactory
13:23:46.547 [main] INFO org.evosuite.runtime.instrumentation.CreateClassResetClassAdapter -- Found static initializer in class org/apache/logging/log4j/status/SimpleLoggerFactory
13:23:46.548 [main] INFO org.evosuite.runtime.instrumentation.EvoClassLoader -- Defined package (3): package org.apache.logging.log4j.status, -1599399381
13:23:46.548 [main] INFO org.evosuite.runtime.instrumentation.EvoClassLoader -- Keeping class: org.apache.logging.log4j.status.SimpleLoggerFactory
13:23:46.548 [main] INFO org.evosuite.runtime.instrumentation.EvoClassLoader -- Seeing class for first time: org.apache.logging.log4j.simple.SimpleLogger
13:23:46.549 [main] INFO org.evosuite.runtime.instrumentation.EvoClassLoader -- Instrumenting class 'org.apache.logging.log4j.simple.SimpleLogger'.
13:23:46.550 [main] INFO org.evosuite.runtime.instrumentation.MethodCallReplacementClassAdapter -- Adding mock interface to class org/apache/logging/log4j/simple/SimpleLogger
13:23:46.557 [main] INFO org.evosuite.runtime.instrumentation.CreateClassResetClassAdapter -- Creating brand-new static initializer in class org/apache/logging/log4j/simple/SimpleLogger
13:23:46.557 [main] INFO org.evosuite.runtime.instrumentation.CreateClassResetClassAdapter -- Adding bytecode for initializing field SPACE
13:23:46.558 [main] INFO org.evosuite.runtime.instrumentation.EvoClassLoader -- Defined package (3): package org.apache.logging.log4j.simple, -1609204757
13:23:46.559 [main] INFO org.evosuite.runtime.instrumentation.EvoClassLoader -- Keeping class: org.apache.logging.log4j.simple.SimpleLogger
13:23:46.560 [main] INFO org.evosuite.runtime.instrumentation.EvoClassLoader -- Seeing class for first time: org.apache.logging.log4j.message.ExitMessage
13:23:46.560 [main] INFO org.evosuite.runtime.instrumentation.EvoClassLoader -- Instrumenting class 'org.apache.logging.log4j.message.ExitMessage'.
13:23:46.561 [main] INFO org.evosuite.runtime.instrumentation.EvoClassLoader -- Keeping class: org.apache.logging.log4j.message.ExitMessage
13:23:46.563 [main] INFO org.evosuite.runtime.instrumentation.EvoClassLoader -- Seeing class for first time: org.apache.logging.log4j.status.StatusLogger$BoundedQueue
13:23:46.564 [main] INFO org.evosuite.runtime.instrumentation.EvoClassLoader -- Instrumenting class 'org.apache.logging.log4j.status.StatusLogger$BoundedQueue'.
13:23:46.565 [main] INFO org.evosuite.runtime.instrumentation.MethodCallReplacementClassAdapter -- Adding mock interface to class org/apache/logging/log4j/status/StatusLogger$BoundedQueue
13:23:46.566 [main] INFO org.evosuite.runtime.instrumentation.CreateClassResetClassAdapter -- Creating brand-new static initializer in class org/apache/logging/log4j/status/StatusLogger$BoundedQueue
13:23:46.567 [main] INFO org.evosuite.runtime.instrumentation.EvoClassLoader -- Keeping class: org.apache.logging.log4j.status.StatusLogger$BoundedQueue
13:23:46.567 [main] INFO org.evosuite.runtime.instrumentation.EvoClassLoader -- Seeing class for first time: org.apache.logging.log4j.status.StatusLogger
13:23:46.567 [main] INFO org.evosuite.runtime.instrumentation.EvoClassLoader -- Instrumenting class 'org.apache.logging.log4j.status.StatusLogger'.
13:23:46.569 [main] INFO org.evosuite.runtime.instrumentation.MethodCallReplacementClassAdapter -- Adding mock interface to class org/apache/logging/log4j/status/StatusLogger
13:23:46.573 [main] INFO org.evosuite.runtime.instrumentation.CreateClassResetClassAdapter -- Found static initializer in class org/apache/logging/log4j/status/StatusLogger
13:23:46.574 [main] INFO org.evosuite.runtime.instrumentation.EvoClassLoader -- Keeping class: org.apache.logging.log4j.status.StatusLogger
13:23:46.576 [main] INFO org.evosuite.runtime.instrumentation.EvoClassLoader -- Seeing class for first time: org.apache.logging.log4j.spi.StandardLevel
13:23:46.576 [main] INFO org.evosuite.runtime.instrumentation.EvoClassLoader -- Instrumenting class 'org.apache.logging.log4j.spi.StandardLevel'.
13:23:46.577 [main] INFO org.evosuite.runtime.instrumentation.MethodCallReplacementClassAdapter -- Adding mock interface to class org/apache/logging/log4j/spi/StandardLevel
13:23:46.578 [main] INFO org.evosuite.runtime.instrumentation.CreateClassResetClassAdapter -- Found static initializer in class org/apache/logging/log4j/spi/StandardLevel
13:23:46.579 [main] INFO org.evosuite.runtime.instrumentation.EvoClassLoader -- Keeping class: org.apache.logging.log4j.spi.StandardLevel
13:23:46.586 [main] INFO org.evosuite.runtime.instrumentation.EvoClassLoader -- Seeing class for first time: org.apache.logging.log4j.status.StatusListener
13:23:46.586 [main] INFO org.evosuite.runtime.instrumentation.EvoClassLoader -- Instrumenting class 'org.apache.logging.log4j.status.StatusListener'.
13:23:46.588 [main] INFO org.evosuite.runtime.instrumentation.EvoClassLoader -- Keeping class: org.apache.logging.log4j.status.StatusListener
13:23:46.635 [main] INFO org.evosuite.runtime.instrumentation.EvoClassLoader -- Seeing class for first time: org.apache.logging.log4j.util.ProviderUtil
13:23:46.635 [main] INFO org.evosuite.runtime.instrumentation.EvoClassLoader -- Instrumenting class 'org.apache.logging.log4j.util.ProviderUtil'.
13:23:46.637 [main] INFO org.evosuite.runtime.instrumentation.MethodCallReplacementClassAdapter -- Adding mock interface to class org/apache/logging/log4j/util/ProviderUtil
13:23:46.641 [main] INFO org.evosuite.runtime.instrumentation.CreateClassResetClassAdapter -- Found static initializer in class org/apache/logging/log4j/util/ProviderUtil
13:23:46.643 [main] INFO org.evosuite.runtime.instrumentation.EvoClassLoader -- Keeping class: org.apache.logging.log4j.util.ProviderUtil
13:23:46.644 [main] INFO org.evosuite.runtime.instrumentation.EvoClassLoader -- Seeing class for first time: org.apache.logging.log4j.spi.Provider
13:23:46.644 [main] INFO org.evosuite.runtime.instrumentation.EvoClassLoader -- Instrumenting class 'org.apache.logging.log4j.spi.Provider'.
13:23:46.645 [main] INFO org.evosuite.runtime.instrumentation.MethodCallReplacementClassAdapter -- Adding mock interface to class org/apache/logging/log4j/spi/Provider
13:23:46.649 [main] INFO org.evosuite.runtime.instrumentation.CreateClassResetClassAdapter -- Found static initializer in class org/apache/logging/log4j/spi/Provider
13:23:46.650 [main] INFO org.evosuite.runtime.instrumentation.EvoClassLoader -- Keeping class: org.apache.logging.log4j.spi.Provider
13:23:46.653 [main] INFO org.evosuite.runtime.instrumentation.EvoClassLoader -- Seeing class for first time: org.apache.logging.log4j.core.impl.Log4jProvider
13:23:46.653 [main] INFO org.evosuite.runtime.instrumentation.EvoClassLoader -- Instrumenting class 'org.apache.logging.log4j.core.impl.Log4jProvider'.
13:23:46.655 [main] INFO org.evosuite.runtime.instrumentation.MethodCallReplacementClassAdapter -- Adding mock interface to class org/apache/logging/log4j/core/impl/Log4jProvider
13:23:46.656 [main] INFO org.evosuite.runtime.instrumentation.CreateClassResetClassAdapter -- Creating brand-new static initializer in class org/apache/logging/log4j/core/impl/Log4jProvider
13:23:46.656 [main] INFO org.evosuite.runtime.instrumentation.EvoClassLoader -- Defined package (3): package org.apache.logging.log4j.core.impl, 1098069558
13:23:46.656 [main] INFO org.evosuite.runtime.instrumentation.EvoClassLoader -- Keeping class: org.apache.logging.log4j.core.impl.Log4jProvider
13:23:46.657 [main] INFO org.evosuite.runtime.instrumentation.EvoClassLoader -- Seeing class for first time: org.apache.logging.log4j.core.util.Constants
13:23:46.657 [main] INFO org.evosuite.runtime.instrumentation.EvoClassLoader -- Instrumenting class 'org.apache.logging.log4j.core.util.Constants'.
13:23:46.659 [main] INFO org.evosuite.runtime.instrumentation.MethodCallReplacementClassAdapter -- Adding mock interface to class org/apache/logging/log4j/core/util/Constants
13:23:46.660 [main] INFO org.evosuite.runtime.instrumentation.CreateClassResetClassAdapter -- Found static initializer in class org/apache/logging/log4j/core/util/Constants
13:23:46.661 [main] INFO org.evosuite.runtime.instrumentation.EvoClassLoader -- Defined package (3): package org.apache.logging.log4j.core.util, 1098433560
13:23:46.662 [main] INFO org.evosuite.runtime.instrumentation.EvoClassLoader -- Keeping class: org.apache.logging.log4j.core.util.Constants
13:23:46.667 [main] INFO org.evosuite.runtime.instrumentation.EvoClassLoader -- Seeing class for first time: org.apache.logging.log4j.core.impl.Log4jContextFactory
13:23:46.667 [main] INFO org.evosuite.runtime.instrumentation.EvoClassLoader -- Instrumenting class 'org.apache.logging.log4j.core.impl.Log4jContextFactory'.
13:23:46.669 [main] INFO org.evosuite.runtime.instrumentation.MethodCallReplacementClassAdapter -- Adding mock interface to class org/apache/logging/log4j/core/impl/Log4jContextFactory
13:23:46.689 [main] INFO org.evosuite.runtime.instrumentation.CreateClassResetClassAdapter -- Found static initializer in class org/apache/logging/log4j/core/impl/Log4jContextFactory
13:23:46.691 [main] INFO org.evosuite.runtime.instrumentation.EvoClassLoader -- Seeing class for first time: org.apache.logging.log4j.spi.LoggerContextFactory
13:23:46.691 [main] INFO org.evosuite.runtime.instrumentation.EvoClassLoader -- Instrumenting class 'org.apache.logging.log4j.spi.LoggerContextFactory'.
13:23:46.693 [main] INFO org.evosuite.runtime.instrumentation.EvoClassLoader -- Keeping class: org.apache.logging.log4j.spi.LoggerContextFactory
13:23:46.694 [main] INFO org.evosuite.runtime.instrumentation.EvoClassLoader -- Seeing class for first time: org.apache.logging.log4j.core.util.ShutdownCallbackRegistry
13:23:46.694 [main] INFO org.evosuite.runtime.instrumentation.EvoClassLoader -- Instrumenting class 'org.apache.logging.log4j.core.util.ShutdownCallbackRegistry'.
13:23:46.694 [main] INFO org.evosuite.runtime.instrumentation.EvoClassLoader -- Keeping class: org.apache.logging.log4j.core.util.ShutdownCallbackRegistry
13:23:46.695 [main] INFO org.evosuite.runtime.instrumentation.EvoClassLoader -- Keeping class: org.apache.logging.log4j.core.impl.Log4jContextFactory
13:23:46.695 [main] INFO org.evosuite.runtime.instrumentation.EvoClassLoader -- Seeing class for first time: org.apache.logging.log4j.core.selector.ContextSelector
13:23:46.695 [main] INFO org.evosuite.runtime.instrumentation.EvoClassLoader -- Instrumenting class 'org.apache.logging.log4j.core.selector.ContextSelector'.
13:23:46.696 [main] INFO org.evosuite.runtime.instrumentation.EvoClassLoader -- Defined package (3): package org.apache.logging.log4j.core.selector, -1401697035
13:23:46.696 [main] INFO org.evosuite.runtime.instrumentation.EvoClassLoader -- Keeping class: org.apache.logging.log4j.core.selector.ContextSelector
13:23:46.697 [main] INFO org.evosuite.runtime.instrumentation.EvoClassLoader -- Seeing class for first time: org.apache.logging.log4j.core.config.Configuration
13:23:46.697 [main] INFO org.evosuite.runtime.instrumentation.EvoClassLoader -- Instrumenting class 'org.apache.logging.log4j.core.config.Configuration'.
13:23:46.698 [main] INFO org.evosuite.runtime.instrumentation.EvoClassLoader -- Defined package (3): package org.apache.logging.log4j.core.config, -1487099432
13:23:46.699 [main] INFO org.evosuite.runtime.instrumentation.EvoClassLoader -- Seeing class for first time: org.apache.logging.log4j.core.filter.Filterable
13:23:46.699 [main] INFO org.evosuite.runtime.instrumentation.EvoClassLoader -- Instrumenting class 'org.apache.logging.log4j.core.filter.Filterable'.
13:23:46.700 [main] INFO org.evosuite.runtime.instrumentation.EvoClassLoader -- Defined package (3): package org.apache.logging.log4j.core.filter, -1406799346
13:23:46.701 [main] INFO org.evosuite.runtime.instrumentation.EvoClassLoader -- Seeing class for first time: org.apache.logging.log4j.core.LifeCycle
13:23:46.701 [main] INFO org.evosuite.runtime.instrumentation.EvoClassLoader -- Instrumenting class 'org.apache.logging.log4j.core.LifeCycle'.
13:23:46.702 [main] INFO org.evosuite.runtime.instrumentation.EvoClassLoader -- Defined package (3): package org.apache.logging.log4j.core, -551865320
13:23:46.703 [main] INFO org.evosuite.runtime.instrumentation.EvoClassLoader -- Keeping class: org.apache.logging.log4j.core.LifeCycle
13:23:46.703 [main] INFO org.evosuite.runtime.instrumentation.EvoClassLoader -- Keeping class: org.apache.logging.log4j.core.filter.Filterable
13:23:46.703 [main] INFO org.evosuite.runtime.instrumentation.EvoClassLoader -- Keeping class: org.apache.logging.log4j.core.config.Configuration
13:23:46.704 [main] INFO org.evosuite.runtime.instrumentation.EvoClassLoader -- Seeing class for first time: org.apache.logging.log4j.core.util.Cancellable
13:23:46.704 [main] INFO org.evosuite.runtime.instrumentation.EvoClassLoader -- Instrumenting class 'org.apache.logging.log4j.core.util.Cancellable'.
13:23:46.705 [main] INFO org.evosuite.runtime.instrumentation.EvoClassLoader -- Keeping class: org.apache.logging.log4j.core.util.Cancellable
13:23:46.706 [main] INFO org.evosuite.runtime.instrumentation.EvoClassLoader -- Seeing class for first time: org.apache.logging.log4j.core.config.ConfigurationSource
13:23:46.706 [main] INFO org.evosuite.runtime.instrumentation.EvoClassLoader -- Instrumenting class 'org.apache.logging.log4j.core.config.ConfigurationSource'.
13:23:46.707 [main] INFO org.evosuite.runtime.instrumentation.MethodCallReplacementClassAdapter -- Adding mock interface to class org/apache/logging/log4j/core/config/ConfigurationSource
13:23:46.717 [main] INFO org.evosuite.runtime.instrumentation.CreateClassResetClassAdapter -- Found static initializer in class org/apache/logging/log4j/core/config/ConfigurationSource
13:23:46.718 [main] INFO org.evosuite.runtime.instrumentation.EvoClassLoader -- Keeping class: org.apache.logging.log4j.core.config.ConfigurationSource
13:23:46.718 [main] INFO org.evosuite.runtime.instrumentation.EvoClassLoader -- Seeing class for first time: org.apache.logging.log4j.core.LoggerContext
13:23:46.718 [main] INFO org.evosuite.runtime.instrumentation.EvoClassLoader -- Instrumenting class 'org.apache.logging.log4j.core.LoggerContext'.
13:23:46.719 [main] INFO org.evosuite.runtime.instrumentation.MethodCallReplacementClassAdapter -- Adding mock interface to class org/apache/logging/log4j/core/LoggerContext
13:23:46.730 [main] INFO org.evosuite.runtime.instrumentation.CreateClassResetClassAdapter -- Found static initializer in class org/apache/logging/log4j/core/LoggerContext
13:23:46.731 [main] INFO org.evosuite.runtime.instrumentation.EvoClassLoader -- Seeing class for first time: org.apache.logging.log4j.spi.Terminable
13:23:46.731 [main] INFO org.evosuite.runtime.instrumentation.EvoClassLoader -- Instrumenting class 'org.apache.logging.log4j.spi.Terminable'.
13:23:46.733 [main] INFO org.evosuite.runtime.instrumentation.EvoClassLoader -- Keeping class: org.apache.logging.log4j.spi.Terminable
13:23:46.733 [main] INFO org.evosuite.runtime.instrumentation.EvoClassLoader -- Seeing class for first time: org.apache.logging.log4j.core.config.ConfigurationListener
13:23:46.733 [main] INFO org.evosuite.runtime.instrumentation.EvoClassLoader -- Instrumenting class 'org.apache.logging.log4j.core.config.ConfigurationListener'.
13:23:46.735 [main] INFO org.evosuite.runtime.instrumentation.EvoClassLoader -- Keeping class: org.apache.logging.log4j.core.config.ConfigurationListener
13:23:46.735 [main] INFO org.evosuite.runtime.instrumentation.EvoClassLoader -- Seeing class for first time: org.apache.logging.log4j.spi.LoggerContextShutdownEnabled
13:23:46.735 [main] INFO org.evosuite.runtime.instrumentation.EvoClassLoader -- Instrumenting class 'org.apache.logging.log4j.spi.LoggerContextShutdownEnabled'.
13:23:46.737 [main] INFO org.evosuite.runtime.instrumentation.EvoClassLoader -- Keeping class: org.apache.logging.log4j.spi.LoggerContextShutdownEnabled
13:23:46.738 [main] INFO org.evosuite.runtime.instrumentation.EvoClassLoader -- Seeing class for first time: org.apache.logging.log4j.core.AbstractLifeCycle
13:23:46.738 [main] INFO org.evosuite.runtime.instrumentation.EvoClassLoader -- Instrumenting class 'org.apache.logging.log4j.core.AbstractLifeCycle'.
13:23:46.739 [main] INFO org.evosuite.runtime.instrumentation.MethodCallReplacementClassAdapter -- Adding mock interface to class org/apache/logging/log4j/core/AbstractLifeCycle
13:23:46.741 [main] INFO org.evosuite.runtime.instrumentation.CreateClassResetClassAdapter -- Found static initializer in class org/apache/logging/log4j/core/AbstractLifeCycle
13:23:46.742 [main] INFO org.evosuite.runtime.instrumentation.EvoClassLoader -- Seeing class for first time: org.apache.logging.log4j.core.LifeCycle2
13:23:46.743 [main] INFO org.evosuite.runtime.instrumentation.EvoClassLoader -- Instrumenting class 'org.apache.logging.log4j.core.LifeCycle2'.
13:23:46.745 [main] INFO org.evosuite.runtime.instrumentation.EvoClassLoader -- Keeping class: org.apache.logging.log4j.core.LifeCycle2
13:23:46.745 [main] INFO org.evosuite.runtime.instrumentation.EvoClassLoader -- Keeping class: org.apache.logging.log4j.core.AbstractLifeCycle
13:23:46.746 [main] INFO org.evosuite.runtime.instrumentation.EvoClassLoader -- Keeping class: org.apache.logging.log4j.core.LoggerContext
13:23:46.748 [main] INFO org.evosuite.runtime.instrumentation.EvoClassLoader -- Seeing class for first time: org.apache.logging.log4j.core.util.Loader
13:23:46.749 [main] INFO org.evosuite.runtime.instrumentation.EvoClassLoader -- Instrumenting class 'org.apache.logging.log4j.core.util.Loader'.
13:23:46.751 [main] INFO org.evosuite.runtime.instrumentation.MethodCallReplacementClassAdapter -- Adding mock interface to class org/apache/logging/log4j/core/util/Loader
13:23:46.755 [main] INFO org.evosuite.runtime.instrumentation.CreateClassResetClassAdapter -- Found static initializer in class org/apache/logging/log4j/core/util/Loader
13:23:46.756 [main] INFO org.evosuite.runtime.instrumentation.EvoClassLoader -- Keeping class: org.apache.logging.log4j.core.util.Loader
13:23:46.758 [main] INFO org.evosuite.runtime.instrumentation.EvoClassLoader -- Seeing class for first time: org.apache.logging.log4j.core.selector.ClassLoaderContextSelector
13:23:46.758 [main] INFO org.evosuite.runtime.instrumentation.EvoClassLoader -- Instrumenting class 'org.apache.logging.log4j.core.selector.ClassLoaderContextSelector'.
13:23:46.760 [main] INFO org.evosuite.runtime.instrumentation.MethodCallReplacementClassAdapter -- Adding mock interface to class org/apache/logging/log4j/core/selector/ClassLoaderContextSelector
13:23:46.763 [main] INFO org.evosuite.runtime.instrumentation.CreateClassResetClassAdapter -- Found static initializer in class org/apache/logging/log4j/core/selector/ClassLoaderContextSelector
13:23:46.765 [main] INFO org.evosuite.runtime.instrumentation.EvoClassLoader -- Keeping class: org.apache.logging.log4j.core.selector.ClassLoaderContextSelector
13:23:46.768 [main] INFO org.evosuite.runtime.instrumentation.EvoClassLoader -- Seeing class for first time: org.apache.logging.log4j.core.util.DefaultShutdownCallbackRegistry
13:23:46.769 [main] INFO org.evosuite.runtime.instrumentation.EvoClassLoader -- Instrumenting class 'org.apache.logging.log4j.core.util.DefaultShutdownCallbackRegistry'.
13:23:46.770 [main] INFO org.evosuite.runtime.instrumentation.MethodCallReplacementClassAdapter -- Adding mock interface to class org/apache/logging/log4j/core/util/DefaultShutdownCallbackRegistry
13:23:46.777 [main] INFO org.evosuite.runtime.instrumentation.CreateClassResetClassAdapter -- Found static initializer in class org/apache/logging/log4j/core/util/DefaultShutdownCallbackRegistry
13:23:46.778 [main] INFO org.evosuite.runtime.instrumentation.EvoClassLoader -- Keeping class: org.apache.logging.log4j.core.util.DefaultShutdownCallbackRegistry
13:23:46.779 [main] INFO org.evosuite.runtime.instrumentation.EvoClassLoader -- Seeing class for first time: org.apache.logging.log4j.core.LifeCycle$State
13:23:46.779 [main] INFO org.evosuite.runtime.instrumentation.EvoClassLoader -- Instrumenting class 'org.apache.logging.log4j.core.LifeCycle$State'.
13:23:46.781 [main] INFO org.evosuite.runtime.instrumentation.MethodCallReplacementClassAdapter -- Adding mock interface to class org/apache/logging/log4j/core/LifeCycle$State
13:23:46.782 [main] INFO org.evosuite.runtime.instrumentation.CreateClassResetClassAdapter -- Found static initializer in class org/apache/logging/log4j/core/LifeCycle$State
13:23:46.783 [main] INFO org.evosuite.runtime.instrumentation.EvoClassLoader -- Keeping class: org.apache.logging.log4j.core.LifeCycle$State
13:23:46.785 [main] INFO org.evosuite.runtime.instrumentation.EvoClassLoader -- Seeing class for first time: org.apache.logging.log4j.internal.LogManagerStatus
13:23:46.785 [main] INFO org.evosuite.runtime.instrumentation.EvoClassLoader -- Instrumenting class 'org.apache.logging.log4j.internal.LogManagerStatus'.
13:23:46.786 [main] INFO org.evosuite.runtime.instrumentation.MethodCallReplacementClassAdapter -- Adding mock interface to class org/apache/logging/log4j/internal/LogManagerStatus
13:23:46.787 [main] INFO org.evosuite.runtime.instrumentation.CreateClassResetClassAdapter -- Found static initializer in class org/apache/logging/log4j/internal/LogManagerStatus
13:23:46.788 [main] INFO org.evosuite.runtime.instrumentation.EvoClassLoader -- Keeping class: org.apache.logging.log4j.internal.LogManagerStatus
13:23:46.789 [main] INFO org.evosuite.runtime.instrumentation.EvoClassLoader -- Seeing class for first time: org.apache.logging.log4j.LogManager
13:23:46.789 [main] INFO org.evosuite.runtime.instrumentation.EvoClassLoader -- Instrumenting class 'org.apache.logging.log4j.LogManager'.
13:23:46.791 [main] INFO org.evosuite.runtime.instrumentation.MethodCallReplacementClassAdapter -- Adding mock interface to class org/apache/logging/log4j/LogManager
13:23:46.795 [main] INFO org.evosuite.runtime.instrumentation.CreateClassResetClassAdapter -- Found static initializer in class org/apache/logging/log4j/LogManager
13:23:46.798 [main] INFO org.evosuite.runtime.instrumentation.EvoClassLoader -- Keeping class: org.apache.logging.log4j.LogManager
13:23:46.813 [main] INFO org.evosuite.runtime.instrumentation.EvoClassLoader -- Seeing class for first time: org.apache.logging.log4j.util.StackLocator
13:23:46.813 [main] INFO org.evosuite.runtime.instrumentation.EvoClassLoader -- Instrumenting class 'org.apache.logging.log4j.util.StackLocator'.
13:23:46.815 [main] INFO org.evosuite.runtime.instrumentation.MethodCallReplacementClassAdapter -- Adding mock interface to class org/apache/logging/log4j/util/StackLocator
13:23:46.823 [main] INFO org.evosuite.runtime.instrumentation.CreateClassResetClassAdapter -- Found static initializer in class org/apache/logging/log4j/util/StackLocator
13:23:46.829 [main] INFO org.evosuite.runtime.instrumentation.EvoClassLoader -- Keeping class: org.apache.logging.log4j.util.StackLocator
13:23:46.832 [main] INFO org.evosuite.runtime.instrumentation.EvoClassLoader -- Seeing class for first time: org.apache.logging.log4j.util.StackLocatorUtil
13:23:46.832 [main] INFO org.evosuite.runtime.instrumentation.EvoClassLoader -- Instrumenting class 'org.apache.logging.log4j.util.StackLocatorUtil'.
13:23:46.834 [main] INFO org.evosuite.runtime.instrumentation.MethodCallReplacementClassAdapter -- Adding mock interface to class org/apache/logging/log4j/util/StackLocatorUtil
13:23:46.836 [main] INFO org.evosuite.runtime.instrumentation.CreateClassResetClassAdapter -- Found static initializer in class org/apache/logging/log4j/util/StackLocatorUtil
13:23:46.837 [main] INFO org.evosuite.runtime.instrumentation.EvoClassLoader -- Keeping class: org.apache.logging.log4j.util.StackLocatorUtil
13:23:46.841 [main] INFO org.evosuite.runtime.instrumentation.EvoClassLoader -- Seeing class for first time: org.apache.logging.log4j.core.filter.AbstractFilterable
13:23:46.841 [main] INFO org.evosuite.runtime.instrumentation.EvoClassLoader -- Instrumenting class 'org.apache.logging.log4j.core.filter.AbstractFilterable'.
13:23:46.843 [main] INFO org.evosuite.runtime.instrumentation.MethodCallReplacementClassAdapter -- Adding mock interface to class org/apache/logging/log4j/core/filter/AbstractFilterable
13:23:46.846 [main] INFO org.evosuite.runtime.instrumentation.CreateClassResetClassAdapter -- Creating brand-new static initializer in class org/apache/logging/log4j/core/filter/AbstractFilterable
13:23:46.847 [main] INFO org.evosuite.runtime.instrumentation.EvoClassLoader -- Keeping class: org.apache.logging.log4j.core.filter.AbstractFilterable
13:23:46.848 [main] INFO org.evosuite.runtime.instrumentation.EvoClassLoader -- Seeing class for first time: org.apache.logging.log4j.core.Filter
13:23:46.848 [main] INFO org.evosuite.runtime.instrumentation.EvoClassLoader -- Instrumenting class 'org.apache.logging.log4j.core.Filter'.
13:23:46.851 [main] INFO org.evosuite.runtime.instrumentation.EvoClassLoader -- Keeping class: org.apache.logging.log4j.core.Filter
13:23:46.852 [main] INFO org.evosuite.runtime.instrumentation.EvoClassLoader -- Seeing class for first time: org.apache.logging.log4j.core.LogEvent
13:23:46.852 [main] INFO org.evosuite.runtime.instrumentation.EvoClassLoader -- Instrumenting class 'org.apache.logging.log4j.core.LogEvent'.
13:23:46.854 [main] INFO org.evosuite.runtime.instrumentation.EvoClassLoader -- Keeping class: org.apache.logging.log4j.core.LogEvent
13:23:46.854 [main] INFO org.evosuite.runtime.instrumentation.EvoClassLoader -- Seeing class for first time: org.apache.logging.log4j.core.config.Property
13:23:46.855 [main] INFO org.evosuite.runtime.instrumentation.EvoClassLoader -- Instrumenting class 'org.apache.logging.log4j.core.config.Property'.
13:23:46.856 [main] INFO org.evosuite.runtime.instrumentation.MethodCallReplacementClassAdapter -- Adding mock interface to class org/apache/logging/log4j/core/config/Property
13:23:46.861 [main] INFO org.evosuite.runtime.instrumentation.CreateClassResetClassAdapter -- Found static initializer in class org/apache/logging/log4j/core/config/Property
13:23:46.862 [main] INFO org.evosuite.runtime.instrumentation.EvoClassLoader -- Keeping class: org.apache.logging.log4j.core.config.Property
13:23:46.862 [main] INFO org.evosuite.runtime.instrumentation.EvoClassLoader -- Seeing class for first time: org.apache.logging.log4j.core.config.AbstractConfiguration
13:23:46.863 [main] INFO org.evosuite.runtime.instrumentation.EvoClassLoader -- Instrumenting class 'org.apache.logging.log4j.core.config.AbstractConfiguration'.
13:23:46.866 [main] INFO org.evosuite.runtime.instrumentation.MethodCallReplacementClassAdapter -- Adding mock interface to class org/apache/logging/log4j/core/config/AbstractConfiguration
13:23:46.888 [main] INFO org.evosuite.runtime.instrumentation.CreateClassResetClassAdapter -- Creating brand-new static initializer in class org/apache/logging/log4j/core/config/AbstractConfiguration
13:23:46.888 [main] INFO org.evosuite.runtime.instrumentation.CreateClassResetClassAdapter -- Adding bytecode for initializing field BUF_SIZE
13:23:46.890 [main] INFO org.evosuite.runtime.instrumentation.EvoClassLoader -- Keeping class: org.apache.logging.log4j.core.config.AbstractConfiguration
13:23:46.891 [main] INFO org.evosuite.runtime.instrumentation.EvoClassLoader -- Seeing class for first time: org.apache.logging.log4j.core.lookup.StrSubstitutor
13:23:46.891 [main] INFO org.evosuite.runtime.instrumentation.EvoClassLoader -- Instrumenting class 'org.apache.logging.log4j.core.lookup.StrSubstitutor'.
13:23:46.893 [main] INFO org.evosuite.runtime.instrumentation.MethodCallReplacementClassAdapter -- Adding mock interface to class org/apache/logging/log4j/core/lookup/StrSubstitutor
13:23:46.905 [main] INFO org.evosuite.runtime.instrumentation.CreateClassResetClassAdapter -- Found static initializer in class org/apache/logging/log4j/core/lookup/StrSubstitutor
13:23:46.907 [main] INFO org.evosuite.runtime.instrumentation.EvoClassLoader -- Defined package (3): package org.apache.logging.log4j.core.lookup, -1229402096
13:23:46.908 [main] INFO org.evosuite.runtime.instrumentation.EvoClassLoader -- Seeing class for first time: org.apache.logging.log4j.core.config.ConfigurationAware
13:23:46.909 [main] INFO org.evosuite.runtime.instrumentation.EvoClassLoader -- Instrumenting class 'org.apache.logging.log4j.core.config.ConfigurationAware'.
13:23:46.911 [main] INFO org.evosuite.runtime.instrumentation.EvoClassLoader -- Keeping class: org.apache.logging.log4j.core.config.ConfigurationAware
13:23:46.911 [main] INFO org.evosuite.runtime.instrumentation.EvoClassLoader -- Keeping class: org.apache.logging.log4j.core.lookup.StrSubstitutor
13:23:46.911 [main] INFO org.evosuite.runtime.instrumentation.EvoClassLoader -- Seeing class for first time: org.apache.logging.log4j.core.lookup.ConfigurationStrSubstitutor
13:23:46.912 [main] INFO org.evosuite.runtime.instrumentation.EvoClassLoader -- Instrumenting class 'org.apache.logging.log4j.core.lookup.ConfigurationStrSubstitutor'.
13:23:46.913 [main] INFO org.evosuite.runtime.instrumentation.MethodCallReplacementClassAdapter -- Adding mock interface to class org/apache/logging/log4j/core/lookup/ConfigurationStrSubstitutor
13:23:46.914 [main] INFO org.evosuite.runtime.instrumentation.CreateClassResetClassAdapter -- Creating brand-new static initializer in class org/apache/logging/log4j/core/lookup/ConfigurationStrSubstitutor
13:23:46.915 [main] INFO org.evosuite.runtime.instrumentation.EvoClassLoader -- Keeping class: org.apache.logging.log4j.core.lookup.ConfigurationStrSubstitutor
13:23:46.915 [main] INFO org.evosuite.runtime.instrumentation.EvoClassLoader -- Seeing class for first time: org.apache.logging.log4j.core.lookup.StrLookup
13:23:46.915 [main] INFO org.evosuite.runtime.instrumentation.EvoClassLoader -- Instrumenting class 'org.apache.logging.log4j.core.lookup.StrLookup'.
13:23:46.918 [main] INFO org.evosuite.runtime.instrumentation.EvoClassLoader -- Keeping class: org.apache.logging.log4j.core.lookup.StrLookup
13:23:46.919 [main] INFO org.evosuite.runtime.instrumentation.EvoClassLoader -- Seeing class for first time: org.apache.logging.log4j.core.async.AsyncLoggerConfigDelegate
13:23:46.919 [main] INFO org.evosuite.runtime.instrumentation.EvoClassLoader -- Instrumenting class 'org.apache.logging.log4j.core.async.AsyncLoggerConfigDelegate'.
13:23:46.921 [main] INFO org.evosuite.runtime.instrumentation.EvoClassLoader -- Defined package (3): package org.apache.logging.log4j.core.async, -326782682
13:23:46.921 [main] INFO org.evosuite.runtime.instrumentation.EvoClassLoader -- Keeping class: org.apache.logging.log4j.core.async.AsyncLoggerConfigDelegate
13:23:46.921 [main] INFO org.evosuite.runtime.instrumentation.EvoClassLoader -- Seeing class for first time: org.apache.logging.log4j.core.util.Watcher
13:23:46.921 [main] INFO org.evosuite.runtime.instrumentation.EvoClassLoader -- Instrumenting class 'org.apache.logging.log4j.core.util.Watcher'.
13:23:46.924 [main] INFO org.evosuite.runtime.instrumentation.EvoClassLoader -- Keeping class: org.apache.logging.log4j.core.util.Watcher
13:23:46.924 [main] INFO org.evosuite.runtime.instrumentation.EvoClassLoader -- Seeing class for first time: org.apache.logging.log4j.core.Layout
13:23:46.925 [main] INFO org.evosuite.runtime.instrumentation.EvoClassLoader -- Instrumenting class 'org.apache.logging.log4j.core.Layout'.
13:23:46.926 [main] INFO org.evosuite.runtime.instrumentation.EvoClassLoader -- Seeing class for first time: org.apache.logging.log4j.core.layout.Encoder
13:23:46.927 [main] INFO org.evosuite.runtime.instrumentation.EvoClassLoader -- Instrumenting class 'org.apache.logging.log4j.core.layout.Encoder'.
13:23:46.928 [main] INFO org.evosuite.runtime.instrumentation.EvoClassLoader -- Defined package (3): package org.apache.logging.log4j.core.layout, -1242029632
13:23:46.929 [main] INFO org.evosuite.runtime.instrumentation.EvoClassLoader -- Keeping class: org.apache.logging.log4j.core.layout.Encoder
13:23:46.929 [main] INFO org.evosuite.runtime.instrumentation.EvoClassLoader -- Keeping class: org.apache.logging.log4j.core.Layout
13:23:46.929 [main] INFO org.evosuite.runtime.instrumentation.EvoClassLoader -- Seeing class for first time: org.apache.logging.log4j.core.Appender
13:23:46.929 [main] INFO org.evosuite.runtime.instrumentation.EvoClassLoader -- Instrumenting class 'org.apache.logging.log4j.core.Appender'.
13:23:46.931 [main] INFO org.evosuite.runtime.instrumentation.EvoClassLoader -- Keeping class: org.apache.logging.log4j.core.Appender
13:23:46.931 [main] INFO org.evosuite.runtime.instrumentation.EvoClassLoader -- Seeing class for first time: org.apache.logging.log4j.core.net.Advertiser
13:23:46.931 [main] INFO org.evosuite.runtime.instrumentation.EvoClassLoader -- Instrumenting class 'org.apache.logging.log4j.core.net.Advertiser'.
13:23:46.933 [main] INFO org.evosuite.runtime.instrumentation.EvoClassLoader -- Defined package (3): package org.apache.logging.log4j.core.net, -1211499833
13:23:46.933 [main] INFO org.evosuite.runtime.instrumentation.EvoClassLoader -- Keeping class: org.apache.logging.log4j.core.net.Advertiser
13:23:46.933 [main] INFO org.evosuite.runtime.instrumentation.EvoClassLoader -- Seeing class for first time: org.apache.logging.log4j.core.lookup.RuntimeStrSubstitutor
13:23:46.933 [main] INFO org.evosuite.runtime.instrumentation.EvoClassLoader -- Instrumenting class 'org.apache.logging.log4j.core.lookup.RuntimeStrSubstitutor'.
13:23:46.935 [main] INFO org.evosuite.runtime.instrumentation.MethodCallReplacementClassAdapter -- Adding mock interface to class org/apache/logging/log4j/core/lookup/RuntimeStrSubstitutor
13:23:46.936 [main] INFO org.evosuite.runtime.instrumentation.CreateClassResetClassAdapter -- Creating brand-new static initializer in class org/apache/logging/log4j/core/lookup/RuntimeStrSubstitutor
13:23:46.937 [main] INFO org.evosuite.runtime.instrumentation.EvoClassLoader -- Keeping class: org.apache.logging.log4j.core.lookup.RuntimeStrSubstitutor
13:23:46.937 [main] INFO org.evosuite.runtime.instrumentation.EvoClassLoader -- Seeing class for first time: org.apache.logging.log4j.core.util.NanoClock
13:23:46.937 [main] INFO org.evosuite.runtime.instrumentation.EvoClassLoader -- Instrumenting class 'org.apache.logging.log4j.core.util.NanoClock'.
13:23:46.940 [main] INFO org.evosuite.runtime.instrumentation.EvoClassLoader -- Keeping class: org.apache.logging.log4j.core.util.NanoClock
13:23:46.941 [main] INFO org.evosuite.runtime.instrumentation.EvoClassLoader -- Seeing class for first time: org.apache.logging.log4j.core.config.LoggerConfig
13:23:46.941 [main] INFO org.evosuite.runtime.instrumentation.EvoClassLoader -- Instrumenting class 'org.apache.logging.log4j.core.config.LoggerConfig'.
13:23:46.943 [main] INFO org.evosuite.runtime.instrumentation.MethodCallReplacementClassAdapter -- Adding mock interface to class org/apache/logging/log4j/core/config/LoggerConfig
13:23:46.951 [main] INFO org.evosuite.runtime.instrumentation.CreateClassResetClassAdapter -- Found static initializer in class org/apache/logging/log4j/core/config/LoggerConfig
13:23:46.954 [main] INFO org.evosuite.runtime.instrumentation.EvoClassLoader -- Seeing class for first time: org.apache.logging.log4j.core.impl.LocationAware
13:23:46.954 [main] INFO org.evosuite.runtime.instrumentation.EvoClassLoader -- Instrumenting class 'org.apache.logging.log4j.core.impl.LocationAware'.
13:23:46.956 [main] INFO org.evosuite.runtime.instrumentation.EvoClassLoader -- Keeping class: org.apache.logging.log4j.core.impl.LocationAware
13:23:46.957 [main] INFO org.evosuite.runtime.instrumentation.EvoClassLoader -- Keeping class: org.apache.logging.log4j.core.config.LoggerConfig
13:23:46.957 [main] INFO org.evosuite.runtime.instrumentation.EvoClassLoader -- Seeing class for first time: org.apache.logging.log4j.core.Logger
13:23:46.957 [main] INFO org.evosuite.runtime.instrumentation.EvoClassLoader -- Instrumenting class 'org.apache.logging.log4j.core.Logger'.
13:23:46.958 [main] INFO org.evosuite.runtime.instrumentation.MethodCallReplacementClassAdapter -- Adding mock interface to class org/apache/logging/log4j/core/Logger
13:23:46.963 [main] INFO org.evosuite.runtime.instrumentation.CreateClassResetClassAdapter -- Creating brand-new static initializer in class org/apache/logging/log4j/core/Logger
13:23:46.965 [main] INFO org.evosuite.runtime.instrumentation.EvoClassLoader -- Keeping class: org.apache.logging.log4j.core.Logger
13:23:46.965 [main] INFO org.evosuite.runtime.instrumentation.EvoClassLoader -- Seeing class for first time: org.apache.logging.log4j.core.config.Node
13:23:46.965 [main] INFO org.evosuite.runtime.instrumentation.EvoClassLoader -- Instrumenting class 'org.apache.logging.log4j.core.config.Node'.
13:23:46.966 [main] INFO org.evosuite.runtime.instrumentation.MethodCallReplacementClassAdapter -- Adding mock interface to class org/apache/logging/log4j/core/config/Node
13:23:46.969 [main] INFO org.evosuite.runtime.instrumentation.CreateClassResetClassAdapter -- Creating brand-new static initializer in class org/apache/logging/log4j/core/config/Node
13:23:46.969 [main] INFO org.evosuite.runtime.instrumentation.CreateClassResetClassAdapter -- Adding bytecode for initializing field CATEGORY
13:23:46.970 [main] INFO org.evosuite.runtime.instrumentation.EvoClassLoader -- Keeping class: org.apache.logging.log4j.core.config.Node
13:23:46.970 [main] INFO org.evosuite.runtime.instrumentation.EvoClassLoader -- Seeing class for first time: org.apache.logging.log4j.core.config.ConfigurationScheduler
13:23:46.970 [main] INFO org.evosuite.runtime.instrumentation.EvoClassLoader -- Instrumenting class 'org.apache.logging.log4j.core.config.ConfigurationScheduler'.
13:23:46.971 [main] INFO org.evosuite.runtime.instrumentation.MethodCallReplacementClassAdapter -- Adding mock interface to class org/apache/logging/log4j/core/config/ConfigurationScheduler
13:23:46.975 [main] INFO org.evosuite.runtime.instrumentation.CreateClassResetClassAdapter -- Found static initializer in class org/apache/logging/log4j/core/config/ConfigurationScheduler
13:23:46.976 [main] INFO org.evosuite.runtime.instrumentation.EvoClassLoader -- Keeping class: org.apache.logging.log4j.core.config.ConfigurationScheduler
13:23:46.976 [main] INFO org.evosuite.runtime.instrumentation.EvoClassLoader -- Seeing class for first time: org.apache.logging.log4j.core.script.ScriptManager
13:23:46.976 [main] INFO org.evosuite.runtime.instrumentation.EvoClassLoader -- Instrumenting class 'org.apache.logging.log4j.core.script.ScriptManager'.
13:23:46.977 [main] INFO org.evosuite.runtime.instrumentation.MethodCallReplacementClassAdapter -- Adding mock interface to class org/apache/logging/log4j/core/script/ScriptManager
13:23:46.978 [main] INFO org.evosuite.runtime.instrumentation.CreateClassResetClassAdapter -- Found static initializer in class org/apache/logging/log4j/core/script/ScriptManager
13:23:46.978 [main] INFO org.evosuite.runtime.instrumentation.EvoClassLoader -- Defined package (3): package org.apache.logging.log4j.core.script, -1039992991
13:23:46.979 [main] INFO org.evosuite.runtime.instrumentation.EvoClassLoader -- Seeing class for first time: org.apache.logging.log4j.core.util.FileWatcher
13:23:46.979 [main] INFO org.evosuite.runtime.instrumentation.EvoClassLoader -- Instrumenting class 'org.apache.logging.log4j.core.util.FileWatcher'.
13:23:46.980 [main] INFO org.evosuite.runtime.instrumentation.EvoClassLoader -- Keeping class: org.apache.logging.log4j.core.util.FileWatcher
13:23:46.980 [main] INFO org.evosuite.runtime.instrumentation.EvoClassLoader -- Keeping class: org.apache.logging.log4j.core.script.ScriptManager
13:23:46.980 [main] INFO org.evosuite.runtime.instrumentation.EvoClassLoader -- Seeing class for first time: org.apache.logging.log4j.core.async.AsyncWaitStrategyFactory
13:23:46.980 [main] INFO org.evosuite.runtime.instrumentation.EvoClassLoader -- Instrumenting class 'org.apache.logging.log4j.core.async.AsyncWaitStrategyFactory'.
13:23:46.981 [main] INFO org.evosuite.runtime.instrumentation.EvoClassLoader -- Keeping class: org.apache.logging.log4j.core.async.AsyncWaitStrategyFactory
13:23:46.981 [main] INFO org.evosuite.runtime.instrumentation.EvoClassLoader -- Seeing class for first time: org.apache.logging.log4j.core.util.WatchManager
13:23:46.981 [main] INFO org.evosuite.runtime.instrumentation.EvoClassLoader -- Instrumenting class 'org.apache.logging.log4j.core.util.WatchManager'.
13:23:46.982 [main] INFO org.evosuite.runtime.instrumentation.MethodCallReplacementClassAdapter -- Adding mock interface to class org/apache/logging/log4j/core/util/WatchManager
13:23:46.984 [main] INFO org.evosuite.runtime.instrumentation.CreateClassResetClassAdapter -- Found static initializer in class org/apache/logging/log4j/core/util/WatchManager
13:23:46.985 [main] INFO org.evosuite.runtime.instrumentation.EvoClassLoader -- Keeping class: org.apache.logging.log4j.core.util.WatchManager
13:23:46.986 [main] INFO org.evosuite.runtime.instrumentation.EvoClassLoader -- Seeing class for first time: org.apache.logging.log4j.core.config.ReliabilityStrategy
13:23:46.986 [main] INFO org.evosuite.runtime.instrumentation.EvoClassLoader -- Instrumenting class 'org.apache.logging.log4j.core.config.ReliabilityStrategy'.
13:23:46.986 [main] INFO org.evosuite.runtime.instrumentation.EvoClassLoader -- Keeping class: org.apache.logging.log4j.core.config.ReliabilityStrategy
13:23:46.987 [main] INFO org.evosuite.runtime.instrumentation.EvoClassLoader -- Seeing class for first time: org.apache.logging.log4j.core.config.plugins.util.PluginManager
13:23:46.987 [main] INFO org.evosuite.runtime.instrumentation.EvoClassLoader -- Instrumenting class 'org.apache.logging.log4j.core.config.plugins.util.PluginManager'.
13:23:46.988 [main] INFO org.evosuite.runtime.instrumentation.MethodCallReplacementClassAdapter -- Adding mock interface to class org/apache/logging/log4j/core/config/plugins/util/PluginManager
13:23:46.989 [main] INFO org.evosuite.runtime.instrumentation.CreateClassResetClassAdapter -- Found static initializer in class org/apache/logging/log4j/core/config/plugins/util/PluginManager
13:23:46.990 [main] INFO org.evosuite.runtime.instrumentation.EvoClassLoader -- Defined package (3): package org.apache.logging.log4j.core.config.plugins.util, -1619151386
13:23:46.990 [main] INFO org.evosuite.runtime.instrumentation.EvoClassLoader -- Keeping class: org.apache.logging.log4j.core.config.plugins.util.PluginManager
13:23:46.991 [main] INFO org.evosuite.runtime.instrumentation.EvoClassLoader -- Seeing class for first time: org.apache.logging.log4j.core.config.Reconfigurable
13:23:46.991 [main] INFO org.evosuite.runtime.instrumentation.EvoClassLoader -- Instrumenting class 'org.apache.logging.log4j.core.config.Reconfigurable'.
13:23:46.992 [main] INFO org.evosuite.runtime.instrumentation.EvoClassLoader -- Keeping class: org.apache.logging.log4j.core.config.Reconfigurable
13:23:46.993 [main] INFO org.evosuite.runtime.instrumentation.EvoClassLoader -- Seeing class for first time: org.apache.logging.log4j.core.config.plugins.util.PluginType
13:23:46.993 [main] INFO org.evosuite.runtime.instrumentation.EvoClassLoader -- Instrumenting class 'org.apache.logging.log4j.core.config.plugins.util.PluginType'.
13:23:46.994 [main] INFO org.evosuite.runtime.instrumentation.MethodCallReplacementClassAdapter -- Adding mock interface to class org/apache/logging/log4j/core/config/plugins/util/PluginType
13:23:46.995 [main] INFO org.evosuite.runtime.instrumentation.CreateClassResetClassAdapter -- Creating brand-new static initializer in class org/apache/logging/log4j/core/config/plugins/util/PluginType
13:23:46.996 [main] INFO org.evosuite.runtime.instrumentation.EvoClassLoader -- Keeping class: org.apache.logging.log4j.core.config.plugins.util.PluginType
13:23:46.997 [main] INFO org.evosuite.runtime.instrumentation.EvoClassLoader -- Seeing class for first time: org.apache.logging.log4j.core.config.NullConfiguration
13:23:46.997 [main] INFO org.evosuite.runtime.instrumentation.EvoClassLoader -- Instrumenting class 'org.apache.logging.log4j.core.config.NullConfiguration'.
13:23:46.998 [main] INFO org.evosuite.runtime.instrumentation.MethodCallReplacementClassAdapter -- Adding mock interface to class org/apache/logging/log4j/core/config/NullConfiguration
13:23:46.999 [main] INFO org.evosuite.runtime.instrumentation.CreateClassResetClassAdapter -- Creating brand-new static initializer in class org/apache/logging/log4j/core/config/NullConfiguration
13:23:46.999 [main] INFO org.evosuite.runtime.instrumentation.CreateClassResetClassAdapter -- Adding bytecode for initializing field NULL_NAME
13:23:47.000 [main] INFO org.evosuite.runtime.instrumentation.EvoClassLoader -- Keeping class: org.apache.logging.log4j.core.config.NullConfiguration
13:23:47.003 [main] INFO org.evosuite.runtime.instrumentation.EvoClassLoader -- Seeing class for first time: org.apache.logging.log4j.core.util.Source
13:23:47.003 [main] INFO org.evosuite.runtime.instrumentation.EvoClassLoader -- Instrumenting class 'org.apache.logging.log4j.core.util.Source'.
13:23:47.005 [main] INFO org.evosuite.runtime.instrumentation.MethodCallReplacementClassAdapter -- Adding mock interface to class org/apache/logging/log4j/core/util/Source
13:23:47.013 [main] INFO org.evosuite.runtime.instrumentation.CreateClassResetClassAdapter -- Found static initializer in class org/apache/logging/log4j/core/util/Source
13:23:47.014 [main] INFO org.evosuite.runtime.instrumentation.EvoClassLoader -- Keeping class: org.apache.logging.log4j.core.util.Source
13:23:47.015 [main] INFO org.evosuite.runtime.instrumentation.EvoClassLoader -- Seeing class for first time: org.apache.logging.log4j.core.config.DefaultAdvertiser
13:23:47.016 [main] INFO org.evosuite.runtime.instrumentation.EvoClassLoader -- Instrumenting class 'org.apache.logging.log4j.core.config.DefaultAdvertiser'.
13:23:47.017 [main] INFO org.evosuite.runtime.instrumentation.MethodCallReplacementClassAdapter -- Adding mock interface to class org/apache/logging/log4j/core/config/DefaultAdvertiser
13:23:47.018 [main] INFO org.evosuite.runtime.instrumentation.CreateClassResetClassAdapter -- Creating brand-new static initializer in class org/apache/logging/log4j/core/config/DefaultAdvertiser
13:23:47.018 [main] INFO org.evosuite.runtime.instrumentation.EvoClassLoader -- Keeping class: org.apache.logging.log4j.core.config.DefaultAdvertiser
13:23:47.019 [main] INFO org.evosuite.runtime.instrumentation.EvoClassLoader -- Seeing class for first time: org.apache.logging.log4j.core.lookup.AbstractLookup
13:23:47.019 [main] INFO org.evosuite.runtime.instrumentation.EvoClassLoader -- Instrumenting class 'org.apache.logging.log4j.core.lookup.AbstractLookup'.
13:23:47.020 [main] INFO org.evosuite.runtime.instrumentation.MethodCallReplacementClassAdapter -- Adding mock interface to class org/apache/logging/log4j/core/lookup/AbstractLookup
13:23:47.021 [main] INFO org.evosuite.runtime.instrumentation.CreateClassResetClassAdapter -- Creating brand-new static initializer in class org/apache/logging/log4j/core/lookup/AbstractLookup
13:23:47.021 [main] INFO org.evosuite.runtime.instrumentation.EvoClassLoader -- Keeping class: org.apache.logging.log4j.core.lookup.AbstractLookup
13:23:47.021 [main] INFO org.evosuite.runtime.instrumentation.EvoClassLoader -- Seeing class for first time: org.apache.logging.log4j.core.lookup.LookupResult
13:23:47.021 [main] INFO org.evosuite.runtime.instrumentation.EvoClassLoader -- Instrumenting class 'org.apache.logging.log4j.core.lookup.LookupResult'.
13:23:47.021 [main] INFO org.evosuite.runtime.instrumentation.EvoClassLoader -- Keeping class: org.apache.logging.log4j.core.lookup.LookupResult
13:23:47.022 [main] INFO org.evosuite.runtime.instrumentation.EvoClassLoader -- Seeing class for first time: org.apache.logging.log4j.core.lookup.AbstractConfigurationAwareLookup
13:23:47.022 [main] INFO org.evosuite.runtime.instrumentation.EvoClassLoader -- Instrumenting class 'org.apache.logging.log4j.core.lookup.AbstractConfigurationAwareLookup'.
13:23:47.022 [main] INFO org.evosuite.runtime.instrumentation.MethodCallReplacementClassAdapter -- Adding mock interface to class org/apache/logging/log4j/core/lookup/AbstractConfigurationAwareLookup
13:23:47.022 [main] INFO org.evosuite.runtime.instrumentation.CreateClassResetClassAdapter -- Creating brand-new static initializer in class org/apache/logging/log4j/core/lookup/AbstractConfigurationAwareLookup
13:23:47.022 [main] INFO org.evosuite.runtime.instrumentation.EvoClassLoader -- Keeping class: org.apache.logging.log4j.core.lookup.AbstractConfigurationAwareLookup
13:23:47.023 [main] INFO org.evosuite.runtime.instrumentation.EvoClassLoader -- Seeing class for first time: org.apache.logging.log4j.core.lookup.Interpolator
13:23:47.023 [main] INFO org.evosuite.runtime.instrumentation.EvoClassLoader -- Instrumenting class 'org.apache.logging.log4j.core.lookup.Interpolator'.
13:23:47.025 [main] INFO org.evosuite.runtime.instrumentation.MethodCallReplacementClassAdapter -- Adding mock interface to class org/apache/logging/log4j/core/lookup/Interpolator
13:23:47.028 [main] INFO org.evosuite.runtime.instrumentation.CreateClassResetClassAdapter -- Found static initializer in class org/apache/logging/log4j/core/lookup/Interpolator
13:23:47.028 [main] INFO org.evosuite.runtime.instrumentation.EvoClassLoader -- Seeing class for first time: org.apache.logging.log4j.core.config.LoggerContextAware
13:23:47.028 [main] INFO org.evosuite.runtime.instrumentation.EvoClassLoader -- Instrumenting class 'org.apache.logging.log4j.core.config.LoggerContextAware'.
13:23:47.029 [main] INFO org.evosuite.runtime.instrumentation.EvoClassLoader -- Keeping class: org.apache.logging.log4j.core.config.LoggerContextAware
13:23:47.029 [main] INFO org.evosuite.runtime.instrumentation.EvoClassLoader -- Keeping class: org.apache.logging.log4j.core.lookup.Interpolator
13:23:47.030 [main] INFO org.evosuite.runtime.instrumentation.EvoClassLoader -- Seeing class for first time: org.apache.logging.log4j.core.lookup.PropertiesLookup
13:23:47.030 [main] INFO org.evosuite.runtime.instrumentation.EvoClassLoader -- Instrumenting class 'org.apache.logging.log4j.core.lookup.PropertiesLookup'.
13:23:47.030 [main] INFO org.evosuite.runtime.instrumentation.MethodCallReplacementClassAdapter -- Adding mock interface to class org/apache/logging/log4j/core/lookup/PropertiesLookup
13:23:47.031 [main] INFO org.evosuite.runtime.instrumentation.CreateClassResetClassAdapter -- Creating brand-new static initializer in class org/apache/logging/log4j/core/lookup/PropertiesLookup
13:23:47.031 [main] INFO org.evosuite.runtime.instrumentation.EvoClassLoader -- Keeping class: org.apache.logging.log4j.core.lookup.PropertiesLookup
13:23:47.032 [main] INFO org.evosuite.runtime.instrumentation.EvoClassLoader -- Seeing class for first time: org.apache.logging.log4j.core.config.plugins.util.PluginRegistry
13:23:47.032 [main] INFO org.evosuite.runtime.instrumentation.EvoClassLoader -- Instrumenting class 'org.apache.logging.log4j.core.config.plugins.util.PluginRegistry'.
13:23:47.033 [main] INFO org.evosuite.runtime.instrumentation.MethodCallReplacementClassAdapter -- Adding mock interface to class org/apache/logging/log4j/core/config/plugins/util/PluginRegistry
13:23:47.035 [main] INFO org.evosuite.runtime.instrumentation.CreateClassResetClassAdapter -- Found static initializer in class org/apache/logging/log4j/core/config/plugins/util/PluginRegistry
13:23:47.036 [main] INFO org.evosuite.runtime.instrumentation.EvoClassLoader -- Keeping class: org.apache.logging.log4j.core.config.plugins.util.PluginRegistry
13:23:47.036 [main] INFO org.evosuite.runtime.instrumentation.EvoClassLoader -- Seeing class for first time: org.apache.logging.log4j.core.config.plugins.util.ResolverUtil$Test
13:23:47.036 [main] INFO org.evosuite.runtime.instrumentation.EvoClassLoader -- Instrumenting class 'org.apache.logging.log4j.core.config.plugins.util.ResolverUtil$Test'.
13:23:47.038 [main] INFO org.evosuite.runtime.instrumentation.EvoClassLoader -- Keeping class: org.apache.logging.log4j.core.config.plugins.util.ResolverUtil$Test
13:23:47.038 [main] INFO org.evosuite.runtime.instrumentation.EvoClassLoader -- Seeing class for first time: org.apache.logging.log4j.core.config.plugins.util.ResolverUtil
13:23:47.038 [main] INFO org.evosuite.runtime.instrumentation.EvoClassLoader -- Instrumenting class 'org.apache.logging.log4j.core.config.plugins.util.ResolverUtil'.
13:23:47.040 [main] INFO org.evosuite.runtime.instrumentation.MethodCallReplacementClassAdapter -- Adding mock interface to class org/apache/logging/log4j/core/config/plugins/util/ResolverUtil
13:23:47.044 [main] INFO org.evosuite.runtime.instrumentation.CreateClassResetClassAdapter -- Found static initializer in class org/apache/logging/log4j/core/config/plugins/util/ResolverUtil
13:23:47.045 [main] INFO org.evosuite.runtime.instrumentation.EvoClassLoader -- Keeping class: org.apache.logging.log4j.core.config.plugins.util.ResolverUtil
13:23:47.045 [main] INFO org.evosuite.runtime.instrumentation.EvoClassLoader -- Seeing class for first time: org.apache.logging.log4j.core.config.plugins.processor.PluginCache
13:23:47.045 [main] INFO org.evosuite.runtime.instrumentation.EvoClassLoader -- Instrumenting class 'org.apache.logging.log4j.core.config.plugins.processor.PluginCache'.
13:23:47.046 [main] INFO org.evosuite.runtime.instrumentation.MethodCallReplacementClassAdapter -- Adding mock interface to class org/apache/logging/log4j/core/config/plugins/processor/PluginCache
13:23:47.046 [main] INFO org.evosuite.runtime.instrumentation.CreateClassResetClassAdapter -- Creating brand-new static initializer in class org/apache/logging/log4j/core/config/plugins/processor/PluginCache
13:23:47.047 [main] INFO org.evosuite.runtime.instrumentation.EvoClassLoader -- Defined package (3): package org.apache.logging.log4j.core.config.plugins.processor, 1794938158
13:23:47.047 [main] INFO org.evosuite.runtime.instrumentation.EvoClassLoader -- Keeping class: org.apache.logging.log4j.core.config.plugins.processor.PluginCache
13:23:47.047 [main] INFO org.evosuite.runtime.instrumentation.EvoClassLoader -- Seeing class for first time: org.apache.logging.log4j.core.config.plugins.processor.PluginEntry
13:23:47.047 [main] INFO org.evosuite.runtime.instrumentation.EvoClassLoader -- Instrumenting class 'org.apache.logging.log4j.core.config.plugins.processor.PluginEntry'.
13:23:47.048 [main] INFO org.evosuite.runtime.instrumentation.MethodCallReplacementClassAdapter -- Adding mock interface to class org/apache/logging/log4j/core/config/plugins/processor/PluginEntry
13:23:47.048 [main] INFO org.evosuite.runtime.instrumentation.CreateClassResetClassAdapter -- Creating brand-new static initializer in class org/apache/logging/log4j/core/config/plugins/processor/PluginEntry
13:23:47.049 [main] INFO org.evosuite.runtime.instrumentation.EvoClassLoader -- Keeping class: org.apache.logging.log4j.core.config.plugins.processor.PluginEntry
13:23:47.049 [main] INFO org.evosuite.runtime.instrumentation.EvoClassLoader -- Seeing class for first time: org.apache.logging.log4j.core.util.ReflectionUtil
13:23:47.049 [main] INFO org.evosuite.runtime.instrumentation.EvoClassLoader -- Instrumenting class 'org.apache.logging.log4j.core.util.ReflectionUtil'.
13:23:47.050 [main] INFO org.evosuite.runtime.instrumentation.MethodCallReplacementClassAdapter -- Adding mock interface to class org/apache/logging/log4j/core/util/ReflectionUtil
13:23:47.052 [main] INFO org.evosuite.runtime.instrumentation.CreateClassResetClassAdapter -- Creating brand-new static initializer in class org/apache/logging/log4j/core/util/ReflectionUtil
13:23:47.053 [main] INFO org.evosuite.runtime.instrumentation.EvoClassLoader -- Keeping class: org.apache.logging.log4j.core.util.ReflectionUtil
13:23:47.053 [main] INFO org.evosuite.runtime.instrumentation.EvoClassLoader -- Seeing class for first time: org.apache.logging.log4j.core.lookup.ResourceBundleLookup
13:23:47.053 [main] INFO org.evosuite.runtime.instrumentation.EvoClassLoader -- Instrumenting class 'org.apache.logging.log4j.core.lookup.ResourceBundleLookup'.
13:23:47.054 [main] INFO org.evosuite.runtime.instrumentation.MethodCallReplacementClassAdapter -- Adding mock interface to class org/apache/logging/log4j/core/lookup/ResourceBundleLookup
13:23:47.054 [main] INFO org.evosuite.runtime.instrumentation.CreateClassResetClassAdapter -- Found static initializer in class org/apache/logging/log4j/core/lookup/ResourceBundleLookup
13:23:47.055 [main] INFO org.evosuite.runtime.instrumentation.EvoClassLoader -- Keeping class: org.apache.logging.log4j.core.lookup.ResourceBundleLookup
13:23:47.055 [main] INFO org.evosuite.runtime.instrumentation.EvoClassLoader -- Seeing class for first time: org.apache.logging.log4j.core.lookup.ContextMapLookup
13:23:47.055 [main] INFO org.evosuite.runtime.instrumentation.EvoClassLoader -- Instrumenting class 'org.apache.logging.log4j.core.lookup.ContextMapLookup'.
13:23:47.056 [main] INFO org.evosuite.runtime.instrumentation.MethodCallReplacementClassAdapter -- Adding mock interface to class org/apache/logging/log4j/core/lookup/ContextMapLookup
13:23:47.056 [main] INFO org.evosuite.runtime.instrumentation.CreateClassResetClassAdapter -- Creating brand-new static initializer in class org/apache/logging/log4j/core/lookup/ContextMapLookup
13:23:47.056 [main] INFO org.evosuite.runtime.instrumentation.EvoClassLoader -- Keeping class: org.apache.logging.log4j.core.lookup.ContextMapLookup
13:23:47.056 [main] INFO org.evosuite.runtime.instrumentation.EvoClassLoader -- Seeing class for first time: org.apache.logging.log4j.util.ReadOnlyStringMap
13:23:47.056 [main] INFO org.evosuite.runtime.instrumentation.EvoClassLoader -- Instrumenting class 'org.apache.logging.log4j.util.ReadOnlyStringMap'.
13:23:47.057 [main] INFO org.evosuite.runtime.instrumentation.EvoClassLoader -- Keeping class: org.apache.logging.log4j.util.ReadOnlyStringMap
13:23:47.057 [main] INFO org.evosuite.runtime.instrumentation.EvoClassLoader -- Seeing class for first time: org.apache.logging.log4j.core.impl.ContextDataInjectorFactory
13:23:47.057 [main] INFO org.evosuite.runtime.instrumentation.EvoClassLoader -- Instrumenting class 'org.apache.logging.log4j.core.impl.ContextDataInjectorFactory'.
13:23:47.058 [main] INFO org.evosuite.runtime.instrumentation.MethodCallReplacementClassAdapter -- Adding mock interface to class org/apache/logging/log4j/core/impl/ContextDataInjectorFactory
13:23:47.058 [main] INFO org.evosuite.runtime.instrumentation.CreateClassResetClassAdapter -- Creating brand-new static initializer in class org/apache/logging/log4j/core/impl/ContextDataInjectorFactory
13:23:47.058 [main] INFO org.evosuite.runtime.instrumentation.EvoClassLoader -- Keeping class: org.apache.logging.log4j.core.impl.ContextDataInjectorFactory
13:23:47.058 [main] INFO org.evosuite.runtime.instrumentation.EvoClassLoader -- Seeing class for first time: org.apache.logging.log4j.core.ContextDataInjector
13:23:47.059 [main] INFO org.evosuite.runtime.instrumentation.EvoClassLoader -- Instrumenting class 'org.apache.logging.log4j.core.ContextDataInjector'.
13:23:47.059 [main] INFO org.evosuite.runtime.instrumentation.EvoClassLoader -- Keeping class: org.apache.logging.log4j.core.ContextDataInjector
13:23:47.060 [main] INFO org.evosuite.runtime.instrumentation.EvoClassLoader -- Seeing class for first time: org.apache.logging.log4j.ThreadContext$EmptyIterator
13:23:47.060 [main] INFO org.evosuite.runtime.instrumentation.EvoClassLoader -- Instrumenting class 'org.apache.logging.log4j.ThreadContext$EmptyIterator'.
13:23:47.062 [main] INFO org.evosuite.runtime.instrumentation.MethodCallReplacementClassAdapter -- Adding mock interface to class org/apache/logging/log4j/ThreadContext$EmptyIterator
13:23:47.062 [main] INFO org.evosuite.runtime.instrumentation.CreateClassResetClassAdapter -- Creating brand-new static initializer in class org/apache/logging/log4j/ThreadContext$EmptyIterator
13:23:47.063 [main] INFO org.evosuite.runtime.instrumentation.EvoClassLoader -- Keeping class: org.apache.logging.log4j.ThreadContext$EmptyIterator
13:23:47.063 [main] INFO org.evosuite.runtime.instrumentation.EvoClassLoader -- Seeing class for first time: org.apache.logging.log4j.ThreadContext
13:23:47.063 [main] INFO org.evosuite.runtime.instrumentation.EvoClassLoader -- Instrumenting class 'org.apache.logging.log4j.ThreadContext'.
13:23:47.064 [main] INFO org.evosuite.runtime.instrumentation.MethodCallReplacementClassAdapter -- Adding mock interface to class org/apache/logging/log4j/ThreadContext
13:23:47.069 [main] INFO org.evosuite.runtime.instrumentation.CreateClassResetClassAdapter -- Found static initializer in class org/apache/logging/log4j/ThreadContext
13:23:47.070 [main] INFO org.evosuite.runtime.instrumentation.EvoClassLoader -- Keeping class: org.apache.logging.log4j.ThreadContext
13:23:47.070 [main] INFO org.evosuite.runtime.instrumentation.EvoClassLoader -- Seeing class for first time: org.apache.logging.log4j.ThreadContext$ContextStack
13:23:47.070 [main] INFO org.evosuite.runtime.instrumentation.EvoClassLoader -- Instrumenting class 'org.apache.logging.log4j.ThreadContext$ContextStack'.
13:23:47.072 [main] INFO org.evosuite.runtime.instrumentation.EvoClassLoader -- Keeping class: org.apache.logging.log4j.ThreadContext$ContextStack
13:23:47.072 [main] INFO org.evosuite.runtime.instrumentation.EvoClassLoader -- Seeing class for first time: org.apache.logging.log4j.ThreadContext$EmptyThreadContextStack
13:23:47.073 [main] INFO org.evosuite.runtime.instrumentation.EvoClassLoader -- Instrumenting class 'org.apache.logging.log4j.ThreadContext$EmptyThreadContextStack'.
13:23:47.074 [main] INFO org.evosuite.runtime.instrumentation.MethodCallReplacementClassAdapter -- Adding mock interface to class org/apache/logging/log4j/ThreadContext$EmptyThreadContextStack
13:23:47.075 [main] INFO org.evosuite.runtime.instrumentation.CreateClassResetClassAdapter -- Found static initializer in class org/apache/logging/log4j/ThreadContext$EmptyThreadContextStack
13:23:47.076 [main] INFO org.evosuite.runtime.instrumentation.EvoClassLoader -- Seeing class for first time: org.apache.logging.log4j.spi.ThreadContextStack
13:23:47.076 [main] INFO org.evosuite.runtime.instrumentation.EvoClassLoader -- Instrumenting class 'org.apache.logging.log4j.spi.ThreadContextStack'.
13:23:47.077 [main] INFO org.evosuite.runtime.instrumentation.EvoClassLoader -- Keeping class: org.apache.logging.log4j.spi.ThreadContextStack
13:23:47.078 [main] INFO org.evosuite.runtime.instrumentation.EvoClassLoader -- Keeping class: org.apache.logging.log4j.ThreadContext$EmptyThreadContextStack
13:23:47.079 [main] INFO org.evosuite.runtime.instrumentation.EvoClassLoader -- Seeing class for first time: org.apache.logging.log4j.spi.ThreadContextMapFactory
13:23:47.079 [main] INFO org.evosuite.runtime.instrumentation.EvoClassLoader -- Instrumenting class 'org.apache.logging.log4j.spi.ThreadContextMapFactory'.
13:23:47.080 [main] INFO org.evosuite.runtime.instrumentation.MethodCallReplacementClassAdapter -- Adding mock interface to class org/apache/logging/log4j/spi/ThreadContextMapFactory
13:23:47.082 [main] INFO org.evosuite.runtime.instrumentation.CreateClassResetClassAdapter -- Found static initializer in class org/apache/logging/log4j/spi/ThreadContextMapFactory
13:23:47.083 [main] INFO org.evosuite.runtime.instrumentation.EvoClassLoader -- Keeping class: org.apache.logging.log4j.spi.ThreadContextMapFactory
13:23:47.083 [main] INFO org.evosuite.runtime.instrumentation.EvoClassLoader -- Seeing class for first time: org.apache.logging.log4j.spi.ThreadContextMap
13:23:47.083 [main] INFO org.evosuite.runtime.instrumentation.EvoClassLoader -- Instrumenting class 'org.apache.logging.log4j.spi.ThreadContextMap'.
13:23:47.085 [main] INFO org.evosuite.runtime.instrumentation.EvoClassLoader -- Keeping class: org.apache.logging.log4j.spi.ThreadContextMap
13:23:47.087 [main] INFO org.evosuite.runtime.instrumentation.EvoClassLoader -- Seeing class for first time: org.apache.logging.log4j.util.SortedArrayStringMap
13:23:47.087 [main] INFO org.evosuite.runtime.instrumentation.EvoClassLoader -- Instrumenting class 'org.apache.logging.log4j.util.SortedArrayStringMap'.
13:23:47.090 [main] INFO org.evosuite.runtime.instrumentation.MethodCallReplacementClassAdapter -- Adding mock interface to class org/apache/logging/log4j/util/SortedArrayStringMap
13:23:47.099 [main] INFO org.evosuite.runtime.instrumentation.CreateClassResetClassAdapter -- Found static initializer in class org/apache/logging/log4j/util/SortedArrayStringMap
13:23:47.101 [main] INFO org.evosuite.runtime.instrumentation.EvoClassLoader -- Seeing class for first time: org.apache.logging.log4j.util.IndexedStringMap
13:23:47.101 [main] INFO org.evosuite.runtime.instrumentation.EvoClassLoader -- Instrumenting class 'org.apache.logging.log4j.util.IndexedStringMap'.
13:23:47.103 [main] INFO org.evosuite.runtime.instrumentation.EvoClassLoader -- Seeing class for first time: org.apache.logging.log4j.util.IndexedReadOnlyStringMap
13:23:47.103 [main] INFO org.evosuite.runtime.instrumentation.EvoClassLoader -- Instrumenting class 'org.apache.logging.log4j.util.IndexedReadOnlyStringMap'.
13:23:47.105 [main] INFO org.evosuite.runtime.instrumentation.EvoClassLoader -- Keeping class: org.apache.logging.log4j.util.IndexedReadOnlyStringMap
13:23:47.105 [main] INFO org.evosuite.runtime.instrumentation.EvoClassLoader -- Seeing class for first time: org.apache.logging.log4j.util.StringMap
13:23:47.105 [main] INFO org.evosuite.runtime.instrumentation.EvoClassLoader -- Instrumenting class 'org.apache.logging.log4j.util.StringMap'.
13:23:47.106 [main] INFO org.evosuite.runtime.instrumentation.EvoClassLoader -- Keeping class: org.apache.logging.log4j.util.StringMap
13:23:47.107 [main] INFO org.evosuite.runtime.instrumentation.EvoClassLoader -- Keeping class: org.apache.logging.log4j.util.IndexedStringMap
13:23:47.107 [main] INFO org.evosuite.runtime.instrumentation.EvoClassLoader -- Keeping class: org.apache.logging.log4j.util.SortedArrayStringMap
13:23:47.108 [main] INFO org.evosuite.runtime.instrumentation.EvoClassLoader -- Seeing class for first time: org.apache.logging.log4j.util.FilteredObjectInputStream
13:23:47.108 [main] INFO org.evosuite.runtime.instrumentation.EvoClassLoader -- Instrumenting class 'org.apache.logging.log4j.util.FilteredObjectInputStream'.
13:23:47.109 [main] INFO org.evosuite.runtime.instrumentation.MethodCallReplacementClassAdapter -- Adding mock interface to class org/apache/logging/log4j/util/FilteredObjectInputStream
13:23:47.115 [main] INFO org.evosuite.runtime.instrumentation.CreateClassResetClassAdapter -- Found static initializer in class org/apache/logging/log4j/util/FilteredObjectInputStream
13:23:47.120 [main] INFO org.evosuite.runtime.instrumentation.EvoClassLoader -- Keeping class: org.apache.logging.log4j.util.FilteredObjectInputStream
13:23:47.122 [main] INFO org.evosuite.runtime.instrumentation.EvoClassLoader -- Seeing class for first time: org.apache.logging.log4j.util.TriConsumer
13:23:47.122 [main] INFO org.evosuite.runtime.instrumentation.EvoClassLoader -- Instrumenting class 'org.apache.logging.log4j.util.TriConsumer'.
13:23:47.124 [main] INFO org.evosuite.runtime.instrumentation.EvoClassLoader -- Keeping class: org.apache.logging.log4j.util.TriConsumer
13:23:47.136 [main] INFO org.evosuite.runtime.instrumentation.EvoClassLoader -- Seeing class for first time: org.apache.logging.log4j.spi.CopyOnWriteSortedArrayThreadContextMap
13:23:47.136 [main] INFO org.evosuite.runtime.instrumentation.EvoClassLoader -- Instrumenting class 'org.apache.logging.log4j.spi.CopyOnWriteSortedArrayThreadContextMap'.
13:23:47.137 [main] INFO org.evosuite.runtime.instrumentation.MethodCallReplacementClassAdapter -- Adding mock interface to class org/apache/logging/log4j/spi/CopyOnWriteSortedArrayThreadContextMap
13:23:47.140 [main] INFO org.evosuite.runtime.instrumentation.CreateClassResetClassAdapter -- Found static initializer in class org/apache/logging/log4j/spi/CopyOnWriteSortedArrayThreadContextMap
13:23:47.141 [main] INFO org.evosuite.runtime.instrumentation.EvoClassLoader -- Seeing class for first time: org.apache.logging.log4j.spi.ReadOnlyThreadContextMap
13:23:47.141 [main] INFO org.evosuite.runtime.instrumentation.EvoClassLoader -- Instrumenting class 'org.apache.logging.log4j.spi.ReadOnlyThreadContextMap'.
13:23:47.143 [main] INFO org.evosuite.runtime.instrumentation.EvoClassLoader -- Keeping class: org.apache.logging.log4j.spi.ReadOnlyThreadContextMap
13:23:47.143 [main] INFO org.evosuite.runtime.instrumentation.EvoClassLoader -- Seeing class for first time: org.apache.logging.log4j.spi.ObjectThreadContextMap
13:23:47.143 [main] INFO org.evosuite.runtime.instrumentation.EvoClassLoader -- Instrumenting class 'org.apache.logging.log4j.spi.ObjectThreadContextMap'.
13:23:47.145 [main] INFO org.evosuite.runtime.instrumentation.EvoClassLoader -- Seeing class for first time: org.apache.logging.log4j.spi.CleanableThreadContextMap
13:23:47.145 [main] INFO org.evosuite.runtime.instrumentation.EvoClassLoader -- Instrumenting class 'org.apache.logging.log4j.spi.CleanableThreadContextMap'.
13:23:47.147 [main] INFO org.evosuite.runtime.instrumentation.EvoClassLoader -- Seeing class for first time: org.apache.logging.log4j.spi.ThreadContextMap2
13:23:47.147 [main] INFO org.evosuite.runtime.instrumentation.EvoClassLoader -- Instrumenting class 'org.apache.logging.log4j.spi.ThreadContextMap2'.
13:23:47.150 [main] INFO org.evosuite.runtime.instrumentation.EvoClassLoader -- Keeping class: org.apache.logging.log4j.spi.ThreadContextMap2
13:23:47.151 [main] INFO org.evosuite.runtime.instrumentation.EvoClassLoader -- Keeping class: org.apache.logging.log4j.spi.CleanableThreadContextMap
13:23:47.151 [main] INFO org.evosuite.runtime.instrumentation.EvoClassLoader -- Keeping class: org.apache.logging.log4j.spi.ObjectThreadContextMap
13:23:47.151 [main] INFO org.evosuite.runtime.instrumentation.EvoClassLoader -- Seeing class for first time: org.apache.logging.log4j.spi.CopyOnWrite
13:23:47.151 [main] INFO org.evosuite.runtime.instrumentation.EvoClassLoader -- Instrumenting class 'org.apache.logging.log4j.spi.CopyOnWrite'.
13:23:47.152 [main] INFO org.evosuite.runtime.instrumentation.EvoClassLoader -- Keeping class: org.apache.logging.log4j.spi.CopyOnWrite
13:23:47.152 [main] INFO org.evosuite.runtime.instrumentation.EvoClassLoader -- Keeping class: org.apache.logging.log4j.spi.CopyOnWriteSortedArrayThreadContextMap
13:23:47.153 [main] INFO org.evosuite.runtime.instrumentation.EvoClassLoader -- Seeing class for first time: org.apache.logging.log4j.spi.CopyOnWriteSortedArrayThreadContextMap$1
13:23:47.153 [main] INFO org.evosuite.runtime.instrumentation.EvoClassLoader -- Instrumenting class 'org.apache.logging.log4j.spi.CopyOnWriteSortedArrayThreadContextMap$1'.
13:23:47.154 [main] INFO org.evosuite.runtime.instrumentation.MethodCallReplacementClassAdapter -- Adding mock interface to class org/apache/logging/log4j/spi/CopyOnWriteSortedArrayThreadContextMap$1
13:23:47.156 [main] INFO org.evosuite.runtime.instrumentation.EvoClassLoader -- Keeping class: org.apache.logging.log4j.spi.CopyOnWriteSortedArrayThreadContextMap$1
13:23:47.158 [main] INFO org.evosuite.runtime.instrumentation.EvoClassLoader -- Seeing class for first time: org.apache.logging.log4j.spi.GarbageFreeSortedArrayThreadContextMap
13:23:47.158 [main] INFO org.evosuite.runtime.instrumentation.EvoClassLoader -- Instrumenting class 'org.apache.logging.log4j.spi.GarbageFreeSortedArrayThreadContextMap'.
13:23:47.160 [main] INFO org.evosuite.runtime.instrumentation.MethodCallReplacementClassAdapter -- Adding mock interface to class org/apache/logging/log4j/spi/GarbageFreeSortedArrayThreadContextMap
13:23:47.162 [main] INFO org.evosuite.runtime.instrumentation.CreateClassResetClassAdapter -- Found static initializer in class org/apache/logging/log4j/spi/GarbageFreeSortedArrayThreadContextMap
13:23:47.163 [main] INFO org.evosuite.runtime.instrumentation.EvoClassLoader -- Keeping class: org.apache.logging.log4j.spi.GarbageFreeSortedArrayThreadContextMap
13:23:47.164 [main] INFO org.evosuite.runtime.instrumentation.EvoClassLoader -- Seeing class for first time: org.apache.logging.log4j.spi.GarbageFreeSortedArrayThreadContextMap$1
13:23:47.164 [main] INFO org.evosuite.runtime.instrumentation.EvoClassLoader -- Instrumenting class 'org.apache.logging.log4j.spi.GarbageFreeSortedArrayThreadContextMap$1'.
13:23:47.165 [main] INFO org.evosuite.runtime.instrumentation.MethodCallReplacementClassAdapter -- Adding mock interface to class org/apache/logging/log4j/spi/GarbageFreeSortedArrayThreadContextMap$1
13:23:47.166 [main] INFO org.evosuite.runtime.instrumentation.EvoClassLoader -- Keeping class: org.apache.logging.log4j.spi.GarbageFreeSortedArrayThreadContextMap$1
13:23:47.168 [main] INFO org.evosuite.runtime.instrumentation.EvoClassLoader -- Seeing class for first time: org.apache.logging.log4j.spi.DefaultThreadContextMap
13:23:47.169 [main] INFO org.evosuite.runtime.instrumentation.EvoClassLoader -- Instrumenting class 'org.apache.logging.log4j.spi.DefaultThreadContextMap'.
13:23:47.170 [main] INFO org.evosuite.runtime.instrumentation.MethodCallReplacementClassAdapter -- Adding mock interface to class org/apache/logging/log4j/spi/DefaultThreadContextMap
13:23:47.172 [main] INFO org.evosuite.runtime.instrumentation.CreateClassResetClassAdapter -- Found static initializer in class org/apache/logging/log4j/spi/DefaultThreadContextMap
13:23:47.173 [main] INFO org.evosuite.runtime.instrumentation.EvoClassLoader -- Keeping class: org.apache.logging.log4j.spi.DefaultThreadContextMap
13:23:47.174 [main] INFO org.evosuite.runtime.instrumentation.EvoClassLoader -- Seeing class for first time: org.apache.logging.log4j.spi.DefaultThreadContextMap$1
13:23:47.174 [main] INFO org.evosuite.runtime.instrumentation.EvoClassLoader -- Instrumenting class 'org.apache.logging.log4j.spi.DefaultThreadContextMap$1'.
13:23:47.175 [main] INFO org.evosuite.runtime.instrumentation.MethodCallReplacementClassAdapter -- Adding mock interface to class org/apache/logging/log4j/spi/DefaultThreadContextMap$1
13:23:47.176 [main] INFO org.evosuite.runtime.instrumentation.EvoClassLoader -- Keeping class: org.apache.logging.log4j.spi.DefaultThreadContextMap$1
13:23:47.178 [main] INFO org.evosuite.runtime.instrumentation.EvoClassLoader -- Seeing class for first time: org.apache.logging.log4j.spi.DefaultThreadContextStack
13:23:47.178 [main] INFO org.evosuite.runtime.instrumentation.EvoClassLoader -- Instrumenting class 'org.apache.logging.log4j.spi.DefaultThreadContextStack'.
13:23:47.179 [main] INFO org.evosuite.runtime.instrumentation.MethodCallReplacementClassAdapter -- Adding mock interface to class org/apache/logging/log4j/spi/DefaultThreadContextStack
13:23:47.183 [main] INFO org.evosuite.runtime.instrumentation.CreateClassResetClassAdapter -- Found static initializer in class org/apache/logging/log4j/spi/DefaultThreadContextStack
13:23:47.183 [main] INFO org.evosuite.runtime.instrumentation.EvoClassLoader -- Keeping class: org.apache.logging.log4j.spi.DefaultThreadContextStack
13:23:47.184 [main] INFO org.evosuite.runtime.instrumentation.EvoClassLoader -- Seeing class for first time: org.apache.logging.log4j.spi.MutableThreadContextStack
13:23:47.184 [main] INFO org.evosuite.runtime.instrumentation.EvoClassLoader -- Instrumenting class 'org.apache.logging.log4j.spi.MutableThreadContextStack'.
13:23:47.185 [main] INFO org.evosuite.runtime.instrumentation.MethodCallReplacementClassAdapter -- Adding mock interface to class org/apache/logging/log4j/spi/MutableThreadContextStack
13:23:47.187 [main] INFO org.evosuite.runtime.instrumentation.CreateClassResetClassAdapter -- Creating brand-new static initializer in class org/apache/logging/log4j/spi/MutableThreadContextStack
13:23:47.188 [main] INFO org.evosuite.runtime.instrumentation.EvoClassLoader -- Keeping class: org.apache.logging.log4j.spi.MutableThreadContextStack
13:23:47.195 [main] INFO org.evosuite.runtime.instrumentation.EvoClassLoader -- Seeing class for first time: org.apache.logging.log4j.core.impl.ThreadContextDataInjector$ForDefaultThreadContextMap
13:23:47.196 [main] INFO org.evosuite.runtime.instrumentation.EvoClassLoader -- Instrumenting class 'org.apache.logging.log4j.core.impl.ThreadContextDataInjector$ForDefaultThreadContextMap'.
13:23:47.197 [main] INFO org.evosuite.runtime.instrumentation.MethodCallReplacementClassAdapter -- Adding mock interface to class org/apache/logging/log4j/core/impl/ThreadContextDataInjector$ForDefaultThreadContextMap
13:23:47.200 [main] INFO org.evosuite.runtime.instrumentation.CreateClassResetClassAdapter -- Creating brand-new static initializer in class org/apache/logging/log4j/core/impl/ThreadContextDataInjector$ForDefaultThreadContextMap
13:23:47.201 [main] INFO org.evosuite.runtime.instrumentation.EvoClassLoader -- Keeping class: org.apache.logging.log4j.core.impl.ThreadContextDataInjector$ForDefaultThreadContextMap
13:23:47.201 [main] INFO org.evosuite.runtime.instrumentation.EvoClassLoader -- Seeing class for first time: org.apache.logging.log4j.core.impl.ThreadContextDataInjector
13:23:47.201 [main] INFO org.evosuite.runtime.instrumentation.EvoClassLoader -- Instrumenting class 'org.apache.logging.log4j.core.impl.ThreadContextDataInjector'.
13:23:47.202 [main] INFO org.evosuite.runtime.instrumentation.MethodCallReplacementClassAdapter -- Adding mock interface to class org/apache/logging/log4j/core/impl/ThreadContextDataInjector
13:23:47.204 [main] INFO org.evosuite.runtime.instrumentation.CreateClassResetClassAdapter -- Found static initializer in class org/apache/logging/log4j/core/impl/ThreadContextDataInjector
13:23:47.205 [main] INFO org.evosuite.runtime.instrumentation.EvoClassLoader -- Keeping class: org.apache.logging.log4j.core.impl.ThreadContextDataInjector
13:23:47.205 [main] INFO org.evosuite.runtime.instrumentation.EvoClassLoader -- Seeing class for first time: org.apache.logging.log4j.core.impl.ThreadContextDataInjector$ForCopyOnWriteThreadContextMap
13:23:47.205 [main] INFO org.evosuite.runtime.instrumentation.EvoClassLoader -- Instrumenting class 'org.apache.logging.log4j.core.impl.ThreadContextDataInjector$ForCopyOnWriteThreadContextMap'.
13:23:47.206 [main] INFO org.evosuite.runtime.instrumentation.MethodCallReplacementClassAdapter -- Adding mock interface to class org/apache/logging/log4j/core/impl/ThreadContextDataInjector$ForCopyOnWriteThreadContextMap
13:23:47.208 [main] INFO org.evosuite.runtime.instrumentation.CreateClassResetClassAdapter -- Creating brand-new static initializer in class org/apache/logging/log4j/core/impl/ThreadContextDataInjector$ForCopyOnWriteThreadContextMap
13:23:47.208 [main] INFO org.evosuite.runtime.instrumentation.EvoClassLoader -- Keeping class: org.apache.logging.log4j.core.impl.ThreadContextDataInjector$ForCopyOnWriteThreadContextMap
13:23:47.208 [main] INFO org.evosuite.runtime.instrumentation.EvoClassLoader -- Seeing class for first time: org.apache.logging.log4j.core.impl.ThreadContextDataInjector$ForGarbageFreeThreadContextMap
13:23:47.208 [main] INFO org.evosuite.runtime.instrumentation.EvoClassLoader -- Instrumenting class 'org.apache.logging.log4j.core.impl.ThreadContextDataInjector$ForGarbageFreeThreadContextMap'.
13:23:47.210 [main] INFO org.evosuite.runtime.instrumentation.MethodCallReplacementClassAdapter -- Adding mock interface to class org/apache/logging/log4j/core/impl/ThreadContextDataInjector$ForGarbageFreeThreadContextMap
13:23:47.211 [main] INFO org.evosuite.runtime.instrumentation.CreateClassResetClassAdapter -- Creating brand-new static initializer in class org/apache/logging/log4j/core/impl/ThreadContextDataInjector$ForGarbageFreeThreadContextMap
13:23:47.211 [main] INFO org.evosuite.runtime.instrumentation.EvoClassLoader -- Keeping class: org.apache.logging.log4j.core.impl.ThreadContextDataInjector$ForGarbageFreeThreadContextMap
13:23:47.212 [main] INFO org.evosuite.runtime.instrumentation.EvoClassLoader -- Seeing class for first time: org.apache.logging.log4j.core.impl.JdkMapAdapterStringMap
13:23:47.212 [main] INFO org.evosuite.runtime.instrumentation.EvoClassLoader -- Instrumenting class 'org.apache.logging.log4j.core.impl.JdkMapAdapterStringMap'.
13:23:47.213 [main] INFO org.evosuite.runtime.instrumentation.MethodCallReplacementClassAdapter -- Adding mock interface to class org/apache/logging/log4j/core/impl/JdkMapAdapterStringMap
13:23:47.214 [main] INFO org.evosuite.runtime.instrumentation.CreateClassResetClassAdapter -- Found static initializer in class org/apache/logging/log4j/core/impl/JdkMapAdapterStringMap
13:23:47.215 [main] INFO org.evosuite.runtime.instrumentation.EvoClassLoader -- Keeping class: org.apache.logging.log4j.core.impl.JdkMapAdapterStringMap
13:23:47.216 [main] INFO org.evosuite.runtime.instrumentation.EvoClassLoader -- Seeing class for first time: org.apache.logging.log4j.core.impl.ThreadContextDataProvider
13:23:47.216 [main] INFO org.evosuite.runtime.instrumentation.EvoClassLoader -- Instrumenting class 'org.apache.logging.log4j.core.impl.ThreadContextDataProvider'.
13:23:47.217 [main] INFO org.evosuite.runtime.instrumentation.MethodCallReplacementClassAdapter -- Adding mock interface to class org/apache/logging/log4j/core/impl/ThreadContextDataProvider
13:23:47.218 [main] INFO org.evosuite.runtime.instrumentation.CreateClassResetClassAdapter -- Creating brand-new static initializer in class org/apache/logging/log4j/core/impl/ThreadContextDataProvider
13:23:47.218 [main] INFO org.evosuite.runtime.instrumentation.EvoClassLoader -- Seeing class for first time: org.apache.logging.log4j.core.util.ContextDataProvider
13:23:47.218 [main] INFO org.evosuite.runtime.instrumentation.EvoClassLoader -- Instrumenting class 'org.apache.logging.log4j.core.util.ContextDataProvider'.
13:23:47.219 [main] INFO org.evosuite.runtime.instrumentation.EvoClassLoader -- Keeping class: org.apache.logging.log4j.core.util.ContextDataProvider
13:23:47.219 [main] INFO org.evosuite.runtime.instrumentation.EvoClassLoader -- Keeping class: org.apache.logging.log4j.core.impl.ThreadContextDataProvider
13:23:47.224 [main] INFO org.evosuite.runtime.instrumentation.EvoClassLoader -- Seeing class for first time: org.apache.logging.log4j.core.lookup.DateLookup
13:23:47.224 [main] INFO org.evosuite.runtime.instrumentation.EvoClassLoader -- Instrumenting class 'org.apache.logging.log4j.core.lookup.DateLookup'.
13:23:47.225 [main] INFO org.evosuite.runtime.instrumentation.MethodCallReplacementClassAdapter -- Adding mock interface to class org/apache/logging/log4j/core/lookup/DateLookup
13:23:47.230 [main] INFO org.evosuite.runtime.instrumentation.CreateClassResetClassAdapter -- Found static initializer in class org/apache/logging/log4j/core/lookup/DateLookup
13:23:47.231 [main] INFO org.evosuite.runtime.instrumentation.EvoClassLoader -- Keeping class: org.apache.logging.log4j.core.lookup.DateLookup
13:23:47.232 [main] INFO org.evosuite.runtime.instrumentation.EvoClassLoader -- Seeing class for first time: org.apache.logging.log4j.core.lookup.EnvironmentLookup
13:23:47.233 [main] INFO org.evosuite.runtime.instrumentation.EvoClassLoader -- Instrumenting class 'org.apache.logging.log4j.core.lookup.EnvironmentLookup'.
13:23:47.234 [main] INFO org.evosuite.runtime.instrumentation.MethodCallReplacementClassAdapter -- Adding mock interface to class org/apache/logging/log4j/core/lookup/EnvironmentLookup
13:23:47.234 [main] INFO org.evosuite.runtime.instrumentation.CreateClassResetClassAdapter -- Creating brand-new static initializer in class org/apache/logging/log4j/core/lookup/EnvironmentLookup
13:23:47.234 [main] INFO org.evosuite.runtime.instrumentation.EvoClassLoader -- Keeping class: org.apache.logging.log4j.core.lookup.EnvironmentLookup
13:23:47.235 [main] INFO org.evosuite.runtime.instrumentation.EvoClassLoader -- Seeing class for first time: org.apache.logging.log4j.core.lookup.EventLookup
13:23:47.235 [main] INFO org.evosuite.runtime.instrumentation.EvoClassLoader -- Instrumenting class 'org.apache.logging.log4j.core.lookup.EventLookup'.
13:23:47.236 [main] INFO org.evosuite.runtime.instrumentation.MethodCallReplacementClassAdapter -- Adding mock interface to class org/apache/logging/log4j/core/lookup/EventLookup
13:23:47.237 [main] INFO org.evosuite.runtime.instrumentation.CreateClassResetClassAdapter -- Creating brand-new static initializer in class org/apache/logging/log4j/core/lookup/EventLookup
13:23:47.238 [main] INFO org.evosuite.runtime.instrumentation.EvoClassLoader -- Keeping class: org.apache.logging.log4j.core.lookup.EventLookup
13:23:47.238 [main] INFO org.evosuite.runtime.instrumentation.EvoClassLoader -- Seeing class for first time: org.apache.logging.log4j.core.lookup.JavaLookup
13:23:47.238 [main] INFO org.evosuite.runtime.instrumentation.EvoClassLoader -- Instrumenting class 'org.apache.logging.log4j.core.lookup.JavaLookup'.
13:23:47.240 [main] INFO org.evosuite.runtime.instrumentation.MethodCallReplacementClassAdapter -- Adding mock interface to class org/apache/logging/log4j/core/lookup/JavaLookup
13:23:47.243 [main] INFO org.evosuite.runtime.instrumentation.CreateClassResetClassAdapter -- Creating brand-new static initializer in class org/apache/logging/log4j/core/lookup/JavaLookup
13:23:47.244 [main] INFO org.evosuite.runtime.instrumentation.EvoClassLoader -- Keeping class: org.apache.logging.log4j.core.lookup.JavaLookup
13:23:47.245 [main] INFO org.evosuite.runtime.instrumentation.EvoClassLoader -- Seeing class for first time: org.apache.logging.log4j.core.lookup.SystemPropertiesLookup
13:23:47.245 [main] INFO org.evosuite.runtime.instrumentation.EvoClassLoader -- Instrumenting class 'org.apache.logging.log4j.core.lookup.SystemPropertiesLookup'.
13:23:47.246 [main] INFO org.evosuite.runtime.instrumentation.MethodCallReplacementClassAdapter -- Adding mock interface to class org/apache/logging/log4j/core/lookup/SystemPropertiesLookup
13:23:47.247 [main] INFO org.evosuite.runtime.instrumentation.CreateClassResetClassAdapter -- Found static initializer in class org/apache/logging/log4j/core/lookup/SystemPropertiesLookup
13:23:47.248 [main] INFO org.evosuite.runtime.instrumentation.EvoClassLoader -- Keeping class: org.apache.logging.log4j.core.lookup.SystemPropertiesLookup
13:23:47.249 [main] INFO org.evosuite.runtime.instrumentation.EvoClassLoader -- Seeing class for first time: org.apache.logging.log4j.core.appender.AbstractManager
13:23:47.249 [main] INFO org.evosuite.runtime.instrumentation.EvoClassLoader -- Instrumenting class 'org.apache.logging.log4j.core.appender.AbstractManager'.
13:23:47.250 [main] INFO org.evosuite.runtime.instrumentation.MethodCallReplacementClassAdapter -- Adding mock interface to class org/apache/logging/log4j/core/appender/AbstractManager
13:23:47.254 [main] INFO org.evosuite.runtime.instrumentation.CreateClassResetClassAdapter -- Found static initializer in class org/apache/logging/log4j/core/appender/AbstractManager
13:23:47.254 [main] INFO org.evosuite.runtime.instrumentation.EvoClassLoader -- Defined package (3): package org.apache.logging.log4j.core.appender, -1420077475
13:23:47.255 [main] INFO org.evosuite.runtime.instrumentation.EvoClassLoader -- Keeping class: org.apache.logging.log4j.core.appender.AbstractManager
13:23:47.255 [main] INFO org.evosuite.runtime.instrumentation.EvoClassLoader -- Seeing class for first time: org.apache.logging.log4j.core.config.ConfigurationException
13:23:47.255 [main] INFO org.evosuite.runtime.instrumentation.EvoClassLoader -- Instrumenting class 'org.apache.logging.log4j.core.config.ConfigurationException'.
13:23:47.256 [main] INFO org.evosuite.runtime.instrumentation.MethodCallReplacementClassAdapter -- Adding mock interface to class org/apache/logging/log4j/core/config/ConfigurationException
13:23:47.257 [main] INFO org.evosuite.runtime.instrumentation.CreateClassResetClassAdapter -- Creating brand-new static initializer in class org/apache/logging/log4j/core/config/ConfigurationException
13:23:47.257 [main] INFO org.evosuite.runtime.instrumentation.EvoClassLoader -- Keeping class: org.apache.logging.log4j.core.config.ConfigurationException
13:23:47.258 [main] INFO org.evosuite.runtime.instrumentation.EvoClassLoader -- Seeing class for first time: org.apache.logging.log4j.core.appender.ManagerFactory
13:23:47.258 [main] INFO org.evosuite.runtime.instrumentation.EvoClassLoader -- Instrumenting class 'org.apache.logging.log4j.core.appender.ManagerFactory'.
13:23:47.259 [main] INFO org.evosuite.runtime.instrumentation.EvoClassLoader -- Keeping class: org.apache.logging.log4j.core.appender.ManagerFactory
13:23:47.260 [main] INFO org.evosuite.runtime.instrumentation.EvoClassLoader -- Seeing class for first time: org.apache.logging.log4j.core.net.JndiManager$JndiManagerFactory
13:23:47.260 [main] INFO org.evosuite.runtime.instrumentation.EvoClassLoader -- Instrumenting class 'org.apache.logging.log4j.core.net.JndiManager$JndiManagerFactory'.
13:23:47.261 [main] INFO org.evosuite.runtime.instrumentation.MethodCallReplacementClassAdapter -- Adding mock interface to class org/apache/logging/log4j/core/net/JndiManager$JndiManagerFactory
13:23:47.264 [main] INFO org.evosuite.runtime.instrumentation.CreateClassResetClassAdapter -- Creating brand-new static initializer in class org/apache/logging/log4j/core/net/JndiManager$JndiManagerFactory
13:23:47.265 [main] INFO org.evosuite.runtime.instrumentation.EvoClassLoader -- Keeping class: org.apache.logging.log4j.core.net.JndiManager$JndiManagerFactory
13:23:47.265 [main] INFO org.evosuite.runtime.instrumentation.EvoClassLoader -- Seeing class for first time: org.apache.logging.log4j.core.net.JndiManager
13:23:47.265 [main] INFO org.evosuite.runtime.instrumentation.EvoClassLoader -- Instrumenting class 'org.apache.logging.log4j.core.net.JndiManager'.
13:23:47.266 [main] INFO org.evosuite.runtime.instrumentation.MethodCallReplacementClassAdapter -- Adding mock interface to class org/apache/logging/log4j/core/net/JndiManager
13:23:47.268 [main] INFO org.evosuite.runtime.instrumentation.CreateClassResetClassAdapter -- Found static initializer in class org/apache/logging/log4j/core/net/JndiManager
13:23:47.269 [main] INFO org.evosuite.runtime.instrumentation.EvoClassLoader -- Keeping class: org.apache.logging.log4j.core.net.JndiManager
13:23:47.272 [main] INFO org.evosuite.runtime.instrumentation.EvoClassLoader -- Seeing class for first time: org.apache.logging.log4j.core.lookup.MapLookup
13:23:47.272 [main] INFO org.evosuite.runtime.instrumentation.EvoClassLoader -- Instrumenting class 'org.apache.logging.log4j.core.lookup.MapLookup'.
13:23:47.273 [main] INFO org.evosuite.runtime.instrumentation.MethodCallReplacementClassAdapter -- Adding mock interface to class org/apache/logging/log4j/core/lookup/MapLookup
13:23:47.274 [main] INFO org.evosuite.runtime.instrumentation.CreateClassResetClassAdapter -- Creating brand-new static initializer in class org/apache/logging/log4j/core/lookup/MapLookup
13:23:47.275 [main] INFO org.evosuite.runtime.instrumentation.EvoClassLoader -- Keeping class: org.apache.logging.log4j.core.lookup.MapLookup
13:23:47.276 [main] INFO org.evosuite.runtime.instrumentation.EvoClassLoader -- Seeing class for first time: org.apache.logging.log4j.core.lookup.JmxRuntimeInputArgumentsLookup
13:23:47.276 [main] INFO org.evosuite.runtime.instrumentation.EvoClassLoader -- Instrumenting class 'org.apache.logging.log4j.core.lookup.JmxRuntimeInputArgumentsLookup'.
13:23:47.277 [main] INFO org.evosuite.runtime.instrumentation.MethodCallReplacementClassAdapter -- Adding mock interface to class org/apache/logging/log4j/core/lookup/JmxRuntimeInputArgumentsLookup
13:23:47.278 [main] INFO org.evosuite.runtime.instrumentation.CreateClassResetClassAdapter -- Found static initializer in class org/apache/logging/log4j/core/lookup/JmxRuntimeInputArgumentsLookup
13:23:47.279 [main] INFO org.evosuite.runtime.instrumentation.EvoClassLoader -- Keeping class: org.apache.logging.log4j.core.lookup.JmxRuntimeInputArgumentsLookup
13:23:47.282 [main] INFO org.evosuite.runtime.instrumentation.EvoClassLoader -- Seeing class for first time: org.apache.logging.log4j.core.lookup.Log4jLookup
13:23:47.282 [main] INFO org.evosuite.runtime.instrumentation.EvoClassLoader -- Instrumenting class 'org.apache.logging.log4j.core.lookup.Log4jLookup'.
13:23:47.283 [main] INFO org.evosuite.runtime.instrumentation.MethodCallReplacementClassAdapter -- Adding mock interface to class org/apache/logging/log4j/core/lookup/Log4jLookup
13:23:47.284 [main] INFO org.evosuite.runtime.instrumentation.CreateClassResetClassAdapter -- Found static initializer in class org/apache/logging/log4j/core/lookup/Log4jLookup
13:23:47.284 [main] INFO org.evosuite.runtime.instrumentation.EvoClassLoader -- Keeping class: org.apache.logging.log4j.core.lookup.Log4jLookup
13:23:47.285 [main] INFO org.evosuite.runtime.instrumentation.EvoClassLoader -- Seeing class for first time: org.apache.logging.log4j.core.lookup.LowerLookup
13:23:47.285 [main] INFO org.evosuite.runtime.instrumentation.EvoClassLoader -- Instrumenting class 'org.apache.logging.log4j.core.lookup.LowerLookup'.
13:23:47.285 [main] INFO org.evosuite.runtime.instrumentation.MethodCallReplacementClassAdapter -- Adding mock interface to class org/apache/logging/log4j/core/lookup/LowerLookup
13:23:47.286 [main] INFO org.evosuite.runtime.instrumentation.CreateClassResetClassAdapter -- Creating brand-new static initializer in class org/apache/logging/log4j/core/lookup/LowerLookup
13:23:47.286 [main] INFO org.evosuite.runtime.instrumentation.EvoClassLoader -- Keeping class: org.apache.logging.log4j.core.lookup.LowerLookup
13:23:47.286 [main] INFO org.evosuite.runtime.instrumentation.EvoClassLoader -- Seeing class for first time: org.apache.logging.log4j.core.lookup.MainMapLookup
13:23:47.286 [main] INFO org.evosuite.runtime.instrumentation.EvoClassLoader -- Instrumenting class 'org.apache.logging.log4j.core.lookup.MainMapLookup'.
13:23:47.287 [main] INFO org.evosuite.runtime.instrumentation.MethodCallReplacementClassAdapter -- Adding mock interface to class org/apache/logging/log4j/core/lookup/MainMapLookup
13:23:47.287 [main] INFO org.evosuite.runtime.instrumentation.CreateClassResetClassAdapter -- Found static initializer in class org/apache/logging/log4j/core/lookup/MainMapLookup
13:23:47.287 [main] INFO org.evosuite.runtime.instrumentation.EvoClassLoader -- Keeping class: org.apache.logging.log4j.core.lookup.MainMapLookup
13:23:47.288 [main] INFO org.evosuite.runtime.instrumentation.EvoClassLoader -- Seeing class for first time: org.apache.logging.log4j.core.lookup.MarkerLookup
13:23:47.288 [main] INFO org.evosuite.runtime.instrumentation.EvoClassLoader -- Instrumenting class 'org.apache.logging.log4j.core.lookup.MarkerLookup'.
13:23:47.288 [main] INFO org.evosuite.runtime.instrumentation.MethodCallReplacementClassAdapter -- Adding mock interface to class org/apache/logging/log4j/core/lookup/MarkerLookup
13:23:47.289 [main] INFO org.evosuite.runtime.instrumentation.CreateClassResetClassAdapter -- Creating brand-new static initializer in class org/apache/logging/log4j/core/lookup/MarkerLookup
13:23:47.289 [main] INFO org.evosuite.runtime.instrumentation.CreateClassResetClassAdapter -- Adding bytecode for initializing field MARKER
13:23:47.289 [main] INFO org.evosuite.runtime.instrumentation.EvoClassLoader -- Keeping class: org.apache.logging.log4j.core.lookup.MarkerLookup
13:23:47.289 [main] INFO org.evosuite.runtime.instrumentation.EvoClassLoader -- Seeing class for first time: org.apache.logging.log4j.core.lookup.StructuredDataLookup
13:23:47.289 [main] INFO org.evosuite.runtime.instrumentation.EvoClassLoader -- Instrumenting class 'org.apache.logging.log4j.core.lookup.StructuredDataLookup'.
13:23:47.290 [main] INFO org.evosuite.runtime.instrumentation.MethodCallReplacementClassAdapter -- Adding mock interface to class org/apache/logging/log4j/core/lookup/StructuredDataLookup
13:23:47.290 [main] INFO org.evosuite.runtime.instrumentation.CreateClassResetClassAdapter -- Creating brand-new static initializer in class org/apache/logging/log4j/core/lookup/StructuredDataLookup
13:23:47.290 [main] INFO org.evosuite.runtime.instrumentation.CreateClassResetClassAdapter -- Adding bytecode for initializing field ID_KEY
13:23:47.290 [main] INFO org.evosuite.runtime.instrumentation.CreateClassResetClassAdapter -- Adding bytecode for initializing field TYPE_KEY
13:23:47.290 [main] INFO org.evosuite.runtime.instrumentation.EvoClassLoader -- Keeping class: org.apache.logging.log4j.core.lookup.StructuredDataLookup
13:23:47.290 [main] INFO org.evosuite.runtime.instrumentation.EvoClassLoader -- Seeing class for first time: org.apache.logging.log4j.core.test.junit.TestPropertyLookup
13:23:47.290 [main] INFO org.evosuite.runtime.instrumentation.EvoClassLoader -- Instrumenting class 'org.apache.logging.log4j.core.test.junit.TestPropertyLookup'.
13:23:47.291 [main] INFO org.evosuite.runtime.instrumentation.MethodCallReplacementClassAdapter -- Adding mock interface to class org/apache/logging/log4j/core/test/junit/TestPropertyLookup
13:23:47.292 [main] INFO org.evosuite.runtime.instrumentation.CreateClassResetClassAdapter -- Creating brand-new static initializer in class org/apache/logging/log4j/core/test/junit/TestPropertyLookup
13:23:47.292 [main] INFO org.evosuite.runtime.instrumentation.EvoClassLoader -- Defined package (3): package org.apache.logging.log4j.core.test.junit, -391611352
13:23:47.292 [main] INFO org.evosuite.runtime.instrumentation.EvoClassLoader -- Keeping class: org.apache.logging.log4j.core.test.junit.TestPropertyLookup
13:23:47.293 [main] INFO org.evosuite.runtime.instrumentation.EvoClassLoader -- Seeing class for first time: org.apache.logging.log4j.core.lookup.UpperLookup
13:23:47.293 [main] INFO org.evosuite.runtime.instrumentation.EvoClassLoader -- Instrumenting class 'org.apache.logging.log4j.core.lookup.UpperLookup'.
13:23:47.293 [main] INFO org.evosuite.runtime.instrumentation.MethodCallReplacementClassAdapter -- Adding mock interface to class org/apache/logging/log4j/core/lookup/UpperLookup
13:23:47.294 [main] INFO org.evosuite.runtime.instrumentation.CreateClassResetClassAdapter -- Creating brand-new static initializer in class org/apache/logging/log4j/core/lookup/UpperLookup
13:23:47.294 [main] INFO org.evosuite.runtime.instrumentation.EvoClassLoader -- Keeping class: org.apache.logging.log4j.core.lookup.UpperLookup
13:23:47.294 [main] INFO org.evosuite.runtime.instrumentation.EvoClassLoader -- Seeing class for first time: org.apache.logging.log4j.core.lookup.StrMatcher$CharMatcher
13:23:47.294 [main] INFO org.evosuite.runtime.instrumentation.EvoClassLoader -- Instrumenting class 'org.apache.logging.log4j.core.lookup.StrMatcher$CharMatcher'.
13:23:47.295 [main] INFO org.evosuite.runtime.instrumentation.MethodCallReplacementClassAdapter -- Adding mock interface to class org/apache/logging/log4j/core/lookup/StrMatcher$CharMatcher
13:23:47.295 [main] INFO org.evosuite.runtime.instrumentation.CreateClassResetClassAdapter -- Creating brand-new static initializer in class org/apache/logging/log4j/core/lookup/StrMatcher$CharMatcher
13:23:47.296 [main] INFO org.evosuite.runtime.instrumentation.EvoClassLoader -- Seeing class for first time: org.apache.logging.log4j.core.lookup.StrMatcher
13:23:47.296 [main] INFO org.evosuite.runtime.instrumentation.EvoClassLoader -- Instrumenting class 'org.apache.logging.log4j.core.lookup.StrMatcher'.
13:23:47.296 [main] INFO org.evosuite.runtime.instrumentation.MethodCallReplacementClassAdapter -- Adding mock interface to class org/apache/logging/log4j/core/lookup/StrMatcher
13:23:47.296 [main] INFO org.evosuite.runtime.instrumentation.CreateClassResetClassAdapter -- Found static initializer in class org/apache/logging/log4j/core/lookup/StrMatcher
13:23:47.297 [main] INFO org.evosuite.runtime.instrumentation.EvoClassLoader -- Keeping class: org.apache.logging.log4j.core.lookup.StrMatcher
13:23:47.297 [main] INFO org.evosuite.runtime.instrumentation.EvoClassLoader -- Keeping class: org.apache.logging.log4j.core.lookup.StrMatcher$CharMatcher
13:23:47.297 [main] INFO org.evosuite.runtime.instrumentation.EvoClassLoader -- Seeing class for first time: org.apache.logging.log4j.core.lookup.StrMatcher$TrimMatcher
13:23:47.297 [main] INFO org.evosuite.runtime.instrumentation.EvoClassLoader -- Instrumenting class 'org.apache.logging.log4j.core.lookup.StrMatcher$TrimMatcher'.
13:23:47.297 [main] INFO org.evosuite.runtime.instrumentation.MethodCallReplacementClassAdapter -- Adding mock interface to class org/apache/logging/log4j/core/lookup/StrMatcher$TrimMatcher
13:23:47.298 [main] INFO org.evosuite.runtime.instrumentation.CreateClassResetClassAdapter -- Creating brand-new static initializer in class org/apache/logging/log4j/core/lookup/StrMatcher$TrimMatcher
13:23:47.298 [main] INFO org.evosuite.runtime.instrumentation.EvoClassLoader -- Keeping class: org.apache.logging.log4j.core.lookup.StrMatcher$TrimMatcher
13:23:47.298 [main] INFO org.evosuite.runtime.instrumentation.EvoClassLoader -- Seeing class for first time: org.apache.logging.log4j.core.lookup.StrMatcher$NoMatcher
13:23:47.298 [main] INFO org.evosuite.runtime.instrumentation.EvoClassLoader -- Instrumenting class 'org.apache.logging.log4j.core.lookup.StrMatcher$NoMatcher'.
13:23:47.299 [main] INFO org.evosuite.runtime.instrumentation.MethodCallReplacementClassAdapter -- Adding mock interface to class org/apache/logging/log4j/core/lookup/StrMatcher$NoMatcher
13:23:47.300 [main] INFO org.evosuite.runtime.instrumentation.CreateClassResetClassAdapter -- Creating brand-new static initializer in class org/apache/logging/log4j/core/lookup/StrMatcher$NoMatcher
13:23:47.300 [main] INFO org.evosuite.runtime.instrumentation.EvoClassLoader -- Keeping class: org.apache.logging.log4j.core.lookup.StrMatcher$NoMatcher
13:23:47.300 [main] INFO org.evosuite.runtime.instrumentation.EvoClassLoader -- Seeing class for first time: org.apache.logging.log4j.core.lookup.StrMatcher$StringMatcher
13:23:47.300 [main] INFO org.evosuite.runtime.instrumentation.EvoClassLoader -- Instrumenting class 'org.apache.logging.log4j.core.lookup.StrMatcher$StringMatcher'.
13:23:47.301 [main] INFO org.evosuite.runtime.instrumentation.MethodCallReplacementClassAdapter -- Adding mock interface to class org/apache/logging/log4j/core/lookup/StrMatcher$StringMatcher
13:23:47.301 [main] INFO org.evosuite.runtime.instrumentation.CreateClassResetClassAdapter -- Creating brand-new static initializer in class org/apache/logging/log4j/core/lookup/StrMatcher$StringMatcher
13:23:47.301 [main] INFO org.evosuite.runtime.instrumentation.EvoClassLoader -- Keeping class: org.apache.logging.log4j.core.lookup.StrMatcher$StringMatcher
13:23:47.301 [main] INFO org.evosuite.runtime.instrumentation.EvoClassLoader -- Seeing class for first time: org.apache.logging.log4j.core.lookup.StrMatcher$CharSetMatcher
13:23:47.301 [main] INFO org.evosuite.runtime.instrumentation.EvoClassLoader -- Instrumenting class 'org.apache.logging.log4j.core.lookup.StrMatcher$CharSetMatcher'.
13:23:47.302 [main] INFO org.evosuite.runtime.instrumentation.MethodCallReplacementClassAdapter -- Adding mock interface to class org/apache/logging/log4j/core/lookup/StrMatcher$CharSetMatcher
13:23:47.302 [main] INFO org.evosuite.runtime.instrumentation.CreateClassResetClassAdapter -- Creating brand-new static initializer in class org/apache/logging/log4j/core/lookup/StrMatcher$CharSetMatcher
13:23:47.303 [main] INFO org.evosuite.runtime.instrumentation.EvoClassLoader -- Keeping class: org.apache.logging.log4j.core.lookup.StrMatcher$CharSetMatcher
13:23:47.309 [main] INFO org.evosuite.runtime.instrumentation.EvoClassLoader -- Seeing class for first time: org.apache.logging.log4j.core.impl.DefaultLogEventFactory
13:23:47.309 [main] INFO org.evosuite.runtime.instrumentation.EvoClassLoader -- Instrumenting class 'org.apache.logging.log4j.core.impl.DefaultLogEventFactory'.
13:23:47.310 [main] INFO org.evosuite.runtime.instrumentation.MethodCallReplacementClassAdapter -- Adding mock interface to class org/apache/logging/log4j/core/impl/DefaultLogEventFactory
13:23:47.311 [main] INFO org.evosuite.runtime.instrumentation.CreateClassResetClassAdapter -- Found static initializer in class org/apache/logging/log4j/core/impl/DefaultLogEventFactory
13:23:47.312 [main] INFO org.evosuite.runtime.instrumentation.EvoClassLoader -- Seeing class for first time: org.apache.logging.log4j.core.impl.LogEventFactory
13:23:47.312 [main] INFO org.evosuite.runtime.instrumentation.EvoClassLoader -- Instrumenting class 'org.apache.logging.log4j.core.impl.LogEventFactory'.
13:23:47.314 [main] INFO org.evosuite.runtime.instrumentation.EvoClassLoader -- Seeing class for first time: org.apache.logging.log4j.core.impl.LocationAwareLogEventFactory
13:23:47.314 [main] INFO org.evosuite.runtime.instrumentation.EvoClassLoader -- Instrumenting class 'org.apache.logging.log4j.core.impl.LocationAwareLogEventFactory'.
13:23:47.316 [main] INFO org.evosuite.runtime.instrumentation.EvoClassLoader -- Keeping class: org.apache.logging.log4j.core.impl.LocationAwareLogEventFactory
13:23:47.317 [main] INFO org.evosuite.runtime.instrumentation.EvoClassLoader -- Keeping class: org.apache.logging.log4j.core.impl.LogEventFactory
13:23:47.317 [main] INFO org.evosuite.runtime.instrumentation.EvoClassLoader -- Keeping class: org.apache.logging.log4j.core.impl.DefaultLogEventFactory
13:23:47.319 [main] INFO org.evosuite.runtime.instrumentation.EvoClassLoader -- Seeing class for first time: org.apache.logging.log4j.core.config.AppenderControl
13:23:47.319 [main] INFO org.evosuite.runtime.instrumentation.EvoClassLoader -- Instrumenting class 'org.apache.logging.log4j.core.config.AppenderControl'.
13:23:47.321 [main] INFO org.evosuite.runtime.instrumentation.MethodCallReplacementClassAdapter -- Adding mock interface to class org/apache/logging/log4j/core/config/AppenderControl
13:23:47.323 [main] INFO org.evosuite.runtime.instrumentation.CreateClassResetClassAdapter -- Found static initializer in class org/apache/logging/log4j/core/config/AppenderControl
13:23:47.324 [main] INFO org.evosuite.runtime.instrumentation.EvoClassLoader -- Keeping class: org.apache.logging.log4j.core.config.AppenderControl
13:23:47.325 [main] INFO org.evosuite.runtime.instrumentation.EvoClassLoader -- Seeing class for first time: org.apache.logging.log4j.core.config.LoggerConfig$Builder
13:23:47.325 [main] INFO org.evosuite.runtime.instrumentation.EvoClassLoader -- Instrumenting class 'org.apache.logging.log4j.core.config.LoggerConfig$Builder'.
13:23:47.326 [main] INFO org.evosuite.runtime.instrumentation.MethodCallReplacementClassAdapter -- Adding mock interface to class org/apache/logging/log4j/core/config/LoggerConfig$Builder
13:23:47.328 [main] INFO org.evosuite.runtime.instrumentation.CreateClassResetClassAdapter -- Creating brand-new static initializer in class org/apache/logging/log4j/core/config/LoggerConfig$Builder
13:23:47.328 [main] INFO org.evosuite.runtime.instrumentation.EvoClassLoader -- Seeing class for first time: org.apache.logging.log4j.core.util.Builder
13:23:47.328 [main] INFO org.evosuite.runtime.instrumentation.EvoClassLoader -- Instrumenting class 'org.apache.logging.log4j.core.util.Builder'.
13:23:47.330 [main] INFO org.evosuite.runtime.instrumentation.EvoClassLoader -- Keeping class: org.apache.logging.log4j.core.util.Builder
13:23:47.331 [main] INFO org.evosuite.runtime.instrumentation.EvoClassLoader -- Keeping class: org.apache.logging.log4j.core.config.LoggerConfig$Builder
13:23:47.331 [main] INFO org.evosuite.runtime.instrumentation.EvoClassLoader -- Seeing class for first time: org.apache.logging.log4j.core.config.LoggerConfig$LoggerConfigPredicate
13:23:47.331 [main] INFO org.evosuite.runtime.instrumentation.EvoClassLoader -- Instrumenting class 'org.apache.logging.log4j.core.config.LoggerConfig$LoggerConfigPredicate'.
13:23:47.332 [main] INFO org.evosuite.runtime.instrumentation.MethodCallReplacementClassAdapter -- Adding mock interface to class org/apache/logging/log4j/core/config/LoggerConfig$LoggerConfigPredicate
13:23:47.333 [main] INFO org.evosuite.runtime.instrumentation.CreateClassResetClassAdapter -- Found static initializer in class org/apache/logging/log4j/core/config/LoggerConfig$LoggerConfigPredicate
13:23:47.333 [main] INFO org.evosuite.runtime.instrumentation.EvoClassLoader -- Keeping class: org.apache.logging.log4j.core.config.LoggerConfig$LoggerConfigPredicate
13:23:47.333 [main] INFO org.evosuite.runtime.instrumentation.EvoClassLoader -- Seeing class for first time: org.apache.logging.log4j.core.config.AppenderRef
13:23:47.333 [main] INFO org.evosuite.runtime.instrumentation.EvoClassLoader -- Instrumenting class 'org.apache.logging.log4j.core.config.AppenderRef'.
13:23:47.334 [main] INFO org.evosuite.runtime.instrumentation.MethodCallReplacementClassAdapter -- Adding mock interface to class org/apache/logging/log4j/core/config/AppenderRef
13:23:47.334 [main] INFO org.evosuite.runtime.instrumentation.CreateClassResetClassAdapter -- Found static initializer in class org/apache/logging/log4j/core/config/AppenderRef
13:23:47.335 [main] INFO org.evosuite.runtime.instrumentation.EvoClassLoader -- Keeping class: org.apache.logging.log4j.core.config.AppenderRef
13:23:47.335 [main] INFO org.evosuite.runtime.instrumentation.EvoClassLoader -- Seeing class for first time: org.apache.logging.log4j.core.config.LoggerConfig$LevelAndRefs
13:23:47.335 [main] INFO org.evosuite.runtime.instrumentation.EvoClassLoader -- Instrumenting class 'org.apache.logging.log4j.core.config.LoggerConfig$LevelAndRefs'.
13:23:47.336 [main] INFO org.evosuite.runtime.instrumentation.MethodCallReplacementClassAdapter -- Adding mock interface to class org/apache/logging/log4j/core/config/LoggerConfig$LevelAndRefs
13:23:47.336 [main] INFO org.evosuite.runtime.instrumentation.CreateClassResetClassAdapter -- Creating brand-new static initializer in class org/apache/logging/log4j/core/config/LoggerConfig$LevelAndRefs
13:23:47.336 [main] INFO org.evosuite.runtime.instrumentation.EvoClassLoader -- Keeping class: org.apache.logging.log4j.core.config.LoggerConfig$LevelAndRefs
13:23:47.337 [main] INFO org.evosuite.runtime.instrumentation.EvoClassLoader -- Seeing class for first time: org.apache.logging.log4j.core.config.AppenderControlArraySet
13:23:47.337 [main] INFO org.evosuite.runtime.instrumentation.EvoClassLoader -- Instrumenting class 'org.apache.logging.log4j.core.config.AppenderControlArraySet'.
13:23:47.338 [main] INFO org.evosuite.runtime.instrumentation.MethodCallReplacementClassAdapter -- Adding mock interface to class org/apache/logging/log4j/core/config/AppenderControlArraySet
13:23:47.339 [main] INFO org.evosuite.runtime.instrumentation.CreateClassResetClassAdapter -- Found static initializer in class org/apache/logging/log4j/core/config/AppenderControlArraySet
13:23:47.339 [main] INFO org.evosuite.runtime.instrumentation.EvoClassLoader -- Keeping class: org.apache.logging.log4j.core.config.AppenderControlArraySet
13:23:47.340 [main] INFO org.evosuite.runtime.instrumentation.EvoClassLoader -- Seeing class for first time: org.apache.logging.log4j.core.appender.AppenderLoggingException
13:23:47.340 [main] INFO org.evosuite.runtime.instrumentation.EvoClassLoader -- Instrumenting class 'org.apache.logging.log4j.core.appender.AppenderLoggingException'.
13:23:47.341 [main] INFO org.evosuite.runtime.instrumentation.MethodCallReplacementClassAdapter -- Adding mock interface to class org/apache/logging/log4j/core/appender/AppenderLoggingException
13:23:47.342 [main] INFO org.evosuite.runtime.instrumentation.CreateClassResetClassAdapter -- Creating brand-new static initializer in class org/apache/logging/log4j/core/appender/AppenderLoggingException
13:23:47.343 [main] INFO org.evosuite.runtime.instrumentation.EvoClassLoader -- Keeping class: org.apache.logging.log4j.core.appender.AppenderLoggingException
13:23:47.345 [main] INFO org.evosuite.runtime.instrumentation.EvoClassLoader -- Seeing class for first time: org.apache.logging.log4j.core.config.DefaultReliabilityStrategy
13:23:47.345 [main] INFO org.evosuite.runtime.instrumentation.EvoClassLoader -- Instrumenting class 'org.apache.logging.log4j.core.config.DefaultReliabilityStrategy'.
13:23:47.346 [main] INFO org.evosuite.runtime.instrumentation.MethodCallReplacementClassAdapter -- Adding mock interface to class org/apache/logging/log4j/core/config/DefaultReliabilityStrategy
13:23:47.355 [main] INFO org.evosuite.runtime.instrumentation.CreateClassResetClassAdapter -- Creating brand-new static initializer in class org/apache/logging/log4j/core/config/DefaultReliabilityStrategy
13:23:47.356 [main] INFO org.evosuite.runtime.instrumentation.EvoClassLoader -- Seeing class for first time: org.apache.logging.log4j.core.config.LocationAwareReliabilityStrategy
13:23:47.356 [main] INFO org.evosuite.runtime.instrumentation.EvoClassLoader -- Instrumenting class 'org.apache.logging.log4j.core.config.LocationAwareReliabilityStrategy'.
13:23:47.357 [main] INFO org.evosuite.runtime.instrumentation.EvoClassLoader -- Keeping class: org.apache.logging.log4j.core.config.LocationAwareReliabilityStrategy
13:23:47.358 [main] INFO org.evosuite.runtime.instrumentation.EvoClassLoader -- Keeping class: org.apache.logging.log4j.core.config.DefaultReliabilityStrategy
13:23:47.359 [main] INFO org.evosuite.runtime.instrumentation.EvoClassLoader -- Seeing class for first time: org.apache.logging.log4j.core.util.CronExpression
13:23:47.359 [main] INFO org.evosuite.runtime.instrumentation.EvoClassLoader -- Instrumenting class 'org.apache.logging.log4j.core.util.CronExpression'.
13:23:47.362 [main] INFO org.evosuite.runtime.instrumentation.MethodCallReplacementClassAdapter -- Adding mock interface to class org/apache/logging/log4j/core/util/CronExpression
13:23:47.377 [main] INFO org.evosuite.runtime.instrumentation.CreateClassResetClassAdapter -- Found static initializer in class org/apache/logging/log4j/core/util/CronExpression
13:23:47.379 [main] INFO org.evosuite.runtime.instrumentation.EvoClassLoader -- Keeping class: org.apache.logging.log4j.core.util.CronExpression
13:23:47.380 [main] INFO org.evosuite.runtime.instrumentation.EvoClassLoader -- Seeing class for first time: org.apache.logging.log4j.core.config.CronScheduledFuture
13:23:47.380 [main] INFO org.evosuite.runtime.instrumentation.EvoClassLoader -- Instrumenting class 'org.apache.logging.log4j.core.config.CronScheduledFuture'.
13:23:47.381 [main] INFO org.evosuite.runtime.instrumentation.MethodCallReplacementClassAdapter -- Adding mock interface to class org/apache/logging/log4j/core/config/CronScheduledFuture
13:23:47.382 [main] INFO org.evosuite.runtime.instrumentation.CreateClassResetClassAdapter -- Creating brand-new static initializer in class org/apache/logging/log4j/core/config/CronScheduledFuture
13:23:47.383 [main] INFO org.evosuite.runtime.instrumentation.EvoClassLoader -- Keeping class: org.apache.logging.log4j.core.config.CronScheduledFuture
13:23:47.385 [main] INFO org.evosuite.runtime.instrumentation.EvoClassLoader -- Seeing class for first time: org.apache.logging.log4j.core.util.WatchManager$LocalUUID
13:23:47.385 [main] INFO org.evosuite.runtime.instrumentation.EvoClassLoader -- Instrumenting class 'org.apache.logging.log4j.core.util.WatchManager$LocalUUID'.
13:23:47.391 [main] INFO org.evosuite.runtime.instrumentation.MethodCallReplacementClassAdapter -- Adding mock interface to class org/apache/logging/log4j/core/util/WatchManager$LocalUUID
13:23:47.392 [main] INFO org.evosuite.runtime.instrumentation.CreateClassResetClassAdapter -- Found static initializer in class org/apache/logging/log4j/core/util/WatchManager$LocalUUID
13:23:47.393 [main] INFO org.evosuite.runtime.instrumentation.EvoClassLoader -- Keeping class: org.apache.logging.log4j.core.util.WatchManager$LocalUUID
13:23:47.393 [main] INFO org.evosuite.runtime.instrumentation.EvoClassLoader -- Seeing class for first time: org.apache.logging.log4j.core.util.WatchManager$WatchRunnable
13:23:47.393 [main] INFO org.evosuite.runtime.instrumentation.EvoClassLoader -- Instrumenting class 'org.apache.logging.log4j.core.util.WatchManager$WatchRunnable'.
13:23:47.394 [main] INFO org.evosuite.runtime.instrumentation.MethodCallReplacementClassAdapter -- Adding mock interface to class org/apache/logging/log4j/core/util/WatchManager$WatchRunnable
13:23:47.395 [main] INFO org.evosuite.runtime.instrumentation.CreateClassResetClassAdapter -- Creating brand-new static initializer in class org/apache/logging/log4j/core/util/WatchManager$WatchRunnable
13:23:47.396 [main] INFO org.evosuite.runtime.instrumentation.EvoClassLoader -- Keeping class: org.apache.logging.log4j.core.util.WatchManager$WatchRunnable
13:23:47.398 [main] INFO org.evosuite.runtime.instrumentation.EvoClassLoader -- Seeing class for first time: org.apache.logging.log4j.spi.LoggerRegistry
13:23:47.398 [main] INFO org.evosuite.runtime.instrumentation.EvoClassLoader -- Instrumenting class 'org.apache.logging.log4j.spi.LoggerRegistry'.
13:23:47.400 [main] INFO org.evosuite.runtime.instrumentation.MethodCallReplacementClassAdapter -- Adding mock interface to class org/apache/logging/log4j/spi/LoggerRegistry
13:23:47.401 [main] INFO org.evosuite.runtime.instrumentation.CreateClassResetClassAdapter -- Found static initializer in class org/apache/logging/log4j/spi/LoggerRegistry
13:23:47.402 [main] INFO org.evosuite.runtime.instrumentation.EvoClassLoader -- Keeping class: org.apache.logging.log4j.spi.LoggerRegistry
13:23:47.417 [main] INFO org.evosuite.runtime.instrumentation.EvoClassLoader -- Seeing class for first time: org.apache.logging.log4j.core.config.json.JsonConfigurationFactory
13:23:47.417 [main] INFO org.evosuite.runtime.instrumentation.EvoClassLoader -- Instrumenting class 'org.apache.logging.log4j.core.config.json.JsonConfigurationFactory'.
13:23:47.418 [main] INFO org.evosuite.runtime.instrumentation.MethodCallReplacementClassAdapter -- Adding mock interface to class org/apache/logging/log4j/core/config/json/JsonConfigurationFactory
13:23:47.419 [main] INFO org.evosuite.runtime.instrumentation.CreateClassResetClassAdapter -- Found static initializer in class org/apache/logging/log4j/core/config/json/JsonConfigurationFactory
13:23:47.419 [main] INFO org.evosuite.runtime.instrumentation.EvoClassLoader -- Defined package (3): package org.apache.logging.log4j.core.config.json, 1752556350
13:23:47.420 [main] INFO org.evosuite.runtime.instrumentation.EvoClassLoader -- Seeing class for first time: org.apache.logging.log4j.core.config.ConfigurationFactory
13:23:47.420 [main] INFO org.evosuite.runtime.instrumentation.EvoClassLoader -- Instrumenting class 'org.apache.logging.log4j.core.config.ConfigurationFactory'.
13:23:47.421 [main] INFO org.evosuite.runtime.instrumentation.MethodCallReplacementClassAdapter -- Adding mock interface to class org/apache/logging/log4j/core/config/ConfigurationFactory
13:23:47.425 [main] INFO org.evosuite.runtime.instrumentation.CreateClassResetClassAdapter -- Found static initializer in class org/apache/logging/log4j/core/config/ConfigurationFactory
13:23:47.426 [main] INFO org.evosuite.runtime.instrumentation.EvoClassLoader -- Seeing class for first time: org.apache.logging.log4j.core.config.builder.api.ConfigurationBuilderFactory
13:23:47.426 [main] INFO org.evosuite.runtime.instrumentation.EvoClassLoader -- Instrumenting class 'org.apache.logging.log4j.core.config.builder.api.ConfigurationBuilderFactory'.
13:23:47.427 [main] INFO org.evosuite.runtime.instrumentation.MethodCallReplacementClassAdapter -- Adding mock interface to class org/apache/logging/log4j/core/config/builder/api/ConfigurationBuilderFactory
13:23:47.427 [main] INFO org.evosuite.runtime.instrumentation.CreateClassResetClassAdapter -- Creating brand-new static initializer in class org/apache/logging/log4j/core/config/builder/api/ConfigurationBuilderFactory
13:23:47.428 [main] INFO org.evosuite.runtime.instrumentation.EvoClassLoader -- Defined package (3): package org.apache.logging.log4j.core.config.builder.api, 1106471473
13:23:47.428 [main] INFO org.evosuite.runtime.instrumentation.EvoClassLoader -- Keeping class: org.apache.logging.log4j.core.config.builder.api.ConfigurationBuilderFactory
13:23:47.428 [main] INFO org.evosuite.runtime.instrumentation.EvoClassLoader -- Keeping class: org.apache.logging.log4j.core.config.ConfigurationFactory
13:23:47.428 [main] INFO org.evosuite.runtime.instrumentation.EvoClassLoader -- Keeping class: org.apache.logging.log4j.core.config.json.JsonConfigurationFactory
13:23:47.428 [main] INFO org.evosuite.runtime.instrumentation.EvoClassLoader -- Seeing class for first time: org.apache.logging.log4j.core.config.properties.PropertiesConfigurationFactory
13:23:47.428 [main] INFO org.evosuite.runtime.instrumentation.EvoClassLoader -- Instrumenting class 'org.apache.logging.log4j.core.config.properties.PropertiesConfigurationFactory'.
13:23:47.429 [main] INFO org.evosuite.runtime.instrumentation.MethodCallReplacementClassAdapter -- Adding mock interface to class org/apache/logging/log4j/core/config/properties/PropertiesConfigurationFactory
13:23:47.430 [main] INFO org.evosuite.runtime.instrumentation.CreateClassResetClassAdapter -- Creating brand-new static initializer in class org/apache/logging/log4j/core/config/properties/PropertiesConfigurationFactory
13:23:47.430 [main] INFO org.evosuite.runtime.instrumentation.EvoClassLoader -- Defined package (3): package org.apache.logging.log4j.core.config.properties, -1256658167
13:23:47.431 [main] INFO org.evosuite.runtime.instrumentation.EvoClassLoader -- Keeping class: org.apache.logging.log4j.core.config.properties.PropertiesConfigurationFactory
13:23:47.431 [main] INFO org.evosuite.runtime.instrumentation.EvoClassLoader -- Seeing class for first time: org.apache.logging.log4j.core.config.xml.XmlConfigurationFactory
13:23:47.431 [main] INFO org.evosuite.runtime.instrumentation.EvoClassLoader -- Instrumenting class 'org.apache.logging.log4j.core.config.xml.XmlConfigurationFactory'.
13:23:47.432 [main] INFO org.evosuite.runtime.instrumentation.MethodCallReplacementClassAdapter -- Adding mock interface to class org/apache/logging/log4j/core/config/xml/XmlConfigurationFactory
13:23:47.433 [main] INFO org.evosuite.runtime.instrumentation.CreateClassResetClassAdapter -- Found static initializer in class org/apache/logging/log4j/core/config/xml/XmlConfigurationFactory
13:23:47.433 [main] INFO org.evosuite.runtime.instrumentation.EvoClassLoader -- Defined package (3): package org.apache.logging.log4j.core.config.xml, -220547327
13:23:47.433 [main] INFO org.evosuite.runtime.instrumentation.EvoClassLoader -- Keeping class: org.apache.logging.log4j.core.config.xml.XmlConfigurationFactory
13:23:47.433 [main] INFO org.evosuite.runtime.instrumentation.EvoClassLoader -- Seeing class for first time: org.apache.logging.log4j.core.config.yaml.YamlConfigurationFactory
13:23:47.433 [main] INFO org.evosuite.runtime.instrumentation.EvoClassLoader -- Instrumenting class 'org.apache.logging.log4j.core.config.yaml.YamlConfigurationFactory'.
13:23:47.434 [main] INFO org.evosuite.runtime.instrumentation.MethodCallReplacementClassAdapter -- Adding mock interface to class org/apache/logging/log4j/core/config/yaml/YamlConfigurationFactory
13:23:47.435 [main] INFO org.evosuite.runtime.instrumentation.CreateClassResetClassAdapter -- Found static initializer in class org/apache/logging/log4j/core/config/yaml/YamlConfigurationFactory
13:23:47.436 [main] INFO org.evosuite.runtime.instrumentation.EvoClassLoader -- Defined package (3): package org.apache.logging.log4j.core.config.yaml, 1752985853
13:23:47.436 [main] INFO org.evosuite.runtime.instrumentation.EvoClassLoader -- Keeping class: org.apache.logging.log4j.core.config.yaml.YamlConfigurationFactory
13:23:47.436 [main] INFO org.evosuite.runtime.instrumentation.EvoClassLoader -- Seeing class for first time: org.apache.logging.log4j.core.pattern.AbstractStyleNameConverter$Black
13:23:47.436 [main] INFO org.evosuite.runtime.instrumentation.EvoClassLoader -- Instrumenting class 'org.apache.logging.log4j.core.pattern.AbstractStyleNameConverter$Black'.
13:23:47.437 [main] INFO org.evosuite.runtime.instrumentation.MethodCallReplacementClassAdapter -- Adding mock interface to class org/apache/logging/log4j/core/pattern/AbstractStyleNameConverter$Black
13:23:47.438 [main] INFO org.evosuite.runtime.instrumentation.CreateClassResetClassAdapter -- Creating brand-new static initializer in class org/apache/logging/log4j/core/pattern/AbstractStyleNameConverter$Black
13:23:47.439 [main] INFO org.evosuite.runtime.instrumentation.CreateClassResetClassAdapter -- Adding bytecode for initializing field NAME
13:23:47.439 [main] INFO org.evosuite.runtime.instrumentation.EvoClassLoader -- Defined package (3): package org.apache.logging.log4j.core.pattern, -597649478
13:23:47.439 [main] INFO org.evosuite.runtime.instrumentation.EvoClassLoader -- Seeing class for first time: org.apache.logging.log4j.core.pattern.AbstractStyleNameConverter
13:23:47.439 [main] INFO org.evosuite.runtime.instrumentation.EvoClassLoader -- Instrumenting class 'org.apache.logging.log4j.core.pattern.AbstractStyleNameConverter'.
13:23:47.441 [main] INFO org.evosuite.runtime.instrumentation.MethodCallReplacementClassAdapter -- Adding mock interface to class org/apache/logging/log4j/core/pattern/AbstractStyleNameConverter
13:23:47.451 [main] INFO org.evosuite.runtime.instrumentation.CreateClassResetClassAdapter -- Creating brand-new static initializer in class org/apache/logging/log4j/core/pattern/AbstractStyleNameConverter
13:23:47.452 [main] INFO org.evosuite.runtime.instrumentation.EvoClassLoader -- Seeing class for first time: org.apache.logging.log4j.core.pattern.LogEventPatternConverter
13:23:47.452 [main] INFO org.evosuite.runtime.instrumentation.EvoClassLoader -- Instrumenting class 'org.apache.logging.log4j.core.pattern.LogEventPatternConverter'.
13:23:47.453 [main] INFO org.evosuite.runtime.instrumentation.MethodCallReplacementClassAdapter -- Adding mock interface to class org/apache/logging/log4j/core/pattern/LogEventPatternConverter
13:23:47.454 [main] INFO org.evosuite.runtime.instrumentation.CreateClassResetClassAdapter -- Creating brand-new static initializer in class org/apache/logging/log4j/core/pattern/LogEventPatternConverter
13:23:47.454 [main] INFO org.evosuite.runtime.instrumentation.EvoClassLoader -- Seeing class for first time: org.apache.logging.log4j.core.pattern.AbstractPatternConverter
13:23:47.454 [main] INFO org.evosuite.runtime.instrumentation.EvoClassLoader -- Instrumenting class 'org.apache.logging.log4j.core.pattern.AbstractPatternConverter'.
13:23:47.455 [main] INFO org.evosuite.runtime.instrumentation.MethodCallReplacementClassAdapter -- Adding mock interface to class org/apache/logging/log4j/core/pattern/AbstractPatternConverter
13:23:47.456 [main] INFO org.evosuite.runtime.instrumentation.CreateClassResetClassAdapter -- Found static initializer in class org/apache/logging/log4j/core/pattern/AbstractPatternConverter
13:23:47.456 [main] INFO org.evosuite.runtime.instrumentation.EvoClassLoader -- Seeing class for first time: org.apache.logging.log4j.core.pattern.PatternConverter
13:23:47.456 [main] INFO org.evosuite.runtime.instrumentation.EvoClassLoader -- Instrumenting class 'org.apache.logging.log4j.core.pattern.PatternConverter'.
13:23:47.458 [main] INFO org.evosuite.runtime.instrumentation.EvoClassLoader -- Keeping class: org.apache.logging.log4j.core.pattern.PatternConverter
13:23:47.458 [main] INFO org.evosuite.runtime.instrumentation.EvoClassLoader -- Keeping class: org.apache.logging.log4j.core.pattern.AbstractPatternConverter
13:23:47.458 [main] INFO org.evosuite.runtime.instrumentation.EvoClassLoader -- Keeping class: org.apache.logging.log4j.core.pattern.LogEventPatternConverter
13:23:47.458 [main] INFO org.evosuite.runtime.instrumentation.EvoClassLoader -- Keeping class: org.apache.logging.log4j.core.pattern.AbstractStyleNameConverter
13:23:47.458 [main] INFO org.evosuite.runtime.instrumentation.EvoClassLoader -- Keeping class: org.apache.logging.log4j.core.pattern.AbstractStyleNameConverter$Black
13:23:47.459 [main] INFO org.evosuite.runtime.instrumentation.EvoClassLoader -- Seeing class for first time: org.apache.logging.log4j.core.pattern.AbstractStyleNameConverter$Blue
13:23:47.459 [main] INFO org.evosuite.runtime.instrumentation.EvoClassLoader -- Instrumenting class 'org.apache.logging.log4j.core.pattern.AbstractStyleNameConverter$Blue'.
13:23:47.460 [main] INFO org.evosuite.runtime.instrumentation.MethodCallReplacementClassAdapter -- Adding mock interface to class org/apache/logging/log4j/core/pattern/AbstractStyleNameConverter$Blue
13:23:47.460 [main] INFO org.evosuite.runtime.instrumentation.CreateClassResetClassAdapter -- Creating brand-new static initializer in class org/apache/logging/log4j/core/pattern/AbstractStyleNameConverter$Blue
13:23:47.460 [main] INFO org.evosuite.runtime.instrumentation.CreateClassResetClassAdapter -- Adding bytecode for initializing field NAME
13:23:47.461 [main] INFO org.evosuite.runtime.instrumentation.EvoClassLoader -- Keeping class: org.apache.logging.log4j.core.pattern.AbstractStyleNameConverter$Blue
13:23:47.461 [main] INFO org.evosuite.runtime.instrumentation.EvoClassLoader -- Seeing class for first time: org.apache.logging.log4j.core.pattern.ClassNamePatternConverter
13:23:47.461 [main] INFO org.evosuite.runtime.instrumentation.EvoClassLoader -- Instrumenting class 'org.apache.logging.log4j.core.pattern.ClassNamePatternConverter'.
13:23:47.462 [main] INFO org.evosuite.runtime.instrumentation.MethodCallReplacementClassAdapter -- Adding mock interface to class org/apache/logging/log4j/core/pattern/ClassNamePatternConverter
13:23:47.462 [main] INFO org.evosuite.runtime.instrumentation.CreateClassResetClassAdapter -- Creating brand-new static initializer in class org/apache/logging/log4j/core/pattern/ClassNamePatternConverter
13:23:47.462 [main] INFO org.evosuite.runtime.instrumentation.CreateClassResetClassAdapter -- Adding bytecode for initializing field NA
13:23:47.463 [main] INFO org.evosuite.runtime.instrumentation.EvoClassLoader -- Seeing class for first time: org.apache.logging.log4j.core.pattern.NamePatternConverter
13:23:47.463 [main] INFO org.evosuite.runtime.instrumentation.EvoClassLoader -- Instrumenting class 'org.apache.logging.log4j.core.pattern.NamePatternConverter'.
13:23:47.463 [main] INFO org.evosuite.runtime.instrumentation.MethodCallReplacementClassAdapter -- Adding mock interface to class org/apache/logging/log4j/core/pattern/NamePatternConverter
13:23:47.465 [main] INFO org.evosuite.runtime.instrumentation.CreateClassResetClassAdapter -- Creating brand-new static initializer in class org/apache/logging/log4j/core/pattern/NamePatternConverter
13:23:47.466 [main] INFO org.evosuite.runtime.instrumentation.EvoClassLoader -- Keeping class: org.apache.logging.log4j.core.pattern.NamePatternConverter
13:23:47.466 [main] INFO org.evosuite.runtime.instrumentation.EvoClassLoader -- Keeping class: org.apache.logging.log4j.core.pattern.ClassNamePatternConverter
13:23:47.466 [main] INFO org.evosuite.runtime.instrumentation.EvoClassLoader -- Seeing class for first time: org.apache.logging.log4j.core.pattern.AbstractStyleNameConverter$Cyan
13:23:47.466 [main] INFO org.evosuite.runtime.instrumentation.EvoClassLoader -- Instrumenting class 'org.apache.logging.log4j.core.pattern.AbstractStyleNameConverter$Cyan'.
13:23:47.467 [main] INFO org.evosuite.runtime.instrumentation.MethodCallReplacementClassAdapter -- Adding mock interface to class org/apache/logging/log4j/core/pattern/AbstractStyleNameConverter$Cyan
13:23:47.468 [main] INFO org.evosuite.runtime.instrumentation.CreateClassResetClassAdapter -- Creating brand-new static initializer in class org/apache/logging/log4j/core/pattern/AbstractStyleNameConverter$Cyan
13:23:47.468 [main] INFO org.evosuite.runtime.instrumentation.CreateClassResetClassAdapter -- Adding bytecode for initializing field NAME
13:23:47.468 [main] INFO org.evosuite.runtime.instrumentation.EvoClassLoader -- Keeping class: org.apache.logging.log4j.core.pattern.AbstractStyleNameConverter$Cyan
13:23:47.468 [main] INFO org.evosuite.runtime.instrumentation.EvoClassLoader -- Seeing class for first time: org.apache.logging.log4j.core.pattern.DatePatternConverter
13:23:47.468 [main] INFO org.evosuite.runtime.instrumentation.EvoClassLoader -- Instrumenting class 'org.apache.logging.log4j.core.pattern.DatePatternConverter'.
13:23:47.470 [main] INFO org.evosuite.runtime.instrumentation.MethodCallReplacementClassAdapter -- Adding mock interface to class org/apache/logging/log4j/core/pattern/DatePatternConverter
13:23:47.472 [main] INFO org.evosuite.runtime.instrumentation.CreateClassResetClassAdapter -- Creating brand-new static initializer in class org/apache/logging/log4j/core/pattern/DatePatternConverter
13:23:47.473 [main] INFO org.evosuite.runtime.instrumentation.CreateClassResetClassAdapter -- Adding bytecode for initializing field UNIX_FORMAT
13:23:47.473 [main] INFO org.evosuite.runtime.instrumentation.CreateClassResetClassAdapter -- Adding bytecode for initializing field UNIX_MILLIS_FORMAT
13:23:47.473 [main] INFO org.evosuite.runtime.instrumentation.EvoClassLoader -- Seeing class for first time: org.apache.logging.log4j.core.pattern.ArrayPatternConverter
13:23:47.473 [main] INFO org.evosuite.runtime.instrumentation.EvoClassLoader -- Instrumenting class 'org.apache.logging.log4j.core.pattern.ArrayPatternConverter'.
13:23:47.474 [main] INFO org.evosuite.runtime.instrumentation.EvoClassLoader -- Keeping class: org.apache.logging.log4j.core.pattern.ArrayPatternConverter
13:23:47.475 [main] INFO org.evosuite.runtime.instrumentation.EvoClassLoader -- Keeping class: org.apache.logging.log4j.core.pattern.DatePatternConverter
13:23:47.475 [main] INFO org.evosuite.runtime.instrumentation.EvoClassLoader -- Seeing class for first time: org.apache.logging.log4j.core.pattern.EncodingPatternConverter
13:23:47.475 [main] INFO org.evosuite.runtime.instrumentation.EvoClassLoader -- Instrumenting class 'org.apache.logging.log4j.core.pattern.EncodingPatternConverter'.
13:23:47.476 [main] INFO org.evosuite.runtime.instrumentation.MethodCallReplacementClassAdapter -- Adding mock interface to class org/apache/logging/log4j/core/pattern/EncodingPatternConverter
13:23:47.476 [main] INFO org.evosuite.runtime.instrumentation.CreateClassResetClassAdapter -- Creating brand-new static initializer in class org/apache/logging/log4j/core/pattern/EncodingPatternConverter
13:23:47.477 [main] INFO org.evosuite.runtime.instrumentation.EvoClassLoader -- Keeping class: org.apache.logging.log4j.core.pattern.EncodingPatternConverter
13:23:47.477 [main] INFO org.evosuite.runtime.instrumentation.EvoClassLoader -- Seeing class for first time: org.apache.logging.log4j.core.pattern.EndOfBatchPatternConverter
13:23:47.477 [main] INFO org.evosuite.runtime.instrumentation.EvoClassLoader -- Instrumenting class 'org.apache.logging.log4j.core.pattern.EndOfBatchPatternConverter'.
13:23:47.477 [main] INFO org.evosuite.runtime.instrumentation.MethodCallReplacementClassAdapter -- Adding mock interface to class org/apache/logging/log4j/core/pattern/EndOfBatchPatternConverter
13:23:47.478 [main] INFO org.evosuite.runtime.instrumentation.CreateClassResetClassAdapter -- Found static initializer in class org/apache/logging/log4j/core/pattern/EndOfBatchPatternConverter
13:23:47.478 [main] INFO org.evosuite.runtime.instrumentation.EvoClassLoader -- Keeping class: org.apache.logging.log4j.core.pattern.EndOfBatchPatternConverter
13:23:47.478 [main] INFO org.evosuite.runtime.instrumentation.EvoClassLoader -- Seeing class for first time: org.apache.logging.log4j.core.pattern.EqualsReplacementConverter
13:23:47.478 [main] INFO org.evosuite.runtime.instrumentation.EvoClassLoader -- Instrumenting class 'org.apache.logging.log4j.core.pattern.EqualsReplacementConverter'.
13:23:47.479 [main] INFO org.evosuite.runtime.instrumentation.MethodCallReplacementClassAdapter -- Adding mock interface to class org/apache/logging/log4j/core/pattern/EqualsReplacementConverter
13:23:47.480 [main] INFO org.evosuite.runtime.instrumentation.CreateClassResetClassAdapter -- Creating brand-new static initializer in class org/apache/logging/log4j/core/pattern/EqualsReplacementConverter
13:23:47.481 [main] INFO org.evosuite.runtime.instrumentation.EvoClassLoader -- Seeing class for first time: org.apache.logging.log4j.core.pattern.EqualsBaseReplacementConverter
13:23:47.481 [main] INFO org.evosuite.runtime.instrumentation.EvoClassLoader -- Instrumenting class 'org.apache.logging.log4j.core.pattern.EqualsBaseReplacementConverter'.
13:23:47.482 [main] INFO org.evosuite.runtime.instrumentation.MethodCallReplacementClassAdapter -- Adding mock interface to class org/apache/logging/log4j/core/pattern/EqualsBaseReplacementConverter
13:23:47.483 [main] INFO org.evosuite.runtime.instrumentation.CreateClassResetClassAdapter -- Creating brand-new static initializer in class org/apache/logging/log4j/core/pattern/EqualsBaseReplacementConverter
13:23:47.484 [main] INFO org.evosuite.runtime.instrumentation.EvoClassLoader -- Keeping class: org.apache.logging.log4j.core.pattern.EqualsBaseReplacementConverter
13:23:47.484 [main] INFO org.evosuite.runtime.instrumentation.EvoClassLoader -- Keeping class: org.apache.logging.log4j.core.pattern.EqualsReplacementConverter
13:23:47.484 [main] INFO org.evosuite.runtime.instrumentation.EvoClassLoader -- Seeing class for first time: org.apache.logging.log4j.core.pattern.EqualsIgnoreCaseReplacementConverter
13:23:47.484 [main] INFO org.evosuite.runtime.instrumentation.EvoClassLoader -- Instrumenting class 'org.apache.logging.log4j.core.pattern.EqualsIgnoreCaseReplacementConverter'.
13:23:47.485 [main] INFO org.evosuite.runtime.instrumentation.MethodCallReplacementClassAdapter -- Adding mock interface to class org/apache/logging/log4j/core/pattern/EqualsIgnoreCaseReplacementConverter
13:23:47.486 [main] INFO org.evosuite.runtime.instrumentation.CreateClassResetClassAdapter -- Creating brand-new static initializer in class org/apache/logging/log4j/core/pattern/EqualsIgnoreCaseReplacementConverter
13:23:47.486 [main] INFO org.evosuite.runtime.instrumentation.EvoClassLoader -- Keeping class: org.apache.logging.log4j.core.pattern.EqualsIgnoreCaseReplacementConverter
13:23:47.486 [main] INFO org.evosuite.runtime.instrumentation.EvoClassLoader -- Seeing class for first time: org.apache.logging.log4j.core.pattern.ExtendedThrowablePatternConverter
13:23:47.487 [main] INFO org.evosuite.runtime.instrumentation.EvoClassLoader -- Instrumenting class 'org.apache.logging.log4j.core.pattern.ExtendedThrowablePatternConverter'.
13:23:47.488 [main] INFO org.evosuite.runtime.instrumentation.MethodCallReplacementClassAdapter -- Adding mock interface to class org/apache/logging/log4j/core/pattern/ExtendedThrowablePatternConverter
13:23:47.489 [main] INFO org.evosuite.runtime.instrumentation.CreateClassResetClassAdapter -- Creating brand-new static initializer in class org/apache/logging/log4j/core/pattern/ExtendedThrowablePatternConverter
13:23:47.489 [main] INFO org.evosuite.runtime.instrumentation.EvoClassLoader -- Seeing class for first time: org.apache.logging.log4j.core.pattern.ThrowablePatternConverter
13:23:47.489 [main] INFO org.evosuite.runtime.instrumentation.EvoClassLoader -- Instrumenting class 'org.apache.logging.log4j.core.pattern.ThrowablePatternConverter'.
13:23:47.490 [main] INFO org.evosuite.runtime.instrumentation.MethodCallReplacementClassAdapter -- Adding mock interface to class org/apache/logging/log4j/core/pattern/ThrowablePatternConverter
13:23:47.497 [main] INFO org.evosuite.runtime.instrumentation.CreateClassResetClassAdapter -- Creating brand-new static initializer in class org/apache/logging/log4j/core/pattern/ThrowablePatternConverter
13:23:47.498 [main] INFO org.evosuite.runtime.instrumentation.EvoClassLoader -- Keeping class: org.apache.logging.log4j.core.pattern.ThrowablePatternConverter
13:23:47.498 [main] INFO org.evosuite.runtime.instrumentation.EvoClassLoader -- Keeping class: org.apache.logging.log4j.core.pattern.ExtendedThrowablePatternConverter
13:23:47.498 [main] INFO org.evosuite.runtime.instrumentation.EvoClassLoader -- Seeing class for first time: org.apache.logging.log4j.core.pattern.FileLocationPatternConverter
13:23:47.498 [main] INFO org.evosuite.runtime.instrumentation.EvoClassLoader -- Instrumenting class 'org.apache.logging.log4j.core.pattern.FileLocationPatternConverter'.
13:23:47.499 [main] INFO org.evosuite.runtime.instrumentation.MethodCallReplacementClassAdapter -- Adding mock interface to class org/apache/logging/log4j/core/pattern/FileLocationPatternConverter
13:23:47.500 [main] INFO org.evosuite.runtime.instrumentation.CreateClassResetClassAdapter -- Found static initializer in class org/apache/logging/log4j/core/pattern/FileLocationPatternConverter
13:23:47.501 [main] INFO org.evosuite.runtime.instrumentation.EvoClassLoader -- Keeping class: org.apache.logging.log4j.core.pattern.FileLocationPatternConverter
13:23:47.501 [main] INFO org.evosuite.runtime.instrumentation.EvoClassLoader -- Seeing class for first time: org.apache.logging.log4j.core.pattern.FullLocationPatternConverter
13:23:47.501 [main] INFO org.evosuite.runtime.instrumentation.EvoClassLoader -- Instrumenting class 'org.apache.logging.log4j.core.pattern.FullLocationPatternConverter'.
13:23:47.502 [main] INFO org.evosuite.runtime.instrumentation.MethodCallReplacementClassAdapter -- Adding mock interface to class org/apache/logging/log4j/core/pattern/FullLocationPatternConverter
13:23:47.502 [main] INFO org.evosuite.runtime.instrumentation.CreateClassResetClassAdapter -- Found static initializer in class org/apache/logging/log4j/core/pattern/FullLocationPatternConverter
13:23:47.503 [main] INFO org.evosuite.runtime.instrumentation.EvoClassLoader -- Keeping class: org.apache.logging.log4j.core.pattern.FullLocationPatternConverter
13:23:47.503 [main] INFO org.evosuite.runtime.instrumentation.EvoClassLoader -- Seeing class for first time: org.apache.logging.log4j.core.pattern.AbstractStyleNameConverter$Green
13:23:47.503 [main] INFO org.evosuite.runtime.instrumentation.EvoClassLoader -- Instrumenting class 'org.apache.logging.log4j.core.pattern.AbstractStyleNameConverter$Green'.
13:23:47.504 [main] INFO org.evosuite.runtime.instrumentation.MethodCallReplacementClassAdapter -- Adding mock interface to class org/apache/logging/log4j/core/pattern/AbstractStyleNameConverter$Green
13:23:47.505 [main] INFO org.evosuite.runtime.instrumentation.CreateClassResetClassAdapter -- Creating brand-new static initializer in class org/apache/logging/log4j/core/pattern/AbstractStyleNameConverter$Green
13:23:47.505 [main] INFO org.evosuite.runtime.instrumentation.CreateClassResetClassAdapter -- Adding bytecode for initializing field NAME
13:23:47.505 [main] INFO org.evosuite.runtime.instrumentation.EvoClassLoader -- Keeping class: org.apache.logging.log4j.core.pattern.AbstractStyleNameConverter$Green
13:23:47.505 [main] INFO org.evosuite.runtime.instrumentation.EvoClassLoader -- Seeing class for first time: org.apache.logging.log4j.core.pattern.HighlightConverter
13:23:47.505 [main] INFO org.evosuite.runtime.instrumentation.EvoClassLoader -- Instrumenting class 'org.apache.logging.log4j.core.pattern.HighlightConverter'.
13:23:47.506 [main] INFO org.evosuite.runtime.instrumentation.MethodCallReplacementClassAdapter -- Adding mock interface to class org/apache/logging/log4j/core/pattern/HighlightConverter
13:23:47.508 [main] INFO org.evosuite.runtime.instrumentation.CreateClassResetClassAdapter -- Found static initializer in class org/apache/logging/log4j/core/pattern/HighlightConverter
13:23:47.508 [main] INFO org.evosuite.runtime.instrumentation.EvoClassLoader -- Seeing class for first time: org.apache.logging.log4j.core.pattern.AnsiConverter
13:23:47.509 [main] INFO org.evosuite.runtime.instrumentation.EvoClassLoader -- Instrumenting class 'org.apache.logging.log4j.core.pattern.AnsiConverter'.
13:23:47.510 [main] INFO org.evosuite.runtime.instrumentation.EvoClassLoader -- Keeping class: org.apache.logging.log4j.core.pattern.AnsiConverter
13:23:47.510 [main] INFO org.evosuite.runtime.instrumentation.EvoClassLoader -- Keeping class: org.apache.logging.log4j.core.pattern.HighlightConverter
13:23:47.510 [main] INFO org.evosuite.runtime.instrumentation.EvoClassLoader -- Seeing class for first time: org.apache.logging.log4j.core.pattern.LevelPatternConverter
13:23:47.510 [main] INFO org.evosuite.runtime.instrumentation.EvoClassLoader -- Instrumenting class 'org.apache.logging.log4j.core.pattern.LevelPatternConverter'.
13:23:47.511 [main] INFO org.evosuite.runtime.instrumentation.MethodCallReplacementClassAdapter -- Adding mock interface to class org/apache/logging/log4j/core/pattern/LevelPatternConverter
13:23:47.513 [main] INFO org.evosuite.runtime.instrumentation.CreateClassResetClassAdapter -- Found static initializer in class org/apache/logging/log4j/core/pattern/LevelPatternConverter
13:23:47.514 [main] INFO org.evosuite.runtime.instrumentation.EvoClassLoader -- Keeping class: org.apache.logging.log4j.core.pattern.LevelPatternConverter
13:23:47.514 [main] INFO org.evosuite.runtime.instrumentation.EvoClassLoader -- Seeing class for first time: org.apache.logging.log4j.core.pattern.LineLocationPatternConverter
13:23:47.514 [main] INFO org.evosuite.runtime.instrumentation.EvoClassLoader -- Instrumenting class 'org.apache.logging.log4j.core.pattern.LineLocationPatternConverter'.
13:23:47.515 [main] INFO org.evosuite.runtime.instrumentation.MethodCallReplacementClassAdapter -- Adding mock interface to class org/apache/logging/log4j/core/pattern/LineLocationPatternConverter
13:23:47.516 [main] INFO org.evosuite.runtime.instrumentation.CreateClassResetClassAdapter -- Found static initializer in class org/apache/logging/log4j/core/pattern/LineLocationPatternConverter
13:23:47.516 [main] INFO org.evosuite.runtime.instrumentation.EvoClassLoader -- Keeping class: org.apache.logging.log4j.core.pattern.LineLocationPatternConverter
13:23:47.517 [main] INFO org.evosuite.runtime.instrumentation.EvoClassLoader -- Seeing class for first time: org.apache.logging.log4j.core.pattern.LineSeparatorPatternConverter
13:23:47.517 [main] INFO org.evosuite.runtime.instrumentation.EvoClassLoader -- Instrumenting class 'org.apache.logging.log4j.core.pattern.LineSeparatorPatternConverter'.
13:23:47.518 [main] INFO org.evosuite.runtime.instrumentation.MethodCallReplacementClassAdapter -- Adding mock interface to class org/apache/logging/log4j/core/pattern/LineSeparatorPatternConverter
13:23:47.519 [main] INFO org.evosuite.runtime.instrumentation.CreateClassResetClassAdapter -- Found static initializer in class org/apache/logging/log4j/core/pattern/LineSeparatorPatternConverter
13:23:47.519 [main] INFO org.evosuite.runtime.instrumentation.EvoClassLoader -- Keeping class: org.apache.logging.log4j.core.pattern.LineSeparatorPatternConverter
13:23:47.519 [main] INFO org.evosuite.runtime.instrumentation.EvoClassLoader -- Seeing class for first time: org.apache.logging.log4j.core.pattern.LoggerFqcnPatternConverter
13:23:47.519 [main] INFO org.evosuite.runtime.instrumentation.EvoClassLoader -- Instrumenting class 'org.apache.logging.log4j.core.pattern.LoggerFqcnPatternConverter'.
13:23:47.520 [main] INFO org.evosuite.runtime.instrumentation.MethodCallReplacementClassAdapter -- Adding mock interface to class org/apache/logging/log4j/core/pattern/LoggerFqcnPatternConverter
13:23:47.521 [main] INFO org.evosuite.runtime.instrumentation.CreateClassResetClassAdapter -- Found static initializer in class org/apache/logging/log4j/core/pattern/LoggerFqcnPatternConverter
13:23:47.522 [main] INFO org.evosuite.runtime.instrumentation.EvoClassLoader -- Keeping class: org.apache.logging.log4j.core.pattern.LoggerFqcnPatternConverter
13:23:47.522 [main] INFO org.evosuite.runtime.instrumentation.EvoClassLoader -- Seeing class for first time: org.apache.logging.log4j.core.pattern.LoggerPatternConverter
13:23:47.522 [main] INFO org.evosuite.runtime.instrumentation.EvoClassLoader -- Instrumenting class 'org.apache.logging.log4j.core.pattern.LoggerPatternConverter'.
13:23:47.523 [main] INFO org.evosuite.runtime.instrumentation.MethodCallReplacementClassAdapter -- Adding mock interface to class org/apache/logging/log4j/core/pattern/LoggerPatternConverter
13:23:47.524 [main] INFO org.evosuite.runtime.instrumentation.CreateClassResetClassAdapter -- Found static initializer in class org/apache/logging/log4j/core/pattern/LoggerPatternConverter
13:23:47.524 [main] INFO org.evosuite.runtime.instrumentation.EvoClassLoader -- Keeping class: org.apache.logging.log4j.core.pattern.LoggerPatternConverter
13:23:47.524 [main] INFO org.evosuite.runtime.instrumentation.EvoClassLoader -- Seeing class for first time: org.apache.logging.log4j.core.pattern.AbstractStyleNameConverter$Magenta
13:23:47.524 [main] INFO org.evosuite.runtime.instrumentation.EvoClassLoader -- Instrumenting class 'org.apache.logging.log4j.core.pattern.AbstractStyleNameConverter$Magenta'.
13:23:47.525 [main] INFO org.evosuite.runtime.instrumentation.MethodCallReplacementClassAdapter -- Adding mock interface to class org/apache/logging/log4j/core/pattern/AbstractStyleNameConverter$Magenta
13:23:47.526 [main] INFO org.evosuite.runtime.instrumentation.CreateClassResetClassAdapter -- Creating brand-new static initializer in class org/apache/logging/log4j/core/pattern/AbstractStyleNameConverter$Magenta
13:23:47.526 [main] INFO org.evosuite.runtime.instrumentation.CreateClassResetClassAdapter -- Adding bytecode for initializing field NAME
13:23:47.526 [main] INFO org.evosuite.runtime.instrumentation.EvoClassLoader -- Keeping class: org.apache.logging.log4j.core.pattern.AbstractStyleNameConverter$Magenta
13:23:47.526 [main] INFO org.evosuite.runtime.instrumentation.EvoClassLoader -- Seeing class for first time: org.apache.logging.log4j.core.pattern.MapPatternConverter
13:23:47.526 [main] INFO org.evosuite.runtime.instrumentation.EvoClassLoader -- Instrumenting class 'org.apache.logging.log4j.core.pattern.MapPatternConverter'.
13:23:47.527 [main] INFO org.evosuite.runtime.instrumentation.MethodCallReplacementClassAdapter -- Adding mock interface to class org/apache/logging/log4j/core/pattern/MapPatternConverter
13:23:47.528 [main] INFO org.evosuite.runtime.instrumentation.CreateClassResetClassAdapter -- Found static initializer in class org/apache/logging/log4j/core/pattern/MapPatternConverter
13:23:47.529 [main] INFO org.evosuite.runtime.instrumentation.EvoClassLoader -- Keeping class: org.apache.logging.log4j.core.pattern.MapPatternConverter
13:23:47.529 [main] INFO org.evosuite.runtime.instrumentation.EvoClassLoader -- Seeing class for first time: org.apache.logging.log4j.core.pattern.MarkerSimpleNamePatternConverter
13:23:47.529 [main] INFO org.evosuite.runtime.instrumentation.EvoClassLoader -- Instrumenting class 'org.apache.logging.log4j.core.pattern.MarkerSimpleNamePatternConverter'.
13:23:47.530 [main] INFO org.evosuite.runtime.instrumentation.MethodCallReplacementClassAdapter -- Adding mock interface to class org/apache/logging/log4j/core/pattern/MarkerSimpleNamePatternConverter
13:23:47.531 [main] INFO org.evosuite.runtime.instrumentation.CreateClassResetClassAdapter -- Creating brand-new static initializer in class org/apache/logging/log4j/core/pattern/MarkerSimpleNamePatternConverter
13:23:47.531 [main] INFO org.evosuite.runtime.instrumentation.EvoClassLoader -- Keeping class: org.apache.logging.log4j.core.pattern.MarkerSimpleNamePatternConverter
13:23:47.531 [main] INFO org.evosuite.runtime.instrumentation.EvoClassLoader -- Seeing class for first time: org.apache.logging.log4j.core.pattern.MarkerPatternConverter
13:23:47.531 [main] INFO org.evosuite.runtime.instrumentation.EvoClassLoader -- Instrumenting class 'org.apache.logging.log4j.core.pattern.MarkerPatternConverter'.
13:23:47.532 [main] INFO org.evosuite.runtime.instrumentation.MethodCallReplacementClassAdapter -- Adding mock interface to class org/apache/logging/log4j/core/pattern/MarkerPatternConverter
13:23:47.533 [main] INFO org.evosuite.runtime.instrumentation.CreateClassResetClassAdapter -- Creating brand-new static initializer in class org/apache/logging/log4j/core/pattern/MarkerPatternConverter
13:23:47.533 [main] INFO org.evosuite.runtime.instrumentation.EvoClassLoader -- Keeping class: org.apache.logging.log4j.core.pattern.MarkerPatternConverter
13:23:47.533 [main] INFO org.evosuite.runtime.instrumentation.EvoClassLoader -- Seeing class for first time: org.apache.logging.log4j.core.pattern.MaxLengthConverter
13:23:47.534 [main] INFO org.evosuite.runtime.instrumentation.EvoClassLoader -- Instrumenting class 'org.apache.logging.log4j.core.pattern.MaxLengthConverter'.
13:23:47.535 [main] INFO org.evosuite.runtime.instrumentation.MethodCallReplacementClassAdapter -- Adding mock interface to class org/apache/logging/log4j/core/pattern/MaxLengthConverter
13:23:47.536 [main] INFO org.evosuite.runtime.instrumentation.CreateClassResetClassAdapter -- Creating brand-new static initializer in class org/apache/logging/log4j/core/pattern/MaxLengthConverter
13:23:47.536 [main] INFO org.evosuite.runtime.instrumentation.EvoClassLoader -- Keeping class: org.apache.logging.log4j.core.pattern.MaxLengthConverter
13:23:47.536 [main] INFO org.evosuite.runtime.instrumentation.EvoClassLoader -- Seeing class for first time: org.apache.logging.log4j.core.pattern.MdcPatternConverter
13:23:47.536 [main] INFO org.evosuite.runtime.instrumentation.EvoClassLoader -- Instrumenting class 'org.apache.logging.log4j.core.pattern.MdcPatternConverter'.
13:23:47.537 [main] INFO org.evosuite.runtime.instrumentation.MethodCallReplacementClassAdapter -- Adding mock interface to class org/apache/logging/log4j/core/pattern/MdcPatternConverter
13:23:47.539 [main] INFO org.evosuite.runtime.instrumentation.CreateClassResetClassAdapter -- Found static initializer in class org/apache/logging/log4j/core/pattern/MdcPatternConverter
13:23:47.540 [main] INFO org.evosuite.runtime.instrumentation.EvoClassLoader -- Keeping class: org.apache.logging.log4j.core.pattern.MdcPatternConverter
13:23:47.541 [main] INFO org.evosuite.runtime.instrumentation.EvoClassLoader -- Seeing class for first time: org.apache.logging.log4j.core.pattern.MessagePatternConverter
13:23:47.541 [main] INFO org.evosuite.runtime.instrumentation.EvoClassLoader -- Instrumenting class 'org.apache.logging.log4j.core.pattern.MessagePatternConverter'.
13:23:47.542 [main] INFO org.evosuite.runtime.instrumentation.MethodCallReplacementClassAdapter -- Adding mock interface to class org/apache/logging/log4j/core/pattern/MessagePatternConverter
13:23:47.550 [main] INFO org.evosuite.runtime.instrumentation.CreateClassResetClassAdapter -- Creating brand-new static initializer in class org/apache/logging/log4j/core/pattern/MessagePatternConverter
13:23:47.550 [main] INFO org.evosuite.runtime.instrumentation.CreateClassResetClassAdapter -- Adding bytecode for initializing field LOOKUPS
13:23:47.550 [main] INFO org.evosuite.runtime.instrumentation.CreateClassResetClassAdapter -- Adding bytecode for initializing field NOLOOKUPS
13:23:47.550 [main] INFO org.evosuite.runtime.instrumentation.EvoClassLoader -- Keeping class: org.apache.logging.log4j.core.pattern.MessagePatternConverter
13:23:47.550 [main] INFO org.evosuite.runtime.instrumentation.EvoClassLoader -- Seeing class for first time: org.apache.logging.log4j.core.pattern.MethodLocationPatternConverter
13:23:47.551 [main] INFO org.evosuite.runtime.instrumentation.EvoClassLoader -- Instrumenting class 'org.apache.logging.log4j.core.pattern.MethodLocationPatternConverter'.
13:23:47.552 [main] INFO org.evosuite.runtime.instrumentation.MethodCallReplacementClassAdapter -- Adding mock interface to class org/apache/logging/log4j/core/pattern/MethodLocationPatternConverter
13:23:47.553 [main] INFO org.evosuite.runtime.instrumentation.CreateClassResetClassAdapter -- Found static initializer in class org/apache/logging/log4j/core/pattern/MethodLocationPatternConverter
13:23:47.553 [main] INFO org.evosuite.runtime.instrumentation.EvoClassLoader -- Keeping class: org.apache.logging.log4j.core.pattern.MethodLocationPatternConverter
13:23:47.553 [main] INFO org.evosuite.runtime.instrumentation.EvoClassLoader -- Seeing class for first time: org.apache.logging.log4j.core.pattern.NanoTimePatternConverter
13:23:47.553 [main] INFO org.evosuite.runtime.instrumentation.EvoClassLoader -- Instrumenting class 'org.apache.logging.log4j.core.pattern.NanoTimePatternConverter'.
13:23:47.554 [main] INFO org.evosuite.runtime.instrumentation.MethodCallReplacementClassAdapter -- Adding mock interface to class org/apache/logging/log4j/core/pattern/NanoTimePatternConverter
13:23:47.555 [main] INFO org.evosuite.runtime.instrumentation.CreateClassResetClassAdapter -- Creating brand-new static initializer in class org/apache/logging/log4j/core/pattern/NanoTimePatternConverter
13:23:47.555 [main] INFO org.evosuite.runtime.instrumentation.EvoClassLoader -- Keeping class: org.apache.logging.log4j.core.pattern.NanoTimePatternConverter
13:23:47.556 [main] INFO org.evosuite.runtime.instrumentation.EvoClassLoader -- Seeing class for first time: org.apache.logging.log4j.core.pattern.NdcPatternConverter
13:23:47.556 [main] INFO org.evosuite.runtime.instrumentation.EvoClassLoader -- Instrumenting class 'org.apache.logging.log4j.core.pattern.NdcPatternConverter'.
13:23:47.557 [main] INFO org.evosuite.runtime.instrumentation.MethodCallReplacementClassAdapter -- Adding mock interface to class org/apache/logging/log4j/core/pattern/NdcPatternConverter
13:23:47.558 [main] INFO org.evosuite.runtime.instrumentation.CreateClassResetClassAdapter -- Found static initializer in class org/apache/logging/log4j/core/pattern/NdcPatternConverter
13:23:47.558 [main] INFO org.evosuite.runtime.instrumentation.EvoClassLoader -- Keeping class: org.apache.logging.log4j.core.pattern.NdcPatternConverter
13:23:47.558 [main] INFO org.evosuite.runtime.instrumentation.EvoClassLoader -- Seeing class for first time: org.apache.logging.log4j.core.pattern.VariablesNotEmptyReplacementConverter
13:23:47.558 [main] INFO org.evosuite.runtime.instrumentation.EvoClassLoader -- Instrumenting class 'org.apache.logging.log4j.core.pattern.VariablesNotEmptyReplacementConverter'.
13:23:47.560 [main] INFO org.evosuite.runtime.instrumentation.MethodCallReplacementClassAdapter -- Adding mock interface to class org/apache/logging/log4j/core/pattern/VariablesNotEmptyReplacementConverter
13:23:47.561 [main] INFO org.evosuite.runtime.instrumentation.CreateClassResetClassAdapter -- Creating brand-new static initializer in class org/apache/logging/log4j/core/pattern/VariablesNotEmptyReplacementConverter
13:23:47.562 [main] INFO org.evosuite.runtime.instrumentation.EvoClassLoader -- Keeping class: org.apache.logging.log4j.core.pattern.VariablesNotEmptyReplacementConverter
13:23:47.562 [main] INFO org.evosuite.runtime.instrumentation.EvoClassLoader -- Seeing class for first time: org.apache.logging.log4j.core.pattern.ProcessIdPatternConverter
13:23:47.562 [main] INFO org.evosuite.runtime.instrumentation.EvoClassLoader -- Instrumenting class 'org.apache.logging.log4j.core.pattern.ProcessIdPatternConverter'.
13:23:47.563 [main] INFO org.evosuite.runtime.instrumentation.MethodCallReplacementClassAdapter -- Adding mock interface to class org/apache/logging/log4j/core/pattern/ProcessIdPatternConverter
13:23:47.564 [main] INFO org.evosuite.runtime.instrumentation.CreateClassResetClassAdapter -- Creating brand-new static initializer in class org/apache/logging/log4j/core/pattern/ProcessIdPatternConverter
13:23:47.564 [main] INFO org.evosuite.runtime.instrumentation.CreateClassResetClassAdapter -- Adding bytecode for initializing field DEFAULT_DEFAULT_VALUE
13:23:47.564 [main] INFO org.evosuite.runtime.instrumentation.EvoClassLoader -- Keeping class: org.apache.logging.log4j.core.pattern.ProcessIdPatternConverter
13:23:47.564 [main] INFO org.evosuite.runtime.instrumentation.EvoClassLoader -- Seeing class for first time: org.apache.logging.log4j.core.pattern.AbstractStyleNameConverter$Red
13:23:47.564 [main] INFO org.evosuite.runtime.instrumentation.EvoClassLoader -- Instrumenting class 'org.apache.logging.log4j.core.pattern.AbstractStyleNameConverter$Red'.
13:23:47.566 [main] INFO org.evosuite.runtime.instrumentation.MethodCallReplacementClassAdapter -- Adding mock interface to class org/apache/logging/log4j/core/pattern/AbstractStyleNameConverter$Red
13:23:47.566 [main] INFO org.evosuite.runtime.instrumentation.CreateClassResetClassAdapter -- Creating brand-new static initializer in class org/apache/logging/log4j/core/pattern/AbstractStyleNameConverter$Red
13:23:47.566 [main] INFO org.evosuite.runtime.instrumentation.CreateClassResetClassAdapter -- Adding bytecode for initializing field NAME
13:23:47.567 [main] INFO org.evosuite.runtime.instrumentation.EvoClassLoader -- Keeping class: org.apache.logging.log4j.core.pattern.AbstractStyleNameConverter$Red
13:23:47.567 [main] INFO org.evosuite.runtime.instrumentation.EvoClassLoader -- Seeing class for first time: org.apache.logging.log4j.core.pattern.RelativeTimePatternConverter
13:23:47.567 [main] INFO org.evosuite.runtime.instrumentation.EvoClassLoader -- Instrumenting class 'org.apache.logging.log4j.core.pattern.RelativeTimePatternConverter'.
13:23:47.568 [main] INFO org.evosuite.runtime.instrumentation.MethodCallReplacementClassAdapter -- Adding mock interface to class org/apache/logging/log4j/core/pattern/RelativeTimePatternConverter
13:23:47.569 [main] INFO org.evosuite.runtime.instrumentation.CreateClassResetClassAdapter -- Creating brand-new static initializer in class org/apache/logging/log4j/core/pattern/RelativeTimePatternConverter
13:23:47.570 [main] INFO org.evosuite.runtime.instrumentation.EvoClassLoader -- Keeping class: org.apache.logging.log4j.core.pattern.RelativeTimePatternConverter
13:23:47.570 [main] INFO org.evosuite.runtime.instrumentation.EvoClassLoader -- Seeing class for first time: org.apache.logging.log4j.core.pattern.RepeatPatternConverter
13:23:47.570 [main] INFO org.evosuite.runtime.instrumentation.EvoClassLoader -- Instrumenting class 'org.apache.logging.log4j.core.pattern.RepeatPatternConverter'.
13:23:47.571 [main] INFO org.evosuite.runtime.instrumentation.MethodCallReplacementClassAdapter -- Adding mock interface to class org/apache/logging/log4j/core/pattern/RepeatPatternConverter
13:23:47.572 [main] INFO org.evosuite.runtime.instrumentation.CreateClassResetClassAdapter -- Creating brand-new static initializer in class org/apache/logging/log4j/core/pattern/RepeatPatternConverter
13:23:47.573 [main] INFO org.evosuite.runtime.instrumentation.EvoClassLoader -- Keeping class: org.apache.logging.log4j.core.pattern.RepeatPatternConverter
13:23:47.573 [main] INFO org.evosuite.runtime.instrumentation.EvoClassLoader -- Seeing class for first time: org.apache.logging.log4j.core.pattern.RegexReplacementConverter
13:23:47.573 [main] INFO org.evosuite.runtime.instrumentation.EvoClassLoader -- Instrumenting class 'org.apache.logging.log4j.core.pattern.RegexReplacementConverter'.
13:23:47.574 [main] INFO org.evosuite.runtime.instrumentation.MethodCallReplacementClassAdapter -- Adding mock interface to class org/apache/logging/log4j/core/pattern/RegexReplacementConverter
13:23:47.575 [main] INFO org.evosuite.runtime.instrumentation.CreateClassResetClassAdapter -- Creating brand-new static initializer in class org/apache/logging/log4j/core/pattern/RegexReplacementConverter
13:23:47.576 [main] INFO org.evosuite.runtime.instrumentation.EvoClassLoader -- Keeping class: org.apache.logging.log4j.core.pattern.RegexReplacementConverter
13:23:47.576 [main] INFO org.evosuite.runtime.instrumentation.EvoClassLoader -- Seeing class for first time: org.apache.logging.log4j.core.pattern.RootThrowablePatternConverter
13:23:47.576 [main] INFO org.evosuite.runtime.instrumentation.EvoClassLoader -- Instrumenting class 'org.apache.logging.log4j.core.pattern.RootThrowablePatternConverter'.
13:23:47.577 [main] INFO org.evosuite.runtime.instrumentation.MethodCallReplacementClassAdapter -- Adding mock interface to class org/apache/logging/log4j/core/pattern/RootThrowablePatternConverter
13:23:47.578 [main] INFO org.evosuite.runtime.instrumentation.CreateClassResetClassAdapter -- Creating brand-new static initializer in class org/apache/logging/log4j/core/pattern/RootThrowablePatternConverter
13:23:47.579 [main] INFO org.evosuite.runtime.instrumentation.EvoClassLoader -- Keeping class: org.apache.logging.log4j.core.pattern.RootThrowablePatternConverter
13:23:47.579 [main] INFO org.evosuite.runtime.instrumentation.EvoClassLoader -- Seeing class for first time: org.apache.logging.log4j.core.pattern.SequenceNumberPatternConverter
13:23:47.579 [main] INFO org.evosuite.runtime.instrumentation.EvoClassLoader -- Instrumenting class 'org.apache.logging.log4j.core.pattern.SequenceNumberPatternConverter'.
13:23:47.580 [main] INFO org.evosuite.runtime.instrumentation.MethodCallReplacementClassAdapter -- Adding mock interface to class org/apache/logging/log4j/core/pattern/SequenceNumberPatternConverter
13:23:47.581 [main] INFO org.evosuite.runtime.instrumentation.CreateClassResetClassAdapter -- Found static initializer in class org/apache/logging/log4j/core/pattern/SequenceNumberPatternConverter
13:23:47.581 [main] INFO org.evosuite.runtime.instrumentation.EvoClassLoader -- Keeping class: org.apache.logging.log4j.core.pattern.SequenceNumberPatternConverter
13:23:47.581 [main] INFO org.evosuite.runtime.instrumentation.EvoClassLoader -- Seeing class for first time: org.apache.logging.log4j.core.pattern.StyleConverter
13:23:47.581 [main] INFO org.evosuite.runtime.instrumentation.EvoClassLoader -- Instrumenting class 'org.apache.logging.log4j.core.pattern.StyleConverter'.
13:23:47.582 [main] INFO org.evosuite.runtime.instrumentation.MethodCallReplacementClassAdapter -- Adding mock interface to class org/apache/logging/log4j/core/pattern/StyleConverter
13:23:47.584 [main] INFO org.evosuite.runtime.instrumentation.CreateClassResetClassAdapter -- Creating brand-new static initializer in class org/apache/logging/log4j/core/pattern/StyleConverter
13:23:47.584 [main] INFO org.evosuite.runtime.instrumentation.EvoClassLoader -- Keeping class: org.apache.logging.log4j.core.pattern.StyleConverter
13:23:47.585 [main] INFO org.evosuite.runtime.instrumentation.EvoClassLoader -- Seeing class for first time: org.apache.logging.log4j.core.pattern.ThreadIdPatternConverter
13:23:47.585 [main] INFO org.evosuite.runtime.instrumentation.EvoClassLoader -- Instrumenting class 'org.apache.logging.log4j.core.pattern.ThreadIdPatternConverter'.
13:23:47.586 [main] INFO org.evosuite.runtime.instrumentation.MethodCallReplacementClassAdapter -- Adding mock interface to class org/apache/logging/log4j/core/pattern/ThreadIdPatternConverter
13:23:47.586 [main] INFO org.evosuite.runtime.instrumentation.CreateClassResetClassAdapter -- Found static initializer in class org/apache/logging/log4j/core/pattern/ThreadIdPatternConverter
13:23:47.587 [main] INFO org.evosuite.runtime.instrumentation.EvoClassLoader -- Keeping class: org.apache.logging.log4j.core.pattern.ThreadIdPatternConverter
13:23:47.587 [main] INFO org.evosuite.runtime.instrumentation.EvoClassLoader -- Seeing class for first time: org.apache.logging.log4j.core.pattern.ThreadNamePatternConverter
13:23:47.587 [main] INFO org.evosuite.runtime.instrumentation.EvoClassLoader -- Instrumenting class 'org.apache.logging.log4j.core.pattern.ThreadNamePatternConverter'.
13:23:47.588 [main] INFO org.evosuite.runtime.instrumentation.MethodCallReplacementClassAdapter -- Adding mock interface to class org/apache/logging/log4j/core/pattern/ThreadNamePatternConverter
13:23:47.589 [main] INFO org.evosuite.runtime.instrumentation.CreateClassResetClassAdapter -- Found static initializer in class org/apache/logging/log4j/core/pattern/ThreadNamePatternConverter
13:23:47.589 [main] INFO org.evosuite.runtime.instrumentation.EvoClassLoader -- Keeping class: org.apache.logging.log4j.core.pattern.ThreadNamePatternConverter
13:23:47.589 [main] INFO org.evosuite.runtime.instrumentation.EvoClassLoader -- Seeing class for first time: org.apache.logging.log4j.core.pattern.ThreadPriorityPatternConverter
13:23:47.589 [main] INFO org.evosuite.runtime.instrumentation.EvoClassLoader -- Instrumenting class 'org.apache.logging.log4j.core.pattern.ThreadPriorityPatternConverter'.
13:23:47.590 [main] INFO org.evosuite.runtime.instrumentation.MethodCallReplacementClassAdapter -- Adding mock interface to class org/apache/logging/log4j/core/pattern/ThreadPriorityPatternConverter
13:23:47.591 [main] INFO org.evosuite.runtime.instrumentation.CreateClassResetClassAdapter -- Found static initializer in class org/apache/logging/log4j/core/pattern/ThreadPriorityPatternConverter
13:23:47.591 [main] INFO org.evosuite.runtime.instrumentation.EvoClassLoader -- Keeping class: org.apache.logging.log4j.core.pattern.ThreadPriorityPatternConverter
13:23:47.591 [main] INFO org.evosuite.runtime.instrumentation.EvoClassLoader -- Seeing class for first time: org.apache.logging.log4j.core.pattern.UuidPatternConverter
13:23:47.591 [main] INFO org.evosuite.runtime.instrumentation.EvoClassLoader -- Instrumenting class 'org.apache.logging.log4j.core.pattern.UuidPatternConverter'.
13:23:47.592 [main] INFO org.evosuite.runtime.instrumentation.MethodCallReplacementClassAdapter -- Adding mock interface to class org/apache/logging/log4j/core/pattern/UuidPatternConverter
13:23:47.593 [main] INFO org.evosuite.runtime.instrumentation.CreateClassResetClassAdapter -- Creating brand-new static initializer in class org/apache/logging/log4j/core/pattern/UuidPatternConverter
13:23:47.594 [main] INFO org.evosuite.runtime.instrumentation.EvoClassLoader -- Keeping class: org.apache.logging.log4j.core.pattern.UuidPatternConverter
13:23:47.594 [main] INFO org.evosuite.runtime.instrumentation.EvoClassLoader -- Seeing class for first time: org.apache.logging.log4j.core.pattern.AbstractStyleNameConverter$White
13:23:47.594 [main] INFO org.evosuite.runtime.instrumentation.EvoClassLoader -- Instrumenting class 'org.apache.logging.log4j.core.pattern.AbstractStyleNameConverter$White'.
13:23:47.595 [main] INFO org.evosuite.runtime.instrumentation.MethodCallReplacementClassAdapter -- Adding mock interface to class org/apache/logging/log4j/core/pattern/AbstractStyleNameConverter$White
13:23:47.596 [main] INFO org.evosuite.runtime.instrumentation.CreateClassResetClassAdapter -- Creating brand-new static initializer in class org/apache/logging/log4j/core/pattern/AbstractStyleNameConverter$White
13:23:47.596 [main] INFO org.evosuite.runtime.instrumentation.CreateClassResetClassAdapter -- Adding bytecode for initializing field NAME
13:23:47.597 [main] INFO org.evosuite.runtime.instrumentation.EvoClassLoader -- Keeping class: org.apache.logging.log4j.core.pattern.AbstractStyleNameConverter$White
13:23:47.597 [main] INFO org.evosuite.runtime.instrumentation.EvoClassLoader -- Seeing class for first time: org.apache.logging.log4j.core.pattern.AbstractStyleNameConverter$Yellow
13:23:47.597 [main] INFO org.evosuite.runtime.instrumentation.EvoClassLoader -- Instrumenting class 'org.apache.logging.log4j.core.pattern.AbstractStyleNameConverter$Yellow'.
13:23:47.598 [main] INFO org.evosuite.runtime.instrumentation.MethodCallReplacementClassAdapter -- Adding mock interface to class org/apache/logging/log4j/core/pattern/AbstractStyleNameConverter$Yellow
13:23:47.599 [main] INFO org.evosuite.runtime.instrumentation.CreateClassResetClassAdapter -- Creating brand-new static initializer in class org/apache/logging/log4j/core/pattern/AbstractStyleNameConverter$Yellow
13:23:47.599 [main] INFO org.evosuite.runtime.instrumentation.CreateClassResetClassAdapter -- Adding bytecode for initializing field NAME
13:23:47.600 [main] INFO org.evosuite.runtime.instrumentation.EvoClassLoader -- Keeping class: org.apache.logging.log4j.core.pattern.AbstractStyleNameConverter$Yellow
13:23:47.600 [main] INFO org.evosuite.runtime.instrumentation.EvoClassLoader -- Seeing class for first time: org.apache.logging.log4j.core.test.appender.AlwaysFailAppender
13:23:47.600 [main] INFO org.evosuite.runtime.instrumentation.EvoClassLoader -- Instrumenting class 'org.apache.logging.log4j.core.test.appender.AlwaysFailAppender'.
13:23:47.601 [main] INFO org.evosuite.runtime.instrumentation.MethodCallReplacementClassAdapter -- Adding mock interface to class org/apache/logging/log4j/core/test/appender/AlwaysFailAppender
13:23:47.602 [main] INFO org.evosuite.runtime.instrumentation.CreateClassResetClassAdapter -- Creating brand-new static initializer in class org/apache/logging/log4j/core/test/appender/AlwaysFailAppender
13:23:47.602 [main] INFO org.evosuite.runtime.instrumentation.EvoClassLoader -- Defined package (3): package org.apache.logging.log4j.core.test.appender, 42898381
13:23:47.602 [main] INFO org.evosuite.runtime.instrumentation.EvoClassLoader -- Seeing class for first time: org.apache.logging.log4j.core.appender.AbstractAppender
13:23:47.602 [main] INFO org.evosuite.runtime.instrumentation.EvoClassLoader -- Instrumenting class 'org.apache.logging.log4j.core.appender.AbstractAppender'.
13:23:47.603 [main] INFO org.evosuite.runtime.instrumentation.MethodCallReplacementClassAdapter -- Adding mock interface to class org/apache/logging/log4j/core/appender/AbstractAppender
13:23:47.605 [main] INFO org.evosuite.runtime.instrumentation.CreateClassResetClassAdapter -- Creating brand-new static initializer in class org/apache/logging/log4j/core/appender/AbstractAppender
13:23:47.606 [main] INFO org.evosuite.runtime.instrumentation.EvoClassLoader -- Keeping class: org.apache.logging.log4j.core.appender.AbstractAppender
13:23:47.606 [main] INFO org.evosuite.runtime.instrumentation.EvoClassLoader -- Keeping class: org.apache.logging.log4j.core.test.appender.AlwaysFailAppender
13:23:47.606 [main] INFO org.evosuite.runtime.instrumentation.EvoClassLoader -- Seeing class for first time: org.apache.logging.log4j.core.config.AppendersPlugin
13:23:47.606 [main] INFO org.evosuite.runtime.instrumentation.EvoClassLoader -- Instrumenting class 'org.apache.logging.log4j.core.config.AppendersPlugin'.
13:23:47.607 [main] INFO org.evosuite.runtime.instrumentation.MethodCallReplacementClassAdapter -- Adding mock interface to class org/apache/logging/log4j/core/config/AppendersPlugin
13:23:47.608 [main] INFO org.evosuite.runtime.instrumentation.CreateClassResetClassAdapter -- Creating brand-new static initializer in class org/apache/logging/log4j/core/config/AppendersPlugin
13:23:47.608 [main] INFO org.evosuite.runtime.instrumentation.EvoClassLoader -- Keeping class: org.apache.logging.log4j.core.config.AppendersPlugin
13:23:47.609 [main] INFO org.evosuite.runtime.instrumentation.EvoClassLoader -- Seeing class for first time: org.apache.logging.log4j.core.appender.AppenderSet
13:23:47.609 [main] INFO org.evosuite.runtime.instrumentation.EvoClassLoader -- Instrumenting class 'org.apache.logging.log4j.core.appender.AppenderSet'.
13:23:47.610 [main] INFO org.evosuite.runtime.instrumentation.MethodCallReplacementClassAdapter -- Adding mock interface to class org/apache/logging/log4j/core/appender/AppenderSet
13:23:47.611 [main] INFO org.evosuite.runtime.instrumentation.CreateClassResetClassAdapter -- Found static initializer in class org/apache/logging/log4j/core/appender/AppenderSet
13:23:47.611 [main] INFO org.evosuite.runtime.instrumentation.EvoClassLoader -- Keeping class: org.apache.logging.log4j.core.appender.AppenderSet
13:23:47.611 [main] INFO org.evosuite.runtime.instrumentation.EvoClassLoader -- Seeing class for first time: org.apache.logging.log4j.core.async.ArrayBlockingQueueFactory
13:23:47.613 [main] INFO org.evosuite.runtime.instrumentation.EvoClassLoader -- Instrumenting class 'org.apache.logging.log4j.core.async.ArrayBlockingQueueFactory'.
13:23:47.614 [main] INFO org.evosuite.runtime.instrumentation.MethodCallReplacementClassAdapter -- Adding mock interface to class org/apache/logging/log4j/core/async/ArrayBlockingQueueFactory
13:23:47.614 [main] INFO org.evosuite.runtime.instrumentation.CreateClassResetClassAdapter -- Creating brand-new static initializer in class org/apache/logging/log4j/core/async/ArrayBlockingQueueFactory
13:23:47.615 [main] INFO org.evosuite.runtime.instrumentation.EvoClassLoader -- Seeing class for first time: org.apache.logging.log4j.core.async.BlockingQueueFactory
13:23:47.615 [main] INFO org.evosuite.runtime.instrumentation.EvoClassLoader -- Instrumenting class 'org.apache.logging.log4j.core.async.BlockingQueueFactory'.
13:23:47.616 [main] INFO org.evosuite.runtime.instrumentation.EvoClassLoader -- Keeping class: org.apache.logging.log4j.core.async.BlockingQueueFactory
13:23:47.617 [main] INFO org.evosuite.runtime.instrumentation.EvoClassLoader -- Keeping class: org.apache.logging.log4j.core.async.ArrayBlockingQueueFactory
13:23:47.617 [main] INFO org.evosuite.runtime.instrumentation.EvoClassLoader -- Seeing class for first time: org.apache.logging.log4j.core.appender.AsyncAppender
13:23:47.617 [main] INFO org.evosuite.runtime.instrumentation.EvoClassLoader -- Instrumenting class 'org.apache.logging.log4j.core.appender.AsyncAppender'.
13:23:47.618 [main] INFO org.evosuite.runtime.instrumentation.MethodCallReplacementClassAdapter -- Adding mock interface to class org/apache/logging/log4j/core/appender/AsyncAppender
13:23:47.623 [main] INFO org.evosuite.runtime.instrumentation.CreateClassResetClassAdapter -- Creating brand-new static initializer in class org/apache/logging/log4j/core/appender/AsyncAppender
13:23:47.623 [main] INFO org.evosuite.runtime.instrumentation.CreateClassResetClassAdapter -- Adding bytecode for initializing field DEFAULT_QUEUE_SIZE
13:23:47.624 [main] INFO org.evosuite.runtime.instrumentation.EvoClassLoader -- Keeping class: org.apache.logging.log4j.core.appender.AsyncAppender
13:23:47.624 [main] INFO org.evosuite.runtime.instrumentation.EvoClassLoader -- Seeing class for first time: org.apache.logging.log4j.core.async.AsyncLoggerConfig
13:23:47.624 [main] INFO org.evosuite.runtime.instrumentation.EvoClassLoader -- Instrumenting class 'org.apache.logging.log4j.core.async.AsyncLoggerConfig'.
13:23:47.626 [main] INFO org.evosuite.runtime.instrumentation.MethodCallReplacementClassAdapter -- Adding mock interface to class org/apache/logging/log4j/core/async/AsyncLoggerConfig
13:23:47.627 [main] INFO org.evosuite.runtime.instrumentation.CreateClassResetClassAdapter -- Found static initializer in class org/apache/logging/log4j/core/async/AsyncLoggerConfig
13:23:47.628 [main] INFO org.evosuite.runtime.instrumentation.EvoClassLoader -- Keeping class: org.apache.logging.log4j.core.async.AsyncLoggerConfig
13:23:47.628 [main] INFO org.evosuite.runtime.instrumentation.EvoClassLoader -- Seeing class for first time: org.apache.logging.log4j.core.async.AsyncLoggerConfig$RootLogger
13:23:47.628 [main] INFO org.evosuite.runtime.instrumentation.EvoClassLoader -- Instrumenting class 'org.apache.logging.log4j.core.async.AsyncLoggerConfig$RootLogger'.
13:23:47.629 [main] INFO org.evosuite.runtime.instrumentation.MethodCallReplacementClassAdapter -- Adding mock interface to class org/apache/logging/log4j/core/async/AsyncLoggerConfig$RootLogger
13:23:47.630 [main] INFO org.evosuite.runtime.instrumentation.CreateClassResetClassAdapter -- Creating brand-new static initializer in class org/apache/logging/log4j/core/async/AsyncLoggerConfig$RootLogger
13:23:47.631 [main] INFO org.evosuite.runtime.instrumentation.EvoClassLoader -- Keeping class: org.apache.logging.log4j.core.async.AsyncLoggerConfig$RootLogger
13:23:47.631 [main] INFO org.evosuite.runtime.instrumentation.EvoClassLoader -- Seeing class for first time: org.apache.logging.log4j.core.async.AsyncWaitStrategyFactoryConfig
13:23:47.631 [main] INFO org.evosuite.runtime.instrumentation.EvoClassLoader -- Instrumenting class 'org.apache.logging.log4j.core.async.AsyncWaitStrategyFactoryConfig'.
13:23:47.632 [main] INFO org.evosuite.runtime.instrumentation.MethodCallReplacementClassAdapter -- Adding mock interface to class org/apache/logging/log4j/core/async/AsyncWaitStrategyFactoryConfig
13:23:47.638 [main] INFO org.evosuite.runtime.instrumentation.CreateClassResetClassAdapter -- Found static initializer in class org/apache/logging/log4j/core/async/AsyncWaitStrategyFactoryConfig
13:23:47.639 [main] INFO org.evosuite.runtime.instrumentation.EvoClassLoader -- Keeping class: org.apache.logging.log4j.core.async.AsyncWaitStrategyFactoryConfig
13:23:47.639 [main] INFO org.evosuite.runtime.instrumentation.EvoClassLoader -- Seeing class for first time: org.apache.logging.log4j.core.test.appender.BlockingAppender
13:23:47.639 [main] INFO org.evosuite.runtime.instrumentation.EvoClassLoader -- Instrumenting class 'org.apache.logging.log4j.core.test.appender.BlockingAppender'.
13:23:47.640 [main] INFO org.evosuite.runtime.instrumentation.MethodCallReplacementClassAdapter -- Adding mock interface to class org/apache/logging/log4j/core/test/appender/BlockingAppender
13:23:47.641 [main] INFO org.evosuite.runtime.instrumentation.CreateClassResetClassAdapter -- Creating brand-new static initializer in class org/apache/logging/log4j/core/test/appender/BlockingAppender
13:23:47.642 [main] INFO org.evosuite.runtime.instrumentation.EvoClassLoader -- Keeping class: org.apache.logging.log4j.core.test.appender.BlockingAppender
13:23:47.642 [main] INFO org.evosuite.runtime.instrumentation.EvoClassLoader -- Seeing class for first time: org.apache.logging.log4j.core.filter.BurstFilter
13:23:47.642 [main] INFO org.evosuite.runtime.instrumentation.EvoClassLoader -- Instrumenting class 'org.apache.logging.log4j.core.filter.BurstFilter'.
13:23:47.643 [main] INFO org.evosuite.runtime.instrumentation.MethodCallReplacementClassAdapter -- Adding mock interface to class org/apache/logging/log4j/core/filter/BurstFilter
13:23:47.645 [main] INFO org.evosuite.runtime.instrumentation.CreateClassResetClassAdapter -- Creating brand-new static initializer in class org/apache/logging/log4j/core/filter/BurstFilter
13:23:47.645 [main] INFO org.evosuite.runtime.instrumentation.CreateClassResetClassAdapter -- Adding bytecode for initializing field NANOS_IN_SECONDS
13:23:47.645 [main] INFO org.evosuite.runtime.instrumentation.CreateClassResetClassAdapter -- Adding bytecode for initializing field DEFAULT_RATE
13:23:47.645 [main] INFO org.evosuite.runtime.instrumentation.CreateClassResetClassAdapter -- Adding bytecode for initializing field DEFAULT_RATE_MULTIPLE
13:23:47.645 [main] INFO org.evosuite.runtime.instrumentation.CreateClassResetClassAdapter -- Adding bytecode for initializing field HASH_SHIFT
13:23:47.646 [main] INFO org.evosuite.runtime.instrumentation.EvoClassLoader -- Seeing class for first time: org.apache.logging.log4j.core.filter.AbstractFilter
13:23:47.646 [main] INFO org.evosuite.runtime.instrumentation.EvoClassLoader -- Instrumenting class 'org.apache.logging.log4j.core.filter.AbstractFilter'.
13:23:47.647 [main] INFO org.evosuite.runtime.instrumentation.MethodCallReplacementClassAdapter -- Adding mock interface to class org/apache/logging/log4j/core/filter/AbstractFilter
13:23:47.649 [main] INFO org.evosuite.runtime.instrumentation.CreateClassResetClassAdapter -- Creating brand-new static initializer in class org/apache/logging/log4j/core/filter/AbstractFilter
13:23:47.649 [main] INFO org.evosuite.runtime.instrumentation.EvoClassLoader -- Keeping class: org.apache.logging.log4j.core.filter.AbstractFilter
13:23:47.650 [main] INFO org.evosuite.runtime.instrumentation.EvoClassLoader -- Keeping class: org.apache.logging.log4j.core.filter.BurstFilter
13:23:47.650 [main] INFO org.evosuite.runtime.instrumentation.EvoClassLoader -- Seeing class for first time: org.apache.logging.log4j.core.config.arbiters.ClassArbiter
13:23:47.650 [main] INFO org.evosuite.runtime.instrumentation.EvoClassLoader -- Instrumenting class 'org.apache.logging.log4j.core.config.arbiters.ClassArbiter'.
13:23:47.651 [main] INFO org.evosuite.runtime.instrumentation.MethodCallReplacementClassAdapter -- Adding mock interface to class org/apache/logging/log4j/core/config/arbiters/ClassArbiter
13:23:47.651 [main] INFO org.evosuite.runtime.instrumentation.CreateClassResetClassAdapter -- Creating brand-new static initializer in class org/apache/logging/log4j/core/config/arbiters/ClassArbiter
13:23:47.652 [main] INFO org.evosuite.runtime.instrumentation.EvoClassLoader -- Defined package (3): package org.apache.logging.log4j.core.config.arbiters, -1239018496
13:23:47.652 [main] INFO org.evosuite.runtime.instrumentation.EvoClassLoader -- Seeing class for first time: org.apache.logging.log4j.core.config.arbiters.Arbiter
13:23:47.652 [main] INFO org.evosuite.runtime.instrumentation.EvoClassLoader -- Instrumenting class 'org.apache.logging.log4j.core.config.arbiters.Arbiter'.
13:23:47.653 [main] INFO org.evosuite.runtime.instrumentation.EvoClassLoader -- Keeping class: org.apache.logging.log4j.core.config.arbiters.Arbiter
13:23:47.653 [main] INFO org.evosuite.runtime.instrumentation.EvoClassLoader -- Keeping class: org.apache.logging.log4j.core.config.arbiters.ClassArbiter
13:23:47.653 [main] INFO org.evosuite.runtime.instrumentation.EvoClassLoader -- Seeing class for first time: org.apache.logging.log4j.core.appender.db.jdbc.ColumnConfig
13:23:47.653 [main] INFO org.evosuite.runtime.instrumentation.EvoClassLoader -- Instrumenting class 'org.apache.logging.log4j.core.appender.db.jdbc.ColumnConfig'.
13:23:47.654 [main] INFO org.evosuite.runtime.instrumentation.MethodCallReplacementClassAdapter -- Adding mock interface to class org/apache/logging/log4j/core/appender/db/jdbc/ColumnConfig
13:23:47.655 [main] INFO org.evosuite.runtime.instrumentation.CreateClassResetClassAdapter -- Found static initializer in class org/apache/logging/log4j/core/appender/db/jdbc/ColumnConfig
13:23:47.655 [main] INFO org.evosuite.runtime.instrumentation.EvoClassLoader -- Defined package (3): package org.apache.logging.log4j.core.appender.db.jdbc, -119818278
13:23:47.656 [main] INFO org.evosuite.runtime.instrumentation.EvoClassLoader -- Keeping class: org.apache.logging.log4j.core.appender.db.jdbc.ColumnConfig
13:23:47.656 [main] INFO org.evosuite.runtime.instrumentation.EvoClassLoader -- Seeing class for first time: org.apache.logging.log4j.core.appender.db.ColumnMapping
13:23:47.656 [main] INFO org.evosuite.runtime.instrumentation.EvoClassLoader -- Instrumenting class 'org.apache.logging.log4j.core.appender.db.ColumnMapping'.
13:23:47.657 [main] INFO org.evosuite.runtime.instrumentation.MethodCallReplacementClassAdapter -- Adding mock interface to class org/apache/logging/log4j/core/appender/db/ColumnMapping
13:23:47.658 [main] INFO org.evosuite.runtime.instrumentation.CreateClassResetClassAdapter -- Found static initializer in class org/apache/logging/log4j/core/appender/db/ColumnMapping
13:23:47.658 [main] INFO org.evosuite.runtime.instrumentation.EvoClassLoader -- Defined package (3): package org.apache.logging.log4j.core.appender.db, -100144721
13:23:47.659 [main] INFO org.evosuite.runtime.instrumentation.EvoClassLoader -- Keeping class: org.apache.logging.log4j.core.appender.db.ColumnMapping
13:23:47.659 [main] INFO org.evosuite.runtime.instrumentation.EvoClassLoader -- Seeing class for first time: org.apache.logging.log4j.core.appender.db.jdbc.FactoryMethodConnectionSource
13:23:47.659 [main] INFO org.evosuite.runtime.instrumentation.EvoClassLoader -- Instrumenting class 'org.apache.logging.log4j.core.appender.db.jdbc.FactoryMethodConnectionSource'.
13:23:47.660 [main] INFO org.evosuite.runtime.instrumentation.MethodCallReplacementClassAdapter -- Adding mock interface to class org/apache/logging/log4j/core/appender/db/jdbc/FactoryMethodConnectionSource
13:23:47.662 [main] INFO org.evosuite.runtime.instrumentation.CreateClassResetClassAdapter -- Found static initializer in class org/apache/logging/log4j/core/appender/db/jdbc/FactoryMethodConnectionSource
13:23:47.663 [main] INFO org.evosuite.runtime.instrumentation.EvoClassLoader -- Seeing class for first time: org.apache.logging.log4j.core.appender.db.jdbc.AbstractConnectionSource
13:23:47.663 [main] INFO org.evosuite.runtime.instrumentation.EvoClassLoader -- Instrumenting class 'org.apache.logging.log4j.core.appender.db.jdbc.AbstractConnectionSource'.
13:23:47.664 [main] INFO org.evosuite.runtime.instrumentation.MethodCallReplacementClassAdapter -- Adding mock interface to class org/apache/logging/log4j/core/appender/db/jdbc/AbstractConnectionSource
13:23:47.665 [main] INFO org.evosuite.runtime.instrumentation.CreateClassResetClassAdapter -- Creating brand-new static initializer in class org/apache/logging/log4j/core/appender/db/jdbc/AbstractConnectionSource
13:23:47.665 [main] INFO org.evosuite.runtime.instrumentation.EvoClassLoader -- Seeing class for first time: org.apache.logging.log4j.core.appender.db.jdbc.ConnectionSource
13:23:47.665 [main] INFO org.evosuite.runtime.instrumentation.EvoClassLoader -- Instrumenting class 'org.apache.logging.log4j.core.appender.db.jdbc.ConnectionSource'.
13:23:47.667 [main] INFO org.evosuite.runtime.instrumentation.EvoClassLoader -- Keeping class: org.apache.logging.log4j.core.appender.db.jdbc.ConnectionSource
13:23:47.667 [main] INFO org.evosuite.runtime.instrumentation.EvoClassLoader -- Keeping class: org.apache.logging.log4j.core.appender.db.jdbc.AbstractConnectionSource
13:23:47.667 [main] INFO org.evosuite.runtime.instrumentation.EvoClassLoader -- Keeping class: org.apache.logging.log4j.core.appender.db.jdbc.FactoryMethodConnectionSource
13:23:47.667 [main] INFO org.evosuite.runtime.instrumentation.EvoClassLoader -- Seeing class for first time: org.apache.logging.log4j.core.appender.ConsoleAppender
13:23:47.667 [main] INFO org.evosuite.runtime.instrumentation.EvoClassLoader -- Instrumenting class 'org.apache.logging.log4j.core.appender.ConsoleAppender'.
13:23:47.669 [main] INFO org.evosuite.runtime.instrumentation.MethodCallReplacementClassAdapter -- Adding mock interface to class org/apache/logging/log4j/core/appender/ConsoleAppender
13:23:47.683 [main] INFO org.evosuite.runtime.instrumentation.CreateClassResetClassAdapter -- Found static initializer in class org/apache/logging/log4j/core/appender/ConsoleAppender
13:23:47.684 [main] INFO org.evosuite.runtime.instrumentation.EvoClassLoader -- Seeing class for first time: org.apache.logging.log4j.core.appender.AbstractOutputStreamAppender
13:23:47.684 [main] INFO org.evosuite.runtime.instrumentation.EvoClassLoader -- Instrumenting class 'org.apache.logging.log4j.core.appender.AbstractOutputStreamAppender'.
13:23:47.685 [main] INFO org.evosuite.runtime.instrumentation.MethodCallReplacementClassAdapter -- Adding mock interface to class org/apache/logging/log4j/core/appender/AbstractOutputStreamAppender
13:23:47.686 [main] INFO org.evosuite.runtime.instrumentation.CreateClassResetClassAdapter -- Creating brand-new static initializer in class org/apache/logging/log4j/core/appender/AbstractOutputStreamAppender
13:23:47.687 [main] INFO org.evosuite.runtime.instrumentation.EvoClassLoader -- Keeping class: org.apache.logging.log4j.core.appender.AbstractOutputStreamAppender
13:23:47.687 [main] INFO org.evosuite.runtime.instrumentation.EvoClassLoader -- Keeping class: org.apache.logging.log4j.core.appender.ConsoleAppender
13:23:47.687 [main] INFO org.evosuite.runtime.instrumentation.EvoClassLoader -- Seeing class for first time: org.apache.logging.log4j.core.filter.ThreadContextMapFilter
13:23:47.687 [main] INFO org.evosuite.runtime.instrumentation.EvoClassLoader -- Instrumenting class 'org.apache.logging.log4j.core.filter.ThreadContextMapFilter'.
13:23:47.689 [main] INFO org.evosuite.runtime.instrumentation.MethodCallReplacementClassAdapter -- Adding mock interface to class org/apache/logging/log4j/core/filter/ThreadContextMapFilter
13:23:47.710 [main] INFO org.evosuite.runtime.instrumentation.CreateClassResetClassAdapter -- Creating brand-new static initializer in class org/apache/logging/log4j/core/filter/ThreadContextMapFilter
13:23:47.711 [main] INFO org.evosuite.runtime.instrumentation.EvoClassLoader -- Seeing class for first time: org.apache.logging.log4j.core.filter.MapFilter
13:23:47.711 [main] INFO org.evosuite.runtime.instrumentation.EvoClassLoader -- Instrumenting class 'org.apache.logging.log4j.core.filter.MapFilter'.
13:23:47.712 [main] INFO org.evosuite.runtime.instrumentation.MethodCallReplacementClassAdapter -- Adding mock interface to class org/apache/logging/log4j/core/filter/MapFilter
13:23:47.713 [main] INFO org.evosuite.runtime.instrumentation.CreateClassResetClassAdapter -- Creating brand-new static initializer in class org/apache/logging/log4j/core/filter/MapFilter
13:23:47.714 [main] INFO org.evosuite.runtime.instrumentation.EvoClassLoader -- Keeping class: org.apache.logging.log4j.core.filter.MapFilter
13:23:47.714 [main] INFO org.evosuite.runtime.instrumentation.EvoClassLoader -- Keeping class: org.apache.logging.log4j.core.filter.ThreadContextMapFilter
13:23:47.714 [main] INFO org.evosuite.runtime.instrumentation.EvoClassLoader -- Seeing class for first time: org.apache.logging.log4j.core.appender.CountingNoOpAppender
13:23:47.714 [main] INFO org.evosuite.runtime.instrumentation.EvoClassLoader -- Instrumenting class 'org.apache.logging.log4j.core.appender.CountingNoOpAppender'.
13:23:47.714 [main] INFO org.evosuite.runtime.instrumentation.MethodCallReplacementClassAdapter -- Adding mock interface to class org/apache/logging/log4j/core/appender/CountingNoOpAppender
13:23:47.715 [main] INFO org.evosuite.runtime.instrumentation.CreateClassResetClassAdapter -- Creating brand-new static initializer in class org/apache/logging/log4j/core/appender/CountingNoOpAppender
13:23:47.715 [main] INFO org.evosuite.runtime.instrumentation.EvoClassLoader -- Keeping class: org.apache.logging.log4j.core.appender.CountingNoOpAppender
13:23:47.715 [main] INFO org.evosuite.runtime.instrumentation.EvoClassLoader -- Seeing class for first time: org.apache.logging.log4j.core.appender.rolling.CronTriggeringPolicy
13:23:47.715 [main] INFO org.evosuite.runtime.instrumentation.EvoClassLoader -- Instrumenting class 'org.apache.logging.log4j.core.appender.rolling.CronTriggeringPolicy'.
13:23:47.716 [main] INFO org.evosuite.runtime.instrumentation.MethodCallReplacementClassAdapter -- Adding mock interface to class org/apache/logging/log4j/core/appender/rolling/CronTriggeringPolicy
13:23:47.718 [main] INFO org.evosuite.runtime.instrumentation.CreateClassResetClassAdapter -- Creating brand-new static initializer in class org/apache/logging/log4j/core/appender/rolling/CronTriggeringPolicy
13:23:47.718 [main] INFO org.evosuite.runtime.instrumentation.CreateClassResetClassAdapter -- Adding bytecode for initializing field defaultSchedule
13:23:47.718 [main] INFO org.evosuite.runtime.instrumentation.EvoClassLoader -- Defined package (3): package org.apache.logging.log4j.core.appender.rolling, -150166604
13:23:47.718 [main] INFO org.evosuite.runtime.instrumentation.EvoClassLoader -- Seeing class for first time: org.apache.logging.log4j.core.appender.rolling.AbstractTriggeringPolicy
13:23:47.718 [main] INFO org.evosuite.runtime.instrumentation.EvoClassLoader -- Instrumenting class 'org.apache.logging.log4j.core.appender.rolling.AbstractTriggeringPolicy'.
13:23:47.719 [main] INFO org.evosuite.runtime.instrumentation.MethodCallReplacementClassAdapter -- Adding mock interface to class org/apache/logging/log4j/core/appender/rolling/AbstractTriggeringPolicy
13:23:47.719 [main] INFO org.evosuite.runtime.instrumentation.CreateClassResetClassAdapter -- Creating brand-new static initializer in class org/apache/logging/log4j/core/appender/rolling/AbstractTriggeringPolicy
13:23:47.719 [main] INFO org.evosuite.runtime.instrumentation.EvoClassLoader -- Seeing class for first time: org.apache.logging.log4j.core.appender.rolling.TriggeringPolicy
13:23:47.719 [main] INFO org.evosuite.runtime.instrumentation.EvoClassLoader -- Instrumenting class 'org.apache.logging.log4j.core.appender.rolling.TriggeringPolicy'.
13:23:47.720 [main] INFO org.evosuite.runtime.instrumentation.EvoClassLoader -- Keeping class: org.apache.logging.log4j.core.appender.rolling.TriggeringPolicy
13:23:47.720 [main] INFO org.evosuite.runtime.instrumentation.EvoClassLoader -- Keeping class: org.apache.logging.log4j.core.appender.rolling.AbstractTriggeringPolicy
13:23:47.721 [main] INFO org.evosuite.runtime.instrumentation.EvoClassLoader -- Keeping class: org.apache.logging.log4j.core.appender.rolling.CronTriggeringPolicy
13:23:47.721 [main] INFO org.evosuite.runtime.instrumentation.EvoClassLoader -- Seeing class for first time: org.apache.logging.log4j.core.layout.CsvLogEventLayout
13:23:47.721 [main] INFO org.evosuite.runtime.instrumentation.EvoClassLoader -- Instrumenting class 'org.apache.logging.log4j.core.layout.CsvLogEventLayout'.
13:23:47.722 [main] INFO org.evosuite.runtime.instrumentation.MethodCallReplacementClassAdapter -- Adding mock interface to class org/apache/logging/log4j/core/layout/CsvLogEventLayout
13:23:47.722 [main] INFO org.evosuite.runtime.instrumentation.CreateClassResetClassAdapter -- Creating brand-new static initializer in class org/apache/logging/log4j/core/layout/CsvLogEventLayout
13:23:47.723 [main] INFO org.evosuite.runtime.instrumentation.EvoClassLoader -- Seeing class for first time: org.apache.logging.log4j.core.layout.AbstractCsvLayout
13:23:47.723 [main] INFO org.evosuite.runtime.instrumentation.EvoClassLoader -- Instrumenting class 'org.apache.logging.log4j.core.layout.AbstractCsvLayout'.
13:23:47.723 [main] INFO org.evosuite.runtime.instrumentation.MethodCallReplacementClassAdapter -- Adding mock interface to class org/apache/logging/log4j/core/layout/AbstractCsvLayout
13:23:47.723 [main] INFO org.evosuite.runtime.instrumentation.CreateClassResetClassAdapter -- Creating brand-new static initializer in class org/apache/logging/log4j/core/layout/AbstractCsvLayout
13:23:47.723 [main] INFO org.evosuite.runtime.instrumentation.CreateClassResetClassAdapter -- Adding bytecode for initializing field DEFAULT_CHARSET
13:23:47.723 [main] INFO org.evosuite.runtime.instrumentation.CreateClassResetClassAdapter -- Adding bytecode for initializing field DEFAULT_FORMAT
13:23:47.723 [main] INFO org.evosuite.runtime.instrumentation.CreateClassResetClassAdapter -- Adding bytecode for initializing field CONTENT_TYPE
13:23:47.724 [main] INFO org.evosuite.runtime.instrumentation.EvoClassLoader -- Seeing class for first time: org.apache.logging.log4j.core.layout.AbstractStringLayout
13:23:47.724 [main] INFO org.evosuite.runtime.instrumentation.EvoClassLoader -- Instrumenting class 'org.apache.logging.log4j.core.layout.AbstractStringLayout'.
13:23:47.724 [main] INFO org.evosuite.runtime.instrumentation.MethodCallReplacementClassAdapter -- Adding mock interface to class org/apache/logging/log4j/core/layout/AbstractStringLayout
13:23:47.724 [main] INFO org.evosuite.runtime.instrumentation.CreateClassResetClassAdapter -- Found static initializer in class org/apache/logging/log4j/core/layout/AbstractStringLayout
13:23:47.724 [main] INFO org.evosuite.runtime.instrumentation.EvoClassLoader -- Seeing class for first time: org.apache.logging.log4j.core.StringLayout
13:23:47.724 [main] INFO org.evosuite.runtime.instrumentation.EvoClassLoader -- Instrumenting class 'org.apache.logging.log4j.core.StringLayout'.
13:23:47.725 [main] INFO org.evosuite.runtime.instrumentation.EvoClassLoader -- Keeping class: org.apache.logging.log4j.core.StringLayout
13:23:47.725 [main] INFO org.evosuite.runtime.instrumentation.EvoClassLoader -- Seeing class for first time: org.apache.logging.log4j.core.layout.AbstractLayout
13:23:47.725 [main] INFO org.evosuite.runtime.instrumentation.EvoClassLoader -- Instrumenting class 'org.apache.logging.log4j.core.layout.AbstractLayout'.
13:23:47.725 [main] INFO org.evosuite.runtime.instrumentation.MethodCallReplacementClassAdapter -- Adding mock interface to class org/apache/logging/log4j/core/layout/AbstractLayout
13:23:47.725 [main] INFO org.evosuite.runtime.instrumentation.CreateClassResetClassAdapter -- Found static initializer in class org/apache/logging/log4j/core/layout/AbstractLayout
13:23:47.726 [main] INFO org.evosuite.runtime.instrumentation.EvoClassLoader -- Keeping class: org.apache.logging.log4j.core.layout.AbstractLayout
13:23:47.726 [main] INFO org.evosuite.runtime.instrumentation.EvoClassLoader -- Keeping class: org.apache.logging.log4j.core.layout.AbstractStringLayout
13:23:47.726 [main] INFO org.evosuite.runtime.instrumentation.EvoClassLoader -- Keeping class: org.apache.logging.log4j.core.layout.AbstractCsvLayout
13:23:47.726 [main] INFO org.evosuite.runtime.instrumentation.EvoClassLoader -- Keeping class: org.apache.logging.log4j.core.layout.CsvLogEventLayout
13:23:47.726 [main] INFO org.evosuite.runtime.instrumentation.EvoClassLoader -- Seeing class for first time: org.apache.logging.log4j.core.layout.CsvParameterLayout
13:23:47.726 [main] INFO org.evosuite.runtime.instrumentation.EvoClassLoader -- Instrumenting class 'org.apache.logging.log4j.core.layout.CsvParameterLayout'.
13:23:47.726 [main] INFO org.evosuite.runtime.instrumentation.MethodCallReplacementClassAdapter -- Adding mock interface to class org/apache/logging/log4j/core/layout/CsvParameterLayout
13:23:47.726 [main] INFO org.evosuite.runtime.instrumentation.CreateClassResetClassAdapter -- Creating brand-new static initializer in class org/apache/logging/log4j/core/layout/CsvParameterLayout
13:23:47.726 [main] INFO org.evosuite.runtime.instrumentation.EvoClassLoader -- Keeping class: org.apache.logging.log4j.core.layout.CsvParameterLayout
13:23:47.726 [main] INFO org.evosuite.runtime.instrumentation.EvoClassLoader -- Seeing class for first time: org.apache.logging.log4j.core.config.CustomLevelConfig
13:23:47.726 [main] INFO org.evosuite.runtime.instrumentation.EvoClassLoader -- Instrumenting class 'org.apache.logging.log4j.core.config.CustomLevelConfig'.
13:23:47.727 [main] INFO org.evosuite.runtime.instrumentation.MethodCallReplacementClassAdapter -- Adding mock interface to class org/apache/logging/log4j/core/config/CustomLevelConfig
13:23:47.727 [main] INFO org.evosuite.runtime.instrumentation.CreateClassResetClassAdapter -- Found static initializer in class org/apache/logging/log4j/core/config/CustomLevelConfig
13:23:47.727 [main] INFO org.evosuite.runtime.instrumentation.EvoClassLoader -- Keeping class: org.apache.logging.log4j.core.config.CustomLevelConfig
13:23:47.727 [main] INFO org.evosuite.runtime.instrumentation.EvoClassLoader -- Seeing class for first time: org.apache.logging.log4j.core.config.CustomLevels
13:23:47.727 [main] INFO org.evosuite.runtime.instrumentation.EvoClassLoader -- Instrumenting class 'org.apache.logging.log4j.core.config.CustomLevels'.
13:23:47.728 [main] INFO org.evosuite.runtime.instrumentation.MethodCallReplacementClassAdapter -- Adding mock interface to class org/apache/logging/log4j/core/config/CustomLevels
13:23:47.728 [main] INFO org.evosuite.runtime.instrumentation.CreateClassResetClassAdapter -- Creating brand-new static initializer in class org/apache/logging/log4j/core/config/CustomLevels
13:23:47.728 [main] INFO org.evosuite.runtime.instrumentation.EvoClassLoader -- Keeping class: org.apache.logging.log4j.core.config.CustomLevels
13:23:47.728 [main] INFO org.evosuite.runtime.instrumentation.EvoClassLoader -- Seeing class for first time: org.apache.logging.log4j.core.appender.db.jdbc.DataSourceConnectionSource
13:23:47.728 [main] INFO org.evosuite.runtime.instrumentation.EvoClassLoader -- Instrumenting class 'org.apache.logging.log4j.core.appender.db.jdbc.DataSourceConnectionSource'.
13:23:47.728 [main] INFO org.evosuite.runtime.instrumentation.MethodCallReplacementClassAdapter -- Adding mock interface to class org/apache/logging/log4j/core/appender/db/jdbc/DataSourceConnectionSource
13:23:47.728 [main] INFO org.evosuite.runtime.instrumentation.CreateClassResetClassAdapter -- Found static initializer in class org/apache/logging/log4j/core/appender/db/jdbc/DataSourceConnectionSource
13:23:47.729 [main] INFO org.evosuite.runtime.instrumentation.EvoClassLoader -- Keeping class: org.apache.logging.log4j.core.appender.db.jdbc.DataSourceConnectionSource
13:23:47.729 [main] INFO org.evosuite.runtime.instrumentation.EvoClassLoader -- Seeing class for first time: org.apache.logging.log4j.core.config.arbiters.DefaultArbiter
13:23:47.729 [main] INFO org.evosuite.runtime.instrumentation.EvoClassLoader -- Instrumenting class 'org.apache.logging.log4j.core.config.arbiters.DefaultArbiter'.
13:23:47.729 [main] INFO org.evosuite.runtime.instrumentation.MethodCallReplacementClassAdapter -- Adding mock interface to class org/apache/logging/log4j/core/config/arbiters/DefaultArbiter
13:23:47.729 [main] INFO org.evosuite.runtime.instrumentation.CreateClassResetClassAdapter -- Creating brand-new static initializer in class org/apache/logging/log4j/core/config/arbiters/DefaultArbiter
13:23:47.729 [main] INFO org.evosuite.runtime.instrumentation.EvoClassLoader -- Keeping class: org.apache.logging.log4j.core.config.arbiters.DefaultArbiter
13:23:47.729 [main] INFO org.evosuite.runtime.instrumentation.EvoClassLoader -- Seeing class for first time: org.apache.logging.log4j.core.appender.rolling.DefaultRolloverStrategy
13:23:47.729 [main] INFO org.evosuite.runtime.instrumentation.EvoClassLoader -- Instrumenting class 'org.apache.logging.log4j.core.appender.rolling.DefaultRolloverStrategy'.
13:23:47.730 [main] INFO org.evosuite.runtime.instrumentation.MethodCallReplacementClassAdapter -- Adding mock interface to class org/apache/logging/log4j/core/appender/rolling/DefaultRolloverStrategy
13:23:47.732 [main] INFO org.evosuite.runtime.instrumentation.CreateClassResetClassAdapter -- Creating brand-new static initializer in class org/apache/logging/log4j/core/appender/rolling/DefaultRolloverStrategy
13:23:47.732 [main] INFO org.evosuite.runtime.instrumentation.CreateClassResetClassAdapter -- Adding bytecode for initializing field MIN_WINDOW_SIZE
13:23:47.732 [main] INFO org.evosuite.runtime.instrumentation.CreateClassResetClassAdapter -- Adding bytecode for initializing field DEFAULT_WINDOW_SIZE
13:23:47.733 [main] INFO org.evosuite.runtime.instrumentation.EvoClassLoader -- Seeing class for first time: org.apache.logging.log4j.core.appender.rolling.AbstractRolloverStrategy
13:23:47.733 [main] INFO org.evosuite.runtime.instrumentation.EvoClassLoader -- Instrumenting class 'org.apache.logging.log4j.core.appender.rolling.AbstractRolloverStrategy'.
13:23:47.733 [main] INFO org.evosuite.runtime.instrumentation.MethodCallReplacementClassAdapter -- Adding mock interface to class org/apache/logging/log4j/core/appender/rolling/AbstractRolloverStrategy
13:23:47.735 [main] INFO org.evosuite.runtime.instrumentation.CreateClassResetClassAdapter -- Found static initializer in class org/apache/logging/log4j/core/appender/rolling/AbstractRolloverStrategy
13:23:47.735 [main] INFO org.evosuite.runtime.instrumentation.EvoClassLoader -- Seeing class for first time: org.apache.logging.log4j.core.appender.rolling.RolloverStrategy
13:23:47.735 [main] INFO org.evosuite.runtime.instrumentation.EvoClassLoader -- Instrumenting class 'org.apache.logging.log4j.core.appender.rolling.RolloverStrategy'.
13:23:47.736 [main] INFO org.evosuite.runtime.instrumentation.EvoClassLoader -- Keeping class: org.apache.logging.log4j.core.appender.rolling.RolloverStrategy
13:23:47.736 [main] INFO org.evosuite.runtime.instrumentation.EvoClassLoader -- Keeping class: org.apache.logging.log4j.core.appender.rolling.AbstractRolloverStrategy
13:23:47.736 [main] INFO org.evosuite.runtime.instrumentation.EvoClassLoader -- Keeping class: org.apache.logging.log4j.core.appender.rolling.DefaultRolloverStrategy
13:23:47.736 [main] INFO org.evosuite.runtime.instrumentation.EvoClassLoader -- Seeing class for first time: org.apache.logging.log4j.core.appender.rolling.action.DeleteAction
13:23:47.736 [main] INFO org.evosuite.runtime.instrumentation.EvoClassLoader -- Instrumenting class 'org.apache.logging.log4j.core.appender.rolling.action.DeleteAction'.
13:23:47.738 [main] INFO org.evosuite.runtime.instrumentation.MethodCallReplacementClassAdapter -- Adding mock interface to class org/apache/logging/log4j/core/appender/rolling/action/DeleteAction
13:23:47.742 [main] INFO org.evosuite.runtime.instrumentation.CreateClassResetClassAdapter -- Creating brand-new static initializer in class org/apache/logging/log4j/core/appender/rolling/action/DeleteAction
13:23:47.742 [main] INFO org.evosuite.runtime.instrumentation.EvoClassLoader -- Defined package (3): package org.apache.logging.log4j.core.appender.rolling.action, -639128144
13:23:47.743 [main] INFO org.evosuite.runtime.instrumentation.EvoClassLoader -- Seeing class for first time: org.apache.logging.log4j.core.appender.rolling.action.AbstractPathAction
13:23:47.743 [main] INFO org.evosuite.runtime.instrumentation.EvoClassLoader -- Instrumenting class 'org.apache.logging.log4j.core.appender.rolling.action.AbstractPathAction'.
13:23:47.744 [main] INFO org.evosuite.runtime.instrumentation.MethodCallReplacementClassAdapter -- Adding mock interface to class org/apache/logging/log4j/core/appender/rolling/action/AbstractPathAction
13:23:47.746 [main] INFO org.evosuite.runtime.instrumentation.CreateClassResetClassAdapter -- Creating brand-new static initializer in class org/apache/logging/log4j/core/appender/rolling/action/AbstractPathAction
13:23:47.747 [main] INFO org.evosuite.runtime.instrumentation.EvoClassLoader -- Seeing class for first time: org.apache.logging.log4j.core.appender.rolling.action.AbstractAction
13:23:47.747 [main] INFO org.evosuite.runtime.instrumentation.EvoClassLoader -- Instrumenting class 'org.apache.logging.log4j.core.appender.rolling.action.AbstractAction'.
13:23:47.748 [main] INFO org.evosuite.runtime.instrumentation.MethodCallReplacementClassAdapter -- Adding mock interface to class org/apache/logging/log4j/core/appender/rolling/action/AbstractAction
13:23:47.751 [main] INFO org.evosuite.runtime.instrumentation.CreateClassResetClassAdapter -- Found static initializer in class org/apache/logging/log4j/core/appender/rolling/action/AbstractAction
13:23:47.752 [main] INFO org.evosuite.runtime.instrumentation.EvoClassLoader -- Seeing class for first time: org.apache.logging.log4j.core.appender.rolling.action.Action
13:23:47.752 [main] INFO org.evosuite.runtime.instrumentation.EvoClassLoader -- Instrumenting class 'org.apache.logging.log4j.core.appender.rolling.action.Action'.
13:23:47.753 [main] INFO org.evosuite.runtime.instrumentation.EvoClassLoader -- Keeping class: org.apache.logging.log4j.core.appender.rolling.action.Action
13:23:47.753 [main] INFO org.evosuite.runtime.instrumentation.EvoClassLoader -- Keeping class: org.apache.logging.log4j.core.appender.rolling.action.AbstractAction
13:23:47.753 [main] INFO org.evosuite.runtime.instrumentation.EvoClassLoader -- Keeping class: org.apache.logging.log4j.core.appender.rolling.action.AbstractPathAction
13:23:47.753 [main] INFO org.evosuite.runtime.instrumentation.EvoClassLoader -- Keeping class: org.apache.logging.log4j.core.appender.rolling.action.DeleteAction
13:23:47.753 [main] INFO org.evosuite.runtime.instrumentation.EvoClassLoader -- Seeing class for first time: org.apache.logging.log4j.core.filter.DenyAllFilter
13:23:47.753 [main] INFO org.evosuite.runtime.instrumentation.EvoClassLoader -- Instrumenting class 'org.apache.logging.log4j.core.filter.DenyAllFilter'.
13:23:47.754 [main] INFO org.evosuite.runtime.instrumentation.MethodCallReplacementClassAdapter -- Adding mock interface to class org/apache/logging/log4j/core/filter/DenyAllFilter
13:23:47.755 [main] INFO org.evosuite.runtime.instrumentation.CreateClassResetClassAdapter -- Creating brand-new static initializer in class org/apache/logging/log4j/core/filter/DenyAllFilter
13:23:47.756 [main] INFO org.evosuite.runtime.instrumentation.EvoClassLoader -- Keeping class: org.apache.logging.log4j.core.filter.DenyAllFilter
13:23:47.756 [main] INFO org.evosuite.runtime.instrumentation.EvoClassLoader -- Seeing class for first time: org.apache.logging.log4j.core.appender.rolling.DirectWriteRolloverStrategy
13:23:47.756 [main] INFO org.evosuite.runtime.instrumentation.EvoClassLoader -- Instrumenting class 'org.apache.logging.log4j.core.appender.rolling.DirectWriteRolloverStrategy'.
13:23:47.757 [main] INFO org.evosuite.runtime.instrumentation.MethodCallReplacementClassAdapter -- Adding mock interface to class org/apache/logging/log4j/core/appender/rolling/DirectWriteRolloverStrategy
13:23:47.762 [main] INFO org.evosuite.runtime.instrumentation.CreateClassResetClassAdapter -- Creating brand-new static initializer in class org/apache/logging/log4j/core/appender/rolling/DirectWriteRolloverStrategy
13:23:47.762 [main] INFO org.evosuite.runtime.instrumentation.CreateClassResetClassAdapter -- Adding bytecode for initializing field DEFAULT_MAX_FILES
13:23:47.763 [main] INFO org.evosuite.runtime.instrumentation.EvoClassLoader -- Seeing class for first time: org.apache.logging.log4j.core.appender.rolling.DirectFileRolloverStrategy
13:23:47.763 [main] INFO org.evosuite.runtime.instrumentation.EvoClassLoader -- Instrumenting class 'org.apache.logging.log4j.core.appender.rolling.DirectFileRolloverStrategy'.
13:23:47.764 [main] INFO org.evosuite.runtime.instrumentation.EvoClassLoader -- Keeping class: org.apache.logging.log4j.core.appender.rolling.DirectFileRolloverStrategy
13:23:47.764 [main] INFO org.evosuite.runtime.instrumentation.EvoClassLoader -- Keeping class: org.apache.logging.log4j.core.appender.rolling.DirectWriteRolloverStrategy
13:23:47.765 [main] INFO org.evosuite.runtime.instrumentation.EvoClassLoader -- Seeing class for first time: org.apache.logging.log4j.core.async.DisruptorBlockingQueueFactory
13:23:47.765 [main] INFO org.evosuite.runtime.instrumentation.EvoClassLoader -- Instrumenting class 'org.apache.logging.log4j.core.async.DisruptorBlockingQueueFactory'.
13:23:47.766 [main] INFO org.evosuite.runtime.instrumentation.MethodCallReplacementClassAdapter -- Adding mock interface to class org/apache/logging/log4j/core/async/DisruptorBlockingQueueFactory
13:23:47.766 [main] INFO org.evosuite.runtime.instrumentation.CreateClassResetClassAdapter -- Creating brand-new static initializer in class org/apache/logging/log4j/core/async/DisruptorBlockingQueueFactory
13:23:47.767 [main] INFO org.evosuite.runtime.instrumentation.EvoClassLoader -- Keeping class: org.apache.logging.log4j.core.async.DisruptorBlockingQueueFactory
13:23:47.767 [main] INFO org.evosuite.runtime.instrumentation.EvoClassLoader -- Seeing class for first time: org.apache.logging.log4j.core.appender.db.jdbc.DriverManagerConnectionSource
13:23:47.767 [main] INFO org.evosuite.runtime.instrumentation.EvoClassLoader -- Instrumenting class 'org.apache.logging.log4j.core.appender.db.jdbc.DriverManagerConnectionSource'.
13:23:47.768 [main] INFO org.evosuite.runtime.instrumentation.MethodCallReplacementClassAdapter -- Adding mock interface to class org/apache/logging/log4j/core/appender/db/jdbc/DriverManagerConnectionSource
13:23:47.769 [main] INFO org.evosuite.runtime.instrumentation.CreateClassResetClassAdapter -- Creating brand-new static initializer in class org/apache/logging/log4j/core/appender/db/jdbc/DriverManagerConnectionSource
13:23:47.769 [main] INFO org.evosuite.runtime.instrumentation.EvoClassLoader -- Seeing class for first time: org.apache.logging.log4j.core.appender.db.jdbc.AbstractDriverManagerConnectionSource
13:23:47.769 [main] INFO org.evosuite.runtime.instrumentation.EvoClassLoader -- Instrumenting class 'org.apache.logging.log4j.core.appender.db.jdbc.AbstractDriverManagerConnectionSource'.
13:23:47.770 [main] INFO org.evosuite.runtime.instrumentation.MethodCallReplacementClassAdapter -- Adding mock interface to class org/apache/logging/log4j/core/appender/db/jdbc/AbstractDriverManagerConnectionSource
13:23:47.772 [main] INFO org.evosuite.runtime.instrumentation.CreateClassResetClassAdapter -- Found static initializer in class org/apache/logging/log4j/core/appender/db/jdbc/AbstractDriverManagerConnectionSource
13:23:47.773 [main] INFO org.evosuite.runtime.instrumentation.EvoClassLoader -- Keeping class: org.apache.logging.log4j.core.appender.db.jdbc.AbstractDriverManagerConnectionSource
13:23:47.773 [main] INFO org.evosuite.runtime.instrumentation.EvoClassLoader -- Keeping class: org.apache.logging.log4j.core.appender.db.jdbc.DriverManagerConnectionSource
13:23:47.773 [main] INFO org.evosuite.runtime.instrumentation.EvoClassLoader -- Seeing class for first time: org.apache.logging.log4j.core.filter.DynamicThresholdFilter
13:23:47.773 [main] INFO org.evosuite.runtime.instrumentation.EvoClassLoader -- Instrumenting class 'org.apache.logging.log4j.core.filter.DynamicThresholdFilter'.
13:23:47.774 [main] INFO org.evosuite.runtime.instrumentation.MethodCallReplacementClassAdapter -- Adding mock interface to class org/apache/logging/log4j/core/filter/DynamicThresholdFilter
13:23:47.776 [main] INFO org.evosuite.runtime.instrumentation.CreateClassResetClassAdapter -- Creating brand-new static initializer in class org/apache/logging/log4j/core/filter/DynamicThresholdFilter
13:23:47.777 [main] INFO org.evosuite.runtime.instrumentation.EvoClassLoader -- Keeping class: org.apache.logging.log4j.core.filter.DynamicThresholdFilter
13:23:47.778 [main] INFO org.evosuite.runtime.instrumentation.EvoClassLoader -- Seeing class for first time: org.apache.logging.log4j.core.config.arbiters.EnvironmentArbiter
13:23:47.778 [main] INFO org.evosuite.runtime.instrumentation.EvoClassLoader -- Instrumenting class 'org.apache.logging.log4j.core.config.arbiters.EnvironmentArbiter'.
13:23:47.779 [main] INFO org.evosuite.runtime.instrumentation.MethodCallReplacementClassAdapter -- Adding mock interface to class org/apache/logging/log4j/core/config/arbiters/EnvironmentArbiter
13:23:47.780 [main] INFO org.evosuite.runtime.instrumentation.CreateClassResetClassAdapter -- Creating brand-new static initializer in class org/apache/logging/log4j/core/config/arbiters/EnvironmentArbiter
13:23:47.780 [main] INFO org.evosuite.runtime.instrumentation.EvoClassLoader -- Keeping class: org.apache.logging.log4j.core.config.arbiters.EnvironmentArbiter
13:23:47.780 [main] INFO org.evosuite.runtime.instrumentation.EvoClassLoader -- Seeing class for first time: org.apache.logging.log4j.core.test.appender.FailOnceAppender
13:23:47.780 [main] INFO org.evosuite.runtime.instrumentation.EvoClassLoader -- Instrumenting class 'org.apache.logging.log4j.core.test.appender.FailOnceAppender'.
13:23:47.782 [main] INFO org.evosuite.runtime.instrumentation.MethodCallReplacementClassAdapter -- Adding mock interface to class org/apache/logging/log4j/core/test/appender/FailOnceAppender
13:23:47.791 [main] INFO org.evosuite.runtime.instrumentation.CreateClassResetClassAdapter -- Creating brand-new static initializer in class org/apache/logging/log4j/core/test/appender/FailOnceAppender
13:23:47.792 [main] INFO org.evosuite.runtime.instrumentation.EvoClassLoader -- Keeping class: org.apache.logging.log4j.core.test.appender.FailOnceAppender
13:23:47.792 [main] INFO org.evosuite.runtime.instrumentation.EvoClassLoader -- Seeing class for first time: org.apache.logging.log4j.core.appender.FailoverAppender
13:23:47.792 [main] INFO org.evosuite.runtime.instrumentation.EvoClassLoader -- Instrumenting class 'org.apache.logging.log4j.core.appender.FailoverAppender'.
13:23:47.793 [main] INFO org.evosuite.runtime.instrumentation.MethodCallReplacementClassAdapter -- Adding mock interface to class org/apache/logging/log4j/core/appender/FailoverAppender
13:23:47.794 [main] INFO org.evosuite.runtime.instrumentation.CreateClassResetClassAdapter -- Creating brand-new static initializer in class org/apache/logging/log4j/core/appender/FailoverAppender
13:23:47.794 [main] INFO org.evosuite.runtime.instrumentation.CreateClassResetClassAdapter -- Adding bytecode for initializing field DEFAULT_INTERVAL_SECONDS
13:23:47.795 [main] INFO org.evosuite.runtime.instrumentation.EvoClassLoader -- Keeping class: org.apache.logging.log4j.core.appender.FailoverAppender
13:23:47.795 [main] INFO org.evosuite.runtime.instrumentation.EvoClassLoader -- Seeing class for first time: org.apache.logging.log4j.core.appender.FailoversPlugin
13:23:47.795 [main] INFO org.evosuite.runtime.instrumentation.EvoClassLoader -- Instrumenting class 'org.apache.logging.log4j.core.appender.FailoversPlugin'.
13:23:47.795 [main] INFO org.evosuite.runtime.instrumentation.MethodCallReplacementClassAdapter -- Adding mock interface to class org/apache/logging/log4j/core/appender/FailoversPlugin
13:23:47.796 [main] INFO org.evosuite.runtime.instrumentation.CreateClassResetClassAdapter -- Found static initializer in class org/apache/logging/log4j/core/appender/FailoversPlugin
13:23:47.796 [main] INFO org.evosuite.runtime.instrumentation.EvoClassLoader -- Keeping class: org.apache.logging.log4j.core.appender.FailoversPlugin
13:23:47.797 [main] INFO org.evosuite.runtime.instrumentation.EvoClassLoader -- Seeing class for first time: org.apache.logging.log4j.core.appender.FileAppender
13:23:47.797 [main] INFO org.evosuite.runtime.instrumentation.EvoClassLoader -- Instrumenting class 'org.apache.logging.log4j.core.appender.FileAppender'.
13:23:47.798 [main] INFO org.evosuite.runtime.instrumentation.MethodCallReplacementClassAdapter -- Adding mock interface to class org/apache/logging/log4j/core/appender/FileAppender
13:23:47.798 [main] INFO org.evosuite.runtime.instrumentation.CreateClassResetClassAdapter -- Creating brand-new static initializer in class org/apache/logging/log4j/core/appender/FileAppender
13:23:47.798 [main] INFO org.evosuite.runtime.instrumentation.CreateClassResetClassAdapter -- Adding bytecode for initializing field PLUGIN_NAME
13:23:47.798 [main] INFO org.evosuite.runtime.instrumentation.CreateClassResetClassAdapter -- Adding bytecode for initializing field DEFAULT_BUFFER_SIZE
13:23:47.799 [main] INFO org.evosuite.runtime.instrumentation.EvoClassLoader -- Keeping class: org.apache.logging.log4j.core.appender.FileAppender
13:23:47.799 [main] INFO org.evosuite.runtime.instrumentation.EvoClassLoader -- Seeing class for first time: org.apache.logging.log4j.core.filter.CompositeFilter
13:23:47.799 [main] INFO org.evosuite.runtime.instrumentation.EvoClassLoader -- Instrumenting class 'org.apache.logging.log4j.core.filter.CompositeFilter'.
13:23:47.800 [main] INFO org.evosuite.runtime.instrumentation.MethodCallReplacementClassAdapter -- Adding mock interface to class org/apache/logging/log4j/core/filter/CompositeFilter
13:23:47.802 [main] INFO org.evosuite.runtime.instrumentation.CreateClassResetClassAdapter -- Creating brand-new static initializer in class org/apache/logging/log4j/core/filter/CompositeFilter
13:23:47.803 [main] INFO org.evosuite.runtime.instrumentation.EvoClassLoader -- Keeping class: org.apache.logging.log4j.core.filter.CompositeFilter
13:23:47.803 [main] INFO org.evosuite.runtime.instrumentation.EvoClassLoader -- Seeing class for first time: org.apache.logging.log4j.core.layout.GelfLayout
13:23:47.803 [main] INFO org.evosuite.runtime.instrumentation.EvoClassLoader -- Instrumenting class 'org.apache.logging.log4j.core.layout.GelfLayout'.
13:23:47.804 [main] INFO org.evosuite.runtime.instrumentation.MethodCallReplacementClassAdapter -- Adding mock interface to class org/apache/logging/log4j/core/layout/GelfLayout
13:23:47.808 [main] INFO org.evosuite.runtime.instrumentation.CreateClassResetClassAdapter -- Found static initializer in class org/apache/logging/log4j/core/layout/GelfLayout
13:23:47.810 [main] INFO org.evosuite.runtime.instrumentation.EvoClassLoader -- Keeping class: org.apache.logging.log4j.core.layout.GelfLayout
13:23:47.810 [main] INFO org.evosuite.runtime.instrumentation.EvoClassLoader -- Seeing class for first time: org.apache.logging.log4j.core.layout.HtmlLayout
13:23:47.810 [main] INFO org.evosuite.runtime.instrumentation.EvoClassLoader -- Instrumenting class 'org.apache.logging.log4j.core.layout.HtmlLayout'.
13:23:47.811 [main] INFO org.evosuite.runtime.instrumentation.MethodCallReplacementClassAdapter -- Adding mock interface to class org/apache/logging/log4j/core/layout/HtmlLayout
13:23:47.815 [main] INFO org.evosuite.runtime.instrumentation.CreateClassResetClassAdapter -- Found static initializer in class org/apache/logging/log4j/core/layout/HtmlLayout
13:23:47.816 [main] INFO org.evosuite.runtime.instrumentation.EvoClassLoader -- Keeping class: org.apache.logging.log4j.core.layout.HtmlLayout
13:23:47.816 [main] INFO org.evosuite.runtime.instrumentation.EvoClassLoader -- Seeing class for first time: org.apache.logging.log4j.core.appender.HttpAppender
13:23:47.816 [main] INFO org.evosuite.runtime.instrumentation.EvoClassLoader -- Instrumenting class 'org.apache.logging.log4j.core.appender.HttpAppender'.
13:23:47.817 [main] INFO org.evosuite.runtime.instrumentation.MethodCallReplacementClassAdapter -- Adding mock interface to class org/apache/logging/log4j/core/appender/HttpAppender
13:23:47.818 [main] INFO org.evosuite.runtime.instrumentation.CreateClassResetClassAdapter -- Creating brand-new static initializer in class org/apache/logging/log4j/core/appender/HttpAppender
13:23:47.819 [main] INFO org.evosuite.runtime.instrumentation.EvoClassLoader -- Keeping class: org.apache.logging.log4j.core.appender.HttpAppender
13:23:47.819 [main] INFO org.evosuite.runtime.instrumentation.EvoClassLoader -- Seeing class for first time: org.apache.logging.log4j.core.appender.routing.IdlePurgePolicy
13:23:47.819 [main] INFO org.evosuite.runtime.instrumentation.EvoClassLoader -- Instrumenting class 'org.apache.logging.log4j.core.appender.routing.IdlePurgePolicy'.
13:23:47.820 [main] INFO org.evosuite.runtime.instrumentation.MethodCallReplacementClassAdapter -- Adding mock interface to class org/apache/logging/log4j/core/appender/routing/IdlePurgePolicy
13:23:47.821 [main] INFO org.evosuite.runtime.instrumentation.CreateClassResetClassAdapter -- Creating brand-new static initializer in class org/apache/logging/log4j/core/appender/routing/IdlePurgePolicy
13:23:47.821 [main] INFO org.evosuite.runtime.instrumentation.EvoClassLoader -- Defined package (3): package org.apache.logging.log4j.core.appender.routing, -141616587
13:23:47.822 [main] INFO org.evosuite.runtime.instrumentation.EvoClassLoader -- Seeing class for first time: org.apache.logging.log4j.core.appender.routing.PurgePolicy
13:23:47.822 [main] INFO org.evosuite.runtime.instrumentation.EvoClassLoader -- Instrumenting class 'org.apache.logging.log4j.core.appender.routing.PurgePolicy'.
13:23:47.823 [main] INFO org.evosuite.runtime.instrumentation.EvoClassLoader -- Keeping class: org.apache.logging.log4j.core.appender.routing.PurgePolicy
13:23:47.823 [main] INFO org.evosuite.runtime.instrumentation.EvoClassLoader -- Keeping class: org.apache.logging.log4j.core.appender.routing.IdlePurgePolicy
13:23:47.823 [main] INFO org.evosuite.runtime.instrumentation.EvoClassLoader -- Seeing class for first time: org.apache.logging.log4j.core.appender.rolling.action.IfAccumulatedFileCount
13:23:47.823 [main] INFO org.evosuite.runtime.instrumentation.EvoClassLoader -- Instrumenting class 'org.apache.logging.log4j.core.appender.rolling.action.IfAccumulatedFileCount'.
13:23:47.824 [main] INFO org.evosuite.runtime.instrumentation.MethodCallReplacementClassAdapter -- Adding mock interface to class org/apache/logging/log4j/core/appender/rolling/action/IfAccumulatedFileCount
13:23:47.826 [main] INFO org.evosuite.runtime.instrumentation.CreateClassResetClassAdapter -- Found static initializer in class org/apache/logging/log4j/core/appender/rolling/action/IfAccumulatedFileCount
13:23:47.827 [main] INFO org.evosuite.runtime.instrumentation.EvoClassLoader -- Seeing class for first time: org.apache.logging.log4j.core.appender.rolling.action.PathCondition
13:23:47.827 [main] INFO org.evosuite.runtime.instrumentation.EvoClassLoader -- Instrumenting class 'org.apache.logging.log4j.core.appender.rolling.action.PathCondition'.
13:23:47.829 [main] INFO org.evosuite.runtime.instrumentation.EvoClassLoader -- Keeping class: org.apache.logging.log4j.core.appender.rolling.action.PathCondition
13:23:47.829 [main] INFO org.evosuite.runtime.instrumentation.EvoClassLoader -- Keeping class: org.apache.logging.log4j.core.appender.rolling.action.IfAccumulatedFileCount
13:23:47.829 [main] INFO org.evosuite.runtime.instrumentation.EvoClassLoader -- Seeing class for first time: org.apache.logging.log4j.core.appender.rolling.action.IfAccumulatedFileSize
13:23:47.829 [main] INFO org.evosuite.runtime.instrumentation.EvoClassLoader -- Instrumenting class 'org.apache.logging.log4j.core.appender.rolling.action.IfAccumulatedFileSize'.
13:23:47.830 [main] INFO org.evosuite.runtime.instrumentation.MethodCallReplacementClassAdapter -- Adding mock interface to class org/apache/logging/log4j/core/appender/rolling/action/IfAccumulatedFileSize
13:23:47.832 [main] INFO org.evosuite.runtime.instrumentation.CreateClassResetClassAdapter -- Found static initializer in class org/apache/logging/log4j/core/appender/rolling/action/IfAccumulatedFileSize
13:23:47.832 [main] INFO org.evosuite.runtime.instrumentation.EvoClassLoader -- Keeping class: org.apache.logging.log4j.core.appender.rolling.action.IfAccumulatedFileSize
13:23:47.833 [main] INFO org.evosuite.runtime.instrumentation.EvoClassLoader -- Seeing class for first time: org.apache.logging.log4j.core.appender.rolling.action.IfAll
13:23:47.833 [main] INFO org.evosuite.runtime.instrumentation.EvoClassLoader -- Instrumenting class 'org.apache.logging.log4j.core.appender.rolling.action.IfAll'.
13:23:47.833 [main] INFO org.evosuite.runtime.instrumentation.MethodCallReplacementClassAdapter -- Adding mock interface to class org/apache/logging/log4j/core/appender/rolling/action/IfAll
13:23:47.834 [main] INFO org.evosuite.runtime.instrumentation.CreateClassResetClassAdapter -- Creating brand-new static initializer in class org/apache/logging/log4j/core/appender/rolling/action/IfAll
13:23:47.835 [main] INFO org.evosuite.runtime.instrumentation.EvoClassLoader -- Keeping class: org.apache.logging.log4j.core.appender.rolling.action.IfAll
13:23:47.835 [main] INFO org.evosuite.runtime.instrumentation.EvoClassLoader -- Seeing class for first time: org.apache.logging.log4j.core.appender.rolling.action.IfAny
13:23:47.835 [main] INFO org.evosuite.runtime.instrumentation.EvoClassLoader -- Instrumenting class 'org.apache.logging.log4j.core.appender.rolling.action.IfAny'.
13:23:47.836 [main] INFO org.evosuite.runtime.instrumentation.MethodCallReplacementClassAdapter -- Adding mock interface to class org/apache/logging/log4j/core/appender/rolling/action/IfAny
13:23:47.836 [main] INFO org.evosuite.runtime.instrumentation.CreateClassResetClassAdapter -- Creating brand-new static initializer in class org/apache/logging/log4j/core/appender/rolling/action/IfAny
13:23:47.837 [main] INFO org.evosuite.runtime.instrumentation.EvoClassLoader -- Keeping class: org.apache.logging.log4j.core.appender.rolling.action.IfAny
13:23:47.837 [main] INFO org.evosuite.runtime.instrumentation.EvoClassLoader -- Seeing class for first time: org.apache.logging.log4j.core.appender.rolling.action.IfFileName
13:23:47.837 [main] INFO org.evosuite.runtime.instrumentation.EvoClassLoader -- Instrumenting class 'org.apache.logging.log4j.core.appender.rolling.action.IfFileName'.
13:23:47.838 [main] INFO org.evosuite.runtime.instrumentation.MethodCallReplacementClassAdapter -- Adding mock interface to class org/apache/logging/log4j/core/appender/rolling/action/IfFileName
13:23:47.839 [main] INFO org.evosuite.runtime.instrumentation.CreateClassResetClassAdapter -- Found static initializer in class org/apache/logging/log4j/core/appender/rolling/action/IfFileName
13:23:47.840 [main] INFO org.evosuite.runtime.instrumentation.EvoClassLoader -- Keeping class: org.apache.logging.log4j.core.appender.rolling.action.IfFileName
13:23:47.840 [main] INFO org.evosuite.runtime.instrumentation.EvoClassLoader -- Seeing class for first time: org.apache.logging.log4j.core.appender.rolling.action.IfLastModified
13:23:47.840 [main] INFO org.evosuite.runtime.instrumentation.EvoClassLoader -- Instrumenting class 'org.apache.logging.log4j.core.appender.rolling.action.IfLastModified'.
13:23:47.841 [main] INFO org.evosuite.runtime.instrumentation.MethodCallReplacementClassAdapter -- Adding mock interface to class org/apache/logging/log4j/core/appender/rolling/action/IfLastModified
13:23:47.842 [main] INFO org.evosuite.runtime.instrumentation.CreateClassResetClassAdapter -- Found static initializer in class org/apache/logging/log4j/core/appender/rolling/action/IfLastModified
13:23:47.845 [main] INFO org.evosuite.runtime.instrumentation.EvoClassLoader -- Keeping class: org.apache.logging.log4j.core.appender.rolling.action.IfLastModified
13:23:47.846 [main] INFO org.evosuite.runtime.instrumentation.EvoClassLoader -- Seeing class for first time: org.apache.logging.log4j.core.appender.rolling.action.IfNot
13:23:47.846 [main] INFO org.evosuite.runtime.instrumentation.EvoClassLoader -- Instrumenting class 'org.apache.logging.log4j.core.appender.rolling.action.IfNot'.
13:23:47.847 [main] INFO org.evosuite.runtime.instrumentation.MethodCallReplacementClassAdapter -- Adding mock interface to class org/apache/logging/log4j/core/appender/rolling/action/IfNot
13:23:47.847 [main] INFO org.evosuite.runtime.instrumentation.CreateClassResetClassAdapter -- Creating brand-new static initializer in class org/apache/logging/log4j/core/appender/rolling/action/IfNot
13:23:47.848 [main] INFO org.evosuite.runtime.instrumentation.EvoClassLoader -- Keeping class: org.apache.logging.log4j.core.appender.rolling.action.IfNot
13:23:47.848 [main] INFO org.evosuite.runtime.instrumentation.EvoClassLoader -- Seeing class for first time: org.apache.logging.log4j.core.async.JCToolsBlockingQueueFactory
13:23:47.848 [main] INFO org.evosuite.runtime.instrumentation.EvoClassLoader -- Instrumenting class 'org.apache.logging.log4j.core.async.JCToolsBlockingQueueFactory'.
13:23:47.849 [main] INFO org.evosuite.runtime.instrumentation.MethodCallReplacementClassAdapter -- Adding mock interface to class org/apache/logging/log4j/core/async/JCToolsBlockingQueueFactory
13:23:47.849 [main] INFO org.evosuite.runtime.instrumentation.CreateClassResetClassAdapter -- Creating brand-new static initializer in class org/apache/logging/log4j/core/async/JCToolsBlockingQueueFactory
13:23:47.850 [main] INFO org.evosuite.runtime.instrumentation.EvoClassLoader -- Keeping class: org.apache.logging.log4j.core.async.JCToolsBlockingQueueFactory
13:23:47.850 [main] INFO org.evosuite.runtime.instrumentation.EvoClassLoader -- Seeing class for first time: org.apache.logging.log4j.core.appender.db.jdbc.JdbcAppender
13:23:47.850 [main] INFO org.evosuite.runtime.instrumentation.EvoClassLoader -- Instrumenting class 'org.apache.logging.log4j.core.appender.db.jdbc.JdbcAppender'.
13:23:47.851 [main] INFO org.evosuite.runtime.instrumentation.MethodCallReplacementClassAdapter -- Adding mock interface to class org/apache/logging/log4j/core/appender/db/jdbc/JdbcAppender
13:23:47.852 [main] INFO org.evosuite.runtime.instrumentation.CreateClassResetClassAdapter -- Creating brand-new static initializer in class org/apache/logging/log4j/core/appender/db/jdbc/JdbcAppender
13:23:47.853 [main] INFO org.evosuite.runtime.instrumentation.EvoClassLoader -- Seeing class for first time: org.apache.logging.log4j.core.appender.db.AbstractDatabaseAppender
13:23:47.853 [main] INFO org.evosuite.runtime.instrumentation.EvoClassLoader -- Instrumenting class 'org.apache.logging.log4j.core.appender.db.AbstractDatabaseAppender'.
13:23:47.854 [main] INFO org.evosuite.runtime.instrumentation.MethodCallReplacementClassAdapter -- Adding mock interface to class org/apache/logging/log4j/core/appender/db/AbstractDatabaseAppender
13:23:47.855 [main] INFO org.evosuite.runtime.instrumentation.CreateClassResetClassAdapter -- Creating brand-new static initializer in class org/apache/logging/log4j/core/appender/db/AbstractDatabaseAppender
13:23:47.856 [main] INFO org.evosuite.runtime.instrumentation.CreateClassResetClassAdapter -- Adding bytecode for initializing field DEFAULT_RECONNECT_INTERVAL_MILLIS
13:23:47.856 [main] INFO org.evosuite.runtime.instrumentation.EvoClassLoader -- Keeping class: org.apache.logging.log4j.core.appender.db.AbstractDatabaseAppender
13:23:47.856 [main] INFO org.evosuite.runtime.instrumentation.EvoClassLoader -- Keeping class: org.apache.logging.log4j.core.appender.db.jdbc.JdbcAppender
13:23:47.856 [main] INFO org.evosuite.runtime.instrumentation.EvoClassLoader -- Seeing class for first time: org.apache.logging.log4j.core.appender.mom.jeromq.JeroMqAppender
13:23:47.856 [main] INFO org.evosuite.runtime.instrumentation.EvoClassLoader -- Instrumenting class 'org.apache.logging.log4j.core.appender.mom.jeromq.JeroMqAppender'.
13:23:47.857 [main] INFO org.evosuite.runtime.instrumentation.MethodCallReplacementClassAdapter -- Adding mock interface to class org/apache/logging/log4j/core/appender/mom/jeromq/JeroMqAppender
13:23:47.860 [main] INFO org.evosuite.runtime.instrumentation.CreateClassResetClassAdapter -- Creating brand-new static initializer in class org/apache/logging/log4j/core/appender/mom/jeromq/JeroMqAppender
13:23:47.860 [main] INFO org.evosuite.runtime.instrumentation.CreateClassResetClassAdapter -- Adding bytecode for initializing field DEFAULT_BACKLOG
13:23:47.860 [main] INFO org.evosuite.runtime.instrumentation.CreateClassResetClassAdapter -- Adding bytecode for initializing field DEFAULT_IVL
13:23:47.860 [main] INFO org.evosuite.runtime.instrumentation.CreateClassResetClassAdapter -- Adding bytecode for initializing field DEFAULT_RCV_HWM
13:23:47.860 [main] INFO org.evosuite.runtime.instrumentation.CreateClassResetClassAdapter -- Adding bytecode for initializing field DEFAULT_SND_HWM
13:23:47.860 [main] INFO org.evosuite.runtime.instrumentation.EvoClassLoader -- Defined package (3): package org.apache.logging.log4j.core.appender.mom.jeromq, 1003135184
13:23:47.861 [main] INFO org.evosuite.runtime.instrumentation.EvoClassLoader -- Keeping class: org.apache.logging.log4j.core.appender.mom.jeromq.JeroMqAppender
13:23:47.861 [main] INFO org.evosuite.runtime.instrumentation.EvoClassLoader -- Seeing class for first time: org.apache.logging.log4j.core.appender.mom.JmsAppender
13:23:47.861 [main] INFO org.evosuite.runtime.instrumentation.EvoClassLoader -- Instrumenting class 'org.apache.logging.log4j.core.appender.mom.JmsAppender'.
13:23:47.862 [main] INFO org.evosuite.runtime.instrumentation.MethodCallReplacementClassAdapter -- Adding mock interface to class org/apache/logging/log4j/core/appender/mom/JmsAppender
13:23:47.863 [main] INFO org.evosuite.runtime.instrumentation.CreateClassResetClassAdapter -- Creating brand-new static initializer in class org/apache/logging/log4j/core/appender/mom/JmsAppender
13:23:47.863 [main] INFO org.evosuite.runtime.instrumentation.EvoClassLoader -- Defined package (3): package org.apache.logging.log4j.core.appender.mom, 1190490106
13:23:47.863 [main] INFO org.evosuite.runtime.instrumentation.EvoClassLoader -- Keeping class: org.apache.logging.log4j.core.appender.mom.JmsAppender
13:23:47.863 [main] INFO org.evosuite.runtime.instrumentation.EvoClassLoader -- Seeing class for first time: org.apache.logging.log4j.core.layout.JsonLayout
13:23:47.863 [main] INFO org.evosuite.runtime.instrumentation.EvoClassLoader -- Instrumenting class 'org.apache.logging.log4j.core.layout.JsonLayout'.
13:23:47.864 [main] INFO org.evosuite.runtime.instrumentation.MethodCallReplacementClassAdapter -- Adding mock interface to class org/apache/logging/log4j/core/layout/JsonLayout
13:23:47.865 [main] INFO org.evosuite.runtime.instrumentation.CreateClassResetClassAdapter -- Creating brand-new static initializer in class org/apache/logging/log4j/core/layout/JsonLayout
13:23:47.865 [main] INFO org.evosuite.runtime.instrumentation.CreateClassResetClassAdapter -- Adding bytecode for initializing field DEFAULT_FOOTER
13:23:47.865 [main] INFO org.evosuite.runtime.instrumentation.CreateClassResetClassAdapter -- Adding bytecode for initializing field DEFAULT_HEADER
13:23:47.865 [main] INFO org.evosuite.runtime.instrumentation.CreateClassResetClassAdapter -- Adding bytecode for initializing field CONTENT_TYPE
13:23:47.865 [main] INFO org.evosuite.runtime.instrumentation.EvoClassLoader -- Seeing class for first time: org.apache.logging.log4j.core.layout.AbstractJacksonLayout
13:23:47.865 [main] INFO org.evosuite.runtime.instrumentation.EvoClassLoader -- Instrumenting class 'org.apache.logging.log4j.core.layout.AbstractJacksonLayout'.
13:23:47.866 [main] INFO org.evosuite.runtime.instrumentation.MethodCallReplacementClassAdapter -- Adding mock interface to class org/apache/logging/log4j/core/layout/AbstractJacksonLayout
13:23:47.868 [main] INFO org.evosuite.runtime.instrumentation.CreateClassResetClassAdapter -- Creating brand-new static initializer in class org/apache/logging/log4j/core/layout/AbstractJacksonLayout
13:23:47.869 [main] INFO org.evosuite.runtime.instrumentation.CreateClassResetClassAdapter -- Adding bytecode for initializing field DEFAULT_EOL
13:23:47.869 [main] INFO org.evosuite.runtime.instrumentation.CreateClassResetClassAdapter -- Adding bytecode for initializing field COMPACT_EOL
13:23:47.870 [main] INFO org.evosuite.runtime.instrumentation.EvoClassLoader -- Keeping class: org.apache.logging.log4j.core.layout.AbstractJacksonLayout
13:23:47.870 [main] INFO org.evosuite.runtime.instrumentation.EvoClassLoader -- Keeping class: org.apache.logging.log4j.core.layout.JsonLayout
13:23:47.870 [main] INFO org.evosuite.runtime.instrumentation.EvoClassLoader -- Seeing class for first time: org.apache.logging.log4j.core.appender.mom.kafka.KafkaAppender
13:23:47.870 [main] INFO org.evosuite.runtime.instrumentation.EvoClassLoader -- Instrumenting class 'org.apache.logging.log4j.core.appender.mom.kafka.KafkaAppender'.
13:23:47.871 [main] INFO org.evosuite.runtime.instrumentation.MethodCallReplacementClassAdapter -- Adding mock interface to class org/apache/logging/log4j/core/appender/mom/kafka/KafkaAppender
13:23:47.872 [main] INFO org.evosuite.runtime.instrumentation.CreateClassResetClassAdapter -- Found static initializer in class org/apache/logging/log4j/core/appender/mom/kafka/KafkaAppender
13:23:47.872 [main] INFO org.evosuite.runtime.instrumentation.EvoClassLoader -- Defined package (3): package org.apache.logging.log4j.core.appender.mom.kafka, 1280077874
13:23:47.873 [main] INFO org.evosuite.runtime.instrumentation.EvoClassLoader -- Keeping class: org.apache.logging.log4j.core.appender.mom.kafka.KafkaAppender
13:23:47.873 [main] INFO org.evosuite.runtime.instrumentation.EvoClassLoader -- Seeing class for first time: org.apache.logging.log4j.core.net.ssl.KeyStoreConfiguration
13:23:47.873 [main] INFO org.evosuite.runtime.instrumentation.EvoClassLoader -- Instrumenting class 'org.apache.logging.log4j.core.net.ssl.KeyStoreConfiguration'.
13:23:47.874 [main] INFO org.evosuite.runtime.instrumentation.MethodCallReplacementClassAdapter -- Adding mock interface to class org/apache/logging/log4j/core/net/ssl/KeyStoreConfiguration
13:23:47.877 [main] INFO org.evosuite.runtime.instrumentation.CreateClassResetClassAdapter -- Creating brand-new static initializer in class org/apache/logging/log4j/core/net/ssl/KeyStoreConfiguration
13:23:47.877 [main] INFO org.evosuite.runtime.instrumentation.EvoClassLoader -- Defined package (3): package org.apache.logging.log4j.core.net.ssl, 2034755173
13:23:47.877 [main] INFO org.evosuite.runtime.instrumentation.EvoClassLoader -- Seeing class for first time: org.apache.logging.log4j.core.net.ssl.AbstractKeyStoreConfiguration
13:23:47.877 [main] INFO org.evosuite.runtime.instrumentation.EvoClassLoader -- Instrumenting class 'org.apache.logging.log4j.core.net.ssl.AbstractKeyStoreConfiguration'.
13:23:47.878 [main] INFO org.evosuite.runtime.instrumentation.MethodCallReplacementClassAdapter -- Adding mock interface to class org/apache/logging/log4j/core/net/ssl/AbstractKeyStoreConfiguration
13:23:47.880 [main] INFO org.evosuite.runtime.instrumentation.CreateClassResetClassAdapter -- Creating brand-new static initializer in class org/apache/logging/log4j/core/net/ssl/AbstractKeyStoreConfiguration
13:23:47.881 [main] INFO org.evosuite.runtime.instrumentation.EvoClassLoader -- Seeing class for first time: org.apache.logging.log4j.core.net.ssl.StoreConfiguration
13:23:47.881 [main] INFO org.evosuite.runtime.instrumentation.EvoClassLoader -- Instrumenting class 'org.apache.logging.log4j.core.net.ssl.StoreConfiguration'.
13:23:47.882 [main] INFO org.evosuite.runtime.instrumentation.MethodCallReplacementClassAdapter -- Adding mock interface to class org/apache/logging/log4j/core/net/ssl/StoreConfiguration
13:23:47.883 [main] INFO org.evosuite.runtime.instrumentation.CreateClassResetClassAdapter -- Found static initializer in class org/apache/logging/log4j/core/net/ssl/StoreConfiguration
13:23:47.884 [main] INFO org.evosuite.runtime.instrumentation.EvoClassLoader -- Keeping class: org.apache.logging.log4j.core.net.ssl.StoreConfiguration
13:23:47.884 [main] INFO org.evosuite.runtime.instrumentation.EvoClassLoader -- Keeping class: org.apache.logging.log4j.core.net.ssl.AbstractKeyStoreConfiguration
13:23:47.884 [main] INFO org.evosuite.runtime.instrumentation.EvoClassLoader -- Keeping class: org.apache.logging.log4j.core.net.ssl.KeyStoreConfiguration
13:23:47.884 [main] INFO org.evosuite.runtime.instrumentation.EvoClassLoader -- Seeing class for first time: org.apache.logging.log4j.core.util.KeyValuePair
13:23:47.884 [main] INFO org.evosuite.runtime.instrumentation.EvoClassLoader -- Instrumenting class 'org.apache.logging.log4j.core.util.KeyValuePair'.
13:23:47.885 [main] INFO org.evosuite.runtime.instrumentation.MethodCallReplacementClassAdapter -- Adding mock interface to class org/apache/logging/log4j/core/util/KeyValuePair
13:23:47.886 [main] INFO org.evosuite.runtime.instrumentation.CreateClassResetClassAdapter -- Found static initializer in class org/apache/logging/log4j/core/util/KeyValuePair
13:23:47.886 [main] INFO org.evosuite.runtime.instrumentation.EvoClassLoader -- Keeping class: org.apache.logging.log4j.core.util.KeyValuePair
13:23:47.886 [main] INFO org.evosuite.runtime.instrumentation.EvoClassLoader -- Seeing class for first time: org.apache.logging.log4j.core.filter.LevelMatchFilter
13:23:47.886 [main] INFO org.evosuite.runtime.instrumentation.EvoClassLoader -- Instrumenting class 'org.apache.logging.log4j.core.filter.LevelMatchFilter'.
13:23:47.887 [main] INFO org.evosuite.runtime.instrumentation.MethodCallReplacementClassAdapter -- Adding mock interface to class org/apache/logging/log4j/core/filter/LevelMatchFilter
13:23:47.888 [main] INFO org.evosuite.runtime.instrumentation.CreateClassResetClassAdapter -- Creating brand-new static initializer in class org/apache/logging/log4j/core/filter/LevelMatchFilter
13:23:47.888 [main] INFO org.evosuite.runtime.instrumentation.CreateClassResetClassAdapter -- Adding bytecode for initializing field ATTR_MATCH
13:23:47.889 [main] INFO org.evosuite.runtime.instrumentation.EvoClassLoader -- Keeping class: org.apache.logging.log4j.core.filter.LevelMatchFilter
13:23:47.889 [main] INFO org.evosuite.runtime.instrumentation.EvoClassLoader -- Seeing class for first time: org.apache.logging.log4j.core.layout.LevelPatternSelector
13:23:47.889 [main] INFO org.evosuite.runtime.instrumentation.EvoClassLoader -- Instrumenting class 'org.apache.logging.log4j.core.layout.LevelPatternSelector'.
13:23:47.890 [main] INFO org.evosuite.runtime.instrumentation.MethodCallReplacementClassAdapter -- Adding mock interface to class org/apache/logging/log4j/core/layout/LevelPatternSelector
13:23:47.893 [main] INFO org.evosuite.runtime.instrumentation.CreateClassResetClassAdapter -- Found static initializer in class org/apache/logging/log4j/core/layout/LevelPatternSelector
13:23:47.893 [main] INFO org.evosuite.runtime.instrumentation.EvoClassLoader -- Seeing class for first time: org.apache.logging.log4j.core.layout.PatternSelector
13:23:47.893 [main] INFO org.evosuite.runtime.instrumentation.EvoClassLoader -- Instrumenting class 'org.apache.logging.log4j.core.layout.PatternSelector'.
13:23:47.894 [main] INFO org.evosuite.runtime.instrumentation.EvoClassLoader -- Keeping class: org.apache.logging.log4j.core.layout.PatternSelector
13:23:47.895 [main] INFO org.evosuite.runtime.instrumentation.EvoClassLoader -- Keeping class: org.apache.logging.log4j.core.layout.LevelPatternSelector
13:23:47.895 [main] INFO org.evosuite.runtime.instrumentation.EvoClassLoader -- Seeing class for first time: org.apache.logging.log4j.core.filter.LevelRangeFilter
13:23:47.895 [main] INFO org.evosuite.runtime.instrumentation.EvoClassLoader -- Instrumenting class 'org.apache.logging.log4j.core.filter.LevelRangeFilter'.
13:23:47.896 [main] INFO org.evosuite.runtime.instrumentation.MethodCallReplacementClassAdapter -- Adding mock interface to class org/apache/logging/log4j/core/filter/LevelRangeFilter
13:23:47.896 [main] INFO org.evosuite.runtime.instrumentation.CreateClassResetClassAdapter -- Found static initializer in class org/apache/logging/log4j/core/filter/LevelRangeFilter
13:23:47.897 [main] INFO org.evosuite.runtime.instrumentation.EvoClassLoader -- Keeping class: org.apache.logging.log4j.core.filter.LevelRangeFilter
13:23:47.897 [main] INFO org.evosuite.runtime.instrumentation.EvoClassLoader -- Seeing class for first time: org.apache.logging.log4j.core.async.LinkedTransferQueueFactory
13:23:47.897 [main] INFO org.evosuite.runtime.instrumentation.EvoClassLoader -- Instrumenting class 'org.apache.logging.log4j.core.async.LinkedTransferQueueFactory'.
13:23:47.897 [main] INFO org.evosuite.runtime.instrumentation.MethodCallReplacementClassAdapter -- Adding mock interface to class org/apache/logging/log4j/core/async/LinkedTransferQueueFactory
13:23:47.898 [main] INFO org.evosuite.runtime.instrumentation.CreateClassResetClassAdapter -- Creating brand-new static initializer in class org/apache/logging/log4j/core/async/LinkedTransferQueueFactory
13:23:47.898 [main] INFO org.evosuite.runtime.instrumentation.EvoClassLoader -- Keeping class: org.apache.logging.log4j.core.async.LinkedTransferQueueFactory
13:23:47.898 [main] INFO org.evosuite.runtime.instrumentation.EvoClassLoader -- Seeing class for first time: org.apache.logging.log4j.core.test.appender.ListAppender
13:23:47.898 [main] INFO org.evosuite.runtime.instrumentation.EvoClassLoader -- Instrumenting class 'org.apache.logging.log4j.core.test.appender.ListAppender'.
13:23:47.899 [main] INFO org.evosuite.runtime.instrumentation.MethodCallReplacementClassAdapter -- Adding mock interface to class org/apache/logging/log4j/core/test/appender/ListAppender
13:23:47.901 [main] INFO org.evosuite.runtime.instrumentation.CreateClassResetClassAdapter -- Creating brand-new static initializer in class org/apache/logging/log4j/core/test/appender/ListAppender
13:23:47.901 [main] INFO org.evosuite.runtime.instrumentation.CreateClassResetClassAdapter -- Adding bytecode for initializing field WINDOWS_LINE_SEP
13:23:47.901 [main] INFO org.evosuite.runtime.instrumentation.EvoClassLoader -- Keeping class: org.apache.logging.log4j.core.test.appender.ListAppender
13:23:47.902 [main] INFO org.evosuite.runtime.instrumentation.EvoClassLoader -- Seeing class for first time: org.apache.logging.log4j.core.layout.LoggerFields
13:23:47.902 [main] INFO org.evosuite.runtime.instrumentation.EvoClassLoader -- Instrumenting class 'org.apache.logging.log4j.core.layout.LoggerFields'.
13:23:47.903 [main] INFO org.evosuite.runtime.instrumentation.MethodCallReplacementClassAdapter -- Adding mock interface to class org/apache/logging/log4j/core/layout/LoggerFields
13:23:47.903 [main] INFO org.evosuite.runtime.instrumentation.CreateClassResetClassAdapter -- Creating brand-new static initializer in class org/apache/logging/log4j/core/layout/LoggerFields
13:23:47.904 [main] INFO org.evosuite.runtime.instrumentation.EvoClassLoader -- Keeping class: org.apache.logging.log4j.core.layout.LoggerFields
13:23:47.904 [main] INFO org.evosuite.runtime.instrumentation.EvoClassLoader -- Seeing class for first time: org.apache.logging.log4j.core.appender.rewrite.LoggerNameLevelRewritePolicy
13:23:47.904 [main] INFO org.evosuite.runtime.instrumentation.EvoClassLoader -- Instrumenting class 'org.apache.logging.log4j.core.appender.rewrite.LoggerNameLevelRewritePolicy'.
13:23:47.905 [main] INFO org.evosuite.runtime.instrumentation.MethodCallReplacementClassAdapter -- Adding mock interface to class org/apache/logging/log4j/core/appender/rewrite/LoggerNameLevelRewritePolicy
13:23:47.905 [main] INFO org.evosuite.runtime.instrumentation.CreateClassResetClassAdapter -- Creating brand-new static initializer in class org/apache/logging/log4j/core/appender/rewrite/LoggerNameLevelRewritePolicy
13:23:47.906 [main] INFO org.evosuite.runtime.instrumentation.EvoClassLoader -- Defined package (3): package org.apache.logging.log4j.core.appender.rewrite, -426120453
13:23:47.906 [main] INFO org.evosuite.runtime.instrumentation.EvoClassLoader -- Seeing class for first time: org.apache.logging.log4j.core.appender.rewrite.RewritePolicy
13:23:47.906 [main] INFO org.evosuite.runtime.instrumentation.EvoClassLoader -- Instrumenting class 'org.apache.logging.log4j.core.appender.rewrite.RewritePolicy'.
13:23:47.907 [main] INFO org.evosuite.runtime.instrumentation.EvoClassLoader -- Keeping class: org.apache.logging.log4j.core.appender.rewrite.RewritePolicy
13:23:47.907 [main] INFO org.evosuite.runtime.instrumentation.EvoClassLoader -- Keeping class: org.apache.logging.log4j.core.appender.rewrite.LoggerNameLevelRewritePolicy
13:23:47.907 [main] INFO org.evosuite.runtime.instrumentation.EvoClassLoader -- Seeing class for first time: org.apache.logging.log4j.core.config.LoggersPlugin
13:23:47.907 [main] INFO org.evosuite.runtime.instrumentation.EvoClassLoader -- Instrumenting class 'org.apache.logging.log4j.core.config.LoggersPlugin'.
13:23:47.908 [main] INFO org.evosuite.runtime.instrumentation.MethodCallReplacementClassAdapter -- Adding mock interface to class org/apache/logging/log4j/core/config/LoggersPlugin
13:23:47.910 [main] INFO org.evosuite.runtime.instrumentation.CreateClassResetClassAdapter -- Creating brand-new static initializer in class org/apache/logging/log4j/core/config/LoggersPlugin
13:23:47.910 [main] INFO org.evosuite.runtime.instrumentation.EvoClassLoader -- Keeping class: org.apache.logging.log4j.core.config.LoggersPlugin
13:23:47.910 [main] INFO org.evosuite.runtime.instrumentation.EvoClassLoader -- Seeing class for first time: org.apache.logging.log4j.core.appender.rewrite.MapRewritePolicy
13:23:47.910 [main] INFO org.evosuite.runtime.instrumentation.EvoClassLoader -- Instrumenting class 'org.apache.logging.log4j.core.appender.rewrite.MapRewritePolicy'.
13:23:47.911 [main] INFO org.evosuite.runtime.instrumentation.MethodCallReplacementClassAdapter -- Adding mock interface to class org/apache/logging/log4j/core/appender/rewrite/MapRewritePolicy
13:23:47.912 [main] INFO org.evosuite.runtime.instrumentation.CreateClassResetClassAdapter -- Found static initializer in class org/apache/logging/log4j/core/appender/rewrite/MapRewritePolicy
13:23:47.912 [main] INFO org.evosuite.runtime.instrumentation.EvoClassLoader -- Keeping class: org.apache.logging.log4j.core.appender.rewrite.MapRewritePolicy
13:23:47.913 [main] INFO org.evosuite.runtime.instrumentation.EvoClassLoader -- Seeing class for first time: org.apache.logging.log4j.core.filter.MarkerFilter
13:23:47.913 [main] INFO org.evosuite.runtime.instrumentation.EvoClassLoader -- Instrumenting class 'org.apache.logging.log4j.core.filter.MarkerFilter'.
13:23:47.913 [main] INFO org.evosuite.runtime.instrumentation.MethodCallReplacementClassAdapter -- Adding mock interface to class org/apache/logging/log4j/core/filter/MarkerFilter
13:23:47.914 [main] INFO org.evosuite.runtime.instrumentation.CreateClassResetClassAdapter -- Creating brand-new static initializer in class org/apache/logging/log4j/core/filter/MarkerFilter
13:23:47.914 [main] INFO org.evosuite.runtime.instrumentation.CreateClassResetClassAdapter -- Adding bytecode for initializing field ATTR_MARKER
13:23:47.915 [main] INFO org.evosuite.runtime.instrumentation.EvoClassLoader -- Keeping class: org.apache.logging.log4j.core.filter.MarkerFilter
13:23:47.915 [main] INFO org.evosuite.runtime.instrumentation.EvoClassLoader -- Seeing class for first time: org.apache.logging.log4j.core.layout.MarkerPatternSelector
13:23:47.915 [main] INFO org.evosuite.runtime.instrumentation.EvoClassLoader -- Instrumenting class 'org.apache.logging.log4j.core.layout.MarkerPatternSelector'.
13:23:47.916 [main] INFO org.evosuite.runtime.instrumentation.MethodCallReplacementClassAdapter -- Adding mock interface to class org/apache/logging/log4j/core/layout/MarkerPatternSelector
13:23:47.919 [main] INFO org.evosuite.runtime.instrumentation.CreateClassResetClassAdapter -- Found static initializer in class org/apache/logging/log4j/core/layout/MarkerPatternSelector
13:23:47.920 [main] INFO org.evosuite.runtime.instrumentation.EvoClassLoader -- Keeping class: org.apache.logging.log4j.core.layout.MarkerPatternSelector
13:23:47.920 [main] INFO org.evosuite.runtime.instrumentation.EvoClassLoader -- Seeing class for first time: org.apache.logging.log4j.core.appender.MemoryMappedFileAppender
13:23:47.920 [main] INFO org.evosuite.runtime.instrumentation.EvoClassLoader -- Instrumenting class 'org.apache.logging.log4j.core.appender.MemoryMappedFileAppender'.
13:23:47.920 [main] INFO org.evosuite.runtime.instrumentation.MethodCallReplacementClassAdapter -- Adding mock interface to class org/apache/logging/log4j/core/appender/MemoryMappedFileAppender
13:23:47.921 [main] INFO org.evosuite.runtime.instrumentation.CreateClassResetClassAdapter -- Creating brand-new static initializer in class org/apache/logging/log4j/core/appender/MemoryMappedFileAppender
13:23:47.921 [main] INFO org.evosuite.runtime.instrumentation.CreateClassResetClassAdapter -- Adding bytecode for initializing field BIT_POSITION_1GB
13:23:47.921 [main] INFO org.evosuite.runtime.instrumentation.CreateClassResetClassAdapter -- Adding bytecode for initializing field MAX_REGION_LENGTH
13:23:47.921 [main] INFO org.evosuite.runtime.instrumentation.CreateClassResetClassAdapter -- Adding bytecode for initializing field MIN_REGION_LENGTH
13:23:47.922 [main] INFO org.evosuite.runtime.instrumentation.EvoClassLoader -- Keeping class: org.apache.logging.log4j.core.appender.MemoryMappedFileAppender
13:23:47.922 [main] INFO org.evosuite.runtime.instrumentation.EvoClassLoader -- Seeing class for first time: org.apache.logging.log4j.core.layout.MessageLayout
13:23:47.922 [main] INFO org.evosuite.runtime.instrumentation.EvoClassLoader -- Instrumenting class 'org.apache.logging.log4j.core.layout.MessageLayout'.
13:23:47.923 [main] INFO org.evosuite.runtime.instrumentation.MethodCallReplacementClassAdapter -- Adding mock interface to class org/apache/logging/log4j/core/layout/MessageLayout
13:23:47.924 [main] INFO org.evosuite.runtime.instrumentation.CreateClassResetClassAdapter -- Creating brand-new static initializer in class org/apache/logging/log4j/core/layout/MessageLayout
13:23:47.924 [main] INFO org.evosuite.runtime.instrumentation.EvoClassLoader -- Keeping class: org.apache.logging.log4j.core.layout.MessageLayout
13:23:47.924 [main] INFO org.evosuite.runtime.instrumentation.EvoClassLoader -- Seeing class for first time: org.apache.logging.log4j.core.net.MulticastDnsAdvertiser
13:23:47.924 [main] INFO org.evosuite.runtime.instrumentation.EvoClassLoader -- Instrumenting class 'org.apache.logging.log4j.core.net.MulticastDnsAdvertiser'.
13:23:47.925 [main] INFO org.evosuite.runtime.instrumentation.MethodCallReplacementClassAdapter -- Adding mock interface to class org/apache/logging/log4j/core/net/MulticastDnsAdvertiser
13:23:47.936 [main] INFO org.evosuite.runtime.instrumentation.CreateClassResetClassAdapter -- Found static initializer in class org/apache/logging/log4j/core/net/MulticastDnsAdvertiser
13:23:47.937 [main] INFO org.evosuite.runtime.instrumentation.EvoClassLoader -- Keeping class: org.apache.logging.log4j.core.net.MulticastDnsAdvertiser
13:23:47.937 [main] INFO org.evosuite.runtime.instrumentation.EvoClassLoader -- Seeing class for first time: org.apache.logging.log4j.core.filter.MutableThreadContextMapFilter
13:23:47.937 [main] INFO org.evosuite.runtime.instrumentation.EvoClassLoader -- Instrumenting class 'org.apache.logging.log4j.core.filter.MutableThreadContextMapFilter'.
13:23:47.939 [main] INFO org.evosuite.runtime.instrumentation.MethodCallReplacementClassAdapter -- Adding mock interface to class org/apache/logging/log4j/core/filter/MutableThreadContextMapFilter
13:23:47.943 [main] INFO org.evosuite.runtime.instrumentation.CreateClassResetClassAdapter -- Found static initializer in class org/apache/logging/log4j/core/filter/MutableThreadContextMapFilter
13:23:47.944 [main] INFO org.evosuite.runtime.instrumentation.EvoClassLoader -- Keeping class: org.apache.logging.log4j.core.filter.MutableThreadContextMapFilter
13:23:47.944 [main] INFO org.evosuite.runtime.instrumentation.EvoClassLoader -- Seeing class for first time: org.apache.logging.log4j.core.filter.NoMarkerFilter
13:23:47.944 [main] INFO org.evosuite.runtime.instrumentation.EvoClassLoader -- Instrumenting class 'org.apache.logging.log4j.core.filter.NoMarkerFilter'.
13:23:47.946 [main] INFO org.evosuite.runtime.instrumentation.MethodCallReplacementClassAdapter -- Adding mock interface to class org/apache/logging/log4j/core/filter/NoMarkerFilter
13:23:47.947 [main] INFO org.evosuite.runtime.instrumentation.CreateClassResetClassAdapter -- Creating brand-new static initializer in class org/apache/logging/log4j/core/filter/NoMarkerFilter
13:23:47.948 [main] INFO org.evosuite.runtime.instrumentation.EvoClassLoader -- Keeping class: org.apache.logging.log4j.core.filter.NoMarkerFilter
13:23:47.948 [main] INFO org.evosuite.runtime.instrumentation.EvoClassLoader -- Seeing class for first time: org.apache.logging.log4j.core.appender.rolling.NoOpTriggeringPolicy
13:23:47.948 [main] INFO org.evosuite.runtime.instrumentation.EvoClassLoader -- Instrumenting class 'org.apache.logging.log4j.core.appender.rolling.NoOpTriggeringPolicy'.
13:23:47.949 [main] INFO org.evosuite.runtime.instrumentation.MethodCallReplacementClassAdapter -- Adding mock interface to class org/apache/logging/log4j/core/appender/rolling/NoOpTriggeringPolicy
13:23:47.950 [main] INFO org.evosuite.runtime.instrumentation.CreateClassResetClassAdapter -- Found static initializer in class org/apache/logging/log4j/core/appender/rolling/NoOpTriggeringPolicy
13:23:47.950 [main] INFO org.evosuite.runtime.instrumentation.EvoClassLoader -- Keeping class: org.apache.logging.log4j.core.appender.rolling.NoOpTriggeringPolicy
13:23:47.951 [main] INFO org.evosuite.runtime.instrumentation.EvoClassLoader -- Seeing class for first time: org.apache.logging.log4j.core.appender.nosql.NoSqlAppender
13:23:47.951 [main] INFO org.evosuite.runtime.instrumentation.EvoClassLoader -- Instrumenting class 'org.apache.logging.log4j.core.appender.nosql.NoSqlAppender'.
13:23:47.952 [main] INFO org.evosuite.runtime.instrumentation.MethodCallReplacementClassAdapter -- Adding mock interface to class org/apache/logging/log4j/core/appender/nosql/NoSqlAppender
13:23:47.953 [main] INFO org.evosuite.runtime.instrumentation.CreateClassResetClassAdapter -- Creating brand-new static initializer in class org/apache/logging/log4j/core/appender/nosql/NoSqlAppender
13:23:47.953 [main] INFO org.evosuite.runtime.instrumentation.EvoClassLoader -- Defined package (3): package org.apache.logging.log4j.core.appender.nosql, 1600624028
13:23:47.954 [main] INFO org.evosuite.runtime.instrumentation.EvoClassLoader -- Keeping class: org.apache.logging.log4j.core.appender.nosql.NoSqlAppender
13:23:47.954 [main] INFO org.evosuite.runtime.instrumentation.EvoClassLoader -- Seeing class for first time: org.apache.logging.log4j.core.appender.NullAppender
13:23:47.954 [main] INFO org.evosuite.runtime.instrumentation.EvoClassLoader -- Instrumenting class 'org.apache.logging.log4j.core.appender.NullAppender'.
13:23:47.955 [main] INFO org.evosuite.runtime.instrumentation.MethodCallReplacementClassAdapter -- Adding mock interface to class org/apache/logging/log4j/core/appender/NullAppender
13:23:47.956 [main] INFO org.evosuite.runtime.instrumentation.CreateClassResetClassAdapter -- Creating brand-new static initializer in class org/apache/logging/log4j/core/appender/NullAppender
13:23:47.956 [main] INFO org.evosuite.runtime.instrumentation.CreateClassResetClassAdapter -- Adding bytecode for initializing field PLUGIN_NAME
13:23:47.957 [main] INFO org.evosuite.runtime.instrumentation.EvoClassLoader -- Keeping class: org.apache.logging.log4j.core.appender.NullAppender
13:23:47.957 [main] INFO org.evosuite.runtime.instrumentation.EvoClassLoader -- Seeing class for first time: org.apache.logging.log4j.core.appender.rolling.OnStartupTriggeringPolicy
13:23:47.957 [main] INFO org.evosuite.runtime.instrumentation.EvoClassLoader -- Instrumenting class 'org.apache.logging.log4j.core.appender.rolling.OnStartupTriggeringPolicy'.
13:23:47.958 [main] INFO org.evosuite.runtime.instrumentation.MethodCallReplacementClassAdapter -- Adding mock interface to class org/apache/logging/log4j/core/appender/rolling/OnStartupTriggeringPolicy
13:23:47.959 [main] INFO org.evosuite.runtime.instrumentation.CreateClassResetClassAdapter -- Found static initializer in class org/apache/logging/log4j/core/appender/rolling/OnStartupTriggeringPolicy
13:23:47.960 [main] INFO org.evosuite.runtime.instrumentation.EvoClassLoader -- Keeping class: org.apache.logging.log4j.core.appender.rolling.OnStartupTriggeringPolicy
13:23:47.960 [main] INFO org.evosuite.runtime.instrumentation.EvoClassLoader -- Seeing class for first time: org.apache.logging.log4j.core.appender.OutputStreamAppender
13:23:47.960 [main] INFO org.evosuite.runtime.instrumentation.EvoClassLoader -- Instrumenting class 'org.apache.logging.log4j.core.appender.OutputStreamAppender'.
13:23:47.961 [main] INFO org.evosuite.runtime.instrumentation.MethodCallReplacementClassAdapter -- Adding mock interface to class org/apache/logging/log4j/core/appender/OutputStreamAppender
13:23:47.967 [main] INFO org.evosuite.runtime.instrumentation.CreateClassResetClassAdapter -- Found static initializer in class org/apache/logging/log4j/core/appender/OutputStreamAppender
13:23:47.968 [main] INFO org.evosuite.runtime.instrumentation.EvoClassLoader -- Keeping class: org.apache.logging.log4j.core.appender.OutputStreamAppender
13:23:47.968 [main] INFO org.evosuite.runtime.instrumentation.EvoClassLoader -- Seeing class for first time: org.apache.logging.log4j.core.layout.PatternLayout
13:23:47.968 [main] INFO org.evosuite.runtime.instrumentation.EvoClassLoader -- Instrumenting class 'org.apache.logging.log4j.core.layout.PatternLayout'.
13:23:47.969 [main] INFO org.evosuite.runtime.instrumentation.MethodCallReplacementClassAdapter -- Adding mock interface to class org/apache/logging/log4j/core/layout/PatternLayout
13:23:47.971 [main] INFO org.evosuite.runtime.instrumentation.CreateClassResetClassAdapter -- Creating brand-new static initializer in class org/apache/logging/log4j/core/layout/PatternLayout
13:23:47.971 [main] INFO org.evosuite.runtime.instrumentation.CreateClassResetClassAdapter -- Adding bytecode for initializing field DEFAULT_CONVERSION_PATTERN
13:23:47.971 [main] INFO org.evosuite.runtime.instrumentation.CreateClassResetClassAdapter -- Adding bytecode for initializing field TTCC_CONVERSION_PATTERN
13:23:47.971 [main] INFO org.evosuite.runtime.instrumentation.CreateClassResetClassAdapter -- Adding bytecode for initializing field SIMPLE_CONVERSION_PATTERN
13:23:47.971 [main] INFO org.evosuite.runtime.instrumentation.CreateClassResetClassAdapter -- Adding bytecode for initializing field KEY
13:23:47.972 [main] INFO org.evosuite.runtime.instrumentation.EvoClassLoader -- Keeping class: org.apache.logging.log4j.core.layout.PatternLayout
13:23:47.972 [main] INFO org.evosuite.runtime.instrumentation.EvoClassLoader -- Seeing class for first time: org.apache.logging.log4j.core.layout.PatternMatch
13:23:47.972 [main] INFO org.evosuite.runtime.instrumentation.EvoClassLoader -- Instrumenting class 'org.apache.logging.log4j.core.layout.PatternMatch'.
13:23:47.973 [main] INFO org.evosuite.runtime.instrumentation.MethodCallReplacementClassAdapter -- Adding mock interface to class org/apache/logging/log4j/core/layout/PatternMatch
13:23:47.973 [main] INFO org.evosuite.runtime.instrumentation.CreateClassResetClassAdapter -- Creating brand-new static initializer in class org/apache/logging/log4j/core/layout/PatternMatch
13:23:47.974 [main] INFO org.evosuite.runtime.instrumentation.EvoClassLoader -- Keeping class: org.apache.logging.log4j.core.layout.PatternMatch
13:23:47.974 [main] INFO org.evosuite.runtime.instrumentation.EvoClassLoader -- Seeing class for first time: org.apache.logging.log4j.core.appender.rolling.CompositeTriggeringPolicy
13:23:47.974 [main] INFO org.evosuite.runtime.instrumentation.EvoClassLoader -- Instrumenting class 'org.apache.logging.log4j.core.appender.rolling.CompositeTriggeringPolicy'.
13:23:47.975 [main] INFO org.evosuite.runtime.instrumentation.MethodCallReplacementClassAdapter -- Adding mock interface to class org/apache/logging/log4j/core/appender/rolling/CompositeTriggeringPolicy
13:23:47.975 [main] INFO org.evosuite.runtime.instrumentation.CreateClassResetClassAdapter -- Creating brand-new static initializer in class org/apache/logging/log4j/core/appender/rolling/CompositeTriggeringPolicy
13:23:47.976 [main] INFO org.evosuite.runtime.instrumentation.EvoClassLoader -- Keeping class: org.apache.logging.log4j.core.appender.rolling.CompositeTriggeringPolicy
13:23:47.976 [main] INFO org.evosuite.runtime.instrumentation.EvoClassLoader -- Seeing class for first time: org.apache.logging.log4j.core.appender.rolling.action.PosixViewAttributeAction
13:23:47.976 [main] INFO org.evosuite.runtime.instrumentation.EvoClassLoader -- Instrumenting class 'org.apache.logging.log4j.core.appender.rolling.action.PosixViewAttributeAction'.
13:23:47.977 [main] INFO org.evosuite.runtime.instrumentation.MethodCallReplacementClassAdapter -- Adding mock interface to class org/apache/logging/log4j/core/appender/rolling/action/PosixViewAttributeAction
13:23:47.978 [main] INFO org.evosuite.runtime.instrumentation.CreateClassResetClassAdapter -- Creating brand-new static initializer in class org/apache/logging/log4j/core/appender/rolling/action/PosixViewAttributeAction
13:23:47.978 [main] INFO org.evosuite.runtime.instrumentation.EvoClassLoader -- Keeping class: org.apache.logging.log4j.core.appender.rolling.action.PosixViewAttributeAction
13:23:47.978 [main] INFO org.evosuite.runtime.instrumentation.EvoClassLoader -- Seeing class for first time: org.apache.logging.log4j.core.config.PropertiesPlugin
13:23:47.978 [main] INFO org.evosuite.runtime.instrumentation.EvoClassLoader -- Instrumenting class 'org.apache.logging.log4j.core.config.PropertiesPlugin'.
13:23:47.979 [main] INFO org.evosuite.runtime.instrumentation.MethodCallReplacementClassAdapter -- Adding mock interface to class org/apache/logging/log4j/core/config/PropertiesPlugin
13:23:47.980 [main] INFO org.evosuite.runtime.instrumentation.CreateClassResetClassAdapter -- Found static initializer in class org/apache/logging/log4j/core/config/PropertiesPlugin
13:23:47.981 [main] INFO org.evosuite.runtime.instrumentation.EvoClassLoader -- Keeping class: org.apache.logging.log4j.core.config.PropertiesPlugin
13:23:47.981 [main] INFO org.evosuite.runtime.instrumentation.EvoClassLoader -- Seeing class for first time: org.apache.logging.log4j.core.appender.rewrite.PropertiesRewritePolicy
13:23:47.981 [main] INFO org.evosuite.runtime.instrumentation.EvoClassLoader -- Instrumenting class 'org.apache.logging.log4j.core.appender.rewrite.PropertiesRewritePolicy'.
13:23:47.982 [main] INFO org.evosuite.runtime.instrumentation.MethodCallReplacementClassAdapter -- Adding mock interface to class org/apache/logging/log4j/core/appender/rewrite/PropertiesRewritePolicy
13:23:47.983 [main] INFO org.evosuite.runtime.instrumentation.CreateClassResetClassAdapter -- Found static initializer in class org/apache/logging/log4j/core/appender/rewrite/PropertiesRewritePolicy
13:23:47.984 [main] INFO org.evosuite.runtime.instrumentation.EvoClassLoader -- Keeping class: org.apache.logging.log4j.core.appender.rewrite.PropertiesRewritePolicy
13:23:47.984 [main] INFO org.evosuite.runtime.instrumentation.EvoClassLoader -- Seeing class for first time: org.apache.logging.log4j.core.appender.RandomAccessFileAppender
13:23:47.984 [main] INFO org.evosuite.runtime.instrumentation.EvoClassLoader -- Instrumenting class 'org.apache.logging.log4j.core.appender.RandomAccessFileAppender'.
13:23:47.985 [main] INFO org.evosuite.runtime.instrumentation.MethodCallReplacementClassAdapter -- Adding mock interface to class org/apache/logging/log4j/core/appender/RandomAccessFileAppender
13:23:47.986 [main] INFO org.evosuite.runtime.instrumentation.CreateClassResetClassAdapter -- Creating brand-new static initializer in class org/apache/logging/log4j/core/appender/RandomAccessFileAppender
13:23:47.987 [main] INFO org.evosuite.runtime.instrumentation.EvoClassLoader -- Keeping class: org.apache.logging.log4j.core.appender.RandomAccessFileAppender
13:23:47.987 [main] INFO org.evosuite.runtime.instrumentation.EvoClassLoader -- Seeing class for first time: org.apache.logging.log4j.core.filter.RegexFilter
13:23:47.987 [main] INFO org.evosuite.runtime.instrumentation.EvoClassLoader -- Instrumenting class 'org.apache.logging.log4j.core.filter.RegexFilter'.
13:23:47.988 [main] INFO org.evosuite.runtime.instrumentation.MethodCallReplacementClassAdapter -- Adding mock interface to class org/apache/logging/log4j/core/filter/RegexFilter
13:23:47.989 [main] INFO org.evosuite.runtime.instrumentation.CreateClassResetClassAdapter -- Creating brand-new static initializer in class org/apache/logging/log4j/core/filter/RegexFilter
13:23:47.989 [main] INFO org.evosuite.runtime.instrumentation.CreateClassResetClassAdapter -- Adding bytecode for initializing field DEFAULT_PATTERN_FLAGS
13:23:47.990 [main] INFO org.evosuite.runtime.instrumentation.EvoClassLoader -- Keeping class: org.apache.logging.log4j.core.filter.RegexFilter
13:23:47.990 [main] INFO org.evosuite.runtime.instrumentation.EvoClassLoader -- Seeing class for first time: org.apache.logging.log4j.core.pattern.RegexReplacement
13:23:47.990 [main] INFO org.evosuite.runtime.instrumentation.EvoClassLoader -- Instrumenting class 'org.apache.logging.log4j.core.pattern.RegexReplacement'.
13:23:47.991 [main] INFO org.evosuite.runtime.instrumentation.MethodCallReplacementClassAdapter -- Adding mock interface to class org/apache/logging/log4j/core/pattern/RegexReplacement
13:23:47.991 [main] INFO org.evosuite.runtime.instrumentation.CreateClassResetClassAdapter -- Found static initializer in class org/apache/logging/log4j/core/pattern/RegexReplacement
13:23:47.992 [main] INFO org.evosuite.runtime.instrumentation.EvoClassLoader -- Keeping class: org.apache.logging.log4j.core.pattern.RegexReplacement
13:23:47.992 [main] INFO org.evosuite.runtime.instrumentation.EvoClassLoader -- Seeing class for first time: org.apache.logging.log4j.core.appender.rewrite.RewriteAppender
13:23:47.992 [main] INFO org.evosuite.runtime.instrumentation.EvoClassLoader -- Instrumenting class 'org.apache.logging.log4j.core.appender.rewrite.RewriteAppender'.
13:23:47.993 [main] INFO org.evosuite.runtime.instrumentation.MethodCallReplacementClassAdapter -- Adding mock interface to class org/apache/logging/log4j/core/appender/rewrite/RewriteAppender
13:23:47.994 [main] INFO org.evosuite.runtime.instrumentation.CreateClassResetClassAdapter -- Creating brand-new static initializer in class org/apache/logging/log4j/core/appender/rewrite/RewriteAppender
13:23:47.994 [main] INFO org.evosuite.runtime.instrumentation.EvoClassLoader -- Keeping class: org.apache.logging.log4j.core.appender.rewrite.RewriteAppender
13:23:47.994 [main] INFO org.evosuite.runtime.instrumentation.EvoClassLoader -- Seeing class for first time: org.apache.logging.log4j.core.layout.Rfc5424Layout
13:23:47.994 [main] INFO org.evosuite.runtime.instrumentation.EvoClassLoader -- Instrumenting class 'org.apache.logging.log4j.core.layout.Rfc5424Layout'.
13:23:47.996 [main] INFO org.evosuite.runtime.instrumentation.MethodCallReplacementClassAdapter -- Adding mock interface to class org/apache/logging/log4j/core/layout/Rfc5424Layout
13:23:48.002 [main] INFO org.evosuite.runtime.instrumentation.CreateClassResetClassAdapter -- Found static initializer in class org/apache/logging/log4j/core/layout/Rfc5424Layout
13:23:48.003 [main] INFO org.evosuite.runtime.instrumentation.EvoClassLoader -- Keeping class: org.apache.logging.log4j.core.layout.Rfc5424Layout
13:23:48.003 [main] INFO org.evosuite.runtime.instrumentation.EvoClassLoader -- Seeing class for first time: org.apache.logging.log4j.core.appender.RollingFileAppender
13:23:48.003 [main] INFO org.evosuite.runtime.instrumentation.EvoClassLoader -- Instrumenting class 'org.apache.logging.log4j.core.appender.RollingFileAppender'.
13:23:48.004 [main] INFO org.evosuite.runtime.instrumentation.MethodCallReplacementClassAdapter -- Adding mock interface to class org/apache/logging/log4j/core/appender/RollingFileAppender
13:23:48.005 [main] INFO org.evosuite.runtime.instrumentation.CreateClassResetClassAdapter -- Creating brand-new static initializer in class org/apache/logging/log4j/core/appender/RollingFileAppender
13:23:48.005 [main] INFO org.evosuite.runtime.instrumentation.CreateClassResetClassAdapter -- Adding bytecode for initializing field PLUGIN_NAME
13:23:48.005 [main] INFO org.evosuite.runtime.instrumentation.CreateClassResetClassAdapter -- Adding bytecode for initializing field DEFAULT_BUFFER_SIZE
13:23:48.006 [main] INFO org.evosuite.runtime.instrumentation.EvoClassLoader -- Keeping class: org.apache.logging.log4j.core.appender.RollingFileAppender
13:23:48.006 [main] INFO org.evosuite.runtime.instrumentation.EvoClassLoader -- Seeing class for first time: org.apache.logging.log4j.core.appender.RollingRandomAccessFileAppender
13:23:48.006 [main] INFO org.evosuite.runtime.instrumentation.EvoClassLoader -- Instrumenting class 'org.apache.logging.log4j.core.appender.RollingRandomAccessFileAppender'.
13:23:48.007 [main] INFO org.evosuite.runtime.instrumentation.MethodCallReplacementClassAdapter -- Adding mock interface to class org/apache/logging/log4j/core/appender/RollingRandomAccessFileAppender
13:23:48.008 [main] INFO org.evosuite.runtime.instrumentation.CreateClassResetClassAdapter -- Creating brand-new static initializer in class org/apache/logging/log4j/core/appender/RollingRandomAccessFileAppender
13:23:48.008 [main] INFO org.evosuite.runtime.instrumentation.EvoClassLoader -- Keeping class: org.apache.logging.log4j.core.appender.RollingRandomAccessFileAppender
13:23:48.008 [main] INFO org.evosuite.runtime.instrumentation.EvoClassLoader -- Seeing class for first time: org.apache.logging.log4j.core.config.LoggerConfig$RootLogger
13:23:48.008 [main] INFO org.evosuite.runtime.instrumentation.EvoClassLoader -- Instrumenting class 'org.apache.logging.log4j.core.config.LoggerConfig$RootLogger'.
13:23:48.009 [main] INFO org.evosuite.runtime.instrumentation.MethodCallReplacementClassAdapter -- Adding mock interface to class org/apache/logging/log4j/core/config/LoggerConfig$RootLogger
13:23:48.009 [main] INFO org.evosuite.runtime.instrumentation.CreateClassResetClassAdapter -- Creating brand-new static initializer in class org/apache/logging/log4j/core/config/LoggerConfig$RootLogger
13:23:48.009 [main] INFO org.evosuite.runtime.instrumentation.EvoClassLoader -- Keeping class: org.apache.logging.log4j.core.config.LoggerConfig$RootLogger
13:23:48.009 [main] INFO org.evosuite.runtime.instrumentation.EvoClassLoader -- Seeing class for first time: org.apache.logging.log4j.core.appender.routing.Route
13:23:48.009 [main] INFO org.evosuite.runtime.instrumentation.EvoClassLoader -- Instrumenting class 'org.apache.logging.log4j.core.appender.routing.Route'.
13:23:48.010 [main] INFO org.evosuite.runtime.instrumentation.MethodCallReplacementClassAdapter -- Adding mock interface to class org/apache/logging/log4j/core/appender/routing/Route
13:23:48.010 [main] INFO org.evosuite.runtime.instrumentation.CreateClassResetClassAdapter -- Found static initializer in class org/apache/logging/log4j/core/appender/routing/Route
13:23:48.011 [main] INFO org.evosuite.runtime.instrumentation.EvoClassLoader -- Keeping class: org.apache.logging.log4j.core.appender.routing.Route
13:23:48.011 [main] INFO org.evosuite.runtime.instrumentation.EvoClassLoader -- Seeing class for first time: org.apache.logging.log4j.core.appender.routing.Routes
13:23:48.011 [main] INFO org.evosuite.runtime.instrumentation.EvoClassLoader -- Instrumenting class 'org.apache.logging.log4j.core.appender.routing.Routes'.
13:23:48.012 [main] INFO org.evosuite.runtime.instrumentation.MethodCallReplacementClassAdapter -- Adding mock interface to class org/apache/logging/log4j/core/appender/routing/Routes
13:23:48.012 [main] INFO org.evosuite.runtime.instrumentation.CreateClassResetClassAdapter -- Found static initializer in class org/apache/logging/log4j/core/appender/routing/Routes
13:23:48.013 [main] INFO org.evosuite.runtime.instrumentation.EvoClassLoader -- Keeping class: org.apache.logging.log4j.core.appender.routing.Routes
13:23:48.013 [main] INFO org.evosuite.runtime.instrumentation.EvoClassLoader -- Seeing class for first time: org.apache.logging.log4j.core.appender.routing.RoutingAppender
13:23:48.013 [main] INFO org.evosuite.runtime.instrumentation.EvoClassLoader -- Instrumenting class 'org.apache.logging.log4j.core.appender.routing.RoutingAppender'.
13:23:48.014 [main] INFO org.evosuite.runtime.instrumentation.MethodCallReplacementClassAdapter -- Adding mock interface to class org/apache/logging/log4j/core/appender/routing/RoutingAppender
13:23:48.018 [main] INFO org.evosuite.runtime.instrumentation.CreateClassResetClassAdapter -- Creating brand-new static initializer in class org/apache/logging/log4j/core/appender/routing/RoutingAppender
13:23:48.018 [main] INFO org.evosuite.runtime.instrumentation.CreateClassResetClassAdapter -- Adding bytecode for initializing field STATIC_VARIABLES_KEY
13:23:48.018 [main] INFO org.evosuite.runtime.instrumentation.CreateClassResetClassAdapter -- Adding bytecode for initializing field DEFAULT_KEY
13:23:48.019 [main] INFO org.evosuite.runtime.instrumentation.EvoClassLoader -- Keeping class: org.apache.logging.log4j.core.appender.routing.RoutingAppender
13:23:48.019 [main] INFO org.evosuite.runtime.instrumentation.EvoClassLoader -- Seeing class for first time: org.apache.logging.log4j.core.script.Script
13:23:48.019 [main] INFO org.evosuite.runtime.instrumentation.EvoClassLoader -- Instrumenting class 'org.apache.logging.log4j.core.script.Script'.
13:23:48.019 [main] INFO org.evosuite.runtime.instrumentation.MethodCallReplacementClassAdapter -- Adding mock interface to class org/apache/logging/log4j/core/script/Script
13:23:48.019 [main] INFO org.evosuite.runtime.instrumentation.CreateClassResetClassAdapter -- Creating brand-new static initializer in class org/apache/logging/log4j/core/script/Script
13:23:48.019 [main] INFO org.evosuite.runtime.instrumentation.CreateClassResetClassAdapter -- Adding bytecode for initializing field ATTR_LANGUAGE
13:23:48.019 [main] INFO org.evosuite.runtime.instrumentation.CreateClassResetClassAdapter -- Adding bytecode for initializing field ATTR_SCRIPT_TEXT
13:23:48.019 [main] INFO org.evosuite.runtime.instrumentation.CreateClassResetClassAdapter -- Adding bytecode for initializing field PLUGIN_NAME
13:23:48.020 [main] INFO org.evosuite.runtime.instrumentation.EvoClassLoader -- Seeing class for first time: org.apache.logging.log4j.core.script.AbstractScript
13:23:48.020 [main] INFO org.evosuite.runtime.instrumentation.EvoClassLoader -- Instrumenting class 'org.apache.logging.log4j.core.script.AbstractScript'.
13:23:48.020 [main] INFO org.evosuite.runtime.instrumentation.MethodCallReplacementClassAdapter -- Adding mock interface to class org/apache/logging/log4j/core/script/AbstractScript
13:23:48.020 [main] INFO org.evosuite.runtime.instrumentation.CreateClassResetClassAdapter -- Found static initializer in class org/apache/logging/log4j/core/script/AbstractScript
13:23:48.021 [main] INFO org.evosuite.runtime.instrumentation.EvoClassLoader -- Keeping class: org.apache.logging.log4j.core.script.AbstractScript
13:23:48.021 [main] INFO org.evosuite.runtime.instrumentation.EvoClassLoader -- Keeping class: org.apache.logging.log4j.core.script.Script
13:23:48.021 [main] INFO org.evosuite.runtime.instrumentation.EvoClassLoader -- Seeing class for first time: org.apache.logging.log4j.core.appender.ScriptAppenderSelector
13:23:48.021 [main] INFO org.evosuite.runtime.instrumentation.EvoClassLoader -- Instrumenting class 'org.apache.logging.log4j.core.appender.ScriptAppenderSelector'.
13:23:48.021 [main] INFO org.evosuite.runtime.instrumentation.MethodCallReplacementClassAdapter -- Adding mock interface to class org/apache/logging/log4j/core/appender/ScriptAppenderSelector
13:23:48.022 [main] INFO org.evosuite.runtime.instrumentation.CreateClassResetClassAdapter -- Creating brand-new static initializer in class org/apache/logging/log4j/core/appender/ScriptAppenderSelector
13:23:48.022 [main] INFO org.evosuite.runtime.instrumentation.EvoClassLoader -- Keeping class: org.apache.logging.log4j.core.appender.ScriptAppenderSelector
13:23:48.022 [main] INFO org.evosuite.runtime.instrumentation.EvoClassLoader -- Seeing class for first time: org.apache.logging.log4j.core.config.arbiters.ScriptArbiter
13:23:48.022 [main] INFO org.evosuite.runtime.instrumentation.EvoClassLoader -- Instrumenting class 'org.apache.logging.log4j.core.config.arbiters.ScriptArbiter'.
13:23:48.023 [main] INFO org.evosuite.runtime.instrumentation.MethodCallReplacementClassAdapter -- Adding mock interface to class org/apache/logging/log4j/core/config/arbiters/ScriptArbiter
13:23:48.023 [main] INFO org.evosuite.runtime.instrumentation.CreateClassResetClassAdapter -- Creating brand-new static initializer in class org/apache/logging/log4j/core/config/arbiters/ScriptArbiter
13:23:48.023 [main] INFO org.evosuite.runtime.instrumentation.EvoClassLoader -- Keeping class: org.apache.logging.log4j.core.config.arbiters.ScriptArbiter
13:23:48.023 [main] INFO org.evosuite.runtime.instrumentation.EvoClassLoader -- Seeing class for first time: org.apache.logging.log4j.core.appender.rolling.action.ScriptCondition
13:23:48.023 [main] INFO org.evosuite.runtime.instrumentation.EvoClassLoader -- Instrumenting class 'org.apache.logging.log4j.core.appender.rolling.action.ScriptCondition'.
13:23:48.024 [main] INFO org.evosuite.runtime.instrumentation.MethodCallReplacementClassAdapter -- Adding mock interface to class org/apache/logging/log4j/core/appender/rolling/action/ScriptCondition
13:23:48.024 [main] INFO org.evosuite.runtime.instrumentation.CreateClassResetClassAdapter -- Found static initializer in class org/apache/logging/log4j/core/appender/rolling/action/ScriptCondition
13:23:48.025 [main] INFO org.evosuite.runtime.instrumentation.EvoClassLoader -- Keeping class: org.apache.logging.log4j.core.appender.rolling.action.ScriptCondition
13:23:48.025 [main] INFO org.evosuite.runtime.instrumentation.EvoClassLoader -- Seeing class for first time: org.apache.logging.log4j.core.script.ScriptFile
13:23:48.025 [main] INFO org.evosuite.runtime.instrumentation.EvoClassLoader -- Instrumenting class 'org.apache.logging.log4j.core.script.ScriptFile'.
13:23:48.025 [main] INFO org.evosuite.runtime.instrumentation.MethodCallReplacementClassAdapter -- Adding mock interface to class org/apache/logging/log4j/core/script/ScriptFile
13:23:48.026 [main] INFO org.evosuite.runtime.instrumentation.CreateClassResetClassAdapter -- Creating brand-new static initializer in class org/apache/logging/log4j/core/script/ScriptFile
13:23:48.026 [main] INFO org.evosuite.runtime.instrumentation.EvoClassLoader -- Keeping class: org.apache.logging.log4j.core.script.ScriptFile
13:23:48.027 [main] INFO org.evosuite.runtime.instrumentation.EvoClassLoader -- Seeing class for first time: org.apache.logging.log4j.core.filter.ScriptFilter
13:23:48.027 [main] INFO org.evosuite.runtime.instrumentation.EvoClassLoader -- Instrumenting class 'org.apache.logging.log4j.core.filter.ScriptFilter'.
13:23:48.027 [main] INFO org.evosuite.runtime.instrumentation.MethodCallReplacementClassAdapter -- Adding mock interface to class org/apache/logging/log4j/core/filter/ScriptFilter
13:23:48.028 [main] INFO org.evosuite.runtime.instrumentation.CreateClassResetClassAdapter -- Found static initializer in class org/apache/logging/log4j/core/filter/ScriptFilter
13:23:48.029 [main] INFO org.evosuite.runtime.instrumentation.EvoClassLoader -- Keeping class: org.apache.logging.log4j.core.filter.ScriptFilter
13:23:48.029 [main] INFO org.evosuite.runtime.instrumentation.EvoClassLoader -- Seeing class for first time: org.apache.logging.log4j.core.layout.ScriptPatternSelector
13:23:48.029 [main] INFO org.evosuite.runtime.instrumentation.EvoClassLoader -- Instrumenting class 'org.apache.logging.log4j.core.layout.ScriptPatternSelector'.
13:23:48.029 [main] INFO org.evosuite.runtime.instrumentation.MethodCallReplacementClassAdapter -- Adding mock interface to class org/apache/logging/log4j/core/layout/ScriptPatternSelector
13:23:48.030 [main] INFO org.evosuite.runtime.instrumentation.CreateClassResetClassAdapter -- Found static initializer in class org/apache/logging/log4j/core/layout/ScriptPatternSelector
13:23:48.031 [main] INFO org.evosuite.runtime.instrumentation.EvoClassLoader -- Keeping class: org.apache.logging.log4j.core.layout.ScriptPatternSelector
13:23:48.031 [main] INFO org.evosuite.runtime.instrumentation.EvoClassLoader -- Seeing class for first time: org.apache.logging.log4j.core.script.ScriptRef
13:23:48.031 [main] INFO org.evosuite.runtime.instrumentation.EvoClassLoader -- Instrumenting class 'org.apache.logging.log4j.core.script.ScriptRef'.
13:23:48.032 [main] INFO org.evosuite.runtime.instrumentation.MethodCallReplacementClassAdapter -- Adding mock interface to class org/apache/logging/log4j/core/script/ScriptRef
13:23:48.032 [main] INFO org.evosuite.runtime.instrumentation.CreateClassResetClassAdapter -- Creating brand-new static initializer in class org/apache/logging/log4j/core/script/ScriptRef
13:23:48.033 [main] INFO org.evosuite.runtime.instrumentation.EvoClassLoader -- Keeping class: org.apache.logging.log4j.core.script.ScriptRef
13:23:48.033 [main] INFO org.evosuite.runtime.instrumentation.EvoClassLoader -- Seeing class for first time: org.apache.logging.log4j.core.config.ScriptsPlugin
13:23:48.033 [main] INFO org.evosuite.runtime.instrumentation.EvoClassLoader -- Instrumenting class 'org.apache.logging.log4j.core.config.ScriptsPlugin'.
13:23:48.033 [main] INFO org.evosuite.runtime.instrumentation.MethodCallReplacementClassAdapter -- Adding mock interface to class org/apache/logging/log4j/core/config/ScriptsPlugin
13:23:48.034 [main] INFO org.evosuite.runtime.instrumentation.CreateClassResetClassAdapter -- Creating brand-new static initializer in class org/apache/logging/log4j/core/config/ScriptsPlugin
13:23:48.034 [main] INFO org.evosuite.runtime.instrumentation.EvoClassLoader -- Keeping class: org.apache.logging.log4j.core.config.ScriptsPlugin
13:23:48.034 [main] INFO org.evosuite.runtime.instrumentation.EvoClassLoader -- Seeing class for first time: org.apache.logging.log4j.core.config.arbiters.SelectArbiter
13:23:48.034 [main] INFO org.evosuite.runtime.instrumentation.EvoClassLoader -- Instrumenting class 'org.apache.logging.log4j.core.config.arbiters.SelectArbiter'.
13:23:48.035 [main] INFO org.evosuite.runtime.instrumentation.MethodCallReplacementClassAdapter -- Adding mock interface to class org/apache/logging/log4j/core/config/arbiters/SelectArbiter
13:23:48.037 [main] INFO org.evosuite.runtime.instrumentation.CreateClassResetClassAdapter -- Creating brand-new static initializer in class org/apache/logging/log4j/core/config/arbiters/SelectArbiter
13:23:48.037 [main] INFO org.evosuite.runtime.instrumentation.EvoClassLoader -- Keeping class: org.apache.logging.log4j.core.config.arbiters.SelectArbiter
13:23:48.037 [main] INFO org.evosuite.runtime.instrumentation.EvoClassLoader -- Seeing class for first time: org.apache.logging.log4j.core.layout.SerializedLayout
13:23:48.037 [main] INFO org.evosuite.runtime.instrumentation.EvoClassLoader -- Instrumenting class 'org.apache.logging.log4j.core.layout.SerializedLayout'.
13:23:48.038 [main] INFO org.evosuite.runtime.instrumentation.MethodCallReplacementClassAdapter -- Adding mock interface to class org/apache/logging/log4j/core/layout/SerializedLayout
13:23:48.040 [main] INFO org.evosuite.runtime.instrumentation.CreateClassResetClassAdapter -- Found static initializer in class org/apache/logging/log4j/core/layout/SerializedLayout
13:23:48.041 [main] INFO org.evosuite.runtime.instrumentation.EvoClassLoader -- Keeping class: org.apache.logging.log4j.core.layout.SerializedLayout
13:23:48.041 [main] INFO org.evosuite.runtime.instrumentation.EvoClassLoader -- Seeing class for first time: org.apache.logging.log4j.core.appender.rolling.SizeBasedTriggeringPolicy
13:23:48.041 [main] INFO org.evosuite.runtime.instrumentation.EvoClassLoader -- Instrumenting class 'org.apache.logging.log4j.core.appender.rolling.SizeBasedTriggeringPolicy'.
13:23:48.042 [main] INFO org.evosuite.runtime.instrumentation.MethodCallReplacementClassAdapter -- Adding mock interface to class org/apache/logging/log4j/core/appender/rolling/SizeBasedTriggeringPolicy
13:23:48.042 [main] INFO org.evosuite.runtime.instrumentation.CreateClassResetClassAdapter -- Creating brand-new static initializer in class org/apache/logging/log4j/core/appender/rolling/SizeBasedTriggeringPolicy
13:23:48.042 [main] INFO org.evosuite.runtime.instrumentation.CreateClassResetClassAdapter -- Adding bytecode for initializing field MAX_FILE_SIZE
13:23:48.043 [main] INFO org.evosuite.runtime.instrumentation.EvoClassLoader -- Keeping class: org.apache.logging.log4j.core.appender.rolling.SizeBasedTriggeringPolicy
13:23:48.043 [main] INFO org.evosuite.runtime.instrumentation.EvoClassLoader -- Seeing class for first time: org.apache.logging.log4j.core.appender.SmtpAppender
13:23:48.043 [main] INFO org.evosuite.runtime.instrumentation.EvoClassLoader -- Instrumenting class 'org.apache.logging.log4j.core.appender.SmtpAppender'.
13:23:48.044 [main] INFO org.evosuite.runtime.instrumentation.MethodCallReplacementClassAdapter -- Adding mock interface to class org/apache/logging/log4j/core/appender/SmtpAppender
13:23:48.046 [main] INFO org.evosuite.runtime.instrumentation.CreateClassResetClassAdapter -- Creating brand-new static initializer in class org/apache/logging/log4j/core/appender/SmtpAppender
13:23:48.046 [main] INFO org.evosuite.runtime.instrumentation.CreateClassResetClassAdapter -- Adding bytecode for initializing field DEFAULT_BUFFER_SIZE
13:23:48.047 [main] INFO org.evosuite.runtime.instrumentation.EvoClassLoader -- Keeping class: org.apache.logging.log4j.core.appender.SmtpAppender
13:23:48.047 [main] INFO org.evosuite.runtime.instrumentation.EvoClassLoader -- Seeing class for first time: org.apache.logging.log4j.core.appender.SocketAppender
13:23:48.047 [main] INFO org.evosuite.runtime.instrumentation.EvoClassLoader -- Instrumenting class 'org.apache.logging.log4j.core.appender.SocketAppender'.
13:23:48.048 [main] INFO org.evosuite.runtime.instrumentation.MethodCallReplacementClassAdapter -- Adding mock interface to class org/apache/logging/log4j/core/appender/SocketAppender
13:23:48.050 [main] INFO org.evosuite.runtime.instrumentation.CreateClassResetClassAdapter -- Creating brand-new static initializer in class org/apache/logging/log4j/core/appender/SocketAppender
13:23:48.050 [main] INFO org.evosuite.runtime.instrumentation.EvoClassLoader -- Keeping class: org.apache.logging.log4j.core.appender.SocketAppender
13:23:48.051 [main] INFO org.evosuite.runtime.instrumentation.EvoClassLoader -- Seeing class for first time: org.apache.logging.log4j.core.net.SocketAddress
13:23:48.051 [main] INFO org.evosuite.runtime.instrumentation.EvoClassLoader -- Instrumenting class 'org.apache.logging.log4j.core.net.SocketAddress'.
13:23:48.051 [main] INFO org.evosuite.runtime.instrumentation.MethodCallReplacementClassAdapter -- Adding mock interface to class org/apache/logging/log4j/core/net/SocketAddress
13:23:48.053 [main] INFO org.evosuite.runtime.instrumentation.CreateClassResetClassAdapter -- Creating brand-new static initializer in class org/apache/logging/log4j/core/net/SocketAddress
13:23:48.054 [main] INFO org.evosuite.runtime.instrumentation.EvoClassLoader -- Keeping class: org.apache.logging.log4j.core.net.SocketAddress
13:23:48.054 [main] INFO org.evosuite.runtime.instrumentation.EvoClassLoader -- Seeing class for first time: org.apache.logging.log4j.core.net.SocketOptions
13:23:48.054 [main] INFO org.evosuite.runtime.instrumentation.EvoClassLoader -- Instrumenting class 'org.apache.logging.log4j.core.net.SocketOptions'.
13:23:48.054 [main] INFO org.evosuite.runtime.instrumentation.MethodCallReplacementClassAdapter -- Adding mock interface to class org/apache/logging/log4j/core/net/SocketOptions
13:23:48.057 [main] INFO org.evosuite.runtime.instrumentation.CreateClassResetClassAdapter -- Creating brand-new static initializer in class org/apache/logging/log4j/core/net/SocketOptions
13:23:48.058 [main] INFO org.evosuite.runtime.instrumentation.EvoClassLoader -- Keeping class: org.apache.logging.log4j.core.net.SocketOptions
13:23:48.058 [main] INFO org.evosuite.runtime.instrumentation.EvoClassLoader -- Seeing class for first time: org.apache.logging.log4j.core.net.SocketPerformancePreferences
13:23:48.058 [main] INFO org.evosuite.runtime.instrumentation.EvoClassLoader -- Instrumenting class 'org.apache.logging.log4j.core.net.SocketPerformancePreferences'.
13:23:48.059 [main] INFO org.evosuite.runtime.instrumentation.MethodCallReplacementClassAdapter -- Adding mock interface to class org/apache/logging/log4j/core/net/SocketPerformancePreferences
13:23:48.061 [main] INFO org.evosuite.runtime.instrumentation.CreateClassResetClassAdapter -- Creating brand-new static initializer in class org/apache/logging/log4j/core/net/SocketPerformancePreferences
13:23:48.062 [main] INFO org.evosuite.runtime.instrumentation.EvoClassLoader -- Keeping class: org.apache.logging.log4j.core.net.SocketPerformancePreferences
13:23:48.062 [main] INFO org.evosuite.runtime.instrumentation.EvoClassLoader -- Seeing class for first time: org.apache.logging.log4j.core.appender.rolling.action.PathSortByModificationTime
13:23:48.062 [main] INFO org.evosuite.runtime.instrumentation.EvoClassLoader -- Instrumenting class 'org.apache.logging.log4j.core.appender.rolling.action.PathSortByModificationTime'.
13:23:48.062 [main] INFO org.evosuite.runtime.instrumentation.MethodCallReplacementClassAdapter -- Adding mock interface to class org/apache/logging/log4j/core/appender/rolling/action/PathSortByModificationTime
13:23:48.063 [main] INFO org.evosuite.runtime.instrumentation.CreateClassResetClassAdapter -- Creating brand-new static initializer in class org/apache/logging/log4j/core/appender/rolling/action/PathSortByModificationTime
13:23:48.063 [main] INFO org.evosuite.runtime.instrumentation.EvoClassLoader -- Seeing class for first time: org.apache.logging.log4j.core.appender.rolling.action.PathSorter
13:23:48.063 [main] INFO org.evosuite.runtime.instrumentation.EvoClassLoader -- Instrumenting class 'org.apache.logging.log4j.core.appender.rolling.action.PathSorter'.
13:23:48.064 [main] INFO org.evosuite.runtime.instrumentation.EvoClassLoader -- Keeping class: org.apache.logging.log4j.core.appender.rolling.action.PathSorter
13:23:48.064 [main] INFO org.evosuite.runtime.instrumentation.EvoClassLoader -- Keeping class: org.apache.logging.log4j.core.appender.rolling.action.PathSortByModificationTime
13:23:48.064 [main] INFO org.evosuite.runtime.instrumentation.EvoClassLoader -- Seeing class for first time: org.apache.logging.log4j.core.net.ssl.SslConfiguration
13:23:48.064 [main] INFO org.evosuite.runtime.instrumentation.EvoClassLoader -- Instrumenting class 'org.apache.logging.log4j.core.net.ssl.SslConfiguration'.
13:23:48.065 [main] INFO org.evosuite.runtime.instrumentation.MethodCallReplacementClassAdapter -- Adding mock interface to class org/apache/logging/log4j/core/net/ssl/SslConfiguration
13:23:48.068 [main] INFO org.evosuite.runtime.instrumentation.CreateClassResetClassAdapter -- Found static initializer in class org/apache/logging/log4j/core/net/ssl/SslConfiguration
13:23:48.069 [main] INFO org.evosuite.runtime.instrumentation.EvoClassLoader -- Keeping class: org.apache.logging.log4j.core.net.ssl.SslConfiguration
13:23:48.069 [main] INFO org.evosuite.runtime.instrumentation.EvoClassLoader -- Seeing class for first time: org.apache.logging.log4j.core.filter.StringMatchFilter
13:23:48.069 [main] INFO org.evosuite.runtime.instrumentation.EvoClassLoader -- Instrumenting class 'org.apache.logging.log4j.core.filter.StringMatchFilter'.
13:23:48.070 [main] INFO org.evosuite.runtime.instrumentation.MethodCallReplacementClassAdapter -- Adding mock interface to class org/apache/logging/log4j/core/filter/StringMatchFilter
13:23:48.071 [main] INFO org.evosuite.runtime.instrumentation.CreateClassResetClassAdapter -- Creating brand-new static initializer in class org/apache/logging/log4j/core/filter/StringMatchFilter
13:23:48.072 [main] INFO org.evosuite.runtime.instrumentation.CreateClassResetClassAdapter -- Adding bytecode for initializing field ATTR_MATCH
13:23:48.072 [main] INFO org.evosuite.runtime.instrumentation.EvoClassLoader -- Keeping class: org.apache.logging.log4j.core.filter.StringMatchFilter
13:23:48.072 [main] INFO org.evosuite.runtime.instrumentation.EvoClassLoader -- Seeing class for first time: org.apache.logging.log4j.core.filter.StructuredDataFilter
13:23:48.072 [main] INFO org.evosuite.runtime.instrumentation.EvoClassLoader -- Instrumenting class 'org.apache.logging.log4j.core.filter.StructuredDataFilter'.
13:23:48.073 [main] INFO org.evosuite.runtime.instrumentation.MethodCallReplacementClassAdapter -- Adding mock interface to class org/apache/logging/log4j/core/filter/StructuredDataFilter
13:23:48.075 [main] INFO org.evosuite.runtime.instrumentation.CreateClassResetClassAdapter -- Found static initializer in class org/apache/logging/log4j/core/filter/StructuredDataFilter
13:23:48.075 [main] INFO org.evosuite.runtime.instrumentation.EvoClassLoader -- Keeping class: org.apache.logging.log4j.core.filter.StructuredDataFilter
13:23:48.076 [main] INFO org.evosuite.runtime.instrumentation.EvoClassLoader -- Seeing class for first time: org.apache.logging.log4j.core.appender.SyslogAppender
13:23:48.076 [main] INFO org.evosuite.runtime.instrumentation.EvoClassLoader -- Instrumenting class 'org.apache.logging.log4j.core.appender.SyslogAppender'.
13:23:48.076 [main] INFO org.evosuite.runtime.instrumentation.MethodCallReplacementClassAdapter -- Adding mock interface to class org/apache/logging/log4j/core/appender/SyslogAppender
13:23:48.077 [main] INFO org.evosuite.runtime.instrumentation.CreateClassResetClassAdapter -- Creating brand-new static initializer in class org/apache/logging/log4j/core/appender/SyslogAppender
13:23:48.077 [main] INFO org.evosuite.runtime.instrumentation.CreateClassResetClassAdapter -- Adding bytecode for initializing field RFC5424
13:23:48.078 [main] INFO org.evosuite.runtime.instrumentation.EvoClassLoader -- Keeping class: org.apache.logging.log4j.core.appender.SyslogAppender
13:23:48.078 [main] INFO org.evosuite.runtime.instrumentation.EvoClassLoader -- Seeing class for first time: org.apache.logging.log4j.core.layout.SyslogLayout
13:23:48.078 [main] INFO org.evosuite.runtime.instrumentation.EvoClassLoader -- Instrumenting class 'org.apache.logging.log4j.core.layout.SyslogLayout'.
13:23:48.079 [main] INFO org.evosuite.runtime.instrumentation.MethodCallReplacementClassAdapter -- Adding mock interface to class org/apache/logging/log4j/core/layout/SyslogLayout
13:23:48.082 [main] INFO org.evosuite.runtime.instrumentation.CreateClassResetClassAdapter -- Found static initializer in class org/apache/logging/log4j/core/layout/SyslogLayout
13:23:48.082 [main] INFO org.evosuite.runtime.instrumentation.EvoClassLoader -- Keeping class: org.apache.logging.log4j.core.layout.SyslogLayout
13:23:48.083 [main] INFO org.evosuite.runtime.instrumentation.EvoClassLoader -- Seeing class for first time: org.apache.logging.log4j.core.config.arbiters.SystemPropertyArbiter
13:23:48.083 [main] INFO org.evosuite.runtime.instrumentation.EvoClassLoader -- Instrumenting class 'org.apache.logging.log4j.core.config.arbiters.SystemPropertyArbiter'.
13:23:48.083 [main] INFO org.evosuite.runtime.instrumentation.MethodCallReplacementClassAdapter -- Adding mock interface to class org/apache/logging/log4j/core/config/arbiters/SystemPropertyArbiter
13:23:48.085 [main] INFO org.evosuite.runtime.instrumentation.CreateClassResetClassAdapter -- Creating brand-new static initializer in class org/apache/logging/log4j/core/config/arbiters/SystemPropertyArbiter
13:23:48.085 [main] INFO org.evosuite.runtime.instrumentation.EvoClassLoader -- Keeping class: org.apache.logging.log4j.core.config.arbiters.SystemPropertyArbiter
13:23:48.085 [main] INFO org.evosuite.runtime.instrumentation.EvoClassLoader -- Seeing class for first time: org.apache.logging.log4j.core.filter.ThresholdFilter
13:23:48.085 [main] INFO org.evosuite.runtime.instrumentation.EvoClassLoader -- Instrumenting class 'org.apache.logging.log4j.core.filter.ThresholdFilter'.
13:23:48.086 [main] INFO org.evosuite.runtime.instrumentation.MethodCallReplacementClassAdapter -- Adding mock interface to class org/apache/logging/log4j/core/filter/ThresholdFilter
13:23:48.087 [main] INFO org.evosuite.runtime.instrumentation.CreateClassResetClassAdapter -- Creating brand-new static initializer in class org/apache/logging/log4j/core/filter/ThresholdFilter
13:23:48.088 [main] INFO org.evosuite.runtime.instrumentation.EvoClassLoader -- Keeping class: org.apache.logging.log4j.core.filter.ThresholdFilter
13:23:48.088 [main] INFO org.evosuite.runtime.instrumentation.EvoClassLoader -- Seeing class for first time: org.apache.logging.log4j.core.appender.rolling.TimeBasedTriggeringPolicy
13:23:48.088 [main] INFO org.evosuite.runtime.instrumentation.EvoClassLoader -- Instrumenting class 'org.apache.logging.log4j.core.appender.rolling.TimeBasedTriggeringPolicy'.
13:23:48.089 [main] INFO org.evosuite.runtime.instrumentation.MethodCallReplacementClassAdapter -- Adding mock interface to class org/apache/logging/log4j/core/appender/rolling/TimeBasedTriggeringPolicy
13:23:48.089 [main] INFO org.evosuite.runtime.instrumentation.CreateClassResetClassAdapter -- Creating brand-new static initializer in class org/apache/logging/log4j/core/appender/rolling/TimeBasedTriggeringPolicy
13:23:48.090 [main] INFO org.evosuite.runtime.instrumentation.EvoClassLoader -- Keeping class: org.apache.logging.log4j.core.appender.rolling.TimeBasedTriggeringPolicy
13:23:48.090 [main] INFO org.evosuite.runtime.instrumentation.EvoClassLoader -- Seeing class for first time: org.apache.logging.log4j.core.filter.TimeFilter
13:23:48.090 [main] INFO org.evosuite.runtime.instrumentation.EvoClassLoader -- Instrumenting class 'org.apache.logging.log4j.core.filter.TimeFilter'.
13:23:48.091 [main] INFO org.evosuite.runtime.instrumentation.MethodCallReplacementClassAdapter -- Adding mock interface to class org/apache/logging/log4j/core/filter/TimeFilter
13:23:48.093 [main] INFO org.evosuite.runtime.instrumentation.CreateClassResetClassAdapter -- Found static initializer in class org/apache/logging/log4j/core/filter/TimeFilter
13:23:48.093 [main] INFO org.evosuite.runtime.instrumentation.EvoClassLoader -- Keeping class: org.apache.logging.log4j.core.filter.TimeFilter
13:23:48.094 [main] INFO org.evosuite.runtime.instrumentation.EvoClassLoader -- Seeing class for first time: org.apache.logging.log4j.core.net.ssl.TrustStoreConfiguration
13:23:48.094 [main] INFO org.evosuite.runtime.instrumentation.EvoClassLoader -- Instrumenting class 'org.apache.logging.log4j.core.net.ssl.TrustStoreConfiguration'.
13:23:48.094 [main] INFO org.evosuite.runtime.instrumentation.MethodCallReplacementClassAdapter -- Adding mock interface to class org/apache/logging/log4j/core/net/ssl/TrustStoreConfiguration
13:23:48.098 [main] INFO org.evosuite.runtime.instrumentation.CreateClassResetClassAdapter -- Creating brand-new static initializer in class org/apache/logging/log4j/core/net/ssl/TrustStoreConfiguration
13:23:48.099 [main] INFO org.evosuite.runtime.instrumentation.EvoClassLoader -- Keeping class: org.apache.logging.log4j.core.net.ssl.TrustStoreConfiguration
13:23:48.099 [main] INFO org.evosuite.runtime.instrumentation.EvoClassLoader -- Seeing class for first time: org.apache.logging.log4j.core.appender.WriterAppender
13:23:48.099 [main] INFO org.evosuite.runtime.instrumentation.EvoClassLoader -- Instrumenting class 'org.apache.logging.log4j.core.appender.WriterAppender'.
13:23:48.100 [main] INFO org.evosuite.runtime.instrumentation.MethodCallReplacementClassAdapter -- Adding mock interface to class org/apache/logging/log4j/core/appender/WriterAppender
13:23:48.102 [main] INFO org.evosuite.runtime.instrumentation.CreateClassResetClassAdapter -- Found static initializer in class org/apache/logging/log4j/core/appender/WriterAppender
13:23:48.102 [main] INFO org.evosuite.runtime.instrumentation.EvoClassLoader -- Seeing class for first time: org.apache.logging.log4j.core.appender.AbstractWriterAppender
13:23:48.102 [main] INFO org.evosuite.runtime.instrumentation.EvoClassLoader -- Instrumenting class 'org.apache.logging.log4j.core.appender.AbstractWriterAppender'.
13:23:48.103 [main] INFO org.evosuite.runtime.instrumentation.MethodCallReplacementClassAdapter -- Adding mock interface to class org/apache/logging/log4j/core/appender/AbstractWriterAppender
13:23:48.104 [main] INFO org.evosuite.runtime.instrumentation.CreateClassResetClassAdapter -- Creating brand-new static initializer in class org/apache/logging/log4j/core/appender/AbstractWriterAppender
13:23:48.104 [main] INFO org.evosuite.runtime.instrumentation.EvoClassLoader -- Keeping class: org.apache.logging.log4j.core.appender.AbstractWriterAppender
13:23:48.105 [main] INFO org.evosuite.runtime.instrumentation.EvoClassLoader -- Keeping class: org.apache.logging.log4j.core.appender.WriterAppender
13:23:48.105 [main] INFO org.evosuite.runtime.instrumentation.EvoClassLoader -- Seeing class for first time: org.apache.logging.log4j.core.layout.XmlLayout
13:23:48.105 [main] INFO org.evosuite.runtime.instrumentation.EvoClassLoader -- Instrumenting class 'org.apache.logging.log4j.core.layout.XmlLayout'.
13:23:48.106 [main] INFO org.evosuite.runtime.instrumentation.MethodCallReplacementClassAdapter -- Adding mock interface to class org/apache/logging/log4j/core/layout/XmlLayout
13:23:48.106 [main] INFO org.evosuite.runtime.instrumentation.CreateClassResetClassAdapter -- Creating brand-new static initializer in class org/apache/logging/log4j/core/layout/XmlLayout
13:23:48.106 [main] INFO org.evosuite.runtime.instrumentation.CreateClassResetClassAdapter -- Adding bytecode for initializing field ROOT_TAG
13:23:48.107 [main] INFO org.evosuite.runtime.instrumentation.EvoClassLoader -- Keeping class: org.apache.logging.log4j.core.layout.XmlLayout
13:23:48.107 [main] INFO org.evosuite.runtime.instrumentation.EvoClassLoader -- Seeing class for first time: org.apache.logging.log4j.core.layout.YamlLayout
13:23:48.107 [main] INFO org.evosuite.runtime.instrumentation.EvoClassLoader -- Instrumenting class 'org.apache.logging.log4j.core.layout.YamlLayout'.
13:23:48.108 [main] INFO org.evosuite.runtime.instrumentation.MethodCallReplacementClassAdapter -- Adding mock interface to class org/apache/logging/log4j/core/layout/YamlLayout
13:23:48.109 [main] INFO org.evosuite.runtime.instrumentation.CreateClassResetClassAdapter -- Creating brand-new static initializer in class org/apache/logging/log4j/core/layout/YamlLayout
13:23:48.109 [main] INFO org.evosuite.runtime.instrumentation.CreateClassResetClassAdapter -- Adding bytecode for initializing field DEFAULT_FOOTER
13:23:48.109 [main] INFO org.evosuite.runtime.instrumentation.CreateClassResetClassAdapter -- Adding bytecode for initializing field DEFAULT_HEADER
13:23:48.109 [main] INFO org.evosuite.runtime.instrumentation.CreateClassResetClassAdapter -- Adding bytecode for initializing field CONTENT_TYPE
13:23:48.110 [main] INFO org.evosuite.runtime.instrumentation.EvoClassLoader -- Keeping class: org.apache.logging.log4j.core.layout.YamlLayout
13:23:48.110 [main] INFO org.evosuite.runtime.instrumentation.EvoClassLoader -- Seeing class for first time: org.apache.logging.log4j.core.pattern.FileDatePatternConverter
13:23:48.110 [main] INFO org.evosuite.runtime.instrumentation.EvoClassLoader -- Instrumenting class 'org.apache.logging.log4j.core.pattern.FileDatePatternConverter'.
13:23:48.111 [main] INFO org.evosuite.runtime.instrumentation.MethodCallReplacementClassAdapter -- Adding mock interface to class org/apache/logging/log4j/core/pattern/FileDatePatternConverter
13:23:48.111 [main] INFO org.evosuite.runtime.instrumentation.CreateClassResetClassAdapter -- Creating brand-new static initializer in class org/apache/logging/log4j/core/pattern/FileDatePatternConverter
13:23:48.112 [main] INFO org.evosuite.runtime.instrumentation.EvoClassLoader -- Keeping class: org.apache.logging.log4j.core.pattern.FileDatePatternConverter
13:23:48.112 [main] INFO org.evosuite.runtime.instrumentation.EvoClassLoader -- Seeing class for first time: org.apache.logging.log4j.core.pattern.IntegerPatternConverter
13:23:48.112 [main] INFO org.evosuite.runtime.instrumentation.EvoClassLoader -- Instrumenting class 'org.apache.logging.log4j.core.pattern.IntegerPatternConverter'.
13:23:48.113 [main] INFO org.evosuite.runtime.instrumentation.MethodCallReplacementClassAdapter -- Adding mock interface to class org/apache/logging/log4j/core/pattern/IntegerPatternConverter
13:23:48.113 [main] INFO org.evosuite.runtime.instrumentation.CreateClassResetClassAdapter -- Found static initializer in class org/apache/logging/log4j/core/pattern/IntegerPatternConverter
13:23:48.114 [main] INFO org.evosuite.runtime.instrumentation.EvoClassLoader -- Keeping class: org.apache.logging.log4j.core.pattern.IntegerPatternConverter
13:23:48.114 [main] INFO org.evosuite.runtime.instrumentation.EvoClassLoader -- Seeing class for first time: org.apache.logging.log4j.core.test.ExtendedLevels
13:23:48.114 [main] INFO org.evosuite.runtime.instrumentation.EvoClassLoader -- Instrumenting class 'org.apache.logging.log4j.core.test.ExtendedLevels'.
13:23:48.115 [main] INFO org.evosuite.runtime.instrumentation.MethodCallReplacementClassAdapter -- Adding mock interface to class org/apache/logging/log4j/core/test/ExtendedLevels
13:23:48.115 [main] INFO org.evosuite.runtime.instrumentation.CreateClassResetClassAdapter -- Found static initializer in class org/apache/logging/log4j/core/test/ExtendedLevels
13:23:48.116 [main] INFO org.evosuite.runtime.instrumentation.EvoClassLoader -- Defined package (3): package org.apache.logging.log4j.core.test, 1098389672
13:23:48.116 [main] INFO org.evosuite.runtime.instrumentation.EvoClassLoader -- Keeping class: org.apache.logging.log4j.core.test.ExtendedLevels
13:23:48.116 [main] INFO org.evosuite.runtime.instrumentation.EvoClassLoader -- Seeing class for first time: org.apache.logging.log4j.core.lookup.JndiLookup
13:23:48.116 [main] INFO org.evosuite.runtime.instrumentation.EvoClassLoader -- Instrumenting class 'org.apache.logging.log4j.core.lookup.JndiLookup'.
13:23:48.117 [main] INFO org.evosuite.runtime.instrumentation.MethodCallReplacementClassAdapter -- Adding mock interface to class org/apache/logging/log4j/core/lookup/JndiLookup
13:23:48.119 [main] INFO org.evosuite.runtime.instrumentation.CreateClassResetClassAdapter -- Found static initializer in class org/apache/logging/log4j/core/lookup/JndiLookup
13:23:48.120 [main] INFO org.evosuite.runtime.instrumentation.EvoClassLoader -- Keeping class: org.apache.logging.log4j.core.lookup.JndiLookup
13:23:48.120 [main] INFO org.evosuite.runtime.instrumentation.EvoClassLoader -- Seeing class for first time: org.apache.logging.log4j.core.config.plugins.convert.TypeConverters$BigDecimalConverter
13:23:48.120 [main] INFO org.evosuite.runtime.instrumentation.EvoClassLoader -- Instrumenting class 'org.apache.logging.log4j.core.config.plugins.convert.TypeConverters$BigDecimalConverter'.
13:23:48.121 [main] INFO org.evosuite.runtime.instrumentation.MethodCallReplacementClassAdapter -- Adding mock interface to class org/apache/logging/log4j/core/config/plugins/convert/TypeConverters$BigDecimalConverter
13:23:48.121 [main] INFO org.evosuite.runtime.instrumentation.CreateClassResetClassAdapter -- Creating brand-new static initializer in class org/apache/logging/log4j/core/config/plugins/convert/TypeConverters$BigDecimalConverter
13:23:48.121 [main] INFO org.evosuite.runtime.instrumentation.EvoClassLoader -- Defined package (3): package org.apache.logging.log4j.core.config.plugins.convert, 1705434447
13:23:48.122 [main] INFO org.evosuite.runtime.instrumentation.EvoClassLoader -- Seeing class for first time: org.apache.logging.log4j.core.config.plugins.convert.TypeConverter
13:23:48.122 [main] INFO org.evosuite.runtime.instrumentation.EvoClassLoader -- Instrumenting class 'org.apache.logging.log4j.core.config.plugins.convert.TypeConverter'.
13:23:48.123 [main] INFO org.evosuite.runtime.instrumentation.EvoClassLoader -- Keeping class: org.apache.logging.log4j.core.config.plugins.convert.TypeConverter
13:23:48.123 [main] INFO org.evosuite.runtime.instrumentation.EvoClassLoader -- Keeping class: org.apache.logging.log4j.core.config.plugins.convert.TypeConverters$BigDecimalConverter
13:23:48.123 [main] INFO org.evosuite.runtime.instrumentation.EvoClassLoader -- Seeing class for first time: org.apache.logging.log4j.core.config.plugins.convert.TypeConverters$BigIntegerConverter
13:23:48.123 [main] INFO org.evosuite.runtime.instrumentation.EvoClassLoader -- Instrumenting class 'org.apache.logging.log4j.core.config.plugins.convert.TypeConverters$BigIntegerConverter'.
13:23:48.124 [main] INFO org.evosuite.runtime.instrumentation.MethodCallReplacementClassAdapter -- Adding mock interface to class org/apache/logging/log4j/core/config/plugins/convert/TypeConverters$BigIntegerConverter
13:23:48.124 [main] INFO org.evosuite.runtime.instrumentation.CreateClassResetClassAdapter -- Creating brand-new static initializer in class org/apache/logging/log4j/core/config/plugins/convert/TypeConverters$BigIntegerConverter
13:23:48.125 [main] INFO org.evosuite.runtime.instrumentation.EvoClassLoader -- Keeping class: org.apache.logging.log4j.core.config.plugins.convert.TypeConverters$BigIntegerConverter
13:23:48.125 [main] INFO org.evosuite.runtime.instrumentation.EvoClassLoader -- Seeing class for first time: org.apache.logging.log4j.core.config.plugins.convert.TypeConverters$BooleanConverter
13:23:48.125 [main] INFO org.evosuite.runtime.instrumentation.EvoClassLoader -- Instrumenting class 'org.apache.logging.log4j.core.config.plugins.convert.TypeConverters$BooleanConverter'.
13:23:48.126 [main] INFO org.evosuite.runtime.instrumentation.MethodCallReplacementClassAdapter -- Adding mock interface to class org/apache/logging/log4j/core/config/plugins/convert/TypeConverters$BooleanConverter
13:23:48.126 [main] INFO org.evosuite.runtime.instrumentation.CreateClassResetClassAdapter -- Creating brand-new static initializer in class org/apache/logging/log4j/core/config/plugins/convert/TypeConverters$BooleanConverter
13:23:48.126 [main] INFO org.evosuite.runtime.instrumentation.EvoClassLoader -- Keeping class: org.apache.logging.log4j.core.config.plugins.convert.TypeConverters$BooleanConverter
13:23:48.126 [main] INFO org.evosuite.runtime.instrumentation.EvoClassLoader -- Seeing class for first time: org.apache.logging.log4j.core.config.plugins.convert.TypeConverters$ByteConverter
13:23:48.127 [main] INFO org.evosuite.runtime.instrumentation.EvoClassLoader -- Instrumenting class 'org.apache.logging.log4j.core.config.plugins.convert.TypeConverters$ByteConverter'.
13:23:48.128 [main] INFO org.evosuite.runtime.instrumentation.MethodCallReplacementClassAdapter -- Adding mock interface to class org/apache/logging/log4j/core/config/plugins/convert/TypeConverters$ByteConverter
13:23:48.128 [main] INFO org.evosuite.runtime.instrumentation.CreateClassResetClassAdapter -- Creating brand-new static initializer in class org/apache/logging/log4j/core/config/plugins/convert/TypeConverters$ByteConverter
13:23:48.129 [main] INFO org.evosuite.runtime.instrumentation.EvoClassLoader -- Keeping class: org.apache.logging.log4j.core.config.plugins.convert.TypeConverters$ByteConverter
13:23:48.129 [main] INFO org.evosuite.runtime.instrumentation.EvoClassLoader -- Seeing class for first time: org.apache.logging.log4j.core.config.plugins.convert.TypeConverters$ByteArrayConverter
13:23:48.129 [main] INFO org.evosuite.runtime.instrumentation.EvoClassLoader -- Instrumenting class 'org.apache.logging.log4j.core.config.plugins.convert.TypeConverters$ByteArrayConverter'.
13:23:48.130 [main] INFO org.evosuite.runtime.instrumentation.MethodCallReplacementClassAdapter -- Adding mock interface to class org/apache/logging/log4j/core/config/plugins/convert/TypeConverters$ByteArrayConverter
13:23:48.131 [main] INFO org.evosuite.runtime.instrumentation.CreateClassResetClassAdapter -- Creating brand-new static initializer in class org/apache/logging/log4j/core/config/plugins/convert/TypeConverters$ByteArrayConverter
13:23:48.132 [main] INFO org.evosuite.runtime.instrumentation.CreateClassResetClassAdapter -- Adding bytecode for initializing field PREFIX_0x
13:23:48.132 [main] INFO org.evosuite.runtime.instrumentation.CreateClassResetClassAdapter -- Adding bytecode for initializing field PREFIX_BASE64
13:23:48.134 [main] INFO org.evosuite.runtime.instrumentation.EvoClassLoader -- Keeping class: org.apache.logging.log4j.core.config.plugins.convert.TypeConverters$ByteArrayConverter
13:23:48.134 [main] INFO org.evosuite.runtime.instrumentation.EvoClassLoader -- Seeing class for first time: org.apache.logging.log4j.core.config.plugins.convert.TypeConverters$CharacterConverter
13:23:48.134 [main] INFO org.evosuite.runtime.instrumentation.EvoClassLoader -- Instrumenting class 'org.apache.logging.log4j.core.config.plugins.convert.TypeConverters$CharacterConverter'.
13:23:48.136 [main] INFO org.evosuite.runtime.instrumentation.MethodCallReplacementClassAdapter -- Adding mock interface to class org/apache/logging/log4j/core/config/plugins/convert/TypeConverters$CharacterConverter
13:23:48.138 [main] INFO org.evosuite.runtime.instrumentation.CreateClassResetClassAdapter -- Creating brand-new static initializer in class org/apache/logging/log4j/core/config/plugins/convert/TypeConverters$CharacterConverter
13:23:48.138 [main] INFO org.evosuite.runtime.instrumentation.EvoClassLoader -- Keeping class: org.apache.logging.log4j.core.config.plugins.convert.TypeConverters$CharacterConverter
13:23:48.138 [main] INFO org.evosuite.runtime.instrumentation.EvoClassLoader -- Seeing class for first time: org.apache.logging.log4j.core.config.plugins.convert.TypeConverters$CharArrayConverter
13:23:48.138 [main] INFO org.evosuite.runtime.instrumentation.EvoClassLoader -- Instrumenting class 'org.apache.logging.log4j.core.config.plugins.convert.TypeConverters$CharArrayConverter'.
13:23:48.139 [main] INFO org.evosuite.runtime.instrumentation.MethodCallReplacementClassAdapter -- Adding mock interface to class org/apache/logging/log4j/core/config/plugins/convert/TypeConverters$CharArrayConverter
13:23:48.140 [main] INFO org.evosuite.runtime.instrumentation.CreateClassResetClassAdapter -- Creating brand-new static initializer in class org/apache/logging/log4j/core/config/plugins/convert/TypeConverters$CharArrayConverter
13:23:48.140 [main] INFO org.evosuite.runtime.instrumentation.EvoClassLoader -- Keeping class: org.apache.logging.log4j.core.config.plugins.convert.TypeConverters$CharArrayConverter
13:23:48.140 [main] INFO org.evosuite.runtime.instrumentation.EvoClassLoader -- Seeing class for first time: org.apache.logging.log4j.core.config.plugins.convert.TypeConverters$CharsetConverter
13:23:48.140 [main] INFO org.evosuite.runtime.instrumentation.EvoClassLoader -- Instrumenting class 'org.apache.logging.log4j.core.config.plugins.convert.TypeConverters$CharsetConverter'.
13:23:48.141 [main] INFO org.evosuite.runtime.instrumentation.MethodCallReplacementClassAdapter -- Adding mock interface to class org/apache/logging/log4j/core/config/plugins/convert/TypeConverters$CharsetConverter
13:23:48.142 [main] INFO org.evosuite.runtime.instrumentation.CreateClassResetClassAdapter -- Creating brand-new static initializer in class org/apache/logging/log4j/core/config/plugins/convert/TypeConverters$CharsetConverter
13:23:48.142 [main] INFO org.evosuite.runtime.instrumentation.EvoClassLoader -- Keeping class: org.apache.logging.log4j.core.config.plugins.convert.TypeConverters$CharsetConverter
13:23:48.142 [main] INFO org.evosuite.runtime.instrumentation.EvoClassLoader -- Seeing class for first time: org.apache.logging.log4j.core.config.plugins.convert.TypeConverters$ClassConverter
13:23:48.142 [main] INFO org.evosuite.runtime.instrumentation.EvoClassLoader -- Instrumenting class 'org.apache.logging.log4j.core.config.plugins.convert.TypeConverters$ClassConverter'.
13:23:48.143 [main] INFO org.evosuite.runtime.instrumentation.MethodCallReplacementClassAdapter -- Adding mock interface to class org/apache/logging/log4j/core/config/plugins/convert/TypeConverters$ClassConverter
13:23:48.144 [main] INFO org.evosuite.runtime.instrumentation.CreateClassResetClassAdapter -- Creating brand-new static initializer in class org/apache/logging/log4j/core/config/plugins/convert/TypeConverters$ClassConverter
13:23:48.148 [main] INFO org.evosuite.runtime.instrumentation.EvoClassLoader -- Keeping class: org.apache.logging.log4j.core.config.plugins.convert.TypeConverters$ClassConverter
13:23:48.148 [main] INFO org.evosuite.runtime.instrumentation.EvoClassLoader -- Seeing class for first time: org.apache.logging.log4j.core.config.plugins.convert.TypeConverters$CronExpressionConverter
13:23:48.148 [main] INFO org.evosuite.runtime.instrumentation.EvoClassLoader -- Instrumenting class 'org.apache.logging.log4j.core.config.plugins.convert.TypeConverters$CronExpressionConverter'.
13:23:48.149 [main] INFO org.evosuite.runtime.instrumentation.MethodCallReplacementClassAdapter -- Adding mock interface to class org/apache/logging/log4j/core/config/plugins/convert/TypeConverters$CronExpressionConverter
13:23:48.150 [main] INFO org.evosuite.runtime.instrumentation.CreateClassResetClassAdapter -- Creating brand-new static initializer in class org/apache/logging/log4j/core/config/plugins/convert/TypeConverters$CronExpressionConverter
13:23:48.151 [main] INFO org.evosuite.runtime.instrumentation.EvoClassLoader -- Keeping class: org.apache.logging.log4j.core.config.plugins.convert.TypeConverters$CronExpressionConverter
13:23:48.151 [main] INFO org.evosuite.runtime.instrumentation.EvoClassLoader -- Seeing class for first time: org.apache.logging.log4j.core.config.plugins.convert.TypeConverters$DoubleConverter
13:23:48.151 [main] INFO org.evosuite.runtime.instrumentation.EvoClassLoader -- Instrumenting class 'org.apache.logging.log4j.core.config.plugins.convert.TypeConverters$DoubleConverter'.
13:23:48.152 [main] INFO org.evosuite.runtime.instrumentation.MethodCallReplacementClassAdapter -- Adding mock interface to class org/apache/logging/log4j/core/config/plugins/convert/TypeConverters$DoubleConverter
13:23:48.152 [main] INFO org.evosuite.runtime.instrumentation.CreateClassResetClassAdapter -- Creating brand-new static initializer in class org/apache/logging/log4j/core/config/plugins/convert/TypeConverters$DoubleConverter
13:23:48.152 [main] INFO org.evosuite.runtime.instrumentation.EvoClassLoader -- Keeping class: org.apache.logging.log4j.core.config.plugins.convert.TypeConverters$DoubleConverter
13:23:48.152 [main] INFO org.evosuite.runtime.instrumentation.EvoClassLoader -- Seeing class for first time: org.apache.logging.log4j.core.config.plugins.convert.TypeConverters$DurationConverter
13:23:48.152 [main] INFO org.evosuite.runtime.instrumentation.EvoClassLoader -- Instrumenting class 'org.apache.logging.log4j.core.config.plugins.convert.TypeConverters$DurationConverter'.
13:23:48.153 [main] INFO org.evosuite.runtime.instrumentation.MethodCallReplacementClassAdapter -- Adding mock interface to class org/apache/logging/log4j/core/config/plugins/convert/TypeConverters$DurationConverter
13:23:48.154 [main] INFO org.evosuite.runtime.instrumentation.CreateClassResetClassAdapter -- Creating brand-new static initializer in class org/apache/logging/log4j/core/config/plugins/convert/TypeConverters$DurationConverter
13:23:48.154 [main] INFO org.evosuite.runtime.instrumentation.EvoClassLoader -- Keeping class: org.apache.logging.log4j.core.config.plugins.convert.TypeConverters$DurationConverter
13:23:48.154 [main] INFO org.evosuite.runtime.instrumentation.EvoClassLoader -- Seeing class for first time: org.apache.logging.log4j.core.config.plugins.convert.TypeConverters$FileConverter
13:23:48.154 [main] INFO org.evosuite.runtime.instrumentation.EvoClassLoader -- Instrumenting class 'org.apache.logging.log4j.core.config.plugins.convert.TypeConverters$FileConverter'.
13:23:48.155 [main] INFO org.evosuite.runtime.instrumentation.MethodCallReplacementClassAdapter -- Adding mock interface to class org/apache/logging/log4j/core/config/plugins/convert/TypeConverters$FileConverter
13:23:48.156 [main] INFO org.evosuite.runtime.instrumentation.CreateClassResetClassAdapter -- Creating brand-new static initializer in class org/apache/logging/log4j/core/config/plugins/convert/TypeConverters$FileConverter
13:23:48.156 [main] INFO org.evosuite.runtime.instrumentation.EvoClassLoader -- Keeping class: org.apache.logging.log4j.core.config.plugins.convert.TypeConverters$FileConverter
13:23:48.156 [main] INFO org.evosuite.runtime.instrumentation.EvoClassLoader -- Seeing class for first time: org.apache.logging.log4j.core.config.plugins.convert.TypeConverters$FloatConverter
13:23:48.156 [main] INFO org.evosuite.runtime.instrumentation.EvoClassLoader -- Instrumenting class 'org.apache.logging.log4j.core.config.plugins.convert.TypeConverters$FloatConverter'.
13:23:48.157 [main] INFO org.evosuite.runtime.instrumentation.MethodCallReplacementClassAdapter -- Adding mock interface to class org/apache/logging/log4j/core/config/plugins/convert/TypeConverters$FloatConverter
13:23:48.158 [main] INFO org.evosuite.runtime.instrumentation.CreateClassResetClassAdapter -- Creating brand-new static initializer in class org/apache/logging/log4j/core/config/plugins/convert/TypeConverters$FloatConverter
13:23:48.158 [main] INFO org.evosuite.runtime.instrumentation.EvoClassLoader -- Keeping class: org.apache.logging.log4j.core.config.plugins.convert.TypeConverters$FloatConverter
13:23:48.158 [main] INFO org.evosuite.runtime.instrumentation.EvoClassLoader -- Seeing class for first time: org.apache.logging.log4j.core.config.plugins.convert.TypeConverters$InetAddressConverter
13:23:48.158 [main] INFO org.evosuite.runtime.instrumentation.EvoClassLoader -- Instrumenting class 'org.apache.logging.log4j.core.config.plugins.convert.TypeConverters$InetAddressConverter'.
13:23:48.159 [main] INFO org.evosuite.runtime.instrumentation.MethodCallReplacementClassAdapter -- Adding mock interface to class org/apache/logging/log4j/core/config/plugins/convert/TypeConverters$InetAddressConverter
13:23:48.159 [main] INFO org.evosuite.runtime.instrumentation.CreateClassResetClassAdapter -- Creating brand-new static initializer in class org/apache/logging/log4j/core/config/plugins/convert/TypeConverters$InetAddressConverter
13:23:48.160 [main] INFO org.evosuite.runtime.instrumentation.EvoClassLoader -- Keeping class: org.apache.logging.log4j.core.config.plugins.convert.TypeConverters$InetAddressConverter
13:23:48.160 [main] INFO org.evosuite.runtime.instrumentation.EvoClassLoader -- Seeing class for first time: org.apache.logging.log4j.core.config.plugins.convert.TypeConverters$IntegerConverter
13:23:48.160 [main] INFO org.evosuite.runtime.instrumentation.EvoClassLoader -- Instrumenting class 'org.apache.logging.log4j.core.config.plugins.convert.TypeConverters$IntegerConverter'.
13:23:48.161 [main] INFO org.evosuite.runtime.instrumentation.MethodCallReplacementClassAdapter -- Adding mock interface to class org/apache/logging/log4j/core/config/plugins/convert/TypeConverters$IntegerConverter
13:23:48.161 [main] INFO org.evosuite.runtime.instrumentation.CreateClassResetClassAdapter -- Creating brand-new static initializer in class org/apache/logging/log4j/core/config/plugins/convert/TypeConverters$IntegerConverter
13:23:48.161 [main] INFO org.evosuite.runtime.instrumentation.EvoClassLoader -- Keeping class: org.apache.logging.log4j.core.config.plugins.convert.TypeConverters$IntegerConverter
13:23:48.161 [main] INFO org.evosuite.runtime.instrumentation.EvoClassLoader -- Seeing class for first time: org.apache.logging.log4j.core.config.plugins.convert.TypeConverters$LevelConverter
13:23:48.161 [main] INFO org.evosuite.runtime.instrumentation.EvoClassLoader -- Instrumenting class 'org.apache.logging.log4j.core.config.plugins.convert.TypeConverters$LevelConverter'.
13:23:48.162 [main] INFO org.evosuite.runtime.instrumentation.MethodCallReplacementClassAdapter -- Adding mock interface to class org/apache/logging/log4j/core/config/plugins/convert/TypeConverters$LevelConverter
13:23:48.163 [main] INFO org.evosuite.runtime.instrumentation.CreateClassResetClassAdapter -- Creating brand-new static initializer in class org/apache/logging/log4j/core/config/plugins/convert/TypeConverters$LevelConverter
13:23:48.163 [main] INFO org.evosuite.runtime.instrumentation.EvoClassLoader -- Keeping class: org.apache.logging.log4j.core.config.plugins.convert.TypeConverters$LevelConverter
13:23:48.163 [main] INFO org.evosuite.runtime.instrumentation.EvoClassLoader -- Seeing class for first time: org.apache.logging.log4j.core.config.plugins.convert.TypeConverters$LongConverter
13:23:48.163 [main] INFO org.evosuite.runtime.instrumentation.EvoClassLoader -- Instrumenting class 'org.apache.logging.log4j.core.config.plugins.convert.TypeConverters$LongConverter'.
13:23:48.164 [main] INFO org.evosuite.runtime.instrumentation.MethodCallReplacementClassAdapter -- Adding mock interface to class org/apache/logging/log4j/core/config/plugins/convert/TypeConverters$LongConverter
13:23:48.165 [main] INFO org.evosuite.runtime.instrumentation.CreateClassResetClassAdapter -- Creating brand-new static initializer in class org/apache/logging/log4j/core/config/plugins/convert/TypeConverters$LongConverter
13:23:48.165 [main] INFO org.evosuite.runtime.instrumentation.EvoClassLoader -- Keeping class: org.apache.logging.log4j.core.config.plugins.convert.TypeConverters$LongConverter
13:23:48.165 [main] INFO org.evosuite.runtime.instrumentation.EvoClassLoader -- Seeing class for first time: org.apache.logging.log4j.core.config.plugins.convert.TypeConverters$PathConverter
13:23:48.165 [main] INFO org.evosuite.runtime.instrumentation.EvoClassLoader -- Instrumenting class 'org.apache.logging.log4j.core.config.plugins.convert.TypeConverters$PathConverter'.
13:23:48.166 [main] INFO org.evosuite.runtime.instrumentation.MethodCallReplacementClassAdapter -- Adding mock interface to class org/apache/logging/log4j/core/config/plugins/convert/TypeConverters$PathConverter
13:23:48.167 [main] INFO org.evosuite.runtime.instrumentation.CreateClassResetClassAdapter -- Creating brand-new static initializer in class org/apache/logging/log4j/core/config/plugins/convert/TypeConverters$PathConverter
13:23:48.167 [main] INFO org.evosuite.runtime.instrumentation.EvoClassLoader -- Keeping class: org.apache.logging.log4j.core.config.plugins.convert.TypeConverters$PathConverter
13:23:48.167 [main] INFO org.evosuite.runtime.instrumentation.EvoClassLoader -- Seeing class for first time: org.apache.logging.log4j.core.config.plugins.convert.TypeConverters$PatternConverter
13:23:48.167 [main] INFO org.evosuite.runtime.instrumentation.EvoClassLoader -- Instrumenting class 'org.apache.logging.log4j.core.config.plugins.convert.TypeConverters$PatternConverter'.
13:23:48.168 [main] INFO org.evosuite.runtime.instrumentation.MethodCallReplacementClassAdapter -- Adding mock interface to class org/apache/logging/log4j/core/config/plugins/convert/TypeConverters$PatternConverter
13:23:48.168 [main] INFO org.evosuite.runtime.instrumentation.CreateClassResetClassAdapter -- Creating brand-new static initializer in class org/apache/logging/log4j/core/config/plugins/convert/TypeConverters$PatternConverter
13:23:48.169 [main] INFO org.evosuite.runtime.instrumentation.EvoClassLoader -- Keeping class: org.apache.logging.log4j.core.config.plugins.convert.TypeConverters$PatternConverter
13:23:48.169 [main] INFO org.evosuite.runtime.instrumentation.EvoClassLoader -- Seeing class for first time: org.apache.logging.log4j.core.config.plugins.convert.TypeConverters$SecurityProviderConverter
13:23:48.169 [main] INFO org.evosuite.runtime.instrumentation.EvoClassLoader -- Instrumenting class 'org.apache.logging.log4j.core.config.plugins.convert.TypeConverters$SecurityProviderConverter'.
13:23:48.169 [main] INFO org.evosuite.runtime.instrumentation.MethodCallReplacementClassAdapter -- Adding mock interface to class org/apache/logging/log4j/core/config/plugins/convert/TypeConverters$SecurityProviderConverter
13:23:48.170 [main] INFO org.evosuite.runtime.instrumentation.CreateClassResetClassAdapter -- Creating brand-new static initializer in class org/apache/logging/log4j/core/config/plugins/convert/TypeConverters$SecurityProviderConverter
13:23:48.170 [main] INFO org.evosuite.runtime.instrumentation.EvoClassLoader -- Keeping class: org.apache.logging.log4j.core.config.plugins.convert.TypeConverters$SecurityProviderConverter
13:23:48.170 [main] INFO org.evosuite.runtime.instrumentation.EvoClassLoader -- Seeing class for first time: org.apache.logging.log4j.core.config.plugins.convert.TypeConverters$ShortConverter
13:23:48.170 [main] INFO org.evosuite.runtime.instrumentation.EvoClassLoader -- Instrumenting class 'org.apache.logging.log4j.core.config.plugins.convert.TypeConverters$ShortConverter'.
13:23:48.171 [main] INFO org.evosuite.runtime.instrumentation.MethodCallReplacementClassAdapter -- Adding mock interface to class org/apache/logging/log4j/core/config/plugins/convert/TypeConverters$ShortConverter
13:23:48.171 [main] INFO org.evosuite.runtime.instrumentation.CreateClassResetClassAdapter -- Creating brand-new static initializer in class org/apache/logging/log4j/core/config/plugins/convert/TypeConverters$ShortConverter
13:23:48.172 [main] INFO org.evosuite.runtime.instrumentation.EvoClassLoader -- Keeping class: org.apache.logging.log4j.core.config.plugins.convert.TypeConverters$ShortConverter
13:23:48.172 [main] INFO org.evosuite.runtime.instrumentation.EvoClassLoader -- Seeing class for first time: org.apache.logging.log4j.core.config.plugins.convert.TypeConverters$StringConverter
13:23:48.172 [main] INFO org.evosuite.runtime.instrumentation.EvoClassLoader -- Instrumenting class 'org.apache.logging.log4j.core.config.plugins.convert.TypeConverters$StringConverter'.
13:23:48.173 [main] INFO org.evosuite.runtime.instrumentation.MethodCallReplacementClassAdapter -- Adding mock interface to class org/apache/logging/log4j/core/config/plugins/convert/TypeConverters$StringConverter
13:23:48.173 [main] INFO org.evosuite.runtime.instrumentation.CreateClassResetClassAdapter -- Creating brand-new static initializer in class org/apache/logging/log4j/core/config/plugins/convert/TypeConverters$StringConverter
13:23:48.174 [main] INFO org.evosuite.runtime.instrumentation.EvoClassLoader -- Keeping class: org.apache.logging.log4j.core.config.plugins.convert.TypeConverters$StringConverter
13:23:48.174 [main] INFO org.evosuite.runtime.instrumentation.EvoClassLoader -- Seeing class for first time: org.apache.logging.log4j.core.config.plugins.convert.TypeConverters$UriConverter
13:23:48.174 [main] INFO org.evosuite.runtime.instrumentation.EvoClassLoader -- Instrumenting class 'org.apache.logging.log4j.core.config.plugins.convert.TypeConverters$UriConverter'.
13:23:48.174 [main] INFO org.evosuite.runtime.instrumentation.MethodCallReplacementClassAdapter -- Adding mock interface to class org/apache/logging/log4j/core/config/plugins/convert/TypeConverters$UriConverter
13:23:48.175 [main] INFO org.evosuite.runtime.instrumentation.CreateClassResetClassAdapter -- Creating brand-new static initializer in class org/apache/logging/log4j/core/config/plugins/convert/TypeConverters$UriConverter
13:23:48.176 [main] INFO org.evosuite.runtime.instrumentation.EvoClassLoader -- Keeping class: org.apache.logging.log4j.core.config.plugins.convert.TypeConverters$UriConverter
13:23:48.176 [main] INFO org.evosuite.runtime.instrumentation.EvoClassLoader -- Seeing class for first time: org.apache.logging.log4j.core.config.plugins.convert.TypeConverters$UrlConverter
13:23:48.176 [main] INFO org.evosuite.runtime.instrumentation.EvoClassLoader -- Instrumenting class 'org.apache.logging.log4j.core.config.plugins.convert.TypeConverters$UrlConverter'.
13:23:48.176 [main] INFO org.evosuite.runtime.instrumentation.MethodCallReplacementClassAdapter -- Adding mock interface to class org/apache/logging/log4j/core/config/plugins/convert/TypeConverters$UrlConverter
13:23:48.177 [main] INFO org.evosuite.runtime.instrumentation.CreateClassResetClassAdapter -- Creating brand-new static initializer in class org/apache/logging/log4j/core/config/plugins/convert/TypeConverters$UrlConverter
13:23:48.177 [main] INFO org.evosuite.runtime.instrumentation.EvoClassLoader -- Keeping class: org.apache.logging.log4j.core.config.plugins.convert.TypeConverters$UrlConverter
13:23:48.177 [main] INFO org.evosuite.runtime.instrumentation.EvoClassLoader -- Seeing class for first time: org.apache.logging.log4j.core.config.plugins.convert.TypeConverters$UuidConverter
13:23:48.177 [main] INFO org.evosuite.runtime.instrumentation.EvoClassLoader -- Instrumenting class 'org.apache.logging.log4j.core.config.plugins.convert.TypeConverters$UuidConverter'.
13:23:48.178 [main] INFO org.evosuite.runtime.instrumentation.MethodCallReplacementClassAdapter -- Adding mock interface to class org/apache/logging/log4j/core/config/plugins/convert/TypeConverters$UuidConverter
13:23:48.178 [main] INFO org.evosuite.runtime.instrumentation.CreateClassResetClassAdapter -- Creating brand-new static initializer in class org/apache/logging/log4j/core/config/plugins/convert/TypeConverters$UuidConverter
13:23:48.178 [main] INFO org.evosuite.runtime.instrumentation.EvoClassLoader -- Keeping class: org.apache.logging.log4j.core.config.plugins.convert.TypeConverters$UuidConverter
13:23:48.178 [main] INFO org.evosuite.runtime.instrumentation.EvoClassLoader -- Seeing class for first time: org.apache.logging.log4j.core.config.HttpWatcher
13:23:48.178 [main] INFO org.evosuite.runtime.instrumentation.EvoClassLoader -- Instrumenting class 'org.apache.logging.log4j.core.config.HttpWatcher'.
13:23:48.179 [main] INFO org.evosuite.runtime.instrumentation.MethodCallReplacementClassAdapter -- Adding mock interface to class org/apache/logging/log4j/core/config/HttpWatcher
13:23:48.181 [main] INFO org.evosuite.runtime.instrumentation.CreateClassResetClassAdapter -- Creating brand-new static initializer in class org/apache/logging/log4j/core/config/HttpWatcher
13:23:48.181 [main] INFO org.evosuite.runtime.instrumentation.CreateClassResetClassAdapter -- Adding bytecode for initializing field HTTP
13:23:48.181 [main] INFO org.evosuite.runtime.instrumentation.CreateClassResetClassAdapter -- Adding bytecode for initializing field HTTPS
13:23:48.182 [main] INFO org.evosuite.runtime.instrumentation.EvoClassLoader -- Seeing class for first time: org.apache.logging.log4j.core.util.AbstractWatcher
13:23:48.182 [main] INFO org.evosuite.runtime.instrumentation.EvoClassLoader -- Instrumenting class 'org.apache.logging.log4j.core.util.AbstractWatcher'.
13:23:48.182 [main] INFO org.evosuite.runtime.instrumentation.MethodCallReplacementClassAdapter -- Adding mock interface to class org/apache/logging/log4j/core/util/AbstractWatcher
13:23:48.183 [main] INFO org.evosuite.runtime.instrumentation.CreateClassResetClassAdapter -- Creating brand-new static initializer in class org/apache/logging/log4j/core/util/AbstractWatcher
13:23:48.183 [main] INFO org.evosuite.runtime.instrumentation.EvoClassLoader -- Keeping class: org.apache.logging.log4j.core.util.AbstractWatcher
13:23:48.183 [main] INFO org.evosuite.runtime.instrumentation.EvoClassLoader -- Keeping class: org.apache.logging.log4j.core.config.HttpWatcher
]]></system-out>
  </testcase>
  <testcase name="test01" classname="org.apache.commons.logging.impl.Slf4jLogFactory_ESTest" time="0.008">
    <error message="Trying to set up the sandbox while executing a test case" type="java.lang.IllegalStateException"><![CDATA[java.lang.IllegalStateException: Trying to set up the sandbox while executing a test case
	at org.evosuite.runtime.sandbox.MSecurityManager.goingToExecuteTestCase(MSecurityManager.java:339)
	at org.evosuite.runtime.sandbox.Sandbox.goingToExecuteSUTCode(Sandbox.java:127)
	at org.apache.commons.logging.impl.Slf4jLogFactory_ESTest_scaffolding.initTestCase(Slf4jLogFactory_ESTest_scaffolding.java:54)
	at sun.reflect.NativeMethodAccessorImpl.invoke0(Native Method)
	at sun.reflect.NativeMethodAccessorImpl.invoke(NativeMethodAccessorImpl.java:62)
	at sun.reflect.DelegatingMethodAccessorImpl.invoke(DelegatingMethodAccessorImpl.java:43)
	at java.lang.reflect.Method.invoke(Method.java:498)
	at org.junit.runners.model.FrameworkMethod$1.runReflectiveCall(FrameworkMethod.java:59)
	at org.junit.internal.runners.model.ReflectiveCallable.run(ReflectiveCallable.java:12)
	at org.junit.runners.model.FrameworkMethod.invokeExplosively(FrameworkMethod.java:56)
	at org.junit.internal.runners.statements.RunBefores.invokeMethod(RunBefores.java:33)
	at org.junit.internal.runners.statements.RunBefores.evaluate(RunBefores.java:24)
	at org.junit.internal.runners.statements.RunAfters.evaluate(RunAfters.java:27)
	at org.evosuite.runtime.vnet.NonFunctionalRequirementRule$1.evaluate(NonFunctionalRequirementRule.java:41)
	at org.junit.runners.ParentRunner$3.evaluate(ParentRunner.java:306)
	at org.junit.runners.BlockJUnit4ClassRunner$1.evaluate(BlockJUnit4ClassRunner.java:100)
	at org.junit.runners.ParentRunner.runLeaf(ParentRunner.java:366)
	at org.junit.runners.BlockJUnit4ClassRunner.runChild(BlockJUnit4ClassRunner.java:103)
	at org.junit.runners.BlockJUnit4ClassRunner.runChild(BlockJUnit4ClassRunner.java:63)
	at org.junit.runners.ParentRunner$4.run(ParentRunner.java:331)
	at org.junit.runners.ParentRunner$1.schedule(ParentRunner.java:79)
	at org.junit.runners.ParentRunner.runChildren(ParentRunner.java:329)
	at org.junit.runners.ParentRunner.access$100(ParentRunner.java:66)
	at org.junit.runners.ParentRunner$2.evaluate(ParentRunner.java:293)
	at org.junit.internal.runners.statements.RunBefores.evaluate(RunBefores.java:26)
	at org.junit.internal.runners.statements.RunAfters.evaluate(RunAfters.java:27)
	at org.junit.runners.ParentRunner$3.evaluate(ParentRunner.java:306)
	at org.junit.runners.ParentRunner.run(ParentRunner.java:413)
	at org.apache.maven.surefire.junit4.JUnit4Provider.execute(JUnit4Provider.java:316)
	at org.apache.maven.surefire.junit4.JUnit4Provider.executeWithRerun(JUnit4Provider.java:240)
	at org.apache.maven.surefire.junit4.JUnit4Provider.executeTestSet(JUnit4Provider.java:214)
	at org.apache.maven.surefire.junit4.JUnit4Provider.invoke(JUnit4Provider.java:155)
	at org.apache.maven.surefire.booter.ForkedBooter.runSuitesInProcess(ForkedBooter.java:385)
	at org.apache.maven.surefire.booter.ForkedBooter.execute(ForkedBooter.java:162)
	at org.apache.maven.surefire.booter.ForkedBooter.run(ForkedBooter.java:507)
	at org.apache.maven.surefire.booter.ForkedBooter.main(ForkedBooter.java:495)
]]></error>
    <system-out><![CDATA[13:23:48.203 [main] INFO org.evosuite.runtime.instrumentation.EvoClassLoader -- Seeing class for first time: org.osgi.framework.FrameworkUtil
13:23:48.203 [main] INFO org.evosuite.runtime.instrumentation.EvoClassLoader -- Instrumenting class 'org.osgi.framework.FrameworkUtil'.
13:23:48.204 [main] INFO org.evosuite.runtime.instrumentation.EvoClassLoader -- Error while loading class: java.lang.ClassNotFoundException: Class 'org/osgi/framework/FrameworkUtil.class' should be in target project, but could not be found!
13:23:48.237 [main] ERROR org.evosuite.runtime.classhandling.ClassResetter -- java.lang.NoClassDefFoundError: Could not initialize class org.apache.logging.log4j.core.LoggerContext
13:23:48.237 [main] INFO org.evosuite.runtime.instrumentation.EvoClassLoader -- Seeing class for first time: org.apache.commons.logging.impl.SimpleLog
13:23:48.237 [main] INFO org.evosuite.runtime.instrumentation.EvoClassLoader -- Instrumenting class 'org.apache.commons.logging.impl.SimpleLog'.
13:23:48.238 [main] INFO org.evosuite.runtime.instrumentation.MethodCallReplacementClassAdapter -- Adding mock interface to class org/apache/commons/logging/impl/SimpleLog
13:23:48.241 [main] INFO org.evosuite.runtime.instrumentation.CreateClassResetClassAdapter -- Found static initializer in class org/apache/commons/logging/impl/SimpleLog
13:23:48.243 [main] INFO org.evosuite.runtime.instrumentation.EvoClassLoader -- Keeping class: org.apache.commons.logging.impl.SimpleLog
13:23:48.246 [main] INFO org.evosuite.runtime.instrumentation.EvoClassLoader -- Seeing class for first time: org.apache.commons.logging.impl.NoOpLog
13:23:48.246 [main] INFO org.evosuite.runtime.instrumentation.EvoClassLoader -- Instrumenting class 'org.apache.commons.logging.impl.NoOpLog'.
13:23:48.246 [main] INFO org.evosuite.runtime.instrumentation.MethodCallReplacementClassAdapter -- Adding mock interface to class org/apache/commons/logging/impl/NoOpLog
13:23:48.247 [main] INFO org.evosuite.runtime.instrumentation.CreateClassResetClassAdapter -- Creating brand-new static initializer in class org/apache/commons/logging/impl/NoOpLog
13:23:48.247 [main] INFO org.evosuite.runtime.instrumentation.EvoClassLoader -- Keeping class: org.apache.commons.logging.impl.NoOpLog
13:23:48.248 [main] INFO org.evosuite.runtime.instrumentation.EvoClassLoader -- Seeing class for first time: org.apache.commons.io.filefilter.IOFileFilter
13:23:48.248 [main] INFO org.evosuite.runtime.instrumentation.EvoClassLoader -- Instrumenting class 'org.apache.commons.io.filefilter.IOFileFilter'.
13:23:48.249 [main] INFO org.evosuite.runtime.instrumentation.EvoClassLoader -- Defined package (3): package org.apache.commons.io.filefilter, -417401760
13:23:48.250 [main] INFO org.evosuite.runtime.instrumentation.EvoClassLoader -- Seeing class for first time: org.apache.commons.io.file.PathFilter
13:23:48.250 [main] INFO org.evosuite.runtime.instrumentation.EvoClassLoader -- Instrumenting class 'org.apache.commons.io.file.PathFilter'.
13:23:48.251 [main] INFO org.evosuite.runtime.instrumentation.EvoClassLoader -- Defined package (3): package org.apache.commons.io.file, 629208808
13:23:48.251 [main] INFO org.evosuite.runtime.instrumentation.EvoClassLoader -- Keeping class: org.apache.commons.io.file.PathFilter
13:23:48.251 [main] INFO org.evosuite.runtime.instrumentation.EvoClassLoader -- Keeping class: org.apache.commons.io.filefilter.IOFileFilter
]]></system-out>
  </testcase>
  <testcase name="test00" classname="org.apache.commons.logging.impl.Slf4jLogFactory_ESTest" time="0.08">
    <system-out><![CDATA[13:23:48.348 [main] INFO org.evosuite.runtime.instrumentation.EvoClassLoader -- Seeing class for first time: org.osgi.framework.FrameworkUtil
13:23:48.348 [main] INFO org.evosuite.runtime.instrumentation.EvoClassLoader -- Instrumenting class 'org.osgi.framework.FrameworkUtil'.
13:23:48.348 [main] INFO org.evosuite.runtime.instrumentation.EvoClassLoader -- Error while loading class: java.lang.ClassNotFoundException: Class 'org/osgi/framework/FrameworkUtil.class' should be in target project, but could not be found!
]]></system-out>
  </testcase>
  <testcase name="test11" classname="org.apache.commons.logging.impl.Slf4jLogFactory_ESTest" time="0.026">
    <system-out><![CDATA[13:23:48.383 [main] INFO org.evosuite.runtime.instrumentation.EvoClassLoader -- Seeing class for first time: org.osgi.framework.FrameworkUtil
13:23:48.383 [main] INFO org.evosuite.runtime.instrumentation.EvoClassLoader -- Instrumenting class 'org.osgi.framework.FrameworkUtil'.
13:23:48.383 [main] INFO org.evosuite.runtime.instrumentation.EvoClassLoader -- Error while loading class: java.lang.ClassNotFoundException: Class 'org/osgi/framework/FrameworkUtil.class' should be in target project, but could not be found!
]]></system-out>
  </testcase>
  <testcase name="test03" classname="org.apache.commons.logging.impl.Slf4jLogFactory_ESTest" time="0.032">
    <system-out><![CDATA[13:23:48.411 [main] INFO org.evosuite.runtime.instrumentation.EvoClassLoader -- Seeing class for first time: org.osgi.framework.FrameworkUtil
13:23:48.411 [main] INFO org.evosuite.runtime.instrumentation.EvoClassLoader -- Instrumenting class 'org.osgi.framework.FrameworkUtil'.
13:23:48.412 [main] INFO org.evosuite.runtime.instrumentation.EvoClassLoader -- Error while loading class: java.lang.ClassNotFoundException: Class 'org/osgi/framework/FrameworkUtil.class' should be in target project, but could not be found!
]]></system-out>
  </testcase>
  <testcase name="test02" classname="org.apache.commons.logging.impl.Slf4jLogFactory_ESTest" time="0.021">
    <system-out><![CDATA[13:23:48.441 [main] INFO org.evosuite.runtime.instrumentation.EvoClassLoader -- Seeing class for first time: org.osgi.framework.FrameworkUtil
13:23:48.441 [main] INFO org.evosuite.runtime.instrumentation.EvoClassLoader -- Instrumenting class 'org.osgi.framework.FrameworkUtil'.
13:23:48.441 [main] INFO org.evosuite.runtime.instrumentation.EvoClassLoader -- Error while loading class: java.lang.ClassNotFoundException: Class 'org/osgi/framework/FrameworkUtil.class' should be in target project, but could not be found!
]]></system-out>
  </testcase>
  <testcase name="test05" classname="org.apache.commons.logging.impl.Slf4jLogFactory_ESTest" time="0.023">
    <system-out><![CDATA[13:23:48.458 [main] INFO org.evosuite.runtime.instrumentation.EvoClassLoader -- Seeing class for first time: org.osgi.framework.FrameworkUtil
13:23:48.458 [main] INFO org.evosuite.runtime.instrumentation.EvoClassLoader -- Instrumenting class 'org.osgi.framework.FrameworkUtil'.
13:23:48.459 [main] INFO org.evosuite.runtime.instrumentation.EvoClassLoader -- Error while loading class: java.lang.ClassNotFoundException: Class 'org/osgi/framework/FrameworkUtil.class' should be in target project, but could not be found!
]]></system-out>
  </testcase>
  <testcase name="test04" classname="org.apache.commons.logging.impl.Slf4jLogFactory_ESTest" time="0.02">
    <system-out><![CDATA[13:23:48.485 [main] INFO org.evosuite.runtime.instrumentation.EvoClassLoader -- Seeing class for first time: org.osgi.framework.FrameworkUtil
13:23:48.485 [main] INFO org.evosuite.runtime.instrumentation.EvoClassLoader -- Instrumenting class 'org.osgi.framework.FrameworkUtil'.
13:23:48.485 [main] INFO org.evosuite.runtime.instrumentation.EvoClassLoader -- Error while loading class: java.lang.ClassNotFoundException: Class 'org/osgi/framework/FrameworkUtil.class' should be in target project, but could not be found!
]]></system-out>
  </testcase>
  <testcase name="test07" classname="org.apache.commons.logging.impl.Slf4jLogFactory_ESTest" time="0.034">
    <system-out><![CDATA[13:23:48.505 [main] INFO org.evosuite.runtime.instrumentation.EvoClassLoader -- Seeing class for first time: org.osgi.framework.FrameworkUtil
13:23:48.505 [main] INFO org.evosuite.runtime.instrumentation.EvoClassLoader -- Instrumenting class 'org.osgi.framework.FrameworkUtil'.
13:23:48.505 [main] INFO org.evosuite.runtime.instrumentation.EvoClassLoader -- Error while loading class: java.lang.ClassNotFoundException: Class 'org/osgi/framework/FrameworkUtil.class' should be in target project, but could not be found!
]]></system-out>
  </testcase>
  <testcase name="test06" classname="org.apache.commons.logging.impl.Slf4jLogFactory_ESTest" time="0.006">
    <system-out><![CDATA[13:23:48.521 [main] INFO org.evosuite.runtime.instrumentation.EvoClassLoader -- Seeing class for first time: org.osgi.framework.FrameworkUtil
13:23:48.522 [main] INFO org.evosuite.runtime.instrumentation.EvoClassLoader -- Instrumenting class 'org.osgi.framework.FrameworkUtil'.
13:23:48.522 [main] INFO org.evosuite.runtime.instrumentation.EvoClassLoader -- Error while loading class: java.lang.ClassNotFoundException: Class 'org/osgi/framework/FrameworkUtil.class' should be in target project, but could not be found!
]]></system-out>
  </testcase>
  <testcase name="test09" classname="org.apache.commons.logging.impl.Slf4jLogFactory_ESTest" time="0.03">
    <system-out><![CDATA[13:23:48.548 [main] INFO org.evosuite.runtime.instrumentation.EvoClassLoader -- Seeing class for first time: org.osgi.framework.FrameworkUtil
13:23:48.548 [main] INFO org.evosuite.runtime.instrumentation.EvoClassLoader -- Instrumenting class 'org.osgi.framework.FrameworkUtil'.
13:23:48.548 [main] INFO org.evosuite.runtime.instrumentation.EvoClassLoader -- Error while loading class: java.lang.ClassNotFoundException: Class 'org/osgi/framework/FrameworkUtil.class' should be in target project, but could not be found!
]]></system-out>
  </testcase>
  <testcase name="test08" classname="org.apache.commons.logging.impl.Slf4jLogFactory_ESTest" time="0.042"/>
</testsuite>