<?xml version="1.0" encoding="UTF-8"?>
<testsuite xmlns:xsi="http://www.w3.org/2001/XMLSchema-instance" xsi:noNamespaceSchemaLocation="https://maven.apache.org/surefire/maven-surefire-plugin/xsd/surefire-test-report-3.0.xsd" version="3.0" name="io.netty.buffer.AbstractByteBufAllocator_ESTest" time="4.221" tests="47" errors="0" skipped="0" failures="0">
  <properties>
    <property name="awt.toolkit" value="sun.awt.X11.XToolkit"/>
    <property name="file.encoding.pkg" value="sun.io"/>
    <property name="java.specification.version" value="1.8"/>
    <property name="sun.cpu.isalist" value=""/>
    <property name="sun.jnu.encoding" value="UTF-8"/>
    <property name="java.class.path" value="/home/wtwhite/code/regression-test-generation/find-diff-classes/compile/gaoss/io/netty/netty-buffer/4.1.102.Final/target/test-classes:/home/wtwhite/code/regression-test-generation/find-diff-classes/compile/gaoss/io/netty/netty-buffer/4.1.102.Final/target/classes:/home/wtwhite/code/craw-redhat-oss/wget/crawl/google-aoss/io/netty/netty-buffer/4.1.102.Final/netty-buffer-4.1.102.Final.jar:/home/wtwhite/code/regression-test-generation/find-diff-classes/compile/gaoss/io/netty/netty-buffer/4.1.102.Final/t/dependency/Saxon-HE-9.9.1-6.jar:/home/wtwhite/code/regression-test-generation/find-diff-classes/compile/gaoss/io/netty/netty-buffer/4.1.102.Final/t/dependency/antlr-2.7.7.jar:/home/wtwhite/code/regression-test-generation/find-diff-classes/compile/gaoss/io/netty/netty-buffer/4.1.102.Final/t/dependency/antlr4-runtime-4.8-1.jar:/home/wtwhite/code/regression-test-generation/find-diff-classes/compile/gaoss/io/netty/netty-buffer/4.1.102.Final/t/dependency/apiguardian-api-1.1.2.jar:/home/wtwhite/code/regression-test-generation/find-diff-classes/compile/gaoss/io/netty/netty-buffer/4.1.102.Final/t/dependency/assertj-core-3.18.0.jar:/home/wtwhite/code/regression-test-generation/find-diff-classes/compile/gaoss/io/netty/netty-buffer/4.1.102.Final/t/dependency/byte-buddy-1.8.5.jar:/home/wtwhite/code/regression-test-generation/find-diff-classes/compile/gaoss/io/netty/netty-buffer/4.1.102.Final/t/dependency/byte-buddy-agent-1.8.5.jar:/home/wtwhite/code/regression-test-generation/find-diff-classes/compile/gaoss/io/netty/netty-buffer/4.1.102.Final/t/dependency/checker-qual-2.10.0.jar:/home/wtwhite/code/regression-test-generation/find-diff-classes/compile/gaoss/io/netty/netty-buffer/4.1.102.Final/t/dependency/checkstyle-8.29.jar:/home/wtwhite/code/regression-test-generation/find-diff-classes/compile/gaoss/io/netty/netty-buffer/4.1.102.Final/t/dependency/commons-beanutils-1.9.4.jar:/home/wtwhite/code/regression-test-generation/find-diff-classes/compile/gaoss/io/netty/netty-buffer/4.1.102.Final/t/dependency/commons-collections-3.2.2.jar:/home/wtwhite/code/regression-test-generation/find-diff-classes/compile/gaoss/io/netty/netty-buffer/4.1.102.Final/t/dependency/commons-logging-1.2.jar:/home/wtwhite/code/regression-test-generation/find-diff-classes/compile/gaoss/io/netty/netty-buffer/4.1.102.Final/t/dependency/error_prone_annotations-2.3.4.jar:/home/wtwhite/code/regression-test-generation/find-diff-classes/compile/gaoss/io/netty/netty-buffer/4.1.102.Final/t/dependency/failureaccess-1.0.1.jar:/home/wtwhite/code/regression-test-generation/find-diff-classes/compile/gaoss/io/netty/netty-buffer/4.1.102.Final/t/dependency/guava-28.2-jre.jar:/home/wtwhite/code/regression-test-generation/find-diff-classes/compile/gaoss/io/netty/netty-buffer/4.1.102.Final/t/dependency/hamcrest-core-1.3.jar:/home/wtwhite/code/regression-test-generation/find-diff-classes/compile/gaoss/io/netty/netty-buffer/4.1.102.Final/t/dependency/hamcrest-library-1.3.jar:/home/wtwhite/code/regression-test-generation/find-diff-classes/compile/gaoss/io/netty/netty-buffer/4.1.102.Final/t/dependency/j2objc-annotations-1.3.jar:/home/wtwhite/code/regression-test-generation/find-diff-classes/compile/gaoss/io/netty/netty-buffer/4.1.102.Final/t/dependency/jsr305-3.0.2.jar:/home/wtwhite/code/regression-test-generation/find-diff-classes/compile/gaoss/io/netty/netty-buffer/4.1.102.Final/t/dependency/junit-jupiter-api-5.9.0.jar:/home/wtwhite/code/regression-test-generation/find-diff-classes/compile/gaoss/io/netty/netty-buffer/4.1.102.Final/t/dependency/junit-jupiter-engine-5.9.0.jar:/home/wtwhite/code/regression-test-generation/find-diff-classes/compile/gaoss/io/netty/netty-buffer/4.1.102.Final/t/dependency/junit-jupiter-params-5.9.0.jar:/home/wtwhite/code/regression-test-generation/find-diff-classes/compile/gaoss/io/netty/netty-buffer/4.1.102.Final/t/dependency/junit-platform-commons-1.9.0.jar:/home/wtwhite/code/regression-test-generation/find-diff-classes/compile/gaoss/io/netty/netty-buffer/4.1.102.Final/t/dependency/junit-platform-engine-1.9.0.jar:/home/wtwhite/code/regression-test-generation/find-diff-classes/compile/gaoss/io/netty/netty-buffer/4.1.102.Final/t/dependency/listenablefuture-9999.0-empty-to-avoid-conflict-with-guava.jar:/home/wtwhite/code/regression-test-generation/find-diff-classes/compile/gaoss/io/netty/netty-buffer/4.1.102.Final/t/dependency/logback-classic-1.2.13.jar:/home/wtwhite/code/regression-test-generation/find-diff-classes/compile/gaoss/io/netty/netty-buffer/4.1.102.Final/t/dependency/logback-core-1.2.13.jar:/home/wtwhite/code/regression-test-generation/find-diff-classes/compile/gaoss/io/netty/netty-buffer/4.1.102.Final/t/dependency/mockito-core-2.18.3.jar:/home/wtwhite/code/regression-test-generation/find-diff-classes/compile/gaoss/io/netty/netty-buffer/4.1.102.Final/t/dependency/netty-build-common-31.jar:/home/wtwhite/code/regression-test-generation/find-diff-classes/compile/gaoss/io/netty/netty-buffer/4.1.102.Final/t/dependency/netty-common-4.1.102.Final.jar:/home/wtwhite/code/regression-test-generation/find-diff-classes/compile/gaoss/io/netty/netty-buffer/4.1.102.Final/t/dependency/objenesis-2.6.jar:/home/wtwhite/code/regression-test-generation/find-diff-classes/compile/gaoss/io/netty/netty-buffer/4.1.102.Final/t/dependency/opentest4j-1.2.0.jar:/home/wtwhite/code/regression-test-generation/find-diff-classes/compile/gaoss/io/netty/netty-buffer/4.1.102.Final/t/dependency/picocli-4.1.4.jar:/home/wtwhite/code/regression-test-generation/find-diff-classes/compile/gaoss/io/netty/netty-buffer/4.1.102.Final/t/dependency/slf4j-api-1.7.30.jar:/home/wtwhite/code/regression-test-generation/evosuite/evosuite-standalone-runtime-1.2.0.jar:/home/wtwhite/.m2/repository/junit/junit/4.13.2/junit-4.13.2.jar:/home/wtwhite/.m2/repository/org/hamcrest/hamcrest-core/1.3/hamcrest-core-1.3.jar:"/>
    <property name="java.vm.vendor" value="Private Build"/>
    <property name="sun.arch.data.model" value="64"/>
    <property name="java.vendor.url" value="http://java.oracle.com/"/>
    <property name="user.timezone" value=""/>
    <property name="java.vm.specification.version" value="1.8"/>
    <property name="os.name" value="Linux"/>
    <property name="RUNDIR" value="/home/wtwhite/code/regression-test-generation/find-diff-classes/run-mvn"/>
    <property name="user.country" value="NZ"/>
    <property name="sun.java.launcher" value="SUN_STANDARD"/>
    <property name="sun.boot.library.path" value="/usr/lib/jvm/java-8-openjdk-amd64/jre/lib/amd64"/>
    <property name="sun.java.command" value="/home/wtwhite/code/regression-test-generation/find-diff-classes/compile/gaoss/io/netty/netty-buffer/4.1.102.Final/target/surefire/surefirebooter-20241106180725505_3.jar /home/wtwhite/code/regression-test-generation/find-diff-classes/compile/gaoss/io/netty/netty-buffer/4.1.102.Final/target/surefire 2024-11-06T18-07-25_375-jvmRun1 surefire-20241106180725505_1tmp surefire_0-20241106180725505_2tmp"/>
    <property name="surefire.test.class.path" value="/home/wtwhite/code/regression-test-generation/find-diff-classes/compile/gaoss/io/netty/netty-buffer/4.1.102.Final/target/test-classes:/home/wtwhite/code/regression-test-generation/find-diff-classes/compile/gaoss/io/netty/netty-buffer/4.1.102.Final/target/classes:/home/wtwhite/code/craw-redhat-oss/wget/crawl/google-aoss/io/netty/netty-buffer/4.1.102.Final/netty-buffer-4.1.102.Final.jar:/home/wtwhite/code/regression-test-generation/find-diff-classes/compile/gaoss/io/netty/netty-buffer/4.1.102.Final/t/dependency/Saxon-HE-9.9.1-6.jar:/home/wtwhite/code/regression-test-generation/find-diff-classes/compile/gaoss/io/netty/netty-buffer/4.1.102.Final/t/dependency/antlr-2.7.7.jar:/home/wtwhite/code/regression-test-generation/find-diff-classes/compile/gaoss/io/netty/netty-buffer/4.1.102.Final/t/dependency/antlr4-runtime-4.8-1.jar:/home/wtwhite/code/regression-test-generation/find-diff-classes/compile/gaoss/io/netty/netty-buffer/4.1.102.Final/t/dependency/apiguardian-api-1.1.2.jar:/home/wtwhite/code/regression-test-generation/find-diff-classes/compile/gaoss/io/netty/netty-buffer/4.1.102.Final/t/dependency/assertj-core-3.18.0.jar:/home/wtwhite/code/regression-test-generation/find-diff-classes/compile/gaoss/io/netty/netty-buffer/4.1.102.Final/t/dependency/byte-buddy-1.8.5.jar:/home/wtwhite/code/regression-test-generation/find-diff-classes/compile/gaoss/io/netty/netty-buffer/4.1.102.Final/t/dependency/byte-buddy-agent-1.8.5.jar:/home/wtwhite/code/regression-test-generation/find-diff-classes/compile/gaoss/io/netty/netty-buffer/4.1.102.Final/t/dependency/checker-qual-2.10.0.jar:/home/wtwhite/code/regression-test-generation/find-diff-classes/compile/gaoss/io/netty/netty-buffer/4.1.102.Final/t/dependency/checkstyle-8.29.jar:/home/wtwhite/code/regression-test-generation/find-diff-classes/compile/gaoss/io/netty/netty-buffer/4.1.102.Final/t/dependency/commons-beanutils-1.9.4.jar:/home/wtwhite/code/regression-test-generation/find-diff-classes/compile/gaoss/io/netty/netty-buffer/4.1.102.Final/t/dependency/commons-collections-3.2.2.jar:/home/wtwhite/code/regression-test-generation/find-diff-classes/compile/gaoss/io/netty/netty-buffer/4.1.102.Final/t/dependency/commons-logging-1.2.jar:/home/wtwhite/code/regression-test-generation/find-diff-classes/compile/gaoss/io/netty/netty-buffer/4.1.102.Final/t/dependency/error_prone_annotations-2.3.4.jar:/home/wtwhite/code/regression-test-generation/find-diff-classes/compile/gaoss/io/netty/netty-buffer/4.1.102.Final/t/dependency/failureaccess-1.0.1.jar:/home/wtwhite/code/regression-test-generation/find-diff-classes/compile/gaoss/io/netty/netty-buffer/4.1.102.Final/t/dependency/guava-28.2-jre.jar:/home/wtwhite/code/regression-test-generation/find-diff-classes/compile/gaoss/io/netty/netty-buffer/4.1.102.Final/t/dependency/hamcrest-core-1.3.jar:/home/wtwhite/code/regression-test-generation/find-diff-classes/compile/gaoss/io/netty/netty-buffer/4.1.102.Final/t/dependency/hamcrest-library-1.3.jar:/home/wtwhite/code/regression-test-generation/find-diff-classes/compile/gaoss/io/netty/netty-buffer/4.1.102.Final/t/dependency/j2objc-annotations-1.3.jar:/home/wtwhite/code/regression-test-generation/find-diff-classes/compile/gaoss/io/netty/netty-buffer/4.1.102.Final/t/dependency/jsr305-3.0.2.jar:/home/wtwhite/code/regression-test-generation/find-diff-classes/compile/gaoss/io/netty/netty-buffer/4.1.102.Final/t/dependency/junit-jupiter-api-5.9.0.jar:/home/wtwhite/code/regression-test-generation/find-diff-classes/compile/gaoss/io/netty/netty-buffer/4.1.102.Final/t/dependency/junit-jupiter-engine-5.9.0.jar:/home/wtwhite/code/regression-test-generation/find-diff-classes/compile/gaoss/io/netty/netty-buffer/4.1.102.Final/t/dependency/junit-jupiter-params-5.9.0.jar:/home/wtwhite/code/regression-test-generation/find-diff-classes/compile/gaoss/io/netty/netty-buffer/4.1.102.Final/t/dependency/junit-platform-commons-1.9.0.jar:/home/wtwhite/code/regression-test-generation/find-diff-classes/compile/gaoss/io/netty/netty-buffer/4.1.102.Final/t/dependency/junit-platform-engine-1.9.0.jar:/home/wtwhite/code/regression-test-generation/find-diff-classes/compile/gaoss/io/netty/netty-buffer/4.1.102.Final/t/dependency/listenablefuture-9999.0-empty-to-avoid-conflict-with-guava.jar:/home/wtwhite/code/regression-test-generation/find-diff-classes/compile/gaoss/io/netty/netty-buffer/4.1.102.Final/t/dependency/logback-classic-1.2.13.jar:/home/wtwhite/code/regression-test-generation/find-diff-classes/compile/gaoss/io/netty/netty-buffer/4.1.102.Final/t/dependency/logback-core-1.2.13.jar:/home/wtwhite/code/regression-test-generation/find-diff-classes/compile/gaoss/io/netty/netty-buffer/4.1.102.Final/t/dependency/mockito-core-2.18.3.jar:/home/wtwhite/code/regression-test-generation/find-diff-classes/compile/gaoss/io/netty/netty-buffer/4.1.102.Final/t/dependency/netty-build-common-31.jar:/home/wtwhite/code/regression-test-generation/find-diff-classes/compile/gaoss/io/netty/netty-buffer/4.1.102.Final/t/dependency/netty-common-4.1.102.Final.jar:/home/wtwhite/code/regression-test-generation/find-diff-classes/compile/gaoss/io/netty/netty-buffer/4.1.102.Final/t/dependency/objenesis-2.6.jar:/home/wtwhite/code/regression-test-generation/find-diff-classes/compile/gaoss/io/netty/netty-buffer/4.1.102.Final/t/dependency/opentest4j-1.2.0.jar:/home/wtwhite/code/regression-test-generation/find-diff-classes/compile/gaoss/io/netty/netty-buffer/4.1.102.Final/t/dependency/picocli-4.1.4.jar:/home/wtwhite/code/regression-test-generation/find-diff-classes/compile/gaoss/io/netty/netty-buffer/4.1.102.Final/t/dependency/slf4j-api-1.7.30.jar:/home/wtwhite/code/regression-test-generation/evosuite/evosuite-standalone-runtime-1.2.0.jar:/home/wtwhite/.m2/repository/junit/junit/4.13.2/junit-4.13.2.jar:/home/wtwhite/.m2/repository/org/hamcrest/hamcrest-core/1.3/hamcrest-core-1.3.jar:"/>
    <property name="sun.cpu.endian" value="little"/>
    <property name="user.home" value="/home/wtwhite"/>
    <property name="user.language" value="en"/>
    <property name="java.specification.vendor" value="Oracle Corporation"/>
    <property name="java.home" value="/usr/lib/jvm/java-8-openjdk-amd64/jre"/>
    <property name="basedir" value="/home/wtwhite/code/regression-test-generation/find-diff-classes/compile/gaoss/io/netty/netty-buffer/4.1.102.Final"/>
    <property name="file.separator" value="/"/>
    <property name="line.separator" value="&#10;"/>
    <property name="java.vm.specification.vendor" value="Oracle Corporation"/>
    <property name="java.specification.name" value="Java Platform API Specification"/>
    <property name="java.awt.graphicsenv" value="sun.awt.X11GraphicsEnvironment"/>
    <property name="surefire.real.class.path" value="/home/wtwhite/code/regression-test-generation/find-diff-classes/compile/gaoss/io/netty/netty-buffer/4.1.102.Final/target/surefire/surefirebooter-20241106180725505_3.jar"/>
    <property name="sun.boot.class.path" value="/usr/lib/jvm/java-8-openjdk-amd64/jre/lib/resources.jar:/usr/lib/jvm/java-8-openjdk-amd64/jre/lib/rt.jar:/usr/lib/jvm/java-8-openjdk-amd64/jre/lib/sunrsasign.jar:/usr/lib/jvm/java-8-openjdk-amd64/jre/lib/jsse.jar:/usr/lib/jvm/java-8-openjdk-amd64/jre/lib/jce.jar:/usr/lib/jvm/java-8-openjdk-amd64/jre/lib/charsets.jar:/usr/lib/jvm/java-8-openjdk-amd64/jre/lib/jfr.jar:/usr/lib/jvm/java-8-openjdk-amd64/jre/classes"/>
    <property name="sun.management.compiler" value="HotSpot 64-Bit Tiered Compilers"/>
    <property name="java.runtime.version" value="1.8.0_382-8u382-ga-1~22.04.1-b05"/>
    <property name="user.name" value="wtwhite"/>
    <property name="path.separator" value=":"/>
    <property name="os.version" value="5.15.0-87-generic"/>
    <property name="java.endorsed.dirs" value="/usr/lib/jvm/java-8-openjdk-amd64/jre/lib/endorsed"/>
    <property name="java.runtime.name" value="OpenJDK Runtime Environment"/>
    <property name="file.encoding" value="UTF-8"/>
    <property name="java.vm.name" value="OpenJDK 64-Bit Server VM"/>
    <property name="localRepository" value="/home/wtwhite/.m2/repository"/>
    <property name="java.vendor.url.bug" value="http://bugreport.sun.com/bugreport/"/>
    <property name="java.io.tmpdir" value="/tmp"/>
    <property name="java.version" value="1.8.0_382"/>
    <property name="user.dir" value="/home/wtwhite/code/regression-test-generation/find-diff-classes/compile/gaoss/io/netty/netty-buffer/4.1.102.Final"/>
    <property name="os.arch" value="amd64"/>
    <property name="java.vm.specification.name" value="Java Virtual Machine Specification"/>
    <property name="java.awt.printerjob" value="sun.print.PSPrinterJob"/>
    <property name="sun.os.patch.level" value="unknown"/>
    <property name="java.library.path" value="/usr/java/packages/lib/amd64:/usr/lib/x86_64-linux-gnu/jni:/lib/x86_64-linux-gnu:/usr/lib/x86_64-linux-gnu:/usr/lib/jni:/lib:/usr/lib"/>
    <property name="java.vm.info" value="mixed mode"/>
    <property name="java.vendor" value="Private Build"/>
    <property name="java.vm.version" value="25.382-b05"/>
    <property name="java.specification.maintenance.version" value="5"/>
    <property name="java.ext.dirs" value="/usr/lib/jvm/java-8-openjdk-amd64/jre/lib/ext:/usr/java/packages/lib/ext"/>
    <property name="sun.io.unicode.encoding" value="UnicodeLittle"/>
    <property name="java.class.version" value="52.0"/>
  </properties>
  <testcase name="test06" classname="io.netty.buffer.AbstractByteBufAllocator_ESTest" time="1.311">
    <system-out><![CDATA[18:07:25.908 [main] INFO org.evosuite.runtime.instrumentation.EvoClassLoader - Seeing class for first time: io.netty.buffer.AbstractByteBufAllocator_ESTest
18:07:25.910 [main] INFO org.evosuite.runtime.instrumentation.EvoClassLoader - Instrumenting class 'io.netty.buffer.AbstractByteBufAllocator_ESTest'.
18:07:25.942 [main] INFO org.evosuite.runtime.instrumentation.EvoClassLoader - Seeing class for first time: io.netty.buffer.AbstractByteBufAllocator_ESTest_scaffolding
18:07:25.943 [main] INFO org.evosuite.runtime.instrumentation.EvoClassLoader - Instrumenting class 'io.netty.buffer.AbstractByteBufAllocator_ESTest_scaffolding'.
18:07:25.947 [main] INFO org.evosuite.runtime.instrumentation.EvoClassLoader - Keeping class: io.netty.buffer.AbstractByteBufAllocator_ESTest_scaffolding
18:07:25.948 [main] INFO org.evosuite.runtime.instrumentation.EvoClassLoader - Keeping class: io.netty.buffer.AbstractByteBufAllocator_ESTest
18:07:25.948 [main] INFO org.evosuite.runtime.instrumentation.EvoClassLoader - Seeing class for first time: io.netty.buffer.ByteBufAllocator
18:07:25.948 [main] INFO org.evosuite.runtime.instrumentation.EvoClassLoader - Instrumenting class 'io.netty.buffer.ByteBufAllocator'.
18:07:25.978 [main] INFO org.evosuite.runtime.instrumentation.EvoClassLoader - Keeping class: io.netty.buffer.ByteBufAllocator
18:07:25.978 [main] INFO org.evosuite.runtime.instrumentation.EvoClassLoader - Seeing class for first time: io.netty.buffer.CompositeByteBuf
18:07:25.979 [main] INFO org.evosuite.runtime.instrumentation.EvoClassLoader - Instrumenting class 'io.netty.buffer.CompositeByteBuf'.
18:07:25.983 [main] INFO org.evosuite.runtime.instrumentation.MethodCallReplacementClassAdapter - Adding mock interface to class io/netty/buffer/CompositeByteBuf
18:07:26.078 [main] INFO org.evosuite.runtime.instrumentation.CreateClassResetClassAdapter - Found static initializer in class io/netty/buffer/CompositeByteBuf
18:07:26.081 [main] INFO org.evosuite.runtime.instrumentation.EvoClassLoader - Seeing class for first time: io.netty.buffer.AbstractReferenceCountedByteBuf
18:07:26.081 [main] INFO org.evosuite.runtime.instrumentation.EvoClassLoader - Instrumenting class 'io.netty.buffer.AbstractReferenceCountedByteBuf'.
18:07:26.081 [main] INFO org.evosuite.runtime.instrumentation.MethodCallReplacementClassAdapter - Adding mock interface to class io/netty/buffer/AbstractReferenceCountedByteBuf
18:07:26.082 [main] INFO org.evosuite.runtime.instrumentation.CreateClassResetClassAdapter - Found static initializer in class io/netty/buffer/AbstractReferenceCountedByteBuf
18:07:26.083 [main] INFO org.evosuite.runtime.instrumentation.EvoClassLoader - Seeing class for first time: io.netty.buffer.AbstractByteBuf
18:07:26.083 [main] INFO org.evosuite.runtime.instrumentation.EvoClassLoader - Instrumenting class 'io.netty.buffer.AbstractByteBuf'.
18:07:26.084 [main] INFO org.evosuite.runtime.instrumentation.MethodCallReplacementClassAdapter - Adding mock interface to class io/netty/buffer/AbstractByteBuf
18:07:26.095 [main] INFO org.evosuite.runtime.instrumentation.CreateClassResetClassAdapter - Found static initializer in class io/netty/buffer/AbstractByteBuf
18:07:26.097 [main] INFO org.evosuite.runtime.instrumentation.EvoClassLoader - Seeing class for first time: io.netty.buffer.ByteBuf
18:07:26.097 [main] INFO org.evosuite.runtime.instrumentation.EvoClassLoader - Instrumenting class 'io.netty.buffer.ByteBuf'.
18:07:26.099 [main] INFO org.evosuite.runtime.instrumentation.MethodCallReplacementClassAdapter - Adding mock interface to class io/netty/buffer/ByteBuf
18:07:26.103 [main] INFO org.evosuite.runtime.instrumentation.CreateClassResetClassAdapter - Creating brand-new static initializer in class io/netty/buffer/ByteBuf
18:07:26.104 [main] INFO org.evosuite.runtime.instrumentation.EvoClassLoader - Seeing class for first time: io.netty.util.ReferenceCounted
18:07:26.104 [main] INFO org.evosuite.runtime.instrumentation.EvoClassLoader - Instrumenting class 'io.netty.util.ReferenceCounted'.
18:07:26.106 [main] INFO org.evosuite.runtime.instrumentation.EvoClassLoader - Keeping class: io.netty.util.ReferenceCounted
18:07:26.106 [main] INFO org.evosuite.runtime.instrumentation.EvoClassLoader - Seeing class for first time: io.netty.buffer.ByteBufConvertible
18:07:26.106 [main] INFO org.evosuite.runtime.instrumentation.EvoClassLoader - Instrumenting class 'io.netty.buffer.ByteBufConvertible'.
18:07:26.108 [main] INFO org.evosuite.runtime.instrumentation.EvoClassLoader - Keeping class: io.netty.buffer.ByteBufConvertible
18:07:26.108 [main] INFO org.evosuite.runtime.instrumentation.EvoClassLoader - Keeping class: io.netty.buffer.ByteBuf
18:07:26.108 [main] INFO org.evosuite.runtime.instrumentation.EvoClassLoader - Keeping class: io.netty.buffer.AbstractByteBuf
18:07:26.108 [main] INFO org.evosuite.runtime.instrumentation.EvoClassLoader - Keeping class: io.netty.buffer.AbstractReferenceCountedByteBuf
18:07:26.109 [main] INFO org.evosuite.runtime.instrumentation.EvoClassLoader - Keeping class: io.netty.buffer.CompositeByteBuf
18:07:26.109 [main] INFO org.evosuite.runtime.instrumentation.EvoClassLoader - Seeing class for first time: io.netty.buffer.SimpleLeakAwareCompositeByteBuf
18:07:26.109 [main] INFO org.evosuite.runtime.instrumentation.EvoClassLoader - Instrumenting class 'io.netty.buffer.SimpleLeakAwareCompositeByteBuf'.
18:07:26.110 [main] INFO org.evosuite.runtime.instrumentation.MethodCallReplacementClassAdapter - Adding mock interface to class io/netty/buffer/SimpleLeakAwareCompositeByteBuf
18:07:26.112 [main] INFO org.evosuite.runtime.instrumentation.CreateClassResetClassAdapter - Found static initializer in class io/netty/buffer/SimpleLeakAwareCompositeByteBuf
18:07:26.113 [main] INFO org.evosuite.runtime.instrumentation.EvoClassLoader - Seeing class for first time: io.netty.buffer.WrappedCompositeByteBuf
18:07:26.113 [main] INFO org.evosuite.runtime.instrumentation.EvoClassLoader - Instrumenting class 'io.netty.buffer.WrappedCompositeByteBuf'.
18:07:26.116 [main] INFO org.evosuite.runtime.instrumentation.MethodCallReplacementClassAdapter - Adding mock interface to class io/netty/buffer/WrappedCompositeByteBuf
18:07:26.129 [main] INFO org.evosuite.runtime.instrumentation.CreateClassResetClassAdapter - Creating brand-new static initializer in class io/netty/buffer/WrappedCompositeByteBuf
18:07:26.131 [main] INFO org.evosuite.runtime.instrumentation.EvoClassLoader - Keeping class: io.netty.buffer.WrappedCompositeByteBuf
18:07:26.132 [main] INFO org.evosuite.runtime.instrumentation.EvoClassLoader - Keeping class: io.netty.buffer.SimpleLeakAwareCompositeByteBuf
18:07:26.280 [main] DEBUG org.evosuite.runtime.sandbox.MSecurityManager - Adding privileged thread: "Reference Handler"
18:07:26.281 [main] DEBUG org.evosuite.runtime.sandbox.MSecurityManager - Adding privileged thread: "Finalizer"
18:07:26.281 [main] DEBUG org.evosuite.runtime.sandbox.MSecurityManager - Adding privileged thread: "Signal Dispatcher"
18:07:26.281 [main] DEBUG org.evosuite.runtime.sandbox.MSecurityManager - Adding privileged thread: "Java2D Disposer"
18:07:26.281 [main] DEBUG org.evosuite.runtime.sandbox.MSecurityManager - Adding privileged thread: "AWT-XAWT"
18:07:26.281 [main] DEBUG org.evosuite.runtime.sandbox.MSecurityManager - Adding privileged thread: "process reaper"
18:07:26.281 [main] DEBUG org.evosuite.runtime.sandbox.MSecurityManager - Adding privileged thread: "main"
18:07:26.281 [main] DEBUG org.evosuite.runtime.sandbox.MSecurityManager - Adding privileged thread: "surefire-forkedjvm-stream-flusher"
18:07:26.281 [main] DEBUG org.evosuite.runtime.sandbox.MSecurityManager - Adding privileged thread: "surefire-forkedjvm-command-thread"
18:07:26.297 [main] INFO org.evosuite.runtime.instrumentation.EvoClassLoader - Seeing class for first time: io.netty.util.internal.SystemPropertyUtil$1
18:07:26.297 [main] INFO org.evosuite.runtime.instrumentation.EvoClassLoader - Instrumenting class 'io.netty.util.internal.SystemPropertyUtil$1'.
18:07:26.297 [main] INFO org.evosuite.runtime.instrumentation.MethodCallReplacementClassAdapter - Adding mock interface to class io/netty/util/internal/SystemPropertyUtil$1
18:07:26.298 [main] INFO org.evosuite.runtime.instrumentation.EvoClassLoader - Defined package (3): package io.netty.util.internal, 1713044053
18:07:26.298 [main] INFO org.evosuite.runtime.instrumentation.EvoClassLoader - Keeping class: io.netty.util.internal.SystemPropertyUtil$1
18:07:26.299 [main] INFO org.evosuite.runtime.instrumentation.EvoClassLoader - Seeing class for first time: io.netty.util.internal.shaded.org.jctools.queues.LinkedArrayQueueUtil
18:07:26.299 [main] INFO org.evosuite.runtime.instrumentation.EvoClassLoader - Instrumenting class 'io.netty.util.internal.shaded.org.jctools.queues.LinkedArrayQueueUtil'.
18:07:26.299 [main] INFO org.evosuite.runtime.instrumentation.MethodCallReplacementClassAdapter - Adding mock interface to class io/netty/util/internal/shaded/org/jctools/queues/LinkedArrayQueueUtil
18:07:26.300 [main] INFO org.evosuite.runtime.instrumentation.CreateClassResetClassAdapter - Creating brand-new static initializer in class io/netty/util/internal/shaded/org/jctools/queues/LinkedArrayQueueUtil
18:07:26.300 [main] INFO org.evosuite.runtime.instrumentation.EvoClassLoader - Defined package (3): package io.netty.util.internal.shaded.org.jctools.queues, 1012279830
18:07:26.300 [main] INFO org.evosuite.runtime.instrumentation.EvoClassLoader - Keeping class: io.netty.util.internal.shaded.org.jctools.queues.LinkedArrayQueueUtil
18:07:26.300 [main] INFO org.evosuite.runtime.instrumentation.EvoClassLoader - Seeing class for first time: io.netty.util.internal.Cleaner
18:07:26.300 [main] INFO org.evosuite.runtime.instrumentation.EvoClassLoader - Instrumenting class 'io.netty.util.internal.Cleaner'.
18:07:26.301 [main] INFO org.evosuite.runtime.instrumentation.EvoClassLoader - Keeping class: io.netty.util.internal.Cleaner
18:07:26.301 [main] INFO org.evosuite.runtime.instrumentation.EvoClassLoader - Seeing class for first time: io.netty.util.IllegalReferenceCountException
18:07:26.301 [main] INFO org.evosuite.runtime.instrumentation.EvoClassLoader - Instrumenting class 'io.netty.util.IllegalReferenceCountException'.
18:07:26.302 [main] INFO org.evosuite.runtime.instrumentation.MethodCallReplacementClassAdapter - Adding mock interface to class io/netty/util/IllegalReferenceCountException
18:07:26.302 [main] INFO org.evosuite.runtime.instrumentation.CreateClassResetClassAdapter - Creating brand-new static initializer in class io/netty/util/IllegalReferenceCountException
18:07:26.302 [main] INFO org.evosuite.runtime.instrumentation.EvoClassLoader - Keeping class: io.netty.util.IllegalReferenceCountException
18:07:26.303 [main] INFO org.evosuite.runtime.instrumentation.EvoClassLoader - Seeing class for first time: io.netty.util.internal.shaded.org.jctools.queues.MpscArrayQueueL1Pad
18:07:26.303 [main] INFO org.evosuite.runtime.instrumentation.EvoClassLoader - Instrumenting class 'io.netty.util.internal.shaded.org.jctools.queues.MpscArrayQueueL1Pad'.
18:07:26.303 [main] INFO org.evosuite.runtime.instrumentation.MethodCallReplacementClassAdapter - Adding mock interface to class io/netty/util/internal/shaded/org/jctools/queues/MpscArrayQueueL1Pad
18:07:26.308 [main] INFO org.evosuite.runtime.instrumentation.CreateClassResetClassAdapter - Creating brand-new static initializer in class io/netty/util/internal/shaded/org/jctools/queues/MpscArrayQueueL1Pad
18:07:26.308 [main] INFO org.evosuite.runtime.instrumentation.EvoClassLoader - Seeing class for first time: io.netty.util.internal.shaded.org.jctools.queues.ConcurrentCircularArrayQueue
18:07:26.308 [main] INFO org.evosuite.runtime.instrumentation.EvoClassLoader - Instrumenting class 'io.netty.util.internal.shaded.org.jctools.queues.ConcurrentCircularArrayQueue'.
18:07:26.310 [main] INFO org.evosuite.runtime.instrumentation.MethodCallReplacementClassAdapter - Adding mock interface to class io/netty/util/internal/shaded/org/jctools/queues/ConcurrentCircularArrayQueue
18:07:26.311 [main] INFO org.evosuite.runtime.instrumentation.CreateClassResetClassAdapter - Creating brand-new static initializer in class io/netty/util/internal/shaded/org/jctools/queues/ConcurrentCircularArrayQueue
18:07:26.311 [main] INFO org.evosuite.runtime.instrumentation.EvoClassLoader - Seeing class for first time: io.netty.util.internal.shaded.org.jctools.queues.MessagePassingQueue
18:07:26.311 [main] INFO org.evosuite.runtime.instrumentation.EvoClassLoader - Instrumenting class 'io.netty.util.internal.shaded.org.jctools.queues.MessagePassingQueue'.
18:07:26.314 [main] INFO org.evosuite.runtime.instrumentation.EvoClassLoader - Keeping class: io.netty.util.internal.shaded.org.jctools.queues.MessagePassingQueue
18:07:26.314 [main] INFO org.evosuite.runtime.instrumentation.EvoClassLoader - Seeing class for first time: io.netty.util.internal.shaded.org.jctools.queues.IndexedQueueSizeUtil$IndexedQueue
18:07:26.314 [main] INFO org.evosuite.runtime.instrumentation.EvoClassLoader - Instrumenting class 'io.netty.util.internal.shaded.org.jctools.queues.IndexedQueueSizeUtil$IndexedQueue'.
18:07:26.316 [main] INFO org.evosuite.runtime.instrumentation.EvoClassLoader - Keeping class: io.netty.util.internal.shaded.org.jctools.queues.IndexedQueueSizeUtil$IndexedQueue
18:07:26.316 [main] INFO org.evosuite.runtime.instrumentation.EvoClassLoader - Seeing class for first time: io.netty.util.internal.shaded.org.jctools.queues.QueueProgressIndicators
18:07:26.316 [main] INFO org.evosuite.runtime.instrumentation.EvoClassLoader - Instrumenting class 'io.netty.util.internal.shaded.org.jctools.queues.QueueProgressIndicators'.
18:07:26.318 [main] INFO org.evosuite.runtime.instrumentation.EvoClassLoader - Keeping class: io.netty.util.internal.shaded.org.jctools.queues.QueueProgressIndicators
18:07:26.318 [main] INFO org.evosuite.runtime.instrumentation.EvoClassLoader - Seeing class for first time: io.netty.util.internal.shaded.org.jctools.queues.SupportsIterator
18:07:26.318 [main] INFO org.evosuite.runtime.instrumentation.EvoClassLoader - Instrumenting class 'io.netty.util.internal.shaded.org.jctools.queues.SupportsIterator'.
18:07:26.318 [main] INFO org.evosuite.runtime.instrumentation.EvoClassLoader - Keeping class: io.netty.util.internal.shaded.org.jctools.queues.SupportsIterator
18:07:26.319 [main] INFO org.evosuite.runtime.instrumentation.EvoClassLoader - Seeing class for first time: io.netty.util.internal.shaded.org.jctools.queues.ConcurrentCircularArrayQueueL0Pad
18:07:26.319 [main] INFO org.evosuite.runtime.instrumentation.EvoClassLoader - Instrumenting class 'io.netty.util.internal.shaded.org.jctools.queues.ConcurrentCircularArrayQueueL0Pad'.
18:07:26.319 [main] INFO org.evosuite.runtime.instrumentation.MethodCallReplacementClassAdapter - Adding mock interface to class io/netty/util/internal/shaded/org/jctools/queues/ConcurrentCircularArrayQueueL0Pad
18:07:26.320 [main] INFO org.evosuite.runtime.instrumentation.CreateClassResetClassAdapter - Creating brand-new static initializer in class io/netty/util/internal/shaded/org/jctools/queues/ConcurrentCircularArrayQueueL0Pad
18:07:26.320 [main] INFO org.evosuite.runtime.instrumentation.EvoClassLoader - Keeping class: io.netty.util.internal.shaded.org.jctools.queues.ConcurrentCircularArrayQueueL0Pad
18:07:26.320 [main] INFO org.evosuite.runtime.instrumentation.EvoClassLoader - Keeping class: io.netty.util.internal.shaded.org.jctools.queues.ConcurrentCircularArrayQueue
18:07:26.320 [main] INFO org.evosuite.runtime.instrumentation.EvoClassLoader - Keeping class: io.netty.util.internal.shaded.org.jctools.queues.MpscArrayQueueL1Pad
18:07:26.321 [main] INFO org.evosuite.runtime.instrumentation.EvoClassLoader - Seeing class for first time: io.netty.util.internal.logging.LocationAwareSlf4JLogger
18:07:26.321 [main] INFO org.evosuite.runtime.instrumentation.EvoClassLoader - Instrumenting class 'io.netty.util.internal.logging.LocationAwareSlf4JLogger'.
18:07:26.321 [main] INFO org.evosuite.runtime.instrumentation.MethodCallReplacementClassAdapter - Adding mock interface to class io/netty/util/internal/logging/LocationAwareSlf4JLogger
18:07:26.322 [main] INFO org.evosuite.runtime.instrumentation.CreateClassResetClassAdapter - Found static initializer in class io/netty/util/internal/logging/LocationAwareSlf4JLogger
18:07:26.322 [main] INFO org.evosuite.runtime.instrumentation.EvoClassLoader - Defined package (3): package io.netty.util.internal.logging, 2048307398
18:07:26.322 [main] INFO org.evosuite.runtime.instrumentation.EvoClassLoader - Seeing class for first time: io.netty.util.internal.logging.AbstractInternalLogger
18:07:26.322 [main] INFO org.evosuite.runtime.instrumentation.EvoClassLoader - Instrumenting class 'io.netty.util.internal.logging.AbstractInternalLogger'.
18:07:26.326 [main] INFO org.evosuite.runtime.instrumentation.MethodCallReplacementClassAdapter - Adding mock interface to class io/netty/util/internal/logging/AbstractInternalLogger
18:07:26.333 [main] INFO org.evosuite.runtime.instrumentation.CreateClassResetClassAdapter - Creating brand-new static initializer in class io/netty/util/internal/logging/AbstractInternalLogger
18:07:26.334 [main] INFO org.evosuite.runtime.instrumentation.CreateClassResetClassAdapter - Adding bytecode for initializing field EXCEPTION_MESSAGE
18:07:26.340 [main] INFO org.evosuite.runtime.instrumentation.EvoClassLoader - Seeing class for first time: io.netty.util.internal.logging.InternalLogger
18:07:26.341 [main] INFO org.evosuite.runtime.instrumentation.EvoClassLoader - Instrumenting class 'io.netty.util.internal.logging.InternalLogger'.
18:07:26.341 [main] INFO org.evosuite.runtime.instrumentation.EvoClassLoader - Keeping class: io.netty.util.internal.logging.InternalLogger
18:07:26.342 [main] INFO org.evosuite.runtime.instrumentation.EvoClassLoader - Keeping class: io.netty.util.internal.logging.AbstractInternalLogger
18:07:26.342 [main] INFO org.evosuite.runtime.instrumentation.EvoClassLoader - Keeping class: io.netty.util.internal.logging.LocationAwareSlf4JLogger
18:07:26.342 [main] INFO org.evosuite.runtime.instrumentation.EvoClassLoader - Seeing class for first time: io.netty.buffer.ByteBufUtil$1
18:07:26.343 [main] INFO org.evosuite.runtime.instrumentation.EvoClassLoader - Instrumenting class 'io.netty.buffer.ByteBufUtil$1'.
18:07:26.344 [main] INFO org.evosuite.runtime.instrumentation.MethodCallReplacementClassAdapter - Adding mock interface to class io/netty/buffer/ByteBufUtil$1
18:07:26.345 [main] INFO org.evosuite.runtime.instrumentation.EvoClassLoader - Seeing class for first time: io.netty.util.concurrent.FastThreadLocal
18:07:26.345 [main] INFO org.evosuite.runtime.instrumentation.EvoClassLoader - Instrumenting class 'io.netty.util.concurrent.FastThreadLocal'.
18:07:26.347 [main] INFO org.evosuite.runtime.instrumentation.MethodCallReplacementClassAdapter - Adding mock interface to class io/netty/util/concurrent/FastThreadLocal
18:07:26.353 [main] INFO org.evosuite.runtime.instrumentation.CreateClassResetClassAdapter - Creating brand-new static initializer in class io/netty/util/concurrent/FastThreadLocal
18:07:26.353 [main] INFO org.evosuite.runtime.instrumentation.EvoClassLoader - Defined package (3): package io.netty.util.concurrent, 1377604431
18:07:26.353 [main] INFO org.evosuite.runtime.instrumentation.EvoClassLoader - Keeping class: io.netty.util.concurrent.FastThreadLocal
18:07:26.353 [main] INFO org.evosuite.runtime.instrumentation.EvoClassLoader - Keeping class: io.netty.buffer.ByteBufUtil$1
18:07:26.354 [main] INFO org.evosuite.runtime.instrumentation.EvoClassLoader - Seeing class for first time: io.netty.util.internal.PlatformDependent0
18:07:26.354 [main] INFO org.evosuite.runtime.instrumentation.EvoClassLoader - Instrumenting class 'io.netty.util.internal.PlatformDependent0'.
18:07:26.355 [main] INFO org.evosuite.runtime.instrumentation.MethodCallReplacementClassAdapter - Adding mock interface to class io/netty/util/internal/PlatformDependent0
18:07:26.363 [main] INFO org.evosuite.runtime.instrumentation.CreateClassResetClassAdapter - Found static initializer in class io/netty/util/internal/PlatformDependent0
18:07:26.369 [main] INFO org.evosuite.runtime.instrumentation.EvoClassLoader - Keeping class: io.netty.util.internal.PlatformDependent0
18:07:26.371 [main] INFO org.evosuite.runtime.instrumentation.EvoClassLoader - Seeing class for first time: io.netty.util.internal.logging.InternalLoggerFactory
18:07:26.371 [main] INFO org.evosuite.runtime.instrumentation.EvoClassLoader - Instrumenting class 'io.netty.util.internal.logging.InternalLoggerFactory'.
18:07:26.372 [main] INFO org.evosuite.runtime.instrumentation.MethodCallReplacementClassAdapter - Adding mock interface to class io/netty/util/internal/logging/InternalLoggerFactory
18:07:26.373 [main] INFO org.evosuite.runtime.instrumentation.CreateClassResetClassAdapter - Creating brand-new static initializer in class io/netty/util/internal/logging/InternalLoggerFactory
18:07:26.373 [main] INFO org.evosuite.runtime.instrumentation.CreateClassResetClassAdapter - Adding bytecode for initializing field defaultFactory
18:07:26.373 [main] INFO org.evosuite.runtime.instrumentation.EvoClassLoader - Keeping class: io.netty.util.internal.logging.InternalLoggerFactory
18:07:26.374 [main] INFO org.evosuite.runtime.instrumentation.EvoClassLoader - Seeing class for first time: io.netty.util.internal.logging.Slf4JLoggerFactory
18:07:26.374 [main] INFO org.evosuite.runtime.instrumentation.EvoClassLoader - Instrumenting class 'io.netty.util.internal.logging.Slf4JLoggerFactory'.
18:07:26.374 [main] INFO org.evosuite.runtime.instrumentation.MethodCallReplacementClassAdapter - Adding mock interface to class io/netty/util/internal/logging/Slf4JLoggerFactory
18:07:26.376 [main] INFO org.evosuite.runtime.instrumentation.CreateClassResetClassAdapter - Found static initializer in class io/netty/util/internal/logging/Slf4JLoggerFactory
18:07:26.376 [main] INFO org.evosuite.runtime.instrumentation.EvoClassLoader - Keeping class: io.netty.util.internal.logging.Slf4JLoggerFactory
18:07:26.376 [main] INFO org.evosuite.runtime.instrumentation.EvoClassLoader - Seeing class for first time: io.netty.util.internal.logging.Slf4JLogger
18:07:26.376 [main] INFO org.evosuite.runtime.instrumentation.EvoClassLoader - Instrumenting class 'io.netty.util.internal.logging.Slf4JLogger'.
18:07:26.377 [main] INFO org.evosuite.runtime.instrumentation.MethodCallReplacementClassAdapter - Adding mock interface to class io/netty/util/internal/logging/Slf4JLogger
18:07:26.378 [main] INFO org.evosuite.runtime.instrumentation.CreateClassResetClassAdapter - Creating brand-new static initializer in class io/netty/util/internal/logging/Slf4JLogger
18:07:26.379 [main] INFO org.evosuite.runtime.instrumentation.EvoClassLoader - Keeping class: io.netty.util.internal.logging.Slf4JLogger
18:07:26.380 [main] INFO org.evosuite.runtime.instrumentation.EvoClassLoader - Seeing class for first time: io.netty.util.internal.logging.Slf4JLoggerFactory$NopInstanceHolder
18:07:26.380 [main] INFO org.evosuite.runtime.instrumentation.EvoClassLoader - Instrumenting class 'io.netty.util.internal.logging.Slf4JLoggerFactory$NopInstanceHolder'.
18:07:26.382 [main] INFO org.evosuite.runtime.instrumentation.MethodCallReplacementClassAdapter - Adding mock interface to class io/netty/util/internal/logging/Slf4JLoggerFactory$NopInstanceHolder
18:07:26.382 [main] INFO org.evosuite.runtime.instrumentation.CreateClassResetClassAdapter - Found static initializer in class io/netty/util/internal/logging/Slf4JLoggerFactory$NopInstanceHolder
18:07:26.383 [main] INFO org.evosuite.runtime.instrumentation.EvoClassLoader - Keeping class: io.netty.util.internal.logging.Slf4JLoggerFactory$NopInstanceHolder
18:07:26.384 [main] INFO org.evosuite.runtime.instrumentation.EvoClassLoader - Seeing class for first time: io.netty.util.internal.ObjectUtil
18:07:26.384 [main] INFO org.evosuite.runtime.instrumentation.EvoClassLoader - Instrumenting class 'io.netty.util.internal.ObjectUtil'.
18:07:26.385 [main] INFO org.evosuite.runtime.instrumentation.MethodCallReplacementClassAdapter - Adding mock interface to class io/netty/util/internal/ObjectUtil
18:07:26.394 [main] INFO org.evosuite.runtime.instrumentation.CreateClassResetClassAdapter - Creating brand-new static initializer in class io/netty/util/internal/ObjectUtil
18:07:26.394 [main] INFO org.evosuite.runtime.instrumentation.CreateClassResetClassAdapter - Adding bytecode for initializing field FLOAT_ZERO
18:07:26.394 [main] INFO org.evosuite.runtime.instrumentation.CreateClassResetClassAdapter - Adding bytecode for initializing field DOUBLE_ZERO
18:07:26.394 [main] INFO org.evosuite.runtime.instrumentation.CreateClassResetClassAdapter - Adding bytecode for initializing field LONG_ZERO
18:07:26.394 [main] INFO org.evosuite.runtime.instrumentation.CreateClassResetClassAdapter - Adding bytecode for initializing field INT_ZERO
18:07:26.394 [main] INFO org.evosuite.runtime.instrumentation.EvoClassLoader - Keeping class: io.netty.util.internal.ObjectUtil
18:07:26.395 [main] DEBUG io.netty.util.internal.logging.InternalLoggerFactory - Using SLF4J as the default logging framework
18:07:26.395 [main] INFO org.evosuite.runtime.instrumentation.EvoClassLoader - Seeing class for first time: io.netty.util.internal.SystemPropertyUtil
18:07:26.395 [main] INFO org.evosuite.runtime.instrumentation.EvoClassLoader - Instrumenting class 'io.netty.util.internal.SystemPropertyUtil'.
18:07:26.396 [main] INFO org.evosuite.runtime.instrumentation.MethodCallReplacementClassAdapter - Adding mock interface to class io/netty/util/internal/SystemPropertyUtil
18:07:26.398 [main] INFO org.evosuite.runtime.instrumentation.CreateClassResetClassAdapter - Found static initializer in class io/netty/util/internal/SystemPropertyUtil
18:07:26.398 [main] INFO org.evosuite.runtime.instrumentation.EvoClassLoader - Keeping class: io.netty.util.internal.SystemPropertyUtil
18:07:26.400 [main] DEBUG io.netty.util.internal.PlatformDependent0 - -Dio.netty.noUnsafe: false
18:07:26.401 [main] DEBUG io.netty.util.internal.PlatformDependent0 - Java version: 8
18:07:26.402 [main] INFO org.evosuite.runtime.instrumentation.EvoClassLoader - Seeing class for first time: io.netty.util.internal.PlatformDependent0$1
18:07:26.402 [main] INFO org.evosuite.runtime.instrumentation.EvoClassLoader - Instrumenting class 'io.netty.util.internal.PlatformDependent0$1'.
18:07:26.403 [main] INFO org.evosuite.runtime.instrumentation.MethodCallReplacementClassAdapter - Adding mock interface to class io/netty/util/internal/PlatformDependent0$1
18:07:26.404 [main] INFO org.evosuite.runtime.instrumentation.EvoClassLoader - Keeping class: io.netty.util.internal.PlatformDependent0$1
18:07:26.405 [main] INFO org.evosuite.runtime.instrumentation.EvoClassLoader - Seeing class for first time: io.netty.util.internal.ReflectionUtil
18:07:26.405 [main] INFO org.evosuite.runtime.instrumentation.EvoClassLoader - Instrumenting class 'io.netty.util.internal.ReflectionUtil'.
18:07:26.406 [main] INFO org.evosuite.runtime.instrumentation.MethodCallReplacementClassAdapter - Adding mock interface to class io/netty/util/internal/ReflectionUtil
18:07:26.407 [main] INFO org.evosuite.runtime.instrumentation.CreateClassResetClassAdapter - Creating brand-new static initializer in class io/netty/util/internal/ReflectionUtil
18:07:26.407 [main] INFO org.evosuite.runtime.instrumentation.EvoClassLoader - Keeping class: io.netty.util.internal.ReflectionUtil
18:07:26.408 [main] DEBUG io.netty.util.internal.PlatformDependent0 - sun.misc.Unsafe.theUnsafe: available
18:07:26.408 [main] INFO org.evosuite.runtime.instrumentation.EvoClassLoader - Seeing class for first time: io.netty.util.internal.PlatformDependent0$2
18:07:26.408 [main] INFO org.evosuite.runtime.instrumentation.EvoClassLoader - Instrumenting class 'io.netty.util.internal.PlatformDependent0$2'.
18:07:26.409 [main] INFO org.evosuite.runtime.instrumentation.MethodCallReplacementClassAdapter - Adding mock interface to class io/netty/util/internal/PlatformDependent0$2
18:07:26.410 [main] INFO org.evosuite.runtime.instrumentation.EvoClassLoader - Keeping class: io.netty.util.internal.PlatformDependent0$2
18:07:26.411 [main] DEBUG io.netty.util.internal.PlatformDependent0 - sun.misc.Unsafe.copyMemory: available
18:07:26.412 [main] INFO org.evosuite.runtime.instrumentation.EvoClassLoader - Seeing class for first time: io.netty.util.internal.PlatformDependent0$3
18:07:26.412 [main] INFO org.evosuite.runtime.instrumentation.EvoClassLoader - Instrumenting class 'io.netty.util.internal.PlatformDependent0$3'.
18:07:26.413 [main] INFO org.evosuite.runtime.instrumentation.MethodCallReplacementClassAdapter - Adding mock interface to class io/netty/util/internal/PlatformDependent0$3
18:07:26.414 [main] INFO org.evosuite.runtime.instrumentation.EvoClassLoader - Keeping class: io.netty.util.internal.PlatformDependent0$3
18:07:26.414 [main] DEBUG io.netty.util.internal.PlatformDependent0 - sun.misc.Unsafe.storeFence: available
18:07:26.415 [main] INFO org.evosuite.runtime.instrumentation.EvoClassLoader - Seeing class for first time: io.netty.util.internal.PlatformDependent0$4
18:07:26.415 [main] INFO org.evosuite.runtime.instrumentation.EvoClassLoader - Instrumenting class 'io.netty.util.internal.PlatformDependent0$4'.
18:07:26.416 [main] INFO org.evosuite.runtime.instrumentation.MethodCallReplacementClassAdapter - Adding mock interface to class io/netty/util/internal/PlatformDependent0$4
18:07:26.418 [main] INFO org.evosuite.runtime.instrumentation.EvoClassLoader - Keeping class: io.netty.util.internal.PlatformDependent0$4
18:07:26.418 [main] DEBUG io.netty.util.internal.PlatformDependent0 - java.nio.Buffer.address: available
18:07:26.418 [main] INFO org.evosuite.runtime.instrumentation.EvoClassLoader - Seeing class for first time: io.netty.util.internal.PlatformDependent0$5
18:07:26.418 [main] INFO org.evosuite.runtime.instrumentation.EvoClassLoader - Instrumenting class 'io.netty.util.internal.PlatformDependent0$5'.
18:07:26.419 [main] INFO org.evosuite.runtime.instrumentation.MethodCallReplacementClassAdapter - Adding mock interface to class io/netty/util/internal/PlatformDependent0$5
18:07:26.420 [main] INFO org.evosuite.runtime.instrumentation.EvoClassLoader - Keeping class: io.netty.util.internal.PlatformDependent0$5
18:07:26.421 [main] DEBUG io.netty.util.internal.PlatformDependent0 - direct buffer constructor: available
18:07:26.421 [main] INFO org.evosuite.runtime.instrumentation.EvoClassLoader - Seeing class for first time: io.netty.util.internal.PlatformDependent0$6
18:07:26.421 [main] INFO org.evosuite.runtime.instrumentation.EvoClassLoader - Instrumenting class 'io.netty.util.internal.PlatformDependent0$6'.
18:07:26.422 [main] INFO org.evosuite.runtime.instrumentation.MethodCallReplacementClassAdapter - Adding mock interface to class io/netty/util/internal/PlatformDependent0$6
18:07:26.426 [main] INFO org.evosuite.runtime.instrumentation.EvoClassLoader - Keeping class: io.netty.util.internal.PlatformDependent0$6
18:07:26.427 [main] INFO org.evosuite.runtime.instrumentation.EvoClassLoader - Seeing class for first time: io.netty.util.internal.PlatformDependent0$12
18:07:26.427 [main] INFO org.evosuite.runtime.instrumentation.EvoClassLoader - Instrumenting class 'io.netty.util.internal.PlatformDependent0$12'.
18:07:26.428 [main] INFO org.evosuite.runtime.instrumentation.MethodCallReplacementClassAdapter - Adding mock interface to class io/netty/util/internal/PlatformDependent0$12
18:07:26.429 [main] INFO org.evosuite.runtime.instrumentation.EvoClassLoader - Keeping class: io.netty.util.internal.PlatformDependent0$12
18:07:26.430 [main] DEBUG io.netty.util.internal.PlatformDependent0 - java.nio.Bits.unaligned: available, true
18:07:26.430 [main] DEBUG io.netty.util.internal.PlatformDependent0 - jdk.internal.misc.Unsafe.allocateUninitializedArray(int): unavailable prior to Java9
18:07:26.430 [main] DEBUG io.netty.util.internal.PlatformDependent0 - java.nio.DirectByteBuffer.<init>(long, {int,long}): available
18:07:26.431 [main] INFO org.evosuite.runtime.instrumentation.EvoClassLoader - Seeing class for first time: io.netty.buffer.ByteBufUtil$2
18:07:26.431 [main] INFO org.evosuite.runtime.instrumentation.EvoClassLoader - Instrumenting class 'io.netty.buffer.ByteBufUtil$2'.
18:07:26.432 [main] INFO org.evosuite.runtime.instrumentation.MethodCallReplacementClassAdapter - Adding mock interface to class io/netty/buffer/ByteBufUtil$2
18:07:26.432 [main] INFO org.evosuite.runtime.instrumentation.EvoClassLoader - Seeing class for first time: io.netty.util.ByteProcessor
18:07:26.432 [main] INFO org.evosuite.runtime.instrumentation.EvoClassLoader - Instrumenting class 'io.netty.util.ByteProcessor'.
18:07:26.433 [main] INFO org.evosuite.runtime.instrumentation.EvoClassLoader - Keeping class: io.netty.util.ByteProcessor
18:07:26.433 [main] INFO org.evosuite.runtime.instrumentation.EvoClassLoader - Keeping class: io.netty.buffer.ByteBufUtil$2
18:07:26.433 [main] INFO org.evosuite.runtime.instrumentation.EvoClassLoader - Seeing class for first time: io.netty.util.ResourceLeakDetector$TraceRecord
18:07:26.433 [main] INFO org.evosuite.runtime.instrumentation.EvoClassLoader - Instrumenting class 'io.netty.util.ResourceLeakDetector$TraceRecord'.
18:07:26.434 [main] INFO org.evosuite.runtime.instrumentation.MethodCallReplacementClassAdapter - Adding mock interface to class io/netty/util/ResourceLeakDetector$TraceRecord
18:07:26.434 [main] INFO org.evosuite.runtime.instrumentation.CreateClassResetClassAdapter - Found static initializer in class io/netty/util/ResourceLeakDetector$TraceRecord
18:07:26.435 [main] INFO org.evosuite.runtime.instrumentation.EvoClassLoader - Keeping class: io.netty.util.ResourceLeakDetector$TraceRecord
18:07:26.435 [main] INFO org.evosuite.runtime.instrumentation.EvoClassLoader - Seeing class for first time: io.netty.util.ResourceLeakDetector$TraceRecord$1
18:07:26.435 [main] INFO org.evosuite.runtime.instrumentation.EvoClassLoader - Instrumenting class 'io.netty.util.ResourceLeakDetector$TraceRecord$1'.
18:07:26.435 [main] INFO org.evosuite.runtime.instrumentation.MethodCallReplacementClassAdapter - Adding mock interface to class io/netty/util/ResourceLeakDetector$TraceRecord$1
18:07:26.436 [main] INFO org.evosuite.runtime.instrumentation.EvoClassLoader - Keeping class: io.netty.util.ResourceLeakDetector$TraceRecord$1
18:07:26.437 [main] INFO org.evosuite.runtime.instrumentation.EvoClassLoader - Seeing class for first time: io.netty.buffer.UnpooledByteBufAllocator$InstrumentedUnpooledDirectByteBuf
18:07:26.437 [main] INFO org.evosuite.runtime.instrumentation.EvoClassLoader - Instrumenting class 'io.netty.buffer.UnpooledByteBufAllocator$InstrumentedUnpooledDirectByteBuf'.
18:07:26.438 [main] INFO org.evosuite.runtime.instrumentation.MethodCallReplacementClassAdapter - Adding mock interface to class io/netty/buffer/UnpooledByteBufAllocator$InstrumentedUnpooledDirectByteBuf
18:07:26.438 [main] INFO org.evosuite.runtime.instrumentation.CreateClassResetClassAdapter - Creating brand-new static initializer in class io/netty/buffer/UnpooledByteBufAllocator$InstrumentedUnpooledDirectByteBuf
18:07:26.439 [main] INFO org.evosuite.runtime.instrumentation.EvoClassLoader - Seeing class for first time: io.netty.buffer.UnpooledDirectByteBuf
18:07:26.439 [main] INFO org.evosuite.runtime.instrumentation.EvoClassLoader - Instrumenting class 'io.netty.buffer.UnpooledDirectByteBuf'.
18:07:26.440 [main] INFO org.evosuite.runtime.instrumentation.MethodCallReplacementClassAdapter - Adding mock interface to class io/netty/buffer/UnpooledDirectByteBuf
18:07:26.442 [main] INFO org.evosuite.runtime.instrumentation.CreateClassResetClassAdapter - Creating brand-new static initializer in class io/netty/buffer/UnpooledDirectByteBuf
18:07:26.443 [main] INFO org.evosuite.runtime.instrumentation.EvoClassLoader - Keeping class: io.netty.buffer.UnpooledDirectByteBuf
18:07:26.443 [main] INFO org.evosuite.runtime.instrumentation.EvoClassLoader - Keeping class: io.netty.buffer.UnpooledByteBufAllocator$InstrumentedUnpooledDirectByteBuf
18:07:26.445 [main] INFO org.evosuite.runtime.instrumentation.EvoClassLoader - Seeing class for first time: io.netty.buffer.UnpooledDuplicatedByteBuf
18:07:26.445 [main] INFO org.evosuite.runtime.instrumentation.EvoClassLoader - Instrumenting class 'io.netty.buffer.UnpooledDuplicatedByteBuf'.
18:07:26.446 [main] INFO org.evosuite.runtime.instrumentation.MethodCallReplacementClassAdapter - Adding mock interface to class io/netty/buffer/UnpooledDuplicatedByteBuf
18:07:26.447 [main] INFO org.evosuite.runtime.instrumentation.CreateClassResetClassAdapter - Creating brand-new static initializer in class io/netty/buffer/UnpooledDuplicatedByteBuf
18:07:26.448 [main] INFO org.evosuite.runtime.instrumentation.EvoClassLoader - Seeing class for first time: io.netty.buffer.DuplicatedByteBuf
18:07:26.448 [main] INFO org.evosuite.runtime.instrumentation.EvoClassLoader - Instrumenting class 'io.netty.buffer.DuplicatedByteBuf'.
18:07:26.449 [main] INFO org.evosuite.runtime.instrumentation.MethodCallReplacementClassAdapter - Adding mock interface to class io/netty/buffer/DuplicatedByteBuf
18:07:26.451 [main] INFO org.evosuite.runtime.instrumentation.CreateClassResetClassAdapter - Creating brand-new static initializer in class io/netty/buffer/DuplicatedByteBuf
18:07:26.452 [main] INFO org.evosuite.runtime.instrumentation.EvoClassLoader - Seeing class for first time: io.netty.buffer.AbstractDerivedByteBuf
18:07:26.452 [main] INFO org.evosuite.runtime.instrumentation.EvoClassLoader - Instrumenting class 'io.netty.buffer.AbstractDerivedByteBuf'.
18:07:26.454 [main] INFO org.evosuite.runtime.instrumentation.MethodCallReplacementClassAdapter - Adding mock interface to class io/netty/buffer/AbstractDerivedByteBuf
18:07:26.455 [main] INFO org.evosuite.runtime.instrumentation.CreateClassResetClassAdapter - Creating brand-new static initializer in class io/netty/buffer/AbstractDerivedByteBuf
18:07:26.455 [main] INFO org.evosuite.runtime.instrumentation.EvoClassLoader - Keeping class: io.netty.buffer.AbstractDerivedByteBuf
18:07:26.456 [main] INFO org.evosuite.runtime.instrumentation.EvoClassLoader - Keeping class: io.netty.buffer.DuplicatedByteBuf
18:07:26.456 [main] INFO org.evosuite.runtime.instrumentation.EvoClassLoader - Keeping class: io.netty.buffer.UnpooledDuplicatedByteBuf
18:07:26.456 [main] INFO org.evosuite.runtime.instrumentation.EvoClassLoader - Seeing class for first time: io.netty.buffer.UnpooledSlicedByteBuf
18:07:26.456 [main] INFO org.evosuite.runtime.instrumentation.EvoClassLoader - Instrumenting class 'io.netty.buffer.UnpooledSlicedByteBuf'.
18:07:26.457 [main] INFO org.evosuite.runtime.instrumentation.MethodCallReplacementClassAdapter - Adding mock interface to class io/netty/buffer/UnpooledSlicedByteBuf
18:07:26.458 [main] INFO org.evosuite.runtime.instrumentation.CreateClassResetClassAdapter - Creating brand-new static initializer in class io/netty/buffer/UnpooledSlicedByteBuf
18:07:26.458 [main] INFO org.evosuite.runtime.instrumentation.EvoClassLoader - Seeing class for first time: io.netty.buffer.AbstractUnpooledSlicedByteBuf
18:07:26.458 [main] INFO org.evosuite.runtime.instrumentation.EvoClassLoader - Instrumenting class 'io.netty.buffer.AbstractUnpooledSlicedByteBuf'.
18:07:26.460 [main] INFO org.evosuite.runtime.instrumentation.MethodCallReplacementClassAdapter - Adding mock interface to class io/netty/buffer/AbstractUnpooledSlicedByteBuf
18:07:26.463 [main] INFO org.evosuite.runtime.instrumentation.CreateClassResetClassAdapter - Creating brand-new static initializer in class io/netty/buffer/AbstractUnpooledSlicedByteBuf
18:07:26.464 [main] INFO org.evosuite.runtime.instrumentation.EvoClassLoader - Keeping class: io.netty.buffer.AbstractUnpooledSlicedByteBuf
18:07:26.464 [main] INFO org.evosuite.runtime.instrumentation.EvoClassLoader - Keeping class: io.netty.buffer.UnpooledSlicedByteBuf
18:07:26.464 [main] INFO org.evosuite.runtime.instrumentation.EvoClassLoader - Seeing class for first time: io.netty.buffer.SwappedByteBuf
18:07:26.465 [main] INFO org.evosuite.runtime.instrumentation.EvoClassLoader - Instrumenting class 'io.netty.buffer.SwappedByteBuf'.
18:07:26.466 [main] INFO org.evosuite.runtime.instrumentation.MethodCallReplacementClassAdapter - Adding mock interface to class io/netty/buffer/SwappedByteBuf
18:07:26.471 [main] INFO org.evosuite.runtime.instrumentation.CreateClassResetClassAdapter - Creating brand-new static initializer in class io/netty/buffer/SwappedByteBuf
18:07:26.473 [main] INFO org.evosuite.runtime.instrumentation.EvoClassLoader - Keeping class: io.netty.buffer.SwappedByteBuf
18:07:26.473 [main] INFO org.evosuite.runtime.instrumentation.EvoClassLoader - Seeing class for first time: io.netty.util.internal.ReferenceCountUpdater
18:07:26.474 [main] INFO org.evosuite.runtime.instrumentation.EvoClassLoader - Instrumenting class 'io.netty.util.internal.ReferenceCountUpdater'.
18:07:26.475 [main] INFO org.evosuite.runtime.instrumentation.MethodCallReplacementClassAdapter - Adding mock interface to class io/netty/util/internal/ReferenceCountUpdater
18:07:26.476 [main] INFO org.evosuite.runtime.instrumentation.CreateClassResetClassAdapter - Creating brand-new static initializer in class io/netty/util/internal/ReferenceCountUpdater
18:07:26.476 [main] INFO org.evosuite.runtime.instrumentation.EvoClassLoader - Keeping class: io.netty.util.internal.ReferenceCountUpdater
18:07:26.476 [main] INFO org.evosuite.runtime.instrumentation.EvoClassLoader - Seeing class for first time: io.netty.buffer.AbstractReferenceCountedByteBuf$1
18:07:26.476 [main] INFO org.evosuite.runtime.instrumentation.EvoClassLoader - Instrumenting class 'io.netty.buffer.AbstractReferenceCountedByteBuf$1'.
18:07:26.477 [main] INFO org.evosuite.runtime.instrumentation.MethodCallReplacementClassAdapter - Adding mock interface to class io/netty/buffer/AbstractReferenceCountedByteBuf$1
18:07:26.478 [main] INFO org.evosuite.runtime.instrumentation.EvoClassLoader - Keeping class: io.netty.buffer.AbstractReferenceCountedByteBuf$1
18:07:26.479 [main] DEBUG io.netty.buffer.AbstractByteBuf - -Dio.netty.buffer.checkAccessible: true
18:07:26.479 [main] DEBUG io.netty.buffer.AbstractByteBuf - -Dio.netty.buffer.checkBounds: true
18:07:26.479 [main] INFO org.evosuite.runtime.instrumentation.EvoClassLoader - Seeing class for first time: io.netty.util.ResourceLeakDetectorFactory
18:07:26.479 [main] INFO org.evosuite.runtime.instrumentation.EvoClassLoader - Instrumenting class 'io.netty.util.ResourceLeakDetectorFactory'.
18:07:26.479 [main] INFO org.evosuite.runtime.instrumentation.MethodCallReplacementClassAdapter - Adding mock interface to class io/netty/util/ResourceLeakDetectorFactory
18:07:26.480 [main] INFO org.evosuite.runtime.instrumentation.CreateClassResetClassAdapter - Found static initializer in class io/netty/util/ResourceLeakDetectorFactory
18:07:26.480 [main] INFO org.evosuite.runtime.instrumentation.EvoClassLoader - Keeping class: io.netty.util.ResourceLeakDetectorFactory
18:07:26.480 [main] INFO org.evosuite.runtime.instrumentation.EvoClassLoader - Seeing class for first time: io.netty.util.ResourceLeakDetectorFactory$DefaultResourceLeakDetectorFactory
18:07:26.480 [main] INFO org.evosuite.runtime.instrumentation.EvoClassLoader - Instrumenting class 'io.netty.util.ResourceLeakDetectorFactory$DefaultResourceLeakDetectorFactory'.
18:07:26.481 [main] INFO org.evosuite.runtime.instrumentation.MethodCallReplacementClassAdapter - Adding mock interface to class io/netty/util/ResourceLeakDetectorFactory$DefaultResourceLeakDetectorFactory
18:07:26.482 [main] INFO org.evosuite.runtime.instrumentation.CreateClassResetClassAdapter - Creating brand-new static initializer in class io/netty/util/ResourceLeakDetectorFactory$DefaultResourceLeakDetectorFactory
18:07:26.482 [main] INFO org.evosuite.runtime.instrumentation.EvoClassLoader - Keeping class: io.netty.util.ResourceLeakDetectorFactory$DefaultResourceLeakDetectorFactory
18:07:26.483 [main] INFO org.evosuite.runtime.instrumentation.EvoClassLoader - Seeing class for first time: io.netty.util.ResourceLeakDetector
18:07:26.483 [main] INFO org.evosuite.runtime.instrumentation.EvoClassLoader - Instrumenting class 'io.netty.util.ResourceLeakDetector'.
18:07:26.484 [main] INFO org.evosuite.runtime.instrumentation.MethodCallReplacementClassAdapter - Adding mock interface to class io/netty/util/ResourceLeakDetector
18:07:26.486 [main] INFO org.evosuite.runtime.instrumentation.CreateClassResetClassAdapter - Found static initializer in class io/netty/util/ResourceLeakDetector
18:07:26.487 [main] INFO org.evosuite.runtime.instrumentation.EvoClassLoader - Keeping class: io.netty.util.ResourceLeakDetector
18:07:26.487 [main] INFO org.evosuite.runtime.instrumentation.EvoClassLoader - Seeing class for first time: io.netty.util.ResourceLeakTracker
18:07:26.487 [main] INFO org.evosuite.runtime.instrumentation.EvoClassLoader - Instrumenting class 'io.netty.util.ResourceLeakTracker'.
18:07:26.488 [main] INFO org.evosuite.runtime.instrumentation.EvoClassLoader - Keeping class: io.netty.util.ResourceLeakTracker
18:07:26.488 [main] INFO org.evosuite.runtime.instrumentation.EvoClassLoader - Seeing class for first time: io.netty.util.ResourceLeak
18:07:26.488 [main] INFO org.evosuite.runtime.instrumentation.EvoClassLoader - Instrumenting class 'io.netty.util.ResourceLeak'.
18:07:26.489 [main] INFO org.evosuite.runtime.instrumentation.EvoClassLoader - Keeping class: io.netty.util.ResourceLeak
18:07:26.489 [main] INFO org.evosuite.runtime.instrumentation.EvoClassLoader - Seeing class for first time: io.netty.util.ResourceLeakDetector$Level
18:07:26.489 [main] INFO org.evosuite.runtime.instrumentation.EvoClassLoader - Instrumenting class 'io.netty.util.ResourceLeakDetector$Level'.
18:07:26.489 [main] INFO org.evosuite.runtime.instrumentation.MethodCallReplacementClassAdapter - Adding mock interface to class io/netty/util/ResourceLeakDetector$Level
18:07:26.490 [main] INFO org.evosuite.runtime.instrumentation.CreateClassResetClassAdapter - Found static initializer in class io/netty/util/ResourceLeakDetector$Level
18:07:26.490 [main] INFO org.evosuite.runtime.instrumentation.EvoClassLoader - Keeping class: io.netty.util.ResourceLeakDetector$Level
18:07:26.490 [main] DEBUG io.netty.util.ResourceLeakDetector - -Dio.netty.leakDetection.level: simple
18:07:26.491 [main] DEBUG io.netty.util.ResourceLeakDetector - -Dio.netty.leakDetection.targetRecords: 4
18:07:26.491 [main] INFO org.evosuite.runtime.instrumentation.EvoClassLoader - Seeing class for first time: io.netty.util.internal.EmptyArrays
18:07:26.491 [main] INFO org.evosuite.runtime.instrumentation.EvoClassLoader - Instrumenting class 'io.netty.util.internal.EmptyArrays'.
18:07:26.503 [main] INFO org.evosuite.runtime.instrumentation.MethodCallReplacementClassAdapter - Adding mock interface to class io/netty/util/internal/EmptyArrays
18:07:26.503 [main] INFO org.evosuite.runtime.instrumentation.CreateClassResetClassAdapter - Found static initializer in class io/netty/util/internal/EmptyArrays
18:07:26.504 [main] INFO org.evosuite.runtime.instrumentation.EvoClassLoader - Keeping class: io.netty.util.internal.EmptyArrays
18:07:26.504 [main] INFO org.evosuite.runtime.instrumentation.EvoClassLoader - Seeing class for first time: io.netty.util.AsciiString
18:07:26.504 [main] INFO org.evosuite.runtime.instrumentation.EvoClassLoader - Instrumenting class 'io.netty.util.AsciiString'.
18:07:26.505 [main] INFO org.evosuite.runtime.instrumentation.MethodCallReplacementClassAdapter - Adding mock interface to class io/netty/util/AsciiString
18:07:26.514 [main] INFO org.evosuite.runtime.instrumentation.CreateClassResetClassAdapter - Found static initializer in class io/netty/util/AsciiString
18:07:26.516 [main] INFO org.evosuite.runtime.instrumentation.EvoClassLoader - Keeping class: io.netty.util.AsciiString
18:07:26.517 [main] INFO org.evosuite.runtime.instrumentation.EvoClassLoader - Seeing class for first time: io.netty.util.internal.StringUtil
18:07:26.517 [main] INFO org.evosuite.runtime.instrumentation.EvoClassLoader - Instrumenting class 'io.netty.util.internal.StringUtil'.
18:07:26.519 [main] INFO org.evosuite.runtime.instrumentation.MethodCallReplacementClassAdapter - Adding mock interface to class io/netty/util/internal/StringUtil
18:07:26.521 [main] INFO org.evosuite.runtime.instrumentation.CreateClassResetClassAdapter - Found static initializer in class io/netty/util/internal/StringUtil
18:07:26.522 [main] INFO org.evosuite.runtime.instrumentation.EvoClassLoader - Keeping class: io.netty.util.internal.StringUtil
18:07:26.526 [main] DEBUG io.netty.util.ResourceLeakDetectorFactory - Loaded default ResourceLeakDetector: io.netty.util.ResourceLeakDetector@13
18:07:26.527 [main] INFO org.evosuite.runtime.instrumentation.EvoClassLoader - Seeing class for first time: io.netty.util.internal.PlatformDependent
18:07:26.527 [main] INFO org.evosuite.runtime.instrumentation.EvoClassLoader - Instrumenting class 'io.netty.util.internal.PlatformDependent'.
18:07:26.530 [main] INFO org.evosuite.runtime.instrumentation.MethodCallReplacementClassAdapter - Adding mock interface to class io/netty/util/internal/PlatformDependent
18:07:26.554 [main] INFO org.evosuite.runtime.instrumentation.CreateClassResetClassAdapter - Found static initializer in class io/netty/util/internal/PlatformDependent
18:07:26.558 [main] INFO org.evosuite.runtime.instrumentation.EvoClassLoader - Keeping class: io.netty.util.internal.PlatformDependent
18:07:26.558 [main] INFO org.evosuite.runtime.instrumentation.EvoClassLoader - Seeing class for first time: io.netty.util.internal.PlatformDependent$ThreadLocalRandomProvider
18:07:26.558 [main] INFO org.evosuite.runtime.instrumentation.EvoClassLoader - Instrumenting class 'io.netty.util.internal.PlatformDependent$ThreadLocalRandomProvider'.
18:07:26.559 [main] INFO org.evosuite.runtime.instrumentation.EvoClassLoader - Keeping class: io.netty.util.internal.PlatformDependent$ThreadLocalRandomProvider
18:07:26.559 [main] INFO org.evosuite.runtime.instrumentation.EvoClassLoader - Seeing class for first time: io.netty.util.internal.LongCounter
18:07:26.559 [main] INFO org.evosuite.runtime.instrumentation.EvoClassLoader - Instrumenting class 'io.netty.util.internal.LongCounter'.
18:07:26.560 [main] INFO org.evosuite.runtime.instrumentation.EvoClassLoader - Keeping class: io.netty.util.internal.LongCounter
18:07:26.560 [main] INFO org.evosuite.runtime.instrumentation.EvoClassLoader - Seeing class for first time: io.netty.util.internal.OutOfDirectMemoryError
18:07:26.560 [main] INFO org.evosuite.runtime.instrumentation.EvoClassLoader - Instrumenting class 'io.netty.util.internal.OutOfDirectMemoryError'.
18:07:26.561 [main] INFO org.evosuite.runtime.instrumentation.MethodCallReplacementClassAdapter - Adding mock interface to class io/netty/util/internal/OutOfDirectMemoryError
18:07:26.561 [main] INFO org.evosuite.runtime.instrumentation.CreateClassResetClassAdapter - Creating brand-new static initializer in class io/netty/util/internal/OutOfDirectMemoryError
18:07:26.561 [main] INFO org.evosuite.runtime.instrumentation.EvoClassLoader - Keeping class: io.netty.util.internal.OutOfDirectMemoryError
18:07:26.561 [main] INFO org.evosuite.runtime.instrumentation.EvoClassLoader - Seeing class for first time: io.netty.util.internal.shaded.org.jctools.queues.SpscLinkedQueue
18:07:26.561 [main] INFO org.evosuite.runtime.instrumentation.EvoClassLoader - Instrumenting class 'io.netty.util.internal.shaded.org.jctools.queues.SpscLinkedQueue'.
18:07:26.561 [main] INFO org.evosuite.runtime.instrumentation.MethodCallReplacementClassAdapter - Adding mock interface to class io/netty/util/internal/shaded/org/jctools/queues/SpscLinkedQueue
18:07:26.563 [main] INFO org.evosuite.runtime.instrumentation.CreateClassResetClassAdapter - Creating brand-new static initializer in class io/netty/util/internal/shaded/org/jctools/queues/SpscLinkedQueue
18:07:26.564 [main] INFO org.evosuite.runtime.instrumentation.EvoClassLoader - Seeing class for first time: io.netty.util.internal.shaded.org.jctools.queues.BaseLinkedQueue
18:07:26.564 [main] INFO org.evosuite.runtime.instrumentation.EvoClassLoader - Instrumenting class 'io.netty.util.internal.shaded.org.jctools.queues.BaseLinkedQueue'.
18:07:26.564 [main] INFO org.evosuite.runtime.instrumentation.MethodCallReplacementClassAdapter - Adding mock interface to class io/netty/util/internal/shaded/org/jctools/queues/BaseLinkedQueue
18:07:26.565 [main] INFO org.evosuite.runtime.instrumentation.CreateClassResetClassAdapter - Creating brand-new static initializer in class io/netty/util/internal/shaded/org/jctools/queues/BaseLinkedQueue
18:07:26.565 [main] INFO org.evosuite.runtime.instrumentation.EvoClassLoader - Seeing class for first time: io.netty.util.internal.shaded.org.jctools.queues.BaseLinkedQueuePad2
18:07:26.565 [main] INFO org.evosuite.runtime.instrumentation.EvoClassLoader - Instrumenting class 'io.netty.util.internal.shaded.org.jctools.queues.BaseLinkedQueuePad2'.
18:07:26.566 [main] INFO org.evosuite.runtime.instrumentation.MethodCallReplacementClassAdapter - Adding mock interface to class io/netty/util/internal/shaded/org/jctools/queues/BaseLinkedQueuePad2
18:07:26.566 [main] INFO org.evosuite.runtime.instrumentation.CreateClassResetClassAdapter - Creating brand-new static initializer in class io/netty/util/internal/shaded/org/jctools/queues/BaseLinkedQueuePad2
18:07:26.566 [main] INFO org.evosuite.runtime.instrumentation.EvoClassLoader - Seeing class for first time: io.netty.util.internal.shaded.org.jctools.queues.BaseLinkedQueueConsumerNodeRef
18:07:26.566 [main] INFO org.evosuite.runtime.instrumentation.EvoClassLoader - Instrumenting class 'io.netty.util.internal.shaded.org.jctools.queues.BaseLinkedQueueConsumerNodeRef'.
18:07:26.567 [main] INFO org.evosuite.runtime.instrumentation.MethodCallReplacementClassAdapter - Adding mock interface to class io/netty/util/internal/shaded/org/jctools/queues/BaseLinkedQueueConsumerNodeRef
18:07:26.567 [main] INFO org.evosuite.runtime.instrumentation.CreateClassResetClassAdapter - Found static initializer in class io/netty/util/internal/shaded/org/jctools/queues/BaseLinkedQueueConsumerNodeRef
18:07:26.567 [main] INFO org.evosuite.runtime.instrumentation.EvoClassLoader - Seeing class for first time: io.netty.util.internal.shaded.org.jctools.queues.BaseLinkedQueuePad1
18:07:26.567 [main] INFO org.evosuite.runtime.instrumentation.EvoClassLoader - Instrumenting class 'io.netty.util.internal.shaded.org.jctools.queues.BaseLinkedQueuePad1'.
18:07:26.568 [main] INFO org.evosuite.runtime.instrumentation.MethodCallReplacementClassAdapter - Adding mock interface to class io/netty/util/internal/shaded/org/jctools/queues/BaseLinkedQueuePad1
18:07:26.568 [main] INFO org.evosuite.runtime.instrumentation.CreateClassResetClassAdapter - Creating brand-new static initializer in class io/netty/util/internal/shaded/org/jctools/queues/BaseLinkedQueuePad1
18:07:26.568 [main] INFO org.evosuite.runtime.instrumentation.EvoClassLoader - Seeing class for first time: io.netty.util.internal.shaded.org.jctools.queues.BaseLinkedQueueProducerNodeRef
18:07:26.568 [main] INFO org.evosuite.runtime.instrumentation.EvoClassLoader - Instrumenting class 'io.netty.util.internal.shaded.org.jctools.queues.BaseLinkedQueueProducerNodeRef'.
18:07:26.569 [main] INFO org.evosuite.runtime.instrumentation.MethodCallReplacementClassAdapter - Adding mock interface to class io/netty/util/internal/shaded/org/jctools/queues/BaseLinkedQueueProducerNodeRef
18:07:26.569 [main] INFO org.evosuite.runtime.instrumentation.CreateClassResetClassAdapter - Found static initializer in class io/netty/util/internal/shaded/org/jctools/queues/BaseLinkedQueueProducerNodeRef
18:07:26.569 [main] INFO org.evosuite.runtime.instrumentation.EvoClassLoader - Seeing class for first time: io.netty.util.internal.shaded.org.jctools.queues.BaseLinkedQueuePad0
18:07:26.569 [main] INFO org.evosuite.runtime.instrumentation.EvoClassLoader - Instrumenting class 'io.netty.util.internal.shaded.org.jctools.queues.BaseLinkedQueuePad0'.
18:07:26.570 [main] INFO org.evosuite.runtime.instrumentation.MethodCallReplacementClassAdapter - Adding mock interface to class io/netty/util/internal/shaded/org/jctools/queues/BaseLinkedQueuePad0
18:07:26.570 [main] INFO org.evosuite.runtime.instrumentation.CreateClassResetClassAdapter - Creating brand-new static initializer in class io/netty/util/internal/shaded/org/jctools/queues/BaseLinkedQueuePad0
18:07:26.570 [main] INFO org.evosuite.runtime.instrumentation.EvoClassLoader - Keeping class: io.netty.util.internal.shaded.org.jctools.queues.BaseLinkedQueuePad0
18:07:26.570 [main] INFO org.evosuite.runtime.instrumentation.EvoClassLoader - Keeping class: io.netty.util.internal.shaded.org.jctools.queues.BaseLinkedQueueProducerNodeRef
18:07:26.570 [main] INFO org.evosuite.runtime.instrumentation.EvoClassLoader - Keeping class: io.netty.util.internal.shaded.org.jctools.queues.BaseLinkedQueuePad1
18:07:26.570 [main] INFO org.evosuite.runtime.instrumentation.EvoClassLoader - Keeping class: io.netty.util.internal.shaded.org.jctools.queues.BaseLinkedQueueConsumerNodeRef
18:07:26.571 [main] INFO org.evosuite.runtime.instrumentation.EvoClassLoader - Keeping class: io.netty.util.internal.shaded.org.jctools.queues.BaseLinkedQueuePad2
18:07:26.571 [main] INFO org.evosuite.runtime.instrumentation.EvoClassLoader - Keeping class: io.netty.util.internal.shaded.org.jctools.queues.BaseLinkedQueue
18:07:26.571 [main] INFO org.evosuite.runtime.instrumentation.EvoClassLoader - Keeping class: io.netty.util.internal.shaded.org.jctools.queues.SpscLinkedQueue
18:07:26.571 [main] INFO org.evosuite.runtime.instrumentation.EvoClassLoader - Seeing class for first time: io.netty.util.internal.shaded.org.jctools.queues.atomic.SpscLinkedAtomicQueue
18:07:26.571 [main] INFO org.evosuite.runtime.instrumentation.EvoClassLoader - Instrumenting class 'io.netty.util.internal.shaded.org.jctools.queues.atomic.SpscLinkedAtomicQueue'.
18:07:26.571 [main] INFO org.evosuite.runtime.instrumentation.MethodCallReplacementClassAdapter - Adding mock interface to class io/netty/util/internal/shaded/org/jctools/queues/atomic/SpscLinkedAtomicQueue
18:07:26.575 [main] INFO org.evosuite.runtime.instrumentation.CreateClassResetClassAdapter - Creating brand-new static initializer in class io/netty/util/internal/shaded/org/jctools/queues/atomic/SpscLinkedAtomicQueue
18:07:26.575 [main] INFO org.evosuite.runtime.instrumentation.EvoClassLoader - Defined package (3): package io.netty.util.internal.shaded.org.jctools.queues.atomic, 1662774531
18:07:26.575 [main] INFO org.evosuite.runtime.instrumentation.EvoClassLoader - Seeing class for first time: io.netty.util.internal.shaded.org.jctools.queues.atomic.BaseLinkedAtomicQueue
18:07:26.575 [main] INFO org.evosuite.runtime.instrumentation.EvoClassLoader - Instrumenting class 'io.netty.util.internal.shaded.org.jctools.queues.atomic.BaseLinkedAtomicQueue'.
18:07:26.576 [main] INFO org.evosuite.runtime.instrumentation.MethodCallReplacementClassAdapter - Adding mock interface to class io/netty/util/internal/shaded/org/jctools/queues/atomic/BaseLinkedAtomicQueue
18:07:26.577 [main] INFO org.evosuite.runtime.instrumentation.CreateClassResetClassAdapter - Creating brand-new static initializer in class io/netty/util/internal/shaded/org/jctools/queues/atomic/BaseLinkedAtomicQueue
18:07:26.578 [main] INFO org.evosuite.runtime.instrumentation.EvoClassLoader - Seeing class for first time: io.netty.util.internal.shaded.org.jctools.queues.atomic.BaseLinkedAtomicQueuePad2
18:07:26.578 [main] INFO org.evosuite.runtime.instrumentation.EvoClassLoader - Instrumenting class 'io.netty.util.internal.shaded.org.jctools.queues.atomic.BaseLinkedAtomicQueuePad2'.
18:07:26.579 [main] INFO org.evosuite.runtime.instrumentation.MethodCallReplacementClassAdapter - Adding mock interface to class io/netty/util/internal/shaded/org/jctools/queues/atomic/BaseLinkedAtomicQueuePad2
18:07:26.581 [main] INFO org.evosuite.runtime.instrumentation.CreateClassResetClassAdapter - Creating brand-new static initializer in class io/netty/util/internal/shaded/org/jctools/queues/atomic/BaseLinkedAtomicQueuePad2
18:07:26.581 [main] INFO org.evosuite.runtime.instrumentation.EvoClassLoader - Seeing class for first time: io.netty.util.internal.shaded.org.jctools.queues.atomic.BaseLinkedAtomicQueueConsumerNodeRef
18:07:26.581 [main] INFO org.evosuite.runtime.instrumentation.EvoClassLoader - Instrumenting class 'io.netty.util.internal.shaded.org.jctools.queues.atomic.BaseLinkedAtomicQueueConsumerNodeRef'.
18:07:26.582 [main] INFO org.evosuite.runtime.instrumentation.MethodCallReplacementClassAdapter - Adding mock interface to class io/netty/util/internal/shaded/org/jctools/queues/atomic/BaseLinkedAtomicQueueConsumerNodeRef
18:07:26.583 [main] INFO org.evosuite.runtime.instrumentation.CreateClassResetClassAdapter - Found static initializer in class io/netty/util/internal/shaded/org/jctools/queues/atomic/BaseLinkedAtomicQueueConsumerNodeRef
18:07:26.583 [main] INFO org.evosuite.runtime.instrumentation.EvoClassLoader - Seeing class for first time: io.netty.util.internal.shaded.org.jctools.queues.atomic.BaseLinkedAtomicQueuePad1
18:07:26.583 [main] INFO org.evosuite.runtime.instrumentation.EvoClassLoader - Instrumenting class 'io.netty.util.internal.shaded.org.jctools.queues.atomic.BaseLinkedAtomicQueuePad1'.
18:07:26.584 [main] INFO org.evosuite.runtime.instrumentation.MethodCallReplacementClassAdapter - Adding mock interface to class io/netty/util/internal/shaded/org/jctools/queues/atomic/BaseLinkedAtomicQueuePad1
18:07:26.585 [main] INFO org.evosuite.runtime.instrumentation.CreateClassResetClassAdapter - Creating brand-new static initializer in class io/netty/util/internal/shaded/org/jctools/queues/atomic/BaseLinkedAtomicQueuePad1
18:07:26.585 [main] INFO org.evosuite.runtime.instrumentation.EvoClassLoader - Seeing class for first time: io.netty.util.internal.shaded.org.jctools.queues.atomic.BaseLinkedAtomicQueueProducerNodeRef
18:07:26.585 [main] INFO org.evosuite.runtime.instrumentation.EvoClassLoader - Instrumenting class 'io.netty.util.internal.shaded.org.jctools.queues.atomic.BaseLinkedAtomicQueueProducerNodeRef'.
18:07:26.586 [main] INFO org.evosuite.runtime.instrumentation.MethodCallReplacementClassAdapter - Adding mock interface to class io/netty/util/internal/shaded/org/jctools/queues/atomic/BaseLinkedAtomicQueueProducerNodeRef
18:07:26.586 [main] INFO org.evosuite.runtime.instrumentation.CreateClassResetClassAdapter - Found static initializer in class io/netty/util/internal/shaded/org/jctools/queues/atomic/BaseLinkedAtomicQueueProducerNodeRef
18:07:26.586 [main] INFO org.evosuite.runtime.instrumentation.EvoClassLoader - Seeing class for first time: io.netty.util.internal.shaded.org.jctools.queues.atomic.BaseLinkedAtomicQueuePad0
18:07:26.586 [main] INFO org.evosuite.runtime.instrumentation.EvoClassLoader - Instrumenting class 'io.netty.util.internal.shaded.org.jctools.queues.atomic.BaseLinkedAtomicQueuePad0'.
18:07:26.587 [main] INFO org.evosuite.runtime.instrumentation.MethodCallReplacementClassAdapter - Adding mock interface to class io/netty/util/internal/shaded/org/jctools/queues/atomic/BaseLinkedAtomicQueuePad0
18:07:26.587 [main] INFO org.evosuite.runtime.instrumentation.CreateClassResetClassAdapter - Creating brand-new static initializer in class io/netty/util/internal/shaded/org/jctools/queues/atomic/BaseLinkedAtomicQueuePad0
18:07:26.587 [main] INFO org.evosuite.runtime.instrumentation.EvoClassLoader - Keeping class: io.netty.util.internal.shaded.org.jctools.queues.atomic.BaseLinkedAtomicQueuePad0
18:07:26.588 [main] INFO org.evosuite.runtime.instrumentation.EvoClassLoader - Keeping class: io.netty.util.internal.shaded.org.jctools.queues.atomic.BaseLinkedAtomicQueueProducerNodeRef
18:07:26.588 [main] INFO org.evosuite.runtime.instrumentation.EvoClassLoader - Keeping class: io.netty.util.internal.shaded.org.jctools.queues.atomic.BaseLinkedAtomicQueuePad1
18:07:26.588 [main] INFO org.evosuite.runtime.instrumentation.EvoClassLoader - Keeping class: io.netty.util.internal.shaded.org.jctools.queues.atomic.BaseLinkedAtomicQueueConsumerNodeRef
18:07:26.588 [main] INFO org.evosuite.runtime.instrumentation.EvoClassLoader - Keeping class: io.netty.util.internal.shaded.org.jctools.queues.atomic.BaseLinkedAtomicQueuePad2
18:07:26.588 [main] INFO org.evosuite.runtime.instrumentation.EvoClassLoader - Keeping class: io.netty.util.internal.shaded.org.jctools.queues.atomic.BaseLinkedAtomicQueue
18:07:26.588 [main] INFO org.evosuite.runtime.instrumentation.EvoClassLoader - Keeping class: io.netty.util.internal.shaded.org.jctools.queues.atomic.SpscLinkedAtomicQueue
18:07:26.588 [main] INFO org.evosuite.runtime.instrumentation.EvoClassLoader - Seeing class for first time: io.netty.util.internal.shaded.org.jctools.queues.MpscArrayQueue
18:07:26.588 [main] INFO org.evosuite.runtime.instrumentation.EvoClassLoader - Instrumenting class 'io.netty.util.internal.shaded.org.jctools.queues.MpscArrayQueue'.
18:07:26.589 [main] INFO org.evosuite.runtime.instrumentation.MethodCallReplacementClassAdapter - Adding mock interface to class io/netty/util/internal/shaded/org/jctools/queues/MpscArrayQueue
18:07:26.591 [main] INFO org.evosuite.runtime.instrumentation.CreateClassResetClassAdapter - Creating brand-new static initializer in class io/netty/util/internal/shaded/org/jctools/queues/MpscArrayQueue
18:07:26.591 [main] INFO org.evosuite.runtime.instrumentation.EvoClassLoader - Seeing class for first time: io.netty.util.internal.shaded.org.jctools.queues.MpscArrayQueueL3Pad
18:07:26.591 [main] INFO org.evosuite.runtime.instrumentation.EvoClassLoader - Instrumenting class 'io.netty.util.internal.shaded.org.jctools.queues.MpscArrayQueueL3Pad'.
18:07:26.592 [main] INFO org.evosuite.runtime.instrumentation.MethodCallReplacementClassAdapter - Adding mock interface to class io/netty/util/internal/shaded/org/jctools/queues/MpscArrayQueueL3Pad
18:07:26.592 [main] INFO org.evosuite.runtime.instrumentation.CreateClassResetClassAdapter - Creating brand-new static initializer in class io/netty/util/internal/shaded/org/jctools/queues/MpscArrayQueueL3Pad
18:07:26.592 [main] INFO org.evosuite.runtime.instrumentation.EvoClassLoader - Seeing class for first time: io.netty.util.internal.shaded.org.jctools.queues.MpscArrayQueueConsumerIndexField
18:07:26.592 [main] INFO org.evosuite.runtime.instrumentation.EvoClassLoader - Instrumenting class 'io.netty.util.internal.shaded.org.jctools.queues.MpscArrayQueueConsumerIndexField'.
18:07:26.592 [main] INFO org.evosuite.runtime.instrumentation.MethodCallReplacementClassAdapter - Adding mock interface to class io/netty/util/internal/shaded/org/jctools/queues/MpscArrayQueueConsumerIndexField
18:07:26.593 [main] INFO org.evosuite.runtime.instrumentation.CreateClassResetClassAdapter - Found static initializer in class io/netty/util/internal/shaded/org/jctools/queues/MpscArrayQueueConsumerIndexField
18:07:26.593 [main] INFO org.evosuite.runtime.instrumentation.EvoClassLoader - Seeing class for first time: io.netty.util.internal.shaded.org.jctools.queues.MpscArrayQueueL2Pad
18:07:26.593 [main] INFO org.evosuite.runtime.instrumentation.EvoClassLoader - Instrumenting class 'io.netty.util.internal.shaded.org.jctools.queues.MpscArrayQueueL2Pad'.
18:07:26.593 [main] INFO org.evosuite.runtime.instrumentation.MethodCallReplacementClassAdapter - Adding mock interface to class io/netty/util/internal/shaded/org/jctools/queues/MpscArrayQueueL2Pad
18:07:26.594 [main] INFO org.evosuite.runtime.instrumentation.CreateClassResetClassAdapter - Creating brand-new static initializer in class io/netty/util/internal/shaded/org/jctools/queues/MpscArrayQueueL2Pad
18:07:26.594 [main] INFO org.evosuite.runtime.instrumentation.EvoClassLoader - Seeing class for first time: io.netty.util.internal.shaded.org.jctools.queues.MpscArrayQueueProducerLimitField
18:07:26.594 [main] INFO org.evosuite.runtime.instrumentation.EvoClassLoader - Instrumenting class 'io.netty.util.internal.shaded.org.jctools.queues.MpscArrayQueueProducerLimitField'.
18:07:26.594 [main] INFO org.evosuite.runtime.instrumentation.MethodCallReplacementClassAdapter - Adding mock interface to class io/netty/util/internal/shaded/org/jctools/queues/MpscArrayQueueProducerLimitField
18:07:26.594 [main] INFO org.evosuite.runtime.instrumentation.CreateClassResetClassAdapter - Found static initializer in class io/netty/util/internal/shaded/org/jctools/queues/MpscArrayQueueProducerLimitField
18:07:26.594 [main] INFO org.evosuite.runtime.instrumentation.EvoClassLoader - Seeing class for first time: io.netty.util.internal.shaded.org.jctools.queues.MpscArrayQueueMidPad
18:07:26.594 [main] INFO org.evosuite.runtime.instrumentation.EvoClassLoader - Instrumenting class 'io.netty.util.internal.shaded.org.jctools.queues.MpscArrayQueueMidPad'.
18:07:26.595 [main] INFO org.evosuite.runtime.instrumentation.MethodCallReplacementClassAdapter - Adding mock interface to class io/netty/util/internal/shaded/org/jctools/queues/MpscArrayQueueMidPad
18:07:26.595 [main] INFO org.evosuite.runtime.instrumentation.CreateClassResetClassAdapter - Creating brand-new static initializer in class io/netty/util/internal/shaded/org/jctools/queues/MpscArrayQueueMidPad
18:07:26.595 [main] INFO org.evosuite.runtime.instrumentation.EvoClassLoader - Seeing class for first time: io.netty.util.internal.shaded.org.jctools.queues.MpscArrayQueueProducerIndexField
18:07:26.595 [main] INFO org.evosuite.runtime.instrumentation.EvoClassLoader - Instrumenting class 'io.netty.util.internal.shaded.org.jctools.queues.MpscArrayQueueProducerIndexField'.
18:07:26.596 [main] INFO org.evosuite.runtime.instrumentation.MethodCallReplacementClassAdapter - Adding mock interface to class io/netty/util/internal/shaded/org/jctools/queues/MpscArrayQueueProducerIndexField
18:07:26.596 [main] INFO org.evosuite.runtime.instrumentation.CreateClassResetClassAdapter - Found static initializer in class io/netty/util/internal/shaded/org/jctools/queues/MpscArrayQueueProducerIndexField
18:07:26.596 [main] INFO org.evosuite.runtime.instrumentation.EvoClassLoader - Keeping class: io.netty.util.internal.shaded.org.jctools.queues.MpscArrayQueueProducerIndexField
18:07:26.596 [main] INFO org.evosuite.runtime.instrumentation.EvoClassLoader - Keeping class: io.netty.util.internal.shaded.org.jctools.queues.MpscArrayQueueMidPad
18:07:26.596 [main] INFO org.evosuite.runtime.instrumentation.EvoClassLoader - Keeping class: io.netty.util.internal.shaded.org.jctools.queues.MpscArrayQueueProducerLimitField
18:07:26.597 [main] INFO org.evosuite.runtime.instrumentation.EvoClassLoader - Keeping class: io.netty.util.internal.shaded.org.jctools.queues.MpscArrayQueueL2Pad
18:07:26.597 [main] INFO org.evosuite.runtime.instrumentation.EvoClassLoader - Keeping class: io.netty.util.internal.shaded.org.jctools.queues.MpscArrayQueueConsumerIndexField
18:07:26.597 [main] INFO org.evosuite.runtime.instrumentation.EvoClassLoader - Keeping class: io.netty.util.internal.shaded.org.jctools.queues.MpscArrayQueueL3Pad
18:07:26.597 [main] INFO org.evosuite.runtime.instrumentation.EvoClassLoader - Keeping class: io.netty.util.internal.shaded.org.jctools.queues.MpscArrayQueue
18:07:26.597 [main] INFO org.evosuite.runtime.instrumentation.EvoClassLoader - Seeing class for first time: io.netty.util.internal.shaded.org.jctools.queues.atomic.MpscAtomicArrayQueue
18:07:26.597 [main] INFO org.evosuite.runtime.instrumentation.EvoClassLoader - Instrumenting class 'io.netty.util.internal.shaded.org.jctools.queues.atomic.MpscAtomicArrayQueue'.
18:07:26.597 [main] INFO org.evosuite.runtime.instrumentation.MethodCallReplacementClassAdapter - Adding mock interface to class io/netty/util/internal/shaded/org/jctools/queues/atomic/MpscAtomicArrayQueue
18:07:26.599 [main] INFO org.evosuite.runtime.instrumentation.CreateClassResetClassAdapter - Creating brand-new static initializer in class io/netty/util/internal/shaded/org/jctools/queues/atomic/MpscAtomicArrayQueue
18:07:26.599 [main] INFO org.evosuite.runtime.instrumentation.EvoClassLoader - Seeing class for first time: io.netty.util.internal.shaded.org.jctools.queues.atomic.MpscAtomicArrayQueueL3Pad
18:07:26.599 [main] INFO org.evosuite.runtime.instrumentation.EvoClassLoader - Instrumenting class 'io.netty.util.internal.shaded.org.jctools.queues.atomic.MpscAtomicArrayQueueL3Pad'.
18:07:26.600 [main] INFO org.evosuite.runtime.instrumentation.MethodCallReplacementClassAdapter - Adding mock interface to class io/netty/util/internal/shaded/org/jctools/queues/atomic/MpscAtomicArrayQueueL3Pad
18:07:26.600 [main] INFO org.evosuite.runtime.instrumentation.CreateClassResetClassAdapter - Creating brand-new static initializer in class io/netty/util/internal/shaded/org/jctools/queues/atomic/MpscAtomicArrayQueueL3Pad
18:07:26.600 [main] INFO org.evosuite.runtime.instrumentation.EvoClassLoader - Seeing class for first time: io.netty.util.internal.shaded.org.jctools.queues.atomic.MpscAtomicArrayQueueConsumerIndexField
18:07:26.600 [main] INFO org.evosuite.runtime.instrumentation.EvoClassLoader - Instrumenting class 'io.netty.util.internal.shaded.org.jctools.queues.atomic.MpscAtomicArrayQueueConsumerIndexField'.
18:07:26.601 [main] INFO org.evosuite.runtime.instrumentation.MethodCallReplacementClassAdapter - Adding mock interface to class io/netty/util/internal/shaded/org/jctools/queues/atomic/MpscAtomicArrayQueueConsumerIndexField
18:07:26.601 [main] INFO org.evosuite.runtime.instrumentation.CreateClassResetClassAdapter - Found static initializer in class io/netty/util/internal/shaded/org/jctools/queues/atomic/MpscAtomicArrayQueueConsumerIndexField
18:07:26.601 [main] INFO org.evosuite.runtime.instrumentation.EvoClassLoader - Seeing class for first time: io.netty.util.internal.shaded.org.jctools.queues.atomic.MpscAtomicArrayQueueL2Pad
18:07:26.601 [main] INFO org.evosuite.runtime.instrumentation.EvoClassLoader - Instrumenting class 'io.netty.util.internal.shaded.org.jctools.queues.atomic.MpscAtomicArrayQueueL2Pad'.
18:07:26.601 [main] INFO org.evosuite.runtime.instrumentation.MethodCallReplacementClassAdapter - Adding mock interface to class io/netty/util/internal/shaded/org/jctools/queues/atomic/MpscAtomicArrayQueueL2Pad
18:07:26.602 [main] INFO org.evosuite.runtime.instrumentation.CreateClassResetClassAdapter - Creating brand-new static initializer in class io/netty/util/internal/shaded/org/jctools/queues/atomic/MpscAtomicArrayQueueL2Pad
18:07:26.602 [main] INFO org.evosuite.runtime.instrumentation.EvoClassLoader - Seeing class for first time: io.netty.util.internal.shaded.org.jctools.queues.atomic.MpscAtomicArrayQueueProducerLimitField
18:07:26.602 [main] INFO org.evosuite.runtime.instrumentation.EvoClassLoader - Instrumenting class 'io.netty.util.internal.shaded.org.jctools.queues.atomic.MpscAtomicArrayQueueProducerLimitField'.
18:07:26.602 [main] INFO org.evosuite.runtime.instrumentation.MethodCallReplacementClassAdapter - Adding mock interface to class io/netty/util/internal/shaded/org/jctools/queues/atomic/MpscAtomicArrayQueueProducerLimitField
18:07:26.602 [main] INFO org.evosuite.runtime.instrumentation.CreateClassResetClassAdapter - Found static initializer in class io/netty/util/internal/shaded/org/jctools/queues/atomic/MpscAtomicArrayQueueProducerLimitField
18:07:26.602 [main] INFO org.evosuite.runtime.instrumentation.EvoClassLoader - Seeing class for first time: io.netty.util.internal.shaded.org.jctools.queues.atomic.MpscAtomicArrayQueueMidPad
18:07:26.602 [main] INFO org.evosuite.runtime.instrumentation.EvoClassLoader - Instrumenting class 'io.netty.util.internal.shaded.org.jctools.queues.atomic.MpscAtomicArrayQueueMidPad'.
18:07:26.602 [main] INFO org.evosuite.runtime.instrumentation.MethodCallReplacementClassAdapter - Adding mock interface to class io/netty/util/internal/shaded/org/jctools/queues/atomic/MpscAtomicArrayQueueMidPad
18:07:26.603 [main] INFO org.evosuite.runtime.instrumentation.CreateClassResetClassAdapter - Creating brand-new static initializer in class io/netty/util/internal/shaded/org/jctools/queues/atomic/MpscAtomicArrayQueueMidPad
18:07:26.603 [main] INFO org.evosuite.runtime.instrumentation.EvoClassLoader - Seeing class for first time: io.netty.util.internal.shaded.org.jctools.queues.atomic.MpscAtomicArrayQueueProducerIndexField
18:07:26.603 [main] INFO org.evosuite.runtime.instrumentation.EvoClassLoader - Instrumenting class 'io.netty.util.internal.shaded.org.jctools.queues.atomic.MpscAtomicArrayQueueProducerIndexField'.
18:07:26.603 [main] INFO org.evosuite.runtime.instrumentation.MethodCallReplacementClassAdapter - Adding mock interface to class io/netty/util/internal/shaded/org/jctools/queues/atomic/MpscAtomicArrayQueueProducerIndexField
18:07:26.603 [main] INFO org.evosuite.runtime.instrumentation.CreateClassResetClassAdapter - Found static initializer in class io/netty/util/internal/shaded/org/jctools/queues/atomic/MpscAtomicArrayQueueProducerIndexField
18:07:26.604 [main] INFO org.evosuite.runtime.instrumentation.EvoClassLoader - Seeing class for first time: io.netty.util.internal.shaded.org.jctools.queues.atomic.MpscAtomicArrayQueueL1Pad
18:07:26.604 [main] INFO org.evosuite.runtime.instrumentation.EvoClassLoader - Instrumenting class 'io.netty.util.internal.shaded.org.jctools.queues.atomic.MpscAtomicArrayQueueL1Pad'.
18:07:26.604 [main] INFO org.evosuite.runtime.instrumentation.MethodCallReplacementClassAdapter - Adding mock interface to class io/netty/util/internal/shaded/org/jctools/queues/atomic/MpscAtomicArrayQueueL1Pad
18:07:26.605 [main] INFO org.evosuite.runtime.instrumentation.CreateClassResetClassAdapter - Creating brand-new static initializer in class io/netty/util/internal/shaded/org/jctools/queues/atomic/MpscAtomicArrayQueueL1Pad
18:07:26.605 [main] INFO org.evosuite.runtime.instrumentation.EvoClassLoader - Seeing class for first time: io.netty.util.internal.shaded.org.jctools.queues.atomic.AtomicReferenceArrayQueue
18:07:26.605 [main] INFO org.evosuite.runtime.instrumentation.EvoClassLoader - Instrumenting class 'io.netty.util.internal.shaded.org.jctools.queues.atomic.AtomicReferenceArrayQueue'.
18:07:26.605 [main] INFO org.evosuite.runtime.instrumentation.MethodCallReplacementClassAdapter - Adding mock interface to class io/netty/util/internal/shaded/org/jctools/queues/atomic/AtomicReferenceArrayQueue
18:07:26.606 [main] INFO org.evosuite.runtime.instrumentation.CreateClassResetClassAdapter - Creating brand-new static initializer in class io/netty/util/internal/shaded/org/jctools/queues/atomic/AtomicReferenceArrayQueue
18:07:26.606 [main] INFO org.evosuite.runtime.instrumentation.EvoClassLoader - Keeping class: io.netty.util.internal.shaded.org.jctools.queues.atomic.AtomicReferenceArrayQueue
18:07:26.606 [main] INFO org.evosuite.runtime.instrumentation.EvoClassLoader - Keeping class: io.netty.util.internal.shaded.org.jctools.queues.atomic.MpscAtomicArrayQueueL1Pad
18:07:26.606 [main] INFO org.evosuite.runtime.instrumentation.EvoClassLoader - Keeping class: io.netty.util.internal.shaded.org.jctools.queues.atomic.MpscAtomicArrayQueueProducerIndexField
18:07:26.606 [main] INFO org.evosuite.runtime.instrumentation.EvoClassLoader - Keeping class: io.netty.util.internal.shaded.org.jctools.queues.atomic.MpscAtomicArrayQueueMidPad
18:07:26.606 [main] INFO org.evosuite.runtime.instrumentation.EvoClassLoader - Keeping class: io.netty.util.internal.shaded.org.jctools.queues.atomic.MpscAtomicArrayQueueProducerLimitField
18:07:26.606 [main] INFO org.evosuite.runtime.instrumentation.EvoClassLoader - Keeping class: io.netty.util.internal.shaded.org.jctools.queues.atomic.MpscAtomicArrayQueueL2Pad
18:07:26.607 [main] INFO org.evosuite.runtime.instrumentation.EvoClassLoader - Keeping class: io.netty.util.internal.shaded.org.jctools.queues.atomic.MpscAtomicArrayQueueConsumerIndexField
18:07:26.607 [main] INFO org.evosuite.runtime.instrumentation.EvoClassLoader - Keeping class: io.netty.util.internal.shaded.org.jctools.queues.atomic.MpscAtomicArrayQueueL3Pad
18:07:26.607 [main] INFO org.evosuite.runtime.instrumentation.EvoClassLoader - Keeping class: io.netty.util.internal.shaded.org.jctools.queues.atomic.MpscAtomicArrayQueue
18:07:26.608 [main] DEBUG io.netty.util.internal.PlatformDependent - sun.misc.Unsafe: available
18:07:26.608 [main] DEBUG io.netty.util.internal.PlatformDependent - -Dio.netty.tmpdir: /tmp (java.io.tmpdir)
18:07:26.609 [main] DEBUG io.netty.util.internal.PlatformDependent - -Dio.netty.bitMode: 64 (sun.arch.data.model)
18:07:26.609 [main] INFO org.evosuite.runtime.instrumentation.EvoClassLoader - Seeing class for first time: io.netty.util.internal.PlatformDependent$1
18:07:26.609 [main] INFO org.evosuite.runtime.instrumentation.EvoClassLoader - Instrumenting class 'io.netty.util.internal.PlatformDependent$1'.
18:07:26.609 [main] INFO org.evosuite.runtime.instrumentation.MethodCallReplacementClassAdapter - Adding mock interface to class io/netty/util/internal/PlatformDependent$1
18:07:26.610 [main] INFO org.evosuite.runtime.instrumentation.EvoClassLoader - Keeping class: io.netty.util.internal.PlatformDependent$1
18:07:26.610 [main] INFO org.evosuite.runtime.instrumentation.EvoClassLoader - Seeing class for first time: io.netty.util.internal.PlatformDependent$2
18:07:26.610 [main] INFO org.evosuite.runtime.instrumentation.EvoClassLoader - Instrumenting class 'io.netty.util.internal.PlatformDependent$2'.
18:07:26.610 [main] INFO org.evosuite.runtime.instrumentation.MethodCallReplacementClassAdapter - Adding mock interface to class io/netty/util/internal/PlatformDependent$2
18:07:26.611 [main] INFO org.evosuite.runtime.instrumentation.EvoClassLoader - Keeping class: io.netty.util.internal.PlatformDependent$2
18:07:26.611 [main] DEBUG io.netty.util.internal.PlatformDependent - -Dio.netty.maxDirectMemory: 11420041216 bytes
18:07:26.611 [main] DEBUG io.netty.util.internal.PlatformDependent - -Dio.netty.uninitializedArrayAllocationThreshold: -1
18:07:26.611 [main] INFO org.evosuite.runtime.instrumentation.EvoClassLoader - Seeing class for first time: io.netty.util.internal.CleanerJava6
18:07:26.611 [main] INFO org.evosuite.runtime.instrumentation.EvoClassLoader - Instrumenting class 'io.netty.util.internal.CleanerJava6'.
18:07:26.611 [main] INFO org.evosuite.runtime.instrumentation.MethodCallReplacementClassAdapter - Adding mock interface to class io/netty/util/internal/CleanerJava6
18:07:26.612 [main] INFO org.evosuite.runtime.instrumentation.CreateClassResetClassAdapter - Found static initializer in class io/netty/util/internal/CleanerJava6
18:07:26.612 [main] INFO org.evosuite.runtime.instrumentation.EvoClassLoader - Keeping class: io.netty.util.internal.CleanerJava6
18:07:26.613 [main] INFO org.evosuite.runtime.instrumentation.EvoClassLoader - Seeing class for first time: io.netty.util.internal.CleanerJava6$1
18:07:26.613 [main] INFO org.evosuite.runtime.instrumentation.EvoClassLoader - Instrumenting class 'io.netty.util.internal.CleanerJava6$1'.
18:07:26.613 [main] INFO org.evosuite.runtime.instrumentation.MethodCallReplacementClassAdapter - Adding mock interface to class io/netty/util/internal/CleanerJava6$1
18:07:26.614 [main] INFO org.evosuite.runtime.instrumentation.EvoClassLoader - Keeping class: io.netty.util.internal.CleanerJava6$1
18:07:26.614 [main] DEBUG io.netty.util.internal.CleanerJava6 - java.nio.ByteBuffer.cleaner(): available
18:07:26.614 [main] DEBUG io.netty.util.internal.PlatformDependent - -Dio.netty.noPreferDirect: false
18:07:26.614 [main] INFO org.evosuite.runtime.instrumentation.EvoClassLoader - Seeing class for first time: io.netty.util.internal.PlatformDependent$4
18:07:26.614 [main] INFO org.evosuite.runtime.instrumentation.EvoClassLoader - Instrumenting class 'io.netty.util.internal.PlatformDependent$4'.
18:07:26.615 [main] INFO org.evosuite.runtime.instrumentation.MethodCallReplacementClassAdapter - Adding mock interface to class io/netty/util/internal/PlatformDependent$4
18:07:26.616 [main] INFO org.evosuite.runtime.instrumentation.EvoClassLoader - Keeping class: io.netty.util.internal.PlatformDependent$4
18:07:26.618 [main] INFO org.evosuite.runtime.instrumentation.EvoClassLoader - Seeing class for first time: io.netty.buffer.CompositeByteBuf$Component
18:07:26.618 [main] INFO org.evosuite.runtime.instrumentation.EvoClassLoader - Instrumenting class 'io.netty.buffer.CompositeByteBuf$Component'.
18:07:26.618 [main] INFO org.evosuite.runtime.instrumentation.MethodCallReplacementClassAdapter - Adding mock interface to class io/netty/buffer/CompositeByteBuf$Component
18:07:26.619 [main] INFO org.evosuite.runtime.instrumentation.CreateClassResetClassAdapter - Creating brand-new static initializer in class io/netty/buffer/CompositeByteBuf$Component
18:07:26.619 [main] INFO org.evosuite.runtime.instrumentation.EvoClassLoader - Keeping class: io.netty.buffer.CompositeByteBuf$Component
18:07:26.620 [main] INFO org.evosuite.runtime.instrumentation.EvoClassLoader - Seeing class for first time: io.netty.util.concurrent.FastThreadLocalThread
18:07:26.620 [main] INFO org.evosuite.runtime.instrumentation.EvoClassLoader - Instrumenting class 'io.netty.util.concurrent.FastThreadLocalThread'.
18:07:26.621 [main] INFO org.evosuite.runtime.instrumentation.MethodCallReplacementClassAdapter - Adding mock interface to class io/netty/util/concurrent/FastThreadLocalThread
18:07:26.624 [main] INFO org.evosuite.runtime.instrumentation.CreateClassResetClassAdapter - Found static initializer in class io/netty/util/concurrent/FastThreadLocalThread
18:07:26.624 [main] INFO org.evosuite.runtime.instrumentation.EvoClassLoader - Keeping class: io.netty.util.concurrent.FastThreadLocalThread
18:07:26.625 [main] INFO org.evosuite.runtime.instrumentation.EvoClassLoader - Seeing class for first time: io.netty.util.internal.ThreadExecutorMap
18:07:26.625 [main] INFO org.evosuite.runtime.instrumentation.EvoClassLoader - Instrumenting class 'io.netty.util.internal.ThreadExecutorMap'.
18:07:26.626 [main] INFO org.evosuite.runtime.instrumentation.MethodCallReplacementClassAdapter - Adding mock interface to class io/netty/util/internal/ThreadExecutorMap
18:07:26.626 [main] INFO org.evosuite.runtime.instrumentation.CreateClassResetClassAdapter - Found static initializer in class io/netty/util/internal/ThreadExecutorMap
18:07:26.626 [main] INFO org.evosuite.runtime.instrumentation.EvoClassLoader - Keeping class: io.netty.util.internal.ThreadExecutorMap
18:07:26.626 [main] INFO org.evosuite.runtime.instrumentation.EvoClassLoader - Seeing class for first time: io.netty.util.internal.InternalThreadLocalMap
18:07:26.627 [main] INFO org.evosuite.runtime.instrumentation.EvoClassLoader - Instrumenting class 'io.netty.util.internal.InternalThreadLocalMap'.
18:07:26.627 [main] INFO org.evosuite.runtime.instrumentation.MethodCallReplacementClassAdapter - Adding mock interface to class io/netty/util/internal/InternalThreadLocalMap
18:07:26.629 [main] INFO org.evosuite.runtime.instrumentation.CreateClassResetClassAdapter - Found static initializer in class io/netty/util/internal/InternalThreadLocalMap
18:07:26.630 [main] INFO org.evosuite.runtime.instrumentation.EvoClassLoader - Seeing class for first time: io.netty.util.internal.UnpaddedInternalThreadLocalMap
18:07:26.630 [main] INFO org.evosuite.runtime.instrumentation.EvoClassLoader - Instrumenting class 'io.netty.util.internal.UnpaddedInternalThreadLocalMap'.
18:07:26.630 [main] INFO org.evosuite.runtime.instrumentation.MethodCallReplacementClassAdapter - Adding mock interface to class io/netty/util/internal/UnpaddedInternalThreadLocalMap
18:07:26.630 [main] INFO org.evosuite.runtime.instrumentation.CreateClassResetClassAdapter - Creating brand-new static initializer in class io/netty/util/internal/UnpaddedInternalThreadLocalMap
18:07:26.630 [main] INFO org.evosuite.runtime.instrumentation.EvoClassLoader - Keeping class: io.netty.util.internal.UnpaddedInternalThreadLocalMap
18:07:26.630 [main] INFO org.evosuite.runtime.instrumentation.EvoClassLoader - Keeping class: io.netty.util.internal.InternalThreadLocalMap
18:07:26.631 [main] DEBUG io.netty.util.internal.InternalThreadLocalMap - -Dio.netty.threadLocalMap.stringBuilder.initialSize: 1024
18:07:26.631 [main] DEBUG io.netty.util.internal.InternalThreadLocalMap - -Dio.netty.threadLocalMap.stringBuilder.maxSize: 4096
18:07:26.631 [main] INFO org.evosuite.runtime.instrumentation.EvoClassLoader - Seeing class for first time: io.netty.buffer.IntPriorityQueue
18:07:26.631 [main] INFO org.evosuite.runtime.instrumentation.EvoClassLoader - Instrumenting class 'io.netty.buffer.IntPriorityQueue'.
18:07:26.632 [main] INFO org.evosuite.runtime.instrumentation.MethodCallReplacementClassAdapter - Adding mock interface to class io/netty/buffer/IntPriorityQueue
18:07:26.634 [main] INFO org.evosuite.runtime.instrumentation.CreateClassResetClassAdapter - Creating brand-new static initializer in class io/netty/buffer/IntPriorityQueue
18:07:26.634 [main] INFO org.evosuite.runtime.instrumentation.CreateClassResetClassAdapter - Adding bytecode for initializing field NO_VALUE
18:07:26.634 [main] INFO org.evosuite.runtime.instrumentation.EvoClassLoader - Keeping class: io.netty.buffer.IntPriorityQueue
18:07:26.635 [main] INFO org.evosuite.runtime.instrumentation.EvoClassLoader - Seeing class for first time: io.netty.buffer.UnpooledByteBufAllocator$InstrumentedUnpooledUnsafeNoCleanerDirectByteBuf
18:07:26.635 [main] INFO org.evosuite.runtime.instrumentation.EvoClassLoader - Instrumenting class 'io.netty.buffer.UnpooledByteBufAllocator$InstrumentedUnpooledUnsafeNoCleanerDirectByteBuf'.
18:07:26.636 [main] INFO org.evosuite.runtime.instrumentation.MethodCallReplacementClassAdapter - Adding mock interface to class io/netty/buffer/UnpooledByteBufAllocator$InstrumentedUnpooledUnsafeNoCleanerDirectByteBuf
18:07:26.637 [main] INFO org.evosuite.runtime.instrumentation.CreateClassResetClassAdapter - Creating brand-new static initializer in class io/netty/buffer/UnpooledByteBufAllocator$InstrumentedUnpooledUnsafeNoCleanerDirectByteBuf
18:07:26.637 [main] INFO org.evosuite.runtime.instrumentation.EvoClassLoader - Seeing class for first time: io.netty.buffer.UnpooledUnsafeNoCleanerDirectByteBuf
18:07:26.637 [main] INFO org.evosuite.runtime.instrumentation.EvoClassLoader - Instrumenting class 'io.netty.buffer.UnpooledUnsafeNoCleanerDirectByteBuf'.
18:07:26.638 [main] INFO org.evosuite.runtime.instrumentation.MethodCallReplacementClassAdapter - Adding mock interface to class io/netty/buffer/UnpooledUnsafeNoCleanerDirectByteBuf
18:07:26.639 [main] INFO org.evosuite.runtime.instrumentation.CreateClassResetClassAdapter - Creating brand-new static initializer in class io/netty/buffer/UnpooledUnsafeNoCleanerDirectByteBuf
18:07:26.639 [main] INFO org.evosuite.runtime.instrumentation.EvoClassLoader - Seeing class for first time: io.netty.buffer.UnpooledUnsafeDirectByteBuf
18:07:26.639 [main] INFO org.evosuite.runtime.instrumentation.EvoClassLoader - Instrumenting class 'io.netty.buffer.UnpooledUnsafeDirectByteBuf'.
18:07:26.641 [main] INFO org.evosuite.runtime.instrumentation.MethodCallReplacementClassAdapter - Adding mock interface to class io/netty/buffer/UnpooledUnsafeDirectByteBuf
18:07:26.642 [main] INFO org.evosuite.runtime.instrumentation.CreateClassResetClassAdapter - Creating brand-new static initializer in class io/netty/buffer/UnpooledUnsafeDirectByteBuf
18:07:26.643 [main] INFO org.evosuite.runtime.instrumentation.EvoClassLoader - Keeping class: io.netty.buffer.UnpooledUnsafeDirectByteBuf
18:07:26.643 [main] INFO org.evosuite.runtime.instrumentation.EvoClassLoader - Keeping class: io.netty.buffer.UnpooledUnsafeNoCleanerDirectByteBuf
18:07:26.643 [main] INFO org.evosuite.runtime.instrumentation.EvoClassLoader - Keeping class: io.netty.buffer.UnpooledByteBufAllocator$InstrumentedUnpooledUnsafeNoCleanerDirectByteBuf
18:07:26.644 [main] INFO org.evosuite.runtime.instrumentation.EvoClassLoader - Seeing class for first time: io.netty.buffer.UnsafeDirectSwappedByteBuf
18:07:26.644 [main] INFO org.evosuite.runtime.instrumentation.EvoClassLoader - Instrumenting class 'io.netty.buffer.UnsafeDirectSwappedByteBuf'.
18:07:26.644 [main] INFO org.evosuite.runtime.instrumentation.MethodCallReplacementClassAdapter - Adding mock interface to class io/netty/buffer/UnsafeDirectSwappedByteBuf
18:07:26.645 [main] INFO org.evosuite.runtime.instrumentation.CreateClassResetClassAdapter - Creating brand-new static initializer in class io/netty/buffer/UnsafeDirectSwappedByteBuf
18:07:26.645 [main] INFO org.evosuite.runtime.instrumentation.EvoClassLoader - Seeing class for first time: io.netty.buffer.AbstractUnsafeSwappedByteBuf
18:07:26.645 [main] INFO org.evosuite.runtime.instrumentation.EvoClassLoader - Instrumenting class 'io.netty.buffer.AbstractUnsafeSwappedByteBuf'.
18:07:26.646 [main] INFO org.evosuite.runtime.instrumentation.MethodCallReplacementClassAdapter - Adding mock interface to class io/netty/buffer/AbstractUnsafeSwappedByteBuf
18:07:26.648 [main] INFO org.evosuite.runtime.instrumentation.CreateClassResetClassAdapter - Found static initializer in class io/netty/buffer/AbstractUnsafeSwappedByteBuf
18:07:26.648 [main] INFO org.evosuite.runtime.instrumentation.EvoClassLoader - Keeping class: io.netty.buffer.AbstractUnsafeSwappedByteBuf
18:07:26.649 [main] INFO org.evosuite.runtime.instrumentation.EvoClassLoader - Keeping class: io.netty.buffer.UnsafeDirectSwappedByteBuf
18:07:26.651 [main] INFO org.evosuite.runtime.instrumentation.EvoClassLoader - Seeing class for first time: io.netty.util.internal.ObjectPool$RecyclerObjectPool
18:07:26.651 [main] INFO org.evosuite.runtime.instrumentation.EvoClassLoader - Instrumenting class 'io.netty.util.internal.ObjectPool$RecyclerObjectPool'.
18:07:26.652 [main] INFO org.evosuite.runtime.instrumentation.MethodCallReplacementClassAdapter - Adding mock interface to class io/netty/util/internal/ObjectPool$RecyclerObjectPool
18:07:26.652 [main] INFO org.evosuite.runtime.instrumentation.CreateClassResetClassAdapter - Creating brand-new static initializer in class io/netty/util/internal/ObjectPool$RecyclerObjectPool
18:07:26.653 [main] INFO org.evosuite.runtime.instrumentation.EvoClassLoader - Seeing class for first time: io.netty.util.internal.ObjectPool
18:07:26.653 [main] INFO org.evosuite.runtime.instrumentation.EvoClassLoader - Instrumenting class 'io.netty.util.internal.ObjectPool'.
18:07:26.654 [main] INFO org.evosuite.runtime.instrumentation.MethodCallReplacementClassAdapter - Adding mock interface to class io/netty/util/internal/ObjectPool
18:07:26.655 [main] INFO org.evosuite.runtime.instrumentation.CreateClassResetClassAdapter - Creating brand-new static initializer in class io/netty/util/internal/ObjectPool
18:07:26.655 [main] INFO org.evosuite.runtime.instrumentation.EvoClassLoader - Keeping class: io.netty.util.internal.ObjectPool
18:07:26.655 [main] INFO org.evosuite.runtime.instrumentation.EvoClassLoader - Keeping class: io.netty.util.internal.ObjectPool$RecyclerObjectPool
18:07:26.655 [main] INFO org.evosuite.runtime.instrumentation.EvoClassLoader - Seeing class for first time: io.netty.util.Recycler
18:07:26.655 [main] INFO org.evosuite.runtime.instrumentation.EvoClassLoader - Instrumenting class 'io.netty.util.Recycler'.
18:07:26.656 [main] INFO org.evosuite.runtime.instrumentation.MethodCallReplacementClassAdapter - Adding mock interface to class io/netty/util/Recycler
18:07:26.658 [main] INFO org.evosuite.runtime.instrumentation.CreateClassResetClassAdapter - Found static initializer in class io/netty/util/Recycler
18:07:26.659 [main] INFO org.evosuite.runtime.instrumentation.EvoClassLoader - Keeping class: io.netty.util.Recycler
18:07:26.659 [main] INFO org.evosuite.runtime.instrumentation.EvoClassLoader - Seeing class for first time: io.netty.util.internal.ObjectPool$RecyclerObjectPool$1
18:07:26.659 [main] INFO org.evosuite.runtime.instrumentation.EvoClassLoader - Instrumenting class 'io.netty.util.internal.ObjectPool$RecyclerObjectPool$1'.
18:07:26.660 [main] INFO org.evosuite.runtime.instrumentation.MethodCallReplacementClassAdapter - Adding mock interface to class io/netty/util/internal/ObjectPool$RecyclerObjectPool$1
18:07:26.661 [main] INFO org.evosuite.runtime.instrumentation.EvoClassLoader - Keeping class: io.netty.util.internal.ObjectPool$RecyclerObjectPool$1
18:07:26.662 [main] INFO org.evosuite.runtime.instrumentation.EvoClassLoader - Seeing class for first time: io.netty.buffer.PooledByteBufAllocator
18:07:26.662 [main] INFO org.evosuite.runtime.instrumentation.EvoClassLoader - Instrumenting class 'io.netty.buffer.PooledByteBufAllocator'.
18:07:26.664 [main] INFO org.evosuite.runtime.instrumentation.MethodCallReplacementClassAdapter - Adding mock interface to class io/netty/buffer/PooledByteBufAllocator
18:07:26.678 [main] INFO org.evosuite.runtime.instrumentation.CreateClassResetClassAdapter - Found static initializer in class io/netty/buffer/PooledByteBufAllocator
18:07:26.680 [main] INFO org.evosuite.runtime.instrumentation.EvoClassLoader - Seeing class for first time: io.netty.buffer.ByteBufAllocatorMetricProvider
18:07:26.680 [main] INFO org.evosuite.runtime.instrumentation.EvoClassLoader - Instrumenting class 'io.netty.buffer.ByteBufAllocatorMetricProvider'.
18:07:26.681 [main] INFO org.evosuite.runtime.instrumentation.EvoClassLoader - Keeping class: io.netty.buffer.ByteBufAllocatorMetricProvider
18:07:26.682 [main] INFO org.evosuite.runtime.instrumentation.EvoClassLoader - Seeing class for first time: io.netty.buffer.AbstractByteBufAllocator
18:07:26.682 [main] INFO org.evosuite.runtime.instrumentation.EvoClassLoader - Instrumenting class 'io.netty.buffer.AbstractByteBufAllocator'.
18:07:26.683 [main] INFO org.evosuite.runtime.instrumentation.MethodCallReplacementClassAdapter - Adding mock interface to class io/netty/buffer/AbstractByteBufAllocator
18:07:26.711 [main] INFO org.evosuite.runtime.instrumentation.CreateClassResetClassAdapter - Found static initializer in class io/netty/buffer/AbstractByteBufAllocator
18:07:26.712 [main] INFO org.evosuite.runtime.instrumentation.EvoClassLoader - Keeping class: io.netty.buffer.AbstractByteBufAllocator
18:07:26.712 [main] INFO org.evosuite.runtime.instrumentation.EvoClassLoader - Keeping class: io.netty.buffer.PooledByteBufAllocator
18:07:26.712 [main] INFO org.evosuite.runtime.instrumentation.EvoClassLoader - Seeing class for first time: io.netty.buffer.SimpleLeakAwareByteBuf
18:07:26.712 [main] INFO org.evosuite.runtime.instrumentation.EvoClassLoader - Instrumenting class 'io.netty.buffer.SimpleLeakAwareByteBuf'.
18:07:26.713 [main] INFO org.evosuite.runtime.instrumentation.MethodCallReplacementClassAdapter - Adding mock interface to class io/netty/buffer/SimpleLeakAwareByteBuf
18:07:26.713 [main] INFO org.evosuite.runtime.instrumentation.CreateClassResetClassAdapter - Found static initializer in class io/netty/buffer/SimpleLeakAwareByteBuf
18:07:26.714 [main] INFO org.evosuite.runtime.instrumentation.EvoClassLoader - Seeing class for first time: io.netty.buffer.WrappedByteBuf
18:07:26.714 [main] INFO org.evosuite.runtime.instrumentation.EvoClassLoader - Instrumenting class 'io.netty.buffer.WrappedByteBuf'.
18:07:26.715 [main] INFO org.evosuite.runtime.instrumentation.MethodCallReplacementClassAdapter - Adding mock interface to class io/netty/buffer/WrappedByteBuf
18:07:26.719 [main] INFO org.evosuite.runtime.instrumentation.CreateClassResetClassAdapter - Creating brand-new static initializer in class io/netty/buffer/WrappedByteBuf
18:07:26.721 [main] INFO org.evosuite.runtime.instrumentation.EvoClassLoader - Keeping class: io.netty.buffer.WrappedByteBuf
18:07:26.721 [main] INFO org.evosuite.runtime.instrumentation.EvoClassLoader - Keeping class: io.netty.buffer.SimpleLeakAwareByteBuf
18:07:26.721 [main] INFO org.evosuite.runtime.instrumentation.EvoClassLoader - Seeing class for first time: io.netty.buffer.AdvancedLeakAwareByteBuf
18:07:26.721 [main] INFO org.evosuite.runtime.instrumentation.EvoClassLoader - Instrumenting class 'io.netty.buffer.AdvancedLeakAwareByteBuf'.
18:07:26.722 [main] INFO org.evosuite.runtime.instrumentation.MethodCallReplacementClassAdapter - Adding mock interface to class io/netty/buffer/AdvancedLeakAwareByteBuf
18:07:26.726 [main] INFO org.evosuite.runtime.instrumentation.CreateClassResetClassAdapter - Found static initializer in class io/netty/buffer/AdvancedLeakAwareByteBuf
18:07:26.728 [main] INFO org.evosuite.runtime.instrumentation.EvoClassLoader - Keeping class: io.netty.buffer.AdvancedLeakAwareByteBuf
18:07:26.728 [main] INFO org.evosuite.runtime.instrumentation.EvoClassLoader - Seeing class for first time: io.netty.buffer.AdvancedLeakAwareCompositeByteBuf
18:07:26.728 [main] INFO org.evosuite.runtime.instrumentation.EvoClassLoader - Instrumenting class 'io.netty.buffer.AdvancedLeakAwareCompositeByteBuf'.
18:07:26.731 [main] INFO org.evosuite.runtime.instrumentation.MethodCallReplacementClassAdapter - Adding mock interface to class io/netty/buffer/AdvancedLeakAwareCompositeByteBuf
18:07:26.736 [main] INFO org.evosuite.runtime.instrumentation.CreateClassResetClassAdapter - Creating brand-new static initializer in class io/netty/buffer/AdvancedLeakAwareCompositeByteBuf
18:07:26.737 [main] INFO org.evosuite.runtime.instrumentation.EvoClassLoader - Keeping class: io.netty.buffer.AdvancedLeakAwareCompositeByteBuf
18:07:26.737 [main] INFO org.evosuite.runtime.instrumentation.EvoClassLoader - Seeing class for first time: io.netty.buffer.EmptyByteBuf
18:07:26.737 [main] INFO org.evosuite.runtime.instrumentation.EvoClassLoader - Instrumenting class 'io.netty.buffer.EmptyByteBuf'.
18:07:26.739 [main] INFO org.evosuite.runtime.instrumentation.MethodCallReplacementClassAdapter - Adding mock interface to class io/netty/buffer/EmptyByteBuf
18:07:26.742 [main] INFO org.evosuite.runtime.instrumentation.CreateClassResetClassAdapter - Found static initializer in class io/netty/buffer/EmptyByteBuf
18:07:26.744 [main] INFO org.evosuite.runtime.instrumentation.EvoClassLoader - Keeping class: io.netty.buffer.EmptyByteBuf
18:07:26.745 [main] INFO org.evosuite.runtime.instrumentation.EvoClassLoader - Seeing class for first time: io.netty.buffer.PooledByteBuf
18:07:26.745 [main] INFO org.evosuite.runtime.instrumentation.EvoClassLoader - Instrumenting class 'io.netty.buffer.PooledByteBuf'.
18:07:26.746 [main] INFO org.evosuite.runtime.instrumentation.MethodCallReplacementClassAdapter - Adding mock interface to class io/netty/buffer/PooledByteBuf
18:07:26.748 [main] INFO org.evosuite.runtime.instrumentation.CreateClassResetClassAdapter - Found static initializer in class io/netty/buffer/PooledByteBuf
18:07:26.748 [main] INFO org.evosuite.runtime.instrumentation.EvoClassLoader - Keeping class: io.netty.buffer.PooledByteBuf
18:07:26.749 [main] INFO org.evosuite.runtime.instrumentation.EvoClassLoader - Seeing class for first time: io.netty.buffer.ByteBufAllocatorMetric
18:07:26.749 [main] INFO org.evosuite.runtime.instrumentation.EvoClassLoader - Instrumenting class 'io.netty.buffer.ByteBufAllocatorMetric'.
18:07:26.750 [main] INFO org.evosuite.runtime.instrumentation.EvoClassLoader - Keeping class: io.netty.buffer.ByteBufAllocatorMetric
18:07:26.751 [main] INFO org.evosuite.runtime.instrumentation.EvoClassLoader - Seeing class for first time: io.netty.buffer.UnpooledHeapByteBuf
18:07:26.751 [main] INFO org.evosuite.runtime.instrumentation.EvoClassLoader - Instrumenting class 'io.netty.buffer.UnpooledHeapByteBuf'.
18:07:26.752 [main] INFO org.evosuite.runtime.instrumentation.MethodCallReplacementClassAdapter - Adding mock interface to class io/netty/buffer/UnpooledHeapByteBuf
18:07:26.758 [main] INFO org.evosuite.runtime.instrumentation.CreateClassResetClassAdapter - Creating brand-new static initializer in class io/netty/buffer/UnpooledHeapByteBuf
18:07:26.759 [main] INFO org.evosuite.runtime.instrumentation.EvoClassLoader - Keeping class: io.netty.buffer.UnpooledHeapByteBuf
18:07:26.759 [main] INFO org.evosuite.runtime.instrumentation.EvoClassLoader - Seeing class for first time: io.netty.buffer.UnpooledUnsafeHeapByteBuf
18:07:26.759 [main] INFO org.evosuite.runtime.instrumentation.EvoClassLoader - Instrumenting class 'io.netty.buffer.UnpooledUnsafeHeapByteBuf'.
18:07:26.761 [main] INFO org.evosuite.runtime.instrumentation.MethodCallReplacementClassAdapter - Adding mock interface to class io/netty/buffer/UnpooledUnsafeHeapByteBuf
18:07:26.762 [main] INFO org.evosuite.runtime.instrumentation.CreateClassResetClassAdapter - Creating brand-new static initializer in class io/netty/buffer/UnpooledUnsafeHeapByteBuf
18:07:26.763 [main] INFO org.evosuite.runtime.instrumentation.EvoClassLoader - Keeping class: io.netty.buffer.UnpooledUnsafeHeapByteBuf
18:07:26.772 [main] INFO org.evosuite.runtime.instrumentation.EvoClassLoader - Seeing class for first time: io.netty.util.NettyRuntime
18:07:26.772 [main] INFO org.evosuite.runtime.instrumentation.EvoClassLoader - Instrumenting class 'io.netty.util.NettyRuntime'.
18:07:26.773 [main] INFO org.evosuite.runtime.instrumentation.MethodCallReplacementClassAdapter - Adding mock interface to class io/netty/util/NettyRuntime
18:07:26.773 [main] INFO org.evosuite.runtime.instrumentation.CreateClassResetClassAdapter - Found static initializer in class io/netty/util/NettyRuntime
18:07:26.774 [main] INFO org.evosuite.runtime.instrumentation.EvoClassLoader - Keeping class: io.netty.util.NettyRuntime
18:07:26.774 [main] INFO org.evosuite.runtime.instrumentation.EvoClassLoader - Seeing class for first time: io.netty.util.NettyRuntime$AvailableProcessorsHolder
18:07:26.774 [main] INFO org.evosuite.runtime.instrumentation.EvoClassLoader - Instrumenting class 'io.netty.util.NettyRuntime$AvailableProcessorsHolder'.
18:07:26.774 [main] INFO org.evosuite.runtime.instrumentation.MethodCallReplacementClassAdapter - Adding mock interface to class io/netty/util/NettyRuntime$AvailableProcessorsHolder
18:07:26.775 [main] INFO org.evosuite.runtime.instrumentation.CreateClassResetClassAdapter - Creating brand-new static initializer in class io/netty/util/NettyRuntime$AvailableProcessorsHolder
18:07:26.776 [main] INFO org.evosuite.runtime.instrumentation.EvoClassLoader - Keeping class: io.netty.util.NettyRuntime$AvailableProcessorsHolder
18:07:26.776 [main] DEBUG io.netty.buffer.PooledByteBufAllocator - -Dio.netty.allocator.numHeapArenas: 0
18:07:26.777 [main] DEBUG io.netty.buffer.PooledByteBufAllocator - -Dio.netty.allocator.numDirectArenas: 2
18:07:26.777 [main] DEBUG io.netty.buffer.PooledByteBufAllocator - -Dio.netty.allocator.pageSize: 8192
18:07:26.777 [main] DEBUG io.netty.buffer.PooledByteBufAllocator - -Dio.netty.allocator.maxOrder: 9
18:07:26.777 [main] DEBUG io.netty.buffer.PooledByteBufAllocator - -Dio.netty.allocator.chunkSize: 4194304
18:07:26.777 [main] DEBUG io.netty.buffer.PooledByteBufAllocator - -Dio.netty.allocator.smallCacheSize: 256
18:07:26.777 [main] DEBUG io.netty.buffer.PooledByteBufAllocator - -Dio.netty.allocator.normalCacheSize: 64
18:07:26.777 [main] DEBUG io.netty.buffer.PooledByteBufAllocator - -Dio.netty.allocator.maxCachedBufferCapacity: 32768
18:07:26.777 [main] DEBUG io.netty.buffer.PooledByteBufAllocator - -Dio.netty.allocator.cacheTrimInterval: 8192
18:07:26.777 [main] DEBUG io.netty.buffer.PooledByteBufAllocator - -Dio.netty.allocator.cacheTrimIntervalMillis: 0
18:07:26.777 [main] DEBUG io.netty.buffer.PooledByteBufAllocator - -Dio.netty.allocator.useCacheForAllThreads: false
18:07:26.777 [main] DEBUG io.netty.buffer.PooledByteBufAllocator - -Dio.netty.allocator.maxCachedByteBuffersPerChunk: 1023
18:07:26.779 [main] INFO org.evosuite.runtime.instrumentation.EvoClassLoader - Seeing class for first time: io.netty.buffer.PooledByteBufAllocator$1
18:07:26.779 [main] INFO org.evosuite.runtime.instrumentation.EvoClassLoader - Instrumenting class 'io.netty.buffer.PooledByteBufAllocator$1'.
18:07:26.780 [main] INFO org.evosuite.runtime.instrumentation.MethodCallReplacementClassAdapter - Adding mock interface to class io/netty/buffer/PooledByteBufAllocator$1
18:07:26.781 [main] INFO org.evosuite.runtime.instrumentation.EvoClassLoader - Keeping class: io.netty.buffer.PooledByteBufAllocator$1
18:07:26.782 [main] INFO org.evosuite.runtime.instrumentation.EvoClassLoader - Seeing class for first time: io.netty.buffer.PooledByteBufAllocator$PoolThreadLocalCache
18:07:26.782 [main] INFO org.evosuite.runtime.instrumentation.EvoClassLoader - Instrumenting class 'io.netty.buffer.PooledByteBufAllocator$PoolThreadLocalCache'.
18:07:26.783 [main] INFO org.evosuite.runtime.instrumentation.MethodCallReplacementClassAdapter - Adding mock interface to class io/netty/buffer/PooledByteBufAllocator$PoolThreadLocalCache
18:07:26.784 [main] INFO org.evosuite.runtime.instrumentation.CreateClassResetClassAdapter - Creating brand-new static initializer in class io/netty/buffer/PooledByteBufAllocator$PoolThreadLocalCache
18:07:26.784 [main] INFO org.evosuite.runtime.instrumentation.EvoClassLoader - Keeping class: io.netty.buffer.PooledByteBufAllocator$PoolThreadLocalCache
18:07:26.785 [main] INFO org.evosuite.runtime.instrumentation.EvoClassLoader - Seeing class for first time: io.netty.buffer.PoolArena
18:07:26.785 [main] INFO org.evosuite.runtime.instrumentation.EvoClassLoader - Instrumenting class 'io.netty.buffer.PoolArena'.
18:07:26.787 [main] INFO org.evosuite.runtime.instrumentation.MethodCallReplacementClassAdapter - Adding mock interface to class io/netty/buffer/PoolArena
18:07:26.793 [main] INFO org.evosuite.runtime.instrumentation.CreateClassResetClassAdapter - Found static initializer in class io/netty/buffer/PoolArena
18:07:26.794 [main] INFO org.evosuite.runtime.instrumentation.EvoClassLoader - Seeing class for first time: io.netty.buffer.PoolArenaMetric
18:07:26.795 [main] INFO org.evosuite.runtime.instrumentation.EvoClassLoader - Instrumenting class 'io.netty.buffer.PoolArenaMetric'.
18:07:26.797 [main] INFO org.evosuite.runtime.instrumentation.EvoClassLoader - Seeing class for first time: io.netty.buffer.SizeClassesMetric
18:07:26.797 [main] INFO org.evosuite.runtime.instrumentation.EvoClassLoader - Instrumenting class 'io.netty.buffer.SizeClassesMetric'.
18:07:26.798 [main] INFO org.evosuite.runtime.instrumentation.EvoClassLoader - Keeping class: io.netty.buffer.SizeClassesMetric
18:07:26.798 [main] INFO org.evosuite.runtime.instrumentation.EvoClassLoader - Keeping class: io.netty.buffer.PoolArenaMetric
18:07:26.798 [main] INFO org.evosuite.runtime.instrumentation.EvoClassLoader - Keeping class: io.netty.buffer.PoolArena
18:07:26.798 [main] INFO org.evosuite.runtime.instrumentation.EvoClassLoader - Seeing class for first time: io.netty.buffer.SizeClasses
18:07:26.798 [main] INFO org.evosuite.runtime.instrumentation.EvoClassLoader - Instrumenting class 'io.netty.buffer.SizeClasses'.
18:07:26.799 [main] INFO org.evosuite.runtime.instrumentation.MethodCallReplacementClassAdapter - Adding mock interface to class io/netty/buffer/SizeClasses
18:07:26.800 [main] INFO org.evosuite.runtime.instrumentation.CreateClassResetClassAdapter - Found static initializer in class io/netty/buffer/SizeClasses
18:07:26.801 [main] INFO org.evosuite.runtime.instrumentation.EvoClassLoader - Keeping class: io.netty.buffer.SizeClasses
18:07:26.801 [main] INFO org.evosuite.runtime.instrumentation.EvoClassLoader - Seeing class for first time: io.netty.buffer.PoolThreadCache
18:07:26.801 [main] INFO org.evosuite.runtime.instrumentation.EvoClassLoader - Instrumenting class 'io.netty.buffer.PoolThreadCache'.
18:07:26.801 [main] INFO org.evosuite.runtime.instrumentation.MethodCallReplacementClassAdapter - Adding mock interface to class io/netty/buffer/PoolThreadCache
18:07:26.804 [main] INFO org.evosuite.runtime.instrumentation.CreateClassResetClassAdapter - Found static initializer in class io/netty/buffer/PoolThreadCache
18:07:26.804 [main] INFO org.evosuite.runtime.instrumentation.EvoClassLoader - Keeping class: io.netty.buffer.PoolThreadCache
18:07:26.805 [main] INFO org.evosuite.runtime.instrumentation.EvoClassLoader - Seeing class for first time: io.netty.buffer.PoolArena$DirectArena
18:07:26.805 [main] INFO org.evosuite.runtime.instrumentation.EvoClassLoader - Instrumenting class 'io.netty.buffer.PoolArena$DirectArena'.
18:07:26.806 [main] INFO org.evosuite.runtime.instrumentation.MethodCallReplacementClassAdapter - Adding mock interface to class io/netty/buffer/PoolArena$DirectArena
18:07:26.806 [main] INFO org.evosuite.runtime.instrumentation.CreateClassResetClassAdapter - Creating brand-new static initializer in class io/netty/buffer/PoolArena$DirectArena
18:07:26.806 [main] INFO org.evosuite.runtime.instrumentation.EvoClassLoader - Keeping class: io.netty.buffer.PoolArena$DirectArena
18:07:26.807 [main] INFO org.evosuite.runtime.instrumentation.EvoClassLoader - Seeing class for first time: io.netty.buffer.PooledUnsafeDirectByteBuf
18:07:26.807 [main] INFO org.evosuite.runtime.instrumentation.EvoClassLoader - Instrumenting class 'io.netty.buffer.PooledUnsafeDirectByteBuf'.
18:07:26.807 [main] INFO org.evosuite.runtime.instrumentation.MethodCallReplacementClassAdapter - Adding mock interface to class io/netty/buffer/PooledUnsafeDirectByteBuf
18:07:26.808 [main] INFO org.evosuite.runtime.instrumentation.CreateClassResetClassAdapter - Found static initializer in class io/netty/buffer/PooledUnsafeDirectByteBuf
18:07:26.808 [main] INFO org.evosuite.runtime.instrumentation.EvoClassLoader - Keeping class: io.netty.buffer.PooledUnsafeDirectByteBuf
18:07:26.809 [main] INFO org.evosuite.runtime.instrumentation.EvoClassLoader - Seeing class for first time: io.netty.buffer.PooledDirectByteBuf
18:07:26.809 [main] INFO org.evosuite.runtime.instrumentation.EvoClassLoader - Instrumenting class 'io.netty.buffer.PooledDirectByteBuf'.
18:07:26.809 [main] INFO org.evosuite.runtime.instrumentation.MethodCallReplacementClassAdapter - Adding mock interface to class io/netty/buffer/PooledDirectByteBuf
18:07:26.810 [main] INFO org.evosuite.runtime.instrumentation.CreateClassResetClassAdapter - Found static initializer in class io/netty/buffer/PooledDirectByteBuf
18:07:26.810 [main] INFO org.evosuite.runtime.instrumentation.EvoClassLoader - Keeping class: io.netty.buffer.PooledDirectByteBuf
18:07:26.811 [main] INFO org.evosuite.runtime.instrumentation.EvoClassLoader - Seeing class for first time: io.netty.util.internal.LongAdderCounter
18:07:26.811 [main] INFO org.evosuite.runtime.instrumentation.EvoClassLoader - Instrumenting class 'io.netty.util.internal.LongAdderCounter'.
18:07:26.811 [main] INFO org.evosuite.runtime.instrumentation.MethodCallReplacementClassAdapter - Adding mock interface to class io/netty/util/internal/LongAdderCounter
18:07:26.812 [main] INFO org.evosuite.runtime.instrumentation.CreateClassResetClassAdapter - Creating brand-new static initializer in class io/netty/util/internal/LongAdderCounter
18:07:26.812 [main] INFO org.evosuite.runtime.instrumentation.EvoClassLoader - Keeping class: io.netty.util.internal.LongAdderCounter
18:07:26.813 [main] INFO org.evosuite.runtime.instrumentation.EvoClassLoader - Seeing class for first time: io.netty.buffer.PoolSubpage
18:07:26.813 [main] INFO org.evosuite.runtime.instrumentation.EvoClassLoader - Instrumenting class 'io.netty.buffer.PoolSubpage'.
18:07:26.813 [main] INFO org.evosuite.runtime.instrumentation.MethodCallReplacementClassAdapter - Adding mock interface to class io/netty/buffer/PoolSubpage
18:07:26.814 [main] INFO org.evosuite.runtime.instrumentation.CreateClassResetClassAdapter - Found static initializer in class io/netty/buffer/PoolSubpage
18:07:26.815 [main] INFO org.evosuite.runtime.instrumentation.EvoClassLoader - Seeing class for first time: io.netty.buffer.PoolSubpageMetric
18:07:26.815 [main] INFO org.evosuite.runtime.instrumentation.EvoClassLoader - Instrumenting class 'io.netty.buffer.PoolSubpageMetric'.
18:07:26.816 [main] INFO org.evosuite.runtime.instrumentation.EvoClassLoader - Keeping class: io.netty.buffer.PoolSubpageMetric
18:07:26.817 [main] INFO org.evosuite.runtime.instrumentation.EvoClassLoader - Keeping class: io.netty.buffer.PoolSubpage
18:07:26.817 [main] INFO org.evosuite.runtime.instrumentation.EvoClassLoader - Seeing class for first time: io.netty.buffer.PoolChunkList
18:07:26.818 [main] INFO org.evosuite.runtime.instrumentation.EvoClassLoader - Instrumenting class 'io.netty.buffer.PoolChunkList'.
18:07:26.819 [main] INFO org.evosuite.runtime.instrumentation.MethodCallReplacementClassAdapter - Adding mock interface to class io/netty/buffer/PoolChunkList
18:07:26.821 [main] INFO org.evosuite.runtime.instrumentation.CreateClassResetClassAdapter - Found static initializer in class io/netty/buffer/PoolChunkList
18:07:26.822 [main] INFO org.evosuite.runtime.instrumentation.EvoClassLoader - Seeing class for first time: io.netty.buffer.PoolChunkListMetric
18:07:26.822 [main] INFO org.evosuite.runtime.instrumentation.EvoClassLoader - Instrumenting class 'io.netty.buffer.PoolChunkListMetric'.
18:07:26.823 [main] INFO org.evosuite.runtime.instrumentation.EvoClassLoader - Keeping class: io.netty.buffer.PoolChunkListMetric
18:07:26.824 [main] INFO org.evosuite.runtime.instrumentation.EvoClassLoader - Keeping class: io.netty.buffer.PoolChunkList
18:07:26.824 [main] INFO org.evosuite.runtime.instrumentation.EvoClassLoader - Seeing class for first time: io.netty.buffer.PooledByteBufAllocatorMetric
18:07:26.825 [main] INFO org.evosuite.runtime.instrumentation.EvoClassLoader - Instrumenting class 'io.netty.buffer.PooledByteBufAllocatorMetric'.
18:07:26.825 [main] INFO org.evosuite.runtime.instrumentation.MethodCallReplacementClassAdapter - Adding mock interface to class io/netty/buffer/PooledByteBufAllocatorMetric
18:07:26.826 [main] INFO org.evosuite.runtime.instrumentation.CreateClassResetClassAdapter - Creating brand-new static initializer in class io/netty/buffer/PooledByteBufAllocatorMetric
18:07:26.827 [main] INFO org.evosuite.runtime.instrumentation.EvoClassLoader - Keeping class: io.netty.buffer.PooledByteBufAllocatorMetric
18:07:26.828 [main] INFO org.evosuite.runtime.instrumentation.EvoClassLoader - Seeing class for first time: io.netty.util.internal.shaded.org.jctools.queues.atomic.LinkedQueueAtomicNode
18:07:26.828 [main] INFO org.evosuite.runtime.instrumentation.EvoClassLoader - Instrumenting class 'io.netty.util.internal.shaded.org.jctools.queues.atomic.LinkedQueueAtomicNode'.
18:07:26.829 [main] INFO org.evosuite.runtime.instrumentation.MethodCallReplacementClassAdapter - Adding mock interface to class io/netty/util/internal/shaded/org/jctools/queues/atomic/LinkedQueueAtomicNode
18:07:26.830 [main] INFO org.evosuite.runtime.instrumentation.CreateClassResetClassAdapter - Creating brand-new static initializer in class io/netty/util/internal/shaded/org/jctools/queues/atomic/LinkedQueueAtomicNode
18:07:26.830 [main] INFO org.evosuite.runtime.instrumentation.EvoClassLoader - Keeping class: io.netty.util.internal.shaded.org.jctools.queues.atomic.LinkedQueueAtomicNode
18:07:26.832 [main] INFO org.evosuite.runtime.instrumentation.EvoClassLoader - Seeing class for first time: io.netty.util.internal.shaded.org.jctools.queues.BaseMpscLinkedArrayQueueConsumerFields
18:07:26.832 [main] INFO org.evosuite.runtime.instrumentation.EvoClassLoader - Instrumenting class 'io.netty.util.internal.shaded.org.jctools.queues.BaseMpscLinkedArrayQueueConsumerFields'.
18:07:26.833 [main] INFO org.evosuite.runtime.instrumentation.MethodCallReplacementClassAdapter - Adding mock interface to class io/netty/util/internal/shaded/org/jctools/queues/BaseMpscLinkedArrayQueueConsumerFields
18:07:26.834 [main] INFO org.evosuite.runtime.instrumentation.CreateClassResetClassAdapter - Found static initializer in class io/netty/util/internal/shaded/org/jctools/queues/BaseMpscLinkedArrayQueueConsumerFields
18:07:26.834 [main] INFO org.evosuite.runtime.instrumentation.EvoClassLoader - Seeing class for first time: io.netty.util.internal.shaded.org.jctools.queues.BaseMpscLinkedArrayQueuePad2
18:07:26.834 [main] INFO org.evosuite.runtime.instrumentation.EvoClassLoader - Instrumenting class 'io.netty.util.internal.shaded.org.jctools.queues.BaseMpscLinkedArrayQueuePad2'.
18:07:26.835 [main] INFO org.evosuite.runtime.instrumentation.MethodCallReplacementClassAdapter - Adding mock interface to class io/netty/util/internal/shaded/org/jctools/queues/BaseMpscLinkedArrayQueuePad2
18:07:26.836 [main] INFO org.evosuite.runtime.instrumentation.CreateClassResetClassAdapter - Creating brand-new static initializer in class io/netty/util/internal/shaded/org/jctools/queues/BaseMpscLinkedArrayQueuePad2
18:07:26.836 [main] INFO org.evosuite.runtime.instrumentation.EvoClassLoader - Seeing class for first time: io.netty.util.internal.shaded.org.jctools.queues.BaseMpscLinkedArrayQueueProducerFields
18:07:26.836 [main] INFO org.evosuite.runtime.instrumentation.EvoClassLoader - Instrumenting class 'io.netty.util.internal.shaded.org.jctools.queues.BaseMpscLinkedArrayQueueProducerFields'.
18:07:26.837 [main] INFO org.evosuite.runtime.instrumentation.MethodCallReplacementClassAdapter - Adding mock interface to class io/netty/util/internal/shaded/org/jctools/queues/BaseMpscLinkedArrayQueueProducerFields
18:07:26.838 [main] INFO org.evosuite.runtime.instrumentation.CreateClassResetClassAdapter - Found static initializer in class io/netty/util/internal/shaded/org/jctools/queues/BaseMpscLinkedArrayQueueProducerFields
18:07:26.838 [main] INFO org.evosuite.runtime.instrumentation.EvoClassLoader - Seeing class for first time: io.netty.util.internal.shaded.org.jctools.queues.BaseMpscLinkedArrayQueuePad1
18:07:26.838 [main] INFO org.evosuite.runtime.instrumentation.EvoClassLoader - Instrumenting class 'io.netty.util.internal.shaded.org.jctools.queues.BaseMpscLinkedArrayQueuePad1'.
18:07:26.839 [main] INFO org.evosuite.runtime.instrumentation.MethodCallReplacementClassAdapter - Adding mock interface to class io/netty/util/internal/shaded/org/jctools/queues/BaseMpscLinkedArrayQueuePad1
18:07:26.840 [main] INFO org.evosuite.runtime.instrumentation.CreateClassResetClassAdapter - Creating brand-new static initializer in class io/netty/util/internal/shaded/org/jctools/queues/BaseMpscLinkedArrayQueuePad1
18:07:26.840 [main] INFO org.evosuite.runtime.instrumentation.EvoClassLoader - Keeping class: io.netty.util.internal.shaded.org.jctools.queues.BaseMpscLinkedArrayQueuePad1
18:07:26.840 [main] INFO org.evosuite.runtime.instrumentation.EvoClassLoader - Keeping class: io.netty.util.internal.shaded.org.jctools.queues.BaseMpscLinkedArrayQueueProducerFields
18:07:26.841 [main] INFO org.evosuite.runtime.instrumentation.EvoClassLoader - Keeping class: io.netty.util.internal.shaded.org.jctools.queues.BaseMpscLinkedArrayQueuePad2
18:07:26.841 [main] INFO org.evosuite.runtime.instrumentation.EvoClassLoader - Keeping class: io.netty.util.internal.shaded.org.jctools.queues.BaseMpscLinkedArrayQueueConsumerFields
18:07:26.841 [main] INFO org.evosuite.runtime.instrumentation.EvoClassLoader - Seeing class for first time: io.netty.util.internal.shaded.org.jctools.util.UnsafeAccess
18:07:26.841 [main] INFO org.evosuite.runtime.instrumentation.EvoClassLoader - Instrumenting class 'io.netty.util.internal.shaded.org.jctools.util.UnsafeAccess'.
18:07:26.842 [main] INFO org.evosuite.runtime.instrumentation.MethodCallReplacementClassAdapter - Adding mock interface to class io/netty/util/internal/shaded/org/jctools/util/UnsafeAccess
18:07:26.845 [main] INFO org.evosuite.runtime.instrumentation.CreateClassResetClassAdapter - Found static initializer in class io/netty/util/internal/shaded/org/jctools/util/UnsafeAccess
18:07:26.845 [main] INFO org.evosuite.runtime.instrumentation.EvoClassLoader - Defined package (3): package io.netty.util.internal.shaded.org.jctools.util, -1500502634
18:07:26.845 [main] INFO org.evosuite.runtime.instrumentation.EvoClassLoader - Keeping class: io.netty.util.internal.shaded.org.jctools.util.UnsafeAccess
18:07:26.847 [main] INFO org.evosuite.runtime.instrumentation.EvoClassLoader - Seeing class for first time: io.netty.util.internal.shaded.org.jctools.queues.LinkedQueueNode
18:07:26.847 [main] INFO org.evosuite.runtime.instrumentation.EvoClassLoader - Instrumenting class 'io.netty.util.internal.shaded.org.jctools.queues.LinkedQueueNode'.
18:07:26.848 [main] INFO org.evosuite.runtime.instrumentation.MethodCallReplacementClassAdapter - Adding mock interface to class io/netty/util/internal/shaded/org/jctools/queues/LinkedQueueNode
18:07:26.848 [main] INFO org.evosuite.runtime.instrumentation.CreateClassResetClassAdapter - Found static initializer in class io/netty/util/internal/shaded/org/jctools/queues/LinkedQueueNode
18:07:26.849 [main] INFO org.evosuite.runtime.instrumentation.EvoClassLoader - Keeping class: io.netty.util.internal.shaded.org.jctools.queues.LinkedQueueNode
18:07:26.849 [main] INFO org.evosuite.runtime.instrumentation.EvoClassLoader - Seeing class for first time: io.netty.util.ResourceLeakDetector$DefaultResourceLeak
18:07:26.849 [main] INFO org.evosuite.runtime.instrumentation.EvoClassLoader - Instrumenting class 'io.netty.util.ResourceLeakDetector$DefaultResourceLeak'.
18:07:26.850 [main] INFO org.evosuite.runtime.instrumentation.MethodCallReplacementClassAdapter - Adding mock interface to class io/netty/util/ResourceLeakDetector$DefaultResourceLeak
18:07:26.850 [main] INFO org.evosuite.runtime.instrumentation.CreateClassResetClassAdapter - Found static initializer in class io/netty/util/ResourceLeakDetector$DefaultResourceLeak
18:07:26.851 [main] INFO org.evosuite.runtime.instrumentation.EvoClassLoader - Keeping class: io.netty.util.ResourceLeakDetector$DefaultResourceLeak
18:07:26.853 [main] DEBUG io.netty.buffer.AdvancedLeakAwareByteBuf - -Dio.netty.leakDetection.acquireAndReleaseOnly: false
18:07:26.861 [main] INFO org.evosuite.runtime.instrumentation.EvoClassLoader - Seeing class for first time: io.netty.buffer.FixedCompositeByteBuf
18:07:26.861 [main] INFO org.evosuite.runtime.instrumentation.EvoClassLoader - Instrumenting class 'io.netty.buffer.FixedCompositeByteBuf'.
18:07:26.863 [main] INFO org.evosuite.runtime.instrumentation.MethodCallReplacementClassAdapter - Adding mock interface to class io/netty/buffer/FixedCompositeByteBuf
18:07:26.870 [main] INFO org.evosuite.runtime.instrumentation.CreateClassResetClassAdapter - Found static initializer in class io/netty/buffer/FixedCompositeByteBuf
18:07:26.871 [main] INFO org.evosuite.runtime.instrumentation.EvoClassLoader - Keeping class: io.netty.buffer.FixedCompositeByteBuf
18:07:26.872 [main] INFO org.evosuite.runtime.instrumentation.EvoClassLoader - Seeing class for first time: io.netty.buffer.Unpooled
18:07:26.872 [main] INFO org.evosuite.runtime.instrumentation.EvoClassLoader - Instrumenting class 'io.netty.buffer.Unpooled'.
18:07:26.873 [main] INFO org.evosuite.runtime.instrumentation.MethodCallReplacementClassAdapter - Adding mock interface to class io/netty/buffer/Unpooled
18:07:26.880 [main] INFO org.evosuite.runtime.instrumentation.CreateClassResetClassAdapter - Found static initializer in class io/netty/buffer/Unpooled
18:07:26.882 [main] INFO org.evosuite.runtime.instrumentation.EvoClassLoader - Keeping class: io.netty.buffer.Unpooled
18:07:26.882 [main] INFO org.evosuite.runtime.instrumentation.EvoClassLoader - Seeing class for first time: io.netty.buffer.ReadOnlyByteBuf
18:07:26.882 [main] INFO org.evosuite.runtime.instrumentation.EvoClassLoader - Instrumenting class 'io.netty.buffer.ReadOnlyByteBuf'.
18:07:26.884 [main] INFO org.evosuite.runtime.instrumentation.MethodCallReplacementClassAdapter - Adding mock interface to class io/netty/buffer/ReadOnlyByteBuf
18:07:26.886 [main] INFO org.evosuite.runtime.instrumentation.CreateClassResetClassAdapter - Creating brand-new static initializer in class io/netty/buffer/ReadOnlyByteBuf
18:07:26.886 [main] INFO org.evosuite.runtime.instrumentation.EvoClassLoader - Keeping class: io.netty.buffer.ReadOnlyByteBuf
18:07:26.886 [main] INFO org.evosuite.runtime.instrumentation.EvoClassLoader - Seeing class for first time: io.netty.buffer.UnreleasableByteBuf
18:07:26.886 [main] INFO org.evosuite.runtime.instrumentation.EvoClassLoader - Instrumenting class 'io.netty.buffer.UnreleasableByteBuf'.
18:07:26.887 [main] INFO org.evosuite.runtime.instrumentation.MethodCallReplacementClassAdapter - Adding mock interface to class io/netty/buffer/UnreleasableByteBuf
18:07:26.888 [main] INFO org.evosuite.runtime.instrumentation.CreateClassResetClassAdapter - Creating brand-new static initializer in class io/netty/buffer/UnreleasableByteBuf
18:07:26.889 [main] INFO org.evosuite.runtime.instrumentation.EvoClassLoader - Keeping class: io.netty.buffer.UnreleasableByteBuf
18:07:26.889 [main] INFO org.evosuite.runtime.instrumentation.EvoClassLoader - Seeing class for first time: io.netty.buffer.ReadOnlyUnsafeDirectByteBuf
18:07:26.889 [main] INFO org.evosuite.runtime.instrumentation.EvoClassLoader - Instrumenting class 'io.netty.buffer.ReadOnlyUnsafeDirectByteBuf'.
18:07:26.890 [main] INFO org.evosuite.runtime.instrumentation.MethodCallReplacementClassAdapter - Adding mock interface to class io/netty/buffer/ReadOnlyUnsafeDirectByteBuf
18:07:26.891 [main] INFO org.evosuite.runtime.instrumentation.CreateClassResetClassAdapter - Creating brand-new static initializer in class io/netty/buffer/ReadOnlyUnsafeDirectByteBuf
18:07:26.892 [main] INFO org.evosuite.runtime.instrumentation.EvoClassLoader - Seeing class for first time: io.netty.buffer.ReadOnlyByteBufferBuf
18:07:26.892 [main] INFO org.evosuite.runtime.instrumentation.EvoClassLoader - Instrumenting class 'io.netty.buffer.ReadOnlyByteBufferBuf'.
18:07:26.893 [main] INFO org.evosuite.runtime.instrumentation.MethodCallReplacementClassAdapter - Adding mock interface to class io/netty/buffer/ReadOnlyByteBufferBuf
18:07:26.896 [main] INFO org.evosuite.runtime.instrumentation.CreateClassResetClassAdapter - Creating brand-new static initializer in class io/netty/buffer/ReadOnlyByteBufferBuf
18:07:26.897 [main] INFO org.evosuite.runtime.instrumentation.EvoClassLoader - Keeping class: io.netty.buffer.ReadOnlyByteBufferBuf
18:07:26.897 [main] INFO org.evosuite.runtime.instrumentation.EvoClassLoader - Keeping class: io.netty.buffer.ReadOnlyUnsafeDirectByteBuf
18:07:26.897 [main] INFO org.evosuite.runtime.instrumentation.EvoClassLoader - Seeing class for first time: io.netty.buffer.WrappedUnpooledUnsafeDirectByteBuf
18:07:26.897 [main] INFO org.evosuite.runtime.instrumentation.EvoClassLoader - Instrumenting class 'io.netty.buffer.WrappedUnpooledUnsafeDirectByteBuf'.
18:07:26.897 [main] INFO org.evosuite.runtime.instrumentation.MethodCallReplacementClassAdapter - Adding mock interface to class io/netty/buffer/WrappedUnpooledUnsafeDirectByteBuf
18:07:26.897 [main] INFO org.evosuite.runtime.instrumentation.CreateClassResetClassAdapter - Creating brand-new static initializer in class io/netty/buffer/WrappedUnpooledUnsafeDirectByteBuf
18:07:26.898 [main] INFO org.evosuite.runtime.instrumentation.EvoClassLoader - Keeping class: io.netty.buffer.WrappedUnpooledUnsafeDirectByteBuf
18:07:26.898 [main] INFO org.evosuite.runtime.instrumentation.EvoClassLoader - Seeing class for first time: io.netty.buffer.UnpooledByteBufAllocator
18:07:26.898 [main] INFO org.evosuite.runtime.instrumentation.EvoClassLoader - Instrumenting class 'io.netty.buffer.UnpooledByteBufAllocator'.
18:07:26.898 [main] INFO org.evosuite.runtime.instrumentation.MethodCallReplacementClassAdapter - Adding mock interface to class io/netty/buffer/UnpooledByteBufAllocator
18:07:26.914 [main] INFO org.evosuite.runtime.instrumentation.CreateClassResetClassAdapter - Found static initializer in class io/netty/buffer/UnpooledByteBufAllocator
18:07:26.914 [main] INFO org.evosuite.runtime.instrumentation.EvoClassLoader - Keeping class: io.netty.buffer.UnpooledByteBufAllocator
18:07:26.914 [main] INFO org.evosuite.runtime.instrumentation.EvoClassLoader - Seeing class for first time: io.netty.buffer.UnpooledByteBufAllocator$InstrumentedUnpooledUnsafeDirectByteBuf
18:07:26.914 [main] INFO org.evosuite.runtime.instrumentation.EvoClassLoader - Instrumenting class 'io.netty.buffer.UnpooledByteBufAllocator$InstrumentedUnpooledUnsafeDirectByteBuf'.
18:07:26.915 [main] INFO org.evosuite.runtime.instrumentation.MethodCallReplacementClassAdapter - Adding mock interface to class io/netty/buffer/UnpooledByteBufAllocator$InstrumentedUnpooledUnsafeDirectByteBuf
18:07:26.915 [main] INFO org.evosuite.runtime.instrumentation.CreateClassResetClassAdapter - Creating brand-new static initializer in class io/netty/buffer/UnpooledByteBufAllocator$InstrumentedUnpooledUnsafeDirectByteBuf
18:07:26.915 [main] INFO org.evosuite.runtime.instrumentation.EvoClassLoader - Keeping class: io.netty.buffer.UnpooledByteBufAllocator$InstrumentedUnpooledUnsafeDirectByteBuf
18:07:26.915 [main] INFO org.evosuite.runtime.instrumentation.EvoClassLoader - Seeing class for first time: io.netty.buffer.UnpooledByteBufAllocator$InstrumentedUnpooledUnsafeHeapByteBuf
18:07:26.915 [main] INFO org.evosuite.runtime.instrumentation.EvoClassLoader - Instrumenting class 'io.netty.buffer.UnpooledByteBufAllocator$InstrumentedUnpooledUnsafeHeapByteBuf'.
18:07:26.916 [main] INFO org.evosuite.runtime.instrumentation.MethodCallReplacementClassAdapter - Adding mock interface to class io/netty/buffer/UnpooledByteBufAllocator$InstrumentedUnpooledUnsafeHeapByteBuf
18:07:26.916 [main] INFO org.evosuite.runtime.instrumentation.CreateClassResetClassAdapter - Creating brand-new static initializer in class io/netty/buffer/UnpooledByteBufAllocator$InstrumentedUnpooledUnsafeHeapByteBuf
18:07:26.917 [main] INFO org.evosuite.runtime.instrumentation.EvoClassLoader - Keeping class: io.netty.buffer.UnpooledByteBufAllocator$InstrumentedUnpooledUnsafeHeapByteBuf
18:07:26.917 [main] INFO org.evosuite.runtime.instrumentation.EvoClassLoader - Seeing class for first time: io.netty.buffer.UnpooledByteBufAllocator$InstrumentedUnpooledHeapByteBuf
18:07:26.917 [main] INFO org.evosuite.runtime.instrumentation.EvoClassLoader - Instrumenting class 'io.netty.buffer.UnpooledByteBufAllocator$InstrumentedUnpooledHeapByteBuf'.
18:07:26.917 [main] INFO org.evosuite.runtime.instrumentation.MethodCallReplacementClassAdapter - Adding mock interface to class io/netty/buffer/UnpooledByteBufAllocator$InstrumentedUnpooledHeapByteBuf
18:07:26.918 [main] INFO org.evosuite.runtime.instrumentation.CreateClassResetClassAdapter - Creating brand-new static initializer in class io/netty/buffer/UnpooledByteBufAllocator$InstrumentedUnpooledHeapByteBuf
18:07:26.918 [main] INFO org.evosuite.runtime.instrumentation.EvoClassLoader - Keeping class: io.netty.buffer.UnpooledByteBufAllocator$InstrumentedUnpooledHeapByteBuf
18:07:26.918 [main] INFO org.evosuite.runtime.instrumentation.EvoClassLoader - Seeing class for first time: io.netty.buffer.UnpooledByteBufAllocator$UnpooledByteBufAllocatorMetric
18:07:26.918 [main] INFO org.evosuite.runtime.instrumentation.EvoClassLoader - Instrumenting class 'io.netty.buffer.UnpooledByteBufAllocator$UnpooledByteBufAllocatorMetric'.
18:07:26.919 [main] INFO org.evosuite.runtime.instrumentation.MethodCallReplacementClassAdapter - Adding mock interface to class io/netty/buffer/UnpooledByteBufAllocator$UnpooledByteBufAllocatorMetric
18:07:26.920 [main] INFO org.evosuite.runtime.instrumentation.CreateClassResetClassAdapter - Creating brand-new static initializer in class io/netty/buffer/UnpooledByteBufAllocator$UnpooledByteBufAllocatorMetric
18:07:26.920 [main] INFO org.evosuite.runtime.instrumentation.EvoClassLoader - Keeping class: io.netty.buffer.UnpooledByteBufAllocator$UnpooledByteBufAllocatorMetric
18:07:26.922 [main] INFO org.evosuite.runtime.instrumentation.EvoClassLoader - Seeing class for first time: io.netty.util.internal.shaded.org.jctools.queues.MessagePassingQueue$Consumer
18:07:26.922 [main] INFO org.evosuite.runtime.instrumentation.EvoClassLoader - Instrumenting class 'io.netty.util.internal.shaded.org.jctools.queues.MessagePassingQueue$Consumer'.
18:07:26.923 [main] INFO org.evosuite.runtime.instrumentation.EvoClassLoader - Keeping class: io.netty.util.internal.shaded.org.jctools.queues.MessagePassingQueue$Consumer
18:07:26.924 [main] INFO org.evosuite.runtime.instrumentation.EvoClassLoader - Seeing class for first time: io.netty.util.internal.shaded.org.jctools.queues.atomic.MpscChunkedAtomicArrayQueueColdProducerFields
18:07:26.924 [main] INFO org.evosuite.runtime.instrumentation.EvoClassLoader - Instrumenting class 'io.netty.util.internal.shaded.org.jctools.queues.atomic.MpscChunkedAtomicArrayQueueColdProducerFields'.
18:07:26.925 [main] INFO org.evosuite.runtime.instrumentation.MethodCallReplacementClassAdapter - Adding mock interface to class io/netty/util/internal/shaded/org/jctools/queues/atomic/MpscChunkedAtomicArrayQueueColdProducerFields
18:07:26.926 [main] INFO org.evosuite.runtime.instrumentation.CreateClassResetClassAdapter - Creating brand-new static initializer in class io/netty/util/internal/shaded/org/jctools/queues/atomic/MpscChunkedAtomicArrayQueueColdProducerFields
18:07:26.926 [main] INFO org.evosuite.runtime.instrumentation.EvoClassLoader - Seeing class for first time: io.netty.util.internal.shaded.org.jctools.queues.atomic.BaseMpscLinkedAtomicArrayQueue
18:07:26.926 [main] INFO org.evosuite.runtime.instrumentation.EvoClassLoader - Instrumenting class 'io.netty.util.internal.shaded.org.jctools.queues.atomic.BaseMpscLinkedAtomicArrayQueue'.
18:07:26.927 [main] INFO org.evosuite.runtime.instrumentation.MethodCallReplacementClassAdapter - Adding mock interface to class io/netty/util/internal/shaded/org/jctools/queues/atomic/BaseMpscLinkedAtomicArrayQueue
18:07:26.936 [main] INFO org.evosuite.runtime.instrumentation.CreateClassResetClassAdapter - Found static initializer in class io/netty/util/internal/shaded/org/jctools/queues/atomic/BaseMpscLinkedAtomicArrayQueue
18:07:26.937 [main] INFO org.evosuite.runtime.instrumentation.EvoClassLoader - Seeing class for first time: io.netty.util.internal.shaded.org.jctools.queues.atomic.BaseMpscLinkedAtomicArrayQueueColdProducerFields
18:07:26.937 [main] INFO org.evosuite.runtime.instrumentation.EvoClassLoader - Instrumenting class 'io.netty.util.internal.shaded.org.jctools.queues.atomic.BaseMpscLinkedAtomicArrayQueueColdProducerFields'.
18:07:26.938 [main] INFO org.evosuite.runtime.instrumentation.MethodCallReplacementClassAdapter - Adding mock interface to class io/netty/util/internal/shaded/org/jctools/queues/atomic/BaseMpscLinkedAtomicArrayQueueColdProducerFields
18:07:26.939 [main] INFO org.evosuite.runtime.instrumentation.CreateClassResetClassAdapter - Found static initializer in class io/netty/util/internal/shaded/org/jctools/queues/atomic/BaseMpscLinkedAtomicArrayQueueColdProducerFields
18:07:26.940 [main] INFO org.evosuite.runtime.instrumentation.EvoClassLoader - Seeing class for first time: io.netty.util.internal.shaded.org.jctools.queues.atomic.BaseMpscLinkedAtomicArrayQueuePad3
18:07:26.940 [main] INFO org.evosuite.runtime.instrumentation.EvoClassLoader - Instrumenting class 'io.netty.util.internal.shaded.org.jctools.queues.atomic.BaseMpscLinkedAtomicArrayQueuePad3'.
18:07:26.941 [main] INFO org.evosuite.runtime.instrumentation.MethodCallReplacementClassAdapter - Adding mock interface to class io/netty/util/internal/shaded/org/jctools/queues/atomic/BaseMpscLinkedAtomicArrayQueuePad3
18:07:26.941 [main] INFO org.evosuite.runtime.instrumentation.CreateClassResetClassAdapter - Creating brand-new static initializer in class io/netty/util/internal/shaded/org/jctools/queues/atomic/BaseMpscLinkedAtomicArrayQueuePad3
18:07:26.942 [main] INFO org.evosuite.runtime.instrumentation.EvoClassLoader - Seeing class for first time: io.netty.util.internal.shaded.org.jctools.queues.atomic.BaseMpscLinkedAtomicArrayQueueConsumerFields
18:07:26.942 [main] INFO org.evosuite.runtime.instrumentation.EvoClassLoader - Instrumenting class 'io.netty.util.internal.shaded.org.jctools.queues.atomic.BaseMpscLinkedAtomicArrayQueueConsumerFields'.
18:07:26.942 [main] INFO org.evosuite.runtime.instrumentation.MethodCallReplacementClassAdapter - Adding mock interface to class io/netty/util/internal/shaded/org/jctools/queues/atomic/BaseMpscLinkedAtomicArrayQueueConsumerFields
18:07:26.943 [main] INFO org.evosuite.runtime.instrumentation.CreateClassResetClassAdapter - Found static initializer in class io/netty/util/internal/shaded/org/jctools/queues/atomic/BaseMpscLinkedAtomicArrayQueueConsumerFields
18:07:26.943 [main] INFO org.evosuite.runtime.instrumentation.EvoClassLoader - Seeing class for first time: io.netty.util.internal.shaded.org.jctools.queues.atomic.BaseMpscLinkedAtomicArrayQueuePad2
18:07:26.943 [main] INFO org.evosuite.runtime.instrumentation.EvoClassLoader - Instrumenting class 'io.netty.util.internal.shaded.org.jctools.queues.atomic.BaseMpscLinkedAtomicArrayQueuePad2'.
18:07:26.944 [main] INFO org.evosuite.runtime.instrumentation.MethodCallReplacementClassAdapter - Adding mock interface to class io/netty/util/internal/shaded/org/jctools/queues/atomic/BaseMpscLinkedAtomicArrayQueuePad2
18:07:26.945 [main] INFO org.evosuite.runtime.instrumentation.CreateClassResetClassAdapter - Creating brand-new static initializer in class io/netty/util/internal/shaded/org/jctools/queues/atomic/BaseMpscLinkedAtomicArrayQueuePad2
18:07:26.945 [main] INFO org.evosuite.runtime.instrumentation.EvoClassLoader - Seeing class for first time: io.netty.util.internal.shaded.org.jctools.queues.atomic.BaseMpscLinkedAtomicArrayQueueProducerFields
18:07:26.945 [main] INFO org.evosuite.runtime.instrumentation.EvoClassLoader - Instrumenting class 'io.netty.util.internal.shaded.org.jctools.queues.atomic.BaseMpscLinkedAtomicArrayQueueProducerFields'.
18:07:26.946 [main] INFO org.evosuite.runtime.instrumentation.MethodCallReplacementClassAdapter - Adding mock interface to class io/netty/util/internal/shaded/org/jctools/queues/atomic/BaseMpscLinkedAtomicArrayQueueProducerFields
18:07:26.947 [main] INFO org.evosuite.runtime.instrumentation.CreateClassResetClassAdapter - Found static initializer in class io/netty/util/internal/shaded/org/jctools/queues/atomic/BaseMpscLinkedAtomicArrayQueueProducerFields
18:07:26.948 [main] INFO org.evosuite.runtime.instrumentation.EvoClassLoader - Seeing class for first time: io.netty.util.internal.shaded.org.jctools.queues.atomic.BaseMpscLinkedAtomicArrayQueuePad1
18:07:26.948 [main] INFO org.evosuite.runtime.instrumentation.EvoClassLoader - Instrumenting class 'io.netty.util.internal.shaded.org.jctools.queues.atomic.BaseMpscLinkedAtomicArrayQueuePad1'.
18:07:26.949 [main] INFO org.evosuite.runtime.instrumentation.MethodCallReplacementClassAdapter - Adding mock interface to class io/netty/util/internal/shaded/org/jctools/queues/atomic/BaseMpscLinkedAtomicArrayQueuePad1
18:07:26.949 [main] INFO org.evosuite.runtime.instrumentation.CreateClassResetClassAdapter - Creating brand-new static initializer in class io/netty/util/internal/shaded/org/jctools/queues/atomic/BaseMpscLinkedAtomicArrayQueuePad1
18:07:26.949 [main] INFO org.evosuite.runtime.instrumentation.EvoClassLoader - Keeping class: io.netty.util.internal.shaded.org.jctools.queues.atomic.BaseMpscLinkedAtomicArrayQueuePad1
18:07:26.950 [main] INFO org.evosuite.runtime.instrumentation.EvoClassLoader - Keeping class: io.netty.util.internal.shaded.org.jctools.queues.atomic.BaseMpscLinkedAtomicArrayQueueProducerFields
18:07:26.950 [main] INFO org.evosuite.runtime.instrumentation.EvoClassLoader - Keeping class: io.netty.util.internal.shaded.org.jctools.queues.atomic.BaseMpscLinkedAtomicArrayQueuePad2
18:07:26.950 [main] INFO org.evosuite.runtime.instrumentation.EvoClassLoader - Keeping class: io.netty.util.internal.shaded.org.jctools.queues.atomic.BaseMpscLinkedAtomicArrayQueueConsumerFields
18:07:26.950 [main] INFO org.evosuite.runtime.instrumentation.EvoClassLoader - Keeping class: io.netty.util.internal.shaded.org.jctools.queues.atomic.BaseMpscLinkedAtomicArrayQueuePad3
18:07:26.950 [main] INFO org.evosuite.runtime.instrumentation.EvoClassLoader - Keeping class: io.netty.util.internal.shaded.org.jctools.queues.atomic.BaseMpscLinkedAtomicArrayQueueColdProducerFields
18:07:26.950 [main] INFO org.evosuite.runtime.instrumentation.EvoClassLoader - Keeping class: io.netty.util.internal.shaded.org.jctools.queues.atomic.BaseMpscLinkedAtomicArrayQueue
18:07:26.950 [main] INFO org.evosuite.runtime.instrumentation.EvoClassLoader - Keeping class: io.netty.util.internal.shaded.org.jctools.queues.atomic.MpscChunkedAtomicArrayQueueColdProducerFields
18:07:26.954 [main] INFO org.evosuite.runtime.instrumentation.EvoClassLoader - Seeing class for first time: io.netty.util.internal.shaded.org.jctools.util.RangeUtil
18:07:26.954 [main] INFO org.evosuite.runtime.instrumentation.EvoClassLoader - Instrumenting class 'io.netty.util.internal.shaded.org.jctools.util.RangeUtil'.
18:07:26.955 [main] INFO org.evosuite.runtime.instrumentation.MethodCallReplacementClassAdapter - Adding mock interface to class io/netty/util/internal/shaded/org/jctools/util/RangeUtil
18:07:26.958 [main] INFO org.evosuite.runtime.instrumentation.CreateClassResetClassAdapter - Creating brand-new static initializer in class io/netty/util/internal/shaded/org/jctools/util/RangeUtil
18:07:26.959 [main] INFO org.evosuite.runtime.instrumentation.EvoClassLoader - Keeping class: io.netty.util.internal.shaded.org.jctools.util.RangeUtil
18:07:26.960 [main] INFO org.evosuite.runtime.instrumentation.EvoClassLoader - Seeing class for first time: io.netty.util.Recycler$1
18:07:26.960 [main] INFO org.evosuite.runtime.instrumentation.EvoClassLoader - Instrumenting class 'io.netty.util.Recycler$1'.
18:07:26.961 [main] INFO org.evosuite.runtime.instrumentation.MethodCallReplacementClassAdapter - Adding mock interface to class io/netty/util/Recycler$1
18:07:26.962 [main] INFO org.evosuite.runtime.instrumentation.EvoClassLoader - Seeing class for first time: io.netty.util.Recycler$EnhancedHandle
18:07:26.962 [main] INFO org.evosuite.runtime.instrumentation.EvoClassLoader - Instrumenting class 'io.netty.util.Recycler$EnhancedHandle'.
18:07:26.963 [main] INFO org.evosuite.runtime.instrumentation.MethodCallReplacementClassAdapter - Adding mock interface to class io/netty/util/Recycler$EnhancedHandle
18:07:26.964 [main] INFO org.evosuite.runtime.instrumentation.CreateClassResetClassAdapter - Creating brand-new static initializer in class io/netty/util/Recycler$EnhancedHandle
18:07:26.964 [main] INFO org.evosuite.runtime.instrumentation.EvoClassLoader - Seeing class for first time: io.netty.util.Recycler$Handle
18:07:26.964 [main] INFO org.evosuite.runtime.instrumentation.EvoClassLoader - Instrumenting class 'io.netty.util.Recycler$Handle'.
18:07:26.965 [main] INFO org.evosuite.runtime.instrumentation.EvoClassLoader - Seeing class for first time: io.netty.util.internal.ObjectPool$Handle
18:07:26.965 [main] INFO org.evosuite.runtime.instrumentation.EvoClassLoader - Instrumenting class 'io.netty.util.internal.ObjectPool$Handle'.
18:07:26.966 [main] INFO org.evosuite.runtime.instrumentation.EvoClassLoader - Keeping class: io.netty.util.internal.ObjectPool$Handle
18:07:26.966 [main] INFO org.evosuite.runtime.instrumentation.EvoClassLoader - Keeping class: io.netty.util.Recycler$Handle
18:07:26.966 [main] INFO org.evosuite.runtime.instrumentation.EvoClassLoader - Keeping class: io.netty.util.Recycler$EnhancedHandle
18:07:26.966 [main] INFO org.evosuite.runtime.instrumentation.EvoClassLoader - Keeping class: io.netty.util.Recycler$1
18:07:26.967 [main] INFO org.evosuite.runtime.instrumentation.EvoClassLoader - Seeing class for first time: io.netty.util.Recycler$2
18:07:26.967 [main] INFO org.evosuite.runtime.instrumentation.EvoClassLoader - Instrumenting class 'io.netty.util.Recycler$2'.
18:07:26.967 [main] INFO org.evosuite.runtime.instrumentation.MethodCallReplacementClassAdapter - Adding mock interface to class io/netty/util/Recycler$2
18:07:26.968 [main] INFO org.evosuite.runtime.instrumentation.EvoClassLoader - Keeping class: io.netty.util.Recycler$2
18:07:26.970 [main] INFO org.evosuite.runtime.instrumentation.EvoClassLoader - Seeing class for first time: io.netty.buffer.PooledDuplicatedByteBuf
18:07:26.970 [main] INFO org.evosuite.runtime.instrumentation.EvoClassLoader - Instrumenting class 'io.netty.buffer.PooledDuplicatedByteBuf'.
18:07:26.971 [main] INFO org.evosuite.runtime.instrumentation.MethodCallReplacementClassAdapter - Adding mock interface to class io/netty/buffer/PooledDuplicatedByteBuf
18:07:26.973 [main] INFO org.evosuite.runtime.instrumentation.CreateClassResetClassAdapter - Found static initializer in class io/netty/buffer/PooledDuplicatedByteBuf
18:07:26.974 [main] INFO org.evosuite.runtime.instrumentation.EvoClassLoader - Seeing class for first time: io.netty.buffer.AbstractPooledDerivedByteBuf
18:07:26.974 [main] INFO org.evosuite.runtime.instrumentation.EvoClassLoader - Instrumenting class 'io.netty.buffer.AbstractPooledDerivedByteBuf'.
18:07:26.975 [main] INFO org.evosuite.runtime.instrumentation.MethodCallReplacementClassAdapter - Adding mock interface to class io/netty/buffer/AbstractPooledDerivedByteBuf
18:07:26.976 [main] INFO org.evosuite.runtime.instrumentation.CreateClassResetClassAdapter - Found static initializer in class io/netty/buffer/AbstractPooledDerivedByteBuf
18:07:26.977 [main] INFO org.evosuite.runtime.instrumentation.EvoClassLoader - Keeping class: io.netty.buffer.AbstractPooledDerivedByteBuf
18:07:26.977 [main] INFO org.evosuite.runtime.instrumentation.EvoClassLoader - Keeping class: io.netty.buffer.PooledDuplicatedByteBuf
18:07:26.977 [main] INFO org.evosuite.runtime.instrumentation.EvoClassLoader - Seeing class for first time: io.netty.buffer.PooledSlicedByteBuf
18:07:26.977 [main] INFO org.evosuite.runtime.instrumentation.EvoClassLoader - Instrumenting class 'io.netty.buffer.PooledSlicedByteBuf'.
18:07:26.979 [main] INFO org.evosuite.runtime.instrumentation.MethodCallReplacementClassAdapter - Adding mock interface to class io/netty/buffer/PooledSlicedByteBuf
18:07:26.981 [main] INFO org.evosuite.runtime.instrumentation.CreateClassResetClassAdapter - Found static initializer in class io/netty/buffer/PooledSlicedByteBuf
18:07:26.982 [main] INFO org.evosuite.runtime.instrumentation.EvoClassLoader - Keeping class: io.netty.buffer.PooledSlicedByteBuf
18:07:26.983 [main] INFO org.evosuite.runtime.instrumentation.EvoClassLoader - Seeing class for first time: io.netty.buffer.AbstractPooledDerivedByteBuf$PooledNonRetainedDuplicateByteBuf
18:07:26.983 [main] INFO org.evosuite.runtime.instrumentation.EvoClassLoader - Instrumenting class 'io.netty.buffer.AbstractPooledDerivedByteBuf$PooledNonRetainedDuplicateByteBuf'.
18:07:26.984 [main] INFO org.evosuite.runtime.instrumentation.MethodCallReplacementClassAdapter - Adding mock interface to class io/netty/buffer/AbstractPooledDerivedByteBuf$PooledNonRetainedDuplicateByteBuf
18:07:26.985 [main] INFO org.evosuite.runtime.instrumentation.CreateClassResetClassAdapter - Creating brand-new static initializer in class io/netty/buffer/AbstractPooledDerivedByteBuf$PooledNonRetainedDuplicateByteBuf
18:07:26.986 [main] INFO org.evosuite.runtime.instrumentation.EvoClassLoader - Keeping class: io.netty.buffer.AbstractPooledDerivedByteBuf$PooledNonRetainedDuplicateByteBuf
18:07:26.986 [main] INFO org.evosuite.runtime.instrumentation.EvoClassLoader - Seeing class for first time: io.netty.buffer.AbstractPooledDerivedByteBuf$PooledNonRetainedSlicedByteBuf
18:07:26.986 [main] INFO org.evosuite.runtime.instrumentation.EvoClassLoader - Instrumenting class 'io.netty.buffer.AbstractPooledDerivedByteBuf$PooledNonRetainedSlicedByteBuf'.
18:07:26.987 [main] INFO org.evosuite.runtime.instrumentation.MethodCallReplacementClassAdapter - Adding mock interface to class io/netty/buffer/AbstractPooledDerivedByteBuf$PooledNonRetainedSlicedByteBuf
18:07:26.988 [main] INFO org.evosuite.runtime.instrumentation.CreateClassResetClassAdapter - Creating brand-new static initializer in class io/netty/buffer/AbstractPooledDerivedByteBuf$PooledNonRetainedSlicedByteBuf
18:07:26.988 [main] INFO org.evosuite.runtime.instrumentation.EvoClassLoader - Keeping class: io.netty.buffer.AbstractPooledDerivedByteBuf$PooledNonRetainedSlicedByteBuf
18:07:26.990 [main] INFO org.evosuite.runtime.instrumentation.EvoClassLoader - Seeing class for first time: io.netty.util.internal.shaded.org.jctools.util.UnsafeRefArrayAccess
18:07:26.990 [main] INFO org.evosuite.runtime.instrumentation.EvoClassLoader - Instrumenting class 'io.netty.util.internal.shaded.org.jctools.util.UnsafeRefArrayAccess'.
18:07:26.991 [main] INFO org.evosuite.runtime.instrumentation.MethodCallReplacementClassAdapter - Adding mock interface to class io/netty/util/internal/shaded/org/jctools/util/UnsafeRefArrayAccess
18:07:26.992 [main] INFO org.evosuite.runtime.instrumentation.CreateClassResetClassAdapter - Found static initializer in class io/netty/util/internal/shaded/org/jctools/util/UnsafeRefArrayAccess
18:07:26.994 [main] INFO org.evosuite.runtime.instrumentation.EvoClassLoader - Keeping class: io.netty.util.internal.shaded.org.jctools.util.UnsafeRefArrayAccess
18:07:26.996 [main] INFO org.evosuite.runtime.instrumentation.EvoClassLoader - Seeing class for first time: io.netty.buffer.UnsafeHeapSwappedByteBuf
18:07:26.996 [main] INFO org.evosuite.runtime.instrumentation.EvoClassLoader - Instrumenting class 'io.netty.buffer.UnsafeHeapSwappedByteBuf'.
18:07:26.997 [main] INFO org.evosuite.runtime.instrumentation.MethodCallReplacementClassAdapter - Adding mock interface to class io/netty/buffer/UnsafeHeapSwappedByteBuf
18:07:26.997 [main] INFO org.evosuite.runtime.instrumentation.CreateClassResetClassAdapter - Creating brand-new static initializer in class io/netty/buffer/UnsafeHeapSwappedByteBuf
18:07:26.998 [main] INFO org.evosuite.runtime.instrumentation.EvoClassLoader - Keeping class: io.netty.buffer.UnsafeHeapSwappedByteBuf
18:07:26.999 [main] INFO org.evosuite.runtime.instrumentation.EvoClassLoader - Seeing class for first time: io.netty.buffer.ByteBufUtil$ThreadLocalDirectByteBuf
18:07:26.999 [main] INFO org.evosuite.runtime.instrumentation.EvoClassLoader - Instrumenting class 'io.netty.buffer.ByteBufUtil$ThreadLocalDirectByteBuf'.
18:07:26.999 [main] INFO org.evosuite.runtime.instrumentation.MethodCallReplacementClassAdapter - Adding mock interface to class io/netty/buffer/ByteBufUtil$ThreadLocalDirectByteBuf
18:07:27.000 [main] INFO org.evosuite.runtime.instrumentation.CreateClassResetClassAdapter - Found static initializer in class io/netty/buffer/ByteBufUtil$ThreadLocalDirectByteBuf
18:07:27.001 [main] INFO org.evosuite.runtime.instrumentation.EvoClassLoader - Keeping class: io.netty.buffer.ByteBufUtil$ThreadLocalDirectByteBuf
18:07:27.001 [main] INFO org.evosuite.runtime.instrumentation.EvoClassLoader - Seeing class for first time: io.netty.util.internal.ObjectPool$ObjectCreator
18:07:27.001 [main] INFO org.evosuite.runtime.instrumentation.EvoClassLoader - Instrumenting class 'io.netty.util.internal.ObjectPool$ObjectCreator'.
18:07:27.002 [main] INFO org.evosuite.runtime.instrumentation.EvoClassLoader - Keeping class: io.netty.util.internal.ObjectPool$ObjectCreator
18:07:27.002 [main] INFO org.evosuite.runtime.instrumentation.EvoClassLoader - Seeing class for first time: io.netty.buffer.ByteBufUtil$ThreadLocalDirectByteBuf$1
18:07:27.002 [main] INFO org.evosuite.runtime.instrumentation.EvoClassLoader - Instrumenting class 'io.netty.buffer.ByteBufUtil$ThreadLocalDirectByteBuf$1'.
18:07:27.003 [main] INFO org.evosuite.runtime.instrumentation.MethodCallReplacementClassAdapter - Adding mock interface to class io/netty/buffer/ByteBufUtil$ThreadLocalDirectByteBuf$1
18:07:27.003 [main] INFO org.evosuite.runtime.instrumentation.EvoClassLoader - Keeping class: io.netty.buffer.ByteBufUtil$ThreadLocalDirectByteBuf$1
18:07:27.004 [main] DEBUG io.netty.util.Recycler - -Dio.netty.recycler.maxCapacityPerThread: 4096
18:07:27.004 [main] DEBUG io.netty.util.Recycler - -Dio.netty.recycler.ratio: 8
18:07:27.004 [main] DEBUG io.netty.util.Recycler - -Dio.netty.recycler.chunkSize: 32
18:07:27.004 [main] DEBUG io.netty.util.Recycler - -Dio.netty.recycler.blocking: false
18:07:27.004 [main] DEBUG io.netty.util.Recycler - -Dio.netty.recycler.batchFastThreadLocalOnly: true
18:07:27.005 [main] INFO org.evosuite.runtime.instrumentation.EvoClassLoader - Seeing class for first time: io.netty.buffer.ByteBufUtil
18:07:27.005 [main] INFO org.evosuite.runtime.instrumentation.EvoClassLoader - Instrumenting class 'io.netty.buffer.ByteBufUtil'.
18:07:27.007 [main] INFO org.evosuite.runtime.instrumentation.MethodCallReplacementClassAdapter - Adding mock interface to class io/netty/buffer/ByteBufUtil
18:07:27.018 [main] INFO org.evosuite.runtime.instrumentation.CreateClassResetClassAdapter - Found static initializer in class io/netty/buffer/ByteBufUtil
18:07:27.024 [main] INFO org.evosuite.runtime.instrumentation.EvoClassLoader - Keeping class: io.netty.buffer.ByteBufUtil
18:07:27.025 [main] INFO org.evosuite.runtime.instrumentation.EvoClassLoader - Seeing class for first time: io.netty.buffer.ByteBufUtil$ThreadLocalUnsafeDirectByteBuf
18:07:27.025 [main] INFO org.evosuite.runtime.instrumentation.EvoClassLoader - Instrumenting class 'io.netty.buffer.ByteBufUtil$ThreadLocalUnsafeDirectByteBuf'.
18:07:27.026 [main] INFO org.evosuite.runtime.instrumentation.MethodCallReplacementClassAdapter - Adding mock interface to class io/netty/buffer/ByteBufUtil$ThreadLocalUnsafeDirectByteBuf
18:07:27.027 [main] INFO org.evosuite.runtime.instrumentation.CreateClassResetClassAdapter - Found static initializer in class io/netty/buffer/ByteBufUtil$ThreadLocalUnsafeDirectByteBuf
18:07:27.027 [main] INFO org.evosuite.runtime.instrumentation.EvoClassLoader - Keeping class: io.netty.buffer.ByteBufUtil$ThreadLocalUnsafeDirectByteBuf
18:07:27.028 [main] INFO org.evosuite.runtime.instrumentation.EvoClassLoader - Seeing class for first time: io.netty.util.CharsetUtil
18:07:27.029 [main] INFO org.evosuite.runtime.instrumentation.EvoClassLoader - Instrumenting class 'io.netty.util.CharsetUtil'.
18:07:27.029 [main] INFO org.evosuite.runtime.instrumentation.MethodCallReplacementClassAdapter - Adding mock interface to class io/netty/util/CharsetUtil
18:07:27.030 [main] INFO org.evosuite.runtime.instrumentation.CreateClassResetClassAdapter - Found static initializer in class io/netty/util/CharsetUtil
18:07:27.030 [main] INFO org.evosuite.runtime.instrumentation.EvoClassLoader - Keeping class: io.netty.util.CharsetUtil
18:07:27.031 [main] DEBUG io.netty.buffer.ByteBufUtil - -Dio.netty.allocator.type: pooled
18:07:27.031 [main] DEBUG io.netty.buffer.ByteBufUtil - -Dio.netty.threadLocalDirectBufferSize: 0
18:07:27.031 [main] DEBUG io.netty.buffer.ByteBufUtil - -Dio.netty.maxThreadLocalCharBufferSize: 16384
18:07:27.035 [main] INFO org.evosuite.runtime.instrumentation.EvoClassLoader - Seeing class for first time: io.netty.buffer.PooledDuplicatedByteBuf$1
18:07:27.035 [main] INFO org.evosuite.runtime.instrumentation.EvoClassLoader - Instrumenting class 'io.netty.buffer.PooledDuplicatedByteBuf$1'.
18:07:27.036 [main] INFO org.evosuite.runtime.instrumentation.MethodCallReplacementClassAdapter - Adding mock interface to class io/netty/buffer/PooledDuplicatedByteBuf$1
18:07:27.037 [main] INFO org.evosuite.runtime.instrumentation.EvoClassLoader - Keeping class: io.netty.buffer.PooledDuplicatedByteBuf$1
18:07:27.038 [main] INFO org.evosuite.runtime.instrumentation.EvoClassLoader - Seeing class for first time: io.netty.buffer.LongLongHashMap
18:07:27.038 [main] INFO org.evosuite.runtime.instrumentation.EvoClassLoader - Instrumenting class 'io.netty.buffer.LongLongHashMap'.
18:07:27.038 [main] INFO org.evosuite.runtime.instrumentation.MethodCallReplacementClassAdapter - Adding mock interface to class io/netty/buffer/LongLongHashMap
18:07:27.039 [main] INFO org.evosuite.runtime.instrumentation.CreateClassResetClassAdapter - Creating brand-new static initializer in class io/netty/buffer/LongLongHashMap
18:07:27.039 [main] INFO org.evosuite.runtime.instrumentation.CreateClassResetClassAdapter - Adding bytecode for initializing field MASK_TEMPLATE
18:07:27.039 [main] INFO org.evosuite.runtime.instrumentation.EvoClassLoader - Keeping class: io.netty.buffer.LongLongHashMap
18:07:27.041 [main] INFO org.evosuite.runtime.instrumentation.EvoClassLoader - Seeing class for first time: io.netty.buffer.PooledUnsafeDirectByteBuf$1
18:07:27.042 [main] INFO org.evosuite.runtime.instrumentation.EvoClassLoader - Instrumenting class 'io.netty.buffer.PooledUnsafeDirectByteBuf$1'.
18:07:27.042 [main] INFO org.evosuite.runtime.instrumentation.MethodCallReplacementClassAdapter - Adding mock interface to class io/netty/buffer/PooledUnsafeDirectByteBuf$1
18:07:27.043 [main] INFO org.evosuite.runtime.instrumentation.EvoClassLoader - Keeping class: io.netty.buffer.PooledUnsafeDirectByteBuf$1
18:07:27.043 [main] INFO org.evosuite.runtime.instrumentation.EvoClassLoader - Seeing class for first time: io.netty.util.internal.MathUtil
18:07:27.043 [main] INFO org.evosuite.runtime.instrumentation.EvoClassLoader - Instrumenting class 'io.netty.util.internal.MathUtil'.
18:07:27.044 [main] INFO org.evosuite.runtime.instrumentation.MethodCallReplacementClassAdapter - Adding mock interface to class io/netty/util/internal/MathUtil
18:07:27.045 [main] INFO org.evosuite.runtime.instrumentation.CreateClassResetClassAdapter - Found static initializer in class io/netty/util/internal/MathUtil
18:07:27.046 [main] INFO org.evosuite.runtime.instrumentation.EvoClassLoader - Keeping class: io.netty.util.internal.MathUtil
18:07:27.047 [main] INFO org.evosuite.runtime.instrumentation.EvoClassLoader - Seeing class for first time: io.netty.util.internal.shaded.org.jctools.queues.MessagePassingQueueUtil
18:07:27.047 [main] INFO org.evosuite.runtime.instrumentation.EvoClassLoader - Instrumenting class 'io.netty.util.internal.shaded.org.jctools.queues.MessagePassingQueueUtil'.
18:07:27.048 [main] INFO org.evosuite.runtime.instrumentation.MethodCallReplacementClassAdapter - Adding mock interface to class io/netty/util/internal/shaded/org/jctools/queues/MessagePassingQueueUtil
18:07:27.051 [main] INFO org.evosuite.runtime.instrumentation.CreateClassResetClassAdapter - Creating brand-new static initializer in class io/netty/util/internal/shaded/org/jctools/queues/MessagePassingQueueUtil
18:07:27.051 [main] INFO org.evosuite.runtime.instrumentation.EvoClassLoader - Keeping class: io.netty.util.internal.shaded.org.jctools.queues.MessagePassingQueueUtil
18:07:27.052 [main] INFO org.evosuite.runtime.instrumentation.EvoClassLoader - Seeing class for first time: io.netty.util.internal.shaded.org.jctools.queues.BaseMpscLinkedArrayQueue
18:07:27.052 [main] INFO org.evosuite.runtime.instrumentation.EvoClassLoader - Instrumenting class 'io.netty.util.internal.shaded.org.jctools.queues.BaseMpscLinkedArrayQueue'.
18:07:27.054 [main] INFO org.evosuite.runtime.instrumentation.MethodCallReplacementClassAdapter - Adding mock interface to class io/netty/util/internal/shaded/org/jctools/queues/BaseMpscLinkedArrayQueue
18:07:27.060 [main] INFO org.evosuite.runtime.instrumentation.CreateClassResetClassAdapter - Found static initializer in class io/netty/util/internal/shaded/org/jctools/queues/BaseMpscLinkedArrayQueue
18:07:27.061 [main] INFO org.evosuite.runtime.instrumentation.EvoClassLoader - Seeing class for first time: io.netty.util.internal.shaded.org.jctools.queues.BaseMpscLinkedArrayQueueColdProducerFields
18:07:27.061 [main] INFO org.evosuite.runtime.instrumentation.EvoClassLoader - Instrumenting class 'io.netty.util.internal.shaded.org.jctools.queues.BaseMpscLinkedArrayQueueColdProducerFields'.
18:07:27.063 [main] INFO org.evosuite.runtime.instrumentation.MethodCallReplacementClassAdapter - Adding mock interface to class io/netty/util/internal/shaded/org/jctools/queues/BaseMpscLinkedArrayQueueColdProducerFields
18:07:27.063 [main] INFO org.evosuite.runtime.instrumentation.CreateClassResetClassAdapter - Found static initializer in class io/netty/util/internal/shaded/org/jctools/queues/BaseMpscLinkedArrayQueueColdProducerFields
18:07:27.063 [main] INFO org.evosuite.runtime.instrumentation.EvoClassLoader - Seeing class for first time: io.netty.util.internal.shaded.org.jctools.queues.BaseMpscLinkedArrayQueuePad3
18:07:27.064 [main] INFO org.evosuite.runtime.instrumentation.EvoClassLoader - Instrumenting class 'io.netty.util.internal.shaded.org.jctools.queues.BaseMpscLinkedArrayQueuePad3'.
18:07:27.064 [main] INFO org.evosuite.runtime.instrumentation.MethodCallReplacementClassAdapter - Adding mock interface to class io/netty/util/internal/shaded/org/jctools/queues/BaseMpscLinkedArrayQueuePad3
18:07:27.065 [main] INFO org.evosuite.runtime.instrumentation.CreateClassResetClassAdapter - Creating brand-new static initializer in class io/netty/util/internal/shaded/org/jctools/queues/BaseMpscLinkedArrayQueuePad3
18:07:27.065 [main] INFO org.evosuite.runtime.instrumentation.EvoClassLoader - Keeping class: io.netty.util.internal.shaded.org.jctools.queues.BaseMpscLinkedArrayQueuePad3
18:07:27.065 [main] INFO org.evosuite.runtime.instrumentation.EvoClassLoader - Keeping class: io.netty.util.internal.shaded.org.jctools.queues.BaseMpscLinkedArrayQueueColdProducerFields
18:07:27.065 [main] INFO org.evosuite.runtime.instrumentation.EvoClassLoader - Keeping class: io.netty.util.internal.shaded.org.jctools.queues.BaseMpscLinkedArrayQueue
18:07:27.069 [main] INFO org.evosuite.runtime.instrumentation.EvoClassLoader - Seeing class for first time: io.netty.util.AsciiString$CharEqualityComparator
18:07:27.069 [main] INFO org.evosuite.runtime.instrumentation.EvoClassLoader - Instrumenting class 'io.netty.util.AsciiString$CharEqualityComparator'.
18:07:27.070 [main] INFO org.evosuite.runtime.instrumentation.EvoClassLoader - Keeping class: io.netty.util.AsciiString$CharEqualityComparator
18:07:27.070 [main] INFO org.evosuite.runtime.instrumentation.EvoClassLoader - Seeing class for first time: io.netty.util.HashingStrategy
18:07:27.070 [main] INFO org.evosuite.runtime.instrumentation.EvoClassLoader - Instrumenting class 'io.netty.util.HashingStrategy'.
18:07:27.072 [main] INFO org.evosuite.runtime.instrumentation.EvoClassLoader - Keeping class: io.netty.util.HashingStrategy
18:07:27.073 [main] INFO org.evosuite.runtime.instrumentation.EvoClassLoader - Seeing class for first time: io.netty.util.AsciiString$1
18:07:27.073 [main] INFO org.evosuite.runtime.instrumentation.EvoClassLoader - Instrumenting class 'io.netty.util.AsciiString$1'.
18:07:27.074 [main] INFO org.evosuite.runtime.instrumentation.MethodCallReplacementClassAdapter - Adding mock interface to class io/netty/util/AsciiString$1
18:07:27.075 [main] INFO org.evosuite.runtime.instrumentation.EvoClassLoader - Keeping class: io.netty.util.AsciiString$1
18:07:27.075 [main] INFO org.evosuite.runtime.instrumentation.EvoClassLoader - Seeing class for first time: io.netty.util.AsciiString$2
18:07:27.075 [main] INFO org.evosuite.runtime.instrumentation.EvoClassLoader - Instrumenting class 'io.netty.util.AsciiString$2'.
18:07:27.076 [main] INFO org.evosuite.runtime.instrumentation.MethodCallReplacementClassAdapter - Adding mock interface to class io/netty/util/AsciiString$2
18:07:27.076 [main] INFO org.evosuite.runtime.instrumentation.EvoClassLoader - Keeping class: io.netty.util.AsciiString$2
18:07:27.077 [main] INFO org.evosuite.runtime.instrumentation.EvoClassLoader - Seeing class for first time: io.netty.util.internal.shaded.org.jctools.queues.atomic.MpscUnboundedAtomicArrayQueue
18:07:27.077 [main] INFO org.evosuite.runtime.instrumentation.EvoClassLoader - Instrumenting class 'io.netty.util.internal.shaded.org.jctools.queues.atomic.MpscUnboundedAtomicArrayQueue'.
18:07:27.078 [main] INFO org.evosuite.runtime.instrumentation.MethodCallReplacementClassAdapter - Adding mock interface to class io/netty/util/internal/shaded/org/jctools/queues/atomic/MpscUnboundedAtomicArrayQueue
18:07:27.080 [main] INFO org.evosuite.runtime.instrumentation.CreateClassResetClassAdapter - Creating brand-new static initializer in class io/netty/util/internal/shaded/org/jctools/queues/atomic/MpscUnboundedAtomicArrayQueue
18:07:27.080 [main] INFO org.evosuite.runtime.instrumentation.EvoClassLoader - Keeping class: io.netty.util.internal.shaded.org.jctools.queues.atomic.MpscUnboundedAtomicArrayQueue
18:07:27.081 [main] INFO org.evosuite.runtime.instrumentation.EvoClassLoader - Seeing class for first time: io.netty.buffer.UnsafeByteBufUtil
18:07:27.081 [main] INFO org.evosuite.runtime.instrumentation.EvoClassLoader - Instrumenting class 'io.netty.buffer.UnsafeByteBufUtil'.
18:07:27.083 [main] INFO org.evosuite.runtime.instrumentation.MethodCallReplacementClassAdapter - Adding mock interface to class io/netty/buffer/UnsafeByteBufUtil
18:07:27.085 [main] INFO org.evosuite.runtime.instrumentation.CreateClassResetClassAdapter - Found static initializer in class io/netty/buffer/UnsafeByteBufUtil
18:07:27.085 [main] INFO org.evosuite.runtime.instrumentation.EvoClassLoader - Keeping class: io.netty.buffer.UnsafeByteBufUtil
18:07:27.086 [main] INFO org.evosuite.runtime.instrumentation.EvoClassLoader - Seeing class for first time: io.netty.util.Recycler$LocalPool
18:07:27.086 [main] INFO org.evosuite.runtime.instrumentation.EvoClassLoader - Instrumenting class 'io.netty.util.Recycler$LocalPool'.
18:07:27.086 [main] INFO org.evosuite.runtime.instrumentation.MethodCallReplacementClassAdapter - Adding mock interface to class io/netty/util/Recycler$LocalPool
18:07:27.087 [main] INFO org.evosuite.runtime.instrumentation.CreateClassResetClassAdapter - Creating brand-new static initializer in class io/netty/util/Recycler$LocalPool
18:07:27.087 [main] INFO org.evosuite.runtime.instrumentation.EvoClassLoader - Keeping class: io.netty.util.Recycler$LocalPool
18:07:27.088 [main] INFO org.evosuite.runtime.instrumentation.EvoClassLoader - Seeing class for first time: io.netty.buffer.PooledDirectByteBuf$1
18:07:27.088 [main] INFO org.evosuite.runtime.instrumentation.EvoClassLoader - Instrumenting class 'io.netty.buffer.PooledDirectByteBuf$1'.
18:07:27.088 [main] INFO org.evosuite.runtime.instrumentation.MethodCallReplacementClassAdapter - Adding mock interface to class io/netty/buffer/PooledDirectByteBuf$1
18:07:27.089 [main] INFO org.evosuite.runtime.instrumentation.EvoClassLoader - Keeping class: io.netty.buffer.PooledDirectByteBuf$1
18:07:27.090 [main] INFO org.evosuite.runtime.instrumentation.EvoClassLoader - Seeing class for first time: io.netty.buffer.PooledSlicedByteBuf$1
18:07:27.090 [main] INFO org.evosuite.runtime.instrumentation.EvoClassLoader - Instrumenting class 'io.netty.buffer.PooledSlicedByteBuf$1'.
18:07:27.091 [main] INFO org.evosuite.runtime.instrumentation.MethodCallReplacementClassAdapter - Adding mock interface to class io/netty/buffer/PooledSlicedByteBuf$1
18:07:27.092 [main] INFO org.evosuite.runtime.instrumentation.EvoClassLoader - Keeping class: io.netty.buffer.PooledSlicedByteBuf$1
18:07:27.093 [main] INFO org.evosuite.runtime.instrumentation.EvoClassLoader - Seeing class for first time: io.netty.util.internal.shaded.org.jctools.util.Pow2
18:07:27.093 [main] INFO org.evosuite.runtime.instrumentation.EvoClassLoader - Instrumenting class 'io.netty.util.internal.shaded.org.jctools.util.Pow2'.
18:07:27.093 [main] INFO org.evosuite.runtime.instrumentation.MethodCallReplacementClassAdapter - Adding mock interface to class io/netty/util/internal/shaded/org/jctools/util/Pow2
18:07:27.096 [main] INFO org.evosuite.runtime.instrumentation.CreateClassResetClassAdapter - Creating brand-new static initializer in class io/netty/util/internal/shaded/org/jctools/util/Pow2
18:07:27.096 [main] INFO org.evosuite.runtime.instrumentation.CreateClassResetClassAdapter - Adding bytecode for initializing field MAX_POW2
18:07:27.096 [main] INFO org.evosuite.runtime.instrumentation.EvoClassLoader - Keeping class: io.netty.util.internal.shaded.org.jctools.util.Pow2
18:07:27.098 [main] INFO org.evosuite.runtime.instrumentation.EvoClassLoader - Seeing class for first time: io.netty.util.Recycler$DefaultHandle
18:07:27.099 [main] INFO org.evosuite.runtime.instrumentation.EvoClassLoader - Instrumenting class 'io.netty.util.Recycler$DefaultHandle'.
18:07:27.099 [main] INFO org.evosuite.runtime.instrumentation.MethodCallReplacementClassAdapter - Adding mock interface to class io/netty/util/Recycler$DefaultHandle
18:07:27.102 [main] INFO org.evosuite.runtime.instrumentation.CreateClassResetClassAdapter - Found static initializer in class io/netty/util/Recycler$DefaultHandle
18:07:27.103 [main] INFO org.evosuite.runtime.instrumentation.EvoClassLoader - Keeping class: io.netty.util.Recycler$DefaultHandle
18:07:27.103 [main] INFO org.evosuite.runtime.instrumentation.EvoClassLoader - Seeing class for first time: io.netty.util.internal.PlatformDependent$Mpsc
18:07:27.103 [main] INFO org.evosuite.runtime.instrumentation.EvoClassLoader - Instrumenting class 'io.netty.util.internal.PlatformDependent$Mpsc'.
18:07:27.104 [main] INFO org.evosuite.runtime.instrumentation.MethodCallReplacementClassAdapter - Adding mock interface to class io/netty/util/internal/PlatformDependent$Mpsc
18:07:27.109 [main] INFO org.evosuite.runtime.instrumentation.CreateClassResetClassAdapter - Found static initializer in class io/netty/util/internal/PlatformDependent$Mpsc
18:07:27.109 [main] INFO org.evosuite.runtime.instrumentation.EvoClassLoader - Keeping class: io.netty.util.internal.PlatformDependent$Mpsc
18:07:27.109 [main] INFO org.evosuite.runtime.instrumentation.EvoClassLoader - Seeing class for first time: io.netty.util.internal.shaded.org.jctools.queues.MpscUnboundedArrayQueue
18:07:27.109 [main] INFO org.evosuite.runtime.instrumentation.EvoClassLoader - Instrumenting class 'io.netty.util.internal.shaded.org.jctools.queues.MpscUnboundedArrayQueue'.
18:07:27.109 [main] INFO org.evosuite.runtime.instrumentation.MethodCallReplacementClassAdapter - Adding mock interface to class io/netty/util/internal/shaded/org/jctools/queues/MpscUnboundedArrayQueue
18:07:27.110 [main] INFO org.evosuite.runtime.instrumentation.CreateClassResetClassAdapter - Creating brand-new static initializer in class io/netty/util/internal/shaded/org/jctools/queues/MpscUnboundedArrayQueue
18:07:27.110 [main] INFO org.evosuite.runtime.instrumentation.EvoClassLoader - Keeping class: io.netty.util.internal.shaded.org.jctools.queues.MpscUnboundedArrayQueue
18:07:27.110 [main] INFO org.evosuite.runtime.instrumentation.EvoClassLoader - Seeing class for first time: io.netty.util.internal.shaded.org.jctools.queues.MpscChunkedArrayQueue
18:07:27.110 [main] INFO org.evosuite.runtime.instrumentation.EvoClassLoader - Instrumenting class 'io.netty.util.internal.shaded.org.jctools.queues.MpscChunkedArrayQueue'.
18:07:27.110 [main] INFO org.evosuite.runtime.instrumentation.MethodCallReplacementClassAdapter - Adding mock interface to class io/netty/util/internal/shaded/org/jctools/queues/MpscChunkedArrayQueue
18:07:27.111 [main] INFO org.evosuite.runtime.instrumentation.CreateClassResetClassAdapter - Creating brand-new static initializer in class io/netty/util/internal/shaded/org/jctools/queues/MpscChunkedArrayQueue
18:07:27.111 [main] INFO org.evosuite.runtime.instrumentation.EvoClassLoader - Seeing class for first time: io.netty.util.internal.shaded.org.jctools.queues.MpscChunkedArrayQueueColdProducerFields
18:07:27.111 [main] INFO org.evosuite.runtime.instrumentation.EvoClassLoader - Instrumenting class 'io.netty.util.internal.shaded.org.jctools.queues.MpscChunkedArrayQueueColdProducerFields'.
18:07:27.112 [main] INFO org.evosuite.runtime.instrumentation.MethodCallReplacementClassAdapter - Adding mock interface to class io/netty/util/internal/shaded/org/jctools/queues/MpscChunkedArrayQueueColdProducerFields
18:07:27.112 [main] INFO org.evosuite.runtime.instrumentation.CreateClassResetClassAdapter - Creating brand-new static initializer in class io/netty/util/internal/shaded/org/jctools/queues/MpscChunkedArrayQueueColdProducerFields
18:07:27.112 [main] INFO org.evosuite.runtime.instrumentation.EvoClassLoader - Keeping class: io.netty.util.internal.shaded.org.jctools.queues.MpscChunkedArrayQueueColdProducerFields
18:07:27.112 [main] INFO org.evosuite.runtime.instrumentation.EvoClassLoader - Keeping class: io.netty.util.internal.shaded.org.jctools.queues.MpscChunkedArrayQueue
18:07:27.112 [main] INFO org.evosuite.runtime.instrumentation.EvoClassLoader - Seeing class for first time: io.netty.util.internal.shaded.org.jctools.queues.atomic.MpscChunkedAtomicArrayQueue
18:07:27.112 [main] INFO org.evosuite.runtime.instrumentation.EvoClassLoader - Instrumenting class 'io.netty.util.internal.shaded.org.jctools.queues.atomic.MpscChunkedAtomicArrayQueue'.
18:07:27.113 [main] INFO org.evosuite.runtime.instrumentation.MethodCallReplacementClassAdapter - Adding mock interface to class io/netty/util/internal/shaded/org/jctools/queues/atomic/MpscChunkedAtomicArrayQueue
18:07:27.113 [main] INFO org.evosuite.runtime.instrumentation.CreateClassResetClassAdapter - Creating brand-new static initializer in class io/netty/util/internal/shaded/org/jctools/queues/atomic/MpscChunkedAtomicArrayQueue
18:07:27.113 [main] INFO org.evosuite.runtime.instrumentation.EvoClassLoader - Keeping class: io.netty.util.internal.shaded.org.jctools.queues.atomic.MpscChunkedAtomicArrayQueue
18:07:27.114 [main] INFO org.evosuite.runtime.instrumentation.EvoClassLoader - Seeing class for first time: io.netty.util.internal.PlatformDependent$Mpsc$1
18:07:27.114 [main] INFO org.evosuite.runtime.instrumentation.EvoClassLoader - Instrumenting class 'io.netty.util.internal.PlatformDependent$Mpsc$1'.
18:07:27.114 [main] INFO org.evosuite.runtime.instrumentation.MethodCallReplacementClassAdapter - Adding mock interface to class io/netty/util/internal/PlatformDependent$Mpsc$1
18:07:27.114 [main] INFO org.evosuite.runtime.instrumentation.EvoClassLoader - Keeping class: io.netty.util.internal.PlatformDependent$Mpsc$1
18:07:27.114 [main] DEBUG io.netty.util.internal.PlatformDependent - org.jctools-core.MpscChunkedArrayQueue: available
18:07:27.115 [main] INFO org.evosuite.runtime.instrumentation.EvoClassLoader - Seeing class for first time: io.netty.util.ByteProcessor$IndexOfProcessor
18:07:27.115 [main] INFO org.evosuite.runtime.instrumentation.EvoClassLoader - Instrumenting class 'io.netty.util.ByteProcessor$IndexOfProcessor'.
18:07:27.115 [main] INFO org.evosuite.runtime.instrumentation.MethodCallReplacementClassAdapter - Adding mock interface to class io/netty/util/ByteProcessor$IndexOfProcessor
18:07:27.115 [main] INFO org.evosuite.runtime.instrumentation.CreateClassResetClassAdapter - Creating brand-new static initializer in class io/netty/util/ByteProcessor$IndexOfProcessor
18:07:27.116 [main] INFO org.evosuite.runtime.instrumentation.EvoClassLoader - Keeping class: io.netty.util.ByteProcessor$IndexOfProcessor
18:07:27.116 [main] INFO org.evosuite.runtime.instrumentation.EvoClassLoader - Seeing class for first time: io.netty.util.ByteProcessor$IndexNotOfProcessor
18:07:27.116 [main] INFO org.evosuite.runtime.instrumentation.EvoClassLoader - Instrumenting class 'io.netty.util.ByteProcessor$IndexNotOfProcessor'.
18:07:27.116 [main] INFO org.evosuite.runtime.instrumentation.MethodCallReplacementClassAdapter - Adding mock interface to class io/netty/util/ByteProcessor$IndexNotOfProcessor
18:07:27.116 [main] INFO org.evosuite.runtime.instrumentation.CreateClassResetClassAdapter - Creating brand-new static initializer in class io/netty/util/ByteProcessor$IndexNotOfProcessor
18:07:27.116 [main] INFO org.evosuite.runtime.instrumentation.EvoClassLoader - Keeping class: io.netty.util.ByteProcessor$IndexNotOfProcessor
18:07:27.116 [main] INFO org.evosuite.runtime.instrumentation.EvoClassLoader - Seeing class for first time: io.netty.util.ByteProcessor$1
18:07:27.116 [main] INFO org.evosuite.runtime.instrumentation.EvoClassLoader - Instrumenting class 'io.netty.util.ByteProcessor$1'.
18:07:27.116 [main] INFO org.evosuite.runtime.instrumentation.MethodCallReplacementClassAdapter - Adding mock interface to class io/netty/util/ByteProcessor$1
18:07:27.117 [main] INFO org.evosuite.runtime.instrumentation.EvoClassLoader - Keeping class: io.netty.util.ByteProcessor$1
18:07:27.117 [main] INFO org.evosuite.runtime.instrumentation.EvoClassLoader - Seeing class for first time: io.netty.util.ByteProcessor$2
18:07:27.117 [main] INFO org.evosuite.runtime.instrumentation.EvoClassLoader - Instrumenting class 'io.netty.util.ByteProcessor$2'.
18:07:27.117 [main] INFO org.evosuite.runtime.instrumentation.MethodCallReplacementClassAdapter - Adding mock interface to class io/netty/util/ByteProcessor$2
18:07:27.117 [main] INFO org.evosuite.runtime.instrumentation.EvoClassLoader - Keeping class: io.netty.util.ByteProcessor$2
18:07:27.117 [main] INFO org.evosuite.runtime.instrumentation.EvoClassLoader - Seeing class for first time: io.netty.util.ByteProcessor$3
18:07:27.117 [main] INFO org.evosuite.runtime.instrumentation.EvoClassLoader - Instrumenting class 'io.netty.util.ByteProcessor$3'.
18:07:27.117 [main] INFO org.evosuite.runtime.instrumentation.MethodCallReplacementClassAdapter - Adding mock interface to class io/netty/util/ByteProcessor$3
18:07:27.118 [main] INFO org.evosuite.runtime.instrumentation.EvoClassLoader - Keeping class: io.netty.util.ByteProcessor$3
18:07:27.118 [main] INFO org.evosuite.runtime.instrumentation.EvoClassLoader - Seeing class for first time: io.netty.util.ByteProcessor$4
18:07:27.118 [main] INFO org.evosuite.runtime.instrumentation.EvoClassLoader - Instrumenting class 'io.netty.util.ByteProcessor$4'.
18:07:27.118 [main] INFO org.evosuite.runtime.instrumentation.MethodCallReplacementClassAdapter - Adding mock interface to class io/netty/util/ByteProcessor$4
18:07:27.118 [main] INFO org.evosuite.runtime.instrumentation.EvoClassLoader - Keeping class: io.netty.util.ByteProcessor$4
18:07:27.120 [main] INFO org.evosuite.runtime.instrumentation.EvoClassLoader - Seeing class for first time: io.netty.buffer.CompositeByteBuf$ByteWrapper
18:07:27.120 [main] INFO org.evosuite.runtime.instrumentation.EvoClassLoader - Instrumenting class 'io.netty.buffer.CompositeByteBuf$ByteWrapper'.
18:07:27.121 [main] INFO org.evosuite.runtime.instrumentation.EvoClassLoader - Keeping class: io.netty.buffer.CompositeByteBuf$ByteWrapper
18:07:27.123 [main] INFO org.evosuite.runtime.instrumentation.EvoClassLoader - Seeing class for first time: io.netty.buffer.CompositeByteBuf$1
18:07:27.123 [main] INFO org.evosuite.runtime.instrumentation.EvoClassLoader - Instrumenting class 'io.netty.buffer.CompositeByteBuf$1'.
18:07:27.124 [main] INFO org.evosuite.runtime.instrumentation.MethodCallReplacementClassAdapter - Adding mock interface to class io/netty/buffer/CompositeByteBuf$1
18:07:27.124 [main] INFO org.evosuite.runtime.instrumentation.EvoClassLoader - Keeping class: io.netty.buffer.CompositeByteBuf$1
18:07:27.124 [main] INFO org.evosuite.runtime.instrumentation.EvoClassLoader - Seeing class for first time: io.netty.buffer.CompositeByteBuf$2
18:07:27.124 [main] INFO org.evosuite.runtime.instrumentation.EvoClassLoader - Instrumenting class 'io.netty.buffer.CompositeByteBuf$2'.
18:07:27.125 [main] INFO org.evosuite.runtime.instrumentation.MethodCallReplacementClassAdapter - Adding mock interface to class io/netty/buffer/CompositeByteBuf$2
18:07:27.125 [main] INFO org.evosuite.runtime.instrumentation.EvoClassLoader - Keeping class: io.netty.buffer.CompositeByteBuf$2
18:07:27.126 [main] INFO org.evosuite.runtime.instrumentation.EvoClassLoader - Seeing class for first time: io.netty.buffer.PoolChunkMetric
18:07:27.126 [main] INFO org.evosuite.runtime.instrumentation.EvoClassLoader - Instrumenting class 'io.netty.buffer.PoolChunkMetric'.
18:07:27.127 [main] INFO org.evosuite.runtime.instrumentation.EvoClassLoader - Keeping class: io.netty.buffer.PoolChunkMetric
18:07:27.127 [main] INFO org.evosuite.runtime.instrumentation.EvoClassLoader - Seeing class for first time: io.netty.buffer.PoolChunk
18:07:27.127 [main] INFO org.evosuite.runtime.instrumentation.EvoClassLoader - Instrumenting class 'io.netty.buffer.PoolChunk'.
18:07:27.128 [main] INFO org.evosuite.runtime.instrumentation.MethodCallReplacementClassAdapter - Adding mock interface to class io/netty/buffer/PoolChunk
18:07:27.129 [main] INFO org.evosuite.runtime.instrumentation.CreateClassResetClassAdapter - Found static initializer in class io/netty/buffer/PoolChunk
18:07:27.130 [main] INFO org.evosuite.runtime.instrumentation.EvoClassLoader - Keeping class: io.netty.buffer.PoolChunk
18:07:27.131 [main] INFO org.evosuite.runtime.instrumentation.EvoClassLoader - Seeing class for first time: io.netty.buffer.AbstractByteBufAllocator$1
18:07:27.131 [main] INFO org.evosuite.runtime.instrumentation.EvoClassLoader - Instrumenting class 'io.netty.buffer.AbstractByteBufAllocator$1'.
18:07:27.131 [main] INFO org.evosuite.runtime.instrumentation.MethodCallReplacementClassAdapter - Adding mock interface to class io/netty/buffer/AbstractByteBufAllocator$1
18:07:27.132 [main] INFO org.evosuite.runtime.instrumentation.EvoClassLoader - Keeping class: io.netty.buffer.AbstractByteBufAllocator$1
18:07:27.136 [main] INFO org.evosuite.runtime.instrumentation.EvoClassLoader - Seeing class for first time: io.netty.buffer.ByteBufUtil$ThreadLocalUnsafeDirectByteBuf$1
18:07:27.136 [main] INFO org.evosuite.runtime.instrumentation.EvoClassLoader - Instrumenting class 'io.netty.buffer.ByteBufUtil$ThreadLocalUnsafeDirectByteBuf$1'.
18:07:27.137 [main] INFO org.evosuite.runtime.instrumentation.MethodCallReplacementClassAdapter - Adding mock interface to class io/netty/buffer/ByteBufUtil$ThreadLocalUnsafeDirectByteBuf$1
18:07:27.137 [main] INFO org.evosuite.runtime.instrumentation.EvoClassLoader - Keeping class: io.netty.buffer.ByteBufUtil$ThreadLocalUnsafeDirectByteBuf$1
18:07:27.140 [main] INFO org.evosuite.runtime.instrumentation.EvoClassLoader - Seeing class for first time: io.netty.util.concurrent.EventExecutor
18:07:27.140 [main] INFO org.evosuite.runtime.instrumentation.EvoClassLoader - Instrumenting class 'io.netty.util.concurrent.EventExecutor'.
18:07:27.142 [main] INFO org.evosuite.runtime.instrumentation.EvoClassLoader - Seeing class for first time: io.netty.util.concurrent.EventExecutorGroup
18:07:27.142 [main] INFO org.evosuite.runtime.instrumentation.EvoClassLoader - Instrumenting class 'io.netty.util.concurrent.EventExecutorGroup'.
18:07:27.144 [main] INFO org.evosuite.runtime.instrumentation.EvoClassLoader - Keeping class: io.netty.util.concurrent.EventExecutorGroup
18:07:27.144 [main] INFO org.evosuite.runtime.instrumentation.EvoClassLoader - Keeping class: io.netty.util.concurrent.EventExecutor
18:07:27.145 [main] INFO org.evosuite.runtime.instrumentation.EvoClassLoader - Seeing class for first time: io.netty.util.internal.shaded.org.jctools.queues.MessagePassingQueue$WaitStrategy
18:07:27.145 [main] INFO org.evosuite.runtime.instrumentation.EvoClassLoader - Instrumenting class 'io.netty.util.internal.shaded.org.jctools.queues.MessagePassingQueue$WaitStrategy'.
18:07:27.146 [main] INFO org.evosuite.runtime.instrumentation.EvoClassLoader - Keeping class: io.netty.util.internal.shaded.org.jctools.queues.MessagePassingQueue$WaitStrategy
18:07:27.146 [main] INFO org.evosuite.runtime.instrumentation.EvoClassLoader - Seeing class for first time: io.netty.util.internal.shaded.org.jctools.queues.MessagePassingQueue$ExitCondition
18:07:27.146 [main] INFO org.evosuite.runtime.instrumentation.EvoClassLoader - Instrumenting class 'io.netty.util.internal.shaded.org.jctools.queues.MessagePassingQueue$ExitCondition'.
18:07:27.147 [main] INFO org.evosuite.runtime.instrumentation.EvoClassLoader - Keeping class: io.netty.util.internal.shaded.org.jctools.queues.MessagePassingQueue$ExitCondition
18:07:27.148 [main] INFO org.evosuite.runtime.instrumentation.EvoClassLoader - Seeing class for first time: io.netty.util.internal.shaded.org.jctools.queues.MessagePassingQueue$Supplier
18:07:27.148 [main] INFO org.evosuite.runtime.instrumentation.EvoClassLoader - Instrumenting class 'io.netty.util.internal.shaded.org.jctools.queues.MessagePassingQueue$Supplier'.
18:07:27.149 [main] INFO org.evosuite.runtime.instrumentation.EvoClassLoader - Keeping class: io.netty.util.internal.shaded.org.jctools.queues.MessagePassingQueue$Supplier
18:07:27.149 [main] INFO org.evosuite.runtime.instrumentation.EvoClassLoader - Seeing class for first time: io.netty.util.internal.logging.InternalLogLevel
18:07:27.149 [main] INFO org.evosuite.runtime.instrumentation.EvoClassLoader - Instrumenting class 'io.netty.util.internal.logging.InternalLogLevel'.
18:07:27.150 [main] INFO org.evosuite.runtime.instrumentation.MethodCallReplacementClassAdapter - Adding mock interface to class io/netty/util/internal/logging/InternalLogLevel
18:07:27.151 [main] INFO org.evosuite.runtime.instrumentation.CreateClassResetClassAdapter - Found static initializer in class io/netty/util/internal/logging/InternalLogLevel
18:07:27.151 [main] INFO org.evosuite.runtime.instrumentation.EvoClassLoader - Keeping class: io.netty.util.internal.logging.InternalLogLevel
18:07:27.152 [main] INFO org.evosuite.runtime.instrumentation.EvoClassLoader - Seeing class for first time: io.netty.buffer.FixedCompositeByteBuf$Component
18:07:27.152 [main] INFO org.evosuite.runtime.instrumentation.EvoClassLoader - Instrumenting class 'io.netty.buffer.FixedCompositeByteBuf$Component'.
18:07:27.153 [main] INFO org.evosuite.runtime.instrumentation.MethodCallReplacementClassAdapter - Adding mock interface to class io/netty/buffer/FixedCompositeByteBuf$Component
18:07:27.153 [main] INFO org.evosuite.runtime.instrumentation.CreateClassResetClassAdapter - Creating brand-new static initializer in class io/netty/buffer/FixedCompositeByteBuf$Component
18:07:27.154 [main] INFO org.evosuite.runtime.instrumentation.EvoClassLoader - Keeping class: io.netty.buffer.FixedCompositeByteBuf$Component
18:07:27.157 [main] INFO org.evosuite.runtime.instrumentation.EvoClassLoader - Seeing class for first time: io.netty.buffer.PoolThreadCache$MemoryRegionCache
18:07:27.157 [main] INFO org.evosuite.runtime.instrumentation.EvoClassLoader - Instrumenting class 'io.netty.buffer.PoolThreadCache$MemoryRegionCache'.
18:07:27.158 [main] INFO org.evosuite.runtime.instrumentation.MethodCallReplacementClassAdapter - Adding mock interface to class io/netty/buffer/PoolThreadCache$MemoryRegionCache
18:07:27.159 [main] INFO org.evosuite.runtime.instrumentation.CreateClassResetClassAdapter - Found static initializer in class io/netty/buffer/PoolThreadCache$MemoryRegionCache
18:07:27.160 [main] INFO org.evosuite.runtime.instrumentation.EvoClassLoader - Keeping class: io.netty.buffer.PoolThreadCache$MemoryRegionCache
18:07:27.161 [main] INFO org.evosuite.runtime.instrumentation.EvoClassLoader - Seeing class for first time: io.netty.buffer.PoolArena$SizeClass
18:07:27.161 [main] INFO org.evosuite.runtime.instrumentation.EvoClassLoader - Instrumenting class 'io.netty.buffer.PoolArena$SizeClass'.
18:07:27.161 [main] INFO org.evosuite.runtime.instrumentation.MethodCallReplacementClassAdapter - Adding mock interface to class io/netty/buffer/PoolArena$SizeClass
18:07:27.162 [main] INFO org.evosuite.runtime.instrumentation.CreateClassResetClassAdapter - Found static initializer in class io/netty/buffer/PoolArena$SizeClass
18:07:27.162 [main] INFO org.evosuite.runtime.instrumentation.EvoClassLoader - Keeping class: io.netty.buffer.PoolArena$SizeClass
18:07:27.163 [main] INFO org.evosuite.runtime.instrumentation.EvoClassLoader - Seeing class for first time: io.netty.util.internal.IntegerHolder
18:07:27.163 [main] INFO org.evosuite.runtime.instrumentation.EvoClassLoader - Instrumenting class 'io.netty.util.internal.IntegerHolder'.
18:07:27.163 [main] INFO org.evosuite.runtime.instrumentation.MethodCallReplacementClassAdapter - Adding mock interface to class io/netty/util/internal/IntegerHolder
18:07:27.164 [main] INFO org.evosuite.runtime.instrumentation.CreateClassResetClassAdapter - Creating brand-new static initializer in class io/netty/util/internal/IntegerHolder
18:07:27.164 [main] INFO org.evosuite.runtime.instrumentation.EvoClassLoader - Keeping class: io.netty.util.internal.IntegerHolder
18:07:27.164 [main] INFO org.evosuite.runtime.instrumentation.EvoClassLoader - Seeing class for first time: io.netty.util.internal.ThreadLocalRandom
18:07:27.164 [main] INFO org.evosuite.runtime.instrumentation.EvoClassLoader - Instrumenting class 'io.netty.util.internal.ThreadLocalRandom'.
18:07:27.165 [main] INFO org.evosuite.runtime.instrumentation.MethodCallReplacementClassAdapter - Adding mock interface to class io/netty/util/internal/ThreadLocalRandom
18:07:27.168 [main] INFO org.evosuite.runtime.instrumentation.CreateClassResetClassAdapter - Found static initializer in class io/netty/util/internal/ThreadLocalRandom
18:07:27.169 [main] INFO org.evosuite.runtime.instrumentation.EvoClassLoader - Keeping class: io.netty.util.internal.ThreadLocalRandom
18:07:27.172 [main] INFO org.evosuite.runtime.instrumentation.EvoClassLoader - Seeing class for first time: io.netty.util.ResourceLeakDetector$LeakListener
18:07:27.172 [main] INFO org.evosuite.runtime.instrumentation.EvoClassLoader - Instrumenting class 'io.netty.util.ResourceLeakDetector$LeakListener'.
18:07:27.173 [main] INFO org.evosuite.runtime.instrumentation.EvoClassLoader - Keeping class: io.netty.util.ResourceLeakDetector$LeakListener
18:07:27.664 [main] DEBUG io.netty.util.internal.logging.InternalLoggerFactory - Using SLF4J as the default logging framework
18:07:27.665 [main] DEBUG io.netty.util.ResourceLeakDetector - -Dio.netty.leakDetection.level: simple
18:07:27.665 [main] DEBUG io.netty.util.ResourceLeakDetector - -Dio.netty.leakDetection.targetRecords: 4
18:07:27.666 [main] DEBUG io.netty.util.internal.InternalThreadLocalMap - -Dio.netty.threadLocalMap.stringBuilder.initialSize: 1024
18:07:27.666 [main] DEBUG io.netty.util.internal.InternalThreadLocalMap - -Dio.netty.threadLocalMap.stringBuilder.maxSize: 4096
18:07:27.667 [main] DEBUG io.netty.util.internal.PlatformDependent0 - -Dio.netty.noUnsafe: false
18:07:27.667 [main] DEBUG io.netty.util.internal.PlatformDependent0 - Java version: 8
18:07:27.667 [main] DEBUG io.netty.util.internal.PlatformDependent0 - sun.misc.Unsafe.theUnsafe: available
18:07:27.667 [main] DEBUG io.netty.util.internal.PlatformDependent0 - sun.misc.Unsafe.copyMemory: available
18:07:27.667 [main] DEBUG io.netty.util.internal.PlatformDependent0 - sun.misc.Unsafe.storeFence: available
18:07:27.667 [main] DEBUG io.netty.util.internal.PlatformDependent0 - java.nio.Buffer.address: available
18:07:27.667 [main] DEBUG io.netty.util.internal.PlatformDependent0 - direct buffer constructor: available
18:07:27.667 [main] DEBUG io.netty.util.internal.PlatformDependent0 - java.nio.Bits.unaligned: available, true
18:07:27.667 [main] DEBUG io.netty.util.internal.PlatformDependent0 - jdk.internal.misc.Unsafe.allocateUninitializedArray(int): unavailable prior to Java9
18:07:27.667 [main] DEBUG io.netty.util.internal.PlatformDependent0 - java.nio.DirectByteBuffer.<init>(long, {int,long}): available
18:07:27.668 [main] DEBUG io.netty.util.internal.CleanerJava6 - java.nio.ByteBuffer.cleaner(): available
18:07:27.668 [main] DEBUG io.netty.util.internal.PlatformDependent - sun.misc.Unsafe: available
18:07:27.668 [main] DEBUG io.netty.util.internal.PlatformDependent - -Dio.netty.tmpdir: /tmp (java.io.tmpdir)
18:07:27.668 [main] DEBUG io.netty.util.internal.PlatformDependent - -Dio.netty.bitMode: 64 (sun.arch.data.model)
18:07:27.668 [main] DEBUG io.netty.util.internal.PlatformDependent - -Dio.netty.maxDirectMemory: 11420041216 bytes
18:07:27.668 [main] DEBUG io.netty.util.internal.PlatformDependent - -Dio.netty.uninitializedArrayAllocationThreshold: -1
18:07:27.668 [main] DEBUG io.netty.util.internal.PlatformDependent - -Dio.netty.noPreferDirect: false
18:07:27.670 [main] DEBUG io.netty.buffer.PooledByteBufAllocator - -Dio.netty.allocator.numHeapArenas: 0
18:07:27.670 [main] DEBUG io.netty.buffer.PooledByteBufAllocator - -Dio.netty.allocator.numDirectArenas: 2
18:07:27.670 [main] DEBUG io.netty.buffer.PooledByteBufAllocator - -Dio.netty.allocator.pageSize: 8192
18:07:27.670 [main] DEBUG io.netty.buffer.PooledByteBufAllocator - -Dio.netty.allocator.maxOrder: 9
18:07:27.670 [main] DEBUG io.netty.buffer.PooledByteBufAllocator - -Dio.netty.allocator.chunkSize: 4194304
18:07:27.670 [main] DEBUG io.netty.buffer.PooledByteBufAllocator - -Dio.netty.allocator.smallCacheSize: 256
18:07:27.670 [main] DEBUG io.netty.buffer.PooledByteBufAllocator - -Dio.netty.allocator.normalCacheSize: 64
18:07:27.670 [main] DEBUG io.netty.buffer.PooledByteBufAllocator - -Dio.netty.allocator.maxCachedBufferCapacity: 32768
18:07:27.670 [main] DEBUG io.netty.buffer.PooledByteBufAllocator - -Dio.netty.allocator.cacheTrimInterval: 8192
18:07:27.670 [main] DEBUG io.netty.buffer.PooledByteBufAllocator - -Dio.netty.allocator.cacheTrimIntervalMillis: 0
18:07:27.670 [main] DEBUG io.netty.buffer.PooledByteBufAllocator - -Dio.netty.allocator.useCacheForAllThreads: false
18:07:27.670 [main] DEBUG io.netty.buffer.PooledByteBufAllocator - -Dio.netty.allocator.maxCachedByteBuffersPerChunk: 1023
18:07:27.670 [main] DEBUG io.netty.buffer.ByteBufUtil - -Dio.netty.allocator.type: pooled
18:07:27.670 [main] DEBUG io.netty.buffer.ByteBufUtil - -Dio.netty.threadLocalDirectBufferSize: 0
18:07:27.670 [main] DEBUG io.netty.buffer.ByteBufUtil - -Dio.netty.maxThreadLocalCharBufferSize: 16384
18:07:27.670 [main] INFO org.evosuite.runtime.instrumentation.EvoClassLoader - Seeing class for first time: io.netty.util.internal.logging.Log4J2LoggerFactory
18:07:27.670 [main] INFO org.evosuite.runtime.instrumentation.EvoClassLoader - Instrumenting class 'io.netty.util.internal.logging.Log4J2LoggerFactory'.
18:07:27.671 [main] INFO org.evosuite.runtime.instrumentation.MethodCallReplacementClassAdapter - Adding mock interface to class io/netty/util/internal/logging/Log4J2LoggerFactory
18:07:27.671 [main] INFO org.evosuite.runtime.instrumentation.CreateClassResetClassAdapter - Found static initializer in class io/netty/util/internal/logging/Log4J2LoggerFactory
18:07:27.671 [main] INFO org.evosuite.runtime.instrumentation.EvoClassLoader - Keeping class: io.netty.util.internal.logging.Log4J2LoggerFactory
18:07:27.671 [main] INFO org.evosuite.runtime.instrumentation.EvoClassLoader - Seeing class for first time: io.netty.util.internal.logging.Log4JLoggerFactory
18:07:27.671 [main] INFO org.evosuite.runtime.instrumentation.EvoClassLoader - Instrumenting class 'io.netty.util.internal.logging.Log4JLoggerFactory'.
18:07:27.672 [main] INFO org.evosuite.runtime.instrumentation.MethodCallReplacementClassAdapter - Adding mock interface to class io/netty/util/internal/logging/Log4JLoggerFactory
18:07:27.672 [main] INFO org.evosuite.runtime.instrumentation.CreateClassResetClassAdapter - Found static initializer in class io/netty/util/internal/logging/Log4JLoggerFactory
18:07:27.672 [main] INFO org.evosuite.runtime.instrumentation.EvoClassLoader - Keeping class: io.netty.util.internal.logging.Log4JLoggerFactory
18:07:27.672 [main] INFO org.evosuite.runtime.instrumentation.EvoClassLoader - Seeing class for first time: io.netty.util.internal.logging.JdkLoggerFactory
18:07:27.673 [main] INFO org.evosuite.runtime.instrumentation.EvoClassLoader - Instrumenting class 'io.netty.util.internal.logging.JdkLoggerFactory'.
18:07:27.673 [main] INFO org.evosuite.runtime.instrumentation.MethodCallReplacementClassAdapter - Adding mock interface to class io/netty/util/internal/logging/JdkLoggerFactory
18:07:27.673 [main] INFO org.evosuite.runtime.instrumentation.CreateClassResetClassAdapter - Found static initializer in class io/netty/util/internal/logging/JdkLoggerFactory
18:07:27.673 [main] INFO org.evosuite.runtime.instrumentation.EvoClassLoader - Keeping class: io.netty.util.internal.logging.JdkLoggerFactory
18:07:27.674 [main] DEBUG io.netty.buffer.AbstractByteBuf - -Dio.netty.buffer.checkAccessible: true
18:07:27.674 [main] DEBUG io.netty.buffer.AbstractByteBuf - -Dio.netty.buffer.checkBounds: true
18:07:27.674 [main] DEBUG io.netty.util.ResourceLeakDetectorFactory - Loaded default ResourceLeakDetector: io.netty.util.ResourceLeakDetector@5
18:07:27.674 [main] INFO org.evosuite.runtime.instrumentation.EvoClassLoader - Seeing class for first time: io.netty.util.internal.CleanerJava9$1
18:07:27.674 [main] INFO org.evosuite.runtime.instrumentation.EvoClassLoader - Instrumenting class 'io.netty.util.internal.CleanerJava9$1'.
18:07:27.674 [main] INFO org.evosuite.runtime.instrumentation.MethodCallReplacementClassAdapter - Adding mock interface to class io/netty/util/internal/CleanerJava9$1
18:07:27.674 [main] INFO org.evosuite.runtime.instrumentation.EvoClassLoader - Keeping class: io.netty.util.internal.CleanerJava9$1
18:07:27.674 [main] INFO org.evosuite.runtime.instrumentation.EvoClassLoader - Seeing class for first time: io.netty.util.internal.CleanerJava9
18:07:27.674 [main] INFO org.evosuite.runtime.instrumentation.EvoClassLoader - Instrumenting class 'io.netty.util.internal.CleanerJava9'.
18:07:27.675 [main] INFO org.evosuite.runtime.instrumentation.MethodCallReplacementClassAdapter - Adding mock interface to class io/netty/util/internal/CleanerJava9
18:07:27.675 [main] INFO org.evosuite.runtime.instrumentation.CreateClassResetClassAdapter - Found static initializer in class io/netty/util/internal/CleanerJava9
18:07:27.675 [main] INFO org.evosuite.runtime.instrumentation.EvoClassLoader - Keeping class: io.netty.util.internal.CleanerJava9
18:07:27.677 [main] DEBUG io.netty.util.internal.CleanerJava9 - java.nio.ByteBuffer.cleaner(): unavailable
java.lang.NoSuchMethodException: sun.misc.Unsafe.invokeCleaner(java.nio.ByteBuffer)
	at java.lang.Class.getDeclaredMethod(Class.java:2130)
	at io.netty.util.internal.CleanerJava9$1.run(CleanerJava9.java:45)
	at java.security.AccessController.doPrivileged(Native Method)
	at io.netty.util.internal.CleanerJava9.<clinit>(CleanerJava9.java)
	at sun.reflect.NativeMethodAccessorImpl.invoke0(Native Method)
	at sun.reflect.NativeMethodAccessorImpl.invoke(NativeMethodAccessorImpl.java:62)
	at sun.reflect.DelegatingMethodAccessorImpl.invoke(DelegatingMethodAccessorImpl.java:43)
	at java.lang.reflect.Method.invoke(Method.java:498)
	at org.evosuite.runtime.classhandling.ClassResetter.reset(ClassResetter.java:159)
	at org.evosuite.runtime.classhandling.ClassStateSupport.resetClasses(ClassStateSupport.java:137)
	at io.netty.buffer.AbstractByteBufAllocator_ESTest_scaffolding.resetClasses(AbstractByteBufAllocator_ESTest_scaffolding.java:308)
	at io.netty.buffer.AbstractByteBufAllocator_ESTest_scaffolding.doneWithTestCase(AbstractByteBufAllocator_ESTest_scaffolding.java:68)
	at sun.reflect.NativeMethodAccessorImpl.invoke0(Native Method)
	at sun.reflect.NativeMethodAccessorImpl.invoke(NativeMethodAccessorImpl.java:62)
	at sun.reflect.DelegatingMethodAccessorImpl.invoke(DelegatingMethodAccessorImpl.java:43)
	at java.lang.reflect.Method.invoke(Method.java:498)
	at org.junit.runners.model.FrameworkMethod$1.runReflectiveCall(FrameworkMethod.java:59)
	at org.junit.internal.runners.model.ReflectiveCallable.run(ReflectiveCallable.java:12)
	at org.junit.runners.model.FrameworkMethod.invokeExplosively(FrameworkMethod.java:56)
	at org.junit.internal.runners.statements.RunAfters.invokeMethod(RunAfters.java:46)
	at org.junit.internal.runners.statements.RunAfters.evaluate(RunAfters.java:33)
	at org.evosuite.runtime.vnet.NonFunctionalRequirementRule$1.evaluate(NonFunctionalRequirementRule.java:41)
	at org.junit.runners.ParentRunner$3.evaluate(ParentRunner.java:306)
	at org.junit.runners.BlockJUnit4ClassRunner$1.evaluate(BlockJUnit4ClassRunner.java:100)
	at org.junit.runners.ParentRunner.runLeaf(ParentRunner.java:366)
	at org.junit.runners.BlockJUnit4ClassRunner.runChild(BlockJUnit4ClassRunner.java:103)
	at org.junit.runners.BlockJUnit4ClassRunner.runChild(BlockJUnit4ClassRunner.java:63)
	at org.junit.runners.ParentRunner$4.run(ParentRunner.java:331)
	at org.junit.runners.ParentRunner$1.schedule(ParentRunner.java:79)
	at org.junit.runners.ParentRunner.runChildren(ParentRunner.java:329)
	at org.junit.runners.ParentRunner.access$100(ParentRunner.java:66)
	at org.junit.runners.ParentRunner$2.evaluate(ParentRunner.java:293)
	at org.junit.internal.runners.statements.RunBefores.evaluate(RunBefores.java:26)
	at org.junit.internal.runners.statements.RunAfters.evaluate(RunAfters.java:27)
	at org.junit.runners.ParentRunner$3.evaluate(ParentRunner.java:306)
	at org.junit.runners.ParentRunner.run(ParentRunner.java:413)
	at org.apache.maven.surefire.junit4.JUnit4Provider.execute(JUnit4Provider.java:316)
	at org.apache.maven.surefire.junit4.JUnit4Provider.executeWithRerun(JUnit4Provider.java:240)
	at org.apache.maven.surefire.junit4.JUnit4Provider.executeTestSet(JUnit4Provider.java:214)
	at org.apache.maven.surefire.junit4.JUnit4Provider.invoke(JUnit4Provider.java:155)
	at org.apache.maven.surefire.booter.ForkedBooter.runSuitesInProcess(ForkedBooter.java:385)
	at org.apache.maven.surefire.booter.ForkedBooter.execute(ForkedBooter.java:162)
	at org.apache.maven.surefire.booter.ForkedBooter.run(ForkedBooter.java:507)
	at org.apache.maven.surefire.booter.ForkedBooter.main(ForkedBooter.java:495)
18:07:27.677 [main] DEBUG io.netty.util.internal.CleanerJava9 - java.nio.ByteBuffer.cleaner(): unavailable
java.lang.NoSuchMethodException: sun.misc.Unsafe.invokeCleaner(java.nio.ByteBuffer)
	at java.lang.Class.getDeclaredMethod(Class.java:2130)
	at io.netty.util.internal.CleanerJava9$1.run(CleanerJava9.java:45)
	at java.security.AccessController.doPrivileged(Native Method)
	at io.netty.util.internal.CleanerJava9.__STATIC_RESET(CleanerJava9.java:40)
	at sun.reflect.NativeMethodAccessorImpl.invoke0(Native Method)
	at sun.reflect.NativeMethodAccessorImpl.invoke(NativeMethodAccessorImpl.java:62)
	at sun.reflect.DelegatingMethodAccessorImpl.invoke(DelegatingMethodAccessorImpl.java:43)
	at java.lang.reflect.Method.invoke(Method.java:498)
	at org.evosuite.runtime.classhandling.ClassResetter.reset(ClassResetter.java:159)
	at org.evosuite.runtime.classhandling.ClassStateSupport.resetClasses(ClassStateSupport.java:137)
	at io.netty.buffer.AbstractByteBufAllocator_ESTest_scaffolding.resetClasses(AbstractByteBufAllocator_ESTest_scaffolding.java:308)
	at io.netty.buffer.AbstractByteBufAllocator_ESTest_scaffolding.doneWithTestCase(AbstractByteBufAllocator_ESTest_scaffolding.java:68)
	at sun.reflect.NativeMethodAccessorImpl.invoke0(Native Method)
	at sun.reflect.NativeMethodAccessorImpl.invoke(NativeMethodAccessorImpl.java:62)
	at sun.reflect.DelegatingMethodAccessorImpl.invoke(DelegatingMethodAccessorImpl.java:43)
	at java.lang.reflect.Method.invoke(Method.java:498)
	at org.junit.runners.model.FrameworkMethod$1.runReflectiveCall(FrameworkMethod.java:59)
	at org.junit.internal.runners.model.ReflectiveCallable.run(ReflectiveCallable.java:12)
	at org.junit.runners.model.FrameworkMethod.invokeExplosively(FrameworkMethod.java:56)
	at org.junit.internal.runners.statements.RunAfters.invokeMethod(RunAfters.java:46)
	at org.junit.internal.runners.statements.RunAfters.evaluate(RunAfters.java:33)
	at org.evosuite.runtime.vnet.NonFunctionalRequirementRule$1.evaluate(NonFunctionalRequirementRule.java:41)
	at org.junit.runners.ParentRunner$3.evaluate(ParentRunner.java:306)
	at org.junit.runners.BlockJUnit4ClassRunner$1.evaluate(BlockJUnit4ClassRunner.java:100)
	at org.junit.runners.ParentRunner.runLeaf(ParentRunner.java:366)
	at org.junit.runners.BlockJUnit4ClassRunner.runChild(BlockJUnit4ClassRunner.java:103)
	at org.junit.runners.BlockJUnit4ClassRunner.runChild(BlockJUnit4ClassRunner.java:63)
	at org.junit.runners.ParentRunner$4.run(ParentRunner.java:331)
	at org.junit.runners.ParentRunner$1.schedule(ParentRunner.java:79)
	at org.junit.runners.ParentRunner.runChildren(ParentRunner.java:329)
	at org.junit.runners.ParentRunner.access$100(ParentRunner.java:66)
	at org.junit.runners.ParentRunner$2.evaluate(ParentRunner.java:293)
	at org.junit.internal.runners.statements.RunBefores.evaluate(RunBefores.java:26)
	at org.junit.internal.runners.statements.RunAfters.evaluate(RunAfters.java:27)
	at org.junit.runners.ParentRunner$3.evaluate(ParentRunner.java:306)
	at org.junit.runners.ParentRunner.run(ParentRunner.java:413)
	at org.apache.maven.surefire.junit4.JUnit4Provider.execute(JUnit4Provider.java:316)
	at org.apache.maven.surefire.junit4.JUnit4Provider.executeWithRerun(JUnit4Provider.java:240)
	at org.apache.maven.surefire.junit4.JUnit4Provider.executeTestSet(JUnit4Provider.java:214)
	at org.apache.maven.surefire.junit4.JUnit4Provider.invoke(JUnit4Provider.java:155)
	at org.apache.maven.surefire.booter.ForkedBooter.runSuitesInProcess(ForkedBooter.java:385)
	at org.apache.maven.surefire.booter.ForkedBooter.execute(ForkedBooter.java:162)
	at org.apache.maven.surefire.booter.ForkedBooter.run(ForkedBooter.java:507)
	at org.apache.maven.surefire.booter.ForkedBooter.main(ForkedBooter.java:495)
18:07:27.678 [main] DEBUG io.netty.buffer.AdvancedLeakAwareByteBuf - -Dio.netty.leakDetection.acquireAndReleaseOnly: false
18:07:27.680 [main] DEBUG io.netty.util.Recycler - -Dio.netty.recycler.maxCapacityPerThread: 4096
18:07:27.680 [main] DEBUG io.netty.util.Recycler - -Dio.netty.recycler.ratio: 8
18:07:27.680 [main] DEBUG io.netty.util.Recycler - -Dio.netty.recycler.chunkSize: 32
18:07:27.680 [main] DEBUG io.netty.util.Recycler - -Dio.netty.recycler.blocking: false
18:07:27.680 [main] DEBUG io.netty.util.Recycler - -Dio.netty.recycler.batchFastThreadLocalOnly: true
18:07:27.680 [main] INFO org.evosuite.runtime.instrumentation.EvoClassLoader - Seeing class for first time: io.netty.util.internal.PlatformDependent$AtomicLongCounter
18:07:27.680 [main] INFO org.evosuite.runtime.instrumentation.EvoClassLoader - Instrumenting class 'io.netty.util.internal.PlatformDependent$AtomicLongCounter'.
18:07:27.680 [main] INFO org.evosuite.runtime.instrumentation.MethodCallReplacementClassAdapter - Adding mock interface to class io/netty/util/internal/PlatformDependent$AtomicLongCounter
18:07:27.680 [main] INFO org.evosuite.runtime.instrumentation.CreateClassResetClassAdapter - Creating brand-new static initializer in class io/netty/util/internal/PlatformDependent$AtomicLongCounter
18:07:27.681 [main] INFO org.evosuite.runtime.instrumentation.EvoClassLoader - Keeping class: io.netty.util.internal.PlatformDependent$AtomicLongCounter
18:07:27.681 [main] DEBUG io.netty.util.internal.PlatformDependent - org.jctools-core.MpscChunkedArrayQueue: available
18:07:27.684 [main] INFO org.evosuite.runtime.instrumentation.EvoClassLoader - Seeing class for first time: io.netty.buffer.CompositeByteBuf$CompositeByteBufIterator
18:07:27.684 [main] INFO org.evosuite.runtime.instrumentation.EvoClassLoader - Instrumenting class 'io.netty.buffer.CompositeByteBuf$CompositeByteBufIterator'.
18:07:27.684 [main] INFO org.evosuite.runtime.instrumentation.MethodCallReplacementClassAdapter - Adding mock interface to class io/netty/buffer/CompositeByteBuf$CompositeByteBufIterator
18:07:27.685 [main] INFO org.evosuite.runtime.instrumentation.CreateClassResetClassAdapter - Creating brand-new static initializer in class io/netty/buffer/CompositeByteBuf$CompositeByteBufIterator
18:07:27.685 [main] INFO org.evosuite.runtime.instrumentation.EvoClassLoader - Keeping class: io.netty.buffer.CompositeByteBuf$CompositeByteBufIterator
18:07:27.685 [main] INFO org.evosuite.runtime.instrumentation.EvoClassLoader - Seeing class for first time: io.netty.buffer.PoolArena$HeapArena
18:07:27.685 [main] INFO org.evosuite.runtime.instrumentation.EvoClassLoader - Instrumenting class 'io.netty.buffer.PoolArena$HeapArena'.
18:07:27.686 [main] INFO org.evosuite.runtime.instrumentation.MethodCallReplacementClassAdapter - Adding mock interface to class io/netty/buffer/PoolArena$HeapArena
18:07:27.687 [main] INFO org.evosuite.runtime.instrumentation.CreateClassResetClassAdapter - Creating brand-new static initializer in class io/netty/buffer/PoolArena$HeapArena
18:07:27.688 [main] INFO org.evosuite.runtime.instrumentation.EvoClassLoader - Keeping class: io.netty.buffer.PoolArena$HeapArena
18:07:27.688 [main] INFO org.evosuite.runtime.instrumentation.EvoClassLoader - Seeing class for first time: io.netty.buffer.PooledHeapByteBuf
18:07:27.688 [main] INFO org.evosuite.runtime.instrumentation.EvoClassLoader - Instrumenting class 'io.netty.buffer.PooledHeapByteBuf'.
18:07:27.688 [main] INFO org.evosuite.runtime.instrumentation.MethodCallReplacementClassAdapter - Adding mock interface to class io/netty/buffer/PooledHeapByteBuf
18:07:27.688 [main] INFO org.evosuite.runtime.instrumentation.CreateClassResetClassAdapter - Found static initializer in class io/netty/buffer/PooledHeapByteBuf
18:07:27.688 [main] INFO org.evosuite.runtime.instrumentation.EvoClassLoader - Keeping class: io.netty.buffer.PooledHeapByteBuf
18:07:27.688 [main] INFO org.evosuite.runtime.instrumentation.EvoClassLoader - Seeing class for first time: io.netty.buffer.PooledUnsafeHeapByteBuf
18:07:27.688 [main] INFO org.evosuite.runtime.instrumentation.EvoClassLoader - Instrumenting class 'io.netty.buffer.PooledUnsafeHeapByteBuf'.
18:07:27.689 [main] INFO org.evosuite.runtime.instrumentation.MethodCallReplacementClassAdapter - Adding mock interface to class io/netty/buffer/PooledUnsafeHeapByteBuf
18:07:27.689 [main] INFO org.evosuite.runtime.instrumentation.CreateClassResetClassAdapter - Found static initializer in class io/netty/buffer/PooledUnsafeHeapByteBuf
18:07:27.689 [main] INFO org.evosuite.runtime.instrumentation.EvoClassLoader - Keeping class: io.netty.buffer.PooledUnsafeHeapByteBuf
18:07:27.689 [main] INFO org.evosuite.runtime.instrumentation.EvoClassLoader - Seeing class for first time: io.netty.buffer.PooledHeapByteBuf$1
18:07:27.689 [main] INFO org.evosuite.runtime.instrumentation.EvoClassLoader - Instrumenting class 'io.netty.buffer.PooledHeapByteBuf$1'.
18:07:27.689 [main] INFO org.evosuite.runtime.instrumentation.MethodCallReplacementClassAdapter - Adding mock interface to class io/netty/buffer/PooledHeapByteBuf$1
18:07:27.690 [main] INFO org.evosuite.runtime.instrumentation.EvoClassLoader - Keeping class: io.netty.buffer.PooledHeapByteBuf$1
18:07:27.690 [main] INFO org.evosuite.runtime.instrumentation.EvoClassLoader - Seeing class for first time: io.netty.buffer.PooledUnsafeHeapByteBuf$1
18:07:27.690 [main] INFO org.evosuite.runtime.instrumentation.EvoClassLoader - Instrumenting class 'io.netty.buffer.PooledUnsafeHeapByteBuf$1'.
18:07:27.690 [main] INFO org.evosuite.runtime.instrumentation.MethodCallReplacementClassAdapter - Adding mock interface to class io/netty/buffer/PooledUnsafeHeapByteBuf$1
18:07:27.690 [main] INFO org.evosuite.runtime.instrumentation.EvoClassLoader - Keeping class: io.netty.buffer.PooledUnsafeHeapByteBuf$1
18:07:27.691 [main] INFO org.evosuite.runtime.instrumentation.EvoClassLoader - Seeing class for first time: io.netty.buffer.HeapByteBufUtil
18:07:27.691 [main] INFO org.evosuite.runtime.instrumentation.EvoClassLoader - Instrumenting class 'io.netty.buffer.HeapByteBufUtil'.
18:07:27.691 [main] INFO org.evosuite.runtime.instrumentation.MethodCallReplacementClassAdapter - Adding mock interface to class io/netty/buffer/HeapByteBufUtil
18:07:27.691 [main] INFO org.evosuite.runtime.instrumentation.CreateClassResetClassAdapter - Creating brand-new static initializer in class io/netty/buffer/HeapByteBufUtil
18:07:27.691 [main] INFO org.evosuite.runtime.instrumentation.EvoClassLoader - Keeping class: io.netty.buffer.HeapByteBufUtil
18:07:27.692 [main] INFO org.evosuite.runtime.instrumentation.EvoClassLoader - Seeing class for first time: net.sf.saxon.pattern.NodeTest
18:07:27.692 [main] INFO org.evosuite.runtime.instrumentation.EvoClassLoader - Instrumenting class 'net.sf.saxon.pattern.NodeTest'.
18:07:27.785 [main] INFO org.evosuite.runtime.instrumentation.MethodCallReplacementClassAdapter - Adding mock interface to class net/sf/saxon/pattern/NodeTest
18:07:27.786 [main] INFO org.evosuite.runtime.instrumentation.CreateClassResetClassAdapter - Creating brand-new static initializer in class net/sf/saxon/pattern/NodeTest
18:07:27.786 [main] INFO org.evosuite.runtime.instrumentation.EvoClassLoader - Defined package (3): package net.sf.saxon.pattern, -350331455
18:07:27.786 [main] INFO org.evosuite.runtime.instrumentation.EvoClassLoader - Seeing class for first time: net.sf.saxon.type.ItemType$WithSequenceTypeCache
18:07:27.786 [main] INFO org.evosuite.runtime.instrumentation.EvoClassLoader - Instrumenting class 'net.sf.saxon.type.ItemType$WithSequenceTypeCache'.
18:07:27.787 [main] INFO org.evosuite.runtime.instrumentation.EvoClassLoader - Defined package (3): package net.sf.saxon.type, 910996137
18:07:27.787 [main] INFO org.evosuite.runtime.instrumentation.EvoClassLoader - Seeing class for first time: net.sf.saxon.type.ItemType
18:07:27.787 [main] INFO org.evosuite.runtime.instrumentation.EvoClassLoader - Instrumenting class 'net.sf.saxon.type.ItemType'.
18:07:27.788 [main] INFO org.evosuite.runtime.instrumentation.EvoClassLoader - Keeping class: net.sf.saxon.type.ItemType
18:07:27.788 [main] INFO org.evosuite.runtime.instrumentation.EvoClassLoader - Keeping class: net.sf.saxon.type.ItemType$WithSequenceTypeCache
18:07:27.788 [main] INFO org.evosuite.runtime.instrumentation.EvoClassLoader - Keeping class: net.sf.saxon.pattern.NodeTest
18:07:27.788 [main] INFO org.evosuite.runtime.instrumentation.EvoClassLoader - Seeing class for first time: net.sf.saxon.type.SchemaType
18:07:27.788 [main] INFO org.evosuite.runtime.instrumentation.EvoClassLoader - Instrumenting class 'net.sf.saxon.type.SchemaType'.
18:07:27.789 [main] INFO org.evosuite.runtime.instrumentation.EvoClassLoader - Seeing class for first time: net.sf.saxon.type.SchemaComponent
18:07:27.789 [main] INFO org.evosuite.runtime.instrumentation.EvoClassLoader - Instrumenting class 'net.sf.saxon.type.SchemaComponent'.
18:07:27.789 [main] INFO org.evosuite.runtime.instrumentation.EvoClassLoader - Keeping class: net.sf.saxon.type.SchemaComponent
18:07:27.789 [main] INFO org.evosuite.runtime.instrumentation.EvoClassLoader - Keeping class: net.sf.saxon.type.SchemaType
18:07:27.789 [main] INFO org.evosuite.runtime.instrumentation.EvoClassLoader - Seeing class for first time: net.sf.saxon.type.AtomicType
18:07:27.789 [main] INFO org.evosuite.runtime.instrumentation.EvoClassLoader - Instrumenting class 'net.sf.saxon.type.AtomicType'.
18:07:27.790 [main] INFO org.evosuite.runtime.instrumentation.EvoClassLoader - Seeing class for first time: net.sf.saxon.type.SimpleType
18:07:27.790 [main] INFO org.evosuite.runtime.instrumentation.EvoClassLoader - Instrumenting class 'net.sf.saxon.type.SimpleType'.
18:07:27.790 [main] INFO org.evosuite.runtime.instrumentation.EvoClassLoader - Keeping class: net.sf.saxon.type.SimpleType
18:07:27.790 [main] INFO org.evosuite.runtime.instrumentation.EvoClassLoader - Seeing class for first time: net.sf.saxon.type.PlainType
18:07:27.790 [main] INFO org.evosuite.runtime.instrumentation.EvoClassLoader - Instrumenting class 'net.sf.saxon.type.PlainType'.
18:07:27.791 [main] INFO org.evosuite.runtime.instrumentation.EvoClassLoader - Keeping class: net.sf.saxon.type.PlainType
18:07:27.791 [main] INFO org.evosuite.runtime.instrumentation.EvoClassLoader - Keeping class: net.sf.saxon.type.AtomicType
18:07:27.791 [main] INFO org.evosuite.runtime.instrumentation.EvoClassLoader - Seeing class for first time: net.sf.saxon.tree.tiny.NodeVectorTree
18:07:27.791 [main] INFO org.evosuite.runtime.instrumentation.EvoClassLoader - Instrumenting class 'net.sf.saxon.tree.tiny.NodeVectorTree'.
18:07:27.792 [main] INFO org.evosuite.runtime.instrumentation.EvoClassLoader - Defined package (3): package net.sf.saxon.tree.tiny, -1645783743
18:07:27.792 [main] INFO org.evosuite.runtime.instrumentation.EvoClassLoader - Keeping class: net.sf.saxon.tree.tiny.NodeVectorTree
18:07:27.792 [main] INFO org.evosuite.runtime.instrumentation.EvoClassLoader - Seeing class for first time: net.sf.saxon.om.NodeInfo
18:07:27.792 [main] INFO org.evosuite.runtime.instrumentation.EvoClassLoader - Instrumenting class 'net.sf.saxon.om.NodeInfo'.
18:07:27.792 [main] INFO org.evosuite.runtime.instrumentation.EvoClassLoader - Defined package (3): package net.sf.saxon.om, -1831452403
18:07:27.793 [main] INFO org.evosuite.runtime.instrumentation.EvoClassLoader - Seeing class for first time: net.sf.saxon.om.Item
18:07:27.793 [main] INFO org.evosuite.runtime.instrumentation.EvoClassLoader - Instrumenting class 'net.sf.saxon.om.Item'.
18:07:27.795 [main] INFO org.evosuite.runtime.instrumentation.EvoClassLoader - Seeing class for first time: net.sf.saxon.om.GroundedValue
18:07:27.795 [main] INFO org.evosuite.runtime.instrumentation.EvoClassLoader - Instrumenting class 'net.sf.saxon.om.GroundedValue'.
18:07:27.796 [main] INFO org.evosuite.runtime.instrumentation.EvoClassLoader - Seeing class for first time: net.sf.saxon.om.Sequence
18:07:27.796 [main] INFO org.evosuite.runtime.instrumentation.EvoClassLoader - Instrumenting class 'net.sf.saxon.om.Sequence'.
18:07:27.796 [main] INFO org.evosuite.runtime.instrumentation.EvoClassLoader - Keeping class: net.sf.saxon.om.Sequence
18:07:27.796 [main] INFO org.evosuite.runtime.instrumentation.EvoClassLoader - Keeping class: net.sf.saxon.om.GroundedValue
18:07:27.796 [main] INFO org.evosuite.runtime.instrumentation.EvoClassLoader - Keeping class: net.sf.saxon.om.Item
18:07:27.796 [main] INFO org.evosuite.runtime.instrumentation.EvoClassLoader - Seeing class for first time: net.sf.saxon.expr.parser.Location
18:07:27.796 [main] INFO org.evosuite.runtime.instrumentation.EvoClassLoader - Instrumenting class 'net.sf.saxon.expr.parser.Location'.
18:07:27.797 [main] INFO org.evosuite.runtime.instrumentation.EvoClassLoader - Defined package (3): package net.sf.saxon.expr.parser, 1607920617
18:07:27.797 [main] INFO org.evosuite.runtime.instrumentation.EvoClassLoader - Keeping class: net.sf.saxon.expr.parser.Location
18:07:27.797 [main] INFO org.evosuite.runtime.instrumentation.EvoClassLoader - Keeping class: net.sf.saxon.om.NodeInfo
18:07:27.797 [main] INFO org.evosuite.runtime.instrumentation.EvoClassLoader - Seeing class for first time: net.sf.saxon.trans.XPathException
18:07:27.797 [main] INFO org.evosuite.runtime.instrumentation.EvoClassLoader - Instrumenting class 'net.sf.saxon.trans.XPathException'.
18:07:27.798 [main] INFO org.evosuite.runtime.instrumentation.MethodCallReplacementClassAdapter - Adding mock interface to class net/sf/saxon/trans/XPathException
18:07:27.798 [main] INFO org.evosuite.runtime.instrumentation.CreateClassResetClassAdapter - Creating brand-new static initializer in class net/sf/saxon/trans/XPathException
18:07:27.798 [main] INFO org.evosuite.runtime.instrumentation.EvoClassLoader - Defined package (3): package net.sf.saxon.trans, -1824113383
18:07:27.799 [main] INFO org.evosuite.runtime.instrumentation.EvoClassLoader - Keeping class: net.sf.saxon.trans.XPathException
18:07:27.799 [main] INFO org.evosuite.runtime.instrumentation.EvoClassLoader - Seeing class for first time: net.sf.saxon.value.SequenceType
18:07:27.799 [main] INFO org.evosuite.runtime.instrumentation.EvoClassLoader - Instrumenting class 'net.sf.saxon.value.SequenceType'.
18:07:27.800 [main] INFO org.evosuite.runtime.instrumentation.MethodCallReplacementClassAdapter - Adding mock interface to class net/sf/saxon/value/SequenceType
18:07:27.800 [main] INFO org.evosuite.runtime.instrumentation.CreateClassResetClassAdapter - Found static initializer in class net/sf/saxon/value/SequenceType
18:07:27.801 [main] INFO org.evosuite.runtime.instrumentation.EvoClassLoader - Defined package (3): package net.sf.saxon.value, -1822762014
18:07:27.802 [main] INFO org.evosuite.runtime.instrumentation.EvoClassLoader - Keeping class: net.sf.saxon.value.SequenceType
18:07:27.802 [main] INFO org.evosuite.runtime.instrumentation.EvoClassLoader - Seeing class for first time: net.sf.saxon.type.TypeHierarchy
18:07:27.802 [main] INFO org.evosuite.runtime.instrumentation.EvoClassLoader - Instrumenting class 'net.sf.saxon.type.TypeHierarchy'.
18:07:27.805 [main] INFO org.evosuite.runtime.instrumentation.MethodCallReplacementClassAdapter - Adding mock interface to class net/sf/saxon/type/TypeHierarchy
18:07:27.817 [main] INFO org.evosuite.runtime.instrumentation.CreateClassResetClassAdapter - Creating brand-new static initializer in class net/sf/saxon/type/TypeHierarchy
18:07:27.817 [main] INFO org.evosuite.runtime.instrumentation.CreateClassResetClassAdapter - Adding bytecode for initializing field SAME_TYPE
18:07:27.817 [main] INFO org.evosuite.runtime.instrumentation.CreateClassResetClassAdapter - Adding bytecode for initializing field SUBSUMES
18:07:27.817 [main] INFO org.evosuite.runtime.instrumentation.CreateClassResetClassAdapter - Adding bytecode for initializing field SUBSUMED_BY
18:07:27.817 [main] INFO org.evosuite.runtime.instrumentation.CreateClassResetClassAdapter - Adding bytecode for initializing field OVERLAPS
18:07:27.817 [main] INFO org.evosuite.runtime.instrumentation.CreateClassResetClassAdapter - Adding bytecode for initializing field DISJOINT
18:07:27.818 [main] INFO org.evosuite.runtime.instrumentation.EvoClassLoader - Keeping class: net.sf.saxon.type.TypeHierarchy
18:07:27.818 [main] INFO org.evosuite.runtime.instrumentation.EvoClassLoader - Seeing class for first time: net.sf.saxon.om.Genre
18:07:27.818 [main] INFO org.evosuite.runtime.instrumentation.EvoClassLoader - Instrumenting class 'net.sf.saxon.om.Genre'.
18:07:27.819 [main] INFO org.evosuite.runtime.instrumentation.MethodCallReplacementClassAdapter - Adding mock interface to class net/sf/saxon/om/Genre
18:07:27.819 [main] INFO org.evosuite.runtime.instrumentation.CreateClassResetClassAdapter - Found static initializer in class net/sf/saxon/om/Genre
18:07:27.820 [main] INFO org.evosuite.runtime.instrumentation.EvoClassLoader - Keeping class: net.sf.saxon.om.Genre
18:07:27.820 [main] INFO org.evosuite.runtime.instrumentation.EvoClassLoader - Seeing class for first time: net.sf.saxon.om.StructuredQName
18:07:27.820 [main] INFO org.evosuite.runtime.instrumentation.EvoClassLoader - Instrumenting class 'net.sf.saxon.om.StructuredQName'.
18:07:27.821 [main] INFO org.evosuite.runtime.instrumentation.MethodCallReplacementClassAdapter - Adding mock interface to class net/sf/saxon/om/StructuredQName
18:07:27.823 [main] INFO org.evosuite.runtime.instrumentation.CreateClassResetClassAdapter - Creating brand-new static initializer in class net/sf/saxon/om/StructuredQName
18:07:27.824 [main] INFO org.evosuite.runtime.instrumentation.EvoClassLoader - Seeing class for first time: net.sf.saxon.om.IdentityComparable
18:07:27.824 [main] INFO org.evosuite.runtime.instrumentation.EvoClassLoader - Instrumenting class 'net.sf.saxon.om.IdentityComparable'.
18:07:27.825 [main] INFO org.evosuite.runtime.instrumentation.EvoClassLoader - Keeping class: net.sf.saxon.om.IdentityComparable
18:07:27.825 [main] INFO org.evosuite.runtime.instrumentation.EvoClassLoader - Keeping class: net.sf.saxon.om.StructuredQName
18:07:27.825 [main] INFO org.evosuite.runtime.instrumentation.EvoClassLoader - Seeing class for first time: net.sf.saxon.om.NodeName
18:07:27.825 [main] INFO org.evosuite.runtime.instrumentation.EvoClassLoader - Instrumenting class 'net.sf.saxon.om.NodeName'.
18:07:27.826 [main] INFO org.evosuite.runtime.instrumentation.EvoClassLoader - Keeping class: net.sf.saxon.om.NodeName
18:07:27.826 [main] INFO org.evosuite.runtime.instrumentation.EvoClassLoader - Seeing class for first time: net.sf.saxon.type.PrimitiveUType
18:07:27.826 [main] INFO org.evosuite.runtime.instrumentation.EvoClassLoader - Instrumenting class 'net.sf.saxon.type.PrimitiveUType'.
18:07:27.827 [main] INFO org.evosuite.runtime.instrumentation.MethodCallReplacementClassAdapter - Adding mock interface to class net/sf/saxon/type/PrimitiveUType
18:07:27.829 [main] INFO org.evosuite.runtime.instrumentation.CreateClassResetClassAdapter - Found static initializer in class net/sf/saxon/type/PrimitiveUType
18:07:27.830 [main] INFO org.evosuite.runtime.instrumentation.EvoClassLoader - Keeping class: net.sf.saxon.type.PrimitiveUType
18:07:27.830 [main] INFO org.evosuite.runtime.instrumentation.EvoClassLoader - Seeing class for first time: net.sf.saxon.type.UType
18:07:27.830 [main] INFO org.evosuite.runtime.instrumentation.EvoClassLoader - Instrumenting class 'net.sf.saxon.type.UType'.
18:07:27.832 [main] INFO org.evosuite.runtime.instrumentation.MethodCallReplacementClassAdapter - Adding mock interface to class net/sf/saxon/type/UType
18:07:27.833 [main] INFO org.evosuite.runtime.instrumentation.CreateClassResetClassAdapter - Found static initializer in class net/sf/saxon/type/UType
18:07:27.834 [main] INFO org.evosuite.runtime.instrumentation.EvoClassLoader - Keeping class: net.sf.saxon.type.UType
18:07:27.836 [main] INFO org.evosuite.runtime.instrumentation.EvoClassLoader - Seeing class for first time: net.sf.saxon.pattern.NodeKindTest
18:07:27.836 [main] INFO org.evosuite.runtime.instrumentation.EvoClassLoader - Instrumenting class 'net.sf.saxon.pattern.NodeKindTest'.
18:07:27.837 [main] INFO org.evosuite.runtime.instrumentation.MethodCallReplacementClassAdapter - Adding mock interface to class net/sf/saxon/pattern/NodeKindTest
18:07:27.839 [main] INFO org.evosuite.runtime.instrumentation.CreateClassResetClassAdapter - Found static initializer in class net/sf/saxon/pattern/NodeKindTest
18:07:27.839 [main] INFO org.evosuite.runtime.instrumentation.EvoClassLoader - Keeping class: net.sf.saxon.pattern.NodeKindTest
18:07:27.839 [main] INFO org.evosuite.runtime.instrumentation.EvoClassLoader - Seeing class for first time: net.sf.saxon.pattern.AnyNodeTest
18:07:27.839 [main] INFO org.evosuite.runtime.instrumentation.EvoClassLoader - Instrumenting class 'net.sf.saxon.pattern.AnyNodeTest'.
18:07:27.840 [main] INFO org.evosuite.runtime.instrumentation.MethodCallReplacementClassAdapter - Adding mock interface to class net/sf/saxon/pattern/AnyNodeTest
18:07:27.841 [main] INFO org.evosuite.runtime.instrumentation.CreateClassResetClassAdapter - Found static initializer in class net/sf/saxon/pattern/AnyNodeTest
18:07:27.841 [main] INFO org.evosuite.runtime.instrumentation.EvoClassLoader - Seeing class for first time: net.sf.saxon.pattern.QNameTest
18:07:27.841 [main] INFO org.evosuite.runtime.instrumentation.EvoClassLoader - Instrumenting class 'net.sf.saxon.pattern.QNameTest'.
18:07:27.842 [main] INFO org.evosuite.runtime.instrumentation.EvoClassLoader - Keeping class: net.sf.saxon.pattern.QNameTest
18:07:27.842 [main] INFO org.evosuite.runtime.instrumentation.EvoClassLoader - Keeping class: net.sf.saxon.pattern.AnyNodeTest
18:07:27.842 [main] INFO org.evosuite.runtime.instrumentation.EvoClassLoader - Seeing class for first time: net.sf.saxon.value.AtomicValue
18:07:27.842 [main] INFO org.evosuite.runtime.instrumentation.EvoClassLoader - Instrumenting class 'net.sf.saxon.value.AtomicValue'.
18:07:27.844 [main] INFO org.evosuite.runtime.instrumentation.MethodCallReplacementClassAdapter - Adding mock interface to class net/sf/saxon/value/AtomicValue
18:07:27.845 [main] INFO org.evosuite.runtime.instrumentation.CreateClassResetClassAdapter - Creating brand-new static initializer in class net/sf/saxon/value/AtomicValue
18:07:27.845 [main] INFO org.evosuite.runtime.instrumentation.EvoClassLoader - Seeing class for first time: net.sf.saxon.om.AtomicSequence
18:07:27.846 [main] INFO org.evosuite.runtime.instrumentation.EvoClassLoader - Instrumenting class 'net.sf.saxon.om.AtomicSequence'.
18:07:27.847 [main] INFO org.evosuite.runtime.instrumentation.EvoClassLoader - Keeping class: net.sf.saxon.om.AtomicSequence
18:07:27.847 [main] INFO org.evosuite.runtime.instrumentation.EvoClassLoader - Seeing class for first time: net.sf.saxon.type.ConversionResult
18:07:27.847 [main] INFO org.evosuite.runtime.instrumentation.EvoClassLoader - Instrumenting class 'net.sf.saxon.type.ConversionResult'.
18:07:27.848 [main] INFO org.evosuite.runtime.instrumentation.EvoClassLoader - Keeping class: net.sf.saxon.type.ConversionResult
18:07:27.848 [main] INFO org.evosuite.runtime.instrumentation.EvoClassLoader - Keeping class: net.sf.saxon.value.AtomicValue
18:07:27.848 [main] INFO org.evosuite.runtime.instrumentation.EvoClassLoader - Seeing class for first time: net.sf.saxon.om.SequenceIterator
18:07:27.848 [main] INFO org.evosuite.runtime.instrumentation.EvoClassLoader - Instrumenting class 'net.sf.saxon.om.SequenceIterator'.
18:07:27.849 [main] INFO org.evosuite.runtime.instrumentation.EvoClassLoader - Keeping class: net.sf.saxon.om.SequenceIterator
18:07:27.849 [main] INFO org.evosuite.runtime.instrumentation.EvoClassLoader - Seeing class for first time: net.sf.saxon.tree.iter.UnfailingIterator
18:07:27.849 [main] INFO org.evosuite.runtime.instrumentation.EvoClassLoader - Instrumenting class 'net.sf.saxon.tree.iter.UnfailingIterator'.
18:07:27.850 [main] INFO org.evosuite.runtime.instrumentation.EvoClassLoader - Defined package (3): package net.sf.saxon.tree.iter, -1646101159
18:07:27.851 [main] INFO org.evosuite.runtime.instrumentation.EvoClassLoader - Keeping class: net.sf.saxon.tree.iter.UnfailingIterator
18:07:27.851 [main] INFO org.evosuite.runtime.instrumentation.EvoClassLoader - Seeing class for first time: net.sf.saxon.tree.iter.AtomicIterator
18:07:27.851 [main] INFO org.evosuite.runtime.instrumentation.EvoClassLoader - Instrumenting class 'net.sf.saxon.tree.iter.AtomicIterator'.
18:07:27.852 [main] INFO org.evosuite.runtime.instrumentation.EvoClassLoader - Keeping class: net.sf.saxon.tree.iter.AtomicIterator
18:07:27.852 [main] INFO org.evosuite.runtime.instrumentation.EvoClassLoader - Seeing class for first time: net.sf.saxon.type.ValidationException
18:07:27.852 [main] INFO org.evosuite.runtime.instrumentation.EvoClassLoader - Instrumenting class 'net.sf.saxon.type.ValidationException'.
18:07:27.853 [main] INFO org.evosuite.runtime.instrumentation.MethodCallReplacementClassAdapter - Adding mock interface to class net/sf/saxon/type/ValidationException
18:07:27.853 [main] INFO org.evosuite.runtime.instrumentation.CreateClassResetClassAdapter - Creating brand-new static initializer in class net/sf/saxon/type/ValidationException
18:07:27.854 [main] INFO org.evosuite.runtime.instrumentation.EvoClassLoader - Keeping class: net.sf.saxon.type.ValidationException
18:07:27.854 [main] INFO org.evosuite.runtime.instrumentation.EvoClassLoader - Seeing class for first time: net.sf.saxon.trans.NoDynamicContextException
18:07:27.854 [main] INFO org.evosuite.runtime.instrumentation.EvoClassLoader - Instrumenting class 'net.sf.saxon.trans.NoDynamicContextException'.
18:07:27.854 [main] INFO org.evosuite.runtime.instrumentation.MethodCallReplacementClassAdapter - Adding mock interface to class net/sf/saxon/trans/NoDynamicContextException
18:07:27.855 [main] INFO org.evosuite.runtime.instrumentation.CreateClassResetClassAdapter - Creating brand-new static initializer in class net/sf/saxon/trans/NoDynamicContextException
18:07:27.855 [main] INFO org.evosuite.runtime.instrumentation.EvoClassLoader - Keeping class: net.sf.saxon.trans.NoDynamicContextException
18:07:27.855 [main] INFO org.evosuite.runtime.instrumentation.EvoClassLoader - Seeing class for first time: net.sf.saxon.lib.StringCollator
18:07:27.855 [main] INFO org.evosuite.runtime.instrumentation.EvoClassLoader - Instrumenting class 'net.sf.saxon.lib.StringCollator'.
18:07:27.856 [main] INFO org.evosuite.runtime.instrumentation.EvoClassLoader - Defined package (3): package net.sf.saxon.lib, -940452554
18:07:27.856 [main] INFO org.evosuite.runtime.instrumentation.EvoClassLoader - Keeping class: net.sf.saxon.lib.StringCollator
18:07:27.856 [main] INFO org.evosuite.runtime.instrumentation.EvoClassLoader - Seeing class for first time: net.sf.saxon.functions.AccessorFn$Component
18:07:27.856 [main] INFO org.evosuite.runtime.instrumentation.EvoClassLoader - Instrumenting class 'net.sf.saxon.functions.AccessorFn$Component'.
18:07:27.857 [main] INFO org.evosuite.runtime.instrumentation.MethodCallReplacementClassAdapter - Adding mock interface to class net/sf/saxon/functions/AccessorFn$Component
18:07:27.857 [main] INFO org.evosuite.runtime.instrumentation.CreateClassResetClassAdapter - Found static initializer in class net/sf/saxon/functions/AccessorFn$Component
18:07:27.857 [main] INFO org.evosuite.runtime.instrumentation.EvoClassLoader - Defined package (3): package net.sf.saxon.functions, -1773096564
18:07:27.857 [main] INFO org.evosuite.runtime.instrumentation.EvoClassLoader - Keeping class: net.sf.saxon.functions.AccessorFn$Component
18:07:27.857 [main] INFO org.evosuite.runtime.instrumentation.EvoClassLoader - Seeing class for first time: net.sf.saxon.tree.iter.SingleAtomicIterator
18:07:27.857 [main] INFO org.evosuite.runtime.instrumentation.EvoClassLoader - Instrumenting class 'net.sf.saxon.tree.iter.SingleAtomicIterator'.
18:07:27.858 [main] INFO org.evosuite.runtime.instrumentation.MethodCallReplacementClassAdapter - Adding mock interface to class net/sf/saxon/tree/iter/SingleAtomicIterator
18:07:27.860 [main] INFO org.evosuite.runtime.instrumentation.CreateClassResetClassAdapter - Creating brand-new static initializer in class net/sf/saxon/tree/iter/SingleAtomicIterator
18:07:27.861 [main] INFO org.evosuite.runtime.instrumentation.EvoClassLoader - Seeing class for first time: net.sf.saxon.tree.iter.ReversibleIterator
18:07:27.861 [main] INFO org.evosuite.runtime.instrumentation.EvoClassLoader - Instrumenting class 'net.sf.saxon.tree.iter.ReversibleIterator'.
18:07:27.862 [main] INFO org.evosuite.runtime.instrumentation.EvoClassLoader - Keeping class: net.sf.saxon.tree.iter.ReversibleIterator
18:07:27.862 [main] INFO org.evosuite.runtime.instrumentation.EvoClassLoader - Seeing class for first time: net.sf.saxon.expr.LastPositionFinder
18:07:27.862 [main] INFO org.evosuite.runtime.instrumentation.EvoClassLoader - Instrumenting class 'net.sf.saxon.expr.LastPositionFinder'.
18:07:27.863 [main] INFO org.evosuite.runtime.instrumentation.EvoClassLoader - Defined package (3): package net.sf.saxon.expr, 910548324
18:07:27.863 [main] INFO org.evosuite.runtime.instrumentation.EvoClassLoader - Keeping class: net.sf.saxon.expr.LastPositionFinder
18:07:27.863 [main] INFO org.evosuite.runtime.instrumentation.EvoClassLoader - Seeing class for first time: net.sf.saxon.tree.iter.GroundedIterator
18:07:27.863 [main] INFO org.evosuite.runtime.instrumentation.EvoClassLoader - Instrumenting class 'net.sf.saxon.tree.iter.GroundedIterator'.
18:07:27.865 [main] INFO org.evosuite.runtime.instrumentation.EvoClassLoader - Keeping class: net.sf.saxon.tree.iter.GroundedIterator
18:07:27.865 [main] INFO org.evosuite.runtime.instrumentation.EvoClassLoader - Seeing class for first time: net.sf.saxon.tree.iter.LookaheadIterator
18:07:27.865 [main] INFO org.evosuite.runtime.instrumentation.EvoClassLoader - Instrumenting class 'net.sf.saxon.tree.iter.LookaheadIterator'.
18:07:27.865 [main] INFO org.evosuite.runtime.instrumentation.EvoClassLoader - Keeping class: net.sf.saxon.tree.iter.LookaheadIterator
18:07:27.866 [main] INFO org.evosuite.runtime.instrumentation.EvoClassLoader - Keeping class: net.sf.saxon.tree.iter.SingleAtomicIterator
18:07:27.866 [main] INFO org.evosuite.runtime.instrumentation.EvoClassLoader - Seeing class for first time: net.sf.saxon.expr.XPathContext
18:07:27.866 [main] INFO org.evosuite.runtime.instrumentation.EvoClassLoader - Instrumenting class 'net.sf.saxon.expr.XPathContext'.
18:07:27.867 [main] INFO org.evosuite.runtime.instrumentation.EvoClassLoader - Keeping class: net.sf.saxon.expr.XPathContext
18:07:27.867 [main] INFO org.evosuite.runtime.instrumentation.EvoClassLoader - Seeing class for first time: net.sf.saxon.type.BuiltInAtomicType
18:07:27.867 [main] INFO org.evosuite.runtime.instrumentation.EvoClassLoader - Instrumenting class 'net.sf.saxon.type.BuiltInAtomicType'.
18:07:27.869 [main] INFO org.evosuite.runtime.instrumentation.MethodCallReplacementClassAdapter - Adding mock interface to class net/sf/saxon/type/BuiltInAtomicType
18:07:27.872 [main] INFO org.evosuite.runtime.instrumentation.CreateClassResetClassAdapter - Found static initializer in class net/sf/saxon/type/BuiltInAtomicType
18:07:27.874 [main] INFO org.evosuite.runtime.instrumentation.EvoClassLoader - Keeping class: net.sf.saxon.type.BuiltInAtomicType
18:07:27.874 [main] INFO org.evosuite.runtime.instrumentation.EvoClassLoader - Seeing class for first time: net.sf.saxon.expr.StaticContext
18:07:27.874 [main] INFO org.evosuite.runtime.instrumentation.EvoClassLoader - Instrumenting class 'net.sf.saxon.expr.StaticContext'.
18:07:27.876 [main] INFO org.evosuite.runtime.instrumentation.EvoClassLoader - Keeping class: net.sf.saxon.expr.StaticContext
18:07:27.876 [main] INFO org.evosuite.runtime.instrumentation.EvoClassLoader - Seeing class for first time: net.sf.saxon.expr.sort.AtomicMatchKey
18:07:27.876 [main] INFO org.evosuite.runtime.instrumentation.EvoClassLoader - Instrumenting class 'net.sf.saxon.expr.sort.AtomicMatchKey'.
18:07:27.877 [main] INFO org.evosuite.runtime.instrumentation.EvoClassLoader - Defined package (3): package net.sf.saxon.expr.sort, -1187049496
18:07:27.877 [main] INFO org.evosuite.runtime.instrumentation.EvoClassLoader - Keeping class: net.sf.saxon.expr.sort.AtomicMatchKey
18:07:27.878 [main] INFO org.evosuite.runtime.instrumentation.EvoClassLoader - Seeing class for first time: net.sf.saxon.value.NumericValue
18:07:27.878 [main] INFO org.evosuite.runtime.instrumentation.EvoClassLoader - Instrumenting class 'net.sf.saxon.value.NumericValue'.
18:07:27.878 [main] INFO org.evosuite.runtime.instrumentation.MethodCallReplacementClassAdapter - Adding mock interface to class net/sf/saxon/value/NumericValue
18:07:27.879 [main] INFO org.evosuite.runtime.instrumentation.CreateClassResetClassAdapter - Creating brand-new static initializer in class net/sf/saxon/value/NumericValue
18:07:27.879 [main] INFO org.evosuite.runtime.instrumentation.EvoClassLoader - Keeping class: net.sf.saxon.value.NumericValue
18:07:27.879 [main] INFO org.evosuite.runtime.instrumentation.EvoClassLoader - Seeing class for first time: net.sf.saxon.value.DoubleValue
18:07:27.879 [main] INFO org.evosuite.runtime.instrumentation.EvoClassLoader - Instrumenting class 'net.sf.saxon.value.DoubleValue'.
18:07:27.880 [main] INFO org.evosuite.runtime.instrumentation.MethodCallReplacementClassAdapter - Adding mock interface to class net/sf/saxon/value/DoubleValue
18:07:27.881 [main] INFO org.evosuite.runtime.instrumentation.CreateClassResetClassAdapter - Found static initializer in class net/sf/saxon/value/DoubleValue
18:07:27.882 [main] INFO org.evosuite.runtime.instrumentation.EvoClassLoader - Keeping class: net.sf.saxon.value.DoubleValue
18:07:27.883 [main] INFO org.evosuite.runtime.instrumentation.EvoClassLoader - Seeing class for first time: net.sf.saxon.om.QNameException
18:07:27.883 [main] INFO org.evosuite.runtime.instrumentation.EvoClassLoader - Instrumenting class 'net.sf.saxon.om.QNameException'.
18:07:27.884 [main] INFO org.evosuite.runtime.instrumentation.MethodCallReplacementClassAdapter - Adding mock interface to class net/sf/saxon/om/QNameException
18:07:27.885 [main] INFO org.evosuite.runtime.instrumentation.CreateClassResetClassAdapter - Creating brand-new static initializer in class net/sf/saxon/om/QNameException
18:07:27.885 [main] INFO org.evosuite.runtime.instrumentation.EvoClassLoader - Keeping class: net.sf.saxon.om.QNameException
18:07:27.885 [main] INFO org.evosuite.runtime.instrumentation.EvoClassLoader - Seeing class for first time: net.sf.saxon.om.NamespaceResolver
18:07:27.885 [main] INFO org.evosuite.runtime.instrumentation.EvoClassLoader - Instrumenting class 'net.sf.saxon.om.NamespaceResolver'.
18:07:27.886 [main] INFO org.evosuite.runtime.instrumentation.EvoClassLoader - Keeping class: net.sf.saxon.om.NamespaceResolver
18:07:27.886 [main] INFO org.evosuite.runtime.instrumentation.EvoClassLoader - Seeing class for first time: net.sf.saxon.om.NamespaceBinding
18:07:27.886 [main] INFO org.evosuite.runtime.instrumentation.EvoClassLoader - Instrumenting class 'net.sf.saxon.om.NamespaceBinding'.
18:07:27.887 [main] INFO org.evosuite.runtime.instrumentation.MethodCallReplacementClassAdapter - Adding mock interface to class net/sf/saxon/om/NamespaceBinding
18:07:27.887 [main] INFO org.evosuite.runtime.instrumentation.CreateClassResetClassAdapter - Found static initializer in class net/sf/saxon/om/NamespaceBinding
18:07:27.888 [main] INFO org.evosuite.runtime.instrumentation.EvoClassLoader - Seeing class for first time: net.sf.saxon.om.NamespaceBindingSet
18:07:27.888 [main] INFO org.evosuite.runtime.instrumentation.EvoClassLoader - Instrumenting class 'net.sf.saxon.om.NamespaceBindingSet'.
18:07:27.888 [main] INFO org.evosuite.runtime.instrumentation.EvoClassLoader - Keeping class: net.sf.saxon.om.NamespaceBindingSet
18:07:27.888 [main] INFO org.evosuite.runtime.instrumentation.EvoClassLoader - Keeping class: net.sf.saxon.om.NamespaceBinding
18:07:27.888 [main] INFO org.evosuite.runtime.instrumentation.EvoClassLoader - Seeing class for first time: net.sf.saxon.type.AnySimpleType
18:07:27.888 [main] INFO org.evosuite.runtime.instrumentation.EvoClassLoader - Instrumenting class 'net.sf.saxon.type.AnySimpleType'.
18:07:27.889 [main] INFO org.evosuite.runtime.instrumentation.MethodCallReplacementClassAdapter - Adding mock interface to class net/sf/saxon/type/AnySimpleType
18:07:27.889 [main] INFO org.evosuite.runtime.instrumentation.CreateClassResetClassAdapter - Found static initializer in class net/sf/saxon/type/AnySimpleType
18:07:27.889 [main] INFO org.evosuite.runtime.instrumentation.EvoClassLoader - Keeping class: net.sf.saxon.type.AnySimpleType
18:07:27.889 [main] INFO org.evosuite.runtime.instrumentation.EvoClassLoader - Seeing class for first time: net.sf.saxon.type.SchemaException
18:07:27.889 [main] INFO org.evosuite.runtime.instrumentation.EvoClassLoader - Instrumenting class 'net.sf.saxon.type.SchemaException'.
18:07:27.890 [main] INFO org.evosuite.runtime.instrumentation.MethodCallReplacementClassAdapter - Adding mock interface to class net/sf/saxon/type/SchemaException
18:07:27.890 [main] INFO org.evosuite.runtime.instrumentation.CreateClassResetClassAdapter - Creating brand-new static initializer in class net/sf/saxon/type/SchemaException
18:07:27.890 [main] INFO org.evosuite.runtime.instrumentation.EvoClassLoader - Keeping class: net.sf.saxon.type.SchemaException
18:07:27.890 [main] INFO org.evosuite.runtime.instrumentation.EvoClassLoader - Seeing class for first time: net.sf.saxon.lib.ConversionRules
18:07:27.890 [main] INFO org.evosuite.runtime.instrumentation.EvoClassLoader - Instrumenting class 'net.sf.saxon.lib.ConversionRules'.
18:07:27.892 [main] INFO org.evosuite.runtime.instrumentation.MethodCallReplacementClassAdapter - Adding mock interface to class net/sf/saxon/lib/ConversionRules
18:07:27.893 [main] INFO org.evosuite.runtime.instrumentation.CreateClassResetClassAdapter - Found static initializer in class net/sf/saxon/lib/ConversionRules
18:07:27.894 [main] INFO org.evosuite.runtime.instrumentation.EvoClassLoader - Keeping class: net.sf.saxon.lib.ConversionRules
18:07:27.894 [main] INFO org.evosuite.runtime.instrumentation.EvoClassLoader - Seeing class for first time: net.sf.saxon.type.ValidationFailure
18:07:27.894 [main] INFO org.evosuite.runtime.instrumentation.EvoClassLoader - Instrumenting class 'net.sf.saxon.type.ValidationFailure'.
18:07:27.895 [main] INFO org.evosuite.runtime.instrumentation.MethodCallReplacementClassAdapter - Adding mock interface to class net/sf/saxon/type/ValidationFailure
18:07:27.895 [main] INFO org.evosuite.runtime.instrumentation.CreateClassResetClassAdapter - Creating brand-new static initializer in class net/sf/saxon/type/ValidationFailure
18:07:27.896 [main] INFO org.evosuite.runtime.instrumentation.EvoClassLoader - Seeing class for first time: net.sf.saxon.lib.Invalidity
18:07:27.896 [main] INFO org.evosuite.runtime.instrumentation.EvoClassLoader - Instrumenting class 'net.sf.saxon.lib.Invalidity'.
18:07:27.897 [main] INFO org.evosuite.runtime.instrumentation.EvoClassLoader - Keeping class: net.sf.saxon.lib.Invalidity
18:07:27.897 [main] INFO org.evosuite.runtime.instrumentation.EvoClassLoader - Keeping class: net.sf.saxon.type.ValidationFailure
18:07:27.897 [main] INFO org.evosuite.runtime.instrumentation.EvoClassLoader - Seeing class for first time: net.sf.saxon.expr.Expression
18:07:27.897 [main] INFO org.evosuite.runtime.instrumentation.EvoClassLoader - Instrumenting class 'net.sf.saxon.expr.Expression'.
18:07:27.899 [main] INFO org.evosuite.runtime.instrumentation.MethodCallReplacementClassAdapter - Adding mock interface to class net/sf/saxon/expr/Expression
18:07:27.903 [main] INFO org.evosuite.runtime.instrumentation.CreateClassResetClassAdapter - Found static initializer in class net/sf/saxon/expr/Expression
18:07:27.904 [main] INFO org.evosuite.runtime.instrumentation.EvoClassLoader - Seeing class for first time: net.sf.saxon.expr.ExportAgent
18:07:27.904 [main] INFO org.evosuite.runtime.instrumentation.EvoClassLoader - Instrumenting class 'net.sf.saxon.expr.ExportAgent'.
18:07:27.904 [main] INFO org.evosuite.runtime.instrumentation.EvoClassLoader - Keeping class: net.sf.saxon.expr.ExportAgent
18:07:27.904 [main] INFO org.evosuite.runtime.instrumentation.EvoClassLoader - Seeing class for first time: net.sf.saxon.expr.Locatable
18:07:27.904 [main] INFO org.evosuite.runtime.instrumentation.EvoClassLoader - Instrumenting class 'net.sf.saxon.expr.Locatable'.
18:07:27.905 [main] INFO org.evosuite.runtime.instrumentation.EvoClassLoader - Keeping class: net.sf.saxon.expr.Locatable
18:07:27.905 [main] INFO org.evosuite.runtime.instrumentation.EvoClassLoader - Keeping class: net.sf.saxon.expr.Expression
18:07:27.905 [main] INFO org.evosuite.runtime.instrumentation.EvoClassLoader - Seeing class for first time: net.sf.saxon.type.SchemaComponent$ValidationStatus
18:07:27.905 [main] INFO org.evosuite.runtime.instrumentation.EvoClassLoader - Instrumenting class 'net.sf.saxon.type.SchemaComponent$ValidationStatus'.
18:07:27.906 [main] INFO org.evosuite.runtime.instrumentation.MethodCallReplacementClassAdapter - Adding mock interface to class net/sf/saxon/type/SchemaComponent$ValidationStatus
18:07:27.906 [main] INFO org.evosuite.runtime.instrumentation.CreateClassResetClassAdapter - Found static initializer in class net/sf/saxon/type/SchemaComponent$ValidationStatus
18:07:27.906 [main] INFO org.evosuite.runtime.instrumentation.EvoClassLoader - Keeping class: net.sf.saxon.type.SchemaComponent$ValidationStatus
18:07:27.906 [main] INFO org.evosuite.runtime.instrumentation.EvoClassLoader - Seeing class for first time: net.sf.saxon.type.AnyItemType
18:07:27.906 [main] INFO org.evosuite.runtime.instrumentation.EvoClassLoader - Instrumenting class 'net.sf.saxon.type.AnyItemType'.
18:07:27.907 [main] INFO org.evosuite.runtime.instrumentation.MethodCallReplacementClassAdapter - Adding mock interface to class net/sf/saxon/type/AnyItemType
18:07:27.907 [main] INFO org.evosuite.runtime.instrumentation.CreateClassResetClassAdapter - Found static initializer in class net/sf/saxon/type/AnyItemType
18:07:27.907 [main] INFO org.evosuite.runtime.instrumentation.EvoClassLoader - Keeping class: net.sf.saxon.type.AnyItemType
18:07:27.907 [main] INFO org.evosuite.runtime.instrumentation.EvoClassLoader - Seeing class for first time: net.sf.saxon.type.Type
18:07:27.907 [main] INFO org.evosuite.runtime.instrumentation.EvoClassLoader - Instrumenting class 'net.sf.saxon.type.Type'.
18:07:27.908 [main] INFO org.evosuite.runtime.instrumentation.MethodCallReplacementClassAdapter - Adding mock interface to class net/sf/saxon/type/Type
18:07:27.909 [main] INFO org.evosuite.runtime.instrumentation.CreateClassResetClassAdapter - Found static initializer in class net/sf/saxon/type/Type
18:07:27.909 [main] INFO org.evosuite.runtime.instrumentation.EvoClassLoader - Keeping class: net.sf.saxon.type.Type
18:07:27.909 [main] INFO org.evosuite.runtime.instrumentation.EvoClassLoader - Seeing class for first time: net.sf.saxon.pattern.ContentTypeTest
18:07:27.909 [main] INFO org.evosuite.runtime.instrumentation.EvoClassLoader - Instrumenting class 'net.sf.saxon.pattern.ContentTypeTest'.
18:07:27.911 [main] INFO org.evosuite.runtime.instrumentation.MethodCallReplacementClassAdapter - Adding mock interface to class net/sf/saxon/pattern/ContentTypeTest
18:07:27.911 [main] INFO org.evosuite.runtime.instrumentation.CreateClassResetClassAdapter - Found static initializer in class net/sf/saxon/pattern/ContentTypeTest
18:07:27.912 [main] INFO org.evosuite.runtime.instrumentation.EvoClassLoader - Keeping class: net.sf.saxon.pattern.ContentTypeTest
18:07:27.912 [main] INFO org.evosuite.runtime.instrumentation.EvoClassLoader - Seeing class for first time: net.sf.saxon.pattern.SameNameTest
18:07:27.912 [main] INFO org.evosuite.runtime.instrumentation.EvoClassLoader - Instrumenting class 'net.sf.saxon.pattern.SameNameTest'.
18:07:27.912 [main] INFO org.evosuite.runtime.instrumentation.MethodCallReplacementClassAdapter - Adding mock interface to class net/sf/saxon/pattern/SameNameTest
18:07:27.913 [main] INFO org.evosuite.runtime.instrumentation.CreateClassResetClassAdapter - Creating brand-new static initializer in class net/sf/saxon/pattern/SameNameTest
18:07:27.914 [main] INFO org.evosuite.runtime.instrumentation.EvoClassLoader - Keeping class: net.sf.saxon.pattern.SameNameTest
18:07:27.915 [main] INFO org.evosuite.runtime.instrumentation.EvoClassLoader - Seeing class for first time: net.sf.saxon.z.IntHashMap
18:07:27.915 [main] INFO org.evosuite.runtime.instrumentation.EvoClassLoader - Instrumenting class 'net.sf.saxon.z.IntHashMap'.
18:07:27.916 [main] INFO org.evosuite.runtime.instrumentation.MethodCallReplacementClassAdapter - Adding mock interface to class net/sf/saxon/z/IntHashMap
18:07:27.920 [main] INFO org.evosuite.runtime.instrumentation.CreateClassResetClassAdapter - Creating brand-new static initializer in class net/sf/saxon/z/IntHashMap
18:07:27.920 [main] INFO org.evosuite.runtime.instrumentation.CreateClassResetClassAdapter - Adding bytecode for initializing field NBIT
18:07:27.920 [main] INFO org.evosuite.runtime.instrumentation.CreateClassResetClassAdapter - Adding bytecode for initializing field NMAX
18:07:27.920 [main] INFO org.evosuite.runtime.instrumentation.EvoClassLoader - Defined package (3): package net.sf.saxon.z, 1326394219
18:07:27.921 [main] INFO org.evosuite.runtime.instrumentation.EvoClassLoader - Keeping class: net.sf.saxon.z.IntHashMap
18:07:27.921 [main] INFO org.evosuite.runtime.instrumentation.EvoClassLoader - Seeing class for first time: net.sf.saxon.z.IntIterator
18:07:27.921 [main] INFO org.evosuite.runtime.instrumentation.EvoClassLoader - Instrumenting class 'net.sf.saxon.z.IntIterator'.
18:07:27.922 [main] INFO org.evosuite.runtime.instrumentation.EvoClassLoader - Keeping class: net.sf.saxon.z.IntIterator
18:07:27.922 [main] INFO org.evosuite.runtime.instrumentation.EvoClassLoader - Seeing class for first time: net.sf.saxon.z.IntSet
18:07:27.922 [main] INFO org.evosuite.runtime.instrumentation.EvoClassLoader - Instrumenting class 'net.sf.saxon.z.IntSet'.
18:07:27.923 [main] INFO org.evosuite.runtime.instrumentation.EvoClassLoader - Keeping class: net.sf.saxon.z.IntSet
18:07:27.924 [main] INFO org.evosuite.runtime.instrumentation.EvoClassLoader - Seeing class for first time: net.sf.saxon.type.AnyType
18:07:27.924 [main] INFO org.evosuite.runtime.instrumentation.EvoClassLoader - Instrumenting class 'net.sf.saxon.type.AnyType'.
18:07:27.924 [main] INFO org.evosuite.runtime.instrumentation.MethodCallReplacementClassAdapter - Adding mock interface to class net/sf/saxon/type/AnyType
18:07:27.924 [main] INFO org.evosuite.runtime.instrumentation.CreateClassResetClassAdapter - Found static initializer in class net/sf/saxon/type/AnyType
18:07:27.925 [main] INFO org.evosuite.runtime.instrumentation.EvoClassLoader - Seeing class for first time: net.sf.saxon.type.ComplexType
18:07:27.925 [main] INFO org.evosuite.runtime.instrumentation.EvoClassLoader - Instrumenting class 'net.sf.saxon.type.ComplexType'.
18:07:27.925 [main] INFO org.evosuite.runtime.instrumentation.EvoClassLoader - Keeping class: net.sf.saxon.type.ComplexType
18:07:27.925 [main] INFO org.evosuite.runtime.instrumentation.EvoClassLoader - Keeping class: net.sf.saxon.type.AnyType
18:07:27.926 [main] INFO org.evosuite.runtime.instrumentation.EvoClassLoader - Seeing class for first time: net.sf.saxon.z.IntHashSet
18:07:27.926 [main] INFO org.evosuite.runtime.instrumentation.EvoClassLoader - Instrumenting class 'net.sf.saxon.z.IntHashSet'.
18:07:27.926 [main] INFO org.evosuite.runtime.instrumentation.MethodCallReplacementClassAdapter - Adding mock interface to class net/sf/saxon/z/IntHashSet
18:07:27.928 [main] INFO org.evosuite.runtime.instrumentation.CreateClassResetClassAdapter - Creating brand-new static initializer in class net/sf/saxon/z/IntHashSet
18:07:27.928 [main] INFO org.evosuite.runtime.instrumentation.CreateClassResetClassAdapter - Adding bytecode for initializing field NBIT
18:07:27.928 [main] INFO org.evosuite.runtime.instrumentation.CreateClassResetClassAdapter - Adding bytecode for initializing field MAX_SIZE
18:07:27.928 [main] INFO org.evosuite.runtime.instrumentation.EvoClassLoader - Keeping class: net.sf.saxon.z.IntHashSet
18:07:27.929 [main] INFO org.evosuite.runtime.instrumentation.EvoClassLoader - Seeing class for first time: net.sf.saxon.type.Untyped
18:07:27.929 [main] INFO org.evosuite.runtime.instrumentation.EvoClassLoader - Instrumenting class 'net.sf.saxon.type.Untyped'.
18:07:27.929 [main] INFO org.evosuite.runtime.instrumentation.MethodCallReplacementClassAdapter - Adding mock interface to class net/sf/saxon/type/Untyped
18:07:27.930 [main] INFO org.evosuite.runtime.instrumentation.CreateClassResetClassAdapter - Found static initializer in class net/sf/saxon/type/Untyped
18:07:27.930 [main] INFO org.evosuite.runtime.instrumentation.EvoClassLoader - Keeping class: net.sf.saxon.type.Untyped
18:07:27.930 [main] INFO org.evosuite.runtime.instrumentation.EvoClassLoader - Seeing class for first time: net.sf.saxon.type.ErrorType
18:07:27.930 [main] INFO org.evosuite.runtime.instrumentation.EvoClassLoader - Instrumenting class 'net.sf.saxon.type.ErrorType'.
18:07:27.931 [main] INFO org.evosuite.runtime.instrumentation.MethodCallReplacementClassAdapter - Adding mock interface to class net/sf/saxon/type/ErrorType
18:07:27.931 [main] INFO org.evosuite.runtime.instrumentation.CreateClassResetClassAdapter - Found static initializer in class net/sf/saxon/type/ErrorType
18:07:27.932 [main] INFO org.evosuite.runtime.instrumentation.EvoClassLoader - Seeing class for first time: net.sf.saxon.type.UnionType
18:07:27.932 [main] INFO org.evosuite.runtime.instrumentation.EvoClassLoader - Instrumenting class 'net.sf.saxon.type.UnionType'.
18:07:27.936 [main] INFO org.evosuite.runtime.instrumentation.EvoClassLoader - Keeping class: net.sf.saxon.type.UnionType
18:07:27.936 [main] INFO org.evosuite.runtime.instrumentation.EvoClassLoader - Keeping class: net.sf.saxon.type.ErrorType
18:07:27.936 [main] INFO org.evosuite.runtime.instrumentation.EvoClassLoader - Seeing class for first time: net.sf.saxon.type.MissingComponentException
18:07:27.936 [main] INFO org.evosuite.runtime.instrumentation.EvoClassLoader - Instrumenting class 'net.sf.saxon.type.MissingComponentException'.
18:07:27.937 [main] INFO org.evosuite.runtime.instrumentation.MethodCallReplacementClassAdapter - Adding mock interface to class net/sf/saxon/type/MissingComponentException
18:07:27.937 [main] INFO org.evosuite.runtime.instrumentation.CreateClassResetClassAdapter - Creating brand-new static initializer in class net/sf/saxon/type/MissingComponentException
18:07:27.937 [main] INFO org.evosuite.runtime.instrumentation.EvoClassLoader - Keeping class: net.sf.saxon.type.MissingComponentException
18:07:27.938 [main] INFO org.evosuite.runtime.instrumentation.EvoClassLoader - Seeing class for first time: net.sf.saxon.type.StringConverter
18:07:27.938 [main] INFO org.evosuite.runtime.instrumentation.EvoClassLoader - Instrumenting class 'net.sf.saxon.type.StringConverter'.
18:07:27.939 [main] INFO org.evosuite.runtime.instrumentation.MethodCallReplacementClassAdapter - Adding mock interface to class net/sf/saxon/type/StringConverter
18:07:27.939 [main] INFO org.evosuite.runtime.instrumentation.CreateClassResetClassAdapter - Creating brand-new static initializer in class net/sf/saxon/type/StringConverter
18:07:27.939 [main] INFO org.evosuite.runtime.instrumentation.EvoClassLoader - Seeing class for first time: net.sf.saxon.type.Converter
18:07:27.939 [main] INFO org.evosuite.runtime.instrumentation.EvoClassLoader - Instrumenting class 'net.sf.saxon.type.Converter'.
18:07:27.940 [main] INFO org.evosuite.runtime.instrumentation.MethodCallReplacementClassAdapter - Adding mock interface to class net/sf/saxon/type/Converter
18:07:27.940 [main] INFO org.evosuite.runtime.instrumentation.CreateClassResetClassAdapter - Creating brand-new static initializer in class net/sf/saxon/type/Converter
18:07:27.941 [main] INFO org.evosuite.runtime.instrumentation.EvoClassLoader - Keeping class: net.sf.saxon.type.Converter
18:07:27.941 [main] INFO org.evosuite.runtime.instrumentation.EvoClassLoader - Keeping class: net.sf.saxon.type.StringConverter
18:07:27.941 [main] INFO org.evosuite.runtime.instrumentation.EvoClassLoader - Seeing class for first time: net.sf.saxon.type.NumericType
18:07:27.941 [main] INFO org.evosuite.runtime.instrumentation.EvoClassLoader - Instrumenting class 'net.sf.saxon.type.NumericType'.
18:07:27.942 [main] INFO org.evosuite.runtime.instrumentation.MethodCallReplacementClassAdapter - Adding mock interface to class net/sf/saxon/type/NumericType
18:07:27.943 [main] INFO org.evosuite.runtime.instrumentation.CreateClassResetClassAdapter - Found static initializer in class net/sf/saxon/type/NumericType
18:07:27.944 [main] INFO org.evosuite.runtime.instrumentation.EvoClassLoader - Keeping class: net.sf.saxon.type.NumericType
18:07:27.945 [main] INFO org.evosuite.runtime.instrumentation.EvoClassLoader - Seeing class for first time: net.sf.saxon.type.BuiltInType
18:07:27.945 [main] INFO org.evosuite.runtime.instrumentation.EvoClassLoader - Instrumenting class 'net.sf.saxon.type.BuiltInType'.
18:07:27.945 [main] INFO org.evosuite.runtime.instrumentation.MethodCallReplacementClassAdapter - Adding mock interface to class net/sf/saxon/type/BuiltInType
18:07:27.946 [main] INFO org.evosuite.runtime.instrumentation.CreateClassResetClassAdapter - Found static initializer in class net/sf/saxon/type/BuiltInType
18:07:27.946 [main] INFO org.evosuite.runtime.instrumentation.EvoClassLoader - Keeping class: net.sf.saxon.type.BuiltInType
18:07:27.947 [main] INFO org.evosuite.runtime.instrumentation.EvoClassLoader - Seeing class for first time: net.sf.saxon.om.FingerprintedQName
18:07:27.947 [main] INFO org.evosuite.runtime.instrumentation.EvoClassLoader - Instrumenting class 'net.sf.saxon.om.FingerprintedQName'.
18:07:27.948 [main] INFO org.evosuite.runtime.instrumentation.MethodCallReplacementClassAdapter - Adding mock interface to class net/sf/saxon/om/FingerprintedQName
18:07:27.949 [main] INFO org.evosuite.runtime.instrumentation.CreateClassResetClassAdapter - Creating brand-new static initializer in class net/sf/saxon/om/FingerprintedQName
18:07:27.950 [main] INFO org.evosuite.runtime.instrumentation.EvoClassLoader - Keeping class: net.sf.saxon.om.FingerprintedQName
18:07:27.950 [main] INFO org.evosuite.runtime.instrumentation.EvoClassLoader - Seeing class for first time: net.sf.saxon.om.NamePool
18:07:27.950 [main] INFO org.evosuite.runtime.instrumentation.EvoClassLoader - Instrumenting class 'net.sf.saxon.om.NamePool'.
18:07:27.951 [main] INFO org.evosuite.runtime.instrumentation.MethodCallReplacementClassAdapter - Adding mock interface to class net/sf/saxon/om/NamePool
18:07:27.952 [main] INFO org.evosuite.runtime.instrumentation.CreateClassResetClassAdapter - Creating brand-new static initializer in class net/sf/saxon/om/NamePool
18:07:27.952 [main] INFO org.evosuite.runtime.instrumentation.CreateClassResetClassAdapter - Adding bytecode for initializing field FP_MASK
18:07:27.952 [main] INFO org.evosuite.runtime.instrumentation.CreateClassResetClassAdapter - Adding bytecode for initializing field USER_DEFINED_MASK
18:07:27.952 [main] INFO org.evosuite.runtime.instrumentation.CreateClassResetClassAdapter - Adding bytecode for initializing field MAX_FINGERPRINT
18:07:27.953 [main] INFO org.evosuite.runtime.instrumentation.EvoClassLoader - Keeping class: net.sf.saxon.om.NamePool
18:07:27.953 [main] INFO org.evosuite.runtime.instrumentation.EvoClassLoader - Seeing class for first time: net.sf.saxon.om.StandardNames
18:07:27.953 [main] INFO org.evosuite.runtime.instrumentation.EvoClassLoader - Instrumenting class 'net.sf.saxon.om.StandardNames'.
18:07:27.955 [main] INFO org.evosuite.runtime.instrumentation.MethodCallReplacementClassAdapter - Adding mock interface to class net/sf/saxon/om/StandardNames
18:07:27.957 [main] INFO org.evosuite.runtime.instrumentation.CreateClassResetClassAdapter - Found static initializer in class net/sf/saxon/om/StandardNames
18:07:27.959 [main] INFO org.evosuite.runtime.instrumentation.EvoClassLoader - Keeping class: net.sf.saxon.om.StandardNames
18:07:27.965 [main] INFO org.evosuite.runtime.instrumentation.EvoClassLoader - Seeing class for first time: net.sf.saxon.type.StringConverter$StringToString
18:07:27.965 [main] INFO org.evosuite.runtime.instrumentation.EvoClassLoader - Instrumenting class 'net.sf.saxon.type.StringConverter$StringToString'.
18:07:27.966 [main] INFO org.evosuite.runtime.instrumentation.MethodCallReplacementClassAdapter - Adding mock interface to class net/sf/saxon/type/StringConverter$StringToString
18:07:27.966 [main] INFO org.evosuite.runtime.instrumentation.CreateClassResetClassAdapter - Found static initializer in class net/sf/saxon/type/StringConverter$StringToString
18:07:27.967 [main] INFO org.evosuite.runtime.instrumentation.EvoClassLoader - Keeping class: net.sf.saxon.type.StringConverter$StringToString
18:07:27.967 [main] INFO org.evosuite.runtime.instrumentation.EvoClassLoader - Seeing class for first time: net.sf.saxon.type.StringConverter$StringToUnionConverter
18:07:27.967 [main] INFO org.evosuite.runtime.instrumentation.EvoClassLoader - Instrumenting class 'net.sf.saxon.type.StringConverter$StringToUnionConverter'.
18:07:27.968 [main] INFO org.evosuite.runtime.instrumentation.MethodCallReplacementClassAdapter - Adding mock interface to class net/sf/saxon/type/StringConverter$StringToUnionConverter
18:07:27.969 [main] INFO org.evosuite.runtime.instrumentation.CreateClassResetClassAdapter - Creating brand-new static initializer in class net/sf/saxon/type/StringConverter$StringToUnionConverter
18:07:27.969 [main] INFO org.evosuite.runtime.instrumentation.EvoClassLoader - Keeping class: net.sf.saxon.type.StringConverter$StringToUnionConverter
18:07:27.969 [main] INFO org.evosuite.runtime.instrumentation.EvoClassLoader - Seeing class for first time: net.sf.saxon.type.StringConverter$StringToAnyURI
18:07:27.969 [main] INFO org.evosuite.runtime.instrumentation.EvoClassLoader - Instrumenting class 'net.sf.saxon.type.StringConverter$StringToAnyURI'.
18:07:27.970 [main] INFO org.evosuite.runtime.instrumentation.MethodCallReplacementClassAdapter - Adding mock interface to class net/sf/saxon/type/StringConverter$StringToAnyURI
18:07:27.970 [main] INFO org.evosuite.runtime.instrumentation.CreateClassResetClassAdapter - Creating brand-new static initializer in class net/sf/saxon/type/StringConverter$StringToAnyURI
18:07:27.970 [main] INFO org.evosuite.runtime.instrumentation.EvoClassLoader - Keeping class: net.sf.saxon.type.StringConverter$StringToAnyURI
18:07:27.970 [main] INFO org.evosuite.runtime.instrumentation.EvoClassLoader - Seeing class for first time: net.sf.saxon.type.StringConverter$StringToNotation
18:07:27.970 [main] INFO org.evosuite.runtime.instrumentation.EvoClassLoader - Instrumenting class 'net.sf.saxon.type.StringConverter$StringToNotation'.
18:07:27.971 [main] INFO org.evosuite.runtime.instrumentation.MethodCallReplacementClassAdapter - Adding mock interface to class net/sf/saxon/type/StringConverter$StringToNotation
18:07:27.971 [main] INFO org.evosuite.runtime.instrumentation.CreateClassResetClassAdapter - Creating brand-new static initializer in class net/sf/saxon/type/StringConverter$StringToNotation
18:07:27.971 [main] INFO org.evosuite.runtime.instrumentation.EvoClassLoader - Keeping class: net.sf.saxon.type.StringConverter$StringToNotation
18:07:27.971 [main] INFO org.evosuite.runtime.instrumentation.EvoClassLoader - Seeing class for first time: net.sf.saxon.type.StringConverter$StringToQName
18:07:27.971 [main] INFO org.evosuite.runtime.instrumentation.EvoClassLoader - Instrumenting class 'net.sf.saxon.type.StringConverter$StringToQName'.
18:07:27.972 [main] INFO org.evosuite.runtime.instrumentation.MethodCallReplacementClassAdapter - Adding mock interface to class net/sf/saxon/type/StringConverter$StringToQName
18:07:27.972 [main] INFO org.evosuite.runtime.instrumentation.CreateClassResetClassAdapter - Creating brand-new static initializer in class net/sf/saxon/type/StringConverter$StringToQName
18:07:27.972 [main] INFO org.evosuite.runtime.instrumentation.EvoClassLoader - Keeping class: net.sf.saxon.type.StringConverter$StringToQName
18:07:27.972 [main] INFO org.evosuite.runtime.instrumentation.EvoClassLoader - Seeing class for first time: net.sf.saxon.type.StringConverter$StringToBase64Binary
18:07:27.972 [main] INFO org.evosuite.runtime.instrumentation.EvoClassLoader - Instrumenting class 'net.sf.saxon.type.StringConverter$StringToBase64Binary'.
18:07:27.972 [main] INFO org.evosuite.runtime.instrumentation.MethodCallReplacementClassAdapter - Adding mock interface to class net/sf/saxon/type/StringConverter$StringToBase64Binary
18:07:27.972 [main] INFO org.evosuite.runtime.instrumentation.CreateClassResetClassAdapter - Found static initializer in class net/sf/saxon/type/StringConverter$StringToBase64Binary
18:07:27.973 [main] INFO org.evosuite.runtime.instrumentation.EvoClassLoader - Keeping class: net.sf.saxon.type.StringConverter$StringToBase64Binary
18:07:27.973 [main] INFO org.evosuite.runtime.instrumentation.EvoClassLoader - Seeing class for first time: net.sf.saxon.type.StringConverter$StringToHexBinary
18:07:27.973 [main] INFO org.evosuite.runtime.instrumentation.EvoClassLoader - Instrumenting class 'net.sf.saxon.type.StringConverter$StringToHexBinary'.
18:07:27.973 [main] INFO org.evosuite.runtime.instrumentation.MethodCallReplacementClassAdapter - Adding mock interface to class net/sf/saxon/type/StringConverter$StringToHexBinary
18:07:27.973 [main] INFO org.evosuite.runtime.instrumentation.CreateClassResetClassAdapter - Found static initializer in class net/sf/saxon/type/StringConverter$StringToHexBinary
18:07:27.973 [main] INFO org.evosuite.runtime.instrumentation.EvoClassLoader - Keeping class: net.sf.saxon.type.StringConverter$StringToHexBinary
18:07:27.973 [main] INFO org.evosuite.runtime.instrumentation.EvoClassLoader - Seeing class for first time: net.sf.saxon.type.StringConverter$StringToBoolean
18:07:27.973 [main] INFO org.evosuite.runtime.instrumentation.EvoClassLoader - Instrumenting class 'net.sf.saxon.type.StringConverter$StringToBoolean'.
18:07:27.974 [main] INFO org.evosuite.runtime.instrumentation.MethodCallReplacementClassAdapter - Adding mock interface to class net/sf/saxon/type/StringConverter$StringToBoolean
18:07:27.974 [main] INFO org.evosuite.runtime.instrumentation.CreateClassResetClassAdapter - Found static initializer in class net/sf/saxon/type/StringConverter$StringToBoolean
18:07:27.974 [main] INFO org.evosuite.runtime.instrumentation.EvoClassLoader - Keeping class: net.sf.saxon.type.StringConverter$StringToBoolean
18:07:27.974 [main] INFO org.evosuite.runtime.instrumentation.EvoClassLoader - Seeing class for first time: net.sf.saxon.type.StringConverter$StringToTime
18:07:27.974 [main] INFO org.evosuite.runtime.instrumentation.EvoClassLoader - Instrumenting class 'net.sf.saxon.type.StringConverter$StringToTime'.
18:07:27.974 [main] INFO org.evosuite.runtime.instrumentation.MethodCallReplacementClassAdapter - Adding mock interface to class net/sf/saxon/type/StringConverter$StringToTime
18:07:27.974 [main] INFO org.evosuite.runtime.instrumentation.CreateClassResetClassAdapter - Found static initializer in class net/sf/saxon/type/StringConverter$StringToTime
18:07:27.974 [main] INFO org.evosuite.runtime.instrumentation.EvoClassLoader - Keeping class: net.sf.saxon.type.StringConverter$StringToTime
18:07:27.974 [main] INFO org.evosuite.runtime.instrumentation.EvoClassLoader - Seeing class for first time: net.sf.saxon.type.StringConverter$StringToGDay
18:07:27.974 [main] INFO org.evosuite.runtime.instrumentation.EvoClassLoader - Instrumenting class 'net.sf.saxon.type.StringConverter$StringToGDay'.
18:07:27.974 [main] INFO org.evosuite.runtime.instrumentation.MethodCallReplacementClassAdapter - Adding mock interface to class net/sf/saxon/type/StringConverter$StringToGDay
18:07:27.974 [main] INFO org.evosuite.runtime.instrumentation.CreateClassResetClassAdapter - Found static initializer in class net/sf/saxon/type/StringConverter$StringToGDay
18:07:27.990 [main] INFO org.evosuite.runtime.instrumentation.EvoClassLoader - Keeping class: net.sf.saxon.type.StringConverter$StringToGDay
18:07:27.990 [main] INFO org.evosuite.runtime.instrumentation.EvoClassLoader - Seeing class for first time: net.sf.saxon.type.StringConverter$StringToGMonthDay
18:07:27.990 [main] INFO org.evosuite.runtime.instrumentation.EvoClassLoader - Instrumenting class 'net.sf.saxon.type.StringConverter$StringToGMonthDay'.
18:07:27.990 [main] INFO org.evosuite.runtime.instrumentation.MethodCallReplacementClassAdapter - Adding mock interface to class net/sf/saxon/type/StringConverter$StringToGMonthDay
18:07:27.991 [main] INFO org.evosuite.runtime.instrumentation.CreateClassResetClassAdapter - Found static initializer in class net/sf/saxon/type/StringConverter$StringToGMonthDay
18:07:27.991 [main] INFO org.evosuite.runtime.instrumentation.EvoClassLoader - Keeping class: net.sf.saxon.type.StringConverter$StringToGMonthDay
18:07:27.991 [main] INFO org.evosuite.runtime.instrumentation.EvoClassLoader - Seeing class for first time: net.sf.saxon.type.StringConverter$StringToGYear
18:07:27.991 [main] INFO org.evosuite.runtime.instrumentation.EvoClassLoader - Instrumenting class 'net.sf.saxon.type.StringConverter$StringToGYear'.
18:07:27.992 [main] INFO org.evosuite.runtime.instrumentation.MethodCallReplacementClassAdapter - Adding mock interface to class net/sf/saxon/type/StringConverter$StringToGYear
18:07:27.992 [main] INFO org.evosuite.runtime.instrumentation.CreateClassResetClassAdapter - Creating brand-new static initializer in class net/sf/saxon/type/StringConverter$StringToGYear
18:07:27.992 [main] INFO org.evosuite.runtime.instrumentation.EvoClassLoader - Keeping class: net.sf.saxon.type.StringConverter$StringToGYear
18:07:27.992 [main] INFO org.evosuite.runtime.instrumentation.EvoClassLoader - Seeing class for first time: net.sf.saxon.type.StringConverter$StringToGYearMonth
18:07:27.992 [main] INFO org.evosuite.runtime.instrumentation.EvoClassLoader - Instrumenting class 'net.sf.saxon.type.StringConverter$StringToGYearMonth'.
18:07:27.993 [main] INFO org.evosuite.runtime.instrumentation.MethodCallReplacementClassAdapter - Adding mock interface to class net/sf/saxon/type/StringConverter$StringToGYearMonth
18:07:27.993 [main] INFO org.evosuite.runtime.instrumentation.CreateClassResetClassAdapter - Creating brand-new static initializer in class net/sf/saxon/type/StringConverter$StringToGYearMonth
18:07:27.993 [main] INFO org.evosuite.runtime.instrumentation.EvoClassLoader - Keeping class: net.sf.saxon.type.StringConverter$StringToGYearMonth
18:07:27.993 [main] INFO org.evosuite.runtime.instrumentation.EvoClassLoader - Seeing class for first time: net.sf.saxon.type.StringConverter$StringToGMonth
18:07:27.993 [main] INFO org.evosuite.runtime.instrumentation.EvoClassLoader - Instrumenting class 'net.sf.saxon.type.StringConverter$StringToGMonth'.
18:07:27.993 [main] INFO org.evosuite.runtime.instrumentation.MethodCallReplacementClassAdapter - Adding mock interface to class net/sf/saxon/type/StringConverter$StringToGMonth
18:07:27.994 [main] INFO org.evosuite.runtime.instrumentation.CreateClassResetClassAdapter - Found static initializer in class net/sf/saxon/type/StringConverter$StringToGMonth
18:07:27.994 [main] INFO org.evosuite.runtime.instrumentation.EvoClassLoader - Keeping class: net.sf.saxon.type.StringConverter$StringToGMonth
18:07:27.994 [main] INFO org.evosuite.runtime.instrumentation.EvoClassLoader - Seeing class for first time: net.sf.saxon.type.StringConverter$StringToDate
18:07:27.994 [main] INFO org.evosuite.runtime.instrumentation.EvoClassLoader - Instrumenting class 'net.sf.saxon.type.StringConverter$StringToDate'.
18:07:27.994 [main] INFO org.evosuite.runtime.instrumentation.MethodCallReplacementClassAdapter - Adding mock interface to class net/sf/saxon/type/StringConverter$StringToDate
18:07:27.995 [main] INFO org.evosuite.runtime.instrumentation.CreateClassResetClassAdapter - Creating brand-new static initializer in class net/sf/saxon/type/StringConverter$StringToDate
18:07:27.995 [main] INFO org.evosuite.runtime.instrumentation.EvoClassLoader - Keeping class: net.sf.saxon.type.StringConverter$StringToDate
18:07:27.995 [main] INFO org.evosuite.runtime.instrumentation.EvoClassLoader - Seeing class for first time: net.sf.saxon.type.StringConverter$StringToDateTimeStamp
18:07:27.995 [main] INFO org.evosuite.runtime.instrumentation.EvoClassLoader - Instrumenting class 'net.sf.saxon.type.StringConverter$StringToDateTimeStamp'.
18:07:27.995 [main] INFO org.evosuite.runtime.instrumentation.MethodCallReplacementClassAdapter - Adding mock interface to class net/sf/saxon/type/StringConverter$StringToDateTimeStamp
18:07:27.996 [main] INFO org.evosuite.runtime.instrumentation.CreateClassResetClassAdapter - Creating brand-new static initializer in class net/sf/saxon/type/StringConverter$StringToDateTimeStamp
18:07:27.996 [main] INFO org.evosuite.runtime.instrumentation.EvoClassLoader - Keeping class: net.sf.saxon.type.StringConverter$StringToDateTimeStamp
18:07:27.996 [main] INFO org.evosuite.runtime.instrumentation.EvoClassLoader - Seeing class for first time: net.sf.saxon.type.StringConverter$StringToDateTime
18:07:27.996 [main] INFO org.evosuite.runtime.instrumentation.EvoClassLoader - Instrumenting class 'net.sf.saxon.type.StringConverter$StringToDateTime'.
18:07:27.996 [main] INFO org.evosuite.runtime.instrumentation.MethodCallReplacementClassAdapter - Adding mock interface to class net/sf/saxon/type/StringConverter$StringToDateTime
18:07:27.997 [main] INFO org.evosuite.runtime.instrumentation.CreateClassResetClassAdapter - Creating brand-new static initializer in class net/sf/saxon/type/StringConverter$StringToDateTime
18:07:27.997 [main] INFO org.evosuite.runtime.instrumentation.EvoClassLoader - Keeping class: net.sf.saxon.type.StringConverter$StringToDateTime
18:07:27.997 [main] INFO org.evosuite.runtime.instrumentation.EvoClassLoader - Seeing class for first time: net.sf.saxon.type.StringConverter$StringToYearMonthDuration
18:07:27.997 [main] INFO org.evosuite.runtime.instrumentation.EvoClassLoader - Instrumenting class 'net.sf.saxon.type.StringConverter$StringToYearMonthDuration'.
18:07:27.997 [main] INFO org.evosuite.runtime.instrumentation.MethodCallReplacementClassAdapter - Adding mock interface to class net/sf/saxon/type/StringConverter$StringToYearMonthDuration
18:07:27.997 [main] INFO org.evosuite.runtime.instrumentation.CreateClassResetClassAdapter - Found static initializer in class net/sf/saxon/type/StringConverter$StringToYearMonthDuration
18:07:27.998 [main] INFO org.evosuite.runtime.instrumentation.EvoClassLoader - Keeping class: net.sf.saxon.type.StringConverter$StringToYearMonthDuration
18:07:27.998 [main] INFO org.evosuite.runtime.instrumentation.EvoClassLoader - Seeing class for first time: net.sf.saxon.type.StringConverter$StringToDayTimeDuration
18:07:27.998 [main] INFO org.evosuite.runtime.instrumentation.EvoClassLoader - Instrumenting class 'net.sf.saxon.type.StringConverter$StringToDayTimeDuration'.
18:07:27.998 [main] INFO org.evosuite.runtime.instrumentation.MethodCallReplacementClassAdapter - Adding mock interface to class net/sf/saxon/type/StringConverter$StringToDayTimeDuration
18:07:27.998 [main] INFO org.evosuite.runtime.instrumentation.CreateClassResetClassAdapter - Found static initializer in class net/sf/saxon/type/StringConverter$StringToDayTimeDuration
18:07:27.998 [main] INFO org.evosuite.runtime.instrumentation.EvoClassLoader - Keeping class: net.sf.saxon.type.StringConverter$StringToDayTimeDuration
18:07:27.998 [main] INFO org.evosuite.runtime.instrumentation.EvoClassLoader - Seeing class for first time: net.sf.saxon.type.StringConverter$StringToDuration
18:07:27.999 [main] INFO org.evosuite.runtime.instrumentation.EvoClassLoader - Instrumenting class 'net.sf.saxon.type.StringConverter$StringToDuration'.
18:07:27.999 [main] INFO org.evosuite.runtime.instrumentation.MethodCallReplacementClassAdapter - Adding mock interface to class net/sf/saxon/type/StringConverter$StringToDuration
18:07:27.999 [main] INFO org.evosuite.runtime.instrumentation.CreateClassResetClassAdapter - Found static initializer in class net/sf/saxon/type/StringConverter$StringToDuration
18:07:27.999 [main] INFO org.evosuite.runtime.instrumentation.EvoClassLoader - Keeping class: net.sf.saxon.type.StringConverter$StringToDuration
18:07:27.999 [main] INFO org.evosuite.runtime.instrumentation.EvoClassLoader - Seeing class for first time: net.sf.saxon.type.StringConverter$StringToIntegerSubtype
18:07:27.999 [main] INFO org.evosuite.runtime.instrumentation.EvoClassLoader - Instrumenting class 'net.sf.saxon.type.StringConverter$StringToIntegerSubtype'.
18:07:28.000 [main] INFO org.evosuite.runtime.instrumentation.MethodCallReplacementClassAdapter - Adding mock interface to class net/sf/saxon/type/StringConverter$StringToIntegerSubtype
18:07:28.001 [main] INFO org.evosuite.runtime.instrumentation.CreateClassResetClassAdapter - Found static initializer in class net/sf/saxon/type/StringConverter$StringToIntegerSubtype
18:07:28.001 [main] INFO org.evosuite.runtime.instrumentation.EvoClassLoader - Keeping class: net.sf.saxon.type.StringConverter$StringToIntegerSubtype
18:07:28.001 [main] INFO org.evosuite.runtime.instrumentation.EvoClassLoader - Seeing class for first time: net.sf.saxon.type.StringConverter$StringToInteger
18:07:28.001 [main] INFO org.evosuite.runtime.instrumentation.EvoClassLoader - Instrumenting class 'net.sf.saxon.type.StringConverter$StringToInteger'.
18:07:28.001 [main] INFO org.evosuite.runtime.instrumentation.MethodCallReplacementClassAdapter - Adding mock interface to class net/sf/saxon/type/StringConverter$StringToInteger
18:07:28.002 [main] INFO org.evosuite.runtime.instrumentation.CreateClassResetClassAdapter - Found static initializer in class net/sf/saxon/type/StringConverter$StringToInteger
18:07:28.002 [main] INFO org.evosuite.runtime.instrumentation.EvoClassLoader - Keeping class: net.sf.saxon.type.StringConverter$StringToInteger
18:07:28.002 [main] INFO org.evosuite.runtime.instrumentation.EvoClassLoader - Seeing class for first time: net.sf.saxon.type.StringConverter$StringToDecimal
18:07:28.002 [main] INFO org.evosuite.runtime.instrumentation.EvoClassLoader - Instrumenting class 'net.sf.saxon.type.StringConverter$StringToDecimal'.
18:07:28.003 [main] INFO org.evosuite.runtime.instrumentation.MethodCallReplacementClassAdapter - Adding mock interface to class net/sf/saxon/type/StringConverter$StringToDecimal
18:07:28.003 [main] INFO org.evosuite.runtime.instrumentation.CreateClassResetClassAdapter - Found static initializer in class net/sf/saxon/type/StringConverter$StringToDecimal
18:07:28.004 [main] INFO org.evosuite.runtime.instrumentation.EvoClassLoader - Keeping class: net.sf.saxon.type.StringConverter$StringToDecimal
18:07:28.004 [main] INFO org.evosuite.runtime.instrumentation.EvoClassLoader - Seeing class for first time: net.sf.saxon.type.StringConverter$StringToFloat
18:07:28.004 [main] INFO org.evosuite.runtime.instrumentation.EvoClassLoader - Instrumenting class 'net.sf.saxon.type.StringConverter$StringToFloat'.
18:07:28.005 [main] INFO org.evosuite.runtime.instrumentation.MethodCallReplacementClassAdapter - Adding mock interface to class net/sf/saxon/type/StringConverter$StringToFloat
18:07:28.005 [main] INFO org.evosuite.runtime.instrumentation.CreateClassResetClassAdapter - Creating brand-new static initializer in class net/sf/saxon/type/StringConverter$StringToFloat
18:07:28.005 [main] INFO org.evosuite.runtime.instrumentation.EvoClassLoader - Keeping class: net.sf.saxon.type.StringConverter$StringToFloat
18:07:28.005 [main] INFO org.evosuite.runtime.instrumentation.EvoClassLoader - Seeing class for first time: net.sf.saxon.type.StringConverter$StringToDerivedStringSubtype
18:07:28.005 [main] INFO org.evosuite.runtime.instrumentation.EvoClassLoader - Instrumenting class 'net.sf.saxon.type.StringConverter$StringToDerivedStringSubtype'.
18:07:28.006 [main] INFO org.evosuite.runtime.instrumentation.MethodCallReplacementClassAdapter - Adding mock interface to class net/sf/saxon/type/StringConverter$StringToDerivedStringSubtype
18:07:28.006 [main] INFO org.evosuite.runtime.instrumentation.CreateClassResetClassAdapter - Creating brand-new static initializer in class net/sf/saxon/type/StringConverter$StringToDerivedStringSubtype
18:07:28.007 [main] INFO org.evosuite.runtime.instrumentation.EvoClassLoader - Keeping class: net.sf.saxon.type.StringConverter$StringToDerivedStringSubtype
18:07:28.007 [main] INFO org.evosuite.runtime.instrumentation.EvoClassLoader - Seeing class for first time: net.sf.saxon.type.StringConverter$StringToStringSubtype
18:07:28.007 [main] INFO org.evosuite.runtime.instrumentation.EvoClassLoader - Instrumenting class 'net.sf.saxon.type.StringConverter$StringToStringSubtype'.
18:07:28.007 [main] INFO org.evosuite.runtime.instrumentation.MethodCallReplacementClassAdapter - Adding mock interface to class net/sf/saxon/type/StringConverter$StringToStringSubtype
18:07:28.008 [main] INFO org.evosuite.runtime.instrumentation.CreateClassResetClassAdapter - Creating brand-new static initializer in class net/sf/saxon/type/StringConverter$StringToStringSubtype
18:07:28.008 [main] INFO org.evosuite.runtime.instrumentation.EvoClassLoader - Keeping class: net.sf.saxon.type.StringConverter$StringToStringSubtype
18:07:28.008 [main] INFO org.evosuite.runtime.instrumentation.EvoClassLoader - Seeing class for first time: net.sf.saxon.type.StringConverter$StringToName
18:07:28.008 [main] INFO org.evosuite.runtime.instrumentation.EvoClassLoader - Instrumenting class 'net.sf.saxon.type.StringConverter$StringToName'.
18:07:28.008 [main] INFO org.evosuite.runtime.instrumentation.MethodCallReplacementClassAdapter - Adding mock interface to class net/sf/saxon/type/StringConverter$StringToName
18:07:28.009 [main] INFO org.evosuite.runtime.instrumentation.CreateClassResetClassAdapter - Found static initializer in class net/sf/saxon/type/StringConverter$StringToName
18:07:28.009 [main] INFO org.evosuite.runtime.instrumentation.EvoClassLoader - Seeing class for first time: net.sf.saxon.type.StringConverter$StringToNCName
18:07:28.009 [main] INFO org.evosuite.runtime.instrumentation.EvoClassLoader - Instrumenting class 'net.sf.saxon.type.StringConverter$StringToNCName'.
18:07:28.010 [main] INFO org.evosuite.runtime.instrumentation.MethodCallReplacementClassAdapter - Adding mock interface to class net/sf/saxon/type/StringConverter$StringToNCName
18:07:28.010 [main] INFO org.evosuite.runtime.instrumentation.CreateClassResetClassAdapter - Found static initializer in class net/sf/saxon/type/StringConverter$StringToNCName
18:07:28.010 [main] INFO org.evosuite.runtime.instrumentation.EvoClassLoader - Keeping class: net.sf.saxon.type.StringConverter$StringToNCName
18:07:28.010 [main] INFO org.evosuite.runtime.instrumentation.EvoClassLoader - Keeping class: net.sf.saxon.type.StringConverter$StringToName
18:07:28.010 [main] INFO org.evosuite.runtime.instrumentation.EvoClassLoader - Seeing class for first time: net.sf.saxon.type.StringConverter$StringToNMTOKEN
18:07:28.010 [main] INFO org.evosuite.runtime.instrumentation.EvoClassLoader - Instrumenting class 'net.sf.saxon.type.StringConverter$StringToNMTOKEN'.
18:07:28.011 [main] INFO org.evosuite.runtime.instrumentation.MethodCallReplacementClassAdapter - Adding mock interface to class net/sf/saxon/type/StringConverter$StringToNMTOKEN
18:07:28.011 [main] INFO org.evosuite.runtime.instrumentation.CreateClassResetClassAdapter - Found static initializer in class net/sf/saxon/type/StringConverter$StringToNMTOKEN
18:07:28.011 [main] INFO org.evosuite.runtime.instrumentation.EvoClassLoader - Keeping class: net.sf.saxon.type.StringConverter$StringToNMTOKEN
18:07:28.011 [main] INFO org.evosuite.runtime.instrumentation.EvoClassLoader - Seeing class for first time: net.sf.saxon.type.StringConverter$StringToLanguage
18:07:28.011 [main] INFO org.evosuite.runtime.instrumentation.EvoClassLoader - Instrumenting class 'net.sf.saxon.type.StringConverter$StringToLanguage'.
18:07:28.012 [main] INFO org.evosuite.runtime.instrumentation.MethodCallReplacementClassAdapter - Adding mock interface to class net/sf/saxon/type/StringConverter$StringToLanguage
18:07:28.013 [main] INFO org.evosuite.runtime.instrumentation.CreateClassResetClassAdapter - Found static initializer in class net/sf/saxon/type/StringConverter$StringToLanguage
18:07:28.013 [main] INFO org.evosuite.runtime.instrumentation.EvoClassLoader - Keeping class: net.sf.saxon.type.StringConverter$StringToLanguage
18:07:28.013 [main] INFO org.evosuite.runtime.instrumentation.EvoClassLoader - Seeing class for first time: net.sf.saxon.type.StringConverter$StringToToken
18:07:28.013 [main] INFO org.evosuite.runtime.instrumentation.EvoClassLoader - Instrumenting class 'net.sf.saxon.type.StringConverter$StringToToken'.
18:07:28.013 [main] INFO org.evosuite.runtime.instrumentation.MethodCallReplacementClassAdapter - Adding mock interface to class net/sf/saxon/type/StringConverter$StringToToken
18:07:28.014 [main] INFO org.evosuite.runtime.instrumentation.CreateClassResetClassAdapter - Found static initializer in class net/sf/saxon/type/StringConverter$StringToToken
18:07:28.014 [main] INFO org.evosuite.runtime.instrumentation.EvoClassLoader - Keeping class: net.sf.saxon.type.StringConverter$StringToToken
18:07:28.014 [main] INFO org.evosuite.runtime.instrumentation.EvoClassLoader - Seeing class for first time: net.sf.saxon.type.StringConverter$StringToNormalizedString
18:07:28.014 [main] INFO org.evosuite.runtime.instrumentation.EvoClassLoader - Instrumenting class 'net.sf.saxon.type.StringConverter$StringToNormalizedString'.
18:07:28.014 [main] INFO org.evosuite.runtime.instrumentation.MethodCallReplacementClassAdapter - Adding mock interface to class net/sf/saxon/type/StringConverter$StringToNormalizedString
18:07:28.014 [main] INFO org.evosuite.runtime.instrumentation.CreateClassResetClassAdapter - Found static initializer in class net/sf/saxon/type/StringConverter$StringToNormalizedString
18:07:28.015 [main] INFO org.evosuite.runtime.instrumentation.EvoClassLoader - Keeping class: net.sf.saxon.type.StringConverter$StringToNormalizedString
18:07:28.015 [main] INFO org.evosuite.runtime.instrumentation.EvoClassLoader - Seeing class for first time: net.sf.saxon.type.StringConverter$StringToUntypedAtomic
18:07:28.015 [main] INFO org.evosuite.runtime.instrumentation.EvoClassLoader - Instrumenting class 'net.sf.saxon.type.StringConverter$StringToUntypedAtomic'.
18:07:28.015 [main] INFO org.evosuite.runtime.instrumentation.MethodCallReplacementClassAdapter - Adding mock interface to class net/sf/saxon/type/StringConverter$StringToUntypedAtomic
18:07:28.016 [main] INFO org.evosuite.runtime.instrumentation.CreateClassResetClassAdapter - Found static initializer in class net/sf/saxon/type/StringConverter$StringToUntypedAtomic
18:07:28.016 [main] INFO org.evosuite.runtime.instrumentation.EvoClassLoader - Keeping class: net.sf.saxon.type.StringConverter$StringToUntypedAtomic
18:07:28.017 [main] INFO org.evosuite.runtime.instrumentation.EvoClassLoader - Seeing class for first time: net.sf.saxon.type.StringToDouble
18:07:28.017 [main] INFO org.evosuite.runtime.instrumentation.EvoClassLoader - Instrumenting class 'net.sf.saxon.type.StringToDouble'.
18:07:28.018 [main] INFO org.evosuite.runtime.instrumentation.MethodCallReplacementClassAdapter - Adding mock interface to class net/sf/saxon/type/StringToDouble
18:07:28.019 [main] INFO org.evosuite.runtime.instrumentation.CreateClassResetClassAdapter - Found static initializer in class net/sf/saxon/type/StringToDouble
18:07:28.020 [main] INFO org.evosuite.runtime.instrumentation.EvoClassLoader - Keeping class: net.sf.saxon.type.StringToDouble
18:07:28.024 [main] INFO org.evosuite.runtime.instrumentation.EvoClassLoader - Seeing class for first time: net.sf.saxon.value.StringValue
18:07:28.024 [main] INFO org.evosuite.runtime.instrumentation.EvoClassLoader - Instrumenting class 'net.sf.saxon.value.StringValue'.
18:07:28.025 [main] INFO org.evosuite.runtime.instrumentation.MethodCallReplacementClassAdapter - Adding mock interface to class net/sf/saxon/value/StringValue
18:07:28.026 [main] INFO org.evosuite.runtime.instrumentation.CreateClassResetClassAdapter - Found static initializer in class net/sf/saxon/value/StringValue
18:07:28.027 [main] INFO org.evosuite.runtime.instrumentation.EvoClassLoader - Keeping class: net.sf.saxon.value.StringValue
18:07:28.029 [main] INFO org.evosuite.runtime.instrumentation.EvoClassLoader - Seeing class for first time: net.sf.saxon.value.UntypedAtomicValue
18:07:28.029 [main] INFO org.evosuite.runtime.instrumentation.EvoClassLoader - Instrumenting class 'net.sf.saxon.value.UntypedAtomicValue'.
18:07:28.031 [main] INFO org.evosuite.runtime.instrumentation.MethodCallReplacementClassAdapter - Adding mock interface to class net/sf/saxon/value/UntypedAtomicValue
18:07:28.032 [main] INFO org.evosuite.runtime.instrumentation.CreateClassResetClassAdapter - Found static initializer in class net/sf/saxon/value/UntypedAtomicValue
18:07:28.033 [main] INFO org.evosuite.runtime.instrumentation.EvoClassLoader - Keeping class: net.sf.saxon.value.UntypedAtomicValue
18:07:28.035 [main] INFO org.evosuite.runtime.instrumentation.EvoClassLoader - Seeing class for first time: net.sf.saxon.value.DecimalValue
18:07:28.035 [main] INFO org.evosuite.runtime.instrumentation.EvoClassLoader - Instrumenting class 'net.sf.saxon.value.DecimalValue'.
18:07:28.036 [main] INFO org.evosuite.runtime.instrumentation.MethodCallReplacementClassAdapter - Adding mock interface to class net/sf/saxon/value/DecimalValue
18:07:28.036 [main] INFO org.evosuite.runtime.instrumentation.CreateClassResetClassAdapter - Creating brand-new static initializer in class net/sf/saxon/value/DecimalValue
18:07:28.037 [main] INFO org.evosuite.runtime.instrumentation.EvoClassLoader - Keeping class: net.sf.saxon.value.DecimalValue
18:07:28.037 [main] INFO org.evosuite.runtime.instrumentation.EvoClassLoader - Seeing class for first time: net.sf.saxon.value.IntegerValue
18:07:28.037 [main] INFO org.evosuite.runtime.instrumentation.EvoClassLoader - Instrumenting class 'net.sf.saxon.value.IntegerValue'.
18:07:28.038 [main] INFO org.evosuite.runtime.instrumentation.MethodCallReplacementClassAdapter - Adding mock interface to class net/sf/saxon/value/IntegerValue
18:07:28.039 [main] INFO org.evosuite.runtime.instrumentation.CreateClassResetClassAdapter - Found static initializer in class net/sf/saxon/value/IntegerValue
18:07:28.039 [main] INFO org.evosuite.runtime.instrumentation.EvoClassLoader - Keeping class: net.sf.saxon.value.IntegerValue
18:07:28.040 [main] INFO org.evosuite.runtime.instrumentation.EvoClassLoader - Seeing class for first time: net.sf.saxon.value.BigIntegerValue
18:07:28.040 [main] INFO org.evosuite.runtime.instrumentation.EvoClassLoader - Instrumenting class 'net.sf.saxon.value.BigIntegerValue'.
18:07:28.041 [main] INFO org.evosuite.runtime.instrumentation.MethodCallReplacementClassAdapter - Adding mock interface to class net/sf/saxon/value/BigIntegerValue
18:07:28.042 [main] INFO org.evosuite.runtime.instrumentation.CreateClassResetClassAdapter - Found static initializer in class net/sf/saxon/value/BigIntegerValue
18:07:28.043 [main] INFO org.evosuite.runtime.instrumentation.EvoClassLoader - Keeping class: net.sf.saxon.value.BigIntegerValue
18:07:28.043 [main] INFO org.evosuite.runtime.instrumentation.EvoClassLoader - Seeing class for first time: net.sf.saxon.value.Int64Value
18:07:28.043 [main] INFO org.evosuite.runtime.instrumentation.EvoClassLoader - Instrumenting class 'net.sf.saxon.value.Int64Value'.
18:07:28.045 [main] INFO org.evosuite.runtime.instrumentation.MethodCallReplacementClassAdapter - Adding mock interface to class net/sf/saxon/value/Int64Value
18:07:28.046 [main] INFO org.evosuite.runtime.instrumentation.CreateClassResetClassAdapter - Found static initializer in class net/sf/saxon/value/Int64Value
18:07:28.046 [main] INFO org.evosuite.runtime.instrumentation.EvoClassLoader - Keeping class: net.sf.saxon.value.Int64Value
18:07:28.047 [main] INFO org.evosuite.runtime.instrumentation.EvoClassLoader - Seeing class for first time: net.sf.saxon.value.BigDecimalValue
18:07:28.047 [main] INFO org.evosuite.runtime.instrumentation.EvoClassLoader - Instrumenting class 'net.sf.saxon.value.BigDecimalValue'.
18:07:28.048 [main] INFO org.evosuite.runtime.instrumentation.MethodCallReplacementClassAdapter - Adding mock interface to class net/sf/saxon/value/BigDecimalValue
18:07:28.049 [main] INFO org.evosuite.runtime.instrumentation.CreateClassResetClassAdapter - Found static initializer in class net/sf/saxon/value/BigDecimalValue
18:07:28.049 [main] INFO org.evosuite.runtime.instrumentation.EvoClassLoader - Keeping class: net.sf.saxon.value.BigDecimalValue
18:07:28.050 [main] INFO org.evosuite.runtime.instrumentation.EvoClassLoader - Seeing class for first time: net.sf.saxon.functions.AbstractFunction
18:07:28.050 [main] INFO org.evosuite.runtime.instrumentation.EvoClassLoader - Instrumenting class 'net.sf.saxon.functions.AbstractFunction'.
18:07:28.050 [main] INFO org.evosuite.runtime.instrumentation.MethodCallReplacementClassAdapter - Adding mock interface to class net/sf/saxon/functions/AbstractFunction
18:07:28.050 [main] INFO org.evosuite.runtime.instrumentation.CreateClassResetClassAdapter - Creating brand-new static initializer in class net/sf/saxon/functions/AbstractFunction
18:07:28.051 [main] INFO org.evosuite.runtime.instrumentation.EvoClassLoader - Seeing class for first time: net.sf.saxon.om.Function
18:07:28.051 [main] INFO org.evosuite.runtime.instrumentation.EvoClassLoader - Instrumenting class 'net.sf.saxon.om.Function'.
18:07:28.051 [main] INFO org.evosuite.runtime.instrumentation.EvoClassLoader - Seeing class for first time: net.sf.saxon.expr.Callable
18:07:28.051 [main] INFO org.evosuite.runtime.instrumentation.EvoClassLoader - Instrumenting class 'net.sf.saxon.expr.Callable'.
18:07:28.052 [main] INFO org.evosuite.runtime.instrumentation.EvoClassLoader - Keeping class: net.sf.saxon.expr.Callable
18:07:28.052 [main] INFO org.evosuite.runtime.instrumentation.EvoClassLoader - Keeping class: net.sf.saxon.om.Function
18:07:28.052 [main] INFO org.evosuite.runtime.instrumentation.EvoClassLoader - Keeping class: net.sf.saxon.functions.AbstractFunction
18:07:28.052 [main] INFO org.evosuite.runtime.instrumentation.EvoClassLoader - Seeing class for first time: net.sf.saxon.expr.parser.ExpressionVisitor
18:07:28.053 [main] INFO org.evosuite.runtime.instrumentation.EvoClassLoader - Instrumenting class 'net.sf.saxon.expr.parser.ExpressionVisitor'.
18:07:28.053 [main] INFO org.evosuite.runtime.instrumentation.MethodCallReplacementClassAdapter - Adding mock interface to class net/sf/saxon/expr/parser/ExpressionVisitor
18:07:28.054 [main] INFO org.evosuite.runtime.instrumentation.CreateClassResetClassAdapter - Creating brand-new static initializer in class net/sf/saxon/expr/parser/ExpressionVisitor
18:07:28.054 [main] INFO org.evosuite.runtime.instrumentation.CreateClassResetClassAdapter - Adding bytecode for initializing field MAX_DEPTH
18:07:28.054 [main] INFO org.evosuite.runtime.instrumentation.EvoClassLoader - Keeping class: net.sf.saxon.expr.parser.ExpressionVisitor
18:07:28.054 [main] INFO org.evosuite.runtime.instrumentation.EvoClassLoader - Seeing class for first time: net.sf.saxon.expr.parser.ContextItemStaticInfo
18:07:28.054 [main] INFO org.evosuite.runtime.instrumentation.EvoClassLoader - Instrumenting class 'net.sf.saxon.expr.parser.ContextItemStaticInfo'.
18:07:28.055 [main] INFO org.evosuite.runtime.instrumentation.MethodCallReplacementClassAdapter - Adding mock interface to class net/sf/saxon/expr/parser/ContextItemStaticInfo
18:07:28.055 [main] INFO org.evosuite.runtime.instrumentation.CreateClassResetClassAdapter - Found static initializer in class net/sf/saxon/expr/parser/ContextItemStaticInfo
18:07:28.056 [main] INFO org.evosuite.runtime.instrumentation.EvoClassLoader - Keeping class: net.sf.saxon.expr.parser.ContextItemStaticInfo
18:07:28.056 [main] INFO org.evosuite.runtime.instrumentation.EvoClassLoader - Seeing class for first time: net.sf.saxon.trace.ExpressionPresenter
18:07:28.056 [main] INFO org.evosuite.runtime.instrumentation.EvoClassLoader - Instrumenting class 'net.sf.saxon.trace.ExpressionPresenter'.
18:07:28.058 [main] INFO org.evosuite.runtime.instrumentation.MethodCallReplacementClassAdapter - Adding mock interface to class net/sf/saxon/trace/ExpressionPresenter
18:07:28.073 [main] INFO org.evosuite.runtime.instrumentation.CreateClassResetClassAdapter - Creating brand-new static initializer in class net/sf/saxon/trace/ExpressionPresenter
18:07:28.073 [main] INFO org.evosuite.runtime.instrumentation.EvoClassLoader - Defined package (3): package net.sf.saxon.trace, -1824113738
18:07:28.074 [main] INFO org.evosuite.runtime.instrumentation.EvoClassLoader - Keeping class: net.sf.saxon.trace.ExpressionPresenter
18:07:28.074 [main] INFO org.evosuite.runtime.instrumentation.EvoClassLoader - Seeing class for first time: net.sf.saxon.expr.OperandRole
18:07:28.074 [main] INFO org.evosuite.runtime.instrumentation.EvoClassLoader - Instrumenting class 'net.sf.saxon.expr.OperandRole'.
18:07:28.076 [main] INFO org.evosuite.runtime.instrumentation.MethodCallReplacementClassAdapter - Adding mock interface to class net/sf/saxon/expr/OperandRole
18:07:28.077 [main] INFO org.evosuite.runtime.instrumentation.CreateClassResetClassAdapter - Found static initializer in class net/sf/saxon/expr/OperandRole
18:07:28.078 [main] INFO org.evosuite.runtime.instrumentation.EvoClassLoader - Keeping class: net.sf.saxon.expr.OperandRole
18:07:28.078 [main] INFO org.evosuite.runtime.instrumentation.EvoClassLoader - Seeing class for first time: net.sf.saxon.expr.ContextOriginator
18:07:28.079 [main] INFO org.evosuite.runtime.instrumentation.EvoClassLoader - Instrumenting class 'net.sf.saxon.expr.ContextOriginator'.
18:07:28.080 [main] INFO org.evosuite.runtime.instrumentation.EvoClassLoader - Keeping class: net.sf.saxon.expr.ContextOriginator
18:07:28.081 [main] INFO org.evosuite.runtime.instrumentation.EvoClassLoader - Seeing class for first time: net.sf.saxon.query.AnnotationList
18:07:28.081 [main] INFO org.evosuite.runtime.instrumentation.EvoClassLoader - Instrumenting class 'net.sf.saxon.query.AnnotationList'.
18:07:28.082 [main] INFO org.evosuite.runtime.instrumentation.MethodCallReplacementClassAdapter - Adding mock interface to class net/sf/saxon/query/AnnotationList
18:07:28.082 [main] INFO org.evosuite.runtime.instrumentation.CreateClassResetClassAdapter - Found static initializer in class net/sf/saxon/query/AnnotationList
18:07:28.083 [main] INFO org.evosuite.runtime.instrumentation.EvoClassLoader - Defined package (3): package net.sf.saxon.query, -1826790599
18:07:28.083 [main] INFO org.evosuite.runtime.instrumentation.EvoClassLoader - Keeping class: net.sf.saxon.query.AnnotationList
18:07:28.083 [main] INFO org.evosuite.runtime.instrumentation.EvoClassLoader - Seeing class for first time: net.sf.saxon.expr.sort.AtomicComparer
18:07:28.083 [main] INFO org.evosuite.runtime.instrumentation.EvoClassLoader - Instrumenting class 'net.sf.saxon.expr.sort.AtomicComparer'.
18:07:28.084 [main] INFO org.evosuite.runtime.instrumentation.EvoClassLoader - Keeping class: net.sf.saxon.expr.sort.AtomicComparer
18:07:28.085 [main] INFO org.evosuite.runtime.instrumentation.EvoClassLoader - Seeing class for first time: net.sf.saxon.functions.SystemFunction
18:07:28.085 [main] INFO org.evosuite.runtime.instrumentation.EvoClassLoader - Instrumenting class 'net.sf.saxon.functions.SystemFunction'.
18:07:28.086 [main] INFO org.evosuite.runtime.instrumentation.MethodCallReplacementClassAdapter - Adding mock interface to class net/sf/saxon/functions/SystemFunction
18:07:28.088 [main] INFO org.evosuite.runtime.instrumentation.CreateClassResetClassAdapter - Creating brand-new static initializer in class net/sf/saxon/functions/SystemFunction
18:07:28.089 [main] INFO org.evosuite.runtime.instrumentation.EvoClassLoader - Keeping class: net.sf.saxon.functions.SystemFunction
18:07:28.090 [main] INFO org.evosuite.runtime.instrumentation.EvoClassLoader - Seeing class for first time: net.sf.saxon.type.FunctionItemType
18:07:28.090 [main] INFO org.evosuite.runtime.instrumentation.EvoClassLoader - Instrumenting class 'net.sf.saxon.type.FunctionItemType'.
18:07:28.091 [main] INFO org.evosuite.runtime.instrumentation.EvoClassLoader - Keeping class: net.sf.saxon.type.FunctionItemType
18:07:28.091 [main] INFO org.evosuite.runtime.instrumentation.EvoClassLoader - Seeing class for first time: net.sf.saxon.expr.SystemFunctionCall
18:07:28.091 [main] INFO org.evosuite.runtime.instrumentation.EvoClassLoader - Instrumenting class 'net.sf.saxon.expr.SystemFunctionCall'.
18:07:28.092 [main] INFO org.evosuite.runtime.instrumentation.MethodCallReplacementClassAdapter - Adding mock interface to class net/sf/saxon/expr/SystemFunctionCall
18:07:28.094 [main] INFO org.evosuite.runtime.instrumentation.CreateClassResetClassAdapter - Creating brand-new static initializer in class net/sf/saxon/expr/SystemFunctionCall
18:07:28.094 [main] INFO org.evosuite.runtime.instrumentation.EvoClassLoader - Seeing class for first time: net.sf.saxon.expr.Negatable
18:07:28.094 [main] INFO org.evosuite.runtime.instrumentation.EvoClassLoader - Instrumenting class 'net.sf.saxon.expr.Negatable'.
18:07:28.095 [main] INFO org.evosuite.runtime.instrumentation.EvoClassLoader - Keeping class: net.sf.saxon.expr.Negatable
18:07:28.095 [main] INFO org.evosuite.runtime.instrumentation.EvoClassLoader - Seeing class for first time: net.sf.saxon.expr.StaticFunctionCall
18:07:28.095 [main] INFO org.evosuite.runtime.instrumentation.EvoClassLoader - Instrumenting class 'net.sf.saxon.expr.StaticFunctionCall'.
18:07:28.096 [main] INFO org.evosuite.runtime.instrumentation.MethodCallReplacementClassAdapter - Adding mock interface to class net/sf/saxon/expr/StaticFunctionCall
18:07:28.098 [main] INFO org.evosuite.runtime.instrumentation.CreateClassResetClassAdapter - Creating brand-new static initializer in class net/sf/saxon/expr/StaticFunctionCall
18:07:28.098 [main] INFO org.evosuite.runtime.instrumentation.EvoClassLoader - Seeing class for first time: net.sf.saxon.expr.FunctionCall
18:07:28.098 [main] INFO org.evosuite.runtime.instrumentation.EvoClassLoader - Instrumenting class 'net.sf.saxon.expr.FunctionCall'.
18:07:28.100 [main] INFO org.evosuite.runtime.instrumentation.MethodCallReplacementClassAdapter - Adding mock interface to class net/sf/saxon/expr/FunctionCall
18:07:28.103 [main] INFO org.evosuite.runtime.instrumentation.CreateClassResetClassAdapter - Creating brand-new static initializer in class net/sf/saxon/expr/FunctionCall
18:07:28.104 [main] INFO org.evosuite.runtime.instrumentation.EvoClassLoader - Keeping class: net.sf.saxon.expr.FunctionCall
18:07:28.104 [main] INFO org.evosuite.runtime.instrumentation.EvoClassLoader - Keeping class: net.sf.saxon.expr.StaticFunctionCall
18:07:28.104 [main] INFO org.evosuite.runtime.instrumentation.EvoClassLoader - Keeping class: net.sf.saxon.expr.SystemFunctionCall
18:07:28.104 [main] INFO org.evosuite.runtime.instrumentation.EvoClassLoader - Seeing class for first time: net.sf.saxon.expr.Literal
18:07:28.104 [main] INFO org.evosuite.runtime.instrumentation.EvoClassLoader - Instrumenting class 'net.sf.saxon.expr.Literal'.
18:07:28.106 [main] INFO org.evosuite.runtime.instrumentation.MethodCallReplacementClassAdapter - Adding mock interface to class net/sf/saxon/expr/Literal
18:07:28.107 [main] INFO org.evosuite.runtime.instrumentation.CreateClassResetClassAdapter - Found static initializer in class net/sf/saxon/expr/Literal
18:07:28.108 [main] INFO org.evosuite.runtime.instrumentation.EvoClassLoader - Keeping class: net.sf.saxon.expr.Literal
18:07:28.108 [main] INFO org.evosuite.runtime.instrumentation.EvoClassLoader - Seeing class for first time: net.sf.saxon.expr.parser.RetainedStaticContext
18:07:28.108 [main] INFO org.evosuite.runtime.instrumentation.EvoClassLoader - Instrumenting class 'net.sf.saxon.expr.parser.RetainedStaticContext'.
18:07:28.109 [main] INFO org.evosuite.runtime.instrumentation.MethodCallReplacementClassAdapter - Adding mock interface to class net/sf/saxon/expr/parser/RetainedStaticContext
18:07:28.110 [main] INFO org.evosuite.runtime.instrumentation.CreateClassResetClassAdapter - Creating brand-new static initializer in class net/sf/saxon/expr/parser/RetainedStaticContext
18:07:28.111 [main] INFO org.evosuite.runtime.instrumentation.EvoClassLoader - Keeping class: net.sf.saxon.expr.parser.RetainedStaticContext
18:07:28.111 [main] INFO org.evosuite.runtime.instrumentation.EvoClassLoader - Seeing class for first time: net.sf.saxon.functions.registry.BuiltInFunctionSet$Entry
18:07:28.111 [main] INFO org.evosuite.runtime.instrumentation.EvoClassLoader - Instrumenting class 'net.sf.saxon.functions.registry.BuiltInFunctionSet$Entry'.
18:07:28.112 [main] INFO org.evosuite.runtime.instrumentation.MethodCallReplacementClassAdapter - Adding mock interface to class net/sf/saxon/functions/registry/BuiltInFunctionSet$Entry
18:07:28.113 [main] INFO org.evosuite.runtime.instrumentation.CreateClassResetClassAdapter - Creating brand-new static initializer in class net/sf/saxon/functions/registry/BuiltInFunctionSet$Entry
18:07:28.113 [main] INFO org.evosuite.runtime.instrumentation.EvoClassLoader - Defined package (3): package net.sf.saxon.functions.registry, 1580756575
18:07:28.113 [main] INFO org.evosuite.runtime.instrumentation.EvoClassLoader - Keeping class: net.sf.saxon.functions.registry.BuiltInFunctionSet$Entry
18:07:28.113 [main] INFO org.evosuite.runtime.instrumentation.EvoClassLoader - Seeing class for first time: net.sf.saxon.functions.FormatNumber
18:07:28.113 [main] INFO org.evosuite.runtime.instrumentation.EvoClassLoader - Instrumenting class 'net.sf.saxon.functions.FormatNumber'.
18:07:28.115 [main] INFO org.evosuite.runtime.instrumentation.MethodCallReplacementClassAdapter - Adding mock interface to class net/sf/saxon/functions/FormatNumber
18:07:28.117 [main] INFO org.evosuite.runtime.instrumentation.CreateClassResetClassAdapter - Found static initializer in class net/sf/saxon/functions/FormatNumber
18:07:28.117 [main] INFO org.evosuite.runtime.instrumentation.EvoClassLoader - Keeping class: net.sf.saxon.functions.FormatNumber
18:07:28.118 [main] INFO org.evosuite.runtime.instrumentation.EvoClassLoader - Seeing class for first time: net.sf.saxon.trans.DecimalSymbols
18:07:28.118 [main] INFO org.evosuite.runtime.instrumentation.EvoClassLoader - Instrumenting class 'net.sf.saxon.trans.DecimalSymbols'.
18:07:28.119 [main] INFO org.evosuite.runtime.instrumentation.MethodCallReplacementClassAdapter - Adding mock interface to class net/sf/saxon/trans/DecimalSymbols
18:07:28.121 [main] INFO org.evosuite.runtime.instrumentation.CreateClassResetClassAdapter - Found static initializer in class net/sf/saxon/trans/DecimalSymbols
18:07:28.122 [main] INFO org.evosuite.runtime.instrumentation.EvoClassLoader - Keeping class: net.sf.saxon.trans.DecimalSymbols
18:07:28.122 [main] INFO org.evosuite.runtime.instrumentation.EvoClassLoader - Seeing class for first time: net.sf.saxon.functions.FormatNumber$SubPicture
18:07:28.122 [main] INFO org.evosuite.runtime.instrumentation.EvoClassLoader - Instrumenting class 'net.sf.saxon.functions.FormatNumber$SubPicture'.
18:07:28.123 [main] INFO org.evosuite.runtime.instrumentation.MethodCallReplacementClassAdapter - Adding mock interface to class net/sf/saxon/functions/FormatNumber$SubPicture
18:07:28.127 [main] INFO org.evosuite.runtime.instrumentation.CreateClassResetClassAdapter - Creating brand-new static initializer in class net/sf/saxon/functions/FormatNumber$SubPicture
18:07:28.128 [main] INFO org.evosuite.runtime.instrumentation.EvoClassLoader - Keeping class: net.sf.saxon.functions.FormatNumber$SubPicture
18:07:28.128 [main] INFO org.evosuite.runtime.instrumentation.EvoClassLoader - Seeing class for first time: net.sf.saxon.trans.DecimalFormatManager
18:07:28.128 [main] INFO org.evosuite.runtime.instrumentation.EvoClassLoader - Instrumenting class 'net.sf.saxon.trans.DecimalFormatManager'.
18:07:28.129 [main] INFO org.evosuite.runtime.instrumentation.MethodCallReplacementClassAdapter - Adding mock interface to class net/sf/saxon/trans/DecimalFormatManager
18:07:28.129 [main] INFO org.evosuite.runtime.instrumentation.CreateClassResetClassAdapter - Creating brand-new static initializer in class net/sf/saxon/trans/DecimalFormatManager
18:07:28.130 [main] INFO org.evosuite.runtime.instrumentation.EvoClassLoader - Keeping class: net.sf.saxon.trans.DecimalFormatManager
18:07:28.130 [main] INFO org.evosuite.runtime.instrumentation.EvoClassLoader - Seeing class for first time: net.sf.saxon.tree.util.FastStringBuffer
18:07:28.130 [main] INFO org.evosuite.runtime.instrumentation.EvoClassLoader - Instrumenting class 'net.sf.saxon.tree.util.FastStringBuffer'.
18:07:28.132 [main] INFO org.evosuite.runtime.instrumentation.MethodCallReplacementClassAdapter - Adding mock interface to class net/sf/saxon/tree/util/FastStringBuffer
18:07:28.132 [main] INFO org.evosuite.runtime.instrumentation.CreateClassResetClassAdapter - Creating brand-new static initializer in class net/sf/saxon/tree/util/FastStringBuffer
18:07:28.132 [main] INFO org.evosuite.runtime.instrumentation.CreateClassResetClassAdapter - Adding bytecode for initializing field C16
18:07:28.132 [main] INFO org.evosuite.runtime.instrumentation.CreateClassResetClassAdapter - Adding bytecode for initializing field C64
18:07:28.132 [main] INFO org.evosuite.runtime.instrumentation.CreateClassResetClassAdapter - Adding bytecode for initializing field C256
18:07:28.132 [main] INFO org.evosuite.runtime.instrumentation.CreateClassResetClassAdapter - Adding bytecode for initializing field C1024
18:07:28.132 [main] INFO org.evosuite.runtime.instrumentation.EvoClassLoader - Defined package (3): package net.sf.saxon.tree.util, -1645743549
18:07:28.132 [main] INFO org.evosuite.runtime.instrumentation.EvoClassLoader - Seeing class for first time: net.sf.saxon.tree.tiny.AppendableCharSequence
18:07:28.132 [main] INFO org.evosuite.runtime.instrumentation.EvoClassLoader - Instrumenting class 'net.sf.saxon.tree.tiny.AppendableCharSequence'.
18:07:28.133 [main] INFO org.evosuite.runtime.instrumentation.EvoClassLoader - Keeping class: net.sf.saxon.tree.tiny.AppendableCharSequence
18:07:28.133 [main] INFO org.evosuite.runtime.instrumentation.EvoClassLoader - Keeping class: net.sf.saxon.tree.util.FastStringBuffer
18:07:28.134 [main] INFO org.evosuite.runtime.instrumentation.EvoClassLoader - Seeing class for first time: net.sf.saxon.regex.UnicodeString
18:07:28.134 [main] INFO org.evosuite.runtime.instrumentation.EvoClassLoader - Instrumenting class 'net.sf.saxon.regex.UnicodeString'.
18:07:28.134 [main] INFO org.evosuite.runtime.instrumentation.MethodCallReplacementClassAdapter - Adding mock interface to class net/sf/saxon/regex/UnicodeString
18:07:28.135 [main] INFO org.evosuite.runtime.instrumentation.CreateClassResetClassAdapter - Creating brand-new static initializer in class net/sf/saxon/regex/UnicodeString
18:07:28.135 [main] INFO org.evosuite.runtime.instrumentation.EvoClassLoader - Defined package (3): package net.sf.saxon.regex, -1826342216
18:07:28.135 [main] INFO org.evosuite.runtime.instrumentation.EvoClassLoader - Keeping class: net.sf.saxon.regex.UnicodeString
18:07:28.135 [main] INFO org.evosuite.runtime.instrumentation.EvoClassLoader - Seeing class for first time: net.sf.saxon.tree.tiny.CharSlice
18:07:28.135 [main] INFO org.evosuite.runtime.instrumentation.EvoClassLoader - Instrumenting class 'net.sf.saxon.tree.tiny.CharSlice'.
18:07:28.136 [main] INFO org.evosuite.runtime.instrumentation.MethodCallReplacementClassAdapter - Adding mock interface to class net/sf/saxon/tree/tiny/CharSlice
18:07:28.136 [main] INFO org.evosuite.runtime.instrumentation.CreateClassResetClassAdapter - Creating brand-new static initializer in class net/sf/saxon/tree/tiny/CharSlice
18:07:28.137 [main] INFO org.evosuite.runtime.instrumentation.EvoClassLoader - Keeping class: net.sf.saxon.tree.tiny.CharSlice
18:07:28.140 [main] INFO org.evosuite.runtime.instrumentation.EvoClassLoader - Seeing class for first time: net.sf.saxon.pattern.Pattern
18:07:28.140 [main] INFO org.evosuite.runtime.instrumentation.EvoClassLoader - Instrumenting class 'net.sf.saxon.pattern.Pattern'.
18:07:28.142 [main] INFO org.evosuite.runtime.instrumentation.MethodCallReplacementClassAdapter - Adding mock interface to class net/sf/saxon/pattern/Pattern
18:07:28.145 [main] INFO org.evosuite.runtime.instrumentation.CreateClassResetClassAdapter - Creating brand-new static initializer in class net/sf/saxon/pattern/Pattern
18:07:28.146 [main] INFO org.evosuite.runtime.instrumentation.EvoClassLoader - Seeing class for first time: net.sf.saxon.expr.PseudoExpression
18:07:28.146 [main] INFO org.evosuite.runtime.instrumentation.EvoClassLoader - Instrumenting class 'net.sf.saxon.expr.PseudoExpression'.
18:07:28.146 [main] INFO org.evosuite.runtime.instrumentation.MethodCallReplacementClassAdapter - Adding mock interface to class net/sf/saxon/expr/PseudoExpression
18:07:28.146 [main] INFO org.evosuite.runtime.instrumentation.CreateClassResetClassAdapter - Creating brand-new static initializer in class net/sf/saxon/expr/PseudoExpression
18:07:28.146 [main] INFO org.evosuite.runtime.instrumentation.EvoClassLoader - Keeping class: net.sf.saxon.expr.PseudoExpression
18:07:28.146 [main] INFO org.evosuite.runtime.instrumentation.EvoClassLoader - Keeping class: net.sf.saxon.pattern.Pattern
18:07:28.146 [main] INFO org.evosuite.runtime.instrumentation.EvoClassLoader - Seeing class for first time: net.sf.saxon.pattern.NodeSetPattern
18:07:28.146 [main] INFO org.evosuite.runtime.instrumentation.EvoClassLoader - Instrumenting class 'net.sf.saxon.pattern.NodeSetPattern'.
18:07:28.147 [main] INFO org.evosuite.runtime.instrumentation.MethodCallReplacementClassAdapter - Adding mock interface to class net/sf/saxon/pattern/NodeSetPattern
18:07:28.149 [main] INFO org.evosuite.runtime.instrumentation.CreateClassResetClassAdapter - Creating brand-new static initializer in class net/sf/saxon/pattern/NodeSetPattern
18:07:28.150 [main] INFO org.evosuite.runtime.instrumentation.EvoClassLoader - Keeping class: net.sf.saxon.pattern.NodeSetPattern
18:07:28.150 [main] INFO org.evosuite.runtime.instrumentation.EvoClassLoader - Seeing class for first time: net.sf.saxon.trace.ExpressionPresenter$Options
18:07:28.150 [main] INFO org.evosuite.runtime.instrumentation.EvoClassLoader - Instrumenting class 'net.sf.saxon.trace.ExpressionPresenter$Options'.
18:07:28.151 [main] INFO org.evosuite.runtime.instrumentation.EvoClassLoader - Keeping class: net.sf.saxon.trace.ExpressionPresenter$Options
18:07:28.151 [main] INFO org.evosuite.runtime.instrumentation.EvoClassLoader - Seeing class for first time: net.sf.saxon.expr.ContextItemExpression
18:07:28.151 [main] INFO org.evosuite.runtime.instrumentation.EvoClassLoader - Instrumenting class 'net.sf.saxon.expr.ContextItemExpression'.
18:07:28.152 [main] INFO org.evosuite.runtime.instrumentation.MethodCallReplacementClassAdapter - Adding mock interface to class net/sf/saxon/expr/ContextItemExpression
18:07:28.152 [main] INFO org.evosuite.runtime.instrumentation.CreateClassResetClassAdapter - Creating brand-new static initializer in class net/sf/saxon/expr/ContextItemExpression
18:07:28.153 [main] INFO org.evosuite.runtime.instrumentation.EvoClassLoader - Keeping class: net.sf.saxon.expr.ContextItemExpression
18:07:28.153 [main] INFO org.evosuite.runtime.instrumentation.EvoClassLoader - Seeing class for first time: net.sf.saxon.expr.parser.PathMap$PathMapNode
18:07:28.153 [main] INFO org.evosuite.runtime.instrumentation.EvoClassLoader - Instrumenting class 'net.sf.saxon.expr.parser.PathMap$PathMapNode'.
18:07:28.153 [main] INFO org.evosuite.runtime.instrumentation.MethodCallReplacementClassAdapter - Adding mock interface to class net/sf/saxon/expr/parser/PathMap$PathMapNode
18:07:28.154 [main] INFO org.evosuite.runtime.instrumentation.CreateClassResetClassAdapter - Creating brand-new static initializer in class net/sf/saxon/expr/parser/PathMap$PathMapNode
18:07:28.154 [main] INFO org.evosuite.runtime.instrumentation.EvoClassLoader - Keeping class: net.sf.saxon.expr.parser.PathMap$PathMapNode
18:07:28.154 [main] INFO org.evosuite.runtime.instrumentation.EvoClassLoader - Seeing class for first time: net.sf.saxon.expr.parser.PathMap$PathMapRoot
18:07:28.154 [main] INFO org.evosuite.runtime.instrumentation.EvoClassLoader - Instrumenting class 'net.sf.saxon.expr.parser.PathMap$PathMapRoot'.
18:07:28.155 [main] INFO org.evosuite.runtime.instrumentation.MethodCallReplacementClassAdapter - Adding mock interface to class net/sf/saxon/expr/parser/PathMap$PathMapRoot
18:07:28.155 [main] INFO org.evosuite.runtime.instrumentation.CreateClassResetClassAdapter - Creating brand-new static initializer in class net/sf/saxon/expr/parser/PathMap$PathMapRoot
18:07:28.155 [main] INFO org.evosuite.runtime.instrumentation.EvoClassLoader - Keeping class: net.sf.saxon.expr.parser.PathMap$PathMapRoot
18:07:28.156 [main] INFO org.evosuite.runtime.instrumentation.EvoClassLoader - Seeing class for first time: net.sf.saxon.Configuration
18:07:28.156 [main] INFO org.evosuite.runtime.instrumentation.EvoClassLoader - Instrumenting class 'net.sf.saxon.Configuration'.
18:07:28.159 [main] INFO org.evosuite.runtime.instrumentation.MethodCallReplacementClassAdapter - Adding mock interface to class net/sf/saxon/Configuration
18:07:28.172 [main] INFO org.evosuite.runtime.instrumentation.CreateClassResetClassAdapter - Found static initializer in class net/sf/saxon/Configuration
18:07:28.173 [main] INFO org.evosuite.runtime.instrumentation.EvoClassLoader - Defined package (3): package net.sf.saxon, 1963389215
18:07:28.175 [main] INFO org.evosuite.runtime.instrumentation.EvoClassLoader - Seeing class for first time: net.sf.saxon.lib.SourceResolver
18:07:28.175 [main] INFO org.evosuite.runtime.instrumentation.EvoClassLoader - Instrumenting class 'net.sf.saxon.lib.SourceResolver'.
18:07:28.176 [main] INFO org.evosuite.runtime.instrumentation.EvoClassLoader - Keeping class: net.sf.saxon.lib.SourceResolver
18:07:28.176 [main] INFO org.evosuite.runtime.instrumentation.EvoClassLoader - Seeing class for first time: net.sf.saxon.om.NotationSet
18:07:28.176 [main] INFO org.evosuite.runtime.instrumentation.EvoClassLoader - Instrumenting class 'net.sf.saxon.om.NotationSet'.
18:07:28.177 [main] INFO org.evosuite.runtime.instrumentation.EvoClassLoader - Keeping class: net.sf.saxon.om.NotationSet
18:07:28.178 [main] INFO org.evosuite.runtime.instrumentation.EvoClassLoader - Keeping class: net.sf.saxon.Configuration
18:07:28.178 [main] INFO org.evosuite.runtime.instrumentation.EvoClassLoader - Seeing class for first time: net.sf.saxon.event.Receiver
18:07:28.178 [main] INFO org.evosuite.runtime.instrumentation.EvoClassLoader - Instrumenting class 'net.sf.saxon.event.Receiver'.
18:07:28.178 [main] INFO org.evosuite.runtime.instrumentation.EvoClassLoader - Defined package (3): package net.sf.saxon.event, -1837843189
18:07:28.179 [main] INFO org.evosuite.runtime.instrumentation.EvoClassLoader - Keeping class: net.sf.saxon.event.Receiver
18:07:28.179 [main] INFO org.evosuite.runtime.instrumentation.EvoClassLoader - Seeing class for first time: net.sf.saxon.expr.Operand
18:07:28.179 [main] INFO org.evosuite.runtime.instrumentation.EvoClassLoader - Instrumenting class 'net.sf.saxon.expr.Operand'.
18:07:28.180 [main] INFO org.evosuite.runtime.instrumentation.MethodCallReplacementClassAdapter - Adding mock interface to class net/sf/saxon/expr/Operand
18:07:28.181 [main] INFO org.evosuite.runtime.instrumentation.CreateClassResetClassAdapter - Found static initializer in class net/sf/saxon/expr/Operand
18:07:28.181 [main] INFO org.evosuite.runtime.instrumentation.EvoClassLoader - Seeing class for first time: net.sf.saxon.expr.ExpressionOwner
18:07:28.181 [main] INFO org.evosuite.runtime.instrumentation.EvoClassLoader - Instrumenting class 'net.sf.saxon.expr.ExpressionOwner'.
18:07:28.182 [main] INFO org.evosuite.runtime.instrumentation.EvoClassLoader - Keeping class: net.sf.saxon.expr.ExpressionOwner
18:07:28.182 [main] INFO org.evosuite.runtime.instrumentation.EvoClassLoader - Keeping class: net.sf.saxon.expr.Operand
18:07:28.182 [main] INFO org.evosuite.runtime.instrumentation.EvoClassLoader - Seeing class for first time: net.sf.saxon.expr.PackageData
18:07:28.182 [main] INFO org.evosuite.runtime.instrumentation.EvoClassLoader - Instrumenting class 'net.sf.saxon.expr.PackageData'.
18:07:28.183 [main] INFO org.evosuite.runtime.instrumentation.MethodCallReplacementClassAdapter - Adding mock interface to class net/sf/saxon/expr/PackageData
18:07:28.184 [main] INFO org.evosuite.runtime.instrumentation.CreateClassResetClassAdapter - Creating brand-new static initializer in class net/sf/saxon/expr/PackageData
18:07:28.184 [main] INFO org.evosuite.runtime.instrumentation.EvoClassLoader - Keeping class: net.sf.saxon.expr.PackageData
18:07:28.185 [main] INFO org.evosuite.runtime.instrumentation.EvoClassLoader - Seeing class for first time: net.sf.saxon.expr.Binding
18:07:28.185 [main] INFO org.evosuite.runtime.instrumentation.EvoClassLoader - Instrumenting class 'net.sf.saxon.expr.Binding'.
18:07:28.185 [main] INFO org.evosuite.runtime.instrumentation.EvoClassLoader - Keeping class: net.sf.saxon.expr.Binding
18:07:28.185 [main] INFO org.evosuite.runtime.instrumentation.EvoClassLoader - Seeing class for first time: net.sf.saxon.expr.parser.RoleDiagnostic
18:07:28.185 [main] INFO org.evosuite.runtime.instrumentation.EvoClassLoader - Instrumenting class 'net.sf.saxon.expr.parser.RoleDiagnostic'.
18:07:28.186 [main] INFO org.evosuite.runtime.instrumentation.MethodCallReplacementClassAdapter - Adding mock interface to class net/sf/saxon/expr/parser/RoleDiagnostic
18:07:28.187 [main] INFO org.evosuite.runtime.instrumentation.CreateClassResetClassAdapter - Creating brand-new static initializer in class net/sf/saxon/expr/parser/RoleDiagnostic
18:07:28.187 [main] INFO org.evosuite.runtime.instrumentation.CreateClassResetClassAdapter - Adding bytecode for initializing field FUNCTION
18:07:28.187 [main] INFO org.evosuite.runtime.instrumentation.CreateClassResetClassAdapter - Adding bytecode for initializing field BINARY_EXPR
18:07:28.187 [main] INFO org.evosuite.runtime.instrumentation.CreateClassResetClassAdapter - Adding bytecode for initializing field TYPE_OP
18:07:28.187 [main] INFO org.evosuite.runtime.instrumentation.CreateClassResetClassAdapter - Adding bytecode for initializing field VARIABLE
18:07:28.187 [main] INFO org.evosuite.runtime.instrumentation.CreateClassResetClassAdapter - Adding bytecode for initializing field INSTRUCTION
18:07:28.187 [main] INFO org.evosuite.runtime.instrumentation.CreateClassResetClassAdapter - Adding bytecode for initializing field FUNCTION_RESULT
18:07:28.187 [main] INFO org.evosuite.runtime.instrumentation.CreateClassResetClassAdapter - Adding bytecode for initializing field ORDER_BY
18:07:28.187 [main] INFO org.evosuite.runtime.instrumentation.CreateClassResetClassAdapter - Adding bytecode for initializing field TEMPLATE_RESULT
18:07:28.187 [main] INFO org.evosuite.runtime.instrumentation.CreateClassResetClassAdapter - Adding bytecode for initializing field PARAM
18:07:28.187 [main] INFO org.evosuite.runtime.instrumentation.CreateClassResetClassAdapter - Adding bytecode for initializing field UNARY_EXPR
18:07:28.187 [main] INFO org.evosuite.runtime.instrumentation.CreateClassResetClassAdapter - Adding bytecode for initializing field UPDATING_EXPR
18:07:28.187 [main] INFO org.evosuite.runtime.instrumentation.CreateClassResetClassAdapter - Adding bytecode for initializing field EVALUATE_RESULT
18:07:28.187 [main] INFO org.evosuite.runtime.instrumentation.CreateClassResetClassAdapter - Adding bytecode for initializing field CONTEXT_ITEM
18:07:28.187 [main] INFO org.evosuite.runtime.instrumentation.CreateClassResetClassAdapter - Adding bytecode for initializing field AXIS_STEP
18:07:28.187 [main] INFO org.evosuite.runtime.instrumentation.CreateClassResetClassAdapter - Adding bytecode for initializing field OPTION
18:07:28.187 [main] INFO org.evosuite.runtime.instrumentation.CreateClassResetClassAdapter - Adding bytecode for initializing field CHARACTER_MAP_EXPANSION
18:07:28.187 [main] INFO org.evosuite.runtime.instrumentation.CreateClassResetClassAdapter - Adding bytecode for initializing field MATCH_PATTERN
18:07:28.187 [main] INFO org.evosuite.runtime.instrumentation.CreateClassResetClassAdapter - Adding bytecode for initializing field MISC
18:07:28.187 [main] INFO org.evosuite.runtime.instrumentation.EvoClassLoader - Keeping class: net.sf.saxon.expr.parser.RoleDiagnostic
18:07:28.187 [main] INFO org.evosuite.runtime.instrumentation.EvoClassLoader - Seeing class for first time: net.sf.saxon.expr.PendingUpdateList
18:07:28.187 [main] INFO org.evosuite.runtime.instrumentation.EvoClassLoader - Instrumenting class 'net.sf.saxon.expr.PendingUpdateList'.
18:07:28.189 [main] INFO org.evosuite.runtime.instrumentation.EvoClassLoader - Keeping class: net.sf.saxon.expr.PendingUpdateList
18:07:28.189 [main] INFO org.evosuite.runtime.instrumentation.EvoClassLoader - Seeing class for first time: net.sf.saxon.lib.Logger
18:07:28.189 [main] INFO org.evosuite.runtime.instrumentation.EvoClassLoader - Instrumenting class 'net.sf.saxon.lib.Logger'.
18:07:28.189 [main] INFO org.evosuite.runtime.instrumentation.MethodCallReplacementClassAdapter - Adding mock interface to class net/sf/saxon/lib/Logger
18:07:28.190 [main] INFO org.evosuite.runtime.instrumentation.CreateClassResetClassAdapter - Creating brand-new static initializer in class net/sf/saxon/lib/Logger
18:07:28.190 [main] INFO org.evosuite.runtime.instrumentation.CreateClassResetClassAdapter - Adding bytecode for initializing field INFO
18:07:28.190 [main] INFO org.evosuite.runtime.instrumentation.CreateClassResetClassAdapter - Adding bytecode for initializing field WARNING
18:07:28.190 [main] INFO org.evosuite.runtime.instrumentation.CreateClassResetClassAdapter - Adding bytecode for initializing field ERROR
18:07:28.190 [main] INFO org.evosuite.runtime.instrumentation.CreateClassResetClassAdapter - Adding bytecode for initializing field DISASTER
18:07:28.190 [main] INFO org.evosuite.runtime.instrumentation.EvoClassLoader - Keeping class: net.sf.saxon.lib.Logger
18:07:28.190 [main] INFO org.evosuite.runtime.instrumentation.EvoClassLoader - Seeing class for first time: net.sf.saxon.expr.parser.PathMap
18:07:28.190 [main] INFO org.evosuite.runtime.instrumentation.EvoClassLoader - Instrumenting class 'net.sf.saxon.expr.parser.PathMap'.
18:07:28.191 [main] INFO org.evosuite.runtime.instrumentation.MethodCallReplacementClassAdapter - Adding mock interface to class net/sf/saxon/expr/parser/PathMap
18:07:28.194 [main] INFO org.evosuite.runtime.instrumentation.CreateClassResetClassAdapter - Creating brand-new static initializer in class net/sf/saxon/expr/parser/PathMap
18:07:28.194 [main] INFO org.evosuite.runtime.instrumentation.EvoClassLoader - Keeping class: net.sf.saxon.expr.parser.PathMap
18:07:28.194 [main] INFO org.evosuite.runtime.instrumentation.EvoClassLoader - Seeing class for first time: net.sf.saxon.expr.parser.PathMap$PathMapNodeSet
18:07:28.194 [main] INFO org.evosuite.runtime.instrumentation.EvoClassLoader - Instrumenting class 'net.sf.saxon.expr.parser.PathMap$PathMapNodeSet'.
18:07:28.195 [main] INFO org.evosuite.runtime.instrumentation.MethodCallReplacementClassAdapter - Adding mock interface to class net/sf/saxon/expr/parser/PathMap$PathMapNodeSet
18:07:28.195 [main] INFO org.evosuite.runtime.instrumentation.CreateClassResetClassAdapter - Creating brand-new static initializer in class net/sf/saxon/expr/parser/PathMap$PathMapNodeSet
18:07:28.195 [main] INFO org.evosuite.runtime.instrumentation.EvoClassLoader - Keeping class: net.sf.saxon.expr.parser.PathMap$PathMapNodeSet
18:07:28.195 [main] INFO org.evosuite.runtime.instrumentation.EvoClassLoader - Seeing class for first time: net.sf.saxon.expr.parser.RebindingMap
18:07:28.195 [main] INFO org.evosuite.runtime.instrumentation.EvoClassLoader - Instrumenting class 'net.sf.saxon.expr.parser.RebindingMap'.
18:07:28.195 [main] INFO org.evosuite.runtime.instrumentation.MethodCallReplacementClassAdapter - Adding mock interface to class net/sf/saxon/expr/parser/RebindingMap
18:07:28.195 [main] INFO org.evosuite.runtime.instrumentation.CreateClassResetClassAdapter - Creating brand-new static initializer in class net/sf/saxon/expr/parser/RebindingMap
18:07:28.195 [main] INFO org.evosuite.runtime.instrumentation.EvoClassLoader - Keeping class: net.sf.saxon.expr.parser.RebindingMap
18:07:28.197 [main] INFO org.evosuite.runtime.instrumentation.EvoClassLoader - Seeing class for first time: net.sf.saxon.tree.iter.AxisIterator
18:07:28.197 [main] INFO org.evosuite.runtime.instrumentation.EvoClassLoader - Instrumenting class 'net.sf.saxon.tree.iter.AxisIterator'.
18:07:28.197 [main] INFO org.evosuite.runtime.instrumentation.EvoClassLoader - Keeping class: net.sf.saxon.tree.iter.AxisIterator
18:07:28.197 [main] INFO org.evosuite.runtime.instrumentation.EvoClassLoader - Seeing class for first time: net.sf.saxon.expr.LocalVariableReference
18:07:28.197 [main] INFO org.evosuite.runtime.instrumentation.EvoClassLoader - Instrumenting class 'net.sf.saxon.expr.LocalVariableReference'.
18:07:28.198 [main] INFO org.evosuite.runtime.instrumentation.MethodCallReplacementClassAdapter - Adding mock interface to class net/sf/saxon/expr/LocalVariableReference
18:07:28.198 [main] INFO org.evosuite.runtime.instrumentation.CreateClassResetClassAdapter - Creating brand-new static initializer in class net/sf/saxon/expr/LocalVariableReference
18:07:28.198 [main] INFO org.evosuite.runtime.instrumentation.EvoClassLoader - Seeing class for first time: net.sf.saxon.expr.VariableReference
18:07:28.198 [main] INFO org.evosuite.runtime.instrumentation.EvoClassLoader - Instrumenting class 'net.sf.saxon.expr.VariableReference'.
18:07:28.199 [main] INFO org.evosuite.runtime.instrumentation.MethodCallReplacementClassAdapter - Adding mock interface to class net/sf/saxon/expr/VariableReference
18:07:28.200 [main] INFO org.evosuite.runtime.instrumentation.CreateClassResetClassAdapter - Found static initializer in class net/sf/saxon/expr/VariableReference
18:07:28.200 [main] INFO org.evosuite.runtime.instrumentation.EvoClassLoader - Seeing class for first time: net.sf.saxon.expr.BindingReference
18:07:28.200 [main] INFO org.evosuite.runtime.instrumentation.EvoClassLoader - Instrumenting class 'net.sf.saxon.expr.BindingReference'.
18:07:28.201 [main] INFO org.evosuite.runtime.instrumentation.EvoClassLoader - Keeping class: net.sf.saxon.expr.BindingReference
18:07:28.201 [main] INFO org.evosuite.runtime.instrumentation.EvoClassLoader - Keeping class: net.sf.saxon.expr.VariableReference
18:07:28.201 [main] INFO org.evosuite.runtime.instrumentation.EvoClassLoader - Keeping class: net.sf.saxon.expr.LocalVariableReference
18:07:28.201 [main] INFO org.evosuite.runtime.instrumentation.EvoClassLoader - Seeing class for first time: net.sf.saxon.pattern.MultipleNodeKindTest
18:07:28.201 [main] INFO org.evosuite.runtime.instrumentation.EvoClassLoader - Instrumenting class 'net.sf.saxon.pattern.MultipleNodeKindTest'.
18:07:28.202 [main] INFO org.evosuite.runtime.instrumentation.MethodCallReplacementClassAdapter - Adding mock interface to class net/sf/saxon/pattern/MultipleNodeKindTest
18:07:28.202 [main] INFO org.evosuite.runtime.instrumentation.CreateClassResetClassAdapter - Found static initializer in class net/sf/saxon/pattern/MultipleNodeKindTest
18:07:28.202 [main] INFO org.evosuite.runtime.instrumentation.EvoClassLoader - Keeping class: net.sf.saxon.pattern.MultipleNodeKindTest
18:07:28.202 [main] INFO org.evosuite.runtime.instrumentation.EvoClassLoader - Seeing class for first time: net.sf.saxon.expr.LocalBinding
18:07:28.202 [main] INFO org.evosuite.runtime.instrumentation.EvoClassLoader - Instrumenting class 'net.sf.saxon.expr.LocalBinding'.
18:07:28.203 [main] INFO org.evosuite.runtime.instrumentation.EvoClassLoader - Keeping class: net.sf.saxon.expr.LocalBinding
18:07:28.203 [main] INFO org.evosuite.runtime.instrumentation.EvoClassLoader - Seeing class for first time: net.sf.saxon.expr.instruct.SlotManager
18:07:28.203 [main] INFO org.evosuite.runtime.instrumentation.EvoClassLoader - Instrumenting class 'net.sf.saxon.expr.instruct.SlotManager'.
18:07:28.203 [main] INFO org.evosuite.runtime.instrumentation.MethodCallReplacementClassAdapter - Adding mock interface to class net/sf/saxon/expr/instruct/SlotManager
18:07:28.204 [main] INFO org.evosuite.runtime.instrumentation.CreateClassResetClassAdapter - Found static initializer in class net/sf/saxon/expr/instruct/SlotManager
18:07:28.204 [main] INFO org.evosuite.runtime.instrumentation.EvoClassLoader - Defined package (3): package net.sf.saxon.expr.instruct, -1608692092
18:07:28.209 [main] INFO org.evosuite.runtime.instrumentation.EvoClassLoader - Keeping class: net.sf.saxon.expr.instruct.SlotManager
18:07:28.209 [main] INFO org.evosuite.runtime.instrumentation.EvoClassLoader - Seeing class for first time: net.sf.saxon.om.TreeInfo
18:07:28.209 [main] INFO org.evosuite.runtime.instrumentation.EvoClassLoader - Instrumenting class 'net.sf.saxon.om.TreeInfo'.
18:07:28.209 [main] INFO org.evosuite.runtime.instrumentation.EvoClassLoader - Keeping class: net.sf.saxon.om.TreeInfo
18:07:28.210 [main] INFO org.evosuite.runtime.instrumentation.EvoClassLoader - Seeing class for first time: net.sf.saxon.pattern.GeneralPositionalPattern
18:07:28.210 [main] INFO org.evosuite.runtime.instrumentation.EvoClassLoader - Instrumenting class 'net.sf.saxon.pattern.GeneralPositionalPattern'.
18:07:28.210 [main] INFO org.evosuite.runtime.instrumentation.MethodCallReplacementClassAdapter - Adding mock interface to class net/sf/saxon/pattern/GeneralPositionalPattern
18:07:28.215 [main] INFO org.evosuite.runtime.instrumentation.CreateClassResetClassAdapter - Creating brand-new static initializer in class net/sf/saxon/pattern/GeneralPositionalPattern
18:07:28.215 [main] INFO org.evosuite.runtime.instrumentation.EvoClassLoader - Keeping class: net.sf.saxon.pattern.GeneralPositionalPattern
18:07:28.216 [main] INFO org.evosuite.runtime.instrumentation.EvoClassLoader - Seeing class for first time: net.sf.saxon.trans.XPathException$Circularity
18:07:28.216 [main] INFO org.evosuite.runtime.instrumentation.EvoClassLoader - Instrumenting class 'net.sf.saxon.trans.XPathException$Circularity'.
18:07:28.216 [main] INFO org.evosuite.runtime.instrumentation.MethodCallReplacementClassAdapter - Adding mock interface to class net/sf/saxon/trans/XPathException$Circularity
18:07:28.217 [main] INFO org.evosuite.runtime.instrumentation.CreateClassResetClassAdapter - Creating brand-new static initializer in class net/sf/saxon/trans/XPathException$Circularity
18:07:28.217 [main] INFO org.evosuite.runtime.instrumentation.EvoClassLoader - Keeping class: net.sf.saxon.trans.XPathException$Circularity
18:07:28.217 [main] INFO org.evosuite.runtime.instrumentation.EvoClassLoader - Seeing class for first time: net.sf.saxon.trans.XPathException$StackOverflow
18:07:28.217 [main] INFO org.evosuite.runtime.instrumentation.EvoClassLoader - Instrumenting class 'net.sf.saxon.trans.XPathException$StackOverflow'.
18:07:28.217 [main] INFO org.evosuite.runtime.instrumentation.MethodCallReplacementClassAdapter - Adding mock interface to class net/sf/saxon/trans/XPathException$StackOverflow
18:07:28.218 [main] INFO org.evosuite.runtime.instrumentation.CreateClassResetClassAdapter - Creating brand-new static initializer in class net/sf/saxon/trans/XPathException$StackOverflow
18:07:28.218 [main] INFO org.evosuite.runtime.instrumentation.EvoClassLoader - Keeping class: net.sf.saxon.trans.XPathException$StackOverflow
18:07:28.218 [main] INFO org.evosuite.runtime.instrumentation.EvoClassLoader - Seeing class for first time: net.sf.saxon.om.FocusIterator
18:07:28.218 [main] INFO org.evosuite.runtime.instrumentation.EvoClassLoader - Instrumenting class 'net.sf.saxon.om.FocusIterator'.
18:07:28.219 [main] INFO org.evosuite.runtime.instrumentation.EvoClassLoader - Keeping class: net.sf.saxon.om.FocusIterator
18:07:28.219 [main] INFO org.evosuite.runtime.instrumentation.EvoClassLoader - Seeing class for first time: net.sf.saxon.pattern.NodeTestPattern
18:07:28.219 [main] INFO org.evosuite.runtime.instrumentation.EvoClassLoader - Instrumenting class 'net.sf.saxon.pattern.NodeTestPattern'.
18:07:28.219 [main] INFO org.evosuite.runtime.instrumentation.MethodCallReplacementClassAdapter - Adding mock interface to class net/sf/saxon/pattern/NodeTestPattern
18:07:28.220 [main] INFO org.evosuite.runtime.instrumentation.CreateClassResetClassAdapter - Creating brand-new static initializer in class net/sf/saxon/pattern/NodeTestPattern
18:07:28.220 [main] INFO org.evosuite.runtime.instrumentation.EvoClassLoader - Keeping class: net.sf.saxon.pattern.NodeTestPattern
18:07:28.220 [main] INFO org.evosuite.runtime.instrumentation.EvoClassLoader - Seeing class for first time: net.sf.saxon.expr.AxisExpression
18:07:28.220 [main] INFO org.evosuite.runtime.instrumentation.EvoClassLoader - Instrumenting class 'net.sf.saxon.expr.AxisExpression'.
18:07:28.222 [main] INFO org.evosuite.runtime.instrumentation.MethodCallReplacementClassAdapter - Adding mock interface to class net/sf/saxon/expr/AxisExpression
18:07:28.230 [main] INFO org.evosuite.runtime.instrumentation.CreateClassResetClassAdapter - Creating brand-new static initializer in class net/sf/saxon/expr/AxisExpression
18:07:28.231 [main] INFO org.evosuite.runtime.instrumentation.EvoClassLoader - Keeping class: net.sf.saxon.expr.AxisExpression
18:07:28.231 [main] INFO org.evosuite.runtime.instrumentation.EvoClassLoader - Seeing class for first time: net.sf.saxon.expr.FilterExpression
18:07:28.231 [main] INFO org.evosuite.runtime.instrumentation.EvoClassLoader - Instrumenting class 'net.sf.saxon.expr.FilterExpression'.
18:07:28.232 [main] INFO org.evosuite.runtime.instrumentation.MethodCallReplacementClassAdapter - Adding mock interface to class net/sf/saxon/expr/FilterExpression
18:07:28.239 [main] INFO org.evosuite.runtime.instrumentation.CreateClassResetClassAdapter - Found static initializer in class net/sf/saxon/expr/FilterExpression
18:07:28.240 [main] INFO org.evosuite.runtime.instrumentation.EvoClassLoader - Seeing class for first time: net.sf.saxon.expr.ContextSwitchingExpression
18:07:28.240 [main] INFO org.evosuite.runtime.instrumentation.EvoClassLoader - Instrumenting class 'net.sf.saxon.expr.ContextSwitchingExpression'.
18:07:28.241 [main] INFO org.evosuite.runtime.instrumentation.EvoClassLoader - Keeping class: net.sf.saxon.expr.ContextSwitchingExpression
18:07:28.241 [main] INFO org.evosuite.runtime.instrumentation.EvoClassLoader - Seeing class for first time: net.sf.saxon.expr.BinaryExpression
18:07:28.241 [main] INFO org.evosuite.runtime.instrumentation.EvoClassLoader - Instrumenting class 'net.sf.saxon.expr.BinaryExpression'.
18:07:28.242 [main] INFO org.evosuite.runtime.instrumentation.MethodCallReplacementClassAdapter - Adding mock interface to class net/sf/saxon/expr/BinaryExpression
18:07:28.242 [main] INFO org.evosuite.runtime.instrumentation.CreateClassResetClassAdapter - Creating brand-new static initializer in class net/sf/saxon/expr/BinaryExpression
18:07:28.242 [main] INFO org.evosuite.runtime.instrumentation.EvoClassLoader - Keeping class: net.sf.saxon.expr.BinaryExpression
18:07:28.242 [main] INFO org.evosuite.runtime.instrumentation.EvoClassLoader - Keeping class: net.sf.saxon.expr.FilterExpression
18:07:28.243 [main] INFO org.evosuite.runtime.instrumentation.EvoClassLoader - Seeing class for first time: net.sf.saxon.expr.parser.ExplicitLocation
18:07:28.243 [main] INFO org.evosuite.runtime.instrumentation.EvoClassLoader - Instrumenting class 'net.sf.saxon.expr.parser.ExplicitLocation'.
18:07:28.243 [main] INFO org.evosuite.runtime.instrumentation.MethodCallReplacementClassAdapter - Adding mock interface to class net/sf/saxon/expr/parser/ExplicitLocation
18:07:28.243 [main] INFO org.evosuite.runtime.instrumentation.CreateClassResetClassAdapter - Found static initializer in class net/sf/saxon/expr/parser/ExplicitLocation
18:07:28.243 [main] INFO org.evosuite.runtime.instrumentation.EvoClassLoader - Keeping class: net.sf.saxon.expr.parser.ExplicitLocation
18:07:28.244 [main] INFO org.evosuite.runtime.instrumentation.EvoClassLoader - Seeing class for first time: net.sf.saxon.pattern.VennPattern
18:07:28.244 [main] INFO org.evosuite.runtime.instrumentation.EvoClassLoader - Instrumenting class 'net.sf.saxon.pattern.VennPattern'.
18:07:28.244 [main] INFO org.evosuite.runtime.instrumentation.MethodCallReplacementClassAdapter - Adding mock interface to class net/sf/saxon/pattern/VennPattern
18:07:28.244 [main] INFO org.evosuite.runtime.instrumentation.CreateClassResetClassAdapter - Creating brand-new static initializer in class net/sf/saxon/pattern/VennPattern
18:07:28.244 [main] INFO org.evosuite.runtime.instrumentation.EvoClassLoader - Keeping class: net.sf.saxon.pattern.VennPattern
18:07:28.245 [main] INFO org.evosuite.runtime.instrumentation.EvoClassLoader - Seeing class for first time: net.sf.saxon.pattern.ExceptPattern
18:07:28.245 [main] INFO org.evosuite.runtime.instrumentation.EvoClassLoader - Instrumenting class 'net.sf.saxon.pattern.ExceptPattern'.
18:07:28.245 [main] INFO org.evosuite.runtime.instrumentation.MethodCallReplacementClassAdapter - Adding mock interface to class net/sf/saxon/pattern/ExceptPattern
18:07:28.245 [main] INFO org.evosuite.runtime.instrumentation.CreateClassResetClassAdapter - Creating brand-new static initializer in class net/sf/saxon/pattern/ExceptPattern
18:07:28.246 [main] INFO org.evosuite.runtime.instrumentation.EvoClassLoader - Keeping class: net.sf.saxon.pattern.ExceptPattern
18:07:28.246 [main] INFO org.evosuite.runtime.instrumentation.EvoClassLoader - Seeing class for first time: net.sf.saxon.lib.Feature
18:07:28.246 [main] INFO org.evosuite.runtime.instrumentation.EvoClassLoader - Instrumenting class 'net.sf.saxon.lib.Feature'.
18:07:28.246 [main] INFO org.evosuite.runtime.instrumentation.MethodCallReplacementClassAdapter - Adding mock interface to class net/sf/saxon/lib/Feature
18:07:28.246 [main] INFO org.evosuite.runtime.instrumentation.CreateClassResetClassAdapter - Found static initializer in class net/sf/saxon/lib/Feature
18:07:28.247 [main] INFO org.evosuite.runtime.instrumentation.EvoClassLoader - Keeping class: net.sf.saxon.lib.Feature
18:07:28.248 [main] INFO org.evosuite.runtime.instrumentation.EvoClassLoader - Seeing class for first time: net.sf.saxon.lib.CollationURIResolver
18:07:28.248 [main] INFO org.evosuite.runtime.instrumentation.EvoClassLoader - Instrumenting class 'net.sf.saxon.lib.CollationURIResolver'.
18:07:28.248 [main] INFO org.evosuite.runtime.instrumentation.EvoClassLoader - Keeping class: net.sf.saxon.lib.CollationURIResolver
18:07:28.248 [main] INFO org.evosuite.runtime.instrumentation.EvoClassLoader - Seeing class for first time: net.sf.saxon.lib.CollectionFinder
18:07:28.248 [main] INFO org.evosuite.runtime.instrumentation.EvoClassLoader - Instrumenting class 'net.sf.saxon.lib.CollectionFinder'.
18:07:28.249 [main] INFO org.evosuite.runtime.instrumentation.EvoClassLoader - Keeping class: net.sf.saxon.lib.CollectionFinder
18:07:28.249 [main] INFO org.evosuite.runtime.instrumentation.EvoClassLoader - Seeing class for first time: net.sf.saxon.lib.CollectionURIResolver
18:07:28.249 [main] INFO org.evosuite.runtime.instrumentation.EvoClassLoader - Instrumenting class 'net.sf.saxon.lib.CollectionURIResolver'.
18:07:28.249 [main] INFO org.evosuite.runtime.instrumentation.EvoClassLoader - Keeping class: net.sf.saxon.lib.CollectionURIResolver
18:07:28.249 [main] INFO org.evosuite.runtime.instrumentation.EvoClassLoader - Seeing class for first time: net.sf.saxon.lib.EnvironmentVariableResolver
18:07:28.249 [main] INFO org.evosuite.runtime.instrumentation.EvoClassLoader - Instrumenting class 'net.sf.saxon.lib.EnvironmentVariableResolver'.
18:07:28.249 [main] INFO org.evosuite.runtime.instrumentation.EvoClassLoader - Keeping class: net.sf.saxon.lib.EnvironmentVariableResolver
18:07:28.249 [main] INFO org.evosuite.runtime.instrumentation.EvoClassLoader - Seeing class for first time: net.sf.saxon.lib.ModuleURIResolver
18:07:28.249 [main] INFO org.evosuite.runtime.instrumentation.EvoClassLoader - Instrumenting class 'net.sf.saxon.lib.ModuleURIResolver'.
18:07:28.250 [main] INFO org.evosuite.runtime.instrumentation.EvoClassLoader - Keeping class: net.sf.saxon.lib.ModuleURIResolver
18:07:28.250 [main] INFO org.evosuite.runtime.instrumentation.EvoClassLoader - Seeing class for first time: net.sf.saxon.lib.OutputURIResolver
18:07:28.250 [main] INFO org.evosuite.runtime.instrumentation.EvoClassLoader - Instrumenting class 'net.sf.saxon.lib.OutputURIResolver'.
18:07:28.250 [main] INFO org.evosuite.runtime.instrumentation.EvoClassLoader - Keeping class: net.sf.saxon.lib.OutputURIResolver
18:07:28.250 [main] INFO org.evosuite.runtime.instrumentation.EvoClassLoader - Seeing class for first time: net.sf.saxon.lib.SchemaURIResolver
18:07:28.250 [main] INFO org.evosuite.runtime.instrumentation.EvoClassLoader - Instrumenting class 'net.sf.saxon.lib.SchemaURIResolver'.
18:07:28.250 [main] INFO org.evosuite.runtime.instrumentation.EvoClassLoader - Keeping class: net.sf.saxon.lib.SchemaURIResolver
18:07:28.250 [main] INFO org.evosuite.runtime.instrumentation.EvoClassLoader - Seeing class for first time: net.sf.saxon.lib.TraceListener
18:07:28.250 [main] INFO org.evosuite.runtime.instrumentation.EvoClassLoader - Instrumenting class 'net.sf.saxon.lib.TraceListener'.
18:07:28.250 [main] INFO org.evosuite.runtime.instrumentation.EvoClassLoader - Keeping class: net.sf.saxon.lib.TraceListener
18:07:28.251 [main] INFO org.evosuite.runtime.instrumentation.EvoClassLoader - Seeing class for first time: net.sf.saxon.lib.UnparsedTextURIResolver
18:07:28.251 [main] INFO org.evosuite.runtime.instrumentation.EvoClassLoader - Instrumenting class 'net.sf.saxon.lib.UnparsedTextURIResolver'.
18:07:28.251 [main] INFO org.evosuite.runtime.instrumentation.EvoClassLoader - Keeping class: net.sf.saxon.lib.UnparsedTextURIResolver
18:07:28.251 [main] INFO org.evosuite.runtime.instrumentation.EvoClassLoader - Seeing class for first time: net.sf.saxon.lib.URIChecker
18:07:28.251 [main] INFO org.evosuite.runtime.instrumentation.EvoClassLoader - Instrumenting class 'net.sf.saxon.lib.URIChecker'.
18:07:28.251 [main] INFO org.evosuite.runtime.instrumentation.EvoClassLoader - Keeping class: net.sf.saxon.lib.URIChecker
18:07:28.252 [main] INFO org.evosuite.runtime.instrumentation.EvoClassLoader - Seeing class for first time: net.sf.saxon.value.StringToDouble11
18:07:28.252 [main] INFO org.evosuite.runtime.instrumentation.EvoClassLoader - Instrumenting class 'net.sf.saxon.value.StringToDouble11'.
18:07:28.252 [main] INFO org.evosuite.runtime.instrumentation.MethodCallReplacementClassAdapter - Adding mock interface to class net/sf/saxon/value/StringToDouble11
18:07:28.252 [main] INFO org.evosuite.runtime.instrumentation.CreateClassResetClassAdapter - Found static initializer in class net/sf/saxon/value/StringToDouble11
18:07:28.252 [main] INFO org.evosuite.runtime.instrumentation.EvoClassLoader - Keeping class: net.sf.saxon.value.StringToDouble11
18:07:28.252 [main] INFO org.evosuite.runtime.instrumentation.EvoClassLoader - Seeing class for first time: net.sf.saxon.lib.UnfailingErrorListener
18:07:28.252 [main] INFO org.evosuite.runtime.instrumentation.EvoClassLoader - Instrumenting class 'net.sf.saxon.lib.UnfailingErrorListener'.
18:07:28.252 [main] INFO org.evosuite.runtime.instrumentation.EvoClassLoader - Keeping class: net.sf.saxon.lib.UnfailingErrorListener
18:07:28.252 [main] INFO org.evosuite.runtime.instrumentation.EvoClassLoader - Seeing class for first time: net.sf.saxon.expr.parser.TypeChecker
18:07:28.252 [main] INFO org.evosuite.runtime.instrumentation.EvoClassLoader - Instrumenting class 'net.sf.saxon.expr.parser.TypeChecker'.
18:07:28.253 [main] INFO org.evosuite.runtime.instrumentation.MethodCallReplacementClassAdapter - Adding mock interface to class net/sf/saxon/expr/parser/TypeChecker
18:07:28.261 [main] INFO org.evosuite.runtime.instrumentation.CreateClassResetClassAdapter - Creating brand-new static initializer in class net/sf/saxon/expr/parser/TypeChecker
18:07:28.261 [main] INFO org.evosuite.runtime.instrumentation.EvoClassLoader - Keeping class: net.sf.saxon.expr.parser.TypeChecker
18:07:28.261 [main] INFO org.evosuite.runtime.instrumentation.EvoClassLoader - Seeing class for first time: net.sf.saxon.expr.compat.TypeChecker10
18:07:28.261 [main] INFO org.evosuite.runtime.instrumentation.EvoClassLoader - Instrumenting class 'net.sf.saxon.expr.compat.TypeChecker10'.
18:07:28.262 [main] INFO org.evosuite.runtime.instrumentation.MethodCallReplacementClassAdapter - Adding mock interface to class net/sf/saxon/expr/compat/TypeChecker10
18:07:28.263 [main] INFO org.evosuite.runtime.instrumentation.CreateClassResetClassAdapter - Creating brand-new static initializer in class net/sf/saxon/expr/compat/TypeChecker10
18:07:28.263 [main] INFO org.evosuite.runtime.instrumentation.EvoClassLoader - Defined package (3): package net.sf.saxon.expr.compat, 1248518988
18:07:28.263 [main] INFO org.evosuite.runtime.instrumentation.EvoClassLoader - Keeping class: net.sf.saxon.expr.compat.TypeChecker10
18:07:28.264 [main] INFO org.evosuite.runtime.instrumentation.EvoClassLoader - Seeing class for first time: net.sf.saxon.expr.parser.XPathParser
18:07:28.264 [main] INFO org.evosuite.runtime.instrumentation.EvoClassLoader - Instrumenting class 'net.sf.saxon.expr.parser.XPathParser'.
18:07:28.266 [main] INFO org.evosuite.runtime.instrumentation.MethodCallReplacementClassAdapter - Adding mock interface to class net/sf/saxon/expr/parser/XPathParser
18:07:28.288 [main] INFO org.evosuite.runtime.instrumentation.CreateClassResetClassAdapter - Found static initializer in class net/sf/saxon/expr/parser/XPathParser
18:07:28.290 [main] INFO org.evosuite.runtime.instrumentation.EvoClassLoader - Keeping class: net.sf.saxon.expr.parser.XPathParser
18:07:28.290 [main] INFO org.evosuite.runtime.instrumentation.EvoClassLoader - Seeing class for first time: net.sf.saxon.query.XQueryParser
18:07:28.290 [main] INFO org.evosuite.runtime.instrumentation.EvoClassLoader - Instrumenting class 'net.sf.saxon.query.XQueryParser'.
18:07:28.293 [main] INFO org.evosuite.runtime.instrumentation.MethodCallReplacementClassAdapter - Adding mock interface to class net/sf/saxon/query/XQueryParser
18:07:28.316 [main] INFO org.evosuite.runtime.instrumentation.CreateClassResetClassAdapter - Found static initializer in class net/sf/saxon/query/XQueryParser
18:07:28.319 [main] INFO org.evosuite.runtime.instrumentation.EvoClassLoader - Keeping class: net.sf.saxon.query.XQueryParser
18:07:28.319 [main] INFO org.evosuite.runtime.instrumentation.EvoClassLoader - Seeing class for first time: net.sf.saxon.pattern.PatternParser30
18:07:28.319 [main] INFO org.evosuite.runtime.instrumentation.EvoClassLoader - Instrumenting class 'net.sf.saxon.pattern.PatternParser30'.
18:07:28.320 [main] INFO org.evosuite.runtime.instrumentation.MethodCallReplacementClassAdapter - Adding mock interface to class net/sf/saxon/pattern/PatternParser30
18:07:28.327 [main] INFO org.evosuite.runtime.instrumentation.CreateClassResetClassAdapter - Creating brand-new static initializer in class net/sf/saxon/pattern/PatternParser30
18:07:28.327 [main] INFO org.evosuite.runtime.instrumentation.EvoClassLoader - Seeing class for first time: net.sf.saxon.pattern.PatternParser
18:07:28.327 [main] INFO org.evosuite.runtime.instrumentation.EvoClassLoader - Instrumenting class 'net.sf.saxon.pattern.PatternParser'.
18:07:28.328 [main] INFO org.evosuite.runtime.instrumentation.EvoClassLoader - Keeping class: net.sf.saxon.pattern.PatternParser
18:07:28.328 [main] INFO org.evosuite.runtime.instrumentation.EvoClassLoader - Keeping class: net.sf.saxon.pattern.PatternParser30
18:07:28.328 [main] INFO org.evosuite.runtime.instrumentation.EvoClassLoader - Seeing class for first time: net.sf.saxon.trans.LicenseException
18:07:28.328 [main] INFO org.evosuite.runtime.instrumentation.EvoClassLoader - Instrumenting class 'net.sf.saxon.trans.LicenseException'.
18:07:28.329 [main] INFO org.evosuite.runtime.instrumentation.MethodCallReplacementClassAdapter - Adding mock interface to class net/sf/saxon/trans/LicenseException
18:07:28.329 [main] INFO org.evosuite.runtime.instrumentation.CreateClassResetClassAdapter - Creating brand-new static initializer in class net/sf/saxon/trans/LicenseException
18:07:28.329 [main] INFO org.evosuite.runtime.instrumentation.CreateClassResetClassAdapter - Adding bytecode for initializing field EXPIRED
18:07:28.329 [main] INFO org.evosuite.runtime.instrumentation.CreateClassResetClassAdapter - Adding bytecode for initializing field INVALID
18:07:28.329 [main] INFO org.evosuite.runtime.instrumentation.CreateClassResetClassAdapter - Adding bytecode for initializing field NOT_FOUND
18:07:28.329 [main] INFO org.evosuite.runtime.instrumentation.CreateClassResetClassAdapter - Adding bytecode for initializing field WRONG_FEATURES
18:07:28.329 [main] INFO org.evosuite.runtime.instrumentation.CreateClassResetClassAdapter - Adding bytecode for initializing field CANNOT_READ
18:07:28.329 [main] INFO org.evosuite.runtime.instrumentation.CreateClassResetClassAdapter - Adding bytecode for initializing field WRONG_CONFIGURATION
18:07:28.329 [main] INFO org.evosuite.runtime.instrumentation.EvoClassLoader - Keeping class: net.sf.saxon.trans.LicenseException
18:07:28.330 [main] INFO org.evosuite.runtime.instrumentation.EvoClassLoader - Seeing class for first time: net.sf.saxon.lib.StandardLogger
18:07:28.330 [main] INFO org.evosuite.runtime.instrumentation.EvoClassLoader - Instrumenting class 'net.sf.saxon.lib.StandardLogger'.
18:07:28.330 [main] INFO org.evosuite.runtime.instrumentation.MethodCallReplacementClassAdapter - Adding mock interface to class net/sf/saxon/lib/StandardLogger
18:07:28.331 [main] INFO org.evosuite.runtime.instrumentation.CreateClassResetClassAdapter - Creating brand-new static initializer in class net/sf/saxon/lib/StandardLogger
18:07:28.331 [main] INFO org.evosuite.runtime.instrumentation.EvoClassLoader - Keeping class: net.sf.saxon.lib.StandardLogger
18:07:28.331 [main] INFO org.evosuite.runtime.instrumentation.EvoClassLoader - Seeing class for first time: net.sf.saxon.expr.parser.CodeInjector
18:07:28.331 [main] INFO org.evosuite.runtime.instrumentation.EvoClassLoader - Instrumenting class 'net.sf.saxon.expr.parser.CodeInjector'.
18:07:28.332 [main] INFO org.evosuite.runtime.instrumentation.EvoClassLoader - Keeping class: net.sf.saxon.expr.parser.CodeInjector
18:07:28.332 [main] INFO org.evosuite.runtime.instrumentation.EvoClassLoader - Seeing class for first time: net.sf.saxon.functions.registry.BuiltInFunctionSet
18:07:28.332 [main] INFO org.evosuite.runtime.instrumentation.EvoClassLoader - Instrumenting class 'net.sf.saxon.functions.registry.BuiltInFunctionSet'.
18:07:28.333 [main] INFO org.evosuite.runtime.instrumentation.MethodCallReplacementClassAdapter - Adding mock interface to class net/sf/saxon/functions/registry/BuiltInFunctionSet
18:07:28.333 [main] INFO org.evosuite.runtime.instrumentation.CreateClassResetClassAdapter - Found static initializer in class net/sf/saxon/functions/registry/BuiltInFunctionSet
18:07:28.334 [main] INFO org.evosuite.runtime.instrumentation.EvoClassLoader - Seeing class for first time: net.sf.saxon.functions.FunctionLibrary
18:07:28.334 [main] INFO org.evosuite.runtime.instrumentation.EvoClassLoader - Instrumenting class 'net.sf.saxon.functions.FunctionLibrary'.
18:07:28.334 [main] INFO org.evosuite.runtime.instrumentation.EvoClassLoader - Keeping class: net.sf.saxon.functions.FunctionLibrary
18:07:28.334 [main] INFO org.evosuite.runtime.instrumentation.EvoClassLoader - Keeping class: net.sf.saxon.functions.registry.BuiltInFunctionSet
18:07:28.334 [main] INFO org.evosuite.runtime.instrumentation.EvoClassLoader - Seeing class for first time: net.sf.saxon.functions.registry.XSLT30FunctionSet
18:07:28.334 [main] INFO org.evosuite.runtime.instrumentation.EvoClassLoader - Instrumenting class 'net.sf.saxon.functions.registry.XSLT30FunctionSet'.
18:07:28.335 [main] INFO org.evosuite.runtime.instrumentation.MethodCallReplacementClassAdapter - Adding mock interface to class net/sf/saxon/functions/registry/XSLT30FunctionSet
18:07:28.335 [main] INFO org.evosuite.runtime.instrumentation.CreateClassResetClassAdapter - Found static initializer in class net/sf/saxon/functions/registry/XSLT30FunctionSet
18:07:28.335 [main] INFO org.evosuite.runtime.instrumentation.EvoClassLoader - Keeping class: net.sf.saxon.functions.registry.XSLT30FunctionSet
18:07:28.335 [main] INFO org.evosuite.runtime.instrumentation.EvoClassLoader - Seeing class for first time: net.sf.saxon.functions.registry.UseWhen30FunctionSet
18:07:28.335 [main] INFO org.evosuite.runtime.instrumentation.EvoClassLoader - Instrumenting class 'net.sf.saxon.functions.registry.UseWhen30FunctionSet'.
18:07:28.335 [main] INFO org.evosuite.runtime.instrumentation.MethodCallReplacementClassAdapter - Adding mock interface to class net/sf/saxon/functions/registry/UseWhen30FunctionSet
18:07:28.335 [main] INFO org.evosuite.runtime.instrumentation.CreateClassResetClassAdapter - Found static initializer in class net/sf/saxon/functions/registry/UseWhen30FunctionSet
18:07:28.336 [main] INFO org.evosuite.runtime.instrumentation.EvoClassLoader - Keeping class: net.sf.saxon.functions.registry.UseWhen30FunctionSet
18:07:28.336 [main] INFO org.evosuite.runtime.instrumentation.EvoClassLoader - Seeing class for first time: net.sf.saxon.functions.registry.XPath30FunctionSet
18:07:28.336 [main] INFO org.evosuite.runtime.instrumentation.EvoClassLoader - Instrumenting class 'net.sf.saxon.functions.registry.XPath30FunctionSet'.
18:07:28.337 [main] INFO org.evosuite.runtime.instrumentation.MethodCallReplacementClassAdapter - Adding mock interface to class net/sf/saxon/functions/registry/XPath30FunctionSet
18:07:28.337 [main] INFO org.evosuite.runtime.instrumentation.CreateClassResetClassAdapter - Found static initializer in class net/sf/saxon/functions/registry/XPath30FunctionSet
18:07:28.337 [main] INFO org.evosuite.runtime.instrumentation.EvoClassLoader - Keeping class: net.sf.saxon.functions.registry.XPath30FunctionSet
18:07:28.338 [main] INFO org.evosuite.runtime.instrumentation.EvoClassLoader - Seeing class for first time: net.sf.saxon.functions.registry.XPath31FunctionSet
18:07:28.338 [main] INFO org.evosuite.runtime.instrumentation.EvoClassLoader - Instrumenting class 'net.sf.saxon.functions.registry.XPath31FunctionSet'.
18:07:28.338 [main] INFO org.evosuite.runtime.instrumentation.MethodCallReplacementClassAdapter - Adding mock interface to class net/sf/saxon/functions/registry/XPath31FunctionSet
18:07:28.339 [main] INFO org.evosuite.runtime.instrumentation.CreateClassResetClassAdapter - Found static initializer in class net/sf/saxon/functions/registry/XPath31FunctionSet
18:07:28.339 [main] INFO org.evosuite.runtime.instrumentation.EvoClassLoader - Keeping class: net.sf.saxon.functions.registry.XPath31FunctionSet
18:07:28.339 [main] INFO org.evosuite.runtime.instrumentation.EvoClassLoader - Seeing class for first time: net.sf.saxon.lib.Numberer
18:07:28.339 [main] INFO org.evosuite.runtime.instrumentation.EvoClassLoader - Instrumenting class 'net.sf.saxon.lib.Numberer'.
18:07:28.340 [main] INFO org.evosuite.runtime.instrumentation.EvoClassLoader - Keeping class: net.sf.saxon.lib.Numberer
18:07:28.340 [main] INFO org.evosuite.runtime.instrumentation.EvoClassLoader - Seeing class for first time: net.sf.saxon.om.SpaceStrippingRule
18:07:28.340 [main] INFO org.evosuite.runtime.instrumentation.EvoClassLoader - Instrumenting class 'net.sf.saxon.om.SpaceStrippingRule'.
18:07:28.340 [main] INFO org.evosuite.runtime.instrumentation.EvoClassLoader - Keeping class: net.sf.saxon.om.SpaceStrippingRule
18:07:28.341 [main] INFO org.evosuite.runtime.instrumentation.EvoClassLoader - Seeing class for first time: net.sf.saxon.expr.instruct.SourceDocument
18:07:28.341 [main] INFO org.evosuite.runtime.instrumentation.EvoClassLoader - Instrumenting class 'net.sf.saxon.expr.instruct.SourceDocument'.
18:07:28.342 [main] INFO org.evosuite.runtime.instrumentation.MethodCallReplacementClassAdapter - Adding mock interface to class net/sf/saxon/expr/instruct/SourceDocument
18:07:28.343 [main] INFO org.evosuite.runtime.instrumentation.CreateClassResetClassAdapter - Creating brand-new static initializer in class net/sf/saxon/expr/instruct/SourceDocument
18:07:28.344 [main] INFO org.evosuite.runtime.instrumentation.EvoClassLoader - Seeing class for first time: net.sf.saxon.expr.instruct.Instruction
18:07:28.344 [main] INFO org.evosuite.runtime.instrumentation.EvoClassLoader - Instrumenting class 'net.sf.saxon.expr.instruct.Instruction'.
18:07:28.345 [main] INFO org.evosuite.runtime.instrumentation.MethodCallReplacementClassAdapter - Adding mock interface to class net/sf/saxon/expr/instruct/Instruction
18:07:28.346 [main] INFO org.evosuite.runtime.instrumentation.CreateClassResetClassAdapter - Creating brand-new static initializer in class net/sf/saxon/expr/instruct/Instruction
18:07:28.346 [main] INFO org.evosuite.runtime.instrumentation.EvoClassLoader - Seeing class for first time: net.sf.saxon.expr.instruct.TailCallReturner
18:07:28.346 [main] INFO org.evosuite.runtime.instrumentation.EvoClassLoader - Instrumenting class 'net.sf.saxon.expr.instruct.TailCallReturner'.
18:07:28.347 [main] INFO org.evosuite.runtime.instrumentation.EvoClassLoader - Keeping class: net.sf.saxon.expr.instruct.TailCallReturner
18:07:28.347 [main] INFO org.evosuite.runtime.instrumentation.EvoClassLoader - Keeping class: net.sf.saxon.expr.instruct.Instruction
18:07:28.347 [main] INFO org.evosuite.runtime.instrumentation.EvoClassLoader - Keeping class: net.sf.saxon.expr.instruct.SourceDocument
18:07:28.347 [main] INFO org.evosuite.runtime.instrumentation.EvoClassLoader - Seeing class for first time: net.sf.saxon.value.Closure
18:07:28.347 [main] INFO org.evosuite.runtime.instrumentation.EvoClassLoader - Instrumenting class 'net.sf.saxon.value.Closure'.
18:07:28.348 [main] INFO org.evosuite.runtime.instrumentation.MethodCallReplacementClassAdapter - Adding mock interface to class net/sf/saxon/value/Closure
18:07:28.349 [main] INFO org.evosuite.runtime.instrumentation.CreateClassResetClassAdapter - Found static initializer in class net/sf/saxon/value/Closure
18:07:28.349 [main] INFO org.evosuite.runtime.instrumentation.EvoClassLoader - Keeping class: net.sf.saxon.value.Closure
18:07:28.349 [main] INFO org.evosuite.runtime.instrumentation.EvoClassLoader - Seeing class for first time: net.sf.saxon.value.MemoClosure
18:07:28.349 [main] INFO org.evosuite.runtime.instrumentation.EvoClassLoader - Instrumenting class 'net.sf.saxon.value.MemoClosure'.
18:07:28.350 [main] INFO org.evosuite.runtime.instrumentation.MethodCallReplacementClassAdapter - Adding mock interface to class net/sf/saxon/value/MemoClosure
18:07:28.351 [main] INFO org.evosuite.runtime.instrumentation.CreateClassResetClassAdapter - Creating brand-new static initializer in class net/sf/saxon/value/MemoClosure
18:07:28.351 [main] INFO org.evosuite.runtime.instrumentation.EvoClassLoader - Keeping class: net.sf.saxon.value.MemoClosure
18:07:28.351 [main] INFO org.evosuite.runtime.instrumentation.EvoClassLoader - Seeing class for first time: net.sf.saxon.expr.ErrorExpression
18:07:28.351 [main] INFO org.evosuite.runtime.instrumentation.EvoClassLoader - Instrumenting class 'net.sf.saxon.expr.ErrorExpression'.
18:07:28.352 [main] INFO org.evosuite.runtime.instrumentation.MethodCallReplacementClassAdapter - Adding mock interface to class net/sf/saxon/expr/ErrorExpression
18:07:28.352 [main] INFO org.evosuite.runtime.instrumentation.CreateClassResetClassAdapter - Creating brand-new static initializer in class net/sf/saxon/expr/ErrorExpression
18:07:28.353 [main] INFO org.evosuite.runtime.instrumentation.EvoClassLoader - Keeping class: net.sf.saxon.expr.ErrorExpression
18:07:28.353 [main] INFO org.evosuite.runtime.instrumentation.EvoClassLoader - Seeing class for first time: net.sf.saxon.trans.packages.IPackageLoader
18:07:28.353 [main] INFO org.evosuite.runtime.instrumentation.EvoClassLoader - Instrumenting class 'net.sf.saxon.trans.packages.IPackageLoader'.
18:07:28.354 [main] INFO org.evosuite.runtime.instrumentation.EvoClassLoader - Defined package (3): package net.sf.saxon.trans.packages, -408439262
18:07:28.354 [main] INFO org.evosuite.runtime.instrumentation.EvoClassLoader - Keeping class: net.sf.saxon.trans.packages.IPackageLoader
18:07:28.354 [main] INFO org.evosuite.runtime.instrumentation.EvoClassLoader - Seeing class for first time: net.sf.saxon.lib.FunctionAnnotationHandler
18:07:28.354 [main] INFO org.evosuite.runtime.instrumentation.EvoClassLoader - Instrumenting class 'net.sf.saxon.lib.FunctionAnnotationHandler'.
18:07:28.354 [main] INFO org.evosuite.runtime.instrumentation.EvoClassLoader - Keeping class: net.sf.saxon.lib.FunctionAnnotationHandler
18:07:28.355 [main] INFO org.evosuite.runtime.instrumentation.EvoClassLoader - Seeing class for first time: net.sf.saxon.type.JavaExternalObjectType
18:07:28.355 [main] INFO org.evosuite.runtime.instrumentation.EvoClassLoader - Instrumenting class 'net.sf.saxon.type.JavaExternalObjectType'.
18:07:28.355 [main] INFO org.evosuite.runtime.instrumentation.MethodCallReplacementClassAdapter - Adding mock interface to class net/sf/saxon/type/JavaExternalObjectType
18:07:28.355 [main] INFO org.evosuite.runtime.instrumentation.CreateClassResetClassAdapter - Creating brand-new static initializer in class net/sf/saxon/type/JavaExternalObjectType
18:07:28.356 [main] INFO org.evosuite.runtime.instrumentation.EvoClassLoader - Seeing class for first time: net.sf.saxon.type.ExternalObjectType
18:07:28.356 [main] INFO org.evosuite.runtime.instrumentation.EvoClassLoader - Instrumenting class 'net.sf.saxon.type.ExternalObjectType'.
18:07:28.356 [main] INFO org.evosuite.runtime.instrumentation.MethodCallReplacementClassAdapter - Adding mock interface to class net/sf/saxon/type/ExternalObjectType
18:07:28.356 [main] INFO org.evosuite.runtime.instrumentation.CreateClassResetClassAdapter - Creating brand-new static initializer in class net/sf/saxon/type/ExternalObjectType
18:07:28.356 [main] INFO org.evosuite.runtime.instrumentation.EvoClassLoader - Seeing class for first time: net.sf.saxon.type.AnyExternalObjectType
18:07:28.356 [main] INFO org.evosuite.runtime.instrumentation.EvoClassLoader - Instrumenting class 'net.sf.saxon.type.AnyExternalObjectType'.
18:07:28.356 [main] INFO org.evosuite.runtime.instrumentation.MethodCallReplacementClassAdapter - Adding mock interface to class net/sf/saxon/type/AnyExternalObjectType
18:07:28.356 [main] INFO org.evosuite.runtime.instrumentation.CreateClassResetClassAdapter - Found static initializer in class net/sf/saxon/type/AnyExternalObjectType
18:07:28.357 [main] INFO org.evosuite.runtime.instrumentation.EvoClassLoader - Keeping class: net.sf.saxon.type.AnyExternalObjectType
18:07:28.357 [main] INFO org.evosuite.runtime.instrumentation.EvoClassLoader - Keeping class: net.sf.saxon.type.ExternalObjectType
18:07:28.357 [main] INFO org.evosuite.runtime.instrumentation.EvoClassLoader - Keeping class: net.sf.saxon.type.JavaExternalObjectType
18:07:28.357 [main] INFO org.evosuite.runtime.instrumentation.EvoClassLoader - Seeing class for first time: net.sf.saxon.expr.parser.OptimizerOptions
18:07:28.357 [main] INFO org.evosuite.runtime.instrumentation.EvoClassLoader - Instrumenting class 'net.sf.saxon.expr.parser.OptimizerOptions'.
18:07:28.357 [main] INFO org.evosuite.runtime.instrumentation.MethodCallReplacementClassAdapter - Adding mock interface to class net/sf/saxon/expr/parser/OptimizerOptions
18:07:28.357 [main] INFO org.evosuite.runtime.instrumentation.CreateClassResetClassAdapter - Found static initializer in class net/sf/saxon/expr/parser/OptimizerOptions
18:07:28.358 [main] INFO org.evosuite.runtime.instrumentation.EvoClassLoader - Keeping class: net.sf.saxon.expr.parser.OptimizerOptions
18:07:28.358 [main] INFO org.evosuite.runtime.instrumentation.EvoClassLoader - Seeing class for first time: net.sf.saxon.lib.SerializerFactory
18:07:28.358 [main] INFO org.evosuite.runtime.instrumentation.EvoClassLoader - Instrumenting class 'net.sf.saxon.lib.SerializerFactory'.
18:07:28.359 [main] INFO org.evosuite.runtime.instrumentation.MethodCallReplacementClassAdapter - Adding mock interface to class net/sf/saxon/lib/SerializerFactory
18:07:28.372 [main] INFO org.evosuite.runtime.instrumentation.CreateClassResetClassAdapter - Found static initializer in class net/sf/saxon/lib/SerializerFactory
18:07:28.373 [main] INFO org.evosuite.runtime.instrumentation.EvoClassLoader - Keeping class: net.sf.saxon.lib.SerializerFactory
18:07:28.373 [main] INFO org.evosuite.runtime.instrumentation.EvoClassLoader - Seeing class for first time: net.sf.saxon.expr.parser.Optimizer
18:07:28.373 [main] INFO org.evosuite.runtime.instrumentation.EvoClassLoader - Instrumenting class 'net.sf.saxon.expr.parser.Optimizer'.
18:07:28.374 [main] INFO org.evosuite.runtime.instrumentation.MethodCallReplacementClassAdapter - Adding mock interface to class net/sf/saxon/expr/parser/Optimizer
18:07:28.374 [main] INFO org.evosuite.runtime.instrumentation.CreateClassResetClassAdapter - Creating brand-new static initializer in class net/sf/saxon/expr/parser/Optimizer
18:07:28.374 [main] INFO org.evosuite.runtime.instrumentation.CreateClassResetClassAdapter - Adding bytecode for initializing field NO_OPTIMIZATION
18:07:28.374 [main] INFO org.evosuite.runtime.instrumentation.CreateClassResetClassAdapter - Adding bytecode for initializing field FULL_OPTIMIZATION
18:07:28.375 [main] INFO org.evosuite.runtime.instrumentation.EvoClassLoader - Keeping class: net.sf.saxon.expr.parser.Optimizer
18:07:28.375 [main] INFO org.evosuite.runtime.instrumentation.EvoClassLoader - Seeing class for first time: net.sf.saxon.type.SpecificFunctionType
18:07:28.375 [main] INFO org.evosuite.runtime.instrumentation.EvoClassLoader - Instrumenting class 'net.sf.saxon.type.SpecificFunctionType'.
18:07:28.376 [main] INFO org.evosuite.runtime.instrumentation.MethodCallReplacementClassAdapter - Adding mock interface to class net/sf/saxon/type/SpecificFunctionType
18:07:28.377 [main] INFO org.evosuite.runtime.instrumentation.CreateClassResetClassAdapter - Creating brand-new static initializer in class net/sf/saxon/type/SpecificFunctionType
18:07:28.378 [main] INFO org.evosuite.runtime.instrumentation.EvoClassLoader - Seeing class for first time: net.sf.saxon.type.AnyFunctionType
18:07:28.378 [main] INFO org.evosuite.runtime.instrumentation.EvoClassLoader - Instrumenting class 'net.sf.saxon.type.AnyFunctionType'.
18:07:28.379 [main] INFO org.evosuite.runtime.instrumentation.MethodCallReplacementClassAdapter - Adding mock interface to class net/sf/saxon/type/AnyFunctionType
18:07:28.379 [main] INFO org.evosuite.runtime.instrumentation.CreateClassResetClassAdapter - Found static initializer in class net/sf/saxon/type/AnyFunctionType
18:07:28.380 [main] INFO org.evosuite.runtime.instrumentation.EvoClassLoader - Keeping class: net.sf.saxon.type.AnyFunctionType
18:07:28.380 [main] INFO org.evosuite.runtime.instrumentation.EvoClassLoader - Keeping class: net.sf.saxon.type.SpecificFunctionType
18:07:28.380 [main] INFO org.evosuite.runtime.instrumentation.EvoClassLoader - Seeing class for first time: net.sf.saxon.trans.CompilerInfo
18:07:28.380 [main] INFO org.evosuite.runtime.instrumentation.EvoClassLoader - Instrumenting class 'net.sf.saxon.trans.CompilerInfo'.
18:07:28.381 [main] INFO org.evosuite.runtime.instrumentation.MethodCallReplacementClassAdapter - Adding mock interface to class net/sf/saxon/trans/CompilerInfo
18:07:28.381 [main] INFO org.evosuite.runtime.instrumentation.CreateClassResetClassAdapter - Creating brand-new static initializer in class net/sf/saxon/trans/CompilerInfo
18:07:28.381 [main] INFO org.evosuite.runtime.instrumentation.EvoClassLoader - Keeping class: net.sf.saxon.trans.CompilerInfo
18:07:28.381 [main] INFO org.evosuite.runtime.instrumentation.EvoClassLoader - Seeing class for first time: net.sf.saxon.trans.ConfigurationReader
18:07:28.381 [main] INFO org.evosuite.runtime.instrumentation.EvoClassLoader - Instrumenting class 'net.sf.saxon.trans.ConfigurationReader'.
18:07:28.383 [main] INFO org.evosuite.runtime.instrumentation.MethodCallReplacementClassAdapter - Adding mock interface to class net/sf/saxon/trans/ConfigurationReader
18:07:28.392 [main] INFO org.evosuite.runtime.instrumentation.CreateClassResetClassAdapter - Creating brand-new static initializer in class net/sf/saxon/trans/ConfigurationReader
18:07:28.392 [main] INFO org.evosuite.runtime.instrumentation.EvoClassLoader - Keeping class: net.sf.saxon.trans.ConfigurationReader
18:07:28.392 [main] INFO org.evosuite.runtime.instrumentation.EvoClassLoader - Seeing class for first time: net.sf.saxon.lib.StandardURIResolver
18:07:28.392 [main] INFO org.evosuite.runtime.instrumentation.EvoClassLoader - Instrumenting class 'net.sf.saxon.lib.StandardURIResolver'.
18:07:28.393 [main] INFO org.evosuite.runtime.instrumentation.MethodCallReplacementClassAdapter - Adding mock interface to class net/sf/saxon/lib/StandardURIResolver
18:07:28.394 [main] INFO org.evosuite.runtime.instrumentation.CreateClassResetClassAdapter - Found static initializer in class net/sf/saxon/lib/StandardURIResolver
18:07:28.395 [main] INFO org.evosuite.runtime.instrumentation.EvoClassLoader - Seeing class for first time: net.sf.saxon.trans.NonDelegatingURIResolver
18:07:28.395 [main] INFO org.evosuite.runtime.instrumentation.EvoClassLoader - Instrumenting class 'net.sf.saxon.trans.NonDelegatingURIResolver'.
18:07:28.395 [main] INFO org.evosuite.runtime.instrumentation.EvoClassLoader - Keeping class: net.sf.saxon.trans.NonDelegatingURIResolver
18:07:28.395 [main] INFO org.evosuite.runtime.instrumentation.EvoClassLoader - Keeping class: net.sf.saxon.lib.StandardURIResolver
18:07:28.395 [main] INFO org.evosuite.runtime.instrumentation.EvoClassLoader - Seeing class for first time: net.sf.saxon.lib.ResourceFactory
18:07:28.395 [main] INFO org.evosuite.runtime.instrumentation.EvoClassLoader - Instrumenting class 'net.sf.saxon.lib.ResourceFactory'.
18:07:28.396 [main] INFO org.evosuite.runtime.instrumentation.EvoClassLoader - Keeping class: net.sf.saxon.lib.ResourceFactory
18:07:28.396 [main] INFO org.evosuite.runtime.instrumentation.EvoClassLoader - Seeing class for first time: net.sf.saxon.Configuration$ApiProvider
18:07:28.396 [main] INFO org.evosuite.runtime.instrumentation.EvoClassLoader - Instrumenting class 'net.sf.saxon.Configuration$ApiProvider'.
18:07:28.397 [main] INFO org.evosuite.runtime.instrumentation.EvoClassLoader - Keeping class: net.sf.saxon.Configuration$ApiProvider
18:07:28.397 [main] INFO org.evosuite.runtime.instrumentation.EvoClassLoader - Seeing class for first time: net.sf.saxon.trans.DynamicLoader
18:07:28.397 [main] INFO org.evosuite.runtime.instrumentation.EvoClassLoader - Instrumenting class 'net.sf.saxon.trans.DynamicLoader'.
18:07:28.398 [main] INFO org.evosuite.runtime.instrumentation.MethodCallReplacementClassAdapter - Adding mock interface to class net/sf/saxon/trans/DynamicLoader
18:07:28.399 [main] INFO org.evosuite.runtime.instrumentation.CreateClassResetClassAdapter - Creating brand-new static initializer in class net/sf/saxon/trans/DynamicLoader
18:07:28.399 [main] INFO org.evosuite.runtime.instrumentation.EvoClassLoader - Keeping class: net.sf.saxon.trans.DynamicLoader
18:07:28.399 [main] INFO org.evosuite.runtime.instrumentation.EvoClassLoader - Seeing class for first time: net.sf.saxon.query.StaticQueryContext
18:07:28.399 [main] INFO org.evosuite.runtime.instrumentation.EvoClassLoader - Instrumenting class 'net.sf.saxon.query.StaticQueryContext'.
18:07:28.401 [main] INFO org.evosuite.runtime.instrumentation.MethodCallReplacementClassAdapter - Adding mock interface to class net/sf/saxon/query/StaticQueryContext
18:07:28.409 [main] INFO org.evosuite.runtime.instrumentation.CreateClassResetClassAdapter - Creating brand-new static initializer in class net/sf/saxon/query/StaticQueryContext
18:07:28.410 [main] INFO org.evosuite.runtime.instrumentation.EvoClassLoader - Keeping class: net.sf.saxon.query.StaticQueryContext
18:07:28.411 [main] INFO org.evosuite.runtime.instrumentation.EvoClassLoader - Seeing class for first time: net.sf.saxon.lib.ParseOptions
18:07:28.411 [main] INFO org.evosuite.runtime.instrumentation.EvoClassLoader - Instrumenting class 'net.sf.saxon.lib.ParseOptions'.
18:07:28.412 [main] INFO org.evosuite.runtime.instrumentation.MethodCallReplacementClassAdapter - Adding mock interface to class net/sf/saxon/lib/ParseOptions
18:07:28.416 [main] INFO org.evosuite.runtime.instrumentation.CreateClassResetClassAdapter - Creating brand-new static initializer in class net/sf/saxon/lib/ParseOptions
18:07:28.416 [main] INFO org.evosuite.runtime.instrumentation.EvoClassLoader - Keeping class: net.sf.saxon.lib.ParseOptions
18:07:28.417 [main] INFO org.evosuite.runtime.instrumentation.EvoClassLoader - Seeing class for first time: net.sf.saxon.lib.ExtensionFunctionDefinition
18:07:28.417 [main] INFO org.evosuite.runtime.instrumentation.EvoClassLoader - Instrumenting class 'net.sf.saxon.lib.ExtensionFunctionDefinition'.
18:07:28.417 [main] INFO org.evosuite.runtime.instrumentation.MethodCallReplacementClassAdapter - Adding mock interface to class net/sf/saxon/lib/ExtensionFunctionDefinition
18:07:28.418 [main] INFO org.evosuite.runtime.instrumentation.CreateClassResetClassAdapter - Creating brand-new static initializer in class net/sf/saxon/lib/ExtensionFunctionDefinition
18:07:28.418 [main] INFO org.evosuite.runtime.instrumentation.EvoClassLoader - Keeping class: net.sf.saxon.lib.ExtensionFunctionDefinition
18:07:28.418 [main] INFO org.evosuite.runtime.instrumentation.EvoClassLoader - Seeing class for first time: net.sf.saxon.functions.IntegratedFunctionLibrary
18:07:28.418 [main] INFO org.evosuite.runtime.instrumentation.EvoClassLoader - Instrumenting class 'net.sf.saxon.functions.IntegratedFunctionLibrary'.
18:07:28.418 [main] INFO org.evosuite.runtime.instrumentation.MethodCallReplacementClassAdapter - Adding mock interface to class net/sf/saxon/functions/IntegratedFunctionLibrary
18:07:28.419 [main] INFO org.evosuite.runtime.instrumentation.CreateClassResetClassAdapter - Creating brand-new static initializer in class net/sf/saxon/functions/IntegratedFunctionLibrary
18:07:28.419 [main] INFO org.evosuite.runtime.instrumentation.EvoClassLoader - Keeping class: net.sf.saxon.functions.IntegratedFunctionLibrary
18:07:28.419 [main] INFO org.evosuite.runtime.instrumentation.EvoClassLoader - Seeing class for first time: net.sf.saxon.functions.FunctionLibraryList
18:07:28.419 [main] INFO org.evosuite.runtime.instrumentation.EvoClassLoader - Instrumenting class 'net.sf.saxon.functions.FunctionLibraryList'.
18:07:28.420 [main] INFO org.evosuite.runtime.instrumentation.MethodCallReplacementClassAdapter - Adding mock interface to class net/sf/saxon/functions/FunctionLibraryList
18:07:28.420 [main] INFO org.evosuite.runtime.instrumentation.CreateClassResetClassAdapter - Creating brand-new static initializer in class net/sf/saxon/functions/FunctionLibraryList
18:07:28.421 [main] INFO org.evosuite.runtime.instrumentation.EvoClassLoader - Seeing class for first time: net.sf.saxon.query.XQueryFunctionBinder
18:07:28.421 [main] INFO org.evosuite.runtime.instrumentation.EvoClassLoader - Instrumenting class 'net.sf.saxon.query.XQueryFunctionBinder'.
18:07:28.421 [main] INFO org.evosuite.runtime.instrumentation.EvoClassLoader - Keeping class: net.sf.saxon.query.XQueryFunctionBinder
18:07:28.422 [main] INFO org.evosuite.runtime.instrumentation.EvoClassLoader - Keeping class: net.sf.saxon.functions.FunctionLibraryList
18:07:28.422 [main] INFO org.evosuite.runtime.instrumentation.EvoClassLoader - Seeing class for first time: net.sf.saxon.trans.FunctionStreamability
18:07:28.422 [main] INFO org.evosuite.runtime.instrumentation.EvoClassLoader - Instrumenting class 'net.sf.saxon.trans.FunctionStreamability'.
18:07:28.422 [main] INFO org.evosuite.runtime.instrumentation.MethodCallReplacementClassAdapter - Adding mock interface to class net/sf/saxon/trans/FunctionStreamability
18:07:28.423 [main] INFO org.evosuite.runtime.instrumentation.CreateClassResetClassAdapter - Found static initializer in class net/sf/saxon/trans/FunctionStreamability
18:07:28.423 [main] INFO org.evosuite.runtime.instrumentation.EvoClassLoader - Keeping class: net.sf.saxon.trans.FunctionStreamability
18:07:28.423 [main] INFO org.evosuite.runtime.instrumentation.EvoClassLoader - Seeing class for first time: net.sf.saxon.expr.instruct.UserFunction
18:07:28.423 [main] INFO org.evosuite.runtime.instrumentation.EvoClassLoader - Instrumenting class 'net.sf.saxon.expr.instruct.UserFunction'.
18:07:28.425 [main] INFO org.evosuite.runtime.instrumentation.MethodCallReplacementClassAdapter - Adding mock interface to class net/sf/saxon/expr/instruct/UserFunction
18:07:28.429 [main] INFO org.evosuite.runtime.instrumentation.CreateClassResetClassAdapter - Creating brand-new static initializer in class net/sf/saxon/expr/instruct/UserFunction
18:07:28.429 [main] INFO org.evosuite.runtime.instrumentation.CreateClassResetClassAdapter - Adding bytecode for initializing field MAX_INLININGS
18:07:28.430 [main] INFO org.evosuite.runtime.instrumentation.EvoClassLoader - Seeing class for first time: net.sf.saxon.expr.instruct.Actor
18:07:28.430 [main] INFO org.evosuite.runtime.instrumentation.EvoClassLoader - Instrumenting class 'net.sf.saxon.expr.instruct.Actor'.
18:07:28.431 [main] INFO org.evosuite.runtime.instrumentation.MethodCallReplacementClassAdapter - Adding mock interface to class net/sf/saxon/expr/instruct/Actor
18:07:28.432 [main] INFO org.evosuite.runtime.instrumentation.CreateClassResetClassAdapter - Creating brand-new static initializer in class net/sf/saxon/expr/instruct/Actor
18:07:28.432 [main] INFO org.evosuite.runtime.instrumentation.EvoClassLoader - Seeing class for first time: net.sf.saxon.trace.InstructionInfo
18:07:28.432 [main] INFO org.evosuite.runtime.instrumentation.EvoClassLoader - Instrumenting class 'net.sf.saxon.trace.InstructionInfo'.
18:07:28.433 [main] INFO org.evosuite.runtime.instrumentation.EvoClassLoader - Keeping class: net.sf.saxon.trace.InstructionInfo
18:07:28.433 [main] INFO org.evosuite.runtime.instrumentation.EvoClassLoader - Keeping class: net.sf.saxon.expr.instruct.Actor
18:07:28.433 [main] INFO org.evosuite.runtime.instrumentation.EvoClassLoader - Keeping class: net.sf.saxon.expr.instruct.UserFunction
18:07:28.433 [main] INFO org.evosuite.runtime.instrumentation.EvoClassLoader - Seeing class for first time: net.sf.saxon.lib.ResourceCollection
18:07:28.433 [main] INFO org.evosuite.runtime.instrumentation.EvoClassLoader - Instrumenting class 'net.sf.saxon.lib.ResourceCollection'.
18:07:28.434 [main] INFO org.evosuite.runtime.instrumentation.EvoClassLoader - Keeping class: net.sf.saxon.lib.ResourceCollection
18:07:28.434 [main] INFO org.evosuite.runtime.instrumentation.EvoClassLoader - Seeing class for first time: net.sf.saxon.lib.LocalizerFactory
18:07:28.434 [main] INFO org.evosuite.runtime.instrumentation.EvoClassLoader - Instrumenting class 'net.sf.saxon.lib.LocalizerFactory'.
18:07:28.434 [main] INFO org.evosuite.runtime.instrumentation.MethodCallReplacementClassAdapter - Adding mock interface to class net/sf/saxon/lib/LocalizerFactory
18:07:28.434 [main] INFO org.evosuite.runtime.instrumentation.CreateClassResetClassAdapter - Creating brand-new static initializer in class net/sf/saxon/lib/LocalizerFactory
18:07:28.434 [main] INFO org.evosuite.runtime.instrumentation.EvoClassLoader - Keeping class: net.sf.saxon.lib.LocalizerFactory
18:07:28.434 [main] INFO org.evosuite.runtime.instrumentation.EvoClassLoader - Seeing class for first time: net.sf.saxon.regex.RegularExpression
18:07:28.434 [main] INFO org.evosuite.runtime.instrumentation.EvoClassLoader - Instrumenting class 'net.sf.saxon.regex.RegularExpression'.
18:07:28.434 [main] INFO org.evosuite.runtime.instrumentation.EvoClassLoader - Keeping class: net.sf.saxon.regex.RegularExpression
18:07:28.435 [main] INFO org.evosuite.runtime.instrumentation.EvoClassLoader - Seeing class for first time: net.sf.saxon.serialize.charcode.CharacterSetFactory
18:07:28.435 [main] INFO org.evosuite.runtime.instrumentation.EvoClassLoader - Instrumenting class 'net.sf.saxon.serialize.charcode.CharacterSetFactory'.
18:07:28.435 [main] INFO org.evosuite.runtime.instrumentation.MethodCallReplacementClassAdapter - Adding mock interface to class net/sf/saxon/serialize/charcode/CharacterSetFactory
18:07:28.435 [main] INFO org.evosuite.runtime.instrumentation.CreateClassResetClassAdapter - Creating brand-new static initializer in class net/sf/saxon/serialize/charcode/CharacterSetFactory
18:07:28.435 [main] INFO org.evosuite.runtime.instrumentation.EvoClassLoader - Defined package (3): package net.sf.saxon.serialize.charcode, -406330688
18:07:28.436 [main] INFO org.evosuite.runtime.instrumentation.EvoClassLoader - Keeping class: net.sf.saxon.serialize.charcode.CharacterSetFactory
18:07:28.436 [main] INFO org.evosuite.runtime.instrumentation.EvoClassLoader - Seeing class for first time: net.sf.saxon.serialize.SerializationProperties
18:07:28.436 [main] INFO org.evosuite.runtime.instrumentation.EvoClassLoader - Instrumenting class 'net.sf.saxon.serialize.SerializationProperties'.
18:07:28.437 [main] INFO org.evosuite.runtime.instrumentation.MethodCallReplacementClassAdapter - Adding mock interface to class net/sf/saxon/serialize/SerializationProperties
18:07:28.440 [main] INFO org.evosuite.runtime.instrumentation.CreateClassResetClassAdapter - Creating brand-new static initializer in class net/sf/saxon/serialize/SerializationProperties
18:07:28.440 [main] INFO org.evosuite.runtime.instrumentation.EvoClassLoader - Defined package (3): package net.sf.saxon.serialize, 2088964305
18:07:28.440 [main] INFO org.evosuite.runtime.instrumentation.EvoClassLoader - Keeping class: net.sf.saxon.serialize.SerializationProperties
18:07:28.441 [main] INFO org.evosuite.runtime.instrumentation.EvoClassLoader - Seeing class for first time: net.sf.saxon.expr.instruct.ResultDocument
18:07:28.441 [main] INFO org.evosuite.runtime.instrumentation.EvoClassLoader - Instrumenting class 'net.sf.saxon.expr.instruct.ResultDocument'.
18:07:28.443 [main] INFO org.evosuite.runtime.instrumentation.MethodCallReplacementClassAdapter - Adding mock interface to class net/sf/saxon/expr/instruct/ResultDocument
18:07:28.446 [main] INFO org.evosuite.runtime.instrumentation.CreateClassResetClassAdapter - Found static initializer in class net/sf/saxon/expr/instruct/ResultDocument
18:07:28.447 [main] INFO org.evosuite.runtime.instrumentation.EvoClassLoader - Seeing class for first time: net.sf.saxon.expr.instruct.ValidatingInstruction
18:07:28.447 [main] INFO org.evosuite.runtime.instrumentation.EvoClassLoader - Instrumenting class 'net.sf.saxon.expr.instruct.ValidatingInstruction'.
18:07:28.448 [main] INFO org.evosuite.runtime.instrumentation.EvoClassLoader - Keeping class: net.sf.saxon.expr.instruct.ValidatingInstruction
18:07:28.448 [main] INFO org.evosuite.runtime.instrumentation.EvoClassLoader - Seeing class for first time: net.sf.saxon.expr.instruct.InstructionWithComplexContent
18:07:28.448 [main] INFO org.evosuite.runtime.instrumentation.EvoClassLoader - Instrumenting class 'net.sf.saxon.expr.instruct.InstructionWithComplexContent'.
18:07:28.448 [main] INFO org.evosuite.runtime.instrumentation.EvoClassLoader - Keeping class: net.sf.saxon.expr.instruct.InstructionWithComplexContent
18:07:28.449 [main] INFO org.evosuite.runtime.instrumentation.EvoClassLoader - Keeping class: net.sf.saxon.expr.instruct.ResultDocument
18:07:28.449 [main] INFO org.evosuite.runtime.instrumentation.EvoClassLoader - Seeing class for first time: net.sf.saxon.expr.ItemMappingFunction
18:07:28.449 [main] INFO org.evosuite.runtime.instrumentation.EvoClassLoader - Instrumenting class 'net.sf.saxon.expr.ItemMappingFunction'.
18:07:28.449 [main] INFO org.evosuite.runtime.instrumentation.EvoClassLoader - Keeping class: net.sf.saxon.expr.ItemMappingFunction
18:07:28.449 [main] INFO org.evosuite.runtime.instrumentation.EvoClassLoader - Seeing class for first time: net.sf.saxon.query.XQueryExpression
18:07:28.449 [main] INFO org.evosuite.runtime.instrumentation.EvoClassLoader - Instrumenting class 'net.sf.saxon.query.XQueryExpression'.
18:07:28.450 [main] INFO org.evosuite.runtime.instrumentation.MethodCallReplacementClassAdapter - Adding mock interface to class net/sf/saxon/query/XQueryExpression
18:07:28.457 [main] INFO org.evosuite.runtime.instrumentation.CreateClassResetClassAdapter - Creating brand-new static initializer in class net/sf/saxon/query/XQueryExpression
18:07:28.458 [main] INFO org.evosuite.runtime.instrumentation.EvoClassLoader - Keeping class: net.sf.saxon.query.XQueryExpression
18:07:28.458 [main] INFO org.evosuite.runtime.instrumentation.EvoClassLoader - Seeing class for first time: net.sf.saxon.event.FilterFactory
18:07:28.458 [main] INFO org.evosuite.runtime.instrumentation.EvoClassLoader - Instrumenting class 'net.sf.saxon.event.FilterFactory'.
18:07:28.459 [main] INFO org.evosuite.runtime.instrumentation.EvoClassLoader - Keeping class: net.sf.saxon.event.FilterFactory
18:07:28.459 [main] INFO org.evosuite.runtime.instrumentation.EvoClassLoader - Seeing class for first time: net.sf.saxon.trans.TypeAliasManager
18:07:28.459 [main] INFO org.evosuite.runtime.instrumentation.EvoClassLoader - Instrumenting class 'net.sf.saxon.trans.TypeAliasManager'.
18:07:28.459 [main] INFO org.evosuite.runtime.instrumentation.MethodCallReplacementClassAdapter - Adding mock interface to class net/sf/saxon/trans/TypeAliasManager
18:07:28.459 [main] INFO org.evosuite.runtime.instrumentation.CreateClassResetClassAdapter - Creating brand-new static initializer in class net/sf/saxon/trans/TypeAliasManager
18:07:28.459 [main] INFO org.evosuite.runtime.instrumentation.EvoClassLoader - Keeping class: net.sf.saxon.trans.TypeAliasManager
18:07:28.459 [main] INFO org.evosuite.runtime.instrumentation.EvoClassLoader - Seeing class for first time: net.sf.saxon.tree.util.DocumentNumberAllocator
18:07:28.459 [main] INFO org.evosuite.runtime.instrumentation.EvoClassLoader - Instrumenting class 'net.sf.saxon.tree.util.DocumentNumberAllocator'.
18:07:28.460 [main] INFO org.evosuite.runtime.instrumentation.MethodCallReplacementClassAdapter - Adding mock interface to class net/sf/saxon/tree/util/DocumentNumberAllocator
18:07:28.460 [main] INFO org.evosuite.runtime.instrumentation.CreateClassResetClassAdapter - Creating brand-new static initializer in class net/sf/saxon/tree/util/DocumentNumberAllocator
18:07:28.460 [main] INFO org.evosuite.runtime.instrumentation.EvoClassLoader - Keeping class: net.sf.saxon.tree.util.DocumentNumberAllocator
18:07:28.460 [main] INFO org.evosuite.runtime.instrumentation.EvoClassLoader - Seeing class for first time: net.sf.saxon.om.DocumentPool
18:07:28.460 [main] INFO org.evosuite.runtime.instrumentation.EvoClassLoader - Instrumenting class 'net.sf.saxon.om.DocumentPool'.
18:07:28.461 [main] INFO org.evosuite.runtime.instrumentation.MethodCallReplacementClassAdapter - Adding mock interface to class net/sf/saxon/om/DocumentPool
18:07:28.461 [main] INFO org.evosuite.runtime.instrumentation.CreateClassResetClassAdapter - Creating brand-new static initializer in class net/sf/saxon/om/DocumentPool
18:07:28.462 [main] INFO org.evosuite.runtime.instrumentation.EvoClassLoader - Keeping class: net.sf.saxon.om.DocumentPool
18:07:28.463 [main] INFO org.evosuite.runtime.instrumentation.EvoClassLoader - Seeing class for first time: net.sf.saxon.event.PipelineConfiguration
18:07:28.463 [main] INFO org.evosuite.runtime.instrumentation.EvoClassLoader - Instrumenting class 'net.sf.saxon.event.PipelineConfiguration'.
18:07:28.464 [main] INFO org.evosuite.runtime.instrumentation.MethodCallReplacementClassAdapter - Adding mock interface to class net/sf/saxon/event/PipelineConfiguration
18:07:28.464 [main] INFO org.evosuite.runtime.instrumentation.CreateClassResetClassAdapter - Creating brand-new static initializer in class net/sf/saxon/event/PipelineConfiguration
18:07:28.465 [main] INFO org.evosuite.runtime.instrumentation.EvoClassLoader - Keeping class: net.sf.saxon.event.PipelineConfiguration
18:07:28.465 [main] INFO org.evosuite.runtime.instrumentation.EvoClassLoader - Seeing class for first time: net.sf.saxon.value.QNameValue
18:07:28.465 [main] INFO org.evosuite.runtime.instrumentation.EvoClassLoader - Instrumenting class 'net.sf.saxon.value.QNameValue'.
18:07:28.466 [main] INFO org.evosuite.runtime.instrumentation.MethodCallReplacementClassAdapter - Adding mock interface to class net/sf/saxon/value/QNameValue
18:07:28.469 [main] INFO org.evosuite.runtime.instrumentation.CreateClassResetClassAdapter - Creating brand-new static initializer in class net/sf/saxon/value/QNameValue
18:07:28.470 [main] INFO org.evosuite.runtime.instrumentation.EvoClassLoader - Seeing class for first time: net.sf.saxon.value.QualifiedNameValue
18:07:28.470 [main] INFO org.evosuite.runtime.instrumentation.EvoClassLoader - Instrumenting class 'net.sf.saxon.value.QualifiedNameValue'.
18:07:28.471 [main] INFO org.evosuite.runtime.instrumentation.MethodCallReplacementClassAdapter - Adding mock interface to class net/sf/saxon/value/QualifiedNameValue
18:07:28.476 [main] INFO org.evosuite.runtime.instrumentation.CreateClassResetClassAdapter - Creating brand-new static initializer in class net/sf/saxon/value/QualifiedNameValue
18:07:28.477 [main] INFO org.evosuite.runtime.instrumentation.EvoClassLoader - Keeping class: net.sf.saxon.value.QualifiedNameValue
18:07:28.477 [main] INFO org.evosuite.runtime.instrumentation.EvoClassLoader - Keeping class: net.sf.saxon.value.QNameValue
18:07:28.477 [main] INFO org.evosuite.runtime.instrumentation.EvoClassLoader - Seeing class for first time: net.sf.saxon.type.SchemaDeclaration
18:07:28.477 [main] INFO org.evosuite.runtime.instrumentation.EvoClassLoader - Instrumenting class 'net.sf.saxon.type.SchemaDeclaration'.
18:07:28.478 [main] INFO org.evosuite.runtime.instrumentation.EvoClassLoader - Keeping class: net.sf.saxon.type.SchemaDeclaration
18:07:28.478 [main] INFO org.evosuite.runtime.instrumentation.EvoClassLoader - Seeing class for first time: net.sf.saxon.style.StylesheetPackage
18:07:28.478 [main] INFO org.evosuite.runtime.instrumentation.EvoClassLoader - Instrumenting class 'net.sf.saxon.style.StylesheetPackage'.
18:07:28.481 [main] INFO org.evosuite.runtime.instrumentation.MethodCallReplacementClassAdapter - Adding mock interface to class net/sf/saxon/style/StylesheetPackage
18:07:28.485 [main] INFO org.evosuite.runtime.instrumentation.CreateClassResetClassAdapter - Creating brand-new static initializer in class net/sf/saxon/style/StylesheetPackage
18:07:28.486 [main] INFO org.evosuite.runtime.instrumentation.CreateClassResetClassAdapter - Adding bytecode for initializing field TRACING
18:07:28.486 [main] INFO org.evosuite.runtime.instrumentation.EvoClassLoader - Defined package (3): package net.sf.saxon.style, -1824954334
18:07:28.492 [main] INFO org.evosuite.runtime.instrumentation.EvoClassLoader - Keeping class: net.sf.saxon.style.StylesheetPackage
18:07:28.492 [main] INFO org.evosuite.runtime.instrumentation.EvoClassLoader - Seeing class for first time: net.sf.saxon.expr.instruct.Debugger
18:07:28.492 [main] INFO org.evosuite.runtime.instrumentation.EvoClassLoader - Instrumenting class 'net.sf.saxon.expr.instruct.Debugger'.
18:07:28.493 [main] INFO org.evosuite.runtime.instrumentation.EvoClassLoader - Keeping class: net.sf.saxon.expr.instruct.Debugger
18:07:28.493 [main] INFO org.evosuite.runtime.instrumentation.EvoClassLoader - Seeing class for first time: net.sf.saxon.trans.Mode
18:07:28.493 [main] INFO org.evosuite.runtime.instrumentation.EvoClassLoader - Instrumenting class 'net.sf.saxon.trans.Mode'.
18:07:28.496 [main] INFO org.evosuite.runtime.instrumentation.MethodCallReplacementClassAdapter - Adding mock interface to class net/sf/saxon/trans/Mode
18:07:28.509 [main] INFO org.evosuite.runtime.instrumentation.CreateClassResetClassAdapter - Found static initializer in class net/sf/saxon/trans/Mode
18:07:28.510 [main] INFO org.evosuite.runtime.instrumentation.EvoClassLoader - Keeping class: net.sf.saxon.trans.Mode
18:07:28.510 [main] INFO org.evosuite.runtime.instrumentation.EvoClassLoader - Seeing class for first time: net.sf.saxon.expr.instruct.ParameterSet
18:07:28.510 [main] INFO org.evosuite.runtime.instrumentation.EvoClassLoader - Instrumenting class 'net.sf.saxon.expr.instruct.ParameterSet'.
18:07:28.511 [main] INFO org.evosuite.runtime.instrumentation.MethodCallReplacementClassAdapter - Adding mock interface to class net/sf/saxon/expr/instruct/ParameterSet
18:07:28.512 [main] INFO org.evosuite.runtime.instrumentation.CreateClassResetClassAdapter - Found static initializer in class net/sf/saxon/expr/instruct/ParameterSet
18:07:28.513 [main] INFO org.evosuite.runtime.instrumentation.EvoClassLoader - Keeping class: net.sf.saxon.expr.instruct.ParameterSet
18:07:28.513 [main] INFO org.evosuite.runtime.instrumentation.EvoClassLoader - Seeing class for first time: net.sf.saxon.expr.instruct.Executable
18:07:28.513 [main] INFO org.evosuite.runtime.instrumentation.EvoClassLoader - Instrumenting class 'net.sf.saxon.expr.instruct.Executable'.
18:07:28.515 [main] INFO org.evosuite.runtime.instrumentation.MethodCallReplacementClassAdapter - Adding mock interface to class net/sf/saxon/expr/instruct/Executable
18:07:28.516 [main] INFO org.evosuite.runtime.instrumentation.CreateClassResetClassAdapter - Creating brand-new static initializer in class net/sf/saxon/expr/instruct/Executable
18:07:28.517 [main] INFO org.evosuite.runtime.instrumentation.EvoClassLoader - Keeping class: net.sf.saxon.expr.instruct.Executable
18:07:28.517 [main] INFO org.evosuite.runtime.instrumentation.EvoClassLoader - Seeing class for first time: net.sf.saxon.style.XSLTemplate
18:07:28.517 [main] INFO org.evosuite.runtime.instrumentation.EvoClassLoader - Instrumenting class 'net.sf.saxon.style.XSLTemplate'.
18:07:28.518 [main] INFO org.evosuite.runtime.instrumentation.MethodCallReplacementClassAdapter - Adding mock interface to class net/sf/saxon/style/XSLTemplate
18:07:28.524 [main] INFO org.evosuite.runtime.instrumentation.CreateClassResetClassAdapter - Creating brand-new static initializer in class net/sf/saxon/style/XSLTemplate
18:07:28.525 [main] INFO org.evosuite.runtime.instrumentation.EvoClassLoader - Seeing class for first time: net.sf.saxon.style.StylesheetComponent
18:07:28.525 [main] INFO org.evosuite.runtime.instrumentation.EvoClassLoader - Instrumenting class 'net.sf.saxon.style.StylesheetComponent'.
18:07:28.526 [main] INFO org.evosuite.runtime.instrumentation.EvoClassLoader - Keeping class: net.sf.saxon.style.StylesheetComponent
18:07:28.526 [main] INFO org.evosuite.runtime.instrumentation.EvoClassLoader - Seeing class for first time: net.sf.saxon.style.StyleElement
18:07:28.526 [main] INFO org.evosuite.runtime.instrumentation.EvoClassLoader - Instrumenting class 'net.sf.saxon.style.StyleElement'.
18:07:28.528 [main] INFO org.evosuite.runtime.instrumentation.MethodCallReplacementClassAdapter - Adding mock interface to class net/sf/saxon/style/StyleElement
18:07:28.553 [main] INFO org.evosuite.runtime.instrumentation.CreateClassResetClassAdapter - Found static initializer in class net/sf/saxon/style/StyleElement
18:07:28.554 [main] INFO org.evosuite.runtime.instrumentation.EvoClassLoader - Seeing class for first time: net.sf.saxon.tree.linked.ElementImpl
18:07:28.554 [main] INFO org.evosuite.runtime.instrumentation.EvoClassLoader - Instrumenting class 'net.sf.saxon.tree.linked.ElementImpl'.
18:07:28.555 [main] INFO org.evosuite.runtime.instrumentation.MethodCallReplacementClassAdapter - Adding mock interface to class net/sf/saxon/tree/linked/ElementImpl
18:07:28.558 [main] INFO org.evosuite.runtime.instrumentation.CreateClassResetClassAdapter - Creating brand-new static initializer in class net/sf/saxon/tree/linked/ElementImpl
18:07:28.558 [main] INFO org.evosuite.runtime.instrumentation.EvoClassLoader - Defined package (3): package net.sf.saxon.tree.linked, -1279255526
18:07:28.558 [main] INFO org.evosuite.runtime.instrumentation.EvoClassLoader - Seeing class for first time: net.sf.saxon.tree.linked.ParentNodeImpl
18:07:28.558 [main] INFO org.evosuite.runtime.instrumentation.EvoClassLoader - Instrumenting class 'net.sf.saxon.tree.linked.ParentNodeImpl'.
18:07:28.559 [main] INFO org.evosuite.runtime.instrumentation.MethodCallReplacementClassAdapter - Adding mock interface to class net/sf/saxon/tree/linked/ParentNodeImpl
18:07:28.560 [main] INFO org.evosuite.runtime.instrumentation.CreateClassResetClassAdapter - Creating brand-new static initializer in class net/sf/saxon/tree/linked/ParentNodeImpl
18:07:28.560 [main] INFO org.evosuite.runtime.instrumentation.EvoClassLoader - Seeing class for first time: net.sf.saxon.tree.linked.NodeImpl
18:07:28.560 [main] INFO org.evosuite.runtime.instrumentation.EvoClassLoader - Instrumenting class 'net.sf.saxon.tree.linked.NodeImpl'.
18:07:28.561 [main] INFO org.evosuite.runtime.instrumentation.MethodCallReplacementClassAdapter - Adding mock interface to class net/sf/saxon/tree/linked/NodeImpl
18:07:28.563 [main] INFO org.evosuite.runtime.instrumentation.CreateClassResetClassAdapter - Found static initializer in class net/sf/saxon/tree/linked/NodeImpl
18:07:28.563 [main] INFO org.evosuite.runtime.instrumentation.EvoClassLoader - Seeing class for first time: net.sf.saxon.om.MutableNodeInfo
18:07:28.563 [main] INFO org.evosuite.runtime.instrumentation.EvoClassLoader - Instrumenting class 'net.sf.saxon.om.MutableNodeInfo'.
18:07:28.564 [main] INFO org.evosuite.runtime.instrumentation.EvoClassLoader - Keeping class: net.sf.saxon.om.MutableNodeInfo
18:07:28.564 [main] INFO org.evosuite.runtime.instrumentation.EvoClassLoader - Seeing class for first time: net.sf.saxon.tree.util.SteppingNode
18:07:28.564 [main] INFO org.evosuite.runtime.instrumentation.EvoClassLoader - Instrumenting class 'net.sf.saxon.tree.util.SteppingNode'.
18:07:28.564 [main] INFO org.evosuite.runtime.instrumentation.EvoClassLoader - Keeping class: net.sf.saxon.tree.util.SteppingNode
18:07:28.564 [main] INFO org.evosuite.runtime.instrumentation.EvoClassLoader - Seeing class for first time: net.sf.saxon.tree.wrapper.SiblingCountingNode
18:07:28.564 [main] INFO org.evosuite.runtime.instrumentation.EvoClassLoader - Instrumenting class 'net.sf.saxon.tree.wrapper.SiblingCountingNode'.
18:07:28.565 [main] INFO org.evosuite.runtime.instrumentation.EvoClassLoader - Defined package (3): package net.sf.saxon.tree.wrapper, 416206514
18:07:28.565 [main] INFO org.evosuite.runtime.instrumentation.EvoClassLoader - Keeping class: net.sf.saxon.tree.wrapper.SiblingCountingNode
18:07:28.565 [main] INFO org.evosuite.runtime.instrumentation.EvoClassLoader - Keeping class: net.sf.saxon.tree.linked.NodeImpl
18:07:28.565 [main] INFO org.evosuite.runtime.instrumentation.EvoClassLoader - Keeping class: net.sf.saxon.tree.linked.ParentNodeImpl
18:07:28.565 [main] INFO org.evosuite.runtime.instrumentation.EvoClassLoader - Keeping class: net.sf.saxon.tree.linked.ElementImpl
18:07:28.565 [main] INFO org.evosuite.runtime.instrumentation.EvoClassLoader - Keeping class: net.sf.saxon.style.StyleElement
18:07:28.566 [main] INFO org.evosuite.runtime.instrumentation.EvoClassLoader - Keeping class: net.sf.saxon.style.XSLTemplate
18:07:28.566 [main] INFO org.evosuite.runtime.instrumentation.EvoClassLoader - Seeing class for first time: net.sf.saxon.query.QueryModule
18:07:28.566 [main] INFO org.evosuite.runtime.instrumentation.EvoClassLoader - Instrumenting class 'net.sf.saxon.query.QueryModule'.
18:07:28.567 [main] INFO org.evosuite.runtime.instrumentation.MethodCallReplacementClassAdapter - Adding mock interface to class net/sf/saxon/query/QueryModule
18:07:28.570 [main] INFO org.evosuite.runtime.instrumentation.CreateClassResetClassAdapter - Creating brand-new static initializer in class net/sf/saxon/query/QueryModule
18:07:28.571 [main] INFO org.evosuite.runtime.instrumentation.EvoClassLoader - Keeping class: net.sf.saxon.query.QueryModule
18:07:28.571 [main] INFO org.evosuite.runtime.instrumentation.EvoClassLoader - Seeing class for first time: net.sf.saxon.style.Compilation
18:07:28.571 [main] INFO org.evosuite.runtime.instrumentation.EvoClassLoader - Instrumenting class 'net.sf.saxon.style.Compilation'.
18:07:28.572 [main] INFO org.evosuite.runtime.instrumentation.MethodCallReplacementClassAdapter - Adding mock interface to class net/sf/saxon/style/Compilation
18:07:28.574 [main] INFO org.evosuite.runtime.instrumentation.CreateClassResetClassAdapter - Creating brand-new static initializer in class net/sf/saxon/style/Compilation
18:07:28.574 [main] INFO org.evosuite.runtime.instrumentation.CreateClassResetClassAdapter - Adding bytecode for initializing field TIMING
18:07:28.575 [main] INFO org.evosuite.runtime.instrumentation.EvoClassLoader - Keeping class: net.sf.saxon.style.Compilation
18:07:28.575 [main] INFO org.evosuite.runtime.instrumentation.EvoClassLoader - Seeing class for first time: net.sf.saxon.style.StyleNodeFactory
18:07:28.575 [main] INFO org.evosuite.runtime.instrumentation.EvoClassLoader - Instrumenting class 'net.sf.saxon.style.StyleNodeFactory'.
18:07:28.575 [main] INFO org.evosuite.runtime.instrumentation.MethodCallReplacementClassAdapter - Adding mock interface to class net/sf/saxon/style/StyleNodeFactory
18:07:28.599 [main] INFO org.evosuite.runtime.instrumentation.CreateClassResetClassAdapter - Creating brand-new static initializer in class net/sf/saxon/style/StyleNodeFactory
18:07:28.599 [main] INFO org.evosuite.runtime.instrumentation.EvoClassLoader - Seeing class for first time: net.sf.saxon.tree.linked.NodeFactory
18:07:28.599 [main] INFO org.evosuite.runtime.instrumentation.EvoClassLoader - Instrumenting class 'net.sf.saxon.tree.linked.NodeFactory'.
18:07:28.600 [main] INFO org.evosuite.runtime.instrumentation.EvoClassLoader - Keeping class: net.sf.saxon.tree.linked.NodeFactory
18:07:28.600 [main] INFO org.evosuite.runtime.instrumentation.EvoClassLoader - Keeping class: net.sf.saxon.style.StyleNodeFactory
18:07:28.600 [main] INFO org.evosuite.runtime.instrumentation.EvoClassLoader - Seeing class for first time: net.sf.saxon.style.XSLEvaluate
18:07:28.600 [main] INFO org.evosuite.runtime.instrumentation.EvoClassLoader - Instrumenting class 'net.sf.saxon.style.XSLEvaluate'.
18:07:28.600 [main] INFO org.evosuite.runtime.instrumentation.MethodCallReplacementClassAdapter - Adding mock interface to class net/sf/saxon/style/XSLEvaluate
18:07:28.601 [main] INFO org.evosuite.runtime.instrumentation.CreateClassResetClassAdapter - Creating brand-new static initializer in class net/sf/saxon/style/XSLEvaluate
18:07:28.602 [main] INFO org.evosuite.runtime.instrumentation.EvoClassLoader - Keeping class: net.sf.saxon.style.XSLEvaluate
18:07:28.602 [main] INFO org.evosuite.runtime.instrumentation.EvoClassLoader - Seeing class for first time: net.sf.saxon.style.ComponentDeclaration
18:07:28.602 [main] INFO org.evosuite.runtime.instrumentation.EvoClassLoader - Instrumenting class 'net.sf.saxon.style.ComponentDeclaration'.
18:07:28.602 [main] INFO org.evosuite.runtime.instrumentation.MethodCallReplacementClassAdapter - Adding mock interface to class net/sf/saxon/style/ComponentDeclaration
18:07:28.602 [main] INFO org.evosuite.runtime.instrumentation.CreateClassResetClassAdapter - Creating brand-new static initializer in class net/sf/saxon/style/ComponentDeclaration
18:07:28.602 [main] INFO org.evosuite.runtime.instrumentation.EvoClassLoader - Keeping class: net.sf.saxon.style.ComponentDeclaration
18:07:28.602 [main] INFO org.evosuite.runtime.instrumentation.EvoClassLoader - Seeing class for first time: net.sf.saxon.expr.accum.AccumulatorRegistry
18:07:28.602 [main] INFO org.evosuite.runtime.instrumentation.EvoClassLoader - Instrumenting class 'net.sf.saxon.expr.accum.AccumulatorRegistry'.
18:07:28.602 [main] INFO org.evosuite.runtime.instrumentation.MethodCallReplacementClassAdapter - Adding mock interface to class net/sf/saxon/expr/accum/AccumulatorRegistry
18:07:28.603 [main] INFO org.evosuite.runtime.instrumentation.CreateClassResetClassAdapter - Creating brand-new static initializer in class net/sf/saxon/expr/accum/AccumulatorRegistry
18:07:28.603 [main] INFO org.evosuite.runtime.instrumentation.EvoClassLoader - Defined package (3): package net.sf.saxon.expr.accum, 1839176143
18:07:28.603 [main] INFO org.evosuite.runtime.instrumentation.EvoClassLoader - Keeping class: net.sf.saxon.expr.accum.AccumulatorRegistry
18:07:28.603 [main] INFO org.evosuite.runtime.instrumentation.EvoClassLoader - Seeing class for first time: net.sf.saxon.lib.ExternalObjectModel
18:07:28.603 [main] INFO org.evosuite.runtime.instrumentation.EvoClassLoader - Instrumenting class 'net.sf.saxon.lib.ExternalObjectModel'.
18:07:28.604 [main] INFO org.evosuite.runtime.instrumentation.EvoClassLoader - Keeping class: net.sf.saxon.lib.ExternalObjectModel
18:07:28.604 [main] INFO org.evosuite.runtime.instrumentation.EvoClassLoader - Seeing class for first time: net.sf.saxon.value.ObjectValue
18:07:28.604 [main] INFO org.evosuite.runtime.instrumentation.EvoClassLoader - Instrumenting class 'net.sf.saxon.value.ObjectValue'.
18:07:28.604 [main] INFO org.evosuite.runtime.instrumentation.MethodCallReplacementClassAdapter - Adding mock interface to class net/sf/saxon/value/ObjectValue
18:07:28.604 [main] INFO org.evosuite.runtime.instrumentation.CreateClassResetClassAdapter - Creating brand-new static initializer in class net/sf/saxon/value/ObjectValue
18:07:28.604 [main] INFO org.evosuite.runtime.instrumentation.EvoClassLoader - Seeing class for first time: net.sf.saxon.value.ExternalObject
18:07:28.604 [main] INFO org.evosuite.runtime.instrumentation.EvoClassLoader - Instrumenting class 'net.sf.saxon.value.ExternalObject'.
18:07:28.604 [main] INFO org.evosuite.runtime.instrumentation.EvoClassLoader - Keeping class: net.sf.saxon.value.ExternalObject
18:07:28.604 [main] INFO org.evosuite.runtime.instrumentation.EvoClassLoader - Keeping class: net.sf.saxon.value.ObjectValue
18:07:28.605 [main] INFO org.evosuite.runtime.instrumentation.EvoClassLoader - Seeing class for first time: net.sf.saxon.ma.map.MapItem
18:07:28.605 [main] INFO org.evosuite.runtime.instrumentation.EvoClassLoader - Instrumenting class 'net.sf.saxon.ma.map.MapItem'.
18:07:28.606 [main] INFO org.evosuite.runtime.instrumentation.EvoClassLoader - Defined package (3): package net.sf.saxon.ma.map, -930564687
18:07:28.606 [main] INFO org.evosuite.runtime.instrumentation.EvoClassLoader - Keeping class: net.sf.saxon.ma.map.MapItem
18:07:28.606 [main] INFO org.evosuite.runtime.instrumentation.EvoClassLoader - Seeing class for first time: net.sf.saxon.lib.StaticQueryContextFactory
18:07:28.606 [main] INFO org.evosuite.runtime.instrumentation.EvoClassLoader - Instrumenting class 'net.sf.saxon.lib.StaticQueryContextFactory'.
18:07:28.606 [main] INFO org.evosuite.runtime.instrumentation.MethodCallReplacementClassAdapter - Adding mock interface to class net/sf/saxon/lib/StaticQueryContextFactory
18:07:28.607 [main] INFO org.evosuite.runtime.instrumentation.CreateClassResetClassAdapter - Creating brand-new static initializer in class net/sf/saxon/lib/StaticQueryContextFactory
18:07:28.607 [main] INFO org.evosuite.runtime.instrumentation.EvoClassLoader - Keeping class: net.sf.saxon.lib.StaticQueryContextFactory
18:07:28.607 [main] INFO org.evosuite.runtime.instrumentation.EvoClassLoader - Seeing class for first time: net.sf.saxon.om.DocumentInfo
18:07:28.607 [main] INFO org.evosuite.runtime.instrumentation.EvoClassLoader - Instrumenting class 'net.sf.saxon.om.DocumentInfo'.
18:07:28.607 [main] INFO org.evosuite.runtime.instrumentation.MethodCallReplacementClassAdapter - Adding mock interface to class net/sf/saxon/om/DocumentInfo
18:07:28.607 [main] INFO org.evosuite.runtime.instrumentation.CreateClassResetClassAdapter - Creating brand-new static initializer in class net/sf/saxon/om/DocumentInfo
18:07:28.607 [main] INFO org.evosuite.runtime.instrumentation.EvoClassLoader - Seeing class for first time: net.sf.saxon.tree.wrapper.AbstractVirtualNode
18:07:28.607 [main] INFO org.evosuite.runtime.instrumentation.EvoClassLoader - Instrumenting class 'net.sf.saxon.tree.wrapper.AbstractVirtualNode'.
18:07:28.608 [main] INFO org.evosuite.runtime.instrumentation.MethodCallReplacementClassAdapter - Adding mock interface to class net/sf/saxon/tree/wrapper/AbstractVirtualNode
18:07:28.609 [main] INFO org.evosuite.runtime.instrumentation.CreateClassResetClassAdapter - Creating brand-new static initializer in class net/sf/saxon/tree/wrapper/AbstractVirtualNode
18:07:28.609 [main] INFO org.evosuite.runtime.instrumentation.EvoClassLoader - Seeing class for first time: net.sf.saxon.tree.wrapper.VirtualNode
18:07:28.609 [main] INFO org.evosuite.runtime.instrumentation.EvoClassLoader - Instrumenting class 'net.sf.saxon.tree.wrapper.VirtualNode'.
18:07:28.609 [main] INFO org.evosuite.runtime.instrumentation.EvoClassLoader - Keeping class: net.sf.saxon.tree.wrapper.VirtualNode
18:07:28.609 [main] INFO org.evosuite.runtime.instrumentation.EvoClassLoader - Keeping class: net.sf.saxon.tree.wrapper.AbstractVirtualNode
18:07:28.609 [main] INFO org.evosuite.runtime.instrumentation.EvoClassLoader - Keeping class: net.sf.saxon.om.DocumentInfo
18:07:28.609 [main] INFO org.evosuite.runtime.instrumentation.EvoClassLoader - Seeing class for first time: net.sf.saxon.tree.tiny.TreeStatistics
18:07:28.609 [main] INFO org.evosuite.runtime.instrumentation.EvoClassLoader - Instrumenting class 'net.sf.saxon.tree.tiny.TreeStatistics'.
18:07:28.610 [main] INFO org.evosuite.runtime.instrumentation.MethodCallReplacementClassAdapter - Adding mock interface to class net/sf/saxon/tree/tiny/TreeStatistics
18:07:28.610 [main] INFO org.evosuite.runtime.instrumentation.CreateClassResetClassAdapter - Creating brand-new static initializer in class net/sf/saxon/tree/tiny/TreeStatistics
18:07:28.610 [main] INFO org.evosuite.runtime.instrumentation.EvoClassLoader - Keeping class: net.sf.saxon.tree.tiny.TreeStatistics
18:07:28.610 [main] INFO org.evosuite.runtime.instrumentation.EvoClassLoader - Seeing class for first time: net.sf.saxon.lib.InvalidityReportGenerator
18:07:28.610 [main] INFO org.evosuite.runtime.instrumentation.EvoClassLoader - Instrumenting class 'net.sf.saxon.lib.InvalidityReportGenerator'.
18:07:28.610 [main] INFO org.evosuite.runtime.instrumentation.MethodCallReplacementClassAdapter - Adding mock interface to class net/sf/saxon/lib/InvalidityReportGenerator
18:07:28.610 [main] INFO org.evosuite.runtime.instrumentation.CreateClassResetClassAdapter - Creating brand-new static initializer in class net/sf/saxon/lib/InvalidityReportGenerator
18:07:28.610 [main] INFO org.evosuite.runtime.instrumentation.CreateClassResetClassAdapter - Adding bytecode for initializing field REPORT_NS
18:07:28.610 [main] INFO org.evosuite.runtime.instrumentation.EvoClassLoader - Seeing class for first time: net.sf.saxon.lib.StandardInvalidityHandler
18:07:28.610 [main] INFO org.evosuite.runtime.instrumentation.EvoClassLoader - Instrumenting class 'net.sf.saxon.lib.StandardInvalidityHandler'.
18:07:28.611 [main] INFO org.evosuite.runtime.instrumentation.MethodCallReplacementClassAdapter - Adding mock interface to class net/sf/saxon/lib/StandardInvalidityHandler
18:07:28.611 [main] INFO org.evosuite.runtime.instrumentation.CreateClassResetClassAdapter - Creating brand-new static initializer in class net/sf/saxon/lib/StandardInvalidityHandler
18:07:28.611 [main] INFO org.evosuite.runtime.instrumentation.EvoClassLoader - Seeing class for first time: net.sf.saxon.lib.InvalidityHandler
18:07:28.611 [main] INFO org.evosuite.runtime.instrumentation.EvoClassLoader - Instrumenting class 'net.sf.saxon.lib.InvalidityHandler'.
18:07:28.612 [main] INFO org.evosuite.runtime.instrumentation.EvoClassLoader - Keeping class: net.sf.saxon.lib.InvalidityHandler
18:07:28.612 [main] INFO org.evosuite.runtime.instrumentation.EvoClassLoader - Keeping class: net.sf.saxon.lib.StandardInvalidityHandler
18:07:28.612 [main] INFO org.evosuite.runtime.instrumentation.EvoClassLoader - Keeping class: net.sf.saxon.lib.InvalidityReportGenerator
18:07:28.612 [main] INFO org.evosuite.runtime.instrumentation.EvoClassLoader - Seeing class for first time: net.sf.saxon.trans.SimpleMode
18:07:28.612 [main] INFO org.evosuite.runtime.instrumentation.EvoClassLoader - Instrumenting class 'net.sf.saxon.trans.SimpleMode'.
18:07:28.613 [main] INFO org.evosuite.runtime.instrumentation.MethodCallReplacementClassAdapter - Adding mock interface to class net/sf/saxon/trans/SimpleMode
18:07:28.616 [main] INFO org.evosuite.runtime.instrumentation.CreateClassResetClassAdapter - Found static initializer in class net/sf/saxon/trans/SimpleMode
18:07:28.617 [main] INFO org.evosuite.runtime.instrumentation.EvoClassLoader - Keeping class: net.sf.saxon.trans.SimpleMode
18:07:28.617 [main] INFO org.evosuite.runtime.instrumentation.EvoClassLoader - Seeing class for first time: net.sf.saxon.expr.instruct.TemplateRule
18:07:28.617 [main] INFO org.evosuite.runtime.instrumentation.EvoClassLoader - Instrumenting class 'net.sf.saxon.expr.instruct.TemplateRule'.
18:07:28.617 [main] INFO org.evosuite.runtime.instrumentation.MethodCallReplacementClassAdapter - Adding mock interface to class net/sf/saxon/expr/instruct/TemplateRule
18:07:28.619 [main] INFO org.evosuite.runtime.instrumentation.CreateClassResetClassAdapter - Creating brand-new static initializer in class net/sf/saxon/expr/instruct/TemplateRule
18:07:28.619 [main] INFO org.evosuite.runtime.instrumentation.EvoClassLoader - Seeing class for first time: net.sf.saxon.trans.rules.RuleTarget
18:07:28.619 [main] INFO org.evosuite.runtime.instrumentation.EvoClassLoader - Instrumenting class 'net.sf.saxon.trans.rules.RuleTarget'.
18:07:28.620 [main] INFO org.evosuite.runtime.instrumentation.EvoClassLoader - Defined package (3): package net.sf.saxon.trans.rules, -497255454
18:07:28.620 [main] INFO org.evosuite.runtime.instrumentation.EvoClassLoader - Keeping class: net.sf.saxon.trans.rules.RuleTarget
18:07:28.620 [main] INFO org.evosuite.runtime.instrumentation.EvoClassLoader - Keeping class: net.sf.saxon.expr.instruct.TemplateRule
18:07:28.620 [main] INFO org.evosuite.runtime.instrumentation.EvoClassLoader - Seeing class for first time: net.sf.saxon.expr.XPathContextMajor$ThreadManager
18:07:28.620 [main] INFO org.evosuite.runtime.instrumentation.EvoClassLoader - Instrumenting class 'net.sf.saxon.expr.XPathContextMajor$ThreadManager'.
18:07:28.620 [main] INFO org.evosuite.runtime.instrumentation.MethodCallReplacementClassAdapter - Adding mock interface to class net/sf/saxon/expr/XPathContextMajor$ThreadManager
18:07:28.620 [main] INFO org.evosuite.runtime.instrumentation.CreateClassResetClassAdapter - Creating brand-new static initializer in class net/sf/saxon/expr/XPathContextMajor$ThreadManager
18:07:28.620 [main] INFO org.evosuite.runtime.instrumentation.EvoClassLoader - Keeping class: net.sf.saxon.expr.XPathContextMajor$ThreadManager
18:07:28.620 [main] INFO org.evosuite.runtime.instrumentation.EvoClassLoader - Seeing class for first time: net.sf.saxon.expr.parser.ICompilerService
18:07:28.620 [main] INFO org.evosuite.runtime.instrumentation.EvoClassLoader - Instrumenting class 'net.sf.saxon.expr.parser.ICompilerService'.
18:07:28.621 [main] INFO org.evosuite.runtime.instrumentation.EvoClassLoader - Keeping class: net.sf.saxon.expr.parser.ICompilerService
18:07:28.621 [main] INFO org.evosuite.runtime.instrumentation.EvoClassLoader - Seeing class for first time: net.sf.saxon.lib.StandardCollationURIResolver
18:07:28.621 [main] INFO org.evosuite.runtime.instrumentation.EvoClassLoader - Instrumenting class 'net.sf.saxon.lib.StandardCollationURIResolver'.
18:07:28.622 [main] INFO org.evosuite.runtime.instrumentation.MethodCallReplacementClassAdapter - Adding mock interface to class net/sf/saxon/lib/StandardCollationURIResolver
18:07:28.622 [main] INFO org.evosuite.runtime.instrumentation.CreateClassResetClassAdapter - Found static initializer in class net/sf/saxon/lib/StandardCollationURIResolver
18:07:28.622 [main] INFO org.evosuite.runtime.instrumentation.EvoClassLoader - Keeping class: net.sf.saxon.lib.StandardCollationURIResolver
18:07:28.622 [main] INFO org.evosuite.runtime.instrumentation.EvoClassLoader - Seeing class for first time: net.sf.saxon.resource.StandardCollectionFinder
18:07:28.622 [main] INFO org.evosuite.runtime.instrumentation.EvoClassLoader - Instrumenting class 'net.sf.saxon.resource.StandardCollectionFinder'.
18:07:28.623 [main] INFO org.evosuite.runtime.instrumentation.MethodCallReplacementClassAdapter - Adding mock interface to class net/sf/saxon/resource/StandardCollectionFinder
18:07:28.624 [main] INFO org.evosuite.runtime.instrumentation.CreateClassResetClassAdapter - Creating brand-new static initializer in class net/sf/saxon/resource/StandardCollectionFinder
18:07:28.624 [main] INFO org.evosuite.runtime.instrumentation.EvoClassLoader - Defined package (3): package net.sf.saxon.resource, 437557245
18:07:28.624 [main] INFO org.evosuite.runtime.instrumentation.EvoClassLoader - Keeping class: net.sf.saxon.resource.StandardCollectionFinder
18:07:28.624 [main] INFO org.evosuite.runtime.instrumentation.EvoClassLoader - Seeing class for first time: net.sf.saxon.lib.StandardEnvironmentVariableResolver
18:07:28.624 [main] INFO org.evosuite.runtime.instrumentation.EvoClassLoader - Instrumenting class 'net.sf.saxon.lib.StandardEnvironmentVariableResolver'.
18:07:28.624 [main] INFO org.evosuite.runtime.instrumentation.MethodCallReplacementClassAdapter - Adding mock interface to class net/sf/saxon/lib/StandardEnvironmentVariableResolver
18:07:28.624 [main] INFO org.evosuite.runtime.instrumentation.CreateClassResetClassAdapter - Creating brand-new static initializer in class net/sf/saxon/lib/StandardEnvironmentVariableResolver
18:07:28.625 [main] INFO org.evosuite.runtime.instrumentation.EvoClassLoader - Keeping class: net.sf.saxon.lib.StandardEnvironmentVariableResolver
18:07:28.625 [main] INFO org.evosuite.runtime.instrumentation.EvoClassLoader - Seeing class for first time: net.sf.saxon.om.TreeModel
18:07:28.625 [main] INFO org.evosuite.runtime.instrumentation.EvoClassLoader - Instrumenting class 'net.sf.saxon.om.TreeModel'.
18:07:28.625 [main] INFO org.evosuite.runtime.instrumentation.MethodCallReplacementClassAdapter - Adding mock interface to class net/sf/saxon/om/TreeModel
18:07:28.626 [main] INFO org.evosuite.runtime.instrumentation.CreateClassResetClassAdapter - Found static initializer in class net/sf/saxon/om/TreeModel
18:07:28.626 [main] INFO org.evosuite.runtime.instrumentation.EvoClassLoader - Keeping class: net.sf.saxon.om.TreeModel
18:07:28.626 [main] INFO org.evosuite.runtime.instrumentation.EvoClassLoader - Seeing class for first time: net.sf.saxon.lib.ValidationStatisticsRecipient
18:07:28.626 [main] INFO org.evosuite.runtime.instrumentation.EvoClassLoader - Instrumenting class 'net.sf.saxon.lib.ValidationStatisticsRecipient'.
18:07:28.626 [main] INFO org.evosuite.runtime.instrumentation.EvoClassLoader - Keeping class: net.sf.saxon.lib.ValidationStatisticsRecipient
18:07:28.626 [main] INFO org.evosuite.runtime.instrumentation.EvoClassLoader - Seeing class for first time: net.sf.saxon.trans.Maker
18:07:28.626 [main] INFO org.evosuite.runtime.instrumentation.EvoClassLoader - Instrumenting class 'net.sf.saxon.trans.Maker'.
18:07:28.627 [main] INFO org.evosuite.runtime.instrumentation.EvoClassLoader - Keeping class: net.sf.saxon.trans.Maker
18:07:28.627 [main] INFO org.evosuite.runtime.instrumentation.EvoClassLoader - Seeing class for first time: net.sf.saxon.type.ValidationParams
18:07:28.627 [main] INFO org.evosuite.runtime.instrumentation.EvoClassLoader - Instrumenting class 'net.sf.saxon.type.ValidationParams'.
18:07:28.627 [main] INFO org.evosuite.runtime.instrumentation.MethodCallReplacementClassAdapter - Adding mock interface to class net/sf/saxon/type/ValidationParams
18:07:28.627 [main] INFO org.evosuite.runtime.instrumentation.CreateClassResetClassAdapter - Creating brand-new static initializer in class net/sf/saxon/type/ValidationParams
18:07:28.627 [main] INFO org.evosuite.runtime.instrumentation.EvoClassLoader - Keeping class: net.sf.saxon.type.ValidationParams
18:07:28.628 [main] INFO org.evosuite.runtime.instrumentation.EvoClassLoader - Seeing class for first time: net.sf.saxon.trans.packages.PackageLibrary
18:07:28.628 [main] INFO org.evosuite.runtime.instrumentation.EvoClassLoader - Instrumenting class 'net.sf.saxon.trans.packages.PackageLibrary'.
18:07:28.628 [main] INFO org.evosuite.runtime.instrumentation.MethodCallReplacementClassAdapter - Adding mock interface to class net/sf/saxon/trans/packages/PackageLibrary
18:07:28.630 [main] INFO org.evosuite.runtime.instrumentation.CreateClassResetClassAdapter - Found static initializer in class net/sf/saxon/trans/packages/PackageLibrary
18:07:28.630 [main] INFO org.evosuite.runtime.instrumentation.EvoClassLoader - Keeping class: net.sf.saxon.trans.packages.PackageLibrary
18:07:28.630 [main] INFO org.evosuite.runtime.instrumentation.EvoClassLoader - Seeing class for first time: net.sf.saxon.expr.instruct.GlobalParameterSet
18:07:28.630 [main] INFO org.evosuite.runtime.instrumentation.EvoClassLoader - Instrumenting class 'net.sf.saxon.expr.instruct.GlobalParameterSet'.
18:07:28.630 [main] INFO org.evosuite.runtime.instrumentation.MethodCallReplacementClassAdapter - Adding mock interface to class net/sf/saxon/expr/instruct/GlobalParameterSet
18:07:28.631 [main] INFO org.evosuite.runtime.instrumentation.CreateClassResetClassAdapter - Creating brand-new static initializer in class net/sf/saxon/expr/instruct/GlobalParameterSet
18:07:28.631 [main] INFO org.evosuite.runtime.instrumentation.EvoClassLoader - Keeping class: net.sf.saxon.expr.instruct.GlobalParameterSet
18:07:28.631 [main] INFO org.evosuite.runtime.instrumentation.EvoClassLoader - Seeing class for first time: net.sf.saxon.lib.StandardOutputResolver
18:07:28.631 [main] INFO org.evosuite.runtime.instrumentation.EvoClassLoader - Instrumenting class 'net.sf.saxon.lib.StandardOutputResolver'.
18:07:28.632 [main] INFO org.evosuite.runtime.instrumentation.MethodCallReplacementClassAdapter - Adding mock interface to class net/sf/saxon/lib/StandardOutputResolver
18:07:28.633 [main] INFO org.evosuite.runtime.instrumentation.CreateClassResetClassAdapter - Found static initializer in class net/sf/saxon/lib/StandardOutputResolver
18:07:28.634 [main] INFO org.evosuite.runtime.instrumentation.EvoClassLoader - Keeping class: net.sf.saxon.lib.StandardOutputResolver
18:07:28.635 [main] INFO org.evosuite.runtime.instrumentation.EvoClassLoader - Seeing class for first time: net.sf.saxon.trans.packages.PackageDetails
18:07:28.635 [main] INFO org.evosuite.runtime.instrumentation.EvoClassLoader - Instrumenting class 'net.sf.saxon.trans.packages.PackageDetails'.
18:07:28.636 [main] INFO org.evosuite.runtime.instrumentation.MethodCallReplacementClassAdapter - Adding mock interface to class net/sf/saxon/trans/packages/PackageDetails
18:07:28.636 [main] INFO org.evosuite.runtime.instrumentation.CreateClassResetClassAdapter - Creating brand-new static initializer in class net/sf/saxon/trans/packages/PackageDetails
18:07:28.636 [main] INFO org.evosuite.runtime.instrumentation.EvoClassLoader - Keeping class: net.sf.saxon.trans.packages.PackageDetails
18:07:28.636 [main] INFO org.evosuite.runtime.instrumentation.EvoClassLoader - Seeing class for first time: net.sf.saxon.style.PackageVersionRanges
18:07:28.636 [main] INFO org.evosuite.runtime.instrumentation.EvoClassLoader - Instrumenting class 'net.sf.saxon.style.PackageVersionRanges'.
18:07:28.637 [main] INFO org.evosuite.runtime.instrumentation.MethodCallReplacementClassAdapter - Adding mock interface to class net/sf/saxon/style/PackageVersionRanges
18:07:28.637 [main] INFO org.evosuite.runtime.instrumentation.CreateClassResetClassAdapter - Creating brand-new static initializer in class net/sf/saxon/style/PackageVersionRanges
18:07:28.637 [main] INFO org.evosuite.runtime.instrumentation.EvoClassLoader - Keeping class: net.sf.saxon.style.PackageVersionRanges
18:07:28.638 [main] INFO org.evosuite.runtime.instrumentation.EvoClassLoader - Seeing class for first time: net.sf.saxon.trans.KeyManager
18:07:28.638 [main] INFO org.evosuite.runtime.instrumentation.EvoClassLoader - Instrumenting class 'net.sf.saxon.trans.KeyManager'.
18:07:28.639 [main] INFO org.evosuite.runtime.instrumentation.MethodCallReplacementClassAdapter - Adding mock interface to class net/sf/saxon/trans/KeyManager
18:07:28.644 [main] INFO org.evosuite.runtime.instrumentation.CreateClassResetClassAdapter - Creating brand-new static initializer in class net/sf/saxon/trans/KeyManager
18:07:28.645 [main] INFO org.evosuite.runtime.instrumentation.EvoClassLoader - Keeping class: net.sf.saxon.trans.KeyManager
18:07:28.646 [main] INFO org.evosuite.runtime.instrumentation.EvoClassLoader - Seeing class for first time: net.sf.saxon.om.DocumentURI
18:07:28.646 [main] INFO org.evosuite.runtime.instrumentation.EvoClassLoader - Instrumenting class 'net.sf.saxon.om.DocumentURI'.
18:07:28.646 [main] INFO org.evosuite.runtime.instrumentation.MethodCallReplacementClassAdapter - Adding mock interface to class net/sf/saxon/om/DocumentURI
18:07:28.648 [main] INFO org.evosuite.runtime.instrumentation.CreateClassResetClassAdapter - Found static initializer in class net/sf/saxon/om/DocumentURI
18:07:28.649 [main] INFO org.evosuite.runtime.instrumentation.EvoClassLoader - Keeping class: net.sf.saxon.om.DocumentURI
18:07:28.649 [main] INFO org.evosuite.runtime.instrumentation.EvoClassLoader - Seeing class for first time: net.sf.saxon.functions.IntegratedFunctionCall
18:07:28.649 [main] INFO org.evosuite.runtime.instrumentation.EvoClassLoader - Instrumenting class 'net.sf.saxon.functions.IntegratedFunctionCall'.
18:07:28.650 [main] INFO org.evosuite.runtime.instrumentation.MethodCallReplacementClassAdapter - Adding mock interface to class net/sf/saxon/functions/IntegratedFunctionCall
18:07:28.652 [main] INFO org.evosuite.runtime.instrumentation.CreateClassResetClassAdapter - Creating brand-new static initializer in class net/sf/saxon/functions/IntegratedFunctionCall
18:07:28.653 [main] INFO org.evosuite.runtime.instrumentation.EvoClassLoader - Keeping class: net.sf.saxon.functions.IntegratedFunctionCall
18:07:28.653 [main] INFO org.evosuite.runtime.instrumentation.EvoClassLoader - Seeing class for first time: net.sf.saxon.trans.SymbolicName$F
18:07:28.653 [main] INFO org.evosuite.runtime.instrumentation.EvoClassLoader - Instrumenting class 'net.sf.saxon.trans.SymbolicName$F'.
18:07:28.653 [main] INFO org.evosuite.runtime.instrumentation.MethodCallReplacementClassAdapter - Adding mock interface to class net/sf/saxon/trans/SymbolicName$F
18:07:28.654 [main] INFO org.evosuite.runtime.instrumentation.CreateClassResetClassAdapter - Creating brand-new static initializer in class net/sf/saxon/trans/SymbolicName$F
18:07:28.654 [main] INFO org.evosuite.runtime.instrumentation.EvoClassLoader - Seeing class for first time: net.sf.saxon.trans.SymbolicName
18:07:28.654 [main] INFO org.evosuite.runtime.instrumentation.EvoClassLoader - Instrumenting class 'net.sf.saxon.trans.SymbolicName'.
18:07:28.654 [main] INFO org.evosuite.runtime.instrumentation.MethodCallReplacementClassAdapter - Adding mock interface to class net/sf/saxon/trans/SymbolicName
18:07:28.655 [main] INFO org.evosuite.runtime.instrumentation.CreateClassResetClassAdapter - Creating brand-new static initializer in class net/sf/saxon/trans/SymbolicName
18:07:28.655 [main] INFO org.evosuite.runtime.instrumentation.EvoClassLoader - Keeping class: net.sf.saxon.trans.SymbolicName
18:07:28.655 [main] INFO org.evosuite.runtime.instrumentation.EvoClassLoader - Keeping class: net.sf.saxon.trans.SymbolicName$F
18:07:28.656 [main] INFO org.evosuite.runtime.instrumentation.EvoClassLoader - Seeing class for first time: net.sf.saxon.om.NamePool$NamePoolLimitException
18:07:28.656 [main] INFO org.evosuite.runtime.instrumentation.EvoClassLoader - Instrumenting class 'net.sf.saxon.om.NamePool$NamePoolLimitException'.
18:07:28.657 [main] INFO org.evosuite.runtime.instrumentation.MethodCallReplacementClassAdapter - Adding mock interface to class net/sf/saxon/om/NamePool$NamePoolLimitException
18:07:28.657 [main] INFO org.evosuite.runtime.instrumentation.CreateClassResetClassAdapter - Creating brand-new static initializer in class net/sf/saxon/om/NamePool$NamePoolLimitException
18:07:28.658 [main] INFO org.evosuite.runtime.instrumentation.EvoClassLoader - Keeping class: net.sf.saxon.om.NamePool$NamePoolLimitException
18:07:28.658 [main] INFO org.evosuite.runtime.instrumentation.EvoClassLoader - Seeing class for first time: net.sf.saxon.event.SequenceReceiver
18:07:28.658 [main] INFO org.evosuite.runtime.instrumentation.EvoClassLoader - Instrumenting class 'net.sf.saxon.event.SequenceReceiver'.
18:07:28.659 [main] INFO org.evosuite.runtime.instrumentation.MethodCallReplacementClassAdapter - Adding mock interface to class net/sf/saxon/event/SequenceReceiver
18:07:28.660 [main] INFO org.evosuite.runtime.instrumentation.CreateClassResetClassAdapter - Creating brand-new static initializer in class net/sf/saxon/event/SequenceReceiver
18:07:28.661 [main] INFO org.evosuite.runtime.instrumentation.EvoClassLoader - Keeping class: net.sf.saxon.event.SequenceReceiver
18:07:28.661 [main] INFO org.evosuite.runtime.instrumentation.EvoClassLoader - Seeing class for first time: net.sf.saxon.event.SequenceNormalizer
18:07:28.661 [main] INFO org.evosuite.runtime.instrumentation.EvoClassLoader - Instrumenting class 'net.sf.saxon.event.SequenceNormalizer'.
18:07:28.661 [main] INFO org.evosuite.runtime.instrumentation.MethodCallReplacementClassAdapter - Adding mock interface to class net/sf/saxon/event/SequenceNormalizer
18:07:28.662 [main] INFO org.evosuite.runtime.instrumentation.CreateClassResetClassAdapter - Creating brand-new static initializer in class net/sf/saxon/event/SequenceNormalizer
18:07:28.662 [main] INFO org.evosuite.runtime.instrumentation.EvoClassLoader - Seeing class for first time: net.sf.saxon.event.ProxyReceiver
18:07:28.663 [main] INFO org.evosuite.runtime.instrumentation.EvoClassLoader - Instrumenting class 'net.sf.saxon.event.ProxyReceiver'.
18:07:28.663 [main] INFO org.evosuite.runtime.instrumentation.MethodCallReplacementClassAdapter - Adding mock interface to class net/sf/saxon/event/ProxyReceiver
18:07:28.664 [main] INFO org.evosuite.runtime.instrumentation.CreateClassResetClassAdapter - Creating brand-new static initializer in class net/sf/saxon/event/ProxyReceiver
18:07:28.664 [main] INFO org.evosuite.runtime.instrumentation.EvoClassLoader - Keeping class: net.sf.saxon.event.ProxyReceiver
18:07:28.664 [main] INFO org.evosuite.runtime.instrumentation.EvoClassLoader - Keeping class: net.sf.saxon.event.SequenceNormalizer
18:07:28.664 [main] INFO org.evosuite.runtime.instrumentation.EvoClassLoader - Seeing class for first time: net.sf.saxon.serialize.Emitter
18:07:28.664 [main] INFO org.evosuite.runtime.instrumentation.EvoClassLoader - Instrumenting class 'net.sf.saxon.serialize.Emitter'.
18:07:28.665 [main] INFO org.evosuite.runtime.instrumentation.MethodCallReplacementClassAdapter - Adding mock interface to class net/sf/saxon/serialize/Emitter
18:07:28.670 [main] INFO org.evosuite.runtime.instrumentation.CreateClassResetClassAdapter - Creating brand-new static initializer in class net/sf/saxon/serialize/Emitter
18:07:28.671 [main] INFO org.evosuite.runtime.instrumentation.EvoClassLoader - Seeing class for first time: net.sf.saxon.event.ReceiverWithOutputProperties
18:07:28.671 [main] INFO org.evosuite.runtime.instrumentation.EvoClassLoader - Instrumenting class 'net.sf.saxon.event.ReceiverWithOutputProperties'.
18:07:28.672 [main] INFO org.evosuite.runtime.instrumentation.EvoClassLoader - Keeping class: net.sf.saxon.event.ReceiverWithOutputProperties
18:07:28.672 [main] INFO org.evosuite.runtime.instrumentation.EvoClassLoader - Keeping class: net.sf.saxon.serialize.Emitter
18:07:28.672 [main] INFO org.evosuite.runtime.instrumentation.EvoClassLoader - Seeing class for first time: net.sf.saxon.serialize.TEXTEmitter
18:07:28.672 [main] INFO org.evosuite.runtime.instrumentation.EvoClassLoader - Instrumenting class 'net.sf.saxon.serialize.TEXTEmitter'.
18:07:28.672 [main] INFO org.evosuite.runtime.instrumentation.MethodCallReplacementClassAdapter - Adding mock interface to class net/sf/saxon/serialize/TEXTEmitter
18:07:28.673 [main] INFO org.evosuite.runtime.instrumentation.CreateClassResetClassAdapter - Creating brand-new static initializer in class net/sf/saxon/serialize/TEXTEmitter
18:07:28.673 [main] INFO org.evosuite.runtime.instrumentation.EvoClassLoader - Seeing class for first time: net.sf.saxon.serialize.XMLEmitter
18:07:28.673 [main] INFO org.evosuite.runtime.instrumentation.EvoClassLoader - Instrumenting class 'net.sf.saxon.serialize.XMLEmitter'.
18:07:28.674 [main] INFO org.evosuite.runtime.instrumentation.MethodCallReplacementClassAdapter - Adding mock interface to class net/sf/saxon/serialize/XMLEmitter
18:07:28.676 [main] INFO org.evosuite.runtime.instrumentation.CreateClassResetClassAdapter - Found static initializer in class net/sf/saxon/serialize/XMLEmitter
18:07:28.677 [main] INFO org.evosuite.runtime.instrumentation.EvoClassLoader - Keeping class: net.sf.saxon.serialize.XMLEmitter
18:07:28.677 [main] INFO org.evosuite.runtime.instrumentation.EvoClassLoader - Keeping class: net.sf.saxon.serialize.TEXTEmitter
18:07:28.677 [main] INFO org.evosuite.runtime.instrumentation.EvoClassLoader - Seeing class for first time: net.sf.saxon.serialize.HTMLEmitter
18:07:28.677 [main] INFO org.evosuite.runtime.instrumentation.EvoClassLoader - Instrumenting class 'net.sf.saxon.serialize.HTMLEmitter'.
18:07:28.678 [main] INFO org.evosuite.runtime.instrumentation.MethodCallReplacementClassAdapter - Adding mock interface to class net/sf/saxon/serialize/HTMLEmitter
18:07:28.679 [main] INFO org.evosuite.runtime.instrumentation.CreateClassResetClassAdapter - Found static initializer in class net/sf/saxon/serialize/HTMLEmitter
18:07:28.680 [main] INFO org.evosuite.runtime.instrumentation.EvoClassLoader - Keeping class: net.sf.saxon.serialize.HTMLEmitter
18:07:28.680 [main] INFO org.evosuite.runtime.instrumentation.EvoClassLoader - Seeing class for first time: net.sf.saxon.serialize.HTML50Emitter
18:07:28.680 [main] INFO org.evosuite.runtime.instrumentation.EvoClassLoader - Instrumenting class 'net.sf.saxon.serialize.HTML50Emitter'.
18:07:28.681 [main] INFO org.evosuite.runtime.instrumentation.MethodCallReplacementClassAdapter - Adding mock interface to class net/sf/saxon/serialize/HTML50Emitter
18:07:28.681 [main] INFO org.evosuite.runtime.instrumentation.CreateClassResetClassAdapter - Found static initializer in class net/sf/saxon/serialize/HTML50Emitter
18:07:28.682 [main] INFO org.evosuite.runtime.instrumentation.EvoClassLoader - Keeping class: net.sf.saxon.serialize.HTML50Emitter
18:07:28.682 [main] INFO org.evosuite.runtime.instrumentation.EvoClassLoader - Seeing class for first time: net.sf.saxon.serialize.HTML40Emitter
18:07:28.682 [main] INFO org.evosuite.runtime.instrumentation.EvoClassLoader - Instrumenting class 'net.sf.saxon.serialize.HTML40Emitter'.
18:07:28.682 [main] INFO org.evosuite.runtime.instrumentation.MethodCallReplacementClassAdapter - Adding mock interface to class net/sf/saxon/serialize/HTML40Emitter
18:07:28.683 [main] INFO org.evosuite.runtime.instrumentation.CreateClassResetClassAdapter - Found static initializer in class net/sf/saxon/serialize/HTML40Emitter
18:07:28.683 [main] INFO org.evosuite.runtime.instrumentation.EvoClassLoader - Keeping class: net.sf.saxon.serialize.HTML40Emitter
18:07:28.683 [main] INFO org.evosuite.runtime.instrumentation.EvoClassLoader - Seeing class for first time: net.sf.saxon.serialize.XHTML5Emitter
18:07:28.683 [main] INFO org.evosuite.runtime.instrumentation.EvoClassLoader - Instrumenting class 'net.sf.saxon.serialize.XHTML5Emitter'.
18:07:28.684 [main] INFO org.evosuite.runtime.instrumentation.MethodCallReplacementClassAdapter - Adding mock interface to class net/sf/saxon/serialize/XHTML5Emitter
18:07:28.684 [main] INFO org.evosuite.runtime.instrumentation.CreateClassResetClassAdapter - Found static initializer in class net/sf/saxon/serialize/XHTML5Emitter
18:07:28.684 [main] INFO org.evosuite.runtime.instrumentation.EvoClassLoader - Keeping class: net.sf.saxon.serialize.XHTML5Emitter
18:07:28.684 [main] INFO org.evosuite.runtime.instrumentation.EvoClassLoader - Seeing class for first time: net.sf.saxon.serialize.XHTML1Emitter
18:07:28.684 [main] INFO org.evosuite.runtime.instrumentation.EvoClassLoader - Instrumenting class 'net.sf.saxon.serialize.XHTML1Emitter'.
18:07:28.685 [main] INFO org.evosuite.runtime.instrumentation.MethodCallReplacementClassAdapter - Adding mock interface to class net/sf/saxon/serialize/XHTML1Emitter
18:07:28.685 [main] INFO org.evosuite.runtime.instrumentation.CreateClassResetClassAdapter - Found static initializer in class net/sf/saxon/serialize/XHTML1Emitter
18:07:28.685 [main] INFO org.evosuite.runtime.instrumentation.EvoClassLoader - Keeping class: net.sf.saxon.serialize.XHTML1Emitter
18:07:28.685 [main] INFO org.evosuite.runtime.instrumentation.EvoClassLoader - Seeing class for first time: net.sf.saxon.serialize.JSONSerializer
18:07:28.685 [main] INFO org.evosuite.runtime.instrumentation.EvoClassLoader - Instrumenting class 'net.sf.saxon.serialize.JSONSerializer'.
18:07:28.686 [main] INFO org.evosuite.runtime.instrumentation.MethodCallReplacementClassAdapter - Adding mock interface to class net/sf/saxon/serialize/JSONSerializer
18:07:28.686 [main] INFO org.evosuite.runtime.instrumentation.CreateClassResetClassAdapter - Creating brand-new static initializer in class net/sf/saxon/serialize/JSONSerializer
18:07:28.686 [main] INFO org.evosuite.runtime.instrumentation.EvoClassLoader - Seeing class for first time: net.sf.saxon.event.SequenceWriter
18:07:28.686 [main] INFO org.evosuite.runtime.instrumentation.EvoClassLoader - Instrumenting class 'net.sf.saxon.event.SequenceWriter'.
18:07:28.687 [main] INFO org.evosuite.runtime.instrumentation.MethodCallReplacementClassAdapter - Adding mock interface to class net/sf/saxon/event/SequenceWriter
18:07:28.688 [main] INFO org.evosuite.runtime.instrumentation.CreateClassResetClassAdapter - Creating brand-new static initializer in class net/sf/saxon/event/SequenceWriter
18:07:28.688 [main] INFO org.evosuite.runtime.instrumentation.EvoClassLoader - Keeping class: net.sf.saxon.event.SequenceWriter
18:07:28.688 [main] INFO org.evosuite.runtime.instrumentation.EvoClassLoader - Keeping class: net.sf.saxon.serialize.JSONSerializer
18:07:28.688 [main] INFO org.evosuite.runtime.instrumentation.EvoClassLoader - Seeing class for first time: net.sf.saxon.serialize.AdaptiveEmitter
18:07:28.688 [main] INFO org.evosuite.runtime.instrumentation.EvoClassLoader - Instrumenting class 'net.sf.saxon.serialize.AdaptiveEmitter'.
18:07:28.689 [main] INFO org.evosuite.runtime.instrumentation.MethodCallReplacementClassAdapter - Adding mock interface to class net/sf/saxon/serialize/AdaptiveEmitter
18:07:28.690 [main] INFO org.evosuite.runtime.instrumentation.CreateClassResetClassAdapter - Creating brand-new static initializer in class net/sf/saxon/serialize/AdaptiveEmitter
18:07:28.691 [main] INFO org.evosuite.runtime.instrumentation.EvoClassLoader - Keeping class: net.sf.saxon.serialize.AdaptiveEmitter
18:07:28.691 [main] INFO org.evosuite.runtime.instrumentation.EvoClassLoader - Seeing class for first time: net.sf.saxon.serialize.HTMLURIEscaper
18:07:28.691 [main] INFO org.evosuite.runtime.instrumentation.EvoClassLoader - Instrumenting class 'net.sf.saxon.serialize.HTMLURIEscaper'.
18:07:28.692 [main] INFO org.evosuite.runtime.instrumentation.MethodCallReplacementClassAdapter - Adding mock interface to class net/sf/saxon/serialize/HTMLURIEscaper
18:07:28.693 [main] INFO org.evosuite.runtime.instrumentation.CreateClassResetClassAdapter - Found static initializer in class net/sf/saxon/serialize/HTMLURIEscaper
18:07:28.693 [main] INFO org.evosuite.runtime.instrumentation.EvoClassLoader - Keeping class: net.sf.saxon.serialize.HTMLURIEscaper
18:07:28.694 [main] INFO org.evosuite.runtime.instrumentation.EvoClassLoader - Seeing class for first time: net.sf.saxon.serialize.HTMLIndenter
18:07:28.694 [main] INFO org.evosuite.runtime.instrumentation.EvoClassLoader - Instrumenting class 'net.sf.saxon.serialize.HTMLIndenter'.
18:07:28.695 [main] INFO org.evosuite.runtime.instrumentation.MethodCallReplacementClassAdapter - Adding mock interface to class net/sf/saxon/serialize/HTMLIndenter
18:07:28.696 [main] INFO org.evosuite.runtime.instrumentation.CreateClassResetClassAdapter - Found static initializer in class net/sf/saxon/serialize/HTMLIndenter
18:07:28.697 [main] INFO org.evosuite.runtime.instrumentation.EvoClassLoader - Keeping class: net.sf.saxon.serialize.HTMLIndenter
18:07:28.697 [main] INFO org.evosuite.runtime.instrumentation.EvoClassLoader - Seeing class for first time: net.sf.saxon.serialize.XHTMLURIEscaper
18:07:28.697 [main] INFO org.evosuite.runtime.instrumentation.EvoClassLoader - Instrumenting class 'net.sf.saxon.serialize.XHTMLURIEscaper'.
18:07:28.698 [main] INFO org.evosuite.runtime.instrumentation.MethodCallReplacementClassAdapter - Adding mock interface to class net/sf/saxon/serialize/XHTMLURIEscaper
18:07:28.698 [main] INFO org.evosuite.runtime.instrumentation.CreateClassResetClassAdapter - Found static initializer in class net/sf/saxon/serialize/XHTMLURIEscaper
18:07:28.699 [main] INFO org.evosuite.runtime.instrumentation.EvoClassLoader - Keeping class: net.sf.saxon.serialize.XHTMLURIEscaper
18:07:28.699 [main] INFO org.evosuite.runtime.instrumentation.EvoClassLoader - Seeing class for first time: net.sf.saxon.serialize.XMLIndenter
18:07:28.699 [main] INFO org.evosuite.runtime.instrumentation.EvoClassLoader - Instrumenting class 'net.sf.saxon.serialize.XMLIndenter'.
18:07:28.700 [main] INFO org.evosuite.runtime.instrumentation.MethodCallReplacementClassAdapter - Adding mock interface to class net/sf/saxon/serialize/XMLIndenter
18:07:28.700 [main] INFO org.evosuite.runtime.instrumentation.CreateClassResetClassAdapter - Creating brand-new static initializer in class net/sf/saxon/serialize/XMLIndenter
18:07:28.700 [main] INFO org.evosuite.runtime.instrumentation.EvoClassLoader - Keeping class: net.sf.saxon.serialize.XMLIndenter
18:07:28.701 [main] INFO org.evosuite.runtime.instrumentation.EvoClassLoader - Seeing class for first time: net.sf.saxon.event.TreeReceiver
18:07:28.701 [main] INFO org.evosuite.runtime.instrumentation.EvoClassLoader - Instrumenting class 'net.sf.saxon.event.TreeReceiver'.
18:07:28.701 [main] INFO org.evosuite.runtime.instrumentation.MethodCallReplacementClassAdapter - Adding mock interface to class net/sf/saxon/event/TreeReceiver
18:07:28.702 [main] INFO org.evosuite.runtime.instrumentation.CreateClassResetClassAdapter - Creating brand-new static initializer in class net/sf/saxon/event/TreeReceiver
18:07:28.702 [main] INFO org.evosuite.runtime.instrumentation.EvoClassLoader - Keeping class: net.sf.saxon.event.TreeReceiver
18:07:28.702 [main] INFO org.evosuite.runtime.instrumentation.EvoClassLoader - Seeing class for first time: net.sf.saxon.event.SequenceNormalizerWithSpaceSeparator
18:07:28.702 [main] INFO org.evosuite.runtime.instrumentation.EvoClassLoader - Instrumenting class 'net.sf.saxon.event.SequenceNormalizerWithSpaceSeparator'.
18:07:28.702 [main] INFO org.evosuite.runtime.instrumentation.MethodCallReplacementClassAdapter - Adding mock interface to class net/sf/saxon/event/SequenceNormalizerWithSpaceSeparator
18:07:28.703 [main] INFO org.evosuite.runtime.instrumentation.CreateClassResetClassAdapter - Creating brand-new static initializer in class net/sf/saxon/event/SequenceNormalizerWithSpaceSeparator
18:07:28.703 [main] INFO org.evosuite.runtime.instrumentation.EvoClassLoader - Keeping class: net.sf.saxon.event.SequenceNormalizerWithSpaceSeparator
18:07:28.703 [main] INFO org.evosuite.runtime.instrumentation.EvoClassLoader - Seeing class for first time: net.sf.saxon.event.SequenceNormalizerWithItemSeparator
18:07:28.703 [main] INFO org.evosuite.runtime.instrumentation.EvoClassLoader - Instrumenting class 'net.sf.saxon.event.SequenceNormalizerWithItemSeparator'.
18:07:28.703 [main] INFO org.evosuite.runtime.instrumentation.MethodCallReplacementClassAdapter - Adding mock interface to class net/sf/saxon/event/SequenceNormalizerWithItemSeparator
18:07:28.703 [main] INFO org.evosuite.runtime.instrumentation.CreateClassResetClassAdapter - Creating brand-new static initializer in class net/sf/saxon/event/SequenceNormalizerWithItemSeparator
18:07:28.703 [main] INFO org.evosuite.runtime.instrumentation.EvoClassLoader - Keeping class: net.sf.saxon.event.SequenceNormalizerWithItemSeparator
18:07:28.703 [main] INFO org.evosuite.runtime.instrumentation.EvoClassLoader - Seeing class for first time: net.sf.saxon.lib.StAXResultHandler
18:07:28.703 [main] INFO org.evosuite.runtime.instrumentation.EvoClassLoader - Instrumenting class 'net.sf.saxon.lib.StAXResultHandler'.
18:07:28.703 [main] INFO org.evosuite.runtime.instrumentation.EvoClassLoader - Keeping class: net.sf.saxon.lib.StAXResultHandler
18:07:28.704 [main] INFO org.evosuite.runtime.instrumentation.EvoClassLoader - Seeing class for first time: net.sf.saxon.serialize.UnicodeNormalizer
18:07:28.704 [main] INFO org.evosuite.runtime.instrumentation.EvoClassLoader - Instrumenting class 'net.sf.saxon.serialize.UnicodeNormalizer'.
18:07:28.704 [main] INFO org.evosuite.runtime.instrumentation.MethodCallReplacementClassAdapter - Adding mock interface to class net/sf/saxon/serialize/UnicodeNormalizer
18:07:28.704 [main] INFO org.evosuite.runtime.instrumentation.CreateClassResetClassAdapter - Creating brand-new static initializer in class net/sf/saxon/serialize/UnicodeNormalizer
18:07:28.704 [main] INFO org.evosuite.runtime.instrumentation.EvoClassLoader - Keeping class: net.sf.saxon.serialize.UnicodeNormalizer
18:07:28.704 [main] INFO org.evosuite.runtime.instrumentation.EvoClassLoader - Seeing class for first time: net.sf.saxon.serialize.CDATAFilter
18:07:28.704 [main] INFO org.evosuite.runtime.instrumentation.EvoClassLoader - Instrumenting class 'net.sf.saxon.serialize.CDATAFilter'.
18:07:28.705 [main] INFO org.evosuite.runtime.instrumentation.MethodCallReplacementClassAdapter - Adding mock interface to class net/sf/saxon/serialize/CDATAFilter
18:07:28.705 [main] INFO org.evosuite.runtime.instrumentation.CreateClassResetClassAdapter - Creating brand-new static initializer in class net/sf/saxon/serialize/CDATAFilter
18:07:28.706 [main] INFO org.evosuite.runtime.instrumentation.EvoClassLoader - Keeping class: net.sf.saxon.serialize.CDATAFilter
18:07:28.706 [main] INFO org.evosuite.runtime.instrumentation.EvoClassLoader - Seeing class for first time: net.sf.saxon.serialize.XML10ContentChecker
18:07:28.706 [main] INFO org.evosuite.runtime.instrumentation.EvoClassLoader - Instrumenting class 'net.sf.saxon.serialize.XML10ContentChecker'.
18:07:28.706 [main] INFO org.evosuite.runtime.instrumentation.MethodCallReplacementClassAdapter - Adding mock interface to class net/sf/saxon/serialize/XML10ContentChecker
18:07:28.707 [main] INFO org.evosuite.runtime.instrumentation.CreateClassResetClassAdapter - Creating brand-new static initializer in class net/sf/saxon/serialize/XML10ContentChecker
18:07:28.708 [main] INFO org.evosuite.runtime.instrumentation.EvoClassLoader - Keeping class: net.sf.saxon.serialize.XML10ContentChecker
18:07:28.710 [main] INFO org.evosuite.runtime.instrumentation.EvoClassLoader - Seeing class for first time: net.sf.saxon.event.StreamWriterToReceiver
18:07:28.710 [main] INFO org.evosuite.runtime.instrumentation.EvoClassLoader - Instrumenting class 'net.sf.saxon.event.StreamWriterToReceiver'.
18:07:28.714 [main] INFO org.evosuite.runtime.instrumentation.MethodCallReplacementClassAdapter - Adding mock interface to class net/sf/saxon/event/StreamWriterToReceiver
18:07:28.722 [main] INFO org.evosuite.runtime.instrumentation.CreateClassResetClassAdapter - Found static initializer in class net/sf/saxon/event/StreamWriterToReceiver
18:07:28.725 [main] INFO org.evosuite.runtime.instrumentation.EvoClassLoader - Keeping class: net.sf.saxon.event.StreamWriterToReceiver
18:07:28.725 [main] INFO org.evosuite.runtime.instrumentation.EvoClassLoader - Seeing class for first time: net.sf.saxon.serialize.UncommittedSerializer
18:07:28.725 [main] INFO org.evosuite.runtime.instrumentation.EvoClassLoader - Instrumenting class 'net.sf.saxon.serialize.UncommittedSerializer'.
18:07:28.726 [main] INFO org.evosuite.runtime.instrumentation.MethodCallReplacementClassAdapter - Adding mock interface to class net/sf/saxon/serialize/UncommittedSerializer
18:07:28.726 [main] INFO org.evosuite.runtime.instrumentation.CreateClassResetClassAdapter - Creating brand-new static initializer in class net/sf/saxon/serialize/UncommittedSerializer
18:07:28.727 [main] INFO org.evosuite.runtime.instrumentation.EvoClassLoader - Keeping class: net.sf.saxon.serialize.UncommittedSerializer
18:07:28.727 [main] INFO org.evosuite.runtime.instrumentation.EvoClassLoader - Seeing class for first time: net.sf.saxon.serialize.CharacterMapIndex
18:07:28.727 [main] INFO org.evosuite.runtime.instrumentation.EvoClassLoader - Instrumenting class 'net.sf.saxon.serialize.CharacterMapIndex'.
18:07:28.728 [main] INFO org.evosuite.runtime.instrumentation.MethodCallReplacementClassAdapter - Adding mock interface to class net/sf/saxon/serialize/CharacterMapIndex
18:07:28.728 [main] INFO org.evosuite.runtime.instrumentation.CreateClassResetClassAdapter - Creating brand-new static initializer in class net/sf/saxon/serialize/CharacterMapIndex
18:07:28.729 [main] INFO org.evosuite.runtime.instrumentation.EvoClassLoader - Keeping class: net.sf.saxon.serialize.CharacterMapIndex
18:07:28.729 [main] INFO org.evosuite.runtime.instrumentation.EvoClassLoader - Seeing class for first time: net.sf.saxon.serialize.CharacterMapExpander
18:07:28.729 [main] INFO org.evosuite.runtime.instrumentation.EvoClassLoader - Instrumenting class 'net.sf.saxon.serialize.CharacterMapExpander'.
18:07:28.729 [main] INFO org.evosuite.runtime.instrumentation.MethodCallReplacementClassAdapter - Adding mock interface to class net/sf/saxon/serialize/CharacterMapExpander
18:07:28.730 [main] INFO org.evosuite.runtime.instrumentation.CreateClassResetClassAdapter - Creating brand-new static initializer in class net/sf/saxon/serialize/CharacterMapExpander
18:07:28.730 [main] INFO org.evosuite.runtime.instrumentation.EvoClassLoader - Keeping class: net.sf.saxon.serialize.CharacterMapExpander
18:07:28.730 [main] INFO org.evosuite.runtime.instrumentation.EvoClassLoader - Seeing class for first time: net.sf.saxon.serialize.MetaTagAdjuster
18:07:28.730 [main] INFO org.evosuite.runtime.instrumentation.EvoClassLoader - Instrumenting class 'net.sf.saxon.serialize.MetaTagAdjuster'.
18:07:28.730 [main] INFO org.evosuite.runtime.instrumentation.MethodCallReplacementClassAdapter - Adding mock interface to class net/sf/saxon/serialize/MetaTagAdjuster
18:07:28.731 [main] INFO org.evosuite.runtime.instrumentation.CreateClassResetClassAdapter - Creating brand-new static initializer in class net/sf/saxon/serialize/MetaTagAdjuster
18:07:28.732 [main] INFO org.evosuite.runtime.instrumentation.EvoClassLoader - Keeping class: net.sf.saxon.serialize.MetaTagAdjuster
18:07:28.732 [main] INFO org.evosuite.runtime.instrumentation.EvoClassLoader - Seeing class for first time: net.sf.saxon.query.SequenceWrapper
18:07:28.732 [main] INFO org.evosuite.runtime.instrumentation.EvoClassLoader - Instrumenting class 'net.sf.saxon.query.SequenceWrapper'.
18:07:28.734 [main] INFO org.evosuite.runtime.instrumentation.MethodCallReplacementClassAdapter - Adding mock interface to class net/sf/saxon/query/SequenceWrapper
18:07:28.735 [main] INFO org.evosuite.runtime.instrumentation.CreateClassResetClassAdapter - Found static initializer in class net/sf/saxon/query/SequenceWrapper
18:07:28.735 [main] INFO org.evosuite.runtime.instrumentation.EvoClassLoader - Keeping class: net.sf.saxon.query.SequenceWrapper
18:07:28.736 [main] INFO org.evosuite.runtime.instrumentation.EvoClassLoader - Seeing class for first time: net.sf.saxon.event.ContentHandlerProxy
18:07:28.736 [main] INFO org.evosuite.runtime.instrumentation.EvoClassLoader - Instrumenting class 'net.sf.saxon.event.ContentHandlerProxy'.
18:07:28.737 [main] INFO org.evosuite.runtime.instrumentation.MethodCallReplacementClassAdapter - Adding mock interface to class net/sf/saxon/event/ContentHandlerProxy
18:07:28.740 [main] INFO org.evosuite.runtime.instrumentation.CreateClassResetClassAdapter - Found static initializer in class net/sf/saxon/event/ContentHandlerProxy
18:07:28.741 [main] INFO org.evosuite.runtime.instrumentation.EvoClassLoader - Keeping class: net.sf.saxon.event.ContentHandlerProxy
18:07:28.742 [main] INFO org.evosuite.runtime.instrumentation.EvoClassLoader - Seeing class for first time: net.sf.saxon.java.JavaPlatform
18:07:28.742 [main] INFO org.evosuite.runtime.instrumentation.EvoClassLoader - Instrumenting class 'net.sf.saxon.java.JavaPlatform'.
18:07:28.743 [main] INFO org.evosuite.runtime.instrumentation.MethodCallReplacementClassAdapter - Adding mock interface to class net/sf/saxon/java/JavaPlatform
18:07:28.744 [main] INFO org.evosuite.runtime.instrumentation.CreateClassResetClassAdapter - Creating brand-new static initializer in class net/sf/saxon/java/JavaPlatform
18:07:28.744 [main] INFO org.evosuite.runtime.instrumentation.EvoClassLoader - Defined package (3): package net.sf.saxon.java, 910675345
18:07:28.745 [main] INFO org.evosuite.runtime.instrumentation.EvoClassLoader - Seeing class for first time: net.sf.saxon.Platform
18:07:28.745 [main] INFO org.evosuite.runtime.instrumentation.EvoClassLoader - Instrumenting class 'net.sf.saxon.Platform'.
18:07:28.746 [main] INFO org.evosuite.runtime.instrumentation.EvoClassLoader - Keeping class: net.sf.saxon.Platform
18:07:28.746 [main] INFO org.evosuite.runtime.instrumentation.EvoClassLoader - Keeping class: net.sf.saxon.java.JavaPlatform
18:07:28.746 [main] INFO org.evosuite.runtime.instrumentation.EvoClassLoader - Seeing class for first time: net.sf.saxon.expr.sort.SimpleCollation
18:07:28.746 [main] INFO org.evosuite.runtime.instrumentation.EvoClassLoader - Instrumenting class 'net.sf.saxon.expr.sort.SimpleCollation'.
18:07:28.747 [main] INFO org.evosuite.runtime.instrumentation.MethodCallReplacementClassAdapter - Adding mock interface to class net/sf/saxon/expr/sort/SimpleCollation
18:07:28.748 [main] INFO org.evosuite.runtime.instrumentation.CreateClassResetClassAdapter - Found static initializer in class net/sf/saxon/expr/sort/SimpleCollation
18:07:28.748 [main] INFO org.evosuite.runtime.instrumentation.EvoClassLoader - Keeping class: net.sf.saxon.expr.sort.SimpleCollation
18:07:28.748 [main] INFO org.evosuite.runtime.instrumentation.EvoClassLoader - Seeing class for first time: net.sf.saxon.xpath.JAXPXPathStaticContext
18:07:28.748 [main] INFO org.evosuite.runtime.instrumentation.EvoClassLoader - Instrumenting class 'net.sf.saxon.xpath.JAXPXPathStaticContext'.
18:07:28.749 [main] INFO org.evosuite.runtime.instrumentation.MethodCallReplacementClassAdapter - Adding mock interface to class net/sf/saxon/xpath/JAXPXPathStaticContext
18:07:28.750 [main] INFO org.evosuite.runtime.instrumentation.CreateClassResetClassAdapter - Creating brand-new static initializer in class net/sf/saxon/xpath/JAXPXPathStaticContext
18:07:28.750 [main] INFO org.evosuite.runtime.instrumentation.EvoClassLoader - Defined package (3): package net.sf.saxon.xpath, -1820478706
18:07:28.750 [main] INFO org.evosuite.runtime.instrumentation.EvoClassLoader - Seeing class for first time: net.sf.saxon.sxpath.AbstractStaticContext
18:07:28.750 [main] INFO org.evosuite.runtime.instrumentation.EvoClassLoader - Instrumenting class 'net.sf.saxon.sxpath.AbstractStaticContext'.
18:07:28.752 [main] INFO org.evosuite.runtime.instrumentation.MethodCallReplacementClassAdapter - Adding mock interface to class net/sf/saxon/sxpath/AbstractStaticContext
18:07:28.753 [main] INFO org.evosuite.runtime.instrumentation.CreateClassResetClassAdapter - Creating brand-new static initializer in class net/sf/saxon/sxpath/AbstractStaticContext
18:07:28.753 [main] INFO org.evosuite.runtime.instrumentation.EvoClassLoader - Defined package (3): package net.sf.saxon.sxpath, -735593543
18:07:28.754 [main] INFO org.evosuite.runtime.instrumentation.EvoClassLoader - Keeping class: net.sf.saxon.sxpath.AbstractStaticContext
18:07:28.754 [main] INFO org.evosuite.runtime.instrumentation.EvoClassLoader - Keeping class: net.sf.saxon.xpath.JAXPXPathStaticContext
18:07:28.754 [main] INFO org.evosuite.runtime.instrumentation.EvoClassLoader - Seeing class for first time: net.sf.saxon.Version
18:07:28.754 [main] INFO org.evosuite.runtime.instrumentation.EvoClassLoader - Instrumenting class 'net.sf.saxon.Version'.
18:07:28.755 [main] INFO org.evosuite.runtime.instrumentation.MethodCallReplacementClassAdapter - Adding mock interface to class net/sf/saxon/Version
18:07:28.756 [main] INFO org.evosuite.runtime.instrumentation.CreateClassResetClassAdapter - Found static initializer in class net/sf/saxon/Version
18:07:28.756 [main] INFO org.evosuite.runtime.instrumentation.EvoClassLoader - Keeping class: net.sf.saxon.Version
18:07:28.757 [main] INFO org.evosuite.runtime.instrumentation.EvoClassLoader - Seeing class for first time: net.sf.saxon.lib.StandardModuleURIResolver
18:07:28.757 [main] INFO org.evosuite.runtime.instrumentation.EvoClassLoader - Instrumenting class 'net.sf.saxon.lib.StandardModuleURIResolver'.
18:07:28.758 [main] INFO org.evosuite.runtime.instrumentation.MethodCallReplacementClassAdapter - Adding mock interface to class net/sf/saxon/lib/StandardModuleURIResolver
18:07:28.760 [main] INFO org.evosuite.runtime.instrumentation.CreateClassResetClassAdapter - Creating brand-new static initializer in class net/sf/saxon/lib/StandardModuleURIResolver
18:07:28.761 [main] INFO org.evosuite.runtime.instrumentation.EvoClassLoader - Keeping class: net.sf.saxon.lib.StandardModuleURIResolver
18:07:28.763 [main] INFO org.evosuite.runtime.instrumentation.EvoClassLoader - Seeing class for first time: net.sf.saxon.lib.StandardUnparsedTextResolver
18:07:28.763 [main] INFO org.evosuite.runtime.instrumentation.EvoClassLoader - Instrumenting class 'net.sf.saxon.lib.StandardUnparsedTextResolver'.
18:07:28.763 [main] INFO org.evosuite.runtime.instrumentation.MethodCallReplacementClassAdapter - Adding mock interface to class net/sf/saxon/lib/StandardUnparsedTextResolver
18:07:28.765 [main] INFO org.evosuite.runtime.instrumentation.CreateClassResetClassAdapter - Found static initializer in class net/sf/saxon/lib/StandardUnparsedTextResolver
18:07:28.765 [main] INFO org.evosuite.runtime.instrumentation.EvoClassLoader - Keeping class: net.sf.saxon.lib.StandardUnparsedTextResolver
18:07:28.766 [main] INFO org.evosuite.runtime.instrumentation.EvoClassLoader - Seeing class for first time: net.sf.saxon.expr.UntypedSequenceConverter
18:07:28.766 [main] INFO org.evosuite.runtime.instrumentation.EvoClassLoader - Instrumenting class 'net.sf.saxon.expr.UntypedSequenceConverter'.
18:07:28.767 [main] INFO org.evosuite.runtime.instrumentation.MethodCallReplacementClassAdapter - Adding mock interface to class net/sf/saxon/expr/UntypedSequenceConverter
18:07:28.769 [main] INFO org.evosuite.runtime.instrumentation.CreateClassResetClassAdapter - Creating brand-new static initializer in class net/sf/saxon/expr/UntypedSequenceConverter
18:07:28.769 [main] INFO org.evosuite.runtime.instrumentation.EvoClassLoader - Seeing class for first time: net.sf.saxon.expr.AtomicSequenceConverter
18:07:28.769 [main] INFO org.evosuite.runtime.instrumentation.EvoClassLoader - Instrumenting class 'net.sf.saxon.expr.AtomicSequenceConverter'.
18:07:28.770 [main] INFO org.evosuite.runtime.instrumentation.MethodCallReplacementClassAdapter - Adding mock interface to class net/sf/saxon/expr/AtomicSequenceConverter
18:07:28.772 [main] INFO org.evosuite.runtime.instrumentation.CreateClassResetClassAdapter - Found static initializer in class net/sf/saxon/expr/AtomicSequenceConverter
18:07:28.773 [main] INFO org.evosuite.runtime.instrumentation.EvoClassLoader - Seeing class for first time: net.sf.saxon.expr.UnaryExpression
18:07:28.773 [main] INFO org.evosuite.runtime.instrumentation.EvoClassLoader - Instrumenting class 'net.sf.saxon.expr.UnaryExpression'.
18:07:28.773 [main] INFO org.evosuite.runtime.instrumentation.MethodCallReplacementClassAdapter - Adding mock interface to class net/sf/saxon/expr/UnaryExpression
18:07:28.773 [main] INFO org.evosuite.runtime.instrumentation.CreateClassResetClassAdapter - Creating brand-new static initializer in class net/sf/saxon/expr/UnaryExpression
18:07:28.774 [main] INFO org.evosuite.runtime.instrumentation.EvoClassLoader - Keeping class: net.sf.saxon.expr.UnaryExpression
18:07:28.774 [main] INFO org.evosuite.runtime.instrumentation.EvoClassLoader - Keeping class: net.sf.saxon.expr.AtomicSequenceConverter
18:07:28.774 [main] INFO org.evosuite.runtime.instrumentation.EvoClassLoader - Keeping class: net.sf.saxon.expr.UntypedSequenceConverter
18:07:28.774 [main] INFO org.evosuite.runtime.instrumentation.EvoClassLoader - Seeing class for first time: net.sf.saxon.expr.ItemChecker
18:07:28.774 [main] INFO org.evosuite.runtime.instrumentation.EvoClassLoader - Instrumenting class 'net.sf.saxon.expr.ItemChecker'.
18:07:28.774 [main] INFO org.evosuite.runtime.instrumentation.MethodCallReplacementClassAdapter - Adding mock interface to class net/sf/saxon/expr/ItemChecker
18:07:28.775 [main] INFO org.evosuite.runtime.instrumentation.CreateClassResetClassAdapter - Creating brand-new static initializer in class net/sf/saxon/expr/ItemChecker
18:07:28.775 [main] INFO org.evosuite.runtime.instrumentation.EvoClassLoader - Keeping class: net.sf.saxon.expr.ItemChecker
18:07:28.775 [main] INFO org.evosuite.runtime.instrumentation.EvoClassLoader - Seeing class for first time: net.sf.saxon.type.Converter$PromoterToDouble
18:07:28.775 [main] INFO org.evosuite.runtime.instrumentation.EvoClassLoader - Instrumenting class 'net.sf.saxon.type.Converter$PromoterToDouble'.
18:07:28.776 [main] INFO org.evosuite.runtime.instrumentation.MethodCallReplacementClassAdapter - Adding mock interface to class net/sf/saxon/type/Converter$PromoterToDouble
18:07:28.776 [main] INFO org.evosuite.runtime.instrumentation.CreateClassResetClassAdapter - Creating brand-new static initializer in class net/sf/saxon/type/Converter$PromoterToDouble
18:07:28.776 [main] INFO org.evosuite.runtime.instrumentation.EvoClassLoader - Keeping class: net.sf.saxon.type.Converter$PromoterToDouble
18:07:28.776 [main] INFO org.evosuite.runtime.instrumentation.EvoClassLoader - Seeing class for first time: net.sf.saxon.type.Converter$PromoterToFloat
18:07:28.776 [main] INFO org.evosuite.runtime.instrumentation.EvoClassLoader - Instrumenting class 'net.sf.saxon.type.Converter$PromoterToFloat'.
18:07:28.777 [main] INFO org.evosuite.runtime.instrumentation.MethodCallReplacementClassAdapter - Adding mock interface to class net/sf/saxon/type/Converter$PromoterToFloat
18:07:28.778 [main] INFO org.evosuite.runtime.instrumentation.CreateClassResetClassAdapter - Creating brand-new static initializer in class net/sf/saxon/type/Converter$PromoterToFloat
18:07:28.778 [main] INFO org.evosuite.runtime.instrumentation.EvoClassLoader - Keeping class: net.sf.saxon.type.Converter$PromoterToFloat
18:07:28.778 [main] INFO org.evosuite.runtime.instrumentation.EvoClassLoader - Seeing class for first time: net.sf.saxon.type.Converter$ToStringConverter
18:07:28.778 [main] INFO org.evosuite.runtime.instrumentation.EvoClassLoader - Instrumenting class 'net.sf.saxon.type.Converter$ToStringConverter'.
18:07:28.778 [main] INFO org.evosuite.runtime.instrumentation.MethodCallReplacementClassAdapter - Adding mock interface to class net/sf/saxon/type/Converter$ToStringConverter
18:07:28.778 [main] INFO org.evosuite.runtime.instrumentation.CreateClassResetClassAdapter - Found static initializer in class net/sf/saxon/type/Converter$ToStringConverter
18:07:28.779 [main] INFO org.evosuite.runtime.instrumentation.EvoClassLoader - Seeing class for first time: net.sf.saxon.type.Converter$UnfailingConverter
18:07:28.779 [main] INFO org.evosuite.runtime.instrumentation.EvoClassLoader - Instrumenting class 'net.sf.saxon.type.Converter$UnfailingConverter'.
18:07:28.779 [main] INFO org.evosuite.runtime.instrumentation.MethodCallReplacementClassAdapter - Adding mock interface to class net/sf/saxon/type/Converter$UnfailingConverter
18:07:28.780 [main] INFO org.evosuite.runtime.instrumentation.CreateClassResetClassAdapter - Creating brand-new static initializer in class net/sf/saxon/type/Converter$UnfailingConverter
18:07:28.780 [main] INFO org.evosuite.runtime.instrumentation.EvoClassLoader - Keeping class: net.sf.saxon.type.Converter$UnfailingConverter
18:07:28.780 [main] INFO org.evosuite.runtime.instrumentation.EvoClassLoader - Keeping class: net.sf.saxon.type.Converter$ToStringConverter
18:07:28.780 [main] INFO org.evosuite.runtime.instrumentation.EvoClassLoader - Seeing class for first time: net.sf.saxon.expr.ArithmeticExpression
18:07:28.780 [main] INFO org.evosuite.runtime.instrumentation.EvoClassLoader - Instrumenting class 'net.sf.saxon.expr.ArithmeticExpression'.
18:07:28.781 [main] INFO org.evosuite.runtime.instrumentation.MethodCallReplacementClassAdapter - Adding mock interface to class net/sf/saxon/expr/ArithmeticExpression
18:07:28.788 [main] INFO org.evosuite.runtime.instrumentation.CreateClassResetClassAdapter - Creating brand-new static initializer in class net/sf/saxon/expr/ArithmeticExpression
18:07:28.789 [main] INFO org.evosuite.runtime.instrumentation.EvoClassLoader - Keeping class: net.sf.saxon.expr.ArithmeticExpression
18:07:28.789 [main] INFO org.evosuite.runtime.instrumentation.EvoClassLoader - Seeing class for first time: net.sf.saxon.expr.GeneralComparison20
18:07:28.789 [main] INFO org.evosuite.runtime.instrumentation.EvoClassLoader - Instrumenting class 'net.sf.saxon.expr.GeneralComparison20'.
18:07:28.789 [main] INFO org.evosuite.runtime.instrumentation.MethodCallReplacementClassAdapter - Adding mock interface to class net/sf/saxon/expr/GeneralComparison20
18:07:28.789 [main] INFO org.evosuite.runtime.instrumentation.CreateClassResetClassAdapter - Creating brand-new static initializer in class net/sf/saxon/expr/GeneralComparison20
18:07:28.790 [main] INFO org.evosuite.runtime.instrumentation.EvoClassLoader - Seeing class for first time: net.sf.saxon.expr.GeneralComparison
18:07:28.790 [main] INFO org.evosuite.runtime.instrumentation.EvoClassLoader - Instrumenting class 'net.sf.saxon.expr.GeneralComparison'.
18:07:28.791 [main] INFO org.evosuite.runtime.instrumentation.MethodCallReplacementClassAdapter - Adding mock interface to class net/sf/saxon/expr/GeneralComparison
18:07:28.794 [main] INFO org.evosuite.runtime.instrumentation.CreateClassResetClassAdapter - Found static initializer in class net/sf/saxon/expr/GeneralComparison
18:07:28.794 [main] INFO org.evosuite.runtime.instrumentation.EvoClassLoader - Seeing class for first time: net.sf.saxon.expr.ComparisonExpression
18:07:28.794 [main] INFO org.evosuite.runtime.instrumentation.EvoClassLoader - Instrumenting class 'net.sf.saxon.expr.ComparisonExpression'.
18:07:28.795 [main] INFO org.evosuite.runtime.instrumentation.EvoClassLoader - Keeping class: net.sf.saxon.expr.ComparisonExpression
18:07:28.795 [main] INFO org.evosuite.runtime.instrumentation.EvoClassLoader - Keeping class: net.sf.saxon.expr.GeneralComparison
18:07:28.795 [main] INFO org.evosuite.runtime.instrumentation.EvoClassLoader - Keeping class: net.sf.saxon.expr.GeneralComparison20
18:07:28.796 [main] INFO org.evosuite.runtime.instrumentation.EvoClassLoader - Seeing class for first time: net.sf.saxon.expr.compat.ArithmeticExpression10
18:07:28.796 [main] INFO org.evosuite.runtime.instrumentation.EvoClassLoader - Instrumenting class 'net.sf.saxon.expr.compat.ArithmeticExpression10'.
18:07:28.796 [main] INFO org.evosuite.runtime.instrumentation.MethodCallReplacementClassAdapter - Adding mock interface to class net/sf/saxon/expr/compat/ArithmeticExpression10
18:07:28.797 [main] INFO org.evosuite.runtime.instrumentation.CreateClassResetClassAdapter - Creating brand-new static initializer in class net/sf/saxon/expr/compat/ArithmeticExpression10
18:07:28.797 [main] INFO org.evosuite.runtime.instrumentation.EvoClassLoader - Keeping class: net.sf.saxon.expr.compat.ArithmeticExpression10
18:07:28.797 [main] INFO org.evosuite.runtime.instrumentation.EvoClassLoader - Seeing class for first time: net.sf.saxon.expr.compat.GeneralComparison10
18:07:28.797 [main] INFO org.evosuite.runtime.instrumentation.EvoClassLoader - Instrumenting class 'net.sf.saxon.expr.compat.GeneralComparison10'.
18:07:28.798 [main] INFO org.evosuite.runtime.instrumentation.MethodCallReplacementClassAdapter - Adding mock interface to class net/sf/saxon/expr/compat/GeneralComparison10
18:07:28.800 [main] INFO org.evosuite.runtime.instrumentation.CreateClassResetClassAdapter - Creating brand-new static initializer in class net/sf/saxon/expr/compat/GeneralComparison10
18:07:28.800 [main] INFO org.evosuite.runtime.instrumentation.EvoClassLoader - Keeping class: net.sf.saxon.expr.compat.GeneralComparison10
18:07:28.801 [main] INFO org.evosuite.runtime.instrumentation.EvoClassLoader - Seeing class for first time: net.sf.saxon.tree.tiny.Statistics
18:07:28.801 [main] INFO org.evosuite.runtime.instrumentation.EvoClassLoader - Instrumenting class 'net.sf.saxon.tree.tiny.Statistics'.
18:07:28.801 [main] INFO org.evosuite.runtime.instrumentation.MethodCallReplacementClassAdapter - Adding mock interface to class net/sf/saxon/tree/tiny/Statistics
18:07:28.801 [main] INFO org.evosuite.runtime.instrumentation.CreateClassResetClassAdapter - Creating brand-new static initializer in class net/sf/saxon/tree/tiny/Statistics
18:07:28.801 [main] INFO org.evosuite.runtime.instrumentation.EvoClassLoader - Keeping class: net.sf.saxon.tree.tiny.Statistics
18:07:28.802 [main] INFO org.evosuite.runtime.instrumentation.EvoClassLoader - Seeing class for first time: net.sf.saxon.dom.DOMEnvelope
18:07:28.802 [main] INFO org.evosuite.runtime.instrumentation.EvoClassLoader - Instrumenting class 'net.sf.saxon.dom.DOMEnvelope'.
18:07:28.802 [main] INFO org.evosuite.runtime.instrumentation.MethodCallReplacementClassAdapter - Adding mock interface to class net/sf/saxon/dom/DOMEnvelope
18:07:28.802 [main] INFO org.evosuite.runtime.instrumentation.CreateClassResetClassAdapter - Found static initializer in class net/sf/saxon/dom/DOMEnvelope
18:07:28.802 [main] INFO org.evosuite.runtime.instrumentation.EvoClassLoader - Defined package (3): package net.sf.saxon.dom, -940460045
18:07:28.803 [main] INFO org.evosuite.runtime.instrumentation.EvoClassLoader - Keeping class: net.sf.saxon.dom.DOMEnvelope
18:07:28.803 [main] INFO org.evosuite.runtime.instrumentation.EvoClassLoader - Seeing class for first time: net.sf.saxon.expr.PJConverter
18:07:28.803 [main] INFO org.evosuite.runtime.instrumentation.EvoClassLoader - Instrumenting class 'net.sf.saxon.expr.PJConverter'.
18:07:28.804 [main] INFO org.evosuite.runtime.instrumentation.MethodCallReplacementClassAdapter - Adding mock interface to class net/sf/saxon/expr/PJConverter
18:07:28.804 [main] INFO org.evosuite.runtime.instrumentation.CreateClassResetClassAdapter - Found static initializer in class net/sf/saxon/expr/PJConverter
18:07:28.805 [main] INFO org.evosuite.runtime.instrumentation.EvoClassLoader - Keeping class: net.sf.saxon.expr.PJConverter
18:07:28.805 [main] INFO org.evosuite.runtime.instrumentation.EvoClassLoader - Seeing class for first time: net.sf.saxon.dom.DOMEnvelope$1
18:07:28.805 [main] INFO org.evosuite.runtime.instrumentation.EvoClassLoader - Instrumenting class 'net.sf.saxon.dom.DOMEnvelope$1'.
18:07:28.805 [main] INFO org.evosuite.runtime.instrumentation.MethodCallReplacementClassAdapter - Adding mock interface to class net/sf/saxon/dom/DOMEnvelope$1
18:07:28.805 [main] INFO org.evosuite.runtime.instrumentation.EvoClassLoader - Keeping class: net.sf.saxon.dom.DOMEnvelope$1
18:07:28.805 [main] INFO org.evosuite.runtime.instrumentation.EvoClassLoader - Seeing class for first time: net.sf.saxon.dom.DOMEnvelope$2
18:07:28.805 [main] INFO org.evosuite.runtime.instrumentation.EvoClassLoader - Instrumenting class 'net.sf.saxon.dom.DOMEnvelope$2'.
18:07:28.806 [main] INFO org.evosuite.runtime.instrumentation.MethodCallReplacementClassAdapter - Adding mock interface to class net/sf/saxon/dom/DOMEnvelope$2
18:07:28.806 [main] INFO org.evosuite.runtime.instrumentation.EvoClassLoader - Keeping class: net.sf.saxon.dom.DOMEnvelope$2
18:07:28.806 [main] INFO org.evosuite.runtime.instrumentation.EvoClassLoader - Seeing class for first time: net.sf.saxon.expr.JPConverter
18:07:28.806 [main] INFO org.evosuite.runtime.instrumentation.EvoClassLoader - Instrumenting class 'net.sf.saxon.expr.JPConverter'.
18:07:28.806 [main] INFO org.evosuite.runtime.instrumentation.MethodCallReplacementClassAdapter - Adding mock interface to class net/sf/saxon/expr/JPConverter
18:07:28.806 [main] INFO org.evosuite.runtime.instrumentation.CreateClassResetClassAdapter - Found static initializer in class net/sf/saxon/expr/JPConverter
18:07:28.807 [main] INFO org.evosuite.runtime.instrumentation.EvoClassLoader - Keeping class: net.sf.saxon.expr.JPConverter
18:07:28.807 [main] INFO org.evosuite.runtime.instrumentation.EvoClassLoader - Seeing class for first time: net.sf.saxon.dom.DOMEnvelope$3
18:07:28.807 [main] INFO org.evosuite.runtime.instrumentation.EvoClassLoader - Instrumenting class 'net.sf.saxon.dom.DOMEnvelope$3'.
18:07:28.807 [main] INFO org.evosuite.runtime.instrumentation.MethodCallReplacementClassAdapter - Adding mock interface to class net/sf/saxon/dom/DOMEnvelope$3
18:07:28.808 [main] INFO org.evosuite.runtime.instrumentation.EvoClassLoader - Keeping class: net.sf.saxon.dom.DOMEnvelope$3
18:07:28.808 [main] INFO org.evosuite.runtime.instrumentation.EvoClassLoader - Seeing class for first time: net.sf.saxon.om.TreeModel$TinyTree
18:07:28.808 [main] INFO org.evosuite.runtime.instrumentation.EvoClassLoader - Instrumenting class 'net.sf.saxon.om.TreeModel$TinyTree'.
18:07:28.809 [main] INFO org.evosuite.runtime.instrumentation.MethodCallReplacementClassAdapter - Adding mock interface to class net/sf/saxon/om/TreeModel$TinyTree
18:07:28.809 [main] INFO org.evosuite.runtime.instrumentation.CreateClassResetClassAdapter - Creating brand-new static initializer in class net/sf/saxon/om/TreeModel$TinyTree
18:07:28.809 [main] INFO org.evosuite.runtime.instrumentation.EvoClassLoader - Keeping class: net.sf.saxon.om.TreeModel$TinyTree
18:07:28.809 [main] INFO org.evosuite.runtime.instrumentation.EvoClassLoader - Seeing class for first time: net.sf.saxon.om.TreeModel$LinkedTree
18:07:28.809 [main] INFO org.evosuite.runtime.instrumentation.EvoClassLoader - Instrumenting class 'net.sf.saxon.om.TreeModel$LinkedTree'.
18:07:28.810 [main] INFO org.evosuite.runtime.instrumentation.MethodCallReplacementClassAdapter - Adding mock interface to class net/sf/saxon/om/TreeModel$LinkedTree
18:07:28.810 [main] INFO org.evosuite.runtime.instrumentation.CreateClassResetClassAdapter - Creating brand-new static initializer in class net/sf/saxon/om/TreeModel$LinkedTree
18:07:28.810 [main] INFO org.evosuite.runtime.instrumentation.EvoClassLoader - Keeping class: net.sf.saxon.om.TreeModel$LinkedTree
18:07:28.810 [main] INFO org.evosuite.runtime.instrumentation.EvoClassLoader - Seeing class for first time: net.sf.saxon.om.TreeModel$TinyTreeCondensed
18:07:28.810 [main] INFO org.evosuite.runtime.instrumentation.EvoClassLoader - Instrumenting class 'net.sf.saxon.om.TreeModel$TinyTreeCondensed'.
18:07:28.811 [main] INFO org.evosuite.runtime.instrumentation.MethodCallReplacementClassAdapter - Adding mock interface to class net/sf/saxon/om/TreeModel$TinyTreeCondensed
18:07:28.811 [main] INFO org.evosuite.runtime.instrumentation.CreateClassResetClassAdapter - Creating brand-new static initializer in class net/sf/saxon/om/TreeModel$TinyTreeCondensed
18:07:28.812 [main] INFO org.evosuite.runtime.instrumentation.EvoClassLoader - Keeping class: net.sf.saxon.om.TreeModel$TinyTreeCondensed
18:07:28.812 [main] INFO org.evosuite.runtime.instrumentation.EvoClassLoader - Seeing class for first time: net.sf.saxon.event.Builder
18:07:28.812 [main] INFO org.evosuite.runtime.instrumentation.EvoClassLoader - Instrumenting class 'net.sf.saxon.event.Builder'.
18:07:28.812 [main] INFO org.evosuite.runtime.instrumentation.MethodCallReplacementClassAdapter - Adding mock interface to class net/sf/saxon/event/Builder
18:07:28.812 [main] INFO org.evosuite.runtime.instrumentation.CreateClassResetClassAdapter - Creating brand-new static initializer in class net/sf/saxon/event/Builder
18:07:28.812 [main] INFO org.evosuite.runtime.instrumentation.CreateClassResetClassAdapter - Adding bytecode for initializing field UNSPECIFIED_TREE_MODEL
18:07:28.812 [main] INFO org.evosuite.runtime.instrumentation.CreateClassResetClassAdapter - Adding bytecode for initializing field LINKED_TREE
18:07:28.812 [main] INFO org.evosuite.runtime.instrumentation.CreateClassResetClassAdapter - Adding bytecode for initializing field STANDARD_TREE
18:07:28.812 [main] INFO org.evosuite.runtime.instrumentation.CreateClassResetClassAdapter - Adding bytecode for initializing field TINY_TREE
18:07:28.812 [main] INFO org.evosuite.runtime.instrumentation.CreateClassResetClassAdapter - Adding bytecode for initializing field TINY_TREE_CONDENSED
18:07:28.812 [main] INFO org.evosuite.runtime.instrumentation.CreateClassResetClassAdapter - Adding bytecode for initializing field JDOM_TREE
18:07:28.812 [main] INFO org.evosuite.runtime.instrumentation.CreateClassResetClassAdapter - Adding bytecode for initializing field JDOM2_TREE
18:07:28.812 [main] INFO org.evosuite.runtime.instrumentation.CreateClassResetClassAdapter - Adding bytecode for initializing field AXIOM_TREE
18:07:28.812 [main] INFO org.evosuite.runtime.instrumentation.CreateClassResetClassAdapter - Adding bytecode for initializing field DOMINO_TREE
18:07:28.812 [main] INFO org.evosuite.runtime.instrumentation.CreateClassResetClassAdapter - Adding bytecode for initializing field K_TREE
18:07:28.813 [main] INFO org.evosuite.runtime.instrumentation.EvoClassLoader - Keeping class: net.sf.saxon.event.Builder
18:07:28.813 [main] INFO org.evosuite.runtime.instrumentation.EvoClassLoader - Seeing class for first time: net.sf.saxon.tree.tiny.TinyBuilder
18:07:28.813 [main] INFO org.evosuite.runtime.instrumentation.EvoClassLoader - Instrumenting class 'net.sf.saxon.tree.tiny.TinyBuilder'.
18:07:28.814 [main] INFO org.evosuite.runtime.instrumentation.MethodCallReplacementClassAdapter - Adding mock interface to class net/sf/saxon/tree/tiny/TinyBuilder
18:07:28.814 [main] INFO org.evosuite.runtime.instrumentation.CreateClassResetClassAdapter - Found static initializer in class net/sf/saxon/tree/tiny/TinyBuilder
18:07:28.815 [main] INFO org.evosuite.runtime.instrumentation.EvoClassLoader - Keeping class: net.sf.saxon.tree.tiny.TinyBuilder
18:07:28.815 [main] INFO org.evosuite.runtime.instrumentation.EvoClassLoader - Seeing class for first time: net.sf.saxon.tree.tiny.TinyBuilderCondensed
18:07:28.815 [main] INFO org.evosuite.runtime.instrumentation.EvoClassLoader - Instrumenting class 'net.sf.saxon.tree.tiny.TinyBuilderCondensed'.
18:07:28.815 [main] INFO org.evosuite.runtime.instrumentation.MethodCallReplacementClassAdapter - Adding mock interface to class net/sf/saxon/tree/tiny/TinyBuilderCondensed
18:07:28.816 [main] INFO org.evosuite.runtime.instrumentation.CreateClassResetClassAdapter - Creating brand-new static initializer in class net/sf/saxon/tree/tiny/TinyBuilderCondensed
18:07:28.816 [main] INFO org.evosuite.runtime.instrumentation.EvoClassLoader - Keeping class: net.sf.saxon.tree.tiny.TinyBuilderCondensed
18:07:28.816 [main] INFO org.evosuite.runtime.instrumentation.EvoClassLoader - Seeing class for first time: net.sf.saxon.tree.linked.LinkedTreeBuilder
18:07:28.816 [main] INFO org.evosuite.runtime.instrumentation.EvoClassLoader - Instrumenting class 'net.sf.saxon.tree.linked.LinkedTreeBuilder'.
18:07:28.816 [main] INFO org.evosuite.runtime.instrumentation.MethodCallReplacementClassAdapter - Adding mock interface to class net/sf/saxon/tree/linked/LinkedTreeBuilder
18:07:28.817 [main] INFO org.evosuite.runtime.instrumentation.CreateClassResetClassAdapter - Found static initializer in class net/sf/saxon/tree/linked/LinkedTreeBuilder
18:07:28.818 [main] INFO org.evosuite.runtime.instrumentation.EvoClassLoader - Keeping class: net.sf.saxon.tree.linked.LinkedTreeBuilder
18:07:28.818 [main] INFO org.evosuite.runtime.instrumentation.EvoClassLoader - Seeing class for first time: net.sf.saxon.dom.DOMObjectModel
18:07:28.818 [main] INFO org.evosuite.runtime.instrumentation.EvoClassLoader - Instrumenting class 'net.sf.saxon.dom.DOMObjectModel'.
18:07:28.819 [main] INFO org.evosuite.runtime.instrumentation.MethodCallReplacementClassAdapter - Adding mock interface to class net/sf/saxon/dom/DOMObjectModel
18:07:28.820 [main] INFO org.evosuite.runtime.instrumentation.CreateClassResetClassAdapter - Found static initializer in class net/sf/saxon/dom/DOMObjectModel
18:07:28.821 [main] INFO org.evosuite.runtime.instrumentation.EvoClassLoader - Keeping class: net.sf.saxon.dom.DOMObjectModel
18:07:28.821 [main] INFO org.evosuite.runtime.instrumentation.EvoClassLoader - Seeing class for first time: net.sf.saxon.dom.DOMObjectModel$1
18:07:28.821 [main] INFO org.evosuite.runtime.instrumentation.EvoClassLoader - Instrumenting class 'net.sf.saxon.dom.DOMObjectModel$1'.
18:07:28.821 [main] INFO org.evosuite.runtime.instrumentation.MethodCallReplacementClassAdapter - Adding mock interface to class net/sf/saxon/dom/DOMObjectModel$1
18:07:28.821 [main] INFO org.evosuite.runtime.instrumentation.EvoClassLoader - Keeping class: net.sf.saxon.dom.DOMObjectModel$1
18:07:28.821 [main] INFO org.evosuite.runtime.instrumentation.EvoClassLoader - Seeing class for first time: net.sf.saxon.dom.DOMObjectModel$2
18:07:28.821 [main] INFO org.evosuite.runtime.instrumentation.EvoClassLoader - Instrumenting class 'net.sf.saxon.dom.DOMObjectModel$2'.
18:07:28.821 [main] INFO org.evosuite.runtime.instrumentation.MethodCallReplacementClassAdapter - Adding mock interface to class net/sf/saxon/dom/DOMObjectModel$2
18:07:28.822 [main] INFO org.evosuite.runtime.instrumentation.EvoClassLoader - Keeping class: net.sf.saxon.dom.DOMObjectModel$2
18:07:28.822 [main] INFO org.evosuite.runtime.instrumentation.EvoClassLoader - Seeing class for first time: net.sf.saxon.dom.DOMWriter
18:07:28.822 [main] INFO org.evosuite.runtime.instrumentation.EvoClassLoader - Instrumenting class 'net.sf.saxon.dom.DOMWriter'.
18:07:28.822 [main] INFO org.evosuite.runtime.instrumentation.MethodCallReplacementClassAdapter - Adding mock interface to class net/sf/saxon/dom/DOMWriter
18:07:28.823 [main] INFO org.evosuite.runtime.instrumentation.CreateClassResetClassAdapter - Creating brand-new static initializer in class net/sf/saxon/dom/DOMWriter
18:07:28.823 [main] INFO org.evosuite.runtime.instrumentation.EvoClassLoader - Keeping class: net.sf.saxon.dom.DOMWriter
18:07:28.823 [main] INFO org.evosuite.runtime.instrumentation.EvoClassLoader - Seeing class for first time: net.sf.saxon.dom.DOMObjectModel$3
18:07:28.823 [main] INFO org.evosuite.runtime.instrumentation.EvoClassLoader - Instrumenting class 'net.sf.saxon.dom.DOMObjectModel$3'.
18:07:28.823 [main] INFO org.evosuite.runtime.instrumentation.MethodCallReplacementClassAdapter - Adding mock interface to class net/sf/saxon/dom/DOMObjectModel$3
18:07:28.824 [main] INFO org.evosuite.runtime.instrumentation.EvoClassLoader - Keeping class: net.sf.saxon.dom.DOMObjectModel$3
18:07:28.824 [main] INFO org.evosuite.runtime.instrumentation.EvoClassLoader - Seeing class for first time: net.sf.saxon.dom.DOMObjectModel$4
18:07:28.824 [main] INFO org.evosuite.runtime.instrumentation.EvoClassLoader - Instrumenting class 'net.sf.saxon.dom.DOMObjectModel$4'.
18:07:28.824 [main] INFO org.evosuite.runtime.instrumentation.MethodCallReplacementClassAdapter - Adding mock interface to class net/sf/saxon/dom/DOMObjectModel$4
18:07:28.825 [main] INFO org.evosuite.runtime.instrumentation.EvoClassLoader - Keeping class: net.sf.saxon.dom.DOMObjectModel$4
18:07:28.825 [main] INFO org.evosuite.runtime.instrumentation.EvoClassLoader - Seeing class for first time: net.sf.saxon.dom.DOMObjectModel$5
18:07:28.825 [main] INFO org.evosuite.runtime.instrumentation.EvoClassLoader - Instrumenting class 'net.sf.saxon.dom.DOMObjectModel$5'.
18:07:28.825 [main] INFO org.evosuite.runtime.instrumentation.MethodCallReplacementClassAdapter - Adding mock interface to class net/sf/saxon/dom/DOMObjectModel$5
18:07:28.826 [main] INFO org.evosuite.runtime.instrumentation.EvoClassLoader - Keeping class: net.sf.saxon.dom.DOMObjectModel$5
18:07:28.826 [main] INFO org.evosuite.runtime.instrumentation.EvoClassLoader - Seeing class for first time: net.sf.saxon.dom.DOMObjectModel$6
18:07:28.826 [main] INFO org.evosuite.runtime.instrumentation.EvoClassLoader - Instrumenting class 'net.sf.saxon.dom.DOMObjectModel$6'.
18:07:28.826 [main] INFO org.evosuite.runtime.instrumentation.MethodCallReplacementClassAdapter - Adding mock interface to class net/sf/saxon/dom/DOMObjectModel$6
18:07:28.826 [main] INFO org.evosuite.runtime.instrumentation.EvoClassLoader - Keeping class: net.sf.saxon.dom.DOMObjectModel$6
18:07:28.826 [main] INFO org.evosuite.runtime.instrumentation.EvoClassLoader - Seeing class for first time: net.sf.saxon.dom.DOMObjectModel$7
18:07:28.826 [main] INFO org.evosuite.runtime.instrumentation.EvoClassLoader - Instrumenting class 'net.sf.saxon.dom.DOMObjectModel$7'.
18:07:28.827 [main] INFO org.evosuite.runtime.instrumentation.MethodCallReplacementClassAdapter - Adding mock interface to class net/sf/saxon/dom/DOMObjectModel$7
18:07:28.827 [main] INFO org.evosuite.runtime.instrumentation.EvoClassLoader - Keeping class: net.sf.saxon.dom.DOMObjectModel$7
18:07:28.828 [main] INFO org.evosuite.runtime.instrumentation.EvoClassLoader - Seeing class for first time: net.sf.saxon.lib.StandardEntityResolver
18:07:28.828 [main] INFO org.evosuite.runtime.instrumentation.EvoClassLoader - Instrumenting class 'net.sf.saxon.lib.StandardEntityResolver'.
18:07:28.828 [main] INFO org.evosuite.runtime.instrumentation.MethodCallReplacementClassAdapter - Adding mock interface to class net/sf/saxon/lib/StandardEntityResolver
18:07:28.829 [main] INFO org.evosuite.runtime.instrumentation.CreateClassResetClassAdapter - Found static initializer in class net/sf/saxon/lib/StandardEntityResolver
18:07:28.830 [main] INFO org.evosuite.runtime.instrumentation.EvoClassLoader - Keeping class: net.sf.saxon.lib.StandardEntityResolver
18:07:28.831 [main] INFO org.evosuite.runtime.instrumentation.EvoClassLoader - Seeing class for first time: net.sf.saxon.resource.XmlResource$1
18:07:28.831 [main] INFO org.evosuite.runtime.instrumentation.EvoClassLoader - Instrumenting class 'net.sf.saxon.resource.XmlResource$1'.
18:07:28.832 [main] INFO org.evosuite.runtime.instrumentation.MethodCallReplacementClassAdapter - Adding mock interface to class net/sf/saxon/resource/XmlResource$1
18:07:28.833 [main] INFO org.evosuite.runtime.instrumentation.EvoClassLoader - Keeping class: net.sf.saxon.resource.XmlResource$1
18:07:28.833 [main] INFO org.evosuite.runtime.instrumentation.EvoClassLoader - Seeing class for first time: net.sf.saxon.resource.XmlResource
18:07:28.833 [main] INFO org.evosuite.runtime.instrumentation.EvoClassLoader - Instrumenting class 'net.sf.saxon.resource.XmlResource'.
18:07:28.833 [main] INFO org.evosuite.runtime.instrumentation.MethodCallReplacementClassAdapter - Adding mock interface to class net/sf/saxon/resource/XmlResource
18:07:28.835 [main] INFO org.evosuite.runtime.instrumentation.CreateClassResetClassAdapter - Found static initializer in class net/sf/saxon/resource/XmlResource
18:07:28.836 [main] INFO org.evosuite.runtime.instrumentation.EvoClassLoader - Seeing class for first time: net.sf.saxon.lib.Resource
18:07:28.836 [main] INFO org.evosuite.runtime.instrumentation.EvoClassLoader - Instrumenting class 'net.sf.saxon.lib.Resource'.
18:07:28.836 [main] INFO org.evosuite.runtime.instrumentation.EvoClassLoader - Keeping class: net.sf.saxon.lib.Resource
18:07:28.837 [main] INFO org.evosuite.runtime.instrumentation.EvoClassLoader - Keeping class: net.sf.saxon.resource.XmlResource
18:07:28.837 [main] INFO org.evosuite.runtime.instrumentation.EvoClassLoader - Seeing class for first time: net.sf.saxon.resource.UnparsedTextResource$1
18:07:28.837 [main] INFO org.evosuite.runtime.instrumentation.EvoClassLoader - Instrumenting class 'net.sf.saxon.resource.UnparsedTextResource$1'.
18:07:28.838 [main] INFO org.evosuite.runtime.instrumentation.MethodCallReplacementClassAdapter - Adding mock interface to class net/sf/saxon/resource/UnparsedTextResource$1
18:07:28.838 [main] INFO org.evosuite.runtime.instrumentation.EvoClassLoader - Keeping class: net.sf.saxon.resource.UnparsedTextResource$1
18:07:28.838 [main] INFO org.evosuite.runtime.instrumentation.EvoClassLoader - Seeing class for first time: net.sf.saxon.resource.UnparsedTextResource
18:07:28.838 [main] INFO org.evosuite.runtime.instrumentation.EvoClassLoader - Instrumenting class 'net.sf.saxon.resource.UnparsedTextResource'.
18:07:28.839 [main] INFO org.evosuite.runtime.instrumentation.MethodCallReplacementClassAdapter - Adding mock interface to class net/sf/saxon/resource/UnparsedTextResource
18:07:28.839 [main] INFO org.evosuite.runtime.instrumentation.CreateClassResetClassAdapter - Found static initializer in class net/sf/saxon/resource/UnparsedTextResource
18:07:28.839 [main] INFO org.evosuite.runtime.instrumentation.EvoClassLoader - Keeping class: net.sf.saxon.resource.UnparsedTextResource
18:07:28.840 [main] INFO org.evosuite.runtime.instrumentation.EvoClassLoader - Seeing class for first time: net.sf.saxon.resource.BinaryResource$1
18:07:28.840 [main] INFO org.evosuite.runtime.instrumentation.EvoClassLoader - Instrumenting class 'net.sf.saxon.resource.BinaryResource$1'.
18:07:28.840 [main] INFO org.evosuite.runtime.instrumentation.MethodCallReplacementClassAdapter - Adding mock interface to class net/sf/saxon/resource/BinaryResource$1
18:07:28.841 [main] INFO org.evosuite.runtime.instrumentation.EvoClassLoader - Keeping class: net.sf.saxon.resource.BinaryResource$1
18:07:28.841 [main] INFO org.evosuite.runtime.instrumentation.EvoClassLoader - Seeing class for first time: net.sf.saxon.resource.BinaryResource
18:07:28.841 [main] INFO org.evosuite.runtime.instrumentation.EvoClassLoader - Instrumenting class 'net.sf.saxon.resource.BinaryResource'.
18:07:28.841 [main] INFO org.evosuite.runtime.instrumentation.MethodCallReplacementClassAdapter - Adding mock interface to class net/sf/saxon/resource/BinaryResource
18:07:28.842 [main] INFO org.evosuite.runtime.instrumentation.CreateClassResetClassAdapter - Found static initializer in class net/sf/saxon/resource/BinaryResource
18:07:28.842 [main] INFO org.evosuite.runtime.instrumentation.EvoClassLoader - Keeping class: net.sf.saxon.resource.BinaryResource
18:07:28.843 [main] INFO org.evosuite.runtime.instrumentation.EvoClassLoader - Seeing class for first time: net.sf.saxon.resource.JSONResource$1
18:07:28.843 [main] INFO org.evosuite.runtime.instrumentation.EvoClassLoader - Instrumenting class 'net.sf.saxon.resource.JSONResource$1'.
18:07:28.843 [main] INFO org.evosuite.runtime.instrumentation.MethodCallReplacementClassAdapter - Adding mock interface to class net/sf/saxon/resource/JSONResource$1
18:07:28.844 [main] INFO org.evosuite.runtime.instrumentation.EvoClassLoader - Keeping class: net.sf.saxon.resource.JSONResource$1
18:07:28.844 [main] INFO org.evosuite.runtime.instrumentation.EvoClassLoader - Seeing class for first time: net.sf.saxon.resource.JSONResource
18:07:28.844 [main] INFO org.evosuite.runtime.instrumentation.EvoClassLoader - Instrumenting class 'net.sf.saxon.resource.JSONResource'.
18:07:28.844 [main] INFO org.evosuite.runtime.instrumentation.MethodCallReplacementClassAdapter - Adding mock interface to class net/sf/saxon/resource/JSONResource
18:07:28.844 [main] INFO org.evosuite.runtime.instrumentation.CreateClassResetClassAdapter - Found static initializer in class net/sf/saxon/resource/JSONResource
18:07:28.844 [main] INFO org.evosuite.runtime.instrumentation.EvoClassLoader - Keeping class: net.sf.saxon.resource.JSONResource
18:07:28.845 [main] INFO org.evosuite.runtime.instrumentation.EvoClassLoader - Seeing class for first time: net.sf.saxon.lib.XQueryFunctionAnnotationHandler$DisallowedCombination
18:07:28.845 [main] INFO org.evosuite.runtime.instrumentation.EvoClassLoader - Instrumenting class 'net.sf.saxon.lib.XQueryFunctionAnnotationHandler$DisallowedCombination'.
18:07:28.846 [main] INFO org.evosuite.runtime.instrumentation.MethodCallReplacementClassAdapter - Adding mock interface to class net/sf/saxon/lib/XQueryFunctionAnnotationHandler$DisallowedCombination
18:07:28.846 [main] INFO org.evosuite.runtime.instrumentation.CreateClassResetClassAdapter - Creating brand-new static initializer in class net/sf/saxon/lib/XQueryFunctionAnnotationHandler$DisallowedCombination
18:07:28.846 [main] INFO org.evosuite.runtime.instrumentation.EvoClassLoader - Keeping class: net.sf.saxon.lib.XQueryFunctionAnnotationHandler$DisallowedCombination
18:07:28.846 [main] INFO org.evosuite.runtime.instrumentation.EvoClassLoader - Seeing class for first time: net.sf.saxon.lib.XQueryFunctionAnnotationHandler
18:07:28.846 [main] INFO org.evosuite.runtime.instrumentation.EvoClassLoader - Instrumenting class 'net.sf.saxon.lib.XQueryFunctionAnnotationHandler'.
18:07:28.847 [main] INFO org.evosuite.runtime.instrumentation.MethodCallReplacementClassAdapter - Adding mock interface to class net/sf/saxon/lib/XQueryFunctionAnnotationHandler
18:07:28.848 [main] INFO org.evosuite.runtime.instrumentation.CreateClassResetClassAdapter - Found static initializer in class net/sf/saxon/lib/XQueryFunctionAnnotationHandler
18:07:28.848 [main] INFO org.evosuite.runtime.instrumentation.EvoClassLoader - Keeping class: net.sf.saxon.lib.XQueryFunctionAnnotationHandler
18:07:28.849 [main] INFO org.evosuite.runtime.instrumentation.EvoClassLoader - Seeing class for first time: net.sf.saxon.query.Annotation
18:07:28.849 [main] INFO org.evosuite.runtime.instrumentation.EvoClassLoader - Instrumenting class 'net.sf.saxon.query.Annotation'.
18:07:28.849 [main] INFO org.evosuite.runtime.instrumentation.MethodCallReplacementClassAdapter - Adding mock interface to class net/sf/saxon/query/Annotation
18:07:28.850 [main] INFO org.evosuite.runtime.instrumentation.CreateClassResetClassAdapter - Found static initializer in class net/sf/saxon/query/Annotation
18:07:28.850 [main] INFO org.evosuite.runtime.instrumentation.EvoClassLoader - Keeping class: net.sf.saxon.query.Annotation
18:07:28.851 [main] INFO org.evosuite.runtime.instrumentation.EvoClassLoader - Seeing class for first time: net.sf.saxon.expr.EarlyEvaluationContext
18:07:28.851 [main] INFO org.evosuite.runtime.instrumentation.EvoClassLoader - Instrumenting class 'net.sf.saxon.expr.EarlyEvaluationContext'.
18:07:28.852 [main] INFO org.evosuite.runtime.instrumentation.MethodCallReplacementClassAdapter - Adding mock interface to class net/sf/saxon/expr/EarlyEvaluationContext
18:07:28.852 [main] INFO org.evosuite.runtime.instrumentation.CreateClassResetClassAdapter - Creating brand-new static initializer in class net/sf/saxon/expr/EarlyEvaluationContext
18:07:28.852 [main] INFO org.evosuite.runtime.instrumentation.EvoClassLoader - Keeping class: net.sf.saxon.expr.EarlyEvaluationContext
18:07:28.852 [main] INFO org.evosuite.runtime.instrumentation.EvoClassLoader - Seeing class for first time: net.sf.saxon.expr.XPathContextMajor
18:07:28.852 [main] INFO org.evosuite.runtime.instrumentation.EvoClassLoader - Instrumenting class 'net.sf.saxon.expr.XPathContextMajor'.
18:07:28.853 [main] INFO org.evosuite.runtime.instrumentation.MethodCallReplacementClassAdapter - Adding mock interface to class net/sf/saxon/expr/XPathContextMajor
18:07:28.856 [main] INFO org.evosuite.runtime.instrumentation.CreateClassResetClassAdapter - Creating brand-new static initializer in class net/sf/saxon/expr/XPathContextMajor
18:07:28.857 [main] INFO org.evosuite.runtime.instrumentation.EvoClassLoader - Seeing class for first time: net.sf.saxon.expr.XPathContextMinor
18:07:28.857 [main] INFO org.evosuite.runtime.instrumentation.EvoClassLoader - Instrumenting class 'net.sf.saxon.expr.XPathContextMinor'.
18:07:28.857 [main] INFO org.evosuite.runtime.instrumentation.MethodCallReplacementClassAdapter - Adding mock interface to class net/sf/saxon/expr/XPathContextMinor
18:07:28.857 [main] INFO org.evosuite.runtime.instrumentation.CreateClassResetClassAdapter - Creating brand-new static initializer in class net/sf/saxon/expr/XPathContextMinor
18:07:28.858 [main] INFO org.evosuite.runtime.instrumentation.EvoClassLoader - Keeping class: net.sf.saxon.expr.XPathContextMinor
18:07:28.858 [main] INFO org.evosuite.runtime.instrumentation.EvoClassLoader - Keeping class: net.sf.saxon.expr.XPathContextMajor
18:07:28.858 [main] INFO org.evosuite.runtime.instrumentation.EvoClassLoader - Seeing class for first time: net.sf.saxon.Controller
18:07:28.858 [main] INFO org.evosuite.runtime.instrumentation.EvoClassLoader - Instrumenting class 'net.sf.saxon.Controller'.
18:07:28.859 [main] INFO org.evosuite.runtime.instrumentation.MethodCallReplacementClassAdapter - Adding mock interface to class net/sf/saxon/Controller
18:07:28.871 [main] INFO org.evosuite.runtime.instrumentation.CreateClassResetClassAdapter - Creating brand-new static initializer in class net/sf/saxon/Controller
18:07:28.871 [main] INFO org.evosuite.runtime.instrumentation.CreateClassResetClassAdapter - Adding bytecode for initializing field ANONYMOUS_PRINCIPAL_OUTPUT_URI
18:07:28.873 [main] INFO org.evosuite.runtime.instrumentation.EvoClassLoader - Keeping class: net.sf.saxon.Controller
18:07:28.873 [main] INFO org.evosuite.runtime.instrumentation.EvoClassLoader - Seeing class for first time: net.sf.saxon.om.FocusTrackingIterator
18:07:28.873 [main] INFO org.evosuite.runtime.instrumentation.EvoClassLoader - Instrumenting class 'net.sf.saxon.om.FocusTrackingIterator'.
18:07:28.874 [main] INFO org.evosuite.runtime.instrumentation.MethodCallReplacementClassAdapter - Adding mock interface to class net/sf/saxon/om/FocusTrackingIterator
18:07:28.875 [main] INFO org.evosuite.runtime.instrumentation.CreateClassResetClassAdapter - Creating brand-new static initializer in class net/sf/saxon/om/FocusTrackingIterator
18:07:28.875 [main] INFO org.evosuite.runtime.instrumentation.EvoClassLoader - Keeping class: net.sf.saxon.om.FocusTrackingIterator
18:07:28.875 [main] INFO org.evosuite.runtime.instrumentation.EvoClassLoader - Seeing class for first time: net.sf.saxon.expr.Component
18:07:28.875 [main] INFO org.evosuite.runtime.instrumentation.EvoClassLoader - Instrumenting class 'net.sf.saxon.expr.Component'.
18:07:28.876 [main] INFO org.evosuite.runtime.instrumentation.MethodCallReplacementClassAdapter - Adding mock interface to class net/sf/saxon/expr/Component
18:07:28.878 [main] INFO org.evosuite.runtime.instrumentation.CreateClassResetClassAdapter - Creating brand-new static initializer in class net/sf/saxon/expr/Component
18:07:28.879 [main] INFO org.evosuite.runtime.instrumentation.EvoClassLoader - Keeping class: net.sf.saxon.expr.Component
18:07:28.879 [main] INFO org.evosuite.runtime.instrumentation.EvoClassLoader - Seeing class for first time: net.sf.saxon.expr.StackFrame
18:07:28.879 [main] INFO org.evosuite.runtime.instrumentation.EvoClassLoader - Instrumenting class 'net.sf.saxon.expr.StackFrame'.
18:07:28.880 [main] INFO org.evosuite.runtime.instrumentation.MethodCallReplacementClassAdapter - Adding mock interface to class net/sf/saxon/expr/StackFrame
18:07:28.880 [main] INFO org.evosuite.runtime.instrumentation.CreateClassResetClassAdapter - Found static initializer in class net/sf/saxon/expr/StackFrame
18:07:28.881 [main] INFO org.evosuite.runtime.instrumentation.EvoClassLoader - Keeping class: net.sf.saxon.expr.StackFrame
18:07:28.881 [main] INFO org.evosuite.runtime.instrumentation.EvoClassLoader - Seeing class for first time: net.sf.saxon.expr.Component$M
18:07:28.881 [main] INFO org.evosuite.runtime.instrumentation.EvoClassLoader - Instrumenting class 'net.sf.saxon.expr.Component$M'.
18:07:28.881 [main] INFO org.evosuite.runtime.instrumentation.MethodCallReplacementClassAdapter - Adding mock interface to class net/sf/saxon/expr/Component$M
18:07:28.881 [main] INFO org.evosuite.runtime.instrumentation.CreateClassResetClassAdapter - Creating brand-new static initializer in class net/sf/saxon/expr/Component$M
18:07:28.881 [main] INFO org.evosuite.runtime.instrumentation.EvoClassLoader - Keeping class: net.sf.saxon.expr.Component$M
18:07:28.881 [main] INFO org.evosuite.runtime.instrumentation.EvoClassLoader - Seeing class for first time: net.sf.saxon.trans.rules.Rule
18:07:28.881 [main] INFO org.evosuite.runtime.instrumentation.EvoClassLoader - Instrumenting class 'net.sf.saxon.trans.rules.Rule'.
18:07:28.882 [main] INFO org.evosuite.runtime.instrumentation.MethodCallReplacementClassAdapter - Adding mock interface to class net/sf/saxon/trans/rules/Rule
18:07:28.884 [main] INFO org.evosuite.runtime.instrumentation.CreateClassResetClassAdapter - Creating brand-new static initializer in class net/sf/saxon/trans/rules/Rule
18:07:28.884 [main] INFO org.evosuite.runtime.instrumentation.EvoClassLoader - Keeping class: net.sf.saxon.trans.rules.Rule
18:07:28.884 [main] INFO org.evosuite.runtime.instrumentation.EvoClassLoader - Seeing class for first time: net.sf.saxon.expr.sort.GroupIterator
18:07:28.884 [main] INFO org.evosuite.runtime.instrumentation.EvoClassLoader - Instrumenting class 'net.sf.saxon.expr.sort.GroupIterator'.
18:07:28.884 [main] INFO org.evosuite.runtime.instrumentation.EvoClassLoader - Keeping class: net.sf.saxon.expr.sort.GroupIterator
18:07:28.884 [main] INFO org.evosuite.runtime.instrumentation.EvoClassLoader - Seeing class for first time: net.sf.saxon.regex.RegexIterator
18:07:28.884 [main] INFO org.evosuite.runtime.instrumentation.EvoClassLoader - Instrumenting class 'net.sf.saxon.regex.RegexIterator'.
18:07:28.885 [main] INFO org.evosuite.runtime.instrumentation.EvoClassLoader - Keeping class: net.sf.saxon.regex.RegexIterator
18:07:28.885 [main] INFO org.evosuite.runtime.instrumentation.EvoClassLoader - Seeing class for first time: net.sf.saxon.value.DateTimeValue
18:07:28.885 [main] INFO org.evosuite.runtime.instrumentation.EvoClassLoader - Instrumenting class 'net.sf.saxon.value.DateTimeValue'.
18:07:28.886 [main] INFO org.evosuite.runtime.instrumentation.MethodCallReplacementClassAdapter - Adding mock interface to class net/sf/saxon/value/DateTimeValue
18:07:28.889 [main] INFO org.evosuite.runtime.instrumentation.CreateClassResetClassAdapter - Found static initializer in class net/sf/saxon/value/DateTimeValue
18:07:28.890 [main] INFO org.evosuite.runtime.instrumentation.EvoClassLoader - Seeing class for first time: net.sf.saxon.value.CalendarValue
18:07:28.890 [main] INFO org.evosuite.runtime.instrumentation.EvoClassLoader - Instrumenting class 'net.sf.saxon.value.CalendarValue'.
18:07:28.891 [main] INFO org.evosuite.runtime.instrumentation.MethodCallReplacementClassAdapter - Adding mock interface to class net/sf/saxon/value/CalendarValue
18:07:28.892 [main] INFO org.evosuite.runtime.instrumentation.CreateClassResetClassAdapter - Creating brand-new static initializer in class net/sf/saxon/value/CalendarValue
18:07:28.892 [main] INFO org.evosuite.runtime.instrumentation.CreateClassResetClassAdapter - Adding bytecode for initializing field NO_TIMEZONE
18:07:28.892 [main] INFO org.evosuite.runtime.instrumentation.CreateClassResetClassAdapter - Adding bytecode for initializing field MISSING_TIMEZONE
18:07:28.892 [main] INFO org.evosuite.runtime.instrumentation.EvoClassLoader - Keeping class: net.sf.saxon.value.CalendarValue
18:07:28.892 [main] INFO org.evosuite.runtime.instrumentation.EvoClassLoader - Keeping class: net.sf.saxon.value.DateTimeValue
18:07:28.893 [main] INFO org.evosuite.runtime.instrumentation.EvoClassLoader - Seeing class for first time: net.sf.saxon.event.Stripper
18:07:28.893 [main] INFO org.evosuite.runtime.instrumentation.EvoClassLoader - Instrumenting class 'net.sf.saxon.event.Stripper'.
18:07:28.894 [main] INFO org.evosuite.runtime.instrumentation.MethodCallReplacementClassAdapter - Adding mock interface to class net/sf/saxon/event/Stripper
18:07:28.894 [main] INFO org.evosuite.runtime.instrumentation.CreateClassResetClassAdapter - Found static initializer in class net/sf/saxon/event/Stripper
18:07:28.895 [main] INFO org.evosuite.runtime.instrumentation.EvoClassLoader - Keeping class: net.sf.saxon.event.Stripper
18:07:28.895 [main] INFO org.evosuite.runtime.instrumentation.EvoClassLoader - Seeing class for first time: net.sf.saxon.trans.rules.RuleManager
18:07:28.895 [main] INFO org.evosuite.runtime.instrumentation.EvoClassLoader - Instrumenting class 'net.sf.saxon.trans.rules.RuleManager'.
18:07:28.895 [main] INFO org.evosuite.runtime.instrumentation.MethodCallReplacementClassAdapter - Adding mock interface to class net/sf/saxon/trans/rules/RuleManager
18:07:28.897 [main] INFO org.evosuite.runtime.instrumentation.CreateClassResetClassAdapter - Creating brand-new static initializer in class net/sf/saxon/trans/rules/RuleManager
18:07:28.898 [main] INFO org.evosuite.runtime.instrumentation.EvoClassLoader - Keeping class: net.sf.saxon.trans.rules.RuleManager
18:07:28.898 [main] INFO org.evosuite.runtime.instrumentation.EvoClassLoader - Seeing class for first time: net.sf.saxon.event.SequenceOutputter
18:07:28.898 [main] INFO org.evosuite.runtime.instrumentation.EvoClassLoader - Instrumenting class 'net.sf.saxon.event.SequenceOutputter'.
18:07:28.898 [main] INFO org.evosuite.runtime.instrumentation.MethodCallReplacementClassAdapter - Adding mock interface to class net/sf/saxon/event/SequenceOutputter
18:07:28.898 [main] INFO org.evosuite.runtime.instrumentation.CreateClassResetClassAdapter - Creating brand-new static initializer in class net/sf/saxon/event/SequenceOutputter
18:07:28.898 [main] INFO org.evosuite.runtime.instrumentation.EvoClassLoader - Keeping class: net.sf.saxon.event.SequenceOutputter
18:07:28.898 [main] INFO org.evosuite.runtime.instrumentation.EvoClassLoader - Seeing class for first time: net.sf.saxon.expr.instruct.Bindery
18:07:28.898 [main] INFO org.evosuite.runtime.instrumentation.EvoClassLoader - Instrumenting class 'net.sf.saxon.expr.instruct.Bindery'.
18:07:28.899 [main] INFO org.evosuite.runtime.instrumentation.MethodCallReplacementClassAdapter - Adding mock interface to class net/sf/saxon/expr/instruct/Bindery
18:07:28.899 [main] INFO org.evosuite.runtime.instrumentation.CreateClassResetClassAdapter - Creating brand-new static initializer in class net/sf/saxon/expr/instruct/Bindery
18:07:28.899 [main] INFO org.evosuite.runtime.instrumentation.EvoClassLoader - Keeping class: net.sf.saxon.expr.instruct.Bindery
18:07:28.899 [main] INFO org.evosuite.runtime.instrumentation.EvoClassLoader - Seeing class for first time: net.sf.saxon.expr.instruct.GlobalVariable
18:07:28.899 [main] INFO org.evosuite.runtime.instrumentation.EvoClassLoader - Instrumenting class 'net.sf.saxon.expr.instruct.GlobalVariable'.
18:07:28.900 [main] INFO org.evosuite.runtime.instrumentation.MethodCallReplacementClassAdapter - Adding mock interface to class net/sf/saxon/expr/instruct/GlobalVariable
18:07:28.902 [main] INFO org.evosuite.runtime.instrumentation.CreateClassResetClassAdapter - Found static initializer in class net/sf/saxon/expr/instruct/GlobalVariable
18:07:28.902 [main] INFO org.evosuite.runtime.instrumentation.EvoClassLoader - Seeing class for first time: net.sf.saxon.query.Declaration
18:07:28.902 [main] INFO org.evosuite.runtime.instrumentation.EvoClassLoader - Instrumenting class 'net.sf.saxon.query.Declaration'.
18:07:28.903 [main] INFO org.evosuite.runtime.instrumentation.EvoClassLoader - Keeping class: net.sf.saxon.query.Declaration
18:07:28.903 [main] INFO org.evosuite.runtime.instrumentation.EvoClassLoader - Keeping class: net.sf.saxon.expr.instruct.GlobalVariable
18:07:28.903 [main] INFO org.evosuite.runtime.instrumentation.EvoClassLoader - Seeing class for first time: net.sf.saxon.trans.StylesheetCache
18:07:28.903 [main] INFO org.evosuite.runtime.instrumentation.EvoClassLoader - Instrumenting class 'net.sf.saxon.trans.StylesheetCache'.
18:07:28.904 [main] INFO org.evosuite.runtime.instrumentation.MethodCallReplacementClassAdapter - Adding mock interface to class net/sf/saxon/trans/StylesheetCache
18:07:28.904 [main] INFO org.evosuite.runtime.instrumentation.CreateClassResetClassAdapter - Creating brand-new static initializer in class net/sf/saxon/trans/StylesheetCache
18:07:28.904 [main] INFO org.evosuite.runtime.instrumentation.EvoClassLoader - Keeping class: net.sf.saxon.trans.StylesheetCache
18:07:28.905 [main] INFO org.evosuite.runtime.instrumentation.EvoClassLoader - Seeing class for first time: net.sf.saxon.expr.instruct.GlobalContextRequirement
18:07:28.905 [main] INFO org.evosuite.runtime.instrumentation.EvoClassLoader - Instrumenting class 'net.sf.saxon.expr.instruct.GlobalContextRequirement'.
18:07:28.905 [main] INFO org.evosuite.runtime.instrumentation.MethodCallReplacementClassAdapter - Adding mock interface to class net/sf/saxon/expr/instruct/GlobalContextRequirement
18:07:28.905 [main] INFO org.evosuite.runtime.instrumentation.CreateClassResetClassAdapter - Creating brand-new static initializer in class net/sf/saxon/expr/instruct/GlobalContextRequirement
18:07:28.905 [main] INFO org.evosuite.runtime.instrumentation.EvoClassLoader - Keeping class: net.sf.saxon.expr.instruct.GlobalContextRequirement
18:07:28.905 [main] INFO org.evosuite.runtime.instrumentation.EvoClassLoader - Seeing class for first time: net.sf.saxon.expr.instruct.GlobalParam
18:07:28.905 [main] INFO org.evosuite.runtime.instrumentation.EvoClassLoader - Instrumenting class 'net.sf.saxon.expr.instruct.GlobalParam'.
18:07:28.906 [main] INFO org.evosuite.runtime.instrumentation.MethodCallReplacementClassAdapter - Adding mock interface to class net/sf/saxon/expr/instruct/GlobalParam
18:07:28.906 [main] INFO org.evosuite.runtime.instrumentation.CreateClassResetClassAdapter - Found static initializer in class net/sf/saxon/expr/instruct/GlobalParam
18:07:28.906 [main] INFO org.evosuite.runtime.instrumentation.EvoClassLoader - Keeping class: net.sf.saxon.expr.instruct.GlobalParam
18:07:28.906 [main] INFO org.evosuite.runtime.instrumentation.EvoClassLoader - Seeing class for first time: net.sf.saxon.lib.StandardErrorListener
18:07:28.906 [main] INFO org.evosuite.runtime.instrumentation.EvoClassLoader - Instrumenting class 'net.sf.saxon.lib.StandardErrorListener'.
18:07:28.909 [main] INFO org.evosuite.runtime.instrumentation.MethodCallReplacementClassAdapter - Adding mock interface to class net/sf/saxon/lib/StandardErrorListener
18:07:28.919 [main] INFO org.evosuite.runtime.instrumentation.CreateClassResetClassAdapter - Creating brand-new static initializer in class net/sf/saxon/lib/StandardErrorListener
18:07:28.920 [main] INFO org.evosuite.runtime.instrumentation.EvoClassLoader - Keeping class: net.sf.saxon.lib.StandardErrorListener
18:07:28.921 [main] INFO org.evosuite.runtime.instrumentation.EvoClassLoader - Seeing class for first time: net.sf.saxon.regex.LatinString
18:07:28.921 [main] INFO org.evosuite.runtime.instrumentation.EvoClassLoader - Instrumenting class 'net.sf.saxon.regex.LatinString'.
18:07:28.922 [main] INFO org.evosuite.runtime.instrumentation.MethodCallReplacementClassAdapter - Adding mock interface to class net/sf/saxon/regex/LatinString
18:07:28.922 [main] INFO org.evosuite.runtime.instrumentation.CreateClassResetClassAdapter - Found static initializer in class net/sf/saxon/regex/LatinString
18:07:28.923 [main] INFO org.evosuite.runtime.instrumentation.EvoClassLoader - Keeping class: net.sf.saxon.regex.LatinString
18:07:28.923 [main] INFO org.evosuite.runtime.instrumentation.EvoClassLoader - Seeing class for first time: net.sf.saxon.regex.BMPString
18:07:28.923 [main] INFO org.evosuite.runtime.instrumentation.EvoClassLoader - Instrumenting class 'net.sf.saxon.regex.BMPString'.
18:07:28.923 [main] INFO org.evosuite.runtime.instrumentation.MethodCallReplacementClassAdapter - Adding mock interface to class net/sf/saxon/regex/BMPString
18:07:28.924 [main] INFO org.evosuite.runtime.instrumentation.CreateClassResetClassAdapter - Creating brand-new static initializer in class net/sf/saxon/regex/BMPString
18:07:28.924 [main] INFO org.evosuite.runtime.instrumentation.EvoClassLoader - Keeping class: net.sf.saxon.regex.BMPString
18:07:28.924 [main] INFO org.evosuite.runtime.instrumentation.EvoClassLoader - Seeing class for first time: net.sf.saxon.regex.GeneralUnicodeString
18:07:28.924 [main] INFO org.evosuite.runtime.instrumentation.EvoClassLoader - Instrumenting class 'net.sf.saxon.regex.GeneralUnicodeString'.
18:07:28.925 [main] INFO org.evosuite.runtime.instrumentation.MethodCallReplacementClassAdapter - Adding mock interface to class net/sf/saxon/regex/GeneralUnicodeString
18:07:28.926 [main] INFO org.evosuite.runtime.instrumentation.CreateClassResetClassAdapter - Creating brand-new static initializer in class net/sf/saxon/regex/GeneralUnicodeString
18:07:28.926 [main] INFO org.evosuite.runtime.instrumentation.EvoClassLoader - Keeping class: net.sf.saxon.regex.GeneralUnicodeString
18:07:28.927 [main] INFO org.evosuite.runtime.instrumentation.EvoClassLoader - Seeing class for first time: net.sf.saxon.trans.XsltController
18:07:28.927 [main] INFO org.evosuite.runtime.instrumentation.EvoClassLoader - Instrumenting class 'net.sf.saxon.trans.XsltController'.
18:07:28.930 [main] INFO org.evosuite.runtime.instrumentation.MethodCallReplacementClassAdapter - Adding mock interface to class net/sf/saxon/trans/XsltController
18:07:28.946 [main] INFO org.evosuite.runtime.instrumentation.CreateClassResetClassAdapter - Creating brand-new static initializer in class net/sf/saxon/trans/XsltController
18:07:28.947 [main] INFO org.evosuite.runtime.instrumentation.EvoClassLoader - Keeping class: net.sf.saxon.trans.XsltController
18:07:28.948 [main] INFO org.evosuite.runtime.instrumentation.EvoClassLoader - Seeing class for first time: net.sf.saxon.expr.TailCallLoop$TailCallInfo
18:07:28.948 [main] INFO org.evosuite.runtime.instrumentation.EvoClassLoader - Instrumenting class 'net.sf.saxon.expr.TailCallLoop$TailCallInfo'.
18:07:28.948 [main] INFO org.evosuite.runtime.instrumentation.EvoClassLoader - Keeping class: net.sf.saxon.expr.TailCallLoop$TailCallInfo
18:07:28.950 [main] INFO org.evosuite.runtime.instrumentation.EvoClassLoader - Seeing class for first time: io.netty.util.ReferenceCountUtil
18:07:28.950 [main] INFO org.evosuite.runtime.instrumentation.EvoClassLoader - Instrumenting class 'io.netty.util.ReferenceCountUtil'.
18:07:28.951 [main] INFO org.evosuite.runtime.instrumentation.MethodCallReplacementClassAdapter - Adding mock interface to class io/netty/util/ReferenceCountUtil
18:07:28.951 [main] INFO org.evosuite.runtime.instrumentation.CreateClassResetClassAdapter - Found static initializer in class io/netty/util/ReferenceCountUtil
18:07:28.952 [main] INFO org.evosuite.runtime.instrumentation.EvoClassLoader - Keeping class: io.netty.util.ReferenceCountUtil
18:07:28.953 [main] INFO org.evosuite.runtime.instrumentation.EvoClassLoader - Seeing class for first time: io.netty.buffer.PoolThreadCache$FreeOnFinalize
18:07:28.953 [main] INFO org.evosuite.runtime.instrumentation.EvoClassLoader - Instrumenting class 'io.netty.buffer.PoolThreadCache$FreeOnFinalize'.
18:07:28.954 [main] INFO org.evosuite.runtime.instrumentation.MethodCallReplacementClassAdapter - Adding mock interface to class io/netty/buffer/PoolThreadCache$FreeOnFinalize
18:07:28.955 [main] INFO org.evosuite.runtime.instrumentation.CreateClassResetClassAdapter - Creating brand-new static initializer in class io/netty/buffer/PoolThreadCache$FreeOnFinalize
18:07:28.955 [main] INFO org.evosuite.runtime.instrumentation.EvoClassLoader - Keeping class: io.netty.buffer.PoolThreadCache$FreeOnFinalize
]]></system-out>
  </testcase>
  <testcase name="test28" classname="io.netty.buffer.AbstractByteBufAllocator_ESTest" time="0.049">
    <system-out><![CDATA[18:07:28.965 [main] DEBUG io.netty.util.internal.logging.InternalLoggerFactory - Using SLF4J as the default logging framework
18:07:28.965 [main] DEBUG io.netty.util.ResourceLeakDetector - -Dio.netty.leakDetection.level: simple
18:07:28.965 [main] DEBUG io.netty.util.ResourceLeakDetector - -Dio.netty.leakDetection.targetRecords: 4
18:07:28.965 [main] DEBUG io.netty.util.internal.InternalThreadLocalMap - -Dio.netty.threadLocalMap.stringBuilder.initialSize: 1024
18:07:28.965 [main] DEBUG io.netty.util.internal.InternalThreadLocalMap - -Dio.netty.threadLocalMap.stringBuilder.maxSize: 4096
18:07:28.966 [main] DEBUG io.netty.util.internal.PlatformDependent0 - -Dio.netty.noUnsafe: false
18:07:28.966 [main] DEBUG io.netty.util.internal.PlatformDependent0 - Java version: 8
18:07:28.966 [main] DEBUG io.netty.util.internal.PlatformDependent0 - sun.misc.Unsafe.theUnsafe: available
18:07:28.966 [main] DEBUG io.netty.util.internal.PlatformDependent0 - sun.misc.Unsafe.copyMemory: available
18:07:28.966 [main] DEBUG io.netty.util.internal.PlatformDependent0 - sun.misc.Unsafe.storeFence: available
18:07:28.966 [main] DEBUG io.netty.util.internal.PlatformDependent0 - java.nio.Buffer.address: available
18:07:28.966 [main] DEBUG io.netty.util.internal.PlatformDependent0 - direct buffer constructor: available
18:07:28.966 [main] DEBUG io.netty.util.internal.PlatformDependent0 - java.nio.Bits.unaligned: available, true
18:07:28.966 [main] DEBUG io.netty.util.internal.PlatformDependent0 - jdk.internal.misc.Unsafe.allocateUninitializedArray(int): unavailable prior to Java9
18:07:28.966 [main] DEBUG io.netty.util.internal.PlatformDependent0 - java.nio.DirectByteBuffer.<init>(long, {int,long}): available
18:07:28.966 [main] DEBUG io.netty.util.internal.CleanerJava6 - java.nio.ByteBuffer.cleaner(): available
18:07:28.966 [main] DEBUG io.netty.util.internal.PlatformDependent - sun.misc.Unsafe: available
18:07:28.966 [main] DEBUG io.netty.util.internal.PlatformDependent - -Dio.netty.tmpdir: /tmp (java.io.tmpdir)
18:07:28.966 [main] DEBUG io.netty.util.internal.PlatformDependent - -Dio.netty.bitMode: 64 (sun.arch.data.model)
18:07:28.966 [main] DEBUG io.netty.util.internal.PlatformDependent - -Dio.netty.maxDirectMemory: 11420041216 bytes
18:07:28.966 [main] DEBUG io.netty.util.internal.PlatformDependent - -Dio.netty.uninitializedArrayAllocationThreshold: -1
18:07:28.966 [main] DEBUG io.netty.util.internal.PlatformDependent - -Dio.netty.noPreferDirect: false
18:07:28.967 [main] DEBUG io.netty.buffer.PooledByteBufAllocator - -Dio.netty.allocator.numHeapArenas: 0
18:07:28.967 [main] DEBUG io.netty.buffer.PooledByteBufAllocator - -Dio.netty.allocator.numDirectArenas: 2
18:07:28.967 [main] DEBUG io.netty.buffer.PooledByteBufAllocator - -Dio.netty.allocator.pageSize: 8192
18:07:28.967 [main] DEBUG io.netty.buffer.PooledByteBufAllocator - -Dio.netty.allocator.maxOrder: 9
18:07:28.967 [main] DEBUG io.netty.buffer.PooledByteBufAllocator - -Dio.netty.allocator.chunkSize: 4194304
18:07:28.967 [main] DEBUG io.netty.buffer.PooledByteBufAllocator - -Dio.netty.allocator.smallCacheSize: 256
18:07:28.967 [main] DEBUG io.netty.buffer.PooledByteBufAllocator - -Dio.netty.allocator.normalCacheSize: 64
18:07:28.967 [main] DEBUG io.netty.buffer.PooledByteBufAllocator - -Dio.netty.allocator.maxCachedBufferCapacity: 32768
18:07:28.967 [main] DEBUG io.netty.buffer.PooledByteBufAllocator - -Dio.netty.allocator.cacheTrimInterval: 8192
18:07:28.967 [main] DEBUG io.netty.buffer.PooledByteBufAllocator - -Dio.netty.allocator.cacheTrimIntervalMillis: 0
18:07:28.967 [main] DEBUG io.netty.buffer.PooledByteBufAllocator - -Dio.netty.allocator.useCacheForAllThreads: false
18:07:28.967 [main] DEBUG io.netty.buffer.PooledByteBufAllocator - -Dio.netty.allocator.maxCachedByteBuffersPerChunk: 1023
18:07:28.967 [main] DEBUG io.netty.buffer.ByteBufUtil - -Dio.netty.allocator.type: pooled
18:07:28.967 [main] DEBUG io.netty.buffer.ByteBufUtil - -Dio.netty.threadLocalDirectBufferSize: 0
18:07:28.967 [main] DEBUG io.netty.buffer.ByteBufUtil - -Dio.netty.maxThreadLocalCharBufferSize: 16384
18:07:28.968 [main] DEBUG io.netty.buffer.AbstractByteBuf - -Dio.netty.buffer.checkAccessible: true
18:07:28.968 [main] DEBUG io.netty.buffer.AbstractByteBuf - -Dio.netty.buffer.checkBounds: true
18:07:28.968 [main] DEBUG io.netty.util.ResourceLeakDetectorFactory - Loaded default ResourceLeakDetector: io.netty.util.ResourceLeakDetector@5
18:07:28.968 [main] DEBUG io.netty.util.internal.CleanerJava9 - java.nio.ByteBuffer.cleaner(): unavailable
java.lang.NoSuchMethodException: sun.misc.Unsafe.invokeCleaner(java.nio.ByteBuffer)
	at java.lang.Class.getDeclaredMethod(Class.java:2130)
	at io.netty.util.internal.CleanerJava9$1.run(CleanerJava9.java:45)
	at java.security.AccessController.doPrivileged(Native Method)
	at io.netty.util.internal.CleanerJava9.__STATIC_RESET(CleanerJava9.java:40)
	at sun.reflect.NativeMethodAccessorImpl.invoke0(Native Method)
	at sun.reflect.NativeMethodAccessorImpl.invoke(NativeMethodAccessorImpl.java:62)
	at sun.reflect.DelegatingMethodAccessorImpl.invoke(DelegatingMethodAccessorImpl.java:43)
	at java.lang.reflect.Method.invoke(Method.java:498)
	at org.evosuite.runtime.classhandling.ClassResetter.reset(ClassResetter.java:159)
	at org.evosuite.runtime.classhandling.ClassStateSupport.resetClasses(ClassStateSupport.java:137)
	at io.netty.buffer.AbstractByteBufAllocator_ESTest_scaffolding.resetClasses(AbstractByteBufAllocator_ESTest_scaffolding.java:308)
	at io.netty.buffer.AbstractByteBufAllocator_ESTest_scaffolding.doneWithTestCase(AbstractByteBufAllocator_ESTest_scaffolding.java:68)
	at sun.reflect.NativeMethodAccessorImpl.invoke0(Native Method)
	at sun.reflect.NativeMethodAccessorImpl.invoke(NativeMethodAccessorImpl.java:62)
	at sun.reflect.DelegatingMethodAccessorImpl.invoke(DelegatingMethodAccessorImpl.java:43)
	at java.lang.reflect.Method.invoke(Method.java:498)
	at org.junit.runners.model.FrameworkMethod$1.runReflectiveCall(FrameworkMethod.java:59)
	at org.junit.internal.runners.model.ReflectiveCallable.run(ReflectiveCallable.java:12)
	at org.junit.runners.model.FrameworkMethod.invokeExplosively(FrameworkMethod.java:56)
	at org.junit.internal.runners.statements.RunAfters.invokeMethod(RunAfters.java:46)
	at org.junit.internal.runners.statements.RunAfters.evaluate(RunAfters.java:33)
	at org.evosuite.runtime.vnet.NonFunctionalRequirementRule$1.evaluate(NonFunctionalRequirementRule.java:41)
	at org.junit.runners.ParentRunner$3.evaluate(ParentRunner.java:306)
	at org.junit.runners.BlockJUnit4ClassRunner$1.evaluate(BlockJUnit4ClassRunner.java:100)
	at org.junit.runners.ParentRunner.runLeaf(ParentRunner.java:366)
	at org.junit.runners.BlockJUnit4ClassRunner.runChild(BlockJUnit4ClassRunner.java:103)
	at org.junit.runners.BlockJUnit4ClassRunner.runChild(BlockJUnit4ClassRunner.java:63)
	at org.junit.runners.ParentRunner$4.run(ParentRunner.java:331)
	at org.junit.runners.ParentRunner$1.schedule(ParentRunner.java:79)
	at org.junit.runners.ParentRunner.runChildren(ParentRunner.java:329)
	at org.junit.runners.ParentRunner.access$100(ParentRunner.java:66)
	at org.junit.runners.ParentRunner$2.evaluate(ParentRunner.java:293)
	at org.junit.internal.runners.statements.RunBefores.evaluate(RunBefores.java:26)
	at org.junit.internal.runners.statements.RunAfters.evaluate(RunAfters.java:27)
	at org.junit.runners.ParentRunner$3.evaluate(ParentRunner.java:306)
	at org.junit.runners.ParentRunner.run(ParentRunner.java:413)
	at org.apache.maven.surefire.junit4.JUnit4Provider.execute(JUnit4Provider.java:316)
	at org.apache.maven.surefire.junit4.JUnit4Provider.executeWithRerun(JUnit4Provider.java:240)
	at org.apache.maven.surefire.junit4.JUnit4Provider.executeTestSet(JUnit4Provider.java:214)
	at org.apache.maven.surefire.junit4.JUnit4Provider.invoke(JUnit4Provider.java:155)
	at org.apache.maven.surefire.booter.ForkedBooter.runSuitesInProcess(ForkedBooter.java:385)
	at org.apache.maven.surefire.booter.ForkedBooter.execute(ForkedBooter.java:162)
	at org.apache.maven.surefire.booter.ForkedBooter.run(ForkedBooter.java:507)
	at org.apache.maven.surefire.booter.ForkedBooter.main(ForkedBooter.java:495)
18:07:28.970 [main] DEBUG io.netty.buffer.AdvancedLeakAwareByteBuf - -Dio.netty.leakDetection.acquireAndReleaseOnly: false
18:07:28.980 [main] DEBUG io.netty.util.Recycler - -Dio.netty.recycler.maxCapacityPerThread: 4096
18:07:28.980 [main] DEBUG io.netty.util.Recycler - -Dio.netty.recycler.ratio: 8
18:07:28.980 [main] DEBUG io.netty.util.Recycler - -Dio.netty.recycler.chunkSize: 32
18:07:28.980 [main] DEBUG io.netty.util.Recycler - -Dio.netty.recycler.blocking: false
18:07:28.980 [main] DEBUG io.netty.util.Recycler - -Dio.netty.recycler.batchFastThreadLocalOnly: true
18:07:28.980 [main] DEBUG io.netty.util.internal.PlatformDependent - org.jctools-core.MpscChunkedArrayQueue: available
]]></system-out>
  </testcase>
  <testcase name="test07" classname="io.netty.buffer.AbstractByteBufAllocator_ESTest" time="0.018">
    <system-out><![CDATA[18:07:28.996 [main] DEBUG io.netty.util.internal.logging.InternalLoggerFactory - Using SLF4J as the default logging framework
18:07:28.997 [main] DEBUG io.netty.util.ResourceLeakDetector - -Dio.netty.leakDetection.level: simple
18:07:28.997 [main] DEBUG io.netty.util.ResourceLeakDetector - -Dio.netty.leakDetection.targetRecords: 4
18:07:28.998 [main] DEBUG io.netty.util.internal.InternalThreadLocalMap - -Dio.netty.threadLocalMap.stringBuilder.initialSize: 1024
18:07:28.998 [main] DEBUG io.netty.util.internal.InternalThreadLocalMap - -Dio.netty.threadLocalMap.stringBuilder.maxSize: 4096
18:07:28.998 [main] DEBUG io.netty.util.internal.PlatformDependent0 - -Dio.netty.noUnsafe: false
18:07:28.998 [main] DEBUG io.netty.util.internal.PlatformDependent0 - Java version: 8
18:07:28.998 [main] DEBUG io.netty.util.internal.PlatformDependent0 - sun.misc.Unsafe.theUnsafe: available
18:07:28.998 [main] DEBUG io.netty.util.internal.PlatformDependent0 - sun.misc.Unsafe.copyMemory: available
18:07:28.998 [main] DEBUG io.netty.util.internal.PlatformDependent0 - sun.misc.Unsafe.storeFence: available
18:07:28.998 [main] DEBUG io.netty.util.internal.PlatformDependent0 - java.nio.Buffer.address: available
18:07:28.998 [main] DEBUG io.netty.util.internal.PlatformDependent0 - direct buffer constructor: available
18:07:28.999 [main] DEBUG io.netty.util.internal.PlatformDependent0 - java.nio.Bits.unaligned: available, true
18:07:28.999 [main] DEBUG io.netty.util.internal.PlatformDependent0 - jdk.internal.misc.Unsafe.allocateUninitializedArray(int): unavailable prior to Java9
18:07:28.999 [main] DEBUG io.netty.util.internal.PlatformDependent0 - java.nio.DirectByteBuffer.<init>(long, {int,long}): available
18:07:28.999 [main] DEBUG io.netty.util.internal.CleanerJava6 - java.nio.ByteBuffer.cleaner(): available
18:07:28.999 [main] DEBUG io.netty.util.internal.PlatformDependent - sun.misc.Unsafe: available
18:07:28.999 [main] DEBUG io.netty.util.internal.PlatformDependent - -Dio.netty.tmpdir: /tmp (java.io.tmpdir)
18:07:28.999 [main] DEBUG io.netty.util.internal.PlatformDependent - -Dio.netty.bitMode: 64 (sun.arch.data.model)
18:07:28.999 [main] DEBUG io.netty.util.internal.PlatformDependent - -Dio.netty.maxDirectMemory: 11420041216 bytes
18:07:28.999 [main] DEBUG io.netty.util.internal.PlatformDependent - -Dio.netty.uninitializedArrayAllocationThreshold: -1
18:07:28.999 [main] DEBUG io.netty.util.internal.PlatformDependent - -Dio.netty.noPreferDirect: false
18:07:29.001 [main] DEBUG io.netty.buffer.PooledByteBufAllocator - -Dio.netty.allocator.numHeapArenas: 0
18:07:29.001 [main] DEBUG io.netty.buffer.PooledByteBufAllocator - -Dio.netty.allocator.numDirectArenas: 2
18:07:29.001 [main] DEBUG io.netty.buffer.PooledByteBufAllocator - -Dio.netty.allocator.pageSize: 8192
18:07:29.001 [main] DEBUG io.netty.buffer.PooledByteBufAllocator - -Dio.netty.allocator.maxOrder: 9
18:07:29.001 [main] DEBUG io.netty.buffer.PooledByteBufAllocator - -Dio.netty.allocator.chunkSize: 4194304
18:07:29.001 [main] DEBUG io.netty.buffer.PooledByteBufAllocator - -Dio.netty.allocator.smallCacheSize: 256
18:07:29.001 [main] DEBUG io.netty.buffer.PooledByteBufAllocator - -Dio.netty.allocator.normalCacheSize: 64
18:07:29.001 [main] DEBUG io.netty.buffer.PooledByteBufAllocator - -Dio.netty.allocator.maxCachedBufferCapacity: 32768
18:07:29.001 [main] DEBUG io.netty.buffer.PooledByteBufAllocator - -Dio.netty.allocator.cacheTrimInterval: 8192
18:07:29.001 [main] DEBUG io.netty.buffer.PooledByteBufAllocator - -Dio.netty.allocator.cacheTrimIntervalMillis: 0
18:07:29.001 [main] DEBUG io.netty.buffer.PooledByteBufAllocator - -Dio.netty.allocator.useCacheForAllThreads: false
18:07:29.001 [main] DEBUG io.netty.buffer.PooledByteBufAllocator - -Dio.netty.allocator.maxCachedByteBuffersPerChunk: 1023
18:07:29.002 [main] DEBUG io.netty.buffer.ByteBufUtil - -Dio.netty.allocator.type: pooled
18:07:29.002 [main] DEBUG io.netty.buffer.ByteBufUtil - -Dio.netty.threadLocalDirectBufferSize: 0
18:07:29.002 [main] DEBUG io.netty.buffer.ByteBufUtil - -Dio.netty.maxThreadLocalCharBufferSize: 16384
18:07:29.003 [main] DEBUG io.netty.buffer.AbstractByteBuf - -Dio.netty.buffer.checkAccessible: true
18:07:29.003 [main] DEBUG io.netty.buffer.AbstractByteBuf - -Dio.netty.buffer.checkBounds: true
18:07:29.003 [main] DEBUG io.netty.util.ResourceLeakDetectorFactory - Loaded default ResourceLeakDetector: io.netty.util.ResourceLeakDetector@5
18:07:29.003 [main] DEBUG io.netty.util.internal.CleanerJava9 - java.nio.ByteBuffer.cleaner(): unavailable
java.lang.NoSuchMethodException: sun.misc.Unsafe.invokeCleaner(java.nio.ByteBuffer)
	at java.lang.Class.getDeclaredMethod(Class.java:2130)
	at io.netty.util.internal.CleanerJava9$1.run(CleanerJava9.java:45)
	at java.security.AccessController.doPrivileged(Native Method)
	at io.netty.util.internal.CleanerJava9.__STATIC_RESET(CleanerJava9.java:40)
	at sun.reflect.NativeMethodAccessorImpl.invoke0(Native Method)
	at sun.reflect.NativeMethodAccessorImpl.invoke(NativeMethodAccessorImpl.java:62)
	at sun.reflect.DelegatingMethodAccessorImpl.invoke(DelegatingMethodAccessorImpl.java:43)
	at java.lang.reflect.Method.invoke(Method.java:498)
	at org.evosuite.runtime.classhandling.ClassResetter.reset(ClassResetter.java:159)
	at org.evosuite.runtime.classhandling.ClassStateSupport.resetClasses(ClassStateSupport.java:137)
	at io.netty.buffer.AbstractByteBufAllocator_ESTest_scaffolding.resetClasses(AbstractByteBufAllocator_ESTest_scaffolding.java:308)
	at io.netty.buffer.AbstractByteBufAllocator_ESTest_scaffolding.doneWithTestCase(AbstractByteBufAllocator_ESTest_scaffolding.java:68)
	at sun.reflect.NativeMethodAccessorImpl.invoke0(Native Method)
	at sun.reflect.NativeMethodAccessorImpl.invoke(NativeMethodAccessorImpl.java:62)
	at sun.reflect.DelegatingMethodAccessorImpl.invoke(DelegatingMethodAccessorImpl.java:43)
	at java.lang.reflect.Method.invoke(Method.java:498)
	at org.junit.runners.model.FrameworkMethod$1.runReflectiveCall(FrameworkMethod.java:59)
	at org.junit.internal.runners.model.ReflectiveCallable.run(ReflectiveCallable.java:12)
	at org.junit.runners.model.FrameworkMethod.invokeExplosively(FrameworkMethod.java:56)
	at org.junit.internal.runners.statements.RunAfters.invokeMethod(RunAfters.java:46)
	at org.junit.internal.runners.statements.RunAfters.evaluate(RunAfters.java:33)
	at org.evosuite.runtime.vnet.NonFunctionalRequirementRule$1.evaluate(NonFunctionalRequirementRule.java:41)
	at org.junit.runners.ParentRunner$3.evaluate(ParentRunner.java:306)
	at org.junit.runners.BlockJUnit4ClassRunner$1.evaluate(BlockJUnit4ClassRunner.java:100)
	at org.junit.runners.ParentRunner.runLeaf(ParentRunner.java:366)
	at org.junit.runners.BlockJUnit4ClassRunner.runChild(BlockJUnit4ClassRunner.java:103)
	at org.junit.runners.BlockJUnit4ClassRunner.runChild(BlockJUnit4ClassRunner.java:63)
	at org.junit.runners.ParentRunner$4.run(ParentRunner.java:331)
	at org.junit.runners.ParentRunner$1.schedule(ParentRunner.java:79)
	at org.junit.runners.ParentRunner.runChildren(ParentRunner.java:329)
	at org.junit.runners.ParentRunner.access$100(ParentRunner.java:66)
	at org.junit.runners.ParentRunner$2.evaluate(ParentRunner.java:293)
	at org.junit.internal.runners.statements.RunBefores.evaluate(RunBefores.java:26)
	at org.junit.internal.runners.statements.RunAfters.evaluate(RunAfters.java:27)
	at org.junit.runners.ParentRunner$3.evaluate(ParentRunner.java:306)
	at org.junit.runners.ParentRunner.run(ParentRunner.java:413)
	at org.apache.maven.surefire.junit4.JUnit4Provider.execute(JUnit4Provider.java:316)
	at org.apache.maven.surefire.junit4.JUnit4Provider.executeWithRerun(JUnit4Provider.java:240)
	at org.apache.maven.surefire.junit4.JUnit4Provider.executeTestSet(JUnit4Provider.java:214)
	at org.apache.maven.surefire.junit4.JUnit4Provider.invoke(JUnit4Provider.java:155)
	at org.apache.maven.surefire.booter.ForkedBooter.runSuitesInProcess(ForkedBooter.java:385)
	at org.apache.maven.surefire.booter.ForkedBooter.execute(ForkedBooter.java:162)
	at org.apache.maven.surefire.booter.ForkedBooter.run(ForkedBooter.java:507)
	at org.apache.maven.surefire.booter.ForkedBooter.main(ForkedBooter.java:495)
18:07:29.005 [main] DEBUG io.netty.buffer.AdvancedLeakAwareByteBuf - -Dio.netty.leakDetection.acquireAndReleaseOnly: false
18:07:29.010 [main] DEBUG io.netty.util.Recycler - -Dio.netty.recycler.maxCapacityPerThread: 4096
18:07:29.010 [main] DEBUG io.netty.util.Recycler - -Dio.netty.recycler.ratio: 8
18:07:29.010 [main] DEBUG io.netty.util.Recycler - -Dio.netty.recycler.chunkSize: 32
18:07:29.010 [main] DEBUG io.netty.util.Recycler - -Dio.netty.recycler.blocking: false
18:07:29.010 [main] DEBUG io.netty.util.Recycler - -Dio.netty.recycler.batchFastThreadLocalOnly: true
18:07:29.011 [main] DEBUG io.netty.util.internal.PlatformDependent - org.jctools-core.MpscChunkedArrayQueue: available
]]></system-out>
  </testcase>
  <testcase name="test29" classname="io.netty.buffer.AbstractByteBufAllocator_ESTest" time="0.021">
    <system-out><![CDATA[18:07:29.022 [main] DEBUG io.netty.util.internal.logging.InternalLoggerFactory - Using SLF4J as the default logging framework
18:07:29.022 [main] DEBUG io.netty.util.ResourceLeakDetector - -Dio.netty.leakDetection.level: simple
18:07:29.022 [main] DEBUG io.netty.util.ResourceLeakDetector - -Dio.netty.leakDetection.targetRecords: 4
18:07:29.023 [main] DEBUG io.netty.util.internal.InternalThreadLocalMap - -Dio.netty.threadLocalMap.stringBuilder.initialSize: 1024
18:07:29.023 [main] DEBUG io.netty.util.internal.InternalThreadLocalMap - -Dio.netty.threadLocalMap.stringBuilder.maxSize: 4096
18:07:29.024 [main] DEBUG io.netty.util.internal.PlatformDependent0 - -Dio.netty.noUnsafe: false
18:07:29.024 [main] DEBUG io.netty.util.internal.PlatformDependent0 - Java version: 8
18:07:29.024 [main] DEBUG io.netty.util.internal.PlatformDependent0 - sun.misc.Unsafe.theUnsafe: available
18:07:29.024 [main] DEBUG io.netty.util.internal.PlatformDependent0 - sun.misc.Unsafe.copyMemory: available
18:07:29.024 [main] DEBUG io.netty.util.internal.PlatformDependent0 - sun.misc.Unsafe.storeFence: available
18:07:29.025 [main] DEBUG io.netty.util.internal.PlatformDependent0 - java.nio.Buffer.address: available
18:07:29.025 [main] DEBUG io.netty.util.internal.PlatformDependent0 - direct buffer constructor: available
18:07:29.025 [main] DEBUG io.netty.util.internal.PlatformDependent0 - java.nio.Bits.unaligned: available, true
18:07:29.025 [main] DEBUG io.netty.util.internal.PlatformDependent0 - jdk.internal.misc.Unsafe.allocateUninitializedArray(int): unavailable prior to Java9
18:07:29.025 [main] DEBUG io.netty.util.internal.PlatformDependent0 - java.nio.DirectByteBuffer.<init>(long, {int,long}): available
18:07:29.025 [main] DEBUG io.netty.util.internal.CleanerJava6 - java.nio.ByteBuffer.cleaner(): available
18:07:29.025 [main] DEBUG io.netty.util.internal.PlatformDependent - sun.misc.Unsafe: available
18:07:29.026 [main] DEBUG io.netty.util.internal.PlatformDependent - -Dio.netty.tmpdir: /tmp (java.io.tmpdir)
18:07:29.026 [main] DEBUG io.netty.util.internal.PlatformDependent - -Dio.netty.bitMode: 64 (sun.arch.data.model)
18:07:29.026 [main] DEBUG io.netty.util.internal.PlatformDependent - -Dio.netty.maxDirectMemory: 11420041216 bytes
18:07:29.026 [main] DEBUG io.netty.util.internal.PlatformDependent - -Dio.netty.uninitializedArrayAllocationThreshold: -1
18:07:29.026 [main] DEBUG io.netty.util.internal.PlatformDependent - -Dio.netty.noPreferDirect: false
18:07:29.028 [main] DEBUG io.netty.buffer.PooledByteBufAllocator - -Dio.netty.allocator.numHeapArenas: 0
18:07:29.028 [main] DEBUG io.netty.buffer.PooledByteBufAllocator - -Dio.netty.allocator.numDirectArenas: 2
18:07:29.028 [main] DEBUG io.netty.buffer.PooledByteBufAllocator - -Dio.netty.allocator.pageSize: 8192
18:07:29.028 [main] DEBUG io.netty.buffer.PooledByteBufAllocator - -Dio.netty.allocator.maxOrder: 9
18:07:29.028 [main] DEBUG io.netty.buffer.PooledByteBufAllocator - -Dio.netty.allocator.chunkSize: 4194304
18:07:29.028 [main] DEBUG io.netty.buffer.PooledByteBufAllocator - -Dio.netty.allocator.smallCacheSize: 256
18:07:29.028 [main] DEBUG io.netty.buffer.PooledByteBufAllocator - -Dio.netty.allocator.normalCacheSize: 64
18:07:29.028 [main] DEBUG io.netty.buffer.PooledByteBufAllocator - -Dio.netty.allocator.maxCachedBufferCapacity: 32768
18:07:29.028 [main] DEBUG io.netty.buffer.PooledByteBufAllocator - -Dio.netty.allocator.cacheTrimInterval: 8192
18:07:29.028 [main] DEBUG io.netty.buffer.PooledByteBufAllocator - -Dio.netty.allocator.cacheTrimIntervalMillis: 0
18:07:29.028 [main] DEBUG io.netty.buffer.PooledByteBufAllocator - -Dio.netty.allocator.useCacheForAllThreads: false
18:07:29.028 [main] DEBUG io.netty.buffer.PooledByteBufAllocator - -Dio.netty.allocator.maxCachedByteBuffersPerChunk: 1023
18:07:29.029 [main] DEBUG io.netty.buffer.ByteBufUtil - -Dio.netty.allocator.type: pooled
18:07:29.029 [main] DEBUG io.netty.buffer.ByteBufUtil - -Dio.netty.threadLocalDirectBufferSize: 0
18:07:29.029 [main] DEBUG io.netty.buffer.ByteBufUtil - -Dio.netty.maxThreadLocalCharBufferSize: 16384
18:07:29.030 [main] DEBUG io.netty.buffer.AbstractByteBuf - -Dio.netty.buffer.checkAccessible: true
18:07:29.030 [main] DEBUG io.netty.buffer.AbstractByteBuf - -Dio.netty.buffer.checkBounds: true
18:07:29.030 [main] DEBUG io.netty.util.ResourceLeakDetectorFactory - Loaded default ResourceLeakDetector: io.netty.util.ResourceLeakDetector@5
18:07:29.030 [main] DEBUG io.netty.util.internal.CleanerJava9 - java.nio.ByteBuffer.cleaner(): unavailable
java.lang.NoSuchMethodException: sun.misc.Unsafe.invokeCleaner(java.nio.ByteBuffer)
	at java.lang.Class.getDeclaredMethod(Class.java:2130)
	at io.netty.util.internal.CleanerJava9$1.run(CleanerJava9.java:45)
	at java.security.AccessController.doPrivileged(Native Method)
	at io.netty.util.internal.CleanerJava9.__STATIC_RESET(CleanerJava9.java:40)
	at sun.reflect.NativeMethodAccessorImpl.invoke0(Native Method)
	at sun.reflect.NativeMethodAccessorImpl.invoke(NativeMethodAccessorImpl.java:62)
	at sun.reflect.DelegatingMethodAccessorImpl.invoke(DelegatingMethodAccessorImpl.java:43)
	at java.lang.reflect.Method.invoke(Method.java:498)
	at org.evosuite.runtime.classhandling.ClassResetter.reset(ClassResetter.java:159)
	at org.evosuite.runtime.classhandling.ClassStateSupport.resetClasses(ClassStateSupport.java:137)
	at io.netty.buffer.AbstractByteBufAllocator_ESTest_scaffolding.resetClasses(AbstractByteBufAllocator_ESTest_scaffolding.java:308)
	at io.netty.buffer.AbstractByteBufAllocator_ESTest_scaffolding.doneWithTestCase(AbstractByteBufAllocator_ESTest_scaffolding.java:68)
	at sun.reflect.NativeMethodAccessorImpl.invoke0(Native Method)
	at sun.reflect.NativeMethodAccessorImpl.invoke(NativeMethodAccessorImpl.java:62)
	at sun.reflect.DelegatingMethodAccessorImpl.invoke(DelegatingMethodAccessorImpl.java:43)
	at java.lang.reflect.Method.invoke(Method.java:498)
	at org.junit.runners.model.FrameworkMethod$1.runReflectiveCall(FrameworkMethod.java:59)
	at org.junit.internal.runners.model.ReflectiveCallable.run(ReflectiveCallable.java:12)
	at org.junit.runners.model.FrameworkMethod.invokeExplosively(FrameworkMethod.java:56)
	at org.junit.internal.runners.statements.RunAfters.invokeMethod(RunAfters.java:46)
	at org.junit.internal.runners.statements.RunAfters.evaluate(RunAfters.java:33)
	at org.evosuite.runtime.vnet.NonFunctionalRequirementRule$1.evaluate(NonFunctionalRequirementRule.java:41)
	at org.junit.runners.ParentRunner$3.evaluate(ParentRunner.java:306)
	at org.junit.runners.BlockJUnit4ClassRunner$1.evaluate(BlockJUnit4ClassRunner.java:100)
	at org.junit.runners.ParentRunner.runLeaf(ParentRunner.java:366)
	at org.junit.runners.BlockJUnit4ClassRunner.runChild(BlockJUnit4ClassRunner.java:103)
	at org.junit.runners.BlockJUnit4ClassRunner.runChild(BlockJUnit4ClassRunner.java:63)
	at org.junit.runners.ParentRunner$4.run(ParentRunner.java:331)
	at org.junit.runners.ParentRunner$1.schedule(ParentRunner.java:79)
	at org.junit.runners.ParentRunner.runChildren(ParentRunner.java:329)
	at org.junit.runners.ParentRunner.access$100(ParentRunner.java:66)
	at org.junit.runners.ParentRunner$2.evaluate(ParentRunner.java:293)
	at org.junit.internal.runners.statements.RunBefores.evaluate(RunBefores.java:26)
	at org.junit.internal.runners.statements.RunAfters.evaluate(RunAfters.java:27)
	at org.junit.runners.ParentRunner$3.evaluate(ParentRunner.java:306)
	at org.junit.runners.ParentRunner.run(ParentRunner.java:413)
	at org.apache.maven.surefire.junit4.JUnit4Provider.execute(JUnit4Provider.java:316)
	at org.apache.maven.surefire.junit4.JUnit4Provider.executeWithRerun(JUnit4Provider.java:240)
	at org.apache.maven.surefire.junit4.JUnit4Provider.executeTestSet(JUnit4Provider.java:214)
	at org.apache.maven.surefire.junit4.JUnit4Provider.invoke(JUnit4Provider.java:155)
	at org.apache.maven.surefire.booter.ForkedBooter.runSuitesInProcess(ForkedBooter.java:385)
	at org.apache.maven.surefire.booter.ForkedBooter.execute(ForkedBooter.java:162)
	at org.apache.maven.surefire.booter.ForkedBooter.run(ForkedBooter.java:507)
	at org.apache.maven.surefire.booter.ForkedBooter.main(ForkedBooter.java:495)
18:07:29.032 [main] DEBUG io.netty.buffer.AdvancedLeakAwareByteBuf - -Dio.netty.leakDetection.acquireAndReleaseOnly: false
18:07:29.037 [main] DEBUG io.netty.util.Recycler - -Dio.netty.recycler.maxCapacityPerThread: 4096
18:07:29.037 [main] DEBUG io.netty.util.Recycler - -Dio.netty.recycler.ratio: 8
18:07:29.037 [main] DEBUG io.netty.util.Recycler - -Dio.netty.recycler.chunkSize: 32
18:07:29.037 [main] DEBUG io.netty.util.Recycler - -Dio.netty.recycler.blocking: false
18:07:29.037 [main] DEBUG io.netty.util.Recycler - -Dio.netty.recycler.batchFastThreadLocalOnly: true
18:07:29.037 [main] DEBUG io.netty.util.internal.PlatformDependent - org.jctools-core.MpscChunkedArrayQueue: available
]]></system-out>
  </testcase>
  <testcase name="test08" classname="io.netty.buffer.AbstractByteBufAllocator_ESTest" time="0.028">
    <system-out><![CDATA[18:07:29.046 [main] DEBUG io.netty.util.internal.logging.InternalLoggerFactory - Using SLF4J as the default logging framework
18:07:29.046 [main] DEBUG io.netty.util.ResourceLeakDetector - -Dio.netty.leakDetection.level: simple
18:07:29.046 [main] DEBUG io.netty.util.ResourceLeakDetector - -Dio.netty.leakDetection.targetRecords: 4
18:07:29.047 [main] DEBUG io.netty.util.internal.InternalThreadLocalMap - -Dio.netty.threadLocalMap.stringBuilder.initialSize: 1024
18:07:29.047 [main] DEBUG io.netty.util.internal.InternalThreadLocalMap - -Dio.netty.threadLocalMap.stringBuilder.maxSize: 4096
18:07:29.047 [main] DEBUG io.netty.util.internal.PlatformDependent0 - -Dio.netty.noUnsafe: false
18:07:29.047 [main] DEBUG io.netty.util.internal.PlatformDependent0 - Java version: 8
18:07:29.047 [main] DEBUG io.netty.util.internal.PlatformDependent0 - sun.misc.Unsafe.theUnsafe: available
18:07:29.047 [main] DEBUG io.netty.util.internal.PlatformDependent0 - sun.misc.Unsafe.copyMemory: available
18:07:29.047 [main] DEBUG io.netty.util.internal.PlatformDependent0 - sun.misc.Unsafe.storeFence: available
18:07:29.047 [main] DEBUG io.netty.util.internal.PlatformDependent0 - java.nio.Buffer.address: available
18:07:29.048 [main] DEBUG io.netty.util.internal.PlatformDependent0 - direct buffer constructor: available
18:07:29.048 [main] DEBUG io.netty.util.internal.PlatformDependent0 - java.nio.Bits.unaligned: available, true
18:07:29.048 [main] DEBUG io.netty.util.internal.PlatformDependent0 - jdk.internal.misc.Unsafe.allocateUninitializedArray(int): unavailable prior to Java9
18:07:29.048 [main] DEBUG io.netty.util.internal.PlatformDependent0 - java.nio.DirectByteBuffer.<init>(long, {int,long}): available
18:07:29.048 [main] DEBUG io.netty.util.internal.CleanerJava6 - java.nio.ByteBuffer.cleaner(): available
18:07:29.048 [main] DEBUG io.netty.util.internal.PlatformDependent - sun.misc.Unsafe: available
18:07:29.048 [main] DEBUG io.netty.util.internal.PlatformDependent - -Dio.netty.tmpdir: /tmp (java.io.tmpdir)
18:07:29.048 [main] DEBUG io.netty.util.internal.PlatformDependent - -Dio.netty.bitMode: 64 (sun.arch.data.model)
18:07:29.048 [main] DEBUG io.netty.util.internal.PlatformDependent - -Dio.netty.maxDirectMemory: 11420041216 bytes
18:07:29.048 [main] DEBUG io.netty.util.internal.PlatformDependent - -Dio.netty.uninitializedArrayAllocationThreshold: -1
18:07:29.048 [main] DEBUG io.netty.util.internal.PlatformDependent - -Dio.netty.noPreferDirect: false
18:07:29.050 [main] DEBUG io.netty.buffer.PooledByteBufAllocator - -Dio.netty.allocator.numHeapArenas: 0
18:07:29.050 [main] DEBUG io.netty.buffer.PooledByteBufAllocator - -Dio.netty.allocator.numDirectArenas: 2
18:07:29.050 [main] DEBUG io.netty.buffer.PooledByteBufAllocator - -Dio.netty.allocator.pageSize: 8192
18:07:29.050 [main] DEBUG io.netty.buffer.PooledByteBufAllocator - -Dio.netty.allocator.maxOrder: 9
18:07:29.050 [main] DEBUG io.netty.buffer.PooledByteBufAllocator - -Dio.netty.allocator.chunkSize: 4194304
18:07:29.050 [main] DEBUG io.netty.buffer.PooledByteBufAllocator - -Dio.netty.allocator.smallCacheSize: 256
18:07:29.050 [main] DEBUG io.netty.buffer.PooledByteBufAllocator - -Dio.netty.allocator.normalCacheSize: 64
18:07:29.050 [main] DEBUG io.netty.buffer.PooledByteBufAllocator - -Dio.netty.allocator.maxCachedBufferCapacity: 32768
18:07:29.050 [main] DEBUG io.netty.buffer.PooledByteBufAllocator - -Dio.netty.allocator.cacheTrimInterval: 8192
18:07:29.050 [main] DEBUG io.netty.buffer.PooledByteBufAllocator - -Dio.netty.allocator.cacheTrimIntervalMillis: 0
18:07:29.050 [main] DEBUG io.netty.buffer.PooledByteBufAllocator - -Dio.netty.allocator.useCacheForAllThreads: false
18:07:29.050 [main] DEBUG io.netty.buffer.PooledByteBufAllocator - -Dio.netty.allocator.maxCachedByteBuffersPerChunk: 1023
18:07:29.051 [main] DEBUG io.netty.buffer.ByteBufUtil - -Dio.netty.allocator.type: pooled
18:07:29.051 [main] DEBUG io.netty.buffer.ByteBufUtil - -Dio.netty.threadLocalDirectBufferSize: 0
18:07:29.051 [main] DEBUG io.netty.buffer.ByteBufUtil - -Dio.netty.maxThreadLocalCharBufferSize: 16384
18:07:29.051 [main] DEBUG io.netty.buffer.AbstractByteBuf - -Dio.netty.buffer.checkAccessible: true
18:07:29.051 [main] DEBUG io.netty.buffer.AbstractByteBuf - -Dio.netty.buffer.checkBounds: true
18:07:29.051 [main] DEBUG io.netty.util.ResourceLeakDetectorFactory - Loaded default ResourceLeakDetector: io.netty.util.ResourceLeakDetector@5
18:07:29.052 [main] DEBUG io.netty.util.internal.CleanerJava9 - java.nio.ByteBuffer.cleaner(): unavailable
java.lang.NoSuchMethodException: sun.misc.Unsafe.invokeCleaner(java.nio.ByteBuffer)
	at java.lang.Class.getDeclaredMethod(Class.java:2130)
	at io.netty.util.internal.CleanerJava9$1.run(CleanerJava9.java:45)
	at java.security.AccessController.doPrivileged(Native Method)
	at io.netty.util.internal.CleanerJava9.__STATIC_RESET(CleanerJava9.java:40)
	at sun.reflect.NativeMethodAccessorImpl.invoke0(Native Method)
	at sun.reflect.NativeMethodAccessorImpl.invoke(NativeMethodAccessorImpl.java:62)
	at sun.reflect.DelegatingMethodAccessorImpl.invoke(DelegatingMethodAccessorImpl.java:43)
	at java.lang.reflect.Method.invoke(Method.java:498)
	at org.evosuite.runtime.classhandling.ClassResetter.reset(ClassResetter.java:159)
	at org.evosuite.runtime.classhandling.ClassStateSupport.resetClasses(ClassStateSupport.java:137)
	at io.netty.buffer.AbstractByteBufAllocator_ESTest_scaffolding.resetClasses(AbstractByteBufAllocator_ESTest_scaffolding.java:308)
	at io.netty.buffer.AbstractByteBufAllocator_ESTest_scaffolding.doneWithTestCase(AbstractByteBufAllocator_ESTest_scaffolding.java:68)
	at sun.reflect.NativeMethodAccessorImpl.invoke0(Native Method)
	at sun.reflect.NativeMethodAccessorImpl.invoke(NativeMethodAccessorImpl.java:62)
	at sun.reflect.DelegatingMethodAccessorImpl.invoke(DelegatingMethodAccessorImpl.java:43)
	at java.lang.reflect.Method.invoke(Method.java:498)
	at org.junit.runners.model.FrameworkMethod$1.runReflectiveCall(FrameworkMethod.java:59)
	at org.junit.internal.runners.model.ReflectiveCallable.run(ReflectiveCallable.java:12)
	at org.junit.runners.model.FrameworkMethod.invokeExplosively(FrameworkMethod.java:56)
	at org.junit.internal.runners.statements.RunAfters.invokeMethod(RunAfters.java:46)
	at org.junit.internal.runners.statements.RunAfters.evaluate(RunAfters.java:33)
	at org.evosuite.runtime.vnet.NonFunctionalRequirementRule$1.evaluate(NonFunctionalRequirementRule.java:41)
	at org.junit.runners.ParentRunner$3.evaluate(ParentRunner.java:306)
	at org.junit.runners.BlockJUnit4ClassRunner$1.evaluate(BlockJUnit4ClassRunner.java:100)
	at org.junit.runners.ParentRunner.runLeaf(ParentRunner.java:366)
	at org.junit.runners.BlockJUnit4ClassRunner.runChild(BlockJUnit4ClassRunner.java:103)
	at org.junit.runners.BlockJUnit4ClassRunner.runChild(BlockJUnit4ClassRunner.java:63)
	at org.junit.runners.ParentRunner$4.run(ParentRunner.java:331)
	at org.junit.runners.ParentRunner$1.schedule(ParentRunner.java:79)
	at org.junit.runners.ParentRunner.runChildren(ParentRunner.java:329)
	at org.junit.runners.ParentRunner.access$100(ParentRunner.java:66)
	at org.junit.runners.ParentRunner$2.evaluate(ParentRunner.java:293)
	at org.junit.internal.runners.statements.RunBefores.evaluate(RunBefores.java:26)
	at org.junit.internal.runners.statements.RunAfters.evaluate(RunAfters.java:27)
	at org.junit.runners.ParentRunner$3.evaluate(ParentRunner.java:306)
	at org.junit.runners.ParentRunner.run(ParentRunner.java:413)
	at org.apache.maven.surefire.junit4.JUnit4Provider.execute(JUnit4Provider.java:316)
	at org.apache.maven.surefire.junit4.JUnit4Provider.executeWithRerun(JUnit4Provider.java:240)
	at org.apache.maven.surefire.junit4.JUnit4Provider.executeTestSet(JUnit4Provider.java:214)
	at org.apache.maven.surefire.junit4.JUnit4Provider.invoke(JUnit4Provider.java:155)
	at org.apache.maven.surefire.booter.ForkedBooter.runSuitesInProcess(ForkedBooter.java:385)
	at org.apache.maven.surefire.booter.ForkedBooter.execute(ForkedBooter.java:162)
	at org.apache.maven.surefire.booter.ForkedBooter.run(ForkedBooter.java:507)
	at org.apache.maven.surefire.booter.ForkedBooter.main(ForkedBooter.java:495)
18:07:29.053 [main] DEBUG io.netty.buffer.AdvancedLeakAwareByteBuf - -Dio.netty.leakDetection.acquireAndReleaseOnly: false
18:07:29.057 [main] DEBUG io.netty.util.Recycler - -Dio.netty.recycler.maxCapacityPerThread: 4096
18:07:29.058 [main] DEBUG io.netty.util.Recycler - -Dio.netty.recycler.ratio: 8
18:07:29.058 [main] DEBUG io.netty.util.Recycler - -Dio.netty.recycler.chunkSize: 32
18:07:29.058 [main] DEBUG io.netty.util.Recycler - -Dio.netty.recycler.blocking: false
18:07:29.058 [main] DEBUG io.netty.util.Recycler - -Dio.netty.recycler.batchFastThreadLocalOnly: true
18:07:29.058 [main] DEBUG io.netty.util.internal.PlatformDependent - org.jctools-core.MpscChunkedArrayQueue: available
]]></system-out>
  </testcase>
  <testcase name="test09" classname="io.netty.buffer.AbstractByteBufAllocator_ESTest" time="0.018">
    <system-out><![CDATA[18:07:29.071 [main] DEBUG io.netty.util.internal.logging.InternalLoggerFactory - Using SLF4J as the default logging framework
18:07:29.071 [main] DEBUG io.netty.util.ResourceLeakDetector - -Dio.netty.leakDetection.level: simple
18:07:29.071 [main] DEBUG io.netty.util.ResourceLeakDetector - -Dio.netty.leakDetection.targetRecords: 4
18:07:29.072 [main] DEBUG io.netty.util.internal.InternalThreadLocalMap - -Dio.netty.threadLocalMap.stringBuilder.initialSize: 1024
18:07:29.072 [main] DEBUG io.netty.util.internal.InternalThreadLocalMap - -Dio.netty.threadLocalMap.stringBuilder.maxSize: 4096
18:07:29.072 [main] DEBUG io.netty.util.internal.PlatformDependent0 - -Dio.netty.noUnsafe: false
18:07:29.072 [main] DEBUG io.netty.util.internal.PlatformDependent0 - Java version: 8
18:07:29.072 [main] DEBUG io.netty.util.internal.PlatformDependent0 - sun.misc.Unsafe.theUnsafe: available
18:07:29.072 [main] DEBUG io.netty.util.internal.PlatformDependent0 - sun.misc.Unsafe.copyMemory: available
18:07:29.072 [main] DEBUG io.netty.util.internal.PlatformDependent0 - sun.misc.Unsafe.storeFence: available
18:07:29.072 [main] DEBUG io.netty.util.internal.PlatformDependent0 - java.nio.Buffer.address: available
18:07:29.072 [main] DEBUG io.netty.util.internal.PlatformDependent0 - direct buffer constructor: available
18:07:29.072 [main] DEBUG io.netty.util.internal.PlatformDependent0 - java.nio.Bits.unaligned: available, true
18:07:29.072 [main] DEBUG io.netty.util.internal.PlatformDependent0 - jdk.internal.misc.Unsafe.allocateUninitializedArray(int): unavailable prior to Java9
18:07:29.072 [main] DEBUG io.netty.util.internal.PlatformDependent0 - java.nio.DirectByteBuffer.<init>(long, {int,long}): available
18:07:29.072 [main] DEBUG io.netty.util.internal.CleanerJava6 - java.nio.ByteBuffer.cleaner(): available
18:07:29.072 [main] DEBUG io.netty.util.internal.PlatformDependent - sun.misc.Unsafe: available
18:07:29.072 [main] DEBUG io.netty.util.internal.PlatformDependent - -Dio.netty.tmpdir: /tmp (java.io.tmpdir)
18:07:29.072 [main] DEBUG io.netty.util.internal.PlatformDependent - -Dio.netty.bitMode: 64 (sun.arch.data.model)
18:07:29.072 [main] DEBUG io.netty.util.internal.PlatformDependent - -Dio.netty.maxDirectMemory: 11420041216 bytes
18:07:29.072 [main] DEBUG io.netty.util.internal.PlatformDependent - -Dio.netty.uninitializedArrayAllocationThreshold: -1
18:07:29.072 [main] DEBUG io.netty.util.internal.PlatformDependent - -Dio.netty.noPreferDirect: false
18:07:29.073 [main] DEBUG io.netty.buffer.PooledByteBufAllocator - -Dio.netty.allocator.numHeapArenas: 0
18:07:29.073 [main] DEBUG io.netty.buffer.PooledByteBufAllocator - -Dio.netty.allocator.numDirectArenas: 2
18:07:29.073 [main] DEBUG io.netty.buffer.PooledByteBufAllocator - -Dio.netty.allocator.pageSize: 8192
18:07:29.073 [main] DEBUG io.netty.buffer.PooledByteBufAllocator - -Dio.netty.allocator.maxOrder: 9
18:07:29.073 [main] DEBUG io.netty.buffer.PooledByteBufAllocator - -Dio.netty.allocator.chunkSize: 4194304
18:07:29.073 [main] DEBUG io.netty.buffer.PooledByteBufAllocator - -Dio.netty.allocator.smallCacheSize: 256
18:07:29.073 [main] DEBUG io.netty.buffer.PooledByteBufAllocator - -Dio.netty.allocator.normalCacheSize: 64
18:07:29.073 [main] DEBUG io.netty.buffer.PooledByteBufAllocator - -Dio.netty.allocator.maxCachedBufferCapacity: 32768
18:07:29.073 [main] DEBUG io.netty.buffer.PooledByteBufAllocator - -Dio.netty.allocator.cacheTrimInterval: 8192
18:07:29.073 [main] DEBUG io.netty.buffer.PooledByteBufAllocator - -Dio.netty.allocator.cacheTrimIntervalMillis: 0
18:07:29.073 [main] DEBUG io.netty.buffer.PooledByteBufAllocator - -Dio.netty.allocator.useCacheForAllThreads: false
18:07:29.073 [main] DEBUG io.netty.buffer.PooledByteBufAllocator - -Dio.netty.allocator.maxCachedByteBuffersPerChunk: 1023
18:07:29.073 [main] DEBUG io.netty.buffer.ByteBufUtil - -Dio.netty.allocator.type: pooled
18:07:29.073 [main] DEBUG io.netty.buffer.ByteBufUtil - -Dio.netty.threadLocalDirectBufferSize: 0
18:07:29.073 [main] DEBUG io.netty.buffer.ByteBufUtil - -Dio.netty.maxThreadLocalCharBufferSize: 16384
18:07:29.073 [main] DEBUG io.netty.buffer.AbstractByteBuf - -Dio.netty.buffer.checkAccessible: true
18:07:29.073 [main] DEBUG io.netty.buffer.AbstractByteBuf - -Dio.netty.buffer.checkBounds: true
18:07:29.073 [main] DEBUG io.netty.util.ResourceLeakDetectorFactory - Loaded default ResourceLeakDetector: io.netty.util.ResourceLeakDetector@5
18:07:29.073 [main] DEBUG io.netty.util.internal.CleanerJava9 - java.nio.ByteBuffer.cleaner(): unavailable
java.lang.NoSuchMethodException: sun.misc.Unsafe.invokeCleaner(java.nio.ByteBuffer)
	at java.lang.Class.getDeclaredMethod(Class.java:2130)
	at io.netty.util.internal.CleanerJava9$1.run(CleanerJava9.java:45)
	at java.security.AccessController.doPrivileged(Native Method)
	at io.netty.util.internal.CleanerJava9.__STATIC_RESET(CleanerJava9.java:40)
	at sun.reflect.NativeMethodAccessorImpl.invoke0(Native Method)
	at sun.reflect.NativeMethodAccessorImpl.invoke(NativeMethodAccessorImpl.java:62)
	at sun.reflect.DelegatingMethodAccessorImpl.invoke(DelegatingMethodAccessorImpl.java:43)
	at java.lang.reflect.Method.invoke(Method.java:498)
	at org.evosuite.runtime.classhandling.ClassResetter.reset(ClassResetter.java:159)
	at org.evosuite.runtime.classhandling.ClassStateSupport.resetClasses(ClassStateSupport.java:137)
	at io.netty.buffer.AbstractByteBufAllocator_ESTest_scaffolding.resetClasses(AbstractByteBufAllocator_ESTest_scaffolding.java:308)
	at io.netty.buffer.AbstractByteBufAllocator_ESTest_scaffolding.doneWithTestCase(AbstractByteBufAllocator_ESTest_scaffolding.java:68)
	at sun.reflect.NativeMethodAccessorImpl.invoke0(Native Method)
	at sun.reflect.NativeMethodAccessorImpl.invoke(NativeMethodAccessorImpl.java:62)
	at sun.reflect.DelegatingMethodAccessorImpl.invoke(DelegatingMethodAccessorImpl.java:43)
	at java.lang.reflect.Method.invoke(Method.java:498)
	at org.junit.runners.model.FrameworkMethod$1.runReflectiveCall(FrameworkMethod.java:59)
	at org.junit.internal.runners.model.ReflectiveCallable.run(ReflectiveCallable.java:12)
	at org.junit.runners.model.FrameworkMethod.invokeExplosively(FrameworkMethod.java:56)
	at org.junit.internal.runners.statements.RunAfters.invokeMethod(RunAfters.java:46)
	at org.junit.internal.runners.statements.RunAfters.evaluate(RunAfters.java:33)
	at org.evosuite.runtime.vnet.NonFunctionalRequirementRule$1.evaluate(NonFunctionalRequirementRule.java:41)
	at org.junit.runners.ParentRunner$3.evaluate(ParentRunner.java:306)
	at org.junit.runners.BlockJUnit4ClassRunner$1.evaluate(BlockJUnit4ClassRunner.java:100)
	at org.junit.runners.ParentRunner.runLeaf(ParentRunner.java:366)
	at org.junit.runners.BlockJUnit4ClassRunner.runChild(BlockJUnit4ClassRunner.java:103)
	at org.junit.runners.BlockJUnit4ClassRunner.runChild(BlockJUnit4ClassRunner.java:63)
	at org.junit.runners.ParentRunner$4.run(ParentRunner.java:331)
	at org.junit.runners.ParentRunner$1.schedule(ParentRunner.java:79)
	at org.junit.runners.ParentRunner.runChildren(ParentRunner.java:329)
	at org.junit.runners.ParentRunner.access$100(ParentRunner.java:66)
	at org.junit.runners.ParentRunner$2.evaluate(ParentRunner.java:293)
	at org.junit.internal.runners.statements.RunBefores.evaluate(RunBefores.java:26)
	at org.junit.internal.runners.statements.RunAfters.evaluate(RunAfters.java:27)
	at org.junit.runners.ParentRunner$3.evaluate(ParentRunner.java:306)
	at org.junit.runners.ParentRunner.run(ParentRunner.java:413)
	at org.apache.maven.surefire.junit4.JUnit4Provider.execute(JUnit4Provider.java:316)
	at org.apache.maven.surefire.junit4.JUnit4Provider.executeWithRerun(JUnit4Provider.java:240)
	at org.apache.maven.surefire.junit4.JUnit4Provider.executeTestSet(JUnit4Provider.java:214)
	at org.apache.maven.surefire.junit4.JUnit4Provider.invoke(JUnit4Provider.java:155)
	at org.apache.maven.surefire.booter.ForkedBooter.runSuitesInProcess(ForkedBooter.java:385)
	at org.apache.maven.surefire.booter.ForkedBooter.execute(ForkedBooter.java:162)
	at org.apache.maven.surefire.booter.ForkedBooter.run(ForkedBooter.java:507)
	at org.apache.maven.surefire.booter.ForkedBooter.main(ForkedBooter.java:495)
18:07:29.074 [main] DEBUG io.netty.buffer.AdvancedLeakAwareByteBuf - -Dio.netty.leakDetection.acquireAndReleaseOnly: false
18:07:29.076 [main] DEBUG io.netty.util.Recycler - -Dio.netty.recycler.maxCapacityPerThread: 4096
18:07:29.076 [main] DEBUG io.netty.util.Recycler - -Dio.netty.recycler.ratio: 8
18:07:29.076 [main] DEBUG io.netty.util.Recycler - -Dio.netty.recycler.chunkSize: 32
18:07:29.076 [main] DEBUG io.netty.util.Recycler - -Dio.netty.recycler.blocking: false
18:07:29.076 [main] DEBUG io.netty.util.Recycler - -Dio.netty.recycler.batchFastThreadLocalOnly: true
18:07:29.077 [main] DEBUG io.netty.util.internal.PlatformDependent - org.jctools-core.MpscChunkedArrayQueue: available
]]></system-out>
  </testcase>
  <testcase name="test20" classname="io.netty.buffer.AbstractByteBufAllocator_ESTest" time="0.026">
    <system-out><![CDATA[18:07:29.093 [main] DEBUG io.netty.util.internal.logging.InternalLoggerFactory - Using SLF4J as the default logging framework
18:07:29.093 [main] DEBUG io.netty.util.ResourceLeakDetector - -Dio.netty.leakDetection.level: simple
18:07:29.093 [main] DEBUG io.netty.util.ResourceLeakDetector - -Dio.netty.leakDetection.targetRecords: 4
18:07:29.094 [main] DEBUG io.netty.util.internal.InternalThreadLocalMap - -Dio.netty.threadLocalMap.stringBuilder.initialSize: 1024
18:07:29.094 [main] DEBUG io.netty.util.internal.InternalThreadLocalMap - -Dio.netty.threadLocalMap.stringBuilder.maxSize: 4096
18:07:29.101 [main] DEBUG io.netty.util.internal.PlatformDependent0 - -Dio.netty.noUnsafe: false
18:07:29.101 [main] DEBUG io.netty.util.internal.PlatformDependent0 - Java version: 8
18:07:29.101 [main] DEBUG io.netty.util.internal.PlatformDependent0 - sun.misc.Unsafe.theUnsafe: available
18:07:29.101 [main] DEBUG io.netty.util.internal.PlatformDependent0 - sun.misc.Unsafe.copyMemory: available
18:07:29.101 [main] DEBUG io.netty.util.internal.PlatformDependent0 - sun.misc.Unsafe.storeFence: available
18:07:29.101 [main] DEBUG io.netty.util.internal.PlatformDependent0 - java.nio.Buffer.address: available
18:07:29.101 [main] DEBUG io.netty.util.internal.PlatformDependent0 - direct buffer constructor: available
18:07:29.101 [main] DEBUG io.netty.util.internal.PlatformDependent0 - java.nio.Bits.unaligned: available, true
18:07:29.101 [main] DEBUG io.netty.util.internal.PlatformDependent0 - jdk.internal.misc.Unsafe.allocateUninitializedArray(int): unavailable prior to Java9
18:07:29.101 [main] DEBUG io.netty.util.internal.PlatformDependent0 - java.nio.DirectByteBuffer.<init>(long, {int,long}): available
18:07:29.101 [main] DEBUG io.netty.util.internal.CleanerJava6 - java.nio.ByteBuffer.cleaner(): available
18:07:29.102 [main] DEBUG io.netty.util.internal.PlatformDependent - sun.misc.Unsafe: available
18:07:29.102 [main] DEBUG io.netty.util.internal.PlatformDependent - -Dio.netty.tmpdir: /tmp (java.io.tmpdir)
18:07:29.102 [main] DEBUG io.netty.util.internal.PlatformDependent - -Dio.netty.bitMode: 64 (sun.arch.data.model)
18:07:29.102 [main] DEBUG io.netty.util.internal.PlatformDependent - -Dio.netty.maxDirectMemory: 11420041216 bytes
18:07:29.102 [main] DEBUG io.netty.util.internal.PlatformDependent - -Dio.netty.uninitializedArrayAllocationThreshold: -1
18:07:29.102 [main] DEBUG io.netty.util.internal.PlatformDependent - -Dio.netty.noPreferDirect: false
18:07:29.103 [main] DEBUG io.netty.buffer.PooledByteBufAllocator - -Dio.netty.allocator.numHeapArenas: 0
18:07:29.104 [main] DEBUG io.netty.buffer.PooledByteBufAllocator - -Dio.netty.allocator.numDirectArenas: 2
18:07:29.104 [main] DEBUG io.netty.buffer.PooledByteBufAllocator - -Dio.netty.allocator.pageSize: 8192
18:07:29.104 [main] DEBUG io.netty.buffer.PooledByteBufAllocator - -Dio.netty.allocator.maxOrder: 9
18:07:29.104 [main] DEBUG io.netty.buffer.PooledByteBufAllocator - -Dio.netty.allocator.chunkSize: 4194304
18:07:29.104 [main] DEBUG io.netty.buffer.PooledByteBufAllocator - -Dio.netty.allocator.smallCacheSize: 256
18:07:29.104 [main] DEBUG io.netty.buffer.PooledByteBufAllocator - -Dio.netty.allocator.normalCacheSize: 64
18:07:29.104 [main] DEBUG io.netty.buffer.PooledByteBufAllocator - -Dio.netty.allocator.maxCachedBufferCapacity: 32768
18:07:29.104 [main] DEBUG io.netty.buffer.PooledByteBufAllocator - -Dio.netty.allocator.cacheTrimInterval: 8192
18:07:29.104 [main] DEBUG io.netty.buffer.PooledByteBufAllocator - -Dio.netty.allocator.cacheTrimIntervalMillis: 0
18:07:29.104 [main] DEBUG io.netty.buffer.PooledByteBufAllocator - -Dio.netty.allocator.useCacheForAllThreads: false
18:07:29.104 [main] DEBUG io.netty.buffer.PooledByteBufAllocator - -Dio.netty.allocator.maxCachedByteBuffersPerChunk: 1023
18:07:29.105 [main] DEBUG io.netty.buffer.ByteBufUtil - -Dio.netty.allocator.type: pooled
18:07:29.105 [main] DEBUG io.netty.buffer.ByteBufUtil - -Dio.netty.threadLocalDirectBufferSize: 0
18:07:29.105 [main] DEBUG io.netty.buffer.ByteBufUtil - -Dio.netty.maxThreadLocalCharBufferSize: 16384
18:07:29.105 [main] DEBUG io.netty.buffer.AbstractByteBuf - -Dio.netty.buffer.checkAccessible: true
18:07:29.105 [main] DEBUG io.netty.buffer.AbstractByteBuf - -Dio.netty.buffer.checkBounds: true
18:07:29.105 [main] DEBUG io.netty.util.ResourceLeakDetectorFactory - Loaded default ResourceLeakDetector: io.netty.util.ResourceLeakDetector@5
18:07:29.106 [main] DEBUG io.netty.util.internal.CleanerJava9 - java.nio.ByteBuffer.cleaner(): unavailable
java.lang.NoSuchMethodException: sun.misc.Unsafe.invokeCleaner(java.nio.ByteBuffer)
	at java.lang.Class.getDeclaredMethod(Class.java:2130)
	at io.netty.util.internal.CleanerJava9$1.run(CleanerJava9.java:45)
	at java.security.AccessController.doPrivileged(Native Method)
	at io.netty.util.internal.CleanerJava9.__STATIC_RESET(CleanerJava9.java:40)
	at sun.reflect.NativeMethodAccessorImpl.invoke0(Native Method)
	at sun.reflect.NativeMethodAccessorImpl.invoke(NativeMethodAccessorImpl.java:62)
	at sun.reflect.DelegatingMethodAccessorImpl.invoke(DelegatingMethodAccessorImpl.java:43)
	at java.lang.reflect.Method.invoke(Method.java:498)
	at org.evosuite.runtime.classhandling.ClassResetter.reset(ClassResetter.java:159)
	at org.evosuite.runtime.classhandling.ClassStateSupport.resetClasses(ClassStateSupport.java:137)
	at io.netty.buffer.AbstractByteBufAllocator_ESTest_scaffolding.resetClasses(AbstractByteBufAllocator_ESTest_scaffolding.java:308)
	at io.netty.buffer.AbstractByteBufAllocator_ESTest_scaffolding.doneWithTestCase(AbstractByteBufAllocator_ESTest_scaffolding.java:68)
	at sun.reflect.NativeMethodAccessorImpl.invoke0(Native Method)
	at sun.reflect.NativeMethodAccessorImpl.invoke(NativeMethodAccessorImpl.java:62)
	at sun.reflect.DelegatingMethodAccessorImpl.invoke(DelegatingMethodAccessorImpl.java:43)
	at java.lang.reflect.Method.invoke(Method.java:498)
	at org.junit.runners.model.FrameworkMethod$1.runReflectiveCall(FrameworkMethod.java:59)
	at org.junit.internal.runners.model.ReflectiveCallable.run(ReflectiveCallable.java:12)
	at org.junit.runners.model.FrameworkMethod.invokeExplosively(FrameworkMethod.java:56)
	at org.junit.internal.runners.statements.RunAfters.invokeMethod(RunAfters.java:46)
	at org.junit.internal.runners.statements.RunAfters.evaluate(RunAfters.java:33)
	at org.evosuite.runtime.vnet.NonFunctionalRequirementRule$1.evaluate(NonFunctionalRequirementRule.java:41)
	at org.junit.runners.ParentRunner$3.evaluate(ParentRunner.java:306)
	at org.junit.runners.BlockJUnit4ClassRunner$1.evaluate(BlockJUnit4ClassRunner.java:100)
	at org.junit.runners.ParentRunner.runLeaf(ParentRunner.java:366)
	at org.junit.runners.BlockJUnit4ClassRunner.runChild(BlockJUnit4ClassRunner.java:103)
	at org.junit.runners.BlockJUnit4ClassRunner.runChild(BlockJUnit4ClassRunner.java:63)
	at org.junit.runners.ParentRunner$4.run(ParentRunner.java:331)
	at org.junit.runners.ParentRunner$1.schedule(ParentRunner.java:79)
	at org.junit.runners.ParentRunner.runChildren(ParentRunner.java:329)
	at org.junit.runners.ParentRunner.access$100(ParentRunner.java:66)
	at org.junit.runners.ParentRunner$2.evaluate(ParentRunner.java:293)
	at org.junit.internal.runners.statements.RunBefores.evaluate(RunBefores.java:26)
	at org.junit.internal.runners.statements.RunAfters.evaluate(RunAfters.java:27)
	at org.junit.runners.ParentRunner$3.evaluate(ParentRunner.java:306)
	at org.junit.runners.ParentRunner.run(ParentRunner.java:413)
	at org.apache.maven.surefire.junit4.JUnit4Provider.execute(JUnit4Provider.java:316)
	at org.apache.maven.surefire.junit4.JUnit4Provider.executeWithRerun(JUnit4Provider.java:240)
	at org.apache.maven.surefire.junit4.JUnit4Provider.executeTestSet(JUnit4Provider.java:214)
	at org.apache.maven.surefire.junit4.JUnit4Provider.invoke(JUnit4Provider.java:155)
	at org.apache.maven.surefire.booter.ForkedBooter.runSuitesInProcess(ForkedBooter.java:385)
	at org.apache.maven.surefire.booter.ForkedBooter.execute(ForkedBooter.java:162)
	at org.apache.maven.surefire.booter.ForkedBooter.run(ForkedBooter.java:507)
	at org.apache.maven.surefire.booter.ForkedBooter.main(ForkedBooter.java:495)
18:07:29.106 [main] DEBUG io.netty.buffer.AdvancedLeakAwareByteBuf - -Dio.netty.leakDetection.acquireAndReleaseOnly: false
18:07:29.111 [main] DEBUG io.netty.util.Recycler - -Dio.netty.recycler.maxCapacityPerThread: 4096
18:07:29.111 [main] DEBUG io.netty.util.Recycler - -Dio.netty.recycler.ratio: 8
18:07:29.111 [main] DEBUG io.netty.util.Recycler - -Dio.netty.recycler.chunkSize: 32
18:07:29.111 [main] DEBUG io.netty.util.Recycler - -Dio.netty.recycler.blocking: false
18:07:29.111 [main] DEBUG io.netty.util.Recycler - -Dio.netty.recycler.batchFastThreadLocalOnly: true
18:07:29.112 [main] DEBUG io.netty.util.internal.PlatformDependent - org.jctools-core.MpscChunkedArrayQueue: available
]]></system-out>
  </testcase>
  <testcase name="test42" classname="io.netty.buffer.AbstractByteBufAllocator_ESTest" time="0.021">
    <system-out><![CDATA[18:07:29.124 [main] INFO org.evosuite.runtime.thread.ThreadStopper - Found new thread
18:07:29.125 [main] DEBUG io.netty.util.internal.logging.InternalLoggerFactory - Using SLF4J as the default logging framework
18:07:29.126 [main] DEBUG io.netty.util.ResourceLeakDetector - -Dio.netty.leakDetection.level: simple
18:07:29.126 [main] DEBUG io.netty.util.ResourceLeakDetector - -Dio.netty.leakDetection.targetRecords: 4
18:07:29.126 [main] DEBUG io.netty.util.internal.InternalThreadLocalMap - -Dio.netty.threadLocalMap.stringBuilder.initialSize: 1024
18:07:29.126 [main] DEBUG io.netty.util.internal.InternalThreadLocalMap - -Dio.netty.threadLocalMap.stringBuilder.maxSize: 4096
18:07:29.127 [main] DEBUG io.netty.util.internal.PlatformDependent0 - -Dio.netty.noUnsafe: false
18:07:29.127 [main] DEBUG io.netty.util.internal.PlatformDependent0 - Java version: 8
18:07:29.127 [main] DEBUG io.netty.util.internal.PlatformDependent0 - sun.misc.Unsafe.theUnsafe: available
18:07:29.127 [main] DEBUG io.netty.util.internal.PlatformDependent0 - sun.misc.Unsafe.copyMemory: available
18:07:29.127 [main] DEBUG io.netty.util.internal.PlatformDependent0 - sun.misc.Unsafe.storeFence: available
18:07:29.127 [main] DEBUG io.netty.util.internal.PlatformDependent0 - java.nio.Buffer.address: available
18:07:29.127 [main] DEBUG io.netty.util.internal.PlatformDependent0 - direct buffer constructor: available
18:07:29.128 [main] DEBUG io.netty.util.internal.PlatformDependent0 - java.nio.Bits.unaligned: available, true
18:07:29.128 [main] DEBUG io.netty.util.internal.PlatformDependent0 - jdk.internal.misc.Unsafe.allocateUninitializedArray(int): unavailable prior to Java9
18:07:29.128 [main] DEBUG io.netty.util.internal.PlatformDependent0 - java.nio.DirectByteBuffer.<init>(long, {int,long}): available
18:07:29.128 [main] DEBUG io.netty.util.internal.CleanerJava6 - java.nio.ByteBuffer.cleaner(): available
18:07:29.128 [main] DEBUG io.netty.util.internal.PlatformDependent - sun.misc.Unsafe: available
18:07:29.128 [main] DEBUG io.netty.util.internal.PlatformDependent - -Dio.netty.tmpdir: /tmp (java.io.tmpdir)
18:07:29.128 [main] DEBUG io.netty.util.internal.PlatformDependent - -Dio.netty.bitMode: 64 (sun.arch.data.model)
18:07:29.128 [main] DEBUG io.netty.util.internal.PlatformDependent - -Dio.netty.maxDirectMemory: 11420041216 bytes
18:07:29.128 [main] DEBUG io.netty.util.internal.PlatformDependent - -Dio.netty.uninitializedArrayAllocationThreshold: -1
18:07:29.128 [main] DEBUG io.netty.util.internal.PlatformDependent - -Dio.netty.noPreferDirect: false
18:07:29.129 [main] DEBUG io.netty.buffer.PooledByteBufAllocator - -Dio.netty.allocator.numHeapArenas: 0
18:07:29.129 [main] DEBUG io.netty.buffer.PooledByteBufAllocator - -Dio.netty.allocator.numDirectArenas: 2
18:07:29.129 [main] DEBUG io.netty.buffer.PooledByteBufAllocator - -Dio.netty.allocator.pageSize: 8192
18:07:29.129 [main] DEBUG io.netty.buffer.PooledByteBufAllocator - -Dio.netty.allocator.maxOrder: 9
18:07:29.129 [main] DEBUG io.netty.buffer.PooledByteBufAllocator - -Dio.netty.allocator.chunkSize: 4194304
18:07:29.129 [main] DEBUG io.netty.buffer.PooledByteBufAllocator - -Dio.netty.allocator.smallCacheSize: 256
18:07:29.129 [main] DEBUG io.netty.buffer.PooledByteBufAllocator - -Dio.netty.allocator.normalCacheSize: 64
18:07:29.129 [main] DEBUG io.netty.buffer.PooledByteBufAllocator - -Dio.netty.allocator.maxCachedBufferCapacity: 32768
18:07:29.129 [main] DEBUG io.netty.buffer.PooledByteBufAllocator - -Dio.netty.allocator.cacheTrimInterval: 8192
18:07:29.129 [main] DEBUG io.netty.buffer.PooledByteBufAllocator - -Dio.netty.allocator.cacheTrimIntervalMillis: 0
18:07:29.129 [main] DEBUG io.netty.buffer.PooledByteBufAllocator - -Dio.netty.allocator.useCacheForAllThreads: false
18:07:29.129 [main] DEBUG io.netty.buffer.PooledByteBufAllocator - -Dio.netty.allocator.maxCachedByteBuffersPerChunk: 1023
18:07:29.129 [main] DEBUG io.netty.buffer.ByteBufUtil - -Dio.netty.allocator.type: pooled
18:07:29.129 [main] DEBUG io.netty.buffer.ByteBufUtil - -Dio.netty.threadLocalDirectBufferSize: 0
18:07:29.129 [main] DEBUG io.netty.buffer.ByteBufUtil - -Dio.netty.maxThreadLocalCharBufferSize: 16384
18:07:29.130 [main] DEBUG io.netty.buffer.AbstractByteBuf - -Dio.netty.buffer.checkAccessible: true
18:07:29.130 [main] DEBUG io.netty.buffer.AbstractByteBuf - -Dio.netty.buffer.checkBounds: true
18:07:29.130 [main] DEBUG io.netty.util.ResourceLeakDetectorFactory - Loaded default ResourceLeakDetector: io.netty.util.ResourceLeakDetector@5
18:07:29.130 [main] DEBUG io.netty.util.internal.CleanerJava9 - java.nio.ByteBuffer.cleaner(): unavailable
java.lang.NoSuchMethodException: sun.misc.Unsafe.invokeCleaner(java.nio.ByteBuffer)
	at java.lang.Class.getDeclaredMethod(Class.java:2130)
	at io.netty.util.internal.CleanerJava9$1.run(CleanerJava9.java:45)
	at java.security.AccessController.doPrivileged(Native Method)
	at io.netty.util.internal.CleanerJava9.__STATIC_RESET(CleanerJava9.java:40)
	at sun.reflect.NativeMethodAccessorImpl.invoke0(Native Method)
	at sun.reflect.NativeMethodAccessorImpl.invoke(NativeMethodAccessorImpl.java:62)
	at sun.reflect.DelegatingMethodAccessorImpl.invoke(DelegatingMethodAccessorImpl.java:43)
	at java.lang.reflect.Method.invoke(Method.java:498)
	at org.evosuite.runtime.classhandling.ClassResetter.reset(ClassResetter.java:159)
	at org.evosuite.runtime.classhandling.ClassStateSupport.resetClasses(ClassStateSupport.java:137)
	at io.netty.buffer.AbstractByteBufAllocator_ESTest_scaffolding.resetClasses(AbstractByteBufAllocator_ESTest_scaffolding.java:308)
	at io.netty.buffer.AbstractByteBufAllocator_ESTest_scaffolding.doneWithTestCase(AbstractByteBufAllocator_ESTest_scaffolding.java:68)
	at sun.reflect.NativeMethodAccessorImpl.invoke0(Native Method)
	at sun.reflect.NativeMethodAccessorImpl.invoke(NativeMethodAccessorImpl.java:62)
	at sun.reflect.DelegatingMethodAccessorImpl.invoke(DelegatingMethodAccessorImpl.java:43)
	at java.lang.reflect.Method.invoke(Method.java:498)
	at org.junit.runners.model.FrameworkMethod$1.runReflectiveCall(FrameworkMethod.java:59)
	at org.junit.internal.runners.model.ReflectiveCallable.run(ReflectiveCallable.java:12)
	at org.junit.runners.model.FrameworkMethod.invokeExplosively(FrameworkMethod.java:56)
	at org.junit.internal.runners.statements.RunAfters.invokeMethod(RunAfters.java:46)
	at org.junit.internal.runners.statements.RunAfters.evaluate(RunAfters.java:33)
	at org.evosuite.runtime.vnet.NonFunctionalRequirementRule$1.evaluate(NonFunctionalRequirementRule.java:41)
	at org.junit.runners.ParentRunner$3.evaluate(ParentRunner.java:306)
	at org.junit.runners.BlockJUnit4ClassRunner$1.evaluate(BlockJUnit4ClassRunner.java:100)
	at org.junit.runners.ParentRunner.runLeaf(ParentRunner.java:366)
	at org.junit.runners.BlockJUnit4ClassRunner.runChild(BlockJUnit4ClassRunner.java:103)
	at org.junit.runners.BlockJUnit4ClassRunner.runChild(BlockJUnit4ClassRunner.java:63)
	at org.junit.runners.ParentRunner$4.run(ParentRunner.java:331)
	at org.junit.runners.ParentRunner$1.schedule(ParentRunner.java:79)
	at org.junit.runners.ParentRunner.runChildren(ParentRunner.java:329)
	at org.junit.runners.ParentRunner.access$100(ParentRunner.java:66)
	at org.junit.runners.ParentRunner$2.evaluate(ParentRunner.java:293)
	at org.junit.internal.runners.statements.RunBefores.evaluate(RunBefores.java:26)
	at org.junit.internal.runners.statements.RunAfters.evaluate(RunAfters.java:27)
	at org.junit.runners.ParentRunner$3.evaluate(ParentRunner.java:306)
	at org.junit.runners.ParentRunner.run(ParentRunner.java:413)
	at org.apache.maven.surefire.junit4.JUnit4Provider.execute(JUnit4Provider.java:316)
	at org.apache.maven.surefire.junit4.JUnit4Provider.executeWithRerun(JUnit4Provider.java:240)
	at org.apache.maven.surefire.junit4.JUnit4Provider.executeTestSet(JUnit4Provider.java:214)
	at org.apache.maven.surefire.junit4.JUnit4Provider.invoke(JUnit4Provider.java:155)
	at org.apache.maven.surefire.booter.ForkedBooter.runSuitesInProcess(ForkedBooter.java:385)
	at org.apache.maven.surefire.booter.ForkedBooter.execute(ForkedBooter.java:162)
	at org.apache.maven.surefire.booter.ForkedBooter.run(ForkedBooter.java:507)
	at org.apache.maven.surefire.booter.ForkedBooter.main(ForkedBooter.java:495)
18:07:29.130 [main] DEBUG io.netty.buffer.AdvancedLeakAwareByteBuf - -Dio.netty.leakDetection.acquireAndReleaseOnly: false
18:07:29.132 [main] DEBUG io.netty.util.Recycler - -Dio.netty.recycler.maxCapacityPerThread: 4096
18:07:29.132 [main] DEBUG io.netty.util.Recycler - -Dio.netty.recycler.ratio: 8
18:07:29.132 [main] DEBUG io.netty.util.Recycler - -Dio.netty.recycler.chunkSize: 32
18:07:29.132 [main] DEBUG io.netty.util.Recycler - -Dio.netty.recycler.blocking: false
18:07:29.132 [main] DEBUG io.netty.util.Recycler - -Dio.netty.recycler.batchFastThreadLocalOnly: true
18:07:29.132 [main] DEBUG io.netty.util.internal.PlatformDependent - org.jctools-core.MpscChunkedArrayQueue: available
]]></system-out>
  </testcase>
  <testcase name="test21" classname="io.netty.buffer.AbstractByteBufAllocator_ESTest" time="0.078">
    <system-out><![CDATA[18:07:29.154 [main] DEBUG io.netty.util.internal.logging.InternalLoggerFactory - Using SLF4J as the default logging framework
18:07:29.154 [main] DEBUG io.netty.util.ResourceLeakDetector - -Dio.netty.leakDetection.level: simple
18:07:29.154 [main] DEBUG io.netty.util.ResourceLeakDetector - -Dio.netty.leakDetection.targetRecords: 4
18:07:29.155 [main] DEBUG io.netty.util.internal.InternalThreadLocalMap - -Dio.netty.threadLocalMap.stringBuilder.initialSize: 1024
18:07:29.155 [main] DEBUG io.netty.util.internal.InternalThreadLocalMap - -Dio.netty.threadLocalMap.stringBuilder.maxSize: 4096
18:07:29.155 [main] DEBUG io.netty.util.internal.PlatformDependent0 - -Dio.netty.noUnsafe: false
18:07:29.156 [main] DEBUG io.netty.util.internal.PlatformDependent0 - Java version: 8
18:07:29.156 [main] DEBUG io.netty.util.internal.PlatformDependent0 - sun.misc.Unsafe.theUnsafe: available
18:07:29.156 [main] DEBUG io.netty.util.internal.PlatformDependent0 - sun.misc.Unsafe.copyMemory: available
18:07:29.156 [main] DEBUG io.netty.util.internal.PlatformDependent0 - sun.misc.Unsafe.storeFence: available
18:07:29.156 [main] DEBUG io.netty.util.internal.PlatformDependent0 - java.nio.Buffer.address: available
18:07:29.156 [main] DEBUG io.netty.util.internal.PlatformDependent0 - direct buffer constructor: available
18:07:29.156 [main] DEBUG io.netty.util.internal.PlatformDependent0 - java.nio.Bits.unaligned: available, true
18:07:29.156 [main] DEBUG io.netty.util.internal.PlatformDependent0 - jdk.internal.misc.Unsafe.allocateUninitializedArray(int): unavailable prior to Java9
18:07:29.156 [main] DEBUG io.netty.util.internal.PlatformDependent0 - java.nio.DirectByteBuffer.<init>(long, {int,long}): available
18:07:29.156 [main] DEBUG io.netty.util.internal.CleanerJava6 - java.nio.ByteBuffer.cleaner(): available
18:07:29.157 [main] DEBUG io.netty.util.internal.PlatformDependent - sun.misc.Unsafe: available
18:07:29.157 [main] DEBUG io.netty.util.internal.PlatformDependent - -Dio.netty.tmpdir: /tmp (java.io.tmpdir)
18:07:29.157 [main] DEBUG io.netty.util.internal.PlatformDependent - -Dio.netty.bitMode: 64 (sun.arch.data.model)
18:07:29.157 [main] DEBUG io.netty.util.internal.PlatformDependent - -Dio.netty.maxDirectMemory: 11420041216 bytes
18:07:29.157 [main] DEBUG io.netty.util.internal.PlatformDependent - -Dio.netty.uninitializedArrayAllocationThreshold: -1
18:07:29.157 [main] DEBUG io.netty.util.internal.PlatformDependent - -Dio.netty.noPreferDirect: false
18:07:29.159 [main] DEBUG io.netty.buffer.PooledByteBufAllocator - -Dio.netty.allocator.numHeapArenas: 0
18:07:29.159 [main] DEBUG io.netty.buffer.PooledByteBufAllocator - -Dio.netty.allocator.numDirectArenas: 2
18:07:29.159 [main] DEBUG io.netty.buffer.PooledByteBufAllocator - -Dio.netty.allocator.pageSize: 8192
18:07:29.159 [main] DEBUG io.netty.buffer.PooledByteBufAllocator - -Dio.netty.allocator.maxOrder: 9
18:07:29.159 [main] DEBUG io.netty.buffer.PooledByteBufAllocator - -Dio.netty.allocator.chunkSize: 4194304
18:07:29.159 [main] DEBUG io.netty.buffer.PooledByteBufAllocator - -Dio.netty.allocator.smallCacheSize: 256
18:07:29.159 [main] DEBUG io.netty.buffer.PooledByteBufAllocator - -Dio.netty.allocator.normalCacheSize: 64
18:07:29.159 [main] DEBUG io.netty.buffer.PooledByteBufAllocator - -Dio.netty.allocator.maxCachedBufferCapacity: 32768
18:07:29.159 [main] DEBUG io.netty.buffer.PooledByteBufAllocator - -Dio.netty.allocator.cacheTrimInterval: 8192
18:07:29.159 [main] DEBUG io.netty.buffer.PooledByteBufAllocator - -Dio.netty.allocator.cacheTrimIntervalMillis: 0
18:07:29.159 [main] DEBUG io.netty.buffer.PooledByteBufAllocator - -Dio.netty.allocator.useCacheForAllThreads: false
18:07:29.159 [main] DEBUG io.netty.buffer.PooledByteBufAllocator - -Dio.netty.allocator.maxCachedByteBuffersPerChunk: 1023
18:07:29.160 [main] DEBUG io.netty.buffer.ByteBufUtil - -Dio.netty.allocator.type: pooled
18:07:29.160 [main] DEBUG io.netty.buffer.ByteBufUtil - -Dio.netty.threadLocalDirectBufferSize: 0
18:07:29.160 [main] DEBUG io.netty.buffer.ByteBufUtil - -Dio.netty.maxThreadLocalCharBufferSize: 16384
18:07:29.160 [main] DEBUG io.netty.buffer.AbstractByteBuf - -Dio.netty.buffer.checkAccessible: true
18:07:29.160 [main] DEBUG io.netty.buffer.AbstractByteBuf - -Dio.netty.buffer.checkBounds: true
18:07:29.160 [main] DEBUG io.netty.util.ResourceLeakDetectorFactory - Loaded default ResourceLeakDetector: io.netty.util.ResourceLeakDetector@5
18:07:29.161 [main] DEBUG io.netty.util.internal.CleanerJava9 - java.nio.ByteBuffer.cleaner(): unavailable
java.lang.NoSuchMethodException: sun.misc.Unsafe.invokeCleaner(java.nio.ByteBuffer)
	at java.lang.Class.getDeclaredMethod(Class.java:2130)
	at io.netty.util.internal.CleanerJava9$1.run(CleanerJava9.java:45)
	at java.security.AccessController.doPrivileged(Native Method)
	at io.netty.util.internal.CleanerJava9.__STATIC_RESET(CleanerJava9.java:40)
	at sun.reflect.NativeMethodAccessorImpl.invoke0(Native Method)
	at sun.reflect.NativeMethodAccessorImpl.invoke(NativeMethodAccessorImpl.java:62)
	at sun.reflect.DelegatingMethodAccessorImpl.invoke(DelegatingMethodAccessorImpl.java:43)
	at java.lang.reflect.Method.invoke(Method.java:498)
	at org.evosuite.runtime.classhandling.ClassResetter.reset(ClassResetter.java:159)
	at org.evosuite.runtime.classhandling.ClassStateSupport.resetClasses(ClassStateSupport.java:137)
	at io.netty.buffer.AbstractByteBufAllocator_ESTest_scaffolding.resetClasses(AbstractByteBufAllocator_ESTest_scaffolding.java:308)
	at io.netty.buffer.AbstractByteBufAllocator_ESTest_scaffolding.doneWithTestCase(AbstractByteBufAllocator_ESTest_scaffolding.java:68)
	at sun.reflect.NativeMethodAccessorImpl.invoke0(Native Method)
	at sun.reflect.NativeMethodAccessorImpl.invoke(NativeMethodAccessorImpl.java:62)
	at sun.reflect.DelegatingMethodAccessorImpl.invoke(DelegatingMethodAccessorImpl.java:43)
	at java.lang.reflect.Method.invoke(Method.java:498)
	at org.junit.runners.model.FrameworkMethod$1.runReflectiveCall(FrameworkMethod.java:59)
	at org.junit.internal.runners.model.ReflectiveCallable.run(ReflectiveCallable.java:12)
	at org.junit.runners.model.FrameworkMethod.invokeExplosively(FrameworkMethod.java:56)
	at org.junit.internal.runners.statements.RunAfters.invokeMethod(RunAfters.java:46)
	at org.junit.internal.runners.statements.RunAfters.evaluate(RunAfters.java:33)
	at org.evosuite.runtime.vnet.NonFunctionalRequirementRule$1.evaluate(NonFunctionalRequirementRule.java:41)
	at org.junit.runners.ParentRunner$3.evaluate(ParentRunner.java:306)
	at org.junit.runners.BlockJUnit4ClassRunner$1.evaluate(BlockJUnit4ClassRunner.java:100)
	at org.junit.runners.ParentRunner.runLeaf(ParentRunner.java:366)
	at org.junit.runners.BlockJUnit4ClassRunner.runChild(BlockJUnit4ClassRunner.java:103)
	at org.junit.runners.BlockJUnit4ClassRunner.runChild(BlockJUnit4ClassRunner.java:63)
	at org.junit.runners.ParentRunner$4.run(ParentRunner.java:331)
	at org.junit.runners.ParentRunner$1.schedule(ParentRunner.java:79)
	at org.junit.runners.ParentRunner.runChildren(ParentRunner.java:329)
	at org.junit.runners.ParentRunner.access$100(ParentRunner.java:66)
	at org.junit.runners.ParentRunner$2.evaluate(ParentRunner.java:293)
	at org.junit.internal.runners.statements.RunBefores.evaluate(RunBefores.java:26)
	at org.junit.internal.runners.statements.RunAfters.evaluate(RunAfters.java:27)
	at org.junit.runners.ParentRunner$3.evaluate(ParentRunner.java:306)
	at org.junit.runners.ParentRunner.run(ParentRunner.java:413)
	at org.apache.maven.surefire.junit4.JUnit4Provider.execute(JUnit4Provider.java:316)
	at org.apache.maven.surefire.junit4.JUnit4Provider.executeWithRerun(JUnit4Provider.java:240)
	at org.apache.maven.surefire.junit4.JUnit4Provider.executeTestSet(JUnit4Provider.java:214)
	at org.apache.maven.surefire.junit4.JUnit4Provider.invoke(JUnit4Provider.java:155)
	at org.apache.maven.surefire.booter.ForkedBooter.runSuitesInProcess(ForkedBooter.java:385)
	at org.apache.maven.surefire.booter.ForkedBooter.execute(ForkedBooter.java:162)
	at org.apache.maven.surefire.booter.ForkedBooter.run(ForkedBooter.java:507)
	at org.apache.maven.surefire.booter.ForkedBooter.main(ForkedBooter.java:495)
18:07:29.162 [main] DEBUG io.netty.buffer.AdvancedLeakAwareByteBuf - -Dio.netty.leakDetection.acquireAndReleaseOnly: false
18:07:29.167 [main] DEBUG io.netty.util.Recycler - -Dio.netty.recycler.maxCapacityPerThread: 4096
18:07:29.167 [main] DEBUG io.netty.util.Recycler - -Dio.netty.recycler.ratio: 8
18:07:29.167 [main] DEBUG io.netty.util.Recycler - -Dio.netty.recycler.chunkSize: 32
18:07:29.167 [main] DEBUG io.netty.util.Recycler - -Dio.netty.recycler.blocking: false
18:07:29.167 [main] DEBUG io.netty.util.Recycler - -Dio.netty.recycler.batchFastThreadLocalOnly: true
18:07:29.168 [main] DEBUG io.netty.util.internal.PlatformDependent - org.jctools-core.MpscChunkedArrayQueue: available
]]></system-out>
  </testcase>
  <testcase name="test43" classname="io.netty.buffer.AbstractByteBufAllocator_ESTest" time="0.016">
    <system-out><![CDATA[18:07:29.185 [main] DEBUG io.netty.util.internal.logging.InternalLoggerFactory - Using SLF4J as the default logging framework
18:07:29.185 [main] DEBUG io.netty.util.ResourceLeakDetector - -Dio.netty.leakDetection.level: simple
18:07:29.185 [main] DEBUG io.netty.util.ResourceLeakDetector - -Dio.netty.leakDetection.targetRecords: 4
18:07:29.186 [main] DEBUG io.netty.util.internal.InternalThreadLocalMap - -Dio.netty.threadLocalMap.stringBuilder.initialSize: 1024
18:07:29.186 [main] DEBUG io.netty.util.internal.InternalThreadLocalMap - -Dio.netty.threadLocalMap.stringBuilder.maxSize: 4096
18:07:29.186 [main] DEBUG io.netty.util.internal.PlatformDependent0 - -Dio.netty.noUnsafe: false
18:07:29.186 [main] DEBUG io.netty.util.internal.PlatformDependent0 - Java version: 8
18:07:29.187 [main] DEBUG io.netty.util.internal.PlatformDependent0 - sun.misc.Unsafe.theUnsafe: available
18:07:29.187 [main] DEBUG io.netty.util.internal.PlatformDependent0 - sun.misc.Unsafe.copyMemory: available
18:07:29.187 [main] DEBUG io.netty.util.internal.PlatformDependent0 - sun.misc.Unsafe.storeFence: available
18:07:29.187 [main] DEBUG io.netty.util.internal.PlatformDependent0 - java.nio.Buffer.address: available
18:07:29.187 [main] DEBUG io.netty.util.internal.PlatformDependent0 - direct buffer constructor: available
18:07:29.187 [main] DEBUG io.netty.util.internal.PlatformDependent0 - java.nio.Bits.unaligned: available, true
18:07:29.187 [main] DEBUG io.netty.util.internal.PlatformDependent0 - jdk.internal.misc.Unsafe.allocateUninitializedArray(int): unavailable prior to Java9
18:07:29.187 [main] DEBUG io.netty.util.internal.PlatformDependent0 - java.nio.DirectByteBuffer.<init>(long, {int,long}): available
18:07:29.187 [main] DEBUG io.netty.util.internal.CleanerJava6 - java.nio.ByteBuffer.cleaner(): available
18:07:29.187 [main] DEBUG io.netty.util.internal.PlatformDependent - sun.misc.Unsafe: available
18:07:29.187 [main] DEBUG io.netty.util.internal.PlatformDependent - -Dio.netty.tmpdir: /tmp (java.io.tmpdir)
18:07:29.187 [main] DEBUG io.netty.util.internal.PlatformDependent - -Dio.netty.bitMode: 64 (sun.arch.data.model)
18:07:29.188 [main] DEBUG io.netty.util.internal.PlatformDependent - -Dio.netty.maxDirectMemory: 11420041216 bytes
18:07:29.188 [main] DEBUG io.netty.util.internal.PlatformDependent - -Dio.netty.uninitializedArrayAllocationThreshold: -1
18:07:29.188 [main] DEBUG io.netty.util.internal.PlatformDependent - -Dio.netty.noPreferDirect: false
18:07:29.189 [main] DEBUG io.netty.buffer.PooledByteBufAllocator - -Dio.netty.allocator.numHeapArenas: 0
18:07:29.189 [main] DEBUG io.netty.buffer.PooledByteBufAllocator - -Dio.netty.allocator.numDirectArenas: 2
18:07:29.189 [main] DEBUG io.netty.buffer.PooledByteBufAllocator - -Dio.netty.allocator.pageSize: 8192
18:07:29.189 [main] DEBUG io.netty.buffer.PooledByteBufAllocator - -Dio.netty.allocator.maxOrder: 9
18:07:29.189 [main] DEBUG io.netty.buffer.PooledByteBufAllocator - -Dio.netty.allocator.chunkSize: 4194304
18:07:29.189 [main] DEBUG io.netty.buffer.PooledByteBufAllocator - -Dio.netty.allocator.smallCacheSize: 256
18:07:29.189 [main] DEBUG io.netty.buffer.PooledByteBufAllocator - -Dio.netty.allocator.normalCacheSize: 64
18:07:29.189 [main] DEBUG io.netty.buffer.PooledByteBufAllocator - -Dio.netty.allocator.maxCachedBufferCapacity: 32768
18:07:29.189 [main] DEBUG io.netty.buffer.PooledByteBufAllocator - -Dio.netty.allocator.cacheTrimInterval: 8192
18:07:29.189 [main] DEBUG io.netty.buffer.PooledByteBufAllocator - -Dio.netty.allocator.cacheTrimIntervalMillis: 0
18:07:29.189 [main] DEBUG io.netty.buffer.PooledByteBufAllocator - -Dio.netty.allocator.useCacheForAllThreads: false
18:07:29.189 [main] DEBUG io.netty.buffer.PooledByteBufAllocator - -Dio.netty.allocator.maxCachedByteBuffersPerChunk: 1023
18:07:29.190 [main] DEBUG io.netty.buffer.ByteBufUtil - -Dio.netty.allocator.type: pooled
18:07:29.190 [main] DEBUG io.netty.buffer.ByteBufUtil - -Dio.netty.threadLocalDirectBufferSize: 0
18:07:29.190 [main] DEBUG io.netty.buffer.ByteBufUtil - -Dio.netty.maxThreadLocalCharBufferSize: 16384
18:07:29.191 [main] DEBUG io.netty.buffer.AbstractByteBuf - -Dio.netty.buffer.checkAccessible: true
18:07:29.191 [main] DEBUG io.netty.buffer.AbstractByteBuf - -Dio.netty.buffer.checkBounds: true
18:07:29.191 [main] DEBUG io.netty.util.ResourceLeakDetectorFactory - Loaded default ResourceLeakDetector: io.netty.util.ResourceLeakDetector@5
18:07:29.191 [main] DEBUG io.netty.util.internal.CleanerJava9 - java.nio.ByteBuffer.cleaner(): unavailable
java.lang.NoSuchMethodException: sun.misc.Unsafe.invokeCleaner(java.nio.ByteBuffer)
	at java.lang.Class.getDeclaredMethod(Class.java:2130)
	at io.netty.util.internal.CleanerJava9$1.run(CleanerJava9.java:45)
	at java.security.AccessController.doPrivileged(Native Method)
	at io.netty.util.internal.CleanerJava9.__STATIC_RESET(CleanerJava9.java:40)
	at sun.reflect.NativeMethodAccessorImpl.invoke0(Native Method)
	at sun.reflect.NativeMethodAccessorImpl.invoke(NativeMethodAccessorImpl.java:62)
	at sun.reflect.DelegatingMethodAccessorImpl.invoke(DelegatingMethodAccessorImpl.java:43)
	at java.lang.reflect.Method.invoke(Method.java:498)
	at org.evosuite.runtime.classhandling.ClassResetter.reset(ClassResetter.java:159)
	at org.evosuite.runtime.classhandling.ClassStateSupport.resetClasses(ClassStateSupport.java:137)
	at io.netty.buffer.AbstractByteBufAllocator_ESTest_scaffolding.resetClasses(AbstractByteBufAllocator_ESTest_scaffolding.java:308)
	at io.netty.buffer.AbstractByteBufAllocator_ESTest_scaffolding.doneWithTestCase(AbstractByteBufAllocator_ESTest_scaffolding.java:68)
	at sun.reflect.NativeMethodAccessorImpl.invoke0(Native Method)
	at sun.reflect.NativeMethodAccessorImpl.invoke(NativeMethodAccessorImpl.java:62)
	at sun.reflect.DelegatingMethodAccessorImpl.invoke(DelegatingMethodAccessorImpl.java:43)
	at java.lang.reflect.Method.invoke(Method.java:498)
	at org.junit.runners.model.FrameworkMethod$1.runReflectiveCall(FrameworkMethod.java:59)
	at org.junit.internal.runners.model.ReflectiveCallable.run(ReflectiveCallable.java:12)
	at org.junit.runners.model.FrameworkMethod.invokeExplosively(FrameworkMethod.java:56)
	at org.junit.internal.runners.statements.RunAfters.invokeMethod(RunAfters.java:46)
	at org.junit.internal.runners.statements.RunAfters.evaluate(RunAfters.java:33)
	at org.evosuite.runtime.vnet.NonFunctionalRequirementRule$1.evaluate(NonFunctionalRequirementRule.java:41)
	at org.junit.runners.ParentRunner$3.evaluate(ParentRunner.java:306)
	at org.junit.runners.BlockJUnit4ClassRunner$1.evaluate(BlockJUnit4ClassRunner.java:100)
	at org.junit.runners.ParentRunner.runLeaf(ParentRunner.java:366)
	at org.junit.runners.BlockJUnit4ClassRunner.runChild(BlockJUnit4ClassRunner.java:103)
	at org.junit.runners.BlockJUnit4ClassRunner.runChild(BlockJUnit4ClassRunner.java:63)
	at org.junit.runners.ParentRunner$4.run(ParentRunner.java:331)
	at org.junit.runners.ParentRunner$1.schedule(ParentRunner.java:79)
	at org.junit.runners.ParentRunner.runChildren(ParentRunner.java:329)
	at org.junit.runners.ParentRunner.access$100(ParentRunner.java:66)
	at org.junit.runners.ParentRunner$2.evaluate(ParentRunner.java:293)
	at org.junit.internal.runners.statements.RunBefores.evaluate(RunBefores.java:26)
	at org.junit.internal.runners.statements.RunAfters.evaluate(RunAfters.java:27)
	at org.junit.runners.ParentRunner$3.evaluate(ParentRunner.java:306)
	at org.junit.runners.ParentRunner.run(ParentRunner.java:413)
	at org.apache.maven.surefire.junit4.JUnit4Provider.execute(JUnit4Provider.java:316)
	at org.apache.maven.surefire.junit4.JUnit4Provider.executeWithRerun(JUnit4Provider.java:240)
	at org.apache.maven.surefire.junit4.JUnit4Provider.executeTestSet(JUnit4Provider.java:214)
	at org.apache.maven.surefire.junit4.JUnit4Provider.invoke(JUnit4Provider.java:155)
	at org.apache.maven.surefire.booter.ForkedBooter.runSuitesInProcess(ForkedBooter.java:385)
	at org.apache.maven.surefire.booter.ForkedBooter.execute(ForkedBooter.java:162)
	at org.apache.maven.surefire.booter.ForkedBooter.run(ForkedBooter.java:507)
	at org.apache.maven.surefire.booter.ForkedBooter.main(ForkedBooter.java:495)
18:07:29.193 [main] DEBUG io.netty.buffer.AdvancedLeakAwareByteBuf - -Dio.netty.leakDetection.acquireAndReleaseOnly: false
18:07:29.197 [main] DEBUG io.netty.util.Recycler - -Dio.netty.recycler.maxCapacityPerThread: 4096
18:07:29.197 [main] DEBUG io.netty.util.Recycler - -Dio.netty.recycler.ratio: 8
18:07:29.197 [main] DEBUG io.netty.util.Recycler - -Dio.netty.recycler.chunkSize: 32
18:07:29.197 [main] DEBUG io.netty.util.Recycler - -Dio.netty.recycler.blocking: false
18:07:29.197 [main] DEBUG io.netty.util.Recycler - -Dio.netty.recycler.batchFastThreadLocalOnly: true
18:07:29.198 [main] DEBUG io.netty.util.internal.PlatformDependent - org.jctools-core.MpscChunkedArrayQueue: available
]]></system-out>
  </testcase>
  <testcase name="test00" classname="io.netty.buffer.AbstractByteBufAllocator_ESTest" time="0.063">
    <system-out><![CDATA[18:07:29.269 [main] DEBUG io.netty.util.internal.logging.InternalLoggerFactory - Using SLF4J as the default logging framework
18:07:29.269 [main] DEBUG io.netty.util.ResourceLeakDetector - -Dio.netty.leakDetection.level: simple
18:07:29.269 [main] DEBUG io.netty.util.ResourceLeakDetector - -Dio.netty.leakDetection.targetRecords: 4
18:07:29.273 [main] DEBUG io.netty.util.internal.InternalThreadLocalMap - -Dio.netty.threadLocalMap.stringBuilder.initialSize: 1024
18:07:29.273 [main] DEBUG io.netty.util.internal.InternalThreadLocalMap - -Dio.netty.threadLocalMap.stringBuilder.maxSize: 4096
18:07:29.273 [main] DEBUG io.netty.util.internal.PlatformDependent0 - -Dio.netty.noUnsafe: false
18:07:29.273 [main] DEBUG io.netty.util.internal.PlatformDependent0 - Java version: 8
18:07:29.274 [main] DEBUG io.netty.util.internal.PlatformDependent0 - sun.misc.Unsafe.theUnsafe: available
18:07:29.274 [main] DEBUG io.netty.util.internal.PlatformDependent0 - sun.misc.Unsafe.copyMemory: available
18:07:29.274 [main] DEBUG io.netty.util.internal.PlatformDependent0 - sun.misc.Unsafe.storeFence: available
18:07:29.274 [main] DEBUG io.netty.util.internal.PlatformDependent0 - java.nio.Buffer.address: available
18:07:29.274 [main] DEBUG io.netty.util.internal.PlatformDependent0 - direct buffer constructor: available
18:07:29.274 [main] DEBUG io.netty.util.internal.PlatformDependent0 - java.nio.Bits.unaligned: available, true
18:07:29.274 [main] DEBUG io.netty.util.internal.PlatformDependent0 - jdk.internal.misc.Unsafe.allocateUninitializedArray(int): unavailable prior to Java9
18:07:29.274 [main] DEBUG io.netty.util.internal.PlatformDependent0 - java.nio.DirectByteBuffer.<init>(long, {int,long}): available
18:07:29.274 [main] DEBUG io.netty.util.internal.CleanerJava6 - java.nio.ByteBuffer.cleaner(): available
18:07:29.274 [main] DEBUG io.netty.util.internal.PlatformDependent - sun.misc.Unsafe: available
18:07:29.274 [main] DEBUG io.netty.util.internal.PlatformDependent - -Dio.netty.tmpdir: /tmp (java.io.tmpdir)
18:07:29.274 [main] DEBUG io.netty.util.internal.PlatformDependent - -Dio.netty.bitMode: 64 (sun.arch.data.model)
18:07:29.274 [main] DEBUG io.netty.util.internal.PlatformDependent - -Dio.netty.maxDirectMemory: 11420041216 bytes
18:07:29.274 [main] DEBUG io.netty.util.internal.PlatformDependent - -Dio.netty.uninitializedArrayAllocationThreshold: -1
18:07:29.274 [main] DEBUG io.netty.util.internal.PlatformDependent - -Dio.netty.noPreferDirect: false
18:07:29.275 [main] DEBUG io.netty.buffer.PooledByteBufAllocator - -Dio.netty.allocator.numHeapArenas: 0
18:07:29.275 [main] DEBUG io.netty.buffer.PooledByteBufAllocator - -Dio.netty.allocator.numDirectArenas: 2
18:07:29.275 [main] DEBUG io.netty.buffer.PooledByteBufAllocator - -Dio.netty.allocator.pageSize: 8192
18:07:29.275 [main] DEBUG io.netty.buffer.PooledByteBufAllocator - -Dio.netty.allocator.maxOrder: 9
18:07:29.275 [main] DEBUG io.netty.buffer.PooledByteBufAllocator - -Dio.netty.allocator.chunkSize: 4194304
18:07:29.275 [main] DEBUG io.netty.buffer.PooledByteBufAllocator - -Dio.netty.allocator.smallCacheSize: 256
18:07:29.275 [main] DEBUG io.netty.buffer.PooledByteBufAllocator - -Dio.netty.allocator.normalCacheSize: 64
18:07:29.275 [main] DEBUG io.netty.buffer.PooledByteBufAllocator - -Dio.netty.allocator.maxCachedBufferCapacity: 32768
18:07:29.275 [main] DEBUG io.netty.buffer.PooledByteBufAllocator - -Dio.netty.allocator.cacheTrimInterval: 8192
18:07:29.275 [main] DEBUG io.netty.buffer.PooledByteBufAllocator - -Dio.netty.allocator.cacheTrimIntervalMillis: 0
18:07:29.275 [main] DEBUG io.netty.buffer.PooledByteBufAllocator - -Dio.netty.allocator.useCacheForAllThreads: false
18:07:29.275 [main] DEBUG io.netty.buffer.PooledByteBufAllocator - -Dio.netty.allocator.maxCachedByteBuffersPerChunk: 1023
18:07:29.275 [main] DEBUG io.netty.buffer.ByteBufUtil - -Dio.netty.allocator.type: pooled
18:07:29.275 [main] DEBUG io.netty.buffer.ByteBufUtil - -Dio.netty.threadLocalDirectBufferSize: 0
18:07:29.275 [main] DEBUG io.netty.buffer.ByteBufUtil - -Dio.netty.maxThreadLocalCharBufferSize: 16384
18:07:29.275 [main] DEBUG io.netty.buffer.AbstractByteBuf - -Dio.netty.buffer.checkAccessible: true
18:07:29.276 [main] DEBUG io.netty.buffer.AbstractByteBuf - -Dio.netty.buffer.checkBounds: true
18:07:29.276 [main] DEBUG io.netty.util.ResourceLeakDetectorFactory - Loaded default ResourceLeakDetector: io.netty.util.ResourceLeakDetector@5
18:07:29.276 [main] DEBUG io.netty.util.internal.CleanerJava9 - java.nio.ByteBuffer.cleaner(): unavailable
java.lang.NoSuchMethodException: sun.misc.Unsafe.invokeCleaner(java.nio.ByteBuffer)
	at java.lang.Class.getDeclaredMethod(Class.java:2130)
	at io.netty.util.internal.CleanerJava9$1.run(CleanerJava9.java:45)
	at java.security.AccessController.doPrivileged(Native Method)
	at io.netty.util.internal.CleanerJava9.__STATIC_RESET(CleanerJava9.java:40)
	at sun.reflect.NativeMethodAccessorImpl.invoke0(Native Method)
	at sun.reflect.NativeMethodAccessorImpl.invoke(NativeMethodAccessorImpl.java:62)
	at sun.reflect.DelegatingMethodAccessorImpl.invoke(DelegatingMethodAccessorImpl.java:43)
	at java.lang.reflect.Method.invoke(Method.java:498)
	at org.evosuite.runtime.classhandling.ClassResetter.reset(ClassResetter.java:159)
	at org.evosuite.runtime.classhandling.ClassStateSupport.resetClasses(ClassStateSupport.java:137)
	at io.netty.buffer.AbstractByteBufAllocator_ESTest_scaffolding.resetClasses(AbstractByteBufAllocator_ESTest_scaffolding.java:308)
	at io.netty.buffer.AbstractByteBufAllocator_ESTest_scaffolding.doneWithTestCase(AbstractByteBufAllocator_ESTest_scaffolding.java:68)
	at sun.reflect.NativeMethodAccessorImpl.invoke0(Native Method)
	at sun.reflect.NativeMethodAccessorImpl.invoke(NativeMethodAccessorImpl.java:62)
	at sun.reflect.DelegatingMethodAccessorImpl.invoke(DelegatingMethodAccessorImpl.java:43)
	at java.lang.reflect.Method.invoke(Method.java:498)
	at org.junit.runners.model.FrameworkMethod$1.runReflectiveCall(FrameworkMethod.java:59)
	at org.junit.internal.runners.model.ReflectiveCallable.run(ReflectiveCallable.java:12)
	at org.junit.runners.model.FrameworkMethod.invokeExplosively(FrameworkMethod.java:56)
	at org.junit.internal.runners.statements.RunAfters.invokeMethod(RunAfters.java:46)
	at org.junit.internal.runners.statements.RunAfters.evaluate(RunAfters.java:33)
	at org.evosuite.runtime.vnet.NonFunctionalRequirementRule$1.evaluate(NonFunctionalRequirementRule.java:41)
	at org.junit.runners.ParentRunner$3.evaluate(ParentRunner.java:306)
	at org.junit.runners.BlockJUnit4ClassRunner$1.evaluate(BlockJUnit4ClassRunner.java:100)
	at org.junit.runners.ParentRunner.runLeaf(ParentRunner.java:366)
	at org.junit.runners.BlockJUnit4ClassRunner.runChild(BlockJUnit4ClassRunner.java:103)
	at org.junit.runners.BlockJUnit4ClassRunner.runChild(BlockJUnit4ClassRunner.java:63)
	at org.junit.runners.ParentRunner$4.run(ParentRunner.java:331)
	at org.junit.runners.ParentRunner$1.schedule(ParentRunner.java:79)
	at org.junit.runners.ParentRunner.runChildren(ParentRunner.java:329)
	at org.junit.runners.ParentRunner.access$100(ParentRunner.java:66)
	at org.junit.runners.ParentRunner$2.evaluate(ParentRunner.java:293)
	at org.junit.internal.runners.statements.RunBefores.evaluate(RunBefores.java:26)
	at org.junit.internal.runners.statements.RunAfters.evaluate(RunAfters.java:27)
	at org.junit.runners.ParentRunner$3.evaluate(ParentRunner.java:306)
	at org.junit.runners.ParentRunner.run(ParentRunner.java:413)
	at org.apache.maven.surefire.junit4.JUnit4Provider.execute(JUnit4Provider.java:316)
	at org.apache.maven.surefire.junit4.JUnit4Provider.executeWithRerun(JUnit4Provider.java:240)
	at org.apache.maven.surefire.junit4.JUnit4Provider.executeTestSet(JUnit4Provider.java:214)
	at org.apache.maven.surefire.junit4.JUnit4Provider.invoke(JUnit4Provider.java:155)
	at org.apache.maven.surefire.booter.ForkedBooter.runSuitesInProcess(ForkedBooter.java:385)
	at org.apache.maven.surefire.booter.ForkedBooter.execute(ForkedBooter.java:162)
	at org.apache.maven.surefire.booter.ForkedBooter.run(ForkedBooter.java:507)
	at org.apache.maven.surefire.booter.ForkedBooter.main(ForkedBooter.java:495)
18:07:29.276 [main] DEBUG io.netty.buffer.AdvancedLeakAwareByteBuf - -Dio.netty.leakDetection.acquireAndReleaseOnly: false
18:07:29.277 [main] DEBUG io.netty.util.Recycler - -Dio.netty.recycler.maxCapacityPerThread: 4096
18:07:29.277 [main] DEBUG io.netty.util.Recycler - -Dio.netty.recycler.ratio: 8
18:07:29.277 [main] DEBUG io.netty.util.Recycler - -Dio.netty.recycler.chunkSize: 32
18:07:29.277 [main] DEBUG io.netty.util.Recycler - -Dio.netty.recycler.blocking: false
18:07:29.277 [main] DEBUG io.netty.util.Recycler - -Dio.netty.recycler.batchFastThreadLocalOnly: true
18:07:29.277 [main] DEBUG io.netty.util.internal.PlatformDependent - org.jctools-core.MpscChunkedArrayQueue: available
]]></system-out>
  </testcase>
  <testcase name="test22" classname="io.netty.buffer.AbstractByteBufAllocator_ESTest" time="0.017">
    <system-out><![CDATA[18:07:29.286 [main] DEBUG io.netty.util.internal.logging.InternalLoggerFactory - Using SLF4J as the default logging framework
18:07:29.286 [main] DEBUG io.netty.util.ResourceLeakDetector - -Dio.netty.leakDetection.level: simple
18:07:29.286 [main] DEBUG io.netty.util.ResourceLeakDetector - -Dio.netty.leakDetection.targetRecords: 4
18:07:29.287 [main] DEBUG io.netty.util.internal.InternalThreadLocalMap - -Dio.netty.threadLocalMap.stringBuilder.initialSize: 1024
18:07:29.287 [main] DEBUG io.netty.util.internal.InternalThreadLocalMap - -Dio.netty.threadLocalMap.stringBuilder.maxSize: 4096
18:07:29.287 [main] DEBUG io.netty.util.internal.PlatformDependent0 - -Dio.netty.noUnsafe: false
18:07:29.287 [main] DEBUG io.netty.util.internal.PlatformDependent0 - Java version: 8
18:07:29.287 [main] DEBUG io.netty.util.internal.PlatformDependent0 - sun.misc.Unsafe.theUnsafe: available
18:07:29.287 [main] DEBUG io.netty.util.internal.PlatformDependent0 - sun.misc.Unsafe.copyMemory: available
18:07:29.287 [main] DEBUG io.netty.util.internal.PlatformDependent0 - sun.misc.Unsafe.storeFence: available
18:07:29.287 [main] DEBUG io.netty.util.internal.PlatformDependent0 - java.nio.Buffer.address: available
18:07:29.288 [main] DEBUG io.netty.util.internal.PlatformDependent0 - direct buffer constructor: available
18:07:29.288 [main] DEBUG io.netty.util.internal.PlatformDependent0 - java.nio.Bits.unaligned: available, true
18:07:29.288 [main] DEBUG io.netty.util.internal.PlatformDependent0 - jdk.internal.misc.Unsafe.allocateUninitializedArray(int): unavailable prior to Java9
18:07:29.288 [main] DEBUG io.netty.util.internal.PlatformDependent0 - java.nio.DirectByteBuffer.<init>(long, {int,long}): available
18:07:29.288 [main] DEBUG io.netty.util.internal.CleanerJava6 - java.nio.ByteBuffer.cleaner(): available
18:07:29.288 [main] DEBUG io.netty.util.internal.PlatformDependent - sun.misc.Unsafe: available
18:07:29.288 [main] DEBUG io.netty.util.internal.PlatformDependent - -Dio.netty.tmpdir: /tmp (java.io.tmpdir)
18:07:29.288 [main] DEBUG io.netty.util.internal.PlatformDependent - -Dio.netty.bitMode: 64 (sun.arch.data.model)
18:07:29.288 [main] DEBUG io.netty.util.internal.PlatformDependent - -Dio.netty.maxDirectMemory: 11420041216 bytes
18:07:29.288 [main] DEBUG io.netty.util.internal.PlatformDependent - -Dio.netty.uninitializedArrayAllocationThreshold: -1
18:07:29.288 [main] DEBUG io.netty.util.internal.PlatformDependent - -Dio.netty.noPreferDirect: false
18:07:29.289 [main] DEBUG io.netty.buffer.PooledByteBufAllocator - -Dio.netty.allocator.numHeapArenas: 0
18:07:29.289 [main] DEBUG io.netty.buffer.PooledByteBufAllocator - -Dio.netty.allocator.numDirectArenas: 2
18:07:29.289 [main] DEBUG io.netty.buffer.PooledByteBufAllocator - -Dio.netty.allocator.pageSize: 8192
18:07:29.289 [main] DEBUG io.netty.buffer.PooledByteBufAllocator - -Dio.netty.allocator.maxOrder: 9
18:07:29.289 [main] DEBUG io.netty.buffer.PooledByteBufAllocator - -Dio.netty.allocator.chunkSize: 4194304
18:07:29.289 [main] DEBUG io.netty.buffer.PooledByteBufAllocator - -Dio.netty.allocator.smallCacheSize: 256
18:07:29.289 [main] DEBUG io.netty.buffer.PooledByteBufAllocator - -Dio.netty.allocator.normalCacheSize: 64
18:07:29.289 [main] DEBUG io.netty.buffer.PooledByteBufAllocator - -Dio.netty.allocator.maxCachedBufferCapacity: 32768
18:07:29.289 [main] DEBUG io.netty.buffer.PooledByteBufAllocator - -Dio.netty.allocator.cacheTrimInterval: 8192
18:07:29.289 [main] DEBUG io.netty.buffer.PooledByteBufAllocator - -Dio.netty.allocator.cacheTrimIntervalMillis: 0
18:07:29.289 [main] DEBUG io.netty.buffer.PooledByteBufAllocator - -Dio.netty.allocator.useCacheForAllThreads: false
18:07:29.289 [main] DEBUG io.netty.buffer.PooledByteBufAllocator - -Dio.netty.allocator.maxCachedByteBuffersPerChunk: 1023
18:07:29.289 [main] DEBUG io.netty.buffer.ByteBufUtil - -Dio.netty.allocator.type: pooled
18:07:29.289 [main] DEBUG io.netty.buffer.ByteBufUtil - -Dio.netty.threadLocalDirectBufferSize: 0
18:07:29.289 [main] DEBUG io.netty.buffer.ByteBufUtil - -Dio.netty.maxThreadLocalCharBufferSize: 16384
18:07:29.289 [main] DEBUG io.netty.buffer.AbstractByteBuf - -Dio.netty.buffer.checkAccessible: true
18:07:29.289 [main] DEBUG io.netty.buffer.AbstractByteBuf - -Dio.netty.buffer.checkBounds: true
18:07:29.289 [main] DEBUG io.netty.util.ResourceLeakDetectorFactory - Loaded default ResourceLeakDetector: io.netty.util.ResourceLeakDetector@5
18:07:29.290 [main] DEBUG io.netty.util.internal.CleanerJava9 - java.nio.ByteBuffer.cleaner(): unavailable
java.lang.NoSuchMethodException: sun.misc.Unsafe.invokeCleaner(java.nio.ByteBuffer)
	at java.lang.Class.getDeclaredMethod(Class.java:2130)
	at io.netty.util.internal.CleanerJava9$1.run(CleanerJava9.java:45)
	at java.security.AccessController.doPrivileged(Native Method)
	at io.netty.util.internal.CleanerJava9.__STATIC_RESET(CleanerJava9.java:40)
	at sun.reflect.NativeMethodAccessorImpl.invoke0(Native Method)
	at sun.reflect.NativeMethodAccessorImpl.invoke(NativeMethodAccessorImpl.java:62)
	at sun.reflect.DelegatingMethodAccessorImpl.invoke(DelegatingMethodAccessorImpl.java:43)
	at java.lang.reflect.Method.invoke(Method.java:498)
	at org.evosuite.runtime.classhandling.ClassResetter.reset(ClassResetter.java:159)
	at org.evosuite.runtime.classhandling.ClassStateSupport.resetClasses(ClassStateSupport.java:137)
	at io.netty.buffer.AbstractByteBufAllocator_ESTest_scaffolding.resetClasses(AbstractByteBufAllocator_ESTest_scaffolding.java:308)
	at io.netty.buffer.AbstractByteBufAllocator_ESTest_scaffolding.doneWithTestCase(AbstractByteBufAllocator_ESTest_scaffolding.java:68)
	at sun.reflect.NativeMethodAccessorImpl.invoke0(Native Method)
	at sun.reflect.NativeMethodAccessorImpl.invoke(NativeMethodAccessorImpl.java:62)
	at sun.reflect.DelegatingMethodAccessorImpl.invoke(DelegatingMethodAccessorImpl.java:43)
	at java.lang.reflect.Method.invoke(Method.java:498)
	at org.junit.runners.model.FrameworkMethod$1.runReflectiveCall(FrameworkMethod.java:59)
	at org.junit.internal.runners.model.ReflectiveCallable.run(ReflectiveCallable.java:12)
	at org.junit.runners.model.FrameworkMethod.invokeExplosively(FrameworkMethod.java:56)
	at org.junit.internal.runners.statements.RunAfters.invokeMethod(RunAfters.java:46)
	at org.junit.internal.runners.statements.RunAfters.evaluate(RunAfters.java:33)
	at org.evosuite.runtime.vnet.NonFunctionalRequirementRule$1.evaluate(NonFunctionalRequirementRule.java:41)
	at org.junit.runners.ParentRunner$3.evaluate(ParentRunner.java:306)
	at org.junit.runners.BlockJUnit4ClassRunner$1.evaluate(BlockJUnit4ClassRunner.java:100)
	at org.junit.runners.ParentRunner.runLeaf(ParentRunner.java:366)
	at org.junit.runners.BlockJUnit4ClassRunner.runChild(BlockJUnit4ClassRunner.java:103)
	at org.junit.runners.BlockJUnit4ClassRunner.runChild(BlockJUnit4ClassRunner.java:63)
	at org.junit.runners.ParentRunner$4.run(ParentRunner.java:331)
	at org.junit.runners.ParentRunner$1.schedule(ParentRunner.java:79)
	at org.junit.runners.ParentRunner.runChildren(ParentRunner.java:329)
	at org.junit.runners.ParentRunner.access$100(ParentRunner.java:66)
	at org.junit.runners.ParentRunner$2.evaluate(ParentRunner.java:293)
	at org.junit.internal.runners.statements.RunBefores.evaluate(RunBefores.java:26)
	at org.junit.internal.runners.statements.RunAfters.evaluate(RunAfters.java:27)
	at org.junit.runners.ParentRunner$3.evaluate(ParentRunner.java:306)
	at org.junit.runners.ParentRunner.run(ParentRunner.java:413)
	at org.apache.maven.surefire.junit4.JUnit4Provider.execute(JUnit4Provider.java:316)
	at org.apache.maven.surefire.junit4.JUnit4Provider.executeWithRerun(JUnit4Provider.java:240)
	at org.apache.maven.surefire.junit4.JUnit4Provider.executeTestSet(JUnit4Provider.java:214)
	at org.apache.maven.surefire.junit4.JUnit4Provider.invoke(JUnit4Provider.java:155)
	at org.apache.maven.surefire.booter.ForkedBooter.runSuitesInProcess(ForkedBooter.java:385)
	at org.apache.maven.surefire.booter.ForkedBooter.execute(ForkedBooter.java:162)
	at org.apache.maven.surefire.booter.ForkedBooter.run(ForkedBooter.java:507)
	at org.apache.maven.surefire.booter.ForkedBooter.main(ForkedBooter.java:495)
18:07:29.290 [main] DEBUG io.netty.buffer.AdvancedLeakAwareByteBuf - -Dio.netty.leakDetection.acquireAndReleaseOnly: false
18:07:29.291 [main] DEBUG io.netty.util.Recycler - -Dio.netty.recycler.maxCapacityPerThread: 4096
18:07:29.291 [main] DEBUG io.netty.util.Recycler - -Dio.netty.recycler.ratio: 8
18:07:29.291 [main] DEBUG io.netty.util.Recycler - -Dio.netty.recycler.chunkSize: 32
18:07:29.291 [main] DEBUG io.netty.util.Recycler - -Dio.netty.recycler.blocking: false
18:07:29.291 [main] DEBUG io.netty.util.Recycler - -Dio.netty.recycler.batchFastThreadLocalOnly: true
18:07:29.291 [main] DEBUG io.netty.util.internal.PlatformDependent - org.jctools-core.MpscChunkedArrayQueue: available
]]></system-out>
  </testcase>
  <testcase name="test44" classname="io.netty.buffer.AbstractByteBufAllocator_ESTest" time="0.022">
    <system-out><![CDATA[18:07:29.309 [main] DEBUG io.netty.util.internal.logging.InternalLoggerFactory - Using SLF4J as the default logging framework
18:07:29.309 [main] DEBUG io.netty.util.ResourceLeakDetector - -Dio.netty.leakDetection.level: simple
18:07:29.309 [main] DEBUG io.netty.util.ResourceLeakDetector - -Dio.netty.leakDetection.targetRecords: 4
18:07:29.309 [main] DEBUG io.netty.util.internal.InternalThreadLocalMap - -Dio.netty.threadLocalMap.stringBuilder.initialSize: 1024
18:07:29.309 [main] DEBUG io.netty.util.internal.InternalThreadLocalMap - -Dio.netty.threadLocalMap.stringBuilder.maxSize: 4096
18:07:29.309 [main] DEBUG io.netty.util.internal.PlatformDependent0 - -Dio.netty.noUnsafe: false
18:07:29.310 [main] DEBUG io.netty.util.internal.PlatformDependent0 - Java version: 8
18:07:29.310 [main] DEBUG io.netty.util.internal.PlatformDependent0 - sun.misc.Unsafe.theUnsafe: available
18:07:29.310 [main] DEBUG io.netty.util.internal.PlatformDependent0 - sun.misc.Unsafe.copyMemory: available
18:07:29.310 [main] DEBUG io.netty.util.internal.PlatformDependent0 - sun.misc.Unsafe.storeFence: available
18:07:29.310 [main] DEBUG io.netty.util.internal.PlatformDependent0 - java.nio.Buffer.address: available
18:07:29.310 [main] DEBUG io.netty.util.internal.PlatformDependent0 - direct buffer constructor: available
18:07:29.310 [main] DEBUG io.netty.util.internal.PlatformDependent0 - java.nio.Bits.unaligned: available, true
18:07:29.310 [main] DEBUG io.netty.util.internal.PlatformDependent0 - jdk.internal.misc.Unsafe.allocateUninitializedArray(int): unavailable prior to Java9
18:07:29.310 [main] DEBUG io.netty.util.internal.PlatformDependent0 - java.nio.DirectByteBuffer.<init>(long, {int,long}): available
18:07:29.310 [main] DEBUG io.netty.util.internal.CleanerJava6 - java.nio.ByteBuffer.cleaner(): available
18:07:29.310 [main] DEBUG io.netty.util.internal.PlatformDependent - sun.misc.Unsafe: available
18:07:29.310 [main] DEBUG io.netty.util.internal.PlatformDependent - -Dio.netty.tmpdir: /tmp (java.io.tmpdir)
18:07:29.310 [main] DEBUG io.netty.util.internal.PlatformDependent - -Dio.netty.bitMode: 64 (sun.arch.data.model)
18:07:29.310 [main] DEBUG io.netty.util.internal.PlatformDependent - -Dio.netty.maxDirectMemory: 11420041216 bytes
18:07:29.310 [main] DEBUG io.netty.util.internal.PlatformDependent - -Dio.netty.uninitializedArrayAllocationThreshold: -1
18:07:29.310 [main] DEBUG io.netty.util.internal.PlatformDependent - -Dio.netty.noPreferDirect: false
18:07:29.311 [main] DEBUG io.netty.buffer.PooledByteBufAllocator - -Dio.netty.allocator.numHeapArenas: 0
18:07:29.311 [main] DEBUG io.netty.buffer.PooledByteBufAllocator - -Dio.netty.allocator.numDirectArenas: 2
18:07:29.311 [main] DEBUG io.netty.buffer.PooledByteBufAllocator - -Dio.netty.allocator.pageSize: 8192
18:07:29.311 [main] DEBUG io.netty.buffer.PooledByteBufAllocator - -Dio.netty.allocator.maxOrder: 9
18:07:29.311 [main] DEBUG io.netty.buffer.PooledByteBufAllocator - -Dio.netty.allocator.chunkSize: 4194304
18:07:29.311 [main] DEBUG io.netty.buffer.PooledByteBufAllocator - -Dio.netty.allocator.smallCacheSize: 256
18:07:29.311 [main] DEBUG io.netty.buffer.PooledByteBufAllocator - -Dio.netty.allocator.normalCacheSize: 64
18:07:29.311 [main] DEBUG io.netty.buffer.PooledByteBufAllocator - -Dio.netty.allocator.maxCachedBufferCapacity: 32768
18:07:29.311 [main] DEBUG io.netty.buffer.PooledByteBufAllocator - -Dio.netty.allocator.cacheTrimInterval: 8192
18:07:29.311 [main] DEBUG io.netty.buffer.PooledByteBufAllocator - -Dio.netty.allocator.cacheTrimIntervalMillis: 0
18:07:29.311 [main] DEBUG io.netty.buffer.PooledByteBufAllocator - -Dio.netty.allocator.useCacheForAllThreads: false
18:07:29.311 [main] DEBUG io.netty.buffer.PooledByteBufAllocator - -Dio.netty.allocator.maxCachedByteBuffersPerChunk: 1023
18:07:29.312 [main] DEBUG io.netty.buffer.ByteBufUtil - -Dio.netty.allocator.type: pooled
18:07:29.312 [main] DEBUG io.netty.buffer.ByteBufUtil - -Dio.netty.threadLocalDirectBufferSize: 0
18:07:29.312 [main] DEBUG io.netty.buffer.ByteBufUtil - -Dio.netty.maxThreadLocalCharBufferSize: 16384
18:07:29.312 [main] DEBUG io.netty.buffer.AbstractByteBuf - -Dio.netty.buffer.checkAccessible: true
18:07:29.312 [main] DEBUG io.netty.buffer.AbstractByteBuf - -Dio.netty.buffer.checkBounds: true
18:07:29.312 [main] DEBUG io.netty.util.ResourceLeakDetectorFactory - Loaded default ResourceLeakDetector: io.netty.util.ResourceLeakDetector@5
18:07:29.313 [main] DEBUG io.netty.util.internal.CleanerJava9 - java.nio.ByteBuffer.cleaner(): unavailable
java.lang.NoSuchMethodException: sun.misc.Unsafe.invokeCleaner(java.nio.ByteBuffer)
	at java.lang.Class.getDeclaredMethod(Class.java:2130)
	at io.netty.util.internal.CleanerJava9$1.run(CleanerJava9.java:45)
	at java.security.AccessController.doPrivileged(Native Method)
	at io.netty.util.internal.CleanerJava9.__STATIC_RESET(CleanerJava9.java:40)
	at sun.reflect.NativeMethodAccessorImpl.invoke0(Native Method)
	at sun.reflect.NativeMethodAccessorImpl.invoke(NativeMethodAccessorImpl.java:62)
	at sun.reflect.DelegatingMethodAccessorImpl.invoke(DelegatingMethodAccessorImpl.java:43)
	at java.lang.reflect.Method.invoke(Method.java:498)
	at org.evosuite.runtime.classhandling.ClassResetter.reset(ClassResetter.java:159)
	at org.evosuite.runtime.classhandling.ClassStateSupport.resetClasses(ClassStateSupport.java:137)
	at io.netty.buffer.AbstractByteBufAllocator_ESTest_scaffolding.resetClasses(AbstractByteBufAllocator_ESTest_scaffolding.java:308)
	at io.netty.buffer.AbstractByteBufAllocator_ESTest_scaffolding.doneWithTestCase(AbstractByteBufAllocator_ESTest_scaffolding.java:68)
	at sun.reflect.NativeMethodAccessorImpl.invoke0(Native Method)
	at sun.reflect.NativeMethodAccessorImpl.invoke(NativeMethodAccessorImpl.java:62)
	at sun.reflect.DelegatingMethodAccessorImpl.invoke(DelegatingMethodAccessorImpl.java:43)
	at java.lang.reflect.Method.invoke(Method.java:498)
	at org.junit.runners.model.FrameworkMethod$1.runReflectiveCall(FrameworkMethod.java:59)
	at org.junit.internal.runners.model.ReflectiveCallable.run(ReflectiveCallable.java:12)
	at org.junit.runners.model.FrameworkMethod.invokeExplosively(FrameworkMethod.java:56)
	at org.junit.internal.runners.statements.RunAfters.invokeMethod(RunAfters.java:46)
	at org.junit.internal.runners.statements.RunAfters.evaluate(RunAfters.java:33)
	at org.evosuite.runtime.vnet.NonFunctionalRequirementRule$1.evaluate(NonFunctionalRequirementRule.java:41)
	at org.junit.runners.ParentRunner$3.evaluate(ParentRunner.java:306)
	at org.junit.runners.BlockJUnit4ClassRunner$1.evaluate(BlockJUnit4ClassRunner.java:100)
	at org.junit.runners.ParentRunner.runLeaf(ParentRunner.java:366)
	at org.junit.runners.BlockJUnit4ClassRunner.runChild(BlockJUnit4ClassRunner.java:103)
	at org.junit.runners.BlockJUnit4ClassRunner.runChild(BlockJUnit4ClassRunner.java:63)
	at org.junit.runners.ParentRunner$4.run(ParentRunner.java:331)
	at org.junit.runners.ParentRunner$1.schedule(ParentRunner.java:79)
	at org.junit.runners.ParentRunner.runChildren(ParentRunner.java:329)
	at org.junit.runners.ParentRunner.access$100(ParentRunner.java:66)
	at org.junit.runners.ParentRunner$2.evaluate(ParentRunner.java:293)
	at org.junit.internal.runners.statements.RunBefores.evaluate(RunBefores.java:26)
	at org.junit.internal.runners.statements.RunAfters.evaluate(RunAfters.java:27)
	at org.junit.runners.ParentRunner$3.evaluate(ParentRunner.java:306)
	at org.junit.runners.ParentRunner.run(ParentRunner.java:413)
	at org.apache.maven.surefire.junit4.JUnit4Provider.execute(JUnit4Provider.java:316)
	at org.apache.maven.surefire.junit4.JUnit4Provider.executeWithRerun(JUnit4Provider.java:240)
	at org.apache.maven.surefire.junit4.JUnit4Provider.executeTestSet(JUnit4Provider.java:214)
	at org.apache.maven.surefire.junit4.JUnit4Provider.invoke(JUnit4Provider.java:155)
	at org.apache.maven.surefire.booter.ForkedBooter.runSuitesInProcess(ForkedBooter.java:385)
	at org.apache.maven.surefire.booter.ForkedBooter.execute(ForkedBooter.java:162)
	at org.apache.maven.surefire.booter.ForkedBooter.run(ForkedBooter.java:507)
	at org.apache.maven.surefire.booter.ForkedBooter.main(ForkedBooter.java:495)
18:07:29.313 [main] DEBUG io.netty.buffer.AdvancedLeakAwareByteBuf - -Dio.netty.leakDetection.acquireAndReleaseOnly: false
18:07:29.314 [main] DEBUG io.netty.util.Recycler - -Dio.netty.recycler.maxCapacityPerThread: 4096
18:07:29.314 [main] DEBUG io.netty.util.Recycler - -Dio.netty.recycler.ratio: 8
18:07:29.314 [main] DEBUG io.netty.util.Recycler - -Dio.netty.recycler.chunkSize: 32
18:07:29.315 [main] DEBUG io.netty.util.Recycler - -Dio.netty.recycler.blocking: false
18:07:29.315 [main] DEBUG io.netty.util.Recycler - -Dio.netty.recycler.batchFastThreadLocalOnly: true
18:07:29.315 [main] DEBUG io.netty.util.internal.PlatformDependent - org.jctools-core.MpscChunkedArrayQueue: available
]]></system-out>
  </testcase>
  <testcase name="test01" classname="io.netty.buffer.AbstractByteBufAllocator_ESTest" time="0.012">
    <system-out><![CDATA[18:07:29.321 [main] DEBUG io.netty.util.internal.logging.InternalLoggerFactory - Using SLF4J as the default logging framework
18:07:29.321 [main] DEBUG io.netty.util.ResourceLeakDetector - -Dio.netty.leakDetection.level: simple
18:07:29.321 [main] DEBUG io.netty.util.ResourceLeakDetector - -Dio.netty.leakDetection.targetRecords: 4
18:07:29.321 [main] DEBUG io.netty.util.internal.InternalThreadLocalMap - -Dio.netty.threadLocalMap.stringBuilder.initialSize: 1024
18:07:29.321 [main] DEBUG io.netty.util.internal.InternalThreadLocalMap - -Dio.netty.threadLocalMap.stringBuilder.maxSize: 4096
18:07:29.322 [main] DEBUG io.netty.util.internal.PlatformDependent0 - -Dio.netty.noUnsafe: false
18:07:29.322 [main] DEBUG io.netty.util.internal.PlatformDependent0 - Java version: 8
18:07:29.322 [main] DEBUG io.netty.util.internal.PlatformDependent0 - sun.misc.Unsafe.theUnsafe: available
18:07:29.322 [main] DEBUG io.netty.util.internal.PlatformDependent0 - sun.misc.Unsafe.copyMemory: available
18:07:29.322 [main] DEBUG io.netty.util.internal.PlatformDependent0 - sun.misc.Unsafe.storeFence: available
18:07:29.322 [main] DEBUG io.netty.util.internal.PlatformDependent0 - java.nio.Buffer.address: available
18:07:29.322 [main] DEBUG io.netty.util.internal.PlatformDependent0 - direct buffer constructor: available
18:07:29.322 [main] DEBUG io.netty.util.internal.PlatformDependent0 - java.nio.Bits.unaligned: available, true
18:07:29.322 [main] DEBUG io.netty.util.internal.PlatformDependent0 - jdk.internal.misc.Unsafe.allocateUninitializedArray(int): unavailable prior to Java9
18:07:29.322 [main] DEBUG io.netty.util.internal.PlatformDependent0 - java.nio.DirectByteBuffer.<init>(long, {int,long}): available
18:07:29.322 [main] DEBUG io.netty.util.internal.CleanerJava6 - java.nio.ByteBuffer.cleaner(): available
18:07:29.322 [main] DEBUG io.netty.util.internal.PlatformDependent - sun.misc.Unsafe: available
18:07:29.322 [main] DEBUG io.netty.util.internal.PlatformDependent - -Dio.netty.tmpdir: /tmp (java.io.tmpdir)
18:07:29.322 [main] DEBUG io.netty.util.internal.PlatformDependent - -Dio.netty.bitMode: 64 (sun.arch.data.model)
18:07:29.322 [main] DEBUG io.netty.util.internal.PlatformDependent - -Dio.netty.maxDirectMemory: 11420041216 bytes
18:07:29.322 [main] DEBUG io.netty.util.internal.PlatformDependent - -Dio.netty.uninitializedArrayAllocationThreshold: -1
18:07:29.322 [main] DEBUG io.netty.util.internal.PlatformDependent - -Dio.netty.noPreferDirect: false
18:07:29.323 [main] DEBUG io.netty.buffer.PooledByteBufAllocator - -Dio.netty.allocator.numHeapArenas: 0
18:07:29.323 [main] DEBUG io.netty.buffer.PooledByteBufAllocator - -Dio.netty.allocator.numDirectArenas: 2
18:07:29.323 [main] DEBUG io.netty.buffer.PooledByteBufAllocator - -Dio.netty.allocator.pageSize: 8192
18:07:29.323 [main] DEBUG io.netty.buffer.PooledByteBufAllocator - -Dio.netty.allocator.maxOrder: 9
18:07:29.323 [main] DEBUG io.netty.buffer.PooledByteBufAllocator - -Dio.netty.allocator.chunkSize: 4194304
18:07:29.323 [main] DEBUG io.netty.buffer.PooledByteBufAllocator - -Dio.netty.allocator.smallCacheSize: 256
18:07:29.323 [main] DEBUG io.netty.buffer.PooledByteBufAllocator - -Dio.netty.allocator.normalCacheSize: 64
18:07:29.323 [main] DEBUG io.netty.buffer.PooledByteBufAllocator - -Dio.netty.allocator.maxCachedBufferCapacity: 32768
18:07:29.323 [main] DEBUG io.netty.buffer.PooledByteBufAllocator - -Dio.netty.allocator.cacheTrimInterval: 8192
18:07:29.323 [main] DEBUG io.netty.buffer.PooledByteBufAllocator - -Dio.netty.allocator.cacheTrimIntervalMillis: 0
18:07:29.323 [main] DEBUG io.netty.buffer.PooledByteBufAllocator - -Dio.netty.allocator.useCacheForAllThreads: false
18:07:29.323 [main] DEBUG io.netty.buffer.PooledByteBufAllocator - -Dio.netty.allocator.maxCachedByteBuffersPerChunk: 1023
18:07:29.323 [main] DEBUG io.netty.buffer.ByteBufUtil - -Dio.netty.allocator.type: pooled
18:07:29.323 [main] DEBUG io.netty.buffer.ByteBufUtil - -Dio.netty.threadLocalDirectBufferSize: 0
18:07:29.323 [main] DEBUG io.netty.buffer.ByteBufUtil - -Dio.netty.maxThreadLocalCharBufferSize: 16384
18:07:29.323 [main] DEBUG io.netty.buffer.AbstractByteBuf - -Dio.netty.buffer.checkAccessible: true
18:07:29.323 [main] DEBUG io.netty.buffer.AbstractByteBuf - -Dio.netty.buffer.checkBounds: true
18:07:29.323 [main] DEBUG io.netty.util.ResourceLeakDetectorFactory - Loaded default ResourceLeakDetector: io.netty.util.ResourceLeakDetector@5
18:07:29.324 [main] DEBUG io.netty.util.internal.CleanerJava9 - java.nio.ByteBuffer.cleaner(): unavailable
java.lang.NoSuchMethodException: sun.misc.Unsafe.invokeCleaner(java.nio.ByteBuffer)
	at java.lang.Class.getDeclaredMethod(Class.java:2130)
	at io.netty.util.internal.CleanerJava9$1.run(CleanerJava9.java:45)
	at java.security.AccessController.doPrivileged(Native Method)
	at io.netty.util.internal.CleanerJava9.__STATIC_RESET(CleanerJava9.java:40)
	at sun.reflect.NativeMethodAccessorImpl.invoke0(Native Method)
	at sun.reflect.NativeMethodAccessorImpl.invoke(NativeMethodAccessorImpl.java:62)
	at sun.reflect.DelegatingMethodAccessorImpl.invoke(DelegatingMethodAccessorImpl.java:43)
	at java.lang.reflect.Method.invoke(Method.java:498)
	at org.evosuite.runtime.classhandling.ClassResetter.reset(ClassResetter.java:159)
	at org.evosuite.runtime.classhandling.ClassStateSupport.resetClasses(ClassStateSupport.java:137)
	at io.netty.buffer.AbstractByteBufAllocator_ESTest_scaffolding.resetClasses(AbstractByteBufAllocator_ESTest_scaffolding.java:308)
	at io.netty.buffer.AbstractByteBufAllocator_ESTest_scaffolding.doneWithTestCase(AbstractByteBufAllocator_ESTest_scaffolding.java:68)
	at sun.reflect.NativeMethodAccessorImpl.invoke0(Native Method)
	at sun.reflect.NativeMethodAccessorImpl.invoke(NativeMethodAccessorImpl.java:62)
	at sun.reflect.DelegatingMethodAccessorImpl.invoke(DelegatingMethodAccessorImpl.java:43)
	at java.lang.reflect.Method.invoke(Method.java:498)
	at org.junit.runners.model.FrameworkMethod$1.runReflectiveCall(FrameworkMethod.java:59)
	at org.junit.internal.runners.model.ReflectiveCallable.run(ReflectiveCallable.java:12)
	at org.junit.runners.model.FrameworkMethod.invokeExplosively(FrameworkMethod.java:56)
	at org.junit.internal.runners.statements.RunAfters.invokeMethod(RunAfters.java:46)
	at org.junit.internal.runners.statements.RunAfters.evaluate(RunAfters.java:33)
	at org.evosuite.runtime.vnet.NonFunctionalRequirementRule$1.evaluate(NonFunctionalRequirementRule.java:41)
	at org.junit.runners.ParentRunner$3.evaluate(ParentRunner.java:306)
	at org.junit.runners.BlockJUnit4ClassRunner$1.evaluate(BlockJUnit4ClassRunner.java:100)
	at org.junit.runners.ParentRunner.runLeaf(ParentRunner.java:366)
	at org.junit.runners.BlockJUnit4ClassRunner.runChild(BlockJUnit4ClassRunner.java:103)
	at org.junit.runners.BlockJUnit4ClassRunner.runChild(BlockJUnit4ClassRunner.java:63)
	at org.junit.runners.ParentRunner$4.run(ParentRunner.java:331)
	at org.junit.runners.ParentRunner$1.schedule(ParentRunner.java:79)
	at org.junit.runners.ParentRunner.runChildren(ParentRunner.java:329)
	at org.junit.runners.ParentRunner.access$100(ParentRunner.java:66)
	at org.junit.runners.ParentRunner$2.evaluate(ParentRunner.java:293)
	at org.junit.internal.runners.statements.RunBefores.evaluate(RunBefores.java:26)
	at org.junit.internal.runners.statements.RunAfters.evaluate(RunAfters.java:27)
	at org.junit.runners.ParentRunner$3.evaluate(ParentRunner.java:306)
	at org.junit.runners.ParentRunner.run(ParentRunner.java:413)
	at org.apache.maven.surefire.junit4.JUnit4Provider.execute(JUnit4Provider.java:316)
	at org.apache.maven.surefire.junit4.JUnit4Provider.executeWithRerun(JUnit4Provider.java:240)
	at org.apache.maven.surefire.junit4.JUnit4Provider.executeTestSet(JUnit4Provider.java:214)
	at org.apache.maven.surefire.junit4.JUnit4Provider.invoke(JUnit4Provider.java:155)
	at org.apache.maven.surefire.booter.ForkedBooter.runSuitesInProcess(ForkedBooter.java:385)
	at org.apache.maven.surefire.booter.ForkedBooter.execute(ForkedBooter.java:162)
	at org.apache.maven.surefire.booter.ForkedBooter.run(ForkedBooter.java:507)
	at org.apache.maven.surefire.booter.ForkedBooter.main(ForkedBooter.java:495)
18:07:29.324 [main] DEBUG io.netty.buffer.AdvancedLeakAwareByteBuf - -Dio.netty.leakDetection.acquireAndReleaseOnly: false
18:07:29.325 [main] DEBUG io.netty.util.Recycler - -Dio.netty.recycler.maxCapacityPerThread: 4096
18:07:29.325 [main] DEBUG io.netty.util.Recycler - -Dio.netty.recycler.ratio: 8
18:07:29.325 [main] DEBUG io.netty.util.Recycler - -Dio.netty.recycler.chunkSize: 32
18:07:29.325 [main] DEBUG io.netty.util.Recycler - -Dio.netty.recycler.blocking: false
18:07:29.325 [main] DEBUG io.netty.util.Recycler - -Dio.netty.recycler.batchFastThreadLocalOnly: true
18:07:29.325 [main] DEBUG io.netty.util.internal.PlatformDependent - org.jctools-core.MpscChunkedArrayQueue: available
]]></system-out>
  </testcase>
  <testcase name="test23" classname="io.netty.buffer.AbstractByteBufAllocator_ESTest" time="0.009">
    <system-out><![CDATA[18:07:29.333 [main] DEBUG io.netty.util.internal.logging.InternalLoggerFactory - Using SLF4J as the default logging framework
18:07:29.334 [main] DEBUG io.netty.util.ResourceLeakDetector - -Dio.netty.leakDetection.level: simple
18:07:29.334 [main] DEBUG io.netty.util.ResourceLeakDetector - -Dio.netty.leakDetection.targetRecords: 4
18:07:29.334 [main] DEBUG io.netty.util.internal.InternalThreadLocalMap - -Dio.netty.threadLocalMap.stringBuilder.initialSize: 1024
18:07:29.334 [main] DEBUG io.netty.util.internal.InternalThreadLocalMap - -Dio.netty.threadLocalMap.stringBuilder.maxSize: 4096
18:07:29.334 [main] DEBUG io.netty.util.internal.PlatformDependent0 - -Dio.netty.noUnsafe: false
18:07:29.334 [main] DEBUG io.netty.util.internal.PlatformDependent0 - Java version: 8
18:07:29.334 [main] DEBUG io.netty.util.internal.PlatformDependent0 - sun.misc.Unsafe.theUnsafe: available
18:07:29.334 [main] DEBUG io.netty.util.internal.PlatformDependent0 - sun.misc.Unsafe.copyMemory: available
18:07:29.334 [main] DEBUG io.netty.util.internal.PlatformDependent0 - sun.misc.Unsafe.storeFence: available
18:07:29.334 [main] DEBUG io.netty.util.internal.PlatformDependent0 - java.nio.Buffer.address: available
18:07:29.334 [main] DEBUG io.netty.util.internal.PlatformDependent0 - direct buffer constructor: available
18:07:29.335 [main] DEBUG io.netty.util.internal.PlatformDependent0 - java.nio.Bits.unaligned: available, true
18:07:29.335 [main] DEBUG io.netty.util.internal.PlatformDependent0 - jdk.internal.misc.Unsafe.allocateUninitializedArray(int): unavailable prior to Java9
18:07:29.335 [main] DEBUG io.netty.util.internal.PlatformDependent0 - java.nio.DirectByteBuffer.<init>(long, {int,long}): available
18:07:29.336 [main] DEBUG io.netty.util.internal.CleanerJava6 - java.nio.ByteBuffer.cleaner(): available
18:07:29.336 [main] DEBUG io.netty.util.internal.PlatformDependent - sun.misc.Unsafe: available
18:07:29.336 [main] DEBUG io.netty.util.internal.PlatformDependent - -Dio.netty.tmpdir: /tmp (java.io.tmpdir)
18:07:29.336 [main] DEBUG io.netty.util.internal.PlatformDependent - -Dio.netty.bitMode: 64 (sun.arch.data.model)
18:07:29.337 [main] DEBUG io.netty.util.internal.PlatformDependent - -Dio.netty.maxDirectMemory: 11420041216 bytes
18:07:29.337 [main] DEBUG io.netty.util.internal.PlatformDependent - -Dio.netty.uninitializedArrayAllocationThreshold: -1
18:07:29.337 [main] DEBUG io.netty.util.internal.PlatformDependent - -Dio.netty.noPreferDirect: false
18:07:29.337 [main] DEBUG io.netty.buffer.PooledByteBufAllocator - -Dio.netty.allocator.numHeapArenas: 0
18:07:29.337 [main] DEBUG io.netty.buffer.PooledByteBufAllocator - -Dio.netty.allocator.numDirectArenas: 2
18:07:29.337 [main] DEBUG io.netty.buffer.PooledByteBufAllocator - -Dio.netty.allocator.pageSize: 8192
18:07:29.337 [main] DEBUG io.netty.buffer.PooledByteBufAllocator - -Dio.netty.allocator.maxOrder: 9
18:07:29.337 [main] DEBUG io.netty.buffer.PooledByteBufAllocator - -Dio.netty.allocator.chunkSize: 4194304
18:07:29.337 [main] DEBUG io.netty.buffer.PooledByteBufAllocator - -Dio.netty.allocator.smallCacheSize: 256
18:07:29.337 [main] DEBUG io.netty.buffer.PooledByteBufAllocator - -Dio.netty.allocator.normalCacheSize: 64
18:07:29.337 [main] DEBUG io.netty.buffer.PooledByteBufAllocator - -Dio.netty.allocator.maxCachedBufferCapacity: 32768
18:07:29.337 [main] DEBUG io.netty.buffer.PooledByteBufAllocator - -Dio.netty.allocator.cacheTrimInterval: 8192
18:07:29.337 [main] DEBUG io.netty.buffer.PooledByteBufAllocator - -Dio.netty.allocator.cacheTrimIntervalMillis: 0
18:07:29.337 [main] DEBUG io.netty.buffer.PooledByteBufAllocator - -Dio.netty.allocator.useCacheForAllThreads: false
18:07:29.337 [main] DEBUG io.netty.buffer.PooledByteBufAllocator - -Dio.netty.allocator.maxCachedByteBuffersPerChunk: 1023
18:07:29.338 [main] DEBUG io.netty.buffer.ByteBufUtil - -Dio.netty.allocator.type: pooled
18:07:29.338 [main] DEBUG io.netty.buffer.ByteBufUtil - -Dio.netty.threadLocalDirectBufferSize: 0
18:07:29.338 [main] DEBUG io.netty.buffer.ByteBufUtil - -Dio.netty.maxThreadLocalCharBufferSize: 16384
18:07:29.338 [main] DEBUG io.netty.buffer.AbstractByteBuf - -Dio.netty.buffer.checkAccessible: true
18:07:29.338 [main] DEBUG io.netty.buffer.AbstractByteBuf - -Dio.netty.buffer.checkBounds: true
18:07:29.338 [main] DEBUG io.netty.util.ResourceLeakDetectorFactory - Loaded default ResourceLeakDetector: io.netty.util.ResourceLeakDetector@5
18:07:29.339 [main] DEBUG io.netty.util.internal.CleanerJava9 - java.nio.ByteBuffer.cleaner(): unavailable
java.lang.NoSuchMethodException: sun.misc.Unsafe.invokeCleaner(java.nio.ByteBuffer)
	at java.lang.Class.getDeclaredMethod(Class.java:2130)
	at io.netty.util.internal.CleanerJava9$1.run(CleanerJava9.java:45)
	at java.security.AccessController.doPrivileged(Native Method)
	at io.netty.util.internal.CleanerJava9.__STATIC_RESET(CleanerJava9.java:40)
	at sun.reflect.NativeMethodAccessorImpl.invoke0(Native Method)
	at sun.reflect.NativeMethodAccessorImpl.invoke(NativeMethodAccessorImpl.java:62)
	at sun.reflect.DelegatingMethodAccessorImpl.invoke(DelegatingMethodAccessorImpl.java:43)
	at java.lang.reflect.Method.invoke(Method.java:498)
	at org.evosuite.runtime.classhandling.ClassResetter.reset(ClassResetter.java:159)
	at org.evosuite.runtime.classhandling.ClassStateSupport.resetClasses(ClassStateSupport.java:137)
	at io.netty.buffer.AbstractByteBufAllocator_ESTest_scaffolding.resetClasses(AbstractByteBufAllocator_ESTest_scaffolding.java:308)
	at io.netty.buffer.AbstractByteBufAllocator_ESTest_scaffolding.doneWithTestCase(AbstractByteBufAllocator_ESTest_scaffolding.java:68)
	at sun.reflect.NativeMethodAccessorImpl.invoke0(Native Method)
	at sun.reflect.NativeMethodAccessorImpl.invoke(NativeMethodAccessorImpl.java:62)
	at sun.reflect.DelegatingMethodAccessorImpl.invoke(DelegatingMethodAccessorImpl.java:43)
	at java.lang.reflect.Method.invoke(Method.java:498)
	at org.junit.runners.model.FrameworkMethod$1.runReflectiveCall(FrameworkMethod.java:59)
	at org.junit.internal.runners.model.ReflectiveCallable.run(ReflectiveCallable.java:12)
	at org.junit.runners.model.FrameworkMethod.invokeExplosively(FrameworkMethod.java:56)
	at org.junit.internal.runners.statements.RunAfters.invokeMethod(RunAfters.java:46)
	at org.junit.internal.runners.statements.RunAfters.evaluate(RunAfters.java:33)
	at org.evosuite.runtime.vnet.NonFunctionalRequirementRule$1.evaluate(NonFunctionalRequirementRule.java:41)
	at org.junit.runners.ParentRunner$3.evaluate(ParentRunner.java:306)
	at org.junit.runners.BlockJUnit4ClassRunner$1.evaluate(BlockJUnit4ClassRunner.java:100)
	at org.junit.runners.ParentRunner.runLeaf(ParentRunner.java:366)
	at org.junit.runners.BlockJUnit4ClassRunner.runChild(BlockJUnit4ClassRunner.java:103)
	at org.junit.runners.BlockJUnit4ClassRunner.runChild(BlockJUnit4ClassRunner.java:63)
	at org.junit.runners.ParentRunner$4.run(ParentRunner.java:331)
	at org.junit.runners.ParentRunner$1.schedule(ParentRunner.java:79)
	at org.junit.runners.ParentRunner.runChildren(ParentRunner.java:329)
	at org.junit.runners.ParentRunner.access$100(ParentRunner.java:66)
	at org.junit.runners.ParentRunner$2.evaluate(ParentRunner.java:293)
	at org.junit.internal.runners.statements.RunBefores.evaluate(RunBefores.java:26)
	at org.junit.internal.runners.statements.RunAfters.evaluate(RunAfters.java:27)
	at org.junit.runners.ParentRunner$3.evaluate(ParentRunner.java:306)
	at org.junit.runners.ParentRunner.run(ParentRunner.java:413)
	at org.apache.maven.surefire.junit4.JUnit4Provider.execute(JUnit4Provider.java:316)
	at org.apache.maven.surefire.junit4.JUnit4Provider.executeWithRerun(JUnit4Provider.java:240)
	at org.apache.maven.surefire.junit4.JUnit4Provider.executeTestSet(JUnit4Provider.java:214)
	at org.apache.maven.surefire.junit4.JUnit4Provider.invoke(JUnit4Provider.java:155)
	at org.apache.maven.surefire.booter.ForkedBooter.runSuitesInProcess(ForkedBooter.java:385)
	at org.apache.maven.surefire.booter.ForkedBooter.execute(ForkedBooter.java:162)
	at org.apache.maven.surefire.booter.ForkedBooter.run(ForkedBooter.java:507)
	at org.apache.maven.surefire.booter.ForkedBooter.main(ForkedBooter.java:495)
18:07:29.340 [main] DEBUG io.netty.buffer.AdvancedLeakAwareByteBuf - -Dio.netty.leakDetection.acquireAndReleaseOnly: false
18:07:29.341 [main] DEBUG io.netty.util.Recycler - -Dio.netty.recycler.maxCapacityPerThread: 4096
18:07:29.341 [main] DEBUG io.netty.util.Recycler - -Dio.netty.recycler.ratio: 8
18:07:29.341 [main] DEBUG io.netty.util.Recycler - -Dio.netty.recycler.chunkSize: 32
18:07:29.341 [main] DEBUG io.netty.util.Recycler - -Dio.netty.recycler.blocking: false
18:07:29.341 [main] DEBUG io.netty.util.Recycler - -Dio.netty.recycler.batchFastThreadLocalOnly: true
18:07:29.342 [main] DEBUG io.netty.util.internal.PlatformDependent - org.jctools-core.MpscChunkedArrayQueue: available
]]></system-out>
  </testcase>
  <testcase name="test45" classname="io.netty.buffer.AbstractByteBufAllocator_ESTest" time="0.061">
    <system-out><![CDATA[18:07:29.354 [main] DEBUG io.netty.util.internal.logging.InternalLoggerFactory - Using SLF4J as the default logging framework
18:07:29.355 [main] DEBUG io.netty.util.ResourceLeakDetector - -Dio.netty.leakDetection.level: simple
18:07:29.355 [main] DEBUG io.netty.util.ResourceLeakDetector - -Dio.netty.leakDetection.targetRecords: 4
18:07:29.356 [main] DEBUG io.netty.util.internal.InternalThreadLocalMap - -Dio.netty.threadLocalMap.stringBuilder.initialSize: 1024
18:07:29.356 [main] DEBUG io.netty.util.internal.InternalThreadLocalMap - -Dio.netty.threadLocalMap.stringBuilder.maxSize: 4096
18:07:29.357 [main] DEBUG io.netty.util.internal.PlatformDependent0 - -Dio.netty.noUnsafe: false
18:07:29.357 [main] DEBUG io.netty.util.internal.PlatformDependent0 - Java version: 8
18:07:29.357 [main] DEBUG io.netty.util.internal.PlatformDependent0 - sun.misc.Unsafe.theUnsafe: available
18:07:29.358 [main] DEBUG io.netty.util.internal.PlatformDependent0 - sun.misc.Unsafe.copyMemory: available
18:07:29.358 [main] DEBUG io.netty.util.internal.PlatformDependent0 - sun.misc.Unsafe.storeFence: available
18:07:29.358 [main] DEBUG io.netty.util.internal.PlatformDependent0 - java.nio.Buffer.address: available
18:07:29.358 [main] DEBUG io.netty.util.internal.PlatformDependent0 - direct buffer constructor: available
18:07:29.358 [main] DEBUG io.netty.util.internal.PlatformDependent0 - java.nio.Bits.unaligned: available, true
18:07:29.358 [main] DEBUG io.netty.util.internal.PlatformDependent0 - jdk.internal.misc.Unsafe.allocateUninitializedArray(int): unavailable prior to Java9
18:07:29.358 [main] DEBUG io.netty.util.internal.PlatformDependent0 - java.nio.DirectByteBuffer.<init>(long, {int,long}): available
18:07:29.358 [main] DEBUG io.netty.util.internal.CleanerJava6 - java.nio.ByteBuffer.cleaner(): available
18:07:29.359 [main] DEBUG io.netty.util.internal.PlatformDependent - sun.misc.Unsafe: available
18:07:29.359 [main] DEBUG io.netty.util.internal.PlatformDependent - -Dio.netty.tmpdir: /tmp (java.io.tmpdir)
18:07:29.359 [main] DEBUG io.netty.util.internal.PlatformDependent - -Dio.netty.bitMode: 64 (sun.arch.data.model)
18:07:29.359 [main] DEBUG io.netty.util.internal.PlatformDependent - -Dio.netty.maxDirectMemory: 11420041216 bytes
18:07:29.359 [main] DEBUG io.netty.util.internal.PlatformDependent - -Dio.netty.uninitializedArrayAllocationThreshold: -1
18:07:29.359 [main] DEBUG io.netty.util.internal.PlatformDependent - -Dio.netty.noPreferDirect: false
18:07:29.363 [main] DEBUG io.netty.buffer.PooledByteBufAllocator - -Dio.netty.allocator.numHeapArenas: 0
18:07:29.363 [main] DEBUG io.netty.buffer.PooledByteBufAllocator - -Dio.netty.allocator.numDirectArenas: 2
18:07:29.363 [main] DEBUG io.netty.buffer.PooledByteBufAllocator - -Dio.netty.allocator.pageSize: 8192
18:07:29.363 [main] DEBUG io.netty.buffer.PooledByteBufAllocator - -Dio.netty.allocator.maxOrder: 9
18:07:29.363 [main] DEBUG io.netty.buffer.PooledByteBufAllocator - -Dio.netty.allocator.chunkSize: 4194304
18:07:29.363 [main] DEBUG io.netty.buffer.PooledByteBufAllocator - -Dio.netty.allocator.smallCacheSize: 256
18:07:29.363 [main] DEBUG io.netty.buffer.PooledByteBufAllocator - -Dio.netty.allocator.normalCacheSize: 64
18:07:29.363 [main] DEBUG io.netty.buffer.PooledByteBufAllocator - -Dio.netty.allocator.maxCachedBufferCapacity: 32768
18:07:29.363 [main] DEBUG io.netty.buffer.PooledByteBufAllocator - -Dio.netty.allocator.cacheTrimInterval: 8192
18:07:29.363 [main] DEBUG io.netty.buffer.PooledByteBufAllocator - -Dio.netty.allocator.cacheTrimIntervalMillis: 0
18:07:29.364 [main] DEBUG io.netty.buffer.PooledByteBufAllocator - -Dio.netty.allocator.useCacheForAllThreads: false
18:07:29.364 [main] DEBUG io.netty.buffer.PooledByteBufAllocator - -Dio.netty.allocator.maxCachedByteBuffersPerChunk: 1023
18:07:29.364 [main] DEBUG io.netty.buffer.ByteBufUtil - -Dio.netty.allocator.type: pooled
18:07:29.365 [main] DEBUG io.netty.buffer.ByteBufUtil - -Dio.netty.threadLocalDirectBufferSize: 0
18:07:29.365 [main] DEBUG io.netty.buffer.ByteBufUtil - -Dio.netty.maxThreadLocalCharBufferSize: 16384
18:07:29.367 [main] DEBUG io.netty.buffer.AbstractByteBuf - -Dio.netty.buffer.checkAccessible: true
18:07:29.367 [main] DEBUG io.netty.buffer.AbstractByteBuf - -Dio.netty.buffer.checkBounds: true
18:07:29.367 [main] DEBUG io.netty.util.ResourceLeakDetectorFactory - Loaded default ResourceLeakDetector: io.netty.util.ResourceLeakDetector@5
18:07:29.368 [main] DEBUG io.netty.util.internal.CleanerJava9 - java.nio.ByteBuffer.cleaner(): unavailable
java.lang.NoSuchMethodException: sun.misc.Unsafe.invokeCleaner(java.nio.ByteBuffer)
	at java.lang.Class.getDeclaredMethod(Class.java:2130)
	at io.netty.util.internal.CleanerJava9$1.run(CleanerJava9.java:45)
	at java.security.AccessController.doPrivileged(Native Method)
	at io.netty.util.internal.CleanerJava9.__STATIC_RESET(CleanerJava9.java:40)
	at sun.reflect.NativeMethodAccessorImpl.invoke0(Native Method)
	at sun.reflect.NativeMethodAccessorImpl.invoke(NativeMethodAccessorImpl.java:62)
	at sun.reflect.DelegatingMethodAccessorImpl.invoke(DelegatingMethodAccessorImpl.java:43)
	at java.lang.reflect.Method.invoke(Method.java:498)
	at org.evosuite.runtime.classhandling.ClassResetter.reset(ClassResetter.java:159)
	at org.evosuite.runtime.classhandling.ClassStateSupport.resetClasses(ClassStateSupport.java:137)
	at io.netty.buffer.AbstractByteBufAllocator_ESTest_scaffolding.resetClasses(AbstractByteBufAllocator_ESTest_scaffolding.java:308)
	at io.netty.buffer.AbstractByteBufAllocator_ESTest_scaffolding.doneWithTestCase(AbstractByteBufAllocator_ESTest_scaffolding.java:68)
	at sun.reflect.NativeMethodAccessorImpl.invoke0(Native Method)
	at sun.reflect.NativeMethodAccessorImpl.invoke(NativeMethodAccessorImpl.java:62)
	at sun.reflect.DelegatingMethodAccessorImpl.invoke(DelegatingMethodAccessorImpl.java:43)
	at java.lang.reflect.Method.invoke(Method.java:498)
	at org.junit.runners.model.FrameworkMethod$1.runReflectiveCall(FrameworkMethod.java:59)
	at org.junit.internal.runners.model.ReflectiveCallable.run(ReflectiveCallable.java:12)
	at org.junit.runners.model.FrameworkMethod.invokeExplosively(FrameworkMethod.java:56)
	at org.junit.internal.runners.statements.RunAfters.invokeMethod(RunAfters.java:46)
	at org.junit.internal.runners.statements.RunAfters.evaluate(RunAfters.java:33)
	at org.evosuite.runtime.vnet.NonFunctionalRequirementRule$1.evaluate(NonFunctionalRequirementRule.java:41)
	at org.junit.runners.ParentRunner$3.evaluate(ParentRunner.java:306)
	at org.junit.runners.BlockJUnit4ClassRunner$1.evaluate(BlockJUnit4ClassRunner.java:100)
	at org.junit.runners.ParentRunner.runLeaf(ParentRunner.java:366)
	at org.junit.runners.BlockJUnit4ClassRunner.runChild(BlockJUnit4ClassRunner.java:103)
	at org.junit.runners.BlockJUnit4ClassRunner.runChild(BlockJUnit4ClassRunner.java:63)
	at org.junit.runners.ParentRunner$4.run(ParentRunner.java:331)
	at org.junit.runners.ParentRunner$1.schedule(ParentRunner.java:79)
	at org.junit.runners.ParentRunner.runChildren(ParentRunner.java:329)
	at org.junit.runners.ParentRunner.access$100(ParentRunner.java:66)
	at org.junit.runners.ParentRunner$2.evaluate(ParentRunner.java:293)
	at org.junit.internal.runners.statements.RunBefores.evaluate(RunBefores.java:26)
	at org.junit.internal.runners.statements.RunAfters.evaluate(RunAfters.java:27)
	at org.junit.runners.ParentRunner$3.evaluate(ParentRunner.java:306)
	at org.junit.runners.ParentRunner.run(ParentRunner.java:413)
	at org.apache.maven.surefire.junit4.JUnit4Provider.execute(JUnit4Provider.java:316)
	at org.apache.maven.surefire.junit4.JUnit4Provider.executeWithRerun(JUnit4Provider.java:240)
	at org.apache.maven.surefire.junit4.JUnit4Provider.executeTestSet(JUnit4Provider.java:214)
	at org.apache.maven.surefire.junit4.JUnit4Provider.invoke(JUnit4Provider.java:155)
	at org.apache.maven.surefire.booter.ForkedBooter.runSuitesInProcess(ForkedBooter.java:385)
	at org.apache.maven.surefire.booter.ForkedBooter.execute(ForkedBooter.java:162)
	at org.apache.maven.surefire.booter.ForkedBooter.run(ForkedBooter.java:507)
	at org.apache.maven.surefire.booter.ForkedBooter.main(ForkedBooter.java:495)
18:07:29.374 [main] DEBUG io.netty.buffer.AdvancedLeakAwareByteBuf - -Dio.netty.leakDetection.acquireAndReleaseOnly: false
18:07:29.377 [main] DEBUG io.netty.util.Recycler - -Dio.netty.recycler.maxCapacityPerThread: 4096
18:07:29.377 [main] DEBUG io.netty.util.Recycler - -Dio.netty.recycler.ratio: 8
18:07:29.377 [main] DEBUG io.netty.util.Recycler - -Dio.netty.recycler.chunkSize: 32
18:07:29.377 [main] DEBUG io.netty.util.Recycler - -Dio.netty.recycler.blocking: false
18:07:29.377 [main] DEBUG io.netty.util.Recycler - -Dio.netty.recycler.batchFastThreadLocalOnly: true
18:07:29.379 [main] DEBUG io.netty.util.internal.PlatformDependent - org.jctools-core.MpscChunkedArrayQueue: available
]]></system-out>
  </testcase>
  <testcase name="test02" classname="io.netty.buffer.AbstractByteBufAllocator_ESTest" time="0.018">
    <system-out><![CDATA[18:07:29.421 [main] DEBUG io.netty.util.internal.logging.InternalLoggerFactory - Using SLF4J as the default logging framework
18:07:29.422 [main] DEBUG io.netty.util.ResourceLeakDetector - -Dio.netty.leakDetection.level: simple
18:07:29.422 [main] DEBUG io.netty.util.ResourceLeakDetector - -Dio.netty.leakDetection.targetRecords: 4
18:07:29.422 [main] DEBUG io.netty.util.internal.InternalThreadLocalMap - -Dio.netty.threadLocalMap.stringBuilder.initialSize: 1024
18:07:29.422 [main] DEBUG io.netty.util.internal.InternalThreadLocalMap - -Dio.netty.threadLocalMap.stringBuilder.maxSize: 4096
18:07:29.422 [main] DEBUG io.netty.util.internal.PlatformDependent0 - -Dio.netty.noUnsafe: false
18:07:29.422 [main] DEBUG io.netty.util.internal.PlatformDependent0 - Java version: 8
18:07:29.422 [main] DEBUG io.netty.util.internal.PlatformDependent0 - sun.misc.Unsafe.theUnsafe: available
18:07:29.422 [main] DEBUG io.netty.util.internal.PlatformDependent0 - sun.misc.Unsafe.copyMemory: available
18:07:29.422 [main] DEBUG io.netty.util.internal.PlatformDependent0 - sun.misc.Unsafe.storeFence: available
18:07:29.422 [main] DEBUG io.netty.util.internal.PlatformDependent0 - java.nio.Buffer.address: available
18:07:29.422 [main] DEBUG io.netty.util.internal.PlatformDependent0 - direct buffer constructor: available
18:07:29.422 [main] DEBUG io.netty.util.internal.PlatformDependent0 - java.nio.Bits.unaligned: available, true
18:07:29.422 [main] DEBUG io.netty.util.internal.PlatformDependent0 - jdk.internal.misc.Unsafe.allocateUninitializedArray(int): unavailable prior to Java9
18:07:29.423 [main] DEBUG io.netty.util.internal.PlatformDependent0 - java.nio.DirectByteBuffer.<init>(long, {int,long}): available
18:07:29.423 [main] DEBUG io.netty.util.internal.CleanerJava6 - java.nio.ByteBuffer.cleaner(): available
18:07:29.423 [main] DEBUG io.netty.util.internal.PlatformDependent - sun.misc.Unsafe: available
18:07:29.423 [main] DEBUG io.netty.util.internal.PlatformDependent - -Dio.netty.tmpdir: /tmp (java.io.tmpdir)
18:07:29.423 [main] DEBUG io.netty.util.internal.PlatformDependent - -Dio.netty.bitMode: 64 (sun.arch.data.model)
18:07:29.423 [main] DEBUG io.netty.util.internal.PlatformDependent - -Dio.netty.maxDirectMemory: 11420041216 bytes
18:07:29.423 [main] DEBUG io.netty.util.internal.PlatformDependent - -Dio.netty.uninitializedArrayAllocationThreshold: -1
18:07:29.423 [main] DEBUG io.netty.util.internal.PlatformDependent - -Dio.netty.noPreferDirect: false
18:07:29.424 [main] DEBUG io.netty.buffer.PooledByteBufAllocator - -Dio.netty.allocator.numHeapArenas: 0
18:07:29.424 [main] DEBUG io.netty.buffer.PooledByteBufAllocator - -Dio.netty.allocator.numDirectArenas: 2
18:07:29.424 [main] DEBUG io.netty.buffer.PooledByteBufAllocator - -Dio.netty.allocator.pageSize: 8192
18:07:29.424 [main] DEBUG io.netty.buffer.PooledByteBufAllocator - -Dio.netty.allocator.maxOrder: 9
18:07:29.424 [main] DEBUG io.netty.buffer.PooledByteBufAllocator - -Dio.netty.allocator.chunkSize: 4194304
18:07:29.424 [main] DEBUG io.netty.buffer.PooledByteBufAllocator - -Dio.netty.allocator.smallCacheSize: 256
18:07:29.424 [main] DEBUG io.netty.buffer.PooledByteBufAllocator - -Dio.netty.allocator.normalCacheSize: 64
18:07:29.424 [main] DEBUG io.netty.buffer.PooledByteBufAllocator - -Dio.netty.allocator.maxCachedBufferCapacity: 32768
18:07:29.424 [main] DEBUG io.netty.buffer.PooledByteBufAllocator - -Dio.netty.allocator.cacheTrimInterval: 8192
18:07:29.424 [main] DEBUG io.netty.buffer.PooledByteBufAllocator - -Dio.netty.allocator.cacheTrimIntervalMillis: 0
18:07:29.424 [main] DEBUG io.netty.buffer.PooledByteBufAllocator - -Dio.netty.allocator.useCacheForAllThreads: false
18:07:29.424 [main] DEBUG io.netty.buffer.PooledByteBufAllocator - -Dio.netty.allocator.maxCachedByteBuffersPerChunk: 1023
18:07:29.425 [main] DEBUG io.netty.buffer.ByteBufUtil - -Dio.netty.allocator.type: pooled
18:07:29.425 [main] DEBUG io.netty.buffer.ByteBufUtil - -Dio.netty.threadLocalDirectBufferSize: 0
18:07:29.425 [main] DEBUG io.netty.buffer.ByteBufUtil - -Dio.netty.maxThreadLocalCharBufferSize: 16384
18:07:29.425 [main] DEBUG io.netty.buffer.AbstractByteBuf - -Dio.netty.buffer.checkAccessible: true
18:07:29.425 [main] DEBUG io.netty.buffer.AbstractByteBuf - -Dio.netty.buffer.checkBounds: true
18:07:29.425 [main] DEBUG io.netty.util.ResourceLeakDetectorFactory - Loaded default ResourceLeakDetector: io.netty.util.ResourceLeakDetector@5
18:07:29.425 [main] DEBUG io.netty.util.internal.CleanerJava9 - java.nio.ByteBuffer.cleaner(): unavailable
java.lang.NoSuchMethodException: sun.misc.Unsafe.invokeCleaner(java.nio.ByteBuffer)
	at java.lang.Class.getDeclaredMethod(Class.java:2130)
	at io.netty.util.internal.CleanerJava9$1.run(CleanerJava9.java:45)
	at java.security.AccessController.doPrivileged(Native Method)
	at io.netty.util.internal.CleanerJava9.__STATIC_RESET(CleanerJava9.java:40)
	at sun.reflect.GeneratedMethodAccessor53.invoke(Unknown Source)
	at sun.reflect.DelegatingMethodAccessorImpl.invoke(DelegatingMethodAccessorImpl.java:43)
	at java.lang.reflect.Method.invoke(Method.java:498)
	at org.evosuite.runtime.classhandling.ClassResetter.reset(ClassResetter.java:159)
	at org.evosuite.runtime.classhandling.ClassStateSupport.resetClasses(ClassStateSupport.java:137)
	at io.netty.buffer.AbstractByteBufAllocator_ESTest_scaffolding.resetClasses(AbstractByteBufAllocator_ESTest_scaffolding.java:308)
	at io.netty.buffer.AbstractByteBufAllocator_ESTest_scaffolding.doneWithTestCase(AbstractByteBufAllocator_ESTest_scaffolding.java:68)
	at sun.reflect.GeneratedMethodAccessor9.invoke(Unknown Source)
	at sun.reflect.DelegatingMethodAccessorImpl.invoke(DelegatingMethodAccessorImpl.java:43)
	at java.lang.reflect.Method.invoke(Method.java:498)
	at org.junit.runners.model.FrameworkMethod$1.runReflectiveCall(FrameworkMethod.java:59)
	at org.junit.internal.runners.model.ReflectiveCallable.run(ReflectiveCallable.java:12)
	at org.junit.runners.model.FrameworkMethod.invokeExplosively(FrameworkMethod.java:56)
	at org.junit.internal.runners.statements.RunAfters.invokeMethod(RunAfters.java:46)
	at org.junit.internal.runners.statements.RunAfters.evaluate(RunAfters.java:33)
	at org.evosuite.runtime.vnet.NonFunctionalRequirementRule$1.evaluate(NonFunctionalRequirementRule.java:41)
	at org.junit.runners.ParentRunner$3.evaluate(ParentRunner.java:306)
	at org.junit.runners.BlockJUnit4ClassRunner$1.evaluate(BlockJUnit4ClassRunner.java:100)
	at org.junit.runners.ParentRunner.runLeaf(ParentRunner.java:366)
	at org.junit.runners.BlockJUnit4ClassRunner.runChild(BlockJUnit4ClassRunner.java:103)
	at org.junit.runners.BlockJUnit4ClassRunner.runChild(BlockJUnit4ClassRunner.java:63)
	at org.junit.runners.ParentRunner$4.run(ParentRunner.java:331)
	at org.junit.runners.ParentRunner$1.schedule(ParentRunner.java:79)
	at org.junit.runners.ParentRunner.runChildren(ParentRunner.java:329)
	at org.junit.runners.ParentRunner.access$100(ParentRunner.java:66)
	at org.junit.runners.ParentRunner$2.evaluate(ParentRunner.java:293)
	at org.junit.internal.runners.statements.RunBefores.evaluate(RunBefores.java:26)
	at org.junit.internal.runners.statements.RunAfters.evaluate(RunAfters.java:27)
	at org.junit.runners.ParentRunner$3.evaluate(ParentRunner.java:306)
	at org.junit.runners.ParentRunner.run(ParentRunner.java:413)
	at org.apache.maven.surefire.junit4.JUnit4Provider.execute(JUnit4Provider.java:316)
	at org.apache.maven.surefire.junit4.JUnit4Provider.executeWithRerun(JUnit4Provider.java:240)
	at org.apache.maven.surefire.junit4.JUnit4Provider.executeTestSet(JUnit4Provider.java:214)
	at org.apache.maven.surefire.junit4.JUnit4Provider.invoke(JUnit4Provider.java:155)
	at org.apache.maven.surefire.booter.ForkedBooter.runSuitesInProcess(ForkedBooter.java:385)
	at org.apache.maven.surefire.booter.ForkedBooter.execute(ForkedBooter.java:162)
	at org.apache.maven.surefire.booter.ForkedBooter.run(ForkedBooter.java:507)
	at org.apache.maven.surefire.booter.ForkedBooter.main(ForkedBooter.java:495)
18:07:29.426 [main] DEBUG io.netty.buffer.AdvancedLeakAwareByteBuf - -Dio.netty.leakDetection.acquireAndReleaseOnly: false
18:07:29.428 [main] DEBUG io.netty.util.Recycler - -Dio.netty.recycler.maxCapacityPerThread: 4096
18:07:29.428 [main] DEBUG io.netty.util.Recycler - -Dio.netty.recycler.ratio: 8
18:07:29.428 [main] DEBUG io.netty.util.Recycler - -Dio.netty.recycler.chunkSize: 32
18:07:29.428 [main] DEBUG io.netty.util.Recycler - -Dio.netty.recycler.blocking: false
18:07:29.428 [main] DEBUG io.netty.util.Recycler - -Dio.netty.recycler.batchFastThreadLocalOnly: true
18:07:29.428 [main] DEBUG io.netty.util.internal.PlatformDependent - org.jctools-core.MpscChunkedArrayQueue: available
]]></system-out>
  </testcase>
  <testcase name="test24" classname="io.netty.buffer.AbstractByteBufAllocator_ESTest" time="0.01">
    <system-out><![CDATA[18:07:29.437 [main] DEBUG io.netty.util.internal.logging.InternalLoggerFactory - Using SLF4J as the default logging framework
18:07:29.437 [main] DEBUG io.netty.util.ResourceLeakDetector - -Dio.netty.leakDetection.level: simple
18:07:29.438 [main] DEBUG io.netty.util.ResourceLeakDetector - -Dio.netty.leakDetection.targetRecords: 4
18:07:29.438 [main] DEBUG io.netty.util.internal.InternalThreadLocalMap - -Dio.netty.threadLocalMap.stringBuilder.initialSize: 1024
18:07:29.438 [main] DEBUG io.netty.util.internal.InternalThreadLocalMap - -Dio.netty.threadLocalMap.stringBuilder.maxSize: 4096
18:07:29.438 [main] DEBUG io.netty.util.internal.PlatformDependent0 - -Dio.netty.noUnsafe: false
18:07:29.438 [main] DEBUG io.netty.util.internal.PlatformDependent0 - Java version: 8
18:07:29.440 [main] DEBUG io.netty.util.internal.PlatformDependent0 - sun.misc.Unsafe.theUnsafe: available
18:07:29.440 [main] DEBUG io.netty.util.internal.PlatformDependent0 - sun.misc.Unsafe.copyMemory: available
18:07:29.440 [main] DEBUG io.netty.util.internal.PlatformDependent0 - sun.misc.Unsafe.storeFence: available
18:07:29.440 [main] DEBUG io.netty.util.internal.PlatformDependent0 - java.nio.Buffer.address: available
18:07:29.440 [main] DEBUG io.netty.util.internal.PlatformDependent0 - direct buffer constructor: available
18:07:29.440 [main] DEBUG io.netty.util.internal.PlatformDependent0 - java.nio.Bits.unaligned: available, true
18:07:29.440 [main] DEBUG io.netty.util.internal.PlatformDependent0 - jdk.internal.misc.Unsafe.allocateUninitializedArray(int): unavailable prior to Java9
18:07:29.440 [main] DEBUG io.netty.util.internal.PlatformDependent0 - java.nio.DirectByteBuffer.<init>(long, {int,long}): available
18:07:29.440 [main] DEBUG io.netty.util.internal.CleanerJava6 - java.nio.ByteBuffer.cleaner(): available
18:07:29.440 [main] DEBUG io.netty.util.internal.PlatformDependent - sun.misc.Unsafe: available
18:07:29.440 [main] DEBUG io.netty.util.internal.PlatformDependent - -Dio.netty.tmpdir: /tmp (java.io.tmpdir)
18:07:29.440 [main] DEBUG io.netty.util.internal.PlatformDependent - -Dio.netty.bitMode: 64 (sun.arch.data.model)
18:07:29.440 [main] DEBUG io.netty.util.internal.PlatformDependent - -Dio.netty.maxDirectMemory: 11420041216 bytes
18:07:29.441 [main] DEBUG io.netty.util.internal.PlatformDependent - -Dio.netty.uninitializedArrayAllocationThreshold: -1
18:07:29.441 [main] DEBUG io.netty.util.internal.PlatformDependent - -Dio.netty.noPreferDirect: false
18:07:29.441 [main] DEBUG io.netty.buffer.PooledByteBufAllocator - -Dio.netty.allocator.numHeapArenas: 0
18:07:29.441 [main] DEBUG io.netty.buffer.PooledByteBufAllocator - -Dio.netty.allocator.numDirectArenas: 2
18:07:29.441 [main] DEBUG io.netty.buffer.PooledByteBufAllocator - -Dio.netty.allocator.pageSize: 8192
18:07:29.441 [main] DEBUG io.netty.buffer.PooledByteBufAllocator - -Dio.netty.allocator.maxOrder: 9
18:07:29.441 [main] DEBUG io.netty.buffer.PooledByteBufAllocator - -Dio.netty.allocator.chunkSize: 4194304
18:07:29.441 [main] DEBUG io.netty.buffer.PooledByteBufAllocator - -Dio.netty.allocator.smallCacheSize: 256
18:07:29.441 [main] DEBUG io.netty.buffer.PooledByteBufAllocator - -Dio.netty.allocator.normalCacheSize: 64
18:07:29.441 [main] DEBUG io.netty.buffer.PooledByteBufAllocator - -Dio.netty.allocator.maxCachedBufferCapacity: 32768
18:07:29.441 [main] DEBUG io.netty.buffer.PooledByteBufAllocator - -Dio.netty.allocator.cacheTrimInterval: 8192
18:07:29.441 [main] DEBUG io.netty.buffer.PooledByteBufAllocator - -Dio.netty.allocator.cacheTrimIntervalMillis: 0
18:07:29.441 [main] DEBUG io.netty.buffer.PooledByteBufAllocator - -Dio.netty.allocator.useCacheForAllThreads: false
18:07:29.441 [main] DEBUG io.netty.buffer.PooledByteBufAllocator - -Dio.netty.allocator.maxCachedByteBuffersPerChunk: 1023
18:07:29.442 [main] DEBUG io.netty.buffer.ByteBufUtil - -Dio.netty.allocator.type: pooled
18:07:29.442 [main] DEBUG io.netty.buffer.ByteBufUtil - -Dio.netty.threadLocalDirectBufferSize: 0
18:07:29.442 [main] DEBUG io.netty.buffer.ByteBufUtil - -Dio.netty.maxThreadLocalCharBufferSize: 16384
18:07:29.442 [main] DEBUG io.netty.buffer.AbstractByteBuf - -Dio.netty.buffer.checkAccessible: true
18:07:29.442 [main] DEBUG io.netty.buffer.AbstractByteBuf - -Dio.netty.buffer.checkBounds: true
18:07:29.442 [main] DEBUG io.netty.util.ResourceLeakDetectorFactory - Loaded default ResourceLeakDetector: io.netty.util.ResourceLeakDetector@5
18:07:29.442 [main] DEBUG io.netty.util.internal.CleanerJava9 - java.nio.ByteBuffer.cleaner(): unavailable
java.lang.NoSuchMethodException: sun.misc.Unsafe.invokeCleaner(java.nio.ByteBuffer)
	at java.lang.Class.getDeclaredMethod(Class.java:2130)
	at io.netty.util.internal.CleanerJava9$1.run(CleanerJava9.java:45)
	at java.security.AccessController.doPrivileged(Native Method)
	at io.netty.util.internal.CleanerJava9.__STATIC_RESET(CleanerJava9.java:40)
	at sun.reflect.GeneratedMethodAccessor53.invoke(Unknown Source)
	at sun.reflect.DelegatingMethodAccessorImpl.invoke(DelegatingMethodAccessorImpl.java:43)
	at java.lang.reflect.Method.invoke(Method.java:498)
	at org.evosuite.runtime.classhandling.ClassResetter.reset(ClassResetter.java:159)
	at org.evosuite.runtime.classhandling.ClassStateSupport.resetClasses(ClassStateSupport.java:137)
	at io.netty.buffer.AbstractByteBufAllocator_ESTest_scaffolding.resetClasses(AbstractByteBufAllocator_ESTest_scaffolding.java:308)
	at io.netty.buffer.AbstractByteBufAllocator_ESTest_scaffolding.doneWithTestCase(AbstractByteBufAllocator_ESTest_scaffolding.java:68)
	at sun.reflect.GeneratedMethodAccessor9.invoke(Unknown Source)
	at sun.reflect.DelegatingMethodAccessorImpl.invoke(DelegatingMethodAccessorImpl.java:43)
	at java.lang.reflect.Method.invoke(Method.java:498)
	at org.junit.runners.model.FrameworkMethod$1.runReflectiveCall(FrameworkMethod.java:59)
	at org.junit.internal.runners.model.ReflectiveCallable.run(ReflectiveCallable.java:12)
	at org.junit.runners.model.FrameworkMethod.invokeExplosively(FrameworkMethod.java:56)
	at org.junit.internal.runners.statements.RunAfters.invokeMethod(RunAfters.java:46)
	at org.junit.internal.runners.statements.RunAfters.evaluate(RunAfters.java:33)
	at org.evosuite.runtime.vnet.NonFunctionalRequirementRule$1.evaluate(NonFunctionalRequirementRule.java:41)
	at org.junit.runners.ParentRunner$3.evaluate(ParentRunner.java:306)
	at org.junit.runners.BlockJUnit4ClassRunner$1.evaluate(BlockJUnit4ClassRunner.java:100)
	at org.junit.runners.ParentRunner.runLeaf(ParentRunner.java:366)
	at org.junit.runners.BlockJUnit4ClassRunner.runChild(BlockJUnit4ClassRunner.java:103)
	at org.junit.runners.BlockJUnit4ClassRunner.runChild(BlockJUnit4ClassRunner.java:63)
	at org.junit.runners.ParentRunner$4.run(ParentRunner.java:331)
	at org.junit.runners.ParentRunner$1.schedule(ParentRunner.java:79)
	at org.junit.runners.ParentRunner.runChildren(ParentRunner.java:329)
	at org.junit.runners.ParentRunner.access$100(ParentRunner.java:66)
	at org.junit.runners.ParentRunner$2.evaluate(ParentRunner.java:293)
	at org.junit.internal.runners.statements.RunBefores.evaluate(RunBefores.java:26)
	at org.junit.internal.runners.statements.RunAfters.evaluate(RunAfters.java:27)
	at org.junit.runners.ParentRunner$3.evaluate(ParentRunner.java:306)
	at org.junit.runners.ParentRunner.run(ParentRunner.java:413)
	at org.apache.maven.surefire.junit4.JUnit4Provider.execute(JUnit4Provider.java:316)
	at org.apache.maven.surefire.junit4.JUnit4Provider.executeWithRerun(JUnit4Provider.java:240)
	at org.apache.maven.surefire.junit4.JUnit4Provider.executeTestSet(JUnit4Provider.java:214)
	at org.apache.maven.surefire.junit4.JUnit4Provider.invoke(JUnit4Provider.java:155)
	at org.apache.maven.surefire.booter.ForkedBooter.runSuitesInProcess(ForkedBooter.java:385)
	at org.apache.maven.surefire.booter.ForkedBooter.execute(ForkedBooter.java:162)
	at org.apache.maven.surefire.booter.ForkedBooter.run(ForkedBooter.java:507)
	at org.apache.maven.surefire.booter.ForkedBooter.main(ForkedBooter.java:495)
18:07:29.443 [main] DEBUG io.netty.buffer.AdvancedLeakAwareByteBuf - -Dio.netty.leakDetection.acquireAndReleaseOnly: false
18:07:29.444 [main] DEBUG io.netty.util.Recycler - -Dio.netty.recycler.maxCapacityPerThread: 4096
18:07:29.444 [main] DEBUG io.netty.util.Recycler - -Dio.netty.recycler.ratio: 8
18:07:29.444 [main] DEBUG io.netty.util.Recycler - -Dio.netty.recycler.chunkSize: 32
18:07:29.444 [main] DEBUG io.netty.util.Recycler - -Dio.netty.recycler.blocking: false
18:07:29.444 [main] DEBUG io.netty.util.Recycler - -Dio.netty.recycler.batchFastThreadLocalOnly: true
18:07:29.445 [main] DEBUG io.netty.util.internal.PlatformDependent - org.jctools-core.MpscChunkedArrayQueue: available
]]></system-out>
  </testcase>
  <testcase name="test46" classname="io.netty.buffer.AbstractByteBufAllocator_ESTest" time="0.015">
    <system-out><![CDATA[18:07:29.451 [main] DEBUG io.netty.util.internal.logging.InternalLoggerFactory - Using SLF4J as the default logging framework
18:07:29.451 [main] DEBUG io.netty.util.ResourceLeakDetector - -Dio.netty.leakDetection.level: simple
18:07:29.451 [main] DEBUG io.netty.util.ResourceLeakDetector - -Dio.netty.leakDetection.targetRecords: 4
18:07:29.451 [main] DEBUG io.netty.util.internal.InternalThreadLocalMap - -Dio.netty.threadLocalMap.stringBuilder.initialSize: 1024
18:07:29.451 [main] DEBUG io.netty.util.internal.InternalThreadLocalMap - -Dio.netty.threadLocalMap.stringBuilder.maxSize: 4096
18:07:29.451 [main] DEBUG io.netty.util.internal.PlatformDependent0 - -Dio.netty.noUnsafe: false
18:07:29.451 [main] DEBUG io.netty.util.internal.PlatformDependent0 - Java version: 8
18:07:29.451 [main] DEBUG io.netty.util.internal.PlatformDependent0 - sun.misc.Unsafe.theUnsafe: available
18:07:29.451 [main] DEBUG io.netty.util.internal.PlatformDependent0 - sun.misc.Unsafe.copyMemory: available
18:07:29.451 [main] DEBUG io.netty.util.internal.PlatformDependent0 - sun.misc.Unsafe.storeFence: available
18:07:29.451 [main] DEBUG io.netty.util.internal.PlatformDependent0 - java.nio.Buffer.address: available
18:07:29.451 [main] DEBUG io.netty.util.internal.PlatformDependent0 - direct buffer constructor: available
18:07:29.451 [main] DEBUG io.netty.util.internal.PlatformDependent0 - java.nio.Bits.unaligned: available, true
18:07:29.451 [main] DEBUG io.netty.util.internal.PlatformDependent0 - jdk.internal.misc.Unsafe.allocateUninitializedArray(int): unavailable prior to Java9
18:07:29.451 [main] DEBUG io.netty.util.internal.PlatformDependent0 - java.nio.DirectByteBuffer.<init>(long, {int,long}): available
18:07:29.452 [main] DEBUG io.netty.util.internal.CleanerJava6 - java.nio.ByteBuffer.cleaner(): available
18:07:29.452 [main] DEBUG io.netty.util.internal.PlatformDependent - sun.misc.Unsafe: available
18:07:29.452 [main] DEBUG io.netty.util.internal.PlatformDependent - -Dio.netty.tmpdir: /tmp (java.io.tmpdir)
18:07:29.452 [main] DEBUG io.netty.util.internal.PlatformDependent - -Dio.netty.bitMode: 64 (sun.arch.data.model)
18:07:29.452 [main] DEBUG io.netty.util.internal.PlatformDependent - -Dio.netty.maxDirectMemory: 11420041216 bytes
18:07:29.452 [main] DEBUG io.netty.util.internal.PlatformDependent - -Dio.netty.uninitializedArrayAllocationThreshold: -1
18:07:29.452 [main] DEBUG io.netty.util.internal.PlatformDependent - -Dio.netty.noPreferDirect: false
18:07:29.452 [main] DEBUG io.netty.buffer.PooledByteBufAllocator - -Dio.netty.allocator.numHeapArenas: 0
18:07:29.452 [main] DEBUG io.netty.buffer.PooledByteBufAllocator - -Dio.netty.allocator.numDirectArenas: 2
18:07:29.452 [main] DEBUG io.netty.buffer.PooledByteBufAllocator - -Dio.netty.allocator.pageSize: 8192
18:07:29.452 [main] DEBUG io.netty.buffer.PooledByteBufAllocator - -Dio.netty.allocator.maxOrder: 9
18:07:29.452 [main] DEBUG io.netty.buffer.PooledByteBufAllocator - -Dio.netty.allocator.chunkSize: 4194304
18:07:29.452 [main] DEBUG io.netty.buffer.PooledByteBufAllocator - -Dio.netty.allocator.smallCacheSize: 256
18:07:29.452 [main] DEBUG io.netty.buffer.PooledByteBufAllocator - -Dio.netty.allocator.normalCacheSize: 64
18:07:29.452 [main] DEBUG io.netty.buffer.PooledByteBufAllocator - -Dio.netty.allocator.maxCachedBufferCapacity: 32768
18:07:29.452 [main] DEBUG io.netty.buffer.PooledByteBufAllocator - -Dio.netty.allocator.cacheTrimInterval: 8192
18:07:29.452 [main] DEBUG io.netty.buffer.PooledByteBufAllocator - -Dio.netty.allocator.cacheTrimIntervalMillis: 0
18:07:29.452 [main] DEBUG io.netty.buffer.PooledByteBufAllocator - -Dio.netty.allocator.useCacheForAllThreads: false
18:07:29.452 [main] DEBUG io.netty.buffer.PooledByteBufAllocator - -Dio.netty.allocator.maxCachedByteBuffersPerChunk: 1023
18:07:29.453 [main] DEBUG io.netty.buffer.ByteBufUtil - -Dio.netty.allocator.type: pooled
18:07:29.453 [main] DEBUG io.netty.buffer.ByteBufUtil - -Dio.netty.threadLocalDirectBufferSize: 0
18:07:29.453 [main] DEBUG io.netty.buffer.ByteBufUtil - -Dio.netty.maxThreadLocalCharBufferSize: 16384
18:07:29.453 [main] DEBUG io.netty.buffer.AbstractByteBuf - -Dio.netty.buffer.checkAccessible: true
18:07:29.453 [main] DEBUG io.netty.buffer.AbstractByteBuf - -Dio.netty.buffer.checkBounds: true
18:07:29.453 [main] DEBUG io.netty.util.ResourceLeakDetectorFactory - Loaded default ResourceLeakDetector: io.netty.util.ResourceLeakDetector@5
18:07:29.453 [main] DEBUG io.netty.util.internal.CleanerJava9 - java.nio.ByteBuffer.cleaner(): unavailable
java.lang.NoSuchMethodException: sun.misc.Unsafe.invokeCleaner(java.nio.ByteBuffer)
	at java.lang.Class.getDeclaredMethod(Class.java:2130)
	at io.netty.util.internal.CleanerJava9$1.run(CleanerJava9.java:45)
	at java.security.AccessController.doPrivileged(Native Method)
	at io.netty.util.internal.CleanerJava9.__STATIC_RESET(CleanerJava9.java:40)
	at sun.reflect.GeneratedMethodAccessor53.invoke(Unknown Source)
	at sun.reflect.DelegatingMethodAccessorImpl.invoke(DelegatingMethodAccessorImpl.java:43)
	at java.lang.reflect.Method.invoke(Method.java:498)
	at org.evosuite.runtime.classhandling.ClassResetter.reset(ClassResetter.java:159)
	at org.evosuite.runtime.classhandling.ClassStateSupport.resetClasses(ClassStateSupport.java:137)
	at io.netty.buffer.AbstractByteBufAllocator_ESTest_scaffolding.resetClasses(AbstractByteBufAllocator_ESTest_scaffolding.java:308)
	at io.netty.buffer.AbstractByteBufAllocator_ESTest_scaffolding.doneWithTestCase(AbstractByteBufAllocator_ESTest_scaffolding.java:68)
	at sun.reflect.GeneratedMethodAccessor9.invoke(Unknown Source)
	at sun.reflect.DelegatingMethodAccessorImpl.invoke(DelegatingMethodAccessorImpl.java:43)
	at java.lang.reflect.Method.invoke(Method.java:498)
	at org.junit.runners.model.FrameworkMethod$1.runReflectiveCall(FrameworkMethod.java:59)
	at org.junit.internal.runners.model.ReflectiveCallable.run(ReflectiveCallable.java:12)
	at org.junit.runners.model.FrameworkMethod.invokeExplosively(FrameworkMethod.java:56)
	at org.junit.internal.runners.statements.RunAfters.invokeMethod(RunAfters.java:46)
	at org.junit.internal.runners.statements.RunAfters.evaluate(RunAfters.java:33)
	at org.evosuite.runtime.vnet.NonFunctionalRequirementRule$1.evaluate(NonFunctionalRequirementRule.java:41)
	at org.junit.runners.ParentRunner$3.evaluate(ParentRunner.java:306)
	at org.junit.runners.BlockJUnit4ClassRunner$1.evaluate(BlockJUnit4ClassRunner.java:100)
	at org.junit.runners.ParentRunner.runLeaf(ParentRunner.java:366)
	at org.junit.runners.BlockJUnit4ClassRunner.runChild(BlockJUnit4ClassRunner.java:103)
	at org.junit.runners.BlockJUnit4ClassRunner.runChild(BlockJUnit4ClassRunner.java:63)
	at org.junit.runners.ParentRunner$4.run(ParentRunner.java:331)
	at org.junit.runners.ParentRunner$1.schedule(ParentRunner.java:79)
	at org.junit.runners.ParentRunner.runChildren(ParentRunner.java:329)
	at org.junit.runners.ParentRunner.access$100(ParentRunner.java:66)
	at org.junit.runners.ParentRunner$2.evaluate(ParentRunner.java:293)
	at org.junit.internal.runners.statements.RunBefores.evaluate(RunBefores.java:26)
	at org.junit.internal.runners.statements.RunAfters.evaluate(RunAfters.java:27)
	at org.junit.runners.ParentRunner$3.evaluate(ParentRunner.java:306)
	at org.junit.runners.ParentRunner.run(ParentRunner.java:413)
	at org.apache.maven.surefire.junit4.JUnit4Provider.execute(JUnit4Provider.java:316)
	at org.apache.maven.surefire.junit4.JUnit4Provider.executeWithRerun(JUnit4Provider.java:240)
	at org.apache.maven.surefire.junit4.JUnit4Provider.executeTestSet(JUnit4Provider.java:214)
	at org.apache.maven.surefire.junit4.JUnit4Provider.invoke(JUnit4Provider.java:155)
	at org.apache.maven.surefire.booter.ForkedBooter.runSuitesInProcess(ForkedBooter.java:385)
	at org.apache.maven.surefire.booter.ForkedBooter.execute(ForkedBooter.java:162)
	at org.apache.maven.surefire.booter.ForkedBooter.run(ForkedBooter.java:507)
	at org.apache.maven.surefire.booter.ForkedBooter.main(ForkedBooter.java:495)
18:07:29.454 [main] DEBUG io.netty.buffer.AdvancedLeakAwareByteBuf - -Dio.netty.leakDetection.acquireAndReleaseOnly: false
18:07:29.455 [main] DEBUG io.netty.util.Recycler - -Dio.netty.recycler.maxCapacityPerThread: 4096
18:07:29.455 [main] DEBUG io.netty.util.Recycler - -Dio.netty.recycler.ratio: 8
18:07:29.455 [main] DEBUG io.netty.util.Recycler - -Dio.netty.recycler.chunkSize: 32
18:07:29.455 [main] DEBUG io.netty.util.Recycler - -Dio.netty.recycler.blocking: false
18:07:29.455 [main] DEBUG io.netty.util.Recycler - -Dio.netty.recycler.batchFastThreadLocalOnly: true
18:07:29.455 [main] DEBUG io.netty.util.internal.PlatformDependent - org.jctools-core.MpscChunkedArrayQueue: available
]]></system-out>
  </testcase>
  <testcase name="test03" classname="io.netty.buffer.AbstractByteBufAllocator_ESTest" time="0.015">
    <system-out><![CDATA[18:07:29.460 [main] DEBUG io.netty.util.internal.logging.InternalLoggerFactory - Using SLF4J as the default logging framework
18:07:29.460 [main] DEBUG io.netty.util.ResourceLeakDetector - -Dio.netty.leakDetection.level: simple
18:07:29.460 [main] DEBUG io.netty.util.ResourceLeakDetector - -Dio.netty.leakDetection.targetRecords: 4
18:07:29.460 [main] DEBUG io.netty.util.internal.InternalThreadLocalMap - -Dio.netty.threadLocalMap.stringBuilder.initialSize: 1024
18:07:29.460 [main] DEBUG io.netty.util.internal.InternalThreadLocalMap - -Dio.netty.threadLocalMap.stringBuilder.maxSize: 4096
18:07:29.460 [main] DEBUG io.netty.util.internal.PlatformDependent0 - -Dio.netty.noUnsafe: false
18:07:29.460 [main] DEBUG io.netty.util.internal.PlatformDependent0 - Java version: 8
18:07:29.461 [main] DEBUG io.netty.util.internal.PlatformDependent0 - sun.misc.Unsafe.theUnsafe: available
18:07:29.461 [main] DEBUG io.netty.util.internal.PlatformDependent0 - sun.misc.Unsafe.copyMemory: available
18:07:29.461 [main] DEBUG io.netty.util.internal.PlatformDependent0 - sun.misc.Unsafe.storeFence: available
18:07:29.461 [main] DEBUG io.netty.util.internal.PlatformDependent0 - java.nio.Buffer.address: available
18:07:29.461 [main] DEBUG io.netty.util.internal.PlatformDependent0 - direct buffer constructor: available
18:07:29.461 [main] DEBUG io.netty.util.internal.PlatformDependent0 - java.nio.Bits.unaligned: available, true
18:07:29.461 [main] DEBUG io.netty.util.internal.PlatformDependent0 - jdk.internal.misc.Unsafe.allocateUninitializedArray(int): unavailable prior to Java9
18:07:29.461 [main] DEBUG io.netty.util.internal.PlatformDependent0 - java.nio.DirectByteBuffer.<init>(long, {int,long}): available
18:07:29.461 [main] DEBUG io.netty.util.internal.CleanerJava6 - java.nio.ByteBuffer.cleaner(): available
18:07:29.461 [main] DEBUG io.netty.util.internal.PlatformDependent - sun.misc.Unsafe: available
18:07:29.461 [main] DEBUG io.netty.util.internal.PlatformDependent - -Dio.netty.tmpdir: /tmp (java.io.tmpdir)
18:07:29.461 [main] DEBUG io.netty.util.internal.PlatformDependent - -Dio.netty.bitMode: 64 (sun.arch.data.model)
18:07:29.461 [main] DEBUG io.netty.util.internal.PlatformDependent - -Dio.netty.maxDirectMemory: 11420041216 bytes
18:07:29.461 [main] DEBUG io.netty.util.internal.PlatformDependent - -Dio.netty.uninitializedArrayAllocationThreshold: -1
18:07:29.461 [main] DEBUG io.netty.util.internal.PlatformDependent - -Dio.netty.noPreferDirect: false
18:07:29.462 [main] DEBUG io.netty.buffer.PooledByteBufAllocator - -Dio.netty.allocator.numHeapArenas: 0
18:07:29.462 [main] DEBUG io.netty.buffer.PooledByteBufAllocator - -Dio.netty.allocator.numDirectArenas: 2
18:07:29.462 [main] DEBUG io.netty.buffer.PooledByteBufAllocator - -Dio.netty.allocator.pageSize: 8192
18:07:29.462 [main] DEBUG io.netty.buffer.PooledByteBufAllocator - -Dio.netty.allocator.maxOrder: 9
18:07:29.462 [main] DEBUG io.netty.buffer.PooledByteBufAllocator - -Dio.netty.allocator.chunkSize: 4194304
18:07:29.462 [main] DEBUG io.netty.buffer.PooledByteBufAllocator - -Dio.netty.allocator.smallCacheSize: 256
18:07:29.462 [main] DEBUG io.netty.buffer.PooledByteBufAllocator - -Dio.netty.allocator.normalCacheSize: 64
18:07:29.462 [main] DEBUG io.netty.buffer.PooledByteBufAllocator - -Dio.netty.allocator.maxCachedBufferCapacity: 32768
18:07:29.462 [main] DEBUG io.netty.buffer.PooledByteBufAllocator - -Dio.netty.allocator.cacheTrimInterval: 8192
18:07:29.462 [main] DEBUG io.netty.buffer.PooledByteBufAllocator - -Dio.netty.allocator.cacheTrimIntervalMillis: 0
18:07:29.462 [main] DEBUG io.netty.buffer.PooledByteBufAllocator - -Dio.netty.allocator.useCacheForAllThreads: false
18:07:29.462 [main] DEBUG io.netty.buffer.PooledByteBufAllocator - -Dio.netty.allocator.maxCachedByteBuffersPerChunk: 1023
18:07:29.462 [main] DEBUG io.netty.buffer.ByteBufUtil - -Dio.netty.allocator.type: pooled
18:07:29.462 [main] DEBUG io.netty.buffer.ByteBufUtil - -Dio.netty.threadLocalDirectBufferSize: 0
18:07:29.462 [main] DEBUG io.netty.buffer.ByteBufUtil - -Dio.netty.maxThreadLocalCharBufferSize: 16384
18:07:29.462 [main] DEBUG io.netty.buffer.AbstractByteBuf - -Dio.netty.buffer.checkAccessible: true
18:07:29.462 [main] DEBUG io.netty.buffer.AbstractByteBuf - -Dio.netty.buffer.checkBounds: true
18:07:29.462 [main] DEBUG io.netty.util.ResourceLeakDetectorFactory - Loaded default ResourceLeakDetector: io.netty.util.ResourceLeakDetector@5
18:07:29.463 [main] DEBUG io.netty.util.internal.CleanerJava9 - java.nio.ByteBuffer.cleaner(): unavailable
java.lang.NoSuchMethodException: sun.misc.Unsafe.invokeCleaner(java.nio.ByteBuffer)
	at java.lang.Class.getDeclaredMethod(Class.java:2130)
	at io.netty.util.internal.CleanerJava9$1.run(CleanerJava9.java:45)
	at java.security.AccessController.doPrivileged(Native Method)
	at io.netty.util.internal.CleanerJava9.__STATIC_RESET(CleanerJava9.java:40)
	at sun.reflect.GeneratedMethodAccessor53.invoke(Unknown Source)
	at sun.reflect.DelegatingMethodAccessorImpl.invoke(DelegatingMethodAccessorImpl.java:43)
	at java.lang.reflect.Method.invoke(Method.java:498)
	at org.evosuite.runtime.classhandling.ClassResetter.reset(ClassResetter.java:159)
	at org.evosuite.runtime.classhandling.ClassStateSupport.resetClasses(ClassStateSupport.java:137)
	at io.netty.buffer.AbstractByteBufAllocator_ESTest_scaffolding.resetClasses(AbstractByteBufAllocator_ESTest_scaffolding.java:308)
	at io.netty.buffer.AbstractByteBufAllocator_ESTest_scaffolding.doneWithTestCase(AbstractByteBufAllocator_ESTest_scaffolding.java:68)
	at sun.reflect.GeneratedMethodAccessor9.invoke(Unknown Source)
	at sun.reflect.DelegatingMethodAccessorImpl.invoke(DelegatingMethodAccessorImpl.java:43)
	at java.lang.reflect.Method.invoke(Method.java:498)
	at org.junit.runners.model.FrameworkMethod$1.runReflectiveCall(FrameworkMethod.java:59)
	at org.junit.internal.runners.model.ReflectiveCallable.run(ReflectiveCallable.java:12)
	at org.junit.runners.model.FrameworkMethod.invokeExplosively(FrameworkMethod.java:56)
	at org.junit.internal.runners.statements.RunAfters.invokeMethod(RunAfters.java:46)
	at org.junit.internal.runners.statements.RunAfters.evaluate(RunAfters.java:33)
	at org.evosuite.runtime.vnet.NonFunctionalRequirementRule$1.evaluate(NonFunctionalRequirementRule.java:41)
	at org.junit.runners.ParentRunner$3.evaluate(ParentRunner.java:306)
	at org.junit.runners.BlockJUnit4ClassRunner$1.evaluate(BlockJUnit4ClassRunner.java:100)
	at org.junit.runners.ParentRunner.runLeaf(ParentRunner.java:366)
	at org.junit.runners.BlockJUnit4ClassRunner.runChild(BlockJUnit4ClassRunner.java:103)
	at org.junit.runners.BlockJUnit4ClassRunner.runChild(BlockJUnit4ClassRunner.java:63)
	at org.junit.runners.ParentRunner$4.run(ParentRunner.java:331)
	at org.junit.runners.ParentRunner$1.schedule(ParentRunner.java:79)
	at org.junit.runners.ParentRunner.runChildren(ParentRunner.java:329)
	at org.junit.runners.ParentRunner.access$100(ParentRunner.java:66)
	at org.junit.runners.ParentRunner$2.evaluate(ParentRunner.java:293)
	at org.junit.internal.runners.statements.RunBefores.evaluate(RunBefores.java:26)
	at org.junit.internal.runners.statements.RunAfters.evaluate(RunAfters.java:27)
	at org.junit.runners.ParentRunner$3.evaluate(ParentRunner.java:306)
	at org.junit.runners.ParentRunner.run(ParentRunner.java:413)
	at org.apache.maven.surefire.junit4.JUnit4Provider.execute(JUnit4Provider.java:316)
	at org.apache.maven.surefire.junit4.JUnit4Provider.executeWithRerun(JUnit4Provider.java:240)
	at org.apache.maven.surefire.junit4.JUnit4Provider.executeTestSet(JUnit4Provider.java:214)
	at org.apache.maven.surefire.junit4.JUnit4Provider.invoke(JUnit4Provider.java:155)
	at org.apache.maven.surefire.booter.ForkedBooter.runSuitesInProcess(ForkedBooter.java:385)
	at org.apache.maven.surefire.booter.ForkedBooter.execute(ForkedBooter.java:162)
	at org.apache.maven.surefire.booter.ForkedBooter.run(ForkedBooter.java:507)
	at org.apache.maven.surefire.booter.ForkedBooter.main(ForkedBooter.java:495)
18:07:29.464 [main] DEBUG io.netty.buffer.AdvancedLeakAwareByteBuf - -Dio.netty.leakDetection.acquireAndReleaseOnly: false
18:07:29.465 [main] DEBUG io.netty.util.Recycler - -Dio.netty.recycler.maxCapacityPerThread: 4096
18:07:29.465 [main] DEBUG io.netty.util.Recycler - -Dio.netty.recycler.ratio: 8
18:07:29.465 [main] DEBUG io.netty.util.Recycler - -Dio.netty.recycler.chunkSize: 32
18:07:29.465 [main] DEBUG io.netty.util.Recycler - -Dio.netty.recycler.blocking: false
18:07:29.465 [main] DEBUG io.netty.util.Recycler - -Dio.netty.recycler.batchFastThreadLocalOnly: true
18:07:29.465 [main] DEBUG io.netty.util.internal.PlatformDependent - org.jctools-core.MpscChunkedArrayQueue: available
]]></system-out>
  </testcase>
  <testcase name="test25" classname="io.netty.buffer.AbstractByteBufAllocator_ESTest" time="0.012">
    <system-out><![CDATA[18:07:29.472 [main] DEBUG io.netty.util.internal.logging.InternalLoggerFactory - Using SLF4J as the default logging framework
18:07:29.472 [main] DEBUG io.netty.util.ResourceLeakDetector - -Dio.netty.leakDetection.level: simple
18:07:29.472 [main] DEBUG io.netty.util.ResourceLeakDetector - -Dio.netty.leakDetection.targetRecords: 4
18:07:29.472 [main] DEBUG io.netty.util.internal.InternalThreadLocalMap - -Dio.netty.threadLocalMap.stringBuilder.initialSize: 1024
18:07:29.472 [main] DEBUG io.netty.util.internal.InternalThreadLocalMap - -Dio.netty.threadLocalMap.stringBuilder.maxSize: 4096
18:07:29.473 [main] DEBUG io.netty.util.internal.PlatformDependent0 - -Dio.netty.noUnsafe: false
18:07:29.473 [main] DEBUG io.netty.util.internal.PlatformDependent0 - Java version: 8
18:07:29.473 [main] DEBUG io.netty.util.internal.PlatformDependent0 - sun.misc.Unsafe.theUnsafe: available
18:07:29.473 [main] DEBUG io.netty.util.internal.PlatformDependent0 - sun.misc.Unsafe.copyMemory: available
18:07:29.473 [main] DEBUG io.netty.util.internal.PlatformDependent0 - sun.misc.Unsafe.storeFence: available
18:07:29.473 [main] DEBUG io.netty.util.internal.PlatformDependent0 - java.nio.Buffer.address: available
18:07:29.473 [main] DEBUG io.netty.util.internal.PlatformDependent0 - direct buffer constructor: available
18:07:29.473 [main] DEBUG io.netty.util.internal.PlatformDependent0 - java.nio.Bits.unaligned: available, true
18:07:29.473 [main] DEBUG io.netty.util.internal.PlatformDependent0 - jdk.internal.misc.Unsafe.allocateUninitializedArray(int): unavailable prior to Java9
18:07:29.473 [main] DEBUG io.netty.util.internal.PlatformDependent0 - java.nio.DirectByteBuffer.<init>(long, {int,long}): available
18:07:29.473 [main] DEBUG io.netty.util.internal.CleanerJava6 - java.nio.ByteBuffer.cleaner(): available
18:07:29.473 [main] DEBUG io.netty.util.internal.PlatformDependent - sun.misc.Unsafe: available
18:07:29.473 [main] DEBUG io.netty.util.internal.PlatformDependent - -Dio.netty.tmpdir: /tmp (java.io.tmpdir)
18:07:29.473 [main] DEBUG io.netty.util.internal.PlatformDependent - -Dio.netty.bitMode: 64 (sun.arch.data.model)
18:07:29.474 [main] DEBUG io.netty.util.internal.PlatformDependent - -Dio.netty.maxDirectMemory: 11420041216 bytes
18:07:29.474 [main] DEBUG io.netty.util.internal.PlatformDependent - -Dio.netty.uninitializedArrayAllocationThreshold: -1
18:07:29.474 [main] DEBUG io.netty.util.internal.PlatformDependent - -Dio.netty.noPreferDirect: false
18:07:29.474 [main] DEBUG io.netty.buffer.PooledByteBufAllocator - -Dio.netty.allocator.numHeapArenas: 0
18:07:29.474 [main] DEBUG io.netty.buffer.PooledByteBufAllocator - -Dio.netty.allocator.numDirectArenas: 2
18:07:29.474 [main] DEBUG io.netty.buffer.PooledByteBufAllocator - -Dio.netty.allocator.pageSize: 8192
18:07:29.474 [main] DEBUG io.netty.buffer.PooledByteBufAllocator - -Dio.netty.allocator.maxOrder: 9
18:07:29.474 [main] DEBUG io.netty.buffer.PooledByteBufAllocator - -Dio.netty.allocator.chunkSize: 4194304
18:07:29.474 [main] DEBUG io.netty.buffer.PooledByteBufAllocator - -Dio.netty.allocator.smallCacheSize: 256
18:07:29.474 [main] DEBUG io.netty.buffer.PooledByteBufAllocator - -Dio.netty.allocator.normalCacheSize: 64
18:07:29.474 [main] DEBUG io.netty.buffer.PooledByteBufAllocator - -Dio.netty.allocator.maxCachedBufferCapacity: 32768
18:07:29.474 [main] DEBUG io.netty.buffer.PooledByteBufAllocator - -Dio.netty.allocator.cacheTrimInterval: 8192
18:07:29.474 [main] DEBUG io.netty.buffer.PooledByteBufAllocator - -Dio.netty.allocator.cacheTrimIntervalMillis: 0
18:07:29.474 [main] DEBUG io.netty.buffer.PooledByteBufAllocator - -Dio.netty.allocator.useCacheForAllThreads: false
18:07:29.474 [main] DEBUG io.netty.buffer.PooledByteBufAllocator - -Dio.netty.allocator.maxCachedByteBuffersPerChunk: 1023
18:07:29.475 [main] DEBUG io.netty.buffer.ByteBufUtil - -Dio.netty.allocator.type: pooled
18:07:29.475 [main] DEBUG io.netty.buffer.ByteBufUtil - -Dio.netty.threadLocalDirectBufferSize: 0
18:07:29.475 [main] DEBUG io.netty.buffer.ByteBufUtil - -Dio.netty.maxThreadLocalCharBufferSize: 16384
18:07:29.475 [main] DEBUG io.netty.buffer.AbstractByteBuf - -Dio.netty.buffer.checkAccessible: true
18:07:29.475 [main] DEBUG io.netty.buffer.AbstractByteBuf - -Dio.netty.buffer.checkBounds: true
18:07:29.475 [main] DEBUG io.netty.util.ResourceLeakDetectorFactory - Loaded default ResourceLeakDetector: io.netty.util.ResourceLeakDetector@5
18:07:29.475 [main] DEBUG io.netty.util.internal.CleanerJava9 - java.nio.ByteBuffer.cleaner(): unavailable
java.lang.NoSuchMethodException: sun.misc.Unsafe.invokeCleaner(java.nio.ByteBuffer)
	at java.lang.Class.getDeclaredMethod(Class.java:2130)
	at io.netty.util.internal.CleanerJava9$1.run(CleanerJava9.java:45)
	at java.security.AccessController.doPrivileged(Native Method)
	at io.netty.util.internal.CleanerJava9.__STATIC_RESET(CleanerJava9.java:40)
	at sun.reflect.GeneratedMethodAccessor53.invoke(Unknown Source)
	at sun.reflect.DelegatingMethodAccessorImpl.invoke(DelegatingMethodAccessorImpl.java:43)
	at java.lang.reflect.Method.invoke(Method.java:498)
	at org.evosuite.runtime.classhandling.ClassResetter.reset(ClassResetter.java:159)
	at org.evosuite.runtime.classhandling.ClassStateSupport.resetClasses(ClassStateSupport.java:137)
	at io.netty.buffer.AbstractByteBufAllocator_ESTest_scaffolding.resetClasses(AbstractByteBufAllocator_ESTest_scaffolding.java:308)
	at io.netty.buffer.AbstractByteBufAllocator_ESTest_scaffolding.doneWithTestCase(AbstractByteBufAllocator_ESTest_scaffolding.java:68)
	at sun.reflect.GeneratedMethodAccessor9.invoke(Unknown Source)
	at sun.reflect.DelegatingMethodAccessorImpl.invoke(DelegatingMethodAccessorImpl.java:43)
	at java.lang.reflect.Method.invoke(Method.java:498)
	at org.junit.runners.model.FrameworkMethod$1.runReflectiveCall(FrameworkMethod.java:59)
	at org.junit.internal.runners.model.ReflectiveCallable.run(ReflectiveCallable.java:12)
	at org.junit.runners.model.FrameworkMethod.invokeExplosively(FrameworkMethod.java:56)
	at org.junit.internal.runners.statements.RunAfters.invokeMethod(RunAfters.java:46)
	at org.junit.internal.runners.statements.RunAfters.evaluate(RunAfters.java:33)
	at org.evosuite.runtime.vnet.NonFunctionalRequirementRule$1.evaluate(NonFunctionalRequirementRule.java:41)
	at org.junit.runners.ParentRunner$3.evaluate(ParentRunner.java:306)
	at org.junit.runners.BlockJUnit4ClassRunner$1.evaluate(BlockJUnit4ClassRunner.java:100)
	at org.junit.runners.ParentRunner.runLeaf(ParentRunner.java:366)
	at org.junit.runners.BlockJUnit4ClassRunner.runChild(BlockJUnit4ClassRunner.java:103)
	at org.junit.runners.BlockJUnit4ClassRunner.runChild(BlockJUnit4ClassRunner.java:63)
	at org.junit.runners.ParentRunner$4.run(ParentRunner.java:331)
	at org.junit.runners.ParentRunner$1.schedule(ParentRunner.java:79)
	at org.junit.runners.ParentRunner.runChildren(ParentRunner.java:329)
	at org.junit.runners.ParentRunner.access$100(ParentRunner.java:66)
	at org.junit.runners.ParentRunner$2.evaluate(ParentRunner.java:293)
	at org.junit.internal.runners.statements.RunBefores.evaluate(RunBefores.java:26)
	at org.junit.internal.runners.statements.RunAfters.evaluate(RunAfters.java:27)
	at org.junit.runners.ParentRunner$3.evaluate(ParentRunner.java:306)
	at org.junit.runners.ParentRunner.run(ParentRunner.java:413)
	at org.apache.maven.surefire.junit4.JUnit4Provider.execute(JUnit4Provider.java:316)
	at org.apache.maven.surefire.junit4.JUnit4Provider.executeWithRerun(JUnit4Provider.java:240)
	at org.apache.maven.surefire.junit4.JUnit4Provider.executeTestSet(JUnit4Provider.java:214)
	at org.apache.maven.surefire.junit4.JUnit4Provider.invoke(JUnit4Provider.java:155)
	at org.apache.maven.surefire.booter.ForkedBooter.runSuitesInProcess(ForkedBooter.java:385)
	at org.apache.maven.surefire.booter.ForkedBooter.execute(ForkedBooter.java:162)
	at org.apache.maven.surefire.booter.ForkedBooter.run(ForkedBooter.java:507)
	at org.apache.maven.surefire.booter.ForkedBooter.main(ForkedBooter.java:495)
18:07:29.476 [main] DEBUG io.netty.buffer.AdvancedLeakAwareByteBuf - -Dio.netty.leakDetection.acquireAndReleaseOnly: false
18:07:29.477 [main] DEBUG io.netty.util.Recycler - -Dio.netty.recycler.maxCapacityPerThread: 4096
18:07:29.477 [main] DEBUG io.netty.util.Recycler - -Dio.netty.recycler.ratio: 8
18:07:29.477 [main] DEBUG io.netty.util.Recycler - -Dio.netty.recycler.chunkSize: 32
18:07:29.477 [main] DEBUG io.netty.util.Recycler - -Dio.netty.recycler.blocking: false
18:07:29.477 [main] DEBUG io.netty.util.Recycler - -Dio.netty.recycler.batchFastThreadLocalOnly: true
18:07:29.477 [main] DEBUG io.netty.util.internal.PlatformDependent - org.jctools-core.MpscChunkedArrayQueue: available
]]></system-out>
  </testcase>
  <testcase name="test04" classname="io.netty.buffer.AbstractByteBufAllocator_ESTest" time="0.018">
    <system-out><![CDATA[18:07:29.485 [main] DEBUG io.netty.util.internal.logging.InternalLoggerFactory - Using SLF4J as the default logging framework
18:07:29.485 [main] DEBUG io.netty.util.ResourceLeakDetector - -Dio.netty.leakDetection.level: simple
18:07:29.485 [main] DEBUG io.netty.util.ResourceLeakDetector - -Dio.netty.leakDetection.targetRecords: 4
18:07:29.485 [main] DEBUG io.netty.util.internal.InternalThreadLocalMap - -Dio.netty.threadLocalMap.stringBuilder.initialSize: 1024
18:07:29.485 [main] DEBUG io.netty.util.internal.InternalThreadLocalMap - -Dio.netty.threadLocalMap.stringBuilder.maxSize: 4096
18:07:29.485 [main] DEBUG io.netty.util.internal.PlatformDependent0 - -Dio.netty.noUnsafe: false
18:07:29.485 [main] DEBUG io.netty.util.internal.PlatformDependent0 - Java version: 8
18:07:29.486 [main] DEBUG io.netty.util.internal.PlatformDependent0 - sun.misc.Unsafe.theUnsafe: available
18:07:29.486 [main] DEBUG io.netty.util.internal.PlatformDependent0 - sun.misc.Unsafe.copyMemory: available
18:07:29.486 [main] DEBUG io.netty.util.internal.PlatformDependent0 - sun.misc.Unsafe.storeFence: available
18:07:29.486 [main] DEBUG io.netty.util.internal.PlatformDependent0 - java.nio.Buffer.address: available
18:07:29.486 [main] DEBUG io.netty.util.internal.PlatformDependent0 - direct buffer constructor: available
18:07:29.486 [main] DEBUG io.netty.util.internal.PlatformDependent0 - java.nio.Bits.unaligned: available, true
18:07:29.486 [main] DEBUG io.netty.util.internal.PlatformDependent0 - jdk.internal.misc.Unsafe.allocateUninitializedArray(int): unavailable prior to Java9
18:07:29.486 [main] DEBUG io.netty.util.internal.PlatformDependent0 - java.nio.DirectByteBuffer.<init>(long, {int,long}): available
18:07:29.486 [main] DEBUG io.netty.util.internal.CleanerJava6 - java.nio.ByteBuffer.cleaner(): available
18:07:29.486 [main] DEBUG io.netty.util.internal.PlatformDependent - sun.misc.Unsafe: available
18:07:29.486 [main] DEBUG io.netty.util.internal.PlatformDependent - -Dio.netty.tmpdir: /tmp (java.io.tmpdir)
18:07:29.486 [main] DEBUG io.netty.util.internal.PlatformDependent - -Dio.netty.bitMode: 64 (sun.arch.data.model)
18:07:29.486 [main] DEBUG io.netty.util.internal.PlatformDependent - -Dio.netty.maxDirectMemory: 11420041216 bytes
18:07:29.486 [main] DEBUG io.netty.util.internal.PlatformDependent - -Dio.netty.uninitializedArrayAllocationThreshold: -1
18:07:29.486 [main] DEBUG io.netty.util.internal.PlatformDependent - -Dio.netty.noPreferDirect: false
18:07:29.487 [main] DEBUG io.netty.buffer.PooledByteBufAllocator - -Dio.netty.allocator.numHeapArenas: 0
18:07:29.487 [main] DEBUG io.netty.buffer.PooledByteBufAllocator - -Dio.netty.allocator.numDirectArenas: 2
18:07:29.487 [main] DEBUG io.netty.buffer.PooledByteBufAllocator - -Dio.netty.allocator.pageSize: 8192
18:07:29.487 [main] DEBUG io.netty.buffer.PooledByteBufAllocator - -Dio.netty.allocator.maxOrder: 9
18:07:29.487 [main] DEBUG io.netty.buffer.PooledByteBufAllocator - -Dio.netty.allocator.chunkSize: 4194304
18:07:29.487 [main] DEBUG io.netty.buffer.PooledByteBufAllocator - -Dio.netty.allocator.smallCacheSize: 256
18:07:29.487 [main] DEBUG io.netty.buffer.PooledByteBufAllocator - -Dio.netty.allocator.normalCacheSize: 64
18:07:29.487 [main] DEBUG io.netty.buffer.PooledByteBufAllocator - -Dio.netty.allocator.maxCachedBufferCapacity: 32768
18:07:29.487 [main] DEBUG io.netty.buffer.PooledByteBufAllocator - -Dio.netty.allocator.cacheTrimInterval: 8192
18:07:29.487 [main] DEBUG io.netty.buffer.PooledByteBufAllocator - -Dio.netty.allocator.cacheTrimIntervalMillis: 0
18:07:29.487 [main] DEBUG io.netty.buffer.PooledByteBufAllocator - -Dio.netty.allocator.useCacheForAllThreads: false
18:07:29.487 [main] DEBUG io.netty.buffer.PooledByteBufAllocator - -Dio.netty.allocator.maxCachedByteBuffersPerChunk: 1023
18:07:29.487 [main] DEBUG io.netty.buffer.ByteBufUtil - -Dio.netty.allocator.type: pooled
18:07:29.487 [main] DEBUG io.netty.buffer.ByteBufUtil - -Dio.netty.threadLocalDirectBufferSize: 0
18:07:29.487 [main] DEBUG io.netty.buffer.ByteBufUtil - -Dio.netty.maxThreadLocalCharBufferSize: 16384
18:07:29.488 [main] DEBUG io.netty.buffer.AbstractByteBuf - -Dio.netty.buffer.checkAccessible: true
18:07:29.488 [main] DEBUG io.netty.buffer.AbstractByteBuf - -Dio.netty.buffer.checkBounds: true
18:07:29.488 [main] DEBUG io.netty.util.ResourceLeakDetectorFactory - Loaded default ResourceLeakDetector: io.netty.util.ResourceLeakDetector@5
18:07:29.488 [main] DEBUG io.netty.util.internal.CleanerJava9 - java.nio.ByteBuffer.cleaner(): unavailable
java.lang.NoSuchMethodException: sun.misc.Unsafe.invokeCleaner(java.nio.ByteBuffer)
	at java.lang.Class.getDeclaredMethod(Class.java:2130)
	at io.netty.util.internal.CleanerJava9$1.run(CleanerJava9.java:45)
	at java.security.AccessController.doPrivileged(Native Method)
	at io.netty.util.internal.CleanerJava9.__STATIC_RESET(CleanerJava9.java:40)
	at sun.reflect.GeneratedMethodAccessor53.invoke(Unknown Source)
	at sun.reflect.DelegatingMethodAccessorImpl.invoke(DelegatingMethodAccessorImpl.java:43)
	at java.lang.reflect.Method.invoke(Method.java:498)
	at org.evosuite.runtime.classhandling.ClassResetter.reset(ClassResetter.java:159)
	at org.evosuite.runtime.classhandling.ClassStateSupport.resetClasses(ClassStateSupport.java:137)
	at io.netty.buffer.AbstractByteBufAllocator_ESTest_scaffolding.resetClasses(AbstractByteBufAllocator_ESTest_scaffolding.java:308)
	at io.netty.buffer.AbstractByteBufAllocator_ESTest_scaffolding.doneWithTestCase(AbstractByteBufAllocator_ESTest_scaffolding.java:68)
	at sun.reflect.GeneratedMethodAccessor9.invoke(Unknown Source)
	at sun.reflect.DelegatingMethodAccessorImpl.invoke(DelegatingMethodAccessorImpl.java:43)
	at java.lang.reflect.Method.invoke(Method.java:498)
	at org.junit.runners.model.FrameworkMethod$1.runReflectiveCall(FrameworkMethod.java:59)
	at org.junit.internal.runners.model.ReflectiveCallable.run(ReflectiveCallable.java:12)
	at org.junit.runners.model.FrameworkMethod.invokeExplosively(FrameworkMethod.java:56)
	at org.junit.internal.runners.statements.RunAfters.invokeMethod(RunAfters.java:46)
	at org.junit.internal.runners.statements.RunAfters.evaluate(RunAfters.java:33)
	at org.evosuite.runtime.vnet.NonFunctionalRequirementRule$1.evaluate(NonFunctionalRequirementRule.java:41)
	at org.junit.runners.ParentRunner$3.evaluate(ParentRunner.java:306)
	at org.junit.runners.BlockJUnit4ClassRunner$1.evaluate(BlockJUnit4ClassRunner.java:100)
	at org.junit.runners.ParentRunner.runLeaf(ParentRunner.java:366)
	at org.junit.runners.BlockJUnit4ClassRunner.runChild(BlockJUnit4ClassRunner.java:103)
	at org.junit.runners.BlockJUnit4ClassRunner.runChild(BlockJUnit4ClassRunner.java:63)
	at org.junit.runners.ParentRunner$4.run(ParentRunner.java:331)
	at org.junit.runners.ParentRunner$1.schedule(ParentRunner.java:79)
	at org.junit.runners.ParentRunner.runChildren(ParentRunner.java:329)
	at org.junit.runners.ParentRunner.access$100(ParentRunner.java:66)
	at org.junit.runners.ParentRunner$2.evaluate(ParentRunner.java:293)
	at org.junit.internal.runners.statements.RunBefores.evaluate(RunBefores.java:26)
	at org.junit.internal.runners.statements.RunAfters.evaluate(RunAfters.java:27)
	at org.junit.runners.ParentRunner$3.evaluate(ParentRunner.java:306)
	at org.junit.runners.ParentRunner.run(ParentRunner.java:413)
	at org.apache.maven.surefire.junit4.JUnit4Provider.execute(JUnit4Provider.java:316)
	at org.apache.maven.surefire.junit4.JUnit4Provider.executeWithRerun(JUnit4Provider.java:240)
	at org.apache.maven.surefire.junit4.JUnit4Provider.executeTestSet(JUnit4Provider.java:214)
	at org.apache.maven.surefire.junit4.JUnit4Provider.invoke(JUnit4Provider.java:155)
	at org.apache.maven.surefire.booter.ForkedBooter.runSuitesInProcess(ForkedBooter.java:385)
	at org.apache.maven.surefire.booter.ForkedBooter.execute(ForkedBooter.java:162)
	at org.apache.maven.surefire.booter.ForkedBooter.run(ForkedBooter.java:507)
	at org.apache.maven.surefire.booter.ForkedBooter.main(ForkedBooter.java:495)
18:07:29.489 [main] DEBUG io.netty.buffer.AdvancedLeakAwareByteBuf - -Dio.netty.leakDetection.acquireAndReleaseOnly: false
18:07:29.490 [main] DEBUG io.netty.util.Recycler - -Dio.netty.recycler.maxCapacityPerThread: 4096
18:07:29.490 [main] DEBUG io.netty.util.Recycler - -Dio.netty.recycler.ratio: 8
18:07:29.490 [main] DEBUG io.netty.util.Recycler - -Dio.netty.recycler.chunkSize: 32
18:07:29.490 [main] DEBUG io.netty.util.Recycler - -Dio.netty.recycler.blocking: false
18:07:29.490 [main] DEBUG io.netty.util.Recycler - -Dio.netty.recycler.batchFastThreadLocalOnly: true
18:07:29.490 [main] DEBUG io.netty.util.internal.PlatformDependent - org.jctools-core.MpscChunkedArrayQueue: available
]]></system-out>
  </testcase>
  <testcase name="test26" classname="io.netty.buffer.AbstractByteBufAllocator_ESTest" time="0.018">
    <system-out><![CDATA[18:07:29.497 [main] DEBUG io.netty.util.internal.logging.InternalLoggerFactory - Using SLF4J as the default logging framework
18:07:29.497 [main] DEBUG io.netty.util.ResourceLeakDetector - -Dio.netty.leakDetection.level: simple
18:07:29.497 [main] DEBUG io.netty.util.ResourceLeakDetector - -Dio.netty.leakDetection.targetRecords: 4
18:07:29.497 [main] DEBUG io.netty.util.internal.InternalThreadLocalMap - -Dio.netty.threadLocalMap.stringBuilder.initialSize: 1024
18:07:29.497 [main] DEBUG io.netty.util.internal.InternalThreadLocalMap - -Dio.netty.threadLocalMap.stringBuilder.maxSize: 4096
18:07:29.497 [main] DEBUG io.netty.util.internal.PlatformDependent0 - -Dio.netty.noUnsafe: false
18:07:29.497 [main] DEBUG io.netty.util.internal.PlatformDependent0 - Java version: 8
18:07:29.497 [main] DEBUG io.netty.util.internal.PlatformDependent0 - sun.misc.Unsafe.theUnsafe: available
18:07:29.498 [main] DEBUG io.netty.util.internal.PlatformDependent0 - sun.misc.Unsafe.copyMemory: available
18:07:29.498 [main] DEBUG io.netty.util.internal.PlatformDependent0 - sun.misc.Unsafe.storeFence: available
18:07:29.498 [main] DEBUG io.netty.util.internal.PlatformDependent0 - java.nio.Buffer.address: available
18:07:29.498 [main] DEBUG io.netty.util.internal.PlatformDependent0 - direct buffer constructor: available
18:07:29.498 [main] DEBUG io.netty.util.internal.PlatformDependent0 - java.nio.Bits.unaligned: available, true
18:07:29.498 [main] DEBUG io.netty.util.internal.PlatformDependent0 - jdk.internal.misc.Unsafe.allocateUninitializedArray(int): unavailable prior to Java9
18:07:29.498 [main] DEBUG io.netty.util.internal.PlatformDependent0 - java.nio.DirectByteBuffer.<init>(long, {int,long}): available
18:07:29.498 [main] DEBUG io.netty.util.internal.CleanerJava6 - java.nio.ByteBuffer.cleaner(): available
18:07:29.498 [main] DEBUG io.netty.util.internal.PlatformDependent - sun.misc.Unsafe: available
18:07:29.498 [main] DEBUG io.netty.util.internal.PlatformDependent - -Dio.netty.tmpdir: /tmp (java.io.tmpdir)
18:07:29.498 [main] DEBUG io.netty.util.internal.PlatformDependent - -Dio.netty.bitMode: 64 (sun.arch.data.model)
18:07:29.498 [main] DEBUG io.netty.util.internal.PlatformDependent - -Dio.netty.maxDirectMemory: 11420041216 bytes
18:07:29.498 [main] DEBUG io.netty.util.internal.PlatformDependent - -Dio.netty.uninitializedArrayAllocationThreshold: -1
18:07:29.498 [main] DEBUG io.netty.util.internal.PlatformDependent - -Dio.netty.noPreferDirect: false
18:07:29.499 [main] DEBUG io.netty.buffer.PooledByteBufAllocator - -Dio.netty.allocator.numHeapArenas: 0
18:07:29.499 [main] DEBUG io.netty.buffer.PooledByteBufAllocator - -Dio.netty.allocator.numDirectArenas: 2
18:07:29.499 [main] DEBUG io.netty.buffer.PooledByteBufAllocator - -Dio.netty.allocator.pageSize: 8192
18:07:29.499 [main] DEBUG io.netty.buffer.PooledByteBufAllocator - -Dio.netty.allocator.maxOrder: 9
18:07:29.499 [main] DEBUG io.netty.buffer.PooledByteBufAllocator - -Dio.netty.allocator.chunkSize: 4194304
18:07:29.499 [main] DEBUG io.netty.buffer.PooledByteBufAllocator - -Dio.netty.allocator.smallCacheSize: 256
18:07:29.499 [main] DEBUG io.netty.buffer.PooledByteBufAllocator - -Dio.netty.allocator.normalCacheSize: 64
18:07:29.499 [main] DEBUG io.netty.buffer.PooledByteBufAllocator - -Dio.netty.allocator.maxCachedBufferCapacity: 32768
18:07:29.499 [main] DEBUG io.netty.buffer.PooledByteBufAllocator - -Dio.netty.allocator.cacheTrimInterval: 8192
18:07:29.499 [main] DEBUG io.netty.buffer.PooledByteBufAllocator - -Dio.netty.allocator.cacheTrimIntervalMillis: 0
18:07:29.499 [main] DEBUG io.netty.buffer.PooledByteBufAllocator - -Dio.netty.allocator.useCacheForAllThreads: false
18:07:29.499 [main] DEBUG io.netty.buffer.PooledByteBufAllocator - -Dio.netty.allocator.maxCachedByteBuffersPerChunk: 1023
18:07:29.499 [main] DEBUG io.netty.buffer.ByteBufUtil - -Dio.netty.allocator.type: pooled
18:07:29.499 [main] DEBUG io.netty.buffer.ByteBufUtil - -Dio.netty.threadLocalDirectBufferSize: 0
18:07:29.499 [main] DEBUG io.netty.buffer.ByteBufUtil - -Dio.netty.maxThreadLocalCharBufferSize: 16384
18:07:29.500 [main] DEBUG io.netty.buffer.AbstractByteBuf - -Dio.netty.buffer.checkAccessible: true
18:07:29.500 [main] DEBUG io.netty.buffer.AbstractByteBuf - -Dio.netty.buffer.checkBounds: true
18:07:29.500 [main] DEBUG io.netty.util.ResourceLeakDetectorFactory - Loaded default ResourceLeakDetector: io.netty.util.ResourceLeakDetector@5
18:07:29.500 [main] DEBUG io.netty.util.internal.CleanerJava9 - java.nio.ByteBuffer.cleaner(): unavailable
java.lang.NoSuchMethodException: sun.misc.Unsafe.invokeCleaner(java.nio.ByteBuffer)
	at java.lang.Class.getDeclaredMethod(Class.java:2130)
	at io.netty.util.internal.CleanerJava9$1.run(CleanerJava9.java:45)
	at java.security.AccessController.doPrivileged(Native Method)
	at io.netty.util.internal.CleanerJava9.__STATIC_RESET(CleanerJava9.java:40)
	at sun.reflect.GeneratedMethodAccessor53.invoke(Unknown Source)
	at sun.reflect.DelegatingMethodAccessorImpl.invoke(DelegatingMethodAccessorImpl.java:43)
	at java.lang.reflect.Method.invoke(Method.java:498)
	at org.evosuite.runtime.classhandling.ClassResetter.reset(ClassResetter.java:159)
	at org.evosuite.runtime.classhandling.ClassStateSupport.resetClasses(ClassStateSupport.java:137)
	at io.netty.buffer.AbstractByteBufAllocator_ESTest_scaffolding.resetClasses(AbstractByteBufAllocator_ESTest_scaffolding.java:308)
	at io.netty.buffer.AbstractByteBufAllocator_ESTest_scaffolding.doneWithTestCase(AbstractByteBufAllocator_ESTest_scaffolding.java:68)
	at sun.reflect.GeneratedMethodAccessor9.invoke(Unknown Source)
	at sun.reflect.DelegatingMethodAccessorImpl.invoke(DelegatingMethodAccessorImpl.java:43)
	at java.lang.reflect.Method.invoke(Method.java:498)
	at org.junit.runners.model.FrameworkMethod$1.runReflectiveCall(FrameworkMethod.java:59)
	at org.junit.internal.runners.model.ReflectiveCallable.run(ReflectiveCallable.java:12)
	at org.junit.runners.model.FrameworkMethod.invokeExplosively(FrameworkMethod.java:56)
	at org.junit.internal.runners.statements.RunAfters.invokeMethod(RunAfters.java:46)
	at org.junit.internal.runners.statements.RunAfters.evaluate(RunAfters.java:33)
	at org.evosuite.runtime.vnet.NonFunctionalRequirementRule$1.evaluate(NonFunctionalRequirementRule.java:41)
	at org.junit.runners.ParentRunner$3.evaluate(ParentRunner.java:306)
	at org.junit.runners.BlockJUnit4ClassRunner$1.evaluate(BlockJUnit4ClassRunner.java:100)
	at org.junit.runners.ParentRunner.runLeaf(ParentRunner.java:366)
	at org.junit.runners.BlockJUnit4ClassRunner.runChild(BlockJUnit4ClassRunner.java:103)
	at org.junit.runners.BlockJUnit4ClassRunner.runChild(BlockJUnit4ClassRunner.java:63)
	at org.junit.runners.ParentRunner$4.run(ParentRunner.java:331)
	at org.junit.runners.ParentRunner$1.schedule(ParentRunner.java:79)
	at org.junit.runners.ParentRunner.runChildren(ParentRunner.java:329)
	at org.junit.runners.ParentRunner.access$100(ParentRunner.java:66)
	at org.junit.runners.ParentRunner$2.evaluate(ParentRunner.java:293)
	at org.junit.internal.runners.statements.RunBefores.evaluate(RunBefores.java:26)
	at org.junit.internal.runners.statements.RunAfters.evaluate(RunAfters.java:27)
	at org.junit.runners.ParentRunner$3.evaluate(ParentRunner.java:306)
	at org.junit.runners.ParentRunner.run(ParentRunner.java:413)
	at org.apache.maven.surefire.junit4.JUnit4Provider.execute(JUnit4Provider.java:316)
	at org.apache.maven.surefire.junit4.JUnit4Provider.executeWithRerun(JUnit4Provider.java:240)
	at org.apache.maven.surefire.junit4.JUnit4Provider.executeTestSet(JUnit4Provider.java:214)
	at org.apache.maven.surefire.junit4.JUnit4Provider.invoke(JUnit4Provider.java:155)
	at org.apache.maven.surefire.booter.ForkedBooter.runSuitesInProcess(ForkedBooter.java:385)
	at org.apache.maven.surefire.booter.ForkedBooter.execute(ForkedBooter.java:162)
	at org.apache.maven.surefire.booter.ForkedBooter.run(ForkedBooter.java:507)
	at org.apache.maven.surefire.booter.ForkedBooter.main(ForkedBooter.java:495)
18:07:29.501 [main] DEBUG io.netty.buffer.AdvancedLeakAwareByteBuf - -Dio.netty.leakDetection.acquireAndReleaseOnly: false
18:07:29.503 [main] DEBUG io.netty.util.Recycler - -Dio.netty.recycler.maxCapacityPerThread: 4096
18:07:29.503 [main] DEBUG io.netty.util.Recycler - -Dio.netty.recycler.ratio: 8
18:07:29.503 [main] DEBUG io.netty.util.Recycler - -Dio.netty.recycler.chunkSize: 32
18:07:29.503 [main] DEBUG io.netty.util.Recycler - -Dio.netty.recycler.blocking: false
18:07:29.503 [main] DEBUG io.netty.util.Recycler - -Dio.netty.recycler.batchFastThreadLocalOnly: true
18:07:29.503 [main] DEBUG io.netty.util.internal.PlatformDependent - org.jctools-core.MpscChunkedArrayQueue: available
]]></system-out>
  </testcase>
  <testcase name="test05" classname="io.netty.buffer.AbstractByteBufAllocator_ESTest" time="0.023">
    <system-out><![CDATA[18:07:29.524 [main] DEBUG io.netty.util.internal.logging.InternalLoggerFactory - Using SLF4J as the default logging framework
18:07:29.524 [main] DEBUG io.netty.util.ResourceLeakDetector - -Dio.netty.leakDetection.level: simple
18:07:29.524 [main] DEBUG io.netty.util.ResourceLeakDetector - -Dio.netty.leakDetection.targetRecords: 4
18:07:29.525 [main] DEBUG io.netty.util.internal.InternalThreadLocalMap - -Dio.netty.threadLocalMap.stringBuilder.initialSize: 1024
18:07:29.525 [main] DEBUG io.netty.util.internal.InternalThreadLocalMap - -Dio.netty.threadLocalMap.stringBuilder.maxSize: 4096
18:07:29.525 [main] DEBUG io.netty.util.internal.PlatformDependent0 - -Dio.netty.noUnsafe: false
18:07:29.525 [main] DEBUG io.netty.util.internal.PlatformDependent0 - Java version: 8
18:07:29.525 [main] DEBUG io.netty.util.internal.PlatformDependent0 - sun.misc.Unsafe.theUnsafe: available
18:07:29.525 [main] DEBUG io.netty.util.internal.PlatformDependent0 - sun.misc.Unsafe.copyMemory: available
18:07:29.525 [main] DEBUG io.netty.util.internal.PlatformDependent0 - sun.misc.Unsafe.storeFence: available
18:07:29.525 [main] DEBUG io.netty.util.internal.PlatformDependent0 - java.nio.Buffer.address: available
18:07:29.525 [main] DEBUG io.netty.util.internal.PlatformDependent0 - direct buffer constructor: available
18:07:29.525 [main] DEBUG io.netty.util.internal.PlatformDependent0 - java.nio.Bits.unaligned: available, true
18:07:29.525 [main] DEBUG io.netty.util.internal.PlatformDependent0 - jdk.internal.misc.Unsafe.allocateUninitializedArray(int): unavailable prior to Java9
18:07:29.525 [main] DEBUG io.netty.util.internal.PlatformDependent0 - java.nio.DirectByteBuffer.<init>(long, {int,long}): available
18:07:29.525 [main] DEBUG io.netty.util.internal.CleanerJava6 - java.nio.ByteBuffer.cleaner(): available
18:07:29.525 [main] DEBUG io.netty.util.internal.PlatformDependent - sun.misc.Unsafe: available
18:07:29.526 [main] DEBUG io.netty.util.internal.PlatformDependent - -Dio.netty.tmpdir: /tmp (java.io.tmpdir)
18:07:29.526 [main] DEBUG io.netty.util.internal.PlatformDependent - -Dio.netty.bitMode: 64 (sun.arch.data.model)
18:07:29.526 [main] DEBUG io.netty.util.internal.PlatformDependent - -Dio.netty.maxDirectMemory: 11420041216 bytes
18:07:29.526 [main] DEBUG io.netty.util.internal.PlatformDependent - -Dio.netty.uninitializedArrayAllocationThreshold: -1
18:07:29.526 [main] DEBUG io.netty.util.internal.PlatformDependent - -Dio.netty.noPreferDirect: false
18:07:29.526 [main] DEBUG io.netty.buffer.PooledByteBufAllocator - -Dio.netty.allocator.numHeapArenas: 0
18:07:29.526 [main] DEBUG io.netty.buffer.PooledByteBufAllocator - -Dio.netty.allocator.numDirectArenas: 2
18:07:29.526 [main] DEBUG io.netty.buffer.PooledByteBufAllocator - -Dio.netty.allocator.pageSize: 8192
18:07:29.526 [main] DEBUG io.netty.buffer.PooledByteBufAllocator - -Dio.netty.allocator.maxOrder: 9
18:07:29.526 [main] DEBUG io.netty.buffer.PooledByteBufAllocator - -Dio.netty.allocator.chunkSize: 4194304
18:07:29.526 [main] DEBUG io.netty.buffer.PooledByteBufAllocator - -Dio.netty.allocator.smallCacheSize: 256
18:07:29.526 [main] DEBUG io.netty.buffer.PooledByteBufAllocator - -Dio.netty.allocator.normalCacheSize: 64
18:07:29.526 [main] DEBUG io.netty.buffer.PooledByteBufAllocator - -Dio.netty.allocator.maxCachedBufferCapacity: 32768
18:07:29.526 [main] DEBUG io.netty.buffer.PooledByteBufAllocator - -Dio.netty.allocator.cacheTrimInterval: 8192
18:07:29.526 [main] DEBUG io.netty.buffer.PooledByteBufAllocator - -Dio.netty.allocator.cacheTrimIntervalMillis: 0
18:07:29.526 [main] DEBUG io.netty.buffer.PooledByteBufAllocator - -Dio.netty.allocator.useCacheForAllThreads: false
18:07:29.526 [main] DEBUG io.netty.buffer.PooledByteBufAllocator - -Dio.netty.allocator.maxCachedByteBuffersPerChunk: 1023
18:07:29.527 [main] DEBUG io.netty.buffer.ByteBufUtil - -Dio.netty.allocator.type: pooled
18:07:29.527 [main] DEBUG io.netty.buffer.ByteBufUtil - -Dio.netty.threadLocalDirectBufferSize: 0
18:07:29.527 [main] DEBUG io.netty.buffer.ByteBufUtil - -Dio.netty.maxThreadLocalCharBufferSize: 16384
18:07:29.527 [main] DEBUG io.netty.buffer.AbstractByteBuf - -Dio.netty.buffer.checkAccessible: true
18:07:29.527 [main] DEBUG io.netty.buffer.AbstractByteBuf - -Dio.netty.buffer.checkBounds: true
18:07:29.527 [main] DEBUG io.netty.util.ResourceLeakDetectorFactory - Loaded default ResourceLeakDetector: io.netty.util.ResourceLeakDetector@5
18:07:29.528 [main] DEBUG io.netty.util.internal.CleanerJava9 - java.nio.ByteBuffer.cleaner(): unavailable
java.lang.NoSuchMethodException: sun.misc.Unsafe.invokeCleaner(java.nio.ByteBuffer)
	at java.lang.Class.getDeclaredMethod(Class.java:2130)
	at io.netty.util.internal.CleanerJava9$1.run(CleanerJava9.java:45)
	at java.security.AccessController.doPrivileged(Native Method)
	at io.netty.util.internal.CleanerJava9.__STATIC_RESET(CleanerJava9.java:40)
	at sun.reflect.GeneratedMethodAccessor53.invoke(Unknown Source)
	at sun.reflect.DelegatingMethodAccessorImpl.invoke(DelegatingMethodAccessorImpl.java:43)
	at java.lang.reflect.Method.invoke(Method.java:498)
	at org.evosuite.runtime.classhandling.ClassResetter.reset(ClassResetter.java:159)
	at org.evosuite.runtime.classhandling.ClassStateSupport.resetClasses(ClassStateSupport.java:137)
	at io.netty.buffer.AbstractByteBufAllocator_ESTest_scaffolding.resetClasses(AbstractByteBufAllocator_ESTest_scaffolding.java:308)
	at io.netty.buffer.AbstractByteBufAllocator_ESTest_scaffolding.doneWithTestCase(AbstractByteBufAllocator_ESTest_scaffolding.java:68)
	at sun.reflect.GeneratedMethodAccessor9.invoke(Unknown Source)
	at sun.reflect.DelegatingMethodAccessorImpl.invoke(DelegatingMethodAccessorImpl.java:43)
	at java.lang.reflect.Method.invoke(Method.java:498)
	at org.junit.runners.model.FrameworkMethod$1.runReflectiveCall(FrameworkMethod.java:59)
	at org.junit.internal.runners.model.ReflectiveCallable.run(ReflectiveCallable.java:12)
	at org.junit.runners.model.FrameworkMethod.invokeExplosively(FrameworkMethod.java:56)
	at org.junit.internal.runners.statements.RunAfters.invokeMethod(RunAfters.java:46)
	at org.junit.internal.runners.statements.RunAfters.evaluate(RunAfters.java:33)
	at org.evosuite.runtime.vnet.NonFunctionalRequirementRule$1.evaluate(NonFunctionalRequirementRule.java:41)
	at org.junit.runners.ParentRunner$3.evaluate(ParentRunner.java:306)
	at org.junit.runners.BlockJUnit4ClassRunner$1.evaluate(BlockJUnit4ClassRunner.java:100)
	at org.junit.runners.ParentRunner.runLeaf(ParentRunner.java:366)
	at org.junit.runners.BlockJUnit4ClassRunner.runChild(BlockJUnit4ClassRunner.java:103)
	at org.junit.runners.BlockJUnit4ClassRunner.runChild(BlockJUnit4ClassRunner.java:63)
	at org.junit.runners.ParentRunner$4.run(ParentRunner.java:331)
	at org.junit.runners.ParentRunner$1.schedule(ParentRunner.java:79)
	at org.junit.runners.ParentRunner.runChildren(ParentRunner.java:329)
	at org.junit.runners.ParentRunner.access$100(ParentRunner.java:66)
	at org.junit.runners.ParentRunner$2.evaluate(ParentRunner.java:293)
	at org.junit.internal.runners.statements.RunBefores.evaluate(RunBefores.java:26)
	at org.junit.internal.runners.statements.RunAfters.evaluate(RunAfters.java:27)
	at org.junit.runners.ParentRunner$3.evaluate(ParentRunner.java:306)
	at org.junit.runners.ParentRunner.run(ParentRunner.java:413)
	at org.apache.maven.surefire.junit4.JUnit4Provider.execute(JUnit4Provider.java:316)
	at org.apache.maven.surefire.junit4.JUnit4Provider.executeWithRerun(JUnit4Provider.java:240)
	at org.apache.maven.surefire.junit4.JUnit4Provider.executeTestSet(JUnit4Provider.java:214)
	at org.apache.maven.surefire.junit4.JUnit4Provider.invoke(JUnit4Provider.java:155)
	at org.apache.maven.surefire.booter.ForkedBooter.runSuitesInProcess(ForkedBooter.java:385)
	at org.apache.maven.surefire.booter.ForkedBooter.execute(ForkedBooter.java:162)
	at org.apache.maven.surefire.booter.ForkedBooter.run(ForkedBooter.java:507)
	at org.apache.maven.surefire.booter.ForkedBooter.main(ForkedBooter.java:495)
18:07:29.528 [main] DEBUG io.netty.buffer.AdvancedLeakAwareByteBuf - -Dio.netty.leakDetection.acquireAndReleaseOnly: false
18:07:29.530 [main] DEBUG io.netty.util.Recycler - -Dio.netty.recycler.maxCapacityPerThread: 4096
18:07:29.530 [main] DEBUG io.netty.util.Recycler - -Dio.netty.recycler.ratio: 8
18:07:29.530 [main] DEBUG io.netty.util.Recycler - -Dio.netty.recycler.chunkSize: 32
18:07:29.530 [main] DEBUG io.netty.util.Recycler - -Dio.netty.recycler.blocking: false
18:07:29.530 [main] DEBUG io.netty.util.Recycler - -Dio.netty.recycler.batchFastThreadLocalOnly: true
18:07:29.530 [main] DEBUG io.netty.util.internal.PlatformDependent - org.jctools-core.MpscChunkedArrayQueue: available
]]></system-out>
  </testcase>
  <testcase name="test27" classname="io.netty.buffer.AbstractByteBufAllocator_ESTest" time="0.015">
    <system-out><![CDATA[18:07:29.536 [main] INFO org.evosuite.runtime.thread.ThreadStopper - Found new thread
18:07:29.536 [main] DEBUG io.netty.util.internal.logging.InternalLoggerFactory - Using SLF4J as the default logging framework
18:07:29.536 [main] DEBUG io.netty.util.ResourceLeakDetector - -Dio.netty.leakDetection.level: simple
18:07:29.536 [main] DEBUG io.netty.util.ResourceLeakDetector - -Dio.netty.leakDetection.targetRecords: 4
18:07:29.536 [main] DEBUG io.netty.util.internal.InternalThreadLocalMap - -Dio.netty.threadLocalMap.stringBuilder.initialSize: 1024
18:07:29.536 [main] DEBUG io.netty.util.internal.InternalThreadLocalMap - -Dio.netty.threadLocalMap.stringBuilder.maxSize: 4096
18:07:29.537 [main] DEBUG io.netty.util.internal.PlatformDependent0 - -Dio.netty.noUnsafe: false
18:07:29.537 [main] DEBUG io.netty.util.internal.PlatformDependent0 - Java version: 8
18:07:29.537 [main] DEBUG io.netty.util.internal.PlatformDependent0 - sun.misc.Unsafe.theUnsafe: available
18:07:29.537 [main] DEBUG io.netty.util.internal.PlatformDependent0 - sun.misc.Unsafe.copyMemory: available
18:07:29.537 [main] DEBUG io.netty.util.internal.PlatformDependent0 - sun.misc.Unsafe.storeFence: available
18:07:29.537 [main] DEBUG io.netty.util.internal.PlatformDependent0 - java.nio.Buffer.address: available
18:07:29.537 [main] DEBUG io.netty.util.internal.PlatformDependent0 - direct buffer constructor: available
18:07:29.537 [main] DEBUG io.netty.util.internal.PlatformDependent0 - java.nio.Bits.unaligned: available, true
18:07:29.537 [main] DEBUG io.netty.util.internal.PlatformDependent0 - jdk.internal.misc.Unsafe.allocateUninitializedArray(int): unavailable prior to Java9
18:07:29.537 [main] DEBUG io.netty.util.internal.PlatformDependent0 - java.nio.DirectByteBuffer.<init>(long, {int,long}): available
18:07:29.537 [main] DEBUG io.netty.util.internal.CleanerJava6 - java.nio.ByteBuffer.cleaner(): available
18:07:29.537 [main] DEBUG io.netty.util.internal.PlatformDependent - sun.misc.Unsafe: available
18:07:29.537 [main] DEBUG io.netty.util.internal.PlatformDependent - -Dio.netty.tmpdir: /tmp (java.io.tmpdir)
18:07:29.537 [main] DEBUG io.netty.util.internal.PlatformDependent - -Dio.netty.bitMode: 64 (sun.arch.data.model)
18:07:29.537 [main] DEBUG io.netty.util.internal.PlatformDependent - -Dio.netty.maxDirectMemory: 11420041216 bytes
18:07:29.537 [main] DEBUG io.netty.util.internal.PlatformDependent - -Dio.netty.uninitializedArrayAllocationThreshold: -1
18:07:29.537 [main] DEBUG io.netty.util.internal.PlatformDependent - -Dio.netty.noPreferDirect: false
18:07:29.538 [main] DEBUG io.netty.buffer.PooledByteBufAllocator - -Dio.netty.allocator.numHeapArenas: 0
18:07:29.538 [main] DEBUG io.netty.buffer.PooledByteBufAllocator - -Dio.netty.allocator.numDirectArenas: 2
18:07:29.538 [main] DEBUG io.netty.buffer.PooledByteBufAllocator - -Dio.netty.allocator.pageSize: 8192
18:07:29.538 [main] DEBUG io.netty.buffer.PooledByteBufAllocator - -Dio.netty.allocator.maxOrder: 9
18:07:29.538 [main] DEBUG io.netty.buffer.PooledByteBufAllocator - -Dio.netty.allocator.chunkSize: 4194304
18:07:29.538 [main] DEBUG io.netty.buffer.PooledByteBufAllocator - -Dio.netty.allocator.smallCacheSize: 256
18:07:29.538 [main] DEBUG io.netty.buffer.PooledByteBufAllocator - -Dio.netty.allocator.normalCacheSize: 64
18:07:29.538 [main] DEBUG io.netty.buffer.PooledByteBufAllocator - -Dio.netty.allocator.maxCachedBufferCapacity: 32768
18:07:29.538 [main] DEBUG io.netty.buffer.PooledByteBufAllocator - -Dio.netty.allocator.cacheTrimInterval: 8192
18:07:29.538 [main] DEBUG io.netty.buffer.PooledByteBufAllocator - -Dio.netty.allocator.cacheTrimIntervalMillis: 0
18:07:29.538 [main] DEBUG io.netty.buffer.PooledByteBufAllocator - -Dio.netty.allocator.useCacheForAllThreads: false
18:07:29.538 [main] DEBUG io.netty.buffer.PooledByteBufAllocator - -Dio.netty.allocator.maxCachedByteBuffersPerChunk: 1023
18:07:29.539 [main] DEBUG io.netty.buffer.ByteBufUtil - -Dio.netty.allocator.type: pooled
18:07:29.539 [main] DEBUG io.netty.buffer.ByteBufUtil - -Dio.netty.threadLocalDirectBufferSize: 0
18:07:29.539 [main] DEBUG io.netty.buffer.ByteBufUtil - -Dio.netty.maxThreadLocalCharBufferSize: 16384
18:07:29.539 [main] DEBUG io.netty.buffer.AbstractByteBuf - -Dio.netty.buffer.checkAccessible: true
18:07:29.539 [main] DEBUG io.netty.buffer.AbstractByteBuf - -Dio.netty.buffer.checkBounds: true
18:07:29.539 [main] DEBUG io.netty.util.ResourceLeakDetectorFactory - Loaded default ResourceLeakDetector: io.netty.util.ResourceLeakDetector@5
18:07:29.540 [main] DEBUG io.netty.util.internal.CleanerJava9 - java.nio.ByteBuffer.cleaner(): unavailable
java.lang.NoSuchMethodException: sun.misc.Unsafe.invokeCleaner(java.nio.ByteBuffer)
	at java.lang.Class.getDeclaredMethod(Class.java:2130)
	at io.netty.util.internal.CleanerJava9$1.run(CleanerJava9.java:45)
	at java.security.AccessController.doPrivileged(Native Method)
	at io.netty.util.internal.CleanerJava9.__STATIC_RESET(CleanerJava9.java:40)
	at sun.reflect.GeneratedMethodAccessor53.invoke(Unknown Source)
	at sun.reflect.DelegatingMethodAccessorImpl.invoke(DelegatingMethodAccessorImpl.java:43)
	at java.lang.reflect.Method.invoke(Method.java:498)
	at org.evosuite.runtime.classhandling.ClassResetter.reset(ClassResetter.java:159)
	at org.evosuite.runtime.classhandling.ClassStateSupport.resetClasses(ClassStateSupport.java:137)
	at io.netty.buffer.AbstractByteBufAllocator_ESTest_scaffolding.resetClasses(AbstractByteBufAllocator_ESTest_scaffolding.java:308)
	at io.netty.buffer.AbstractByteBufAllocator_ESTest_scaffolding.doneWithTestCase(AbstractByteBufAllocator_ESTest_scaffolding.java:68)
	at sun.reflect.GeneratedMethodAccessor9.invoke(Unknown Source)
	at sun.reflect.DelegatingMethodAccessorImpl.invoke(DelegatingMethodAccessorImpl.java:43)
	at java.lang.reflect.Method.invoke(Method.java:498)
	at org.junit.runners.model.FrameworkMethod$1.runReflectiveCall(FrameworkMethod.java:59)
	at org.junit.internal.runners.model.ReflectiveCallable.run(ReflectiveCallable.java:12)
	at org.junit.runners.model.FrameworkMethod.invokeExplosively(FrameworkMethod.java:56)
	at org.junit.internal.runners.statements.RunAfters.invokeMethod(RunAfters.java:46)
	at org.junit.internal.runners.statements.RunAfters.evaluate(RunAfters.java:33)
	at org.evosuite.runtime.vnet.NonFunctionalRequirementRule$1.evaluate(NonFunctionalRequirementRule.java:41)
	at org.junit.runners.ParentRunner$3.evaluate(ParentRunner.java:306)
	at org.junit.runners.BlockJUnit4ClassRunner$1.evaluate(BlockJUnit4ClassRunner.java:100)
	at org.junit.runners.ParentRunner.runLeaf(ParentRunner.java:366)
	at org.junit.runners.BlockJUnit4ClassRunner.runChild(BlockJUnit4ClassRunner.java:103)
	at org.junit.runners.BlockJUnit4ClassRunner.runChild(BlockJUnit4ClassRunner.java:63)
	at org.junit.runners.ParentRunner$4.run(ParentRunner.java:331)
	at org.junit.runners.ParentRunner$1.schedule(ParentRunner.java:79)
	at org.junit.runners.ParentRunner.runChildren(ParentRunner.java:329)
	at org.junit.runners.ParentRunner.access$100(ParentRunner.java:66)
	at org.junit.runners.ParentRunner$2.evaluate(ParentRunner.java:293)
	at org.junit.internal.runners.statements.RunBefores.evaluate(RunBefores.java:26)
	at org.junit.internal.runners.statements.RunAfters.evaluate(RunAfters.java:27)
	at org.junit.runners.ParentRunner$3.evaluate(ParentRunner.java:306)
	at org.junit.runners.ParentRunner.run(ParentRunner.java:413)
	at org.apache.maven.surefire.junit4.JUnit4Provider.execute(JUnit4Provider.java:316)
	at org.apache.maven.surefire.junit4.JUnit4Provider.executeWithRerun(JUnit4Provider.java:240)
	at org.apache.maven.surefire.junit4.JUnit4Provider.executeTestSet(JUnit4Provider.java:214)
	at org.apache.maven.surefire.junit4.JUnit4Provider.invoke(JUnit4Provider.java:155)
	at org.apache.maven.surefire.booter.ForkedBooter.runSuitesInProcess(ForkedBooter.java:385)
	at org.apache.maven.surefire.booter.ForkedBooter.execute(ForkedBooter.java:162)
	at org.apache.maven.surefire.booter.ForkedBooter.run(ForkedBooter.java:507)
	at org.apache.maven.surefire.booter.ForkedBooter.main(ForkedBooter.java:495)
18:07:29.540 [main] DEBUG io.netty.buffer.AdvancedLeakAwareByteBuf - -Dio.netty.leakDetection.acquireAndReleaseOnly: false
18:07:29.542 [main] DEBUG io.netty.util.Recycler - -Dio.netty.recycler.maxCapacityPerThread: 4096
18:07:29.542 [main] DEBUG io.netty.util.Recycler - -Dio.netty.recycler.ratio: 8
18:07:29.542 [main] DEBUG io.netty.util.Recycler - -Dio.netty.recycler.chunkSize: 32
18:07:29.542 [main] DEBUG io.netty.util.Recycler - -Dio.netty.recycler.blocking: false
18:07:29.542 [main] DEBUG io.netty.util.Recycler - -Dio.netty.recycler.batchFastThreadLocalOnly: true
18:07:29.542 [main] DEBUG io.netty.util.internal.PlatformDependent - org.jctools-core.MpscChunkedArrayQueue: available
]]></system-out>
  </testcase>
  <testcase name="test40" classname="io.netty.buffer.AbstractByteBufAllocator_ESTest" time="0.026">
    <system-out><![CDATA[18:07:29.550 [main] DEBUG io.netty.util.internal.logging.InternalLoggerFactory - Using SLF4J as the default logging framework
18:07:29.550 [main] DEBUG io.netty.util.ResourceLeakDetector - -Dio.netty.leakDetection.level: simple
18:07:29.550 [main] DEBUG io.netty.util.ResourceLeakDetector - -Dio.netty.leakDetection.targetRecords: 4
18:07:29.551 [main] DEBUG io.netty.util.internal.InternalThreadLocalMap - -Dio.netty.threadLocalMap.stringBuilder.initialSize: 1024
18:07:29.551 [main] DEBUG io.netty.util.internal.InternalThreadLocalMap - -Dio.netty.threadLocalMap.stringBuilder.maxSize: 4096
18:07:29.551 [main] DEBUG io.netty.util.internal.PlatformDependent0 - -Dio.netty.noUnsafe: false
18:07:29.551 [main] DEBUG io.netty.util.internal.PlatformDependent0 - Java version: 8
18:07:29.551 [main] DEBUG io.netty.util.internal.PlatformDependent0 - sun.misc.Unsafe.theUnsafe: available
18:07:29.551 [main] DEBUG io.netty.util.internal.PlatformDependent0 - sun.misc.Unsafe.copyMemory: available
18:07:29.551 [main] DEBUG io.netty.util.internal.PlatformDependent0 - sun.misc.Unsafe.storeFence: available
18:07:29.551 [main] DEBUG io.netty.util.internal.PlatformDependent0 - java.nio.Buffer.address: available
18:07:29.551 [main] DEBUG io.netty.util.internal.PlatformDependent0 - direct buffer constructor: available
18:07:29.551 [main] DEBUG io.netty.util.internal.PlatformDependent0 - java.nio.Bits.unaligned: available, true
18:07:29.551 [main] DEBUG io.netty.util.internal.PlatformDependent0 - jdk.internal.misc.Unsafe.allocateUninitializedArray(int): unavailable prior to Java9
18:07:29.551 [main] DEBUG io.netty.util.internal.PlatformDependent0 - java.nio.DirectByteBuffer.<init>(long, {int,long}): available
18:07:29.551 [main] DEBUG io.netty.util.internal.CleanerJava6 - java.nio.ByteBuffer.cleaner(): available
18:07:29.551 [main] DEBUG io.netty.util.internal.PlatformDependent - sun.misc.Unsafe: available
18:07:29.551 [main] DEBUG io.netty.util.internal.PlatformDependent - -Dio.netty.tmpdir: /tmp (java.io.tmpdir)
18:07:29.551 [main] DEBUG io.netty.util.internal.PlatformDependent - -Dio.netty.bitMode: 64 (sun.arch.data.model)
18:07:29.552 [main] DEBUG io.netty.util.internal.PlatformDependent - -Dio.netty.maxDirectMemory: 11420041216 bytes
18:07:29.552 [main] DEBUG io.netty.util.internal.PlatformDependent - -Dio.netty.uninitializedArrayAllocationThreshold: -1
18:07:29.552 [main] DEBUG io.netty.util.internal.PlatformDependent - -Dio.netty.noPreferDirect: false
18:07:29.552 [main] DEBUG io.netty.buffer.PooledByteBufAllocator - -Dio.netty.allocator.numHeapArenas: 0
18:07:29.552 [main] DEBUG io.netty.buffer.PooledByteBufAllocator - -Dio.netty.allocator.numDirectArenas: 2
18:07:29.552 [main] DEBUG io.netty.buffer.PooledByteBufAllocator - -Dio.netty.allocator.pageSize: 8192
18:07:29.552 [main] DEBUG io.netty.buffer.PooledByteBufAllocator - -Dio.netty.allocator.maxOrder: 9
18:07:29.552 [main] DEBUG io.netty.buffer.PooledByteBufAllocator - -Dio.netty.allocator.chunkSize: 4194304
18:07:29.552 [main] DEBUG io.netty.buffer.PooledByteBufAllocator - -Dio.netty.allocator.smallCacheSize: 256
18:07:29.552 [main] DEBUG io.netty.buffer.PooledByteBufAllocator - -Dio.netty.allocator.normalCacheSize: 64
18:07:29.552 [main] DEBUG io.netty.buffer.PooledByteBufAllocator - -Dio.netty.allocator.maxCachedBufferCapacity: 32768
18:07:29.552 [main] DEBUG io.netty.buffer.PooledByteBufAllocator - -Dio.netty.allocator.cacheTrimInterval: 8192
18:07:29.552 [main] DEBUG io.netty.buffer.PooledByteBufAllocator - -Dio.netty.allocator.cacheTrimIntervalMillis: 0
18:07:29.552 [main] DEBUG io.netty.buffer.PooledByteBufAllocator - -Dio.netty.allocator.useCacheForAllThreads: false
18:07:29.552 [main] DEBUG io.netty.buffer.PooledByteBufAllocator - -Dio.netty.allocator.maxCachedByteBuffersPerChunk: 1023
18:07:29.553 [main] DEBUG io.netty.buffer.ByteBufUtil - -Dio.netty.allocator.type: pooled
18:07:29.553 [main] DEBUG io.netty.buffer.ByteBufUtil - -Dio.netty.threadLocalDirectBufferSize: 0
18:07:29.553 [main] DEBUG io.netty.buffer.ByteBufUtil - -Dio.netty.maxThreadLocalCharBufferSize: 16384
18:07:29.553 [main] DEBUG io.netty.buffer.AbstractByteBuf - -Dio.netty.buffer.checkAccessible: true
18:07:29.553 [main] DEBUG io.netty.buffer.AbstractByteBuf - -Dio.netty.buffer.checkBounds: true
18:07:29.553 [main] DEBUG io.netty.util.ResourceLeakDetectorFactory - Loaded default ResourceLeakDetector: io.netty.util.ResourceLeakDetector@5
18:07:29.553 [main] DEBUG io.netty.util.internal.CleanerJava9 - java.nio.ByteBuffer.cleaner(): unavailable
java.lang.NoSuchMethodException: sun.misc.Unsafe.invokeCleaner(java.nio.ByteBuffer)
	at java.lang.Class.getDeclaredMethod(Class.java:2130)
	at io.netty.util.internal.CleanerJava9$1.run(CleanerJava9.java:45)
	at java.security.AccessController.doPrivileged(Native Method)
	at io.netty.util.internal.CleanerJava9.__STATIC_RESET(CleanerJava9.java:40)
	at sun.reflect.GeneratedMethodAccessor53.invoke(Unknown Source)
	at sun.reflect.DelegatingMethodAccessorImpl.invoke(DelegatingMethodAccessorImpl.java:43)
	at java.lang.reflect.Method.invoke(Method.java:498)
	at org.evosuite.runtime.classhandling.ClassResetter.reset(ClassResetter.java:159)
	at org.evosuite.runtime.classhandling.ClassStateSupport.resetClasses(ClassStateSupport.java:137)
	at io.netty.buffer.AbstractByteBufAllocator_ESTest_scaffolding.resetClasses(AbstractByteBufAllocator_ESTest_scaffolding.java:308)
	at io.netty.buffer.AbstractByteBufAllocator_ESTest_scaffolding.doneWithTestCase(AbstractByteBufAllocator_ESTest_scaffolding.java:68)
	at sun.reflect.GeneratedMethodAccessor9.invoke(Unknown Source)
	at sun.reflect.DelegatingMethodAccessorImpl.invoke(DelegatingMethodAccessorImpl.java:43)
	at java.lang.reflect.Method.invoke(Method.java:498)
	at org.junit.runners.model.FrameworkMethod$1.runReflectiveCall(FrameworkMethod.java:59)
	at org.junit.internal.runners.model.ReflectiveCallable.run(ReflectiveCallable.java:12)
	at org.junit.runners.model.FrameworkMethod.invokeExplosively(FrameworkMethod.java:56)
	at org.junit.internal.runners.statements.RunAfters.invokeMethod(RunAfters.java:46)
	at org.junit.internal.runners.statements.RunAfters.evaluate(RunAfters.java:33)
	at org.evosuite.runtime.vnet.NonFunctionalRequirementRule$1.evaluate(NonFunctionalRequirementRule.java:41)
	at org.junit.runners.ParentRunner$3.evaluate(ParentRunner.java:306)
	at org.junit.runners.BlockJUnit4ClassRunner$1.evaluate(BlockJUnit4ClassRunner.java:100)
	at org.junit.runners.ParentRunner.runLeaf(ParentRunner.java:366)
	at org.junit.runners.BlockJUnit4ClassRunner.runChild(BlockJUnit4ClassRunner.java:103)
	at org.junit.runners.BlockJUnit4ClassRunner.runChild(BlockJUnit4ClassRunner.java:63)
	at org.junit.runners.ParentRunner$4.run(ParentRunner.java:331)
	at org.junit.runners.ParentRunner$1.schedule(ParentRunner.java:79)
	at org.junit.runners.ParentRunner.runChildren(ParentRunner.java:329)
	at org.junit.runners.ParentRunner.access$100(ParentRunner.java:66)
	at org.junit.runners.ParentRunner$2.evaluate(ParentRunner.java:293)
	at org.junit.internal.runners.statements.RunBefores.evaluate(RunBefores.java:26)
	at org.junit.internal.runners.statements.RunAfters.evaluate(RunAfters.java:27)
	at org.junit.runners.ParentRunner$3.evaluate(ParentRunner.java:306)
	at org.junit.runners.ParentRunner.run(ParentRunner.java:413)
	at org.apache.maven.surefire.junit4.JUnit4Provider.execute(JUnit4Provider.java:316)
	at org.apache.maven.surefire.junit4.JUnit4Provider.executeWithRerun(JUnit4Provider.java:240)
	at org.apache.maven.surefire.junit4.JUnit4Provider.executeTestSet(JUnit4Provider.java:214)
	at org.apache.maven.surefire.junit4.JUnit4Provider.invoke(JUnit4Provider.java:155)
	at org.apache.maven.surefire.booter.ForkedBooter.runSuitesInProcess(ForkedBooter.java:385)
	at org.apache.maven.surefire.booter.ForkedBooter.execute(ForkedBooter.java:162)
	at org.apache.maven.surefire.booter.ForkedBooter.run(ForkedBooter.java:507)
	at org.apache.maven.surefire.booter.ForkedBooter.main(ForkedBooter.java:495)
18:07:29.554 [main] DEBUG io.netty.buffer.AdvancedLeakAwareByteBuf - -Dio.netty.leakDetection.acquireAndReleaseOnly: false
18:07:29.556 [main] DEBUG io.netty.util.Recycler - -Dio.netty.recycler.maxCapacityPerThread: 4096
18:07:29.556 [main] DEBUG io.netty.util.Recycler - -Dio.netty.recycler.ratio: 8
18:07:29.556 [main] DEBUG io.netty.util.Recycler - -Dio.netty.recycler.chunkSize: 32
18:07:29.556 [main] DEBUG io.netty.util.Recycler - -Dio.netty.recycler.blocking: false
18:07:29.556 [main] DEBUG io.netty.util.Recycler - -Dio.netty.recycler.batchFastThreadLocalOnly: true
18:07:29.556 [main] DEBUG io.netty.util.internal.PlatformDependent - org.jctools-core.MpscChunkedArrayQueue: available
]]></system-out>
  </testcase>
  <testcase name="test41" classname="io.netty.buffer.AbstractByteBufAllocator_ESTest" time="0.03">
    <system-out><![CDATA[18:07:29.562 [main] DEBUG io.netty.util.internal.logging.InternalLoggerFactory - Using SLF4J as the default logging framework
18:07:29.563 [main] DEBUG io.netty.util.ResourceLeakDetector - -Dio.netty.leakDetection.level: simple
18:07:29.563 [main] DEBUG io.netty.util.ResourceLeakDetector - -Dio.netty.leakDetection.targetRecords: 4
18:07:29.563 [main] DEBUG io.netty.util.internal.InternalThreadLocalMap - -Dio.netty.threadLocalMap.stringBuilder.initialSize: 1024
18:07:29.563 [main] DEBUG io.netty.util.internal.InternalThreadLocalMap - -Dio.netty.threadLocalMap.stringBuilder.maxSize: 4096
18:07:29.563 [main] DEBUG io.netty.util.internal.PlatformDependent0 - -Dio.netty.noUnsafe: false
18:07:29.563 [main] DEBUG io.netty.util.internal.PlatformDependent0 - Java version: 8
18:07:29.563 [main] DEBUG io.netty.util.internal.PlatformDependent0 - sun.misc.Unsafe.theUnsafe: available
18:07:29.563 [main] DEBUG io.netty.util.internal.PlatformDependent0 - sun.misc.Unsafe.copyMemory: available
18:07:29.563 [main] DEBUG io.netty.util.internal.PlatformDependent0 - sun.misc.Unsafe.storeFence: available
18:07:29.563 [main] DEBUG io.netty.util.internal.PlatformDependent0 - java.nio.Buffer.address: available
18:07:29.563 [main] DEBUG io.netty.util.internal.PlatformDependent0 - direct buffer constructor: available
18:07:29.563 [main] DEBUG io.netty.util.internal.PlatformDependent0 - java.nio.Bits.unaligned: available, true
18:07:29.563 [main] DEBUG io.netty.util.internal.PlatformDependent0 - jdk.internal.misc.Unsafe.allocateUninitializedArray(int): unavailable prior to Java9
18:07:29.563 [main] DEBUG io.netty.util.internal.PlatformDependent0 - java.nio.DirectByteBuffer.<init>(long, {int,long}): available
18:07:29.563 [main] DEBUG io.netty.util.internal.CleanerJava6 - java.nio.ByteBuffer.cleaner(): available
18:07:29.564 [main] DEBUG io.netty.util.internal.PlatformDependent - sun.misc.Unsafe: available
18:07:29.564 [main] DEBUG io.netty.util.internal.PlatformDependent - -Dio.netty.tmpdir: /tmp (java.io.tmpdir)
18:07:29.564 [main] DEBUG io.netty.util.internal.PlatformDependent - -Dio.netty.bitMode: 64 (sun.arch.data.model)
18:07:29.564 [main] DEBUG io.netty.util.internal.PlatformDependent - -Dio.netty.maxDirectMemory: 11420041216 bytes
18:07:29.564 [main] DEBUG io.netty.util.internal.PlatformDependent - -Dio.netty.uninitializedArrayAllocationThreshold: -1
18:07:29.564 [main] DEBUG io.netty.util.internal.PlatformDependent - -Dio.netty.noPreferDirect: false
18:07:29.564 [main] DEBUG io.netty.buffer.PooledByteBufAllocator - -Dio.netty.allocator.numHeapArenas: 0
18:07:29.564 [main] DEBUG io.netty.buffer.PooledByteBufAllocator - -Dio.netty.allocator.numDirectArenas: 2
18:07:29.564 [main] DEBUG io.netty.buffer.PooledByteBufAllocator - -Dio.netty.allocator.pageSize: 8192
18:07:29.564 [main] DEBUG io.netty.buffer.PooledByteBufAllocator - -Dio.netty.allocator.maxOrder: 9
18:07:29.564 [main] DEBUG io.netty.buffer.PooledByteBufAllocator - -Dio.netty.allocator.chunkSize: 4194304
18:07:29.564 [main] DEBUG io.netty.buffer.PooledByteBufAllocator - -Dio.netty.allocator.smallCacheSize: 256
18:07:29.564 [main] DEBUG io.netty.buffer.PooledByteBufAllocator - -Dio.netty.allocator.normalCacheSize: 64
18:07:29.564 [main] DEBUG io.netty.buffer.PooledByteBufAllocator - -Dio.netty.allocator.maxCachedBufferCapacity: 32768
18:07:29.564 [main] DEBUG io.netty.buffer.PooledByteBufAllocator - -Dio.netty.allocator.cacheTrimInterval: 8192
18:07:29.564 [main] DEBUG io.netty.buffer.PooledByteBufAllocator - -Dio.netty.allocator.cacheTrimIntervalMillis: 0
18:07:29.564 [main] DEBUG io.netty.buffer.PooledByteBufAllocator - -Dio.netty.allocator.useCacheForAllThreads: false
18:07:29.564 [main] DEBUG io.netty.buffer.PooledByteBufAllocator - -Dio.netty.allocator.maxCachedByteBuffersPerChunk: 1023
18:07:29.565 [main] DEBUG io.netty.buffer.ByteBufUtil - -Dio.netty.allocator.type: pooled
18:07:29.565 [main] DEBUG io.netty.buffer.ByteBufUtil - -Dio.netty.threadLocalDirectBufferSize: 0
18:07:29.565 [main] DEBUG io.netty.buffer.ByteBufUtil - -Dio.netty.maxThreadLocalCharBufferSize: 16384
18:07:29.565 [main] DEBUG io.netty.buffer.AbstractByteBuf - -Dio.netty.buffer.checkAccessible: true
18:07:29.565 [main] DEBUG io.netty.buffer.AbstractByteBuf - -Dio.netty.buffer.checkBounds: true
18:07:29.565 [main] DEBUG io.netty.util.ResourceLeakDetectorFactory - Loaded default ResourceLeakDetector: io.netty.util.ResourceLeakDetector@5
18:07:29.566 [main] DEBUG io.netty.util.internal.CleanerJava9 - java.nio.ByteBuffer.cleaner(): unavailable
java.lang.NoSuchMethodException: sun.misc.Unsafe.invokeCleaner(java.nio.ByteBuffer)
	at java.lang.Class.getDeclaredMethod(Class.java:2130)
	at io.netty.util.internal.CleanerJava9$1.run(CleanerJava9.java:45)
	at java.security.AccessController.doPrivileged(Native Method)
	at io.netty.util.internal.CleanerJava9.__STATIC_RESET(CleanerJava9.java:40)
	at sun.reflect.GeneratedMethodAccessor53.invoke(Unknown Source)
	at sun.reflect.DelegatingMethodAccessorImpl.invoke(DelegatingMethodAccessorImpl.java:43)
	at java.lang.reflect.Method.invoke(Method.java:498)
	at org.evosuite.runtime.classhandling.ClassResetter.reset(ClassResetter.java:159)
	at org.evosuite.runtime.classhandling.ClassStateSupport.resetClasses(ClassStateSupport.java:137)
	at io.netty.buffer.AbstractByteBufAllocator_ESTest_scaffolding.resetClasses(AbstractByteBufAllocator_ESTest_scaffolding.java:308)
	at io.netty.buffer.AbstractByteBufAllocator_ESTest_scaffolding.doneWithTestCase(AbstractByteBufAllocator_ESTest_scaffolding.java:68)
	at sun.reflect.GeneratedMethodAccessor9.invoke(Unknown Source)
	at sun.reflect.DelegatingMethodAccessorImpl.invoke(DelegatingMethodAccessorImpl.java:43)
	at java.lang.reflect.Method.invoke(Method.java:498)
	at org.junit.runners.model.FrameworkMethod$1.runReflectiveCall(FrameworkMethod.java:59)
	at org.junit.internal.runners.model.ReflectiveCallable.run(ReflectiveCallable.java:12)
	at org.junit.runners.model.FrameworkMethod.invokeExplosively(FrameworkMethod.java:56)
	at org.junit.internal.runners.statements.RunAfters.invokeMethod(RunAfters.java:46)
	at org.junit.internal.runners.statements.RunAfters.evaluate(RunAfters.java:33)
	at org.evosuite.runtime.vnet.NonFunctionalRequirementRule$1.evaluate(NonFunctionalRequirementRule.java:41)
	at org.junit.runners.ParentRunner$3.evaluate(ParentRunner.java:306)
	at org.junit.runners.BlockJUnit4ClassRunner$1.evaluate(BlockJUnit4ClassRunner.java:100)
	at org.junit.runners.ParentRunner.runLeaf(ParentRunner.java:366)
	at org.junit.runners.BlockJUnit4ClassRunner.runChild(BlockJUnit4ClassRunner.java:103)
	at org.junit.runners.BlockJUnit4ClassRunner.runChild(BlockJUnit4ClassRunner.java:63)
	at org.junit.runners.ParentRunner$4.run(ParentRunner.java:331)
	at org.junit.runners.ParentRunner$1.schedule(ParentRunner.java:79)
	at org.junit.runners.ParentRunner.runChildren(ParentRunner.java:329)
	at org.junit.runners.ParentRunner.access$100(ParentRunner.java:66)
	at org.junit.runners.ParentRunner$2.evaluate(ParentRunner.java:293)
	at org.junit.internal.runners.statements.RunBefores.evaluate(RunBefores.java:26)
	at org.junit.internal.runners.statements.RunAfters.evaluate(RunAfters.java:27)
	at org.junit.runners.ParentRunner$3.evaluate(ParentRunner.java:306)
	at org.junit.runners.ParentRunner.run(ParentRunner.java:413)
	at org.apache.maven.surefire.junit4.JUnit4Provider.execute(JUnit4Provider.java:316)
	at org.apache.maven.surefire.junit4.JUnit4Provider.executeWithRerun(JUnit4Provider.java:240)
	at org.apache.maven.surefire.junit4.JUnit4Provider.executeTestSet(JUnit4Provider.java:214)
	at org.apache.maven.surefire.junit4.JUnit4Provider.invoke(JUnit4Provider.java:155)
	at org.apache.maven.surefire.booter.ForkedBooter.runSuitesInProcess(ForkedBooter.java:385)
	at org.apache.maven.surefire.booter.ForkedBooter.execute(ForkedBooter.java:162)
	at org.apache.maven.surefire.booter.ForkedBooter.run(ForkedBooter.java:507)
	at org.apache.maven.surefire.booter.ForkedBooter.main(ForkedBooter.java:495)
18:07:29.566 [main] DEBUG io.netty.buffer.AdvancedLeakAwareByteBuf - -Dio.netty.leakDetection.acquireAndReleaseOnly: false
18:07:29.568 [main] DEBUG io.netty.util.Recycler - -Dio.netty.recycler.maxCapacityPerThread: 4096
18:07:29.568 [main] DEBUG io.netty.util.Recycler - -Dio.netty.recycler.ratio: 8
18:07:29.568 [main] DEBUG io.netty.util.Recycler - -Dio.netty.recycler.chunkSize: 32
18:07:29.568 [main] DEBUG io.netty.util.Recycler - -Dio.netty.recycler.blocking: false
18:07:29.568 [main] DEBUG io.netty.util.Recycler - -Dio.netty.recycler.batchFastThreadLocalOnly: true
18:07:29.568 [main] DEBUG io.netty.util.internal.PlatformDependent - org.jctools-core.MpscChunkedArrayQueue: available
]]></system-out>
  </testcase>
  <testcase name="test17" classname="io.netty.buffer.AbstractByteBufAllocator_ESTest" time="0.008">
    <system-out><![CDATA[18:07:29.574 [main] DEBUG io.netty.util.internal.logging.InternalLoggerFactory - Using SLF4J as the default logging framework
18:07:29.574 [main] DEBUG io.netty.util.ResourceLeakDetector - -Dio.netty.leakDetection.level: simple
18:07:29.574 [main] DEBUG io.netty.util.ResourceLeakDetector - -Dio.netty.leakDetection.targetRecords: 4
18:07:29.575 [main] DEBUG io.netty.util.internal.InternalThreadLocalMap - -Dio.netty.threadLocalMap.stringBuilder.initialSize: 1024
18:07:29.575 [main] DEBUG io.netty.util.internal.InternalThreadLocalMap - -Dio.netty.threadLocalMap.stringBuilder.maxSize: 4096
18:07:29.575 [main] DEBUG io.netty.util.internal.PlatformDependent0 - -Dio.netty.noUnsafe: false
18:07:29.575 [main] DEBUG io.netty.util.internal.PlatformDependent0 - Java version: 8
18:07:29.575 [main] DEBUG io.netty.util.internal.PlatformDependent0 - sun.misc.Unsafe.theUnsafe: available
18:07:29.575 [main] DEBUG io.netty.util.internal.PlatformDependent0 - sun.misc.Unsafe.copyMemory: available
18:07:29.575 [main] DEBUG io.netty.util.internal.PlatformDependent0 - sun.misc.Unsafe.storeFence: available
18:07:29.575 [main] DEBUG io.netty.util.internal.PlatformDependent0 - java.nio.Buffer.address: available
18:07:29.575 [main] DEBUG io.netty.util.internal.PlatformDependent0 - direct buffer constructor: available
18:07:29.575 [main] DEBUG io.netty.util.internal.PlatformDependent0 - java.nio.Bits.unaligned: available, true
18:07:29.575 [main] DEBUG io.netty.util.internal.PlatformDependent0 - jdk.internal.misc.Unsafe.allocateUninitializedArray(int): unavailable prior to Java9
18:07:29.575 [main] DEBUG io.netty.util.internal.PlatformDependent0 - java.nio.DirectByteBuffer.<init>(long, {int,long}): available
18:07:29.575 [main] DEBUG io.netty.util.internal.CleanerJava6 - java.nio.ByteBuffer.cleaner(): available
18:07:29.575 [main] DEBUG io.netty.util.internal.PlatformDependent - sun.misc.Unsafe: available
18:07:29.575 [main] DEBUG io.netty.util.internal.PlatformDependent - -Dio.netty.tmpdir: /tmp (java.io.tmpdir)
18:07:29.575 [main] DEBUG io.netty.util.internal.PlatformDependent - -Dio.netty.bitMode: 64 (sun.arch.data.model)
18:07:29.576 [main] DEBUG io.netty.util.internal.PlatformDependent - -Dio.netty.maxDirectMemory: 11420041216 bytes
18:07:29.576 [main] DEBUG io.netty.util.internal.PlatformDependent - -Dio.netty.uninitializedArrayAllocationThreshold: -1
18:07:29.576 [main] DEBUG io.netty.util.internal.PlatformDependent - -Dio.netty.noPreferDirect: false
18:07:29.576 [main] DEBUG io.netty.buffer.PooledByteBufAllocator - -Dio.netty.allocator.numHeapArenas: 0
18:07:29.576 [main] DEBUG io.netty.buffer.PooledByteBufAllocator - -Dio.netty.allocator.numDirectArenas: 2
18:07:29.576 [main] DEBUG io.netty.buffer.PooledByteBufAllocator - -Dio.netty.allocator.pageSize: 8192
18:07:29.576 [main] DEBUG io.netty.buffer.PooledByteBufAllocator - -Dio.netty.allocator.maxOrder: 9
18:07:29.576 [main] DEBUG io.netty.buffer.PooledByteBufAllocator - -Dio.netty.allocator.chunkSize: 4194304
18:07:29.576 [main] DEBUG io.netty.buffer.PooledByteBufAllocator - -Dio.netty.allocator.smallCacheSize: 256
18:07:29.576 [main] DEBUG io.netty.buffer.PooledByteBufAllocator - -Dio.netty.allocator.normalCacheSize: 64
18:07:29.576 [main] DEBUG io.netty.buffer.PooledByteBufAllocator - -Dio.netty.allocator.maxCachedBufferCapacity: 32768
18:07:29.576 [main] DEBUG io.netty.buffer.PooledByteBufAllocator - -Dio.netty.allocator.cacheTrimInterval: 8192
18:07:29.576 [main] DEBUG io.netty.buffer.PooledByteBufAllocator - -Dio.netty.allocator.cacheTrimIntervalMillis: 0
18:07:29.576 [main] DEBUG io.netty.buffer.PooledByteBufAllocator - -Dio.netty.allocator.useCacheForAllThreads: false
18:07:29.576 [main] DEBUG io.netty.buffer.PooledByteBufAllocator - -Dio.netty.allocator.maxCachedByteBuffersPerChunk: 1023
18:07:29.577 [main] DEBUG io.netty.buffer.ByteBufUtil - -Dio.netty.allocator.type: pooled
18:07:29.577 [main] DEBUG io.netty.buffer.ByteBufUtil - -Dio.netty.threadLocalDirectBufferSize: 0
18:07:29.577 [main] DEBUG io.netty.buffer.ByteBufUtil - -Dio.netty.maxThreadLocalCharBufferSize: 16384
18:07:29.577 [main] DEBUG io.netty.buffer.AbstractByteBuf - -Dio.netty.buffer.checkAccessible: true
18:07:29.577 [main] DEBUG io.netty.buffer.AbstractByteBuf - -Dio.netty.buffer.checkBounds: true
18:07:29.577 [main] DEBUG io.netty.util.ResourceLeakDetectorFactory - Loaded default ResourceLeakDetector: io.netty.util.ResourceLeakDetector@5
18:07:29.577 [main] DEBUG io.netty.util.internal.CleanerJava9 - java.nio.ByteBuffer.cleaner(): unavailable
java.lang.NoSuchMethodException: sun.misc.Unsafe.invokeCleaner(java.nio.ByteBuffer)
	at java.lang.Class.getDeclaredMethod(Class.java:2130)
	at io.netty.util.internal.CleanerJava9$1.run(CleanerJava9.java:45)
	at java.security.AccessController.doPrivileged(Native Method)
	at io.netty.util.internal.CleanerJava9.__STATIC_RESET(CleanerJava9.java:40)
	at sun.reflect.GeneratedMethodAccessor53.invoke(Unknown Source)
	at sun.reflect.DelegatingMethodAccessorImpl.invoke(DelegatingMethodAccessorImpl.java:43)
	at java.lang.reflect.Method.invoke(Method.java:498)
	at org.evosuite.runtime.classhandling.ClassResetter.reset(ClassResetter.java:159)
	at org.evosuite.runtime.classhandling.ClassStateSupport.resetClasses(ClassStateSupport.java:137)
	at io.netty.buffer.AbstractByteBufAllocator_ESTest_scaffolding.resetClasses(AbstractByteBufAllocator_ESTest_scaffolding.java:308)
	at io.netty.buffer.AbstractByteBufAllocator_ESTest_scaffolding.doneWithTestCase(AbstractByteBufAllocator_ESTest_scaffolding.java:68)
	at sun.reflect.GeneratedMethodAccessor9.invoke(Unknown Source)
	at sun.reflect.DelegatingMethodAccessorImpl.invoke(DelegatingMethodAccessorImpl.java:43)
	at java.lang.reflect.Method.invoke(Method.java:498)
	at org.junit.runners.model.FrameworkMethod$1.runReflectiveCall(FrameworkMethod.java:59)
	at org.junit.internal.runners.model.ReflectiveCallable.run(ReflectiveCallable.java:12)
	at org.junit.runners.model.FrameworkMethod.invokeExplosively(FrameworkMethod.java:56)
	at org.junit.internal.runners.statements.RunAfters.invokeMethod(RunAfters.java:46)
	at org.junit.internal.runners.statements.RunAfters.evaluate(RunAfters.java:33)
	at org.evosuite.runtime.vnet.NonFunctionalRequirementRule$1.evaluate(NonFunctionalRequirementRule.java:41)
	at org.junit.runners.ParentRunner$3.evaluate(ParentRunner.java:306)
	at org.junit.runners.BlockJUnit4ClassRunner$1.evaluate(BlockJUnit4ClassRunner.java:100)
	at org.junit.runners.ParentRunner.runLeaf(ParentRunner.java:366)
	at org.junit.runners.BlockJUnit4ClassRunner.runChild(BlockJUnit4ClassRunner.java:103)
	at org.junit.runners.BlockJUnit4ClassRunner.runChild(BlockJUnit4ClassRunner.java:63)
	at org.junit.runners.ParentRunner$4.run(ParentRunner.java:331)
	at org.junit.runners.ParentRunner$1.schedule(ParentRunner.java:79)
	at org.junit.runners.ParentRunner.runChildren(ParentRunner.java:329)
	at org.junit.runners.ParentRunner.access$100(ParentRunner.java:66)
	at org.junit.runners.ParentRunner$2.evaluate(ParentRunner.java:293)
	at org.junit.internal.runners.statements.RunBefores.evaluate(RunBefores.java:26)
	at org.junit.internal.runners.statements.RunAfters.evaluate(RunAfters.java:27)
	at org.junit.runners.ParentRunner$3.evaluate(ParentRunner.java:306)
	at org.junit.runners.ParentRunner.run(ParentRunner.java:413)
	at org.apache.maven.surefire.junit4.JUnit4Provider.execute(JUnit4Provider.java:316)
	at org.apache.maven.surefire.junit4.JUnit4Provider.executeWithRerun(JUnit4Provider.java:240)
	at org.apache.maven.surefire.junit4.JUnit4Provider.executeTestSet(JUnit4Provider.java:214)
	at org.apache.maven.surefire.junit4.JUnit4Provider.invoke(JUnit4Provider.java:155)
	at org.apache.maven.surefire.booter.ForkedBooter.runSuitesInProcess(ForkedBooter.java:385)
	at org.apache.maven.surefire.booter.ForkedBooter.execute(ForkedBooter.java:162)
	at org.apache.maven.surefire.booter.ForkedBooter.run(ForkedBooter.java:507)
	at org.apache.maven.surefire.booter.ForkedBooter.main(ForkedBooter.java:495)
18:07:29.578 [main] DEBUG io.netty.buffer.AdvancedLeakAwareByteBuf - -Dio.netty.leakDetection.acquireAndReleaseOnly: false
18:07:29.580 [main] DEBUG io.netty.util.Recycler - -Dio.netty.recycler.maxCapacityPerThread: 4096
18:07:29.580 [main] DEBUG io.netty.util.Recycler - -Dio.netty.recycler.ratio: 8
18:07:29.580 [main] DEBUG io.netty.util.Recycler - -Dio.netty.recycler.chunkSize: 32
18:07:29.580 [main] DEBUG io.netty.util.Recycler - -Dio.netty.recycler.blocking: false
18:07:29.580 [main] DEBUG io.netty.util.Recycler - -Dio.netty.recycler.batchFastThreadLocalOnly: true
18:07:29.580 [main] DEBUG io.netty.util.internal.PlatformDependent - org.jctools-core.MpscChunkedArrayQueue: available
]]></system-out>
  </testcase>
  <testcase name="test39" classname="io.netty.buffer.AbstractByteBufAllocator_ESTest" time="0.023">
    <system-out><![CDATA[18:07:29.589 [main] DEBUG io.netty.util.internal.logging.InternalLoggerFactory - Using SLF4J as the default logging framework
18:07:29.590 [main] DEBUG io.netty.util.ResourceLeakDetector - -Dio.netty.leakDetection.level: simple
18:07:29.590 [main] DEBUG io.netty.util.ResourceLeakDetector - -Dio.netty.leakDetection.targetRecords: 4
18:07:29.590 [main] DEBUG io.netty.util.internal.InternalThreadLocalMap - -Dio.netty.threadLocalMap.stringBuilder.initialSize: 1024
18:07:29.590 [main] DEBUG io.netty.util.internal.InternalThreadLocalMap - -Dio.netty.threadLocalMap.stringBuilder.maxSize: 4096
18:07:29.590 [main] DEBUG io.netty.util.internal.PlatformDependent0 - -Dio.netty.noUnsafe: false
18:07:29.590 [main] DEBUG io.netty.util.internal.PlatformDependent0 - Java version: 8
18:07:29.590 [main] DEBUG io.netty.util.internal.PlatformDependent0 - sun.misc.Unsafe.theUnsafe: available
18:07:29.590 [main] DEBUG io.netty.util.internal.PlatformDependent0 - sun.misc.Unsafe.copyMemory: available
18:07:29.590 [main] DEBUG io.netty.util.internal.PlatformDependent0 - sun.misc.Unsafe.storeFence: available
18:07:29.590 [main] DEBUG io.netty.util.internal.PlatformDependent0 - java.nio.Buffer.address: available
18:07:29.590 [main] DEBUG io.netty.util.internal.PlatformDependent0 - direct buffer constructor: available
18:07:29.590 [main] DEBUG io.netty.util.internal.PlatformDependent0 - java.nio.Bits.unaligned: available, true
18:07:29.590 [main] DEBUG io.netty.util.internal.PlatformDependent0 - jdk.internal.misc.Unsafe.allocateUninitializedArray(int): unavailable prior to Java9
18:07:29.590 [main] DEBUG io.netty.util.internal.PlatformDependent0 - java.nio.DirectByteBuffer.<init>(long, {int,long}): available
18:07:29.590 [main] DEBUG io.netty.util.internal.CleanerJava6 - java.nio.ByteBuffer.cleaner(): available
18:07:29.591 [main] DEBUG io.netty.util.internal.PlatformDependent - sun.misc.Unsafe: available
18:07:29.591 [main] DEBUG io.netty.util.internal.PlatformDependent - -Dio.netty.tmpdir: /tmp (java.io.tmpdir)
18:07:29.591 [main] DEBUG io.netty.util.internal.PlatformDependent - -Dio.netty.bitMode: 64 (sun.arch.data.model)
18:07:29.591 [main] DEBUG io.netty.util.internal.PlatformDependent - -Dio.netty.maxDirectMemory: 11420041216 bytes
18:07:29.591 [main] DEBUG io.netty.util.internal.PlatformDependent - -Dio.netty.uninitializedArrayAllocationThreshold: -1
18:07:29.591 [main] DEBUG io.netty.util.internal.PlatformDependent - -Dio.netty.noPreferDirect: false
18:07:29.591 [main] DEBUG io.netty.buffer.PooledByteBufAllocator - -Dio.netty.allocator.numHeapArenas: 0
18:07:29.591 [main] DEBUG io.netty.buffer.PooledByteBufAllocator - -Dio.netty.allocator.numDirectArenas: 2
18:07:29.591 [main] DEBUG io.netty.buffer.PooledByteBufAllocator - -Dio.netty.allocator.pageSize: 8192
18:07:29.591 [main] DEBUG io.netty.buffer.PooledByteBufAllocator - -Dio.netty.allocator.maxOrder: 9
18:07:29.591 [main] DEBUG io.netty.buffer.PooledByteBufAllocator - -Dio.netty.allocator.chunkSize: 4194304
18:07:29.591 [main] DEBUG io.netty.buffer.PooledByteBufAllocator - -Dio.netty.allocator.smallCacheSize: 256
18:07:29.591 [main] DEBUG io.netty.buffer.PooledByteBufAllocator - -Dio.netty.allocator.normalCacheSize: 64
18:07:29.591 [main] DEBUG io.netty.buffer.PooledByteBufAllocator - -Dio.netty.allocator.maxCachedBufferCapacity: 32768
18:07:29.591 [main] DEBUG io.netty.buffer.PooledByteBufAllocator - -Dio.netty.allocator.cacheTrimInterval: 8192
18:07:29.591 [main] DEBUG io.netty.buffer.PooledByteBufAllocator - -Dio.netty.allocator.cacheTrimIntervalMillis: 0
18:07:29.591 [main] DEBUG io.netty.buffer.PooledByteBufAllocator - -Dio.netty.allocator.useCacheForAllThreads: false
18:07:29.591 [main] DEBUG io.netty.buffer.PooledByteBufAllocator - -Dio.netty.allocator.maxCachedByteBuffersPerChunk: 1023
18:07:29.592 [main] DEBUG io.netty.buffer.ByteBufUtil - -Dio.netty.allocator.type: pooled
18:07:29.592 [main] DEBUG io.netty.buffer.ByteBufUtil - -Dio.netty.threadLocalDirectBufferSize: 0
18:07:29.592 [main] DEBUG io.netty.buffer.ByteBufUtil - -Dio.netty.maxThreadLocalCharBufferSize: 16384
18:07:29.592 [main] DEBUG io.netty.buffer.AbstractByteBuf - -Dio.netty.buffer.checkAccessible: true
18:07:29.592 [main] DEBUG io.netty.buffer.AbstractByteBuf - -Dio.netty.buffer.checkBounds: true
18:07:29.592 [main] DEBUG io.netty.util.ResourceLeakDetectorFactory - Loaded default ResourceLeakDetector: io.netty.util.ResourceLeakDetector@5
18:07:29.593 [main] DEBUG io.netty.util.internal.CleanerJava9 - java.nio.ByteBuffer.cleaner(): unavailable
java.lang.NoSuchMethodException: sun.misc.Unsafe.invokeCleaner(java.nio.ByteBuffer)
	at java.lang.Class.getDeclaredMethod(Class.java:2130)
	at io.netty.util.internal.CleanerJava9$1.run(CleanerJava9.java:45)
	at java.security.AccessController.doPrivileged(Native Method)
	at io.netty.util.internal.CleanerJava9.__STATIC_RESET(CleanerJava9.java:40)
	at sun.reflect.GeneratedMethodAccessor53.invoke(Unknown Source)
	at sun.reflect.DelegatingMethodAccessorImpl.invoke(DelegatingMethodAccessorImpl.java:43)
	at java.lang.reflect.Method.invoke(Method.java:498)
	at org.evosuite.runtime.classhandling.ClassResetter.reset(ClassResetter.java:159)
	at org.evosuite.runtime.classhandling.ClassStateSupport.resetClasses(ClassStateSupport.java:137)
	at io.netty.buffer.AbstractByteBufAllocator_ESTest_scaffolding.resetClasses(AbstractByteBufAllocator_ESTest_scaffolding.java:308)
	at io.netty.buffer.AbstractByteBufAllocator_ESTest_scaffolding.doneWithTestCase(AbstractByteBufAllocator_ESTest_scaffolding.java:68)
	at sun.reflect.GeneratedMethodAccessor9.invoke(Unknown Source)
	at sun.reflect.DelegatingMethodAccessorImpl.invoke(DelegatingMethodAccessorImpl.java:43)
	at java.lang.reflect.Method.invoke(Method.java:498)
	at org.junit.runners.model.FrameworkMethod$1.runReflectiveCall(FrameworkMethod.java:59)
	at org.junit.internal.runners.model.ReflectiveCallable.run(ReflectiveCallable.java:12)
	at org.junit.runners.model.FrameworkMethod.invokeExplosively(FrameworkMethod.java:56)
	at org.junit.internal.runners.statements.RunAfters.invokeMethod(RunAfters.java:46)
	at org.junit.internal.runners.statements.RunAfters.evaluate(RunAfters.java:33)
	at org.evosuite.runtime.vnet.NonFunctionalRequirementRule$1.evaluate(NonFunctionalRequirementRule.java:41)
	at org.junit.runners.ParentRunner$3.evaluate(ParentRunner.java:306)
	at org.junit.runners.BlockJUnit4ClassRunner$1.evaluate(BlockJUnit4ClassRunner.java:100)
	at org.junit.runners.ParentRunner.runLeaf(ParentRunner.java:366)
	at org.junit.runners.BlockJUnit4ClassRunner.runChild(BlockJUnit4ClassRunner.java:103)
	at org.junit.runners.BlockJUnit4ClassRunner.runChild(BlockJUnit4ClassRunner.java:63)
	at org.junit.runners.ParentRunner$4.run(ParentRunner.java:331)
	at org.junit.runners.ParentRunner$1.schedule(ParentRunner.java:79)
	at org.junit.runners.ParentRunner.runChildren(ParentRunner.java:329)
	at org.junit.runners.ParentRunner.access$100(ParentRunner.java:66)
	at org.junit.runners.ParentRunner$2.evaluate(ParentRunner.java:293)
	at org.junit.internal.runners.statements.RunBefores.evaluate(RunBefores.java:26)
	at org.junit.internal.runners.statements.RunAfters.evaluate(RunAfters.java:27)
	at org.junit.runners.ParentRunner$3.evaluate(ParentRunner.java:306)
	at org.junit.runners.ParentRunner.run(ParentRunner.java:413)
	at org.apache.maven.surefire.junit4.JUnit4Provider.execute(JUnit4Provider.java:316)
	at org.apache.maven.surefire.junit4.JUnit4Provider.executeWithRerun(JUnit4Provider.java:240)
	at org.apache.maven.surefire.junit4.JUnit4Provider.executeTestSet(JUnit4Provider.java:214)
	at org.apache.maven.surefire.junit4.JUnit4Provider.invoke(JUnit4Provider.java:155)
	at org.apache.maven.surefire.booter.ForkedBooter.runSuitesInProcess(ForkedBooter.java:385)
	at org.apache.maven.surefire.booter.ForkedBooter.execute(ForkedBooter.java:162)
	at org.apache.maven.surefire.booter.ForkedBooter.run(ForkedBooter.java:507)
	at org.apache.maven.surefire.booter.ForkedBooter.main(ForkedBooter.java:495)
18:07:29.593 [main] DEBUG io.netty.buffer.AdvancedLeakAwareByteBuf - -Dio.netty.leakDetection.acquireAndReleaseOnly: false
18:07:29.594 [main] DEBUG io.netty.util.Recycler - -Dio.netty.recycler.maxCapacityPerThread: 4096
18:07:29.594 [main] DEBUG io.netty.util.Recycler - -Dio.netty.recycler.ratio: 8
18:07:29.595 [main] DEBUG io.netty.util.Recycler - -Dio.netty.recycler.chunkSize: 32
18:07:29.595 [main] DEBUG io.netty.util.Recycler - -Dio.netty.recycler.blocking: false
18:07:29.595 [main] DEBUG io.netty.util.Recycler - -Dio.netty.recycler.batchFastThreadLocalOnly: true
18:07:29.595 [main] DEBUG io.netty.util.internal.PlatformDependent - org.jctools-core.MpscChunkedArrayQueue: available
]]></system-out>
  </testcase>
  <testcase name="test18" classname="io.netty.buffer.AbstractByteBufAllocator_ESTest" time="0.023">
    <system-out><![CDATA[18:07:29.602 [main] DEBUG io.netty.util.internal.logging.InternalLoggerFactory - Using SLF4J as the default logging framework
18:07:29.602 [main] DEBUG io.netty.util.ResourceLeakDetector - -Dio.netty.leakDetection.level: simple
18:07:29.602 [main] DEBUG io.netty.util.ResourceLeakDetector - -Dio.netty.leakDetection.targetRecords: 4
18:07:29.602 [main] DEBUG io.netty.util.internal.InternalThreadLocalMap - -Dio.netty.threadLocalMap.stringBuilder.initialSize: 1024
18:07:29.602 [main] DEBUG io.netty.util.internal.InternalThreadLocalMap - -Dio.netty.threadLocalMap.stringBuilder.maxSize: 4096
18:07:29.602 [main] DEBUG io.netty.util.internal.PlatformDependent0 - -Dio.netty.noUnsafe: false
18:07:29.602 [main] DEBUG io.netty.util.internal.PlatformDependent0 - Java version: 8
18:07:29.602 [main] DEBUG io.netty.util.internal.PlatformDependent0 - sun.misc.Unsafe.theUnsafe: available
18:07:29.602 [main] DEBUG io.netty.util.internal.PlatformDependent0 - sun.misc.Unsafe.copyMemory: available
18:07:29.602 [main] DEBUG io.netty.util.internal.PlatformDependent0 - sun.misc.Unsafe.storeFence: available
18:07:29.602 [main] DEBUG io.netty.util.internal.PlatformDependent0 - java.nio.Buffer.address: available
18:07:29.602 [main] DEBUG io.netty.util.internal.PlatformDependent0 - direct buffer constructor: available
18:07:29.602 [main] DEBUG io.netty.util.internal.PlatformDependent0 - java.nio.Bits.unaligned: available, true
18:07:29.602 [main] DEBUG io.netty.util.internal.PlatformDependent0 - jdk.internal.misc.Unsafe.allocateUninitializedArray(int): unavailable prior to Java9
18:07:29.602 [main] DEBUG io.netty.util.internal.PlatformDependent0 - java.nio.DirectByteBuffer.<init>(long, {int,long}): available
18:07:29.602 [main] DEBUG io.netty.util.internal.CleanerJava6 - java.nio.ByteBuffer.cleaner(): available
18:07:29.602 [main] DEBUG io.netty.util.internal.PlatformDependent - sun.misc.Unsafe: available
18:07:29.602 [main] DEBUG io.netty.util.internal.PlatformDependent - -Dio.netty.tmpdir: /tmp (java.io.tmpdir)
18:07:29.602 [main] DEBUG io.netty.util.internal.PlatformDependent - -Dio.netty.bitMode: 64 (sun.arch.data.model)
18:07:29.602 [main] DEBUG io.netty.util.internal.PlatformDependent - -Dio.netty.maxDirectMemory: 11420041216 bytes
18:07:29.602 [main] DEBUG io.netty.util.internal.PlatformDependent - -Dio.netty.uninitializedArrayAllocationThreshold: -1
18:07:29.602 [main] DEBUG io.netty.util.internal.PlatformDependent - -Dio.netty.noPreferDirect: false
18:07:29.603 [main] DEBUG io.netty.buffer.PooledByteBufAllocator - -Dio.netty.allocator.numHeapArenas: 0
18:07:29.603 [main] DEBUG io.netty.buffer.PooledByteBufAllocator - -Dio.netty.allocator.numDirectArenas: 2
18:07:29.603 [main] DEBUG io.netty.buffer.PooledByteBufAllocator - -Dio.netty.allocator.pageSize: 8192
18:07:29.603 [main] DEBUG io.netty.buffer.PooledByteBufAllocator - -Dio.netty.allocator.maxOrder: 9
18:07:29.603 [main] DEBUG io.netty.buffer.PooledByteBufAllocator - -Dio.netty.allocator.chunkSize: 4194304
18:07:29.603 [main] DEBUG io.netty.buffer.PooledByteBufAllocator - -Dio.netty.allocator.smallCacheSize: 256
18:07:29.603 [main] DEBUG io.netty.buffer.PooledByteBufAllocator - -Dio.netty.allocator.normalCacheSize: 64
18:07:29.603 [main] DEBUG io.netty.buffer.PooledByteBufAllocator - -Dio.netty.allocator.maxCachedBufferCapacity: 32768
18:07:29.603 [main] DEBUG io.netty.buffer.PooledByteBufAllocator - -Dio.netty.allocator.cacheTrimInterval: 8192
18:07:29.603 [main] DEBUG io.netty.buffer.PooledByteBufAllocator - -Dio.netty.allocator.cacheTrimIntervalMillis: 0
18:07:29.603 [main] DEBUG io.netty.buffer.PooledByteBufAllocator - -Dio.netty.allocator.useCacheForAllThreads: false
18:07:29.603 [main] DEBUG io.netty.buffer.PooledByteBufAllocator - -Dio.netty.allocator.maxCachedByteBuffersPerChunk: 1023
18:07:29.604 [main] DEBUG io.netty.buffer.ByteBufUtil - -Dio.netty.allocator.type: pooled
18:07:29.604 [main] DEBUG io.netty.buffer.ByteBufUtil - -Dio.netty.threadLocalDirectBufferSize: 0
18:07:29.604 [main] DEBUG io.netty.buffer.ByteBufUtil - -Dio.netty.maxThreadLocalCharBufferSize: 16384
18:07:29.604 [main] DEBUG io.netty.buffer.AbstractByteBuf - -Dio.netty.buffer.checkAccessible: true
18:07:29.604 [main] DEBUG io.netty.buffer.AbstractByteBuf - -Dio.netty.buffer.checkBounds: true
18:07:29.604 [main] DEBUG io.netty.util.ResourceLeakDetectorFactory - Loaded default ResourceLeakDetector: io.netty.util.ResourceLeakDetector@5
18:07:29.605 [main] DEBUG io.netty.util.internal.CleanerJava9 - java.nio.ByteBuffer.cleaner(): unavailable
java.lang.NoSuchMethodException: sun.misc.Unsafe.invokeCleaner(java.nio.ByteBuffer)
	at java.lang.Class.getDeclaredMethod(Class.java:2130)
	at io.netty.util.internal.CleanerJava9$1.run(CleanerJava9.java:45)
	at java.security.AccessController.doPrivileged(Native Method)
	at io.netty.util.internal.CleanerJava9.__STATIC_RESET(CleanerJava9.java:40)
	at sun.reflect.GeneratedMethodAccessor53.invoke(Unknown Source)
	at sun.reflect.DelegatingMethodAccessorImpl.invoke(DelegatingMethodAccessorImpl.java:43)
	at java.lang.reflect.Method.invoke(Method.java:498)
	at org.evosuite.runtime.classhandling.ClassResetter.reset(ClassResetter.java:159)
	at org.evosuite.runtime.classhandling.ClassStateSupport.resetClasses(ClassStateSupport.java:137)
	at io.netty.buffer.AbstractByteBufAllocator_ESTest_scaffolding.resetClasses(AbstractByteBufAllocator_ESTest_scaffolding.java:308)
	at io.netty.buffer.AbstractByteBufAllocator_ESTest_scaffolding.doneWithTestCase(AbstractByteBufAllocator_ESTest_scaffolding.java:68)
	at sun.reflect.GeneratedMethodAccessor9.invoke(Unknown Source)
	at sun.reflect.DelegatingMethodAccessorImpl.invoke(DelegatingMethodAccessorImpl.java:43)
	at java.lang.reflect.Method.invoke(Method.java:498)
	at org.junit.runners.model.FrameworkMethod$1.runReflectiveCall(FrameworkMethod.java:59)
	at org.junit.internal.runners.model.ReflectiveCallable.run(ReflectiveCallable.java:12)
	at org.junit.runners.model.FrameworkMethod.invokeExplosively(FrameworkMethod.java:56)
	at org.junit.internal.runners.statements.RunAfters.invokeMethod(RunAfters.java:46)
	at org.junit.internal.runners.statements.RunAfters.evaluate(RunAfters.java:33)
	at org.evosuite.runtime.vnet.NonFunctionalRequirementRule$1.evaluate(NonFunctionalRequirementRule.java:41)
	at org.junit.runners.ParentRunner$3.evaluate(ParentRunner.java:306)
	at org.junit.runners.BlockJUnit4ClassRunner$1.evaluate(BlockJUnit4ClassRunner.java:100)
	at org.junit.runners.ParentRunner.runLeaf(ParentRunner.java:366)
	at org.junit.runners.BlockJUnit4ClassRunner.runChild(BlockJUnit4ClassRunner.java:103)
	at org.junit.runners.BlockJUnit4ClassRunner.runChild(BlockJUnit4ClassRunner.java:63)
	at org.junit.runners.ParentRunner$4.run(ParentRunner.java:331)
	at org.junit.runners.ParentRunner$1.schedule(ParentRunner.java:79)
	at org.junit.runners.ParentRunner.runChildren(ParentRunner.java:329)
	at org.junit.runners.ParentRunner.access$100(ParentRunner.java:66)
	at org.junit.runners.ParentRunner$2.evaluate(ParentRunner.java:293)
	at org.junit.internal.runners.statements.RunBefores.evaluate(RunBefores.java:26)
	at org.junit.internal.runners.statements.RunAfters.evaluate(RunAfters.java:27)
	at org.junit.runners.ParentRunner$3.evaluate(ParentRunner.java:306)
	at org.junit.runners.ParentRunner.run(ParentRunner.java:413)
	at org.apache.maven.surefire.junit4.JUnit4Provider.execute(JUnit4Provider.java:316)
	at org.apache.maven.surefire.junit4.JUnit4Provider.executeWithRerun(JUnit4Provider.java:240)
	at org.apache.maven.surefire.junit4.JUnit4Provider.executeTestSet(JUnit4Provider.java:214)
	at org.apache.maven.surefire.junit4.JUnit4Provider.invoke(JUnit4Provider.java:155)
	at org.apache.maven.surefire.booter.ForkedBooter.runSuitesInProcess(ForkedBooter.java:385)
	at org.apache.maven.surefire.booter.ForkedBooter.execute(ForkedBooter.java:162)
	at org.apache.maven.surefire.booter.ForkedBooter.run(ForkedBooter.java:507)
	at org.apache.maven.surefire.booter.ForkedBooter.main(ForkedBooter.java:495)
18:07:29.605 [main] DEBUG io.netty.buffer.AdvancedLeakAwareByteBuf - -Dio.netty.leakDetection.acquireAndReleaseOnly: false
18:07:29.606 [main] DEBUG io.netty.util.Recycler - -Dio.netty.recycler.maxCapacityPerThread: 4096
18:07:29.606 [main] DEBUG io.netty.util.Recycler - -Dio.netty.recycler.ratio: 8
18:07:29.606 [main] DEBUG io.netty.util.Recycler - -Dio.netty.recycler.chunkSize: 32
18:07:29.606 [main] DEBUG io.netty.util.Recycler - -Dio.netty.recycler.blocking: false
18:07:29.606 [main] DEBUG io.netty.util.Recycler - -Dio.netty.recycler.batchFastThreadLocalOnly: true
18:07:29.606 [main] DEBUG io.netty.util.internal.PlatformDependent - org.jctools-core.MpscChunkedArrayQueue: available
]]></system-out>
  </testcase>
  <testcase name="test19" classname="io.netty.buffer.AbstractByteBufAllocator_ESTest" time="0.031">
    <system-out><![CDATA[18:07:29.613 [main] DEBUG io.netty.util.internal.logging.InternalLoggerFactory - Using SLF4J as the default logging framework
18:07:29.613 [main] DEBUG io.netty.util.ResourceLeakDetector - -Dio.netty.leakDetection.level: simple
18:07:29.613 [main] DEBUG io.netty.util.ResourceLeakDetector - -Dio.netty.leakDetection.targetRecords: 4
18:07:29.614 [main] DEBUG io.netty.util.internal.InternalThreadLocalMap - -Dio.netty.threadLocalMap.stringBuilder.initialSize: 1024
18:07:29.614 [main] DEBUG io.netty.util.internal.InternalThreadLocalMap - -Dio.netty.threadLocalMap.stringBuilder.maxSize: 4096
18:07:29.614 [main] DEBUG io.netty.util.internal.PlatformDependent0 - -Dio.netty.noUnsafe: false
18:07:29.614 [main] DEBUG io.netty.util.internal.PlatformDependent0 - Java version: 8
18:07:29.614 [main] DEBUG io.netty.util.internal.PlatformDependent0 - sun.misc.Unsafe.theUnsafe: available
18:07:29.614 [main] DEBUG io.netty.util.internal.PlatformDependent0 - sun.misc.Unsafe.copyMemory: available
18:07:29.614 [main] DEBUG io.netty.util.internal.PlatformDependent0 - sun.misc.Unsafe.storeFence: available
18:07:29.614 [main] DEBUG io.netty.util.internal.PlatformDependent0 - java.nio.Buffer.address: available
18:07:29.614 [main] DEBUG io.netty.util.internal.PlatformDependent0 - direct buffer constructor: available
18:07:29.614 [main] DEBUG io.netty.util.internal.PlatformDependent0 - java.nio.Bits.unaligned: available, true
18:07:29.614 [main] DEBUG io.netty.util.internal.PlatformDependent0 - jdk.internal.misc.Unsafe.allocateUninitializedArray(int): unavailable prior to Java9
18:07:29.614 [main] DEBUG io.netty.util.internal.PlatformDependent0 - java.nio.DirectByteBuffer.<init>(long, {int,long}): available
18:07:29.614 [main] DEBUG io.netty.util.internal.CleanerJava6 - java.nio.ByteBuffer.cleaner(): available
18:07:29.614 [main] DEBUG io.netty.util.internal.PlatformDependent - sun.misc.Unsafe: available
18:07:29.614 [main] DEBUG io.netty.util.internal.PlatformDependent - -Dio.netty.tmpdir: /tmp (java.io.tmpdir)
18:07:29.614 [main] DEBUG io.netty.util.internal.PlatformDependent - -Dio.netty.bitMode: 64 (sun.arch.data.model)
18:07:29.615 [main] DEBUG io.netty.util.internal.PlatformDependent - -Dio.netty.maxDirectMemory: 11420041216 bytes
18:07:29.615 [main] DEBUG io.netty.util.internal.PlatformDependent - -Dio.netty.uninitializedArrayAllocationThreshold: -1
18:07:29.615 [main] DEBUG io.netty.util.internal.PlatformDependent - -Dio.netty.noPreferDirect: false
18:07:29.615 [main] DEBUG io.netty.buffer.PooledByteBufAllocator - -Dio.netty.allocator.numHeapArenas: 0
18:07:29.615 [main] DEBUG io.netty.buffer.PooledByteBufAllocator - -Dio.netty.allocator.numDirectArenas: 2
18:07:29.615 [main] DEBUG io.netty.buffer.PooledByteBufAllocator - -Dio.netty.allocator.pageSize: 8192
18:07:29.615 [main] DEBUG io.netty.buffer.PooledByteBufAllocator - -Dio.netty.allocator.maxOrder: 9
18:07:29.615 [main] DEBUG io.netty.buffer.PooledByteBufAllocator - -Dio.netty.allocator.chunkSize: 4194304
18:07:29.615 [main] DEBUG io.netty.buffer.PooledByteBufAllocator - -Dio.netty.allocator.smallCacheSize: 256
18:07:29.615 [main] DEBUG io.netty.buffer.PooledByteBufAllocator - -Dio.netty.allocator.normalCacheSize: 64
18:07:29.615 [main] DEBUG io.netty.buffer.PooledByteBufAllocator - -Dio.netty.allocator.maxCachedBufferCapacity: 32768
18:07:29.615 [main] DEBUG io.netty.buffer.PooledByteBufAllocator - -Dio.netty.allocator.cacheTrimInterval: 8192
18:07:29.615 [main] DEBUG io.netty.buffer.PooledByteBufAllocator - -Dio.netty.allocator.cacheTrimIntervalMillis: 0
18:07:29.615 [main] DEBUG io.netty.buffer.PooledByteBufAllocator - -Dio.netty.allocator.useCacheForAllThreads: false
18:07:29.615 [main] DEBUG io.netty.buffer.PooledByteBufAllocator - -Dio.netty.allocator.maxCachedByteBuffersPerChunk: 1023
18:07:29.616 [main] DEBUG io.netty.buffer.ByteBufUtil - -Dio.netty.allocator.type: pooled
18:07:29.616 [main] DEBUG io.netty.buffer.ByteBufUtil - -Dio.netty.threadLocalDirectBufferSize: 0
18:07:29.616 [main] DEBUG io.netty.buffer.ByteBufUtil - -Dio.netty.maxThreadLocalCharBufferSize: 16384
18:07:29.616 [main] DEBUG io.netty.buffer.AbstractByteBuf - -Dio.netty.buffer.checkAccessible: true
18:07:29.616 [main] DEBUG io.netty.buffer.AbstractByteBuf - -Dio.netty.buffer.checkBounds: true
18:07:29.616 [main] DEBUG io.netty.util.ResourceLeakDetectorFactory - Loaded default ResourceLeakDetector: io.netty.util.ResourceLeakDetector@5
18:07:29.617 [main] DEBUG io.netty.util.internal.CleanerJava9 - java.nio.ByteBuffer.cleaner(): unavailable
java.lang.NoSuchMethodException: sun.misc.Unsafe.invokeCleaner(java.nio.ByteBuffer)
	at java.lang.Class.getDeclaredMethod(Class.java:2130)
	at io.netty.util.internal.CleanerJava9$1.run(CleanerJava9.java:45)
	at java.security.AccessController.doPrivileged(Native Method)
	at io.netty.util.internal.CleanerJava9.__STATIC_RESET(CleanerJava9.java:40)
	at sun.reflect.GeneratedMethodAccessor53.invoke(Unknown Source)
	at sun.reflect.DelegatingMethodAccessorImpl.invoke(DelegatingMethodAccessorImpl.java:43)
	at java.lang.reflect.Method.invoke(Method.java:498)
	at org.evosuite.runtime.classhandling.ClassResetter.reset(ClassResetter.java:159)
	at org.evosuite.runtime.classhandling.ClassStateSupport.resetClasses(ClassStateSupport.java:137)
	at io.netty.buffer.AbstractByteBufAllocator_ESTest_scaffolding.resetClasses(AbstractByteBufAllocator_ESTest_scaffolding.java:308)
	at io.netty.buffer.AbstractByteBufAllocator_ESTest_scaffolding.doneWithTestCase(AbstractByteBufAllocator_ESTest_scaffolding.java:68)
	at sun.reflect.GeneratedMethodAccessor9.invoke(Unknown Source)
	at sun.reflect.DelegatingMethodAccessorImpl.invoke(DelegatingMethodAccessorImpl.java:43)
	at java.lang.reflect.Method.invoke(Method.java:498)
	at org.junit.runners.model.FrameworkMethod$1.runReflectiveCall(FrameworkMethod.java:59)
	at org.junit.internal.runners.model.ReflectiveCallable.run(ReflectiveCallable.java:12)
	at org.junit.runners.model.FrameworkMethod.invokeExplosively(FrameworkMethod.java:56)
	at org.junit.internal.runners.statements.RunAfters.invokeMethod(RunAfters.java:46)
	at org.junit.internal.runners.statements.RunAfters.evaluate(RunAfters.java:33)
	at org.evosuite.runtime.vnet.NonFunctionalRequirementRule$1.evaluate(NonFunctionalRequirementRule.java:41)
	at org.junit.runners.ParentRunner$3.evaluate(ParentRunner.java:306)
	at org.junit.runners.BlockJUnit4ClassRunner$1.evaluate(BlockJUnit4ClassRunner.java:100)
	at org.junit.runners.ParentRunner.runLeaf(ParentRunner.java:366)
	at org.junit.runners.BlockJUnit4ClassRunner.runChild(BlockJUnit4ClassRunner.java:103)
	at org.junit.runners.BlockJUnit4ClassRunner.runChild(BlockJUnit4ClassRunner.java:63)
	at org.junit.runners.ParentRunner$4.run(ParentRunner.java:331)
	at org.junit.runners.ParentRunner$1.schedule(ParentRunner.java:79)
	at org.junit.runners.ParentRunner.runChildren(ParentRunner.java:329)
	at org.junit.runners.ParentRunner.access$100(ParentRunner.java:66)
	at org.junit.runners.ParentRunner$2.evaluate(ParentRunner.java:293)
	at org.junit.internal.runners.statements.RunBefores.evaluate(RunBefores.java:26)
	at org.junit.internal.runners.statements.RunAfters.evaluate(RunAfters.java:27)
	at org.junit.runners.ParentRunner$3.evaluate(ParentRunner.java:306)
	at org.junit.runners.ParentRunner.run(ParentRunner.java:413)
	at org.apache.maven.surefire.junit4.JUnit4Provider.execute(JUnit4Provider.java:316)
	at org.apache.maven.surefire.junit4.JUnit4Provider.executeWithRerun(JUnit4Provider.java:240)
	at org.apache.maven.surefire.junit4.JUnit4Provider.executeTestSet(JUnit4Provider.java:214)
	at org.apache.maven.surefire.junit4.JUnit4Provider.invoke(JUnit4Provider.java:155)
	at org.apache.maven.surefire.booter.ForkedBooter.runSuitesInProcess(ForkedBooter.java:385)
	at org.apache.maven.surefire.booter.ForkedBooter.execute(ForkedBooter.java:162)
	at org.apache.maven.surefire.booter.ForkedBooter.run(ForkedBooter.java:507)
	at org.apache.maven.surefire.booter.ForkedBooter.main(ForkedBooter.java:495)
18:07:29.617 [main] DEBUG io.netty.buffer.AdvancedLeakAwareByteBuf - -Dio.netty.leakDetection.acquireAndReleaseOnly: false
18:07:29.619 [main] DEBUG io.netty.util.Recycler - -Dio.netty.recycler.maxCapacityPerThread: 4096
18:07:29.619 [main] DEBUG io.netty.util.Recycler - -Dio.netty.recycler.ratio: 8
18:07:29.619 [main] DEBUG io.netty.util.Recycler - -Dio.netty.recycler.chunkSize: 32
18:07:29.619 [main] DEBUG io.netty.util.Recycler - -Dio.netty.recycler.blocking: false
18:07:29.619 [main] DEBUG io.netty.util.Recycler - -Dio.netty.recycler.batchFastThreadLocalOnly: true
18:07:29.619 [main] DEBUG io.netty.util.internal.PlatformDependent - org.jctools-core.MpscChunkedArrayQueue: available
]]></system-out>
  </testcase>
  <testcase name="test31" classname="io.netty.buffer.AbstractByteBufAllocator_ESTest" time="0.01">
    <system-out><![CDATA[18:07:29.630 [main] DEBUG io.netty.util.internal.logging.InternalLoggerFactory - Using SLF4J as the default logging framework
18:07:29.630 [main] DEBUG io.netty.util.ResourceLeakDetector - -Dio.netty.leakDetection.level: simple
18:07:29.630 [main] DEBUG io.netty.util.ResourceLeakDetector - -Dio.netty.leakDetection.targetRecords: 4
18:07:29.630 [main] DEBUG io.netty.util.internal.InternalThreadLocalMap - -Dio.netty.threadLocalMap.stringBuilder.initialSize: 1024
18:07:29.630 [main] DEBUG io.netty.util.internal.InternalThreadLocalMap - -Dio.netty.threadLocalMap.stringBuilder.maxSize: 4096
18:07:29.631 [main] DEBUG io.netty.util.internal.PlatformDependent0 - -Dio.netty.noUnsafe: false
18:07:29.631 [main] DEBUG io.netty.util.internal.PlatformDependent0 - Java version: 8
18:07:29.631 [main] DEBUG io.netty.util.internal.PlatformDependent0 - sun.misc.Unsafe.theUnsafe: available
18:07:29.631 [main] DEBUG io.netty.util.internal.PlatformDependent0 - sun.misc.Unsafe.copyMemory: available
18:07:29.631 [main] DEBUG io.netty.util.internal.PlatformDependent0 - sun.misc.Unsafe.storeFence: available
18:07:29.631 [main] DEBUG io.netty.util.internal.PlatformDependent0 - java.nio.Buffer.address: available
18:07:29.631 [main] DEBUG io.netty.util.internal.PlatformDependent0 - direct buffer constructor: available
18:07:29.631 [main] DEBUG io.netty.util.internal.PlatformDependent0 - java.nio.Bits.unaligned: available, true
18:07:29.631 [main] DEBUG io.netty.util.internal.PlatformDependent0 - jdk.internal.misc.Unsafe.allocateUninitializedArray(int): unavailable prior to Java9
18:07:29.631 [main] DEBUG io.netty.util.internal.PlatformDependent0 - java.nio.DirectByteBuffer.<init>(long, {int,long}): available
18:07:29.631 [main] DEBUG io.netty.util.internal.CleanerJava6 - java.nio.ByteBuffer.cleaner(): available
18:07:29.631 [main] DEBUG io.netty.util.internal.PlatformDependent - sun.misc.Unsafe: available
18:07:29.631 [main] DEBUG io.netty.util.internal.PlatformDependent - -Dio.netty.tmpdir: /tmp (java.io.tmpdir)
18:07:29.631 [main] DEBUG io.netty.util.internal.PlatformDependent - -Dio.netty.bitMode: 64 (sun.arch.data.model)
18:07:29.631 [main] DEBUG io.netty.util.internal.PlatformDependent - -Dio.netty.maxDirectMemory: 11420041216 bytes
18:07:29.631 [main] DEBUG io.netty.util.internal.PlatformDependent - -Dio.netty.uninitializedArrayAllocationThreshold: -1
18:07:29.631 [main] DEBUG io.netty.util.internal.PlatformDependent - -Dio.netty.noPreferDirect: false
18:07:29.632 [main] DEBUG io.netty.buffer.PooledByteBufAllocator - -Dio.netty.allocator.numHeapArenas: 0
18:07:29.632 [main] DEBUG io.netty.buffer.PooledByteBufAllocator - -Dio.netty.allocator.numDirectArenas: 2
18:07:29.632 [main] DEBUG io.netty.buffer.PooledByteBufAllocator - -Dio.netty.allocator.pageSize: 8192
18:07:29.632 [main] DEBUG io.netty.buffer.PooledByteBufAllocator - -Dio.netty.allocator.maxOrder: 9
18:07:29.632 [main] DEBUG io.netty.buffer.PooledByteBufAllocator - -Dio.netty.allocator.chunkSize: 4194304
18:07:29.632 [main] DEBUG io.netty.buffer.PooledByteBufAllocator - -Dio.netty.allocator.smallCacheSize: 256
18:07:29.632 [main] DEBUG io.netty.buffer.PooledByteBufAllocator - -Dio.netty.allocator.normalCacheSize: 64
18:07:29.632 [main] DEBUG io.netty.buffer.PooledByteBufAllocator - -Dio.netty.allocator.maxCachedBufferCapacity: 32768
18:07:29.632 [main] DEBUG io.netty.buffer.PooledByteBufAllocator - -Dio.netty.allocator.cacheTrimInterval: 8192
18:07:29.632 [main] DEBUG io.netty.buffer.PooledByteBufAllocator - -Dio.netty.allocator.cacheTrimIntervalMillis: 0
18:07:29.632 [main] DEBUG io.netty.buffer.PooledByteBufAllocator - -Dio.netty.allocator.useCacheForAllThreads: false
18:07:29.632 [main] DEBUG io.netty.buffer.PooledByteBufAllocator - -Dio.netty.allocator.maxCachedByteBuffersPerChunk: 1023
18:07:29.632 [main] DEBUG io.netty.buffer.ByteBufUtil - -Dio.netty.allocator.type: pooled
18:07:29.632 [main] DEBUG io.netty.buffer.ByteBufUtil - -Dio.netty.threadLocalDirectBufferSize: 0
18:07:29.633 [main] DEBUG io.netty.buffer.ByteBufUtil - -Dio.netty.maxThreadLocalCharBufferSize: 16384
18:07:29.633 [main] DEBUG io.netty.buffer.AbstractByteBuf - -Dio.netty.buffer.checkAccessible: true
18:07:29.633 [main] DEBUG io.netty.buffer.AbstractByteBuf - -Dio.netty.buffer.checkBounds: true
18:07:29.633 [main] DEBUG io.netty.util.ResourceLeakDetectorFactory - Loaded default ResourceLeakDetector: io.netty.util.ResourceLeakDetector@5
18:07:29.634 [main] DEBUG io.netty.util.internal.CleanerJava9 - java.nio.ByteBuffer.cleaner(): unavailable
java.lang.NoSuchMethodException: sun.misc.Unsafe.invokeCleaner(java.nio.ByteBuffer)
	at java.lang.Class.getDeclaredMethod(Class.java:2130)
	at io.netty.util.internal.CleanerJava9$1.run(CleanerJava9.java:45)
	at java.security.AccessController.doPrivileged(Native Method)
	at io.netty.util.internal.CleanerJava9.__STATIC_RESET(CleanerJava9.java:40)
	at sun.reflect.GeneratedMethodAccessor53.invoke(Unknown Source)
	at sun.reflect.DelegatingMethodAccessorImpl.invoke(DelegatingMethodAccessorImpl.java:43)
	at java.lang.reflect.Method.invoke(Method.java:498)
	at org.evosuite.runtime.classhandling.ClassResetter.reset(ClassResetter.java:159)
	at org.evosuite.runtime.classhandling.ClassStateSupport.resetClasses(ClassStateSupport.java:137)
	at io.netty.buffer.AbstractByteBufAllocator_ESTest_scaffolding.resetClasses(AbstractByteBufAllocator_ESTest_scaffolding.java:308)
	at io.netty.buffer.AbstractByteBufAllocator_ESTest_scaffolding.doneWithTestCase(AbstractByteBufAllocator_ESTest_scaffolding.java:68)
	at sun.reflect.GeneratedMethodAccessor9.invoke(Unknown Source)
	at sun.reflect.DelegatingMethodAccessorImpl.invoke(DelegatingMethodAccessorImpl.java:43)
	at java.lang.reflect.Method.invoke(Method.java:498)
	at org.junit.runners.model.FrameworkMethod$1.runReflectiveCall(FrameworkMethod.java:59)
	at org.junit.internal.runners.model.ReflectiveCallable.run(ReflectiveCallable.java:12)
	at org.junit.runners.model.FrameworkMethod.invokeExplosively(FrameworkMethod.java:56)
	at org.junit.internal.runners.statements.RunAfters.invokeMethod(RunAfters.java:46)
	at org.junit.internal.runners.statements.RunAfters.evaluate(RunAfters.java:33)
	at org.evosuite.runtime.vnet.NonFunctionalRequirementRule$1.evaluate(NonFunctionalRequirementRule.java:41)
	at org.junit.runners.ParentRunner$3.evaluate(ParentRunner.java:306)
	at org.junit.runners.BlockJUnit4ClassRunner$1.evaluate(BlockJUnit4ClassRunner.java:100)
	at org.junit.runners.ParentRunner.runLeaf(ParentRunner.java:366)
	at org.junit.runners.BlockJUnit4ClassRunner.runChild(BlockJUnit4ClassRunner.java:103)
	at org.junit.runners.BlockJUnit4ClassRunner.runChild(BlockJUnit4ClassRunner.java:63)
	at org.junit.runners.ParentRunner$4.run(ParentRunner.java:331)
	at org.junit.runners.ParentRunner$1.schedule(ParentRunner.java:79)
	at org.junit.runners.ParentRunner.runChildren(ParentRunner.java:329)
	at org.junit.runners.ParentRunner.access$100(ParentRunner.java:66)
	at org.junit.runners.ParentRunner$2.evaluate(ParentRunner.java:293)
	at org.junit.internal.runners.statements.RunBefores.evaluate(RunBefores.java:26)
	at org.junit.internal.runners.statements.RunAfters.evaluate(RunAfters.java:27)
	at org.junit.runners.ParentRunner$3.evaluate(ParentRunner.java:306)
	at org.junit.runners.ParentRunner.run(ParentRunner.java:413)
	at org.apache.maven.surefire.junit4.JUnit4Provider.execute(JUnit4Provider.java:316)
	at org.apache.maven.surefire.junit4.JUnit4Provider.executeWithRerun(JUnit4Provider.java:240)
	at org.apache.maven.surefire.junit4.JUnit4Provider.executeTestSet(JUnit4Provider.java:214)
	at org.apache.maven.surefire.junit4.JUnit4Provider.invoke(JUnit4Provider.java:155)
	at org.apache.maven.surefire.booter.ForkedBooter.runSuitesInProcess(ForkedBooter.java:385)
	at org.apache.maven.surefire.booter.ForkedBooter.execute(ForkedBooter.java:162)
	at org.apache.maven.surefire.booter.ForkedBooter.run(ForkedBooter.java:507)
	at org.apache.maven.surefire.booter.ForkedBooter.main(ForkedBooter.java:495)
18:07:29.634 [main] DEBUG io.netty.buffer.AdvancedLeakAwareByteBuf - -Dio.netty.leakDetection.acquireAndReleaseOnly: false
18:07:29.636 [main] DEBUG io.netty.util.Recycler - -Dio.netty.recycler.maxCapacityPerThread: 4096
18:07:29.636 [main] DEBUG io.netty.util.Recycler - -Dio.netty.recycler.ratio: 8
18:07:29.636 [main] DEBUG io.netty.util.Recycler - -Dio.netty.recycler.chunkSize: 32
18:07:29.636 [main] DEBUG io.netty.util.Recycler - -Dio.netty.recycler.blocking: false
18:07:29.636 [main] DEBUG io.netty.util.Recycler - -Dio.netty.recycler.batchFastThreadLocalOnly: true
18:07:29.636 [main] DEBUG io.netty.util.internal.PlatformDependent - org.jctools-core.MpscChunkedArrayQueue: available
]]></system-out>
  </testcase>
  <testcase name="test10" classname="io.netty.buffer.AbstractByteBufAllocator_ESTest" time="0.021">
    <system-out><![CDATA[18:07:29.642 [main] DEBUG io.netty.util.internal.logging.InternalLoggerFactory - Using SLF4J as the default logging framework
18:07:29.643 [main] DEBUG io.netty.util.ResourceLeakDetector - -Dio.netty.leakDetection.level: simple
18:07:29.643 [main] DEBUG io.netty.util.ResourceLeakDetector - -Dio.netty.leakDetection.targetRecords: 4
18:07:29.643 [main] DEBUG io.netty.util.internal.InternalThreadLocalMap - -Dio.netty.threadLocalMap.stringBuilder.initialSize: 1024
18:07:29.643 [main] DEBUG io.netty.util.internal.InternalThreadLocalMap - -Dio.netty.threadLocalMap.stringBuilder.maxSize: 4096
18:07:29.643 [main] DEBUG io.netty.util.internal.PlatformDependent0 - -Dio.netty.noUnsafe: false
18:07:29.643 [main] DEBUG io.netty.util.internal.PlatformDependent0 - Java version: 8
18:07:29.643 [main] DEBUG io.netty.util.internal.PlatformDependent0 - sun.misc.Unsafe.theUnsafe: available
18:07:29.643 [main] DEBUG io.netty.util.internal.PlatformDependent0 - sun.misc.Unsafe.copyMemory: available
18:07:29.643 [main] DEBUG io.netty.util.internal.PlatformDependent0 - sun.misc.Unsafe.storeFence: available
18:07:29.643 [main] DEBUG io.netty.util.internal.PlatformDependent0 - java.nio.Buffer.address: available
18:07:29.643 [main] DEBUG io.netty.util.internal.PlatformDependent0 - direct buffer constructor: available
18:07:29.643 [main] DEBUG io.netty.util.internal.PlatformDependent0 - java.nio.Bits.unaligned: available, true
18:07:29.643 [main] DEBUG io.netty.util.internal.PlatformDependent0 - jdk.internal.misc.Unsafe.allocateUninitializedArray(int): unavailable prior to Java9
18:07:29.643 [main] DEBUG io.netty.util.internal.PlatformDependent0 - java.nio.DirectByteBuffer.<init>(long, {int,long}): available
18:07:29.644 [main] DEBUG io.netty.util.internal.CleanerJava6 - java.nio.ByteBuffer.cleaner(): available
18:07:29.644 [main] DEBUG io.netty.util.internal.PlatformDependent - sun.misc.Unsafe: available
18:07:29.644 [main] DEBUG io.netty.util.internal.PlatformDependent - -Dio.netty.tmpdir: /tmp (java.io.tmpdir)
18:07:29.644 [main] DEBUG io.netty.util.internal.PlatformDependent - -Dio.netty.bitMode: 64 (sun.arch.data.model)
18:07:29.644 [main] DEBUG io.netty.util.internal.PlatformDependent - -Dio.netty.maxDirectMemory: 11420041216 bytes
18:07:29.644 [main] DEBUG io.netty.util.internal.PlatformDependent - -Dio.netty.uninitializedArrayAllocationThreshold: -1
18:07:29.644 [main] DEBUG io.netty.util.internal.PlatformDependent - -Dio.netty.noPreferDirect: false
18:07:29.645 [main] DEBUG io.netty.buffer.PooledByteBufAllocator - -Dio.netty.allocator.numHeapArenas: 0
18:07:29.645 [main] DEBUG io.netty.buffer.PooledByteBufAllocator - -Dio.netty.allocator.numDirectArenas: 2
18:07:29.645 [main] DEBUG io.netty.buffer.PooledByteBufAllocator - -Dio.netty.allocator.pageSize: 8192
18:07:29.645 [main] DEBUG io.netty.buffer.PooledByteBufAllocator - -Dio.netty.allocator.maxOrder: 9
18:07:29.645 [main] DEBUG io.netty.buffer.PooledByteBufAllocator - -Dio.netty.allocator.chunkSize: 4194304
18:07:29.645 [main] DEBUG io.netty.buffer.PooledByteBufAllocator - -Dio.netty.allocator.smallCacheSize: 256
18:07:29.645 [main] DEBUG io.netty.buffer.PooledByteBufAllocator - -Dio.netty.allocator.normalCacheSize: 64
18:07:29.645 [main] DEBUG io.netty.buffer.PooledByteBufAllocator - -Dio.netty.allocator.maxCachedBufferCapacity: 32768
18:07:29.645 [main] DEBUG io.netty.buffer.PooledByteBufAllocator - -Dio.netty.allocator.cacheTrimInterval: 8192
18:07:29.645 [main] DEBUG io.netty.buffer.PooledByteBufAllocator - -Dio.netty.allocator.cacheTrimIntervalMillis: 0
18:07:29.645 [main] DEBUG io.netty.buffer.PooledByteBufAllocator - -Dio.netty.allocator.useCacheForAllThreads: false
18:07:29.645 [main] DEBUG io.netty.buffer.PooledByteBufAllocator - -Dio.netty.allocator.maxCachedByteBuffersPerChunk: 1023
18:07:29.645 [main] DEBUG io.netty.buffer.ByteBufUtil - -Dio.netty.allocator.type: pooled
18:07:29.645 [main] DEBUG io.netty.buffer.ByteBufUtil - -Dio.netty.threadLocalDirectBufferSize: 0
18:07:29.645 [main] DEBUG io.netty.buffer.ByteBufUtil - -Dio.netty.maxThreadLocalCharBufferSize: 16384
18:07:29.645 [main] DEBUG io.netty.buffer.AbstractByteBuf - -Dio.netty.buffer.checkAccessible: true
18:07:29.645 [main] DEBUG io.netty.buffer.AbstractByteBuf - -Dio.netty.buffer.checkBounds: true
18:07:29.646 [main] DEBUG io.netty.util.ResourceLeakDetectorFactory - Loaded default ResourceLeakDetector: io.netty.util.ResourceLeakDetector@5
18:07:29.646 [main] DEBUG io.netty.util.internal.CleanerJava9 - java.nio.ByteBuffer.cleaner(): unavailable
java.lang.NoSuchMethodException: sun.misc.Unsafe.invokeCleaner(java.nio.ByteBuffer)
	at java.lang.Class.getDeclaredMethod(Class.java:2130)
	at io.netty.util.internal.CleanerJava9$1.run(CleanerJava9.java:45)
	at java.security.AccessController.doPrivileged(Native Method)
	at io.netty.util.internal.CleanerJava9.__STATIC_RESET(CleanerJava9.java:40)
	at sun.reflect.GeneratedMethodAccessor53.invoke(Unknown Source)
	at sun.reflect.DelegatingMethodAccessorImpl.invoke(DelegatingMethodAccessorImpl.java:43)
	at java.lang.reflect.Method.invoke(Method.java:498)
	at org.evosuite.runtime.classhandling.ClassResetter.reset(ClassResetter.java:159)
	at org.evosuite.runtime.classhandling.ClassStateSupport.resetClasses(ClassStateSupport.java:137)
	at io.netty.buffer.AbstractByteBufAllocator_ESTest_scaffolding.resetClasses(AbstractByteBufAllocator_ESTest_scaffolding.java:308)
	at io.netty.buffer.AbstractByteBufAllocator_ESTest_scaffolding.doneWithTestCase(AbstractByteBufAllocator_ESTest_scaffolding.java:68)
	at sun.reflect.GeneratedMethodAccessor9.invoke(Unknown Source)
	at sun.reflect.DelegatingMethodAccessorImpl.invoke(DelegatingMethodAccessorImpl.java:43)
	at java.lang.reflect.Method.invoke(Method.java:498)
	at org.junit.runners.model.FrameworkMethod$1.runReflectiveCall(FrameworkMethod.java:59)
	at org.junit.internal.runners.model.ReflectiveCallable.run(ReflectiveCallable.java:12)
	at org.junit.runners.model.FrameworkMethod.invokeExplosively(FrameworkMethod.java:56)
	at org.junit.internal.runners.statements.RunAfters.invokeMethod(RunAfters.java:46)
	at org.junit.internal.runners.statements.RunAfters.evaluate(RunAfters.java:33)
	at org.evosuite.runtime.vnet.NonFunctionalRequirementRule$1.evaluate(NonFunctionalRequirementRule.java:41)
	at org.junit.runners.ParentRunner$3.evaluate(ParentRunner.java:306)
	at org.junit.runners.BlockJUnit4ClassRunner$1.evaluate(BlockJUnit4ClassRunner.java:100)
	at org.junit.runners.ParentRunner.runLeaf(ParentRunner.java:366)
	at org.junit.runners.BlockJUnit4ClassRunner.runChild(BlockJUnit4ClassRunner.java:103)
	at org.junit.runners.BlockJUnit4ClassRunner.runChild(BlockJUnit4ClassRunner.java:63)
	at org.junit.runners.ParentRunner$4.run(ParentRunner.java:331)
	at org.junit.runners.ParentRunner$1.schedule(ParentRunner.java:79)
	at org.junit.runners.ParentRunner.runChildren(ParentRunner.java:329)
	at org.junit.runners.ParentRunner.access$100(ParentRunner.java:66)
	at org.junit.runners.ParentRunner$2.evaluate(ParentRunner.java:293)
	at org.junit.internal.runners.statements.RunBefores.evaluate(RunBefores.java:26)
	at org.junit.internal.runners.statements.RunAfters.evaluate(RunAfters.java:27)
	at org.junit.runners.ParentRunner$3.evaluate(ParentRunner.java:306)
	at org.junit.runners.ParentRunner.run(ParentRunner.java:413)
	at org.apache.maven.surefire.junit4.JUnit4Provider.execute(JUnit4Provider.java:316)
	at org.apache.maven.surefire.junit4.JUnit4Provider.executeWithRerun(JUnit4Provider.java:240)
	at org.apache.maven.surefire.junit4.JUnit4Provider.executeTestSet(JUnit4Provider.java:214)
	at org.apache.maven.surefire.junit4.JUnit4Provider.invoke(JUnit4Provider.java:155)
	at org.apache.maven.surefire.booter.ForkedBooter.runSuitesInProcess(ForkedBooter.java:385)
	at org.apache.maven.surefire.booter.ForkedBooter.execute(ForkedBooter.java:162)
	at org.apache.maven.surefire.booter.ForkedBooter.run(ForkedBooter.java:507)
	at org.apache.maven.surefire.booter.ForkedBooter.main(ForkedBooter.java:495)
18:07:29.646 [main] DEBUG io.netty.buffer.AdvancedLeakAwareByteBuf - -Dio.netty.leakDetection.acquireAndReleaseOnly: false
18:07:29.648 [main] DEBUG io.netty.util.Recycler - -Dio.netty.recycler.maxCapacityPerThread: 4096
18:07:29.648 [main] DEBUG io.netty.util.Recycler - -Dio.netty.recycler.ratio: 8
18:07:29.648 [main] DEBUG io.netty.util.Recycler - -Dio.netty.recycler.chunkSize: 32
18:07:29.648 [main] DEBUG io.netty.util.Recycler - -Dio.netty.recycler.blocking: false
18:07:29.648 [main] DEBUG io.netty.util.Recycler - -Dio.netty.recycler.batchFastThreadLocalOnly: true
18:07:29.648 [main] DEBUG io.netty.util.internal.PlatformDependent - org.jctools-core.MpscChunkedArrayQueue: available
]]></system-out>
  </testcase>
  <testcase name="test32" classname="io.netty.buffer.AbstractByteBufAllocator_ESTest" time="0.015">
    <system-out><![CDATA[18:07:29.656 [main] INFO org.evosuite.runtime.thread.ThreadStopper - Found new thread
18:07:29.656 [main] DEBUG io.netty.util.internal.logging.InternalLoggerFactory - Using SLF4J as the default logging framework
18:07:29.657 [main] DEBUG io.netty.util.ResourceLeakDetector - -Dio.netty.leakDetection.level: simple
18:07:29.657 [main] DEBUG io.netty.util.ResourceLeakDetector - -Dio.netty.leakDetection.targetRecords: 4
18:07:29.657 [main] DEBUG io.netty.util.internal.InternalThreadLocalMap - -Dio.netty.threadLocalMap.stringBuilder.initialSize: 1024
18:07:29.657 [main] DEBUG io.netty.util.internal.InternalThreadLocalMap - -Dio.netty.threadLocalMap.stringBuilder.maxSize: 4096
18:07:29.657 [main] DEBUG io.netty.util.internal.PlatformDependent0 - -Dio.netty.noUnsafe: false
18:07:29.657 [main] DEBUG io.netty.util.internal.PlatformDependent0 - Java version: 8
18:07:29.657 [main] DEBUG io.netty.util.internal.PlatformDependent0 - sun.misc.Unsafe.theUnsafe: available
18:07:29.657 [main] DEBUG io.netty.util.internal.PlatformDependent0 - sun.misc.Unsafe.copyMemory: available
18:07:29.657 [main] DEBUG io.netty.util.internal.PlatformDependent0 - sun.misc.Unsafe.storeFence: available
18:07:29.657 [main] DEBUG io.netty.util.internal.PlatformDependent0 - java.nio.Buffer.address: available
18:07:29.657 [main] DEBUG io.netty.util.internal.PlatformDependent0 - direct buffer constructor: available
18:07:29.657 [main] DEBUG io.netty.util.internal.PlatformDependent0 - java.nio.Bits.unaligned: available, true
18:07:29.657 [main] DEBUG io.netty.util.internal.PlatformDependent0 - jdk.internal.misc.Unsafe.allocateUninitializedArray(int): unavailable prior to Java9
18:07:29.657 [main] DEBUG io.netty.util.internal.PlatformDependent0 - java.nio.DirectByteBuffer.<init>(long, {int,long}): available
18:07:29.657 [main] DEBUG io.netty.util.internal.CleanerJava6 - java.nio.ByteBuffer.cleaner(): available
18:07:29.657 [main] DEBUG io.netty.util.internal.PlatformDependent - sun.misc.Unsafe: available
18:07:29.657 [main] DEBUG io.netty.util.internal.PlatformDependent - -Dio.netty.tmpdir: /tmp (java.io.tmpdir)
18:07:29.657 [main] DEBUG io.netty.util.internal.PlatformDependent - -Dio.netty.bitMode: 64 (sun.arch.data.model)
18:07:29.658 [main] DEBUG io.netty.util.internal.PlatformDependent - -Dio.netty.maxDirectMemory: 11420041216 bytes
18:07:29.658 [main] DEBUG io.netty.util.internal.PlatformDependent - -Dio.netty.uninitializedArrayAllocationThreshold: -1
18:07:29.658 [main] DEBUG io.netty.util.internal.PlatformDependent - -Dio.netty.noPreferDirect: false
18:07:29.658 [main] DEBUG io.netty.buffer.PooledByteBufAllocator - -Dio.netty.allocator.numHeapArenas: 0
18:07:29.658 [main] DEBUG io.netty.buffer.PooledByteBufAllocator - -Dio.netty.allocator.numDirectArenas: 2
18:07:29.658 [main] DEBUG io.netty.buffer.PooledByteBufAllocator - -Dio.netty.allocator.pageSize: 8192
18:07:29.658 [main] DEBUG io.netty.buffer.PooledByteBufAllocator - -Dio.netty.allocator.maxOrder: 9
18:07:29.658 [main] DEBUG io.netty.buffer.PooledByteBufAllocator - -Dio.netty.allocator.chunkSize: 4194304
18:07:29.658 [main] DEBUG io.netty.buffer.PooledByteBufAllocator - -Dio.netty.allocator.smallCacheSize: 256
18:07:29.658 [main] DEBUG io.netty.buffer.PooledByteBufAllocator - -Dio.netty.allocator.normalCacheSize: 64
18:07:29.658 [main] DEBUG io.netty.buffer.PooledByteBufAllocator - -Dio.netty.allocator.maxCachedBufferCapacity: 32768
18:07:29.658 [main] DEBUG io.netty.buffer.PooledByteBufAllocator - -Dio.netty.allocator.cacheTrimInterval: 8192
18:07:29.658 [main] DEBUG io.netty.buffer.PooledByteBufAllocator - -Dio.netty.allocator.cacheTrimIntervalMillis: 0
18:07:29.658 [main] DEBUG io.netty.buffer.PooledByteBufAllocator - -Dio.netty.allocator.useCacheForAllThreads: false
18:07:29.658 [main] DEBUG io.netty.buffer.PooledByteBufAllocator - -Dio.netty.allocator.maxCachedByteBuffersPerChunk: 1023
18:07:29.659 [main] DEBUG io.netty.buffer.ByteBufUtil - -Dio.netty.allocator.type: pooled
18:07:29.659 [main] DEBUG io.netty.buffer.ByteBufUtil - -Dio.netty.threadLocalDirectBufferSize: 0
18:07:29.659 [main] DEBUG io.netty.buffer.ByteBufUtil - -Dio.netty.maxThreadLocalCharBufferSize: 16384
18:07:29.659 [main] DEBUG io.netty.buffer.AbstractByteBuf - -Dio.netty.buffer.checkAccessible: true
18:07:29.659 [main] DEBUG io.netty.buffer.AbstractByteBuf - -Dio.netty.buffer.checkBounds: true
18:07:29.659 [main] DEBUG io.netty.util.ResourceLeakDetectorFactory - Loaded default ResourceLeakDetector: io.netty.util.ResourceLeakDetector@5
18:07:29.659 [main] DEBUG io.netty.util.internal.CleanerJava9 - java.nio.ByteBuffer.cleaner(): unavailable
java.lang.NoSuchMethodException: sun.misc.Unsafe.invokeCleaner(java.nio.ByteBuffer)
	at java.lang.Class.getDeclaredMethod(Class.java:2130)
	at io.netty.util.internal.CleanerJava9$1.run(CleanerJava9.java:45)
	at java.security.AccessController.doPrivileged(Native Method)
	at io.netty.util.internal.CleanerJava9.__STATIC_RESET(CleanerJava9.java:40)
	at sun.reflect.GeneratedMethodAccessor53.invoke(Unknown Source)
	at sun.reflect.DelegatingMethodAccessorImpl.invoke(DelegatingMethodAccessorImpl.java:43)
	at java.lang.reflect.Method.invoke(Method.java:498)
	at org.evosuite.runtime.classhandling.ClassResetter.reset(ClassResetter.java:159)
	at org.evosuite.runtime.classhandling.ClassStateSupport.resetClasses(ClassStateSupport.java:137)
	at io.netty.buffer.AbstractByteBufAllocator_ESTest_scaffolding.resetClasses(AbstractByteBufAllocator_ESTest_scaffolding.java:308)
	at io.netty.buffer.AbstractByteBufAllocator_ESTest_scaffolding.doneWithTestCase(AbstractByteBufAllocator_ESTest_scaffolding.java:68)
	at sun.reflect.GeneratedMethodAccessor9.invoke(Unknown Source)
	at sun.reflect.DelegatingMethodAccessorImpl.invoke(DelegatingMethodAccessorImpl.java:43)
	at java.lang.reflect.Method.invoke(Method.java:498)
	at org.junit.runners.model.FrameworkMethod$1.runReflectiveCall(FrameworkMethod.java:59)
	at org.junit.internal.runners.model.ReflectiveCallable.run(ReflectiveCallable.java:12)
	at org.junit.runners.model.FrameworkMethod.invokeExplosively(FrameworkMethod.java:56)
	at org.junit.internal.runners.statements.RunAfters.invokeMethod(RunAfters.java:46)
	at org.junit.internal.runners.statements.RunAfters.evaluate(RunAfters.java:33)
	at org.evosuite.runtime.vnet.NonFunctionalRequirementRule$1.evaluate(NonFunctionalRequirementRule.java:41)
	at org.junit.runners.ParentRunner$3.evaluate(ParentRunner.java:306)
	at org.junit.runners.BlockJUnit4ClassRunner$1.evaluate(BlockJUnit4ClassRunner.java:100)
	at org.junit.runners.ParentRunner.runLeaf(ParentRunner.java:366)
	at org.junit.runners.BlockJUnit4ClassRunner.runChild(BlockJUnit4ClassRunner.java:103)
	at org.junit.runners.BlockJUnit4ClassRunner.runChild(BlockJUnit4ClassRunner.java:63)
	at org.junit.runners.ParentRunner$4.run(ParentRunner.java:331)
	at org.junit.runners.ParentRunner$1.schedule(ParentRunner.java:79)
	at org.junit.runners.ParentRunner.runChildren(ParentRunner.java:329)
	at org.junit.runners.ParentRunner.access$100(ParentRunner.java:66)
	at org.junit.runners.ParentRunner$2.evaluate(ParentRunner.java:293)
	at org.junit.internal.runners.statements.RunBefores.evaluate(RunBefores.java:26)
	at org.junit.internal.runners.statements.RunAfters.evaluate(RunAfters.java:27)
	at org.junit.runners.ParentRunner$3.evaluate(ParentRunner.java:306)
	at org.junit.runners.ParentRunner.run(ParentRunner.java:413)
	at org.apache.maven.surefire.junit4.JUnit4Provider.execute(JUnit4Provider.java:316)
	at org.apache.maven.surefire.junit4.JUnit4Provider.executeWithRerun(JUnit4Provider.java:240)
	at org.apache.maven.surefire.junit4.JUnit4Provider.executeTestSet(JUnit4Provider.java:214)
	at org.apache.maven.surefire.junit4.JUnit4Provider.invoke(JUnit4Provider.java:155)
	at org.apache.maven.surefire.booter.ForkedBooter.runSuitesInProcess(ForkedBooter.java:385)
	at org.apache.maven.surefire.booter.ForkedBooter.execute(ForkedBooter.java:162)
	at org.apache.maven.surefire.booter.ForkedBooter.run(ForkedBooter.java:507)
	at org.apache.maven.surefire.booter.ForkedBooter.main(ForkedBooter.java:495)
18:07:29.660 [main] DEBUG io.netty.buffer.AdvancedLeakAwareByteBuf - -Dio.netty.leakDetection.acquireAndReleaseOnly: false
18:07:29.661 [main] DEBUG io.netty.util.Recycler - -Dio.netty.recycler.maxCapacityPerThread: 4096
18:07:29.661 [main] DEBUG io.netty.util.Recycler - -Dio.netty.recycler.ratio: 8
18:07:29.661 [main] DEBUG io.netty.util.Recycler - -Dio.netty.recycler.chunkSize: 32
18:07:29.661 [main] DEBUG io.netty.util.Recycler - -Dio.netty.recycler.blocking: false
18:07:29.661 [main] DEBUG io.netty.util.Recycler - -Dio.netty.recycler.batchFastThreadLocalOnly: true
18:07:29.661 [main] DEBUG io.netty.util.internal.PlatformDependent - org.jctools-core.MpscChunkedArrayQueue: available
]]></system-out>
  </testcase>
  <testcase name="test11" classname="io.netty.buffer.AbstractByteBufAllocator_ESTest" time="0.012">
    <system-out><![CDATA[18:07:29.666 [main] DEBUG io.netty.util.internal.logging.InternalLoggerFactory - Using SLF4J as the default logging framework
18:07:29.666 [main] DEBUG io.netty.util.ResourceLeakDetector - -Dio.netty.leakDetection.level: simple
18:07:29.666 [main] DEBUG io.netty.util.ResourceLeakDetector - -Dio.netty.leakDetection.targetRecords: 4
18:07:29.667 [main] DEBUG io.netty.util.internal.InternalThreadLocalMap - -Dio.netty.threadLocalMap.stringBuilder.initialSize: 1024
18:07:29.667 [main] DEBUG io.netty.util.internal.InternalThreadLocalMap - -Dio.netty.threadLocalMap.stringBuilder.maxSize: 4096
18:07:29.667 [main] DEBUG io.netty.util.internal.PlatformDependent0 - -Dio.netty.noUnsafe: false
18:07:29.667 [main] DEBUG io.netty.util.internal.PlatformDependent0 - Java version: 8
18:07:29.667 [main] DEBUG io.netty.util.internal.PlatformDependent0 - sun.misc.Unsafe.theUnsafe: available
18:07:29.667 [main] DEBUG io.netty.util.internal.PlatformDependent0 - sun.misc.Unsafe.copyMemory: available
18:07:29.667 [main] DEBUG io.netty.util.internal.PlatformDependent0 - sun.misc.Unsafe.storeFence: available
18:07:29.667 [main] DEBUG io.netty.util.internal.PlatformDependent0 - java.nio.Buffer.address: available
18:07:29.667 [main] DEBUG io.netty.util.internal.PlatformDependent0 - direct buffer constructor: available
18:07:29.667 [main] DEBUG io.netty.util.internal.PlatformDependent0 - java.nio.Bits.unaligned: available, true
18:07:29.667 [main] DEBUG io.netty.util.internal.PlatformDependent0 - jdk.internal.misc.Unsafe.allocateUninitializedArray(int): unavailable prior to Java9
18:07:29.667 [main] DEBUG io.netty.util.internal.PlatformDependent0 - java.nio.DirectByteBuffer.<init>(long, {int,long}): available
18:07:29.667 [main] DEBUG io.netty.util.internal.CleanerJava6 - java.nio.ByteBuffer.cleaner(): available
18:07:29.668 [main] DEBUG io.netty.util.internal.PlatformDependent - sun.misc.Unsafe: available
18:07:29.668 [main] DEBUG io.netty.util.internal.PlatformDependent - -Dio.netty.tmpdir: /tmp (java.io.tmpdir)
18:07:29.668 [main] DEBUG io.netty.util.internal.PlatformDependent - -Dio.netty.bitMode: 64 (sun.arch.data.model)
18:07:29.668 [main] DEBUG io.netty.util.internal.PlatformDependent - -Dio.netty.maxDirectMemory: 11420041216 bytes
18:07:29.668 [main] DEBUG io.netty.util.internal.PlatformDependent - -Dio.netty.uninitializedArrayAllocationThreshold: -1
18:07:29.668 [main] DEBUG io.netty.util.internal.PlatformDependent - -Dio.netty.noPreferDirect: false
18:07:29.668 [main] DEBUG io.netty.buffer.PooledByteBufAllocator - -Dio.netty.allocator.numHeapArenas: 0
18:07:29.668 [main] DEBUG io.netty.buffer.PooledByteBufAllocator - -Dio.netty.allocator.numDirectArenas: 2
18:07:29.668 [main] DEBUG io.netty.buffer.PooledByteBufAllocator - -Dio.netty.allocator.pageSize: 8192
18:07:29.668 [main] DEBUG io.netty.buffer.PooledByteBufAllocator - -Dio.netty.allocator.maxOrder: 9
18:07:29.668 [main] DEBUG io.netty.buffer.PooledByteBufAllocator - -Dio.netty.allocator.chunkSize: 4194304
18:07:29.668 [main] DEBUG io.netty.buffer.PooledByteBufAllocator - -Dio.netty.allocator.smallCacheSize: 256
18:07:29.668 [main] DEBUG io.netty.buffer.PooledByteBufAllocator - -Dio.netty.allocator.normalCacheSize: 64
18:07:29.668 [main] DEBUG io.netty.buffer.PooledByteBufAllocator - -Dio.netty.allocator.maxCachedBufferCapacity: 32768
18:07:29.668 [main] DEBUG io.netty.buffer.PooledByteBufAllocator - -Dio.netty.allocator.cacheTrimInterval: 8192
18:07:29.668 [main] DEBUG io.netty.buffer.PooledByteBufAllocator - -Dio.netty.allocator.cacheTrimIntervalMillis: 0
18:07:29.668 [main] DEBUG io.netty.buffer.PooledByteBufAllocator - -Dio.netty.allocator.useCacheForAllThreads: false
18:07:29.668 [main] DEBUG io.netty.buffer.PooledByteBufAllocator - -Dio.netty.allocator.maxCachedByteBuffersPerChunk: 1023
18:07:29.669 [main] DEBUG io.netty.buffer.ByteBufUtil - -Dio.netty.allocator.type: pooled
18:07:29.669 [main] DEBUG io.netty.buffer.ByteBufUtil - -Dio.netty.threadLocalDirectBufferSize: 0
18:07:29.669 [main] DEBUG io.netty.buffer.ByteBufUtil - -Dio.netty.maxThreadLocalCharBufferSize: 16384
18:07:29.669 [main] DEBUG io.netty.buffer.AbstractByteBuf - -Dio.netty.buffer.checkAccessible: true
18:07:29.669 [main] DEBUG io.netty.buffer.AbstractByteBuf - -Dio.netty.buffer.checkBounds: true
18:07:29.669 [main] DEBUG io.netty.util.ResourceLeakDetectorFactory - Loaded default ResourceLeakDetector: io.netty.util.ResourceLeakDetector@5
18:07:29.670 [main] DEBUG io.netty.util.internal.CleanerJava9 - java.nio.ByteBuffer.cleaner(): unavailable
java.lang.NoSuchMethodException: sun.misc.Unsafe.invokeCleaner(java.nio.ByteBuffer)
	at java.lang.Class.getDeclaredMethod(Class.java:2130)
	at io.netty.util.internal.CleanerJava9$1.run(CleanerJava9.java:45)
	at java.security.AccessController.doPrivileged(Native Method)
	at io.netty.util.internal.CleanerJava9.__STATIC_RESET(CleanerJava9.java:40)
	at sun.reflect.GeneratedMethodAccessor53.invoke(Unknown Source)
	at sun.reflect.DelegatingMethodAccessorImpl.invoke(DelegatingMethodAccessorImpl.java:43)
	at java.lang.reflect.Method.invoke(Method.java:498)
	at org.evosuite.runtime.classhandling.ClassResetter.reset(ClassResetter.java:159)
	at org.evosuite.runtime.classhandling.ClassStateSupport.resetClasses(ClassStateSupport.java:137)
	at io.netty.buffer.AbstractByteBufAllocator_ESTest_scaffolding.resetClasses(AbstractByteBufAllocator_ESTest_scaffolding.java:308)
	at io.netty.buffer.AbstractByteBufAllocator_ESTest_scaffolding.doneWithTestCase(AbstractByteBufAllocator_ESTest_scaffolding.java:68)
	at sun.reflect.GeneratedMethodAccessor9.invoke(Unknown Source)
	at sun.reflect.DelegatingMethodAccessorImpl.invoke(DelegatingMethodAccessorImpl.java:43)
	at java.lang.reflect.Method.invoke(Method.java:498)
	at org.junit.runners.model.FrameworkMethod$1.runReflectiveCall(FrameworkMethod.java:59)
	at org.junit.internal.runners.model.ReflectiveCallable.run(ReflectiveCallable.java:12)
	at org.junit.runners.model.FrameworkMethod.invokeExplosively(FrameworkMethod.java:56)
	at org.junit.internal.runners.statements.RunAfters.invokeMethod(RunAfters.java:46)
	at org.junit.internal.runners.statements.RunAfters.evaluate(RunAfters.java:33)
	at org.evosuite.runtime.vnet.NonFunctionalRequirementRule$1.evaluate(NonFunctionalRequirementRule.java:41)
	at org.junit.runners.ParentRunner$3.evaluate(ParentRunner.java:306)
	at org.junit.runners.BlockJUnit4ClassRunner$1.evaluate(BlockJUnit4ClassRunner.java:100)
	at org.junit.runners.ParentRunner.runLeaf(ParentRunner.java:366)
	at org.junit.runners.BlockJUnit4ClassRunner.runChild(BlockJUnit4ClassRunner.java:103)
	at org.junit.runners.BlockJUnit4ClassRunner.runChild(BlockJUnit4ClassRunner.java:63)
	at org.junit.runners.ParentRunner$4.run(ParentRunner.java:331)
	at org.junit.runners.ParentRunner$1.schedule(ParentRunner.java:79)
	at org.junit.runners.ParentRunner.runChildren(ParentRunner.java:329)
	at org.junit.runners.ParentRunner.access$100(ParentRunner.java:66)
	at org.junit.runners.ParentRunner$2.evaluate(ParentRunner.java:293)
	at org.junit.internal.runners.statements.RunBefores.evaluate(RunBefores.java:26)
	at org.junit.internal.runners.statements.RunAfters.evaluate(RunAfters.java:27)
	at org.junit.runners.ParentRunner$3.evaluate(ParentRunner.java:306)
	at org.junit.runners.ParentRunner.run(ParentRunner.java:413)
	at org.apache.maven.surefire.junit4.JUnit4Provider.execute(JUnit4Provider.java:316)
	at org.apache.maven.surefire.junit4.JUnit4Provider.executeWithRerun(JUnit4Provider.java:240)
	at org.apache.maven.surefire.junit4.JUnit4Provider.executeTestSet(JUnit4Provider.java:214)
	at org.apache.maven.surefire.junit4.JUnit4Provider.invoke(JUnit4Provider.java:155)
	at org.apache.maven.surefire.booter.ForkedBooter.runSuitesInProcess(ForkedBooter.java:385)
	at org.apache.maven.surefire.booter.ForkedBooter.execute(ForkedBooter.java:162)
	at org.apache.maven.surefire.booter.ForkedBooter.run(ForkedBooter.java:507)
	at org.apache.maven.surefire.booter.ForkedBooter.main(ForkedBooter.java:495)
18:07:29.670 [main] DEBUG io.netty.buffer.AdvancedLeakAwareByteBuf - -Dio.netty.leakDetection.acquireAndReleaseOnly: false
18:07:29.672 [main] DEBUG io.netty.util.Recycler - -Dio.netty.recycler.maxCapacityPerThread: 4096
18:07:29.672 [main] DEBUG io.netty.util.Recycler - -Dio.netty.recycler.ratio: 8
18:07:29.672 [main] DEBUG io.netty.util.Recycler - -Dio.netty.recycler.chunkSize: 32
18:07:29.672 [main] DEBUG io.netty.util.Recycler - -Dio.netty.recycler.blocking: false
18:07:29.672 [main] DEBUG io.netty.util.Recycler - -Dio.netty.recycler.batchFastThreadLocalOnly: true
18:07:29.672 [main] DEBUG io.netty.util.internal.PlatformDependent - org.jctools-core.MpscChunkedArrayQueue: available
]]></system-out>
  </testcase>
  <testcase name="test33" classname="io.netty.buffer.AbstractByteBufAllocator_ESTest" time="0.026">
    <system-out><![CDATA[18:07:29.678 [main] DEBUG io.netty.util.internal.logging.InternalLoggerFactory - Using SLF4J as the default logging framework
18:07:29.679 [main] DEBUG io.netty.util.ResourceLeakDetector - -Dio.netty.leakDetection.level: simple
18:07:29.679 [main] DEBUG io.netty.util.ResourceLeakDetector - -Dio.netty.leakDetection.targetRecords: 4
18:07:29.679 [main] DEBUG io.netty.util.internal.InternalThreadLocalMap - -Dio.netty.threadLocalMap.stringBuilder.initialSize: 1024
18:07:29.679 [main] DEBUG io.netty.util.internal.InternalThreadLocalMap - -Dio.netty.threadLocalMap.stringBuilder.maxSize: 4096
18:07:29.679 [main] DEBUG io.netty.util.internal.PlatformDependent0 - -Dio.netty.noUnsafe: false
18:07:29.679 [main] DEBUG io.netty.util.internal.PlatformDependent0 - Java version: 8
18:07:29.679 [main] DEBUG io.netty.util.internal.PlatformDependent0 - sun.misc.Unsafe.theUnsafe: available
18:07:29.679 [main] DEBUG io.netty.util.internal.PlatformDependent0 - sun.misc.Unsafe.copyMemory: available
18:07:29.679 [main] DEBUG io.netty.util.internal.PlatformDependent0 - sun.misc.Unsafe.storeFence: available
18:07:29.679 [main] DEBUG io.netty.util.internal.PlatformDependent0 - java.nio.Buffer.address: available
18:07:29.679 [main] DEBUG io.netty.util.internal.PlatformDependent0 - direct buffer constructor: available
18:07:29.680 [main] DEBUG io.netty.util.internal.PlatformDependent0 - java.nio.Bits.unaligned: available, true
18:07:29.680 [main] DEBUG io.netty.util.internal.PlatformDependent0 - jdk.internal.misc.Unsafe.allocateUninitializedArray(int): unavailable prior to Java9
18:07:29.680 [main] DEBUG io.netty.util.internal.PlatformDependent0 - java.nio.DirectByteBuffer.<init>(long, {int,long}): available
18:07:29.680 [main] DEBUG io.netty.util.internal.CleanerJava6 - java.nio.ByteBuffer.cleaner(): available
18:07:29.680 [main] DEBUG io.netty.util.internal.PlatformDependent - sun.misc.Unsafe: available
18:07:29.680 [main] DEBUG io.netty.util.internal.PlatformDependent - -Dio.netty.tmpdir: /tmp (java.io.tmpdir)
18:07:29.680 [main] DEBUG io.netty.util.internal.PlatformDependent - -Dio.netty.bitMode: 64 (sun.arch.data.model)
18:07:29.680 [main] DEBUG io.netty.util.internal.PlatformDependent - -Dio.netty.maxDirectMemory: 11420041216 bytes
18:07:29.680 [main] DEBUG io.netty.util.internal.PlatformDependent - -Dio.netty.uninitializedArrayAllocationThreshold: -1
18:07:29.680 [main] DEBUG io.netty.util.internal.PlatformDependent - -Dio.netty.noPreferDirect: false
18:07:29.680 [main] DEBUG io.netty.buffer.PooledByteBufAllocator - -Dio.netty.allocator.numHeapArenas: 0
18:07:29.680 [main] DEBUG io.netty.buffer.PooledByteBufAllocator - -Dio.netty.allocator.numDirectArenas: 2
18:07:29.680 [main] DEBUG io.netty.buffer.PooledByteBufAllocator - -Dio.netty.allocator.pageSize: 8192
18:07:29.680 [main] DEBUG io.netty.buffer.PooledByteBufAllocator - -Dio.netty.allocator.maxOrder: 9
18:07:29.680 [main] DEBUG io.netty.buffer.PooledByteBufAllocator - -Dio.netty.allocator.chunkSize: 4194304
18:07:29.680 [main] DEBUG io.netty.buffer.PooledByteBufAllocator - -Dio.netty.allocator.smallCacheSize: 256
18:07:29.680 [main] DEBUG io.netty.buffer.PooledByteBufAllocator - -Dio.netty.allocator.normalCacheSize: 64
18:07:29.680 [main] DEBUG io.netty.buffer.PooledByteBufAllocator - -Dio.netty.allocator.maxCachedBufferCapacity: 32768
18:07:29.680 [main] DEBUG io.netty.buffer.PooledByteBufAllocator - -Dio.netty.allocator.cacheTrimInterval: 8192
18:07:29.680 [main] DEBUG io.netty.buffer.PooledByteBufAllocator - -Dio.netty.allocator.cacheTrimIntervalMillis: 0
18:07:29.680 [main] DEBUG io.netty.buffer.PooledByteBufAllocator - -Dio.netty.allocator.useCacheForAllThreads: false
18:07:29.680 [main] DEBUG io.netty.buffer.PooledByteBufAllocator - -Dio.netty.allocator.maxCachedByteBuffersPerChunk: 1023
18:07:29.681 [main] DEBUG io.netty.buffer.ByteBufUtil - -Dio.netty.allocator.type: pooled
18:07:29.681 [main] DEBUG io.netty.buffer.ByteBufUtil - -Dio.netty.threadLocalDirectBufferSize: 0
18:07:29.681 [main] DEBUG io.netty.buffer.ByteBufUtil - -Dio.netty.maxThreadLocalCharBufferSize: 16384
18:07:29.681 [main] DEBUG io.netty.buffer.AbstractByteBuf - -Dio.netty.buffer.checkAccessible: true
18:07:29.681 [main] DEBUG io.netty.buffer.AbstractByteBuf - -Dio.netty.buffer.checkBounds: true
18:07:29.681 [main] DEBUG io.netty.util.ResourceLeakDetectorFactory - Loaded default ResourceLeakDetector: io.netty.util.ResourceLeakDetector@5
18:07:29.682 [main] DEBUG io.netty.util.internal.CleanerJava9 - java.nio.ByteBuffer.cleaner(): unavailable
java.lang.NoSuchMethodException: sun.misc.Unsafe.invokeCleaner(java.nio.ByteBuffer)
	at java.lang.Class.getDeclaredMethod(Class.java:2130)
	at io.netty.util.internal.CleanerJava9$1.run(CleanerJava9.java:45)
	at java.security.AccessController.doPrivileged(Native Method)
	at io.netty.util.internal.CleanerJava9.__STATIC_RESET(CleanerJava9.java:40)
	at sun.reflect.GeneratedMethodAccessor53.invoke(Unknown Source)
	at sun.reflect.DelegatingMethodAccessorImpl.invoke(DelegatingMethodAccessorImpl.java:43)
	at java.lang.reflect.Method.invoke(Method.java:498)
	at org.evosuite.runtime.classhandling.ClassResetter.reset(ClassResetter.java:159)
	at org.evosuite.runtime.classhandling.ClassStateSupport.resetClasses(ClassStateSupport.java:137)
	at io.netty.buffer.AbstractByteBufAllocator_ESTest_scaffolding.resetClasses(AbstractByteBufAllocator_ESTest_scaffolding.java:308)
	at io.netty.buffer.AbstractByteBufAllocator_ESTest_scaffolding.doneWithTestCase(AbstractByteBufAllocator_ESTest_scaffolding.java:68)
	at sun.reflect.GeneratedMethodAccessor9.invoke(Unknown Source)
	at sun.reflect.DelegatingMethodAccessorImpl.invoke(DelegatingMethodAccessorImpl.java:43)
	at java.lang.reflect.Method.invoke(Method.java:498)
	at org.junit.runners.model.FrameworkMethod$1.runReflectiveCall(FrameworkMethod.java:59)
	at org.junit.internal.runners.model.ReflectiveCallable.run(ReflectiveCallable.java:12)
	at org.junit.runners.model.FrameworkMethod.invokeExplosively(FrameworkMethod.java:56)
	at org.junit.internal.runners.statements.RunAfters.invokeMethod(RunAfters.java:46)
	at org.junit.internal.runners.statements.RunAfters.evaluate(RunAfters.java:33)
	at org.evosuite.runtime.vnet.NonFunctionalRequirementRule$1.evaluate(NonFunctionalRequirementRule.java:41)
	at org.junit.runners.ParentRunner$3.evaluate(ParentRunner.java:306)
	at org.junit.runners.BlockJUnit4ClassRunner$1.evaluate(BlockJUnit4ClassRunner.java:100)
	at org.junit.runners.ParentRunner.runLeaf(ParentRunner.java:366)
	at org.junit.runners.BlockJUnit4ClassRunner.runChild(BlockJUnit4ClassRunner.java:103)
	at org.junit.runners.BlockJUnit4ClassRunner.runChild(BlockJUnit4ClassRunner.java:63)
	at org.junit.runners.ParentRunner$4.run(ParentRunner.java:331)
	at org.junit.runners.ParentRunner$1.schedule(ParentRunner.java:79)
	at org.junit.runners.ParentRunner.runChildren(ParentRunner.java:329)
	at org.junit.runners.ParentRunner.access$100(ParentRunner.java:66)
	at org.junit.runners.ParentRunner$2.evaluate(ParentRunner.java:293)
	at org.junit.internal.runners.statements.RunBefores.evaluate(RunBefores.java:26)
	at org.junit.internal.runners.statements.RunAfters.evaluate(RunAfters.java:27)
	at org.junit.runners.ParentRunner$3.evaluate(ParentRunner.java:306)
	at org.junit.runners.ParentRunner.run(ParentRunner.java:413)
	at org.apache.maven.surefire.junit4.JUnit4Provider.execute(JUnit4Provider.java:316)
	at org.apache.maven.surefire.junit4.JUnit4Provider.executeWithRerun(JUnit4Provider.java:240)
	at org.apache.maven.surefire.junit4.JUnit4Provider.executeTestSet(JUnit4Provider.java:214)
	at org.apache.maven.surefire.junit4.JUnit4Provider.invoke(JUnit4Provider.java:155)
	at org.apache.maven.surefire.booter.ForkedBooter.runSuitesInProcess(ForkedBooter.java:385)
	at org.apache.maven.surefire.booter.ForkedBooter.execute(ForkedBooter.java:162)
	at org.apache.maven.surefire.booter.ForkedBooter.run(ForkedBooter.java:507)
	at org.apache.maven.surefire.booter.ForkedBooter.main(ForkedBooter.java:495)
18:07:29.682 [main] DEBUG io.netty.buffer.AdvancedLeakAwareByteBuf - -Dio.netty.leakDetection.acquireAndReleaseOnly: false
18:07:29.683 [main] DEBUG io.netty.util.Recycler - -Dio.netty.recycler.maxCapacityPerThread: 4096
18:07:29.684 [main] DEBUG io.netty.util.Recycler - -Dio.netty.recycler.ratio: 8
18:07:29.684 [main] DEBUG io.netty.util.Recycler - -Dio.netty.recycler.chunkSize: 32
18:07:29.684 [main] DEBUG io.netty.util.Recycler - -Dio.netty.recycler.blocking: false
18:07:29.684 [main] DEBUG io.netty.util.Recycler - -Dio.netty.recycler.batchFastThreadLocalOnly: true
18:07:29.684 [main] DEBUG io.netty.util.internal.PlatformDependent - org.jctools-core.MpscChunkedArrayQueue: available
]]></system-out>
  </testcase>
  <testcase name="test12" classname="io.netty.buffer.AbstractByteBufAllocator_ESTest" time="0.037">
    <system-out><![CDATA[18:07:29.694 [main] DEBUG io.netty.util.internal.logging.InternalLoggerFactory - Using SLF4J as the default logging framework
18:07:29.694 [main] DEBUG io.netty.util.ResourceLeakDetector - -Dio.netty.leakDetection.level: simple
18:07:29.694 [main] DEBUG io.netty.util.ResourceLeakDetector - -Dio.netty.leakDetection.targetRecords: 4
18:07:29.694 [main] DEBUG io.netty.util.internal.InternalThreadLocalMap - -Dio.netty.threadLocalMap.stringBuilder.initialSize: 1024
18:07:29.694 [main] DEBUG io.netty.util.internal.InternalThreadLocalMap - -Dio.netty.threadLocalMap.stringBuilder.maxSize: 4096
18:07:29.694 [main] DEBUG io.netty.util.internal.PlatformDependent0 - -Dio.netty.noUnsafe: false
18:07:29.694 [main] DEBUG io.netty.util.internal.PlatformDependent0 - Java version: 8
18:07:29.695 [main] DEBUG io.netty.util.internal.PlatformDependent0 - sun.misc.Unsafe.theUnsafe: available
18:07:29.695 [main] DEBUG io.netty.util.internal.PlatformDependent0 - sun.misc.Unsafe.copyMemory: available
18:07:29.695 [main] DEBUG io.netty.util.internal.PlatformDependent0 - sun.misc.Unsafe.storeFence: available
18:07:29.695 [main] DEBUG io.netty.util.internal.PlatformDependent0 - java.nio.Buffer.address: available
18:07:29.695 [main] DEBUG io.netty.util.internal.PlatformDependent0 - direct buffer constructor: available
18:07:29.695 [main] DEBUG io.netty.util.internal.PlatformDependent0 - java.nio.Bits.unaligned: available, true
18:07:29.695 [main] DEBUG io.netty.util.internal.PlatformDependent0 - jdk.internal.misc.Unsafe.allocateUninitializedArray(int): unavailable prior to Java9
18:07:29.695 [main] DEBUG io.netty.util.internal.PlatformDependent0 - java.nio.DirectByteBuffer.<init>(long, {int,long}): available
18:07:29.695 [main] DEBUG io.netty.util.internal.CleanerJava6 - java.nio.ByteBuffer.cleaner(): available
18:07:29.695 [main] DEBUG io.netty.util.internal.PlatformDependent - sun.misc.Unsafe: available
18:07:29.695 [main] DEBUG io.netty.util.internal.PlatformDependent - -Dio.netty.tmpdir: /tmp (java.io.tmpdir)
18:07:29.695 [main] DEBUG io.netty.util.internal.PlatformDependent - -Dio.netty.bitMode: 64 (sun.arch.data.model)
18:07:29.695 [main] DEBUG io.netty.util.internal.PlatformDependent - -Dio.netty.maxDirectMemory: 11420041216 bytes
18:07:29.695 [main] DEBUG io.netty.util.internal.PlatformDependent - -Dio.netty.uninitializedArrayAllocationThreshold: -1
18:07:29.695 [main] DEBUG io.netty.util.internal.PlatformDependent - -Dio.netty.noPreferDirect: false
18:07:29.696 [main] DEBUG io.netty.buffer.PooledByteBufAllocator - -Dio.netty.allocator.numHeapArenas: 0
18:07:29.696 [main] DEBUG io.netty.buffer.PooledByteBufAllocator - -Dio.netty.allocator.numDirectArenas: 2
18:07:29.696 [main] DEBUG io.netty.buffer.PooledByteBufAllocator - -Dio.netty.allocator.pageSize: 8192
18:07:29.696 [main] DEBUG io.netty.buffer.PooledByteBufAllocator - -Dio.netty.allocator.maxOrder: 9
18:07:29.696 [main] DEBUG io.netty.buffer.PooledByteBufAllocator - -Dio.netty.allocator.chunkSize: 4194304
18:07:29.696 [main] DEBUG io.netty.buffer.PooledByteBufAllocator - -Dio.netty.allocator.smallCacheSize: 256
18:07:29.696 [main] DEBUG io.netty.buffer.PooledByteBufAllocator - -Dio.netty.allocator.normalCacheSize: 64
18:07:29.696 [main] DEBUG io.netty.buffer.PooledByteBufAllocator - -Dio.netty.allocator.maxCachedBufferCapacity: 32768
18:07:29.696 [main] DEBUG io.netty.buffer.PooledByteBufAllocator - -Dio.netty.allocator.cacheTrimInterval: 8192
18:07:29.696 [main] DEBUG io.netty.buffer.PooledByteBufAllocator - -Dio.netty.allocator.cacheTrimIntervalMillis: 0
18:07:29.696 [main] DEBUG io.netty.buffer.PooledByteBufAllocator - -Dio.netty.allocator.useCacheForAllThreads: false
18:07:29.696 [main] DEBUG io.netty.buffer.PooledByteBufAllocator - -Dio.netty.allocator.maxCachedByteBuffersPerChunk: 1023
18:07:29.696 [main] DEBUG io.netty.buffer.ByteBufUtil - -Dio.netty.allocator.type: pooled
18:07:29.696 [main] DEBUG io.netty.buffer.ByteBufUtil - -Dio.netty.threadLocalDirectBufferSize: 0
18:07:29.696 [main] DEBUG io.netty.buffer.ByteBufUtil - -Dio.netty.maxThreadLocalCharBufferSize: 16384
18:07:29.697 [main] DEBUG io.netty.buffer.AbstractByteBuf - -Dio.netty.buffer.checkAccessible: true
18:07:29.697 [main] DEBUG io.netty.buffer.AbstractByteBuf - -Dio.netty.buffer.checkBounds: true
18:07:29.697 [main] DEBUG io.netty.util.ResourceLeakDetectorFactory - Loaded default ResourceLeakDetector: io.netty.util.ResourceLeakDetector@5
18:07:29.697 [main] DEBUG io.netty.util.internal.CleanerJava9 - java.nio.ByteBuffer.cleaner(): unavailable
java.lang.NoSuchMethodException: sun.misc.Unsafe.invokeCleaner(java.nio.ByteBuffer)
	at java.lang.Class.getDeclaredMethod(Class.java:2130)
	at io.netty.util.internal.CleanerJava9$1.run(CleanerJava9.java:45)
	at java.security.AccessController.doPrivileged(Native Method)
	at io.netty.util.internal.CleanerJava9.__STATIC_RESET(CleanerJava9.java:40)
	at sun.reflect.GeneratedMethodAccessor53.invoke(Unknown Source)
	at sun.reflect.DelegatingMethodAccessorImpl.invoke(DelegatingMethodAccessorImpl.java:43)
	at java.lang.reflect.Method.invoke(Method.java:498)
	at org.evosuite.runtime.classhandling.ClassResetter.reset(ClassResetter.java:159)
	at org.evosuite.runtime.classhandling.ClassStateSupport.resetClasses(ClassStateSupport.java:137)
	at io.netty.buffer.AbstractByteBufAllocator_ESTest_scaffolding.resetClasses(AbstractByteBufAllocator_ESTest_scaffolding.java:308)
	at io.netty.buffer.AbstractByteBufAllocator_ESTest_scaffolding.doneWithTestCase(AbstractByteBufAllocator_ESTest_scaffolding.java:68)
	at sun.reflect.GeneratedMethodAccessor9.invoke(Unknown Source)
	at sun.reflect.DelegatingMethodAccessorImpl.invoke(DelegatingMethodAccessorImpl.java:43)
	at java.lang.reflect.Method.invoke(Method.java:498)
	at org.junit.runners.model.FrameworkMethod$1.runReflectiveCall(FrameworkMethod.java:59)
	at org.junit.internal.runners.model.ReflectiveCallable.run(ReflectiveCallable.java:12)
	at org.junit.runners.model.FrameworkMethod.invokeExplosively(FrameworkMethod.java:56)
	at org.junit.internal.runners.statements.RunAfters.invokeMethod(RunAfters.java:46)
	at org.junit.internal.runners.statements.RunAfters.evaluate(RunAfters.java:33)
	at org.evosuite.runtime.vnet.NonFunctionalRequirementRule$1.evaluate(NonFunctionalRequirementRule.java:41)
	at org.junit.runners.ParentRunner$3.evaluate(ParentRunner.java:306)
	at org.junit.runners.BlockJUnit4ClassRunner$1.evaluate(BlockJUnit4ClassRunner.java:100)
	at org.junit.runners.ParentRunner.runLeaf(ParentRunner.java:366)
	at org.junit.runners.BlockJUnit4ClassRunner.runChild(BlockJUnit4ClassRunner.java:103)
	at org.junit.runners.BlockJUnit4ClassRunner.runChild(BlockJUnit4ClassRunner.java:63)
	at org.junit.runners.ParentRunner$4.run(ParentRunner.java:331)
	at org.junit.runners.ParentRunner$1.schedule(ParentRunner.java:79)
	at org.junit.runners.ParentRunner.runChildren(ParentRunner.java:329)
	at org.junit.runners.ParentRunner.access$100(ParentRunner.java:66)
	at org.junit.runners.ParentRunner$2.evaluate(ParentRunner.java:293)
	at org.junit.internal.runners.statements.RunBefores.evaluate(RunBefores.java:26)
	at org.junit.internal.runners.statements.RunAfters.evaluate(RunAfters.java:27)
	at org.junit.runners.ParentRunner$3.evaluate(ParentRunner.java:306)
	at org.junit.runners.ParentRunner.run(ParentRunner.java:413)
	at org.apache.maven.surefire.junit4.JUnit4Provider.execute(JUnit4Provider.java:316)
	at org.apache.maven.surefire.junit4.JUnit4Provider.executeWithRerun(JUnit4Provider.java:240)
	at org.apache.maven.surefire.junit4.JUnit4Provider.executeTestSet(JUnit4Provider.java:214)
	at org.apache.maven.surefire.junit4.JUnit4Provider.invoke(JUnit4Provider.java:155)
	at org.apache.maven.surefire.booter.ForkedBooter.runSuitesInProcess(ForkedBooter.java:385)
	at org.apache.maven.surefire.booter.ForkedBooter.execute(ForkedBooter.java:162)
	at org.apache.maven.surefire.booter.ForkedBooter.run(ForkedBooter.java:507)
	at org.apache.maven.surefire.booter.ForkedBooter.main(ForkedBooter.java:495)
18:07:29.697 [main] DEBUG io.netty.buffer.AdvancedLeakAwareByteBuf - -Dio.netty.leakDetection.acquireAndReleaseOnly: false
18:07:29.698 [main] DEBUG io.netty.util.Recycler - -Dio.netty.recycler.maxCapacityPerThread: 4096
18:07:29.698 [main] DEBUG io.netty.util.Recycler - -Dio.netty.recycler.ratio: 8
18:07:29.698 [main] DEBUG io.netty.util.Recycler - -Dio.netty.recycler.chunkSize: 32
18:07:29.698 [main] DEBUG io.netty.util.Recycler - -Dio.netty.recycler.blocking: false
18:07:29.698 [main] DEBUG io.netty.util.Recycler - -Dio.netty.recycler.batchFastThreadLocalOnly: true
18:07:29.698 [main] DEBUG io.netty.util.internal.PlatformDependent - org.jctools-core.MpscChunkedArrayQueue: available
]]></system-out>
  </testcase>
  <testcase name="test34" classname="io.netty.buffer.AbstractByteBufAllocator_ESTest" time="0.019">
    <system-out><![CDATA[18:07:29.704 [main] DEBUG io.netty.util.internal.logging.InternalLoggerFactory - Using SLF4J as the default logging framework
18:07:29.704 [main] DEBUG io.netty.util.ResourceLeakDetector - -Dio.netty.leakDetection.level: simple
18:07:29.704 [main] DEBUG io.netty.util.ResourceLeakDetector - -Dio.netty.leakDetection.targetRecords: 4
18:07:29.704 [main] DEBUG io.netty.util.internal.InternalThreadLocalMap - -Dio.netty.threadLocalMap.stringBuilder.initialSize: 1024
18:07:29.704 [main] DEBUG io.netty.util.internal.InternalThreadLocalMap - -Dio.netty.threadLocalMap.stringBuilder.maxSize: 4096
18:07:29.704 [main] DEBUG io.netty.util.internal.PlatformDependent0 - -Dio.netty.noUnsafe: false
18:07:29.704 [main] DEBUG io.netty.util.internal.PlatformDependent0 - Java version: 8
18:07:29.704 [main] DEBUG io.netty.util.internal.PlatformDependent0 - sun.misc.Unsafe.theUnsafe: available
18:07:29.704 [main] DEBUG io.netty.util.internal.PlatformDependent0 - sun.misc.Unsafe.copyMemory: available
18:07:29.704 [main] DEBUG io.netty.util.internal.PlatformDependent0 - sun.misc.Unsafe.storeFence: available
18:07:29.704 [main] DEBUG io.netty.util.internal.PlatformDependent0 - java.nio.Buffer.address: available
18:07:29.704 [main] DEBUG io.netty.util.internal.PlatformDependent0 - direct buffer constructor: available
18:07:29.705 [main] DEBUG io.netty.util.internal.PlatformDependent0 - java.nio.Bits.unaligned: available, true
18:07:29.705 [main] DEBUG io.netty.util.internal.PlatformDependent0 - jdk.internal.misc.Unsafe.allocateUninitializedArray(int): unavailable prior to Java9
18:07:29.705 [main] DEBUG io.netty.util.internal.PlatformDependent0 - java.nio.DirectByteBuffer.<init>(long, {int,long}): available
18:07:29.705 [main] DEBUG io.netty.util.internal.CleanerJava6 - java.nio.ByteBuffer.cleaner(): available
18:07:29.705 [main] DEBUG io.netty.util.internal.PlatformDependent - sun.misc.Unsafe: available
18:07:29.705 [main] DEBUG io.netty.util.internal.PlatformDependent - -Dio.netty.tmpdir: /tmp (java.io.tmpdir)
18:07:29.705 [main] DEBUG io.netty.util.internal.PlatformDependent - -Dio.netty.bitMode: 64 (sun.arch.data.model)
18:07:29.705 [main] DEBUG io.netty.util.internal.PlatformDependent - -Dio.netty.maxDirectMemory: 11420041216 bytes
18:07:29.705 [main] DEBUG io.netty.util.internal.PlatformDependent - -Dio.netty.uninitializedArrayAllocationThreshold: -1
18:07:29.705 [main] DEBUG io.netty.util.internal.PlatformDependent - -Dio.netty.noPreferDirect: false
18:07:29.705 [main] DEBUG io.netty.buffer.PooledByteBufAllocator - -Dio.netty.allocator.numHeapArenas: 0
18:07:29.705 [main] DEBUG io.netty.buffer.PooledByteBufAllocator - -Dio.netty.allocator.numDirectArenas: 2
18:07:29.705 [main] DEBUG io.netty.buffer.PooledByteBufAllocator - -Dio.netty.allocator.pageSize: 8192
18:07:29.705 [main] DEBUG io.netty.buffer.PooledByteBufAllocator - -Dio.netty.allocator.maxOrder: 9
18:07:29.705 [main] DEBUG io.netty.buffer.PooledByteBufAllocator - -Dio.netty.allocator.chunkSize: 4194304
18:07:29.705 [main] DEBUG io.netty.buffer.PooledByteBufAllocator - -Dio.netty.allocator.smallCacheSize: 256
18:07:29.705 [main] DEBUG io.netty.buffer.PooledByteBufAllocator - -Dio.netty.allocator.normalCacheSize: 64
18:07:29.705 [main] DEBUG io.netty.buffer.PooledByteBufAllocator - -Dio.netty.allocator.maxCachedBufferCapacity: 32768
18:07:29.705 [main] DEBUG io.netty.buffer.PooledByteBufAllocator - -Dio.netty.allocator.cacheTrimInterval: 8192
18:07:29.705 [main] DEBUG io.netty.buffer.PooledByteBufAllocator - -Dio.netty.allocator.cacheTrimIntervalMillis: 0
18:07:29.705 [main] DEBUG io.netty.buffer.PooledByteBufAllocator - -Dio.netty.allocator.useCacheForAllThreads: false
18:07:29.705 [main] DEBUG io.netty.buffer.PooledByteBufAllocator - -Dio.netty.allocator.maxCachedByteBuffersPerChunk: 1023
18:07:29.706 [main] DEBUG io.netty.buffer.ByteBufUtil - -Dio.netty.allocator.type: pooled
18:07:29.706 [main] DEBUG io.netty.buffer.ByteBufUtil - -Dio.netty.threadLocalDirectBufferSize: 0
18:07:29.706 [main] DEBUG io.netty.buffer.ByteBufUtil - -Dio.netty.maxThreadLocalCharBufferSize: 16384
18:07:29.706 [main] DEBUG io.netty.buffer.AbstractByteBuf - -Dio.netty.buffer.checkAccessible: true
18:07:29.706 [main] DEBUG io.netty.buffer.AbstractByteBuf - -Dio.netty.buffer.checkBounds: true
18:07:29.706 [main] DEBUG io.netty.util.ResourceLeakDetectorFactory - Loaded default ResourceLeakDetector: io.netty.util.ResourceLeakDetector@5
18:07:29.706 [main] DEBUG io.netty.util.internal.CleanerJava9 - java.nio.ByteBuffer.cleaner(): unavailable
java.lang.NoSuchMethodException: sun.misc.Unsafe.invokeCleaner(java.nio.ByteBuffer)
	at java.lang.Class.getDeclaredMethod(Class.java:2130)
	at io.netty.util.internal.CleanerJava9$1.run(CleanerJava9.java:45)
	at java.security.AccessController.doPrivileged(Native Method)
	at io.netty.util.internal.CleanerJava9.__STATIC_RESET(CleanerJava9.java:40)
	at sun.reflect.GeneratedMethodAccessor53.invoke(Unknown Source)
	at sun.reflect.DelegatingMethodAccessorImpl.invoke(DelegatingMethodAccessorImpl.java:43)
	at java.lang.reflect.Method.invoke(Method.java:498)
	at org.evosuite.runtime.classhandling.ClassResetter.reset(ClassResetter.java:159)
	at org.evosuite.runtime.classhandling.ClassStateSupport.resetClasses(ClassStateSupport.java:137)
	at io.netty.buffer.AbstractByteBufAllocator_ESTest_scaffolding.resetClasses(AbstractByteBufAllocator_ESTest_scaffolding.java:308)
	at io.netty.buffer.AbstractByteBufAllocator_ESTest_scaffolding.doneWithTestCase(AbstractByteBufAllocator_ESTest_scaffolding.java:68)
	at sun.reflect.GeneratedMethodAccessor9.invoke(Unknown Source)
	at sun.reflect.DelegatingMethodAccessorImpl.invoke(DelegatingMethodAccessorImpl.java:43)
	at java.lang.reflect.Method.invoke(Method.java:498)
	at org.junit.runners.model.FrameworkMethod$1.runReflectiveCall(FrameworkMethod.java:59)
	at org.junit.internal.runners.model.ReflectiveCallable.run(ReflectiveCallable.java:12)
	at org.junit.runners.model.FrameworkMethod.invokeExplosively(FrameworkMethod.java:56)
	at org.junit.internal.runners.statements.RunAfters.invokeMethod(RunAfters.java:46)
	at org.junit.internal.runners.statements.RunAfters.evaluate(RunAfters.java:33)
	at org.evosuite.runtime.vnet.NonFunctionalRequirementRule$1.evaluate(NonFunctionalRequirementRule.java:41)
	at org.junit.runners.ParentRunner$3.evaluate(ParentRunner.java:306)
	at org.junit.runners.BlockJUnit4ClassRunner$1.evaluate(BlockJUnit4ClassRunner.java:100)
	at org.junit.runners.ParentRunner.runLeaf(ParentRunner.java:366)
	at org.junit.runners.BlockJUnit4ClassRunner.runChild(BlockJUnit4ClassRunner.java:103)
	at org.junit.runners.BlockJUnit4ClassRunner.runChild(BlockJUnit4ClassRunner.java:63)
	at org.junit.runners.ParentRunner$4.run(ParentRunner.java:331)
	at org.junit.runners.ParentRunner$1.schedule(ParentRunner.java:79)
	at org.junit.runners.ParentRunner.runChildren(ParentRunner.java:329)
	at org.junit.runners.ParentRunner.access$100(ParentRunner.java:66)
	at org.junit.runners.ParentRunner$2.evaluate(ParentRunner.java:293)
	at org.junit.internal.runners.statements.RunBefores.evaluate(RunBefores.java:26)
	at org.junit.internal.runners.statements.RunAfters.evaluate(RunAfters.java:27)
	at org.junit.runners.ParentRunner$3.evaluate(ParentRunner.java:306)
	at org.junit.runners.ParentRunner.run(ParentRunner.java:413)
	at org.apache.maven.surefire.junit4.JUnit4Provider.execute(JUnit4Provider.java:316)
	at org.apache.maven.surefire.junit4.JUnit4Provider.executeWithRerun(JUnit4Provider.java:240)
	at org.apache.maven.surefire.junit4.JUnit4Provider.executeTestSet(JUnit4Provider.java:214)
	at org.apache.maven.surefire.junit4.JUnit4Provider.invoke(JUnit4Provider.java:155)
	at org.apache.maven.surefire.booter.ForkedBooter.runSuitesInProcess(ForkedBooter.java:385)
	at org.apache.maven.surefire.booter.ForkedBooter.execute(ForkedBooter.java:162)
	at org.apache.maven.surefire.booter.ForkedBooter.run(ForkedBooter.java:507)
	at org.apache.maven.surefire.booter.ForkedBooter.main(ForkedBooter.java:495)
18:07:29.707 [main] DEBUG io.netty.buffer.AdvancedLeakAwareByteBuf - -Dio.netty.leakDetection.acquireAndReleaseOnly: false
18:07:29.708 [main] DEBUG io.netty.util.Recycler - -Dio.netty.recycler.maxCapacityPerThread: 4096
18:07:29.708 [main] DEBUG io.netty.util.Recycler - -Dio.netty.recycler.ratio: 8
18:07:29.708 [main] DEBUG io.netty.util.Recycler - -Dio.netty.recycler.chunkSize: 32
18:07:29.708 [main] DEBUG io.netty.util.Recycler - -Dio.netty.recycler.blocking: false
18:07:29.708 [main] DEBUG io.netty.util.Recycler - -Dio.netty.recycler.batchFastThreadLocalOnly: true
18:07:29.709 [main] DEBUG io.netty.util.internal.PlatformDependent - org.jctools-core.MpscChunkedArrayQueue: available
]]></system-out>
  </testcase>
  <testcase name="test13" classname="io.netty.buffer.AbstractByteBufAllocator_ESTest" time="0.032">
    <system-out><![CDATA[18:07:29.716 [main] DEBUG io.netty.util.internal.logging.InternalLoggerFactory - Using SLF4J as the default logging framework
18:07:29.716 [main] DEBUG io.netty.util.ResourceLeakDetector - -Dio.netty.leakDetection.level: simple
18:07:29.716 [main] DEBUG io.netty.util.ResourceLeakDetector - -Dio.netty.leakDetection.targetRecords: 4
18:07:29.716 [main] DEBUG io.netty.util.internal.InternalThreadLocalMap - -Dio.netty.threadLocalMap.stringBuilder.initialSize: 1024
18:07:29.716 [main] DEBUG io.netty.util.internal.InternalThreadLocalMap - -Dio.netty.threadLocalMap.stringBuilder.maxSize: 4096
18:07:29.716 [main] DEBUG io.netty.util.internal.PlatformDependent0 - -Dio.netty.noUnsafe: false
18:07:29.716 [main] DEBUG io.netty.util.internal.PlatformDependent0 - Java version: 8
18:07:29.716 [main] DEBUG io.netty.util.internal.PlatformDependent0 - sun.misc.Unsafe.theUnsafe: available
18:07:29.716 [main] DEBUG io.netty.util.internal.PlatformDependent0 - sun.misc.Unsafe.copyMemory: available
18:07:29.716 [main] DEBUG io.netty.util.internal.PlatformDependent0 - sun.misc.Unsafe.storeFence: available
18:07:29.716 [main] DEBUG io.netty.util.internal.PlatformDependent0 - java.nio.Buffer.address: available
18:07:29.716 [main] DEBUG io.netty.util.internal.PlatformDependent0 - direct buffer constructor: available
18:07:29.716 [main] DEBUG io.netty.util.internal.PlatformDependent0 - java.nio.Bits.unaligned: available, true
18:07:29.716 [main] DEBUG io.netty.util.internal.PlatformDependent0 - jdk.internal.misc.Unsafe.allocateUninitializedArray(int): unavailable prior to Java9
18:07:29.716 [main] DEBUG io.netty.util.internal.PlatformDependent0 - java.nio.DirectByteBuffer.<init>(long, {int,long}): available
18:07:29.716 [main] DEBUG io.netty.util.internal.CleanerJava6 - java.nio.ByteBuffer.cleaner(): available
18:07:29.717 [main] DEBUG io.netty.util.internal.PlatformDependent - sun.misc.Unsafe: available
18:07:29.717 [main] DEBUG io.netty.util.internal.PlatformDependent - -Dio.netty.tmpdir: /tmp (java.io.tmpdir)
18:07:29.717 [main] DEBUG io.netty.util.internal.PlatformDependent - -Dio.netty.bitMode: 64 (sun.arch.data.model)
18:07:29.717 [main] DEBUG io.netty.util.internal.PlatformDependent - -Dio.netty.maxDirectMemory: 11420041216 bytes
18:07:29.717 [main] DEBUG io.netty.util.internal.PlatformDependent - -Dio.netty.uninitializedArrayAllocationThreshold: -1
18:07:29.717 [main] DEBUG io.netty.util.internal.PlatformDependent - -Dio.netty.noPreferDirect: false
18:07:29.717 [main] DEBUG io.netty.buffer.PooledByteBufAllocator - -Dio.netty.allocator.numHeapArenas: 0
18:07:29.717 [main] DEBUG io.netty.buffer.PooledByteBufAllocator - -Dio.netty.allocator.numDirectArenas: 2
18:07:29.717 [main] DEBUG io.netty.buffer.PooledByteBufAllocator - -Dio.netty.allocator.pageSize: 8192
18:07:29.717 [main] DEBUG io.netty.buffer.PooledByteBufAllocator - -Dio.netty.allocator.maxOrder: 9
18:07:29.717 [main] DEBUG io.netty.buffer.PooledByteBufAllocator - -Dio.netty.allocator.chunkSize: 4194304
18:07:29.717 [main] DEBUG io.netty.buffer.PooledByteBufAllocator - -Dio.netty.allocator.smallCacheSize: 256
18:07:29.717 [main] DEBUG io.netty.buffer.PooledByteBufAllocator - -Dio.netty.allocator.normalCacheSize: 64
18:07:29.717 [main] DEBUG io.netty.buffer.PooledByteBufAllocator - -Dio.netty.allocator.maxCachedBufferCapacity: 32768
18:07:29.717 [main] DEBUG io.netty.buffer.PooledByteBufAllocator - -Dio.netty.allocator.cacheTrimInterval: 8192
18:07:29.717 [main] DEBUG io.netty.buffer.PooledByteBufAllocator - -Dio.netty.allocator.cacheTrimIntervalMillis: 0
18:07:29.717 [main] DEBUG io.netty.buffer.PooledByteBufAllocator - -Dio.netty.allocator.useCacheForAllThreads: false
18:07:29.717 [main] DEBUG io.netty.buffer.PooledByteBufAllocator - -Dio.netty.allocator.maxCachedByteBuffersPerChunk: 1023
18:07:29.717 [main] DEBUG io.netty.buffer.ByteBufUtil - -Dio.netty.allocator.type: pooled
18:07:29.717 [main] DEBUG io.netty.buffer.ByteBufUtil - -Dio.netty.threadLocalDirectBufferSize: 0
18:07:29.717 [main] DEBUG io.netty.buffer.ByteBufUtil - -Dio.netty.maxThreadLocalCharBufferSize: 16384
18:07:29.717 [main] DEBUG io.netty.buffer.AbstractByteBuf - -Dio.netty.buffer.checkAccessible: true
18:07:29.717 [main] DEBUG io.netty.buffer.AbstractByteBuf - -Dio.netty.buffer.checkBounds: true
18:07:29.717 [main] DEBUG io.netty.util.ResourceLeakDetectorFactory - Loaded default ResourceLeakDetector: io.netty.util.ResourceLeakDetector@5
18:07:29.717 [main] DEBUG io.netty.util.internal.CleanerJava9 - java.nio.ByteBuffer.cleaner(): unavailable
java.lang.NoSuchMethodException: sun.misc.Unsafe.invokeCleaner(java.nio.ByteBuffer)
	at java.lang.Class.getDeclaredMethod(Class.java:2130)
	at io.netty.util.internal.CleanerJava9$1.run(CleanerJava9.java:45)
	at java.security.AccessController.doPrivileged(Native Method)
	at io.netty.util.internal.CleanerJava9.__STATIC_RESET(CleanerJava9.java:40)
	at sun.reflect.GeneratedMethodAccessor53.invoke(Unknown Source)
	at sun.reflect.DelegatingMethodAccessorImpl.invoke(DelegatingMethodAccessorImpl.java:43)
	at java.lang.reflect.Method.invoke(Method.java:498)
	at org.evosuite.runtime.classhandling.ClassResetter.reset(ClassResetter.java:159)
	at org.evosuite.runtime.classhandling.ClassStateSupport.resetClasses(ClassStateSupport.java:137)
	at io.netty.buffer.AbstractByteBufAllocator_ESTest_scaffolding.resetClasses(AbstractByteBufAllocator_ESTest_scaffolding.java:308)
	at io.netty.buffer.AbstractByteBufAllocator_ESTest_scaffolding.doneWithTestCase(AbstractByteBufAllocator_ESTest_scaffolding.java:68)
	at sun.reflect.GeneratedMethodAccessor9.invoke(Unknown Source)
	at sun.reflect.DelegatingMethodAccessorImpl.invoke(DelegatingMethodAccessorImpl.java:43)
	at java.lang.reflect.Method.invoke(Method.java:498)
	at org.junit.runners.model.FrameworkMethod$1.runReflectiveCall(FrameworkMethod.java:59)
	at org.junit.internal.runners.model.ReflectiveCallable.run(ReflectiveCallable.java:12)
	at org.junit.runners.model.FrameworkMethod.invokeExplosively(FrameworkMethod.java:56)
	at org.junit.internal.runners.statements.RunAfters.invokeMethod(RunAfters.java:46)
	at org.junit.internal.runners.statements.RunAfters.evaluate(RunAfters.java:33)
	at org.evosuite.runtime.vnet.NonFunctionalRequirementRule$1.evaluate(NonFunctionalRequirementRule.java:41)
	at org.junit.runners.ParentRunner$3.evaluate(ParentRunner.java:306)
	at org.junit.runners.BlockJUnit4ClassRunner$1.evaluate(BlockJUnit4ClassRunner.java:100)
	at org.junit.runners.ParentRunner.runLeaf(ParentRunner.java:366)
	at org.junit.runners.BlockJUnit4ClassRunner.runChild(BlockJUnit4ClassRunner.java:103)
	at org.junit.runners.BlockJUnit4ClassRunner.runChild(BlockJUnit4ClassRunner.java:63)
	at org.junit.runners.ParentRunner$4.run(ParentRunner.java:331)
	at org.junit.runners.ParentRunner$1.schedule(ParentRunner.java:79)
	at org.junit.runners.ParentRunner.runChildren(ParentRunner.java:329)
	at org.junit.runners.ParentRunner.access$100(ParentRunner.java:66)
	at org.junit.runners.ParentRunner$2.evaluate(ParentRunner.java:293)
	at org.junit.internal.runners.statements.RunBefores.evaluate(RunBefores.java:26)
	at org.junit.internal.runners.statements.RunAfters.evaluate(RunAfters.java:27)
	at org.junit.runners.ParentRunner$3.evaluate(ParentRunner.java:306)
	at org.junit.runners.ParentRunner.run(ParentRunner.java:413)
	at org.apache.maven.surefire.junit4.JUnit4Provider.execute(JUnit4Provider.java:316)
	at org.apache.maven.surefire.junit4.JUnit4Provider.executeWithRerun(JUnit4Provider.java:240)
	at org.apache.maven.surefire.junit4.JUnit4Provider.executeTestSet(JUnit4Provider.java:214)
	at org.apache.maven.surefire.junit4.JUnit4Provider.invoke(JUnit4Provider.java:155)
	at org.apache.maven.surefire.booter.ForkedBooter.runSuitesInProcess(ForkedBooter.java:385)
	at org.apache.maven.surefire.booter.ForkedBooter.execute(ForkedBooter.java:162)
	at org.apache.maven.surefire.booter.ForkedBooter.run(ForkedBooter.java:507)
	at org.apache.maven.surefire.booter.ForkedBooter.main(ForkedBooter.java:495)
18:07:29.718 [main] DEBUG io.netty.buffer.AdvancedLeakAwareByteBuf - -Dio.netty.leakDetection.acquireAndReleaseOnly: false
18:07:29.718 [main] DEBUG io.netty.util.Recycler - -Dio.netty.recycler.maxCapacityPerThread: 4096
18:07:29.718 [main] DEBUG io.netty.util.Recycler - -Dio.netty.recycler.ratio: 8
18:07:29.718 [main] DEBUG io.netty.util.Recycler - -Dio.netty.recycler.chunkSize: 32
18:07:29.718 [main] DEBUG io.netty.util.Recycler - -Dio.netty.recycler.blocking: false
18:07:29.718 [main] DEBUG io.netty.util.Recycler - -Dio.netty.recycler.batchFastThreadLocalOnly: true
18:07:29.718 [main] DEBUG io.netty.util.internal.PlatformDependent - org.jctools-core.MpscChunkedArrayQueue: available
]]></system-out>
  </testcase>
  <testcase name="test35" classname="io.netty.buffer.AbstractByteBufAllocator_ESTest" time="0.017">
    <system-out><![CDATA[18:07:29.723 [main] INFO org.evosuite.runtime.thread.ThreadStopper - Found new thread
18:07:29.723 [main] DEBUG io.netty.util.internal.logging.InternalLoggerFactory - Using SLF4J as the default logging framework
18:07:29.723 [main] DEBUG io.netty.util.ResourceLeakDetector - -Dio.netty.leakDetection.level: simple
18:07:29.723 [main] DEBUG io.netty.util.ResourceLeakDetector - -Dio.netty.leakDetection.targetRecords: 4
18:07:29.724 [main] DEBUG io.netty.util.internal.InternalThreadLocalMap - -Dio.netty.threadLocalMap.stringBuilder.initialSize: 1024
18:07:29.724 [main] DEBUG io.netty.util.internal.InternalThreadLocalMap - -Dio.netty.threadLocalMap.stringBuilder.maxSize: 4096
18:07:29.724 [main] DEBUG io.netty.util.internal.PlatformDependent0 - -Dio.netty.noUnsafe: false
18:07:29.724 [main] DEBUG io.netty.util.internal.PlatformDependent0 - Java version: 8
18:07:29.724 [main] DEBUG io.netty.util.internal.PlatformDependent0 - sun.misc.Unsafe.theUnsafe: available
18:07:29.724 [main] DEBUG io.netty.util.internal.PlatformDependent0 - sun.misc.Unsafe.copyMemory: available
18:07:29.724 [main] DEBUG io.netty.util.internal.PlatformDependent0 - sun.misc.Unsafe.storeFence: available
18:07:29.724 [main] DEBUG io.netty.util.internal.PlatformDependent0 - java.nio.Buffer.address: available
18:07:29.725 [main] DEBUG io.netty.util.internal.PlatformDependent0 - direct buffer constructor: available
18:07:29.725 [main] DEBUG io.netty.util.internal.PlatformDependent0 - java.nio.Bits.unaligned: available, true
18:07:29.725 [main] DEBUG io.netty.util.internal.PlatformDependent0 - jdk.internal.misc.Unsafe.allocateUninitializedArray(int): unavailable prior to Java9
18:07:29.725 [main] DEBUG io.netty.util.internal.PlatformDependent0 - java.nio.DirectByteBuffer.<init>(long, {int,long}): available
18:07:29.725 [main] DEBUG io.netty.util.internal.CleanerJava6 - java.nio.ByteBuffer.cleaner(): available
18:07:29.725 [main] DEBUG io.netty.util.internal.PlatformDependent - sun.misc.Unsafe: available
18:07:29.725 [main] DEBUG io.netty.util.internal.PlatformDependent - -Dio.netty.tmpdir: /tmp (java.io.tmpdir)
18:07:29.725 [main] DEBUG io.netty.util.internal.PlatformDependent - -Dio.netty.bitMode: 64 (sun.arch.data.model)
18:07:29.725 [main] DEBUG io.netty.util.internal.PlatformDependent - -Dio.netty.maxDirectMemory: 11420041216 bytes
18:07:29.725 [main] DEBUG io.netty.util.internal.PlatformDependent - -Dio.netty.uninitializedArrayAllocationThreshold: -1
18:07:29.725 [main] DEBUG io.netty.util.internal.PlatformDependent - -Dio.netty.noPreferDirect: false
18:07:29.726 [main] DEBUG io.netty.buffer.PooledByteBufAllocator - -Dio.netty.allocator.numHeapArenas: 0
18:07:29.726 [main] DEBUG io.netty.buffer.PooledByteBufAllocator - -Dio.netty.allocator.numDirectArenas: 2
18:07:29.726 [main] DEBUG io.netty.buffer.PooledByteBufAllocator - -Dio.netty.allocator.pageSize: 8192
18:07:29.726 [main] DEBUG io.netty.buffer.PooledByteBufAllocator - -Dio.netty.allocator.maxOrder: 9
18:07:29.726 [main] DEBUG io.netty.buffer.PooledByteBufAllocator - -Dio.netty.allocator.chunkSize: 4194304
18:07:29.726 [main] DEBUG io.netty.buffer.PooledByteBufAllocator - -Dio.netty.allocator.smallCacheSize: 256
18:07:29.726 [main] DEBUG io.netty.buffer.PooledByteBufAllocator - -Dio.netty.allocator.normalCacheSize: 64
18:07:29.726 [main] DEBUG io.netty.buffer.PooledByteBufAllocator - -Dio.netty.allocator.maxCachedBufferCapacity: 32768
18:07:29.726 [main] DEBUG io.netty.buffer.PooledByteBufAllocator - -Dio.netty.allocator.cacheTrimInterval: 8192
18:07:29.726 [main] DEBUG io.netty.buffer.PooledByteBufAllocator - -Dio.netty.allocator.cacheTrimIntervalMillis: 0
18:07:29.726 [main] DEBUG io.netty.buffer.PooledByteBufAllocator - -Dio.netty.allocator.useCacheForAllThreads: false
18:07:29.726 [main] DEBUG io.netty.buffer.PooledByteBufAllocator - -Dio.netty.allocator.maxCachedByteBuffersPerChunk: 1023
18:07:29.727 [main] DEBUG io.netty.buffer.ByteBufUtil - -Dio.netty.allocator.type: pooled
18:07:29.727 [main] DEBUG io.netty.buffer.ByteBufUtil - -Dio.netty.threadLocalDirectBufferSize: 0
18:07:29.727 [main] DEBUG io.netty.buffer.ByteBufUtil - -Dio.netty.maxThreadLocalCharBufferSize: 16384
18:07:29.727 [main] DEBUG io.netty.buffer.AbstractByteBuf - -Dio.netty.buffer.checkAccessible: true
18:07:29.727 [main] DEBUG io.netty.buffer.AbstractByteBuf - -Dio.netty.buffer.checkBounds: true
18:07:29.727 [main] DEBUG io.netty.util.ResourceLeakDetectorFactory - Loaded default ResourceLeakDetector: io.netty.util.ResourceLeakDetector@5
18:07:29.727 [main] DEBUG io.netty.util.internal.CleanerJava9 - java.nio.ByteBuffer.cleaner(): unavailable
java.lang.NoSuchMethodException: sun.misc.Unsafe.invokeCleaner(java.nio.ByteBuffer)
	at java.lang.Class.getDeclaredMethod(Class.java:2130)
	at io.netty.util.internal.CleanerJava9$1.run(CleanerJava9.java:45)
	at java.security.AccessController.doPrivileged(Native Method)
	at io.netty.util.internal.CleanerJava9.__STATIC_RESET(CleanerJava9.java:40)
	at sun.reflect.GeneratedMethodAccessor53.invoke(Unknown Source)
	at sun.reflect.DelegatingMethodAccessorImpl.invoke(DelegatingMethodAccessorImpl.java:43)
	at java.lang.reflect.Method.invoke(Method.java:498)
	at org.evosuite.runtime.classhandling.ClassResetter.reset(ClassResetter.java:159)
	at org.evosuite.runtime.classhandling.ClassStateSupport.resetClasses(ClassStateSupport.java:137)
	at io.netty.buffer.AbstractByteBufAllocator_ESTest_scaffolding.resetClasses(AbstractByteBufAllocator_ESTest_scaffolding.java:308)
	at io.netty.buffer.AbstractByteBufAllocator_ESTest_scaffolding.doneWithTestCase(AbstractByteBufAllocator_ESTest_scaffolding.java:68)
	at sun.reflect.GeneratedMethodAccessor9.invoke(Unknown Source)
	at sun.reflect.DelegatingMethodAccessorImpl.invoke(DelegatingMethodAccessorImpl.java:43)
	at java.lang.reflect.Method.invoke(Method.java:498)
	at org.junit.runners.model.FrameworkMethod$1.runReflectiveCall(FrameworkMethod.java:59)
	at org.junit.internal.runners.model.ReflectiveCallable.run(ReflectiveCallable.java:12)
	at org.junit.runners.model.FrameworkMethod.invokeExplosively(FrameworkMethod.java:56)
	at org.junit.internal.runners.statements.RunAfters.invokeMethod(RunAfters.java:46)
	at org.junit.internal.runners.statements.RunAfters.evaluate(RunAfters.java:33)
	at org.evosuite.runtime.vnet.NonFunctionalRequirementRule$1.evaluate(NonFunctionalRequirementRule.java:41)
	at org.junit.runners.ParentRunner$3.evaluate(ParentRunner.java:306)
	at org.junit.runners.BlockJUnit4ClassRunner$1.evaluate(BlockJUnit4ClassRunner.java:100)
	at org.junit.runners.ParentRunner.runLeaf(ParentRunner.java:366)
	at org.junit.runners.BlockJUnit4ClassRunner.runChild(BlockJUnit4ClassRunner.java:103)
	at org.junit.runners.BlockJUnit4ClassRunner.runChild(BlockJUnit4ClassRunner.java:63)
	at org.junit.runners.ParentRunner$4.run(ParentRunner.java:331)
	at org.junit.runners.ParentRunner$1.schedule(ParentRunner.java:79)
	at org.junit.runners.ParentRunner.runChildren(ParentRunner.java:329)
	at org.junit.runners.ParentRunner.access$100(ParentRunner.java:66)
	at org.junit.runners.ParentRunner$2.evaluate(ParentRunner.java:293)
	at org.junit.internal.runners.statements.RunBefores.evaluate(RunBefores.java:26)
	at org.junit.internal.runners.statements.RunAfters.evaluate(RunAfters.java:27)
	at org.junit.runners.ParentRunner$3.evaluate(ParentRunner.java:306)
	at org.junit.runners.ParentRunner.run(ParentRunner.java:413)
	at org.apache.maven.surefire.junit4.JUnit4Provider.execute(JUnit4Provider.java:316)
	at org.apache.maven.surefire.junit4.JUnit4Provider.executeWithRerun(JUnit4Provider.java:240)
	at org.apache.maven.surefire.junit4.JUnit4Provider.executeTestSet(JUnit4Provider.java:214)
	at org.apache.maven.surefire.junit4.JUnit4Provider.invoke(JUnit4Provider.java:155)
	at org.apache.maven.surefire.booter.ForkedBooter.runSuitesInProcess(ForkedBooter.java:385)
	at org.apache.maven.surefire.booter.ForkedBooter.execute(ForkedBooter.java:162)
	at org.apache.maven.surefire.booter.ForkedBooter.run(ForkedBooter.java:507)
	at org.apache.maven.surefire.booter.ForkedBooter.main(ForkedBooter.java:495)
18:07:29.728 [main] DEBUG io.netty.buffer.AdvancedLeakAwareByteBuf - -Dio.netty.leakDetection.acquireAndReleaseOnly: false
18:07:29.729 [main] DEBUG io.netty.util.Recycler - -Dio.netty.recycler.maxCapacityPerThread: 4096
18:07:29.729 [main] DEBUG io.netty.util.Recycler - -Dio.netty.recycler.ratio: 8
18:07:29.729 [main] DEBUG io.netty.util.Recycler - -Dio.netty.recycler.chunkSize: 32
18:07:29.729 [main] DEBUG io.netty.util.Recycler - -Dio.netty.recycler.blocking: false
18:07:29.729 [main] DEBUG io.netty.util.Recycler - -Dio.netty.recycler.batchFastThreadLocalOnly: true
18:07:29.729 [main] DEBUG io.netty.util.internal.PlatformDependent - org.jctools-core.MpscChunkedArrayQueue: available
]]></system-out>
  </testcase>
  <testcase name="test14" classname="io.netty.buffer.AbstractByteBufAllocator_ESTest" time="0.014">
    <system-out><![CDATA[18:07:29.740 [main] DEBUG io.netty.util.internal.logging.InternalLoggerFactory - Using SLF4J as the default logging framework
18:07:29.740 [main] DEBUG io.netty.util.ResourceLeakDetector - -Dio.netty.leakDetection.level: simple
18:07:29.740 [main] DEBUG io.netty.util.ResourceLeakDetector - -Dio.netty.leakDetection.targetRecords: 4
18:07:29.740 [main] DEBUG io.netty.util.internal.InternalThreadLocalMap - -Dio.netty.threadLocalMap.stringBuilder.initialSize: 1024
18:07:29.740 [main] DEBUG io.netty.util.internal.InternalThreadLocalMap - -Dio.netty.threadLocalMap.stringBuilder.maxSize: 4096
18:07:29.740 [main] DEBUG io.netty.util.internal.PlatformDependent0 - -Dio.netty.noUnsafe: false
18:07:29.740 [main] DEBUG io.netty.util.internal.PlatformDependent0 - Java version: 8
18:07:29.740 [main] DEBUG io.netty.util.internal.PlatformDependent0 - sun.misc.Unsafe.theUnsafe: available
18:07:29.740 [main] DEBUG io.netty.util.internal.PlatformDependent0 - sun.misc.Unsafe.copyMemory: available
18:07:29.740 [main] DEBUG io.netty.util.internal.PlatformDependent0 - sun.misc.Unsafe.storeFence: available
18:07:29.740 [main] DEBUG io.netty.util.internal.PlatformDependent0 - java.nio.Buffer.address: available
18:07:29.740 [main] DEBUG io.netty.util.internal.PlatformDependent0 - direct buffer constructor: available
18:07:29.740 [main] DEBUG io.netty.util.internal.PlatformDependent0 - java.nio.Bits.unaligned: available, true
18:07:29.740 [main] DEBUG io.netty.util.internal.PlatformDependent0 - jdk.internal.misc.Unsafe.allocateUninitializedArray(int): unavailable prior to Java9
18:07:29.740 [main] DEBUG io.netty.util.internal.PlatformDependent0 - java.nio.DirectByteBuffer.<init>(long, {int,long}): available
18:07:29.740 [main] DEBUG io.netty.util.internal.CleanerJava6 - java.nio.ByteBuffer.cleaner(): available
18:07:29.741 [main] DEBUG io.netty.util.internal.PlatformDependent - sun.misc.Unsafe: available
18:07:29.741 [main] DEBUG io.netty.util.internal.PlatformDependent - -Dio.netty.tmpdir: /tmp (java.io.tmpdir)
18:07:29.741 [main] DEBUG io.netty.util.internal.PlatformDependent - -Dio.netty.bitMode: 64 (sun.arch.data.model)
18:07:29.741 [main] DEBUG io.netty.util.internal.PlatformDependent - -Dio.netty.maxDirectMemory: 11420041216 bytes
18:07:29.741 [main] DEBUG io.netty.util.internal.PlatformDependent - -Dio.netty.uninitializedArrayAllocationThreshold: -1
18:07:29.741 [main] DEBUG io.netty.util.internal.PlatformDependent - -Dio.netty.noPreferDirect: false
18:07:29.741 [main] DEBUG io.netty.buffer.PooledByteBufAllocator - -Dio.netty.allocator.numHeapArenas: 0
18:07:29.741 [main] DEBUG io.netty.buffer.PooledByteBufAllocator - -Dio.netty.allocator.numDirectArenas: 2
18:07:29.741 [main] DEBUG io.netty.buffer.PooledByteBufAllocator - -Dio.netty.allocator.pageSize: 8192
18:07:29.741 [main] DEBUG io.netty.buffer.PooledByteBufAllocator - -Dio.netty.allocator.maxOrder: 9
18:07:29.741 [main] DEBUG io.netty.buffer.PooledByteBufAllocator - -Dio.netty.allocator.chunkSize: 4194304
18:07:29.741 [main] DEBUG io.netty.buffer.PooledByteBufAllocator - -Dio.netty.allocator.smallCacheSize: 256
18:07:29.741 [main] DEBUG io.netty.buffer.PooledByteBufAllocator - -Dio.netty.allocator.normalCacheSize: 64
18:07:29.741 [main] DEBUG io.netty.buffer.PooledByteBufAllocator - -Dio.netty.allocator.maxCachedBufferCapacity: 32768
18:07:29.741 [main] DEBUG io.netty.buffer.PooledByteBufAllocator - -Dio.netty.allocator.cacheTrimInterval: 8192
18:07:29.741 [main] DEBUG io.netty.buffer.PooledByteBufAllocator - -Dio.netty.allocator.cacheTrimIntervalMillis: 0
18:07:29.741 [main] DEBUG io.netty.buffer.PooledByteBufAllocator - -Dio.netty.allocator.useCacheForAllThreads: false
18:07:29.741 [main] DEBUG io.netty.buffer.PooledByteBufAllocator - -Dio.netty.allocator.maxCachedByteBuffersPerChunk: 1023
18:07:29.742 [main] DEBUG io.netty.buffer.ByteBufUtil - -Dio.netty.allocator.type: pooled
18:07:29.742 [main] DEBUG io.netty.buffer.ByteBufUtil - -Dio.netty.threadLocalDirectBufferSize: 0
18:07:29.742 [main] DEBUG io.netty.buffer.ByteBufUtil - -Dio.netty.maxThreadLocalCharBufferSize: 16384
18:07:29.742 [main] DEBUG io.netty.buffer.AbstractByteBuf - -Dio.netty.buffer.checkAccessible: true
18:07:29.742 [main] DEBUG io.netty.buffer.AbstractByteBuf - -Dio.netty.buffer.checkBounds: true
18:07:29.742 [main] DEBUG io.netty.util.ResourceLeakDetectorFactory - Loaded default ResourceLeakDetector: io.netty.util.ResourceLeakDetector@5
18:07:29.742 [main] DEBUG io.netty.util.internal.CleanerJava9 - java.nio.ByteBuffer.cleaner(): unavailable
java.lang.NoSuchMethodException: sun.misc.Unsafe.invokeCleaner(java.nio.ByteBuffer)
	at java.lang.Class.getDeclaredMethod(Class.java:2130)
	at io.netty.util.internal.CleanerJava9$1.run(CleanerJava9.java:45)
	at java.security.AccessController.doPrivileged(Native Method)
	at io.netty.util.internal.CleanerJava9.__STATIC_RESET(CleanerJava9.java:40)
	at sun.reflect.GeneratedMethodAccessor53.invoke(Unknown Source)
	at sun.reflect.DelegatingMethodAccessorImpl.invoke(DelegatingMethodAccessorImpl.java:43)
	at java.lang.reflect.Method.invoke(Method.java:498)
	at org.evosuite.runtime.classhandling.ClassResetter.reset(ClassResetter.java:159)
	at org.evosuite.runtime.classhandling.ClassStateSupport.resetClasses(ClassStateSupport.java:137)
	at io.netty.buffer.AbstractByteBufAllocator_ESTest_scaffolding.resetClasses(AbstractByteBufAllocator_ESTest_scaffolding.java:308)
	at io.netty.buffer.AbstractByteBufAllocator_ESTest_scaffolding.doneWithTestCase(AbstractByteBufAllocator_ESTest_scaffolding.java:68)
	at sun.reflect.GeneratedMethodAccessor9.invoke(Unknown Source)
	at sun.reflect.DelegatingMethodAccessorImpl.invoke(DelegatingMethodAccessorImpl.java:43)
	at java.lang.reflect.Method.invoke(Method.java:498)
	at org.junit.runners.model.FrameworkMethod$1.runReflectiveCall(FrameworkMethod.java:59)
	at org.junit.internal.runners.model.ReflectiveCallable.run(ReflectiveCallable.java:12)
	at org.junit.runners.model.FrameworkMethod.invokeExplosively(FrameworkMethod.java:56)
	at org.junit.internal.runners.statements.RunAfters.invokeMethod(RunAfters.java:46)
	at org.junit.internal.runners.statements.RunAfters.evaluate(RunAfters.java:33)
	at org.evosuite.runtime.vnet.NonFunctionalRequirementRule$1.evaluate(NonFunctionalRequirementRule.java:41)
	at org.junit.runners.ParentRunner$3.evaluate(ParentRunner.java:306)
	at org.junit.runners.BlockJUnit4ClassRunner$1.evaluate(BlockJUnit4ClassRunner.java:100)
	at org.junit.runners.ParentRunner.runLeaf(ParentRunner.java:366)
	at org.junit.runners.BlockJUnit4ClassRunner.runChild(BlockJUnit4ClassRunner.java:103)
	at org.junit.runners.BlockJUnit4ClassRunner.runChild(BlockJUnit4ClassRunner.java:63)
	at org.junit.runners.ParentRunner$4.run(ParentRunner.java:331)
	at org.junit.runners.ParentRunner$1.schedule(ParentRunner.java:79)
	at org.junit.runners.ParentRunner.runChildren(ParentRunner.java:329)
	at org.junit.runners.ParentRunner.access$100(ParentRunner.java:66)
	at org.junit.runners.ParentRunner$2.evaluate(ParentRunner.java:293)
	at org.junit.internal.runners.statements.RunBefores.evaluate(RunBefores.java:26)
	at org.junit.internal.runners.statements.RunAfters.evaluate(RunAfters.java:27)
	at org.junit.runners.ParentRunner$3.evaluate(ParentRunner.java:306)
	at org.junit.runners.ParentRunner.run(ParentRunner.java:413)
	at org.apache.maven.surefire.junit4.JUnit4Provider.execute(JUnit4Provider.java:316)
	at org.apache.maven.surefire.junit4.JUnit4Provider.executeWithRerun(JUnit4Provider.java:240)
	at org.apache.maven.surefire.junit4.JUnit4Provider.executeTestSet(JUnit4Provider.java:214)
	at org.apache.maven.surefire.junit4.JUnit4Provider.invoke(JUnit4Provider.java:155)
	at org.apache.maven.surefire.booter.ForkedBooter.runSuitesInProcess(ForkedBooter.java:385)
	at org.apache.maven.surefire.booter.ForkedBooter.execute(ForkedBooter.java:162)
	at org.apache.maven.surefire.booter.ForkedBooter.run(ForkedBooter.java:507)
	at org.apache.maven.surefire.booter.ForkedBooter.main(ForkedBooter.java:495)
18:07:29.743 [main] DEBUG io.netty.buffer.AdvancedLeakAwareByteBuf - -Dio.netty.leakDetection.acquireAndReleaseOnly: false
18:07:29.745 [main] DEBUG io.netty.util.Recycler - -Dio.netty.recycler.maxCapacityPerThread: 4096
18:07:29.745 [main] DEBUG io.netty.util.Recycler - -Dio.netty.recycler.ratio: 8
18:07:29.745 [main] DEBUG io.netty.util.Recycler - -Dio.netty.recycler.chunkSize: 32
18:07:29.745 [main] DEBUG io.netty.util.Recycler - -Dio.netty.recycler.blocking: false
18:07:29.745 [main] DEBUG io.netty.util.Recycler - -Dio.netty.recycler.batchFastThreadLocalOnly: true
18:07:29.745 [main] DEBUG io.netty.util.internal.PlatformDependent - org.jctools-core.MpscChunkedArrayQueue: available
]]></system-out>
  </testcase>
  <testcase name="test36" classname="io.netty.buffer.AbstractByteBufAllocator_ESTest" time="0.017">
    <system-out><![CDATA[18:07:29.752 [main] DEBUG io.netty.util.internal.logging.InternalLoggerFactory - Using SLF4J as the default logging framework
18:07:29.752 [main] DEBUG io.netty.util.ResourceLeakDetector - -Dio.netty.leakDetection.level: simple
18:07:29.752 [main] DEBUG io.netty.util.ResourceLeakDetector - -Dio.netty.leakDetection.targetRecords: 4
18:07:29.753 [main] DEBUG io.netty.util.internal.InternalThreadLocalMap - -Dio.netty.threadLocalMap.stringBuilder.initialSize: 1024
18:07:29.753 [main] DEBUG io.netty.util.internal.InternalThreadLocalMap - -Dio.netty.threadLocalMap.stringBuilder.maxSize: 4096
18:07:29.753 [main] DEBUG io.netty.util.internal.PlatformDependent0 - -Dio.netty.noUnsafe: false
18:07:29.753 [main] DEBUG io.netty.util.internal.PlatformDependent0 - Java version: 8
18:07:29.753 [main] DEBUG io.netty.util.internal.PlatformDependent0 - sun.misc.Unsafe.theUnsafe: available
18:07:29.753 [main] DEBUG io.netty.util.internal.PlatformDependent0 - sun.misc.Unsafe.copyMemory: available
18:07:29.753 [main] DEBUG io.netty.util.internal.PlatformDependent0 - sun.misc.Unsafe.storeFence: available
18:07:29.753 [main] DEBUG io.netty.util.internal.PlatformDependent0 - java.nio.Buffer.address: available
18:07:29.753 [main] DEBUG io.netty.util.internal.PlatformDependent0 - direct buffer constructor: available
18:07:29.753 [main] DEBUG io.netty.util.internal.PlatformDependent0 - java.nio.Bits.unaligned: available, true
18:07:29.753 [main] DEBUG io.netty.util.internal.PlatformDependent0 - jdk.internal.misc.Unsafe.allocateUninitializedArray(int): unavailable prior to Java9
18:07:29.753 [main] DEBUG io.netty.util.internal.PlatformDependent0 - java.nio.DirectByteBuffer.<init>(long, {int,long}): available
18:07:29.753 [main] DEBUG io.netty.util.internal.CleanerJava6 - java.nio.ByteBuffer.cleaner(): available
18:07:29.753 [main] DEBUG io.netty.util.internal.PlatformDependent - sun.misc.Unsafe: available
18:07:29.753 [main] DEBUG io.netty.util.internal.PlatformDependent - -Dio.netty.tmpdir: /tmp (java.io.tmpdir)
18:07:29.753 [main] DEBUG io.netty.util.internal.PlatformDependent - -Dio.netty.bitMode: 64 (sun.arch.data.model)
18:07:29.754 [main] DEBUG io.netty.util.internal.PlatformDependent - -Dio.netty.maxDirectMemory: 11420041216 bytes
18:07:29.754 [main] DEBUG io.netty.util.internal.PlatformDependent - -Dio.netty.uninitializedArrayAllocationThreshold: -1
18:07:29.754 [main] DEBUG io.netty.util.internal.PlatformDependent - -Dio.netty.noPreferDirect: false
18:07:29.754 [main] DEBUG io.netty.buffer.PooledByteBufAllocator - -Dio.netty.allocator.numHeapArenas: 0
18:07:29.754 [main] DEBUG io.netty.buffer.PooledByteBufAllocator - -Dio.netty.allocator.numDirectArenas: 2
18:07:29.754 [main] DEBUG io.netty.buffer.PooledByteBufAllocator - -Dio.netty.allocator.pageSize: 8192
18:07:29.754 [main] DEBUG io.netty.buffer.PooledByteBufAllocator - -Dio.netty.allocator.maxOrder: 9
18:07:29.754 [main] DEBUG io.netty.buffer.PooledByteBufAllocator - -Dio.netty.allocator.chunkSize: 4194304
18:07:29.754 [main] DEBUG io.netty.buffer.PooledByteBufAllocator - -Dio.netty.allocator.smallCacheSize: 256
18:07:29.754 [main] DEBUG io.netty.buffer.PooledByteBufAllocator - -Dio.netty.allocator.normalCacheSize: 64
18:07:29.754 [main] DEBUG io.netty.buffer.PooledByteBufAllocator - -Dio.netty.allocator.maxCachedBufferCapacity: 32768
18:07:29.754 [main] DEBUG io.netty.buffer.PooledByteBufAllocator - -Dio.netty.allocator.cacheTrimInterval: 8192
18:07:29.754 [main] DEBUG io.netty.buffer.PooledByteBufAllocator - -Dio.netty.allocator.cacheTrimIntervalMillis: 0
18:07:29.754 [main] DEBUG io.netty.buffer.PooledByteBufAllocator - -Dio.netty.allocator.useCacheForAllThreads: false
18:07:29.754 [main] DEBUG io.netty.buffer.PooledByteBufAllocator - -Dio.netty.allocator.maxCachedByteBuffersPerChunk: 1023
18:07:29.755 [main] DEBUG io.netty.buffer.ByteBufUtil - -Dio.netty.allocator.type: pooled
18:07:29.755 [main] DEBUG io.netty.buffer.ByteBufUtil - -Dio.netty.threadLocalDirectBufferSize: 0
18:07:29.755 [main] DEBUG io.netty.buffer.ByteBufUtil - -Dio.netty.maxThreadLocalCharBufferSize: 16384
18:07:29.755 [main] DEBUG io.netty.buffer.AbstractByteBuf - -Dio.netty.buffer.checkAccessible: true
18:07:29.755 [main] DEBUG io.netty.buffer.AbstractByteBuf - -Dio.netty.buffer.checkBounds: true
18:07:29.755 [main] DEBUG io.netty.util.ResourceLeakDetectorFactory - Loaded default ResourceLeakDetector: io.netty.util.ResourceLeakDetector@5
18:07:29.755 [main] DEBUG io.netty.util.internal.CleanerJava9 - java.nio.ByteBuffer.cleaner(): unavailable
java.lang.NoSuchMethodException: sun.misc.Unsafe.invokeCleaner(java.nio.ByteBuffer)
	at java.lang.Class.getDeclaredMethod(Class.java:2130)
	at io.netty.util.internal.CleanerJava9$1.run(CleanerJava9.java:45)
	at java.security.AccessController.doPrivileged(Native Method)
	at io.netty.util.internal.CleanerJava9.__STATIC_RESET(CleanerJava9.java:40)
	at sun.reflect.GeneratedMethodAccessor53.invoke(Unknown Source)
	at sun.reflect.DelegatingMethodAccessorImpl.invoke(DelegatingMethodAccessorImpl.java:43)
	at java.lang.reflect.Method.invoke(Method.java:498)
	at org.evosuite.runtime.classhandling.ClassResetter.reset(ClassResetter.java:159)
	at org.evosuite.runtime.classhandling.ClassStateSupport.resetClasses(ClassStateSupport.java:137)
	at io.netty.buffer.AbstractByteBufAllocator_ESTest_scaffolding.resetClasses(AbstractByteBufAllocator_ESTest_scaffolding.java:308)
	at io.netty.buffer.AbstractByteBufAllocator_ESTest_scaffolding.doneWithTestCase(AbstractByteBufAllocator_ESTest_scaffolding.java:68)
	at sun.reflect.GeneratedMethodAccessor9.invoke(Unknown Source)
	at sun.reflect.DelegatingMethodAccessorImpl.invoke(DelegatingMethodAccessorImpl.java:43)
	at java.lang.reflect.Method.invoke(Method.java:498)
	at org.junit.runners.model.FrameworkMethod$1.runReflectiveCall(FrameworkMethod.java:59)
	at org.junit.internal.runners.model.ReflectiveCallable.run(ReflectiveCallable.java:12)
	at org.junit.runners.model.FrameworkMethod.invokeExplosively(FrameworkMethod.java:56)
	at org.junit.internal.runners.statements.RunAfters.invokeMethod(RunAfters.java:46)
	at org.junit.internal.runners.statements.RunAfters.evaluate(RunAfters.java:33)
	at org.evosuite.runtime.vnet.NonFunctionalRequirementRule$1.evaluate(NonFunctionalRequirementRule.java:41)
	at org.junit.runners.ParentRunner$3.evaluate(ParentRunner.java:306)
	at org.junit.runners.BlockJUnit4ClassRunner$1.evaluate(BlockJUnit4ClassRunner.java:100)
	at org.junit.runners.ParentRunner.runLeaf(ParentRunner.java:366)
	at org.junit.runners.BlockJUnit4ClassRunner.runChild(BlockJUnit4ClassRunner.java:103)
	at org.junit.runners.BlockJUnit4ClassRunner.runChild(BlockJUnit4ClassRunner.java:63)
	at org.junit.runners.ParentRunner$4.run(ParentRunner.java:331)
	at org.junit.runners.ParentRunner$1.schedule(ParentRunner.java:79)
	at org.junit.runners.ParentRunner.runChildren(ParentRunner.java:329)
	at org.junit.runners.ParentRunner.access$100(ParentRunner.java:66)
	at org.junit.runners.ParentRunner$2.evaluate(ParentRunner.java:293)
	at org.junit.internal.runners.statements.RunBefores.evaluate(RunBefores.java:26)
	at org.junit.internal.runners.statements.RunAfters.evaluate(RunAfters.java:27)
	at org.junit.runners.ParentRunner$3.evaluate(ParentRunner.java:306)
	at org.junit.runners.ParentRunner.run(ParentRunner.java:413)
	at org.apache.maven.surefire.junit4.JUnit4Provider.execute(JUnit4Provider.java:316)
	at org.apache.maven.surefire.junit4.JUnit4Provider.executeWithRerun(JUnit4Provider.java:240)
	at org.apache.maven.surefire.junit4.JUnit4Provider.executeTestSet(JUnit4Provider.java:214)
	at org.apache.maven.surefire.junit4.JUnit4Provider.invoke(JUnit4Provider.java:155)
	at org.apache.maven.surefire.booter.ForkedBooter.runSuitesInProcess(ForkedBooter.java:385)
	at org.apache.maven.surefire.booter.ForkedBooter.execute(ForkedBooter.java:162)
	at org.apache.maven.surefire.booter.ForkedBooter.run(ForkedBooter.java:507)
	at org.apache.maven.surefire.booter.ForkedBooter.main(ForkedBooter.java:495)
18:07:29.756 [main] DEBUG io.netty.buffer.AdvancedLeakAwareByteBuf - -Dio.netty.leakDetection.acquireAndReleaseOnly: false
18:07:29.757 [main] DEBUG io.netty.util.Recycler - -Dio.netty.recycler.maxCapacityPerThread: 4096
18:07:29.757 [main] DEBUG io.netty.util.Recycler - -Dio.netty.recycler.ratio: 8
18:07:29.757 [main] DEBUG io.netty.util.Recycler - -Dio.netty.recycler.chunkSize: 32
18:07:29.757 [main] DEBUG io.netty.util.Recycler - -Dio.netty.recycler.blocking: false
18:07:29.757 [main] DEBUG io.netty.util.Recycler - -Dio.netty.recycler.batchFastThreadLocalOnly: true
18:07:29.757 [main] DEBUG io.netty.util.internal.PlatformDependent - org.jctools-core.MpscChunkedArrayQueue: available
]]></system-out>
  </testcase>
  <testcase name="test15" classname="io.netty.buffer.AbstractByteBufAllocator_ESTest" time="0.027">
    <system-out><![CDATA[18:07:29.764 [main] DEBUG io.netty.util.internal.logging.InternalLoggerFactory - Using SLF4J as the default logging framework
18:07:29.764 [main] DEBUG io.netty.util.ResourceLeakDetector - -Dio.netty.leakDetection.level: simple
18:07:29.764 [main] DEBUG io.netty.util.ResourceLeakDetector - -Dio.netty.leakDetection.targetRecords: 4
18:07:29.765 [main] DEBUG io.netty.util.internal.InternalThreadLocalMap - -Dio.netty.threadLocalMap.stringBuilder.initialSize: 1024
18:07:29.765 [main] DEBUG io.netty.util.internal.InternalThreadLocalMap - -Dio.netty.threadLocalMap.stringBuilder.maxSize: 4096
18:07:29.765 [main] DEBUG io.netty.util.internal.PlatformDependent0 - -Dio.netty.noUnsafe: false
18:07:29.765 [main] DEBUG io.netty.util.internal.PlatformDependent0 - Java version: 8
18:07:29.765 [main] DEBUG io.netty.util.internal.PlatformDependent0 - sun.misc.Unsafe.theUnsafe: available
18:07:29.765 [main] DEBUG io.netty.util.internal.PlatformDependent0 - sun.misc.Unsafe.copyMemory: available
18:07:29.765 [main] DEBUG io.netty.util.internal.PlatformDependent0 - sun.misc.Unsafe.storeFence: available
18:07:29.765 [main] DEBUG io.netty.util.internal.PlatformDependent0 - java.nio.Buffer.address: available
18:07:29.765 [main] DEBUG io.netty.util.internal.PlatformDependent0 - direct buffer constructor: available
18:07:29.765 [main] DEBUG io.netty.util.internal.PlatformDependent0 - java.nio.Bits.unaligned: available, true
18:07:29.765 [main] DEBUG io.netty.util.internal.PlatformDependent0 - jdk.internal.misc.Unsafe.allocateUninitializedArray(int): unavailable prior to Java9
18:07:29.765 [main] DEBUG io.netty.util.internal.PlatformDependent0 - java.nio.DirectByteBuffer.<init>(long, {int,long}): available
18:07:29.765 [main] DEBUG io.netty.util.internal.CleanerJava6 - java.nio.ByteBuffer.cleaner(): available
18:07:29.765 [main] DEBUG io.netty.util.internal.PlatformDependent - sun.misc.Unsafe: available
18:07:29.766 [main] DEBUG io.netty.util.internal.PlatformDependent - -Dio.netty.tmpdir: /tmp (java.io.tmpdir)
18:07:29.766 [main] DEBUG io.netty.util.internal.PlatformDependent - -Dio.netty.bitMode: 64 (sun.arch.data.model)
18:07:29.766 [main] DEBUG io.netty.util.internal.PlatformDependent - -Dio.netty.maxDirectMemory: 11420041216 bytes
18:07:29.766 [main] DEBUG io.netty.util.internal.PlatformDependent - -Dio.netty.uninitializedArrayAllocationThreshold: -1
18:07:29.766 [main] DEBUG io.netty.util.internal.PlatformDependent - -Dio.netty.noPreferDirect: false
18:07:29.766 [main] DEBUG io.netty.buffer.PooledByteBufAllocator - -Dio.netty.allocator.numHeapArenas: 0
18:07:29.766 [main] DEBUG io.netty.buffer.PooledByteBufAllocator - -Dio.netty.allocator.numDirectArenas: 2
18:07:29.766 [main] DEBUG io.netty.buffer.PooledByteBufAllocator - -Dio.netty.allocator.pageSize: 8192
18:07:29.766 [main] DEBUG io.netty.buffer.PooledByteBufAllocator - -Dio.netty.allocator.maxOrder: 9
18:07:29.766 [main] DEBUG io.netty.buffer.PooledByteBufAllocator - -Dio.netty.allocator.chunkSize: 4194304
18:07:29.766 [main] DEBUG io.netty.buffer.PooledByteBufAllocator - -Dio.netty.allocator.smallCacheSize: 256
18:07:29.766 [main] DEBUG io.netty.buffer.PooledByteBufAllocator - -Dio.netty.allocator.normalCacheSize: 64
18:07:29.766 [main] DEBUG io.netty.buffer.PooledByteBufAllocator - -Dio.netty.allocator.maxCachedBufferCapacity: 32768
18:07:29.766 [main] DEBUG io.netty.buffer.PooledByteBufAllocator - -Dio.netty.allocator.cacheTrimInterval: 8192
18:07:29.766 [main] DEBUG io.netty.buffer.PooledByteBufAllocator - -Dio.netty.allocator.cacheTrimIntervalMillis: 0
18:07:29.766 [main] DEBUG io.netty.buffer.PooledByteBufAllocator - -Dio.netty.allocator.useCacheForAllThreads: false
18:07:29.766 [main] DEBUG io.netty.buffer.PooledByteBufAllocator - -Dio.netty.allocator.maxCachedByteBuffersPerChunk: 1023
18:07:29.767 [main] DEBUG io.netty.buffer.ByteBufUtil - -Dio.netty.allocator.type: pooled
18:07:29.767 [main] DEBUG io.netty.buffer.ByteBufUtil - -Dio.netty.threadLocalDirectBufferSize: 0
18:07:29.767 [main] DEBUG io.netty.buffer.ByteBufUtil - -Dio.netty.maxThreadLocalCharBufferSize: 16384
18:07:29.767 [main] DEBUG io.netty.buffer.AbstractByteBuf - -Dio.netty.buffer.checkAccessible: true
18:07:29.767 [main] DEBUG io.netty.buffer.AbstractByteBuf - -Dio.netty.buffer.checkBounds: true
18:07:29.768 [main] DEBUG io.netty.util.ResourceLeakDetectorFactory - Loaded default ResourceLeakDetector: io.netty.util.ResourceLeakDetector@5
18:07:29.768 [main] DEBUG io.netty.util.internal.CleanerJava9 - java.nio.ByteBuffer.cleaner(): unavailable
java.lang.NoSuchMethodException: sun.misc.Unsafe.invokeCleaner(java.nio.ByteBuffer)
	at java.lang.Class.getDeclaredMethod(Class.java:2130)
	at io.netty.util.internal.CleanerJava9$1.run(CleanerJava9.java:45)
	at java.security.AccessController.doPrivileged(Native Method)
	at io.netty.util.internal.CleanerJava9.__STATIC_RESET(CleanerJava9.java:40)
	at sun.reflect.GeneratedMethodAccessor53.invoke(Unknown Source)
	at sun.reflect.DelegatingMethodAccessorImpl.invoke(DelegatingMethodAccessorImpl.java:43)
	at java.lang.reflect.Method.invoke(Method.java:498)
	at org.evosuite.runtime.classhandling.ClassResetter.reset(ClassResetter.java:159)
	at org.evosuite.runtime.classhandling.ClassStateSupport.resetClasses(ClassStateSupport.java:137)
	at io.netty.buffer.AbstractByteBufAllocator_ESTest_scaffolding.resetClasses(AbstractByteBufAllocator_ESTest_scaffolding.java:308)
	at io.netty.buffer.AbstractByteBufAllocator_ESTest_scaffolding.doneWithTestCase(AbstractByteBufAllocator_ESTest_scaffolding.java:68)
	at sun.reflect.GeneratedMethodAccessor9.invoke(Unknown Source)
	at sun.reflect.DelegatingMethodAccessorImpl.invoke(DelegatingMethodAccessorImpl.java:43)
	at java.lang.reflect.Method.invoke(Method.java:498)
	at org.junit.runners.model.FrameworkMethod$1.runReflectiveCall(FrameworkMethod.java:59)
	at org.junit.internal.runners.model.ReflectiveCallable.run(ReflectiveCallable.java:12)
	at org.junit.runners.model.FrameworkMethod.invokeExplosively(FrameworkMethod.java:56)
	at org.junit.internal.runners.statements.RunAfters.invokeMethod(RunAfters.java:46)
	at org.junit.internal.runners.statements.RunAfters.evaluate(RunAfters.java:33)
	at org.evosuite.runtime.vnet.NonFunctionalRequirementRule$1.evaluate(NonFunctionalRequirementRule.java:41)
	at org.junit.runners.ParentRunner$3.evaluate(ParentRunner.java:306)
	at org.junit.runners.BlockJUnit4ClassRunner$1.evaluate(BlockJUnit4ClassRunner.java:100)
	at org.junit.runners.ParentRunner.runLeaf(ParentRunner.java:366)
	at org.junit.runners.BlockJUnit4ClassRunner.runChild(BlockJUnit4ClassRunner.java:103)
	at org.junit.runners.BlockJUnit4ClassRunner.runChild(BlockJUnit4ClassRunner.java:63)
	at org.junit.runners.ParentRunner$4.run(ParentRunner.java:331)
	at org.junit.runners.ParentRunner$1.schedule(ParentRunner.java:79)
	at org.junit.runners.ParentRunner.runChildren(ParentRunner.java:329)
	at org.junit.runners.ParentRunner.access$100(ParentRunner.java:66)
	at org.junit.runners.ParentRunner$2.evaluate(ParentRunner.java:293)
	at org.junit.internal.runners.statements.RunBefores.evaluate(RunBefores.java:26)
	at org.junit.internal.runners.statements.RunAfters.evaluate(RunAfters.java:27)
	at org.junit.runners.ParentRunner$3.evaluate(ParentRunner.java:306)
	at org.junit.runners.ParentRunner.run(ParentRunner.java:413)
	at org.apache.maven.surefire.junit4.JUnit4Provider.execute(JUnit4Provider.java:316)
	at org.apache.maven.surefire.junit4.JUnit4Provider.executeWithRerun(JUnit4Provider.java:240)
	at org.apache.maven.surefire.junit4.JUnit4Provider.executeTestSet(JUnit4Provider.java:214)
	at org.apache.maven.surefire.junit4.JUnit4Provider.invoke(JUnit4Provider.java:155)
	at org.apache.maven.surefire.booter.ForkedBooter.runSuitesInProcess(ForkedBooter.java:385)
	at org.apache.maven.surefire.booter.ForkedBooter.execute(ForkedBooter.java:162)
	at org.apache.maven.surefire.booter.ForkedBooter.run(ForkedBooter.java:507)
	at org.apache.maven.surefire.booter.ForkedBooter.main(ForkedBooter.java:495)
18:07:29.768 [main] DEBUG io.netty.buffer.AdvancedLeakAwareByteBuf - -Dio.netty.leakDetection.acquireAndReleaseOnly: false
18:07:29.770 [main] DEBUG io.netty.util.Recycler - -Dio.netty.recycler.maxCapacityPerThread: 4096
18:07:29.770 [main] DEBUG io.netty.util.Recycler - -Dio.netty.recycler.ratio: 8
18:07:29.770 [main] DEBUG io.netty.util.Recycler - -Dio.netty.recycler.chunkSize: 32
18:07:29.770 [main] DEBUG io.netty.util.Recycler - -Dio.netty.recycler.blocking: false
18:07:29.770 [main] DEBUG io.netty.util.Recycler - -Dio.netty.recycler.batchFastThreadLocalOnly: true
18:07:29.770 [main] DEBUG io.netty.util.internal.PlatformDependent - org.jctools-core.MpscChunkedArrayQueue: available
]]></system-out>
  </testcase>
  <testcase name="test37" classname="io.netty.buffer.AbstractByteBufAllocator_ESTest" time="0.011">
    <system-out><![CDATA[18:07:29.779 [main] DEBUG io.netty.util.internal.logging.InternalLoggerFactory - Using SLF4J as the default logging framework
18:07:29.779 [main] DEBUG io.netty.util.ResourceLeakDetector - -Dio.netty.leakDetection.level: simple
18:07:29.779 [main] DEBUG io.netty.util.ResourceLeakDetector - -Dio.netty.leakDetection.targetRecords: 4
18:07:29.780 [main] DEBUG io.netty.util.internal.InternalThreadLocalMap - -Dio.netty.threadLocalMap.stringBuilder.initialSize: 1024
18:07:29.780 [main] DEBUG io.netty.util.internal.InternalThreadLocalMap - -Dio.netty.threadLocalMap.stringBuilder.maxSize: 4096
18:07:29.780 [main] DEBUG io.netty.util.internal.PlatformDependent0 - -Dio.netty.noUnsafe: false
18:07:29.780 [main] DEBUG io.netty.util.internal.PlatformDependent0 - Java version: 8
18:07:29.780 [main] DEBUG io.netty.util.internal.PlatformDependent0 - sun.misc.Unsafe.theUnsafe: available
18:07:29.780 [main] DEBUG io.netty.util.internal.PlatformDependent0 - sun.misc.Unsafe.copyMemory: available
18:07:29.780 [main] DEBUG io.netty.util.internal.PlatformDependent0 - sun.misc.Unsafe.storeFence: available
18:07:29.781 [main] DEBUG io.netty.util.internal.PlatformDependent0 - java.nio.Buffer.address: available
18:07:29.781 [main] DEBUG io.netty.util.internal.PlatformDependent0 - direct buffer constructor: available
18:07:29.781 [main] DEBUG io.netty.util.internal.PlatformDependent0 - java.nio.Bits.unaligned: available, true
18:07:29.781 [main] DEBUG io.netty.util.internal.PlatformDependent0 - jdk.internal.misc.Unsafe.allocateUninitializedArray(int): unavailable prior to Java9
18:07:29.781 [main] DEBUG io.netty.util.internal.PlatformDependent0 - java.nio.DirectByteBuffer.<init>(long, {int,long}): available
18:07:29.781 [main] DEBUG io.netty.util.internal.CleanerJava6 - java.nio.ByteBuffer.cleaner(): available
18:07:29.781 [main] DEBUG io.netty.util.internal.PlatformDependent - sun.misc.Unsafe: available
18:07:29.781 [main] DEBUG io.netty.util.internal.PlatformDependent - -Dio.netty.tmpdir: /tmp (java.io.tmpdir)
18:07:29.781 [main] DEBUG io.netty.util.internal.PlatformDependent - -Dio.netty.bitMode: 64 (sun.arch.data.model)
18:07:29.781 [main] DEBUG io.netty.util.internal.PlatformDependent - -Dio.netty.maxDirectMemory: 11420041216 bytes
18:07:29.781 [main] DEBUG io.netty.util.internal.PlatformDependent - -Dio.netty.uninitializedArrayAllocationThreshold: -1
18:07:29.781 [main] DEBUG io.netty.util.internal.PlatformDependent - -Dio.netty.noPreferDirect: false
18:07:29.782 [main] DEBUG io.netty.buffer.PooledByteBufAllocator - -Dio.netty.allocator.numHeapArenas: 0
18:07:29.782 [main] DEBUG io.netty.buffer.PooledByteBufAllocator - -Dio.netty.allocator.numDirectArenas: 2
18:07:29.782 [main] DEBUG io.netty.buffer.PooledByteBufAllocator - -Dio.netty.allocator.pageSize: 8192
18:07:29.782 [main] DEBUG io.netty.buffer.PooledByteBufAllocator - -Dio.netty.allocator.maxOrder: 9
18:07:29.782 [main] DEBUG io.netty.buffer.PooledByteBufAllocator - -Dio.netty.allocator.chunkSize: 4194304
18:07:29.782 [main] DEBUG io.netty.buffer.PooledByteBufAllocator - -Dio.netty.allocator.smallCacheSize: 256
18:07:29.782 [main] DEBUG io.netty.buffer.PooledByteBufAllocator - -Dio.netty.allocator.normalCacheSize: 64
18:07:29.782 [main] DEBUG io.netty.buffer.PooledByteBufAllocator - -Dio.netty.allocator.maxCachedBufferCapacity: 32768
18:07:29.782 [main] DEBUG io.netty.buffer.PooledByteBufAllocator - -Dio.netty.allocator.cacheTrimInterval: 8192
18:07:29.782 [main] DEBUG io.netty.buffer.PooledByteBufAllocator - -Dio.netty.allocator.cacheTrimIntervalMillis: 0
18:07:29.782 [main] DEBUG io.netty.buffer.PooledByteBufAllocator - -Dio.netty.allocator.useCacheForAllThreads: false
18:07:29.782 [main] DEBUG io.netty.buffer.PooledByteBufAllocator - -Dio.netty.allocator.maxCachedByteBuffersPerChunk: 1023
18:07:29.782 [main] DEBUG io.netty.buffer.ByteBufUtil - -Dio.netty.allocator.type: pooled
18:07:29.782 [main] DEBUG io.netty.buffer.ByteBufUtil - -Dio.netty.threadLocalDirectBufferSize: 0
18:07:29.782 [main] DEBUG io.netty.buffer.ByteBufUtil - -Dio.netty.maxThreadLocalCharBufferSize: 16384
18:07:29.783 [main] DEBUG io.netty.buffer.AbstractByteBuf - -Dio.netty.buffer.checkAccessible: true
18:07:29.783 [main] DEBUG io.netty.buffer.AbstractByteBuf - -Dio.netty.buffer.checkBounds: true
18:07:29.783 [main] DEBUG io.netty.util.ResourceLeakDetectorFactory - Loaded default ResourceLeakDetector: io.netty.util.ResourceLeakDetector@5
18:07:29.783 [main] DEBUG io.netty.util.internal.CleanerJava9 - java.nio.ByteBuffer.cleaner(): unavailable
java.lang.NoSuchMethodException: sun.misc.Unsafe.invokeCleaner(java.nio.ByteBuffer)
	at java.lang.Class.getDeclaredMethod(Class.java:2130)
	at io.netty.util.internal.CleanerJava9$1.run(CleanerJava9.java:45)
	at java.security.AccessController.doPrivileged(Native Method)
	at io.netty.util.internal.CleanerJava9.__STATIC_RESET(CleanerJava9.java:40)
	at sun.reflect.GeneratedMethodAccessor53.invoke(Unknown Source)
	at sun.reflect.DelegatingMethodAccessorImpl.invoke(DelegatingMethodAccessorImpl.java:43)
	at java.lang.reflect.Method.invoke(Method.java:498)
	at org.evosuite.runtime.classhandling.ClassResetter.reset(ClassResetter.java:159)
	at org.evosuite.runtime.classhandling.ClassStateSupport.resetClasses(ClassStateSupport.java:137)
	at io.netty.buffer.AbstractByteBufAllocator_ESTest_scaffolding.resetClasses(AbstractByteBufAllocator_ESTest_scaffolding.java:308)
	at io.netty.buffer.AbstractByteBufAllocator_ESTest_scaffolding.doneWithTestCase(AbstractByteBufAllocator_ESTest_scaffolding.java:68)
	at sun.reflect.GeneratedMethodAccessor9.invoke(Unknown Source)
	at sun.reflect.DelegatingMethodAccessorImpl.invoke(DelegatingMethodAccessorImpl.java:43)
	at java.lang.reflect.Method.invoke(Method.java:498)
	at org.junit.runners.model.FrameworkMethod$1.runReflectiveCall(FrameworkMethod.java:59)
	at org.junit.internal.runners.model.ReflectiveCallable.run(ReflectiveCallable.java:12)
	at org.junit.runners.model.FrameworkMethod.invokeExplosively(FrameworkMethod.java:56)
	at org.junit.internal.runners.statements.RunAfters.invokeMethod(RunAfters.java:46)
	at org.junit.internal.runners.statements.RunAfters.evaluate(RunAfters.java:33)
	at org.evosuite.runtime.vnet.NonFunctionalRequirementRule$1.evaluate(NonFunctionalRequirementRule.java:41)
	at org.junit.runners.ParentRunner$3.evaluate(ParentRunner.java:306)
	at org.junit.runners.BlockJUnit4ClassRunner$1.evaluate(BlockJUnit4ClassRunner.java:100)
	at org.junit.runners.ParentRunner.runLeaf(ParentRunner.java:366)
	at org.junit.runners.BlockJUnit4ClassRunner.runChild(BlockJUnit4ClassRunner.java:103)
	at org.junit.runners.BlockJUnit4ClassRunner.runChild(BlockJUnit4ClassRunner.java:63)
	at org.junit.runners.ParentRunner$4.run(ParentRunner.java:331)
	at org.junit.runners.ParentRunner$1.schedule(ParentRunner.java:79)
	at org.junit.runners.ParentRunner.runChildren(ParentRunner.java:329)
	at org.junit.runners.ParentRunner.access$100(ParentRunner.java:66)
	at org.junit.runners.ParentRunner$2.evaluate(ParentRunner.java:293)
	at org.junit.internal.runners.statements.RunBefores.evaluate(RunBefores.java:26)
	at org.junit.internal.runners.statements.RunAfters.evaluate(RunAfters.java:27)
	at org.junit.runners.ParentRunner$3.evaluate(ParentRunner.java:306)
	at org.junit.runners.ParentRunner.run(ParentRunner.java:413)
	at org.apache.maven.surefire.junit4.JUnit4Provider.execute(JUnit4Provider.java:316)
	at org.apache.maven.surefire.junit4.JUnit4Provider.executeWithRerun(JUnit4Provider.java:240)
	at org.apache.maven.surefire.junit4.JUnit4Provider.executeTestSet(JUnit4Provider.java:214)
	at org.apache.maven.surefire.junit4.JUnit4Provider.invoke(JUnit4Provider.java:155)
	at org.apache.maven.surefire.booter.ForkedBooter.runSuitesInProcess(ForkedBooter.java:385)
	at org.apache.maven.surefire.booter.ForkedBooter.execute(ForkedBooter.java:162)
	at org.apache.maven.surefire.booter.ForkedBooter.run(ForkedBooter.java:507)
	at org.apache.maven.surefire.booter.ForkedBooter.main(ForkedBooter.java:495)
18:07:29.784 [main] DEBUG io.netty.buffer.AdvancedLeakAwareByteBuf - -Dio.netty.leakDetection.acquireAndReleaseOnly: false
18:07:29.785 [main] DEBUG io.netty.util.Recycler - -Dio.netty.recycler.maxCapacityPerThread: 4096
18:07:29.785 [main] DEBUG io.netty.util.Recycler - -Dio.netty.recycler.ratio: 8
18:07:29.785 [main] DEBUG io.netty.util.Recycler - -Dio.netty.recycler.chunkSize: 32
18:07:29.785 [main] DEBUG io.netty.util.Recycler - -Dio.netty.recycler.blocking: false
18:07:29.785 [main] DEBUG io.netty.util.Recycler - -Dio.netty.recycler.batchFastThreadLocalOnly: true
18:07:29.785 [main] DEBUG io.netty.util.internal.PlatformDependent - org.jctools-core.MpscChunkedArrayQueue: available
]]></system-out>
  </testcase>
  <testcase name="test16" classname="io.netty.buffer.AbstractByteBufAllocator_ESTest" time="0.013">
    <system-out><![CDATA[18:07:29.792 [main] DEBUG io.netty.util.internal.logging.InternalLoggerFactory - Using SLF4J as the default logging framework
18:07:29.792 [main] DEBUG io.netty.util.ResourceLeakDetector - -Dio.netty.leakDetection.level: simple
18:07:29.792 [main] DEBUG io.netty.util.ResourceLeakDetector - -Dio.netty.leakDetection.targetRecords: 4
18:07:29.793 [main] DEBUG io.netty.util.internal.InternalThreadLocalMap - -Dio.netty.threadLocalMap.stringBuilder.initialSize: 1024
18:07:29.793 [main] DEBUG io.netty.util.internal.InternalThreadLocalMap - -Dio.netty.threadLocalMap.stringBuilder.maxSize: 4096
18:07:29.793 [main] DEBUG io.netty.util.internal.PlatformDependent0 - -Dio.netty.noUnsafe: false
18:07:29.793 [main] DEBUG io.netty.util.internal.PlatformDependent0 - Java version: 8
18:07:29.793 [main] DEBUG io.netty.util.internal.PlatformDependent0 - sun.misc.Unsafe.theUnsafe: available
18:07:29.793 [main] DEBUG io.netty.util.internal.PlatformDependent0 - sun.misc.Unsafe.copyMemory: available
18:07:29.793 [main] DEBUG io.netty.util.internal.PlatformDependent0 - sun.misc.Unsafe.storeFence: available
18:07:29.793 [main] DEBUG io.netty.util.internal.PlatformDependent0 - java.nio.Buffer.address: available
18:07:29.793 [main] DEBUG io.netty.util.internal.PlatformDependent0 - direct buffer constructor: available
18:07:29.793 [main] DEBUG io.netty.util.internal.PlatformDependent0 - java.nio.Bits.unaligned: available, true
18:07:29.793 [main] DEBUG io.netty.util.internal.PlatformDependent0 - jdk.internal.misc.Unsafe.allocateUninitializedArray(int): unavailable prior to Java9
18:07:29.793 [main] DEBUG io.netty.util.internal.PlatformDependent0 - java.nio.DirectByteBuffer.<init>(long, {int,long}): available
18:07:29.793 [main] DEBUG io.netty.util.internal.CleanerJava6 - java.nio.ByteBuffer.cleaner(): available
18:07:29.793 [main] DEBUG io.netty.util.internal.PlatformDependent - sun.misc.Unsafe: available
18:07:29.794 [main] DEBUG io.netty.util.internal.PlatformDependent - -Dio.netty.tmpdir: /tmp (java.io.tmpdir)
18:07:29.794 [main] DEBUG io.netty.util.internal.PlatformDependent - -Dio.netty.bitMode: 64 (sun.arch.data.model)
18:07:29.794 [main] DEBUG io.netty.util.internal.PlatformDependent - -Dio.netty.maxDirectMemory: 11420041216 bytes
18:07:29.794 [main] DEBUG io.netty.util.internal.PlatformDependent - -Dio.netty.uninitializedArrayAllocationThreshold: -1
18:07:29.794 [main] DEBUG io.netty.util.internal.PlatformDependent - -Dio.netty.noPreferDirect: false
18:07:29.794 [main] DEBUG io.netty.buffer.PooledByteBufAllocator - -Dio.netty.allocator.numHeapArenas: 0
18:07:29.794 [main] DEBUG io.netty.buffer.PooledByteBufAllocator - -Dio.netty.allocator.numDirectArenas: 2
18:07:29.794 [main] DEBUG io.netty.buffer.PooledByteBufAllocator - -Dio.netty.allocator.pageSize: 8192
18:07:29.794 [main] DEBUG io.netty.buffer.PooledByteBufAllocator - -Dio.netty.allocator.maxOrder: 9
18:07:29.794 [main] DEBUG io.netty.buffer.PooledByteBufAllocator - -Dio.netty.allocator.chunkSize: 4194304
18:07:29.794 [main] DEBUG io.netty.buffer.PooledByteBufAllocator - -Dio.netty.allocator.smallCacheSize: 256
18:07:29.794 [main] DEBUG io.netty.buffer.PooledByteBufAllocator - -Dio.netty.allocator.normalCacheSize: 64
18:07:29.794 [main] DEBUG io.netty.buffer.PooledByteBufAllocator - -Dio.netty.allocator.maxCachedBufferCapacity: 32768
18:07:29.794 [main] DEBUG io.netty.buffer.PooledByteBufAllocator - -Dio.netty.allocator.cacheTrimInterval: 8192
18:07:29.794 [main] DEBUG io.netty.buffer.PooledByteBufAllocator - -Dio.netty.allocator.cacheTrimIntervalMillis: 0
18:07:29.794 [main] DEBUG io.netty.buffer.PooledByteBufAllocator - -Dio.netty.allocator.useCacheForAllThreads: false
18:07:29.794 [main] DEBUG io.netty.buffer.PooledByteBufAllocator - -Dio.netty.allocator.maxCachedByteBuffersPerChunk: 1023
18:07:29.795 [main] DEBUG io.netty.buffer.ByteBufUtil - -Dio.netty.allocator.type: pooled
18:07:29.795 [main] DEBUG io.netty.buffer.ByteBufUtil - -Dio.netty.threadLocalDirectBufferSize: 0
18:07:29.795 [main] DEBUG io.netty.buffer.ByteBufUtil - -Dio.netty.maxThreadLocalCharBufferSize: 16384
18:07:29.795 [main] DEBUG io.netty.buffer.AbstractByteBuf - -Dio.netty.buffer.checkAccessible: true
18:07:29.795 [main] DEBUG io.netty.buffer.AbstractByteBuf - -Dio.netty.buffer.checkBounds: true
18:07:29.795 [main] DEBUG io.netty.util.ResourceLeakDetectorFactory - Loaded default ResourceLeakDetector: io.netty.util.ResourceLeakDetector@5
18:07:29.796 [main] DEBUG io.netty.util.internal.CleanerJava9 - java.nio.ByteBuffer.cleaner(): unavailable
java.lang.NoSuchMethodException: sun.misc.Unsafe.invokeCleaner(java.nio.ByteBuffer)
	at java.lang.Class.getDeclaredMethod(Class.java:2130)
	at io.netty.util.internal.CleanerJava9$1.run(CleanerJava9.java:45)
	at java.security.AccessController.doPrivileged(Native Method)
	at io.netty.util.internal.CleanerJava9.__STATIC_RESET(CleanerJava9.java:40)
	at sun.reflect.GeneratedMethodAccessor53.invoke(Unknown Source)
	at sun.reflect.DelegatingMethodAccessorImpl.invoke(DelegatingMethodAccessorImpl.java:43)
	at java.lang.reflect.Method.invoke(Method.java:498)
	at org.evosuite.runtime.classhandling.ClassResetter.reset(ClassResetter.java:159)
	at org.evosuite.runtime.classhandling.ClassStateSupport.resetClasses(ClassStateSupport.java:137)
	at io.netty.buffer.AbstractByteBufAllocator_ESTest_scaffolding.resetClasses(AbstractByteBufAllocator_ESTest_scaffolding.java:308)
	at io.netty.buffer.AbstractByteBufAllocator_ESTest_scaffolding.doneWithTestCase(AbstractByteBufAllocator_ESTest_scaffolding.java:68)
	at sun.reflect.GeneratedMethodAccessor9.invoke(Unknown Source)
	at sun.reflect.DelegatingMethodAccessorImpl.invoke(DelegatingMethodAccessorImpl.java:43)
	at java.lang.reflect.Method.invoke(Method.java:498)
	at org.junit.runners.model.FrameworkMethod$1.runReflectiveCall(FrameworkMethod.java:59)
	at org.junit.internal.runners.model.ReflectiveCallable.run(ReflectiveCallable.java:12)
	at org.junit.runners.model.FrameworkMethod.invokeExplosively(FrameworkMethod.java:56)
	at org.junit.internal.runners.statements.RunAfters.invokeMethod(RunAfters.java:46)
	at org.junit.internal.runners.statements.RunAfters.evaluate(RunAfters.java:33)
	at org.evosuite.runtime.vnet.NonFunctionalRequirementRule$1.evaluate(NonFunctionalRequirementRule.java:41)
	at org.junit.runners.ParentRunner$3.evaluate(ParentRunner.java:306)
	at org.junit.runners.BlockJUnit4ClassRunner$1.evaluate(BlockJUnit4ClassRunner.java:100)
	at org.junit.runners.ParentRunner.runLeaf(ParentRunner.java:366)
	at org.junit.runners.BlockJUnit4ClassRunner.runChild(BlockJUnit4ClassRunner.java:103)
	at org.junit.runners.BlockJUnit4ClassRunner.runChild(BlockJUnit4ClassRunner.java:63)
	at org.junit.runners.ParentRunner$4.run(ParentRunner.java:331)
	at org.junit.runners.ParentRunner$1.schedule(ParentRunner.java:79)
	at org.junit.runners.ParentRunner.runChildren(ParentRunner.java:329)
	at org.junit.runners.ParentRunner.access$100(ParentRunner.java:66)
	at org.junit.runners.ParentRunner$2.evaluate(ParentRunner.java:293)
	at org.junit.internal.runners.statements.RunBefores.evaluate(RunBefores.java:26)
	at org.junit.internal.runners.statements.RunAfters.evaluate(RunAfters.java:27)
	at org.junit.runners.ParentRunner$3.evaluate(ParentRunner.java:306)
	at org.junit.runners.ParentRunner.run(ParentRunner.java:413)
	at org.apache.maven.surefire.junit4.JUnit4Provider.execute(JUnit4Provider.java:316)
	at org.apache.maven.surefire.junit4.JUnit4Provider.executeWithRerun(JUnit4Provider.java:240)
	at org.apache.maven.surefire.junit4.JUnit4Provider.executeTestSet(JUnit4Provider.java:214)
	at org.apache.maven.surefire.junit4.JUnit4Provider.invoke(JUnit4Provider.java:155)
	at org.apache.maven.surefire.booter.ForkedBooter.runSuitesInProcess(ForkedBooter.java:385)
	at org.apache.maven.surefire.booter.ForkedBooter.execute(ForkedBooter.java:162)
	at org.apache.maven.surefire.booter.ForkedBooter.run(ForkedBooter.java:507)
	at org.apache.maven.surefire.booter.ForkedBooter.main(ForkedBooter.java:495)
18:07:29.796 [main] DEBUG io.netty.buffer.AdvancedLeakAwareByteBuf - -Dio.netty.leakDetection.acquireAndReleaseOnly: false
18:07:29.797 [main] DEBUG io.netty.util.Recycler - -Dio.netty.recycler.maxCapacityPerThread: 4096
18:07:29.797 [main] DEBUG io.netty.util.Recycler - -Dio.netty.recycler.ratio: 8
18:07:29.798 [main] DEBUG io.netty.util.Recycler - -Dio.netty.recycler.chunkSize: 32
18:07:29.798 [main] DEBUG io.netty.util.Recycler - -Dio.netty.recycler.blocking: false
18:07:29.798 [main] DEBUG io.netty.util.Recycler - -Dio.netty.recycler.batchFastThreadLocalOnly: true
18:07:29.798 [main] DEBUG io.netty.util.internal.PlatformDependent - org.jctools-core.MpscChunkedArrayQueue: available
]]></system-out>
  </testcase>
  <testcase name="test38" classname="io.netty.buffer.AbstractByteBufAllocator_ESTest" time="0.025">
    <system-out><![CDATA[18:07:29.807 [main] INFO org.evosuite.runtime.thread.ThreadStopper - Found new thread
18:07:29.808 [main] DEBUG io.netty.util.internal.logging.InternalLoggerFactory - Using SLF4J as the default logging framework
18:07:29.808 [main] DEBUG io.netty.util.ResourceLeakDetector - -Dio.netty.leakDetection.level: simple
18:07:29.809 [main] DEBUG io.netty.util.ResourceLeakDetector - -Dio.netty.leakDetection.targetRecords: 4
18:07:29.809 [main] DEBUG io.netty.util.internal.InternalThreadLocalMap - -Dio.netty.threadLocalMap.stringBuilder.initialSize: 1024
18:07:29.809 [main] DEBUG io.netty.util.internal.InternalThreadLocalMap - -Dio.netty.threadLocalMap.stringBuilder.maxSize: 4096
18:07:29.809 [main] DEBUG io.netty.util.internal.PlatformDependent0 - -Dio.netty.noUnsafe: false
18:07:29.809 [main] DEBUG io.netty.util.internal.PlatformDependent0 - Java version: 8
18:07:29.809 [main] DEBUG io.netty.util.internal.PlatformDependent0 - sun.misc.Unsafe.theUnsafe: available
18:07:29.809 [main] DEBUG io.netty.util.internal.PlatformDependent0 - sun.misc.Unsafe.copyMemory: available
18:07:29.809 [main] DEBUG io.netty.util.internal.PlatformDependent0 - sun.misc.Unsafe.storeFence: available
18:07:29.809 [main] DEBUG io.netty.util.internal.PlatformDependent0 - java.nio.Buffer.address: available
18:07:29.809 [main] DEBUG io.netty.util.internal.PlatformDependent0 - direct buffer constructor: available
18:07:29.810 [main] DEBUG io.netty.util.internal.PlatformDependent0 - java.nio.Bits.unaligned: available, true
18:07:29.810 [main] DEBUG io.netty.util.internal.PlatformDependent0 - jdk.internal.misc.Unsafe.allocateUninitializedArray(int): unavailable prior to Java9
18:07:29.810 [main] DEBUG io.netty.util.internal.PlatformDependent0 - java.nio.DirectByteBuffer.<init>(long, {int,long}): available
18:07:29.810 [main] DEBUG io.netty.util.internal.CleanerJava6 - java.nio.ByteBuffer.cleaner(): available
18:07:29.810 [main] DEBUG io.netty.util.internal.PlatformDependent - sun.misc.Unsafe: available
18:07:29.810 [main] DEBUG io.netty.util.internal.PlatformDependent - -Dio.netty.tmpdir: /tmp (java.io.tmpdir)
18:07:29.810 [main] DEBUG io.netty.util.internal.PlatformDependent - -Dio.netty.bitMode: 64 (sun.arch.data.model)
18:07:29.810 [main] DEBUG io.netty.util.internal.PlatformDependent - -Dio.netty.maxDirectMemory: 11420041216 bytes
18:07:29.810 [main] DEBUG io.netty.util.internal.PlatformDependent - -Dio.netty.uninitializedArrayAllocationThreshold: -1
18:07:29.810 [main] DEBUG io.netty.util.internal.PlatformDependent - -Dio.netty.noPreferDirect: false
18:07:29.811 [main] DEBUG io.netty.buffer.PooledByteBufAllocator - -Dio.netty.allocator.numHeapArenas: 0
18:07:29.811 [main] DEBUG io.netty.buffer.PooledByteBufAllocator - -Dio.netty.allocator.numDirectArenas: 2
18:07:29.811 [main] DEBUG io.netty.buffer.PooledByteBufAllocator - -Dio.netty.allocator.pageSize: 8192
18:07:29.811 [main] DEBUG io.netty.buffer.PooledByteBufAllocator - -Dio.netty.allocator.maxOrder: 9
18:07:29.811 [main] DEBUG io.netty.buffer.PooledByteBufAllocator - -Dio.netty.allocator.chunkSize: 4194304
18:07:29.811 [main] DEBUG io.netty.buffer.PooledByteBufAllocator - -Dio.netty.allocator.smallCacheSize: 256
18:07:29.811 [main] DEBUG io.netty.buffer.PooledByteBufAllocator - -Dio.netty.allocator.normalCacheSize: 64
18:07:29.811 [main] DEBUG io.netty.buffer.PooledByteBufAllocator - -Dio.netty.allocator.maxCachedBufferCapacity: 32768
18:07:29.811 [main] DEBUG io.netty.buffer.PooledByteBufAllocator - -Dio.netty.allocator.cacheTrimInterval: 8192
18:07:29.811 [main] DEBUG io.netty.buffer.PooledByteBufAllocator - -Dio.netty.allocator.cacheTrimIntervalMillis: 0
18:07:29.811 [main] DEBUG io.netty.buffer.PooledByteBufAllocator - -Dio.netty.allocator.useCacheForAllThreads: false
18:07:29.811 [main] DEBUG io.netty.buffer.PooledByteBufAllocator - -Dio.netty.allocator.maxCachedByteBuffersPerChunk: 1023
18:07:29.812 [main] DEBUG io.netty.buffer.ByteBufUtil - -Dio.netty.allocator.type: pooled
18:07:29.812 [main] DEBUG io.netty.buffer.ByteBufUtil - -Dio.netty.threadLocalDirectBufferSize: 0
18:07:29.812 [main] DEBUG io.netty.buffer.ByteBufUtil - -Dio.netty.maxThreadLocalCharBufferSize: 16384
18:07:29.812 [main] DEBUG io.netty.buffer.AbstractByteBuf - -Dio.netty.buffer.checkAccessible: true
18:07:29.812 [main] DEBUG io.netty.buffer.AbstractByteBuf - -Dio.netty.buffer.checkBounds: true
18:07:29.812 [main] DEBUG io.netty.util.ResourceLeakDetectorFactory - Loaded default ResourceLeakDetector: io.netty.util.ResourceLeakDetector@5
18:07:29.812 [main] DEBUG io.netty.util.internal.CleanerJava9 - java.nio.ByteBuffer.cleaner(): unavailable
java.lang.NoSuchMethodException: sun.misc.Unsafe.invokeCleaner(java.nio.ByteBuffer)
	at java.lang.Class.getDeclaredMethod(Class.java:2130)
	at io.netty.util.internal.CleanerJava9$1.run(CleanerJava9.java:45)
	at java.security.AccessController.doPrivileged(Native Method)
	at io.netty.util.internal.CleanerJava9.__STATIC_RESET(CleanerJava9.java:40)
	at sun.reflect.GeneratedMethodAccessor53.invoke(Unknown Source)
	at sun.reflect.DelegatingMethodAccessorImpl.invoke(DelegatingMethodAccessorImpl.java:43)
	at java.lang.reflect.Method.invoke(Method.java:498)
	at org.evosuite.runtime.classhandling.ClassResetter.reset(ClassResetter.java:159)
	at org.evosuite.runtime.classhandling.ClassStateSupport.resetClasses(ClassStateSupport.java:137)
	at io.netty.buffer.AbstractByteBufAllocator_ESTest_scaffolding.resetClasses(AbstractByteBufAllocator_ESTest_scaffolding.java:308)
	at io.netty.buffer.AbstractByteBufAllocator_ESTest_scaffolding.doneWithTestCase(AbstractByteBufAllocator_ESTest_scaffolding.java:68)
	at sun.reflect.GeneratedMethodAccessor9.invoke(Unknown Source)
	at sun.reflect.DelegatingMethodAccessorImpl.invoke(DelegatingMethodAccessorImpl.java:43)
	at java.lang.reflect.Method.invoke(Method.java:498)
	at org.junit.runners.model.FrameworkMethod$1.runReflectiveCall(FrameworkMethod.java:59)
	at org.junit.internal.runners.model.ReflectiveCallable.run(ReflectiveCallable.java:12)
	at org.junit.runners.model.FrameworkMethod.invokeExplosively(FrameworkMethod.java:56)
	at org.junit.internal.runners.statements.RunAfters.invokeMethod(RunAfters.java:46)
	at org.junit.internal.runners.statements.RunAfters.evaluate(RunAfters.java:33)
	at org.evosuite.runtime.vnet.NonFunctionalRequirementRule$1.evaluate(NonFunctionalRequirementRule.java:41)
	at org.junit.runners.ParentRunner$3.evaluate(ParentRunner.java:306)
	at org.junit.runners.BlockJUnit4ClassRunner$1.evaluate(BlockJUnit4ClassRunner.java:100)
	at org.junit.runners.ParentRunner.runLeaf(ParentRunner.java:366)
	at org.junit.runners.BlockJUnit4ClassRunner.runChild(BlockJUnit4ClassRunner.java:103)
	at org.junit.runners.BlockJUnit4ClassRunner.runChild(BlockJUnit4ClassRunner.java:63)
	at org.junit.runners.ParentRunner$4.run(ParentRunner.java:331)
	at org.junit.runners.ParentRunner$1.schedule(ParentRunner.java:79)
	at org.junit.runners.ParentRunner.runChildren(ParentRunner.java:329)
	at org.junit.runners.ParentRunner.access$100(ParentRunner.java:66)
	at org.junit.runners.ParentRunner$2.evaluate(ParentRunner.java:293)
	at org.junit.internal.runners.statements.RunBefores.evaluate(RunBefores.java:26)
	at org.junit.internal.runners.statements.RunAfters.evaluate(RunAfters.java:27)
	at org.junit.runners.ParentRunner$3.evaluate(ParentRunner.java:306)
	at org.junit.runners.ParentRunner.run(ParentRunner.java:413)
	at org.apache.maven.surefire.junit4.JUnit4Provider.execute(JUnit4Provider.java:316)
	at org.apache.maven.surefire.junit4.JUnit4Provider.executeWithRerun(JUnit4Provider.java:240)
	at org.apache.maven.surefire.junit4.JUnit4Provider.executeTestSet(JUnit4Provider.java:214)
	at org.apache.maven.surefire.junit4.JUnit4Provider.invoke(JUnit4Provider.java:155)
	at org.apache.maven.surefire.booter.ForkedBooter.runSuitesInProcess(ForkedBooter.java:385)
	at org.apache.maven.surefire.booter.ForkedBooter.execute(ForkedBooter.java:162)
	at org.apache.maven.surefire.booter.ForkedBooter.run(ForkedBooter.java:507)
	at org.apache.maven.surefire.booter.ForkedBooter.main(ForkedBooter.java:495)
18:07:29.813 [main] DEBUG io.netty.buffer.AdvancedLeakAwareByteBuf - -Dio.netty.leakDetection.acquireAndReleaseOnly: false
18:07:29.814 [main] DEBUG io.netty.util.Recycler - -Dio.netty.recycler.maxCapacityPerThread: 4096
18:07:29.814 [main] DEBUG io.netty.util.Recycler - -Dio.netty.recycler.ratio: 8
18:07:29.814 [main] DEBUG io.netty.util.Recycler - -Dio.netty.recycler.chunkSize: 32
18:07:29.814 [main] DEBUG io.netty.util.Recycler - -Dio.netty.recycler.blocking: false
18:07:29.814 [main] DEBUG io.netty.util.Recycler - -Dio.netty.recycler.batchFastThreadLocalOnly: true
18:07:29.815 [main] DEBUG io.netty.util.internal.PlatformDependent - org.jctools-core.MpscChunkedArrayQueue: available
]]></system-out>
  </testcase>
  <testcase name="test30" classname="io.netty.buffer.AbstractByteBufAllocator_ESTest" time="0.019">
    <system-out><![CDATA[18:07:29.822 [main] DEBUG io.netty.util.internal.logging.InternalLoggerFactory - Using SLF4J as the default logging framework
18:07:29.822 [main] DEBUG io.netty.util.ResourceLeakDetector - -Dio.netty.leakDetection.level: simple
18:07:29.822 [main] DEBUG io.netty.util.ResourceLeakDetector - -Dio.netty.leakDetection.targetRecords: 4
18:07:29.823 [main] DEBUG io.netty.util.internal.InternalThreadLocalMap - -Dio.netty.threadLocalMap.stringBuilder.initialSize: 1024
18:07:29.823 [main] DEBUG io.netty.util.internal.InternalThreadLocalMap - -Dio.netty.threadLocalMap.stringBuilder.maxSize: 4096
18:07:29.823 [main] DEBUG io.netty.util.internal.PlatformDependent0 - -Dio.netty.noUnsafe: false
18:07:29.823 [main] DEBUG io.netty.util.internal.PlatformDependent0 - Java version: 8
18:07:29.823 [main] DEBUG io.netty.util.internal.PlatformDependent0 - sun.misc.Unsafe.theUnsafe: available
18:07:29.823 [main] DEBUG io.netty.util.internal.PlatformDependent0 - sun.misc.Unsafe.copyMemory: available
18:07:29.823 [main] DEBUG io.netty.util.internal.PlatformDependent0 - sun.misc.Unsafe.storeFence: available
18:07:29.823 [main] DEBUG io.netty.util.internal.PlatformDependent0 - java.nio.Buffer.address: available
18:07:29.823 [main] DEBUG io.netty.util.internal.PlatformDependent0 - direct buffer constructor: available
18:07:29.823 [main] DEBUG io.netty.util.internal.PlatformDependent0 - java.nio.Bits.unaligned: available, true
18:07:29.823 [main] DEBUG io.netty.util.internal.PlatformDependent0 - jdk.internal.misc.Unsafe.allocateUninitializedArray(int): unavailable prior to Java9
18:07:29.823 [main] DEBUG io.netty.util.internal.PlatformDependent0 - java.nio.DirectByteBuffer.<init>(long, {int,long}): available
18:07:29.823 [main] DEBUG io.netty.util.internal.CleanerJava6 - java.nio.ByteBuffer.cleaner(): available
18:07:29.824 [main] DEBUG io.netty.util.internal.PlatformDependent - sun.misc.Unsafe: available
18:07:29.824 [main] DEBUG io.netty.util.internal.PlatformDependent - -Dio.netty.tmpdir: /tmp (java.io.tmpdir)
18:07:29.824 [main] DEBUG io.netty.util.internal.PlatformDependent - -Dio.netty.bitMode: 64 (sun.arch.data.model)
18:07:29.824 [main] DEBUG io.netty.util.internal.PlatformDependent - -Dio.netty.maxDirectMemory: 11420041216 bytes
18:07:29.824 [main] DEBUG io.netty.util.internal.PlatformDependent - -Dio.netty.uninitializedArrayAllocationThreshold: -1
18:07:29.824 [main] DEBUG io.netty.util.internal.PlatformDependent - -Dio.netty.noPreferDirect: false
18:07:29.824 [main] DEBUG io.netty.buffer.PooledByteBufAllocator - -Dio.netty.allocator.numHeapArenas: 0
18:07:29.824 [main] DEBUG io.netty.buffer.PooledByteBufAllocator - -Dio.netty.allocator.numDirectArenas: 2
18:07:29.824 [main] DEBUG io.netty.buffer.PooledByteBufAllocator - -Dio.netty.allocator.pageSize: 8192
18:07:29.824 [main] DEBUG io.netty.buffer.PooledByteBufAllocator - -Dio.netty.allocator.maxOrder: 9
18:07:29.824 [main] DEBUG io.netty.buffer.PooledByteBufAllocator - -Dio.netty.allocator.chunkSize: 4194304
18:07:29.824 [main] DEBUG io.netty.buffer.PooledByteBufAllocator - -Dio.netty.allocator.smallCacheSize: 256
18:07:29.824 [main] DEBUG io.netty.buffer.PooledByteBufAllocator - -Dio.netty.allocator.normalCacheSize: 64
18:07:29.824 [main] DEBUG io.netty.buffer.PooledByteBufAllocator - -Dio.netty.allocator.maxCachedBufferCapacity: 32768
18:07:29.824 [main] DEBUG io.netty.buffer.PooledByteBufAllocator - -Dio.netty.allocator.cacheTrimInterval: 8192
18:07:29.824 [main] DEBUG io.netty.buffer.PooledByteBufAllocator - -Dio.netty.allocator.cacheTrimIntervalMillis: 0
18:07:29.824 [main] DEBUG io.netty.buffer.PooledByteBufAllocator - -Dio.netty.allocator.useCacheForAllThreads: false
18:07:29.824 [main] DEBUG io.netty.buffer.PooledByteBufAllocator - -Dio.netty.allocator.maxCachedByteBuffersPerChunk: 1023
18:07:29.825 [main] DEBUG io.netty.buffer.ByteBufUtil - -Dio.netty.allocator.type: pooled
18:07:29.825 [main] DEBUG io.netty.buffer.ByteBufUtil - -Dio.netty.threadLocalDirectBufferSize: 0
18:07:29.825 [main] DEBUG io.netty.buffer.ByteBufUtil - -Dio.netty.maxThreadLocalCharBufferSize: 16384
18:07:29.825 [main] DEBUG io.netty.buffer.AbstractByteBuf - -Dio.netty.buffer.checkAccessible: true
18:07:29.825 [main] DEBUG io.netty.buffer.AbstractByteBuf - -Dio.netty.buffer.checkBounds: true
18:07:29.825 [main] DEBUG io.netty.util.ResourceLeakDetectorFactory - Loaded default ResourceLeakDetector: io.netty.util.ResourceLeakDetector@5
18:07:29.826 [main] DEBUG io.netty.util.internal.CleanerJava9 - java.nio.ByteBuffer.cleaner(): unavailable
java.lang.NoSuchMethodException: sun.misc.Unsafe.invokeCleaner(java.nio.ByteBuffer)
	at java.lang.Class.getDeclaredMethod(Class.java:2130)
	at io.netty.util.internal.CleanerJava9$1.run(CleanerJava9.java:45)
	at java.security.AccessController.doPrivileged(Native Method)
	at io.netty.util.internal.CleanerJava9.__STATIC_RESET(CleanerJava9.java:40)
	at sun.reflect.GeneratedMethodAccessor53.invoke(Unknown Source)
	at sun.reflect.DelegatingMethodAccessorImpl.invoke(DelegatingMethodAccessorImpl.java:43)
	at java.lang.reflect.Method.invoke(Method.java:498)
	at org.evosuite.runtime.classhandling.ClassResetter.reset(ClassResetter.java:159)
	at org.evosuite.runtime.classhandling.ClassStateSupport.resetClasses(ClassStateSupport.java:137)
	at io.netty.buffer.AbstractByteBufAllocator_ESTest_scaffolding.resetClasses(AbstractByteBufAllocator_ESTest_scaffolding.java:308)
	at io.netty.buffer.AbstractByteBufAllocator_ESTest_scaffolding.doneWithTestCase(AbstractByteBufAllocator_ESTest_scaffolding.java:68)
	at sun.reflect.GeneratedMethodAccessor9.invoke(Unknown Source)
	at sun.reflect.DelegatingMethodAccessorImpl.invoke(DelegatingMethodAccessorImpl.java:43)
	at java.lang.reflect.Method.invoke(Method.java:498)
	at org.junit.runners.model.FrameworkMethod$1.runReflectiveCall(FrameworkMethod.java:59)
	at org.junit.internal.runners.model.ReflectiveCallable.run(ReflectiveCallable.java:12)
	at org.junit.runners.model.FrameworkMethod.invokeExplosively(FrameworkMethod.java:56)
	at org.junit.internal.runners.statements.RunAfters.invokeMethod(RunAfters.java:46)
	at org.junit.internal.runners.statements.RunAfters.evaluate(RunAfters.java:33)
	at org.evosuite.runtime.vnet.NonFunctionalRequirementRule$1.evaluate(NonFunctionalRequirementRule.java:41)
	at org.junit.runners.ParentRunner$3.evaluate(ParentRunner.java:306)
	at org.junit.runners.BlockJUnit4ClassRunner$1.evaluate(BlockJUnit4ClassRunner.java:100)
	at org.junit.runners.ParentRunner.runLeaf(ParentRunner.java:366)
	at org.junit.runners.BlockJUnit4ClassRunner.runChild(BlockJUnit4ClassRunner.java:103)
	at org.junit.runners.BlockJUnit4ClassRunner.runChild(BlockJUnit4ClassRunner.java:63)
	at org.junit.runners.ParentRunner$4.run(ParentRunner.java:331)
	at org.junit.runners.ParentRunner$1.schedule(ParentRunner.java:79)
	at org.junit.runners.ParentRunner.runChildren(ParentRunner.java:329)
	at org.junit.runners.ParentRunner.access$100(ParentRunner.java:66)
	at org.junit.runners.ParentRunner$2.evaluate(ParentRunner.java:293)
	at org.junit.internal.runners.statements.RunBefores.evaluate(RunBefores.java:26)
	at org.junit.internal.runners.statements.RunAfters.evaluate(RunAfters.java:27)
	at org.junit.runners.ParentRunner$3.evaluate(ParentRunner.java:306)
	at org.junit.runners.ParentRunner.run(ParentRunner.java:413)
	at org.apache.maven.surefire.junit4.JUnit4Provider.execute(JUnit4Provider.java:316)
	at org.apache.maven.surefire.junit4.JUnit4Provider.executeWithRerun(JUnit4Provider.java:240)
	at org.apache.maven.surefire.junit4.JUnit4Provider.executeTestSet(JUnit4Provider.java:214)
	at org.apache.maven.surefire.junit4.JUnit4Provider.invoke(JUnit4Provider.java:155)
	at org.apache.maven.surefire.booter.ForkedBooter.runSuitesInProcess(ForkedBooter.java:385)
	at org.apache.maven.surefire.booter.ForkedBooter.execute(ForkedBooter.java:162)
	at org.apache.maven.surefire.booter.ForkedBooter.run(ForkedBooter.java:507)
	at org.apache.maven.surefire.booter.ForkedBooter.main(ForkedBooter.java:495)
18:07:29.826 [main] DEBUG io.netty.buffer.AdvancedLeakAwareByteBuf - -Dio.netty.leakDetection.acquireAndReleaseOnly: false
18:07:29.830 [main] DEBUG io.netty.util.Recycler - -Dio.netty.recycler.maxCapacityPerThread: 4096
18:07:29.830 [main] DEBUG io.netty.util.Recycler - -Dio.netty.recycler.ratio: 8
18:07:29.830 [main] DEBUG io.netty.util.Recycler - -Dio.netty.recycler.chunkSize: 32
18:07:29.830 [main] DEBUG io.netty.util.Recycler - -Dio.netty.recycler.blocking: false
18:07:29.830 [main] DEBUG io.netty.util.Recycler - -Dio.netty.recycler.batchFastThreadLocalOnly: true
18:07:29.830 [main] DEBUG io.netty.util.internal.PlatformDependent - org.jctools-core.MpscChunkedArrayQueue: available
]]></system-out>
  </testcase>
</testsuite>